T{436C3071-3CD9-46C5-8CA5-EA4F274955AE}
T{EC711E0E-AF0C-47E3-AF53-219F40DDF0F6}
F{C39329BE-0A8D-4655-B78F-479A48616C15}
T{36C796D6-B9F5-40EE-A346-769307CCD60C}
T{C785901A-48BB-4840-A9CE-8C07B33805E9}
T{CE1AABEE-5F6D-421E-92AE-AB5BF3A3DEEB}
T{8406EA89-D0D7-4FDD-B98E-42E2CDFBBE6C}
T{FE611A3E-6D31-4CC8-8EEC-489CB89AEF46}
T{47B2932F-398F-4A14-8187-09A398E37D83}
F{D9CC0D04-F5F9-4D24-8322-43614ED4B351}
F{B38A7816-32BA-487D-9AC0-82154B3BEC30}
T{602A3E27-CA8B-4FE6-8090-63E5990704AB}
F{F6E7BEF9-20FB-41BF-95A3-A91BE3113E01}
F{456AB242-35DF-4D1E-8316-3337D97BF2E7}
T{A3D44775-CB8D-4083-9234-9235C0AD7986}
T{F0F23777-969B-4577-8DF2-11C75007BCEF}
T{962165C0-4859-495F-BE81-66359BB4DC9B}
T{5CD60952-E6AF-4EFB-8F62-AA8CA807F4A3}
F{E83A4F42-DAF4-44F7-9286-3AC80C599F9E}
T{11D46078-8C7E-4B68-8748-3A1CF68B6A74}
F{2CBC7934-46E5-4656-A783-B08F34D078BC}
F{4EEF0A93-6B1B-4736-B2AF-B5713367C58D}
T{DF3090F8-9976-4468-81F9-A7A797A11DB1}
F{40775C07-AA6E-457D-A678-C38200B70501}
T{78AA6D67-D984-48FB-9B94-5DA7E3948779}
T{A86B0AFA-7795-4469-BE21-257AB81DD398}
F{8E032372-BA7D-4B92-AB09-06D2C54F1774}
T{B1A3CA16-5105-4A96-8DA3-2444C2BB07F9}
F{6A9D8F69-85C3-44AE-9689-5060711657D9}
T{4EEF0A93-6B1B-4736-B2AF-B5713367C58D}
T{2674BBB7-720F-4E4C-A20A-741D0B35FBA0}
F{CCE45B8D-6C06-4A3A-AE4C-8C46D9CAE4DF}
F{E55DCED3-C788-491D-B65A-4A8B039618DD}
F{DEFC19B2-B7D2-4B38-8FDD-28ECF911109A}
T{EBF82749-6D26-4D9C-A62C-455F5B84E97B}
F{F6E7BEF9-20FB-41BF-95A3-A91BE3113E01}
F{540EB13D-BEF7-4D11-B27D-C4877D32C88B}
F{446BE5BE-5636-4E09-82FE-40B10FF786C7}
T{CD515358-ED0F-4586-9E29-CBE346D3D939}
T{DFA938A7-7454-45E7-9095-EF9FA581B464}
F{F9C7A102-5B04-4CA7-8D70-43162F90B389}
F{6A6A0DA0-A5EC-416A-884A-D32B4393C8CB}
F{81D194E0-12F4-40B4-A426-D32B5BCBBB77}
T{1D8F914C-A91F-4CCE-A381-14D6245156E3}
F{2F313F82-C1FB-4F09-881B-58C93BA1DC77}
F{4E6FACE5-C5D0-4D11-AE20-6C0B210FBED8}
T{5F4BE2AB-AFFA-42D6-9230-6A7D6650045A}
T{824D5AD9-F1E3-4AC9-8D2F-00A1B72F33AC}
T{8D742FE6-A483-4716-B601-812D45599169}
F{F97F0F8F-E9C5-4638-AEBE-BB9034C72DE0}
T{EC711E0E-AF0C-47E3-AF53-219F40DDF0F6}
T{64A5B9B8-9319-4BB7-9090-AB15DBD340FA}
F{A3A73661-2865-4125-88F8-35651F9ED062}
F{AA43E9A3-5DC5-43B0-B5B3-5E7D8070F97B}
F{7E220165-223A-4C02-BA7F-3568E3D4F91C}
T{6AB930CD-69AD-408C-840B-46CDADA8ED36}
T{8419E2A1-F1F3-432D-9703-C9C968944D15}
F{F0A47DB6-E579-4555-9155-C9BCE9740092}
T{0F268921-A547-4024-A811-2752A6134AF8}
F{BE400CDE-543A-4DAB-95B7-0A5E4FE9677F}
F{2553C02A-DD0F-43AC-97C0-A2C779B9E9EB}
T{9E0F7D24-06A4-4C67-9F54-5CCBBCD1B09C}
T{83E5F65E-10C5-4CDC-928F-2029981827D8}
F{9469A6D4-4344-4554-A1E8-758FB0DC2AB5}
T{FADF0084-0994-4FD1-A5A9-0DA31F02F7D8}
T{FEF4B732-497A-48E4-92FA-2430A0F25B57}
T{F94FD8AF-A129-46BD-A9D1-BE9D3B86DE0B}
F{607F0180-2EC2-4690-8B25-234A28EF6DF6}
F{30D48049-D818-465D-A693-6F4ABE5B450E}
F{BB040E56-6EBC-4435-AFA5-56C29ACAB205}
T{359C88B9-2DC5-42B7-AEB6-601BCC2C966A}
T{39EF1C1D-F50C-4BBF-8C56-C69EDBDD208E}
T{226CCCCA-8AD7-472E-ABA0-F8802588A6E1}
F{A174224A-0272-4B2D-8522-EDCC844636EF}
T{BCCE826E-9389-4A88-9A1B-18EBD578DFBD}
F{67D5DEB3-8E3A-4723-9B26-687541E438E7}
F{687EF416-E927-4EE4-96E2-96960C593CCF}
F{5C10304F-B278-4D08-B63A-88CF2D441B8E}
T{3D9189CA-5C92-4E87-8B21-8ADB68B79169}
T{C0A202AF-9C93-44A2-B0B4-93BE4B8668F1}
F{F33750C1-8DDC-4451-9A3B-9AC9DE62DE44}
F{4F62006C-E537-4AEF-BD45-6530586F4BDB}
F{69614AD6-96EB-41F7-BAAF-F12344D203B4}
T{8AC275BF-5C1F-45B9-A97B-ECB9C62828FF}
F{1D874E57-AAC6-4D48-9E06-AC3CDCE0B645}
F{BBCE57F9-D6E7-482E-ABD4-5F2902A87264}
F{2093D67C-92CB-4264-9C95-2E3C7AE07623}
T{BBCE57F9-D6E7-482E-ABD4-5F2902A87264}
T{8C7CD5B0-E2E6-4A37-9897-19341B620137}
T{D6C00713-B5BB-4C37-933E-E54F0C5BDD3C}
T{40728559-D664-4A0F-B927-67CADB2ACC6D}
T{CB34B221-B0BE-4C4E-93F3-C7A5CB80657E}
T{4EEF0A93-6B1B-4736-B2AF-B5713367C58D}
T{F730A61A-EE95-47FF-8654-A8368F46F9C0}
T{2B71108D-7FA8-4E72-8355-711308208FA2}
F{7B3F0545-5E23-4E91-9CD2-5FCB6AA4F4AF}
T{2341548B-CC5C-4A44-8886-684E7E0FA9ED}
T{5CBAF826-5F65-4AAE-A1A3-4F9A809148E6}
T{E83A4F42-DAF4-44F7-9286-3AC80C599F9E}
T{F0A47DB6-E579-4555-9155-C9BCE9740092}
T{3995A144-CD41-489B-925B-554FBCA24F79}
F{662B63EA-A93F-4A08-994E-BC6BEAD70CAA}
F{981FD6CB-2D56-4721-8F82-DD2AE818BD0E}
F{96813552-899B-4146-B2BF-75B1ED42FFA5}
T{ACCA2DA2-40DD-4729-A812-1E38E3E0E48A}
T{0409B1D6-A140-471E-94A9-56716C39E13E}
F{04BD32AA-CE28-4E21-BB0D-F193ABE965CF}
T{AFC431B0-03E4-4336-A555-DFF17A5C3140}
F{5CF946A3-252C-48CA-811F-3467206FED58}
T{5684EEA0-84EC-4FC4-9C09-066B1ECA0478}
T{0E6F62F6-8492-4D1A-B356-0AE374E7BBFD}
T{8B6E2846-24C6-4FFA-99A6-6D4803E42B7B}
F{45FC34DF-5CFD-4BAB-B40B-947813620992}
T{547202C8-FADB-408E-8901-E16D1AE00FB5}
F{6ABBA800-8AAF-4683-85E7-26E76892A532}
F{231DFB82-452E-4E66-81FE-7531F3F276BE}
T{A86B0AFA-7795-4469-BE21-257AB81DD398}
T{5C10304F-B278-4D08-B63A-88CF2D441B8E}
T{D8801653-B01A-4616-93EB-579AFBC82518}
T{B35D7BED-98CA-4176-9A99-AB3DB17FE5C9}
T{2A416243-1CDB-461D-8B51-1C5BBB416411}
F{FEA473DD-B917-4425-8775-C57D06896C70}
T{D8801653-B01A-4616-93EB-579AFBC82518}
T{8764FC54-06F9-4FF4-930D-738A1063660D}
T{60BEBCE0-4EA4-4A9E-A9FC-D97B1C43157F}
T{824D5AD9-F1E3-4AC9-8D2F-00A1B72F33AC}
T{4E0328B5-F9CB-4994-83CE-40200825F6C2}
T{BC1416E8-6078-4AEB-901C-334A33DED754}
T{EF88A74C-B315-4CB7-A382-03A0DC1F4EA3}
F{B50525FC-0550-420D-BEB4-7932D56CBF58}
T{3D9189CA-5C92-4E87-8B21-8ADB68B79169}
T{BB818B66-9824-4C9C-8227-99851E2C990D}
T{1B48EB3C-DC5C-4F0B-85C3-EA6AD903F8A7}
F{E48628C3-6DF3-4FAB-875D-AB9C2121FA58}
T{6D0B97F8-3010-41E6-9345-9621F889700D}
T{8B58617F-5169-4850-B282-66DF47728B1E}
T{2A3162F1-EF4F-468A-84EC-27585ABA38A5}
F{5818CECD-BB68-4F6C-BD7D-1731BA644822}
T{CB34B221-B0BE-4C4E-93F3-C7A5CB80657E}
F{C7DE7C34-2AA9-4A2A-9B4F-4B596DA52FFF}
T{57012CFA-85E6-4510-942E-18AC78B7F380}
F{B50525FC-0550-420D-BEB4-7932D56CBF58}
T{607F0180-2EC2-4690-8B25-234A28EF6DF6}
T{314A028B-E94F-4D3B-A307-78785283CB9B}
F{D85B5E71-D239-4148-BF3C-838A2D14BA16}
F{0568CFA4-0B68-48CA-9A80-15F3A9BDF34B}
T{B40ECDA5-7C42-4A96-A25B-4C7DA9378EC7}
T{A1A87849-5ED8-4B5A-BBFE-BE2C96AF6F1A}
F{488599B6-4DE2-42BC-8F2E-4B018A6AE172}
F{7F9E65AF-5267-4CA7-875A-78C8E32947BD}
F{4B50C4F3-0976-4505-A65B-2BBB11C76646}
T{EA486A09-5A0C-409B-94B2-B5D13F1E1BEB}
T{CF3FF04B-2C70-4019-8522-7C346CAFA3D3}
T{D96CA859-09A2-4C0E-80BA-950C80B5B90F}
T{C7BC2994-CD38-4283-A8F8-8ACB9DC971D9}
T{FCCFC36E-5BF3-495D-AAA7-F4BC134C4631}
F{F59DC453-D32A-4088-8B9F-DB3447E079A8}
F{C8C116BD-D23A-487C-8273-9BEB06FD50C7}
F{2D5B715C-4460-44ED-AEF3-3F9CB452E2A2}
F{02EC8791-E6B7-4C86-853B-EC3A3CA83366}
F{03A017A2-48D0-4C64-827F-4A1FED904179}
T{570628E1-BA0C-4A00-80AF-A671452167FD}
T{BCCE826E-9389-4A88-9A1B-18EBD578DFBD}
T{C785901A-48BB-4840-A9CE-8C07B33805E9}
T{29DA2BEF-A46E-4735-9BB6-65FF00BF4E5A}
F{A8ACFDB1-6F07-4781-B475-55AFDA514E82}
T{A86B0AFA-7795-4469-BE21-257AB81DD398}
T{35A209EE-E61D-478D-9BA7-C236BE8270CC}
T{A3A73661-2865-4125-88F8-35651F9ED062}
T{A174224A-0272-4B2D-8522-EDCC844636EF}
T{6F7854E5-D113-4E09-B1E7-8C422C081B31}
T{4E6FACE5-C5D0-4D11-AE20-6C0B210FBED8}
T{C54D1BD3-4ADE-454B-A549-D5071ABD8CC5}
T{488599B6-4DE2-42BC-8F2E-4B018A6AE172}
T{962165C0-4859-495F-BE81-66359BB4DC9B}
T{96813552-899B-4146-B2BF-75B1ED42FFA5}
T{A26A6720-30ED-4838-A38F-CCCDC8F49F95}
F{E1876B80-17E6-4900-B186-04495B2850E4}
T{F59DC453-D32A-4088-8B9F-DB3447E079A8}
F{9AA9D8C6-D9F5-40B4-BEE4-058BF91B218B}
F{4E99C025-92E1-49BF-B885-7D51325F070A}
T{231DFB82-452E-4E66-81FE-7531F3F276BE}
T{4E0328B5-F9CB-4994-83CE-40200825F6C2}
T{6ABBA800-8AAF-4683-85E7-26E76892A532}
F{82E03863-7363-423A-8698-65D3B4E99A7D}
F{9BD2BE32-BE96-47DE-B8ED-123676D6C5E6}
T{3B4BF644-9A70-4C27-8B8A-76216299E482}
F{C6C50BE8-FBAB-4161-BE4A-7C5C683F80B3}
F{2250D61A-3038-4234-93ED-FEFAA341DEF3}
T{A174224A-0272-4B2D-8522-EDCC844636EF}
F{15B0ABDA-723A-4A8D-8183-9E9EBB5749B0}
T{F56B7A1E-68F5-48C3-A37E-C038A2CFDB2F}
T{1DA30FCB-7756-421D-A289-4433C7D995CE}
T{6F1ADB96-E75F-49DC-8D94-762B2F22107A}
T{4E0328B5-F9CB-4994-83CE-40200825F6C2}
T{75AF23F8-35A5-4BA1-A7CE-F11A57D0495E}
F{7D547629-F4C6-4A73-BE07-7438790F4E25}
T{D2395E31-D55C-435E-8800-1EA6D63A397E}
F{836A110B-190F-41D6-A967-6D579FC19DA8}
F{A5F4C750-87F5-43FB-9705-13780F7E3B25}
T{C39329BE-0A8D-4655-B78F-479A48616C15}
T{7E52610F-4996-4AA1-8EA4-7D5154CB765F}
F{5FA3B17D-4088-4897-8624-0386C713ABD7}
F{4B579F16-6627-4F34-A2F7-A0E250E99922}
T{137200CF-1F7D-4011-9118-98362D61C40D}
T{6AB930CD-69AD-408C-840B-46CDADA8ED36}
F{98FBEC48-7F18-4769-B98D-8624F05E94DE}
F{3ECF54E1-A504-4E97-85A4-C4A802902C46}
F{38FD2DF2-C126-4E2B-82AD-1E83E3707F90}
F{CCE45B8D-6C06-4A3A-AE4C-8C46D9CAE4DF}
T{EC711E0E-AF0C-47E3-AF53-219F40DDF0F6}
T{A92DAB31-DB33-444F-81E2-770A4B16C5C6}
F{004C7071-B6AD-4DA5-A322-1B52A664D2C4}
T{E6C1E860-C65F-4B07-96D5-8EEF2A9853DC}
T{3174CA43-7FFB-4C21-88B7-7F3FEDD624A4}
T{3C30EF0E-2FBA-4657-96C1-04235477B700}
T{C0A202AF-9C93-44A2-B0B4-93BE4B8668F1}
T{3B72C1E4-1783-437E-A97D-D268BBB588A3}
T{DB8EC223-1E8B-4C20-B5E7-D4CA06082324}
T{40728559-D664-4A0F-B927-67CADB2ACC6D}
T{A3D44775-CB8D-4083-9234-9235C0AD7986}
T{4E6FACE5-C5D0-4D11-AE20-6C0B210FBED8}
F{2553C02A-DD0F-43AC-97C0-A2C779B9E9EB}
T{D9CC0D04-F5F9-4D24-8322-43614ED4B351}
T{8E032372-BA7D-4B92-AB09-06D2C54F1774}
F{FF14783A-35C4-4E1F-ADC0-599803934F57}
T{84E5013D-B7A8-45BC-A21B-3D47C78BC3FF}
T{75411625-E98E-4603-9876-89E23DC23A76}
T{CB34B221-B0BE-4C4E-93F3-C7A5CB80657E}
T{9469A6D4-4344-4554-A1E8-758FB0DC2AB5}
T{A1D86CF7-9CB7-44D5-98BC-D636BFAFF4A2}
F{11CFE0FA-0D9A-4B8F-AF16-FFEA189255F6}
T{D3559951-8F5F-4990-A544-6499BAF8D4D4}
T{60BEBCE0-4EA4-4A9E-A9FC-D97B1C43157F}
T{A174224A-0272-4B2D-8522-EDCC844636EF}
T{8E032372-BA7D-4B92-AB09-06D2C54F1774}
F{526A78E2-99AF-4097-BF30-D22898788006}
T{93B6E0CA-5239-4B89-B21D-7F0D6C663794}
F{E6DC63B9-3E56-4D40-870D-08E1F08CE150}
T{BB4D5E46-CC77-4320-87A2-418935A98F8A}
T{56798934-20E9-4010-9956-647CBCCEC5FD}
T{FF14783A-35C4-4E1F-ADC0-599803934F57}
