F{EB76AB32-9AE1-4414-8103-495E4221CB51}
F{4289D098-C6DB-4B37-B97A-B1A7228BB187}
T{0D0CAEAE-8746-43C7-A7D1-1A6981CDEE8A}
F{C7C90C2F-17DE-4497-A4E0-11251A93FA10}
F{CC70508D-5B81-49BA-8F71-2BEA87D6465B}
T{CBEA6651-BA15-443C-8A3B-B71C94361CEF}
T{B064B763-2D5C-4E06-8062-D770F81BE0B6}
T{8299BD04-2599-4EFA-9A44-D8A448C1B5DC}
T{409D950E-4929-49D8-8FE2-21C8652169F1}
F{8903B9C3-29A4-4124-A7C8-0DC3FFDECDBF}
F{7FC3E754-7B59-4D2C-8FA2-7FAF4E7FEB45}
F{3E147514-3C64-49C3-AF18-9AC078C91388}
T{7E52610F-4996-4AA1-8EA4-7D5154CB765F}
T{9B17EA33-A0DD-4388-8AC4-1C36340942C1}
T{2A6322B3-D8A4-4973-8E7A-326E9ABFC402}
T{757B50D7-04BA-4AF1-90F4-62FF8F8A0193}
T{CBEA6651-BA15-443C-8A3B-B71C94361CEF}
T{D9F0D281-3E8B-46DB-9927-3A6B5143C5AC}
T{8E81CF7E-9EDC-436A-92E8-FD920C076A57}
T{46255DCA-B4FF-4E01-A865-4F1BD8CAEF3E}
F{29AA48B0-5864-4623-8596-D4EFD82FDB51}
T{409D950E-4929-49D8-8FE2-21C8652169F1}
F{0568CFA4-0B68-48CA-9A80-15F3A9BDF34B}
T{B336AEDF-9E41-465A-9A3B-FE02216B9060}
T{06752F75-A38A-4963-BADE-81FE95BE62A8}
T{D6DDF437-6919-4B2D-B7C4-0007123649F3}
F{6B2909A5-A472-4117-8C63-1EF07B0A59BC}
F{0C083069-1680-48CF-8EFE-574E85BE171D}
T{AA83C7ED-8AC2-404C-9DC5-A22C3F481DB0}
F{227641A7-B726-42D4-A5A6-05F51738FF66}
T{4DAD8F44-F724-4A36-83D7-B97D269506DC}
T{EF7C3373-9DEB-4B5A-9CFB-E41A84539019}
T{7E1D9297-EC9C-43C4-B6DA-EEBFCC3A0CB8}
T{9A1CFA80-E575-4A8D-A49B-A27D09C52AFC}
T{E9B41F7B-36B3-4858-A82E-174C69144503}
T{14536690-E77D-47C5-9F6A-66C4613AA106}
T{BBE094EE-F04F-4FE4-81C4-814DF6BD534F}
T{0B334FDF-080E-434B-ABD9-2044F8A13A60}
F{65F3CDC5-CA75-4C5B-A1F0-1262463BA448}
F{11CFE0FA-0D9A-4B8F-AF16-FFEA189255F6}
T{757B50D7-04BA-4AF1-90F4-62FF8F8A0193}
T{99776289-8D12-4CAF-BAAA-8B2B190EFC6F}
F{5E582835-A7A5-4327-8C6A-D81E4D7216FD}
T{2D5B715C-4460-44ED-AEF3-3F9CB452E2A2}
T{D11675F9-823B-423A-B20B-64C765AF5978}
T{740FC138-7242-4135-90C9-D0C01BD5D223}
F{30FA4F11-2873-4BB2-8883-BD13428EB997}
T{E7D90FBD-F590-4019-A1F3-939416501847}
F{9C9FE710-5C8D-4AFB-896F-184027C1D8C0}
F{1FD1302B-6CF4-4936-A025-3182E532DAD2}
F{125107B5-C4E4-44F4-981B-290AFE44EB58}
F{374D4401-2963-48AD-907A-C6CA7FDF422E}
T{61CEAF1B-8C9A-4B08-B640-084505BD90CD}
T{C2ADC25C-21DD-4BD3-838D-A1309D245951}
T{35AC881A-B13C-4267-B7DA-BC79D7A8B7C9}
T{E4142379-21D3-4A65-A3CB-E85C16C56FBB}
