F{698F453B-82FA-4933-B560-E06AEB18F812}
T{CB0FA766-14B7-472F-8E83-1BFDA4C9DB9E}
T{3637651A-F56B-43E1-A06D-52B19080DC56}
F{47D43E99-F32A-4C62-8F38-EFEF063034F1}
T{1E834EE7-AEDE-4065-B009-FF4DB99545AF}
F{2093D67C-92CB-4264-9C95-2E3C7AE07623}
T{B1BCA6F5-5FE4-4CB0-8963-03856DFB1609}
T{D7731662-E2AB-45C6-84CE-BC2CD13D6EC9}
T{BDE705AE-A2FD-4CEF-AD74-E48F470C60E4}
T{1E45920D-4F25-4909-946D-4B10E2286CEA}
F{A46B3DD8-6858-4B9A-A505-354AF7D40531}
T{19EFCFF9-A42D-48FE-A781-52FB1A32AD4E}
T{CFDF9F89-7E7A-4C49-A5A0-BCF13A3C8A81}
F{56599AE9-13B5-49C2-B804-CA6BE050B31D}
T{9F14EEC5-57F0-4AAD-AE64-27F3A1ACB99C}
F{7A9E659B-B0B1-46AE-8415-981E3A4EA1BB}
F{ED0EEB55-504A-4775-A761-9ACD625B25DD}
F{125107B5-C4E4-44F4-981B-290AFE44EB58}
T{F54D28F5-2266-47D5-9610-4DB0BD2129AF}
T{8764FC54-06F9-4FF4-930D-738A1063660D}
F{B05F8B82-27F4-4F0F-B825-17349DF0EA13}
F{996DDEA1-CF44-47E1-860E-FB1C870E4AEA}
T{726C0C0E-8FEC-4B88-9847-90666F6D08A9}
T{95DDAD73-42D7-4B01-9529-EA4DDA4F04C1}
T{6776A5BA-62DA-49FE-B688-8B472C2A38A6}
T{D92910D1-4AA7-4CA4-898D-1FCFF351BF52}
T{44A6B443-F408-4F17-8C56-EC753D4C5156}
F{1BD3ADA1-5E36-453A-994D-796686327EA0}
F{3AD5458D-CCB9-4BBA-89FC-2C7E17572F6D}
F{E6F66DB6-00DB-43D1-8273-5DEDC33ABC93}
F{BC0D65A7-E1E4-4331-9A3F-1EE32B4641CB}
T{027EB689-EF1A-41F0-AD33-52CEEF7E882E}
F{BEA69714-37AF-4C8E-A775-9FFC29C3B9C9}
T{A901A3C8-C8AF-4DF3-8681-A56C5D4FF21E}
T{FC0E52F1-8B6B-41CA-8863-681E32FF1B7A}
F{3ECF54E1-A504-4E97-85A4-C4A802902C46}
T{21B8C2D9-CD53-4C19-9485-483195AB2553}
F{F3BB19AC-FC9A-42E1-8759-3A8C0357FB5F}
F{A1728D1B-44EB-4D51-BAE4-5C53E3546CF7}
T{7B285AF5-081F-42F5-965A-C14DE5C597F4}
T{A8ACFDB1-6F07-4781-B475-55AFDA514E82}
T{FADF0084-0994-4FD1-A5A9-0DA31F02F7D8}
T{8838D8DB-A5F7-41B4-9534-CE14BB8C5E09}
F{769C1553-6A23-4FB3-AE22-99B0CE0C68A7}
F{02E7984E-1CE2-412A-B2BF-BF7B7B9447EF}
T{3EFE8DC0-9BCB-471E-97B3-AE7A44EC1E23}
T{E5D4DC95-1DA3-4B73-BC41-6DE38746C2E3}
F{E6443076-9601-42FA-B3E1-3F3295D83BF2}
T{75949224-F0AB-4DDB-B99B-9093EF1D92AF}
T{B1BCA6F5-5FE4-4CB0-8963-03856DFB1609}
T{5078CE4C-DC24-4139-962A-91E28A620A4D}
F{9588DE11-7633-44D5-B6DA-5B1FBE56BE65}
T{529FB818-7925-4645-A674-5ECD20C1D72D}
T{1E45920D-4F25-4909-946D-4B10E2286CEA}
T{7A9E659B-B0B1-46AE-8415-981E3A4EA1BB}
T{15B11EA6-C4FA-453A-94FC-74FACC736C05}
T{935175F2-450F-4274-9CB2-654AF5782407}
T{3F8F56AF-3D9F-4B51-853D-3B4839232199}
T{80639649-975A-4F5B-99E0-D788FF9CAAB9}
T{35AF1927-CB57-4743-88A4-A078C18E9D89}
T{6F1ADB96-E75F-49DC-8D94-762B2F22107A}
T{368F535D-EA7E-452D-85F4-D94BF908BD0E}
