T{62A75A62-29E9-43CA-95EE-D09436ED4BD9}
T{B6CC6F96-032C-488F-918E-45BC54E3708C}
T{D96CA859-09A2-4C0E-80BA-950C80B5B90F}
T{08315B9D-3578-4264-A716-119A7001D072}
F{AEDAED6B-E837-48A1-8978-6A6B3F4B2007}
T{4807B21B-92C7-4436-8926-894E98466422}
F{7F55B4C9-5250-46EC-99DD-978DE58976C4}
F{24F05396-DA82-4FC9-AB1D-8302C7298591}
T{AA43E9A3-5DC5-43B0-B5B3-5E7D8070F97B}
F{E307061F-B7DA-4FB4-AF08-81F593694A04}
T{5B859A8E-C811-40E7-AF0A-381A40AE3FD4}
F{DA22A2CA-8893-4374-816B-63AA64B19A5E}
T{7D2A1FCD-82E2-42CA-9640-C1AD75DE6433}
T{543EA4B5-50D7-437E-B35E-A6842F65E129}
T{08315B9D-3578-4264-A716-119A7001D072}
T{87594233-A404-456A-AC00-FFC03798C390}
T{009AE52B-66AC-41D9-891D-6177392489F6}
T{E2ADD1BF-DEAC-4EEB-A4E6-3C5020908781}
T{DC1064D7-4446-400B-AACA-A3B061224428}
T{9B55E62F-830F-4C1D-B7D5-ADBBF2514263}
F{1277A861-D2C1-44C9-A8D0-8E40E9F2F56F}
T{BADFB1A2-48A1-4AE2-BE3C-BB20E4290E5D}
T{0911F4BB-D36E-4400-ADE6-BFFAD4726082}
T{0D6E3FD5-4167-4603-B09F-DBBFE1B7E010}
F{CAA3922F-64DC-448C-A1E1-C31A4620FE0D}
F{CBF89639-A609-48CF-8101-51D24B595C06}
T{75F730BE-15BF-494A-A9F2-207116F347E1}
T{85DD06AE-B961-4093-BDF8-0D360979FFD6}
F{BA71F25B-7EBE-4E3E-920B-04E581D6D545}
F{1A50F501-6347-4D88-91D4-D870B3DB44CB}
T{6C4CA106-3C74-4719-B505-A2AC5327DC90}
T{CD515358-ED0F-4586-9E29-CBE346D3D939}
T{F97F0F8F-E9C5-4638-AEBE-BB9034C72DE0}
T{803BCCF8-3ACE-4B8D-B75A-E7CA8648F62B}
T{1D1A07BE-BF06-4748-B76F-BCC5DD98875C}
T{585A8C3A-6E76-456E-ABCC-8803C25457FB}
F{1DB21F1B-0227-4F0E-AE91-5A61B56BC743}
F{687EF416-E927-4EE4-96E2-96960C593CCF}
T{6A6CC01B-089C-4C09-9A4E-6A3AE81181B8}
F{6E26A387-2A20-4958-BB0E-84C19D305AC5}
T{766B3A28-60B5-4E03-9E27-7E53FB628950}
T{A18539CD-81A5-4A6B-83CB-7B71D1CAA9EA}
T{933839D1-F2A8-4388-8996-5F13B08BA6D0}
F{270E3FA0-3807-45FB-BCD0-A0AB6CFBB5FE}
T{EBF82749-6D26-4D9C-A62C-455F5B84E97B}
T{4D501A5D-2118-4AD8-B3A9-3853F80319FF}
T{9483C023-EE03-4A50-85B9-894EC12ADC57}
T{FDE26AA0-E44E-4376-A94E-581BDCC4D321}
T{F354E64B-1A43-4F01-96AD-267DC6026664}
T{DA22A2CA-8893-4374-816B-63AA64B19A5E}
T{EF7C3373-9DEB-4B5A-9CFB-E41A84539019}
T{9B17EA33-A0DD-4388-8AC4-1C36340942C1}
F{04BD32AA-CE28-4E21-BB0D-F193ABE965CF}
F{F34B8D1D-265D-482E-8885-09A66AF45183}
F{B79BB037-EF54-48E3-A84B-D6916E1B22C8}
T{1268D3AF-1C92-4228-B831-BDE536D5C810}
T{6D221B99-B64A-495A-AC7A-295129C8081B}
T{5C68E02A-F1F5-4729-89A6-31A76E5483E6}
T{43BF6CA0-11C3-4B38-B8E4-4C7A7914687D}
F{B4383D07-45DF-4FEC-AF01-F0464AC8C092}
T{BC43E808-2523-479C-8136-A34B971A1720}
F{C60A6FAA-70CC-4472-864E-CC01091C2B52}
T{8B58617F-5169-4850-B282-66DF47728B1E}
T{6D221B99-B64A-495A-AC7A-295129C8081B}
T{7F573975-B154-4E59-AD65-1C95246E2C89}
F{A5F81C7C-2558-4539-A5D3-FCA5BA2ADC1C}
F{8814D978-0940-49F7-A01C-DBA1926D68D2}
F{6EE66AC9-52F4-4B68-BBEA-A13FDAEB8D90}
F{079C0D5B-FA33-4507-B20D-C9AD7F1F259B}
T{B9A4E86F-AA71-4DF1-921C-914659D57CBD}
T{CD5E41D4-78E9-435C-A100-1A4480FC3149}
F{CE74C08C-0B0E-4826-A8F4-E8865E8E884C}
T{7BD36F09-0649-45A8-BC68-B04CCA2E55C8}
T{BBCE57F9-D6E7-482E-ABD4-5F2902A87264}
T{73DE18A2-2CD4-415C-898E-7B31224A0421}
T{F4963C65-5BEF-4374-8FBE-5C7473A5F7CD}
T{E4142379-21D3-4A65-A3CB-E85C16C56FBB}
T{C05EDC77-1508-4D01-B387-6EED91762F8E}
F{5C10304F-B278-4D08-B63A-88CF2D441B8E}
T{3BA4D28B-11E7-4A29-9C52-A5EDA66BEBFB}
F{E29AA1B9-F855-4725-B0AC-CCFA22E99263}
F{40775C07-AA6E-457D-A678-C38200B70501}
F{512E9D5E-3E4B-4B84-A669-82750A2B2849}
T{C7DE7C34-2AA9-4A2A-9B4F-4B596DA52FFF}
