F{9070DA29-E341-4C2C-B648-02BBC62BE586}
T{2CBC7934-46E5-4656-A783-B08F34D078BC}
T{AB0A034C-06E1-481C-8EFA-1B2558A7E7A5}
T{2D5B715C-4460-44ED-AEF3-3F9CB452E2A2}
F{F365477F-B654-4B01-9255-5B99ADA6719E}
T{712BCDE0-4C1B-4096-87D8-48F6551CCA8F}
T{8E0C19B2-939F-4438-9B5E-B18B66E289F9}
F{75E78B00-3C0E-4173-903A-16E9B6745A42}
T{6E380164-437A-4095-A28C-856759F057CE}
T{E6DC63B9-3E56-4D40-870D-08E1F08CE150}
T{1D93DBF9-986E-4716-99D0-C996ADEC64E0}
T{066EF427-6D28-493C-AD30-FDA56785508A}
T{02E7984E-1CE2-412A-B2BF-BF7B7B9447EF}
F{A5B9D9FD-1DB6-4AF0-892F-E47469F34A86}
F{2884F070-7286-481F-8A2D-9DA8CA0F0211}
T{78C2C810-6A57-4113-84AC-7162CE7C78C7}
T{78AA6D67-D984-48FB-9B94-5DA7E3948779}
T{3C805FB4-2D7D-48E8-B21A-F56F621A9F63}
F{6A6A0DA0-A5EC-416A-884A-D32B4393C8CB}
F{25E43F96-B494-451E-823D-F53393511DDB}
F{1A50F501-6347-4D88-91D4-D870B3DB44CB}
T{CC79D59A-AB32-41BC-8EE2-8E91A1BED2B3}
F{6A9D8F69-85C3-44AE-9689-5060711657D9}
T{ABE9C3A1-4087-4EBD-9874-3453A778D9D8}
T{803BCCF8-3ACE-4B8D-B75A-E7CA8648F62B}
T{5CDA95D1-5FB5-4E94-85AC-29C0372D2151}
T{75E78B00-3C0E-4173-903A-16E9B6745A42}
T{1E6813FA-16E6-40EF-BFAD-B6E2AAA020C3}
F{04C96E97-849D-438B-96DD-277C36DEDA04}
F{DDFB9C79-BB9D-41B8-BDB5-B8C8D6BC0CC7}
T{CE2E7CD1-9070-4D7E-BBA8-661B0DFC78B0}
T{3BA4D28B-11E7-4A29-9C52-A5EDA66BEBFB}
F{BB89D6B1-3351-45DD-BA36-C66A725A50EB}
T{A74369EC-35F9-413F-9DD1-1C667735AC1D}
T{3A52DABB-E0DE-4E27-8405-F83940FEB230}
T{AF1BC588-5609-4F9D-A131-F8FD7353A756}
F{B814B35E-F0E0-4ADC-A9CD-177C68225AA6}
F{C8D2FFEA-6423-4C7B-9BE3-F59D0DF4C4D7}
T{4FAEB6CB-C2BC-4F75-96DA-4159ADA64B0D}
T{A74369EC-35F9-413F-9DD1-1C667735AC1D}
T{A6551D13-6C14-41A6-97B5-FD1249C01309}
T{6A9D8F69-85C3-44AE-9689-5060711657D9}
T{FDA9B0C8-616D-45D4-B83C-A1BEDAA3DEE3}
F{379DAEDD-BAA9-4E19-A221-CAD5B1673BD4}
T{390B60D0-51D2-4E7F-BCEF-5B875E2C37CE}
T{F5415D20-5608-4C0F-A1E8-5DB10DEF1C3B}
F{1C77508F-6FC0-4EAE-AF1D-DAC93F6E9491}
T{EE03C3AB-D39E-45F0-B97C-5EE16214DFDA}
T{855B9F87-F436-46C2-B53A-BEF1CBD64B96}
F{2BE35168-96DE-4264-A55A-F6A82EB2B399}
F{5818CECD-BB68-4F6C-BD7D-1731BA644822}
T{7A65463B-9560-4686-82D4-51AB53A6D08A}
T{097218A3-1D38-405F-8F67-9129A92ED619}
T{61728B0E-BE25-452D-AB7E-6283E2759D8F}
F{F3BB19AC-FC9A-42E1-8759-3A8C0357FB5F}
T{4DAD8F44-F724-4A36-83D7-B97D269506DC}
F{DE46CA11-BE59-4DA4-9A1B-2689B5179775}
T{9070DA29-E341-4C2C-B648-02BBC62BE586}
F{B05F8B82-27F4-4F0F-B825-17349DF0EA13}
F{396C5F77-34A5-48C8-87A4-6C315CDFF810}
T{7FD28B7B-FA70-44C7-9675-D4EF8367B708}
F{B35D7BED-98CA-4176-9A99-AB3DB17FE5C9}
T{2250D61A-3038-4234-93ED-FEFAA341DEF3}
T{AE875909-D863-467C-B1BA-CD047971E860}
T{701A1C4C-3ECA-4702-807E-5A34CD7EB41C}
F{0CA9D74F-6767-4368-8C30-8FB559EFD52E}
T{CB38C650-BD63-4331-A3D0-7126A2DC50C0}
T{C29B06AD-D8B4-4DA8-B37F-86D56BBD1AE5}
T{78C2C810-6A57-4113-84AC-7162CE7C78C7}
F{1DD29212-3F91-44FA-A7F2-AFBFD0AF8300}
T{1C6B3D8F-59C1-4A6F-949A-2B735F78380B}
T{0A978680-CC9B-47DC-8CB3-E1ED0D8AAB68}
F{39D72B08-AF18-4914-B307-CCF474DCAE90}
T{603C8859-BA50-4476-8CD5-2D60910B54A1}
T{BB89D6B1-3351-45DD-BA36-C66A725A50EB}
F{CFFB8766-1678-4B02-9F47-B9502ACF4569}
F{75477B4F-E668-4579-9CB4-EEB49D45DEDD}
T{17AA2624-B395-4464-8C01-8739073B91EF}
F{9EC3F796-FF3A-48C2-BE12-06FBD13E5360}
T{9EBEE3C4-E24F-409D-9DF3-B30056BCD9F1}
T{8EBE82B4-0D6C-48F9-BB95-C0D10DAE6CBB}
T{6225D9B5-3677-4DE3-AB09-B0FA55212EA5}
T{44A6B443-F408-4F17-8C56-EC753D4C5156}
T{5078CE4C-DC24-4139-962A-91E28A620A4D}
F{B8BE9042-6EA1-422E-951F-F4A5F9D8D43C}
F{2553C02A-DD0F-43AC-97C0-A2C779B9E9EB}
T{9F14EEC5-57F0-4AAD-AE64-27F3A1ACB99C}
