T{F18D1C36-04EF-4959-A541-95C7DA77F148}
T{BC43E808-2523-479C-8136-A34B971A1720}
F{FCABC518-C2D0-44D1-A965-D79C454F08B3}
F{8C3F4BAE-B60B-43FF-BA57-ACC486ACCE84}
F{79C6CA7A-ADAC-4F9F-A4C8-79B31757B27C}
F{F6E7BEF9-20FB-41BF-95A3-A91BE3113E01}
T{9588DE11-7633-44D5-B6DA-5B1FBE56BE65}
T{B134417C-8635-4ADC-9A35-6A9DCC3AE5E8}
T{D6C00713-B5BB-4C37-933E-E54F0C5BDD3C}
T{CD5E41D4-78E9-435C-A100-1A4480FC3149}
F{1D874E57-AAC6-4D48-9E06-AC3CDCE0B645}
T{6EE66AC9-52F4-4B68-BBEA-A13FDAEB8D90}
F{6E0667B8-3AF3-4E4F-843F-ECD5D24E7B87}
T{04C96E97-849D-438B-96DD-277C36DEDA04}
T{10F6C512-7666-48D7-A59C-1D0D2FE66F52}
T{836A110B-190F-41D6-A967-6D579FC19DA8}
T{CFDF9F89-7E7A-4C49-A5A0-BCF13A3C8A81}
T{96C912B3-E4F7-4B23-960B-531EAF86A6B0}
T{607F0180-2EC2-4690-8B25-234A28EF6DF6}
T{96C912B3-E4F7-4B23-960B-531EAF86A6B0}
T{0E6F62F6-8492-4D1A-B356-0AE374E7BBFD}
T{81D194E0-12F4-40B4-A426-D32B5BCBBB77}
T{AC929737-C595-48E9-BCC1-CCDB8853C2EB}
F{5CDA95D1-5FB5-4E94-85AC-29C0372D2151}
T{488599B6-4DE2-42BC-8F2E-4B018A6AE172}
T{8C7CD5B0-E2E6-4A37-9897-19341B620137}
T{753D3B79-3FDF-494C-AEEB-746349310E92}
T{8406EA89-D0D7-4FDD-B98E-42E2CDFBBE6C}
T{FD335DBF-22E5-45EA-A60A-83EEB81DAD99}
T{FACFB418-4869-44B0-8192-82EAE2A5D331}
F{2083E6B1-B8A2-4C73-B8CA-2982FBB93F03}
T{1DCA087F-3789-4337-8E23-D5C2E95B29F9}
F{604D11B3-F9BD-447A-A1A4-F4B641F824B9}
F{82E03863-7363-423A-8698-65D3B4E99A7D}
F{20493B30-3540-4264-99D1-7A159CC4D53F}
T{EEDB52E8-E369-40BE-94CB-212662AA78C7}
F{9E07C77E-6FB9-480A-8EAF-306634D3C944}
F{B50525FC-0550-420D-BEB4-7932D56CBF58}
T{46255DCA-B4FF-4E01-A865-4F1BD8CAEF3E}
F{79C6CA7A-ADAC-4F9F-A4C8-79B31757B27C}
T{37D6580A-53B1-4CD9-B408-2921F8C4DFD1}
T{6E692D19-6B9F-4D0C-9A75-2E3B6AF194B4}
T{753D3B79-3FDF-494C-AEEB-746349310E92}
T{9942F1E8-1444-47A1-8380-256BFE852914}
F{2093D67C-92CB-4264-9C95-2E3C7AE07623}
F{766B3A28-60B5-4E03-9E27-7E53FB628950}
F{BCEBDF63-0F20-41EA-95F7-6E989B5A63B6}
F{ADA20514-9359-4D10-A846-7AA1332532A0}
F{4052831E-70E6-482F-8C82-1D5E04255D26}
T{E83A4F42-DAF4-44F7-9286-3AC80C599F9E}
T{A24F6FDC-6E2E-4D0B-9038-A9EE6EA59182}
T{3A52DABB-E0DE-4E27-8405-F83940FEB230}
T{E12B04A8-8331-470B-BE2C-72173801807F}
T{1DCA087F-3789-4337-8E23-D5C2E95B29F9}
F{30FA4F11-2873-4BB2-8883-BD13428EB997}
T{BE400CDE-543A-4DAB-95B7-0A5E4FE9677F}
F{D3FC563D-E04A-4683-BDCA-70DA8F69FE29}
F{2078046F-55C7-4CA9-9EA3-76035E6036AB}
F{787EC000-230F-4883-BA0B-8EA0991539A4}
T{EBDE49E3-08A1-408B-8ABC-2B30828344CE}
F{4213493A-303C-4F76-8BD9-FDEA9D612E68}
F{0B083DF7-6B6D-4403-BD7C-1A47AACE79F7}
T{A86A5827-0EC6-434B-9982-1261D8EAA23C}
F{2E1AB51F-0B22-404F-BD60-217D697A8700}
T{8C3F4BAE-B60B-43FF-BA57-ACC486ACCE84}
F{D052B490-771B-405E-A4D1-33B03B8EA1A9}
F{DE46CA11-BE59-4DA4-9A1B-2689B5179775}
T{E66DA5BC-984C-4113-A775-F8336F4874CC}
F{4CA6FEAC-D8C9-47FA-B3EF-C8559EB3E50A}
T{2078046F-55C7-4CA9-9EA3-76035E6036AB}
T{7E1D9297-EC9C-43C4-B6DA-EEBFCC3A0CB8}
F{DEFC19B2-B7D2-4B38-8FDD-28ECF911109A}
T{F16A5660-0395-4B05-9A4B-CE5274A3D045}
F{A6B130DD-3E22-4A14-8CB5-7B5F75D6773C}
F{BDE67FD6-C995-428F-BFDC-7F15DBC4F5F6}
T{55E7622E-7C01-427F-BA8F-6A63DF11FA69}
T{37D6580A-53B1-4CD9-B408-2921F8C4DFD1}
T{A8ACFDB1-6F07-4781-B475-55AFDA514E82}
T{7C885FBE-C27F-465E-B0A8-197C477ECE44}
