T{87594233-A404-456A-AC00-FFC03798C390}
F{C52C7B12-818E-411C-8615-150540E9EC59}
T{EAFE616B-AC21-43F5-B3A1-73A01E850991}
F{EBDE49E3-08A1-408B-8ABC-2B30828344CE}
F{9199BB53-AC93-4FD9-9B90-E8A52E5C2FE3}
T{D143A7C5-AE74-4B8F-A41E-7CDB1637F073}
T{079C0D5B-FA33-4507-B20D-C9AD7F1F259B}
F{71539232-530D-43EF-9D1D-B9F9A70C1EB7}
T{9E561FE6-E2C3-455C-8E64-E70D13CBAC1F}
F{FCABC518-C2D0-44D1-A965-D79C454F08B3}
T{7014383E-8E2F-4276-A944-28D17816C2A5}
F{6E0667B8-3AF3-4E4F-843F-ECD5D24E7B87}
F{07ACC452-E1D5-48F7-ACC5-6E9E6798D3EB}
T{DB38E16A-A19A-4A16-B049-41447D757C33}
T{83E5F65E-10C5-4CDC-928F-2029981827D8}
T{314A028B-E94F-4D3B-A307-78785283CB9B}
F{EA486A09-5A0C-409B-94B2-B5D13F1E1BEB}
T{379DAEDD-BAA9-4E19-A221-CAD5B1673BD4}
F{11CFE0FA-0D9A-4B8F-AF16-FFEA189255F6}
T{BCCE826E-9389-4A88-9A1B-18EBD578DFBD}
T{1A19F6CC-CA96-415D-B9A0-5F749E82982F}
T{6C4CA106-3C74-4719-B505-A2AC5327DC90}
T{1268D3AF-1C92-4228-B831-BDE536D5C810}
T{CD0164DF-3529-426C-98B6-23FD0BA49B7C}
T{11CFE0FA-0D9A-4B8F-AF16-FFEA189255F6}
F{764D94B9-FD12-4290-AA53-55034C55F3B3}
T{644E846B-8A1B-4EC6-B59F-804DA9B3480C}
T{DACCA13A-4E0E-42F9-9583-B830B27BA8D1}
F{BE62B7B9-A638-4146-BCB0-E60710EE4D71}
F{83B8EC0E-1E3D-4971-868E-97218B2A0454}
F{1277A861-D2C1-44C9-A8D0-8E40E9F2F56F}
T{A5F81C7C-2558-4539-A5D3-FCA5BA2ADC1C}
T{357DF8C5-768D-4536-8D4B-C8155847D8BD}
T{C6C50BE8-FBAB-4161-BE4A-7C5C683F80B3}
T{BE62B7B9-A638-4146-BCB0-E60710EE4D71}
F{3BF1517A-C896-482B-B27E-5DA98629FA58}
F{5D88FD30-9585-4FD2-BC2A-FD3538A231AE}
T{46255DCA-B4FF-4E01-A865-4F1BD8CAEF3E}
F{A6E14042-AE7F-4DE4-B4E0-F500C8D2753C}
T{AA2CBCE2-92E4-4712-95D8-A42FF57F6F0B}
T{04173F8A-C7AD-47D2-8D3A-343A7C2163A5}
T{1DCA087F-3789-4337-8E23-D5C2E95B29F9}
T{EDECD63A-0831-44B9-96FB-26304FB21DEE}
F{9C266262-A5A5-4391-B08B-3D1BDCA66181}
F{27AF2C1E-EE92-4A6C-B509-00707FC3C5B2}
T{96813552-899B-4146-B2BF-75B1ED42FFA5}
T{CCAD5B38-42B9-4764-9CB9-F26579F93A0E}
T{AB0A034C-06E1-481C-8EFA-1B2558A7E7A5}
T{9E561FE6-E2C3-455C-8E64-E70D13CBAC1F}
T{143AEBB4-5C47-4F82-8181-9D1EE9122B36}
T{F5B7156A-BCB2-4A3D-8CD2-B78CF49D4C4D}
T{EDECD63A-0831-44B9-96FB-26304FB21DEE}
T{A9DF3A92-1858-4AD5-B1B2-94779EEFC88E}
F{0568CFA4-0B68-48CA-9A80-15F3A9BDF34B}
T{72E0B668-03C5-4754-A70C-41ACC452BD29}
T{6B777872-C695-419E-9897-6B44550C7930}
T{602A3E27-CA8B-4FE6-8090-63E5990704AB}
T{D11675F9-823B-423A-B20B-64C765AF5978}
T{5F9287B2-618A-48E3-BE1F-D0687A319D08}
T{981FD6CB-2D56-4721-8F82-DD2AE818BD0E}
T{C29B06AD-D8B4-4DA8-B37F-86D56BBD1AE5}
F{0568CFA4-0B68-48CA-9A80-15F3A9BDF34B}
T{30FA4F11-2873-4BB2-8883-BD13428EB997}
T{65769C95-FD13-43CB-A50E-1EBC034FA35E}
T{08D30916-08AB-410D-A34D-F9861A5B4434}
T{07405620-30E9-4D3C-9FDF-DF6E2F6FC0D3}
T{6B42FDAB-39DE-4CC8-AC47-F1804C31E1EB}
T{3A52DABB-E0DE-4E27-8405-F83940FEB230}
T{F69995DA-1598-4878-B678-0CA95FC5C99B}
T{25C2C3A3-8D9B-40A3-8F3D-25AB4F9031E9}
F{4807B21B-92C7-4436-8926-894E98466422}
T{30D48049-D818-465D-A693-6F4ABE5B450E}
T{2812FFEE-7044-498C-AD09-8C16E22420F2}
T{9EBEE3C4-E24F-409D-9DF3-B30056BCD9F1}
T{2250D61A-3038-4234-93ED-FEFAA341DEF3}
T{DB38E16A-A19A-4A16-B049-41447D757C33}
T{08315B9D-3578-4264-A716-119A7001D072}
F{E29AA1B9-F855-4725-B0AC-CCFA22E99263}
F{B93103C6-A81E-4B26-AA68-77F8A47F8934}
T{7B18DCA7-51ED-4DF1-95A5-174EE602C67B}
F{9AA9D8C6-D9F5-40B4-BEE4-058BF91B218B}
T{BBE094EE-F04F-4FE4-81C4-814DF6BD534F}
T{72E0B668-03C5-4754-A70C-41ACC452BD29}
T{7B18DCA7-51ED-4DF1-95A5-174EE602C67B}
F{8F4227BF-7C37-4DBD-A137-95AF3733A6EB}
T{9E561FE6-E2C3-455C-8E64-E70D13CBAC1F}
T{097218A3-1D38-405F-8F67-9129A92ED619}
T{CD0164DF-3529-426C-98B6-23FD0BA49B7C}
T{8FA22A33-3B54-48DF-85DF-7083815DAA04}
F{15E6319F-DFB1-469E-8644-225B1A9D07E7}
F{C475BEDE-0AF1-492B-B422-0730CEDD96BB}
T{3CE40F78-5A9A-47EE-B848-F4384BBF999A}
F{CB0FA766-14B7-472F-8E83-1BFDA4C9DB9E}
F{9D1E331F-4483-46A8-A398-7AF7911ECFD6}
T{1DB21F1B-0227-4F0E-AE91-5A61B56BC743}
T{143AEBB4-5C47-4F82-8181-9D1EE9122B36}
T{6F1ADB96-E75F-49DC-8D94-762B2F22107A}
T{529FB818-7925-4645-A674-5ECD20C1D72D}
T{226CCCCA-8AD7-472E-ABA0-F8802588A6E1}
T{98FBEC48-7F18-4769-B98D-8624F05E94DE}
T{231DFB82-452E-4E66-81FE-7531F3F276BE}
F{AEDAED6B-E837-48A1-8978-6A6B3F4B2007}
T{5CBAF826-5F65-4AAE-A1A3-4F9A809148E6}
T{25C2C3A3-8D9B-40A3-8F3D-25AB4F9031E9}
T{73DE18A2-2CD4-415C-898E-7B31224A0421}
T{B07106CD-121E-4337-862B-65DFC42F8B2E}
F{29CE46FE-678C-41FE-9EF1-393DB71A37A6}
T{D0232679-163F-4D05-9D62-1543671D023D}
F{8C22EF58-86A6-4954-AB96-CCABDD94BEF8}
T{27AF2C1E-EE92-4A6C-B509-00707FC3C5B2}
T{E5BD1BDB-8494-46A6-8799-95CAB1651DC4}
T{359131E7-B4D6-42D8-A0AB-3025EBA06D37}
F{8F5EAD8C-EDC9-4F1D-9B79-2EE36E88D84E}
T{314A028B-E94F-4D3B-A307-78785283CB9B}
T{680A7BFD-1828-48FE-9927-59B16FA41EE8}
T{2250D61A-3038-4234-93ED-FEFAA341DEF3}
T{EDECD63A-0831-44B9-96FB-26304FB21DEE}
T{36C796D6-B9F5-40EE-A346-769307CCD60C}
T{2553C02A-DD0F-43AC-97C0-A2C779B9E9EB}
T{270E3FA0-3807-45FB-BCD0-A0AB6CFBB5FE}
T{7906E9CC-8260-457C-AAAF-28B10B36E829}
T{CD0164DF-3529-426C-98B6-23FD0BA49B7C}
T{D3FC563D-E04A-4683-BDCA-70DA8F69FE29}
F{29DA2BEF-A46E-4735-9BB6-65FF00BF4E5A}
