F{8419E2A1-F1F3-432D-9703-C9C968944D15}
F{7F55B4C9-5250-46EC-99DD-978DE58976C4}
T{A1BAB742-B866-45CC-943B-FF47BA7EA7B1}
T{B38A7816-32BA-487D-9AC0-82154B3BEC30}
T{2A416243-1CDB-461D-8B51-1C5BBB416411}
T{CF08C63C-8482-4BED-8033-220A67FED3A9}
F{9E07C77E-6FB9-480A-8EAF-306634D3C944}
F{ADD9D777-C094-4880-872A-0007E7ED9B52}
T{3452B8E6-3628-4E1D-971D-68D085B1A96C}
T{5D88FD30-9585-4FD2-BC2A-FD3538A231AE}
T{014608FF-723F-4BFF-9D2E-A6CC0330914F}
T{A92DAB31-DB33-444F-81E2-770A4B16C5C6}
T{AD92E40F-34C2-403A-9D0D-6D160C4462C9}
T{CC79D59A-AB32-41BC-8EE2-8E91A1BED2B3}
T{0D0CAEAE-8746-43C7-A7D1-1A6981CDEE8A}
T{764D94B9-FD12-4290-AA53-55034C55F3B3}
T{9C266262-A5A5-4391-B08B-3D1BDCA66181}
T{96B63042-449B-4EB7-BDFA-8A528F0E564C}
T{40775C07-AA6E-457D-A678-C38200B70501}
T{61CEAF1B-8C9A-4B08-B640-084505BD90CD}
T{604D11B3-F9BD-447A-A1A4-F4B641F824B9}
T{C15AA5DC-C847-4AC5-9336-166D943BD4CD}
T{4B579F16-6627-4F34-A2F7-A0E250E99922}
T{43A8CD6C-F28B-4011-B928-791EEAD2D489}
T{7E1D9297-EC9C-43C4-B6DA-EEBFCC3A0CB8}
F{D2395E31-D55C-435E-8800-1EA6D63A397E}
T{96B63042-449B-4EB7-BDFA-8A528F0E564C}
F{297B7FF9-7558-4CF3-8783-B2F9C4954ED0}
F{2E1AB51F-0B22-404F-BD60-217D697A8700}
F{39F4BB7A-30D9-4725-BE4A-7188235408E0}
T{D85B5E71-D239-4148-BF3C-838A2D14BA16}
F{CE2E7CD1-9070-4D7E-BBA8-661B0DFC78B0}
T{B134417C-8635-4ADC-9A35-6A9DCC3AE5E8}
F{2C100D20-177A-4346-B728-C4A79C221D85}
T{54A8B126-7484-4CDA-9496-09F042CBBEB6}
F{374D4401-2963-48AD-907A-C6CA7FDF422E}
T{C7DE7C34-2AA9-4A2A-9B4F-4B596DA52FFF}
T{7D088F6F-FC58-4C86-956C-1647934FAE37}
T{3452B8E6-3628-4E1D-971D-68D085B1A96C}
T{57B885E2-1E66-4730-A026-A6AE42F0B934}
F{AEDAED6B-E837-48A1-8978-6A6B3F4B2007}
T{65769C95-FD13-43CB-A50E-1EBC034FA35E}
F{23C1600C-5248-4CC4-AF04-B376FA685371}
T{54A8B126-7484-4CDA-9496-09F042CBBEB6}
T{3ECF54E1-A504-4E97-85A4-C4A802902C46}
T{EC711E0E-AF0C-47E3-AF53-219F40DDF0F6}
T{CE1AABEE-5F6D-421E-92AE-AB5BF3A3DEEB}
F{C04C3967-D24B-4D5F-BEB4-05458517A158}
F{7F16EE94-C346-408B-9F5B-574A494B60A6}
F{7B8BE9B6-C7C1-47BC-B560-670CBA8CBB1A}
T{8BD304FC-6AFF-4DC7-BA33-C1318D831F5F}
T{BCFB6A6D-30BE-42B1-B7F5-B2467A0AD2C0}
T{390B60D0-51D2-4E7F-BCEF-5B875E2C37CE}
T{6EE66AC9-52F4-4B68-BBEA-A13FDAEB8D90}
T{5F1808D9-19F3-497C-BFDB-54ABBD9D0B0C}
T{1D8F914C-A91F-4CCE-A381-14D6245156E3}
T{EFB9408B-3505-4066-A35F-2D89B8134852}
F{44BC0F9F-5515-4806-8E93-D8E9C02A7C2B}
T{CD97A0B8-0F2D-4E06-8DD6-5D0EC0C986EB}
T{3452B8E6-3628-4E1D-971D-68D085B1A96C}
T{E9B41F7B-36B3-4858-A82E-174C69144503}
T{BA71F25B-7EBE-4E3E-920B-04E581D6D545}
T{CCAD5B38-42B9-4764-9CB9-F26579F93A0E}
F{B554A170-FD1C-4B3A-88DE-9290BB0D9A8D}
T{84E5013D-B7A8-45BC-A21B-3D47C78BC3FF}
T{5CD60952-E6AF-4EFB-8F62-AA8CA807F4A3}
T{BCFB6A6D-30BE-42B1-B7F5-B2467A0AD2C0}
T{9CA63FF4-156D-4808-A447-97556394FD93}
T{014608FF-723F-4BFF-9D2E-A6CC0330914F}
T{18C9FE66-FBE7-4708-AC1D-A602DD4D4FF8}
T{BAD837C2-3315-4C2B-B774-D97450B1756C}
F{429EA552-5556-4FFD-B892-1FC0E077897C}
F{297B7FF9-7558-4CF3-8783-B2F9C4954ED0}
T{7BD36F09-0649-45A8-BC68-B04CCA2E55C8}
T{603C8859-BA50-4476-8CD5-2D60910B54A1}
T{8406EA89-D0D7-4FDD-B98E-42E2CDFBBE6C}
T{54A8B126-7484-4CDA-9496-09F042CBBEB6}
T{79C6CA7A-ADAC-4F9F-A4C8-79B31757B27C}
T{54A8B126-7484-4CDA-9496-09F042CBBEB6}
T{D30B8B5E-32E9-4D29-9924-802B4A302CAC}
T{5D88FD30-9585-4FD2-BC2A-FD3538A231AE}
F{3174CA43-7FFB-4C21-88B7-7F3FEDD624A4}
F{ADA20514-9359-4D10-A846-7AA1332532A0}
T{5D5CC1B2-BAFD-45F2-9BF5-AC2A584B53BC}
T{0B43C3E8-AF13-4B9C-AA56-3423C7C2D1E8}
T{1C6B3D8F-59C1-4A6F-949A-2B735F78380B}
T{3C805FB4-2D7D-48E8-B21A-F56F621A9F63}
T{53E75062-10EB-4F72-9DAA-ADFE106B186A}
T{A1BAB742-B866-45CC-943B-FF47BA7EA7B1}
T{90346A06-6248-4991-917C-0A10096EDC09}
T{C8D2FFEA-6423-4C7B-9BE3-F59D0DF4C4D7}
T{DFFD7F1A-A7A0-49DD-991E-88B43772427F}
F{73A06CE7-A755-4ED0-983C-4BA220D5AA40}
T{C15AA5DC-C847-4AC5-9336-166D943BD4CD}
T{3D8F8615-DB8A-4B22-8ED2-D5C7AB875962}
T{39F4BB7A-30D9-4725-BE4A-7188235408E0}
F{79EA1828-A24E-4754-9DBF-BBF493C6182C}
F{2093D67C-92CB-4264-9C95-2E3C7AE07623}
T{1268D3AF-1C92-4228-B831-BDE536D5C810}
T{C8D2FFEA-6423-4C7B-9BE3-F59D0DF4C4D7}
T{787EC000-230F-4883-BA0B-8EA0991539A4}
T{0B43C3E8-AF13-4B9C-AA56-3423C7C2D1E8}
T{8CA19A41-820B-458C-AAF2-4539FD5138E5}
T{066EF427-6D28-493C-AD30-FDA56785508A}
T{7C19287B-9B9E-46DB-879D-5B12DA3E9BC6}
T{E29AA1B9-F855-4725-B0AC-CCFA22E99263}
T{FACFB418-4869-44B0-8192-82EAE2A5D331}
T{7C19287B-9B9E-46DB-879D-5B12DA3E9BC6}
F{09C11ED3-CD69-4934-82CE-8E91518D25FF}
T{004C7071-B6AD-4DA5-A322-1B52A664D2C4}
T{BD6668B5-6B03-408A-8B36-967AC7254702}
T{90346A06-6248-4991-917C-0A10096EDC09}
T{A6B78540-BDEA-4540-8A4A-3FFE6F43184F}
T{B35D7BED-98CA-4176-9A99-AB3DB17FE5C9}
T{E29AA1B9-F855-4725-B0AC-CCFA22E99263}
T{AD92E40F-34C2-403A-9D0D-6D160C4462C9}
T{4052831E-70E6-482F-8C82-1D5E04255D26}
T{FC0E52F1-8B6B-41CA-8863-681E32FF1B7A}
T{5C68E02A-F1F5-4729-89A6-31A76E5483E6}
T{014608FF-723F-4BFF-9D2E-A6CC0330914F}
T{B1BCA6F5-5FE4-4CB0-8963-03856DFB1609}
T{2553C02A-DD0F-43AC-97C0-A2C779B9E9EB}
F{1277A861-D2C1-44C9-A8D0-8E40E9F2F56F}
T{E29AA1B9-F855-4725-B0AC-CCFA22E99263}
T{60BEBCE0-4EA4-4A9E-A9FC-D97B1C43157F}
T{BCFB6A6D-30BE-42B1-B7F5-B2467A0AD2C0}
F{B814B35E-F0E0-4ADC-A9CD-177C68225AA6}
T{B38A7816-32BA-487D-9AC0-82154B3BEC30}
F{7B8BE9B6-C7C1-47BC-B560-670CBA8CBB1A}
F{FEA473DD-B917-4425-8775-C57D06896C70}
T{23C1600C-5248-4CC4-AF04-B376FA685371}
T{56798934-20E9-4010-9956-647CBCCEC5FD}
T{125107B5-C4E4-44F4-981B-290AFE44EB58}
F{1DC04129-1422-477D-9B8C-14DC324138DC}
T{359C88B9-2DC5-42B7-AEB6-601BCC2C966A}
T{C8D2FFEA-6423-4C7B-9BE3-F59D0DF4C4D7}
T{4D501A5D-2118-4AD8-B3A9-3853F80319FF}
T{DF437893-D310-47C2-AFF6-A8100BCB0643}
T{90346A06-6248-4991-917C-0A10096EDC09}
