T{F365477F-B654-4B01-9255-5B99ADA6719E}
T{3995A144-CD41-489B-925B-554FBCA24F79}
T{7D2A1FCD-82E2-42CA-9640-C1AD75DE6433}
T{A26A6720-30ED-4838-A38F-CCCDC8F49F95}
T{B546C97E-32B3-4E52-AD7C-FF9459017DB2}
T{ADA20514-9359-4D10-A846-7AA1332532A0}
F{BEA69714-37AF-4C8E-A775-9FFC29C3B9C9}
T{4C99BD40-75A4-4133-B683-853109D0166B}
T{4FE5BE1E-A08D-4D7A-86DC-23EB8360C9E9}
F{D5F17BBF-9EBC-4841-993A-7EB0BA9EE7BF}
F{9199BB53-AC93-4FD9-9B90-E8A52E5C2FE3}
T{A24F6FDC-6E2E-4D0B-9038-A9EE6EA59182}
T{78AA6D67-D984-48FB-9B94-5DA7E3948779}
T{F0A47DB6-E579-4555-9155-C9BCE9740092}
T{9483C023-EE03-4A50-85B9-894EC12ADC57}
T{BF05F60D-8EE7-4594-B545-6AD1CDBB47FA}
F{F0F23777-969B-4577-8DF2-11C75007BCEF}
F{4EEF0A93-6B1B-4736-B2AF-B5713367C58D}
T{4FE5BE1E-A08D-4D7A-86DC-23EB8360C9E9}
F{396C5F77-34A5-48C8-87A4-6C315CDFF810}
T{B60185E9-97A9-4BFA-A737-15A880C6ABB3}
F{8FA0B28D-3E9B-4BFC-966A-62E079BBEB57}
T{E7A9D085-02B5-410F-A30B-2C13883D7F8B}
F{9E07C77E-6FB9-480A-8EAF-306634D3C944}
T{BBCE57F9-D6E7-482E-ABD4-5F2902A87264}
F{3A4D4709-026B-490D-9A60-77E7DE6DF741}
T{A39FC5E9-39A3-4DAA-A5AF-BCA65A2BB10B}
T{ADA20514-9359-4D10-A846-7AA1332532A0}
F{20493B30-3540-4264-99D1-7A159CC4D53F}
T{2083E6B1-B8A2-4C73-B8CA-2982FBB93F03}
T{D5F17BBF-9EBC-4841-993A-7EB0BA9EE7BF}
F{B50525FC-0550-420D-BEB4-7932D56CBF58}
T{3ECF54E1-A504-4E97-85A4-C4A802902C46}
T{7DE68009-0959-405B-B248-405FC105EB99}
T{A18539CD-81A5-4A6B-83CB-7B71D1CAA9EA}
T{5818CECD-BB68-4F6C-BD7D-1731BA644822}
T{6B8EEBE2-E961-4CB4-8562-BAE72BC690B0}
T{1B48EB3C-DC5C-4F0B-85C3-EA6AD903F8A7}
T{30FA4F11-2873-4BB2-8883-BD13428EB997}
T{85EC6A1E-4FFB-4A81-BB90-099D2C5D55E1}
T{E12B04A8-8331-470B-BE2C-72173801807F}
T{E7A9D085-02B5-410F-A30B-2C13883D7F8B}
T{A1728D1B-44EB-4D51-BAE4-5C53E3546CF7}
T{34FF5872-1138-4B11-ADFF-DA4F4DCFF5E4}
T{A5CE7C6D-7337-4ECF-AE87-F73A94CE3777}
F{ED0EEB55-504A-4775-A761-9ACD625B25DD}
T{644E846B-8A1B-4EC6-B59F-804DA9B3480C}
T{ABE9C3A1-4087-4EBD-9874-3453A778D9D8}
T{D3559951-8F5F-4990-A544-6499BAF8D4D4}
T{91BE1530-0806-4F95-B96C-8CAB63AF454C}
F{9C9FE710-5C8D-4AFB-896F-184027C1D8C0}
T{FA33265E-821A-464E-AF0E-ABED9F4681F0}
T{6A499FD2-BC59-42E9-A6A7-6809BFB94B61}
F{4E0328B5-F9CB-4994-83CE-40200825F6C2}
T{17AA2624-B395-4464-8C01-8739073B91EF}
F{F1B608F0-C98B-41BD-9CAD-92259DB0455F}
T{6DA4B4EB-DC27-43C4-95DA-E609DF9DACAF}
T{CF3FF04B-2C70-4019-8522-7C346CAFA3D3}
T{A5CE7C6D-7337-4ECF-AE87-F73A94CE3777}
T{FB700B38-4F92-4AEB-A2D4-2BCD0A927305}
T{C0A202AF-9C93-44A2-B0B4-93BE4B8668F1}
F{19AF4E57-3E50-4AB8-B829-15427ACCE505}
T{AA83C7ED-8AC2-404C-9DC5-A22C3F481DB0}
F{2884F070-7286-481F-8A2D-9DA8CA0F0211}
T{85EC6A1E-4FFB-4A81-BB90-099D2C5D55E1}
T{FF829026-8398-4AAD-B6B0-B1271575343F}
F{345CFCAB-526F-4AD1-8A16-10CABEE1AFFB}
F{B05F8B82-27F4-4F0F-B825-17349DF0EA13}
F{3A4D4709-026B-490D-9A60-77E7DE6DF741}
T{B50525FC-0550-420D-BEB4-7932D56CBF58}
T{A6B130DD-3E22-4A14-8CB5-7B5F75D6773C}
T{EA486A09-5A0C-409B-94B2-B5D13F1E1BEB}
F{8C19D98F-59C5-48B3-B519-6221E143453D}
F{8F5EAD8C-EDC9-4F1D-9B79-2EE36E88D84E}
T{A897BFCD-061A-4FF8-AB52-1909F5B4BABD}
F{662B63EA-A93F-4A08-994E-BC6BEAD70CAA}
T{4C99BD40-75A4-4133-B683-853109D0166B}
T{0568CFA4-0B68-48CA-9A80-15F3A9BDF34B}
T{BDE67FD6-C995-428F-BFDC-7F15DBC4F5F6}
T{680A7BFD-1828-48FE-9927-59B16FA41EE8}
T{90346A06-6248-4991-917C-0A10096EDC09}
T{9942F1E8-1444-47A1-8380-256BFE852914}
T{DFFD7F1A-A7A0-49DD-991E-88B43772427F}
F{F6E7BEF9-20FB-41BF-95A3-A91BE3113E01}
F{29DA2BEF-A46E-4735-9BB6-65FF00BF4E5A}
T{DF3090F8-9976-4468-81F9-A7A797A11DB1}
T{A46B3DD8-6858-4B9A-A505-354AF7D40531}
T{8FA0B28D-3E9B-4BFC-966A-62E079BBEB57}
F{EED9659C-588E-45FA-9C05-7C2B24F5FD6A}
T{D5F17BBF-9EBC-4841-993A-7EB0BA9EE7BF}
F{C41A4028-9D85-4E20-8293-5EA1CB024418}
T{A86B0AFA-7795-4469-BE21-257AB81DD398}
T{8B13949D-22F5-4413-9FBE-096E650EF586}
T{8FA0B28D-3E9B-4BFC-966A-62E079BBEB57}
T{A4B5BEF3-30DA-4C71-8AB7-652F0DA38DBC}
T{CFDF9F89-7E7A-4C49-A5A0-BCF13A3C8A81}
T{B50525FC-0550-420D-BEB4-7932D56CBF58}
T{C479A810-45E2-4639-B10F-B842B841D9CB}
T{014608FF-723F-4BFF-9D2E-A6CC0330914F}
T{3995A144-CD41-489B-925B-554FBCA24F79}
F{02EC8791-E6B7-4C86-853B-EC3A3CA83366}
T{C04C3967-D24B-4D5F-BEB4-05458517A158}
T{6E26A387-2A20-4958-BB0E-84C19D305AC5}
T{3452B8E6-3628-4E1D-971D-68D085B1A96C}
T{2C100D20-177A-4346-B728-C4A79C221D85}
F{4F62006C-E537-4AEF-BD45-6530586F4BDB}
F{9070DA29-E341-4C2C-B648-02BBC62BE586}
T{A39FC5E9-39A3-4DAA-A5AF-BCA65A2BB10B}
T{3D9189CA-5C92-4E87-8B21-8ADB68B79169}
T{39265855-C108-4CB7-9775-07483B32A23B}
F{8AE3686B-D10E-49A1-A60D-1B2D4159C0A2}
T{D11675F9-823B-423A-B20B-64C765AF5978}
T{D5F17BBF-9EBC-4841-993A-7EB0BA9EE7BF}
T{18C9FE66-FBE7-4708-AC1D-A602DD4D4FF8}
T{C8D2FFEA-6423-4C7B-9BE3-F59D0DF4C4D7}
T{8FA0B28D-3E9B-4BFC-966A-62E079BBEB57}
T{A39FC5E9-39A3-4DAA-A5AF-BCA65A2BB10B}
