T{D74CF0C9-65B3-49C6-8A6C-F8B549418668}
T{3C3F7017-3235-43DC-B1C4-FCB0BE8CC27C}
T{E458A9CF-498A-441C-BDC2-AFE883AE390E}
F{5CDA95D1-5FB5-4E94-85AC-29C0372D2151}
T{E3683CFC-8679-411E-8A72-D2E9E206F152}
F{EFB9408B-3505-4066-A35F-2D89B8134852}
T{3BBD3C72-1947-4355-A327-EBB5D419D44F}
F{F6E7BEF9-20FB-41BF-95A3-A91BE3113E01}
T{7F64B0FE-A02C-49D0-AF3C-CDF1C37784BA}
T{0F268921-A547-4024-A811-2752A6134AF8}
F{3E147514-3C64-49C3-AF18-9AC078C91388}
T{1C77508F-6FC0-4EAE-AF1D-DAC93F6E9491}
T{D2395E31-D55C-435E-8800-1EA6D63A397E}
F{456AB242-35DF-4D1E-8316-3337D97BF2E7}
T{BB4D5E46-CC77-4320-87A2-418935A98F8A}
T{270E3FA0-3807-45FB-BCD0-A0AB6CFBB5FE}
F{4F62006C-E537-4AEF-BD45-6530586F4BDB}
T{6444F0FD-EA7E-44E5-A4CC-63D0378F9F8D}
F{58A3A29D-E26D-4B25-B619-CE7636552CF4}
T{8C22EF58-86A6-4954-AB96-CCABDD94BEF8}
T{CCC2F21D-BA95-49C2-B4B9-687E97E4527F}
T{96813552-899B-4146-B2BF-75B1ED42FFA5}
T{7DE68009-0959-405B-B248-405FC105EB99}
T{8CB5B7A9-E81A-4B68-A3F1-AE48AC9DC04A}
T{D74CF0C9-65B3-49C6-8A6C-F8B549418668}
T{698F453B-82FA-4933-B560-E06AEB18F812}
F{82E03863-7363-423A-8698-65D3B4E99A7D}
T{D44EC3D3-01D1-4CC0-B288-059B9E402BDB}
F{E665CA4B-ADD9-4C08-8347-84375E49A3F6}
T{D74CF0C9-65B3-49C6-8A6C-F8B549418668}
T{43BF6CA0-11C3-4B38-B8E4-4C7A7914687D}
T{E665CA4B-ADD9-4C08-8347-84375E49A3F6}
T{ECC56722-6EE6-4FF8-9279-F00161D62F98}
T{E1876B80-17E6-4900-B186-04495B2850E4}
F{ABCC0EE4-A2D6-4C04-B2C2-639E4DADE320}
T{769C1553-6A23-4FB3-AE22-99B0CE0C68A7}
T{FA33265E-821A-464E-AF0E-ABED9F4681F0}
F{1893F163-9478-48D4-80C7-E017B2FC54CD}
T{48753C2D-04D3-487E-8DF8-0764E7155388}
T{EC209553-C3AA-4C2B-B02C-BE5012777ED8}
T{A1A87849-5ED8-4B5A-BBFE-BE2C96AF6F1A}
T{A5B9D9FD-1DB6-4AF0-892F-E47469F34A86}
F{20356808-3AF6-42BE-B14B-DBD2D3703292}
T{E1876B80-17E6-4900-B186-04495B2850E4}
T{E458A9CF-498A-441C-BDC2-AFE883AE390E}
T{57FA9F0F-B680-4F4C-A230-069E6DC07D75}
T{05C05204-BFA4-4137-A114-F8AB969FCE0F}
F{7F16EE94-C346-408B-9F5B-574A494B60A6}
T{5F6501ED-D7B8-41D6-ADA1-F950AFEB36C9}
T{4F62006C-E537-4AEF-BD45-6530586F4BDB}
F{15A8508B-C76E-4D3C-926D-E060041F0AA7}
T{48753C2D-04D3-487E-8DF8-0764E7155388}
T{D7748EF0-203D-4783-B54F-BC52B59D6451}
T{06005BD2-936A-4C93-9400-C6D7C9912046}
T{BC1416E8-6078-4AEB-901C-334A33DED754}
F{FD2962F7-6701-40CF-817A-229FE5E4987D}
T{3D768777-04D2-4069-8D86-270DB36802D4}
F{5D88FD30-9585-4FD2-BC2A-FD3538A231AE}
F{C8CAE03D-1A39-4AAC-A6E9-B8F0EAE8FC68}
T{B79BB037-EF54-48E3-A84B-D6916E1B22C8}
T{A26A6720-30ED-4838-A38F-CCCDC8F49F95}
T{B7D309AF-1D07-4D20-A527-473D8526F913}
T{9C9FE710-5C8D-4AFB-896F-184027C1D8C0}
F{425030E9-9B39-4DE7-B8D4-064373B51BE6}
T{E4F98946-A220-412F-992F-047971C2B570}
T{3C3F7017-3235-43DC-B1C4-FCB0BE8CC27C}
F{8AC275BF-5C1F-45B9-A97B-ECB9C62828FF}
T{A511F5B9-4346-4198-AAE6-6A15E30A3506}
T{4052831E-70E6-482F-8C82-1D5E04255D26}
T{0568CFA4-0B68-48CA-9A80-15F3A9BDF34B}
T{4DAD8F44-F724-4A36-83D7-B97D269506DC}
T{1DC04129-1422-477D-9B8C-14DC324138DC}
T{9588DE11-7633-44D5-B6DA-5B1FBE56BE65}
T{2884F070-7286-481F-8A2D-9DA8CA0F0211}
F{297B7FF9-7558-4CF3-8783-B2F9C4954ED0}
T{F3FD5354-E860-4B3B-A820-1A26C51C5A85}
T{35AF1927-CB57-4743-88A4-A078C18E9D89}
T{DEFC19B2-B7D2-4B38-8FDD-28ECF911109A}
T{F22DB2C1-903E-45A6-8CAA-EB427E42F4C2}
T{CD041609-7B71-49AF-9B39-CA3DB41F561C}
F{909CB593-2C11-4EEF-99F7-E48515DE9716}
T{30D48049-D818-465D-A693-6F4ABE5B450E}
F{7B3F0545-5E23-4E91-9CD2-5FCB6AA4F4AF}
F{29644DE5-1AA7-46BA-86D6-F03FFA7A62C9}
