T{DEFC19B2-B7D2-4B38-8FDD-28ECF911109A}
T{F97F0F8F-E9C5-4638-AEBE-BB9034C72DE0}
T{05AD6744-9F3D-441E-B0A3-1E99F82CA06B}
F{6F1ADB96-E75F-49DC-8D94-762B2F22107A}
F{75E78B00-3C0E-4173-903A-16E9B6745A42}
F{F9C7A102-5B04-4CA7-8D70-43162F90B389}
T{76863661-7D37-43D7-96DB-7F3F8964D9AA}
T{D2DFAB85-44ED-4FD6-BC74-FB42EB6D034B}
F{79C6CA7A-ADAC-4F9F-A4C8-79B31757B27C}
T{DC0A27C7-3C00-4C38-9672-6AC0C20A3BB6}
F{59FE8EF3-A495-4728-AEB6-7C6ACE3DB0AB}
T{3D8F8615-DB8A-4B22-8ED2-D5C7AB875962}
T{D63681B4-66AA-474B-8A7E-EE8579DF8498}
T{9D5F5AAB-4DA4-4CA6-B7C4-C929B7F79CC0}
T{2A6322B3-D8A4-4973-8E7A-326E9ABFC402}
T{6D934D0D-61DA-4730-963D-0912D411BF08}
T{981FD6CB-2D56-4721-8F82-DD2AE818BD0E}
T{E29AA1B9-F855-4725-B0AC-CCFA22E99263}
F{2A3162F1-EF4F-468A-84EC-27585ABA38A5}
T{8B6E2846-24C6-4FFA-99A6-6D4803E42B7B}
F{2884F070-7286-481F-8A2D-9DA8CA0F0211}
F{E665CA4B-ADD9-4C08-8347-84375E49A3F6}
T{F39E6DEC-B39A-4333-9A62-F6C1520209C0}
T{8A08DB61-5F79-4684-8B5D-DF63848B6FAC}
F{11BDAFBE-AF07-43ED-A453-01CBBC6F0096}
T{D9F0D281-3E8B-46DB-9927-3A6B5143C5AC}
T{396C5F77-34A5-48C8-87A4-6C315CDFF810}
T{F39E6DEC-B39A-4333-9A62-F6C1520209C0}
T{BB9B12D7-3726-432B-890C-2A0FE4562D63}
T{D63681B4-66AA-474B-8A7E-EE8579DF8498}
T{602A3E27-CA8B-4FE6-8090-63E5990704AB}
T{2250D61A-3038-4234-93ED-FEFAA341DEF3}
T{DB9E806E-6E9E-450C-A5E5-D11317F104DE}
F{B4383D07-45DF-4FEC-AF01-F0464AC8C092}
T{BB9B12D7-3726-432B-890C-2A0FE4562D63}
T{961E0CEA-6559-4D91-8D46-A10284DA9FEF}
T{FA33265E-821A-464E-AF0E-ABED9F4681F0}
T{698F453B-82FA-4933-B560-E06AEB18F812}
T{C98CDB95-E22E-4783-8E3C-27C81271153A}
F{58A3A29D-E26D-4B25-B619-CE7636552CF4}
T{85EC6A1E-4FFB-4A81-BB90-099D2C5D55E1}
T{5C68E02A-F1F5-4729-89A6-31A76E5483E6}
F{7A97DF42-FCE9-4922-AE9E-8BFDA8EB28DB}
T{7C19287B-9B9E-46DB-879D-5B12DA3E9BC6}
F{121B8B9C-BC9B-416C-8D61-20A6C6A56D76}
T{CBF0834B-DADD-4752-B18A-7CFE6FDBD1CC}
T{7F64B0FE-A02C-49D0-AF3C-CDF1C37784BA}
F{9BD2BE32-BE96-47DE-B8ED-123676D6C5E6}
T{1E45920D-4F25-4909-946D-4B10E2286CEA}
T{8F3CCD97-F6E5-401C-BCAD-750136C55E40}
F{E392A171-B854-4EA8-BA26-CE4E42EA2EA9}
F{82E87862-18D7-4239-8EEE-0F7DA8BBA5D9}
T{B0088C4C-38A9-44E7-95E0-0614D6554627}
T{121B8B9C-BC9B-416C-8D61-20A6C6A56D76}
T{AB0A034C-06E1-481C-8EFA-1B2558A7E7A5}
T{28CFA8DE-F2A8-4228-8389-9D68530CB348}
F{F9A05FA7-A766-40E9-A4D6-EC595C1E896C}
T{FC982A77-05E9-4D45-9A58-5B815A77D14E}
T{429EA552-5556-4FFD-B892-1FC0E077897C}
T{8F572C7A-9F22-47F0-B6BC-4060D74D03E8}
F{3AD5458D-CCB9-4BBA-89FC-2C7E17572F6D}
T{E392A171-B854-4EA8-BA26-CE4E42EA2EA9}
T{C04C3967-D24B-4D5F-BEB4-05458517A158}
T{24FBB49C-4521-4C54-BE2C-3B700BB32138}
T{8A08DB61-5F79-4684-8B5D-DF63848B6FAC}
T{C04C3967-D24B-4D5F-BEB4-05458517A158}
T{28CFA8DE-F2A8-4228-8389-9D68530CB348}
T{76863661-7D37-43D7-96DB-7F3F8964D9AA}
T{57FA9F0F-B680-4F4C-A230-069E6DC07D75}
T{5C68E02A-F1F5-4729-89A6-31A76E5483E6}
T{EF7C3373-9DEB-4B5A-9CFB-E41A84539019}
T{CBF0834B-DADD-4752-B18A-7CFE6FDBD1CC}
T{AC7ED345-CA3F-4549-BDC1-0360C6C9CCC2}
T{511FA13E-5F21-4CFB-82EF-EC246889CE63}
F{2D728798-C6AA-4FBF-A24F-13D0E99CBC96}
