F{996DDEA1-CF44-47E1-860E-FB1C870E4AEA}
T{396C5F77-34A5-48C8-87A4-6C315CDFF810}
T{EBF82749-6D26-4D9C-A62C-455F5B84E97B}
T{52A07AB4-C36C-41C7-AE44-DEBBF76E194E}
T{FF829026-8398-4AAD-B6B0-B1271575343F}
F{49D513BF-DCE5-4DF2-99F3-63E18EE2A48C}
T{AB0A034C-06E1-481C-8EFA-1B2558A7E7A5}
T{7FC3E754-7B59-4D2C-8FA2-7FAF4E7FEB45}
T{0D0CAEAE-8746-43C7-A7D1-1A6981CDEE8A}
T{EEBD636B-C8E9-4750-946D-24962DF48B5D}
T{AB20BE13-4202-43D3-A03A-8023C20457A9}
T{9E07C77E-6FB9-480A-8EAF-306634D3C944}
T{78AA6D67-D984-48FB-9B94-5DA7E3948779}
T{2A3162F1-EF4F-468A-84EC-27585ABA38A5}
T{5CDA95D1-5FB5-4E94-85AC-29C0372D2151}
T{4E6FACE5-C5D0-4D11-AE20-6C0B210FBED8}
T{7F16EE94-C346-408B-9F5B-574A494B60A6}
F{9469A6D4-4344-4554-A1E8-758FB0DC2AB5}
F{AFC431B0-03E4-4336-A555-DFF17A5C3140}
T{4289D098-C6DB-4B37-B97A-B1A7228BB187}
T{7FC3E754-7B59-4D2C-8FA2-7FAF4E7FEB45}
F{DCEE2F52-DEC3-4643-A6EC-17DBE40B4600}
T{2A416243-1CDB-461D-8B51-1C5BBB416411}
T{F1B608F0-C98B-41BD-9CAD-92259DB0455F}
T{11CFE0FA-0D9A-4B8F-AF16-FFEA189255F6}
T{1D8FCE0C-A184-4F7C-93E2-912083F0DD68}
F{11BDAFBE-AF07-43ED-A453-01CBBC6F0096}
T{D0232679-163F-4D05-9D62-1543671D023D}
T{97B462E9-8DF9-4F7C-A712-561FC9A6E207}
T{2B4C8FAC-670E-4D97-88A5-6F2D814FA99B}
T{9AA9D8C6-D9F5-40B4-BEE4-058BF91B218B}
T{DCEE2F52-DEC3-4643-A6EC-17DBE40B4600}
F{2093D67C-92CB-4264-9C95-2E3C7AE07623}
T{D143A7C5-AE74-4B8F-A41E-7CDB1637F073}
T{1FEEF7E8-32B3-4103-983B-504993234079}
T{270E3FA0-3807-45FB-BCD0-A0AB6CFBB5FE}
T{0911F4BB-D36E-4400-ADE6-BFFAD4726082}
F{E6443076-9601-42FA-B3E1-3F3295D83BF2}
F{CDEB8860-4DA4-4914-B185-B62192F5E494}
T{AEDF1ADF-4B49-4F94-8829-E32608071E7D}
T{357DF8C5-768D-4536-8D4B-C8155847D8BD}
T{EB237684-FF25-4E45-8752-242E2985F4D4}
T{B79BB037-EF54-48E3-A84B-D6916E1B22C8}
F{996DDEA1-CF44-47E1-860E-FB1C870E4AEA}
T{CDEB8860-4DA4-4914-B185-B62192F5E494}
F{F9C7A102-5B04-4CA7-8D70-43162F90B389}
T{3EFE8DC0-9BCB-471E-97B3-AE7A44EC1E23}
T{705AC428-6724-46AE-84D8-2A6FDBAB24BF}
F{47D43E99-F32A-4C62-8F38-EFEF063034F1}
F{29644DE5-1AA7-46BA-86D6-F03FFA7A62C9}
T{E1876B80-17E6-4900-B186-04495B2850E4}
T{04BD32AA-CE28-4E21-BB0D-F193ABE965CF}
T{19AF4E57-3E50-4AB8-B829-15427ACCE505}
F{39D72B08-AF18-4914-B307-CCF474DCAE90}
T{8AC275BF-5C1F-45B9-A97B-ECB9C62828FF}
T{010AC0EA-72CD-4F88-8631-101F7D8E4A9B}
F{121B8B9C-BC9B-416C-8D61-20A6C6A56D76}
T{AB20BE13-4202-43D3-A03A-8023C20457A9}
F{39F4BB7A-30D9-4725-BE4A-7188235408E0}
F{880B5116-70AE-419B-9B80-AB74C03279FD}
F{E307061F-B7DA-4FB4-AF08-81F593694A04}
T{B336AEDF-9E41-465A-9A3B-FE02216B9060}
T{DACCA13A-4E0E-42F9-9583-B830B27BA8D1}
T{2812FFEE-7044-498C-AD09-8C16E22420F2}
T{0E0D8B29-1B76-45D8-88EF-7B8C15922016}
T{4D501A5D-2118-4AD8-B3A9-3853F80319FF}
T{A86B0AFA-7795-4469-BE21-257AB81DD398}
T{19AF4E57-3E50-4AB8-B829-15427ACCE505}
F{7FD28B7B-FA70-44C7-9675-D4EF8367B708}
F{4B50C4F3-0976-4505-A65B-2BBB11C76646}
T{0DF59973-D6C2-43D1-97F6-47B5F799A34D}
T{0F268921-A547-4024-A811-2752A6134AF8}
T{8EBE82B4-0D6C-48F9-BB95-C0D10DAE6CBB}
T{014608FF-723F-4BFF-9D2E-A6CC0330914F}
F{2D728798-C6AA-4FBF-A24F-13D0E99CBC96}
F{841229BB-3250-411F-8B3E-401943C8EBDC}
T{48753C2D-04D3-487E-8DF8-0764E7155388}
T{EEDB52E8-E369-40BE-94CB-212662AA78C7}
T{1277A861-D2C1-44C9-A8D0-8E40E9F2F56F}
F{20493B30-3540-4264-99D1-7A159CC4D53F}
T{9BB092A1-21D6-4518-9679-07390C14051A}
T{2D728798-C6AA-4FBF-A24F-13D0E99CBC96}
T{3D82DD18-4ADB-4D59-A944-DE979A731583}
T{0A978680-CC9B-47DC-8CB3-E1ED0D8AAB68}
T{5F8270CD-8576-4ED7-B275-EE5B5804702D}
T{8906EDBC-3482-4A8B-89F1-681709ACF29D}
T{2B4C8FAC-670E-4D97-88A5-6F2D814FA99B}
T{CB34B221-B0BE-4C4E-93F3-C7A5CB80657E}
T{712BCDE0-4C1B-4096-87D8-48F6551CCA8F}
F{94812A52-3FE3-47A6-87D1-5100215408E7}
T{2A3162F1-EF4F-468A-84EC-27585ABA38A5}
T{10F6C512-7666-48D7-A59C-1D0D2FE66F52}
T{AEDF1ADF-4B49-4F94-8829-E32608071E7D}
F{C39329BE-0A8D-4655-B78F-479A48616C15}
F{C2ADC25C-21DD-4BD3-838D-A1309D245951}
F{CC70508D-5B81-49BA-8F71-2BEA87D6465B}
F{A6E14042-AE7F-4DE4-B4E0-F500C8D2753C}
T{9C9FE710-5C8D-4AFB-896F-184027C1D8C0}
F{297B7FF9-7558-4CF3-8783-B2F9C4954ED0}
T{34D0C32E-F688-43D1-AC1F-030FA28BE427}
F{4213493A-303C-4F76-8BD9-FDEA9D612E68}
T{4E6FACE5-C5D0-4D11-AE20-6C0B210FBED8}
T{34D0C32E-F688-43D1-AC1F-030FA28BE427}
F{DF8C7825-B0B0-4524-8A4C-389FB513EE15}
T{9C90C1C3-EA5A-4792-8996-7215F3FF38CE}
T{29DA2BEF-A46E-4735-9BB6-65FF00BF4E5A}
F{687EF416-E927-4EE4-96E2-96960C593CCF}
T{ABE9C3A1-4087-4EBD-9874-3453A778D9D8}
T{EDE5A0D1-DA93-44C3-AE83-1977B51A9525}
T{9070DA29-E341-4C2C-B648-02BBC62BE586}
T{8B58617F-5169-4850-B282-66DF47728B1E}
F{1D874E57-AAC6-4D48-9E06-AC3CDCE0B645}
T{4B579F16-6627-4F34-A2F7-A0E250E99922}
F{E6443076-9601-42FA-B3E1-3F3295D83BF2}
F{297B7FF9-7558-4CF3-8783-B2F9C4954ED0}
