T{FA33265E-821A-464E-AF0E-ABED9F4681F0}
F{0E948924-C007-45F5-BCCC-FA050EE90492}
T{90AF76F3-86A5-418E-9A94-576E7CF001CA}
T{2BE35168-96DE-4264-A55A-F6A82EB2B399}
T{6AB930CD-69AD-408C-840B-46CDADA8ED36}
F{CBF89639-A609-48CF-8101-51D24B595C06}
T{65F3CDC5-CA75-4C5B-A1F0-1262463BA448}
T{159B7151-2470-480A-AFB0-7D2FD6738912}
T{94EC81F9-9417-475D-BB1A-2E0049C3CA67}
F{8F5EAD8C-EDC9-4F1D-9B79-2EE36E88D84E}
F{3174CA43-7FFB-4C21-88B7-7F3FEDD624A4}
T{5CBAF826-5F65-4AAE-A1A3-4F9A809148E6}
T{9B17EA33-A0DD-4388-8AC4-1C36340942C1}
T{C145130F-4DD4-443B-8BF4-0C7F751C5A1D}
F{79C6CA7A-ADAC-4F9F-A4C8-79B31757B27C}
F{450B7200-341A-49B2-9CCB-DD042BD7A50A}
T{D544EFFE-1F13-4675-BA5A-D68BCE755E03}
T{1FFAE0B1-F603-41F4-BB59-20872D97D38D}
T{A39FC5E9-39A3-4DAA-A5AF-BCA65A2BB10B}
F{297B7FF9-7558-4CF3-8783-B2F9C4954ED0}
T{F1B608F0-C98B-41BD-9CAD-92259DB0455F}
F{BAF04E36-6579-418A-8D93-14600F23D4A8}
T{540EB13D-BEF7-4D11-B27D-C4877D32C88B}
F{FCABC518-C2D0-44D1-A965-D79C454F08B3}
T{137200CF-1F7D-4011-9118-98362D61C40D}
T{0E948924-C007-45F5-BCCC-FA050EE90492}
F{34EFA854-B11B-40AD-8151-331E169964FC}
T{4CA6FEAC-D8C9-47FA-B3EF-C8559EB3E50A}
T{7F16EE94-C346-408B-9F5B-574A494B60A6}
F{C2ADC25C-21DD-4BD3-838D-A1309D245951}
F{B09C05DB-64F9-4543-8C24-1128B5733761}
F{B93103C6-A81E-4B26-AA68-77F8A47F8934}
F{29644DE5-1AA7-46BA-86D6-F03FFA7A62C9}
T{A6B130DD-3E22-4A14-8CB5-7B5F75D6773C}
T{D3FC563D-E04A-4683-BDCA-70DA8F69FE29}
F{B38A7816-32BA-487D-9AC0-82154B3BEC30}
T{2884F070-7286-481F-8A2D-9DA8CA0F0211}
T{D2236429-B727-4B46-B9D0-60210F5BEF6D}
F{9CA63FF4-156D-4808-A447-97556394FD93}
T{1ABD4B84-D957-4ECB-98D4-DD9F27FC4A2A}
T{AFC431B0-03E4-4336-A555-DFF17A5C3140}
F{4213493A-303C-4F76-8BD9-FDEA9D612E68}
T{FC5B8B1E-AED1-4E63-88A5-09F9746EFE97}
T{9109AF85-3BDE-4164-91CB-03DC484A25E6}
T{271E11AE-7BC1-4282-A4B7-A76E5F5BAC59}
F{BC43E808-2523-479C-8136-A34B971A1720}
T{B1BCA6F5-5FE4-4CB0-8963-03856DFB1609}
T{8B13949D-22F5-4413-9FBE-096E650EF586}
T{3D9189CA-5C92-4E87-8B21-8ADB68B79169}
T{C04C3967-D24B-4D5F-BEB4-05458517A158}
T{2082416A-D541-4F3F-B5A4-5E310052BFC7}
T{2A416243-1CDB-461D-8B51-1C5BBB416411}
T{297B7FF9-7558-4CF3-8783-B2F9C4954ED0}
T{961E0CEA-6559-4D91-8D46-A10284DA9FEF}
T{C785901A-48BB-4840-A9CE-8C07B33805E9}
T{3291C74C-C66B-4C4A-A45D-6AECFD3E99D2}
T{C54D1BD3-4ADE-454B-A549-D5071ABD8CC5}
T{297B7FF9-7558-4CF3-8783-B2F9C4954ED0}
T{D552B0E0-0FBB-4B82-AE91-066537A56F1E}
T{374D4401-2963-48AD-907A-C6CA7FDF422E}
F{8C19D98F-59C5-48B3-B519-6221E143453D}
T{BE400CDE-543A-4DAB-95B7-0A5E4FE9677F}
T{D2DFAB85-44ED-4FD6-BC74-FB42EB6D034B}
T{36A8DD9B-5A4C-473C-8583-6EC3AD34AC1E}
T{5CDA95D1-5FB5-4E94-85AC-29C0372D2151}
T{2553C02A-DD0F-43AC-97C0-A2C779B9E9EB}
T{27AF2C1E-EE92-4A6C-B509-00707FC3C5B2}
T{5F6501ED-D7B8-41D6-ADA1-F950AFEB36C9}
T{B546C97E-32B3-4E52-AD7C-FF9459017DB2}
T{2884F070-7286-481F-8A2D-9DA8CA0F0211}
F{F33750C1-8DDC-4451-9A3B-9AC9DE62DE44}
T{0911F4BB-D36E-4400-ADE6-BFFAD4726082}
T{1ABD4B84-D957-4ECB-98D4-DD9F27FC4A2A}
T{9E0F7D24-06A4-4C67-9F54-5CCBBCD1B09C}
F{1277A861-D2C1-44C9-A8D0-8E40E9F2F56F}
T{FA741A2E-2826-4939-8DD2-5FEF172891B5}
T{1828FFC4-432E-4BD7-B9C3-18306C96B65B}
T{3291C74C-C66B-4C4A-A45D-6AECFD3E99D2}
T{CF56C427-2DBB-40B4-BDCC-D650E30F1C6F}
T{1828FFC4-432E-4BD7-B9C3-18306C96B65B}
T{1268D3AF-1C92-4228-B831-BDE536D5C810}
T{75477B4F-E668-4579-9CB4-EEB49D45DEDD}
T{F53E8E8E-6F93-416C-957E-A8B7E0E0DCEF}
T{8B13949D-22F5-4413-9FBE-096E650EF586}
