T{02718AFD-41F9-4D2D-B72B-C925C49F870C}
T{C8D2FFEA-6423-4C7B-9BE3-F59D0DF4C4D7}
F{79EA1828-A24E-4754-9DBF-BBF493C6182C}
T{8AC275BF-5C1F-45B9-A97B-ECB9C62828FF}
T{20493B30-3540-4264-99D1-7A159CC4D53F}
F{AEDAED6B-E837-48A1-8978-6A6B3F4B2007}
T{488599B6-4DE2-42BC-8F2E-4B018A6AE172}
T{38D34500-D9B4-4FE5-87DF-55C419EA1D84}
T{EE03C3AB-D39E-45F0-B97C-5EE16214DFDA}
T{F94FD8AF-A129-46BD-A9D1-BE9D3B86DE0B}
T{746D83F7-88A9-40A0-B6E5-79C6C7AAD02C}
T{04BD32AA-CE28-4E21-BB0D-F193ABE965CF}
T{6A6A0DA0-A5EC-416A-884A-D32B4393C8CB}
T{50F4AD06-D3DD-4A9F-9A25-84CE92A30F31}
F{297B7FF9-7558-4CF3-8783-B2F9C4954ED0}
F{6DA4B4EB-DC27-43C4-95DA-E609DF9DACAF}
F{6F06B94F-9BA7-401D-8BA5-3862949DD84F}
F{757B50D7-04BA-4AF1-90F4-62FF8F8A0193}
F{94812A52-3FE3-47A6-87D1-5100215408E7}
T{6E26A387-2A20-4958-BB0E-84C19D305AC5}
T{5C10304F-B278-4D08-B63A-88CF2D441B8E}
F{2E1AB51F-0B22-404F-BD60-217D697A8700}
F{3A80726B-C684-4CEC-897B-27F778C5067E}
T{D6C00713-B5BB-4C37-933E-E54F0C5BDD3C}
F{CC70508D-5B81-49BA-8F71-2BEA87D6465B}
T{5818CECD-BB68-4F6C-BD7D-1731BA644822}
T{8814D978-0940-49F7-A01C-DBA1926D68D2}
T{29DA2BEF-A46E-4735-9BB6-65FF00BF4E5A}
T{80639649-975A-4F5B-99E0-D788FF9CAAB9}
T{27AF2C1E-EE92-4A6C-B509-00707FC3C5B2}
T{EFB9408B-3505-4066-A35F-2D89B8134852}
T{C2612C32-617E-4155-8E78-9E427C1C0416}
F{9483C023-EE03-4A50-85B9-894EC12ADC57}
T{F54D28F5-2266-47D5-9610-4DB0BD2129AF}
F{1D874E57-AAC6-4D48-9E06-AC3CDCE0B645}
T{43BF6CA0-11C3-4B38-B8E4-4C7A7914687D}
F{4213493A-303C-4F76-8BD9-FDEA9D612E68}
T{D5812C66-1417-4425-B9A1-00D8FD156FB1}
T{A5F4C750-87F5-43FB-9705-13780F7E3B25}
T{3ECF54E1-A504-4E97-85A4-C4A802902C46}
T{962165C0-4859-495F-BE81-66359BB4DC9B}
F{2093D67C-92CB-4264-9C95-2E3C7AE07623}
T{11BDAFBE-AF07-43ED-A453-01CBBC6F0096}
T{4460589A-EBB5-4ADA-BBCD-99DCE6E55FA6}
T{3E147514-3C64-49C3-AF18-9AC078C91388}
T{2A3162F1-EF4F-468A-84EC-27585ABA38A5}
T{B60185E9-97A9-4BFA-A737-15A880C6ABB3}
T{0CA9D74F-6767-4368-8C30-8FB559EFD52E}
T{78AA6D67-D984-48FB-9B94-5DA7E3948779}
T{F94FD8AF-A129-46BD-A9D1-BE9D3B86DE0B}
T{A6B78540-BDEA-4540-8A4A-3FFE6F43184F}
T{D1041F8F-E132-40CD-A1BF-7FA17EC8B951}
F{20356808-3AF6-42BE-B14B-DBD2D3703292}
F{219C1C1F-F5BE-4E5B-BF5B-49FA79236BAE}
T{409D950E-4929-49D8-8FE2-21C8652169F1}
T{066EF427-6D28-493C-AD30-FDA56785508A}
F{15E6319F-DFB1-469E-8644-225B1A9D07E7}
T{7D2A1FCD-82E2-42CA-9640-C1AD75DE6433}
T{29DA2BEF-A46E-4735-9BB6-65FF00BF4E5A}
F{AFBD35C3-CF1C-4390-A875-3A88F1D2DD13}
T{29DA2BEF-A46E-4735-9BB6-65FF00BF4E5A}
T{29DA2BEF-A46E-4735-9BB6-65FF00BF4E5A}
F{AEDAED6B-E837-48A1-8978-6A6B3F4B2007}
T{50F4AD06-D3DD-4A9F-9A25-84CE92A30F31}
T{B4383D07-45DF-4FEC-AF01-F0464AC8C092}
F{DE46CA11-BE59-4DA4-9A1B-2689B5179775}
F{7B3F0545-5E23-4E91-9CD2-5FCB6AA4F4AF}
T{3E147514-3C64-49C3-AF18-9AC078C91388}
T{7E220165-223A-4C02-BA7F-3568E3D4F91C}
T{D143A7C5-AE74-4B8F-A41E-7CDB1637F073}
T{FC0E52F1-8B6B-41CA-8863-681E32FF1B7A}
T{8EBE82B4-0D6C-48F9-BB95-C0D10DAE6CBB}
F{456AB242-35DF-4D1E-8316-3337D97BF2E7}
T{D6DDF437-6919-4B2D-B7C4-0007123649F3}
T{D552B0E0-0FBB-4B82-AE91-066537A56F1E}
T{E6443076-9601-42FA-B3E1-3F3295D83BF2}
T{3995A144-CD41-489B-925B-554FBCA24F79}
T{2E1AB51F-0B22-404F-BD60-217D697A8700}
T{BE62B7B9-A638-4146-BCB0-E60710EE4D71}
F{909CB593-2C11-4EEF-99F7-E48515DE9716}
T{396C5F77-34A5-48C8-87A4-6C315CDFF810}
F{7B8BE9B6-C7C1-47BC-B560-670CBA8CBB1A}
T{D1FD1180-2784-4A61-99E5-0866BFE236C0}
F{6EB09528-F7C3-45E8-BA82-2850E7C7E921}
T{D052B490-771B-405E-A4D1-33B03B8EA1A9}
T{DFA938A7-7454-45E7-9095-EF9FA581B464}
F{7F9E65AF-5267-4CA7-875A-78C8E32947BD}
T{CD041609-7B71-49AF-9B39-CA3DB41F561C}
T{3A80726B-C684-4CEC-897B-27F778C5067E}
F{CCE45B8D-6C06-4A3A-AE4C-8C46D9CAE4DF}
T{54A8B126-7484-4CDA-9496-09F042CBBEB6}
T{38D34500-D9B4-4FE5-87DF-55C419EA1D84}
T{1893F163-9478-48D4-80C7-E017B2FC54CD}
F{DCEE2F52-DEC3-4643-A6EC-17DBE40B4600}
F{0F42BD5D-CBAB-44E5-9606-588A1924B9AD}
F{96B63042-449B-4EB7-BDFA-8A528F0E564C}
T{36A8DD9B-5A4C-473C-8583-6EC3AD34AC1E}
F{CCC474F6-7F33-41C8-A25B-A1C8743D95CA}
T{79EA1828-A24E-4754-9DBF-BBF493C6182C}
F{841229BB-3250-411F-8B3E-401943C8EBDC}
T{764D94B9-FD12-4290-AA53-55034C55F3B3}
F{B05F8B82-27F4-4F0F-B825-17349DF0EA13}
T{47B2932F-398F-4A14-8187-09A398E37D83}
T{974576EB-A431-4A54-B28F-8A934A3308EB}
T{1277A861-D2C1-44C9-A8D0-8E40E9F2F56F}
T{7D088F6F-FC58-4C86-956C-1647934FAE37}
T{604D11B3-F9BD-447A-A1A4-F4B641F824B9}
F{C29D6124-5BAA-4C11-916A-5E1169AE52D9}
F{6A6A0DA0-A5EC-416A-884A-D32B4393C8CB}
T{6EE66AC9-52F4-4B68-BBEA-A13FDAEB8D90}
F{FF14783A-35C4-4E1F-ADC0-599803934F57}
T{C29D6124-5BAA-4C11-916A-5E1169AE52D9}
T{15E6319F-DFB1-469E-8644-225B1A9D07E7}
F{DB9E806E-6E9E-450C-A5E5-D11317F104DE}
T{9579ED23-4CA1-4FAD-93BE-E581C087AED3}
T{4D501A5D-2118-4AD8-B3A9-3853F80319FF}
F{33B37AD8-298E-494B-9F93-B001A9A759CB}
F{C60A6FAA-70CC-4472-864E-CC01091C2B52}
T{D544EFFE-1F13-4675-BA5A-D68BCE755E03}
T{B93103C6-A81E-4B26-AA68-77F8A47F8934}
T{A86B0AFA-7795-4469-BE21-257AB81DD398}
F{3A4D4709-026B-490D-9A60-77E7DE6DF741}
