T{2250D61A-3038-4234-93ED-FEFAA341DEF3}
T{41E1963A-CB36-437E-ACEF-9BAB89E083F4}
F{5E5229EA-6BFD-4895-A134-D30DA9E9DA58}
T{75957CF1-FF6B-4473-AFB4-075F3AF577D8}
F{F3D5BDF3-9C80-4768-8771-893C8C9779C8}
F{2AD1BCA1-C47B-45DE-92EC-77AC928CE59B}
T{1FD1302B-6CF4-4936-A025-3182E532DAD2}
T{44BC0F9F-5515-4806-8E93-D8E9C02A7C2B}
F{5CE4651D-F4C5-4230-989F-0F7657F4692D}
T{44A6B443-F408-4F17-8C56-EC753D4C5156}
T{0E0D8B29-1B76-45D8-88EF-7B8C15922016}
T{B554A170-FD1C-4B3A-88DE-9290BB0D9A8D}
F{2AD1BCA1-C47B-45DE-92EC-77AC928CE59B}
T{43A8CD6C-F28B-4011-B928-791EEAD2D489}
T{5D88FD30-9585-4FD2-BC2A-FD3538A231AE}
T{28C203D3-E69B-4F28-BFF7-D14DEFC2FC6B}
T{283B4577-BA5B-46D9-9C23-78189C429A25}
T{6A6A0DA0-A5EC-416A-884A-D32B4393C8CB}
F{B09C05DB-64F9-4543-8C24-1128B5733761}
F{33B37AD8-298E-494B-9F93-B001A9A759CB}
F{0A7C018F-A1F3-4DDD-B456-1EFE808B094E}
T{CE2E7CD1-9070-4D7E-BBA8-661B0DFC78B0}
T{F33117BE-5934-4523-B957-A7F953EDF511}
T{75949224-F0AB-4DDB-B99B-9093EF1D92AF}
F{F9C7A102-5B04-4CA7-8D70-43162F90B389}
T{EEDB52E8-E369-40BE-94CB-212662AA78C7}
F{A14B6BB9-7580-409E-8D77-92E2E36CDC3B}
T{BA71F25B-7EBE-4E3E-920B-04E581D6D545}
F{B8BE9042-6EA1-422E-951F-F4A5F9D8D43C}
T{112E144D-35D7-40D8-90DA-45BD192801AC}
F{79EA1828-A24E-4754-9DBF-BBF493C6182C}
T{CB0FA766-14B7-472F-8E83-1BFDA4C9DB9E}
T{87594233-A404-456A-AC00-FFC03798C390}
T{F3FD5354-E860-4B3B-A820-1A26C51C5A85}
T{F59DC453-D32A-4088-8B9F-DB3447E079A8}
T{9B17EA33-A0DD-4388-8AC4-1C36340942C1}
F{1BD3ADA1-5E36-453A-994D-796686327EA0}
T{226CCCCA-8AD7-472E-ABA0-F8802588A6E1}
F{6ABBA800-8AAF-4683-85E7-26E76892A532}
F{0C829417-D371-41CA-80EC-38C5C1103276}
T{5F9287B2-618A-48E3-BE1F-D0687A319D08}
F{18C9FE66-FBE7-4708-AC1D-A602DD4D4FF8}
F{29CE46FE-678C-41FE-9EF1-393DB71A37A6}
T{4B5D1186-E74B-4819-BDD3-92DF67B0FF79}
T{41E1963A-CB36-437E-ACEF-9BAB89E083F4}
F{3D6D9F66-121E-432D-B777-F4B64B4F4FFE}
T{543EA4B5-50D7-437E-B35E-A6842F65E129}
F{10B5DD85-BB7D-4294-BAC7-8134DF8E3F8F}
T{21B8C2D9-CD53-4C19-9485-483195AB2553}
T{A1BAB742-B866-45CC-943B-FF47BA7EA7B1}
T{3AD5458D-CCB9-4BBA-89FC-2C7E17572F6D}
F{9A18E1CB-E4AB-47F3-A43C-7C4EBDF44F8D}
F{24F05396-DA82-4FC9-AB1D-8302C7298591}
T{B60185E9-97A9-4BFA-A737-15A880C6ABB3}
F{56599AE9-13B5-49C2-B804-CA6BE050B31D}
T{90346A06-6248-4991-917C-0A10096EDC09}
F{5E582835-A7A5-4327-8C6A-D81E4D7216FD}
F{9199BB53-AC93-4FD9-9B90-E8A52E5C2FE3}
F{98BD9ACC-9323-41BE-86FF-BFFB9874B0CA}
T{F9C7A102-5B04-4CA7-8D70-43162F90B389}
F{F54D28F5-2266-47D5-9610-4DB0BD2129AF}
T{CCC2F21D-BA95-49C2-B4B9-687E97E4527F}
T{C584307D-7A84-4C9E-AB3B-BAB8F939CD2E}
F{28CFA8DE-F2A8-4228-8389-9D68530CB348}
F{801BE00C-259C-4978-8AB5-27C0F0E2B441}
F{446BE5BE-5636-4E09-82FE-40B10FF786C7}
F{04453FEC-0677-4F5D-91F1-870A0EBE5E21}
T{65205F34-9496-44BE-A44C-77CC153E3F7D}
F{A6E14042-AE7F-4DE4-B4E0-F500C8D2753C}
F{DF8C7825-B0B0-4524-8A4C-389FB513EE15}
T{A84D952D-29CA-422D-A5EB-12E7372AB970}
T{99776289-8D12-4CAF-BAAA-8B2B190EFC6F}
F{297B7FF9-7558-4CF3-8783-B2F9C4954ED0}
T{86A03D86-BA5C-4CF1-91ED-F7F27430D51B}
F{D2E355BE-09F3-4329-8BE2-BDA7F35A2362}
T{0E6F62F6-8492-4D1A-B356-0AE374E7BBFD}
F{7F742AF1-A6EE-4DA7-ACDD-D82BA51B30CC}
T{BA71F25B-7EBE-4E3E-920B-04E581D6D545}
F{521DF5E3-D313-48FF-9E35-FB65FE3B9460}
F{47AB1B5E-B44B-4C7E-9D31-01697BF39035}
T{7CF537BB-DCBA-4F9C-82DC-62818AD136A4}
T{40775C07-AA6E-457D-A678-C38200B70501}
F{841229BB-3250-411F-8B3E-401943C8EBDC}
T{D2E355BE-09F3-4329-8BE2-BDA7F35A2362}
F{4213493A-303C-4F76-8BD9-FDEA9D612E68}
T{76A675E4-F806-477E-8661-307BEC09FF75}
F{15A8508B-C76E-4D3C-926D-E060041F0AA7}
T{FF14783A-35C4-4E1F-ADC0-599803934F57}
F{A0B32FEC-80B4-45E5-97CD-1E12DB821BBD}
T{FCED36FE-20C3-4539-9B47-59BFD371DFCA}
T{EEBD636B-C8E9-4750-946D-24962DF48B5D}
T{BBCE57F9-D6E7-482E-ABD4-5F2902A87264}
T{5CE4651D-F4C5-4230-989F-0F7657F4692D}
T{511FA13E-5F21-4CFB-82EF-EC246889CE63}
T{3D768777-04D2-4069-8D86-270DB36802D4}
F{0B083DF7-6B6D-4403-BD7C-1A47AACE79F7}
T{44BC0F9F-5515-4806-8E93-D8E9C02A7C2B}
T{F0F23777-969B-4577-8DF2-11C75007BCEF}
T{512E9D5E-3E4B-4B84-A669-82750A2B2849}
T{662B63EA-A93F-4A08-994E-BC6BEAD70CAA}
T{9D75CEEF-644D-4EF6-BBB7-E0F2FE0E620D}
F{6F06B94F-9BA7-401D-8BA5-3862949DD84F}
T{2B71108D-7FA8-4E72-8355-711308208FA2}
T{283B4577-BA5B-46D9-9C23-78189C429A25}
T{5CE4651D-F4C5-4230-989F-0F7657F4692D}
T{A5CE7C6D-7337-4ECF-AE87-F73A94CE3777}
T{97B462E9-8DF9-4F7C-A712-561FC9A6E207}
T{681F136F-1B72-4283-B9DE-C103303514AB}
T{D6C00713-B5BB-4C37-933E-E54F0C5BDD3C}
T{4B5D1186-E74B-4819-BDD3-92DF67B0FF79}
T{97B462E9-8DF9-4F7C-A712-561FC9A6E207}
T{89E0FFB4-391F-4AB2-8655-1DE7E832119E}
T{0F268921-A547-4024-A811-2752A6134AF8}
T{59FE8EF3-A495-4728-AEB6-7C6ACE3DB0AB}
T{BDE705AE-A2FD-4CEF-AD74-E48F470C60E4}
F{F9A05FA7-A766-40E9-A4D6-EC595C1E896C}
T{9D27DA16-90F9-435A-BA72-A2753930D5B8}
T{DC1064D7-4446-400B-AACA-A3B061224428}
T{EEDB52E8-E369-40BE-94CB-212662AA78C7}
T{55D35167-A131-43C6-8016-57F73465CA63}
T{4052831E-70E6-482F-8C82-1D5E04255D26}
F{CD819E00-BFBE-4FDC-AC57-B4C854703EA7}
F{7DEA04D7-0614-4041-A732-5DD0BF98403E}
T{D7023B66-30A7-4E29-A4A9-DF37FA49B87D}
T{45D33991-F0E0-449E-8551-D867BAF0C9A8}
T{CE74C08C-0B0E-4826-A8F4-E8865E8E884C}
T{5FA3B17D-4088-4897-8624-0386C713ABD7}
F{BEA69714-37AF-4C8E-A775-9FFC29C3B9C9}
F{7A97DF42-FCE9-4922-AE9E-8BFDA8EB28DB}
T{BB040E56-6EBC-4435-AFA5-56C29ACAB205}
F{71539232-530D-43EF-9D1D-B9F9A70C1EB7}
T{143AEBB4-5C47-4F82-8181-9D1EE9122B36}
F{880B5116-70AE-419B-9B80-AB74C03279FD}
T{9606601D-4D35-4493-A9CE-1C60E7CFFD06}
T{B3DBC7A6-65D1-45CA-BBB0-0E02C7DD21CA}
T{D7731662-E2AB-45C6-84CE-BC2CD13D6EC9}
T{5480AB33-033A-49D5-9EEC-1B44F7BA8BB0}
T{0C1EBE4B-5648-4DC7-B5AE-36AF0B92D826}
T{D3559951-8F5F-4990-A544-6499BAF8D4D4}
F{38FD2DF2-C126-4E2B-82AD-1E83E3707F90}
F{B7C3273B-E1F3-4222-B348-D96D7F5573CA}
F{2078046F-55C7-4CA9-9EA3-76035E6036AB}
T{7014383E-8E2F-4276-A944-28D17816C2A5}
T{B554A170-FD1C-4B3A-88DE-9290BB0D9A8D}
T{B40ECDA5-7C42-4A96-A25B-4C7DA9378EC7}
T{02E7984E-1CE2-412A-B2BF-BF7B7B9447EF}
F{AEDAED6B-E837-48A1-8978-6A6B3F4B2007}
F{C52C7B12-818E-411C-8615-150540E9EC59}
F{4213493A-303C-4F76-8BD9-FDEA9D612E68}
T{9B17EA33-A0DD-4388-8AC4-1C36340942C1}
T{B546C97E-32B3-4E52-AD7C-FF9459017DB2}
F{2D2152AE-AD39-4D22-A839-5CF0B1A75F43}
