T{8A220B91-F895-4C2A-9A6D-2F62E933FEE8}
T{89E0FFB4-391F-4AB2-8655-1DE7E832119E}
T{DACCA13A-4E0E-42F9-9583-B830B27BA8D1}
T{06262218-19D7-48B2-9D77-B4B9F6BB78D2}
F{6E692D19-6B9F-4D0C-9A75-2E3B6AF194B4}
T{C7BC2994-CD38-4283-A8F8-8ACB9DC971D9}
F{4F62006C-E537-4AEF-BD45-6530586F4BDB}
T{A6B78540-BDEA-4540-8A4A-3FFE6F43184F}
T{29DA2BEF-A46E-4735-9BB6-65FF00BF4E5A}
T{EB237684-FF25-4E45-8752-242E2985F4D4}
T{D5812C66-1417-4425-B9A1-00D8FD156FB1}
T{226CCCCA-8AD7-472E-ABA0-F8802588A6E1}
F{ADD9D777-C094-4880-872A-0007E7ED9B52}
T{FBA8408F-4D25-4730-8A62-810A6ECD6DF1}
T{AC929737-C595-48E9-BCC1-CCDB8853C2EB}
T{A5F4C750-87F5-43FB-9705-13780F7E3B25}
T{AC929737-C595-48E9-BCC1-CCDB8853C2EB}
F{A6E14042-AE7F-4DE4-B4E0-F500C8D2753C}
F{9A1CFA80-E575-4A8D-A49B-A27D09C52AFC}
F{6E01EE86-957F-499A-BC69-B566D5C119CD}
T{8A08DB61-5F79-4684-8B5D-DF63848B6FAC}
T{EE03C3AB-D39E-45F0-B97C-5EE16214DFDA}
F{B4C63766-55DD-4FF3-A860-9A6740188489}
T{CCAD5B38-42B9-4764-9CB9-F26579F93A0E}
T{57012CFA-85E6-4510-942E-18AC78B7F380}
F{02EC8791-E6B7-4C86-853B-EC3A3CA83366}
T{6EE2115F-6C41-4A56-8819-B77708E85DA7}
T{20356808-3AF6-42BE-B14B-DBD2D3703292}
F{79C6CA7A-ADAC-4F9F-A4C8-79B31757B27C}
T{65769C95-FD13-43CB-A50E-1EBC034FA35E}
T{38FD2DF2-C126-4E2B-82AD-1E83E3707F90}
T{7B8BE9B6-C7C1-47BC-B560-670CBA8CBB1A}
F{A70963E1-1C80-4D72-856E-255480C7FBAE}
T{374D4401-2963-48AD-907A-C6CA7FDF422E}
T{55E7622E-7C01-427F-BA8F-6A63DF11FA69}
T{521DF5E3-D313-48FF-9E35-FB65FE3B9460}
F{FADB164C-1078-4E31-A2A1-191060104FEE}
T{BC43E808-2523-479C-8136-A34B971A1720}
F{ED0EEB55-504A-4775-A761-9ACD625B25DD}
F{F33750C1-8DDC-4451-9A3B-9AC9DE62DE44}
F{824D5AD9-F1E3-4AC9-8D2F-00A1B72F33AC}
T{F94FD8AF-A129-46BD-A9D1-BE9D3B86DE0B}
T{F657F59B-6533-4900-AC16-B5F075F5773A}
T{57012CFA-85E6-4510-942E-18AC78B7F380}
T{BC43E808-2523-479C-8136-A34B971A1720}
T{8A220B91-F895-4C2A-9A6D-2F62E933FEE8}
T{6E01EE86-957F-499A-BC69-B566D5C119CD}
T{644E846B-8A1B-4EC6-B59F-804DA9B3480C}
T{7B8BE9B6-C7C1-47BC-B560-670CBA8CBB1A}
T{EE133B41-99B8-40D8-A41F-0B7B31F4C564}
T{880B5116-70AE-419B-9B80-AB74C03279FD}
T{803BCCF8-3ACE-4B8D-B75A-E7CA8648F62B}
T{ABDCEEFF-32A8-49DE-940E-AAD311ED2973}
T{0C829417-D371-41CA-80EC-38C5C1103276}
F{13463F1C-C22D-4AC6-A5CD-DD3D8F772558}
T{0C829417-D371-41CA-80EC-38C5C1103276}
T{3B72C1E4-1783-437E-A97D-D268BBB588A3}
F{4E99C025-92E1-49BF-B885-7D51325F070A}
F{49D513BF-DCE5-4DF2-99F3-63E18EE2A48C}
T{4D501A5D-2118-4AD8-B3A9-3853F80319FF}
F{0431E32E-900A-4FED-91A8-FE0E8FE7D5F0}
T{F4963C65-5BEF-4374-8FBE-5C7473A5F7CD}
T{CEFF3E06-D488-41CF-9296-8DBB4CBF92AB}
T{880B5116-70AE-419B-9B80-AB74C03279FD}
T{55D35167-A131-43C6-8016-57F73465CA63}
F{5C10304F-B278-4D08-B63A-88CF2D441B8E}
T{5C10304F-B278-4D08-B63A-88CF2D441B8E}
T{CA4F8D88-3C63-421B-92A5-71BFBE7DFE4D}
F{227641A7-B726-42D4-A5A6-05F51738FF66}
T{39D72B08-AF18-4914-B307-CCF474DCAE90}
T{390B60D0-51D2-4E7F-BCEF-5B875E2C37CE}
T{FA19B317-579E-4230-928B-8B324CB58467}
T{7E220165-223A-4C02-BA7F-3568E3D4F91C}
T{4C99BD40-75A4-4133-B683-853109D0166B}
F{4807B21B-92C7-4436-8926-894E98466422}
T{FA741A2E-2826-4939-8DD2-5FEF172891B5}
F{9B8BD2D2-998F-4BA0-91F8-7654C0B0DB3E}
T{39F4BB7A-30D9-4725-BE4A-7188235408E0}
T{C29B06AD-D8B4-4DA8-B37F-86D56BBD1AE5}
T{DEFC19B2-B7D2-4B38-8FDD-28ECF911109A}
T{0F43D660-5D72-4A6B-B9AD-6F2BF30839B7}
F{345CFCAB-526F-4AD1-8A16-10CABEE1AFFB}
T{0A7C018F-A1F3-4DDD-B456-1EFE808B094E}
T{2A3162F1-EF4F-468A-84EC-27585ABA38A5}
T{ABB3A4C3-EB2C-4BCD-B8E3-6B5767041C76}
F{3CE40F78-5A9A-47EE-B848-F4384BBF999A}
T{ADD9D777-C094-4880-872A-0007E7ED9B52}
T{5CF946A3-252C-48CA-811F-3467206FED58}
T{C7BC2994-CD38-4283-A8F8-8ACB9DC971D9}
T{3ECF54E1-A504-4E97-85A4-C4A802902C46}
T{69614AD6-96EB-41F7-BAAF-F12344D203B4}
T{64B3D907-4A5D-454B-99A3-E3A9F336DFBA}
T{832BAA07-33B7-49FE-B9EE-12C8137E98C3}
T{9B2ABBC8-EDF7-4F4A-938C-41485646207E}
F{9483C023-EE03-4A50-85B9-894EC12ADC57}
F{34FF5872-1138-4B11-ADFF-DA4F4DCFF5E4}
T{0A978680-CC9B-47DC-8CB3-E1ED0D8AAB68}
F{82E03863-7363-423A-8698-65D3B4E99A7D}
T{1D93DBF9-986E-4716-99D0-C996ADEC64E0}
T{CE4AF5BC-0FC5-4F57-9E9D-DBC559F7FABA}
T{BAF04E36-6579-418A-8D93-14600F23D4A8}
T{E54556A4-4D98-414A-8FCC-5CDC7139F115}
T{E54556A4-4D98-414A-8FCC-5CDC7139F115}
T{A1728D1B-44EB-4D51-BAE4-5C53E3546CF7}
T{0EE2DF07-F621-4A83-9A33-5ED050DB426D}
T{CB0FA766-14B7-472F-8E83-1BFDA4C9DB9E}
T{C145130F-4DD4-443B-8BF4-0C7F751C5A1D}
T{CD5E41D4-78E9-435C-A100-1A4480FC3149}
T{6C4CA106-3C74-4719-B505-A2AC5327DC90}
T{0C083069-1680-48CF-8EFE-574E85BE171D}
T{314A028B-E94F-4D3B-A307-78785283CB9B}
T{3D82DD18-4ADB-4D59-A944-DE979A731583}
F{FE9A8AA0-52A3-44D9-8510-FF6F28E87CAE}
F{FF61A468-8BBF-424C-ACE1-1F641F65EB0B}
T{287B8F0F-5137-47DC-ADCB-EE4A755E4F83}
T{F94FD8AF-A129-46BD-A9D1-BE9D3B86DE0B}
T{04BD32AA-CE28-4E21-BB0D-F193ABE965CF}
T{69614AD6-96EB-41F7-BAAF-F12344D203B4}
T{C05EDC77-1508-4D01-B387-6EED91762F8E}
T{65F3CDC5-CA75-4C5B-A1F0-1262463BA448}
T{3BBD3C72-1947-4355-A327-EBB5D419D44F}
T{A6E14042-AE7F-4DE4-B4E0-F500C8D2753C}
F{FCABC518-C2D0-44D1-A965-D79C454F08B3}
T{9D5F5AAB-4DA4-4CA6-B7C4-C929B7F79CC0}
F{B50525FC-0550-420D-BEB4-7932D56CBF58}
F{CAA3922F-64DC-448C-A1E1-C31A4620FE0D}
F{E665CA4B-ADD9-4C08-8347-84375E49A3F6}
T{30F6088E-48E3-4912-A9CB-ADD77AAB22DA}
T{FC5B8B1E-AED1-4E63-88A5-09F9746EFE97}
F{0F42BD5D-CBAB-44E5-9606-588A1924B9AD}
F{CDEB8860-4DA4-4914-B185-B62192F5E494}
F{D8A94B8C-529B-40BF-B9BF-02207E2EF1E6}
T{B0088C4C-38A9-44E7-95E0-0614D6554627}
F{0B083DF7-6B6D-4403-BD7C-1A47AACE79F7}
T{0C829417-D371-41CA-80EC-38C5C1103276}
F{391AB647-7A5C-4779-98B3-0FA81167F1DF}
T{0B334FDF-080E-434B-ABD9-2044F8A13A60}
T{9B2ABBC8-EDF7-4F4A-938C-41485646207E}
F{A23E3434-52A1-4D9D-BFDF-51D18ED3F0A1}
T{AC7ED345-CA3F-4549-BDC1-0360C6C9CCC2}
T{B814B35E-F0E0-4ADC-A9CD-177C68225AA6}
T{C0A202AF-9C93-44A2-B0B4-93BE4B8668F1}
T{E29AA1B9-F855-4725-B0AC-CCFA22E99263}
T{8814D978-0940-49F7-A01C-DBA1926D68D2}
T{E12690B0-8708-419F-A4FA-2E14227E0B38}
F{03A017A2-48D0-4C64-827F-4A1FED904179}
T{10597677-CC79-49A7-80A9-B75D91CA10FB}
F{E307061F-B7DA-4FB4-AF08-81F593694A04}
F{F18D1C36-04EF-4959-A541-95C7DA77F148}
T{BB89D6B1-3351-45DD-BA36-C66A725A50EB}
T{FCA2A5A6-B76F-4934-BD1E-C12D3BF962CD}
F{15B0ABDA-723A-4A8D-8183-9E9EBB5749B0}
T{8299BD04-2599-4EFA-9A44-D8A448C1B5DC}
T{5F6501ED-D7B8-41D6-ADA1-F950AFEB36C9}
T{E6DC63B9-3E56-4D40-870D-08E1F08CE150}
T{CBF0834B-DADD-4752-B18A-7CFE6FDBD1CC}
T{521DF5E3-D313-48FF-9E35-FB65FE3B9460}
T{F94FD8AF-A129-46BD-A9D1-BE9D3B86DE0B}
T{79C6CA7A-ADAC-4F9F-A4C8-79B31757B27C}
T{D052B490-771B-405E-A4D1-33B03B8EA1A9}
T{79C6CA7A-ADAC-4F9F-A4C8-79B31757B27C}
T{3E8BB054-AE90-45AE-97A0-B342F90FD2BD}
T{1C77508F-6FC0-4EAE-AF1D-DAC93F6E9491}
T{718F3991-6162-4204-9DE8-DE994D0FF085}
T{D970B18B-0F7C-4692-9929-6715363D296B}
T{603C8859-BA50-4476-8CD5-2D60910B54A1}
T{5E5229EA-6BFD-4895-A134-D30DA9E9DA58}
T{C7DE7C34-2AA9-4A2A-9B4F-4B596DA52FFF}
T{F53E8E8E-6F93-416C-957E-A8B7E0E0DCEF}
T{3AD5458D-CCB9-4BBA-89FC-2C7E17572F6D}
T{456AB242-35DF-4D1E-8316-3337D97BF2E7}
F{AEDAED6B-E837-48A1-8978-6A6B3F4B2007}
T{F9C7A102-5B04-4CA7-8D70-43162F90B389}
T{B4383D07-45DF-4FEC-AF01-F0464AC8C092}
T{389F88F5-79EB-4667-8EEA-2FD6F4766DC3}
T{FA741A2E-2826-4939-8DD2-5FEF172891B5}
T{E6443076-9601-42FA-B3E1-3F3295D83BF2}
T{A511F5B9-4346-4198-AAE6-6A15E30A3506}
T{BAD837C2-3315-4C2B-B774-D97450B1756C}
T{F3FD5354-E860-4B3B-A820-1A26C51C5A85}
F{E0C229D3-617C-483F-9E6D-44B33D64F293}
F{C8CAE03D-1A39-4AAC-A6E9-B8F0EAE8FC68}
T{718F3991-6162-4204-9DE8-DE994D0FF085}
T{D158770B-0AFE-4423-8B8A-036E7658523D}
T{A29CBF6D-1B67-4AAD-8846-E7C1896C4EF9}
F{540EB13D-BEF7-4D11-B27D-C4877D32C88B}
T{3B72C1E4-1783-437E-A97D-D268BBB588A3}
T{585A8C3A-6E76-456E-ABCC-8803C25457FB}
F{50E384C3-AB4F-4655-8C1C-9AE08A6F2349}
T{23C1600C-5248-4CC4-AF04-B376FA685371}
T{1893F163-9478-48D4-80C7-E017B2FC54CD}
T{547202C8-FADB-408E-8901-E16D1AE00FB5}
T{5F8270CD-8576-4ED7-B275-EE5B5804702D}
T{8C19D98F-59C5-48B3-B519-6221E143453D}
T{3D6D9F66-121E-432D-B777-F4B64B4F4FFE}
T{64A5B9B8-9319-4BB7-9090-AB15DBD340FA}
T{94EC81F9-9417-475D-BB1A-2E0049C3CA67}
F{82E03863-7363-423A-8698-65D3B4E99A7D}
T{AFC431B0-03E4-4336-A555-DFF17A5C3140}
F{2A869A2E-9D67-41B0-891B-88D23B1DEFE1}
T{DB9E806E-6E9E-450C-A5E5-D11317F104DE}
F{1780E018-9C81-474F-B783-C8B15FFE9359}
T{DC1064D7-4446-400B-AACA-A3B061224428}
T{4EFE76AD-1685-4B8B-AE5A-01559EF7165E}
T{B320B9FD-5005-41DD-B598-D995A1EFF7DC}
T{271E11AE-7BC1-4282-A4B7-A76E5F5BAC59}
T{A1C2757C-2F9D-48E8-8E86-B243F3A7ECF7}
T{E9B41F7B-36B3-4858-A82E-174C69144503}
F{F5B7156A-BCB2-4A3D-8CD2-B78CF49D4C4D}
T{50E384C3-AB4F-4655-8C1C-9AE08A6F2349}
F{DCEE2F52-DEC3-4643-A6EC-17DBE40B4600}
T{5F9287B2-618A-48E3-BE1F-D0687A319D08}
T{6E692D19-6B9F-4D0C-9A75-2E3B6AF194B4}
T{1BF40C62-5932-4BD4-8563-7E0CCE9CC73E}
F{45FC34DF-5CFD-4BAB-B40B-947813620992}
T{FEF4B732-497A-48E4-92FA-2430A0F25B57}
F{03A017A2-48D0-4C64-827F-4A1FED904179}
F{368F535D-EA7E-452D-85F4-D94BF908BD0E}
T{83E5F65E-10C5-4CDC-928F-2029981827D8}
T{619D176F-9CDD-4494-8C66-5EDB4F936AF1}
T{CF08C63C-8482-4BED-8033-220A67FED3A9}
T{B05F8B82-27F4-4F0F-B825-17349DF0EA13}
T{EC209553-C3AA-4C2B-B02C-BE5012777ED8}
T{8F572C7A-9F22-47F0-B6BC-4060D74D03E8}
T{57FA9F0F-B680-4F4C-A230-069E6DC07D75}
F{47D43E99-F32A-4C62-8F38-EFEF063034F1}
T{302F5F4D-C7AA-450D-A4B8-83E7DF1B7308}
T{3CE40F78-5A9A-47EE-B848-F4384BBF999A}
T{96C912B3-E4F7-4B23-960B-531EAF86A6B0}
F{A9DF3A92-1858-4AD5-B1B2-94779EEFC88E}
T{54A8B126-7484-4CDA-9496-09F042CBBEB6}
T{0DF59973-D6C2-43D1-97F6-47B5F799A34D}
T{FDDB2FB1-6752-4D38-802D-7AFAD16D0028}
T{10F6C512-7666-48D7-A59C-1D0D2FE66F52}
T{E0C229D3-617C-483F-9E6D-44B33D64F293}
F{18C9FE66-FBE7-4708-AC1D-A602DD4D4FF8}
T{A18539CD-81A5-4A6B-83CB-7B71D1CAA9EA}
F{F34B8D1D-265D-482E-8885-09A66AF45183}
F{94812A52-3FE3-47A6-87D1-5100215408E7}
F{2D2152AE-AD39-4D22-A839-5CF0B1A75F43}
F{2093D67C-92CB-4264-9C95-2E3C7AE07623}
T{766B3A28-60B5-4E03-9E27-7E53FB628950}
T{933839D1-F2A8-4388-8996-5F13B08BA6D0}
T{10597677-CC79-49A7-80A9-B75D91CA10FB}
T{B814B35E-F0E0-4ADC-A9CD-177C68225AA6}
F{C60A6FAA-70CC-4472-864E-CC01091C2B52}
T{9B738F81-E62B-4A7C-910A-C815DB012A10}
T{8F572C7A-9F22-47F0-B6BC-4060D74D03E8}
F{A4B5BEF3-30DA-4C71-8AB7-652F0DA38DBC}
T{73F3BA05-466B-42B7-A720-E8F059407953}
T{B1A3CA16-5105-4A96-8DA3-2444C2BB07F9}
F{BCEBDF63-0F20-41EA-95F7-6E989B5A63B6}
T{B86FEB54-D96A-45A2-8396-9F4256FDE76A}
T{90AF76F3-86A5-418E-9A94-576E7CF001CA}
F{0F42BD5D-CBAB-44E5-9606-588A1924B9AD}
T{B9A4E86F-AA71-4DF1-921C-914659D57CBD}
F{297B7FF9-7558-4CF3-8783-B2F9C4954ED0}
T{5F1808D9-19F3-497C-BFDB-54ABBD9D0B0C}
T{C60A6FAA-70CC-4472-864E-CC01091C2B52}
T{CD515358-ED0F-4586-9E29-CBE346D3D939}
F{AA43E9A3-5DC5-43B0-B5B3-5E7D8070F97B}
T{4FE5BE1E-A08D-4D7A-86DC-23EB8360C9E9}
T{FDE26AA0-E44E-4376-A94E-581BDCC4D321}
F{4213493A-303C-4F76-8BD9-FDEA9D612E68}
T{FDDB2FB1-6752-4D38-802D-7AFAD16D0028}
F{BC0D65A7-E1E4-4331-9A3F-1EE32B4641CB}
T{619D176F-9CDD-4494-8C66-5EDB4F936AF1}
T{B79BB037-EF54-48E3-A84B-D6916E1B22C8}
T{0666F3C8-135C-48FE-A805-BE54B04D73FC}
T{09C11ED3-CD69-4934-82CE-8E91518D25FF}
F{CF5E35CE-3EDB-4DA6-AA42-AEC7CCBF6F0E}
F{AEDAED6B-E837-48A1-8978-6A6B3F4B2007}
F{EED9659C-588E-45FA-9C05-7C2B24F5FD6A}
T{989BC558-F90F-4477-B69A-C50542F39657}
T{0E948924-C007-45F5-BCCC-FA050EE90492}
F{855B9F87-F436-46C2-B53A-BEF1CBD64B96}
F{E392A171-B854-4EA8-BA26-CE4E42EA2EA9}
T{1FFAE0B1-F603-41F4-BB59-20872D97D38D}
T{079C0D5B-FA33-4507-B20D-C9AD7F1F259B}
T{8CA19A41-820B-458C-AAF2-4539FD5138E5}
T{456AB242-35DF-4D1E-8316-3337D97BF2E7}
F{F3BB19AC-FC9A-42E1-8759-3A8C0357FB5F}
T{227641A7-B726-42D4-A5A6-05F51738FF66}
T{FB642FC9-F3F4-49A2-8E31-CBD71FF892AA}
F{1B49D7F4-ECDB-418F-B1DB-12C60B246243}
T{0C829417-D371-41CA-80EC-38C5C1103276}
T{47B2932F-398F-4A14-8187-09A398E37D83}
F{141DC251-7ADF-4EA8-AC72-29227C1D8FC2}
T{FE5D4804-4713-44DE-9606-1F146BBCAC1F}
F{EB8FFB4E-4B06-4556-A2C5-75DD02B234FB}
F{CFFB8766-1678-4B02-9F47-B9502ACF4569}
T{9469A6D4-4344-4554-A1E8-758FB0DC2AB5}
T{45FC34DF-5CFD-4BAB-B40B-947813620992}
T{B09C05DB-64F9-4543-8C24-1128B5733761}
F{801BE00C-259C-4978-8AB5-27C0F0E2B441}
F{82E87862-18D7-4239-8EEE-0F7DA8BBA5D9}
T{15A8508B-C76E-4D3C-926D-E060041F0AA7}
T{F14E0106-DA7B-4670-A266-A6A9A641DE1D}
T{436C3071-3CD9-46C5-8CA5-EA4F274955AE}
T{F752147C-9108-49D9-B91E-124FF84ED01D}
