F{6D934D0D-61DA-4730-963D-0912D411BF08}
F{DF8C7825-B0B0-4524-8A4C-389FB513EE15}
F{B50525FC-0550-420D-BEB4-7932D56CBF58}
T{40775C07-AA6E-457D-A678-C38200B70501}
F{2D728798-C6AA-4FBF-A24F-13D0E99CBC96}
T{40775C07-AA6E-457D-A678-C38200B70501}
T{0431E32E-900A-4FED-91A8-FE0E8FE7D5F0}
T{CF3FF04B-2C70-4019-8522-7C346CAFA3D3}
F{FE9A8AA0-52A3-44D9-8510-FF6F28E87CAE}
T{C05EDC77-1508-4D01-B387-6EED91762F8E}
T{9109AF85-3BDE-4164-91CB-03DC484A25E6}
T{2D2152AE-AD39-4D22-A839-5CF0B1A75F43}
T{1DD29212-3F91-44FA-A7F2-AFBFD0AF8300}
T{79C6CA7A-ADAC-4F9F-A4C8-79B31757B27C}
F{3A4D4709-026B-490D-9A60-77E7DE6DF741}
T{396C5F77-34A5-48C8-87A4-6C315CDFF810}
T{BFE33EAA-AE59-47C4-BE1F-EA226D574482}
T{B7C3273B-E1F3-4222-B348-D96D7F5573CA}
T{ADD9D777-C094-4880-872A-0007E7ED9B52}
F{23C1600C-5248-4CC4-AF04-B376FA685371}
F{8F5EAD8C-EDC9-4F1D-9B79-2EE36E88D84E}
T{359C88B9-2DC5-42B7-AEB6-601BCC2C966A}
T{F365477F-B654-4B01-9255-5B99ADA6719E}
T{91BE1530-0806-4F95-B96C-8CAB63AF454C}
T{CEE63E51-F0D8-4792-B449-A351A7C860BD}
T{C29B06AD-D8B4-4DA8-B37F-86D56BBD1AE5}
T{1D1A07BE-BF06-4748-B76F-BCC5DD98875C}
T{05C05204-BFA4-4137-A114-F8AB969FCE0F}
T{5818CECD-BB68-4F6C-BD7D-1731BA644822}
T{832BAA07-33B7-49FE-B9EE-12C8137E98C3}
F{64DE416A-B183-461E-B9FD-3D3991A3A49C}
T{1D8F914C-A91F-4CCE-A381-14D6245156E3}
T{C54D1BD3-4ADE-454B-A549-D5071ABD8CC5}
T{A6E14042-AE7F-4DE4-B4E0-F500C8D2753C}
F{297B7FF9-7558-4CF3-8783-B2F9C4954ED0}
F{FD2962F7-6701-40CF-817A-229FE5E4987D}
T{9606601D-4D35-4493-A9CE-1C60E7CFFD06}
T{009AE52B-66AC-41D9-891D-6177392489F6}
T{BFA23646-B7F0-4910-9AD8-D871D086CF93}
T{159B7151-2470-480A-AFB0-7D2FD6738912}
T{D92910D1-4AA7-4CA4-898D-1FCFF351BF52}
T{56FBDB65-3EA3-458A-B2B4-A1818101A3B2}
F{A70963E1-1C80-4D72-856E-255480C7FBAE}
T{BD7D6448-EF39-4BD9-8425-29F9BDD659F9}
F{C8CAE03D-1A39-4AAC-A6E9-B8F0EAE8FC68}
T{935175F2-450F-4274-9CB2-654AF5782407}
T{10597677-CC79-49A7-80A9-B75D91CA10FB}
T{5CD60952-E6AF-4EFB-8F62-AA8CA807F4A3}
T{D5812C66-1417-4425-B9A1-00D8FD156FB1}
F{82E87862-18D7-4239-8EEE-0F7DA8BBA5D9}
F{CF56C427-2DBB-40B4-BDCC-D650E30F1C6F}
T{F4568F73-06FC-45AD-ACC4-EB43ECB58487}
F{04C96E97-849D-438B-96DD-277C36DEDA04}
T{6E26A387-2A20-4958-BB0E-84C19D305AC5}
T{23B776F4-22F2-4940-ADC2-BDD2977D23EF}
F{121B8B9C-BC9B-416C-8D61-20A6C6A56D76}
T{E392A171-B854-4EA8-BA26-CE4E42EA2EA9}
T{7FD28B7B-FA70-44C7-9675-D4EF8367B708}
F{3297E98A-9E30-4B0F-9B49-EABE5022F084}
T{9579ED23-4CA1-4FAD-93BE-E581C087AED3}
F{DCEA5090-83FB-402D-8C62-6554C602A8FE}
F{9B8BD2D2-998F-4BA0-91F8-7654C0B0DB3E}
T{BB4D5E46-CC77-4320-87A2-418935A98F8A}
T{CCC2F21D-BA95-49C2-B4B9-687E97E4527F}
T{5CF946A3-252C-48CA-811F-3467206FED58}
T{010AC0EA-72CD-4F88-8631-101F7D8E4A9B}
T{B93103C6-A81E-4B26-AA68-77F8A47F8934}
T{2FEE0EBB-2734-4170-9574-FBB3B193DFCD}
T{04C96E97-849D-438B-96DD-277C36DEDA04}
T{0431E32E-900A-4FED-91A8-FE0E8FE7D5F0}
T{17AA2624-B395-4464-8C01-8739073B91EF}
T{72F1DEE9-D8D0-482C-ABCB-20CCFE6648A6}
T{3A6CBD49-BCD6-4AC4-96F1-1A1763E05087}
T{6D221B99-B64A-495A-AC7A-295129C8081B}
T{D64934D1-5DE1-482E-B94E-078E14B99E60}
T{7A65463B-9560-4686-82D4-51AB53A6D08A}
T{E1876B80-17E6-4900-B186-04495B2850E4}
T{CF5E35CE-3EDB-4DA6-AA42-AEC7CCBF6F0E}
F{2F6474F2-7F97-46AD-8987-05F85B21C01C}
F{ABCC0EE4-A2D6-4C04-B2C2-639E4DADE320}
T{F97F0F8F-E9C5-4638-AEBE-BB9034C72DE0}
T{86303F3C-EF97-4290-B89B-35CE7368A8DD}
T{6B42FDAB-39DE-4CC8-AC47-F1804C31E1EB}
T{9EC3F796-FF3A-48C2-BE12-06FBD13E5360}
T{112E144D-35D7-40D8-90DA-45BD192801AC}
F{2A869A2E-9D67-41B0-891B-88D23B1DEFE1}
T{6EB09528-F7C3-45E8-BA82-2850E7C7E921}
