T{A14B6BB9-7580-409E-8D77-92E2E36CDC3B}
T{7FD28B7B-FA70-44C7-9675-D4EF8367B708}
T{A5B9D9FD-1DB6-4AF0-892F-E47469F34A86}
F{96B63042-449B-4EB7-BDFA-8A528F0E564C}
T{3BA4D28B-11E7-4A29-9C52-A5EDA66BEBFB}
F{47D43E99-F32A-4C62-8F38-EFEF063034F1}
F{D94A1454-258A-417E-BED9-FC55405F30B1}
T{15E6319F-DFB1-469E-8644-225B1A9D07E7}
T{54A8B126-7484-4CDA-9496-09F042CBBEB6}
F{DCEE2F52-DEC3-4643-A6EC-17DBE40B4600}
F{B64A92CD-71AC-4387-9F54-7818AC2F2806}
F{0409B1D6-A140-471E-94A9-56716C39E13E}
T{0431E32E-900A-4FED-91A8-FE0E8FE7D5F0}
T{CBF89639-A609-48CF-8101-51D24B595C06}
T{2F6474F2-7F97-46AD-8987-05F85B21C01C}
T{BC43E808-2523-479C-8136-A34B971A1720}
T{8419E2A1-F1F3-432D-9703-C9C968944D15}
T{3AD854ED-00C2-4E75-85FB-7237691B1BAE}
T{8D742FE6-A483-4716-B601-812D45599169}
T{E4142379-21D3-4A65-A3CB-E85C16C56FBB}
T{78BB1F55-9E63-482A-9091-8E28BB382937}
T{C0C02655-7D48-4DC5-9FA8-02FE2B08AC4A}
F{39B9C6E8-F8BA-4C01-B244-66F419E4C51B}
T{4213493A-303C-4F76-8BD9-FDEA9D612E68}
F{71539232-530D-43EF-9D1D-B9F9A70C1EB7}
F{B427FA9E-C0C0-4D1C-912C-DCCB2617D8AB}
T{13463F1C-C22D-4AC6-A5CD-DD3D8F772558}
T{C6C50BE8-FBAB-4161-BE4A-7C5C683F80B3}
T{D7023B66-30A7-4E29-A4A9-DF37FA49B87D}
F{AEDAED6B-E837-48A1-8978-6A6B3F4B2007}
T{BF05F60D-8EE7-4594-B545-6AD1CDBB47FA}
T{774C6FB6-478B-4A2A-8865-43E3D2A4BD9D}
T{30D48049-D818-465D-A693-6F4ABE5B450E}
T{8C19D98F-59C5-48B3-B519-6221E143453D}
T{7BD36F09-0649-45A8-BC68-B04CCA2E55C8}
F{2A472C9C-91FD-416A-85CC-2870A42ABD80}
T{0A5A3FE7-A363-4F8A-B372-57B5B706F3B0}
T{EAFE616B-AC21-43F5-B3A1-73A01E850991}
T{45A59142-6461-4DBB-9B57-CC721252BB5E}
F{BDE67FD6-C995-428F-BFDC-7F15DBC4F5F6}
T{71539232-530D-43EF-9D1D-B9F9A70C1EB7}
T{764D94B9-FD12-4290-AA53-55034C55F3B3}
T{A6E14042-AE7F-4DE4-B4E0-F500C8D2753C}
F{8838D8DB-A5F7-41B4-9534-CE14BB8C5E09}
T{3BA4D28B-11E7-4A29-9C52-A5EDA66BEBFB}
F{8C22EF58-86A6-4954-AB96-CCABDD94BEF8}
T{B50525FC-0550-420D-BEB4-7932D56CBF58}
T{06005BD2-936A-4C93-9400-C6D7C9912046}
T{8F5EAD8C-EDC9-4F1D-9B79-2EE36E88D84E}
T{47D43E99-F32A-4C62-8F38-EFEF063034F1}
F{9199BB53-AC93-4FD9-9B90-E8A52E5C2FE3}
T{7B18DCA7-51ED-4DF1-95A5-174EE602C67B}
T{B35D7BED-98CA-4176-9A99-AB3DB17FE5C9}
T{880B5116-70AE-419B-9B80-AB74C03279FD}
F{82E03863-7363-423A-8698-65D3B4E99A7D}
T{D8A94B8C-529B-40BF-B9BF-02207E2EF1E6}
T{58A3A29D-E26D-4B25-B619-CE7636552CF4}
T{141DC251-7ADF-4EA8-AC72-29227C1D8FC2}
T{44BC0F9F-5515-4806-8E93-D8E9C02A7C2B}
F{C29D6124-5BAA-4C11-916A-5E1169AE52D9}
T{61CEAF1B-8C9A-4B08-B640-084505BD90CD}
F{23C1600C-5248-4CC4-AF04-B376FA685371}
T{FB642FC9-F3F4-49A2-8E31-CBD71FF892AA}
T{C39329BE-0A8D-4655-B78F-479A48616C15}
T{0A8D8C8D-38DA-43BC-981B-BD11455ADC59}
F{3174CA43-7FFB-4C21-88B7-7F3FEDD624A4}
F{9469A6D4-4344-4554-A1E8-758FB0DC2AB5}
T{7F55B4C9-5250-46EC-99DD-978DE58976C4}
T{A14B6BB9-7580-409E-8D77-92E2E36CDC3B}
T{698F453B-82FA-4933-B560-E06AEB18F812}
T{82E87862-18D7-4239-8EEE-0F7DA8BBA5D9}
F{AF1BC588-5609-4F9D-A131-F8FD7353A756}
T{75957CF1-FF6B-4473-AFB4-075F3AF577D8}
T{2082416A-D541-4F3F-B5A4-5E310052BFC7}
F{E295E95A-EB77-41CF-8E6E-AD915AE4F180}
T{391AB647-7A5C-4779-98B3-0FA81167F1DF}
T{F33117BE-5934-4523-B957-A7F953EDF511}
T{71539232-530D-43EF-9D1D-B9F9A70C1EB7}
F{33B37AD8-298E-494B-9F93-B001A9A759CB}
F{83B8EC0E-1E3D-4971-868E-97218B2A0454}
T{4E0328B5-F9CB-4994-83CE-40200825F6C2}
F{E4F98946-A220-412F-992F-047971C2B570}
T{3297E98A-9E30-4B0F-9B49-EABE5022F084}
F{6ABBA800-8AAF-4683-85E7-26E76892A532}
F{3C3F7017-3235-43DC-B1C4-FCB0BE8CC27C}
F{7B3F0545-5E23-4E91-9CD2-5FCB6AA4F4AF}
T{07405620-30E9-4D3C-9FDF-DF6E2F6FC0D3}
T{6B777872-C695-419E-9897-6B44550C7930}
T{75477B4F-E668-4579-9CB4-EEB49D45DEDD}
T{F18D1C36-04EF-4959-A541-95C7DA77F148}
F{450B7200-341A-49B2-9CCB-DD042BD7A50A}
T{FB642FC9-F3F4-49A2-8E31-CBD71FF892AA}
T{F4F117B6-4AA7-48CC-8186-4B81AF3FCB84}
T{A29CBF6D-1B67-4AAD-8846-E7C1896C4EF9}
F{03A017A2-48D0-4C64-827F-4A1FED904179}
F{7DEA04D7-0614-4041-A732-5DD0BF98403E}
T{64A5B9B8-9319-4BB7-9090-AB15DBD340FA}
F{ED0EEB55-504A-4775-A761-9ACD625B25DD}
T{F944A39D-55CE-472F-9BE3-6EBE4A2FF7C2}
F{8AE3686B-D10E-49A1-A60D-1B2D4159C0A2}
T{D052B490-771B-405E-A4D1-33B03B8EA1A9}
T{FACFB418-4869-44B0-8192-82EAE2A5D331}
T{F69995DA-1598-4878-B678-0CA95FC5C99B}
T{F0F23777-969B-4577-8DF2-11C75007BCEF}
T{AAEE7C1D-E046-46BD-BB5D-4063A548865C}
T{7E52610F-4996-4AA1-8EA4-7D5154CB765F}
T{CDEB8860-4DA4-4914-B185-B62192F5E494}
T{121B8B9C-BC9B-416C-8D61-20A6C6A56D76}
T{57B885E2-1E66-4730-A026-A6AE42F0B934}
T{9588DE11-7633-44D5-B6DA-5B1FBE56BE65}
T{FDE26AA0-E44E-4376-A94E-581BDCC4D321}
T{C39329BE-0A8D-4655-B78F-479A48616C15}
T{8D742FE6-A483-4716-B601-812D45599169}
T{D8A94B8C-529B-40BF-B9BF-02207E2EF1E6}
F{11BDAFBE-AF07-43ED-A453-01CBBC6F0096}
T{AAEE7C1D-E046-46BD-BB5D-4063A548865C}
F{DCEA5090-83FB-402D-8C62-6554C602A8FE}
F{BCEBDF63-0F20-41EA-95F7-6E989B5A63B6}
T{E5D4DC95-1DA3-4B73-BC41-6DE38746C2E3}
T{ABDCEEFF-32A8-49DE-940E-AAD311ED2973}
F{B98B98DD-488A-40EC-9F8B-9A8AE162D8AA}
T{02EC8791-E6B7-4C86-853B-EC3A3CA83366}
T{AEDF1ADF-4B49-4F94-8829-E32608071E7D}
T{C475BEDE-0AF1-492B-B422-0730CEDD96BB}
F{9D73C228-75B0-48C3-91E2-B438EEDA2CA7}
F{D6732FCD-B0C2-4FE1-B44A-F97BCEDD7EB8}
T{9F475BE3-E0D9-4E3C-96C4-42AB66B8A6FE}
T{18C9FE66-FBE7-4708-AC1D-A602DD4D4FF8}
T{E5D4DC95-1DA3-4B73-BC41-6DE38746C2E3}
T{BE400CDE-543A-4DAB-95B7-0A5E4FE9677F}
T{90AF76F3-86A5-418E-9A94-576E7CF001CA}
T{F0F23777-969B-4577-8DF2-11C75007BCEF}
F{D69A57B3-5A22-4641-9E91-AC0456EC42AA}
T{A6551D13-6C14-41A6-97B5-FD1249C01309}
T{D64934D1-5DE1-482E-B94E-078E14B99E60}
T{A6E14042-AE7F-4DE4-B4E0-F500C8D2753C}
T{7F55B4C9-5250-46EC-99DD-978DE58976C4}
T{F3BB19AC-FC9A-42E1-8759-3A8C0357FB5F}
T{7D088F6F-FC58-4C86-956C-1647934FAE37}
F{A8ACFDB1-6F07-4781-B475-55AFDA514E82}
T{3174CA43-7FFB-4C21-88B7-7F3FEDD624A4}
T{A3A73661-2865-4125-88F8-35651F9ED062}
T{F16A5660-0395-4B05-9A4B-CE5274A3D045}
T{82E03863-7363-423A-8698-65D3B4E99A7D}
T{4FAEB6CB-C2BC-4F75-96DA-4159ADA64B0D}
T{4807B21B-92C7-4436-8926-894E98466422}
F{5E582835-A7A5-4327-8C6A-D81E4D7216FD}
T{B07106CD-121E-4337-862B-65DFC42F8B2E}
T{DF437893-D310-47C2-AFF6-A8100BCB0643}
F{47AB1B5E-B44B-4C7E-9D31-01697BF39035}
T{3174CA43-7FFB-4C21-88B7-7F3FEDD624A4}
T{CDEB8860-4DA4-4914-B185-B62192F5E494}
T{2078046F-55C7-4CA9-9EA3-76035E6036AB}
F{9D1E331F-4483-46A8-A398-7AF7911ECFD6}
T{C98CDB95-E22E-4783-8E3C-27C81271153A}
T{B05F8B82-27F4-4F0F-B825-17349DF0EA13}
T{6D38DCFB-1E74-40F8-A622-C6CB5F4E066E}
T{231DFB82-452E-4E66-81FE-7531F3F276BE}
T{855B9F87-F436-46C2-B53A-BEF1CBD64B96}
T{8D742FE6-A483-4716-B601-812D45599169}
T{D9450A33-28AF-487C-A7AA-BD90DD33FBC6}
T{0D6E3FD5-4167-4603-B09F-DBBFE1B7E010}
F{FCABC518-C2D0-44D1-A965-D79C454F08B3}
F{7B3F0545-5E23-4E91-9CD2-5FCB6AA4F4AF}
F{94843CB9-CA17-4EFC-82CA-7720EECF292C}
T{1F5AED1B-E666-4890-84D2-F86D8AE2C5FE}
T{AA43E9A3-5DC5-43B0-B5B3-5E7D8070F97B}
T{540EB13D-BEF7-4D11-B27D-C4877D32C88B}
T{3D8F8615-DB8A-4B22-8ED2-D5C7AB875962}
T{4B50C4F3-0976-4505-A65B-2BBB11C76646}
T{701A1C4C-3ECA-4702-807E-5A34CD7EB41C}
T{3AD854ED-00C2-4E75-85FB-7237691B1BAE}
T{83E9C037-BD5C-492D-828E-B2139031FE25}
T{297B7FF9-7558-4CF3-8783-B2F9C4954ED0}
T{F22DB2C1-903E-45A6-8CAA-EB427E42F4C2}
T{7F55B4C9-5250-46EC-99DD-978DE58976C4}
T{1DC04129-1422-477D-9B8C-14DC324138DC}
F{345CFCAB-526F-4AD1-8A16-10CABEE1AFFB}
F{7F9E65AF-5267-4CA7-875A-78C8E32947BD}
T{EDE5A0D1-DA93-44C3-AE83-1977B51A9525}
T{07405620-30E9-4D3C-9FDF-DF6E2F6FC0D3}
F{757B50D7-04BA-4AF1-90F4-62FF8F8A0193}
T{8F3CCD97-F6E5-401C-BCAD-750136C55E40}
T{C7C90C2F-17DE-4497-A4E0-11251A93FA10}
T{2F6474F2-7F97-46AD-8987-05F85B21C01C}
T{0D6E3FD5-4167-4603-B09F-DBBFE1B7E010}
T{C475BEDE-0AF1-492B-B422-0730CEDD96BB}
T{4FAEB6CB-C2BC-4F75-96DA-4159ADA64B0D}
T{A1728D1B-44EB-4D51-BAE4-5C53E3546CF7}
T{6D0B97F8-3010-41E6-9345-9621F889700D}
T{EB76AB32-9AE1-4414-8103-495E4221CB51}
F{CC70508D-5B81-49BA-8F71-2BEA87D6465B}
T{1DB21F1B-0227-4F0E-AE91-5A61B56BC743}
F{D63681B4-66AA-474B-8A7E-EE8579DF8498}
T{61CEAF1B-8C9A-4B08-B640-084505BD90CD}
T{7F55B4C9-5250-46EC-99DD-978DE58976C4}
T{72F1DEE9-D8D0-482C-ABCB-20CCFE6648A6}
T{A24F6FDC-6E2E-4D0B-9038-A9EE6EA59182}
T{30F6088E-48E3-4912-A9CB-ADD77AAB22DA}
T{F68C5FE3-2D28-4211-A524-EE223CEE2789}
F{96B63042-449B-4EB7-BDFA-8A528F0E564C}
T{0B334FDF-080E-434B-ABD9-2044F8A13A60}
T{A86A5827-0EC6-434B-9982-1261D8EAA23C}
T{55E7622E-7C01-427F-BA8F-6A63DF11FA69}
T{02EC8791-E6B7-4C86-853B-EC3A3CA83366}
T{0431E32E-900A-4FED-91A8-FE0E8FE7D5F0}
