T{34FF5872-1138-4B11-ADFF-DA4F4DCFF5E4}
T{2078046F-55C7-4CA9-9EA3-76035E6036AB}
T{9109AF85-3BDE-4164-91CB-03DC484A25E6}
F{B9D9B368-68A1-4934-98FB-6AAB4004495E}
T{FF829026-8398-4AAD-B6B0-B1271575343F}
T{61728B0E-BE25-452D-AB7E-6283E2759D8F}
T{F18D1C36-04EF-4959-A541-95C7DA77F148}
F{6F1ADB96-E75F-49DC-8D94-762B2F22107A}
T{86A03D86-BA5C-4CF1-91ED-F7F27430D51B}
T{3EFE8DC0-9BCB-471E-97B3-AE7A44EC1E23}
F{B90D9F73-87A8-4EE5-AEE1-315E38ECD17C}
F{445670A0-1B15-4BF5-BEF8-F50E242FBB07}
F{A23E3434-52A1-4D9D-BFDF-51D18ED3F0A1}
T{FCED36FE-20C3-4539-9B47-59BFD371DFCA}
T{ECC56722-6EE6-4FF8-9279-F00161D62F98}
T{40728559-D664-4A0F-B927-67CADB2ACC6D}
T{72E0B668-03C5-4754-A70C-41ACC452BD29}
T{757B50D7-04BA-4AF1-90F4-62FF8F8A0193}
T{5B26C68F-0C4A-4DB9-8FA2-DDFCE8BE7605}
T{8F3ECC82-9224-4710-A37C-F67AAAF05736}
T{7F9E65AF-5267-4CA7-875A-78C8E32947BD}
F{043F0571-44E2-4D6E-BB35-D4C78D0D62DD}
T{3297E98A-9E30-4B0F-9B49-EABE5022F084}
T{B320B9FD-5005-41DD-B598-D995A1EFF7DC}
T{79C6CA7A-ADAC-4F9F-A4C8-79B31757B27C}
F{A416085B-334B-45FB-8499-44815B6344BC}
T{FE9A8AA0-52A3-44D9-8510-FF6F28E87CAE}
T{24FBB49C-4521-4C54-BE2C-3B700BB32138}
T{B064B763-2D5C-4E06-8062-D770F81BE0B6}
T{45FC34DF-5CFD-4BAB-B40B-947813620992}
T{EC209553-C3AA-4C2B-B02C-BE5012777ED8}
T{9FB73372-F2A8-40D1-853A-BF19A12D9DA7}
F{58A3A29D-E26D-4B25-B619-CE7636552CF4}
T{3E8BB054-AE90-45AE-97A0-B342F90FD2BD}
T{5480AB33-033A-49D5-9EEC-1B44F7BA8BB0}
T{47AB1B5E-B44B-4C7E-9D31-01697BF39035}
T{07405620-30E9-4D3C-9FDF-DF6E2F6FC0D3}
T{BBE094EE-F04F-4FE4-81C4-814DF6BD534F}
F{67D5DEB3-8E3A-4723-9B26-687541E438E7}
F{F5B7156A-BCB2-4A3D-8CD2-B78CF49D4C4D}
F{4F745730-2432-4DD1-AD38-68CF24230246}
F{4E99C025-92E1-49BF-B885-7D51325F070A}
T{144506D0-B1AF-49E4-9D0A-08C8882003F8}
T{C60A6FAA-70CC-4472-864E-CC01091C2B52}
F{1D874E57-AAC6-4D48-9E06-AC3CDCE0B645}
T{9BD2BE32-BE96-47DE-B8ED-123676D6C5E6}
F{425030E9-9B39-4DE7-B8D4-064373B51BE6}
T{607F0180-2EC2-4690-8B25-234A28EF6DF6}
T{08D30916-08AB-410D-A34D-F9861A5B4434}
F{E307061F-B7DA-4FB4-AF08-81F593694A04}
T{BBE094EE-F04F-4FE4-81C4-814DF6BD534F}
T{5B26C68F-0C4A-4DB9-8FA2-DDFCE8BE7605}
T{769C1553-6A23-4FB3-AE22-99B0CE0C68A7}
T{3F8F56AF-3D9F-4B51-853D-3B4839232199}
T{39F4BB7A-30D9-4725-BE4A-7188235408E0}
F{9A1CFA80-E575-4A8D-A49B-A27D09C52AFC}
T{5480AB33-033A-49D5-9EEC-1B44F7BA8BB0}
T{144506D0-B1AF-49E4-9D0A-08C8882003F8}
T{06005BD2-936A-4C93-9400-C6D7C9912046}
T{6EE66AC9-52F4-4B68-BBEA-A13FDAEB8D90}
T{7906E9CC-8260-457C-AAAF-28B10B36E829}
T{B90D9F73-87A8-4EE5-AEE1-315E38ECD17C}
F{2F313F82-C1FB-4F09-881B-58C93BA1DC77}
F{9AA9D8C6-D9F5-40B4-BEE4-058BF91B218B}
F{6B2909A5-A472-4117-8C63-1EF07B0A59BC}
F{04453FEC-0677-4F5D-91F1-870A0EBE5E21}
T{CC70508D-5B81-49BA-8F71-2BEA87D6465B}
F{2BE35168-96DE-4264-A55A-F6A82EB2B399}
T{5B26C68F-0C4A-4DB9-8FA2-DDFCE8BE7605}
T{6A499FD2-BC59-42E9-A6A7-6809BFB94B61}
T{227641A7-B726-42D4-A5A6-05F51738FF66}
F{1BD3ADA1-5E36-453A-994D-796686327EA0}
T{121B8B9C-BC9B-416C-8D61-20A6C6A56D76}
F{F33750C1-8DDC-4451-9A3B-9AC9DE62DE44}
T{2FEE0EBB-2734-4170-9574-FBB3B193DFCD}
T{5818CECD-BB68-4F6C-BD7D-1731BA644822}
F{1780E018-9C81-474F-B783-C8B15FFE9359}
T{98BD9ACC-9323-41BE-86FF-BFFB9874B0CA}
F{F34B8D1D-265D-482E-8885-09A66AF45183}
T{ED0EEB55-504A-4775-A761-9ACD625B25DD}
F{F5B7156A-BCB2-4A3D-8CD2-B78CF49D4C4D}
T{A8ACFDB1-6F07-4781-B475-55AFDA514E82}
F{5D5CC1B2-BAFD-45F2-9BF5-AC2A584B53BC}
T{9C9FE710-5C8D-4AFB-896F-184027C1D8C0}
T{41E1963A-CB36-437E-ACEF-9BAB89E083F4}
T{F22DB2C1-903E-45A6-8CAA-EB427E42F4C2}
F{A3D44775-CB8D-4083-9234-9235C0AD7986}
F{056DA430-96AE-49A7-9411-98CA22737DFC}
T{85189182-D1CC-450B-9F71-73C0F3205833}
T{75AF23F8-35A5-4BA1-A7CE-F11A57D0495E}
T{29CE46FE-678C-41FE-9EF1-393DB71A37A6}
T{E6F9FE00-DF29-4DD5-B383-FE309F4A0278}
T{C145130F-4DD4-443B-8BF4-0C7F751C5A1D}
T{8F4227BF-7C37-4DBD-A137-95AF3733A6EB}
T{61728B0E-BE25-452D-AB7E-6283E2759D8F}
F{5CDA95D1-5FB5-4E94-85AC-29C0372D2151}
F{29644DE5-1AA7-46BA-86D6-F03FFA7A62C9}
F{2539842A-282D-413B-9DFF-841723C1CBB6}
T{E3683CFC-8679-411E-8A72-D2E9E206F152}
F{1B49D7F4-ECDB-418F-B1DB-12C60B246243}
F{39B9C6E8-F8BA-4C01-B244-66F419E4C51B}
T{ED0EEB55-504A-4775-A761-9ACD625B25DD}
T{7F9E65AF-5267-4CA7-875A-78C8E32947BD}
T{4147DE80-29CC-41A1-905D-A33585A9C233}
T{30D48049-D818-465D-A693-6F4ABE5B450E}
T{9C266262-A5A5-4391-B08B-3D1BDCA66181}
T{A416085B-334B-45FB-8499-44815B6344BC}
T{3B4BF644-9A70-4C27-8B8A-76216299E482}
F{66EBD375-D645-41CA-A810-DB3F4442511E}
T{C2ADC25C-21DD-4BD3-838D-A1309D245951}
T{98FBEC48-7F18-4769-B98D-8624F05E94DE}
T{ABCC0EE4-A2D6-4C04-B2C2-639E4DADE320}
F{3A4D4709-026B-490D-9A60-77E7DE6DF741}
T{92B3E98D-7AFC-4A3D-B843-903B84ECA2C4}
T{27AF2C1E-EE92-4A6C-B509-00707FC3C5B2}
T{03A017A2-48D0-4C64-827F-4A1FED904179}
T{9469A6D4-4344-4554-A1E8-758FB0DC2AB5}
T{FE9A8AA0-52A3-44D9-8510-FF6F28E87CAE}
T{5B26C68F-0C4A-4DB9-8FA2-DDFCE8BE7605}
T{D85B5E71-D239-4148-BF3C-838A2D14BA16}
T{CE4AF5BC-0FC5-4F57-9E9D-DBC559F7FABA}
T{A92DAB31-DB33-444F-81E2-770A4B16C5C6}
T{F59DC453-D32A-4088-8B9F-DB3447E079A8}
T{6ABBA800-8AAF-4683-85E7-26E76892A532}
T{6A6A0DA0-A5EC-416A-884A-D32B4393C8CB}
T{DE46CA11-BE59-4DA4-9A1B-2689B5179775}
T{28C203D3-E69B-4F28-BFF7-D14DEFC2FC6B}
T{35AC881A-B13C-4267-B7DA-BC79D7A8B7C9}
T{F752147C-9108-49D9-B91E-124FF84ED01D}
T{345CFCAB-526F-4AD1-8A16-10CABEE1AFFB}
F{29644DE5-1AA7-46BA-86D6-F03FFA7A62C9}
F{D1041F8F-E132-40CD-A1BF-7FA17EC8B951}
T{CD97A0B8-0F2D-4E06-8DD6-5D0EC0C986EB}
T{450B7200-341A-49B2-9CCB-DD042BD7A50A}
T{0409B1D6-A140-471E-94A9-56716C39E13E}
T{CFFB8766-1678-4B02-9F47-B9502ACF4569}
T{AA43E9A3-5DC5-43B0-B5B3-5E7D8070F97B}
T{6F7854E5-D113-4E09-B1E7-8C422C081B31}
T{39B9C6E8-F8BA-4C01-B244-66F419E4C51B}
T{A9DF3A92-1858-4AD5-B1B2-94779EEFC88E}
T{121B8B9C-BC9B-416C-8D61-20A6C6A56D76}
T{ABCC0EE4-A2D6-4C04-B2C2-639E4DADE320}
T{83B8EC0E-1E3D-4971-868E-97218B2A0454}
T{39265855-C108-4CB7-9775-07483B32A23B}
T{B90D9F73-87A8-4EE5-AEE1-315E38ECD17C}
T{AF1BC588-5609-4F9D-A131-F8FD7353A756}
T{B38A7816-32BA-487D-9AC0-82154B3BEC30}
T{391AB647-7A5C-4779-98B3-0FA81167F1DF}
F{24F05396-DA82-4FC9-AB1D-8302C7298591}
T{9CA63FF4-156D-4808-A447-97556394FD93}
T{F9C7A102-5B04-4CA7-8D70-43162F90B389}
T{5D5CC1B2-BAFD-45F2-9BF5-AC2A584B53BC}
T{5CDA95D1-5FB5-4E94-85AC-29C0372D2151}
T{4289D098-C6DB-4B37-B97A-B1A7228BB187}
T{FC5B8B1E-AED1-4E63-88A5-09F9746EFE97}
T{6DF39F1D-1A5F-4D6F-90B0-304A72D32814}
T{9606601D-4D35-4493-A9CE-1C60E7CFFD06}
T{125107B5-C4E4-44F4-981B-290AFE44EB58}
F{5B493D9C-406C-4EF2-892F-1F8DC4735C91}
F{73A06CE7-A755-4ED0-983C-4BA220D5AA40}
T{2B4C8FAC-670E-4D97-88A5-6F2D814FA99B}
T{3EFE8DC0-9BCB-471E-97B3-AE7A44EC1E23}
T{4213493A-303C-4F76-8BD9-FDEA9D612E68}
T{E6F66DB6-00DB-43D1-8273-5DEDC33ABC93}
T{FE9A8AA0-52A3-44D9-8510-FF6F28E87CAE}
F{EB885DD4-4477-4AAD-8841-D9085B80444A}
T{62CBF11B-1821-4908-AB54-925A4292A81C}
T{4147DE80-29CC-41A1-905D-A33585A9C233}
F{6E0667B8-3AF3-4E4F-843F-ECD5D24E7B87}
T{2341548B-CC5C-4A44-8886-684E7E0FA9ED}
T{368F535D-EA7E-452D-85F4-D94BF908BD0E}
T{FE5D4804-4713-44DE-9606-1F146BBCAC1F}
T{94843CB9-CA17-4EFC-82CA-7720EECF292C}
T{DFA938A7-7454-45E7-9095-EF9FA581B464}
T{2812FFEE-7044-498C-AD09-8C16E22420F2}
T{345CFCAB-526F-4AD1-8A16-10CABEE1AFFB}
T{5B493D9C-406C-4EF2-892F-1F8DC4735C91}
T{A1D86CF7-9CB7-44D5-98BC-D636BFAFF4A2}
T{D64934D1-5DE1-482E-B94E-078E14B99E60}
T{159B7151-2470-480A-AFB0-7D2FD6738912}
F{445670A0-1B15-4BF5-BEF8-F50E242FBB07}
T{84DE413C-F9B9-4233-9FFB-D680F164367E}
T{DCEE2F52-DEC3-4643-A6EC-17DBE40B4600}
T{359131E7-B4D6-42D8-A0AB-3025EBA06D37}
T{6B777872-C695-419E-9897-6B44550C7930}
T{144506D0-B1AF-49E4-9D0A-08C8882003F8}
T{6D2591DF-68EA-4F8A-8FDD-AF608D29854C}
T{34D0C32E-F688-43D1-AC1F-030FA28BE427}
T{50F4AD06-D3DD-4A9F-9A25-84CE92A30F31}
T{0A5A3FE7-A363-4F8A-B372-57B5B706F3B0}
T{D8A94B8C-529B-40BF-B9BF-02207E2EF1E6}
T{BADFB1A2-48A1-4AE2-BE3C-BB20E4290E5D}
T{24FBB49C-4521-4C54-BE2C-3B700BB32138}
T{6776A5BA-62DA-49FE-B688-8B472C2A38A6}
T{3F8F56AF-3D9F-4B51-853D-3B4839232199}
F{CCE45B8D-6C06-4A3A-AE4C-8C46D9CAE4DF}
T{DFFD7F1A-A7A0-49DD-991E-88B43772427F}
T{C15AA5DC-C847-4AC5-9336-166D943BD4CD}
T{AE875909-D863-467C-B1BA-CD047971E860}
F{53E75062-10EB-4F72-9DAA-ADFE106B186A}
T{30FA4F11-2873-4BB2-8883-BD13428EB997}
