T{ECC56722-6EE6-4FF8-9279-F00161D62F98}
T{CAA3922F-64DC-448C-A1E1-C31A4620FE0D}
T{9A1CFA80-E575-4A8D-A49B-A27D09C52AFC}
F{2A472C9C-91FD-416A-85CC-2870A42ABD80}
T{57B885E2-1E66-4730-A026-A6AE42F0B934}
T{D970B18B-0F7C-4692-9929-6715363D296B}
T{774C6FB6-478B-4A2A-8865-43E3D2A4BD9D}
T{2D728798-C6AA-4FBF-A24F-13D0E99CBC96}
T{ED0EEB55-504A-4775-A761-9ACD625B25DD}
T{DD5CA821-526D-46C5-AFD0-EFD6F4694C44}
T{B6CC6F96-032C-488F-918E-45BC54E3708C}
F{96B63042-449B-4EB7-BDFA-8A528F0E564C}
T{F730A61A-EE95-47FF-8654-A8368F46F9C0}
F{996DDEA1-CF44-47E1-860E-FB1C870E4AEA}
F{F91E0272-42A9-4487-A2CF-E339B456C176}
T{BCEBDF63-0F20-41EA-95F7-6E989B5A63B6}
F{726C0C0E-8FEC-4B88-9847-90666F6D08A9}
F{A466F91B-2F13-4FF2-887B-FD16362BF89A}
F{E55DCED3-C788-491D-B65A-4A8B039618DD}
F{2E1AB51F-0B22-404F-BD60-217D697A8700}
T{EBDE49E3-08A1-408B-8ABC-2B30828344CE}
F{02718AFD-41F9-4D2D-B72B-C925C49F870C}
F{B8BE9042-6EA1-422E-951F-F4A5F9D8D43C}
T{FEA473DD-B917-4425-8775-C57D06896C70}
T{604D11B3-F9BD-447A-A1A4-F4B641F824B9}
F{EED9659C-588E-45FA-9C05-7C2B24F5FD6A}
T{19AF4E57-3E50-4AB8-B829-15427ACCE505}
F{8C22EF58-86A6-4954-AB96-CCABDD94BEF8}
T{4460589A-EBB5-4ADA-BBCD-99DCE6E55FA6}
T{82E03863-7363-423A-8698-65D3B4E99A7D}
T{F4963C65-5BEF-4374-8FBE-5C7473A5F7CD}
T{D30B8B5E-32E9-4D29-9924-802B4A302CAC}
T{D94A1454-258A-417E-BED9-FC55405F30B1}
T{D7023B66-30A7-4E29-A4A9-DF37FA49B87D}
T{BAD837C2-3315-4C2B-B774-D97450B1756C}
T{A1C2757C-2F9D-48E8-8E86-B243F3A7ECF7}
F{0B083DF7-6B6D-4403-BD7C-1A47AACE79F7}
T{0568CFA4-0B68-48CA-9A80-15F3A9BDF34B}
T{9F14EEC5-57F0-4AAD-AE64-27F3A1ACB99C}
T{8AE3686B-D10E-49A1-A60D-1B2D4159C0A2}
F{FBF264F1-4D95-445F-8015-46CF38DE36EE}
T{EB8FFB4E-4B06-4556-A2C5-75DD02B234FB}
T{7014383E-8E2F-4276-A944-28D17816C2A5}
F{23C1600C-5248-4CC4-AF04-B376FA685371}
T{A70963E1-1C80-4D72-856E-255480C7FBAE}
T{6B8EEBE2-E961-4CB4-8562-BAE72BC690B0}
T{6E0667B8-3AF3-4E4F-843F-ECD5D24E7B87}
T{FCABC518-C2D0-44D1-A965-D79C454F08B3}
F{A5F81C7C-2558-4539-A5D3-FCA5BA2ADC1C}
F{AFBD35C3-CF1C-4390-A875-3A88F1D2DD13}
T{FADB164C-1078-4E31-A2A1-191060104FEE}
F{A3D44775-CB8D-4083-9234-9235C0AD7986}
T{227641A7-B726-42D4-A5A6-05F51738FF66}
F{0F42BD5D-CBAB-44E5-9606-588A1924B9AD}
T{FE611A3E-6D31-4CC8-8EEC-489CB89AEF46}
T{619D176F-9CDD-4494-8C66-5EDB4F936AF1}
F{CCC474F6-7F33-41C8-A25B-A1C8743D95CA}
F{E307061F-B7DA-4FB4-AF08-81F593694A04}
T{E1876B80-17E6-4900-B186-04495B2850E4}
F{F5B7156A-BCB2-4A3D-8CD2-B78CF49D4C4D}
T{FB700B38-4F92-4AEB-A2D4-2BCD0A927305}
T{E0C229D3-617C-483F-9E6D-44B33D64F293}
T{CD041609-7B71-49AF-9B39-CA3DB41F561C}
T{79AE343B-EED8-4C5D-BAE0-35B523238D32}
T{ABB3A4C3-EB2C-4BCD-B8E3-6B5767041C76}
T{9BD2BE32-BE96-47DE-B8ED-123676D6C5E6}
F{7DEA04D7-0614-4041-A732-5DD0BF98403E}
T{EFB9408B-3505-4066-A35F-2D89B8134852}
T{9469A6D4-4344-4554-A1E8-758FB0DC2AB5}
F{29AA48B0-5864-4623-8596-D4EFD82FDB51}
F{D63681B4-66AA-474B-8A7E-EE8579DF8498}
T{7D547629-F4C6-4A73-BE07-7438790F4E25}
T{85189182-D1CC-450B-9F71-73C0F3205833}
T{981FD6CB-2D56-4721-8F82-DD2AE818BD0E}
F{ABCC0EE4-A2D6-4C04-B2C2-639E4DADE320}
T{227641A7-B726-42D4-A5A6-05F51738FF66}
T{F6E7BEF9-20FB-41BF-95A3-A91BE3113E01}
T{29CE46FE-678C-41FE-9EF1-393DB71A37A6}
T{75411625-E98E-4603-9876-89E23DC23A76}
T{0666F3C8-135C-48FE-A805-BE54B04D73FC}
T{5CE4651D-F4C5-4230-989F-0F7657F4692D}
T{FCABC518-C2D0-44D1-A965-D79C454F08B3}
T{83B8EC0E-1E3D-4971-868E-97218B2A0454}
T{C39329BE-0A8D-4655-B78F-479A48616C15}
T{746D83F7-88A9-40A0-B6E5-79C6C7AAD02C}
F{10B5DD85-BB7D-4294-BAC7-8134DF8E3F8F}
T{2F314D26-F22B-45CD-B5CA-9F7143C645A5}
T{F4963C65-5BEF-4374-8FBE-5C7473A5F7CD}
F{D3FC563D-E04A-4683-BDCA-70DA8F69FE29}
F{EB885DD4-4477-4AAD-8841-D9085B80444A}
T{7DE68009-0959-405B-B248-405FC105EB99}
T{98FBEC48-7F18-4769-B98D-8624F05E94DE}
T{0B083DF7-6B6D-4403-BD7C-1A47AACE79F7}
F{DF8C7825-B0B0-4524-8A4C-389FB513EE15}
T{59FE8EF3-A495-4728-AEB6-7C6ACE3DB0AB}
T{EB8FFB4E-4B06-4556-A2C5-75DD02B234FB}
T{73F3BA05-466B-42B7-A720-E8F059407953}
T{8F3D4CF0-2F8D-421E-B774-10F6057A63CE}
F{6F06B94F-9BA7-401D-8BA5-3862949DD84F}
F{79EA1828-A24E-4754-9DBF-BBF493C6182C}
T{79AE343B-EED8-4C5D-BAE0-35B523238D32}
F{72F1DEE9-D8D0-482C-ABCB-20CCFE6648A6}
T{8F3ECC82-9224-4710-A37C-F67AAAF05736}
T{FCABC518-C2D0-44D1-A965-D79C454F08B3}
T{C52C7B12-818E-411C-8615-150540E9EC59}
F{FC982A77-05E9-4D45-9A58-5B815A77D14E}
T{05AFA9E1-9B91-4802-9EEF-BFF425F45609}
F{D69A57B3-5A22-4641-9E91-AC0456EC42AA}
T{DF8C7825-B0B0-4524-8A4C-389FB513EE15}
F{EDE5A0D1-DA93-44C3-AE83-1977B51A9525}
T{AB20BE13-4202-43D3-A03A-8023C20457A9}
F{6E380164-437A-4095-A28C-856759F057CE}
T{543EA4B5-50D7-437E-B35E-A6842F65E129}
T{C479A810-45E2-4639-B10F-B842B841D9CB}
T{A6B130DD-3E22-4A14-8CB5-7B5F75D6773C}
F{F39E6DEC-B39A-4333-9A62-F6C1520209C0}
F{8DC20166-218C-49AF-9BC9-7BE9EA239119}
T{6B2909A5-A472-4117-8C63-1EF07B0A59BC}
F{2AD1BCA1-C47B-45DE-92EC-77AC928CE59B}
T{FBF264F1-4D95-445F-8015-46CF38DE36EE}
F{33B37AD8-298E-494B-9F93-B001A9A759CB}
T{91BE1530-0806-4F95-B96C-8CAB63AF454C}
F{66EBD375-D645-41CA-A810-DB3F4442511E}
F{4F62006C-E537-4AEF-BD45-6530586F4BDB}
T{774C6FB6-478B-4A2A-8865-43E3D2A4BD9D}
T{FF14783A-35C4-4E1F-ADC0-599803934F57}
T{96B63042-449B-4EB7-BDFA-8A528F0E564C}
T{6E380164-437A-4095-A28C-856759F057CE}
T{EB8FFB4E-4B06-4556-A2C5-75DD02B234FB}
T{F18D1C36-04EF-4959-A541-95C7DA77F148}
T{C2B7BCB3-4063-431E-9F24-842FEEEF36C0}
F{07ACC452-E1D5-48F7-ACC5-6E9E6798D3EB}
T{B0B22E1E-35FC-4B77-B857-902E866EC837}
T{570628E1-BA0C-4A00-80AF-A671452167FD}
F{44B569FF-A7B5-442D-9045-18BCECE921CD}
T{EBDE49E3-08A1-408B-8ABC-2B30828344CE}
F{687EF416-E927-4EE4-96E2-96960C593CCF}
T{A29CBF6D-1B67-4AAD-8846-E7C1896C4EF9}
T{6ABBA800-8AAF-4683-85E7-26E76892A532}
T{8F5EAD8C-EDC9-4F1D-9B79-2EE36E88D84E}
T{CF5E35CE-3EDB-4DA6-AA42-AEC7CCBF6F0E}
T{BFE33EAA-AE59-47C4-BE1F-EA226D574482}
F{E9BD4324-24C2-4DDD-BAF3-90E043CBCBE9}
T{3B4BF644-9A70-4C27-8B8A-76216299E482}
T{8419E2A1-F1F3-432D-9703-C9C968944D15}
T{15A8508B-C76E-4D3C-926D-E060041F0AA7}
T{E6F9FE00-DF29-4DD5-B383-FE309F4A0278}
T{DF8C7825-B0B0-4524-8A4C-389FB513EE15}
F{8E032372-BA7D-4B92-AB09-06D2C54F1774}
F{A23E3434-52A1-4D9D-BFDF-51D18ED3F0A1}
F{38FD2DF2-C126-4E2B-82AD-1E83E3707F90}
T{96B63042-449B-4EB7-BDFA-8A528F0E564C}
T{F33117BE-5934-4523-B957-A7F953EDF511}
T{8FA22A33-3B54-48DF-85DF-7083815DAA04}
F{5FA3B17D-4088-4897-8624-0386C713ABD7}
T{6E0667B8-3AF3-4E4F-843F-ECD5D24E7B87}
T{996E484A-F709-4C9C-99CF-47A9C92D6F60}
F{2CBC7934-46E5-4656-A783-B08F34D078BC}
T{8F3D4CF0-2F8D-421E-B774-10F6057A63CE}
F{CD819E00-BFBE-4FDC-AC57-B4C854703EA7}
F{647D4AE8-F83D-409C-8163-66B3BA6536E8}
T{7A65463B-9560-4686-82D4-51AB53A6D08A}
F{A5F81C7C-2558-4539-A5D3-FCA5BA2ADC1C}
T{855B9F87-F436-46C2-B53A-BEF1CBD64B96}
T{5CE4651D-F4C5-4230-989F-0F7657F4692D}
T{A70963E1-1C80-4D72-856E-255480C7FBAE}
F{1B49D7F4-ECDB-418F-B1DB-12C60B246243}
T{7B3F0545-5E23-4E91-9CD2-5FCB6AA4F4AF}
F{56599AE9-13B5-49C2-B804-CA6BE050B31D}
T{7B8BE9B6-C7C1-47BC-B560-670CBA8CBB1A}
T{34FF5872-1138-4B11-ADFF-DA4F4DCFF5E4}
T{45FC34DF-5CFD-4BAB-B40B-947813620992}
T{A9DF3A92-1858-4AD5-B1B2-94779EEFC88E}
T{6B42FDAB-39DE-4CC8-AC47-F1804C31E1EB}
T{5F1808D9-19F3-497C-BFDB-54ABBD9D0B0C}
T{38D34500-D9B4-4FE5-87DF-55C419EA1D84}
T{6EB09528-F7C3-45E8-BA82-2850E7C7E921}
F{B427FA9E-C0C0-4D1C-912C-DCCB2617D8AB}
T{7906E9CC-8260-457C-AAAF-28B10B36E829}
T{F33750C1-8DDC-4451-9A3B-9AC9DE62DE44}
T{CCE45B8D-6C06-4A3A-AE4C-8C46D9CAE4DF}
T{D69A57B3-5A22-4641-9E91-AC0456EC42AA}
F{4EEF0A93-6B1B-4736-B2AF-B5713367C58D}
T{20356808-3AF6-42BE-B14B-DBD2D3703292}
T{E5BD1BDB-8494-46A6-8799-95CAB1651DC4}
T{E6C1E860-C65F-4B07-96D5-8EEF2A9853DC}
F{AEDAED6B-E837-48A1-8978-6A6B3F4B2007}
T{CF08C63C-8482-4BED-8033-220A67FED3A9}
T{EE133B41-99B8-40D8-A41F-0B7B31F4C564}
F{E66DA5BC-984C-4113-A775-F8336F4874CC}
F{E55DCED3-C788-491D-B65A-4A8B039618DD}
F{9B55E62F-830F-4C1D-B7D5-ADBBF2514263}
F{21688E5D-0D89-46AA-91E3-24CC61B1B388}
F{E55DCED3-C788-491D-B65A-4A8B039618DD}
T{4EEF0A93-6B1B-4736-B2AF-B5713367C58D}
T{A29CBF6D-1B67-4AAD-8846-E7C1896C4EF9}
T{B0088C4C-38A9-44E7-95E0-0614D6554627}
T{5AAA7A8F-97B6-42B5-9E85-8B2B268BBB72}
F{15B0ABDA-723A-4A8D-8183-9E9EBB5749B0}
F{2F313F82-C1FB-4F09-881B-58C93BA1DC77}
T{D0232679-163F-4D05-9D62-1543671D023D}
T{1E6813FA-16E6-40EF-BFAD-B6E2AAA020C3}
T{7B3F0545-5E23-4E91-9CD2-5FCB6AA4F4AF}
T{0CA9D74F-6767-4368-8C30-8FB559EFD52E}
T{7DEA04D7-0614-4041-A732-5DD0BF98403E}
F{C51AC722-7F1F-40E8-B216-8DC674017B52}
T{357DF8C5-768D-4536-8D4B-C8155847D8BD}
T{FCABC518-C2D0-44D1-A965-D79C454F08B3}
T{C2B7BCB3-4063-431E-9F24-842FEEEF36C0}
T{E7D90FBD-F590-4019-A1F3-939416501847}
T{24F05396-DA82-4FC9-AB1D-8302C7298591}
T{8419E2A1-F1F3-432D-9703-C9C968944D15}
F{FD2962F7-6701-40CF-817A-229FE5E4987D}
