T{E6443076-9601-42FA-B3E1-3F3295D83BF2}
T{B320B9FD-5005-41DD-B598-D995A1EFF7DC}
T{C2612C32-617E-4155-8E78-9E427C1C0416}
T{F354E64B-1A43-4F01-96AD-267DC6026664}
T{82E87862-18D7-4239-8EEE-0F7DA8BBA5D9}
F{424D2727-00CF-4144-BF3D-0166C754135E}
F{3C30EF0E-2FBA-4657-96C1-04235477B700}
T{79EA1828-A24E-4754-9DBF-BBF493C6182C}
F{E307061F-B7DA-4FB4-AF08-81F593694A04}
F{836A110B-190F-41D6-A967-6D579FC19DA8}
F{C41A4028-9D85-4E20-8293-5EA1CB024418}
F{A897BFCD-061A-4FF8-AB52-1909F5B4BABD}
T{A3D44775-CB8D-4083-9234-9235C0AD7986}
T{8A220B91-F895-4C2A-9A6D-2F62E933FEE8}
F{3A4D4709-026B-490D-9A60-77E7DE6DF741}
F{A4B5BEF3-30DA-4C71-8AB7-652F0DA38DBC}
F{E392A171-B854-4EA8-BA26-CE4E42EA2EA9}
T{DF3090F8-9976-4468-81F9-A7A797A11DB1}
T{F0A47DB6-E579-4555-9155-C9BCE9740092}
T{A511F5B9-4346-4198-AAE6-6A15E30A3506}
T{BD7D6448-EF39-4BD9-8425-29F9BDD659F9}
T{3A52DABB-E0DE-4E27-8405-F83940FEB230}
T{9EBEE3C4-E24F-409D-9DF3-B30056BCD9F1}
F{9BB092A1-21D6-4518-9679-07390C14051A}
T{374D4401-2963-48AD-907A-C6CA7FDF422E}
T{333EE3F4-2D1E-4383-A8AD-4F447BE14DAA}
T{ADA20514-9359-4D10-A846-7AA1332532A0}
T{CDEB8860-4DA4-4914-B185-B62192F5E494}
F{1780E018-9C81-474F-B783-C8B15FFE9359}
T{8BD304FC-6AFF-4DC7-BA33-C1318D831F5F}
T{7F64B0FE-A02C-49D0-AF3C-CDF1C37784BA}
T{1BD3ADA1-5E36-453A-994D-796686327EA0}
T{B427FA9E-C0C0-4D1C-912C-DCCB2617D8AB}
F{9B55E62F-830F-4C1D-B7D5-ADBBF2514263}
T{AEDAED6B-E837-48A1-8978-6A6B3F4B2007}
F{647D4AE8-F83D-409C-8163-66B3BA6536E8}
T{7D547629-F4C6-4A73-BE07-7438790F4E25}
T{56798934-20E9-4010-9956-647CBCCEC5FD}
T{FE611A3E-6D31-4CC8-8EEC-489CB89AEF46}
T{B98B98DD-488A-40EC-9F8B-9A8AE162D8AA}
T{FCED36FE-20C3-4539-9B47-59BFD371DFCA}
T{BC0D65A7-E1E4-4331-9A3F-1EE32B4641CB}
T{2D2152AE-AD39-4D22-A839-5CF0B1A75F43}
F{0B43C3E8-AF13-4B9C-AA56-3423C7C2D1E8}
T{8AE3686B-D10E-49A1-A60D-1B2D4159C0A2}
T{80639649-975A-4F5B-99E0-D788FF9CAAB9}
T{2AD1BCA1-C47B-45DE-92EC-77AC928CE59B}
T{E307061F-B7DA-4FB4-AF08-81F593694A04}
F{85B8A9EA-963E-471A-8956-84E4544F178F}
F{73A06CE7-A755-4ED0-983C-4BA220D5AA40}
T{D7731662-E2AB-45C6-84CE-BC2CD13D6EC9}
T{A416085B-334B-45FB-8499-44815B6344BC}
T{EFB9408B-3505-4066-A35F-2D89B8134852}
T{2AD1BCA1-C47B-45DE-92EC-77AC928CE59B}
T{1C77508F-6FC0-4EAE-AF1D-DAC93F6E9491}
T{718F3991-6162-4204-9DE8-DE994D0FF085}
T{19AF4E57-3E50-4AB8-B829-15427ACCE505}
T{ABCC0EE4-A2D6-4C04-B2C2-639E4DADE320}
T{99776289-8D12-4CAF-BAAA-8B2B190EFC6F}
T{6776A5BA-62DA-49FE-B688-8B472C2A38A6}
T{CB38C650-BD63-4331-A3D0-7126A2DC50C0}
T{9BD2BE32-BE96-47DE-B8ED-123676D6C5E6}
T{746D83F7-88A9-40A0-B6E5-79C6C7AAD02C}
T{B8BE9042-6EA1-422E-951F-F4A5F9D8D43C}
T{2BE35168-96DE-4264-A55A-F6A82EB2B399}
T{8299BD04-2599-4EFA-9A44-D8A448C1B5DC}
F{585A8C3A-6E76-456E-ABCC-8803C25457FB}
F{9A518632-5B96-4F47-8A58-31ADA9D1B8E4}
F{C8C116BD-D23A-487C-8273-9BEB06FD50C7}
T{DDFB9C79-BB9D-41B8-BDB5-B8C8D6BC0CC7}
T{29CE46FE-678C-41FE-9EF1-393DB71A37A6}
T{8299BD04-2599-4EFA-9A44-D8A448C1B5DC}
T{BFE33EAA-AE59-47C4-BE1F-EA226D574482}
T{95DDAD73-42D7-4B01-9529-EA4DDA4F04C1}
T{CE1AABEE-5F6D-421E-92AE-AB5BF3A3DEEB}
T{9B8BD2D2-998F-4BA0-91F8-7654C0B0DB3E}
T{687EF416-E927-4EE4-96E2-96960C593CCF}
T{A3D44775-CB8D-4083-9234-9235C0AD7986}
T{F3D5BDF3-9C80-4768-8771-893C8C9779C8}
T{8AE3686B-D10E-49A1-A60D-1B2D4159C0A2}
T{9B8BD2D2-998F-4BA0-91F8-7654C0B0DB3E}
T{1F5AED1B-E666-4890-84D2-F86D8AE2C5FE}
T{687EF416-E927-4EE4-96E2-96960C593CCF}
T{28CFA8DE-F2A8-4228-8389-9D68530CB348}
T{CCC474F6-7F33-41C8-A25B-A1C8743D95CA}
T{F657F59B-6533-4900-AC16-B5F075F5773A}
F{3BF1517A-C896-482B-B27E-5DA98629FA58}
T{D158770B-0AFE-4423-8B8A-036E7658523D}
T{C51AC722-7F1F-40E8-B216-8DC674017B52}
T{CE2E7CD1-9070-4D7E-BBA8-661B0DFC78B0}
T{FC982A77-05E9-4D45-9A58-5B815A77D14E}
T{49D513BF-DCE5-4DF2-99F3-63E18EE2A48C}
T{BC1416E8-6078-4AEB-901C-334A33DED754}
F{0F42BD5D-CBAB-44E5-9606-588A1924B9AD}
F{25E43F96-B494-451E-823D-F53393511DDB}
T{D9450A33-28AF-487C-A7AA-BD90DD33FBC6}
T{5FA3B17D-4088-4897-8624-0386C713ABD7}
T{4E0328B5-F9CB-4994-83CE-40200825F6C2}
T{F5B7156A-BCB2-4A3D-8CD2-B78CF49D4C4D}
T{D2DFAB85-44ED-4FD6-BC74-FB42EB6D034B}
T{24EC5FCC-253F-4242-BC60-5092B5F140E1}
T{72F1DEE9-D8D0-482C-ABCB-20CCFE6648A6}
T{5CF946A3-252C-48CA-811F-3467206FED58}
T{5FA3B17D-4088-4897-8624-0386C713ABD7}
T{B1A3CA16-5105-4A96-8DA3-2444C2BB07F9}
T{1FFAE0B1-F603-41F4-BB59-20872D97D38D}
T{14536690-E77D-47C5-9F6A-66C4613AA106}
F{FD2962F7-6701-40CF-817A-229FE5E4987D}
T{753D3B79-3FDF-494C-AEEB-746349310E92}
F{38FD2DF2-C126-4E2B-82AD-1E83E3707F90}
T{EED9659C-588E-45FA-9C05-7C2B24F5FD6A}
F{A46B3DD8-6858-4B9A-A505-354AF7D40531}
F{8DC20166-218C-49AF-9BC9-7BE9EA239119}
T{F53E8E8E-6F93-416C-957E-A8B7E0E0DCEF}
T{33B37AD8-298E-494B-9F93-B001A9A759CB}
F{8C3F4BAE-B60B-43FF-BA57-ACC486ACCE84}
T{746D83F7-88A9-40A0-B6E5-79C6C7AAD02C}
T{8E032372-BA7D-4B92-AB09-06D2C54F1774}
T{96B63042-449B-4EB7-BDFA-8A528F0E564C}
T{056DA430-96AE-49A7-9411-98CA22737DFC}
T{34FF5872-1138-4B11-ADFF-DA4F4DCFF5E4}
F{15B11EA6-C4FA-453A-94FC-74FACC736C05}
T{AFC431B0-03E4-4336-A555-DFF17A5C3140}
T{4B50C4F3-0976-4505-A65B-2BBB11C76646}
T{A5F81C7C-2558-4539-A5D3-FCA5BA2ADC1C}
T{43F16C4A-0B22-4DD6-B651-E0819EB75651}
T{9942F1E8-1444-47A1-8380-256BFE852914}
T{1BD3ADA1-5E36-453A-994D-796686327EA0}
