T{A8226A84-C1D7-4DCB-8819-FC5481D30309}
F{F39E6DEC-B39A-4333-9A62-F6C1520209C0}
T{83E9C037-BD5C-492D-828E-B2139031FE25}
T{7CF537BB-DCBA-4F9C-82DC-62818AD136A4}
T{740FC138-7242-4135-90C9-D0C01BD5D223}
T{832BAA07-33B7-49FE-B9EE-12C8137E98C3}
T{D2236429-B727-4B46-B9D0-60210F5BEF6D}
T{A1A87849-5ED8-4B5A-BBFE-BE2C96AF6F1A}
T{78AA6D67-D984-48FB-9B94-5DA7E3948779}
T{027EB689-EF1A-41F0-AD33-52CEEF7E882E}
F{9A518632-5B96-4F47-8A58-31ADA9D1B8E4}
T{3D768777-04D2-4069-8D86-270DB36802D4}
T{5B4ACAA8-EE33-4044-93FF-6440F31957D0}
T{6A6CC01B-089C-4C09-9A4E-6A3AE81181B8}
F{425030E9-9B39-4DE7-B8D4-064373B51BE6}
F{A9A20C40-B426-4914-9D77-F0435FE51B8A}
T{DD93EA41-8174-4CC9-A0CE-B6466D12D6E3}
T{469EAFB1-A997-4605-847D-0B647E21FC56}
T{45A59142-6461-4DBB-9B57-CC721252BB5E}
T{CA4F8D88-3C63-421B-92A5-71BFBE7DFE4D}
F{75E78B00-3C0E-4173-903A-16E9B6745A42}
T{F6E7BEF9-20FB-41BF-95A3-A91BE3113E01}
T{7B3F0545-5E23-4E91-9CD2-5FCB6AA4F4AF}
F{6A9D8F69-85C3-44AE-9689-5060711657D9}
T{603C8859-BA50-4476-8CD5-2D60910B54A1}
T{C52C7B12-818E-411C-8615-150540E9EC59}
T{F18D1C36-04EF-4959-A541-95C7DA77F148}
F{A9A20C40-B426-4914-9D77-F0435FE51B8A}
F{1D874E57-AAC6-4D48-9E06-AC3CDCE0B645}
F{1A19F6CC-CA96-415D-B9A0-5F749E82982F}
T{FADC8854-5807-48F7-BF77-6B75B35FFB5A}
T{A0B32FEC-80B4-45E5-97CD-1E12DB821BBD}
T{6F6E93BC-6966-417B-945F-664585D745C0}
T{6F06B94F-9BA7-401D-8BA5-3862949DD84F}
T{B3DBC7A6-65D1-45CA-BBB0-0E02C7DD21CA}
T{76863661-7D37-43D7-96DB-7F3F8964D9AA}
T{64DE416A-B183-461E-B9FD-3D3991A3A49C}
T{3AD22776-3D3D-47B0-B85B-A94C1C35130C}
F{6225D9B5-3677-4DE3-AB09-B0FA55212EA5}
T{2F314D26-F22B-45CD-B5CA-9F7143C645A5}
T{ED1F2523-C833-4528-A0DF-4DD3D1B88A79}
T{6DF39F1D-1A5F-4D6F-90B0-304A72D32814}
T{CF5E35CE-3EDB-4DA6-AA42-AEC7CCBF6F0E}
F{CA7EFC4E-5331-4271-B6E6-A30C150810B3}
T{F365477F-B654-4B01-9255-5B99ADA6719E}
T{0F43D660-5D72-4A6B-B9AD-6F2BF30839B7}
T{9BB092A1-21D6-4518-9679-07390C14051A}
F{15B0ABDA-723A-4A8D-8183-9E9EBB5749B0}
T{BB818B66-9824-4C9C-8227-99851E2C990D}
T{6EB09528-F7C3-45E8-BA82-2850E7C7E921}
T{F0A47DB6-E579-4555-9155-C9BCE9740092}
F{6E692D19-6B9F-4D0C-9A75-2E3B6AF194B4}
T{0409B1D6-A140-471E-94A9-56716C39E13E}
T{D8801653-B01A-4616-93EB-579AFBC82518}
T{445670A0-1B15-4BF5-BEF8-F50E242FBB07}
T{7A9E659B-B0B1-46AE-8415-981E3A4EA1BB}
T{8F3ECC82-9224-4710-A37C-F67AAAF05736}
T{9C266262-A5A5-4391-B08B-3D1BDCA66181}
T{1D8FCE0C-A184-4F7C-93E2-912083F0DD68}
T{83E9C037-BD5C-492D-828E-B2139031FE25}
T{2A472C9C-91FD-416A-85CC-2870A42ABD80}
T{AEDAED6B-E837-48A1-8978-6A6B3F4B2007}
T{6225D9B5-3677-4DE3-AB09-B0FA55212EA5}
F{A466F91B-2F13-4FF2-887B-FD16362BF89A}
T{E392A171-B854-4EA8-BA26-CE4E42EA2EA9}
T{836A110B-190F-41D6-A967-6D579FC19DA8}
F{5F4BE2AB-AFFA-42D6-9230-6A7D6650045A}
T{5E582835-A7A5-4327-8C6A-D81E4D7216FD}
T{67D5DEB3-8E3A-4723-9B26-687541E438E7}
T{76863661-7D37-43D7-96DB-7F3F8964D9AA}
T{D9CC0D04-F5F9-4D24-8322-43614ED4B351}
T{C584307D-7A84-4C9E-AB3B-BAB8F939CD2E}
T{4DAD8F44-F724-4A36-83D7-B97D269506DC}
T{A8226A84-C1D7-4DCB-8819-FC5481D30309}
T{9D73C228-75B0-48C3-91E2-B438EEDA2CA7}
T{F5415D20-5608-4C0F-A1E8-5DB10DEF1C3B}
F{A9A20C40-B426-4914-9D77-F0435FE51B8A}
T{8DC20166-218C-49AF-9BC9-7BE9EA239119}
T{B6CC6F96-032C-488F-918E-45BC54E3708C}
T{DA22A2CA-8893-4374-816B-63AA64B19A5E}
T{C8CAE03D-1A39-4AAC-A6E9-B8F0EAE8FC68}
T{F34B8D1D-265D-482E-8885-09A66AF45183}
T{3C30EF0E-2FBA-4657-96C1-04235477B700}
T{9F475BE3-E0D9-4E3C-96C4-42AB66B8A6FE}
T{7F9E65AF-5267-4CA7-875A-78C8E32947BD}
T{3D82DD18-4ADB-4D59-A944-DE979A731583}
T{BADFB1A2-48A1-4AE2-BE3C-BB20E4290E5D}
T{5E5229EA-6BFD-4895-A134-D30DA9E9DA58}
T{07ACC452-E1D5-48F7-ACC5-6E9E6798D3EB}
T{333EE3F4-2D1E-4383-A8AD-4F447BE14DAA}
T{23B776F4-22F2-4940-ADC2-BDD2977D23EF}
T{2F313F82-C1FB-4F09-881B-58C93BA1DC77}
T{DD93EA41-8174-4CC9-A0CE-B6466D12D6E3}
T{302F5F4D-C7AA-450D-A4B8-83E7DF1B7308}
F{424D2727-00CF-4144-BF3D-0166C754135E}
T{2A472C9C-91FD-416A-85CC-2870A42ABD80}
T{AA2CBCE2-92E4-4712-95D8-A42FF57F6F0B}
T{AA43E9A3-5DC5-43B0-B5B3-5E7D8070F97B}
T{6B8EEBE2-E961-4CB4-8562-BAE72BC690B0}
F{40184CA1-5C98-440E-95F4-D09081592DA3}
