T{BB040E56-6EBC-4435-AFA5-56C29ACAB205}
T{DF8C7825-B0B0-4524-8A4C-389FB513EE15}
F{85B8A9EA-963E-471A-8956-84E4544F178F}
T{302F5F4D-C7AA-450D-A4B8-83E7DF1B7308}
T{0E333AE1-3012-47BA-A135-8BA2CD0686ED}
T{8F5EAD8C-EDC9-4F1D-9B79-2EE36E88D84E}
F{996DDEA1-CF44-47E1-860E-FB1C870E4AEA}
T{996DDEA1-CF44-47E1-860E-FB1C870E4AEA}
T{AEDAED6B-E837-48A1-8978-6A6B3F4B2007}
F{841229BB-3250-411F-8B3E-401943C8EBDC}
F{7A97DF42-FCE9-4922-AE9E-8BFDA8EB28DB}
T{3637651A-F56B-43E1-A06D-52B19080DC56}
T{BCEBDF63-0F20-41EA-95F7-6E989B5A63B6}
T{521DF5E3-D313-48FF-9E35-FB65FE3B9460}
T{D2E355BE-09F3-4329-8BE2-BDA7F35A2362}
T{ACCA2DA2-40DD-4729-A812-1E38E3E0E48A}
T{989BC558-F90F-4477-B69A-C50542F39657}
T{C584307D-7A84-4C9E-AB3B-BAB8F939CD2E}
T{5DFBFCEE-E649-49C8-8DC3-72B844FB1E07}
F{801BE00C-259C-4978-8AB5-27C0F0E2B441}
T{78C2C810-6A57-4113-84AC-7162CE7C78C7}
F{4F62006C-E537-4AEF-BD45-6530586F4BDB}
T{F730A61A-EE95-47FF-8654-A8368F46F9C0}
T{2C100D20-177A-4346-B728-C4A79C221D85}
F{7B285AF5-081F-42F5-965A-C14DE5C597F4}
F{7FC3E754-7B59-4D2C-8FA2-7FAF4E7FEB45}
T{5EC4EB0A-8C5A-475B-A8EB-B68AFAF82D8C}
T{9E0F7D24-06A4-4C67-9F54-5CCBBCD1B09C}
T{0409B1D6-A140-471E-94A9-56716C39E13E}
T{04453FEC-0677-4F5D-91F1-870A0EBE5E21}
T{F14E0106-DA7B-4670-A266-A6A9A641DE1D}
T{40184CA1-5C98-440E-95F4-D09081592DA3}
T{B35D7BED-98CA-4176-9A99-AB3DB17FE5C9}
T{1780E018-9C81-474F-B783-C8B15FFE9359}
T{DCEE2F52-DEC3-4643-A6EC-17DBE40B4600}
T{9199BB53-AC93-4FD9-9B90-E8A52E5C2FE3}
T{F39E6DEC-B39A-4333-9A62-F6C1520209C0}
T{CFFB8766-1678-4B02-9F47-B9502ACF4569}
T{05C05204-BFA4-4137-A114-F8AB969FCE0F}
T{6F6E93BC-6966-417B-945F-664585D745C0}
T{93B6E0CA-5239-4B89-B21D-7F0D6C663794}
T{45A59142-6461-4DBB-9B57-CC721252BB5E}
T{526A78E2-99AF-4097-BF30-D22898788006}
T{512E9D5E-3E4B-4B84-A669-82750A2B2849}
T{03A017A2-48D0-4C64-827F-4A1FED904179}
T{3A4D4709-026B-490D-9A60-77E7DE6DF741}
T{526A78E2-99AF-4097-BF30-D22898788006}
T{8F5EAD8C-EDC9-4F1D-9B79-2EE36E88D84E}
T{3BF1517A-C896-482B-B27E-5DA98629FA58}
T{A901A3C8-C8AF-4DF3-8681-A56C5D4FF21E}
T{585A8C3A-6E76-456E-ABCC-8803C25457FB}
T{FBF264F1-4D95-445F-8015-46CF38DE36EE}
T{B9D9B368-68A1-4934-98FB-6AAB4004495E}
T{9A518632-5B96-4F47-8A58-31ADA9D1B8E4}
T{127AD9CC-B384-44C8-8DAD-D4CDA9EC2869}
T{DCEE2F52-DEC3-4643-A6EC-17DBE40B4600}
T{BB9B12D7-3726-432B-890C-2A0FE4562D63}
T{93B6E0CA-5239-4B89-B21D-7F0D6C663794}
F{2CBC7934-46E5-4656-A783-B08F34D078BC}
T{33B37AD8-298E-494B-9F93-B001A9A759CB}
T{CAA3922F-64DC-448C-A1E1-C31A4620FE0D}
T{AEDAED6B-E837-48A1-8978-6A6B3F4B2007}
T{F944A39D-55CE-472F-9BE3-6EBE4A2FF7C2}
T{58A3A29D-E26D-4B25-B619-CE7636552CF4}
T{FADF0084-0994-4FD1-A5A9-0DA31F02F7D8}
F{06752F75-A38A-4963-BADE-81FE95BE62A8}
T{F68C5FE3-2D28-4211-A524-EE223CEE2789}
F{1BC34B98-E0BF-42AC-A3FA-62820D56029A}
F{E48628C3-6DF3-4FAB-875D-AB9C2121FA58}
T{15A8508B-C76E-4D3C-926D-E060041F0AA7}
T{E7D90FBD-F590-4019-A1F3-939416501847}
T{0A7C018F-A1F3-4DDD-B456-1EFE808B094E}
F{39D72B08-AF18-4914-B307-CCF474DCAE90}
T{0B43C3E8-AF13-4B9C-AA56-3423C7C2D1E8}
T{CAA3922F-64DC-448C-A1E1-C31A4620FE0D}
T{0C083069-1680-48CF-8EFE-574E85BE171D}
T{AC929737-C595-48E9-BCC1-CCDB8853C2EB}
F{0F42BD5D-CBAB-44E5-9606-588A1924B9AD}
T{A0B32FEC-80B4-45E5-97CD-1E12DB821BBD}
T{B9D9B368-68A1-4934-98FB-6AAB4004495E}
T{127AD9CC-B384-44C8-8DAD-D4CDA9EC2869}
T{56599AE9-13B5-49C2-B804-CA6BE050B31D}
F{647D4AE8-F83D-409C-8163-66B3BA6536E8}
T{29AA48B0-5864-4623-8596-D4EFD82FDB51}
T{A6551D13-6C14-41A6-97B5-FD1249C01309}
T{35A209EE-E61D-478D-9BA7-C236BE8270CC}
T{FADC8854-5807-48F7-BF77-6B75B35FFB5A}
T{5C10304F-B278-4D08-B63A-88CF2D441B8E}
T{25C2C3A3-8D9B-40A3-8F3D-25AB4F9031E9}
T{56599AE9-13B5-49C2-B804-CA6BE050B31D}
F{38FD2DF2-C126-4E2B-82AD-1E83E3707F90}
T{8FA22A33-3B54-48DF-85DF-7083815DAA04}
T{841229BB-3250-411F-8B3E-401943C8EBDC}
T{21688E5D-0D89-46AA-91E3-24CC61B1B388}
F{7F55B4C9-5250-46EC-99DD-978DE58976C4}
T{570628E1-BA0C-4A00-80AF-A671452167FD}
F{C29D6124-5BAA-4C11-916A-5E1169AE52D9}
T{85DD06AE-B961-4093-BDF8-0D360979FFD6}
F{11CFE0FA-0D9A-4B8F-AF16-FFEA189255F6}
T{5DFBFCEE-E649-49C8-8DC3-72B844FB1E07}
T{4DD2EEF8-D75A-4594-A70C-9E8493C74E30}
F{2093D67C-92CB-4264-9C95-2E3C7AE07623}
T{EBF2EBA6-50EC-4995-BA9F-60BA6CFF3643}
F{1277A861-D2C1-44C9-A8D0-8E40E9F2F56F}
T{38FD2DF2-C126-4E2B-82AD-1E83E3707F90}
T{8DC20166-218C-49AF-9BC9-7BE9EA239119}
T{9BB092A1-21D6-4518-9679-07390C14051A}
T{125107B5-C4E4-44F4-981B-290AFE44EB58}
T{33B37AD8-298E-494B-9F93-B001A9A759CB}
T{8C3F4BAE-B60B-43FF-BA57-ACC486ACCE84}
T{C60A6FAA-70CC-4472-864E-CC01091C2B52}
F{AFBD35C3-CF1C-4390-A875-3A88F1D2DD13}
T{4DD2EEF8-D75A-4594-A70C-9E8493C74E30}
T{1780E018-9C81-474F-B783-C8B15FFE9359}
T{A1D86CF7-9CB7-44D5-98BC-D636BFAFF4A2}
F{219C1C1F-F5BE-4E5B-BF5B-49FA79236BAE}
T{94EC81F9-9417-475D-BB1A-2E0049C3CA67}
T{64DE416A-B183-461E-B9FD-3D3991A3A49C}
T{9D5F5AAB-4DA4-4CA6-B7C4-C929B7F79CC0}
T{2A6322B3-D8A4-4973-8E7A-326E9ABFC402}
F{6A9D8F69-85C3-44AE-9689-5060711657D9}
T{B98B98DD-488A-40EC-9F8B-9A8AE162D8AA}
T{769C1553-6A23-4FB3-AE22-99B0CE0C68A7}
T{EAFE616B-AC21-43F5-B3A1-73A01E850991}
T{11D46078-8C7E-4B68-8748-3A1CF68B6A74}
T{6E0667B8-3AF3-4E4F-843F-ECD5D24E7B87}
T{66EBD375-D645-41CA-A810-DB3F4442511E}
T{44B569FF-A7B5-442D-9045-18BCECE921CD}
T{82E03863-7363-423A-8698-65D3B4E99A7D}
T{A6B130DD-3E22-4A14-8CB5-7B5F75D6773C}
T{1DC04129-1422-477D-9B8C-14DC324138DC}
T{662B63EA-A93F-4A08-994E-BC6BEAD70CAA}
T{11D46078-8C7E-4B68-8748-3A1CF68B6A74}
F{E295E95A-EB77-41CF-8E6E-AD915AE4F180}
F{59647F7F-1039-4541-8182-EC7579C7C8BD}
T{4DD2EEF8-D75A-4594-A70C-9E8493C74E30}
T{D2395E31-D55C-435E-8800-1EA6D63A397E}
T{1277A861-D2C1-44C9-A8D0-8E40E9F2F56F}
T{96B63042-449B-4EB7-BDFA-8A528F0E564C}
T{AA2CBCE2-92E4-4712-95D8-A42FF57F6F0B}
T{A6551D13-6C14-41A6-97B5-FD1249C01309}
T{2A869A2E-9D67-41B0-891B-88D23B1DEFE1}
T{DDFB9C79-BB9D-41B8-BDB5-B8C8D6BC0CC7}
T{9D75CEEF-644D-4EF6-BBB7-E0F2FE0E620D}
T{2DC52603-4845-4E13-AAB6-512552FE35D1}
T{1DD29212-3F91-44FA-A7F2-AFBFD0AF8300}
T{BC0D65A7-E1E4-4331-9A3F-1EE32B4641CB}
F{2093D67C-92CB-4264-9C95-2E3C7AE07623}
T{39D72B08-AF18-4914-B307-CCF474DCAE90}
T{73DE18A2-2CD4-415C-898E-7B31224A0421}
T{ABCC0EE4-A2D6-4C04-B2C2-639E4DADE320}
T{66EBD375-D645-41CA-A810-DB3F4442511E}
F{34EFA854-B11B-40AD-8151-331E169964FC}
T{5C10304F-B278-4D08-B63A-88CF2D441B8E}
T{137200CF-1F7D-4011-9118-98362D61C40D}
T{56599AE9-13B5-49C2-B804-CA6BE050B31D}
T{2CBC7934-46E5-4656-A783-B08F34D078BC}
F{B64A92CD-71AC-4387-9F54-7818AC2F2806}
T{25E43F96-B494-451E-823D-F53393511DDB}
T{59647F7F-1039-4541-8182-EC7579C7C8BD}
T{2078046F-55C7-4CA9-9EA3-76035E6036AB}
T{37D6580A-53B1-4CD9-B408-2921F8C4DFD1}
T{0B083DF7-6B6D-4403-BD7C-1A47AACE79F7}
T{D3FC563D-E04A-4683-BDCA-70DA8F69FE29}
T{297B7FF9-7558-4CF3-8783-B2F9C4954ED0}
T{079C0D5B-FA33-4507-B20D-C9AD7F1F259B}
T{FD335DBF-22E5-45EA-A60A-83EEB81DAD99}
T{9A518632-5B96-4F47-8A58-31ADA9D1B8E4}
T{526A78E2-99AF-4097-BF30-D22898788006}
T{05AD6744-9F3D-441E-B0A3-1E99F82CA06B}
T{D63681B4-66AA-474B-8A7E-EE8579DF8498}
T{125107B5-C4E4-44F4-981B-290AFE44EB58}
F{D6732FCD-B0C2-4FE1-B44A-F97BCEDD7EB8}
T{4F62006C-E537-4AEF-BD45-6530586F4BDB}
T{A46B3DD8-6858-4B9A-A505-354AF7D40531}
T{219C1C1F-F5BE-4E5B-BF5B-49FA79236BAE}
T{C7C90C2F-17DE-4497-A4E0-11251A93FA10}
F{D1041F8F-E132-40CD-A1BF-7FA17EC8B951}
T{5F4BE2AB-AFFA-42D6-9230-6A7D6650045A}
T{219C1C1F-F5BE-4E5B-BF5B-49FA79236BAE}
T{841229BB-3250-411F-8B3E-401943C8EBDC}
T{6EB09528-F7C3-45E8-BA82-2850E7C7E921}
F{FD2962F7-6701-40CF-817A-229FE5E4987D}
T{69614AD6-96EB-41F7-BAAF-F12344D203B4}
T{59647F7F-1039-4541-8182-EC7579C7C8BD}
T{65F3CDC5-CA75-4C5B-A1F0-1262463BA448}
T{2AD1BCA1-C47B-45DE-92EC-77AC928CE59B}
T{5F8270CD-8576-4ED7-B275-EE5B5804702D}
