T{A426B62A-925F-45EA-BCE6-E99A9F19B0C8}
T{F5B7156A-BCB2-4A3D-8CD2-B78CF49D4C4D}
T{01C8483E-44C7-49BB-B040-F0EC1E78D450}
T{DB9E806E-6E9E-450C-A5E5-D11317F104DE}
T{801BE00C-259C-4978-8AB5-27C0F0E2B441}
T{8CB5B7A9-E81A-4B68-A3F1-AE48AC9DC04A}
T{3D82CE70-ACF9-4EB9-BCD0-2A87C2469017}
T{787EC000-230F-4883-BA0B-8EA0991539A4}
T{AFDF62D2-418E-4D04-9BC1-879FF38E561F}
T{B90D9F73-87A8-4EE5-AEE1-315E38ECD17C}
T{75AF23F8-35A5-4BA1-A7CE-F11A57D0495E}
T{D05D24AA-DD28-434F-8668-B4469B8581FF}
T{E0C229D3-617C-483F-9E6D-44B33D64F293}
T{445670A0-1B15-4BF5-BEF8-F50E242FBB07}
T{FDDB2FB1-6752-4D38-802D-7AFAD16D0028}
T{9B55E62F-830F-4C1D-B7D5-ADBBF2514263}
T{64B3D907-4A5D-454B-99A3-E3A9F336DFBA}
T{2D1FD112-EBE7-4499-A461-70744D24E4D7}
T{23B35455-16FC-4FC3-8B98-06ECA566BAAD}
T{0CA9D74F-6767-4368-8C30-8FB559EFD52E}
T{D7748EF0-203D-4783-B54F-BC52B59D6451}
T{424D2727-00CF-4144-BF3D-0166C754135E}
F{85B8A9EA-963E-471A-8956-84E4544F178F}
T{D38267CD-3D78-42E9-9794-43A88F3A209A}
T{6E692D19-6B9F-4D0C-9A75-2E3B6AF194B4}
T{6444F0FD-EA7E-44E5-A4CC-63D0378F9F8D}
T{ADF60294-B7E4-4D6D-BFA8-40F3047A8985}
T{8FD32B47-A05F-4802-84A4-163A2713FD29}
T{171CD6B9-BF98-4816-8C1E-15579B5C6055}
F{2553C02A-DD0F-43AC-97C0-A2C779B9E9EB}
T{1FEEF7E8-32B3-4103-983B-504993234079}
T{36A8DD9B-5A4C-473C-8583-6EC3AD34AC1E}
F{E55DCED3-C788-491D-B65A-4A8B039618DD}
T{6E71B93E-B6BF-4A51-BA09-237280C53A1D}
F{A4B5BEF3-30DA-4C71-8AB7-652F0DA38DBC}
F{4E99C025-92E1-49BF-B885-7D51325F070A}
T{F354E64B-1A43-4F01-96AD-267DC6026664}
T{056DA430-96AE-49A7-9411-98CA22737DFC}
T{66EBD375-D645-41CA-A810-DB3F4442511E}
T{02E7984E-1CE2-412A-B2BF-BF7B7B9447EF}
T{29AA48B0-5864-4623-8596-D4EFD82FDB51}
T{E66DA5BC-984C-4113-A775-F8336F4874CC}
T{75411625-E98E-4603-9876-89E23DC23A76}
T{ADF60294-B7E4-4D6D-BFA8-40F3047A8985}
T{3AD854ED-00C2-4E75-85FB-7237691B1BAE}
T{20356808-3AF6-42BE-B14B-DBD2D3703292}
T{8903B9C3-29A4-4124-A7C8-0DC3FFDECDBF}
T{C2612C32-617E-4155-8E78-9E427C1C0416}
F{94812A52-3FE3-47A6-87D1-5100215408E7}
T{75AF23F8-35A5-4BA1-A7CE-F11A57D0495E}
T{B7D309AF-1D07-4D20-A527-473D8526F913}
T{43F16C4A-0B22-4DD6-B651-E0819EB75651}
T{231DFB82-452E-4E66-81FE-7531F3F276BE}
T{2D1FD112-EBE7-4499-A461-70744D24E4D7}
T{98BD9ACC-9323-41BE-86FF-BFFB9874B0CA}
T{F0A47DB6-E579-4555-9155-C9BCE9740092}
T{8906EDBC-3482-4A8B-89F1-681709ACF29D}
F{1A50F501-6347-4D88-91D4-D870B3DB44CB}
F{A23E3434-52A1-4D9D-BFDF-51D18ED3F0A1}
T{7FC3E754-7B59-4D2C-8FA2-7FAF4E7FEB45}
T{757B50D7-04BA-4AF1-90F4-62FF8F8A0193}
T{FD2962F7-6701-40CF-817A-229FE5E4987D}
T{94812A52-3FE3-47A6-87D1-5100215408E7}
F{6A66BA2D-166E-4F2D-A0E2-71EAAB9A8E16}
T{A6E14042-AE7F-4DE4-B4E0-F500C8D2753C}
T{D6732FCD-B0C2-4FE1-B44A-F97BCEDD7EB8}
T{75957CF1-FF6B-4473-AFB4-075F3AF577D8}
T{8DCC968E-9D0C-4F58-BB2E-BFF32A49CB82}
T{D44EC3D3-01D1-4CC0-B288-059B9E402BDB}
T{ADF60294-B7E4-4D6D-BFA8-40F3047A8985}
T{F2660D58-C242-475E-9F19-2E731A51F8AA}
T{01C8483E-44C7-49BB-B040-F0EC1E78D450}
T{C2612C32-617E-4155-8E78-9E427C1C0416}
F{DCEA5090-83FB-402D-8C62-6554C602A8FE}
T{F752147C-9108-49D9-B91E-124FF84ED01D}
T{1C77508F-6FC0-4EAE-AF1D-DAC93F6E9491}
T{E55DCED3-C788-491D-B65A-4A8B039618DD}
T{89E89223-0571-4964-9A8F-B4883273B52F}
T{E29AA1B9-F855-4725-B0AC-CCFA22E99263}
T{92B3E98D-7AFC-4A3D-B843-903B84ECA2C4}
T{82E87862-18D7-4239-8EEE-0F7DA8BBA5D9}
T{DA8D55DE-24B1-48C4-B9C3-9AFD2A41E90A}
F{71E31584-F376-469A-ADA5-7EC1078A1966}
T{DC0A27C7-3C00-4C38-9672-6AC0C20A3BB6}
T{909CB593-2C11-4EEF-99F7-E48515DE9716}
T{AC7ED345-CA3F-4549-BDC1-0360C6C9CCC2}
T{16EC6EE9-4452-4613-9CE0-2F22B2683BCE}
T{8DCC968E-9D0C-4F58-BB2E-BFF32A49CB82}
T{38FD2DF2-C126-4E2B-82AD-1E83E3707F90}
T{B7C3273B-E1F3-4222-B348-D96D7F5573CA}
T{FD335DBF-22E5-45EA-A60A-83EEB81DAD99}
T{B2F107CE-4AD5-4993-9C35-C94A5D105EB3}
T{6ABBA800-8AAF-4683-85E7-26E76892A532}
T{F354E64B-1A43-4F01-96AD-267DC6026664}
T{BC0D65A7-E1E4-4331-9A3F-1EE32B4641CB}
T{BEA69714-37AF-4C8E-A775-9FFC29C3B9C9}
T{73F3BA05-466B-42B7-A720-E8F059407953}
T{3A6CBD49-BCD6-4AC4-96F1-1A1763E05087}
T{A5F81C7C-2558-4539-A5D3-FCA5BA2ADC1C}
F{F5C91D2C-9E83-48D7-B231-D77BD1069B32}
T{73A06CE7-A755-4ED0-983C-4BA220D5AA40}
T{B3DBC7A6-65D1-45CA-BBB0-0E02C7DD21CA}
T{8F3D4CF0-2F8D-421E-B774-10F6057A63CE}
T{B427FA9E-C0C0-4D1C-912C-DCCB2617D8AB}
T{9F475BE3-E0D9-4E3C-96C4-42AB66B8A6FE}
T{297B7FF9-7558-4CF3-8783-B2F9C4954ED0}
T{1B983C77-E8CB-4195-BEF6-F436EF3D66A1}
T{F3D5BDF3-9C80-4768-8771-893C8C9779C8}
T{71E31584-F376-469A-ADA5-7EC1078A1966}
T{1BF40C62-5932-4BD4-8563-7E0CCE9CC73E}
T{C8CAE03D-1A39-4AAC-A6E9-B8F0EAE8FC68}
T{75411625-E98E-4603-9876-89E23DC23A76}
T{34243540-94D0-4704-AB37-987D556D4383}
T{5A1FB08B-A17B-4700-9B6C-AC50396C2188}
T{B50525FC-0550-420D-BEB4-7932D56CBF58}
T{A9A25798-0A3D-4AC4-B159-2658EC39993C}
T{F22DB2C1-903E-45A6-8CAA-EB427E42F4C2}
T{3E8BB054-AE90-45AE-97A0-B342F90FD2BD}
T{6D38DCFB-1E74-40F8-A622-C6CB5F4E066E}
T{E83A4F42-DAF4-44F7-9286-3AC80C599F9E}
T{B9D9B368-68A1-4934-98FB-6AAB4004495E}
F{47D43E99-F32A-4C62-8F38-EFEF063034F1}
T{1B49D7F4-ECDB-418F-B1DB-12C60B246243}
T{3D82CE70-ACF9-4EB9-BCD0-2A87C2469017}
T{CD9493FA-1504-40F0-A22B-564CF4EC0942}
T{890F7FBC-3070-4780-A2BE-EF5FE287D784}
T{D05D24AA-DD28-434F-8668-B4469B8581FF}
T{7B285AF5-081F-42F5-965A-C14DE5C597F4}
T{3174CA43-7FFB-4C21-88B7-7F3FEDD624A4}
T{227641A7-B726-42D4-A5A6-05F51738FF66}
T{85B8A9EA-963E-471A-8956-84E4544F178F}
T{6ABBA800-8AAF-4683-85E7-26E76892A532}
T{A3A73661-2865-4125-88F8-35651F9ED062}
T{74908E2E-5B6C-4437-A7C2-A1F3F747C3E2}
F{A9A20C40-B426-4914-9D77-F0435FE51B8A}
F{9B8BD2D2-998F-4BA0-91F8-7654C0B0DB3E}
T{208EF543-FF3A-45DD-A083-B6870E09EEE2}
T{0E30E019-9CAD-4DAF-B206-65A9E177F9E1}
T{34243540-94D0-4704-AB37-987D556D4383}
F{C8C116BD-D23A-487C-8273-9BEB06FD50C7}
T{1C8C27AF-5D98-429F-8E7E-6475B2156359}
F{6DA4B4EB-DC27-43C4-95DA-E609DF9DACAF}
T{6DA193BC-B14D-4A65-9E5B-6039AA75D53D}
T{2A472C9C-91FD-416A-85CC-2870A42ABD80}
T{B64A92CD-71AC-4387-9F54-7818AC2F2806}
