F{379DAEDD-BAA9-4E19-A221-CAD5B1673BD4}
T{7F742AF1-A6EE-4DA7-ACDD-D82BA51B30CC}
F{6F1ADB96-E75F-49DC-8D94-762B2F22107A}
T{CEFF3E06-D488-41CF-9296-8DBB4CBF92AB}
F{100647B5-C30F-4EA9-9D58-1D9D5D5ECFBD}
T{7F55B4C9-5250-46EC-99DD-978DE58976C4}
F{4E99C025-92E1-49BF-B885-7D51325F070A}
T{6D0B97F8-3010-41E6-9345-9621F889700D}
F{CF56C427-2DBB-40B4-BDCC-D650E30F1C6F}
F{34EFA854-B11B-40AD-8151-331E169964FC}
T{974576EB-A431-4A54-B28F-8A934A3308EB}
T{DCEA5090-83FB-402D-8C62-6554C602A8FE}
T{4B50C4F3-0976-4505-A65B-2BBB11C76646}
T{9D75CEEF-644D-4EF6-BBB7-E0F2FE0E620D}
T{2093D67C-92CB-4264-9C95-2E3C7AE07623}
T{6F6E93BC-6966-417B-945F-664585D745C0}
T{712BCDE0-4C1B-4096-87D8-48F6551CCA8F}
T{C8CAE03D-1A39-4AAC-A6E9-B8F0EAE8FC68}
F{B8BE9042-6EA1-422E-951F-F4A5F9D8D43C}
T{D2395E31-D55C-435E-8800-1EA6D63A397E}
F{1A19F6CC-CA96-415D-B9A0-5F749E82982F}
T{FF14783A-35C4-4E1F-ADC0-599803934F57}
T{F41B0051-14B1-4C4C-863D-BB941597DFEE}
F{456AB242-35DF-4D1E-8316-3337D97BF2E7}
T{6E26A387-2A20-4958-BB0E-84C19D305AC5}
T{5CDA95D1-5FB5-4E94-85AC-29C0372D2151}
F{C41A4028-9D85-4E20-8293-5EA1CB024418}
T{85B8A9EA-963E-471A-8956-84E4544F178F}
T{EED9659C-588E-45FA-9C05-7C2B24F5FD6A}
T{B336AEDF-9E41-465A-9A3B-FE02216B9060}
T{A8ACFDB1-6F07-4781-B475-55AFDA514E82}
F{7A97DF42-FCE9-4922-AE9E-8BFDA8EB28DB}
T{F91E0272-42A9-4487-A2CF-E339B456C176}
F{E48628C3-6DF3-4FAB-875D-AB9C2121FA58}
T{59647F7F-1039-4541-8182-EC7579C7C8BD}
F{C51AC722-7F1F-40E8-B216-8DC674017B52}
T{3A6CBD49-BCD6-4AC4-96F1-1A1763E05087}
T{29AA48B0-5864-4623-8596-D4EFD82FDB51}
F{A130BD85-1919-4EAE-8033-ECFA823D9457}
T{FCABC518-C2D0-44D1-A965-D79C454F08B3}
T{0C1EBE4B-5648-4DC7-B5AE-36AF0B92D826}
F{1A50F501-6347-4D88-91D4-D870B3DB44CB}
T{E12690B0-8708-419F-A4FA-2E14227E0B38}
F{BDE67FD6-C995-428F-BFDC-7F15DBC4F5F6}
T{8416E950-D55B-4E91-9B3C-F19A6296FBE0}
F{0C07B058-E6BC-4DF2-8427-04B565B22573}
T{1ABD4B84-D957-4ECB-98D4-DD9F27FC4A2A}
T{CBF89639-A609-48CF-8101-51D24B595C06}
T{6DA4B4EB-DC27-43C4-95DA-E609DF9DACAF}
F{A5F81C7C-2558-4539-A5D3-FCA5BA2ADC1C}
T{989BC558-F90F-4477-B69A-C50542F39657}
T{E6C1E860-C65F-4B07-96D5-8EEF2A9853DC}
T{D9450A33-28AF-487C-A7AA-BD90DD33FBC6}
T{4147DE80-29CC-41A1-905D-A33585A9C233}
T{2D5B715C-4460-44ED-AEF3-3F9CB452E2A2}
T{1E6813FA-16E6-40EF-BFAD-B6E2AAA020C3}
T{6A6A0DA0-A5EC-416A-884A-D32B4393C8CB}
F{EB885DD4-4477-4AAD-8841-D9085B80444A}
T{1D93DBF9-986E-4716-99D0-C996ADEC64E0}
T{935175F2-450F-4274-9CB2-654AF5782407}
F{996DDEA1-CF44-47E1-860E-FB1C870E4AEA}
T{71539232-530D-43EF-9D1D-B9F9A70C1EB7}
T{E458A9CF-498A-441C-BDC2-AFE883AE390E}
T{CBF89639-A609-48CF-8101-51D24B595C06}
T{EED9659C-588E-45FA-9C05-7C2B24F5FD6A}
F{0F42BD5D-CBAB-44E5-9606-588A1924B9AD}
T{43F16C4A-0B22-4DD6-B651-E0819EB75651}
F{3AD5458D-CCB9-4BBA-89FC-2C7E17572F6D}
T{A8226A84-C1D7-4DCB-8819-FC5481D30309}
T{100647B5-C30F-4EA9-9D58-1D9D5D5ECFBD}
F{E66DA5BC-984C-4113-A775-F8336F4874CC}
T{5078CE4C-DC24-4139-962A-91E28A620A4D}
T{CA7EFC4E-5331-4271-B6E6-A30C150810B3}
T{B64A92CD-71AC-4387-9F54-7818AC2F2806}
T{F41B0051-14B1-4C4C-863D-BB941597DFEE}
T{0EE2DF07-F621-4A83-9A33-5ED050DB426D}
F{94812A52-3FE3-47A6-87D1-5100215408E7}
T{F4F117B6-4AA7-48CC-8186-4B81AF3FCB84}
T{4147DE80-29CC-41A1-905D-A33585A9C233}
F{1B49D7F4-ECDB-418F-B1DB-12C60B246243}
T{127AD9CC-B384-44C8-8DAD-D4CDA9EC2869}
T{BEA69714-37AF-4C8E-A775-9FFC29C3B9C9}
T{CB0FA766-14B7-472F-8E83-1BFDA4C9DB9E}
T{A70963E1-1C80-4D72-856E-255480C7FBAE}
F{631AE954-E08E-4F69-92A3-F81961E7B60D}
T{AA83C7ED-8AC2-404C-9DC5-A22C3F481DB0}
T{2D728798-C6AA-4FBF-A24F-13D0E99CBC96}
T{456AB242-35DF-4D1E-8316-3337D97BF2E7}
F{666593BA-A812-460F-8236-B5F8981453E7}
T{5E582835-A7A5-4327-8C6A-D81E4D7216FD}
T{E48628C3-6DF3-4FAB-875D-AB9C2121FA58}
T{85B8A9EA-963E-471A-8956-84E4544F178F}
T{89E89223-0571-4964-9A8F-B4883273B52F}
T{A8ACFDB1-6F07-4781-B475-55AFDA514E82}
F{82E87862-18D7-4239-8EEE-0F7DA8BBA5D9}
T{59FE8EF3-A495-4728-AEB6-7C6ACE3DB0AB}
F{85E5B9BA-8A7D-43C3-BB38-7C35234E289D}
F{A18BBEEA-B74E-4FE4-8CCD-2CF060906658}
T{B50525FC-0550-420D-BEB4-7932D56CBF58}
T{D2395E31-D55C-435E-8800-1EA6D63A397E}
T{6F1ADB96-E75F-49DC-8D94-762B2F22107A}
F{E665CA4B-ADD9-4C08-8347-84375E49A3F6}
T{C479A810-45E2-4639-B10F-B842B841D9CB}
T{9A1CFA80-E575-4A8D-A49B-A27D09C52AFC}
T{009AE52B-66AC-41D9-891D-6177392489F6}
F{3C805FB4-2D7D-48E8-B21A-F56F621A9F63}
F{9E6355B5-03BC-4836-8B72-A09FDEB0ECBE}
F{9B8BD2D2-998F-4BA0-91F8-7654C0B0DB3E}
T{13463F1C-C22D-4AC6-A5CD-DD3D8F772558}
T{BDE67FD6-C995-428F-BFDC-7F15DBC4F5F6}
T{B50525FC-0550-420D-BEB4-7932D56CBF58}
F{7DEA04D7-0614-4041-A732-5DD0BF98403E}
T{9C9FE710-5C8D-4AFB-896F-184027C1D8C0}
T{9E6355B5-03BC-4836-8B72-A09FDEB0ECBE}
T{961E0CEA-6559-4D91-8D46-A10284DA9FEF}
T{AB865AFC-B8FA-4074-A505-F0CADB847C02}
T{7F55B4C9-5250-46EC-99DD-978DE58976C4}
T{1B49D7F4-ECDB-418F-B1DB-12C60B246243}
F{3C3F7017-3235-43DC-B1C4-FCB0BE8CC27C}
F{1D874E57-AAC6-4D48-9E06-AC3CDCE0B645}
T{529FB818-7925-4645-A674-5ECD20C1D72D}
T{CEFF3E06-D488-41CF-9296-8DBB4CBF92AB}
F{E6F66DB6-00DB-43D1-8273-5DEDC33ABC93}
F{6A66BA2D-166E-4F2D-A0E2-71EAAB9A8E16}
T{0568CFA4-0B68-48CA-9A80-15F3A9BDF34B}
F{3BF1517A-C896-482B-B27E-5DA98629FA58}
F{429EA552-5556-4FFD-B892-1FC0E077897C}
T{631AE954-E08E-4F69-92A3-F81961E7B60D}
F{C2B7BCB3-4063-431E-9F24-842FEEEF36C0}
T{AFC431B0-03E4-4336-A555-DFF17A5C3140}
T{20356808-3AF6-42BE-B14B-DBD2D3703292}
T{04C96E97-849D-438B-96DD-277C36DEDA04}
T{BD6668B5-6B03-408A-8B36-967AC7254702}
T{95DDAD73-42D7-4B01-9529-EA4DDA4F04C1}
T{2E13BBAA-1D51-4777-98EB-ED653C8B741A}
F{A9A20C40-B426-4914-9D77-F0435FE51B8A}
F{29644DE5-1AA7-46BA-86D6-F03FFA7A62C9}
T{2F314D26-F22B-45CD-B5CA-9F7143C645A5}
T{E6443076-9601-42FA-B3E1-3F3295D83BF2}
T{A1CE576C-7AB7-4E12-A777-6BB69E0C0A88}
T{B86FEB54-D96A-45A2-8396-9F4256FDE76A}
T{5CDA95D1-5FB5-4E94-85AC-29C0372D2151}
T{EBFA4449-78A7-4025-AF88-9348443D54DB}
F{8C3F4BAE-B60B-43FF-BA57-ACC486ACCE84}
T{3637651A-F56B-43E1-A06D-52B19080DC56}
T{09C11ED3-CD69-4934-82CE-8E91518D25FF}
T{6E26A387-2A20-4958-BB0E-84C19D305AC5}
T{73A06CE7-A755-4ED0-983C-4BA220D5AA40}
T{F14E0106-DA7B-4670-A266-A6A9A641DE1D}
T{A0B32FEC-80B4-45E5-97CD-1E12DB821BBD}
F{4F745730-2432-4DD1-AD38-68CF24230246}
T{6A6CC01B-089C-4C09-9A4E-6A3AE81181B8}
T{0F42BD5D-CBAB-44E5-9606-588A1924B9AD}
