T{B129A94A-0F81-42EE-BAAD-104A406747A1}
T{0AFF6C59-6500-4582-A2ED-CBD841F7FFEB}
F{B1A480BF-8A97-4EDE-8094-C6D79420D6E3}
F{2B2F352E-ED9D-4033-AA3F-E0246D28B38E}
T{918CD0D5-4572-471C-8F77-E96D2957DA13}
F{9535021E-8CAD-4AFE-889F-B8DFD857AC97}
F{CD1F6DEA-8231-4F0F-BBCD-0FDD4EDECA55}
F{8E141B72-5F38-4777-ADAB-663B14FCFDE6}
T{2B41796A-9F30-4C90-B50D-2D0C84105AFA}
F{EA227937-0C66-4503-8CDB-5B5D127C3480}
F{AF6E33B3-2BF3-49B1-ABB7-71DBD1947C31}
T{1BF325CA-027C-46B1-8AB2-2D56930E4FCC}
F{58C47A89-72F8-4775-96A0-72998E231084}
T{5DD15351-86FE-4AB8-AD7B-738B9E5F6DA1}
F{148D5B64-91B5-4A3D-8E8D-8EFD11F3343E}
T{EF326F21-A064-4946-A932-F34B6CFFC24E}
T{05BD18D6-9A2B-428B-9AF2-AF657708556A}
F{B190BB76-E4DA-46AA-9AE2-379C3793CF5C}
T{6A27AA07-CEB8-448B-97B6-A1F36F457DAD}
F{3F80821F-E56E-46BB-8958-82BF24D9D699}
T{90158B2A-F10F-4F97-B210-AB3BDE532FA9}
T{7A9E659B-B0B1-46AE-8415-981E3A4EA1BB}
F{2553C02A-DD0F-43AC-97C0-A2C779B9E9EB}
T{CF56C427-2DBB-40B4-BDCC-D650E30F1C6F}
T{2E1AB51F-0B22-404F-BD60-217D697A8700}
T{05BD18D6-9A2B-428B-9AF2-AF657708556A}
F{B4C63766-55DD-4FF3-A860-9A6740188489}
F{11BDAFBE-AF07-43ED-A453-01CBBC6F0096}
T{3C3F7017-3235-43DC-B1C4-FCB0BE8CC27C}
T{456AB242-35DF-4D1E-8316-3337D97BF2E7}
T{666593BA-A812-460F-8236-B5F8981453E7}
F{631AE954-E08E-4F69-92A3-F81961E7B60D}
F{FF61A468-8BBF-424C-ACE1-1F641F65EB0B}
T{4213493A-303C-4F76-8BD9-FDEA9D612E68}
T{82E87862-18D7-4239-8EEE-0F7DA8BBA5D9}
F{ED1F2523-C833-4528-A0DF-4DD3D1B88A79}
T{83B8EC0E-1E3D-4971-868E-97218B2A0454}
F{F34B8D1D-265D-482E-8885-09A66AF45183}
T{8B6E2846-24C6-4FFA-99A6-6D4803E42B7B}
T{DCEA5090-83FB-402D-8C62-6554C602A8FE}
T{1D8FCE0C-A184-4F7C-93E2-912083F0DD68}
T{1BF325CA-027C-46B1-8AB2-2D56930E4FCC}
T{436C3071-3CD9-46C5-8CA5-EA4F274955AE}
F{40184CA1-5C98-440E-95F4-D09081592DA3}
F{5F4BE2AB-AFFA-42D6-9230-6A7D6650045A}
F{11CFE0FA-0D9A-4B8F-AF16-FFEA189255F6}
F{D1041F8F-E132-40CD-A1BF-7FA17EC8B951}
F{6B2909A5-A472-4117-8C63-1EF07B0A59BC}
F{4F62006C-E537-4AEF-BD45-6530586F4BDB}
T{974576EB-A431-4A54-B28F-8A934A3308EB}
F{9D1E331F-4483-46A8-A398-7AF7911ECFD6}
T{0F42BD5D-CBAB-44E5-9606-588A1924B9AD}
T{7CF537BB-DCBA-4F9C-82DC-62818AD136A4}
T{D7748EF0-203D-4783-B54F-BC52B59D6451}
F{D63681B4-66AA-474B-8A7E-EE8579DF8498}
T{801BE00C-259C-4978-8AB5-27C0F0E2B441}
T{1C6B3D8F-59C1-4A6F-949A-2B735F78380B}
T{24F05396-DA82-4FC9-AB1D-8302C7298591}
F{A466F91B-2F13-4FF2-887B-FD16362BF89A}
T{39265855-C108-4CB7-9775-07483B32A23B}
T{05BD18D6-9A2B-428B-9AF2-AF657708556A}
T{A84D952D-29CA-422D-A5EB-12E7372AB970}
T{2B41796A-9F30-4C90-B50D-2D0C84105AFA}
F{2082416A-D541-4F3F-B5A4-5E310052BFC7}
T{3C805FB4-2D7D-48E8-B21A-F56F621A9F63}
T{E5BD1BDB-8494-46A6-8799-95CAB1651DC4}
T{FEA473DD-B917-4425-8775-C57D06896C70}
T{B1A480BF-8A97-4EDE-8094-C6D79420D6E3}
T{5AAA7A8F-97B6-42B5-9E85-8B2B268BBB72}
T{B64A92CD-71AC-4387-9F54-7818AC2F2806}
T{62A75A62-29E9-43CA-95EE-D09436ED4BD9}
T{08D30916-08AB-410D-A34D-F9861A5B4434}
F{02718AFD-41F9-4D2D-B72B-C925C49F870C}
T{9535021E-8CAD-4AFE-889F-B8DFD857AC97}
T{0B43C3E8-AF13-4B9C-AA56-3423C7C2D1E8}
T{6D38DCFB-1E74-40F8-A622-C6CB5F4E066E}
T{6DA193BC-B14D-4A65-9E5B-6039AA75D53D}
F{DA8D55DE-24B1-48C4-B9C3-9AFD2A41E90A}
T{E6F9FE00-DF29-4DD5-B383-FE309F4A0278}
F{15B0ABDA-723A-4A8D-8183-9E9EBB5749B0}
T{456AB242-35DF-4D1E-8316-3337D97BF2E7}
F{D6732FCD-B0C2-4FE1-B44A-F97BCEDD7EB8}
F{C8C116BD-D23A-487C-8273-9BEB06FD50C7}
F{208EF543-FF3A-45DD-A083-B6870E09EEE2}
T{918CD0D5-4572-471C-8F77-E96D2957DA13}
F{6E71B93E-B6BF-4A51-BA09-237280C53A1D}
T{C475BEDE-0AF1-492B-B422-0730CEDD96BB}
T{2082416A-D541-4F3F-B5A4-5E310052BFC7}
T{07ACC452-E1D5-48F7-ACC5-6E9E6798D3EB}
T{B064B763-2D5C-4E06-8062-D770F81BE0B6}
F{8C3F4BAE-B60B-43FF-BA57-ACC486ACCE84}
T{BD7D6448-EF39-4BD9-8425-29F9BDD659F9}
T{3AD5458D-CCB9-4BBA-89FC-2C7E17572F6D}
T{8CA19A41-820B-458C-AAF2-4539FD5138E5}
F{890F7FBC-3070-4780-A2BE-EF5FE287D784}
F{34EFA854-B11B-40AD-8151-331E169964FC}
T{34EFA854-B11B-40AD-8151-331E169964FC}
F{8E141B72-5F38-4777-ADAB-663B14FCFDE6}
T{D30B8B5E-32E9-4D29-9924-802B4A302CAC}
T{4E99C025-92E1-49BF-B885-7D51325F070A}
F{3BF1517A-C896-482B-B27E-5DA98629FA58}
T{65205F34-9496-44BE-A44C-77CC153E3F7D}
F{2539842A-282D-413B-9DFF-841723C1CBB6}
F{6A66BA2D-166E-4F2D-A0E2-71EAAB9A8E16}
T{E392A171-B854-4EA8-BA26-CE4E42EA2EA9}
T{D3FC563D-E04A-4683-BDCA-70DA8F69FE29}
T{4CA6FEAC-D8C9-47FA-B3EF-C8559EB3E50A}
T{2341548B-CC5C-4A44-8886-684E7E0FA9ED}
T{B0B22E1E-35FC-4B77-B857-902E866EC837}
T{58A3A29D-E26D-4B25-B619-CE7636552CF4}
T{A130BD85-1919-4EAE-8033-ECFA823D9457}
T{ED1F2523-C833-4528-A0DF-4DD3D1B88A79}
T{AF6E33B3-2BF3-49B1-ABB7-71DBD1947C31}
F{FD2962F7-6701-40CF-817A-229FE5E4987D}
F{FADB164C-1078-4E31-A2A1-191060104FEE}
F{6225D9B5-3677-4DE3-AB09-B0FA55212EA5}
T{65205F34-9496-44BE-A44C-77CC153E3F7D}
T{B1A480BF-8A97-4EDE-8094-C6D79420D6E3}
T{8E141B72-5F38-4777-ADAB-663B14FCFDE6}
T{010AC0EA-72CD-4F88-8631-101F7D8E4A9B}
T{7FD28B7B-FA70-44C7-9675-D4EF8367B708}
T{0AFF6C59-6500-4582-A2ED-CBD841F7FFEB}
T{1F5AED1B-E666-4890-84D2-F86D8AE2C5FE}
T{3C3F7017-3235-43DC-B1C4-FCB0BE8CC27C}
T{9B2ABBC8-EDF7-4F4A-938C-41485646207E}
T{85189182-D1CC-450B-9F71-73C0F3205833}
T{84DE413C-F9B9-4233-9FFB-D680F164367E}
F{10B5DD85-BB7D-4294-BAC7-8134DF8E3F8F}
T{283B4577-BA5B-46D9-9C23-78189C429A25}
T{B129A94A-0F81-42EE-BAAD-104A406747A1}
T{7F16EE94-C346-408B-9F5B-574A494B60A6}
T{D6732FCD-B0C2-4FE1-B44A-F97BCEDD7EB8}
F{29644DE5-1AA7-46BA-86D6-F03FFA7A62C9}
T{B129A94A-0F81-42EE-BAAD-104A406747A1}
T{85DD06AE-B961-4093-BDF8-0D360979FFD6}
F{06752F75-A38A-4963-BADE-81FE95BE62A8}
F{7B285AF5-081F-42F5-965A-C14DE5C597F4}
T{2674BBB7-720F-4E4C-A20A-741D0B35FBA0}
T{918CD0D5-4572-471C-8F77-E96D2957DA13}
F{1E834EE7-AEDE-4065-B009-FF4DB99545AF}
T{A86A5827-0EC6-434B-9982-1261D8EAA23C}
F{425030E9-9B39-4DE7-B8D4-064373B51BE6}
T{FEF4B732-497A-48E4-92FA-2430A0F25B57}
T{A9A20C40-B426-4914-9D77-F0435FE51B8A}
T{1DD29212-3F91-44FA-A7F2-AFBFD0AF8300}
T{AF1BC588-5609-4F9D-A131-F8FD7353A756}
T{FD2962F7-6701-40CF-817A-229FE5E4987D}
F{2CBC7934-46E5-4656-A783-B08F34D078BC}
F{75E78B00-3C0E-4173-903A-16E9B6745A42}
T{11CFE0FA-0D9A-4B8F-AF16-FFEA189255F6}
T{67D5DEB3-8E3A-4723-9B26-687541E438E7}
T{3AD22776-3D3D-47B0-B85B-A94C1C35130C}
F{E55DCED3-C788-491D-B65A-4A8B039618DD}
T{271E11AE-7BC1-4282-A4B7-A76E5F5BAC59}
T{01C8483E-44C7-49BB-B040-F0EC1E78D450}
T{8416E950-D55B-4E91-9B3C-F19A6296FBE0}
T{6D38DCFB-1E74-40F8-A622-C6CB5F4E066E}
T{3C3F7017-3235-43DC-B1C4-FCB0BE8CC27C}
T{5B859A8E-C811-40E7-AF0A-381A40AE3FD4}
F{004C7071-B6AD-4DA5-A322-1B52A664D2C4}
T{A416085B-334B-45FB-8499-44815B6344BC}
T{6E380164-437A-4095-A28C-856759F057CE}
T{3BF1517A-C896-482B-B27E-5DA98629FA58}
T{A897BFCD-061A-4FF8-AB52-1909F5B4BABD}
F{75F730BE-15BF-494A-A9F2-207116F347E1}
T{010AC0EA-72CD-4F88-8631-101F7D8E4A9B}
T{1BD3ADA1-5E36-453A-994D-796686327EA0}
T{4F62006C-E537-4AEF-BD45-6530586F4BDB}
T{23C1600C-5248-4CC4-AF04-B376FA685371}
T{B4C63766-55DD-4FF3-A860-9A6740188489}
F{8903B9C3-29A4-4124-A7C8-0DC3FFDECDBF}
F{8C22EF58-86A6-4954-AB96-CCABDD94BEF8}
F{E9BD4324-24C2-4DDD-BAF3-90E043CBCBE9}
T{027EB689-EF1A-41F0-AD33-52CEEF7E882E}
F{8838D8DB-A5F7-41B4-9534-CE14BB8C5E09}
T{801BE00C-259C-4978-8AB5-27C0F0E2B441}
T{E9BD4324-24C2-4DDD-BAF3-90E043CBCBE9}
T{3BF1517A-C896-482B-B27E-5DA98629FA58}
F{7DEA04D7-0614-4041-A732-5DD0BF98403E}
F{3C30EF0E-2FBA-4657-96C1-04235477B700}
T{2DC52603-4845-4E13-AAB6-512552FE35D1}
T{B427FA9E-C0C0-4D1C-912C-DCCB2617D8AB}
T{D05D24AA-DD28-434F-8668-B4469B8581FF}
T{0C07B058-E6BC-4DF2-8427-04B565B22573}
T{0666F3C8-135C-48FE-A805-BE54B04D73FC}
T{15B11EA6-C4FA-453A-94FC-74FACC736C05}
T{D63681B4-66AA-474B-8A7E-EE8579DF8498}
T{7A97DF42-FCE9-4922-AE9E-8BFDA8EB28DB}
T{AF6E33B3-2BF3-49B1-ABB7-71DBD1947C31}
T{7F573975-B154-4E59-AD65-1C95246E2C89}
T{8838D8DB-A5F7-41B4-9534-CE14BB8C5E09}
T{E392A171-B854-4EA8-BA26-CE4E42EA2EA9}
T{A18BBEEA-B74E-4FE4-8CCD-2CF060906658}
F{EA227937-0C66-4503-8CDB-5B5D127C3480}
F{0C083069-1680-48CF-8EFE-574E85BE171D}
F{379DAEDD-BAA9-4E19-A221-CAD5B1673BD4}
T{1F5AED1B-E666-4890-84D2-F86D8AE2C5FE}
T{2E1AB51F-0B22-404F-BD60-217D697A8700}
F{841229BB-3250-411F-8B3E-401943C8EBDC}
T{9D1E331F-4483-46A8-A398-7AF7911ECFD6}
T{E7A9D085-02B5-410F-A30B-2C13883D7F8B}
T{6A27AA07-CEB8-448B-97B6-A1F36F457DAD}
T{A18BBEEA-B74E-4FE4-8CCD-2CF060906658}
T{8E141B72-5F38-4777-ADAB-663B14FCFDE6}
T{5D5CC1B2-BAFD-45F2-9BF5-AC2A584B53BC}
F{6A9D8F69-85C3-44AE-9689-5060711657D9}
