T{FBF264F1-4D95-445F-8015-46CF38DE36EE}
T{B4C63766-55DD-4FF3-A860-9A6740188489}
T{EDE5A0D1-DA93-44C3-AE83-1977B51A9525}
T{2D2152AE-AD39-4D22-A839-5CF0B1A75F43}
T{F2660D58-C242-475E-9F19-2E731A51F8AA}
T{DB9E806E-6E9E-450C-A5E5-D11317F104DE}
T{2A869A2E-9D67-41B0-891B-88D23B1DEFE1}
T{A5B9D9FD-1DB6-4AF0-892F-E47469F34A86}
T{6A9D8F69-85C3-44AE-9689-5060711657D9}
T{2082416A-D541-4F3F-B5A4-5E310052BFC7}
F{2F6474F2-7F97-46AD-8987-05F85B21C01C}
T{4F62006C-E537-4AEF-BD45-6530586F4BDB}
T{0F42BD5D-CBAB-44E5-9606-588A1924B9AD}
T{02718AFD-41F9-4D2D-B72B-C925C49F870C}
F{3D6D9F66-121E-432D-B777-F4B64B4F4FFE}
T{368F535D-EA7E-452D-85F4-D94BF908BD0E}
T{52A07AB4-C36C-41C7-AE44-DEBBF76E194E}
T{F1B608F0-C98B-41BD-9CAD-92259DB0455F}
F{0E948924-C007-45F5-BCCC-FA050EE90492}
T{18C9FE66-FBE7-4708-AC1D-A602DD4D4FF8}
F{ABCC0EE4-A2D6-4C04-B2C2-639E4DADE320}
F{3A4D4709-026B-490D-9A60-77E7DE6DF741}
T{E2ADD1BF-DEAC-4EEB-A4E6-3C5020908781}
T{06752F75-A38A-4963-BADE-81FE95BE62A8}
T{1DB21F1B-0227-4F0E-AE91-5A61B56BC743}
T{7B285AF5-081F-42F5-965A-C14DE5C597F4}
T{F4F117B6-4AA7-48CC-8186-4B81AF3FCB84}
T{D6732FCD-B0C2-4FE1-B44A-F97BCEDD7EB8}
T{4EEF0A93-6B1B-4736-B2AF-B5713367C58D}
T{0E333AE1-3012-47BA-A135-8BA2CD0686ED}
F{49D513BF-DCE5-4DF2-99F3-63E18EE2A48C}
T{3BF1517A-C896-482B-B27E-5DA98629FA58}
T{0F42BD5D-CBAB-44E5-9606-588A1924B9AD}
T{D38267CD-3D78-42E9-9794-43A88F3A209A}
T{CBEA6651-BA15-443C-8A3B-B71C94361CEF}
F{E665CA4B-ADD9-4C08-8347-84375E49A3F6}
T{705AC428-6724-46AE-84D8-2A6FDBAB24BF}
T{424D2727-00CF-4144-BF3D-0166C754135E}
F{79EA1828-A24E-4754-9DBF-BBF493C6182C}
T{1277A861-D2C1-44C9-A8D0-8E40E9F2F56F}
F{38FD2DF2-C126-4E2B-82AD-1E83E3707F90}
T{75F730BE-15BF-494A-A9F2-207116F347E1}
T{A5B9D9FD-1DB6-4AF0-892F-E47469F34A86}
F{50E384C3-AB4F-4655-8C1C-9AE08A6F2349}
T{429EA552-5556-4FFD-B892-1FC0E077897C}
T{6225D9B5-3677-4DE3-AB09-B0FA55212EA5}
T{3CE40F78-5A9A-47EE-B848-F4384BBF999A}
T{04453FEC-0677-4F5D-91F1-870A0EBE5E21}
T{3C30EF0E-2FBA-4657-96C1-04235477B700}
T{DE46CA11-BE59-4DA4-9A1B-2689B5179775}
T{7DEA04D7-0614-4041-A732-5DD0BF98403E}
T{FADB164C-1078-4E31-A2A1-191060104FEE}
T{BDE67FD6-C995-428F-BFDC-7F15DBC4F5F6}
T{5684EEA0-84EC-4FC4-9C09-066B1ECA0478}
T{219C1C1F-F5BE-4E5B-BF5B-49FA79236BAE}
T{76A675E4-F806-477E-8661-307BEC09FF75}
T{62A75A62-29E9-43CA-95EE-D09436ED4BD9}
T{A5B9D9FD-1DB6-4AF0-892F-E47469F34A86}
T{FDA9B0C8-616D-45D4-B83C-A1BEDAA3DEE3}
T{100647B5-C30F-4EA9-9D58-1D9D5D5ECFBD}
T{9D27DA16-90F9-435A-BA72-A2753930D5B8}
T{A901A3C8-C8AF-4DF3-8681-A56C5D4FF21E}
T{EF326F21-A064-4946-A932-F34B6CFFC24E}
T{3AD22776-3D3D-47B0-B85B-A94C1C35130C}
T{F5B7156A-BCB2-4A3D-8CD2-B78CF49D4C4D}
T{03A017A2-48D0-4C64-827F-4A1FED904179}
T{F1B608F0-C98B-41BD-9CAD-92259DB0455F}
F{2D2152AE-AD39-4D22-A839-5CF0B1A75F43}
T{43A8CD6C-F28B-4011-B928-791EEAD2D489}
T{0F43D660-5D72-4A6B-B9AD-6F2BF30839B7}
T{6EE2115F-6C41-4A56-8819-B77708E85DA7}
T{391AB647-7A5C-4779-98B3-0FA81167F1DF}
F{75E78B00-3C0E-4173-903A-16E9B6745A42}
T{B07106CD-121E-4337-862B-65DFC42F8B2E}
F{996DDEA1-CF44-47E1-860E-FB1C870E4AEA}
F{B8BE9042-6EA1-422E-951F-F4A5F9D8D43C}
F{E48628C3-6DF3-4FAB-875D-AB9C2121FA58}
T{8E032372-BA7D-4B92-AB09-06D2C54F1774}
T{9B55E62F-830F-4C1D-B7D5-ADBBF2514263}
T{FD2962F7-6701-40CF-817A-229FE5E4987D}
F{5E5229EA-6BFD-4895-A134-D30DA9E9DA58}
F{23B35455-16FC-4FC3-8B98-06ECA566BAAD}
T{0DF59973-D6C2-43D1-97F6-47B5F799A34D}
T{8416E950-D55B-4E91-9B3C-F19A6296FBE0}
F{AF6E33B3-2BF3-49B1-ABB7-71DBD1947C31}
F{64B3D907-4A5D-454B-99A3-E3A9F336DFBA}
T{39D72B08-AF18-4914-B307-CCF474DCAE90}
T{EBFA4449-78A7-4025-AF88-9348443D54DB}
T{49D513BF-DCE5-4DF2-99F3-63E18EE2A48C}
T{CA7EFC4E-5331-4271-B6E6-A30C150810B3}
F{E55DCED3-C788-491D-B65A-4A8B039618DD}
F{CCC474F6-7F33-41C8-A25B-A1C8743D95CA}
T{D9CC0D04-F5F9-4D24-8322-43614ED4B351}
T{A130BD85-1919-4EAE-8033-ECFA823D9457}
T{49D513BF-DCE5-4DF2-99F3-63E18EE2A48C}
T{5A1FB08B-A17B-4700-9B6C-AC50396C2188}
T{B38A7816-32BA-487D-9AC0-82154B3BEC30}
T{E54556A4-4D98-414A-8FCC-5CDC7139F115}
T{3CE40F78-5A9A-47EE-B848-F4384BBF999A}
T{8A80B339-2309-4BB3-AE4F-FEAB852018CB}
T{86A03D86-BA5C-4CF1-91ED-F7F27430D51B}
F{47D43E99-F32A-4C62-8F38-EFEF063034F1}
T{D6732FCD-B0C2-4FE1-B44A-F97BCEDD7EB8}
F{043F0571-44E2-4D6E-BB35-D4C78D0D62DD}
F{E66DA5BC-984C-4113-A775-F8336F4874CC}
T{6A27AA07-CEB8-448B-97B6-A1F36F457DAD}
T{DA8D55DE-24B1-48C4-B9C3-9AFD2A41E90A}
T{1D1A07BE-BF06-4748-B76F-BCC5DD98875C}
T{BCEBDF63-0F20-41EA-95F7-6E989B5A63B6}
T{A14B6BB9-7580-409E-8D77-92E2E36CDC3B}
T{E66DA5BC-984C-4113-A775-F8336F4874CC}
T{47D43E99-F32A-4C62-8F38-EFEF063034F1}
T{631AE954-E08E-4F69-92A3-F81961E7B60D}
F{9EC3F796-FF3A-48C2-BE12-06FBD13E5360}
T{1DB21F1B-0227-4F0E-AE91-5A61B56BC743}
T{D158770B-0AFE-4423-8B8A-036E7658523D}
T{171CD6B9-BF98-4816-8C1E-15579B5C6055}
F{94843CB9-CA17-4EFC-82CA-7720EECF292C}
F{82E87862-18D7-4239-8EEE-0F7DA8BBA5D9}
T{50E384C3-AB4F-4655-8C1C-9AE08A6F2349}
T{B86FEB54-D96A-45A2-8396-9F4256FDE76A}
T{0F43D660-5D72-4A6B-B9AD-6F2BF30839B7}
T{CC70508D-5B81-49BA-8F71-2BEA87D6465B}
F{6F1ADB96-E75F-49DC-8D94-762B2F22107A}
T{A1C2757C-2F9D-48E8-8E86-B243F3A7ECF7}
T{03A017A2-48D0-4C64-827F-4A1FED904179}
F{6D934D0D-61DA-4730-963D-0912D411BF08}
T{11BDAFBE-AF07-43ED-A453-01CBBC6F0096}
T{9A18E1CB-E4AB-47F3-A43C-7C4EBDF44F8D}
T{389F88F5-79EB-4667-8EEA-2FD6F4766DC3}
T{CCC474F6-7F33-41C8-A25B-A1C8743D95CA}
T{9B8BD2D2-998F-4BA0-91F8-7654C0B0DB3E}
T{6DA193BC-B14D-4A65-9E5B-6039AA75D53D}
T{0E333AE1-3012-47BA-A135-8BA2CD0686ED}
T{DE46CA11-BE59-4DA4-9A1B-2689B5179775}
T{18C9FE66-FBE7-4708-AC1D-A602DD4D4FF8}
F{004C7071-B6AD-4DA5-A322-1B52A664D2C4}
F{B4383D07-45DF-4FEC-AF01-F0464AC8C092}
T{67D5DEB3-8E3A-4723-9B26-687541E438E7}
F{9199BB53-AC93-4FD9-9B90-E8A52E5C2FE3}
T{CCC474F6-7F33-41C8-A25B-A1C8743D95CA}
F{39B9C6E8-F8BA-4C01-B244-66F419E4C51B}
T{4EEF0A93-6B1B-4736-B2AF-B5713367C58D}
T{21688E5D-0D89-46AA-91E3-24CC61B1B388}
F{47AB1B5E-B44B-4C7E-9D31-01697BF39035}
