T{1BC34B98-E0BF-42AC-A3FA-62820D56029A}
F{2B2F352E-ED9D-4033-AA3F-E0246D28B38E}
T{CD1F6DEA-8231-4F0F-BBCD-0FDD4EDECA55}
F{EA227937-0C66-4503-8CDB-5B5D127C3480}
F{CD819E00-BFBE-4FDC-AC57-B4C854703EA7}
F{EB885DD4-4477-4AAD-8841-D9085B80444A}
F{E295E95A-EB77-41CF-8E6E-AD915AE4F180}
F{58C47A89-72F8-4775-96A0-72998E231084}
T{425030E9-9B39-4DE7-B8D4-064373B51BE6}
F{85E5B9BA-8A7D-43C3-BB38-7C35234E289D}
F{F9A05FA7-A766-40E9-A4D6-EC595C1E896C}
F{F5C91D2C-9E83-48D7-B231-D77BD1069B32}
F{A466F91B-2F13-4FF2-887B-FD16362BF89A}
T{FF61A468-8BBF-424C-ACE1-1F641F65EB0B}
F{15B0ABDA-723A-4A8D-8183-9E9EBB5749B0}
F{647D4AE8-F83D-409C-8163-66B3BA6536E8}
F{4F745730-2432-4DD1-AD38-68CF24230246}
F{AFBD35C3-CF1C-4390-A875-3A88F1D2DD13}
T{148D5B64-91B5-4A3D-8E8D-8EFD11F3343E}
F{1D874E57-AAC6-4D48-9E06-AC3CDCE0B645}
F{2539842A-282D-413B-9DFF-841723C1CBB6}
T{10B5DD85-BB7D-4294-BAC7-8134DF8E3F8F}
F{C41A4028-9D85-4E20-8293-5EA1CB024418}
F{6A66BA2D-166E-4F2D-A0E2-71EAAB9A8E16}
F{A23E3434-52A1-4D9D-BFDF-51D18ED3F0A1}
F{C8C116BD-D23A-487C-8273-9BEB06FD50C7}
F{B190BB76-E4DA-46AA-9AE2-379C3793CF5C}
T{3F80821F-E56E-46BB-8958-82BF24D9D699}
T{1A50F501-6347-4D88-91D4-D870B3DB44CB}
F{446BE5BE-5636-4E09-82FE-40B10FF786C7}
T{9483C023-EE03-4A50-85B9-894EC12ADC57}
T{B4383D07-45DF-4FEC-AF01-F0464AC8C092}
T{2F6474F2-7F97-46AD-8987-05F85B21C01C}
T{5FA3B17D-4088-4897-8624-0386C713ABD7}
F{A3D44775-CB8D-4083-9234-9235C0AD7986}
T{F39E6DEC-B39A-4333-9A62-F6C1520209C0}
T{B4C63766-55DD-4FF3-A860-9A6740188489}
T{ABDCEEFF-32A8-49DE-940E-AAD311ED2973}
T{0E948924-C007-45F5-BCCC-FA050EE90492}
T{824D5AD9-F1E3-4AC9-8D2F-00A1B72F33AC}
F{D63681B4-66AA-474B-8A7E-EE8579DF8498}
F{C29D6124-5BAA-4C11-916A-5E1169AE52D9}
F{A4B5BEF3-30DA-4C71-8AB7-652F0DA38DBC}
F{34EFA854-B11B-40AD-8151-331E169964FC}
T{C29D6124-5BAA-4C11-916A-5E1169AE52D9}
T{1828FFC4-432E-4BD7-B9C3-18306C96B65B}
F{3D82CE70-ACF9-4EB9-BCD0-2A87C2469017}
F{1A19F6CC-CA96-415D-B9A0-5F749E82982F}
F{A5F81C7C-2558-4539-A5D3-FCA5BA2ADC1C}
T{0E948924-C007-45F5-BCCC-FA050EE90492}
T{81D194E0-12F4-40B4-A426-D32B5BCBBB77}
T{FCA2A5A6-B76F-4934-BD1E-C12D3BF962CD}
T{687EF416-E927-4EE4-96E2-96960C593CCF}
T{4E99C025-92E1-49BF-B885-7D51325F070A}
F{2093D67C-92CB-4264-9C95-2E3C7AE07623}
T{79EA1828-A24E-4754-9DBF-BBF493C6182C}
F{2F313F82-C1FB-4F09-881B-58C93BA1DC77}
T{50E384C3-AB4F-4655-8C1C-9AE08A6F2349}
T{9E07C77E-6FB9-480A-8EAF-306634D3C944}
T{F2660D58-C242-475E-9F19-2E731A51F8AA}
T{C51AC722-7F1F-40E8-B216-8DC674017B52}
T{B4383D07-45DF-4FEC-AF01-F0464AC8C092}
F{1893F163-9478-48D4-80C7-E017B2FC54CD}
T{EB237684-FF25-4E45-8752-242E2985F4D4}
F{29644DE5-1AA7-46BA-86D6-F03FFA7A62C9}
T{B8BE9042-6EA1-422E-951F-F4A5F9D8D43C}
T{2083E6B1-B8A2-4C73-B8CA-2982FBB93F03}
T{62CBF11B-1821-4908-AB54-925A4292A81C}
T{CA4F8D88-3C63-421B-92A5-71BFBE7DFE4D}
T{C0C02655-7D48-4DC5-9FA8-02FE2B08AC4A}
T{9469A6D4-4344-4554-A1E8-758FB0DC2AB5}
T{23B35455-16FC-4FC3-8B98-06ECA566BAAD}
T{8814D978-0940-49F7-A01C-DBA1926D68D2}
T{23B35455-16FC-4FC3-8B98-06ECA566BAAD}
F{47AB1B5E-B44B-4C7E-9D31-01697BF39035}
T{4460589A-EBB5-4ADA-BBCD-99DCE6E55FA6}
T{0E333AE1-3012-47BA-A135-8BA2CD0686ED}
T{1828FFC4-432E-4BD7-B9C3-18306C96B65B}
T{787EC000-230F-4883-BA0B-8EA0991539A4}
T{B8BE9042-6EA1-422E-951F-F4A5F9D8D43C}
T{64B3D907-4A5D-454B-99A3-E3A9F336DFBA}
T{1FEEF7E8-32B3-4103-983B-504993234079}
T{2D728798-C6AA-4FBF-A24F-13D0E99CBC96}
T{5EC4EB0A-8C5A-475B-A8EB-B68AFAF82D8C}
T{24F05396-DA82-4FC9-AB1D-8302C7298591}
T{B98B98DD-488A-40EC-9F8B-9A8AE162D8AA}
F{FA19B317-579E-4230-928B-8B324CB58467}
T{EBFA4449-78A7-4025-AF88-9348443D54DB}
T{79AE343B-EED8-4C5D-BAE0-35B523238D32}
F{D69A57B3-5A22-4641-9E91-AC0456EC42AA}
T{F69995DA-1598-4878-B678-0CA95FC5C99B}
T{3C30EF0E-2FBA-4657-96C1-04235477B700}
T{56FBDB65-3EA3-458A-B2B4-A1818101A3B2}
T{4EFE76AD-1685-4B8B-AE5A-01559EF7165E}
T{9199BB53-AC93-4FD9-9B90-E8A52E5C2FE3}
T{EDE5A0D1-DA93-44C3-AE83-1977B51A9525}
T{D1041F8F-E132-40CD-A1BF-7FA17EC8B951}
T{5AAA7A8F-97B6-42B5-9E85-8B2B268BBB72}
T{726C0C0E-8FEC-4B88-9847-90666F6D08A9}
T{5EC4EB0A-8C5A-475B-A8EB-B68AFAF82D8C}
T{ABB3A4C3-EB2C-4BCD-B8E3-6B5767041C76}
T{CC70508D-5B81-49BA-8F71-2BEA87D6465B}
T{2F6474F2-7F97-46AD-8987-05F85B21C01C}
T{5F4BE2AB-AFFA-42D6-9230-6A7D6650045A}
T{F91E0272-42A9-4487-A2CF-E339B456C176}
T{9199BB53-AC93-4FD9-9B90-E8A52E5C2FE3}
T{2F6474F2-7F97-46AD-8987-05F85B21C01C}
F{5E5229EA-6BFD-4895-A134-D30DA9E9DA58}
T{726C0C0E-8FEC-4B88-9847-90666F6D08A9}
T{450B7200-341A-49B2-9CCB-DD042BD7A50A}
T{1B49D7F4-ECDB-418F-B1DB-12C60B246243}
T{5684EEA0-84EC-4FC4-9C09-066B1ECA0478}
F{6F06B94F-9BA7-401D-8BA5-3862949DD84F}
T{C0C02655-7D48-4DC5-9FA8-02FE2B08AC4A}
F{20493B30-3540-4264-99D1-7A159CC4D53F}
T{75E78B00-3C0E-4173-903A-16E9B6745A42}
F{2BE35168-96DE-4264-A55A-F6A82EB2B399}
T{7F573975-B154-4E59-AD65-1C95246E2C89}
T{D7748EF0-203D-4783-B54F-BC52B59D6451}
T{287B8F0F-5137-47DC-ADCB-EE4A755E4F83}
F{E6F66DB6-00DB-43D1-8273-5DEDC33ABC93}
T{6F7854E5-D113-4E09-B1E7-8C422C081B31}
T{B8BE9042-6EA1-422E-951F-F4A5F9D8D43C}
T{0E333AE1-3012-47BA-A135-8BA2CD0686ED}
T{B40ECDA5-7C42-4A96-A25B-4C7DA9378EC7}
F{E55DCED3-C788-491D-B65A-4A8B039618DD}
F{FC982A77-05E9-4D45-9A58-5B815A77D14E}
T{391AB647-7A5C-4779-98B3-0FA81167F1DF}
T{687EF416-E927-4EE4-96E2-96960C593CCF}
T{EBF2EBA6-50EC-4995-BA9F-60BA6CFF3643}
T{16EC6EE9-4452-4613-9CE0-2F22B2683BCE}
T{64B3D907-4A5D-454B-99A3-E3A9F336DFBA}
F{141DC251-7ADF-4EA8-AC72-29227C1D8FC2}
T{64DE416A-B183-461E-B9FD-3D3991A3A49C}
T{35AC881A-B13C-4267-B7DA-BC79D7A8B7C9}
T{DF437893-D310-47C2-AFF6-A8100BCB0643}
T{3D82CE70-ACF9-4EB9-BCD0-2A87C2469017}
T{E6F66DB6-00DB-43D1-8273-5DEDC33ABC93}
T{84DE413C-F9B9-4233-9FFB-D680F164367E}
T{9AA9D8C6-D9F5-40B4-BEE4-058BF91B218B}
T{D970B18B-0F7C-4692-9929-6715363D296B}
T{726C0C0E-8FEC-4B88-9847-90666F6D08A9}
T{1893F163-9478-48D4-80C7-E017B2FC54CD}
T{BEA69714-37AF-4C8E-A775-9FFC29C3B9C9}
T{FEA473DD-B917-4425-8775-C57D06896C70}
T{4EFE76AD-1685-4B8B-AE5A-01559EF7165E}
T{B4383D07-45DF-4FEC-AF01-F0464AC8C092}
T{740FC138-7242-4135-90C9-D0C01BD5D223}
T{FD2962F7-6701-40CF-817A-229FE5E4987D}
T{3D82CE70-ACF9-4EB9-BCD0-2A87C2469017}
T{D544EFFE-1F13-4675-BA5A-D68BCE755E03}
T{5AAA7A8F-97B6-42B5-9E85-8B2B268BBB72}
T{C29D6124-5BAA-4C11-916A-5E1169AE52D9}
T{B09C05DB-64F9-4543-8C24-1128B5733761}
T{DD5CA821-526D-46C5-AFD0-EFD6F4694C44}
T{25E43F96-B494-451E-823D-F53393511DDB}
T{9B8BD2D2-998F-4BA0-91F8-7654C0B0DB3E}
T{94843CB9-CA17-4EFC-82CA-7720EECF292C}
T{4807B21B-92C7-4436-8926-894E98466422}
F{D1FD1180-2784-4A61-99E5-0866BFE236C0}
F{D69A57B3-5A22-4641-9E91-AC0456EC42AA}
T{29644DE5-1AA7-46BA-86D6-F03FFA7A62C9}
T{DCEA5090-83FB-402D-8C62-6554C602A8FE}
T{A18BBEEA-B74E-4FE4-8CCD-2CF060906658}
T{6444F0FD-EA7E-44E5-A4CC-63D0378F9F8D}
T{E6F66DB6-00DB-43D1-8273-5DEDC33ABC93}
T{5F4BE2AB-AFFA-42D6-9230-6A7D6650045A}
T{C51AC722-7F1F-40E8-B216-8DC674017B52}
T{E665CA4B-ADD9-4C08-8347-84375E49A3F6}
