T{21B8C2D9-CD53-4C19-9485-483195AB2553}
T{89E89223-0571-4964-9A8F-B4883273B52F}
F{71E31584-F376-469A-ADA5-7EC1078A1966}
T{9E07C77E-6FB9-480A-8EAF-306634D3C944}
T{100647B5-C30F-4EA9-9D58-1D9D5D5ECFBD}
T{DA22A2CA-8893-4374-816B-63AA64B19A5E}
T{71E31584-F376-469A-ADA5-7EC1078A1966}
F{2083E6B1-B8A2-4C73-B8CA-2982FBB93F03}
T{8C22EF58-86A6-4954-AB96-CCABDD94BEF8}
T{A426B62A-925F-45EA-BCE6-E99A9F19B0C8}
T{511FA13E-5F21-4CFB-82EF-EC246889CE63}
T{8AC275BF-5C1F-45B9-A97B-ECB9C62828FF}
T{F4568F73-06FC-45AD-ACC4-EB43ECB58487}
T{DDFB9C79-BB9D-41B8-BDB5-B8C8D6BC0CC7}
T{DD5CA821-526D-46C5-AFD0-EFD6F4694C44}
T{0B083DF7-6B6D-4403-BD7C-1A47AACE79F7}
F{7845E061-0E09-4A43-9F41-B864FD91CDE3}
T{13463F1C-C22D-4AC6-A5CD-DD3D8F772558}
F{5B493D9C-406C-4EF2-892F-1F8DC4735C91}
F{CCE45B8D-6C06-4A3A-AE4C-8C46D9CAE4DF}
T{02718AFD-41F9-4D2D-B72B-C925C49F870C}
F{841229BB-3250-411F-8B3E-401943C8EBDC}
T{2093D67C-92CB-4264-9C95-2E3C7AE07623}
T{DB38E16A-A19A-4A16-B049-41447D757C33}
T{5D88FD30-9585-4FD2-BC2A-FD3538A231AE}
T{CEE63E51-F0D8-4792-B449-A351A7C860BD}
T{F34B8D1D-265D-482E-8885-09A66AF45183}
T{6225D9B5-3677-4DE3-AB09-B0FA55212EA5}
T{4E99C025-92E1-49BF-B885-7D51325F070A}
T{FADB164C-1078-4E31-A2A1-191060104FEE}
T{30F6088E-48E3-4912-A9CB-ADD77AAB22DA}
T{F3BB19AC-FC9A-42E1-8759-3A8C0357FB5F}
F{445670A0-1B15-4BF5-BEF8-F50E242FBB07}
T{F3BB19AC-FC9A-42E1-8759-3A8C0357FB5F}
T{40184CA1-5C98-440E-95F4-D09081592DA3}
T{0A7C018F-A1F3-4DDD-B456-1EFE808B094E}
T{DA8D55DE-24B1-48C4-B9C3-9AFD2A41E90A}
T{FB700B38-4F92-4AEB-A2D4-2BCD0A927305}
T{359131E7-B4D6-42D8-A0AB-3025EBA06D37}
F{29644DE5-1AA7-46BA-86D6-F03FFA7A62C9}
T{CD97A0B8-0F2D-4E06-8DD6-5D0EC0C986EB}
T{7DEA04D7-0614-4041-A732-5DD0BF98403E}
T{75477B4F-E668-4579-9CB4-EEB49D45DEDD}
T{1277A861-D2C1-44C9-A8D0-8E40E9F2F56F}
T{35A209EE-E61D-478D-9BA7-C236BE8270CC}
T{62CBF11B-1821-4908-AB54-925A4292A81C}
T{890F7FBC-3070-4780-A2BE-EF5FE287D784}
T{540EB13D-BEF7-4D11-B27D-C4877D32C88B}
F{C51AC722-7F1F-40E8-B216-8DC674017B52}
T{2A869A2E-9D67-41B0-891B-88D23B1DEFE1}
F{6E01EE86-957F-499A-BC69-B566D5C119CD}
T{8903B9C3-29A4-4124-A7C8-0DC3FFDECDBF}
T{39F4BB7A-30D9-4725-BE4A-7188235408E0}
T{3291C74C-C66B-4C4A-A45D-6AECFD3E99D2}
T{A74369EC-35F9-413F-9DD1-1C667735AC1D}
T{9D73C228-75B0-48C3-91E2-B438EEDA2CA7}
T{DC0A27C7-3C00-4C38-9672-6AC0C20A3BB6}
T{056DA430-96AE-49A7-9411-98CA22737DFC}
T{D552B0E0-0FBB-4B82-AE91-066537A56F1E}
T{9535021E-8CAD-4AFE-889F-B8DFD857AC97}
F{1828FFC4-432E-4BD7-B9C3-18306C96B65B}
T{8C3F4BAE-B60B-43FF-BA57-ACC486ACCE84}
T{E4F98946-A220-412F-992F-047971C2B570}
F{8E032372-BA7D-4B92-AB09-06D2C54F1774}
T{0C083069-1680-48CF-8EFE-574E85BE171D}
T{B93103C6-A81E-4B26-AA68-77F8A47F8934}
T{EF326F21-A064-4946-A932-F34B6CFFC24E}
F{429EA552-5556-4FFD-B892-1FC0E077897C}
T{9D1E331F-4483-46A8-A398-7AF7911ECFD6}
T{6B2909A5-A472-4117-8C63-1EF07B0A59BC}
F{53E75062-10EB-4F72-9DAA-ADFE106B186A}
T{B93103C6-A81E-4B26-AA68-77F8A47F8934}
T{9A518632-5B96-4F47-8A58-31ADA9D1B8E4}
T{8903B9C3-29A4-4124-A7C8-0DC3FFDECDBF}
T{C2ADC25C-21DD-4BD3-838D-A1309D245951}
T{02EC8791-E6B7-4C86-853B-EC3A3CA83366}
T{E12690B0-8708-419F-A4FA-2E14227E0B38}
T{5DD15351-86FE-4AB8-AD7B-738B9E5F6DA1}
T{8C3F4BAE-B60B-43FF-BA57-ACC486ACCE84}
T{933839D1-F2A8-4388-8996-5F13B08BA6D0}
T{EBDE49E3-08A1-408B-8ABC-2B30828344CE}
F{208EF543-FF3A-45DD-A083-B6870E09EEE2}
F{F33750C1-8DDC-4451-9A3B-9AC9DE62DE44}
T{1780E018-9C81-474F-B783-C8B15FFE9359}
T{8903B9C3-29A4-4124-A7C8-0DC3FFDECDBF}
T{9535021E-8CAD-4AFE-889F-B8DFD857AC97}
F{3C30EF0E-2FBA-4657-96C1-04235477B700}
T{6D2591DF-68EA-4F8A-8FDD-AF608D29854C}
T{CA7EFC4E-5331-4271-B6E6-A30C150810B3}
T{1BF40C62-5932-4BD4-8563-7E0CCE9CC73E}
T{94812A52-3FE3-47A6-87D1-5100215408E7}
T{75477B4F-E668-4579-9CB4-EEB49D45DEDD}
T{94812A52-3FE3-47A6-87D1-5100215408E7}
T{B05F8B82-27F4-4F0F-B825-17349DF0EA13}
T{9A1CFA80-E575-4A8D-A49B-A27D09C52AFC}
T{BF05F60D-8EE7-4594-B545-6AD1CDBB47FA}
T{A9A20C40-B426-4914-9D77-F0435FE51B8A}
T{0E30E019-9CAD-4DAF-B206-65A9E177F9E1}
T{2A3978EF-895F-4A25-B60E-7025C8266761}
T{8E141B72-5F38-4777-ADAB-663B14FCFDE6}
T{F657F59B-6533-4900-AC16-B5F075F5773A}
T{7B285AF5-081F-42F5-965A-C14DE5C597F4}
T{94812A52-3FE3-47A6-87D1-5100215408E7}
T{8AC275BF-5C1F-45B9-A97B-ECB9C62828FF}
T{BDE67FD6-C995-428F-BFDC-7F15DBC4F5F6}
T{E66DA5BC-984C-4113-A775-F8336F4874CC}
T{73A06CE7-A755-4ED0-983C-4BA220D5AA40}
T{F54D28F5-2266-47D5-9610-4DB0BD2129AF}
T{379DAEDD-BAA9-4E19-A221-CAD5B1673BD4}
F{F39E6DEC-B39A-4333-9A62-F6C1520209C0}
T{D2E355BE-09F3-4329-8BE2-BDA7F35A2362}
T{B09C05DB-64F9-4543-8C24-1128B5733761}
T{ACCA2DA2-40DD-4729-A812-1E38E3E0E48A}
T{7D547629-F4C6-4A73-BE07-7438790F4E25}
T{8DC20166-218C-49AF-9BC9-7BE9EA239119}
T{A9A20C40-B426-4914-9D77-F0435FE51B8A}
T{B38A7816-32BA-487D-9AC0-82154B3BEC30}
F{FCCFC36E-5BF3-495D-AAA7-F4BC134C4631}
T{DC0A27C7-3C00-4C38-9672-6AC0C20A3BB6}
F{9483C023-EE03-4A50-85B9-894EC12ADC57}
T{F33750C1-8DDC-4451-9A3B-9AC9DE62DE44}
T{0A5A3FE7-A363-4F8A-B372-57B5B706F3B0}
F{1B49D7F4-ECDB-418F-B1DB-12C60B246243}
T{DD93EA41-8174-4CC9-A0CE-B6466D12D6E3}
T{890F7FBC-3070-4780-A2BE-EF5FE287D784}
T{429EA552-5556-4FFD-B892-1FC0E077897C}
T{AB865AFC-B8FA-4074-A505-F0CADB847C02}
T{996E484A-F709-4C9C-99CF-47A9C92D6F60}
T{F68C5FE3-2D28-4211-A524-EE223CEE2789}
T{F54D28F5-2266-47D5-9610-4DB0BD2129AF}
T{D44EC3D3-01D1-4CC0-B288-059B9E402BDB}
T{8906EDBC-3482-4A8B-89F1-681709ACF29D}
T{09C11ED3-CD69-4934-82CE-8E91518D25FF}
T{B554A170-FD1C-4B3A-88DE-9290BB0D9A8D}
F{2CBC7934-46E5-4656-A783-B08F34D078BC}
T{39F4BB7A-30D9-4725-BE4A-7188235408E0}
T{841229BB-3250-411F-8B3E-401943C8EBDC}
F{391AB647-7A5C-4779-98B3-0FA81167F1DF}
T{CE2E7CD1-9070-4D7E-BBA8-661B0DFC78B0}
F{0E333AE1-3012-47BA-A135-8BA2CD0686ED}
T{8C19D98F-59C5-48B3-B519-6221E143453D}
T{DDFB9C79-BB9D-41B8-BDB5-B8C8D6BC0CC7}
T{112E144D-35D7-40D8-90DA-45BD192801AC}
T{DDFB9C79-BB9D-41B8-BDB5-B8C8D6BC0CC7}
T{8DC20166-218C-49AF-9BC9-7BE9EA239119}
F{4807B21B-92C7-4436-8926-894E98466422}
F{BE62B7B9-A638-4146-BCB0-E60710EE4D71}
T{B93103C6-A81E-4B26-AA68-77F8A47F8934}
T{53E75062-10EB-4F72-9DAA-ADFE106B186A}
