T{EA227937-0C66-4503-8CDB-5B5D127C3480}
T{F9A05FA7-A766-40E9-A4D6-EC595C1E896C}
F{F5C91D2C-9E83-48D7-B231-D77BD1069B32}
T{647D4AE8-F83D-409C-8163-66B3BA6536E8}
F{AFBD35C3-CF1C-4390-A875-3A88F1D2DD13}
T{6A66BA2D-166E-4F2D-A0E2-71EAAB9A8E16}
T{C8C116BD-D23A-487C-8273-9BEB06FD50C7}
T{B190BB76-E4DA-46AA-9AE2-379C3793CF5C}
T{446BE5BE-5636-4E09-82FE-40B10FF786C7}
T{996E484A-F709-4C9C-99CF-47A9C92D6F60}
T{90158B2A-F10F-4F97-B210-AB3BDE532FA9}
T{540EB13D-BEF7-4D11-B27D-C4877D32C88B}
T{A23E3434-52A1-4D9D-BFDF-51D18ED3F0A1}
F{841229BB-3250-411F-8B3E-401943C8EBDC}
T{BAF04E36-6579-418A-8D93-14600F23D4A8}
T{15B11EA6-C4FA-453A-94FC-74FACC736C05}
T{757B50D7-04BA-4AF1-90F4-62FF8F8A0193}
T{424D2727-00CF-4144-BF3D-0166C754135E}
T{7C885FBE-C27F-465E-B0A8-197C477ECE44}
T{9FB73372-F2A8-40D1-853A-BF19A12D9DA7}
T{6E380164-437A-4095-A28C-856759F057CE}
F{9C90C1C3-EA5A-4792-8996-7215F3FF38CE}
T{1DA30FCB-7756-421D-A289-4433C7D995CE}
T{F91E0272-42A9-4487-A2CF-E339B456C176}
T{E295E95A-EB77-41CF-8E6E-AD915AE4F180}
F{39B9C6E8-F8BA-4C01-B244-66F419E4C51B}
T{445670A0-1B15-4BF5-BEF8-F50E242FBB07}
T{6A499FD2-BC59-42E9-A6A7-6809BFB94B61}
F{9EC3F796-FF3A-48C2-BE12-06FBD13E5360}
T{15B0ABDA-723A-4A8D-8183-9E9EBB5749B0}
T{29644DE5-1AA7-46BA-86D6-F03FFA7A62C9}
T{D63681B4-66AA-474B-8A7E-EE8579DF8498}
T{836A110B-190F-41D6-A967-6D579FC19DA8}
F{2093D67C-92CB-4264-9C95-2E3C7AE07623}
T{FADC8854-5807-48F7-BF77-6B75B35FFB5A}
F{9CA63FF4-156D-4808-A447-97556394FD93}
T{F34B8D1D-265D-482E-8885-09A66AF45183}
T{AAEE7C1D-E046-46BD-BB5D-4063A548865C}
T{E295E95A-EB77-41CF-8E6E-AD915AE4F180}
T{CD819E00-BFBE-4FDC-AC57-B4C854703EA7}
T{909CB593-2C11-4EEF-99F7-E48515DE9716}
T{0C083069-1680-48CF-8EFE-574E85BE171D}
T{1DA30FCB-7756-421D-A289-4433C7D995CE}
T{BAF04E36-6579-418A-8D93-14600F23D4A8}
T{38FD2DF2-C126-4E2B-82AD-1E83E3707F90}
T{39D72B08-AF18-4914-B307-CCF474DCAE90}
F{CCE45B8D-6C06-4A3A-AE4C-8C46D9CAE4DF}
T{CCE45B8D-6C06-4A3A-AE4C-8C46D9CAE4DF}
T{58C47A89-72F8-4775-96A0-72998E231084}
T{389F88F5-79EB-4667-8EEA-2FD6F4766DC3}
T{F39E6DEC-B39A-4333-9A62-F6C1520209C0}
T{8C22EF58-86A6-4954-AB96-CCABDD94BEF8}
T{BAF04E36-6579-418A-8D93-14600F23D4A8}
T{8E81CF7E-9EDC-436A-92E8-FD920C076A57}
T{1FD1302B-6CF4-4936-A025-3182E532DAD2}
T{1A19F6CC-CA96-415D-B9A0-5F749E82982F}
T{F56B7A1E-68F5-48C3-A37E-C038A2CFDB2F}
T{9EC3F796-FF3A-48C2-BE12-06FBD13E5360}
T{D85B5E71-D239-4148-BF3C-838A2D14BA16}
T{F33750C1-8DDC-4451-9A3B-9AC9DE62DE44}
T{1B49D7F4-ECDB-418F-B1DB-12C60B246243}
T{A5F81C7C-2558-4539-A5D3-FCA5BA2ADC1C}
F{3A80726B-C684-4CEC-897B-27F778C5067E}
T{6D2591DF-68EA-4F8A-8FDD-AF608D29854C}
T{9483C023-EE03-4A50-85B9-894EC12ADC57}
T{333EE3F4-2D1E-4383-A8AD-4F447BE14DAA}
T{28C203D3-E69B-4F28-BFF7-D14DEFC2FC6B}
T{11BDAFBE-AF07-43ED-A453-01CBBC6F0096}
T{EEBD636B-C8E9-4750-946D-24962DF48B5D}
T{A1CE576C-7AB7-4E12-A777-6BB69E0C0A88}
T{1A50F501-6347-4D88-91D4-D870B3DB44CB}
T{F33750C1-8DDC-4451-9A3B-9AC9DE62DE44}
F{2CBC7934-46E5-4656-A783-B08F34D078BC}
T{02718AFD-41F9-4D2D-B72B-C925C49F870C}
T{8DCC968E-9D0C-4F58-BB2E-BFF32A49CB82}
T{1E834EE7-AEDE-4065-B009-FF4DB99545AF}
T{A4B5BEF3-30DA-4C71-8AB7-652F0DA38DBC}
F{8F4227BF-7C37-4DBD-A137-95AF3733A6EB}
T{2D2152AE-AD39-4D22-A839-5CF0B1A75F43}
T{D63681B4-66AA-474B-8A7E-EE8579DF8498}
T{07ACC452-E1D5-48F7-ACC5-6E9E6798D3EB}
T{D9F0D281-3E8B-46DB-9927-3A6B5143C5AC}
T{20493B30-3540-4264-99D1-7A159CC4D53F}
T{2F313F82-C1FB-4F09-881B-58C93BA1DC77}
T{C41A4028-9D85-4E20-8293-5EA1CB024418}
T{8C3F4BAE-B60B-43FF-BA57-ACC486ACCE84}
T{E2ADD1BF-DEAC-4EEB-A4E6-3C5020908781}
T{B9A4E86F-AA71-4DF1-921C-914659D57CBD}
F{CD9493FA-1504-40F0-A22B-564CF4EC0942}
T{15B0ABDA-723A-4A8D-8183-9E9EBB5749B0}
T{450B7200-341A-49B2-9CCB-DD042BD7A50A}
T{90158B2A-F10F-4F97-B210-AB3BDE532FA9}
T{75F730BE-15BF-494A-A9F2-207116F347E1}
T{3A4D4709-026B-490D-9A60-77E7DE6DF741}
T{9B738F81-E62B-4A7C-910A-C815DB012A10}
T{AFDF62D2-418E-4D04-9BC1-879FF38E561F}
F{E55DCED3-C788-491D-B65A-4A8B039618DD}
T{BE62B7B9-A638-4146-BCB0-E60710EE4D71}
T{36C796D6-B9F5-40EE-A346-769307CCD60C}
T{BE62B7B9-A638-4146-BCB0-E60710EE4D71}
T{2D2152AE-AD39-4D22-A839-5CF0B1A75F43}
F{3297E98A-9E30-4B0F-9B49-EABE5022F084}
T{74908E2E-5B6C-4437-A7C2-A1F3F747C3E2}
T{44B569FF-A7B5-442D-9045-18BCECE921CD}
F{043F0571-44E2-4D6E-BB35-D4C78D0D62DD}
T{D1FD1180-2784-4A61-99E5-0866BFE236C0}
T{F54D28F5-2266-47D5-9610-4DB0BD2129AF}
T{2D2152AE-AD39-4D22-A839-5CF0B1A75F43}
T{98BD9ACC-9323-41BE-86FF-BFFB9874B0CA}
F{C2B7BCB3-4063-431E-9F24-842FEEEF36C0}
T{1A50F501-6347-4D88-91D4-D870B3DB44CB}
T{AD92E40F-34C2-403A-9D0D-6D160C4462C9}
T{9EC3F796-FF3A-48C2-BE12-06FBD13E5360}
T{1BC34B98-E0BF-42AC-A3FA-62820D56029A}
T{44B569FF-A7B5-442D-9045-18BCECE921CD}
T{208EF543-FF3A-45DD-A083-B6870E09EEE2}
F{6E71B93E-B6BF-4A51-BA09-237280C53A1D}
F{B814B35E-F0E0-4ADC-A9CD-177C68225AA6}
T{3A80726B-C684-4CEC-897B-27F778C5067E}
T{72F1DEE9-D8D0-482C-ABCB-20CCFE6648A6}
T{A5F81C7C-2558-4539-A5D3-FCA5BA2ADC1C}
T{15B11EA6-C4FA-453A-94FC-74FACC736C05}
T{1E834EE7-AEDE-4065-B009-FF4DB99545AF}
T{BB89D6B1-3351-45DD-BA36-C66A725A50EB}
T{208EF543-FF3A-45DD-A083-B6870E09EEE2}
T{2B2F352E-ED9D-4033-AA3F-E0246D28B38E}
T{3297E98A-9E30-4B0F-9B49-EABE5022F084}
T{8E032372-BA7D-4B92-AB09-06D2C54F1774}
T{1BF325CA-027C-46B1-8AB2-2D56930E4FCC}
T{6E01EE86-957F-499A-BC69-B566D5C119CD}
T{EB885DD4-4477-4AAD-8841-D9085B80444A}
T{662B63EA-A93F-4A08-994E-BC6BEAD70CAA}
F{47AB1B5E-B44B-4C7E-9D31-01697BF39035}
T{1E834EE7-AEDE-4065-B009-FF4DB99545AF}
T{D9F0D281-3E8B-46DB-9927-3A6B5143C5AC}
T{2093D67C-92CB-4264-9C95-2E3C7AE07623}
T{2BE35168-96DE-4264-A55A-F6A82EB2B399}
T{49D513BF-DCE5-4DF2-99F3-63E18EE2A48C}
