T{F5C91D2C-9E83-48D7-B231-D77BD1069B32}
T{AFBD35C3-CF1C-4390-A875-3A88F1D2DD13}
T{B0B22E1E-35FC-4B77-B857-902E866EC837}
T{B0B22E1E-35FC-4B77-B857-902E866EC837}
T{58A3A29D-E26D-4B25-B619-CE7636552CF4}
T{3C805FB4-2D7D-48E8-B21A-F56F621A9F63}
T{C98CDB95-E22E-4783-8E3C-27C81271153A}
T{9E6355B5-03BC-4836-8B72-A09FDEB0ECBE}
T{445670A0-1B15-4BF5-BEF8-F50E242FBB07}
T{FE5D4804-4713-44DE-9606-1F146BBCAC1F}
T{B0B22E1E-35FC-4B77-B857-902E866EC837}
T{9D73C228-75B0-48C3-91E2-B438EEDA2CA7}
T{FCCFC36E-5BF3-495D-AAA7-F4BC134C4631}
F{1BC34B98-E0BF-42AC-A3FA-62820D56029A}
T{D1041F8F-E132-40CD-A1BF-7FA17EC8B951}
T{EA227937-0C66-4503-8CDB-5B5D127C3480}
F{8F4227BF-7C37-4DBD-A137-95AF3733A6EB}
T{CCE45B8D-6C06-4A3A-AE4C-8C46D9CAE4DF}
T{1893F163-9478-48D4-80C7-E017B2FC54CD}
T{9D1E331F-4483-46A8-A398-7AF7911ECFD6}
T{58C47A89-72F8-4775-96A0-72998E231084}
T{FADB164C-1078-4E31-A2A1-191060104FEE}
T{47D43E99-F32A-4C62-8F38-EFEF063034F1}
T{38FD2DF2-C126-4E2B-82AD-1E83E3707F90}
T{35AF1927-CB57-4743-88A4-A078C18E9D89}
T{A46B3DD8-6858-4B9A-A505-354AF7D40531}
T{35AF1927-CB57-4743-88A4-A078C18E9D89}
T{04173F8A-C7AD-47D2-8D3A-343A7C2163A5}
T{4807B21B-92C7-4436-8926-894E98466422}
T{79EA1828-A24E-4754-9DBF-BBF493C6182C}
T{89E0FFB4-391F-4AB2-8655-1DE7E832119E}
T{1893F163-9478-48D4-80C7-E017B2FC54CD}
T{A1CE576C-7AB7-4E12-A777-6BB69E0C0A88}
T{E6F66DB6-00DB-43D1-8273-5DEDC33ABC93}
T{2E1AB51F-0B22-404F-BD60-217D697A8700}
T{F34B8D1D-265D-482E-8885-09A66AF45183}
F{EA486A09-5A0C-409B-94B2-B5D13F1E1BEB}
T{FF61A468-8BBF-424C-ACE1-1F641F65EB0B}
T{58A3A29D-E26D-4B25-B619-CE7636552CF4}
T{78BB1F55-9E63-482A-9091-8E28BB382937}
T{BB040E56-6EBC-4435-AFA5-56C29ACAB205}
T{29644DE5-1AA7-46BA-86D6-F03FFA7A62C9}
F{23B776F4-22F2-4940-ADC2-BDD2977D23EF}
T{3297E98A-9E30-4B0F-9B49-EABE5022F084}
T{1828FFC4-432E-4BD7-B9C3-18306C96B65B}
T{909CB593-2C11-4EEF-99F7-E48515DE9716}
T{23B35455-16FC-4FC3-8B98-06ECA566BAAD}
T{0E30E019-9CAD-4DAF-B206-65A9E177F9E1}
T{1893F163-9478-48D4-80C7-E017B2FC54CD}
T{39B9C6E8-F8BA-4C01-B244-66F419E4C51B}
T{6D934D0D-61DA-4730-963D-0912D411BF08}
T{25E43F96-B494-451E-823D-F53393511DDB}
T{23B776F4-22F2-4940-ADC2-BDD2977D23EF}
T{CF56C427-2DBB-40B4-BDCC-D650E30F1C6F}
T{647D4AE8-F83D-409C-8163-66B3BA6536E8}
F{F9A05FA7-A766-40E9-A4D6-EC595C1E896C}
T{A4B5BEF3-30DA-4C71-8AB7-652F0DA38DBC}
T{E48628C3-6DF3-4FAB-875D-AB9C2121FA58}
T{4F745730-2432-4DD1-AD38-68CF24230246}
T{9199BB53-AC93-4FD9-9B90-E8A52E5C2FE3}
T{4F62006C-E537-4AEF-BD45-6530586F4BDB}
T{0C083069-1680-48CF-8EFE-574E85BE171D}
T{B190BB76-E4DA-46AA-9AE2-379C3793CF5C}
T{16EC6EE9-4452-4613-9CE0-2F22B2683BCE}
T{39EF1C1D-F50C-4BBF-8C56-C69EDBDD208E}
F{E665CA4B-ADD9-4C08-8347-84375E49A3F6}
T{996DDEA1-CF44-47E1-860E-FB1C870E4AEA}
T{6F06B94F-9BA7-401D-8BA5-3862949DD84F}
T{7A97DF42-FCE9-4922-AE9E-8BFDA8EB28DB}
F{5E5229EA-6BFD-4895-A134-D30DA9E9DA58}
T{171CD6B9-BF98-4816-8C1E-15579B5C6055}
T{0E0D8B29-1B76-45D8-88EF-7B8C15922016}
T{CFFB8766-1678-4B02-9F47-B9502ACF4569}
T{23C1600C-5248-4CC4-AF04-B376FA685371}
T{6F06B94F-9BA7-401D-8BA5-3862949DD84F}
T{0C083069-1680-48CF-8EFE-574E85BE171D}
T{3D6D9F66-121E-432D-B777-F4B64B4F4FFE}
T{2082416A-D541-4F3F-B5A4-5E310052BFC7}
T{75949224-F0AB-4DDB-B99B-9093EF1D92AF}
T{446BE5BE-5636-4E09-82FE-40B10FF786C7}
T{D1041F8F-E132-40CD-A1BF-7FA17EC8B951}
T{B7C3273B-E1F3-4222-B348-D96D7F5573CA}
T{4B5D1186-E74B-4819-BDD3-92DF67B0FF79}
T{D94A1454-258A-417E-BED9-FC55405F30B1}
T{0C1EBE4B-5648-4DC7-B5AE-36AF0B92D826}
T{D2236429-B727-4B46-B9D0-60210F5BEF6D}
T{04173F8A-C7AD-47D2-8D3A-343A7C2163A5}
T{47AB1B5E-B44B-4C7E-9D31-01697BF39035}
T{6F06B94F-9BA7-401D-8BA5-3862949DD84F}
F{D69A57B3-5A22-4641-9E91-AC0456EC42AA}
T{287B8F0F-5137-47DC-ADCB-EE4A755E4F83}
T{6F06B94F-9BA7-401D-8BA5-3862949DD84F}
T{C2ADC25C-21DD-4BD3-838D-A1309D245951}
T{06262218-19D7-48B2-9D77-B4B9F6BB78D2}
T{8838D8DB-A5F7-41B4-9534-CE14BB8C5E09}
T{34EFA854-B11B-40AD-8151-331E169964FC}
T{47D43E99-F32A-4C62-8F38-EFEF063034F1}
T{D63681B4-66AA-474B-8A7E-EE8579DF8498}
T{EB76AB32-9AE1-4414-8103-495E4221CB51}
T{94843CB9-CA17-4EFC-82CA-7720EECF292C}
T{5B4ACAA8-EE33-4044-93FF-6440F31957D0}
T{71E31584-F376-469A-ADA5-7EC1078A1966}
T{043F0571-44E2-4D6E-BB35-D4C78D0D62DD}
T{1B983C77-E8CB-4195-BEF6-F436EF3D66A1}
T{425030E9-9B39-4DE7-B8D4-064373B51BE6}
T{25E43F96-B494-451E-823D-F53393511DDB}
T{82E87862-18D7-4239-8EEE-0F7DA8BBA5D9}
T{E4F98946-A220-412F-992F-047971C2B570}
T{0EE2DF07-F621-4A83-9A33-5ED050DB426D}
F{5F4BE2AB-AFFA-42D6-9230-6A7D6650045A}
T{0C1EBE4B-5648-4DC7-B5AE-36AF0B92D826}
T{AF6E33B3-2BF3-49B1-ABB7-71DBD1947C31}
T{A466F91B-2F13-4FF2-887B-FD16362BF89A}
T{043F0571-44E2-4D6E-BB35-D4C78D0D62DD}
T{A5F4C750-87F5-43FB-9705-13780F7E3B25}
F{FA19B317-579E-4230-928B-8B324CB58467}
T{5E5229EA-6BFD-4895-A134-D30DA9E9DA58}
T{345CFCAB-526F-4AD1-8A16-10CABEE1AFFB}
T{05AFA9E1-9B91-4802-9EEF-BFF425F45609}
T{CF56C427-2DBB-40B4-BDCC-D650E30F1C6F}
T{39EF1C1D-F50C-4BBF-8C56-C69EDBDD208E}
F{B2F107CE-4AD5-4993-9C35-C94A5D105EB3}
T{004C7071-B6AD-4DA5-A322-1B52A664D2C4}
T{345CFCAB-526F-4AD1-8A16-10CABEE1AFFB}
T{47AB1B5E-B44B-4C7E-9D31-01697BF39035}
T{E665CA4B-ADD9-4C08-8347-84375E49A3F6}
T{9E6355B5-03BC-4836-8B72-A09FDEB0ECBE}
T{171CD6B9-BF98-4816-8C1E-15579B5C6055}
T{FBA8408F-4D25-4730-8A62-810A6ECD6DF1}
T{9D73C228-75B0-48C3-91E2-B438EEDA2CA7}
T{0E0D8B29-1B76-45D8-88EF-7B8C15922016}
T{1C8C27AF-5D98-429F-8E7E-6475B2156359}
T{7845E061-0E09-4A43-9F41-B864FD91CDE3}
