T{4289D098-C6DB-4B37-B97A-B1A7228BB187}
T{CCC474F6-7F33-41C8-A25B-A1C8743D95CA}
F{FA19B317-579E-4230-928B-8B324CB58467}
T{CC79D59A-AB32-41BC-8EE2-8E91A1BED2B3}
T{043F0571-44E2-4D6E-BB35-D4C78D0D62DD}
T{1BC34B98-E0BF-42AC-A3FA-62820D56029A}
T{04C96E97-849D-438B-96DD-277C36DEDA04}
T{AFDF62D2-418E-4D04-9BC1-879FF38E561F}
T{C41A4028-9D85-4E20-8293-5EA1CB024418}
T{23B776F4-22F2-4940-ADC2-BDD2977D23EF}
T{82E87862-18D7-4239-8EEE-0F7DA8BBA5D9}
T{8838D8DB-A5F7-41B4-9534-CE14BB8C5E09}
T{6F1ADB96-E75F-49DC-8D94-762B2F22107A}
T{CCE45B8D-6C06-4A3A-AE4C-8C46D9CAE4DF}
T{B2F107CE-4AD5-4993-9C35-C94A5D105EB3}
T{E665CA4B-ADD9-4C08-8347-84375E49A3F6}
T{C29D6124-5BAA-4C11-916A-5E1169AE52D9}
F{0E948924-C007-45F5-BCCC-FA050EE90492}
T{38FD2DF2-C126-4E2B-82AD-1E83E3707F90}
T{F56B7A1E-68F5-48C3-A37E-C038A2CFDB2F}
F{AFBD35C3-CF1C-4390-A875-3A88F1D2DD13}
T{5B4ACAA8-EE33-4044-93FF-6440F31957D0}
F{C2B7BCB3-4063-431E-9F24-842FEEEF36C0}
T{F5415D20-5608-4C0F-A1E8-5DB10DEF1C3B}
T{53E75062-10EB-4F72-9DAA-ADFE106B186A}
T{0C07B058-E6BC-4DF2-8427-04B565B22573}
T{1C8C27AF-5D98-429F-8E7E-6475B2156359}
T{15E6319F-DFB1-469E-8644-225B1A9D07E7}
T{EF88A74C-B315-4CB7-A382-03A0DC1F4EA3}
F{9AA9D8C6-D9F5-40B4-BEE4-058BF91B218B}
T{8F3CCD97-F6E5-401C-BCAD-750136C55E40}
T{D96CA859-09A2-4C0E-80BA-950C80B5B90F}
T{6A66BA2D-166E-4F2D-A0E2-71EAAB9A8E16}
T{E55DCED3-C788-491D-B65A-4A8B039618DD}
T{8F4227BF-7C37-4DBD-A137-95AF3733A6EB}
T{3A80726B-C684-4CEC-897B-27F778C5067E}
T{A3035A77-292B-446D-B9E1-4A928FEC7361}
T{F5C91D2C-9E83-48D7-B231-D77BD1069B32}
F{766B3A28-60B5-4E03-9E27-7E53FB628950}
T{FF61A468-8BBF-424C-ACE1-1F641F65EB0B}
T{7DEA04D7-0614-4041-A732-5DD0BF98403E}
T{1D874E57-AAC6-4D48-9E06-AC3CDCE0B645}
T{2083E6B1-B8A2-4C73-B8CA-2982FBB93F03}
T{701A1C4C-3ECA-4702-807E-5A34CD7EB41C}
T{6F1ADB96-E75F-49DC-8D94-762B2F22107A}
T{3D82CE70-ACF9-4EB9-BCD0-2A87C2469017}
T{1C8C27AF-5D98-429F-8E7E-6475B2156359}
T{A466F91B-2F13-4FF2-887B-FD16362BF89A}
T{06262218-19D7-48B2-9D77-B4B9F6BB78D2}
T{BE62B7B9-A638-4146-BCB0-E60710EE4D71}
T{E4F98946-A220-412F-992F-047971C2B570}
T{D96CA859-09A2-4C0E-80BA-950C80B5B90F}
T{368F535D-EA7E-452D-85F4-D94BF908BD0E}
T{7C885FBE-C27F-465E-B0A8-197C477ECE44}
T{9CA63FF4-156D-4808-A447-97556394FD93}
T{FA19B317-579E-4230-928B-8B324CB58467}
T{D69A57B3-5A22-4641-9E91-AC0456EC42AA}
T{40184CA1-5C98-440E-95F4-D09081592DA3}
T{C8C116BD-D23A-487C-8273-9BEB06FD50C7}
T{7E220165-223A-4C02-BA7F-3568E3D4F91C}
T{FCA2A5A6-B76F-4934-BD1E-C12D3BF962CD}
T{F9A05FA7-A766-40E9-A4D6-EC595C1E896C}
T{F56B7A1E-68F5-48C3-A37E-C038A2CFDB2F}
T{ED1F2523-C833-4528-A0DF-4DD3D1B88A79}
T{647D4AE8-F83D-409C-8163-66B3BA6536E8}
T{425030E9-9B39-4DE7-B8D4-064373B51BE6}
F{9B8BD2D2-998F-4BA0-91F8-7654C0B0DB3E}
T{2F313F82-C1FB-4F09-881B-58C93BA1DC77}
T{A5F81C7C-2558-4539-A5D3-FCA5BA2ADC1C}
T{E9BD4324-24C2-4DDD-BAF3-90E043CBCBE9}
T{2B2F352E-ED9D-4033-AA3F-E0246D28B38E}
T{2B41796A-9F30-4C90-B50D-2D0C84105AFA}
T{E48628C3-6DF3-4FAB-875D-AB9C2121FA58}
T{CCE45B8D-6C06-4A3A-AE4C-8C46D9CAE4DF}
T{A5F81C7C-2558-4539-A5D3-FCA5BA2ADC1C}
T{3A4D4709-026B-490D-9A60-77E7DE6DF741}
T{2539842A-282D-413B-9DFF-841723C1CBB6}
T{701A1C4C-3ECA-4702-807E-5A34CD7EB41C}
T{6A66BA2D-166E-4F2D-A0E2-71EAAB9A8E16}
T{B2F107CE-4AD5-4993-9C35-C94A5D105EB3}
F{FC982A77-05E9-4D45-9A58-5B815A77D14E}
T{8E81CF7E-9EDC-436A-92E8-FD920C076A57}
T{C41A4028-9D85-4E20-8293-5EA1CB024418}
T{7A97DF42-FCE9-4922-AE9E-8BFDA8EB28DB}
T{10B5DD85-BB7D-4294-BAC7-8134DF8E3F8F}
T{E9BD4324-24C2-4DDD-BAF3-90E043CBCBE9}
F{E307061F-B7DA-4FB4-AF08-81F593694A04}
T{AF1BC588-5609-4F9D-A131-F8FD7353A756}
T{A897BFCD-061A-4FF8-AB52-1909F5B4BABD}
T{7C885FBE-C27F-465E-B0A8-197C477ECE44}
T{FA19B317-579E-4230-928B-8B324CB58467}
T{4F745730-2432-4DD1-AD38-68CF24230246}
T{AF1BC588-5609-4F9D-A131-F8FD7353A756}
T{7E220165-223A-4C02-BA7F-3568E3D4F91C}
T{ADD9D777-C094-4880-872A-0007E7ED9B52}
T{FA19B317-579E-4230-928B-8B324CB58467}
T{D69A57B3-5A22-4641-9E91-AC0456EC42AA}
T{6D934D0D-61DA-4730-963D-0912D411BF08}
F{585A8C3A-6E76-456E-ABCC-8803C25457FB}
T{6EE2115F-6C41-4A56-8819-B77708E85DA7}
T{3BBD3C72-1947-4355-A327-EBB5D419D44F}
T{141DC251-7ADF-4EA8-AC72-29227C1D8FC2}
T{EA486A09-5A0C-409B-94B2-B5D13F1E1BEB}
T{0E948924-C007-45F5-BCCC-FA050EE90492}
T{CE4AF5BC-0FC5-4F57-9E9D-DBC559F7FABA}
T{FCCFC36E-5BF3-495D-AAA7-F4BC134C4631}
T{8C22EF58-86A6-4954-AB96-CCABDD94BEF8}
T{10B5DD85-BB7D-4294-BAC7-8134DF8E3F8F}
T{3297E98A-9E30-4B0F-9B49-EABE5022F084}
T{9B8BD2D2-998F-4BA0-91F8-7654C0B0DB3E}
T{F5415D20-5608-4C0F-A1E8-5DB10DEF1C3B}
T{B814B35E-F0E0-4ADC-A9CD-177C68225AA6}
T{445670A0-1B15-4BF5-BEF8-F50E242FBB07}
T{2D1FD112-EBE7-4499-A461-70744D24E4D7}
T{CD819E00-BFBE-4FDC-AC57-B4C854703EA7}
T{ADD9D777-C094-4880-872A-0007E7ED9B52}
T{FA19B317-579E-4230-928B-8B324CB58467}
T{0B43C3E8-AF13-4B9C-AA56-3423C7C2D1E8}
T{9C90C1C3-EA5A-4792-8996-7215F3FF38CE}
T{446BE5BE-5636-4E09-82FE-40B10FF786C7}
T{DB8EC223-1E8B-4C20-B5E7-D4CA06082324}
T{C2B7BCB3-4063-431E-9F24-842FEEEF36C0}
T{82E87862-18D7-4239-8EEE-0F7DA8BBA5D9}
T{2553C02A-DD0F-43AC-97C0-A2C779B9E9EB}
T{75F730BE-15BF-494A-A9F2-207116F347E1}
T{EDE5A0D1-DA93-44C3-AE83-1977B51A9525}
T{4CA6FEAC-D8C9-47FA-B3EF-C8559EB3E50A}
T{2093D67C-92CB-4264-9C95-2E3C7AE07623}
T{1BC34B98-E0BF-42AC-A3FA-62820D56029A}
T{D69A57B3-5A22-4641-9E91-AC0456EC42AA}
T{1BC34B98-E0BF-42AC-A3FA-62820D56029A}
