T{0A8D8C8D-38DA-43BC-981B-BD11455ADC59}
T{996DDEA1-CF44-47E1-860E-FB1C870E4AEA}
T{6E692D19-6B9F-4D0C-9A75-2E3B6AF194B4}
T{705AC428-6724-46AE-84D8-2A6FDBAB24BF}
T{75E78B00-3C0E-4173-903A-16E9B6745A42}
T{988E076B-EB49-474B-9845-1C6A2BBBDAD4}
T{24EC5FCC-253F-4242-BC60-5092B5F140E1}
T{06752F75-A38A-4963-BADE-81FE95BE62A8}
T{A3D44775-CB8D-4083-9234-9235C0AD7986}
T{20493B30-3540-4264-99D1-7A159CC4D53F}
T{AFBD35C3-CF1C-4390-A875-3A88F1D2DD13}
T{6B2909A5-A472-4117-8C63-1EF07B0A59BC}
T{996DDEA1-CF44-47E1-860E-FB1C870E4AEA}
T{766B3A28-60B5-4E03-9E27-7E53FB628950}
T{9B8BD2D2-998F-4BA0-91F8-7654C0B0DB3E}
T{052D5BDA-8FAE-4A3E-BEB5-68E7AB70B6C4}
T{86303F3C-EF97-4290-B89B-35CE7368A8DD}
T{148D5B64-91B5-4A3D-8E8D-8EFD11F3343E}
T{996DDEA1-CF44-47E1-860E-FB1C870E4AEA}
T{86303F3C-EF97-4290-B89B-35CE7368A8DD}
T{766B3A28-60B5-4E03-9E27-7E53FB628950}
T{5B493D9C-406C-4EF2-892F-1F8DC4735C91}
T{24EC5FCC-253F-4242-BC60-5092B5F140E1}
T{BD6668B5-6B03-408A-8B36-967AC7254702}
T{6B2909A5-A472-4117-8C63-1EF07B0A59BC}
F{7FC3E754-7B59-4D2C-8FA2-7FAF4E7FEB45}
T{ABCC0EE4-A2D6-4C04-B2C2-639E4DADE320}
T{CD9493FA-1504-40F0-A22B-564CF4EC0942}
T{20493B30-3540-4264-99D1-7A159CC4D53F}
T{C2B7BCB3-4063-431E-9F24-842FEEEF36C0}
T{D205E382-B8CB-4D5F-A606-4237A02FB31B}
T{7FC3E754-7B59-4D2C-8FA2-7FAF4E7FEB45}
T{996DDEA1-CF44-47E1-860E-FB1C870E4AEA}
T{AFBD35C3-CF1C-4390-A875-3A88F1D2DD13}
T{D1FD1180-2784-4A61-99E5-0866BFE236C0}
T{9B8BD2D2-998F-4BA0-91F8-7654C0B0DB3E}
T{681F136F-1B72-4283-B9DE-C103303514AB}
T{D205E382-B8CB-4D5F-A606-4237A02FB31B}
T{6E692D19-6B9F-4D0C-9A75-2E3B6AF194B4}
T{20493B30-3540-4264-99D1-7A159CC4D53F}
T{D1FD1180-2784-4A61-99E5-0866BFE236C0}
T{148D5B64-91B5-4A3D-8E8D-8EFD11F3343E}
T{9579ED23-4CA1-4FAD-93BE-E581C087AED3}
