T{6B2909A5-A472-4117-8C63-1EF07B0A59BC}
T{D94A1454-258A-417E-BED9-FC55405F30B1}
T{585A8C3A-6E76-456E-ABCC-8803C25457FB}
T{1B49D7F4-ECDB-418F-B1DB-12C60B246243}
T{85E5B9BA-8A7D-43C3-BB38-7C35234E289D}
T{8A80B339-2309-4BB3-AE4F-FEAB852018CB}
T{D1FD1180-2784-4A61-99E5-0866BFE236C0}
T{AF6E33B3-2BF3-49B1-ABB7-71DBD1947C31}
F{9AA9D8C6-D9F5-40B4-BEE4-058BF91B218B}
T{585A8C3A-6E76-456E-ABCC-8803C25457FB}
F{6DA4B4EB-DC27-43C4-95DA-E609DF9DACAF}
T{A46B3DD8-6858-4B9A-A505-354AF7D40531}
T{141DC251-7ADF-4EA8-AC72-29227C1D8FC2}
T{45D33991-F0E0-449E-8551-D867BAF0C9A8}
T{52A07AB4-C36C-41C7-AE44-DEBBF76E194E}
T{391AB647-7A5C-4779-98B3-0FA81167F1DF}
T{F39E6DEC-B39A-4333-9A62-F6C1520209C0}
T{3F80821F-E56E-46BB-8958-82BF24D9D699}
T{9070DA29-E341-4C2C-B648-02BBC62BE586}
T{4E0328B5-F9CB-4994-83CE-40200825F6C2}
T{39B9C6E8-F8BA-4C01-B244-66F419E4C51B}
F{6E71B93E-B6BF-4A51-BA09-237280C53A1D}
T{8CB5B7A9-E81A-4B68-A3F1-AE48AC9DC04A}
T{8CB5B7A9-E81A-4B68-A3F1-AE48AC9DC04A}
T{9AA9D8C6-D9F5-40B4-BEE4-058BF91B218B}
T{2DC52603-4845-4E13-AAB6-512552FE35D1}
T{71E31584-F376-469A-ADA5-7EC1078A1966}
T{9AA9D8C6-D9F5-40B4-BEE4-058BF91B218B}
T{379DAEDD-BAA9-4E19-A221-CAD5B1673BD4}
T{39B9C6E8-F8BA-4C01-B244-66F419E4C51B}
T{5B859A8E-C811-40E7-AF0A-381A40AE3FD4}
T{6E71B93E-B6BF-4A51-BA09-237280C53A1D}
T{9EC3F796-FF3A-48C2-BE12-06FBD13E5360}
T{3F80821F-E56E-46BB-8958-82BF24D9D699}
T{AF6E33B3-2BF3-49B1-ABB7-71DBD1947C31}
T{A9A25798-0A3D-4AC4-B159-2658EC39993C}
T{EB885DD4-4477-4AAD-8841-D9085B80444A}
T{2CBC7934-46E5-4656-A783-B08F34D078BC}
T{45D33991-F0E0-449E-8551-D867BAF0C9A8}
T{004C7071-B6AD-4DA5-A322-1B52A664D2C4}
F{3AD5458D-CCB9-4BBA-89FC-2C7E17572F6D}
T{6D934D0D-61DA-4730-963D-0912D411BF08}
T{A130BD85-1919-4EAE-8033-ECFA823D9457}
T{D3FC563D-E04A-4683-BDCA-70DA8F69FE29}
F{9579ED23-4CA1-4FAD-93BE-E581C087AED3}
T{429EA552-5556-4FFD-B892-1FC0E077897C}
T{9AA9D8C6-D9F5-40B4-BEE4-058BF91B218B}
T{7F742AF1-A6EE-4DA7-ACDD-D82BA51B30CC}
T{6E71B93E-B6BF-4A51-BA09-237280C53A1D}
T{1D874E57-AAC6-4D48-9E06-AC3CDCE0B645}
T{F9A05FA7-A766-40E9-A4D6-EC595C1E896C}
T{78BB1F55-9E63-482A-9091-8E28BB382937}
T{855B9F87-F436-46C2-B53A-BEF1CBD64B96}
T{3C30EF0E-2FBA-4657-96C1-04235477B700}
T{1D874E57-AAC6-4D48-9E06-AC3CDCE0B645}
T{7F742AF1-A6EE-4DA7-ACDD-D82BA51B30CC}
T{A84D952D-29CA-422D-A5EB-12E7372AB970}
T{71E31584-F376-469A-ADA5-7EC1078A1966}
T{3C30EF0E-2FBA-4657-96C1-04235477B700}
T{34243540-94D0-4704-AB37-987D556D4383}
T{2093D67C-92CB-4264-9C95-2E3C7AE07623}
T{9579ED23-4CA1-4FAD-93BE-E581C087AED3}
T{B814B35E-F0E0-4ADC-A9CD-177C68225AA6}
T{1D874E57-AAC6-4D48-9E06-AC3CDCE0B645}
T{DA8D55DE-24B1-48C4-B9C3-9AFD2A41E90A}
T{8E032372-BA7D-4B92-AB09-06D2C54F1774}
F{6DA4B4EB-DC27-43C4-95DA-E609DF9DACAF}
T{CD1F6DEA-8231-4F0F-BBCD-0FDD4EDECA55}
T{A46B3DD8-6858-4B9A-A505-354AF7D40531}
T{585A8C3A-6E76-456E-ABCC-8803C25457FB}
T{A46B3DD8-6858-4B9A-A505-354AF7D40531}
T{2093D67C-92CB-4264-9C95-2E3C7AE07623}
F{0A8D8C8D-38DA-43BC-981B-BD11455ADC59}
F{5D88FD30-9585-4FD2-BC2A-FD3538A231AE}
T{3AD5458D-CCB9-4BBA-89FC-2C7E17572F6D}
F{8E0C19B2-939F-4438-9B5E-B18B66E289F9}
T{8F4227BF-7C37-4DBD-A137-95AF3733A6EB}
T{FCCFC36E-5BF3-495D-AAA7-F4BC134C4631}
T{ABCC0EE4-A2D6-4C04-B2C2-639E4DADE320}
T{9BB092A1-21D6-4518-9679-07390C14051A}
T{666593BA-A812-460F-8236-B5F8981453E7}
T{379DAEDD-BAA9-4E19-A221-CAD5B1673BD4}
T{F944A39D-55CE-472F-9BE3-6EBE4A2FF7C2}
T{585A8C3A-6E76-456E-ABCC-8803C25457FB}
T{2DC52603-4845-4E13-AAB6-512552FE35D1}
T{B190BB76-E4DA-46AA-9AE2-379C3793CF5C}
T{7F742AF1-A6EE-4DA7-ACDD-D82BA51B30CC}
T{B814B35E-F0E0-4ADC-A9CD-177C68225AA6}
T{836A110B-190F-41D6-A967-6D579FC19DA8}
T{45D33991-F0E0-449E-8551-D867BAF0C9A8}
T{2083E6B1-B8A2-4C73-B8CA-2982FBB93F03}
T{CD9493FA-1504-40F0-A22B-564CF4EC0942}
T{666593BA-A812-460F-8236-B5F8981453E7}
T{4807B21B-92C7-4436-8926-894E98466422}
T{8CB5B7A9-E81A-4B68-A3F1-AE48AC9DC04A}
T{2BE35168-96DE-4264-A55A-F6A82EB2B399}
T{BFA23646-B7F0-4910-9AD8-D871D086CF93}
T{21688E5D-0D89-46AA-91E3-24CC61B1B388}
T{9483C023-EE03-4A50-85B9-894EC12ADC57}
T{24EC5FCC-253F-4242-BC60-5092B5F140E1}
T{855B9F87-F436-46C2-B53A-BEF1CBD64B96}
T{74908E2E-5B6C-4437-A7C2-A1F3F747C3E2}
T{D3FC563D-E04A-4683-BDCA-70DA8F69FE29}
T{F944A39D-55CE-472F-9BE3-6EBE4A2FF7C2}
T{3C30EF0E-2FBA-4657-96C1-04235477B700}
T{9CA63FF4-156D-4808-A447-97556394FD93}
T{824D5AD9-F1E3-4AC9-8D2F-00A1B72F33AC}
T{ABCC0EE4-A2D6-4C04-B2C2-639E4DADE320}
T{F16A5660-0395-4B05-9A4B-CE5274A3D045}
T{5E5229EA-6BFD-4895-A134-D30DA9E9DA58}
T{9AA9D8C6-D9F5-40B4-BEE4-058BF91B218B}
T{3F80821F-E56E-46BB-8958-82BF24D9D699}
T{631AE954-E08E-4F69-92A3-F81961E7B60D}
T{148D5B64-91B5-4A3D-8E8D-8EFD11F3343E}
T{2CBC7934-46E5-4656-A783-B08F34D078BC}
T{3C30EF0E-2FBA-4657-96C1-04235477B700}
T{766B3A28-60B5-4E03-9E27-7E53FB628950}
T{BB818B66-9824-4C9C-8227-99851E2C990D}
T{BFA23646-B7F0-4910-9AD8-D871D086CF93}
T{429EA552-5556-4FFD-B892-1FC0E077897C}
T{BFA23646-B7F0-4910-9AD8-D871D086CF93}
T{6DA4B4EB-DC27-43C4-95DA-E609DF9DACAF}
T{74908E2E-5B6C-4437-A7C2-A1F3F747C3E2}
T{8E0C19B2-939F-4438-9B5E-B18B66E289F9}
T{2BE35168-96DE-4264-A55A-F6A82EB2B399}
T{AB865AFC-B8FA-4074-A505-F0CADB847C02}
T{0A8D8C8D-38DA-43BC-981B-BD11455ADC59}
