T{FC982A77-05E9-4D45-9A58-5B815A77D14E}
T{6A9D8F69-85C3-44AE-9689-5060711657D9}
T{E66DA5BC-984C-4113-A775-F8336F4874CC}
T{53E75062-10EB-4F72-9DAA-ADFE106B186A}
T{469EAFB1-A997-4605-847D-0B647E21FC56}
T{CE74C08C-0B0E-4826-A8F4-E8865E8E884C}
T{11BDAFBE-AF07-43ED-A453-01CBBC6F0096}
T{A3D44775-CB8D-4083-9234-9235C0AD7986}
T{40184CA1-5C98-440E-95F4-D09081592DA3}
T{208EF543-FF3A-45DD-A083-B6870E09EEE2}
F{BFA23646-B7F0-4910-9AD8-D871D086CF93}
T{841229BB-3250-411F-8B3E-401943C8EBDC}
T{3D6D9F66-121E-432D-B777-F4B64B4F4FFE}
T{19EFCFF9-A42D-48FE-A781-52FB1A32AD4E}
T{B7D309AF-1D07-4D20-A527-473D8526F913}
T{3A4D4709-026B-490D-9A60-77E7DE6DF741}
T{3D6D9F66-121E-432D-B777-F4B64B4F4FFE}
T{85E5B9BA-8A7D-43C3-BB38-7C35234E289D}
T{2539842A-282D-413B-9DFF-841723C1CBB6}
F{9070DA29-E341-4C2C-B648-02BBC62BE586}
T{E665CA4B-ADD9-4C08-8347-84375E49A3F6}
T{EB76AB32-9AE1-4414-8103-495E4221CB51}
T{CB38C650-BD63-4331-A3D0-7126A2DC50C0}
T{34EFA854-B11B-40AD-8151-331E169964FC}
T{841229BB-3250-411F-8B3E-401943C8EBDC}
T{B2F107CE-4AD5-4993-9C35-C94A5D105EB3}
T{2CBC7934-46E5-4656-A783-B08F34D078BC}
F{6DA4B4EB-DC27-43C4-95DA-E609DF9DACAF}
T{47AB1B5E-B44B-4C7E-9D31-01697BF39035}
T{B7D309AF-1D07-4D20-A527-473D8526F913}
T{C8C116BD-D23A-487C-8273-9BEB06FD50C7}
T{EA486A09-5A0C-409B-94B2-B5D13F1E1BEB}
T{8F4227BF-7C37-4DBD-A137-95AF3733A6EB}
T{E307061F-B7DA-4FB4-AF08-81F593694A04}
T{631AE954-E08E-4F69-92A3-F81961E7B60D}
T{5F4BE2AB-AFFA-42D6-9230-6A7D6650045A}
T{141DC251-7ADF-4EA8-AC72-29227C1D8FC2}
T{B1A480BF-8A97-4EDE-8094-C6D79420D6E3}
T{6225D9B5-3677-4DE3-AB09-B0FA55212EA5}
T{A426B62A-925F-45EA-BCE6-E99A9F19B0C8}
T{2C100D20-177A-4346-B728-C4A79C221D85}
T{A9DF3A92-1858-4AD5-B1B2-94779EEFC88E}
T{47AB1B5E-B44B-4C7E-9D31-01697BF39035}
T{5E5229EA-6BFD-4895-A134-D30DA9E9DA58}
T{6A9D8F69-85C3-44AE-9689-5060711657D9}
T{79EA1828-A24E-4754-9DBF-BBF493C6182C}
T{A4B5BEF3-30DA-4C71-8AB7-652F0DA38DBC}
T{3A4D4709-026B-490D-9A60-77E7DE6DF741}
T{76A675E4-F806-477E-8661-307BEC09FF75}
T{A9A25798-0A3D-4AC4-B159-2658EC39993C}
T{3F80821F-E56E-46BB-8958-82BF24D9D699}
T{CD9493FA-1504-40F0-A22B-564CF4EC0942}
T{C52C7B12-818E-411C-8615-150540E9EC59}
T{3A80726B-C684-4CEC-897B-27F778C5067E}
T{5DFBFCEE-E649-49C8-8DC3-72B844FB1E07}
F{148D5B64-91B5-4A3D-8E8D-8EFD11F3343E}
T{23B776F4-22F2-4940-ADC2-BDD2977D23EF}
T{681F136F-1B72-4283-B9DE-C103303514AB}
T{F4568F73-06FC-45AD-ACC4-EB43ECB58487}
T{7F742AF1-A6EE-4DA7-ACDD-D82BA51B30CC}
T{5F4BE2AB-AFFA-42D6-9230-6A7D6650045A}
T{A23E3434-52A1-4D9D-BFDF-51D18ED3F0A1}
T{6E01EE86-957F-499A-BC69-B566D5C119CD}
T{E307061F-B7DA-4FB4-AF08-81F593694A04}
T{3A80726B-C684-4CEC-897B-27F778C5067E}
T{E66DA5BC-984C-4113-A775-F8336F4874CC}
T{5B493D9C-406C-4EF2-892F-1F8DC4735C91}
T{890F7FBC-3070-4780-A2BE-EF5FE287D784}
T{097218A3-1D38-405F-8F67-9129A92ED619}
T{A23E3434-52A1-4D9D-BFDF-51D18ED3F0A1}
T{19EFCFF9-A42D-48FE-A781-52FB1A32AD4E}
T{34EFA854-B11B-40AD-8151-331E169964FC}
T{7845E061-0E09-4A43-9F41-B864FD91CDE3}
T{5DD15351-86FE-4AB8-AD7B-738B9E5F6DA1}
T{50E384C3-AB4F-4655-8C1C-9AE08A6F2349}
T{A23E3434-52A1-4D9D-BFDF-51D18ED3F0A1}
T{3D6D9F66-121E-432D-B777-F4B64B4F4FFE}
T{AF6E33B3-2BF3-49B1-ABB7-71DBD1947C31}
T{666593BA-A812-460F-8236-B5F8981453E7}
T{76A675E4-F806-477E-8661-307BEC09FF75}
T{6E01EE86-957F-499A-BC69-B566D5C119CD}
T{6F1ADB96-E75F-49DC-8D94-762B2F22107A}
T{A9DF3A92-1858-4AD5-B1B2-94779EEFC88E}
T{9CA63FF4-156D-4808-A447-97556394FD93}
T{3D6D9F66-121E-432D-B777-F4B64B4F4FFE}
T{7B285AF5-081F-42F5-965A-C14DE5C597F4}
T{19EFCFF9-A42D-48FE-A781-52FB1A32AD4E}
T{0AFF6C59-6500-4582-A2ED-CBD841F7FFEB}
T{E6DC63B9-3E56-4D40-870D-08E1F08CE150}
T{C52C7B12-818E-411C-8615-150540E9EC59}
T{E307061F-B7DA-4FB4-AF08-81F593694A04}
T{E66DA5BC-984C-4113-A775-F8336F4874CC}
T{1A19F6CC-CA96-415D-B9A0-5F749E82982F}
T{D38267CD-3D78-42E9-9794-43A88F3A209A}
T{CD1F6DEA-8231-4F0F-BBCD-0FDD4EDECA55}
T{6E01EE86-957F-499A-BC69-B566D5C119CD}
T{94843CB9-CA17-4EFC-82CA-7720EECF292C}
T{890F7FBC-3070-4780-A2BE-EF5FE287D784}
T{C51AC722-7F1F-40E8-B216-8DC674017B52}
T{5DD15351-86FE-4AB8-AD7B-738B9E5F6DA1}
F{45D33991-F0E0-449E-8551-D867BAF0C9A8}
T{3E147514-3C64-49C3-AF18-9AC078C91388}
T{F9A05FA7-A766-40E9-A4D6-EC595C1E896C}
T{A3D44775-CB8D-4083-9234-9235C0AD7986}
T{F5C91D2C-9E83-48D7-B231-D77BD1069B32}
T{C7C90C2F-17DE-4497-A4E0-11251A93FA10}
T{097218A3-1D38-405F-8F67-9129A92ED619}
