T{052D5BDA-8FAE-4A3E-BEB5-68E7AB70B6C4}
T{D205E382-B8CB-4D5F-A606-4237A02FB31B}
T{72F3A24D-3D0F-4C3A-BF21-15141F791F42}
T{988E076B-EB49-474B-9845-1C6A2BBBDAD4}
T{841229BB-3250-411F-8B3E-401943C8EBDC}
T{2B71108D-7FA8-4E72-8355-711308208FA2}
T{5A1FB08B-A17B-4700-9B6C-AC50396C2188}
T{A897BFCD-061A-4FF8-AB52-1909F5B4BABD}
T{72F1DEE9-D8D0-482C-ABCB-20CCFE6648A6}
T{E55DCED3-C788-491D-B65A-4A8B039618DD}
T{9B55E62F-830F-4C1D-B7D5-ADBBF2514263}
T{9C90C1C3-EA5A-4792-8996-7215F3FF38CE}
T{E55DCED3-C788-491D-B65A-4A8B039618DD}
F{6E692D19-6B9F-4D0C-9A75-2E3B6AF194B4}
T{EA227937-0C66-4503-8CDB-5B5D127C3480}
T{7845E061-0E09-4A43-9F41-B864FD91CDE3}
T{6DA4B4EB-DC27-43C4-95DA-E609DF9DACAF}
T{64B3D907-4A5D-454B-99A3-E3A9F336DFBA}
T{23C1600C-5248-4CC4-AF04-B376FA685371}
T{EA486A09-5A0C-409B-94B2-B5D13F1E1BEB}
T{3C805FB4-2D7D-48E8-B21A-F56F621A9F63}
T{0C07B058-E6BC-4DF2-8427-04B565B22573}
T{5D5CC1B2-BAFD-45F2-9BF5-AC2A584B53BC}
T{56FBDB65-3EA3-458A-B2B4-A1818101A3B2}
T{9070DA29-E341-4C2C-B648-02BBC62BE586}
T{E55DCED3-C788-491D-B65A-4A8B039618DD}
T{E55DCED3-C788-491D-B65A-4A8B039618DD}
T{D6DDF437-6919-4B2D-B7C4-0007123649F3}
T{3AD5458D-CCB9-4BBA-89FC-2C7E17572F6D}
T{56FBDB65-3EA3-458A-B2B4-A1818101A3B2}
T{8E0C19B2-939F-4438-9B5E-B18B66E289F9}
T{8E0C19B2-939F-4438-9B5E-B18B66E289F9}
T{2B71108D-7FA8-4E72-8355-711308208FA2}
T{E55DCED3-C788-491D-B65A-4A8B039618DD}
T{CEE63E51-F0D8-4792-B449-A351A7C860BD}
T{469EAFB1-A997-4605-847D-0B647E21FC56}
T{28CFA8DE-F2A8-4228-8389-9D68530CB348}
T{9070DA29-E341-4C2C-B648-02BBC62BE586}
T{E48628C3-6DF3-4FAB-875D-AB9C2121FA58}
T{FBA8408F-4D25-4730-8A62-810A6ECD6DF1}
T{9FB73372-F2A8-40D1-853A-BF19A12D9DA7}
T{6E71B93E-B6BF-4A51-BA09-237280C53A1D}
T{23C1600C-5248-4CC4-AF04-B376FA685371}
T{ED1F2523-C833-4528-A0DF-4DD3D1B88A79}
T{2E13BBAA-1D51-4777-98EB-ED653C8B741A}
T{1A19F6CC-CA96-415D-B9A0-5F749E82982F}
T{64B3D907-4A5D-454B-99A3-E3A9F336DFBA}
T{C2B7BCB3-4063-431E-9F24-842FEEEF36C0}
F{75E78B00-3C0E-4173-903A-16E9B6745A42}
T{6DA4B4EB-DC27-43C4-95DA-E609DF9DACAF}
T{0E948924-C007-45F5-BCCC-FA050EE90492}
T{7F55B4C9-5250-46EC-99DD-978DE58976C4}
T{2F313F82-C1FB-4F09-881B-58C93BA1DC77}
T{8FD32B47-A05F-4802-84A4-163A2713FD29}
T{28CFA8DE-F2A8-4228-8389-9D68530CB348}
F{86303F3C-EF97-4290-B89B-35CE7368A8DD}
T{9A18E1CB-E4AB-47F3-A43C-7C4EBDF44F8D}
T{0E948924-C007-45F5-BCCC-FA050EE90492}
T{5A1FB08B-A17B-4700-9B6C-AC50396C2188}
T{9B8BD2D2-998F-4BA0-91F8-7654C0B0DB3E}
T{2553C02A-DD0F-43AC-97C0-A2C779B9E9EB}
T{75E78B00-3C0E-4173-903A-16E9B6745A42}
T{9070DA29-E341-4C2C-B648-02BBC62BE586}
T{766B3A28-60B5-4E03-9E27-7E53FB628950}
