T{7FC3E754-7B59-4D2C-8FA2-7FAF4E7FEB45}
T{86303F3C-EF97-4290-B89B-35CE7368A8DD}
T{5D88FD30-9585-4FD2-BC2A-FD3538A231AE}
T{AFBD35C3-CF1C-4390-A875-3A88F1D2DD13}
T{FC982A77-05E9-4D45-9A58-5B815A77D14E}
T{9B738F81-E62B-4A7C-910A-C815DB012A10}
T{AFBD35C3-CF1C-4390-A875-3A88F1D2DD13}
T{75E78B00-3C0E-4173-903A-16E9B6745A42}
T{9B738F81-E62B-4A7C-910A-C815DB012A10}
T{FC982A77-05E9-4D45-9A58-5B815A77D14E}
T{7FC3E754-7B59-4D2C-8FA2-7FAF4E7FEB45}
T{3AD5458D-CCB9-4BBA-89FC-2C7E17572F6D}
T{AFBD35C3-CF1C-4390-A875-3A88F1D2DD13}
T{1B983C77-E8CB-4195-BEF6-F436EF3D66A1}
T{5F4BE2AB-AFFA-42D6-9230-6A7D6650045A}
T{9579ED23-4CA1-4FAD-93BE-E581C087AED3}
T{72F3A24D-3D0F-4C3A-BF21-15141F791F42}
T{052D5BDA-8FAE-4A3E-BEB5-68E7AB70B6C4}
T{3AD5458D-CCB9-4BBA-89FC-2C7E17572F6D}
T{5D88FD30-9585-4FD2-BC2A-FD3538A231AE}
T{06752F75-A38A-4963-BADE-81FE95BE62A8}
T{FC982A77-05E9-4D45-9A58-5B815A77D14E}
T{004C7071-B6AD-4DA5-A322-1B52A664D2C4}
T{75E78B00-3C0E-4173-903A-16E9B6745A42}
T{9579ED23-4CA1-4FAD-93BE-E581C087AED3}
T{9B738F81-E62B-4A7C-910A-C815DB012A10}
T{5D88FD30-9585-4FD2-BC2A-FD3538A231AE}
T{9C90C1C3-EA5A-4792-8996-7215F3FF38CE}
T{2E13BBAA-1D51-4777-98EB-ED653C8B741A}
T{3AD5458D-CCB9-4BBA-89FC-2C7E17572F6D}
T{988E076B-EB49-474B-9845-1C6A2BBBDAD4}
T{2E13BBAA-1D51-4777-98EB-ED653C8B741A}
T{9B738F81-E62B-4A7C-910A-C815DB012A10}
T{5B493D9C-406C-4EF2-892F-1F8DC4735C91}
T{6E692D19-6B9F-4D0C-9A75-2E3B6AF194B4}
T{8FD32B47-A05F-4802-84A4-163A2713FD29}
T{06752F75-A38A-4963-BADE-81FE95BE62A8}
T{72F3A24D-3D0F-4C3A-BF21-15141F791F42}
T{75E78B00-3C0E-4173-903A-16E9B6745A42}
T{5F4BE2AB-AFFA-42D6-9230-6A7D6650045A}
T{5F4BE2AB-AFFA-42D6-9230-6A7D6650045A}
T{2553C02A-DD0F-43AC-97C0-A2C779B9E9EB}
T{2553C02A-DD0F-43AC-97C0-A2C779B9E9EB}
T{7FC3E754-7B59-4D2C-8FA2-7FAF4E7FEB45}
T{1B983C77-E8CB-4195-BEF6-F436EF3D66A1}
T{6E692D19-6B9F-4D0C-9A75-2E3B6AF194B4}
