T{9C266262-A5A5-4391-B08B-3D1BDCA66181}
T{2553C02A-DD0F-43AC-97C0-A2C779B9E9EB}
T{2D728798-C6AA-4FBF-A24F-13D0E99CBC96}
F{F6E7BEF9-20FB-41BF-95A3-A91BE3113E01}
F{1BD3ADA1-5E36-453A-994D-796686327EA0}
T{29DA2BEF-A46E-4735-9BB6-65FF00BF4E5A}
T{EB885DD4-4477-4AAD-8841-D9085B80444A}
T{3CE40F78-5A9A-47EE-B848-F4384BBF999A}
F{33B37AD8-298E-494B-9F93-B001A9A759CB}
T{A70963E1-1C80-4D72-856E-255480C7FBAE}
T{39F4BB7A-30D9-4725-BE4A-7188235408E0}
T{6E380164-437A-4095-A28C-856759F057CE}
F{4213493A-303C-4F76-8BD9-FDEA9D612E68}
T{6A66BA2D-166E-4F2D-A0E2-71EAAB9A8E16}
T{BEA69714-37AF-4C8E-A775-9FFC29C3B9C9}
T{4E6FACE5-C5D0-4D11-AE20-6C0B210FBED8}
T{FD2962F7-6701-40CF-817A-229FE5E4987D}
T{512E9D5E-3E4B-4B84-A669-82750A2B2849}
T{1277A861-D2C1-44C9-A8D0-8E40E9F2F56F}
T{4213493A-303C-4F76-8BD9-FDEA9D612E68}
T{24F05396-DA82-4FC9-AB1D-8302C7298591}
