T{1BD3ADA1-5E36-453A-994D-796686327EA0}
T{33B37AD8-298E-494B-9F93-B001A9A759CB}
T{F6E7BEF9-20FB-41BF-95A3-A91BE3113E01}
T{4213493A-303C-4F76-8BD9-FDEA9D612E68}
T{A174224A-0272-4B2D-8522-EDCC844636EF}
T{BCCE826E-9389-4A88-9A1B-18EBD578DFBD}
T{EDECD63A-0831-44B9-96FB-26304FB21DEE}
T{CD0164DF-3529-426C-98B6-23FD0BA49B7C}
T{46255DCA-B4FF-4E01-A865-4F1BD8CAEF3E}
T{9E561FE6-E2C3-455C-8E64-E70D13CBAC1F}
T{1DCA087F-3789-4337-8E23-D5C2E95B29F9}
T{08315B9D-3578-4264-A716-119A7001D072}
T{8406EA89-D0D7-4FDD-B98E-42E2CDFBBE6C}
T{EC711E0E-AF0C-47E3-AF53-219F40DDF0F6}
T{60BEBCE0-4EA4-4A9E-A9FC-D97B1C43157F}
T{7E1D9297-EC9C-43C4-B6DA-EEBFCC3A0CB8}
T{B134417C-8635-4ADC-9A35-6A9DCC3AE5E8}
T{BCFB6A6D-30BE-42B1-B7F5-B2467A0AD2C0}
F{8FA0B28D-3E9B-4BFC-966A-62E079BBEB57}
T{3452B8E6-3628-4E1D-971D-68D085B1A96C}
T{680A7BFD-1828-48FE-9927-59B16FA41EE8}
F{D11675F9-823B-423A-B20B-64C765AF5978}
T{CFDF9F89-7E7A-4C49-A5A0-BCF13A3C8A81}
F{D5F17BBF-9EBC-4841-993A-7EB0BA9EE7BF}
T{E12B04A8-8331-470B-BE2C-72173801807F}
T{EF7C3373-9DEB-4B5A-9CFB-E41A84539019}
T{1E45920D-4F25-4909-946D-4B10E2286CEA}
T{602A3E27-CA8B-4FE6-8090-63E5990704AB}
T{5C68E02A-F1F5-4729-89A6-31A76E5483E6}
T{7C19287B-9B9E-46DB-879D-5B12DA3E9BC6}
F{85EC6A1E-4FFB-4A81-BB90-099D2C5D55E1}
F{D74CF0C9-65B3-49C6-8A6C-F8B549418668}
T{A26A6720-30ED-4838-A38F-CCCDC8F49F95}
T{96813552-899B-4146-B2BF-75B1ED42FFA5}
T{CB34B221-B0BE-4C4E-93F3-C7A5CB80657E}
T{AB0A034C-06E1-481C-8EFA-1B2558A7E7A5}
T{014608FF-723F-4BFF-9D2E-A6CC0330914F}
F{4B579F16-6627-4F34-A2F7-A0E250E99922}
T{48753C2D-04D3-487E-8DF8-0764E7155388}
T{ABE9C3A1-4087-4EBD-9874-3453A778D9D8}
T{EBF82749-6D26-4D9C-A62C-455F5B84E97B}
