T{1BD3ADA1-5E36-453A-994D-796686327EA0}
F{ABFBA485-F8E1-402F-AD7D-4FC029C7467F}
T{D74CF0C9-65B3-49C6-8A6C-F8B549418668}
F{D5F17BBF-9EBC-4841-993A-7EB0BA9EE7BF}
T{2277814F-67C9-4063-9069-FBEC6662F5F8}
T{80D7EEBE-6858-4F68-89C4-D817C1143239}
T{85EC6A1E-4FFB-4A81-BB90-099D2C5D55E1}
T{D11675F9-823B-423A-B20B-64C765AF5978}
T{33B37AD8-298E-494B-9F93-B001A9A759CB}
T{4B579F16-6627-4F34-A2F7-A0E250E99922}
T{8FA0B28D-3E9B-4BFC-966A-62E079BBEB57}
T{F6E7BEF9-20FB-41BF-95A3-A91BE3113E01}
T{4213493A-303C-4F76-8BD9-FDEA9D612E68}
T{8B58617F-5169-4850-B282-66DF47728B1E}
T{0D0CAEAE-8746-43C7-A7D1-1A6981CDEE8A}
T{270E3FA0-3807-45FB-BCD0-A0AB6CFBB5FE}
F{C04C3967-D24B-4D5F-BEB4-05458517A158}
T{2A416243-1CDB-461D-8B51-1C5BBB416411}
T{0911F4BB-D36E-4400-ADE6-BFFAD4726082}
F{2884F070-7286-481F-8A2D-9DA8CA0F0211}
T{B1BCA6F5-5FE4-4CB0-8963-03856DFB1609}
T{8B13949D-22F5-4413-9FBE-096E650EF586}
T{3D9189CA-5C92-4E87-8B21-8ADB68B79169}
T{5CBAF826-5F65-4AAE-A1A3-4F9A809148E6}
T{6AB930CD-69AD-408C-840B-46CDADA8ED36}
T{1268D3AF-1C92-4228-B831-BDE536D5C810}
T{C785901A-48BB-4840-A9CE-8C07B33805E9}
T{A39FC5E9-39A3-4DAA-A5AF-BCA65A2BB10B}
T{FA33265E-821A-464E-AF0E-ABED9F4681F0}
F{488599B6-4DE2-42BC-8F2E-4B018A6AE172}
T{D143A7C5-AE74-4B8F-A41E-7CDB1637F073}
T{066EF427-6D28-493C-AD30-FDA56785508A}
F{FC0E52F1-8B6B-41CA-8863-681E32FF1B7A}
T{C8D2FFEA-6423-4C7B-9BE3-F59D0DF4C4D7}
T{43BF6CA0-11C3-4B38-B8E4-4C7A7914687D}
T{3995A144-CD41-489B-925B-554FBCA24F79}
F{A86B0AFA-7795-4469-BE21-257AB81DD398}
F{7D2A1FCD-82E2-42CA-9640-C1AD75DE6433}
T{8EBE82B4-0D6C-48F9-BB95-C0D10DAE6CBB}
T{409D950E-4929-49D8-8FE2-21C8652169F1}
F{BA71F25B-7EBE-4E3E-920B-04E581D6D545}
T{D3559951-8F5F-4990-A544-6499BAF8D4D4}
T{2250D61A-3038-4234-93ED-FEFAA341DEF3}
T{9B17EA33-A0DD-4388-8AC4-1C36340942C1}
T{90346A06-6248-4991-917C-0A10096EDC09}
T{97B462E9-8DF9-4F7C-A712-561FC9A6E207}
T{44A6B443-F408-4F17-8C56-EC753D4C5156}
T{A5CE7C6D-7337-4ECF-AE87-F73A94CE3777}
T{0E6F62F6-8492-4D1A-B356-0AE374E7BBFD}
T{87594233-A404-456A-AC00-FFC03798C390}
T{B60185E9-97A9-4BFA-A737-15A880C6ABB3}
T{EEDB52E8-E369-40BE-94CB-212662AA78C7}
T{A1BAB742-B866-45CC-943B-FF47BA7EA7B1}
T{B546C97E-32B3-4E52-AD7C-FF9459017DB2}
T{BBCE57F9-D6E7-482E-ABD4-5F2902A87264}
T{4052831E-70E6-482F-8C82-1D5E04255D26}
T{0F268921-A547-4024-A811-2752A6134AF8}
T{D6C00713-B5BB-4C37-933E-E54F0C5BDD3C}
T{143AEBB4-5C47-4F82-8181-9D1EE9122B36}
T{644E846B-8A1B-4EC6-B59F-804DA9B3480C}
T{57FA9F0F-B680-4F4C-A230-069E6DC07D75}
T{CBF0834B-DADD-4752-B18A-7CFE6FDBD1CC}
F{8F572C7A-9F22-47F0-B6BC-4060D74D03E8}
T{226CCCCA-8AD7-472E-ABA0-F8802588A6E1}
T{6C4CA106-3C74-4719-B505-A2AC5327DC90}
T{8A08DB61-5F79-4684-8B5D-DF63848B6FAC}
T{314A028B-E94F-4D3B-A307-78785283CB9B}
T{3ECF54E1-A504-4E97-85A4-C4A802902C46}
T{DACCA13A-4E0E-42F9-9583-B830B27BA8D1}
T{DC1064D7-4446-400B-AACA-A3B061224428}
T{5F6501ED-D7B8-41D6-ADA1-F950AFEB36C9}
T{2A3162F1-EF4F-468A-84EC-27585ABA38A5}
T{0A978680-CC9B-47DC-8CB3-E1ED0D8AAB68}
T{F94FD8AF-A129-46BD-A9D1-BE9D3B86DE0B}
F{DEFC19B2-B7D2-4B38-8FDD-28ECF911109A}
T{390B60D0-51D2-4E7F-BCEF-5B875E2C37CE}
T{EE03C3AB-D39E-45F0-B97C-5EE16214DFDA}
T{F3FD5354-E860-4B3B-A820-1A26C51C5A85}
F{0C829417-D371-41CA-80EC-38C5C1103276}
T{96C912B3-E4F7-4B23-960B-531EAF86A6B0}
T{83E5F65E-10C5-4CDC-928F-2029981827D8}
T{65769C95-FD13-43CB-A50E-1EBC034FA35E}
T{10F6C512-7666-48D7-A59C-1D0D2FE66F52}
T{A18539CD-81A5-4A6B-83CB-7B71D1CAA9EA}
T{4D501A5D-2118-4AD8-B3A9-3853F80319FF}
T{04BD32AA-CE28-4E21-BB0D-F193ABE965CF}
F{E9B41F7B-36B3-4858-A82E-174C69144503}
T{CD515358-ED0F-4586-9E29-CBE346D3D939}
T{4C99BD40-75A4-4133-B683-853109D0166B}
T{47B2932F-398F-4A14-8187-09A398E37D83}
T{C0A202AF-9C93-44A2-B0B4-93BE4B8668F1}
T{FA741A2E-2826-4939-8DD2-5FEF172891B5}
T{C7BC2994-CD38-4283-A8F8-8ACB9DC971D9}
T{4FE5BE1E-A08D-4D7A-86DC-23EB8360C9E9}
T{B79BB037-EF54-48E3-A84B-D6916E1B22C8}
T{57012CFA-85E6-4510-942E-18AC78B7F380}
T{CCAD5B38-42B9-4764-9CB9-F26579F93A0E}
T{5F9287B2-618A-48E3-BE1F-D0687A319D08}
T{CD5E41D4-78E9-435C-A100-1A4480FC3149}
T{A6B78540-BDEA-4540-8A4A-3FFE6F43184F}
T{803BCCF8-3ACE-4B8D-B75A-E7CA8648F62B}
T{3B72C1E4-1783-437E-A97D-D268BBB588A3}
T{C7DE7C34-2AA9-4A2A-9B4F-4B596DA52FFF}
T{CF3FF04B-2C70-4019-8522-7C346CAFA3D3}
T{10597677-CC79-49A7-80A9-B75D91CA10FB}
T{1D8F914C-A91F-4CCE-A381-14D6245156E3}
F{396C5F77-34A5-48C8-87A4-6C315CDFF810}
T{CCC2F21D-BA95-49C2-B4B9-687E97E4527F}
T{359C88B9-2DC5-42B7-AEB6-601BCC2C966A}
T{D5812C66-1417-4425-B9A1-00D8FD156FB1}
T{6D221B99-B64A-495A-AC7A-295129C8081B}
T{17AA2624-B395-4464-8C01-8739073B91EF}
T{C29B06AD-D8B4-4DA8-B37F-86D56BBD1AE5}
T{BB4D5E46-CC77-4320-87A2-418935A98F8A}
T{F97F0F8F-E9C5-4638-AEBE-BB9034C72DE0}
T{C54D1BD3-4ADE-454B-A549-D5071ABD8CC5}
T{C05EDC77-1508-4D01-B387-6EED91762F8E}
T{5CD60952-E6AF-4EFB-8F62-AA8CA807F4A3}
T{40775C07-AA6E-457D-A678-C38200B70501}
F{FE9A8AA0-52A3-44D9-8510-FF6F28E87CAE}
T{EC209553-C3AA-4C2B-B02C-BE5012777ED8}
T{90AF76F3-86A5-418E-9A94-576E7CF001CA}
T{BBE094EE-F04F-4FE4-81C4-814DF6BD534F}
T{A92DAB31-DB33-444F-81E2-770A4B16C5C6}
T{C15AA5DC-C847-4AC5-9336-166D943BD4CD}
T{F9C7A102-5B04-4CA7-8D70-43162F90B389}
T{9109AF85-3BDE-4164-91CB-03DC484A25E6}
T{61728B0E-BE25-452D-AB7E-6283E2759D8F}
T{159B7151-2470-480A-AFB0-7D2FD6738912}
T{3EFE8DC0-9BCB-471E-97B3-AE7A44EC1E23}
T{698F453B-82FA-4933-B560-E06AEB18F812}
T{40728559-D664-4A0F-B927-67CADB2ACC6D}
F{06005BD2-936A-4C93-9400-C6D7C9912046}
T{DFFD7F1A-A7A0-49DD-991E-88B43772427F}
T{5B26C68F-0C4A-4DB9-8FA2-DDFCE8BE7605}
F{24FBB49C-4521-4C54-BE2C-3B700BB32138}
T{8764FC54-06F9-4FF4-930D-738A1063660D}
T{0B334FDF-080E-434B-ABD9-2044F8A13A60}
T{2FEE0EBB-2734-4170-9574-FBB3B193DFCD}
T{7E52610F-4996-4AA1-8EA4-7D5154CB765F}
T{3BA4D28B-11E7-4A29-9C52-A5EDA66BEBFB}
T{AEDF1ADF-4B49-4F94-8829-E32608071E7D}
T{2B4C8FAC-670E-4D97-88A5-6F2D814FA99B}
