T{0431E32E-900A-4FED-91A8-FE0E8FE7D5F0}
T{ABFBA485-F8E1-402F-AD7D-4FC029C7467F}
T{06005BD2-936A-4C93-9400-C6D7C9912046}
T{24FBB49C-4521-4C54-BE2C-3B700BB32138}
T{D74CF0C9-65B3-49C6-8A6C-F8B549418668}
T{D5F17BBF-9EBC-4841-993A-7EB0BA9EE7BF}
T{2277814F-67C9-4063-9069-FBEC6662F5F8}
T{80D7EEBE-6858-4F68-89C4-D817C1143239}
T{85EC6A1E-4FFB-4A81-BB90-099D2C5D55E1}
T{DEFC19B2-B7D2-4B38-8FDD-28ECF911109A}
T{BA71F25B-7EBE-4E3E-920B-04E581D6D545}
T{6EE66AC9-52F4-4B68-BBEA-A13FDAEB8D90}
T{D11675F9-823B-423A-B20B-64C765AF5978}
T{2884F070-7286-481F-8A2D-9DA8CA0F0211}
T{E9B41F7B-36B3-4858-A82E-174C69144503}
T{8F572C7A-9F22-47F0-B6BC-4060D74D03E8}
T{880B5116-70AE-419B-9B80-AB74C03279FD}
T{488599B6-4DE2-42BC-8F2E-4B018A6AE172}
T{FE9A8AA0-52A3-44D9-8510-FF6F28E87CAE}
T{396C5F77-34A5-48C8-87A4-6C315CDFF810}
T{30D48049-D818-465D-A693-6F4ABE5B450E}
T{4B579F16-6627-4F34-A2F7-A0E250E99922}
T{FC0E52F1-8B6B-41CA-8863-681E32FF1B7A}
T{8FA0B28D-3E9B-4BFC-966A-62E079BBEB57}
T{7B8BE9B6-C7C1-47BC-B560-670CBA8CBB1A}
T{0C829417-D371-41CA-80EC-38C5C1103276}
T{79C6CA7A-ADAC-4F9F-A4C8-79B31757B27C}
T{C4E7BA37-3712-4486-ABFF-31F868422C68}
T{C04C3967-D24B-4D5F-BEB4-05458517A158}
T{BDE705AE-A2FD-4CEF-AD74-E48F470C60E4}
T{A86B0AFA-7795-4469-BE21-257AB81DD398}
T{7D2A1FCD-82E2-42CA-9640-C1AD75DE6433}
T{121B8B9C-BC9B-416C-8D61-20A6C6A56D76}
T{F53E8E8E-6F93-416C-957E-A8B7E0E0DCEF}
T{CD041609-7B71-49AF-9B39-CA3DB41F561C}
T{B0088C4C-38A9-44E7-95E0-0614D6554627}
T{357DF8C5-768D-4536-8D4B-C8155847D8BD}
T{38D34500-D9B4-4FE5-87DF-55C419EA1D84}
T{B320B9FD-5005-41DD-B598-D995A1EFF7DC}
T{AB20BE13-4202-43D3-A03A-8023C20457A9}
T{EB8FFB4E-4B06-4556-A2C5-75DD02B234FB}
T{6B42FDAB-39DE-4CC8-AC47-F1804C31E1EB}
T{9942F1E8-1444-47A1-8380-256BFE852914}
T{98FBEC48-7F18-4769-B98D-8624F05E94DE}
T{5CE4651D-F4C5-4230-989F-0F7657F4692D}
T{A511F5B9-4346-4198-AAE6-6A15E30A3506}
T{8299BD04-2599-4EFA-9A44-D8A448C1B5DC}
T{8AE3686B-D10E-49A1-A60D-1B2D4159C0A2}
T{D2DFAB85-44ED-4FD6-BC74-FB42EB6D034B}
F{45FC34DF-5CFD-4BAB-B40B-947813620992}
T{ECC56722-6EE6-4FF8-9279-F00161D62F98}
T{604D11B3-F9BD-447A-A1A4-F4B641F824B9}
T{7F64B0FE-A02C-49D0-AF3C-CDF1C37784BA}
T{ADA20514-9359-4D10-A846-7AA1332532A0}
T{BAD837C2-3315-4C2B-B774-D97450B1756C}
F{CDEB8860-4DA4-4914-B185-B62192F5E494}
T{7A65463B-9560-4686-82D4-51AB53A6D08A}
F{F33117BE-5934-4523-B957-A7F953EDF511}
T{80639649-975A-4F5B-99E0-D788FF9CAAB9}
T{14536690-E77D-47C5-9F6A-66C4613AA106}
F{19AF4E57-3E50-4AB8-B829-15427ACCE505}
T{5CF946A3-252C-48CA-811F-3467206FED58}
T{7906E9CC-8260-457C-AAAF-28B10B36E829}
T{3A52DABB-E0DE-4E27-8405-F83940FEB230}
T{D0232679-163F-4D05-9D62-1543671D023D}
T{7DE68009-0959-405B-B248-405FC105EB99}
T{BFE33EAA-AE59-47C4-BE1F-EA226D574482}
T{746D83F7-88A9-40A0-B6E5-79C6C7AAD02C}
T{774C6FB6-478B-4A2A-8865-43E3D2A4BD9D}
T{FE611A3E-6D31-4CC8-8EEC-489CB89AEF46}
T{B1A3CA16-5105-4A96-8DA3-2444C2BB07F9}
T{6776A5BA-62DA-49FE-B688-8B472C2A38A6}
T{CF08C63C-8482-4BED-8033-220A67FED3A9}
T{D7731662-E2AB-45C6-84CE-BC2CD13D6EC9}
T{29CE46FE-678C-41FE-9EF1-393DB71A37A6}
T{9EBEE3C4-E24F-409D-9DF3-B30056BCD9F1}
T{718F3991-6162-4204-9DE8-DE994D0FF085}
T{3B4BF644-9A70-4C27-8B8A-76216299E482}
T{9BD2BE32-BE96-47DE-B8ED-123676D6C5E6}
T{DF3090F8-9976-4468-81F9-A7A797A11DB1}
T{8BD304FC-6AFF-4DC7-BA33-C1318D831F5F}
T{374D4401-2963-48AD-907A-C6CA7FDF422E}
T{34FF5872-1138-4B11-ADFF-DA4F4DCFF5E4}
T{9F14EEC5-57F0-4AAD-AE64-27F3A1ACB99C}
T{EFB9408B-3505-4066-A35F-2D89B8134852}
T{7014383E-8E2F-4276-A944-28D17816C2A5}
T{D7023B66-30A7-4E29-A4A9-DF37FA49B87D}
T{CE1AABEE-5F6D-421E-92AE-AB5BF3A3DEEB}
T{ED0EEB55-504A-4775-A761-9ACD625B25DD}
T{96B63042-449B-4EB7-BDFA-8A528F0E564C}
T{A6551D13-6C14-41A6-97B5-FD1249C01309}
T{25C2C3A3-8D9B-40A3-8F3D-25AB4F9031E9}
T{9E0F7D24-06A4-4C67-9F54-5CCBBCD1B09C}
F{CF5E35CE-3EDB-4DA6-AA42-AEC7CCBF6F0E}
T{2AD1BCA1-C47B-45DE-92EC-77AC928CE59B}
T{9D5F5AAB-4DA4-4CA6-B7C4-C929B7F79CC0}
T{526A78E2-99AF-4097-BF30-D22898788006}
T{302F5F4D-C7AA-450D-A4B8-83E7DF1B7308}
T{78C2C810-6A57-4113-84AC-7162CE7C78C7}
T{05AD6744-9F3D-441E-B0A3-1E99F82CA06B}
F{56599AE9-13B5-49C2-B804-CA6BE050B31D}
T{6EB09528-F7C3-45E8-BA82-2850E7C7E921}
T{BADFB1A2-48A1-4AE2-BE3C-BB20E4290E5D}
T{EAFE616B-AC21-43F5-B3A1-73A01E850991}
T{BB9B12D7-3726-432B-890C-2A0FE4562D63}
T{3D768777-04D2-4069-8D86-270DB36802D4}
T{5F8270CD-8576-4ED7-B275-EE5B5804702D}
F{6E0667B8-3AF3-4E4F-843F-ECD5D24E7B87}
T{3D82DD18-4ADB-4D59-A944-DE979A731583}
T{D8801653-B01A-4616-93EB-579AFBC82518}
T{C584307D-7A84-4C9E-AB3B-BAB8F939CD2E}
T{11D46078-8C7E-4B68-8748-3A1CF68B6A74}
T{05C05204-BFA4-4137-A114-F8AB969FCE0F}
T{8F5EAD8C-EDC9-4F1D-9B79-2EE36E88D84E}
T{A6B130DD-3E22-4A14-8CB5-7B5F75D6773C}
T{0409B1D6-A140-471E-94A9-56716C39E13E}
F{7B3F0545-5E23-4E91-9CD2-5FCB6AA4F4AF}
T{AA2CBCE2-92E4-4712-95D8-A42FF57F6F0B}
T{AC929737-C595-48E9-BCC1-CCDB8853C2EB}
T{A1D86CF7-9CB7-44D5-98BC-D636BFAFF4A2}
T{93B6E0CA-5239-4B89-B21D-7F0D6C663794}
T{5C10304F-B278-4D08-B63A-88CF2D441B8E}
T{94EC81F9-9417-475D-BB1A-2E0049C3CA67}
T{603C8859-BA50-4476-8CD5-2D60910B54A1}
T{B6CC6F96-032C-488F-918E-45BC54E3708C}
T{6B8EEBE2-E961-4CB4-8562-BAE72BC690B0}
T{1DC04129-1422-477D-9B8C-14DC324138DC}
T{45A59142-6461-4DBB-9B57-CC721252BB5E}
T{8F3ECC82-9224-4710-A37C-F67AAAF05736}
T{079C0D5B-FA33-4507-B20D-C9AD7F1F259B}
T{2A6322B3-D8A4-4973-8E7A-326E9ABFC402}
T{521DF5E3-D313-48FF-9E35-FB65FE3B9460}
T{69614AD6-96EB-41F7-BAAF-F12344D203B4}
