T{1BD3ADA1-5E36-453A-994D-796686327EA0}
T{ABFBA485-F8E1-402F-AD7D-4FC029C7467F}
T{06005BD2-936A-4C93-9400-C6D7C9912046}
T{24FBB49C-4521-4C54-BE2C-3B700BB32138}
T{D74CF0C9-65B3-49C6-8A6C-F8B549418668}
F{D5F17BBF-9EBC-4841-993A-7EB0BA9EE7BF}
T{2277814F-67C9-4063-9069-FBEC6662F5F8}
T{80D7EEBE-6858-4F68-89C4-D817C1143239}
T{85EC6A1E-4FFB-4A81-BB90-099D2C5D55E1}
T{DEFC19B2-B7D2-4B38-8FDD-28ECF911109A}
T{BA71F25B-7EBE-4E3E-920B-04E581D6D545}
T{D11675F9-823B-423A-B20B-64C765AF5978}
T{33B37AD8-298E-494B-9F93-B001A9A759CB}
T{2884F070-7286-481F-8A2D-9DA8CA0F0211}
T{E9B41F7B-36B3-4858-A82E-174C69144503}
T{8F572C7A-9F22-47F0-B6BC-4060D74D03E8}
F{488599B6-4DE2-42BC-8F2E-4B018A6AE172}
T{FE9A8AA0-52A3-44D9-8510-FF6F28E87CAE}
T{396C5F77-34A5-48C8-87A4-6C315CDFF810}
T{4B579F16-6627-4F34-A2F7-A0E250E99922}
F{FC0E52F1-8B6B-41CA-8863-681E32FF1B7A}
T{8FA0B28D-3E9B-4BFC-966A-62E079BBEB57}
T{F6E7BEF9-20FB-41BF-95A3-A91BE3113E01}
F{0C829417-D371-41CA-80EC-38C5C1103276}
T{C4E7BA37-3712-4486-ABFF-31F868422C68}
T{C04C3967-D24B-4D5F-BEB4-05458517A158}
T{A86B0AFA-7795-4469-BE21-257AB81DD398}
T{7D2A1FCD-82E2-42CA-9640-C1AD75DE6433}
T{8C7CD5B0-E2E6-4A37-9897-19341B620137}
T{0D6E3FD5-4167-4603-B09F-DBBFE1B7E010}
T{D64934D1-5DE1-482E-B94E-078E14B99E60}
T{D052B490-771B-405E-A4D1-33B03B8EA1A9}
T{5480AB33-033A-49D5-9EEC-1B44F7BA8BB0}
T{4FAEB6CB-C2BC-4F75-96DA-4159ADA64B0D}
T{144506D0-B1AF-49E4-9D0A-08C8882003F8}
T{BC43E808-2523-479C-8136-A34B971A1720}
T{FB642FC9-F3F4-49A2-8E31-CBD71FF892AA}
T{64A5B9B8-9319-4BB7-9090-AB15DBD340FA}
T{FC5B8B1E-AED1-4E63-88A5-09F9746EFE97}
T{34D0C32E-F688-43D1-AC1F-030FA28BE427}
T{44BC0F9F-5515-4806-8E93-D8E9C02A7C2B}
T{764D94B9-FD12-4290-AA53-55034C55F3B3}
T{27AF2C1E-EE92-4A6C-B509-00707FC3C5B2}
T{607F0180-2EC2-4690-8B25-234A28EF6DF6}
F{30D48049-D818-465D-A693-6F4ABE5B450E}
T{DFA938A7-7454-45E7-9095-EF9FA581B464}
T{E3683CFC-8679-411E-8A72-D2E9E206F152}
F{6EE66AC9-52F4-4B68-BBEA-A13FDAEB8D90}
T{3F8F56AF-3D9F-4B51-853D-3B4839232199}
T{8D742FE6-A483-4716-B601-812D45599169}
T{1B48EB3C-DC5C-4F0B-85C3-EA6AD903F8A7}
T{E5D4DC95-1DA3-4B73-BC41-6DE38746C2E3}
T{C145130F-4DD4-443B-8BF4-0C7F751C5A1D}
T{54A8B126-7484-4CDA-9496-09F042CBBEB6}
T{7B18DCA7-51ED-4DF1-95A5-174EE602C67B}
T{3D8F8615-DB8A-4B22-8ED2-D5C7AB875962}
T{A1728D1B-44EB-4D51-BAE4-5C53E3546CF7}
T{50F4AD06-D3DD-4A9F-9A25-84CE92A30F31}
T{BE400CDE-543A-4DAB-95B7-0A5E4FE9677F}
F{BDE705AE-A2FD-4CEF-AD74-E48F470C60E4}
F{79C6CA7A-ADAC-4F9F-A4C8-79B31757B27C}
T{72E0B668-03C5-4754-A70C-41ACC452BD29}
T{7BD36F09-0649-45A8-BC68-B04CCA2E55C8}
T{6B777872-C695-419E-9897-6B44550C7930}
T{D8A94B8C-529B-40BF-B9BF-02207E2EF1E6}
T{55E7622E-7C01-427F-BA8F-6A63DF11FA69}
T{A24F6FDC-6E2E-4D0B-9038-A9EE6EA59182}
T{F7BD5B6E-DBF4-49FD-8CAE-77C8B41CBE73}
T{E4142379-21D3-4A65-A3CB-E85C16C56FBB}
T{30FA4F11-2873-4BB2-8883-BD13428EB997}
F{880B5116-70AE-419B-9B80-AB74C03279FD}
F{0431E32E-900A-4FED-91A8-FE0E8FE7D5F0}
T{2812FFEE-7044-498C-AD09-8C16E22420F2}
T{55D35167-A131-43C6-8016-57F73465CA63}
T{FACFB418-4869-44B0-8192-82EAE2A5D331}
T{FDE26AA0-E44E-4376-A94E-581BDCC4D321}
F{121B8B9C-BC9B-416C-8D61-20A6C6A56D76}
T{C6C50BE8-FBAB-4161-BE4A-7C5C683F80B3}
T{AE875909-D863-467C-B1BA-CD047971E860}
T{41E1963A-CB36-437E-ACEF-9BAB89E083F4}
T{D92910D1-4AA7-4CA4-898D-1FCFF351BF52}
T{547202C8-FADB-408E-8901-E16D1AE00FB5}
T{F0F23777-969B-4577-8DF2-11C75007BCEF}
T{F59DC453-D32A-4088-8B9F-DB3447E079A8}
T{61CEAF1B-8C9A-4B08-B640-084505BD90CD}
T{9606601D-4D35-4493-A9CE-1C60E7CFFD06}
T{9588DE11-7633-44D5-B6DA-5B1FBE56BE65}
T{84E5013D-B7A8-45BC-A21B-3D47C78BC3FF}
T{07405620-30E9-4D3C-9FDF-DF6E2F6FC0D3}
T{5818CECD-BB68-4F6C-BD7D-1731BA644822}
T{7D088F6F-FC58-4C86-956C-1647934FAE37}
T{FF829026-8398-4AAD-B6B0-B1271575343F}
T{57B885E2-1E66-4730-A026-A6AE42F0B934}
T{99776289-8D12-4CAF-BAAA-8B2B190EFC6F}
T{5F1808D9-19F3-497C-BFDB-54ABBD9D0B0C}
T{BC1416E8-6078-4AEB-901C-334A33DED754}
T{A29CBF6D-1B67-4AAD-8846-E7C1896C4EF9}
T{619D176F-9CDD-4494-8C66-5EDB4F936AF1}
T{C39329BE-0A8D-4655-B78F-479A48616C15}
T{8A220B91-F895-4C2A-9A6D-2F62E933FEE8}
F{7B8BE9B6-C7C1-47BC-B560-670CBA8CBB1A}
T{8419E2A1-F1F3-432D-9703-C9C968944D15}
T{753D3B79-3FDF-494C-AEEB-746349310E92}
T{1FFAE0B1-F603-41F4-BB59-20872D97D38D}
T{EE133B41-99B8-40D8-A41F-0B7B31F4C564}
T{FCED36FE-20C3-4539-9B47-59BFD371DFCA}
T{56798934-20E9-4010-9956-647CBCCEC5FD}
T{E1876B80-17E6-4900-B186-04495B2850E4}
T{981FD6CB-2D56-4721-8F82-DD2AE818BD0E}
T{F4963C65-5BEF-4374-8FBE-5C7473A5F7CD}
T{543EA4B5-50D7-437E-B35E-A6842F65E129}
