F{F33117BE-5934-4523-B957-A7F953EDF511}
T{0431E32E-900A-4FED-91A8-FE0E8FE7D5F0}
T{ABFBA485-F8E1-402F-AD7D-4FC029C7467F}
T{06005BD2-936A-4C93-9400-C6D7C9912046}
T{24FBB49C-4521-4C54-BE2C-3B700BB32138}
T{CDEB8860-4DA4-4914-B185-B62192F5E494}
F{D5F17BBF-9EBC-4841-993A-7EB0BA9EE7BF}
T{DEFC19B2-B7D2-4B38-8FDD-28ECF911109A}
T{BA71F25B-7EBE-4E3E-920B-04E581D6D545}
T{45FC34DF-5CFD-4BAB-B40B-947813620992}
T{6EE66AC9-52F4-4B68-BBEA-A13FDAEB8D90}
T{2884F070-7286-481F-8A2D-9DA8CA0F0211}
T{E9B41F7B-36B3-4858-A82E-174C69144503}
T{8F572C7A-9F22-47F0-B6BC-4060D74D03E8}
T{880B5116-70AE-419B-9B80-AB74C03279FD}
T{488599B6-4DE2-42BC-8F2E-4B018A6AE172}
T{FE9A8AA0-52A3-44D9-8510-FF6F28E87CAE}
T{396C5F77-34A5-48C8-87A4-6C315CDFF810}
T{30D48049-D818-465D-A693-6F4ABE5B450E}
T{FC0E52F1-8B6B-41CA-8863-681E32FF1B7A}
T{6E0667B8-3AF3-4E4F-843F-ECD5D24E7B87}
T{7B8BE9B6-C7C1-47BC-B560-670CBA8CBB1A}
T{0C829417-D371-41CA-80EC-38C5C1103276}
T{79C6CA7A-ADAC-4F9F-A4C8-79B31757B27C}
T{C4E7BA37-3712-4486-ABFF-31F868422C68}
T{C04C3967-D24B-4D5F-BEB4-05458517A158}
F{BDE705AE-A2FD-4CEF-AD74-E48F470C60E4}
T{A86B0AFA-7795-4469-BE21-257AB81DD398}
T{7D2A1FCD-82E2-42CA-9640-C1AD75DE6433}
T{CF5E35CE-3EDB-4DA6-AA42-AEC7CCBF6F0E}
T{56599AE9-13B5-49C2-B804-CA6BE050B31D}
T{19AF4E57-3E50-4AB8-B829-15427ACCE505}
T{7B3F0545-5E23-4E91-9CD2-5FCB6AA4F4AF}
T{121B8B9C-BC9B-416C-8D61-20A6C6A56D76}
T{78AA6D67-D984-48FB-9B94-5DA7E3948779}
T{76863661-7D37-43D7-96DB-7F3F8964D9AA}
T{B35D7BED-98CA-4176-9A99-AB3DB17FE5C9}
F{DF8C7825-B0B0-4524-8A4C-389FB513EE15}
T{F730A61A-EE95-47FF-8654-A8368F46F9C0}
F{FADF0084-0994-4FD1-A5A9-0DA31F02F7D8}
T{F365477F-B654-4B01-9255-5B99ADA6719E}
T{8FA22A33-3B54-48DF-85DF-7083815DAA04}
T{A1A87849-5ED8-4B5A-BBFE-BE2C96AF6F1A}
T{73DE18A2-2CD4-415C-898E-7B31224A0421}
T{769C1553-6A23-4FB3-AE22-99B0CE0C68A7}
F{F18D1C36-04EF-4959-A541-95C7DA77F148}
T{37D6580A-53B1-4CD9-B408-2921F8C4DFD1}
T{83E9C037-BD5C-492D-828E-B2139031FE25}
T{65F3CDC5-CA75-4C5B-A1F0-1262463BA448}
T{570628E1-BA0C-4A00-80AF-A671452167FD}
T{AA43E9A3-5DC5-43B0-B5B3-5E7D8070F97B}
T{137200CF-1F7D-4011-9118-98362D61C40D}
F{7F9E65AF-5267-4CA7-875A-78C8E32947BD}
T{4DD2EEF8-D75A-4594-A70C-9E8493C74E30}
T{DCEE2F52-DEC3-4643-A6EC-17DBE40B4600}
T{2078046F-55C7-4CA9-9EA3-76035E6036AB}
T{CAA3922F-64DC-448C-A1E1-C31A4620FE0D}
T{832BAA07-33B7-49FE-B9EE-12C8137E98C3}
T{AEDAED6B-E837-48A1-8978-6A6B3F4B2007}
T{4DAD8F44-F724-4A36-83D7-B97D269506DC}
T{15A8508B-C76E-4D3C-926D-E060041F0AA7}
T{125107B5-C4E4-44F4-981B-290AFE44EB58}
F{82E03863-7363-423A-8698-65D3B4E99A7D}
T{6DF39F1D-1A5F-4D6F-90B0-304A72D32814}
F{E7D90FBD-F590-4019-A1F3-939416501847}
T{C60A6FAA-70CC-4472-864E-CC01091C2B52}
F{297B7FF9-7558-4CF3-8783-B2F9C4954ED0}
T{A6E14042-AE7F-4DE4-B4E0-F500C8D2753C}
T{36A8DD9B-5A4C-473C-8583-6EC3AD34AC1E}
T{ADF60294-B7E4-4D6D-BFA8-40F3047A8985}
T{75411625-E98E-4603-9876-89E23DC23A76}
F{B90D9F73-87A8-4EE5-AEE1-315E38ECD17C}
T{F3D5BDF3-9C80-4768-8771-893C8C9779C8}
T{6ABBA800-8AAF-4683-85E7-26E76892A532}
T{8F3D4CF0-2F8D-421E-B774-10F6057A63CE}
T{231DFB82-452E-4E66-81FE-7531F3F276BE}
F{BC0D65A7-E1E4-4331-9A3F-1EE32B4641CB}
T{227641A7-B726-42D4-A5A6-05F51738FF66}
T{A3A73661-2865-4125-88F8-35651F9ED062}
T{3AD854ED-00C2-4E75-85FB-7237691B1BAE}
T{FD335DBF-22E5-45EA-A60A-83EEB81DAD99}
T{AC7ED345-CA3F-4549-BDC1-0360C6C9CCC2}
T{F0A47DB6-E579-4555-9155-C9BCE9740092}
T{0CA9D74F-6767-4368-8C30-8FB559EFD52E}
T{B3DBC7A6-65D1-45CA-BBB0-0E02C7DD21CA}
T{B9D9B368-68A1-4934-98FB-6AAB4004495E}
T{F752147C-9108-49D9-B91E-124FF84ED01D}
F{92B3E98D-7AFC-4A3D-B843-903B84ECA2C4}
T{02E7984E-1CE2-412A-B2BF-BF7B7B9447EF}
T{73F3BA05-466B-42B7-A720-E8F059407953}
T{FDDB2FB1-6752-4D38-802D-7AFAD16D0028}
T{E29AA1B9-F855-4725-B0AC-CCFA22E99263}
T{75957CF1-FF6B-4473-AFB4-075F3AF577D8}
T{F22DB2C1-903E-45A6-8CAA-EB427E42F4C2}
T{9F475BE3-E0D9-4E3C-96C4-42AB66B8A6FE}
T{3174CA43-7FFB-4C21-88B7-7F3FEDD624A4}
T{66EBD375-D645-41CA-A810-DB3F4442511E}
F{2A472C9C-91FD-416A-85CC-2870A42ABD80}
T{E0C229D3-617C-483F-9E6D-44B33D64F293}
T{75AF23F8-35A5-4BA1-A7CE-F11A57D0495E}
T{C2612C32-617E-4155-8E78-9E427C1C0416}
T{E83A4F42-DAF4-44F7-9286-3AC80C599F9E}
T{F354E64B-1A43-4F01-96AD-267DC6026664}
