T{9535021E-8CAD-4AFE-889F-B8DFD857AC97}
T{8E141B72-5F38-4777-ADAB-663B14FCFDE6}
T{F33117BE-5934-4523-B957-A7F953EDF511}
T{92B3E98D-7AFC-4A3D-B843-903B84ECA2C4}
T{A9A20C40-B426-4914-9D77-F0435FE51B8A}
T{B90D9F73-87A8-4EE5-AEE1-315E38ECD17C}
T{0E076D6D-9479-4152-9BBA-D9841FC3B500}
T{3E8BB054-AE90-45AE-97A0-B342F90FD2BD}
F{20356808-3AF6-42BE-B14B-DBD2D3703292}
T{1780E018-9C81-474F-B783-C8B15FFE9359}
T{D5F17BBF-9EBC-4841-993A-7EB0BA9EE7BF}
T{FADF0084-0994-4FD1-A5A9-0DA31F02F7D8}
T{7F9E65AF-5267-4CA7-875A-78C8E32947BD}
T{D6732FCD-B0C2-4FE1-B44A-F97BCEDD7EB8}
T{FCABC518-C2D0-44D1-A965-D79C454F08B3}
T{B93103C6-A81E-4B26-AA68-77F8A47F8934}
T{2A472C9C-91FD-416A-85CC-2870A42ABD80}
T{0B083DF7-6B6D-4403-BD7C-1A47AACE79F7}
T{BC0D65A7-E1E4-4331-9A3F-1EE32B4641CB}
T{E7D90FBD-F590-4019-A1F3-939416501847}
T{99E94B1E-A1B5-40A8-A206-405654084EA7}
T{F18D1C36-04EF-4959-A541-95C7DA77F148}
T{82E03863-7363-423A-8698-65D3B4E99A7D}
T{DF8C7825-B0B0-4524-8A4C-389FB513EE15}
T{F3BB19AC-FC9A-42E1-8759-3A8C0357FB5F}
T{297B7FF9-7558-4CF3-8783-B2F9C4954ED0}
T{BDE705AE-A2FD-4CEF-AD74-E48F470C60E4}
T{A74369EC-35F9-413F-9DD1-1C667735AC1D}
T{B8BE9042-6EA1-422E-951F-F4A5F9D8D43C}
T{E458A9CF-498A-441C-BDC2-AFE883AE390E}
T{CF5E35CE-3EDB-4DA6-AA42-AEC7CCBF6F0E}
T{E64A84D1-AA9D-4B83-9CDC-3D7F82C69EF0}
T{56599AE9-13B5-49C2-B804-CA6BE050B31D}
T{0568CFA4-0B68-48CA-9A80-15F3A9BDF34B}
T{19AF4E57-3E50-4AB8-B829-15427ACCE505}
T{D1EFE03C-B89B-4BDC-8FED-88A980172189}
T{7B3F0545-5E23-4E91-9CD2-5FCB6AA4F4AF}
T{71539232-530D-43EF-9D1D-B9F9A70C1EB7}
T{3E8BB054-AE90-45AE-97A0-B342F90FD2BD}
T{E458A9CF-498A-441C-BDC2-AFE883AE390E}
T{20356808-3AF6-42BE-B14B-DBD2D3703292}
T{FCABC518-C2D0-44D1-A965-D79C454F08B3}
T{0568CFA4-0B68-48CA-9A80-15F3A9BDF34B}
T{71539232-530D-43EF-9D1D-B9F9A70C1EB7}
T{8E141B72-5F38-4777-ADAB-663B14FCFDE6}
T{0B083DF7-6B6D-4403-BD7C-1A47AACE79F7}
T{1780E018-9C81-474F-B783-C8B15FFE9359}
T{A9A20C40-B426-4914-9D77-F0435FE51B8A}
T{B93103C6-A81E-4B26-AA68-77F8A47F8934}
T{F3BB19AC-FC9A-42E1-8759-3A8C0357FB5F}
T{9535021E-8CAD-4AFE-889F-B8DFD857AC97}
T{A74369EC-35F9-413F-9DD1-1C667735AC1D}
T{EBFA4449-78A7-4025-AF88-9348443D54DB}
T{8416E950-D55B-4E91-9B3C-F19A6296FBE0}
T{35AC881A-B13C-4267-B7DA-BC79D7A8B7C9}
T{81D194E0-12F4-40B4-A426-D32B5BCBBB77}
T{4EFE76AD-1685-4B8B-AE5A-01559EF7165E}
T{DD5CA821-526D-46C5-AFD0-EFD6F4694C44}
T{1D1A07BE-BF06-4748-B76F-BCC5DD98875C}
T{D544EFFE-1F13-4675-BA5A-D68BCE755E03}
T{6F7854E5-D113-4E09-B1E7-8C422C081B31}
T{BDE67FD6-C995-428F-BFDC-7F15DBC4F5F6}
T{CC70508D-5B81-49BA-8F71-2BEA87D6465B}
T{62CBF11B-1821-4908-AB54-925A4292A81C}
T{43A8CD6C-F28B-4011-B928-791EEAD2D489}
T{DE46CA11-BE59-4DA4-9A1B-2689B5179775}
T{D970B18B-0F7C-4692-9929-6715363D296B}
T{6DA193BC-B14D-4A65-9E5B-6039AA75D53D}
T{64DE416A-B183-461E-B9FD-3D3991A3A49C}
T{4E99C025-92E1-49BF-B885-7D51325F070A}
T{9469A6D4-4344-4554-A1E8-758FB0DC2AB5}
T{67D5DEB3-8E3A-4723-9B26-687541E438E7}
T{0F43D660-5D72-4A6B-B9AD-6F2BF30839B7}
T{FBF264F1-4D95-445F-8015-46CF38DE36EE}
T{BCEBDF63-0F20-41EA-95F7-6E989B5A63B6}
T{D9CC0D04-F5F9-4D24-8322-43614ED4B351}
T{6444F0FD-EA7E-44E5-A4CC-63D0378F9F8D}
T{2A869A2E-9D67-41B0-891B-88D23B1DEFE1}
T{B07106CD-121E-4337-862B-65DFC42F8B2E}
T{8814D978-0940-49F7-A01C-DBA1926D68D2}
F{DCEA5090-83FB-402D-8C62-6554C602A8FE}
T{E54556A4-4D98-414A-8FCC-5CDC7139F115}
T{7F573975-B154-4E59-AD65-1C95246E2C89}
T{F4F117B6-4AA7-48CC-8186-4B81AF3FCB84}
T{3AD22776-3D3D-47B0-B85B-A94C1C35130C}
T{DF437893-D310-47C2-AFF6-A8100BCB0643}
T{ABDCEEFF-32A8-49DE-940E-AAD311ED2973}
F{3BF1517A-C896-482B-B27E-5DA98629FA58}
T{CA7EFC4E-5331-4271-B6E6-A30C150810B3}
F{04453FEC-0677-4F5D-91F1-870A0EBE5E21}
T{B4383D07-45DF-4FEC-AF01-F0464AC8C092}
F{687EF416-E927-4EE4-96E2-96960C593CCF}
T{EB237684-FF25-4E45-8752-242E2985F4D4}
T{D6732FCD-B0C2-4FE1-B44A-F97BCEDD7EB8}
T{79AE343B-EED8-4C5D-BAE0-35B523238D32}
T{B09C05DB-64F9-4543-8C24-1128B5733761}
T{0E333AE1-3012-47BA-A135-8BA2CD0686ED}
T{9D27DA16-90F9-435A-BA72-A2753930D5B8}
T{6A27AA07-CEB8-448B-97B6-A1F36F457DAD}
T{A14B6BB9-7580-409E-8D77-92E2E36CDC3B}
T{726C0C0E-8FEC-4B88-9847-90666F6D08A9}
T{9E07C77E-6FB9-480A-8EAF-306634D3C944}
T{62A75A62-29E9-43CA-95EE-D09436ED4BD9}
T{D7748EF0-203D-4783-B54F-BC52B59D6451}
T{5AAA7A8F-97B6-42B5-9E85-8B2B268BBB72}
T{EF326F21-A064-4946-A932-F34B6CFFC24E}
T{740FC138-7242-4135-90C9-D0C01BD5D223}
T{B8BE9042-6EA1-422E-951F-F4A5F9D8D43C}
F{F1B608F0-C98B-41BD-9CAD-92259DB0455F}
F{1DB21F1B-0227-4F0E-AE91-5A61B56BC743}
T{4460589A-EBB5-4ADA-BBCD-99DCE6E55FA6}
F{B4C63766-55DD-4FF3-A860-9A6740188489}
T{DB9E806E-6E9E-450C-A5E5-D11317F104DE}
T{1FEEF7E8-32B3-4103-983B-504993234079}
T{4EEF0A93-6B1B-4736-B2AF-B5713367C58D}
T{5EC4EB0A-8C5A-475B-A8EB-B68AFAF82D8C}
T{EBF2EBA6-50EC-4995-BA9F-60BA6CFF3643}
T{ABB3A4C3-EB2C-4BCD-B8E3-6B5767041C76}
T{B86FEB54-D96A-45A2-8396-9F4256FDE76A}
T{CA4F8D88-3C63-421B-92A5-71BFBE7DFE4D}
T{A5B9D9FD-1DB6-4AF0-892F-E47469F34A86}
T{FDA9B0C8-616D-45D4-B83C-A1BEDAA3DEE3}
T{219C1C1F-F5BE-4E5B-BF5B-49FA79236BAE}
F{100647B5-C30F-4EA9-9D58-1D9D5D5ECFBD}
F{F5B7156A-BCB2-4A3D-8CD2-B78CF49D4C4D}
T{18C9FE66-FBE7-4708-AC1D-A602DD4D4FF8}
T{FEA473DD-B917-4425-8775-C57D06896C70}
F{B98B98DD-488A-40EC-9F8B-9A8AE162D8AA}
T{F69995DA-1598-4878-B678-0CA95FC5C99B}
T{86A03D86-BA5C-4CF1-91ED-F7F27430D51B}
T{0DF59973-D6C2-43D1-97F6-47B5F799A34D}
T{B38A7816-32BA-487D-9AC0-82154B3BEC30}
T{84DE413C-F9B9-4233-9FFB-D680F164367E}
T{787EC000-230F-4883-BA0B-8EA0991539A4}
T{28C203D3-E69B-4F28-BFF7-D14DEFC2FC6B}
T{8DCC968E-9D0C-4F58-BB2E-BFF32A49CB82}
T{1BF325CA-027C-46B1-8AB2-2D56930E4FCC}
T{6D2591DF-68EA-4F8A-8FDD-AF608D29854C}
T{996E484A-F709-4C9C-99CF-47A9C92D6F60}
T{36C796D6-B9F5-40EE-A346-769307CCD60C}
