F{F33117BE-5934-4523-B957-A7F953EDF511}
T{92B3E98D-7AFC-4A3D-B843-903B84ECA2C4}
T{0431E32E-900A-4FED-91A8-FE0E8FE7D5F0}
T{B90D9F73-87A8-4EE5-AEE1-315E38ECD17C}
F{0E076D6D-9479-4152-9BBA-D9841FC3B500}
T{CDEB8860-4DA4-4914-B185-B62192F5E494}
F{D5F17BBF-9EBC-4841-993A-7EB0BA9EE7BF}
T{FADF0084-0994-4FD1-A5A9-0DA31F02F7D8}
T{7F9E65AF-5267-4CA7-875A-78C8E32947BD}
T{45FC34DF-5CFD-4BAB-B40B-947813620992}
T{6EE66AC9-52F4-4B68-BBEA-A13FDAEB8D90}
T{2A472C9C-91FD-416A-85CC-2870A42ABD80}
T{880B5116-70AE-419B-9B80-AB74C03279FD}
T{488599B6-4DE2-42BC-8F2E-4B018A6AE172}
T{30D48049-D818-465D-A693-6F4ABE5B450E}
T{BC0D65A7-E1E4-4331-9A3F-1EE32B4641CB}
T{FC0E52F1-8B6B-41CA-8863-681E32FF1B7A}
T{E7D90FBD-F590-4019-A1F3-939416501847}
T{6E0667B8-3AF3-4E4F-843F-ECD5D24E7B87}
T{7B8BE9B6-C7C1-47BC-B560-670CBA8CBB1A}
T{0C829417-D371-41CA-80EC-38C5C1103276}
T{79C6CA7A-ADAC-4F9F-A4C8-79B31757B27C}
T{99E94B1E-A1B5-40A8-A206-405654084EA7}
T{F18D1C36-04EF-4959-A541-95C7DA77F148}
