T{F33117BE-5934-4523-B957-A7F953EDF511}
T{92B3E98D-7AFC-4A3D-B843-903B84ECA2C4}
T{B90D9F73-87A8-4EE5-AEE1-315E38ECD17C}
T{0E076D6D-9479-4152-9BBA-D9841FC3B500}
T{CDEB8860-4DA4-4914-B185-B62192F5E494}
T{D5F17BBF-9EBC-4841-993A-7EB0BA9EE7BF}
T{FADF0084-0994-4FD1-A5A9-0DA31F02F7D8}
T{7F9E65AF-5267-4CA7-875A-78C8E32947BD}
T{45FC34DF-5CFD-4BAB-B40B-947813620992}
T{2A472C9C-91FD-416A-85CC-2870A42ABD80}
T{BC0D65A7-E1E4-4331-9A3F-1EE32B4641CB}
T{E7D90FBD-F590-4019-A1F3-939416501847}
T{6E0667B8-3AF3-4E4F-843F-ECD5D24E7B87}
T{99E94B1E-A1B5-40A8-A206-405654084EA7}
T{F18D1C36-04EF-4959-A541-95C7DA77F148}
T{82E03863-7363-423A-8698-65D3B4E99A7D}
F{DF8C7825-B0B0-4524-8A4C-389FB513EE15}
T{297B7FF9-7558-4CF3-8783-B2F9C4954ED0}
T{BDE705AE-A2FD-4CEF-AD74-E48F470C60E4}
T{CF5E35CE-3EDB-4DA6-AA42-AEC7CCBF6F0E}
T{E64A84D1-AA9D-4B83-9CDC-3D7F82C69EF0}
T{56599AE9-13B5-49C2-B804-CA6BE050B31D}
T{19AF4E57-3E50-4AB8-B829-15427ACCE505}
F{D1EFE03C-B89B-4BDC-8FED-88A980172189}
T{7B3F0545-5E23-4E91-9CD2-5FCB6AA4F4AF}
T{121B8B9C-BC9B-416C-8D61-20A6C6A56D76}
T{D1EFE03C-B89B-4BDC-8FED-88A980172189}
T{0E076D6D-9479-4152-9BBA-D9841FC3B500}
T{E64A84D1-AA9D-4B83-9CDC-3D7F82C69EF0}
T{F33117BE-5934-4523-B957-A7F953EDF511}
T{DF8C7825-B0B0-4524-8A4C-389FB513EE15}
T{82E03863-7363-423A-8698-65D3B4E99A7D}
T{297B7FF9-7558-4CF3-8783-B2F9C4954ED0}
T{1C77508F-6FC0-4EAE-AF1D-DAC93F6E9491}
F{3E8BB054-AE90-45AE-97A0-B342F90FD2BD}
T{CB0FA766-14B7-472F-8E83-1BFDA4C9DB9E}
T{009AE52B-66AC-41D9-891D-6177392489F6}
T{1E6813FA-16E6-40EF-BFAD-B6E2AAA020C3}
T{59FE8EF3-A495-4728-AEB6-7C6ACE3DB0AB}
T{F41B0051-14B1-4C4C-863D-BB941597DFEE}
T{5078CE4C-DC24-4139-962A-91E28A620A4D}
T{F14E0106-DA7B-4670-A266-A6A9A641DE1D}
T{1ABD4B84-D957-4ECB-98D4-DD9F27FC4A2A}
T{43F16C4A-0B22-4DD6-B651-E0819EB75651}
T{5E582835-A7A5-4327-8C6A-D81E4D7216FD}
T{961E0CEA-6559-4D91-8D46-A10284DA9FEF}
T{4B50C4F3-0976-4505-A65B-2BBB11C76646}
T{B336AEDF-9E41-465A-9A3B-FE02216B9060}
T{2D5B715C-4460-44ED-AEF3-3F9CB452E2A2}
T{C8CAE03D-1A39-4AAC-A6E9-B8F0EAE8FC68}
T{D9450A33-28AF-487C-A7AA-BD90DD33FBC6}
T{CBF89639-A609-48CF-8101-51D24B595C06}
T{C479A810-45E2-4639-B10F-B842B841D9CB}
T{4147DE80-29CC-41A1-905D-A33585A9C233}
T{6D0B97F8-3010-41E6-9345-9621F889700D}
F{71539232-530D-43EF-9D1D-B9F9A70C1EB7}
T{E6C1E860-C65F-4B07-96D5-8EEF2A9853DC}
T{AA83C7ED-8AC2-404C-9DC5-A22C3F481DB0}
T{935175F2-450F-4274-9CB2-654AF5782407}
T{9D75CEEF-644D-4EF6-BBB7-E0F2FE0E620D}
T{85B8A9EA-963E-471A-8956-84E4544F178F}
T{EED9659C-588E-45FA-9C05-7C2B24F5FD6A}
T{AFC431B0-03E4-4336-A555-DFF17A5C3140}
F{E458A9CF-498A-441C-BDC2-AFE883AE390E}
F{FCABC518-C2D0-44D1-A965-D79C454F08B3}
T{D2395E31-D55C-435E-8800-1EA6D63A397E}
T{6E26A387-2A20-4958-BB0E-84C19D305AC5}
T{6A6A0DA0-A5EC-416A-884A-D32B4393C8CB}
T{A8226A84-C1D7-4DCB-8819-FC5481D30309}
T{9C9FE710-5C8D-4AFB-896F-184027C1D8C0}
T{6F6E93BC-6966-417B-945F-664585D745C0}
T{A0B32FEC-80B4-45E5-97CD-1E12DB821BBD}
T{95DDAD73-42D7-4B01-9529-EA4DDA4F04C1}
T{529FB818-7925-4645-A674-5ECD20C1D72D}
T{B50525FC-0550-420D-BEB4-7932D56CBF58}
T{989BC558-F90F-4477-B69A-C50542F39657}
F{20356808-3AF6-42BE-B14B-DBD2D3703292}
T{5CDA95D1-5FB5-4E94-85AC-29C0372D2151}
T{FF14783A-35C4-4E1F-ADC0-599803934F57}
T{2F314D26-F22B-45CD-B5CA-9F7143C645A5}
T{3A6CBD49-BCD6-4AC4-96F1-1A1763E05087}
T{3637651A-F56B-43E1-A06D-52B19080DC56}
T{127AD9CC-B384-44C8-8DAD-D4CDA9EC2869}
T{1D93DBF9-986E-4716-99D0-C996ADEC64E0}
T{59647F7F-1039-4541-8182-EC7579C7C8BD}
T{E6443076-9601-42FA-B3E1-3F3295D83BF2}
T{712BCDE0-4C1B-4096-87D8-48F6551CCA8F}
F{0568CFA4-0B68-48CA-9A80-15F3A9BDF34B}
T{A8ACFDB1-6F07-4781-B475-55AFDA514E82}
T{29AA48B0-5864-4623-8596-D4EFD82FDB51}
T{CEFF3E06-D488-41CF-9296-8DBB4CBF92AB}
T{6A6CC01B-089C-4C09-9A4E-6A3AE81181B8}
T{08D30916-08AB-410D-A34D-F9861A5B4434}
T{8CA19A41-820B-458C-AAF2-4539FD5138E5}
T{FEF4B732-497A-48E4-92FA-2430A0F25B57}
T{3C3F7017-3235-43DC-B1C4-FCB0BE8CC27C}
T{918CD0D5-4572-471C-8F77-E96D2957DA13}
T{B064B763-2D5C-4E06-8062-D770F81BE0B6}
T{01C8483E-44C7-49BB-B040-F0EC1E78D450}
T{39265855-C108-4CB7-9775-07483B32A23B}
T{D05D24AA-DD28-434F-8668-B4469B8581FF}
T{C475BEDE-0AF1-492B-B422-0730CEDD96BB}
T{BD7D6448-EF39-4BD9-8425-29F9BDD659F9}
T{65205F34-9496-44BE-A44C-77CC153E3F7D}
T{2341548B-CC5C-4A44-8886-684E7E0FA9ED}
T{A86A5827-0EC6-434B-9982-1261D8EAA23C}
T{E6F9FE00-DF29-4DD5-B383-FE309F4A0278}
T{83B8EC0E-1E3D-4971-868E-97218B2A0454}
T{E392A171-B854-4EA8-BA26-CE4E42EA2EA9}
T{7FD28B7B-FA70-44C7-9675-D4EF8367B708}
T{0666F3C8-135C-48FE-A805-BE54B04D73FC}
T{A416085B-334B-45FB-8499-44815B6344BC}
T{7A9E659B-B0B1-46AE-8415-981E3A4EA1BB}
T{9B2ABBC8-EDF7-4F4A-938C-41485646207E}
T{B64A92CD-71AC-4387-9F54-7818AC2F2806}
T{6D38DCFB-1E74-40F8-A622-C6CB5F4E066E}
T{027EB689-EF1A-41F0-AD33-52CEEF7E882E}
T{85189182-D1CC-450B-9F71-73C0F3205833}
T{456AB242-35DF-4D1E-8316-3337D97BF2E7}
T{974576EB-A431-4A54-B28F-8A934A3308EB}
T{8B6E2846-24C6-4FFA-99A6-6D4803E42B7B}
T{1DD29212-3F91-44FA-A7F2-AFBFD0AF8300}
T{271E11AE-7BC1-4282-A4B7-A76E5F5BAC59}
T{436C3071-3CD9-46C5-8CA5-EA4F274955AE}
T{05BD18D6-9A2B-428B-9AF2-AF657708556A}
T{7F16EE94-C346-408B-9F5B-574A494B60A6}
T{1C6B3D8F-59C1-4A6F-949A-2B735F78380B}
T{E5BD1BDB-8494-46A6-8799-95CAB1651DC4}
T{E7A9D085-02B5-410F-A30B-2C13883D7F8B}
T{85DD06AE-B961-4093-BDF8-0D360979FFD6}
T{1D8FCE0C-A184-4F7C-93E2-912083F0DD68}
T{B129A94A-0F81-42EE-BAAD-104A406747A1}
T{1F5AED1B-E666-4890-84D2-F86D8AE2C5FE}
T{7CF537BB-DCBA-4F9C-82DC-62818AD136A4}
T{B427FA9E-C0C0-4D1C-912C-DCCB2617D8AB}
T{2674BBB7-720F-4E4C-A20A-741D0B35FBA0}
T{283B4577-BA5B-46D9-9C23-78189C429A25}
T{D30B8B5E-32E9-4D29-9924-802B4A302CAC}
T{801BE00C-259C-4978-8AB5-27C0F0E2B441}
T{010AC0EA-72CD-4F88-8631-101F7D8E4A9B}
T{35A209EE-E61D-478D-9BA7-C236BE8270CC}
F{0B083DF7-6B6D-4403-BD7C-1A47AACE79F7}
T{B05F8B82-27F4-4F0F-B825-17349DF0EA13}
T{F68C5FE3-2D28-4211-A524-EE223CEE2789}
F{1780E018-9C81-474F-B783-C8B15FFE9359}
F{9535021E-8CAD-4AFE-889F-B8DFD857AC97}
T{DD93EA41-8174-4CC9-A0CE-B6466D12D6E3}
T{73A06CE7-A755-4ED0-983C-4BA220D5AA40}
T{CD97A0B8-0F2D-4E06-8DD6-5D0EC0C986EB}
T{EBDE49E3-08A1-408B-8ABC-2B30828344CE}
T{056DA430-96AE-49A7-9411-98CA22737DFC}
F{F3BB19AC-FC9A-42E1-8759-3A8C0357FB5F}
T{9A1CFA80-E575-4A8D-A49B-A27D09C52AFC}
T{DB38E16A-A19A-4A16-B049-41447D757C33}
T{0A7C018F-A1F3-4DDD-B456-1EFE808B094E}
T{933839D1-F2A8-4388-8996-5F13B08BA6D0}
F{B93103C6-A81E-4B26-AA68-77F8A47F8934}
T{0A5A3FE7-A363-4F8A-B372-57B5B706F3B0}
T{2A3978EF-895F-4A25-B60E-7025C8266761}
T{FB700B38-4F92-4AEB-A2D4-2BCD0A927305}
T{D552B0E0-0FBB-4B82-AE91-066537A56F1E}
T{8C19D98F-59C5-48B3-B519-6221E143453D}
T{D2E355BE-09F3-4329-8BE2-BDA7F35A2362}
T{89E89223-0571-4964-9A8F-B4883273B52F}
T{DC0A27C7-3C00-4C38-9672-6AC0C20A3BB6}
T{B554A170-FD1C-4B3A-88DE-9290BB0D9A8D}
T{ACCA2DA2-40DD-4729-A812-1E38E3E0E48A}
F{A74369EC-35F9-413F-9DD1-1C667735AC1D}
T{1BF40C62-5932-4BD4-8563-7E0CCE9CC73E}
T{8903B9C3-29A4-4124-A7C8-0DC3FFDECDBF}
T{E12690B0-8708-419F-A4FA-2E14227E0B38}
F{A9A20C40-B426-4914-9D77-F0435FE51B8A}
T{8AC275BF-5C1F-45B9-A97B-ECB9C62828FF}
T{30F6088E-48E3-4912-A9CB-ADD77AAB22DA}
T{9A518632-5B96-4F47-8A58-31ADA9D1B8E4}
T{75477B4F-E668-4579-9CB4-EEB49D45DEDD}
T{7D547629-F4C6-4A73-BE07-7438790F4E25}
T{8DC20166-218C-49AF-9BC9-7BE9EA239119}
T{BF05F60D-8EE7-4594-B545-6AD1CDBB47FA}
T{13463F1C-C22D-4AC6-A5CD-DD3D8F772558}
T{D44EC3D3-01D1-4CC0-B288-059B9E402BDB}
T{3291C74C-C66B-4C4A-A45D-6AECFD3E99D2}
T{F657F59B-6533-4900-AC16-B5F075F5773A}
T{8906EDBC-3482-4A8B-89F1-681709ACF29D}
T{DA22A2CA-8893-4374-816B-63AA64B19A5E}
T{359131E7-B4D6-42D8-A0AB-3025EBA06D37}
T{21B8C2D9-CD53-4C19-9485-483195AB2553}
T{CE2E7CD1-9070-4D7E-BBA8-661B0DFC78B0}
T{02EC8791-E6B7-4C86-853B-EC3A3CA83366}
T{94812A52-3FE3-47A6-87D1-5100215408E7}
T{112E144D-35D7-40D8-90DA-45BD192801AC}
F{8E141B72-5F38-4777-ADAB-663B14FCFDE6}
T{DDFB9C79-BB9D-41B8-BDB5-B8C8D6BC0CC7}
T{09C11ED3-CD69-4934-82CE-8E91518D25FF}
T{C0C02655-7D48-4DC5-9FA8-02FE2B08AC4A}
T{03A017A2-48D0-4C64-827F-4A1FED904179}
T{B40ECDA5-7C42-4A96-A25B-4C7DA9378EC7}
T{0F42BD5D-CBAB-44E5-9606-588A1924B9AD}
T{F2660D58-C242-475E-9F19-2E731A51F8AA}
T{5FA3B17D-4088-4897-8624-0386C713ABD7}
F{D6732FCD-B0C2-4FE1-B44A-F97BCEDD7EB8}
T{5684EEA0-84EC-4FC4-9C09-066B1ECA0478}
T{D158770B-0AFE-4423-8B8A-036E7658523D}
T{A901A3C8-C8AF-4DF3-8681-A56C5D4FF21E}
T{CBEA6651-BA15-443C-8A3B-B71C94361CEF}
T{A18BBEEA-B74E-4FE4-8CCD-2CF060906658}
T{A1C2757C-2F9D-48E8-8E86-B243F3A7ECF7}
T{2F6474F2-7F97-46AD-8987-05F85B21C01C}
F{B8BE9042-6EA1-422E-951F-F4A5F9D8D43C}
