T{0568CFA4-0B68-48CA-9A80-15F3A9BDF34B}
T{687EF416-E927-4EE4-96E2-96960C593CCF}
T{B93103C6-A81E-4B26-AA68-77F8A47F8934}
T{100647B5-C30F-4EA9-9D58-1D9D5D5ECFBD}
T{8E141B72-5F38-4777-ADAB-663B14FCFDE6}
T{1DB21F1B-0227-4F0E-AE91-5A61B56BC743}
T{A74369EC-35F9-413F-9DD1-1C667735AC1D}
F{B4C63766-55DD-4FF3-A860-9A6740188489}
T{0B083DF7-6B6D-4403-BD7C-1A47AACE79F7}
T{F3BB19AC-FC9A-42E1-8759-3A8C0357FB5F}
T{BDE705AE-A2FD-4CEF-AD74-E48F470C60E4}
T{D6732FCD-B0C2-4FE1-B44A-F97BCEDD7EB8}
T{B98B98DD-488A-40EC-9F8B-9A8AE162D8AA}
T{DCEA5090-83FB-402D-8C62-6554C602A8FE}
T{3E8BB054-AE90-45AE-97A0-B342F90FD2BD}
T{A9A20C40-B426-4914-9D77-F0435FE51B8A}
T{B8BE9042-6EA1-422E-951F-F4A5F9D8D43C}
F{3BF1517A-C896-482B-B27E-5DA98629FA58}
T{D1EFE03C-B89B-4BDC-8FED-88A980172189}
T{F1B608F0-C98B-41BD-9CAD-92259DB0455F}
T{04453FEC-0677-4F5D-91F1-870A0EBE5E21}
T{D5F17BBF-9EBC-4841-993A-7EB0BA9EE7BF}
T{FCABC518-C2D0-44D1-A965-D79C454F08B3}
T{F5B7156A-BCB2-4A3D-8CD2-B78CF49D4C4D}
T{20356808-3AF6-42BE-B14B-DBD2D3703292}
T{71539232-530D-43EF-9D1D-B9F9A70C1EB7}
T{E458A9CF-498A-441C-BDC2-AFE883AE390E}
T{1780E018-9C81-474F-B783-C8B15FFE9359}
T{DF8C7825-B0B0-4524-8A4C-389FB513EE15}
T{9535021E-8CAD-4AFE-889F-B8DFD857AC97}
T{04453FEC-0677-4F5D-91F1-870A0EBE5E21}
T{F5B7156A-BCB2-4A3D-8CD2-B78CF49D4C4D}
T{1DB21F1B-0227-4F0E-AE91-5A61B56BC743}
T{3BF1517A-C896-482B-B27E-5DA98629FA58}
T{F1B608F0-C98B-41BD-9CAD-92259DB0455F}
T{100647B5-C30F-4EA9-9D58-1D9D5D5ECFBD}
T{687EF416-E927-4EE4-96E2-96960C593CCF}
T{B4C63766-55DD-4FF3-A860-9A6740188489}
T{B98B98DD-488A-40EC-9F8B-9A8AE162D8AA}
T{DCEA5090-83FB-402D-8C62-6554C602A8FE}
T{15B0ABDA-723A-4A8D-8183-9E9EBB5749B0}
T{B9A4E86F-AA71-4DF1-921C-914659D57CBD}
T{F54D28F5-2266-47D5-9610-4DB0BD2129AF}
T{1FD1302B-6CF4-4936-A025-3182E532DAD2}
T{44B569FF-A7B5-442D-9045-18BCECE921CD}
T{1DA30FCB-7756-421D-A289-4433C7D995CE}
T{D85B5E71-D239-4148-BF3C-838A2D14BA16}
T{1A50F501-6347-4D88-91D4-D870B3DB44CB}
T{90158B2A-F10F-4F97-B210-AB3BDE532FA9}
T{1E834EE7-AEDE-4065-B009-FF4DB99545AF}
T{6A499FD2-BC59-42E9-A6A7-6809BFB94B61}
T{2D2152AE-AD39-4D22-A839-5CF0B1A75F43}
T{02718AFD-41F9-4D2D-B72B-C925C49F870C}
T{BB89D6B1-3351-45DD-BA36-C66A725A50EB}
T{757B50D7-04BA-4AF1-90F4-62FF8F8A0193}
T{333EE3F4-2D1E-4383-A8AD-4F447BE14DAA}
T{424D2727-00CF-4144-BF3D-0166C754135E}
T{15B11EA6-C4FA-453A-94FC-74FACC736C05}
T{07ACC452-E1D5-48F7-ACC5-6E9E6798D3EB}
T{AD92E40F-34C2-403A-9D0D-6D160C4462C9}
T{E2ADD1BF-DEAC-4EEB-A4E6-3C5020908781}
T{FADC8854-5807-48F7-BF77-6B75B35FFB5A}
T{D9F0D281-3E8B-46DB-9927-3A6B5143C5AC}
T{8C3F4BAE-B60B-43FF-BA57-ACC486ACCE84}
T{39D72B08-AF18-4914-B307-CCF474DCAE90}
T{AAEE7C1D-E046-46BD-BB5D-4063A548865C}
T{BAF04E36-6579-418A-8D93-14600F23D4A8}
T{389F88F5-79EB-4667-8EEA-2FD6F4766DC3}
T{EEBD636B-C8E9-4750-946D-24962DF48B5D}
T{49D513BF-DCE5-4DF2-99F3-63E18EE2A48C}
T{F91E0272-42A9-4487-A2CF-E339B456C176}
T{662B63EA-A93F-4A08-994E-BC6BEAD70CAA}
T{450B7200-341A-49B2-9CCB-DD042BD7A50A}
T{E295E95A-EB77-41CF-8E6E-AD915AE4F180}
T{540EB13D-BEF7-4D11-B27D-C4877D32C88B}
T{98BD9ACC-9323-41BE-86FF-BFFB9874B0CA}
T{F33750C1-8DDC-4451-9A3B-9AC9DE62DE44}
T{B0B22E1E-35FC-4B77-B857-902E866EC837}
T{1893F163-9478-48D4-80C7-E017B2FC54CD}
T{CFFB8766-1678-4B02-9F47-B9502ACF4569}
T{47D43E99-F32A-4C62-8F38-EFEF063034F1}
T{25E43F96-B494-451E-823D-F53393511DDB}
T{0EE2DF07-F621-4A83-9A33-5ED050DB426D}
F{345CFCAB-526F-4AD1-8A16-10CABEE1AFFB}
T{4B5D1186-E74B-4819-BDD3-92DF67B0FF79}
T{A1CE576C-7AB7-4E12-A777-6BB69E0C0A88}
T{D2236429-B727-4B46-B9D0-60210F5BEF6D}
T{16EC6EE9-4452-4613-9CE0-2F22B2683BCE}
T{9D1E331F-4483-46A8-A398-7AF7911ECFD6}
T{0E30E019-9CAD-4DAF-B206-65A9E177F9E1}
T{05AFA9E1-9B91-4802-9EEF-BFF425F45609}
T{BB040E56-6EBC-4435-AFA5-56C29ACAB205}
T{FE5D4804-4713-44DE-9606-1F146BBCAC1F}
T{FADB164C-1078-4E31-A2A1-191060104FEE}
T{0C083069-1680-48CF-8EFE-574E85BE171D}
T{2E1AB51F-0B22-404F-BD60-217D697A8700}
T{0C1EBE4B-5648-4DC7-B5AE-36AF0B92D826}
T{58A3A29D-E26D-4B25-B619-CE7636552CF4}
T{04173F8A-C7AD-47D2-8D3A-343A7C2163A5}
T{23B35455-16FC-4FC3-8B98-06ECA566BAAD}
T{287B8F0F-5137-47DC-ADCB-EE4A755E4F83}
T{A5F4C750-87F5-43FB-9705-13780F7E3B25}
T{35AF1927-CB57-4743-88A4-A078C18E9D89}
T{75949224-F0AB-4DDB-B99B-9093EF1D92AF}
T{909CB593-2C11-4EEF-99F7-E48515DE9716}
T{B7C3273B-E1F3-4222-B348-D96D7F5573CA}
T{9D73C228-75B0-48C3-91E2-B438EEDA2CA7}
T{1828FFC4-432E-4BD7-B9C3-18306C96B65B}
T{D63681B4-66AA-474B-8A7E-EE8579DF8498}
T{CF56C427-2DBB-40B4-BDCC-D650E30F1C6F}
T{171CD6B9-BF98-4816-8C1E-15579B5C6055}
T{F34B8D1D-265D-482E-8885-09A66AF45183}
T{9E6355B5-03BC-4836-8B72-A09FDEB0ECBE}
T{89E0FFB4-391F-4AB2-8655-1DE7E832119E}
T{D1041F8F-E132-40CD-A1BF-7FA17EC8B951}
T{C98CDB95-E22E-4783-8E3C-27C81271153A}
F{6F06B94F-9BA7-401D-8BA5-3862949DD84F}
T{29644DE5-1AA7-46BA-86D6-F03FFA7A62C9}
T{39EF1C1D-F50C-4BBF-8C56-C69EDBDD208E}
T{C2ADC25C-21DD-4BD3-838D-A1309D245951}
T{2082416A-D541-4F3F-B5A4-5E310052BFC7}
T{58C47A89-72F8-4775-96A0-72998E231084}
T{0E0D8B29-1B76-45D8-88EF-7B8C15922016}
T{9199BB53-AC93-4FD9-9B90-E8A52E5C2FE3}
T{4F62006C-E537-4AEF-BD45-6530586F4BDB}
T{E6F66DB6-00DB-43D1-8273-5DEDC33ABC93}
T{BB818B66-9824-4C9C-8227-99851E2C990D}
T{6EE2115F-6C41-4A56-8819-B77708E85DA7}
T{3A4D4709-026B-490D-9A60-77E7DE6DF741}
T{6A9D8F69-85C3-44AE-9689-5060711657D9}
T{3D6D9F66-121E-432D-B777-F4B64B4F4FFE}
T{429EA552-5556-4FFD-B892-1FC0E077897C}
T{CE4AF5BC-0FC5-4F57-9E9D-DBC559F7FABA}
T{CD819E00-BFBE-4FDC-AC57-B4C854703EA7}
T{F4568F73-06FC-45AD-ACC4-EB43ECB58487}
T{A466F91B-2F13-4FF2-887B-FD16362BF89A}
T{2D1FD112-EBE7-4499-A461-70744D24E4D7}
T{9CA63FF4-156D-4808-A447-97556394FD93}
