T{345CFCAB-526F-4AD1-8A16-10CABEE1AFFB}
T{B4C63766-55DD-4FF3-A860-9A6740188489}
T{04453FEC-0677-4F5D-91F1-870A0EBE5E21}
T{687EF416-E927-4EE4-96E2-96960C593CCF}
T{DCEA5090-83FB-402D-8C62-6554C602A8FE}
T{6F06B94F-9BA7-401D-8BA5-3862949DD84F}
T{100647B5-C30F-4EA9-9D58-1D9D5D5ECFBD}
T{1DB21F1B-0227-4F0E-AE91-5A61B56BC743}
T{B98B98DD-488A-40EC-9F8B-9A8AE162D8AA}
T{F1B608F0-C98B-41BD-9CAD-92259DB0455F}
T{F5B7156A-BCB2-4A3D-8CD2-B78CF49D4C4D}
T{20356808-3AF6-42BE-B14B-DBD2D3703292}
T{3BF1517A-C896-482B-B27E-5DA98629FA58}
T{345CFCAB-526F-4AD1-8A16-10CABEE1AFFB}
T{B4C63766-55DD-4FF3-A860-9A6740188489}
T{04453FEC-0677-4F5D-91F1-870A0EBE5E21}
T{687EF416-E927-4EE4-96E2-96960C593CCF}
T{DCEA5090-83FB-402D-8C62-6554C602A8FE}
T{6F06B94F-9BA7-401D-8BA5-3862949DD84F}
T{100647B5-C30F-4EA9-9D58-1D9D5D5ECFBD}
T{1DB21F1B-0227-4F0E-AE91-5A61B56BC743}
T{B98B98DD-488A-40EC-9F8B-9A8AE162D8AA}
T{F1B608F0-C98B-41BD-9CAD-92259DB0455F}
T{F5B7156A-BCB2-4A3D-8CD2-B78CF49D4C4D}
T{20356808-3AF6-42BE-B14B-DBD2D3703292}
T{3BF1517A-C896-482B-B27E-5DA98629FA58}
T{345CFCAB-526F-4AD1-8A16-10CABEE1AFFB}
T{6F06B94F-9BA7-401D-8BA5-3862949DD84F}
T{AF6E33B3-2BF3-49B1-ABB7-71DBD1947C31}
T{AFDF62D2-418E-4D04-9BC1-879FF38E561F}
T{E4F98946-A220-412F-992F-047971C2B570}
T{D38267CD-3D78-42E9-9794-43A88F3A209A}
T{C51AC722-7F1F-40E8-B216-8DC674017B52}
T{1BC34B98-E0BF-42AC-A3FA-62820D56029A}
T{E665CA4B-ADD9-4C08-8347-84375E49A3F6}
T{78BB1F55-9E63-482A-9091-8E28BB382937}
T{0AFF6C59-6500-4582-A2ED-CBD841F7FFEB}
T{C7C90C2F-17DE-4497-A4E0-11251A93FA10}
T{855B9F87-F436-46C2-B53A-BEF1CBD64B96}
T{2DC52603-4845-4E13-AAB6-512552FE35D1}
T{1B49D7F4-ECDB-418F-B1DB-12C60B246243}
T{CCC474F6-7F33-41C8-A25B-A1C8743D95CA}
T{8E81CF7E-9EDC-436A-92E8-FD920C076A57}
F{B814B35E-F0E0-4ADC-A9CD-177C68225AA6}
T{A46B3DD8-6858-4B9A-A505-354AF7D40531}
T{9BB092A1-21D6-4518-9679-07390C14051A}
T{40184CA1-5C98-440E-95F4-D09081592DA3}
T{3C30EF0E-2FBA-4657-96C1-04235477B700}
T{C52C7B12-818E-411C-8615-150540E9EC59}
T{CB38C650-BD63-4331-A3D0-7126A2DC50C0}
T{7A97DF42-FCE9-4922-AE9E-8BFDA8EB28DB}
T{8A80B339-2309-4BB3-AE4F-FEAB852018CB}
T{15E6319F-DFB1-469E-8644-225B1A9D07E7}
T{446BE5BE-5636-4E09-82FE-40B10FF786C7}
T{BE62B7B9-A638-4146-BCB0-E60710EE4D71}
T{06262218-19D7-48B2-9D77-B4B9F6BB78D2}
T{BFA23646-B7F0-4910-9AD8-D871D086CF93}
T{94843CB9-CA17-4EFC-82CA-7720EECF292C}
T{2C100D20-177A-4346-B728-C4A79C221D85}
T{836A110B-190F-41D6-A967-6D579FC19DA8}
T{F944A39D-55CE-472F-9BE3-6EBE4A2FF7C2}
T{7E220165-223A-4C02-BA7F-3568E3D4F91C}
T{8E032372-BA7D-4B92-AB09-06D2C54F1774}
T{A9A25798-0A3D-4AC4-B159-2658EC39993C}
T{5B859A8E-C811-40E7-AF0A-381A40AE3FD4}
T{B1A480BF-8A97-4EDE-8094-C6D79420D6E3}
T{2B2F352E-ED9D-4033-AA3F-E0246D28B38E}
T{890F7FBC-3070-4780-A2BE-EF5FE287D784}
T{6D934D0D-61DA-4730-963D-0912D411BF08}
T{53E75062-10EB-4F72-9DAA-ADFE106B186A}
T{CD1F6DEA-8231-4F0F-BBCD-0FDD4EDECA55}
T{A130BD85-1919-4EAE-8033-ECFA823D9457}
T{A9DF3A92-1858-4AD5-B1B2-94779EEFC88E}
T{A426B62A-925F-45EA-BCE6-E99A9F19B0C8}
T{A3035A77-292B-446D-B9E1-4A928FEC7361}
T{631AE954-E08E-4F69-92A3-F81961E7B60D}
T{AF1BC588-5609-4F9D-A131-F8FD7353A756}
T{1C8C27AF-5D98-429F-8E7E-6475B2156359}
T{368F535D-EA7E-452D-85F4-D94BF908BD0E}
T{AB865AFC-B8FA-4074-A505-F0CADB847C02}
T{3D82CE70-ACF9-4EB9-BCD0-2A87C2469017}
T{2B41796A-9F30-4C90-B50D-2D0C84105AFA}
T{11BDAFBE-AF07-43ED-A453-01CBBC6F0096}
T{5DFBFCEE-E649-49C8-8DC3-72B844FB1E07}
T{DA8D55DE-24B1-48C4-B9C3-9AFD2A41E90A}
T{445670A0-1B15-4BF5-BEF8-F50E242FBB07}
T{043F0571-44E2-4D6E-BB35-D4C78D0D62DD}
T{2BE35168-96DE-4264-A55A-F6A82EB2B399}
T{EB76AB32-9AE1-4414-8103-495E4221CB51}
T{39B9C6E8-F8BA-4C01-B244-66F419E4C51B}
T{21688E5D-0D89-46AA-91E3-24CC61B1B388}
F{141DC251-7ADF-4EA8-AC72-29227C1D8FC2}
T{6E01EE86-957F-499A-BC69-B566D5C119CD}
T{EDE5A0D1-DA93-44C3-AE83-1977B51A9525}
T{E307061F-B7DA-4FB4-AF08-81F593694A04}
F{38FD2DF2-C126-4E2B-82AD-1E83E3707F90}
T{45D33991-F0E0-449E-8551-D867BAF0C9A8}
T{391AB647-7A5C-4779-98B3-0FA81167F1DF}
T{47AB1B5E-B44B-4C7E-9D31-01697BF39035}
T{10B5DD85-BB7D-4294-BAC7-8134DF8E3F8F}
T{9483C023-EE03-4A50-85B9-894EC12ADC57}
T{7F742AF1-A6EE-4DA7-ACDD-D82BA51B30CC}
T{E66DA5BC-984C-4113-A775-F8336F4874CC}
T{3E147514-3C64-49C3-AF18-9AC078C91388}
