T{38FD2DF2-C126-4E2B-82AD-1E83E3707F90}
T{B814B35E-F0E0-4ADC-A9CD-177C68225AA6}
T{141DC251-7ADF-4EA8-AC72-29227C1D8FC2}
T{D69A57B3-5A22-4641-9E91-AC0456EC42AA}
T{2093D67C-92CB-4264-9C95-2E3C7AE07623}
T{A5F81C7C-2558-4539-A5D3-FCA5BA2ADC1C}
T{75F730BE-15BF-494A-A9F2-207116F347E1}
T{EF88A74C-B315-4CB7-A382-03A0DC1F4EA3}
T{666593BA-A812-460F-8236-B5F8981453E7}
T{0B43C3E8-AF13-4B9C-AA56-3423C7C2D1E8}
T{82E87862-18D7-4239-8EEE-0F7DA8BBA5D9}
T{D3FC563D-E04A-4683-BDCA-70DA8F69FE29}
F{379DAEDD-BAA9-4E19-A221-CAD5B1673BD4}
T{8838D8DB-A5F7-41B4-9534-CE14BB8C5E09}
T{85E5B9BA-8A7D-43C3-BB38-7C35234E289D}
T{71E31584-F376-469A-ADA5-7EC1078A1966}
T{E6DC63B9-3E56-4D40-870D-08E1F08CE150}
T{A4B5BEF3-30DA-4C71-8AB7-652F0DA38DBC}
T{8F3CCD97-F6E5-401C-BCAD-750136C55E40}
T{4CA6FEAC-D8C9-47FA-B3EF-C8559EB3E50A}
T{5DD15351-86FE-4AB8-AD7B-738B9E5F6DA1}
T{3297E98A-9E30-4B0F-9B49-EABE5022F084}
T{4289D098-C6DB-4B37-B97A-B1A7228BB187}
T{6F1ADB96-E75F-49DC-8D94-762B2F22107A}
T{9AA9D8C6-D9F5-40B4-BEE4-058BF91B218B}
T{CC79D59A-AB32-41BC-8EE2-8E91A1BED2B3}
T{B2F107CE-4AD5-4993-9C35-C94A5D105EB3}
T{ADD9D777-C094-4880-872A-0007E7ED9B52}
T{7DEA04D7-0614-4041-A732-5DD0BF98403E}
T{76A675E4-F806-477E-8661-307BEC09FF75}
T{F39E6DEC-B39A-4333-9A62-F6C1520209C0}
T{425030E9-9B39-4DE7-B8D4-064373B51BE6}
T{7C885FBE-C27F-465E-B0A8-197C477ECE44}
T{74908E2E-5B6C-4437-A7C2-A1F3F747C3E2}
T{824D5AD9-F1E3-4AC9-8D2F-00A1B72F33AC}
T{2CBC7934-46E5-4656-A783-B08F34D078BC}
F{CCE45B8D-6C06-4A3A-AE4C-8C46D9CAE4DF}
T{3BBD3C72-1947-4355-A327-EBB5D419D44F}
T{647D4AE8-F83D-409C-8163-66B3BA6536E8}
T{141DC251-7ADF-4EA8-AC72-29227C1D8FC2}
T{A23E3434-52A1-4D9D-BFDF-51D18ED3F0A1}
T{DB8EC223-1E8B-4C20-B5E7-D4CA06082324}
T{F16A5660-0395-4B05-9A4B-CE5274A3D045}
T{34EFA854-B11B-40AD-8151-331E169964FC}
T{38FD2DF2-C126-4E2B-82AD-1E83E3707F90}
T{7B285AF5-081F-42F5-965A-C14DE5C597F4}
T{B190BB76-E4DA-46AA-9AE2-379C3793CF5C}
T{FCCFC36E-5BF3-495D-AAA7-F4BC134C4631}
T{FF61A468-8BBF-424C-ACE1-1F641F65EB0B}
