T{6682ED45-0F4C-4E9D-96D2-D31352C3069F}
T{6682ED45-0F4C-4E9D-96D2-D31352C3069F}
T{141DC251-7ADF-4EA8-AC72-29227C1D8FC2}
T{B814B35E-F0E0-4ADC-A9CD-177C68225AA6}
T{CCE45B8D-6C06-4A3A-AE4C-8C46D9CAE4DF}
T{379DAEDD-BAA9-4E19-A221-CAD5B1673BD4}
T{38FD2DF2-C126-4E2B-82AD-1E83E3707F90}
T{6682ED45-0F4C-4E9D-96D2-D31352C3069F}
T{6682ED45-0F4C-4E9D-96D2-D31352C3069F}
T{D96CA859-09A2-4C0E-80BA-950C80B5B90F}
T{C29D6124-5BAA-4C11-916A-5E1169AE52D9}
T{4F745730-2432-4DD1-AD38-68CF24230246}
T{FCA2A5A6-B76F-4934-BD1E-C12D3BF962CD}
T{5B4ACAA8-EE33-4044-93FF-6440F31957D0}
F{E9BD4324-24C2-4DDD-BAF3-90E043CBCBE9}
T{C41A4028-9D85-4E20-8293-5EA1CB024418}
T{FA19B317-579E-4230-928B-8B324CB58467}
T{F5415D20-5608-4C0F-A1E8-5DB10DEF1C3B}
T{04C96E97-849D-438B-96DD-277C36DEDA04}
T{F56B7A1E-68F5-48C3-A37E-C038A2CFDB2F}
T{CCE45B8D-6C06-4A3A-AE4C-8C46D9CAE4DF}
T{8C22EF58-86A6-4954-AB96-CCABDD94BEF8}
T{701A1C4C-3ECA-4702-807E-5A34CD7EB41C}
T{766B3A28-60B5-4E03-9E27-7E53FB628950}
T{9C90C1C3-EA5A-4792-8996-7215F3FF38CE}
T{34243540-94D0-4704-AB37-987D556D4383}
T{0C07B058-E6BC-4DF2-8427-04B565B22573}
T{64B3D907-4A5D-454B-99A3-E3A9F336DFBA}
T{CE74C08C-0B0E-4826-A8F4-E8865E8E884C}
T{9579ED23-4CA1-4FAD-93BE-E581C087AED3}
T{097218A3-1D38-405F-8F67-9129A92ED619}
F{50E384C3-AB4F-4655-8C1C-9AE08A6F2349}
T{469EAFB1-A997-4605-847D-0B647E21FC56}
T{D6DDF437-6919-4B2D-B7C4-0007123649F3}
T{2B71108D-7FA8-4E72-8355-711308208FA2}
T{3F80821F-E56E-46BB-8958-82BF24D9D699}
T{A84D952D-29CA-422D-A5EB-12E7372AB970}
T{4807B21B-92C7-4436-8926-894E98466422}
T{6B2909A5-A472-4117-8C63-1EF07B0A59BC}
T{705AC428-6724-46AE-84D8-2A6FDBAB24BF}
T{BD6668B5-6B03-408A-8B36-967AC7254702}
T{EA486A09-5A0C-409B-94B2-B5D13F1E1BEB}
T{20493B30-3540-4264-99D1-7A159CC4D53F}
F{5E5229EA-6BFD-4895-A134-D30DA9E9DA58}
T{19EFCFF9-A42D-48FE-A781-52FB1A32AD4E}
T{6DA4B4EB-DC27-43C4-95DA-E609DF9DACAF}
T{0E948924-C007-45F5-BCCC-FA050EE90492}
T{379DAEDD-BAA9-4E19-A221-CAD5B1673BD4}
T{1B983C77-E8CB-4195-BEF6-F436EF3D66A1}
T{FBA8408F-4D25-4730-8A62-810A6ECD6DF1}
T{ED1F2523-C833-4528-A0DF-4DD3D1B88A79}
F{F9A05FA7-A766-40E9-A4D6-EC595C1E896C}
T{28CFA8DE-F2A8-4228-8389-9D68530CB348}
T{24EC5FCC-253F-4242-BC60-5092B5F140E1}
T{8E0C19B2-939F-4438-9B5E-B18B66E289F9}
T{A897BFCD-061A-4FF8-AB52-1909F5B4BABD}
T{8FD32B47-A05F-4802-84A4-163A2713FD29}
T{4E0328B5-F9CB-4994-83CE-40200825F6C2}
T{CD9493FA-1504-40F0-A22B-564CF4EC0942}
F{C2B7BCB3-4063-431E-9F24-842FEEEF36C0}
T{1D874E57-AAC6-4D48-9E06-AC3CDCE0B645}
