T{B814B35E-F0E0-4ADC-A9CD-177C68225AA6}
T{379DAEDD-BAA9-4E19-A221-CAD5B1673BD4}
T{5E5229EA-6BFD-4895-A134-D30DA9E9DA58}
F{C2B7BCB3-4063-431E-9F24-842FEEEF36C0}
T{50E384C3-AB4F-4655-8C1C-9AE08A6F2349}
T{F9A05FA7-A766-40E9-A4D6-EC595C1E896C}
T{E9BD4324-24C2-4DDD-BAF3-90E043CBCBE9}
T{CCE45B8D-6C06-4A3A-AE4C-8C46D9CAE4DF}
T{9EC3F796-FF3A-48C2-BE12-06FBD13E5360}
T{E9BD4324-24C2-4DDD-BAF3-90E043CBCBE9}
T{208EF543-FF3A-45DD-A083-B6870E09EEE2}
T{5E5229EA-6BFD-4895-A134-D30DA9E9DA58}
T{2539842A-282D-413B-9DFF-841723C1CBB6}
T{B7D309AF-1D07-4D20-A527-473D8526F913}
T{F9A05FA7-A766-40E9-A4D6-EC595C1E896C}
T{C8C116BD-D23A-487C-8273-9BEB06FD50C7}
T{52A07AB4-C36C-41C7-AE44-DEBBF76E194E}
T{585A8C3A-6E76-456E-ABCC-8803C25457FB}
F{F5C91D2C-9E83-48D7-B231-D77BD1069B32}
T{8F4227BF-7C37-4DBD-A137-95AF3733A6EB}
T{23B776F4-22F2-4940-ADC2-BDD2977D23EF}
T{D94A1454-258A-417E-BED9-FC55405F30B1}
T{8CB5B7A9-E81A-4B68-A3F1-AE48AC9DC04A}
T{6225D9B5-3677-4DE3-AB09-B0FA55212EA5}
T{79EA1828-A24E-4754-9DBF-BBF493C6182C}
T{3A80726B-C684-4CEC-897B-27F778C5067E}
T{50E384C3-AB4F-4655-8C1C-9AE08A6F2349}
F{2083E6B1-B8A2-4C73-B8CA-2982FBB93F03}
T{86303F3C-EF97-4290-B89B-35CE7368A8DD}
T{5A1FB08B-A17B-4700-9B6C-AC50396C2188}
T{004C7071-B6AD-4DA5-A322-1B52A664D2C4}
T{5D5CC1B2-BAFD-45F2-9BF5-AC2A584B53BC}
T{AFBD35C3-CF1C-4390-A875-3A88F1D2DD13}
T{D1FD1180-2784-4A61-99E5-0866BFE236C0}
F{5F4BE2AB-AFFA-42D6-9230-6A7D6650045A}
F{75E78B00-3C0E-4173-903A-16E9B6745A42}
T{0A8D8C8D-38DA-43BC-981B-BD11455ADC59}
T{681F136F-1B72-4283-B9DE-C103303514AB}
T{052D5BDA-8FAE-4A3E-BEB5-68E7AB70B6C4}
T{6E71B93E-B6BF-4A51-BA09-237280C53A1D}
T{C2B7BCB3-4063-431E-9F24-842FEEEF36C0}
T{9B8BD2D2-998F-4BA0-91F8-7654C0B0DB3E}
T{9B738F81-E62B-4A7C-910A-C815DB012A10}
T{CEE63E51-F0D8-4792-B449-A351A7C860BD}
T{3AD5458D-CCB9-4BBA-89FC-2C7E17572F6D}
T{56FBDB65-3EA3-458A-B2B4-A1818101A3B2}
T{9070DA29-E341-4C2C-B648-02BBC62BE586}
F{148D5B64-91B5-4A3D-8E8D-8EFD11F3343E}
T{D205E382-B8CB-4D5F-A606-4237A02FB31B}
T{5B493D9C-406C-4EF2-892F-1F8DC4735C91}
T{FC982A77-05E9-4D45-9A58-5B815A77D14E}
T{2E13BBAA-1D51-4777-98EB-ED653C8B741A}
F{E55DCED3-C788-491D-B65A-4A8B039618DD}
T{72F3A24D-3D0F-4C3A-BF21-15141F791F42}
T{7FC3E754-7B59-4D2C-8FA2-7FAF4E7FEB45}
F{EA227937-0C66-4503-8CDB-5B5D127C3480}
T{6E692D19-6B9F-4D0C-9A75-2E3B6AF194B4}
F{996DDEA1-CF44-47E1-860E-FB1C870E4AEA}
T{9FB73372-F2A8-40D1-853A-BF19A12D9DA7}
T{841229BB-3250-411F-8B3E-401943C8EBDC}
F{7F55B4C9-5250-46EC-99DD-978DE58976C4}
F{5D88FD30-9585-4FD2-BC2A-FD3538A231AE}
T{988E076B-EB49-474B-9845-1C6A2BBBDAD4}
T{9B55E62F-830F-4C1D-B7D5-ADBBF2514263}
T{72F1DEE9-D8D0-482C-ABCB-20CCFE6648A6}
T{A3D44775-CB8D-4083-9234-9235C0AD7986}
T{3C805FB4-2D7D-48E8-B21A-F56F621A9F63}
T{9A18E1CB-E4AB-47F3-A43C-7C4EBDF44F8D}
T{06752F75-A38A-4963-BADE-81FE95BE62A8}
T{2F313F82-C1FB-4F09-881B-58C93BA1DC77}
T{23C1600C-5248-4CC4-AF04-B376FA685371}
T{7845E061-0E09-4A43-9F41-B864FD91CDE3}
T{ABCC0EE4-A2D6-4C04-B2C2-639E4DADE320}
T{1A19F6CC-CA96-415D-B9A0-5F749E82982F}
T{E48628C3-6DF3-4FAB-875D-AB9C2121FA58}
T{3CE40F78-5A9A-47EE-B848-F4384BBF999A}
T{29DA2BEF-A46E-4735-9BB6-65FF00BF4E5A}
T{9C266262-A5A5-4391-B08B-3D1BDCA66181}
T{24F05396-DA82-4FC9-AB1D-8302C7298591}
T{FD2962F7-6701-40CF-817A-229FE5E4987D}
T{2D728798-C6AA-4FBF-A24F-13D0E99CBC96}
T{4E6FACE5-C5D0-4D11-AE20-6C0B210FBED8}
T{6E380164-437A-4095-A28C-856759F057CE}
