T{DD673773-8617-402E-AAE6-EFA2BEB79FB3}
T{DD673773-8617-402E-AAE6-EFA2BEB79FB3}
T{C2B7BCB3-4063-431E-9F24-842FEEEF36C0}
T{EA227937-0C66-4503-8CDB-5B5D127C3480}
T{F9A05FA7-A766-40E9-A4D6-EC595C1E896C}
T{5F4BE2AB-AFFA-42D6-9230-6A7D6650045A}
T{E9BD4324-24C2-4DDD-BAF3-90E043CBCBE9}
T{75E78B00-3C0E-4173-903A-16E9B6745A42}
T{5D88FD30-9585-4FD2-BC2A-FD3538A231AE}
T{2083E6B1-B8A2-4C73-B8CA-2982FBB93F03}
T{DD673773-8617-402E-AAE6-EFA2BEB79FB3}
T{148D5B64-91B5-4A3D-8E8D-8EFD11F3343E}
T{5E5229EA-6BFD-4895-A134-D30DA9E9DA58}
T{7F55B4C9-5250-46EC-99DD-978DE58976C4}
T{F5C91D2C-9E83-48D7-B231-D77BD1069B32}
T{50E384C3-AB4F-4655-8C1C-9AE08A6F2349}
T{996DDEA1-CF44-47E1-860E-FB1C870E4AEA}
T{E55DCED3-C788-491D-B65A-4A8B039618DD}
T{DD673773-8617-402E-AAE6-EFA2BEB79FB3}
T{2083E6B1-B8A2-4C73-B8CA-2982FBB93F03}
T{F5C91D2C-9E83-48D7-B231-D77BD1069B32}
T{EA227937-0C66-4503-8CDB-5B5D127C3480}
T{E55DCED3-C788-491D-B65A-4A8B039618DD}
T{148D5B64-91B5-4A3D-8E8D-8EFD11F3343E}
T{7F55B4C9-5250-46EC-99DD-978DE58976C4}
T{5F4BE2AB-AFFA-42D6-9230-6A7D6650045A}
F{75E78B00-3C0E-4173-903A-16E9B6745A42}
T{5D88FD30-9585-4FD2-BC2A-FD3538A231AE}
T{996DDEA1-CF44-47E1-860E-FB1C870E4AEA}
T{2553C02A-DD0F-43AC-97C0-A2C779B9E9EB}
F{512E9D5E-3E4B-4B84-A669-82750A2B2849}
T{BEA69714-37AF-4C8E-A775-9FFC29C3B9C9}
T{A70963E1-1C80-4D72-856E-255480C7FBAE}
T{EB885DD4-4477-4AAD-8841-D9085B80444A}
T{1277A861-D2C1-44C9-A8D0-8E40E9F2F56F}
T{6A66BA2D-166E-4F2D-A0E2-71EAAB9A8E16}
T{39F4BB7A-30D9-4725-BE4A-7188235408E0}
T{96813552-899B-4146-B2BF-75B1ED42FFA5}
T{EC711E0E-AF0C-47E3-AF53-219F40DDF0F6}
T{AB0A034C-06E1-481C-8EFA-1B2558A7E7A5}
T{48753C2D-04D3-487E-8DF8-0764E7155388}
T{BCFB6A6D-30BE-42B1-B7F5-B2467A0AD2C0}
T{1DCA087F-3789-4337-8E23-D5C2E95B29F9}
T{7E1D9297-EC9C-43C4-B6DA-EEBFCC3A0CB8}
T{9E561FE6-E2C3-455C-8E64-E70D13CBAC1F}
T{60BEBCE0-4EA4-4A9E-A9FC-D97B1C43157F}
T{A174224A-0272-4B2D-8522-EDCC844636EF}
T{08315B9D-3578-4264-A716-119A7001D072}
T{CB34B221-B0BE-4C4E-93F3-C7A5CB80657E}
T{7C19287B-9B9E-46DB-879D-5B12DA3E9BC6}
T{EDECD63A-0831-44B9-96FB-26304FB21DEE}
T{ABE9C3A1-4087-4EBD-9874-3453A778D9D8}
T{602A3E27-CA8B-4FE6-8090-63E5990704AB}
T{5C68E02A-F1F5-4729-89A6-31A76E5483E6}
T{014608FF-723F-4BFF-9D2E-A6CC0330914F}
T{EBF82749-6D26-4D9C-A62C-455F5B84E97B}
T{BCCE826E-9389-4A88-9A1B-18EBD578DFBD}
T{46255DCA-B4FF-4E01-A865-4F1BD8CAEF3E}
T{EF7C3373-9DEB-4B5A-9CFB-E41A84539019}
T{680A7BFD-1828-48FE-9927-59B16FA41EE8}
T{CFDF9F89-7E7A-4C49-A5A0-BCF13A3C8A81}
T{B134417C-8635-4ADC-9A35-6A9DCC3AE5E8}
T{3452B8E6-3628-4E1D-971D-68D085B1A96C}
T{CD0164DF-3529-426C-98B6-23FD0BA49B7C}
T{E12B04A8-8331-470B-BE2C-72173801807F}
T{8406EA89-D0D7-4FDD-B98E-42E2CDFBBE6C}
T{A26A6720-30ED-4838-A38F-CCCDC8F49F95}
T{1E45920D-4F25-4909-946D-4B10E2286CEA}
T{226CCCCA-8AD7-472E-ABA0-F8802588A6E1}
T{0E6F62F6-8492-4D1A-B356-0AE374E7BBFD}
T{B1BCA6F5-5FE4-4CB0-8963-03856DFB1609}
T{DACCA13A-4E0E-42F9-9583-B830B27BA8D1}
T{359C88B9-2DC5-42B7-AEB6-601BCC2C966A}
T{BBCE57F9-D6E7-482E-ABD4-5F2902A87264}
T{B79BB037-EF54-48E3-A84B-D6916E1B22C8}
T{0B334FDF-080E-434B-ABD9-2044F8A13A60}
T{C54D1BD3-4ADE-454B-A549-D5071ABD8CC5}
T{2FEE0EBB-2734-4170-9574-FBB3B193DFCD}
T{F3FD5354-E860-4B3B-A820-1A26C51C5A85}
T{EC209553-C3AA-4C2B-B02C-BE5012777ED8}
T{314A028B-E94F-4D3B-A307-78785283CB9B}
T{066EF427-6D28-493C-AD30-FDA56785508A}
T{D5812C66-1417-4425-B9A1-00D8FD156FB1}
T{BBE094EE-F04F-4FE4-81C4-814DF6BD534F}
T{6C4CA106-3C74-4719-B505-A2AC5327DC90}
T{8764FC54-06F9-4FF4-930D-738A1063660D}
T{43BF6CA0-11C3-4B38-B8E4-4C7A7914687D}
T{5CD60952-E6AF-4EFB-8F62-AA8CA807F4A3}
T{CD5E41D4-78E9-435C-A100-1A4480FC3149}
T{57012CFA-85E6-4510-942E-18AC78B7F380}
T{409D950E-4929-49D8-8FE2-21C8652169F1}
T{B546C97E-32B3-4E52-AD7C-FF9459017DB2}
T{C15AA5DC-C847-4AC5-9336-166D943BD4CD}
T{9B17EA33-A0DD-4388-8AC4-1C36340942C1}
T{8EBE82B4-0D6C-48F9-BB95-C0D10DAE6CBB}
T{DFFD7F1A-A7A0-49DD-991E-88B43772427F}
T{10597677-CC79-49A7-80A9-B75D91CA10FB}
T{5B26C68F-0C4A-4DB9-8FA2-DDFCE8BE7605}
T{90AF76F3-86A5-418E-9A94-576E7CF001CA}
T{0911F4BB-D36E-4400-ADE6-BFFAD4726082}
T{A18539CD-81A5-4A6B-83CB-7B71D1CAA9EA}
T{EEDB52E8-E369-40BE-94CB-212662AA78C7}
T{AEDF1ADF-4B49-4F94-8829-E32608071E7D}
T{8B13949D-22F5-4413-9FBE-096E650EF586}
