T{E55DCED3-C788-491D-B65A-4A8B039618DD}
T{EA227937-0C66-4503-8CDB-5B5D127C3480}
T{C2B7BCB3-4063-431E-9F24-842FEEEF36C0}
F{75E78B00-3C0E-4173-903A-16E9B6745A42}
T{7F55B4C9-5250-46EC-99DD-978DE58976C4}
T{148D5B64-91B5-4A3D-8E8D-8EFD11F3343E}
T{5F4BE2AB-AFFA-42D6-9230-6A7D6650045A}
T{2083E6B1-B8A2-4C73-B8CA-2982FBB93F03}
T{512E9D5E-3E4B-4B84-A669-82750A2B2849}
T{5D88FD30-9585-4FD2-BC2A-FD3538A231AE}
T{996DDEA1-CF44-47E1-860E-FB1C870E4AEA}
T{F5C91D2C-9E83-48D7-B231-D77BD1069B32}
T{512E9D5E-3E4B-4B84-A669-82750A2B2849}
T{4C99BD40-75A4-4133-B683-853109D0166B}
T{2A3162F1-EF4F-468A-84EC-27585ABA38A5}
T{A1BAB742-B866-45CC-943B-FF47BA7EA7B1}
T{159B7151-2470-480A-AFB0-7D2FD6738912}
T{3B72C1E4-1783-437E-A97D-D268BBB588A3}
T{8B58617F-5169-4850-B282-66DF47728B1E}
T{3D9189CA-5C92-4E87-8B21-8ADB68B79169}
F{2B4C8FAC-670E-4D97-88A5-6F2D814FA99B}
T{40775C07-AA6E-457D-A678-C38200B70501}
T{A92DAB31-DB33-444F-81E2-770A4B16C5C6}
T{D3559951-8F5F-4990-A544-6499BAF8D4D4}
T{FA33265E-821A-464E-AF0E-ABED9F4681F0}
T{CBF0834B-DADD-4752-B18A-7CFE6FDBD1CC}
T{5F6501ED-D7B8-41D6-ADA1-F950AFEB36C9}
F{C8D2FFEA-6423-4C7B-9BE3-F59D0DF4C4D7}
T{90346A06-6248-4991-917C-0A10096EDC09}
T{97B462E9-8DF9-4F7C-A712-561FC9A6E207}
T{6AB930CD-69AD-408C-840B-46CDADA8ED36}
T{04BD32AA-CE28-4E21-BB0D-F193ABE965CF}
T{5CBAF826-5F65-4AAE-A1A3-4F9A809148E6}
T{4213493A-303C-4F76-8BD9-FDEA9D612E68}
T{BB4D5E46-CC77-4320-87A2-418935A98F8A}
T{1268D3AF-1C92-4228-B831-BDE536D5C810}
T{8A08DB61-5F79-4684-8B5D-DF63848B6FAC}
T{3995A144-CD41-489B-925B-554FBCA24F79}
