T{B81D42AD-47D6-492F-AC69-6BD70A596348}
F{448CF801-9327-4502-BAF6-D63238B2ED14}
T{CC615306-08E9-47F2-AF8D-114F45FF7BFC}
F{B3F0DDB3-6262-4FB2-BEF9-97E301B3DF73}
T{DEA3B46E-3552-4ECA-920A-F64CF8AEF04A}
F{5ECAA01D-DA12-40F8-8870-C878F77B47E7}
T{B81D42AD-47D6-492F-AC69-6BD70A596348}
T{448CF801-9327-4502-BAF6-D63238B2ED14}
T{CC615306-08E9-47F2-AF8D-114F45FF7BFC}
T{B3F0DDB3-6262-4FB2-BEF9-97E301B3DF73}
T{DEA3B46E-3552-4ECA-920A-F64CF8AEF04A}
T{5ECAA01D-DA12-40F8-8870-C878F77B47E7}
F{2B4C8FAC-670E-4D97-88A5-6F2D814FA99B}
T{DEA3B46E-3552-4ECA-920A-F64CF8AEF04A}
T{448CF801-9327-4502-BAF6-D63238B2ED14}
T{512E9D5E-3E4B-4B84-A669-82750A2B2849}
T{B3F0DDB3-6262-4FB2-BEF9-97E301B3DF73}
T{CC615306-08E9-47F2-AF8D-114F45FF7BFC}
F{75E78B00-3C0E-4173-903A-16E9B6745A42}
T{C8D2FFEA-6423-4C7B-9BE3-F59D0DF4C4D7}
T{B81D42AD-47D6-492F-AC69-6BD70A596348}
T{5ECAA01D-DA12-40F8-8870-C878F77B47E7}
T{B3F0DDB3-6262-4FB2-BEF9-97E301B3DF73}
T{DEA3B46E-3552-4ECA-920A-F64CF8AEF04A}
T{CC615306-08E9-47F2-AF8D-114F45FF7BFC}
T{B81D42AD-47D6-492F-AC69-6BD70A596348}
T{448CF801-9327-4502-BAF6-D63238B2ED14}
T{5ECAA01D-DA12-40F8-8870-C878F77B47E7}
T{3EFE8DC0-9BCB-471E-97B3-AE7A44EC1E23}
T{6D221B99-B64A-495A-AC7A-295129C8081B}
T{3ECF54E1-A504-4E97-85A4-C4A802902C46}
T{CD515358-ED0F-4586-9E29-CBE346D3D939}
T{C05EDC77-1508-4D01-B387-6EED91762F8E}
T{2250D61A-3038-4234-93ED-FEFAA341DEF3}
T{57FA9F0F-B680-4F4C-A230-069E6DC07D75}
T{EE03C3AB-D39E-45F0-B97C-5EE16214DFDA}
T{4D501A5D-2118-4AD8-B3A9-3853F80319FF}
T{B60185E9-97A9-4BFA-A737-15A880C6ABB3}
T{DC1064D7-4446-400B-AACA-A3B061224428}
T{0F268921-A547-4024-A811-2752A6134AF8}
T{40728559-D664-4A0F-B927-67CADB2ACC6D}
T{9109AF85-3BDE-4164-91CB-03DC484A25E6}
T{D6C00713-B5BB-4C37-933E-E54F0C5BDD3C}
T{D143A7C5-AE74-4B8F-A41E-7CDB1637F073}
T{FA741A2E-2826-4939-8DD2-5FEF172891B5}
T{1D8F914C-A91F-4CCE-A381-14D6245156E3}
T{7E52610F-4996-4AA1-8EA4-7D5154CB765F}
T{A5CE7C6D-7337-4ECF-AE87-F73A94CE3777}
T{F97F0F8F-E9C5-4638-AEBE-BB9034C72DE0}
T{CF3FF04B-2C70-4019-8522-7C346CAFA3D3}
T{F94FD8AF-A129-46BD-A9D1-BE9D3B86DE0B}
T{C7DE7C34-2AA9-4A2A-9B4F-4B596DA52FFF}
T{61728B0E-BE25-452D-AB7E-6283E2759D8F}
T{87594233-A404-456A-AC00-FFC03798C390}
T{C7BC2994-CD38-4283-A8F8-8ACB9DC971D9}
T{5F9287B2-618A-48E3-BE1F-D0687A319D08}
T{44A6B443-F408-4F17-8C56-EC753D4C5156}
T{143AEBB4-5C47-4F82-8181-9D1EE9122B36}
T{A6B78540-BDEA-4540-8A4A-3FFE6F43184F}
T{83E5F65E-10C5-4CDC-928F-2029981827D8}
T{47B2932F-398F-4A14-8187-09A398E37D83}
T{A39FC5E9-39A3-4DAA-A5AF-BCA65A2BB10B}
T{803BCCF8-3ACE-4B8D-B75A-E7CA8648F62B}
T{2A416243-1CDB-461D-8B51-1C5BBB416411}
T{3BA4D28B-11E7-4A29-9C52-A5EDA66BEBFB}
T{F9C7A102-5B04-4CA7-8D70-43162F90B389}
T{10F6C512-7666-48D7-A59C-1D0D2FE66F52}
T{390B60D0-51D2-4E7F-BCEF-5B875E2C37CE}
T{698F453B-82FA-4933-B560-E06AEB18F812}
T{65769C95-FD13-43CB-A50E-1EBC034FA35E}
T{644E846B-8A1B-4EC6-B59F-804DA9B3480C}
T{C0A202AF-9C93-44A2-B0B4-93BE4B8668F1}
T{96C912B3-E4F7-4B23-960B-531EAF86A6B0}
T{C785901A-48BB-4840-A9CE-8C07B33805E9}
T{4FE5BE1E-A08D-4D7A-86DC-23EB8360C9E9}
T{270E3FA0-3807-45FB-BCD0-A0AB6CFBB5FE}
T{C8D2FFEA-6423-4C7B-9BE3-F59D0DF4C4D7}
T{0D0CAEAE-8746-43C7-A7D1-1A6981CDEE8A}
T{2B4C8FAC-670E-4D97-88A5-6F2D814FA99B}
T{17AA2624-B395-4464-8C01-8739073B91EF}
T{0A978680-CC9B-47DC-8CB3-E1ED0D8AAB68}
T{C29B06AD-D8B4-4DA8-B37F-86D56BBD1AE5}
T{CCAD5B38-42B9-4764-9CB9-F26579F93A0E}
T{4052831E-70E6-482F-8C82-1D5E04255D26}
T{CCC2F21D-BA95-49C2-B4B9-687E97E4527F}
T{F0F23777-969B-4577-8DF2-11C75007BCEF}
T{56798934-20E9-4010-9956-647CBCCEC5FD}
T{5F1808D9-19F3-497C-BFDB-54ABBD9D0B0C}
T{5480AB33-033A-49D5-9EEC-1B44F7BA8BB0}
T{144506D0-B1AF-49E4-9D0A-08C8882003F8}
T{27AF2C1E-EE92-4A6C-B509-00707FC3C5B2}
T{FF829026-8398-4AAD-B6B0-B1271575343F}
T{981FD6CB-2D56-4721-8F82-DD2AE818BD0E}
T{84E5013D-B7A8-45BC-A21B-3D47C78BC3FF}
T{F59DC453-D32A-4088-8B9F-DB3447E079A8}
T{AE875909-D863-467C-B1BA-CD047971E860}
T{619D176F-9CDD-4494-8C66-5EDB4F936AF1}
T{9588DE11-7633-44D5-B6DA-5B1FBE56BE65}
T{8A220B91-F895-4C2A-9A6D-2F62E933FEE8}
T{FDE26AA0-E44E-4376-A94E-581BDCC4D321}
T{8D742FE6-A483-4716-B601-812D45599169}
T{F4963C65-5BEF-4374-8FBE-5C7473A5F7CD}
T{FCED36FE-20C3-4539-9B47-59BFD371DFCA}
F{1BD3ADA1-5E36-453A-994D-796686327EA0}
T{3F8F56AF-3D9F-4B51-853D-3B4839232199}
T{54A8B126-7484-4CDA-9496-09F042CBBEB6}
T{DFA938A7-7454-45E7-9095-EF9FA581B464}
T{543EA4B5-50D7-437E-B35E-A6842F65E129}
T{3D8F8615-DB8A-4B22-8ED2-D5C7AB875962}
T{30FA4F11-2873-4BB2-8883-BD13428EB997}
T{BC43E808-2523-479C-8136-A34B971A1720}
T{F7BD5B6E-DBF4-49FD-8CAE-77C8B41CBE73}
T{8419E2A1-F1F3-432D-9703-C9C968944D15}
T{E5D4DC95-1DA3-4B73-BC41-6DE38746C2E3}
T{C145130F-4DD4-443B-8BF4-0C7F751C5A1D}
T{7B18DCA7-51ED-4DF1-95A5-174EE602C67B}
T{1B48EB3C-DC5C-4F0B-85C3-EA6AD903F8A7}
T{8C7CD5B0-E2E6-4A37-9897-19341B620137}
T{D92910D1-4AA7-4CA4-898D-1FCFF351BF52}
T{9606601D-4D35-4493-A9CE-1C60E7CFFD06}
T{E1876B80-17E6-4900-B186-04495B2850E4}
T{607F0180-2EC2-4690-8B25-234A28EF6DF6}
T{764D94B9-FD12-4290-AA53-55034C55F3B3}
T{A1728D1B-44EB-4D51-BAE4-5C53E3546CF7}
F{F6E7BEF9-20FB-41BF-95A3-A91BE3113E01}
T{64A5B9B8-9319-4BB7-9090-AB15DBD340FA}
T{C39329BE-0A8D-4655-B78F-479A48616C15}
T{FC5B8B1E-AED1-4E63-88A5-09F9746EFE97}
T{D8A94B8C-529B-40BF-B9BF-02207E2EF1E6}
