T{BCFB53CF-B5EA-4E7F-B56C-89F7CF95FB91}
T{983D5BD4-D66F-40CB-909E-986B5205FA7E}
T{DA9D9855-F8AC-410D-A6E9-757A2935E33F}
T{1047446B-A282-435A-81C0-648FA7D230B8}
T{AFB5062A-03F6-4AD2-90CA-92A2FE0EA132}
T{23BBD414-FBD9-44A5-88FC-F8680AD53326}
T{B4E29699-5C16-4E01-A781-05F98A1C5454}
T{652A80B2-7DE0-42C4-8F79-BC7F8B247932}
T{FB80CAFE-BE0F-40D2-A334-A8E297DA00AA}
T{D0B2A902-310A-4020-98DF-5EC99E60F85C}
T{BCFB53CF-B5EA-4E7F-B56C-89F7CF95FB91}
T{983D5BD4-D66F-40CB-909E-986B5205FA7E}
T{DA9D9855-F8AC-410D-A6E9-757A2935E33F}
T{1047446B-A282-435A-81C0-648FA7D230B8}
T{AFB5062A-03F6-4AD2-90CA-92A2FE0EA132}
T{23BBD414-FBD9-44A5-88FC-F8680AD53326}
T{B4E29699-5C16-4E01-A781-05F98A1C5454}
T{652A80B2-7DE0-42C4-8F79-BC7F8B247932}
T{FB80CAFE-BE0F-40D2-A334-A8E297DA00AA}
T{D0B2A902-310A-4020-98DF-5EC99E60F85C}
T{FFF2092C-0E42-4001-AF88-E4CF1458C802}
T{175A6744-294E-4218-AD6D-0070BE221656}
T{393AB75C-3C7C-4A50-925B-57A3544CB036}
T{66228B07-E73C-4B4F-B445-59A210A69B8E}
T{3B9FF2A3-731F-4E22-BC5E-88A0F6EEA57F}
T{25F5B983-AA34-462B-B5C6-635C193650EB}
T{1BAA66C8-A7EE-4579-8EF1-0A82B2AF1F1B}
T{647A5274-8FDD-4710-A7E1-D1E25B7F5C4A}
T{DD15FA9A-9246-440D-A8EB-41371B006C15}
T{6B8C1C3F-620D-4BC7-B03D-1C98AB95A4BA}
T{D3179FFB-D512-4DAC-AE47-BD40AE1AF04B}
T{CC615306-08E9-47F2-AF8D-114F45FF7BFC}
T{D88355BE-A07E-42E7-AC78-61685EE62CD8}
T{52EF7172-66E4-4646-AAC4-9740B724941F}
F{61B127C2-E6D4-4F2E-ACAA-0A4280C78D38}
T{2BB48988-BA87-4893-B5A4-8349A8DABE22}
T{D5C5B883-4F66-45CB-9CF1-489ED4780912}
T{CDF694EC-CDDE-45E0-B0AD-66D486A1AC45}
T{2F9BE4A7-BCD3-4786-BD17-5E47AD542306}
T{D1C73E99-7639-4DF5-B7A8-923280F8B1A2}
T{FFF2092C-0E42-4001-AF88-E4CF1458C802}
T{175A6744-294E-4218-AD6D-0070BE221656}
T{393AB75C-3C7C-4A50-925B-57A3544CB036}
T{66228B07-E73C-4B4F-B445-59A210A69B8E}
T{3B9FF2A3-731F-4E22-BC5E-88A0F6EEA57F}
T{25F5B983-AA34-462B-B5C6-635C193650EB}
T{1BAA66C8-A7EE-4579-8EF1-0A82B2AF1F1B}
T{647A5274-8FDD-4710-A7E1-D1E25B7F5C4A}
T{DD15FA9A-9246-440D-A8EB-41371B006C15}
T{6B8C1C3F-620D-4BC7-B03D-1C98AB95A4BA}
T{D3179FFB-D512-4DAC-AE47-BD40AE1AF04B}
T{CC615306-08E9-47F2-AF8D-114F45FF7BFC}
T{D88355BE-A07E-42E7-AC78-61685EE62CD8}
T{52EF7172-66E4-4646-AAC4-9740B724941F}
T{61B127C2-E6D4-4F2E-ACAA-0A4280C78D38}
T{2BB48988-BA87-4893-B5A4-8349A8DABE22}
T{D5C5B883-4F66-45CB-9CF1-489ED4780912}
T{CDF694EC-CDDE-45E0-B0AD-66D486A1AC45}
T{2F9BE4A7-BCD3-4786-BD17-5E47AD542306}
T{D1C73E99-7639-4DF5-B7A8-923280F8B1A2}
T{F6E7BEF9-20FB-41BF-95A3-A91BE3113E01}
T{D3179FFB-D512-4DAC-AE47-BD40AE1AF04B}
T{DD15FA9A-9246-440D-A8EB-41371B006C15}
T{6B8C1C3F-620D-4BC7-B03D-1C98AB95A4BA}
T{652A80B2-7DE0-42C4-8F79-BC7F8B247932}
T{61B127C2-E6D4-4F2E-ACAA-0A4280C78D38}
T{C8D2FFEA-6423-4C7B-9BE3-F59D0DF4C4D7}
T{1047446B-A282-435A-81C0-648FA7D230B8}
T{BCFB53CF-B5EA-4E7F-B56C-89F7CF95FB91}
T{983D5BD4-D66F-40CB-909E-986B5205FA7E}
T{DA9D9855-F8AC-410D-A6E9-757A2935E33F}
T{25F5B983-AA34-462B-B5C6-635C193650EB}
T{23BBD414-FBD9-44A5-88FC-F8680AD53326}
T{75E78B00-3C0E-4173-903A-16E9B6745A42}
T{3B9FF2A3-731F-4E22-BC5E-88A0F6EEA57F}
T{647A5274-8FDD-4710-A7E1-D1E25B7F5C4A}
T{52EF7172-66E4-4646-AAC4-9740B724941F}
T{D0B2A902-310A-4020-98DF-5EC99E60F85C}
T{2F9BE4A7-BCD3-4786-BD17-5E47AD542306}
T{2B4C8FAC-670E-4D97-88A5-6F2D814FA99B}
F{1BD3ADA1-5E36-453A-994D-796686327EA0}
T{175A6744-294E-4218-AD6D-0070BE221656}
T{D5C5B883-4F66-45CB-9CF1-489ED4780912}
T{393AB75C-3C7C-4A50-925B-57A3544CB036}
T{D1C73E99-7639-4DF5-B7A8-923280F8B1A2}
T{FB80CAFE-BE0F-40D2-A334-A8E297DA00AA}
T{CC615306-08E9-47F2-AF8D-114F45FF7BFC}
T{AFB5062A-03F6-4AD2-90CA-92A2FE0EA132}
T{FFF2092C-0E42-4001-AF88-E4CF1458C802}
T{CDF694EC-CDDE-45E0-B0AD-66D486A1AC45}
T{2BB48988-BA87-4893-B5A4-8349A8DABE22}
T{66228B07-E73C-4B4F-B445-59A210A69B8E}
T{1BAA66C8-A7EE-4579-8EF1-0A82B2AF1F1B}
T{D88355BE-A07E-42E7-AC78-61685EE62CD8}
T{B4E29699-5C16-4E01-A781-05F98A1C5454}
T{25F5B983-AA34-462B-B5C6-635C193650EB}
T{D0B2A902-310A-4020-98DF-5EC99E60F85C}
T{2BB48988-BA87-4893-B5A4-8349A8DABE22}
T{DA9D9855-F8AC-410D-A6E9-757A2935E33F}
T{CC615306-08E9-47F2-AF8D-114F45FF7BFC}
T{175A6744-294E-4218-AD6D-0070BE221656}
T{D5C5B883-4F66-45CB-9CF1-489ED4780912}
T{D88355BE-A07E-42E7-AC78-61685EE62CD8}
T{FB80CAFE-BE0F-40D2-A334-A8E297DA00AA}
T{CDF694EC-CDDE-45E0-B0AD-66D486A1AC45}
T{D1C73E99-7639-4DF5-B7A8-923280F8B1A2}
T{647A5274-8FDD-4710-A7E1-D1E25B7F5C4A}
T{AFB5062A-03F6-4AD2-90CA-92A2FE0EA132}
T{1047446B-A282-435A-81C0-648FA7D230B8}
T{393AB75C-3C7C-4A50-925B-57A3544CB036}
T{983D5BD4-D66F-40CB-909E-986B5205FA7E}
T{61B127C2-E6D4-4F2E-ACAA-0A4280C78D38}
T{3B9FF2A3-731F-4E22-BC5E-88A0F6EEA57F}
T{FFF2092C-0E42-4001-AF88-E4CF1458C802}
T{52EF7172-66E4-4646-AAC4-9740B724941F}
T{1BAA66C8-A7EE-4579-8EF1-0A82B2AF1F1B}
T{66228B07-E73C-4B4F-B445-59A210A69B8E}
T{2F9BE4A7-BCD3-4786-BD17-5E47AD542306}
T{23BBD414-FBD9-44A5-88FC-F8680AD53326}
T{BCFB53CF-B5EA-4E7F-B56C-89F7CF95FB91}
T{D3179FFB-D512-4DAC-AE47-BD40AE1AF04B}
T{6B8C1C3F-620D-4BC7-B03D-1C98AB95A4BA}
T{DD15FA9A-9246-440D-A8EB-41371B006C15}
T{B4E29699-5C16-4E01-A781-05F98A1C5454}
T{652A80B2-7DE0-42C4-8F79-BC7F8B247932}
T{FB642FC9-F3F4-49A2-8E31-CBD71FF892AA}
T{6B777872-C695-419E-9897-6B44550C7930}
T{1FFAE0B1-F603-41F4-BB59-20872D97D38D}
T{1BD3ADA1-5E36-453A-994D-796686327EA0}
T{41E1963A-CB36-437E-ACEF-9BAB89E083F4}
T{D052B490-771B-405E-A4D1-33B03B8EA1A9}
T{E4142379-21D3-4A65-A3CB-E85C16C56FBB}
T{4FAEB6CB-C2BC-4F75-96DA-4159ADA64B0D}
T{A29CBF6D-1B67-4AAD-8846-E7C1896C4EF9}
T{7BD36F09-0649-45A8-BC68-B04CCA2E55C8}
T{BE400CDE-543A-4DAB-95B7-0A5E4FE9677F}
F{44BC0F9F-5515-4806-8E93-D8E9C02A7C2B}
F{A24F6FDC-6E2E-4D0B-9038-A9EE6EA59182}
T{57B885E2-1E66-4730-A026-A6AE42F0B934}
T{753D3B79-3FDF-494C-AEEB-746349310E92}
T{0D6E3FD5-4167-4603-B09F-DBBFE1B7E010}
T{547202C8-FADB-408E-8901-E16D1AE00FB5}
T{7D088F6F-FC58-4C86-956C-1647934FAE37}
T{99776289-8D12-4CAF-BAAA-8B2B190EFC6F}
T{55D35167-A131-43C6-8016-57F73465CA63}
T{50F4AD06-D3DD-4A9F-9A25-84CE92A30F31}
T{72E0B668-03C5-4754-A70C-41ACC452BD29}
T{61CEAF1B-8C9A-4B08-B640-084505BD90CD}
T{FACFB418-4869-44B0-8192-82EAE2A5D331}
T{33B37AD8-298E-494B-9F93-B001A9A759CB}
T{F6E7BEF9-20FB-41BF-95A3-A91BE3113E01}
T{EE133B41-99B8-40D8-A41F-0B7B31F4C564}
T{2812FFEE-7044-498C-AD09-8C16E22420F2}
T{BC1416E8-6078-4AEB-901C-334A33DED754}
T{5818CECD-BB68-4F6C-BD7D-1731BA644822}
T{07405620-30E9-4D3C-9FDF-DF6E2F6FC0D3}
T{C6C50BE8-FBAB-4161-BE4A-7C5C683F80B3}
T{E3683CFC-8679-411E-8A72-D2E9E206F152}
T{D64934D1-5DE1-482E-B94E-078E14B99E60}
F{55E7622E-7C01-427F-BA8F-6A63DF11FA69}
F{34D0C32E-F688-43D1-AC1F-030FA28BE427}
T{9E0F7D24-06A4-4C67-9F54-5CCBBCD1B09C}
T{BADFB1A2-48A1-4AE2-BE3C-BB20E4290E5D}
T{A6551D13-6C14-41A6-97B5-FD1249C01309}
T{9D5F5AAB-4DA4-4CA6-B7C4-C929B7F79CC0}
T{D74CF0C9-65B3-49C6-8A6C-F8B549418668}
T{8AE3686B-D10E-49A1-A60D-1B2D4159C0A2}
T{D2DFAB85-44ED-4FD6-BC74-FB42EB6D034B}
