T{44BC0F9F-5515-4806-8E93-D8E9C02A7C2B}
T{34D0C32E-F688-43D1-AC1F-030FA28BE427}
T{EB8FFB4E-4B06-4556-A2C5-75DD02B234FB}
T{526A78E2-99AF-4097-BF30-D22898788006}
T{5F8270CD-8576-4ED7-B275-EE5B5804702D}
T{55E7622E-7C01-427F-BA8F-6A63DF11FA69}
T{75E78B00-3C0E-4173-903A-16E9B6745A42}
T{1BD3ADA1-5E36-453A-994D-796686327EA0}
T{A24F6FDC-6E2E-4D0B-9038-A9EE6EA59182}
T{ED0EEB55-504A-4775-A761-9ACD625B25DD}
T{2A6322B3-D8A4-4973-8E7A-326E9ABFC402}
T{EAFE616B-AC21-43F5-B3A1-73A01E850991}
T{94EC81F9-9417-475D-BB1A-2E0049C3CA67}
T{3D768777-04D2-4069-8D86-270DB36802D4}
T{EB8FFB4E-4B06-4556-A2C5-75DD02B234FB}
F{69614AD6-96EB-41F7-BAAF-F12344D203B4}
T{5CF946A3-252C-48CA-811F-3467206FED58}
T{A511F5B9-4346-4198-AAE6-6A15E30A3506}
T{14536690-E77D-47C5-9F6A-66C4613AA106}
T{6EB09528-F7C3-45E8-BA82-2850E7C7E921}
T{5F8270CD-8576-4ED7-B275-EE5B5804702D}
T{34FF5872-1138-4B11-ADFF-DA4F4DCFF5E4}
T{2277814F-67C9-4063-9069-FBEC6662F5F8}
T{079C0D5B-FA33-4507-B20D-C9AD7F1F259B}
T{526A78E2-99AF-4097-BF30-D22898788006}
T{9F14EEC5-57F0-4AAD-AE64-27F3A1ACB99C}
T{ED0EEB55-504A-4775-A761-9ACD625B25DD}
T{05AD6744-9F3D-441E-B0A3-1E99F82CA06B}
T{718F3991-6162-4204-9DE8-DE994D0FF085}
T{C584307D-7A84-4C9E-AB3B-BAB8F939CD2E}
T{BFE33EAA-AE59-47C4-BE1F-EA226D574482}
T{D7731662-E2AB-45C6-84CE-BC2CD13D6EC9}
T{80639649-975A-4F5B-99E0-D788FF9CAAB9}
T{2AD1BCA1-C47B-45DE-92EC-77AC928CE59B}
T{774C6FB6-478B-4A2A-8865-43E3D2A4BD9D}
T{B320B9FD-5005-41DD-B598-D995A1EFF7DC}
T{7906E9CC-8260-457C-AAAF-28B10B36E829}
T{8FA0B28D-3E9B-4BFC-966A-62E079BBEB57}
T{D0232679-163F-4D05-9D62-1543671D023D}
T{357DF8C5-768D-4536-8D4B-C8155847D8BD}
T{78C2C810-6A57-4113-84AC-7162CE7C78C7}
T{302F5F4D-C7AA-450D-A4B8-83E7DF1B7308}
T{ADA20514-9359-4D10-A846-7AA1332532A0}
T{EFB9408B-3505-4066-A35F-2D89B8134852}
T{4B579F16-6627-4F34-A2F7-A0E250E99922}
T{832BAA07-33B7-49FE-B9EE-12C8137E98C3}
T{3174CA43-7FFB-4C21-88B7-7F3FEDD624A4}
T{73DE18A2-2CD4-415C-898E-7B31224A0421}
T{75AF23F8-35A5-4BA1-A7CE-F11A57D0495E}
T{37D6580A-53B1-4CD9-B408-2921F8C4DFD1}
T{15A8508B-C76E-4D3C-926D-E060041F0AA7}
T{E83A4F42-DAF4-44F7-9286-3AC80C599F9E}
T{B9D9B368-68A1-4934-98FB-6AAB4004495E}
T{4DAD8F44-F724-4A36-83D7-B97D269506DC}
T{A1A87849-5ED8-4B5A-BBFE-BE2C96AF6F1A}
T{24FBB49C-4521-4C54-BE2C-3B700BB32138}
T{75411625-E98E-4603-9876-89E23DC23A76}
T{ADF60294-B7E4-4D6D-BFA8-40F3047A8985}
T{73F3BA05-466B-42B7-A720-E8F059407953}
T{DEFC19B2-B7D2-4B38-8FDD-28ECF911109A}
T{FDDB2FB1-6752-4D38-802D-7AFAD16D0028}
T{36A8DD9B-5A4C-473C-8583-6EC3AD34AC1E}
T{4DD2EEF8-D75A-4594-A70C-9E8493C74E30}
T{F752147C-9108-49D9-B91E-124FF84ED01D}
T{8FA22A33-3B54-48DF-85DF-7083815DAA04}
T{6ABBA800-8AAF-4683-85E7-26E76892A532}
T{75957CF1-FF6B-4473-AFB4-075F3AF577D8}
F{2884F070-7286-481F-8A2D-9DA8CA0F0211}
F{F730A61A-EE95-47FF-8654-A8368F46F9C0}
T{B3DBC7A6-65D1-45CA-BBB0-0E02C7DD21CA}
T{F22DB2C1-903E-45A6-8CAA-EB427E42F4C2}
T{231DFB82-452E-4E66-81FE-7531F3F276BE}
T{227641A7-B726-42D4-A5A6-05F51738FF66}
T{396C5F77-34A5-48C8-87A4-6C315CDFF810}
T{B35D7BED-98CA-4176-9A99-AB3DB17FE5C9}
T{66EBD375-D645-41CA-A810-DB3F4442511E}
T{BA71F25B-7EBE-4E3E-920B-04E581D6D545}
T{C60A6FAA-70CC-4472-864E-CC01091C2B52}
T{AA43E9A3-5DC5-43B0-B5B3-5E7D8070F97B}
T{FE9A8AA0-52A3-44D9-8510-FF6F28E87CAE}
T{A6E14042-AE7F-4DE4-B4E0-F500C8D2753C}
T{9F475BE3-E0D9-4E3C-96C4-42AB66B8A6FE}
T{ABFBA485-F8E1-402F-AD7D-4FC029C7467F}
T{F0A47DB6-E579-4555-9155-C9BCE9740092}
T{02E7984E-1CE2-412A-B2BF-BF7B7B9447EF}
T{E29AA1B9-F855-4725-B0AC-CCFA22E99263}
T{AC7ED345-CA3F-4549-BDC1-0360C6C9CCC2}
T{F354E64B-1A43-4F01-96AD-267DC6026664}
T{78AA6D67-D984-48FB-9B94-5DA7E3948779}
T{FD335DBF-22E5-45EA-A60A-83EEB81DAD99}
T{125107B5-C4E4-44F4-981B-290AFE44EB58}
T{2078046F-55C7-4CA9-9EA3-76035E6036AB}
F{E0C229D3-617C-483F-9E6D-44B33D64F293}
T{769C1553-6A23-4FB3-AE22-99B0CE0C68A7}
T{7D2A1FCD-82E2-42CA-9640-C1AD75DE6433}
T{83E9C037-BD5C-492D-828E-B2139031FE25}
F{DCEE2F52-DEC3-4643-A6EC-17DBE40B4600}
T{C2612C32-617E-4155-8E78-9E427C1C0416}
T{0CA9D74F-6767-4368-8C30-8FB559EFD52E}
T{65F3CDC5-CA75-4C5B-A1F0-1262463BA448}
T{A86B0AFA-7795-4469-BE21-257AB81DD398}
T{E9B41F7B-36B3-4858-A82E-174C69144503}
F{CAA3922F-64DC-448C-A1E1-C31A4620FE0D}
T{137200CF-1F7D-4011-9118-98362D61C40D}
T{8F3D4CF0-2F8D-421E-B774-10F6057A63CE}
T{C04C3967-D24B-4D5F-BEB4-05458517A158}
T{F3D5BDF3-9C80-4768-8771-893C8C9779C8}
T{F365477F-B654-4B01-9255-5B99ADA6719E}
T{A3A73661-2865-4125-88F8-35651F9ED062}
T{C4E7BA37-3712-4486-ABFF-31F868422C68}
T{570628E1-BA0C-4A00-80AF-A671452167FD}
T{3AD854ED-00C2-4E75-85FB-7237691B1BAE}
F{AEDAED6B-E837-48A1-8978-6A6B3F4B2007}
T{8F572C7A-9F22-47F0-B6BC-4060D74D03E8}
T{6DF39F1D-1A5F-4D6F-90B0-304A72D32814}
T{06005BD2-936A-4C93-9400-C6D7C9912046}
T{76863661-7D37-43D7-96DB-7F3F8964D9AA}
T{79AE343B-EED8-4C5D-BAE0-35B523238D32}
T{6A6A0DA0-A5EC-416A-884A-D32B4393C8CB}
F{FC0E52F1-8B6B-41CA-8863-681E32FF1B7A}
T{1FEEF7E8-32B3-4103-983B-504993234079}
T{CA4F8D88-3C63-421B-92A5-71BFBE7DFE4D}
T{B427FA9E-C0C0-4D1C-912C-DCCB2617D8AB}
T{E7D90FBD-F590-4019-A1F3-939416501847}
T{A416085B-334B-45FB-8499-44815B6344BC}
T{6E0667B8-3AF3-4E4F-843F-ECD5D24E7B87}
T{21B8C2D9-CD53-4C19-9485-483195AB2553}
T{3C3F7017-3235-43DC-B1C4-FCB0BE8CC27C}
F{A901A3C8-C8AF-4DF3-8681-A56C5D4FF21E}
T{8416E950-D55B-4E91-9B3C-F19A6296FBE0}
T{B129A94A-0F81-42EE-BAAD-104A406747A1}
T{010AC0EA-72CD-4F88-8631-101F7D8E4A9B}
T{7B8BE9B6-C7C1-47BC-B560-670CBA8CBB1A}
T{85B8A9EA-963E-471A-8956-84E4544F178F}
T{DD5CA821-526D-46C5-AFD0-EFD6F4694C44}
T{740FC138-7242-4135-90C9-D0C01BD5D223}
T{996E484A-F709-4C9C-99CF-47A9C92D6F60}
T{E7A9D085-02B5-410F-A30B-2C13883D7F8B}
T{D30B8B5E-32E9-4D29-9924-802B4A302CAC}
T{28C203D3-E69B-4F28-BFF7-D14DEFC2FC6B}
T{85DD06AE-B961-4093-BDF8-0D360979FFD6}
T{219C1C1F-F5BE-4E5B-BF5B-49FA79236BAE}
T{1F5AED1B-E666-4890-84D2-F86D8AE2C5FE}
T{EF326F21-A064-4946-A932-F34B6CFFC24E}
T{4EFE76AD-1685-4B8B-AE5A-01559EF7165E}
T{EED9659C-588E-45FA-9C05-7C2B24F5FD6A}
T{1ABD4B84-D957-4ECB-98D4-DD9F27FC4A2A}
T{2674BBB7-720F-4E4C-A20A-741D0B35FBA0}
T{BF05F60D-8EE7-4594-B545-6AD1CDBB47FA}
T{8906EDBC-3482-4A8B-89F1-681709ACF29D}
T{18C9FE66-FBE7-4708-AC1D-A602DD4D4FF8}
T{D7748EF0-203D-4783-B54F-BC52B59D6451}
T{009AE52B-66AC-41D9-891D-6177392489F6}
T{08D30916-08AB-410D-A34D-F9861A5B4434}
T{B554A170-FD1C-4B3A-88DE-9290BB0D9A8D}
T{62A75A62-29E9-43CA-95EE-D09436ED4BD9}
T{712BCDE0-4C1B-4096-87D8-48F6551CCA8F}
T{0C829417-D371-41CA-80EC-38C5C1103276}
T{05BD18D6-9A2B-428B-9AF2-AF657708556A}
T{79C6CA7A-ADAC-4F9F-A4C8-79B31757B27C}
T{DB38E16A-A19A-4A16-B049-41447D757C33}
T{E5BD1BDB-8494-46A6-8799-95CAB1651DC4}
T{F69995DA-1598-4878-B678-0CA95FC5C99B}
T{1DD29212-3F91-44FA-A7F2-AFBFD0AF8300}
T{99E94B1E-A1B5-40A8-A206-405654084EA7}
T{35AC881A-B13C-4267-B7DA-BC79D7A8B7C9}
T{F18D1C36-04EF-4959-A541-95C7DA77F148}
