T{F2CDE5F2-1DED-464A-B7BF-07FBB034376E}
F{27E3866D-87FC-44FF-B529-3F1F0A76165B}
T{A93B29FF-4F86-49AE-92AD-A8C7ABE281C5}
F{42916481-7F3A-4CBD-9615-0F18BD3C6E4A}
T{A33652AA-7DCC-4EA4-B63F-9C9E5107405C}
T{E15F94DF-E2BB-4F1C-A46B-2B3B28BE3762}
T{2B119B32-4997-41F5-BDED-303F7B3C4DBF}
F{145F9A2C-5EAC-438B-A403-40897133BD90}
T{AD9FBB4F-BD54-42CE-A4AA-0A4B5453576D}
T{F2CDE5F2-1DED-464A-B7BF-07FBB034376E}
T{27E3866D-87FC-44FF-B529-3F1F0A76165B}
T{A93B29FF-4F86-49AE-92AD-A8C7ABE281C5}
T{42916481-7F3A-4CBD-9615-0F18BD3C6E4A}
T{A33652AA-7DCC-4EA4-B63F-9C9E5107405C}
T{E15F94DF-E2BB-4F1C-A46B-2B3B28BE3762}
T{2B119B32-4997-41F5-BDED-303F7B3C4DBF}
T{145F9A2C-5EAC-438B-A403-40897133BD90}
T{AD9FBB4F-BD54-42CE-A4AA-0A4B5453576D}
T{472F24BE-D1A2-4177-A622-E9F666FD189F}
T{0A862C46-2C10-4FD6-A669-245945B8D1B4}
T{02263FDA-F3BB-4EBC-AC7C-E367BDC2EF14}
T{12C77F9E-F0D6-4AAB-8520-E85905939D6D}
T{0AECBDB8-3E2A-4F55-9E96-69CEB66294FF}
T{300D40F2-5EA8-4243-8C1C-2F754335EA3E}
T{D12D42F2-A1A8-43CA-A4C1-8E02F797AA05}
T{FB35FD9F-CBF1-4812-9AE1-A7A2A471A63D}
T{61BFD9AC-308F-4304-894C-E9853BDE4B8D}
F{D885E905-4EDE-4F32-8787-86083F388A64}
T{55E8EB27-215D-4A1D-A24C-C7C2034C06EA}
T{937C5EFE-CB32-45FC-9F4D-E481D330BAA6}
T{205CFFDE-87BB-48EA-9658-70FEFB967390}
T{526538E9-E0DA-4648-82E6-8FB89B5D19A3}
T{BCBA0FAD-9F98-4E10-A737-1E918640FC29}
T{D3D8A550-A3A6-443A-B3AF-2201587E295E}
F{46B61F41-E05E-4F8B-AA1B-8F1E9ED82411}
T{EC3CB3F2-2FB1-494D-9B8B-4D4F54920DE6}
T{D956DEAD-8561-4806-AFB3-FE11980D156C}
T{369D0B2D-3412-41EA-8A0D-818F2793E657}
T{472F24BE-D1A2-4177-A622-E9F666FD189F}
T{0A862C46-2C10-4FD6-A669-245945B8D1B4}
T{02263FDA-F3BB-4EBC-AC7C-E367BDC2EF14}
T{12C77F9E-F0D6-4AAB-8520-E85905939D6D}
T{0AECBDB8-3E2A-4F55-9E96-69CEB66294FF}
T{300D40F2-5EA8-4243-8C1C-2F754335EA3E}
T{D12D42F2-A1A8-43CA-A4C1-8E02F797AA05}
T{FB35FD9F-CBF1-4812-9AE1-A7A2A471A63D}
T{61BFD9AC-308F-4304-894C-E9853BDE4B8D}
T{D885E905-4EDE-4F32-8787-86083F388A64}
T{55E8EB27-215D-4A1D-A24C-C7C2034C06EA}
T{937C5EFE-CB32-45FC-9F4D-E481D330BAA6}
T{205CFFDE-87BB-48EA-9658-70FEFB967390}
T{526538E9-E0DA-4648-82E6-8FB89B5D19A3}
T{BCBA0FAD-9F98-4E10-A737-1E918640FC29}
T{D3D8A550-A3A6-443A-B3AF-2201587E295E}
T{46B61F41-E05E-4F8B-AA1B-8F1E9ED82411}
T{EC3CB3F2-2FB1-494D-9B8B-4D4F54920DE6}
T{D956DEAD-8561-4806-AFB3-FE11980D156C}
T{369D0B2D-3412-41EA-8A0D-818F2793E657}
T{46B61F41-E05E-4F8B-AA1B-8F1E9ED82411}
T{55E7622E-7C01-427F-BA8F-6A63DF11FA69}
T{E15F94DF-E2BB-4F1C-A46B-2B3B28BE3762}
T{369D0B2D-3412-41EA-8A0D-818F2793E657}
T{F6E7BEF9-20FB-41BF-95A3-A91BE3113E01}
T{2B119B32-4997-41F5-BDED-303F7B3C4DBF}
T{1BD3ADA1-5E36-453A-994D-796686327EA0}
T{61BFD9AC-308F-4304-894C-E9853BDE4B8D}
T{937C5EFE-CB32-45FC-9F4D-E481D330BAA6}
T{0A862C46-2C10-4FD6-A669-245945B8D1B4}
T{145F9A2C-5EAC-438B-A403-40897133BD90}
T{FB35FD9F-CBF1-4812-9AE1-A7A2A471A63D}
T{D12D42F2-A1A8-43CA-A4C1-8E02F797AA05}
T{D3D8A550-A3A6-443A-B3AF-2201587E295E}
T{12C77F9E-F0D6-4AAB-8520-E85905939D6D}
T{BCBA0FAD-9F98-4E10-A737-1E918640FC29}
T{0AECBDB8-3E2A-4F55-9E96-69CEB66294FF}
T{55E8EB27-215D-4A1D-A24C-C7C2034C06EA}
T{2B4C8FAC-670E-4D97-88A5-6F2D814FA99B}
T{02263FDA-F3BB-4EBC-AC7C-E367BDC2EF14}
F{75E78B00-3C0E-4173-903A-16E9B6745A42}
T{F2CDE5F2-1DED-464A-B7BF-07FBB034376E}
T{A33652AA-7DCC-4EA4-B63F-9C9E5107405C}
T{A24F6FDC-6E2E-4D0B-9038-A9EE6EA59182}
T{205CFFDE-87BB-48EA-9658-70FEFB967390}
T{27E3866D-87FC-44FF-B529-3F1F0A76165B}
T{526538E9-E0DA-4648-82E6-8FB89B5D19A3}
T{44BC0F9F-5515-4806-8E93-D8E9C02A7C2B}
T{42916481-7F3A-4CBD-9615-0F18BD3C6E4A}
T{D956DEAD-8561-4806-AFB3-FE11980D156C}
T{D885E905-4EDE-4F32-8787-86083F388A64}
T{EC3CB3F2-2FB1-494D-9B8B-4D4F54920DE6}
T{34D0C32E-F688-43D1-AC1F-030FA28BE427}
T{472F24BE-D1A2-4177-A622-E9F666FD189F}
T{AD9FBB4F-BD54-42CE-A4AA-0A4B5453576D}
T{A93B29FF-4F86-49AE-92AD-A8C7ABE281C5}
T{300D40F2-5EA8-4243-8C1C-2F754335EA3E}
T{D3D8A550-A3A6-443A-B3AF-2201587E295E}
T{0AECBDB8-3E2A-4F55-9E96-69CEB66294FF}
T{FB35FD9F-CBF1-4812-9AE1-A7A2A471A63D}
T{300D40F2-5EA8-4243-8C1C-2F754335EA3E}
T{0A862C46-2C10-4FD6-A669-245945B8D1B4}
T{369D0B2D-3412-41EA-8A0D-818F2793E657}
T{D885E905-4EDE-4F32-8787-86083F388A64}
T{27E3866D-87FC-44FF-B529-3F1F0A76165B}
T{E15F94DF-E2BB-4F1C-A46B-2B3B28BE3762}
T{AD9FBB4F-BD54-42CE-A4AA-0A4B5453576D}
T{A93B29FF-4F86-49AE-92AD-A8C7ABE281C5}
T{472F24BE-D1A2-4177-A622-E9F666FD189F}
T{46B61F41-E05E-4F8B-AA1B-8F1E9ED82411}
T{A33652AA-7DCC-4EA4-B63F-9C9E5107405C}
T{12C77F9E-F0D6-4AAB-8520-E85905939D6D}
T{2B119B32-4997-41F5-BDED-303F7B3C4DBF}
T{42916481-7F3A-4CBD-9615-0F18BD3C6E4A}
T{937C5EFE-CB32-45FC-9F4D-E481D330BAA6}
T{205CFFDE-87BB-48EA-9658-70FEFB967390}
T{145F9A2C-5EAC-438B-A403-40897133BD90}
T{526538E9-E0DA-4648-82E6-8FB89B5D19A3}
T{BCBA0FAD-9F98-4E10-A737-1E918640FC29}
T{EC3CB3F2-2FB1-494D-9B8B-4D4F54920DE6}
T{61BFD9AC-308F-4304-894C-E9853BDE4B8D}
T{D12D42F2-A1A8-43CA-A4C1-8E02F797AA05}
T{55E8EB27-215D-4A1D-A24C-C7C2034C06EA}
T{02263FDA-F3BB-4EBC-AC7C-E367BDC2EF14}
T{D956DEAD-8561-4806-AFB3-FE11980D156C}
T{F2CDE5F2-1DED-464A-B7BF-07FBB034376E}
T{34D0C32E-F688-43D1-AC1F-030FA28BE427}
T{55E7622E-7C01-427F-BA8F-6A63DF11FA69}
T{44BC0F9F-5515-4806-8E93-D8E9C02A7C2B}
T{A24F6FDC-6E2E-4D0B-9038-A9EE6EA59182}
T{6776A5BA-62DA-49FE-B688-8B472C2A38A6}
F{526A78E2-99AF-4097-BF30-D22898788006}
F{EB8FFB4E-4B06-4556-A2C5-75DD02B234FB}
T{1DC04129-1422-477D-9B8C-14DC324138DC}
T{D7023B66-30A7-4E29-A4A9-DF37FA49B87D}
T{45A59142-6461-4DBB-9B57-CC721252BB5E}
T{8F3ECC82-9224-4710-A37C-F67AAAF05736}
T{5C10304F-B278-4D08-B63A-88CF2D441B8E}
T{7DE68009-0959-405B-B248-405FC105EB99}
T{96B63042-449B-4EB7-BDFA-8A528F0E564C}
T{521DF5E3-D313-48FF-9E35-FB65FE3B9460}
T{AC929737-C595-48E9-BCC1-CCDB8853C2EB}
T{B1A3CA16-5105-4A96-8DA3-2444C2BB07F9}
T{FE611A3E-6D31-4CC8-8EEC-489CB89AEF46}
T{6B8EEBE2-E961-4CB4-8562-BAE72BC690B0}
T{A1D86CF7-9CB7-44D5-98BC-D636BFAFF4A2}
T{7F64B0FE-A02C-49D0-AF3C-CDF1C37784BA}
F{ED0EEB55-504A-4775-A761-9ACD625B25DD}
T{F53E8E8E-6F93-416C-957E-A8B7E0E0DCEF}
T{CD041609-7B71-49AF-9B39-CA3DB41F561C}
T{B0088C4C-38A9-44E7-95E0-0614D6554627}
T{B6CC6F96-032C-488F-918E-45BC54E3708C}
T{0409B1D6-A140-471E-94A9-56716C39E13E}
T{D11675F9-823B-423A-B20B-64C765AF5978}
T{29CE46FE-678C-41FE-9EF1-393DB71A37A6}
T{A6B130DD-3E22-4A14-8CB5-7B5F75D6773C}
T{8F5EAD8C-EDC9-4F1D-9B79-2EE36E88D84E}
T{9EBEE3C4-E24F-409D-9DF3-B30056BCD9F1}
T{DF3090F8-9976-4468-81F9-A7A797A11DB1}
T{BB9B12D7-3726-432B-890C-2A0FE4562D63}
T{374D4401-2963-48AD-907A-C6CA7FDF422E}
T{9BD2BE32-BE96-47DE-B8ED-123676D6C5E6}
T{603C8859-BA50-4476-8CD5-2D60910B54A1}
T{25C2C3A3-8D9B-40A3-8F3D-25AB4F9031E9}
T{CE1AABEE-5F6D-421E-92AE-AB5BF3A3DEEB}
T{93B6E0CA-5239-4B89-B21D-7F0D6C663794}
T{98FBEC48-7F18-4769-B98D-8624F05E94DE}
T{80D7EEBE-6858-4F68-89C4-D817C1143239}
T{746D83F7-88A9-40A0-B6E5-79C6C7AAD02C}
T{3B4BF644-9A70-4C27-8B8A-76216299E482}
T{5CE4651D-F4C5-4230-989F-0F7657F4692D}
T{7A65463B-9560-4686-82D4-51AB53A6D08A}
T{85EC6A1E-4FFB-4A81-BB90-099D2C5D55E1}
T{CF08C63C-8482-4BED-8033-220A67FED3A9}
T{8299BD04-2599-4EFA-9A44-D8A448C1B5DC}
T{AB20BE13-4202-43D3-A03A-8023C20457A9}
T{D8801653-B01A-4616-93EB-579AFBC82518}
T{7014383E-8E2F-4276-A944-28D17816C2A5}
T{11D46078-8C7E-4B68-8748-3A1CF68B6A74}
F{5F8270CD-8576-4ED7-B275-EE5B5804702D}
T{9942F1E8-1444-47A1-8380-256BFE852914}
T{3D82DD18-4ADB-4D59-A944-DE979A731583}
T{05C05204-BFA4-4137-A114-F8AB969FCE0F}
T{8BD304FC-6AFF-4DC7-BA33-C1318D831F5F}
T{BAD837C2-3315-4C2B-B774-D97450B1756C}
T{3A52DABB-E0DE-4E27-8405-F83940FEB230}
T{AA2CBCE2-92E4-4712-95D8-A42FF57F6F0B}
T{6B42FDAB-39DE-4CC8-AC47-F1804C31E1EB}
T{ECC56722-6EE6-4FF8-9279-F00161D62F98}
T{38D34500-D9B4-4FE5-87DF-55C419EA1D84}
T{604D11B3-F9BD-447A-A1A4-F4B641F824B9}
