T{FC0E52F1-8B6B-41CA-8863-681E32FF1B7A}
T{CAA3922F-64DC-448C-A1E1-C31A4620FE0D}
T{A901A3C8-C8AF-4DF3-8681-A56C5D4FF21E}
T{AEDAED6B-E837-48A1-8978-6A6B3F4B2007}
T{ED0EEB55-504A-4775-A761-9ACD625B25DD}
T{DCEE2F52-DEC3-4643-A6EC-17DBE40B4600}
T{F730A61A-EE95-47FF-8654-A8368F46F9C0}
T{E0C229D3-617C-483F-9E6D-44B33D64F293}
T{5F8270CD-8576-4ED7-B275-EE5B5804702D}
T{526A78E2-99AF-4097-BF30-D22898788006}
T{EB8FFB4E-4B06-4556-A2C5-75DD02B234FB}
T{75E78B00-3C0E-4173-903A-16E9B6745A42}
T{69614AD6-96EB-41F7-BAAF-F12344D203B4}
T{2884F070-7286-481F-8A2D-9DA8CA0F0211}
T{69614AD6-96EB-41F7-BAAF-F12344D203B4}
T{DCEE2F52-DEC3-4643-A6EC-17DBE40B4600}
T{CAA3922F-64DC-448C-A1E1-C31A4620FE0D}
T{2884F070-7286-481F-8A2D-9DA8CA0F0211}
T{F730A61A-EE95-47FF-8654-A8368F46F9C0}
T{E0C229D3-617C-483F-9E6D-44B33D64F293}
T{AEDAED6B-E837-48A1-8978-6A6B3F4B2007}
T{5EC4EB0A-8C5A-475B-A8EB-B68AFAF82D8C}
T{7D547629-F4C6-4A73-BE07-7438790F4E25}
T{75477B4F-E668-4579-9CB4-EEB49D45DEDD}
T{9D27DA16-90F9-435A-BA72-A2753930D5B8}
T{BDE67FD6-C995-428F-BFDC-7F15DBC4F5F6}
T{03A017A2-48D0-4C64-827F-4A1FED904179}
T{8B6E2846-24C6-4FFA-99A6-6D4803E42B7B}
T{09C11ED3-CD69-4934-82CE-8E91518D25FF}
T{8AC275BF-5C1F-45B9-A97B-ECB9C62828FF}
T{A8226A84-C1D7-4DCB-8819-FC5481D30309}
T{4460589A-EBB5-4ADA-BBCD-99DCE6E55FA6}
T{8814D978-0940-49F7-A01C-DBA1926D68D2}
T{39265855-C108-4CB7-9775-07483B32A23B}
T{73A06CE7-A755-4ED0-983C-4BA220D5AA40}
T{B4383D07-45DF-4FEC-AF01-F0464AC8C092}
T{02EC8791-E6B7-4C86-853B-EC3A3CA83366}
T{CB0FA766-14B7-472F-8E83-1BFDA4C9DB9E}
T{D544EFFE-1F13-4675-BA5A-D68BCE755E03}
T{AFC431B0-03E4-4336-A555-DFF17A5C3140}
T{82E03863-7363-423A-8698-65D3B4E99A7D}
T{6F7854E5-D113-4E09-B1E7-8C422C081B31}
T{DE46CA11-BE59-4DA4-9A1B-2689B5179775}
T{1D8FCE0C-A184-4F7C-93E2-912083F0DD68}
T{6DA193BC-B14D-4A65-9E5B-6039AA75D53D}
T{4B50C4F3-0976-4505-A65B-2BBB11C76646}
T{8CA19A41-820B-458C-AAF2-4539FD5138E5}
T{64DE416A-B183-461E-B9FD-3D3991A3A49C}
T{271E11AE-7BC1-4282-A4B7-A76E5F5BAC59}
T{C0C02655-7D48-4DC5-9FA8-02FE2B08AC4A}
T{D2395E31-D55C-435E-8800-1EA6D63A397E}
T{DB9E806E-6E9E-450C-A5E5-D11317F104DE}
T{A901A3C8-C8AF-4DF3-8681-A56C5D4FF21E}
T{62CBF11B-1821-4908-AB54-925A4292A81C}
T{CBF89639-A609-48CF-8101-51D24B595C06}
T{EB237684-FF25-4E45-8752-242E2985F4D4}
T{8DCC968E-9D0C-4F58-BB2E-BFF32A49CB82}
F{456AB242-35DF-4D1E-8316-3337D97BF2E7}
T{FC0E52F1-8B6B-41CA-8863-681E32FF1B7A}
F{488599B6-4DE2-42BC-8F2E-4B018A6AE172}
T{5FA3B17D-4088-4897-8624-0386C713ABD7}
T{E392A171-B854-4EA8-BA26-CE4E42EA2EA9}
T{6EE66AC9-52F4-4B68-BBEA-A13FDAEB8D90}
F{FADF0084-0994-4FD1-A5A9-0DA31F02F7D8}
T{A5B9D9FD-1DB6-4AF0-892F-E47469F34A86}
T{EBF2EBA6-50EC-4995-BA9F-60BA6CFF3643}
F{121B8B9C-BC9B-416C-8D61-20A6C6A56D76}
F{D552B0E0-0FBB-4B82-AE91-066537A56F1E}
T{B86FEB54-D96A-45A2-8396-9F4256FDE76A}
T{933839D1-F2A8-4388-8996-5F13B08BA6D0}
T{7B3F0545-5E23-4E91-9CD2-5FCB6AA4F4AF}
T{E6C1E860-C65F-4B07-96D5-8EEF2A9853DC}
T{436C3071-3CD9-46C5-8CA5-EA4F274955AE}
T{FB700B38-4F92-4AEB-A2D4-2BCD0A927305}
T{F2660D58-C242-475E-9F19-2E731A51F8AA}
T{6D0B97F8-3010-41E6-9345-9621F889700D}
T{6D2591DF-68EA-4F8A-8FDD-AF608D29854C}
T{D2E355BE-09F3-4329-8BE2-BDA7F35A2362}
T{935175F2-450F-4274-9CB2-654AF5782407}
T{0F43D660-5D72-4A6B-B9AD-6F2BF30839B7}
T{C8CAE03D-1A39-4AAC-A6E9-B8F0EAE8FC68}
T{B336AEDF-9E41-465A-9A3B-FE02216B9060}
T{35A209EE-E61D-478D-9BA7-C236BE8270CC}
T{ACCA2DA2-40DD-4729-A812-1E38E3E0E48A}
T{7F16EE94-C346-408B-9F5B-574A494B60A6}
T{FEA473DD-B917-4425-8775-C57D06896C70}
T{5078CE4C-DC24-4139-962A-91E28A620A4D}
T{F41B0051-14B1-4C4C-863D-BB941597DFEE}
T{1C6B3D8F-59C1-4A6F-949A-2B735F78380B}
T{43F16C4A-0B22-4DD6-B651-E0819EB75651}
T{86A03D86-BA5C-4CF1-91ED-F7F27430D51B}
T{3637651A-F56B-43E1-A06D-52B19080DC56}
T{19AF4E57-3E50-4AB8-B829-15427ACCE505}
T{B38A7816-32BA-487D-9AC0-82154B3BEC30}
T{CA7EFC4E-5331-4271-B6E6-A30C150810B3}
T{9C9FE710-5C8D-4AFB-896F-184027C1D8C0}
T{1E6813FA-16E6-40EF-BFAD-B6E2AAA020C3}
T{283B4577-BA5B-46D9-9C23-78189C429A25}
T{95DDAD73-42D7-4B01-9529-EA4DDA4F04C1}
T{85189182-D1CC-450B-9F71-73C0F3205833}
T{918CD0D5-4572-471C-8F77-E96D2957DA13}
T{DF437893-D310-47C2-AFF6-A8100BCB0643}
T{027EB689-EF1A-41F0-AD33-52CEEF7E882E}
T{297B7FF9-7558-4CF3-8783-B2F9C4954ED0}
T{E54556A4-4D98-414A-8FCC-5CDC7139F115}
T{56599AE9-13B5-49C2-B804-CA6BE050B31D}
T{A18BBEEA-B74E-4FE4-8CCD-2CF060906658}
T{6A27AA07-CEB8-448B-97B6-A1F36F457DAD}
T{01C8483E-44C7-49BB-B040-F0EC1E78D450}
T{726C0C0E-8FEC-4B88-9847-90666F6D08A9}
T{DDFB9C79-BB9D-41B8-BDB5-B8C8D6BC0CC7}
T{C475BEDE-0AF1-492B-B422-0730CEDD96BB}
T{1D93DBF9-986E-4716-99D0-C996ADEC64E0}
T{81D194E0-12F4-40B4-A426-D32B5BCBBB77}
T{D05D24AA-DD28-434F-8668-B4469B8581FF}
T{84DE413C-F9B9-4233-9FFB-D680F164367E}
T{9A518632-5B96-4F47-8A58-31ADA9D1B8E4}
T{59647F7F-1039-4541-8182-EC7579C7C8BD}
T{D44EC3D3-01D1-4CC0-B288-059B9E402BDB}
T{59FE8EF3-A495-4728-AEB6-7C6ACE3DB0AB}
F{F33117BE-5934-4523-B957-A7F953EDF511}
T{7A9E659B-B0B1-46AE-8415-981E3A4EA1BB}
T{7F9E65AF-5267-4CA7-875A-78C8E32947BD}
T{BD7D6448-EF39-4BD9-8425-29F9BDD659F9}
T{EBFA4449-78A7-4025-AF88-9348443D54DB}
T{4E99C025-92E1-49BF-B885-7D51325F070A}
T{D9450A33-28AF-487C-A7AA-BD90DD33FBC6}
T{65205F34-9496-44BE-A44C-77CC153E3F7D}
T{0A5A3FE7-A363-4F8A-B372-57B5B706F3B0}
T{D158770B-0AFE-4423-8B8A-036E7658523D}
T{E6443076-9601-42FA-B3E1-3F3295D83BF2}
T{880B5116-70AE-419B-9B80-AB74C03279FD}
T{989BC558-F90F-4477-B69A-C50542F39657}
T{787EC000-230F-4883-BA0B-8EA0991539A4}
T{D970B18B-0F7C-4692-9929-6715363D296B}
T{CEFF3E06-D488-41CF-9296-8DBB4CBF92AB}
F{A8ACFDB1-6F07-4781-B475-55AFDA514E82}
T{E6F9FE00-DF29-4DD5-B383-FE309F4A0278}
T{7CF537BB-DCBA-4F9C-82DC-62818AD136A4}
T{92B3E98D-7AFC-4A3D-B843-903B84ECA2C4}
T{E12690B0-8708-419F-A4FA-2E14227E0B38}
T{ABB3A4C3-EB2C-4BCD-B8E3-6B5767041C76}
T{8903B9C3-29A4-4124-A7C8-0DC3FFDECDBF}
T{DA22A2CA-8893-4374-816B-63AA64B19A5E}
T{F4F117B6-4AA7-48CC-8186-4B81AF3FCB84}
T{359131E7-B4D6-42D8-A0AB-3025EBA06D37}
T{0666F3C8-135C-48FE-A805-BE54B04D73FC}
T{9A1CFA80-E575-4A8D-A49B-A27D09C52AFC}
T{43A8CD6C-F28B-4011-B928-791EEAD2D489}
T{29AA48B0-5864-4623-8596-D4EFD82FDB51}
T{6444F0FD-EA7E-44E5-A4CC-63D0378F9F8D}
T{9469A6D4-4344-4554-A1E8-758FB0DC2AB5}
T{2F314D26-F22B-45CD-B5CA-9F7143C645A5}
T{9B2ABBC8-EDF7-4F4A-938C-41485646207E}
T{B50525FC-0550-420D-BEB4-7932D56CBF58}
T{056DA430-96AE-49A7-9411-98CA22737DFC}
T{FF14783A-35C4-4E1F-ADC0-599803934F57}
T{B07106CD-121E-4337-862B-65DFC42F8B2E}
T{4147DE80-29CC-41A1-905D-A33585A9C233}
T{83B8EC0E-1E3D-4971-868E-97218B2A0454}
T{6D38DCFB-1E74-40F8-A622-C6CB5F4E066E}
T{A14B6BB9-7580-409E-8D77-92E2E36CDC3B}
T{E64A84D1-AA9D-4B83-9CDC-3D7F82C69EF0}
T{30F6088E-48E3-4912-A9CB-ADD77AAB22DA}
T{2D5B715C-4460-44ED-AEF3-3F9CB452E2A2}
T{CE2E7CD1-9070-4D7E-BBA8-661B0DFC78B0}
T{F68C5FE3-2D28-4211-A524-EE223CEE2789}
T{6A6CC01B-089C-4C09-9A4E-6A3AE81181B8}
T{67D5DEB3-8E3A-4723-9B26-687541E438E7}
T{5E582835-A7A5-4327-8C6A-D81E4D7216FD}
T{DC0A27C7-3C00-4C38-9672-6AC0C20A3BB6}
T{2A869A2E-9D67-41B0-891B-88D23B1DEFE1}
T{9D75CEEF-644D-4EF6-BBB7-E0F2FE0E620D}
T{DD93EA41-8174-4CC9-A0CE-B6466D12D6E3}
T{0DF59973-D6C2-43D1-97F6-47B5F799A34D}
T{3AD22776-3D3D-47B0-B85B-A94C1C35130C}
T{2341548B-CC5C-4A44-8886-684E7E0FA9ED}
T{FBF264F1-4D95-445F-8015-46CF38DE36EE}
T{13463F1C-C22D-4AC6-A5CD-DD3D8F772558}
T{127AD9CC-B384-44C8-8DAD-D4CDA9EC2869}
