T{A8ACFDB1-6F07-4781-B475-55AFDA514E82}
T{75E78B00-3C0E-4173-903A-16E9B6745A42}
T{456AB242-35DF-4D1E-8316-3337D97BF2E7}
T{488599B6-4DE2-42BC-8F2E-4B018A6AE172}
T{D552B0E0-0FBB-4B82-AE91-066537A56F1E}
T{A901A3C8-C8AF-4DF3-8681-A56C5D4FF21E}
T{E0C229D3-617C-483F-9E6D-44B33D64F293}
T{DCEE2F52-DEC3-4643-A6EC-17DBE40B4600}
T{AEDAED6B-E837-48A1-8978-6A6B3F4B2007}
T{FC0E52F1-8B6B-41CA-8863-681E32FF1B7A}
T{69614AD6-96EB-41F7-BAAF-F12344D203B4}
F{121B8B9C-BC9B-416C-8D61-20A6C6A56D76}
T{FADF0084-0994-4FD1-A5A9-0DA31F02F7D8}
T{F730A61A-EE95-47FF-8654-A8368F46F9C0}
T{CAA3922F-64DC-448C-A1E1-C31A4620FE0D}
T{2884F070-7286-481F-8A2D-9DA8CA0F0211}
T{F33117BE-5934-4523-B957-A7F953EDF511}
T{F657F59B-6533-4900-AC16-B5F075F5773A}
T{974576EB-A431-4A54-B28F-8A934A3308EB}
T{F14E0106-DA7B-4670-A266-A6A9A641DE1D}
T{A1C2757C-2F9D-48E8-8E86-B243F3A7ECF7}
T{FDA9B0C8-616D-45D4-B83C-A1BEDAA3DEE3}
T{BCEBDF63-0F20-41EA-95F7-6E989B5A63B6}
T{FADF0084-0994-4FD1-A5A9-0DA31F02F7D8}
T{45FC34DF-5CFD-4BAB-B40B-947813620992}
T{B90D9F73-87A8-4EE5-AEE1-315E38ECD17C}
T{0E076D6D-9479-4152-9BBA-D9841FC3B500}
T{1C77508F-6FC0-4EAE-AF1D-DAC93F6E9491}
T{D9CC0D04-F5F9-4D24-8322-43614ED4B351}
T{BC0D65A7-E1E4-4331-9A3F-1EE32B4641CB}
T{D552B0E0-0FBB-4B82-AE91-066537A56F1E}
T{0E333AE1-3012-47BA-A135-8BA2CD0686ED}
T{1D1A07BE-BF06-4748-B76F-BCC5DD98875C}
T{0431E32E-900A-4FED-91A8-FE0E8FE7D5F0}
T{4EEF0A93-6B1B-4736-B2AF-B5713367C58D}
T{36C796D6-B9F5-40EE-A346-769307CCD60C}
T{7F573975-B154-4E59-AD65-1C95246E2C89}
T{8DC20166-218C-49AF-9BC9-7BE9EA239119}
T{C479A810-45E2-4639-B10F-B842B841D9CB}
T{A86A5827-0EC6-434B-9982-1261D8EAA23C}
T{529FB818-7925-4645-A674-5ECD20C1D72D}
T{30D48049-D818-465D-A693-6F4ABE5B450E}
T{B05F8B82-27F4-4F0F-B825-17349DF0EA13}
T{5CDA95D1-5FB5-4E94-85AC-29C0372D2151}
T{1BF40C62-5932-4BD4-8563-7E0CCE9CC73E}
T{0A7C018F-A1F3-4DDD-B456-1EFE808B094E}
T{B64A92CD-71AC-4387-9F54-7818AC2F2806}
T{1BF325CA-027C-46B1-8AB2-2D56930E4FCC}
T{801BE00C-259C-4978-8AB5-27C0F0E2B441}
T{8C19D98F-59C5-48B3-B519-6221E143453D}
T{488599B6-4DE2-42BC-8F2E-4B018A6AE172}
T{ABDCEEFF-32A8-49DE-940E-AAD311ED2973}
T{112E144D-35D7-40D8-90DA-45BD192801AC}
T{3291C74C-C66B-4C4A-A45D-6AECFD3E99D2}
T{456AB242-35DF-4D1E-8316-3337D97BF2E7}
F{94812A52-3FE3-47A6-87D1-5100215408E7}
T{5AAA7A8F-97B6-42B5-9E85-8B2B268BBB72}
T{3A6CBD49-BCD6-4AC4-96F1-1A1763E05087}
T{CC70508D-5B81-49BA-8F71-2BEA87D6465B}
T{CDEB8860-4DA4-4914-B185-B62192F5E494}
T{961E0CEA-6559-4D91-8D46-A10284DA9FEF}
T{7FD28B7B-FA70-44C7-9675-D4EF8367B708}
T{121B8B9C-BC9B-416C-8D61-20A6C6A56D76}
T{EBDE49E3-08A1-408B-8ABC-2B30828344CE}
T{F33117BE-5934-4523-B957-A7F953EDF511}
T{2A472C9C-91FD-416A-85CC-2870A42ABD80}
T{A0B32FEC-80B4-45E5-97CD-1E12DB821BBD}
T{B40ECDA5-7C42-4A96-A25B-4C7DA9378EC7}
T{CF5E35CE-3EDB-4DA6-AA42-AEC7CCBF6F0E}
T{89E89223-0571-4964-9A8F-B4883273B52F}
T{AA83C7ED-8AC2-404C-9DC5-A22C3F481DB0}
T{FEF4B732-497A-48E4-92FA-2430A0F25B57}
T{2A3978EF-895F-4A25-B60E-7025C8266761}
T{0F42BD5D-CBAB-44E5-9606-588A1924B9AD}
T{6E26A387-2A20-4958-BB0E-84C19D305AC5}
T{9E07C77E-6FB9-480A-8EAF-306634D3C944}
T{5684EEA0-84EC-4FC4-9C09-066B1ECA0478}
T{CD97A0B8-0F2D-4E06-8DD6-5D0EC0C986EB}
T{B064B763-2D5C-4E06-8062-D770F81BE0B6}
T{A8ACFDB1-6F07-4781-B475-55AFDA514E82}
T{B09C05DB-64F9-4543-8C24-1128B5733761}
T{6F6E93BC-6966-417B-945F-664585D745C0}
T{CBEA6651-BA15-443C-8A3B-B71C94361CEF}
T{2F6474F2-7F97-46AD-8987-05F85B21C01C}
T{333EE3F4-2D1E-4383-A8AD-4F447BE14DAA}
T{98BD9ACC-9323-41BE-86FF-BFFB9874B0CA}
T{58C47A89-72F8-4775-96A0-72998E231084}
T{A9A20C40-B426-4914-9D77-F0435FE51B8A}
T{389F88F5-79EB-4667-8EEA-2FD6F4766DC3}
T{B7C3273B-E1F3-4222-B348-D96D7F5573CA}
T{16EC6EE9-4452-4613-9CE0-2F22B2683BCE}
T{429EA552-5556-4FFD-B892-1FC0E077897C}
T{39EF1C1D-F50C-4BBF-8C56-C69EDBDD208E}
T{171CD6B9-BF98-4816-8C1E-15579B5C6055}
T{D1041F8F-E132-40CD-A1BF-7FA17EC8B951}
T{662B63EA-A93F-4A08-994E-BC6BEAD70CAA}
T{47D43E99-F32A-4C62-8F38-EFEF063034F1}
T{FCABC518-C2D0-44D1-A965-D79C454F08B3}
T{8C3F4BAE-B60B-43FF-BA57-ACC486ACCE84}
T{0E30E019-9CAD-4DAF-B206-65A9E177F9E1}
T{450B7200-341A-49B2-9CCB-DD042BD7A50A}
T{0B083DF7-6B6D-4403-BD7C-1A47AACE79F7}
F{A466F91B-2F13-4FF2-887B-FD16362BF89A}
T{3E8BB054-AE90-45AE-97A0-B342F90FD2BD}
T{1DA30FCB-7756-421D-A289-4433C7D995CE}
T{BB818B66-9824-4C9C-8227-99851E2C990D}
T{D2236429-B727-4B46-B9D0-60210F5BEF6D}
T{4B5D1186-E74B-4819-BDD3-92DF67B0FF79}
T{AD92E40F-34C2-403A-9D0D-6D160C4462C9}
T{909CB593-2C11-4EEF-99F7-E48515DE9716}
T{9E6355B5-03BC-4836-8B72-A09FDEB0ECBE}
T{0E0D8B29-1B76-45D8-88EF-7B8C15922016}
T{B93103C6-A81E-4B26-AA68-77F8A47F8934}
T{2D2152AE-AD39-4D22-A839-5CF0B1A75F43}
T{71539232-530D-43EF-9D1D-B9F9A70C1EB7}
T{02718AFD-41F9-4D2D-B72B-C925C49F870C}
T{B0B22E1E-35FC-4B77-B857-902E866EC837}
T{07ACC452-E1D5-48F7-ACC5-6E9E6798D3EB}
F{25E43F96-B494-451E-823D-F53393511DDB}
T{75949224-F0AB-4DDB-B99B-9093EF1D92AF}
F{D1EFE03C-B89B-4BDC-8FED-88A980172189}
T{F33750C1-8DDC-4451-9A3B-9AC9DE62DE44}
F{0568CFA4-0B68-48CA-9A80-15F3A9BDF34B}
T{B9A4E86F-AA71-4DF1-921C-914659D57CBD}
T{35AF1927-CB57-4743-88A4-A078C18E9D89}
F{F91E0272-42A9-4487-A2CF-E339B456C176}
T{F54D28F5-2266-47D5-9610-4DB0BD2129AF}
T{1FD1302B-6CF4-4936-A025-3182E532DAD2}
T{2E1AB51F-0B22-404F-BD60-217D697A8700}
T{44B569FF-A7B5-442D-9045-18BCECE921CD}
T{1A50F501-6347-4D88-91D4-D870B3DB44CB}
T{90158B2A-F10F-4F97-B210-AB3BDE532FA9}
T{29644DE5-1AA7-46BA-86D6-F03FFA7A62C9}
