T{8C5AB6FF-08BE-49DF-9195-986B7A986085}
T{E280F4CD-1A96-4065-9BCF-C3375BFC5145}
T{84A85C6D-F4D6-47E4-877C-2F82DF8BCF29}
T{B2C3BD30-9BAE-4F4F-BDC2-8618BA71C7CE}
T{68F873B4-5321-42AE-BC0D-183441E22323}
T{CE7DC616-6599-44B2-8BEB-9FA144143A2D}
T{46510172-75E1-45E1-8B91-B1C0E5E3F2CE}
T{8C5AB6FF-08BE-49DF-9195-986B7A986085}
T{E280F4CD-1A96-4065-9BCF-C3375BFC5145}
T{84A85C6D-F4D6-47E4-877C-2F82DF8BCF29}
T{B2C3BD30-9BAE-4F4F-BDC2-8618BA71C7CE}
T{68F873B4-5321-42AE-BC0D-183441E22323}
T{CE7DC616-6599-44B2-8BEB-9FA144143A2D}
T{46510172-75E1-45E1-8B91-B1C0E5E3F2CE}
T{46510172-75E1-45E1-8B91-B1C0E5E3F2CE}
T{A8ACFDB1-6F07-4781-B475-55AFDA514E82}
T{CE7DC616-6599-44B2-8BEB-9FA144143A2D}
T{84A85C6D-F4D6-47E4-877C-2F82DF8BCF29}
T{D1EFE03C-B89B-4BDC-8FED-88A980172189}
T{8C5AB6FF-08BE-49DF-9195-986B7A986085}
T{456AB242-35DF-4D1E-8316-3337D97BF2E7}
T{F91E0272-42A9-4487-A2CF-E339B456C176}
T{488599B6-4DE2-42BC-8F2E-4B018A6AE172}
T{121B8B9C-BC9B-416C-8D61-20A6C6A56D76}
T{A466F91B-2F13-4FF2-887B-FD16362BF89A}
T{F33117BE-5934-4523-B957-A7F953EDF511}
T{25E43F96-B494-451E-823D-F53393511DDB}
T{E280F4CD-1A96-4065-9BCF-C3375BFC5145}
F{0568CFA4-0B68-48CA-9A80-15F3A9BDF34B}
T{D552B0E0-0FBB-4B82-AE91-066537A56F1E}
T{FADF0084-0994-4FD1-A5A9-0DA31F02F7D8}
T{B2C3BD30-9BAE-4F4F-BDC2-8618BA71C7CE}
T{94812A52-3FE3-47A6-87D1-5100215408E7}
T{68F873B4-5321-42AE-BC0D-183441E22323}
T{CE7DC616-6599-44B2-8BEB-9FA144143A2D}
T{8C5AB6FF-08BE-49DF-9195-986B7A986085}
T{68F873B4-5321-42AE-BC0D-183441E22323}
T{E280F4CD-1A96-4065-9BCF-C3375BFC5145}
T{46510172-75E1-45E1-8B91-B1C0E5E3F2CE}
T{84A85C6D-F4D6-47E4-877C-2F82DF8BCF29}
T{B2C3BD30-9BAE-4F4F-BDC2-8618BA71C7CE}
T{94812A52-3FE3-47A6-87D1-5100215408E7}
T{E295E95A-EB77-41CF-8E6E-AD915AE4F180}
T{FADB164C-1078-4E31-A2A1-191060104FEE}
T{2082416A-D541-4F3F-B5A4-5E310052BFC7}
T{39D72B08-AF18-4914-B307-CCF474DCAE90}
T{A466F91B-2F13-4FF2-887B-FD16362BF89A}
T{D1EFE03C-B89B-4BDC-8FED-88A980172189}
T{C2ADC25C-21DD-4BD3-838D-A1309D245951}
F{D5F17BBF-9EBC-4841-993A-7EB0BA9EE7BF}
T{9535021E-8CAD-4AFE-889F-B8DFD857AC97}
T{0568CFA4-0B68-48CA-9A80-15F3A9BDF34B}
T{8E141B72-5F38-4777-ADAB-663B14FCFDE6}
T{A5F4C750-87F5-43FB-9705-13780F7E3B25}
T{2D1FD112-EBE7-4499-A461-70744D24E4D7}
T{A1CE576C-7AB7-4E12-A777-6BB69E0C0A88}
T{B8BE9042-6EA1-422E-951F-F4A5F9D8D43C}
T{287B8F0F-5137-47DC-ADCB-EE4A755E4F83}
T{FE5D4804-4713-44DE-9606-1F146BBCAC1F}
T{D85B5E71-D239-4148-BF3C-838A2D14BA16}
T{9CA63FF4-156D-4808-A447-97556394FD93}
T{D9F0D281-3E8B-46DB-9927-3A6B5143C5AC}
T{CE4AF5BC-0FC5-4F57-9E9D-DBC559F7FABA}
T{A74369EC-35F9-413F-9DD1-1C667735AC1D}
T{1893F163-9478-48D4-80C7-E017B2FC54CD}
T{58A3A29D-E26D-4B25-B619-CE7636552CF4}
T{1780E018-9C81-474F-B783-C8B15FFE9359}
T{04173F8A-C7AD-47D2-8D3A-343A7C2163A5}
T{0C083069-1680-48CF-8EFE-574E85BE171D}
T{424D2727-00CF-4144-BF3D-0166C754135E}
T{6A9D8F69-85C3-44AE-9689-5060711657D9}
T{E2ADD1BF-DEAC-4EEB-A4E6-3C5020908781}
T{0EE2DF07-F621-4A83-9A33-5ED050DB426D}
T{FADC8854-5807-48F7-BF77-6B75B35FFB5A}
T{CF56C427-2DBB-40B4-BDCC-D650E30F1C6F}
T{BDE705AE-A2FD-4CEF-AD74-E48F470C60E4}
T{6EE2115F-6C41-4A56-8819-B77708E85DA7}
T{E458A9CF-498A-441C-BDC2-AFE883AE390E}
T{F3BB19AC-FC9A-42E1-8759-3A8C0357FB5F}
T{3A4D4709-026B-490D-9A60-77E7DE6DF741}
T{1E834EE7-AEDE-4065-B009-FF4DB99545AF}
T{4F62006C-E537-4AEF-BD45-6530586F4BDB}
T{EEBD636B-C8E9-4750-946D-24962DF48B5D}
T{3D6D9F66-121E-432D-B777-F4B64B4F4FFE}
T{9199BB53-AC93-4FD9-9B90-E8A52E5C2FE3}
T{15B11EA6-C4FA-453A-94FC-74FACC736C05}
T{6A499FD2-BC59-42E9-A6A7-6809BFB94B61}
T{757B50D7-04BA-4AF1-90F4-62FF8F8A0193}
T{CD819E00-BFBE-4FDC-AC57-B4C854703EA7}
T{D6732FCD-B0C2-4FE1-B44A-F97BCEDD7EB8}
T{F4568F73-06FC-45AD-ACC4-EB43ECB58487}
F{DF8C7825-B0B0-4524-8A4C-389FB513EE15}
T{540EB13D-BEF7-4D11-B27D-C4877D32C88B}
T{E6F66DB6-00DB-43D1-8273-5DEDC33ABC93}
T{1828FFC4-432E-4BD7-B9C3-18306C96B65B}
T{05AFA9E1-9B91-4802-9EEF-BFF425F45609}
T{15B0ABDA-723A-4A8D-8183-9E9EBB5749B0}
T{9D1E331F-4483-46A8-A398-7AF7911ECFD6}
T{9D73C228-75B0-48C3-91E2-B438EEDA2CA7}
T{CFFB8766-1678-4B02-9F47-B9502ACF4569}
T{49D513BF-DCE5-4DF2-99F3-63E18EE2A48C}
T{F34B8D1D-265D-482E-8885-09A66AF45183}
T{89E0FFB4-391F-4AB2-8655-1DE7E832119E}
T{F91E0272-42A9-4487-A2CF-E339B456C176}
T{D63681B4-66AA-474B-8A7E-EE8579DF8498}
T{C98CDB95-E22E-4783-8E3C-27C81271153A}
T{0C1EBE4B-5648-4DC7-B5AE-36AF0B92D826}
T{AAEE7C1D-E046-46BD-BB5D-4063A548865C}
T{BB040E56-6EBC-4435-AFA5-56C29ACAB205}
T{BB89D6B1-3351-45DD-BA36-C66A725A50EB}
T{25E43F96-B494-451E-823D-F53393511DDB}
T{23B35455-16FC-4FC3-8B98-06ECA566BAAD}
T{BAF04E36-6579-418A-8D93-14600F23D4A8}
T{7F742AF1-A6EE-4DA7-ACDD-D82BA51B30CC}
T{E4F98946-A220-412F-992F-047971C2B570}
T{B98B98DD-488A-40EC-9F8B-9A8AE162D8AA}
T{E307061F-B7DA-4FB4-AF08-81F593694A04}
T{8E81CF7E-9EDC-436A-92E8-FD920C076A57}
T{AFDF62D2-418E-4D04-9BC1-879FF38E561F}
T{A426B62A-925F-45EA-BCE6-E99A9F19B0C8}
T{446BE5BE-5636-4E09-82FE-40B10FF786C7}
T{836A110B-190F-41D6-A967-6D579FC19DA8}
T{1BC34B98-E0BF-42AC-A3FA-62820D56029A}
T{47AB1B5E-B44B-4C7E-9D31-01697BF39035}
F{39B9C6E8-F8BA-4C01-B244-66F419E4C51B}
T{F1B608F0-C98B-41BD-9CAD-92259DB0455F}
T{0AFF6C59-6500-4582-A2ED-CBD841F7FFEB}
F{9483C023-EE03-4A50-85B9-894EC12ADC57}
F{10B5DD85-BB7D-4294-BAC7-8134DF8E3F8F}
T{15E6319F-DFB1-469E-8644-225B1A9D07E7}
T{AF1BC588-5609-4F9D-A131-F8FD7353A756}
T{5B859A8E-C811-40E7-AF0A-381A40AE3FD4}
T{C51AC722-7F1F-40E8-B216-8DC674017B52}
T{2DC52603-4845-4E13-AAB6-512552FE35D1}
T{40184CA1-5C98-440E-95F4-D09081592DA3}
T{8A80B339-2309-4BB3-AE4F-FEAB852018CB}
F{3BF1517A-C896-482B-B27E-5DA98629FA58}
T{04453FEC-0677-4F5D-91F1-870A0EBE5E21}
F{8E032372-BA7D-4B92-AB09-06D2C54F1774}
T{3C30EF0E-2FBA-4657-96C1-04235477B700}
F{BFA23646-B7F0-4910-9AD8-D871D086CF93}
T{445670A0-1B15-4BF5-BEF8-F50E242FBB07}
T{11BDAFBE-AF07-43ED-A453-01CBBC6F0096}
T{368F535D-EA7E-452D-85F4-D94BF908BD0E}
F{E66DA5BC-984C-4113-A775-F8336F4874CC}
T{C7C90C2F-17DE-4497-A4E0-11251A93FA10}
T{C52C7B12-818E-411C-8615-150540E9EC59}
T{2BE35168-96DE-4264-A55A-F6A82EB2B399}
T{F944A39D-55CE-472F-9BE3-6EBE4A2FF7C2}
T{EB76AB32-9AE1-4414-8103-495E4221CB51}
T{20356808-3AF6-42BE-B14B-DBD2D3703292}
T{2C100D20-177A-4346-B728-C4A79C221D85}
T{06262218-19D7-48B2-9D77-B4B9F6BB78D2}
T{7E220165-223A-4C02-BA7F-3568E3D4F91C}
T{CD1F6DEA-8231-4F0F-BBCD-0FDD4EDECA55}
T{AB865AFC-B8FA-4074-A505-F0CADB847C02}
T{3D82CE70-ACF9-4EB9-BCD0-2A87C2469017}
T{2B41796A-9F30-4C90-B50D-2D0C84105AFA}
T{CB38C650-BD63-4331-A3D0-7126A2DC50C0}
T{6D934D0D-61DA-4730-963D-0912D411BF08}
T{D38267CD-3D78-42E9-9794-43A88F3A209A}
T{DCEA5090-83FB-402D-8C62-6554C602A8FE}
T{DA8D55DE-24B1-48C4-B9C3-9AFD2A41E90A}
T{1B49D7F4-ECDB-418F-B1DB-12C60B246243}
T{6F06B94F-9BA7-401D-8BA5-3862949DD84F}
T{1DB21F1B-0227-4F0E-AE91-5A61B56BC743}
F{53E75062-10EB-4F72-9DAA-ADFE106B186A}
T{043F0571-44E2-4D6E-BB35-D4C78D0D62DD}
T{B1A480BF-8A97-4EDE-8094-C6D79420D6E3}
F{A130BD85-1919-4EAE-8033-ECFA823D9457}
F{2B2F352E-ED9D-4033-AA3F-E0246D28B38E}
T{7A97DF42-FCE9-4922-AE9E-8BFDA8EB28DB}
T{A3035A77-292B-446D-B9E1-4A928FEC7361}
T{6E01EE86-957F-499A-BC69-B566D5C119CD}
T{890F7FBC-3070-4780-A2BE-EF5FE287D784}
T{631AE954-E08E-4F69-92A3-F81961E7B60D}
T{EDE5A0D1-DA93-44C3-AE83-1977B51A9525}
T{45D33991-F0E0-449E-8551-D867BAF0C9A8}
F{345CFCAB-526F-4AD1-8A16-10CABEE1AFFB}
F{F5B7156A-BCB2-4A3D-8CD2-B78CF49D4C4D}
F{AF6E33B3-2BF3-49B1-ABB7-71DBD1947C31}
T{687EF416-E927-4EE4-96E2-96960C593CCF}
F{9BB092A1-21D6-4518-9679-07390C14051A}
F{B4C63766-55DD-4FF3-A860-9A6740188489}
T{CCC474F6-7F33-41C8-A25B-A1C8743D95CA}
T{78BB1F55-9E63-482A-9091-8E28BB382937}
T{94843CB9-CA17-4EFC-82CA-7720EECF292C}
T{855B9F87-F436-46C2-B53A-BEF1CBD64B96}
T{100647B5-C30F-4EA9-9D58-1D9D5D5ECFBD}
T{21688E5D-0D89-46AA-91E3-24CC61B1B388}
T{1C8C27AF-5D98-429F-8E7E-6475B2156359}
T{3E147514-3C64-49C3-AF18-9AC078C91388}
T{5DFBFCEE-E649-49C8-8DC3-72B844FB1E07}
T{BE62B7B9-A638-4146-BCB0-E60710EE4D71}
F{E665CA4B-ADD9-4C08-8347-84375E49A3F6}
T{A9DF3A92-1858-4AD5-B1B2-94779EEFC88E}
T{391AB647-7A5C-4779-98B3-0FA81167F1DF}
T{A9A25798-0A3D-4AC4-B159-2658EC39993C}
T{A46B3DD8-6858-4B9A-A505-354AF7D40531}
T{F16A5660-0395-4B05-9A4B-CE5274A3D045}
T{3297E98A-9E30-4B0F-9B49-EABE5022F084}
T{9BB092A1-21D6-4518-9679-07390C14051A}
F{DF8C7825-B0B0-4524-8A4C-389FB513EE15}
T{53E75062-10EB-4F72-9DAA-ADFE106B186A}
T{E665CA4B-ADD9-4C08-8347-84375E49A3F6}
F{AF6E33B3-2BF3-49B1-ABB7-71DBD1947C31}
T{25E43F96-B494-451E-823D-F53393511DDB}
T{2B2F352E-ED9D-4033-AA3F-E0246D28B38E}
F{D5F17BBF-9EBC-4841-993A-7EB0BA9EE7BF}
T{9483C023-EE03-4A50-85B9-894EC12ADC57}
T{8E032372-BA7D-4B92-AB09-06D2C54F1774}
T{B4C63766-55DD-4FF3-A860-9A6740188489}
T{94812A52-3FE3-47A6-87D1-5100215408E7}
T{F91E0272-42A9-4487-A2CF-E339B456C176}
T{F5B7156A-BCB2-4A3D-8CD2-B78CF49D4C4D}
T{E66DA5BC-984C-4113-A775-F8336F4874CC}
T{0568CFA4-0B68-48CA-9A80-15F3A9BDF34B}
T{BFA23646-B7F0-4910-9AD8-D871D086CF93}
T{A130BD85-1919-4EAE-8033-ECFA823D9457}
T{345CFCAB-526F-4AD1-8A16-10CABEE1AFFB}
F{39B9C6E8-F8BA-4C01-B244-66F419E4C51B}
T{A466F91B-2F13-4FF2-887B-FD16362BF89A}
T{3BF1517A-C896-482B-B27E-5DA98629FA58}
T{10B5DD85-BB7D-4294-BAC7-8134DF8E3F8F}
T{121B8B9C-BC9B-416C-8D61-20A6C6A56D76}
T{D1EFE03C-B89B-4BDC-8FED-88A980172189}
F{DF8C7825-B0B0-4524-8A4C-389FB513EE15}
F{D5F17BBF-9EBC-4841-993A-7EB0BA9EE7BF}
T{F5B7156A-BCB2-4A3D-8CD2-B78CF49D4C4D}
T{9BB092A1-21D6-4518-9679-07390C14051A}
T{B4C63766-55DD-4FF3-A860-9A6740188489}
F{39B9C6E8-F8BA-4C01-B244-66F419E4C51B}
T{8E032372-BA7D-4B92-AB09-06D2C54F1774}
T{A130BD85-1919-4EAE-8033-ECFA823D9457}
T{3BF1517A-C896-482B-B27E-5DA98629FA58}
T{AF6E33B3-2BF3-49B1-ABB7-71DBD1947C31}
T{9483C023-EE03-4A50-85B9-894EC12ADC57}
T{BFA23646-B7F0-4910-9AD8-D871D086CF93}
T{E665CA4B-ADD9-4C08-8347-84375E49A3F6}
T{E66DA5BC-984C-4113-A775-F8336F4874CC}
T{2B2F352E-ED9D-4033-AA3F-E0246D28B38E}
T{10B5DD85-BB7D-4294-BAC7-8134DF8E3F8F}
T{345CFCAB-526F-4AD1-8A16-10CABEE1AFFB}
T{53E75062-10EB-4F72-9DAA-ADFE106B186A}
T{39B9C6E8-F8BA-4C01-B244-66F419E4C51B}
T{F5B7156A-BCB2-4A3D-8CD2-B78CF49D4C4D}
T{9BB092A1-21D6-4518-9679-07390C14051A}
T{8E032372-BA7D-4B92-AB09-06D2C54F1774}
T{345CFCAB-526F-4AD1-8A16-10CABEE1AFFB}
T{2B2F352E-ED9D-4033-AA3F-E0246D28B38E}
T{53E75062-10EB-4F72-9DAA-ADFE106B186A}
T{BFA23646-B7F0-4910-9AD8-D871D086CF93}
T{3BF1517A-C896-482B-B27E-5DA98629FA58}
T{AF6E33B3-2BF3-49B1-ABB7-71DBD1947C31}
T{E66DA5BC-984C-4113-A775-F8336F4874CC}
T{B4C63766-55DD-4FF3-A860-9A6740188489}
T{E665CA4B-ADD9-4C08-8347-84375E49A3F6}
T{A130BD85-1919-4EAE-8033-ECFA823D9457}
F{D5F17BBF-9EBC-4841-993A-7EB0BA9EE7BF}
T{10B5DD85-BB7D-4294-BAC7-8134DF8E3F8F}
T{DF8C7825-B0B0-4524-8A4C-389FB513EE15}
T{0568CFA4-0B68-48CA-9A80-15F3A9BDF34B}
T{9483C023-EE03-4A50-85B9-894EC12ADC57}
F{D5F17BBF-9EBC-4841-993A-7EB0BA9EE7BF}
T{DF8C7825-B0B0-4524-8A4C-389FB513EE15}
T{39B9C6E8-F8BA-4C01-B244-66F419E4C51B}
