T{DE455171-003E-455C-80AA-59465CAF62D9}
T{4153550E-DFF6-4105-967D-A30725B8C348}
T{D5F17BBF-9EBC-4841-993A-7EB0BA9EE7BF}
T{9AA9D8C6-D9F5-40B4-BEE4-058BF91B218B}
T{8DBC35E6-A3C9-4060-BFF6-DCF2BE5DD40F}
T{4153550E-DFF6-4105-967D-A30725B8C348}
T{8DBC35E6-A3C9-4060-BFF6-DCF2BE5DD40F}
T{DE455171-003E-455C-80AA-59465CAF62D9}
T{A70963E1-1C80-4D72-856E-255480C7FBAE}
T{29CE46FE-678C-41FE-9EF1-393DB71A37A6}
T{23B776F4-22F2-4940-ADC2-BDD2977D23EF}
T{6E0667B8-3AF3-4E4F-843F-ECD5D24E7B87}
T{D5F17BBF-9EBC-4841-993A-7EB0BA9EE7BF}
T{4213493A-303C-4F76-8BD9-FDEA9D612E68}
T{B8BE9042-6EA1-422E-951F-F4A5F9D8D43C}
T{521DF5E3-D313-48FF-9E35-FB65FE3B9460}
T{CC70508D-5B81-49BA-8F71-2BEA87D6465B}
T{DE455171-003E-455C-80AA-59465CAF62D9}
T{E29AA1B9-F855-4725-B0AC-CCFA22E99263}
T{7F9E65AF-5267-4CA7-875A-78C8E32947BD}
T{DE46CA11-BE59-4DA4-9A1B-2689B5179775}
T{9C90C1C3-EA5A-4792-8996-7215F3FF38CE}
T{D5F17BBF-9EBC-4841-993A-7EB0BA9EE7BF}
T{429EA552-5556-4FFD-B892-1FC0E077897C}
F{E9BD4324-24C2-4DDD-BAF3-90E043CBCBE9}
T{ABCC0EE4-A2D6-4C04-B2C2-639E4DADE320}
T{996DDEA1-CF44-47E1-860E-FB1C870E4AEA}
T{148D5B64-91B5-4A3D-8E8D-8EFD11F3343E}
T{DE455171-003E-455C-80AA-59465CAF62D9}
T{8DC20166-218C-49AF-9BC9-7BE9EA239119}
T{B50525FC-0550-420D-BEB4-7932D56CBF58}
T{5E582835-A7A5-4327-8C6A-D81E4D7216FD}
T{C41A4028-9D85-4E20-8293-5EA1CB024418}
T{079C0D5B-FA33-4507-B20D-C9AD7F1F259B}
