T{4153550E-DFF6-4105-967D-A30725B8C348}
T{9AA9D8C6-D9F5-40B4-BEE4-058BF91B218B}
T{E9BD4324-24C2-4DDD-BAF3-90E043CBCBE9}
T{8DBC35E6-A3C9-4060-BFF6-DCF2BE5DD40F}
T{004C7071-B6AD-4DA5-A322-1B52A664D2C4}
T{6DA4B4EB-DC27-43C4-95DA-E609DF9DACAF}
T{A4B5BEF3-30DA-4C71-8AB7-652F0DA38DBC}
T{6E0667B8-3AF3-4E4F-843F-ECD5D24E7B87}
T{40184CA1-5C98-440E-95F4-D09081592DA3}
T{B427FA9E-C0C0-4D1C-912C-DCCB2617D8AB}
F{C2B7BCB3-4063-431E-9F24-842FEEEF36C0}
T{2B2F352E-ED9D-4033-AA3F-E0246D28B38E}
T{631AE954-E08E-4F69-92A3-F81961E7B60D}
T{5CDA95D1-5FB5-4E94-85AC-29C0372D2151}
T{6B2909A5-A472-4117-8C63-1EF07B0A59BC}
F{5D88FD30-9585-4FD2-BC2A-FD3538A231AE}
T{40775C07-AA6E-457D-A678-C38200B70501}
T{F33117BE-5934-4523-B957-A7F953EDF511}
T{04453FEC-0677-4F5D-91F1-870A0EBE5E21}
T{94812A52-3FE3-47A6-87D1-5100215408E7}
T{D63681B4-66AA-474B-8A7E-EE8579DF8498}
T{ABE9C3A1-4087-4EBD-9874-3453A778D9D8}
T{ED1F2523-C833-4528-A0DF-4DD3D1B88A79}
T{766B3A28-60B5-4E03-9E27-7E53FB628950}
T{E307061F-B7DA-4FB4-AF08-81F593694A04}
T{9A518632-5B96-4F47-8A58-31ADA9D1B8E4}
T{D2E355BE-09F3-4329-8BE2-BDA7F35A2362}
T{94843CB9-CA17-4EFC-82CA-7720EECF292C}
T{E307061F-B7DA-4FB4-AF08-81F593694A04}
T{7845E061-0E09-4A43-9F41-B864FD91CDE3}
T{44BC0F9F-5515-4806-8E93-D8E9C02A7C2B}
T{82E87862-18D7-4239-8EEE-0F7DA8BBA5D9}
T{A70963E1-1C80-4D72-856E-255480C7FBAE}
F{2093D67C-92CB-4264-9C95-2E3C7AE07623}
T{E55DCED3-C788-491D-B65A-4A8B039618DD}
