T{2EEF2ABB-0192-4C1A-BCC4-95D1E2BEB603}
T{2EEF2ABB-0192-4C1A-BCC4-95D1E2BEB603}
T{5D88FD30-9585-4FD2-BC2A-FD3538A231AE}
T{E9BD4324-24C2-4DDD-BAF3-90E043CBCBE9}
T{C2B7BCB3-4063-431E-9F24-842FEEEF36C0}
T{9AA9D8C6-D9F5-40B4-BEE4-058BF91B218B}
T{2EEF2ABB-0192-4C1A-BCC4-95D1E2BEB603}
T{2093D67C-92CB-4264-9C95-2E3C7AE07623}
T{2EEF2ABB-0192-4C1A-BCC4-95D1E2BEB603}
T{D96CA859-09A2-4C0E-80BA-950C80B5B90F}
T{E9BD4324-24C2-4DDD-BAF3-90E043CBCBE9}
T{5D88FD30-9585-4FD2-BC2A-FD3538A231AE}
T{C2B7BCB3-4063-431E-9F24-842FEEEF36C0}
T{2093D67C-92CB-4264-9C95-2E3C7AE07623}
T{A9A20C40-B426-4914-9D77-F0435FE51B8A}
T{6B2909A5-A472-4117-8C63-1EF07B0A59BC}
T{FC0E52F1-8B6B-41CA-8863-681E32FF1B7A}
T{0F42BD5D-CBAB-44E5-9606-588A1924B9AD}
T{11BDAFBE-AF07-43ED-A453-01CBBC6F0096}
T{2AD1BCA1-C47B-45DE-92EC-77AC928CE59B}
T{A9A20C40-B426-4914-9D77-F0435FE51B8A}
T{0C083069-1680-48CF-8EFE-574E85BE171D}
F{647D4AE8-F83D-409C-8163-66B3BA6536E8}
T{1D874E57-AAC6-4D48-9E06-AC3CDCE0B645}
T{D1041F8F-E132-40CD-A1BF-7FA17EC8B951}
T{A466F91B-2F13-4FF2-887B-FD16362BF89A}
T{F91E0272-42A9-4487-A2CF-E339B456C176}
T{47D43E99-F32A-4C62-8F38-EFEF063034F1}
T{B190BB76-E4DA-46AA-9AE2-379C3793CF5C}
T{8F5EAD8C-EDC9-4F1D-9B79-2EE36E88D84E}
T{ABCC0EE4-A2D6-4C04-B2C2-639E4DADE320}
T{5D88FD30-9585-4FD2-BC2A-FD3538A231AE}
T{B09C05DB-64F9-4543-8C24-1128B5733761}
T{2093D67C-92CB-4264-9C95-2E3C7AE07623}
T{2D2152AE-AD39-4D22-A839-5CF0B1A75F43}
T{8F572C7A-9F22-47F0-B6BC-4060D74D03E8}
T{BA71F25B-7EBE-4E3E-920B-04E581D6D545}
T{7DEA04D7-0614-4041-A732-5DD0BF98403E}
T{47D43E99-F32A-4C62-8F38-EFEF063034F1}
T{BA71F25B-7EBE-4E3E-920B-04E581D6D545}
T{D85B5E71-D239-4148-BF3C-838A2D14BA16}
T{B4C63766-55DD-4FF3-A860-9A6740188489}
T{AF1BC588-5609-4F9D-A131-F8FD7353A756}
F{AEDAED6B-E837-48A1-8978-6A6B3F4B2007}
T{59647F7F-1039-4541-8182-EC7579C7C8BD}
F{75E78B00-3C0E-4173-903A-16E9B6745A42}
T{94812A52-3FE3-47A6-87D1-5100215408E7}
F{687EF416-E927-4EE4-96E2-96960C593CCF}
T{34EFA854-B11B-40AD-8151-331E169964FC}
T{27AF2C1E-EE92-4A6C-B509-00707FC3C5B2}
T{9199BB53-AC93-4FD9-9B90-E8A52E5C2FE3}
T{450B7200-341A-49B2-9CCB-DD042BD7A50A}
T{7DEA04D7-0614-4041-A732-5DD0BF98403E}
F{9B8BD2D2-998F-4BA0-91F8-7654C0B0DB3E}
T{F59DC453-D32A-4088-8B9F-DB3447E079A8}
T{58C47A89-72F8-4775-96A0-72998E231084}
T{7D2A1FCD-82E2-42CA-9640-C1AD75DE6433}
T{EA486A09-5A0C-409B-94B2-B5D13F1E1BEB}
T{996DDEA1-CF44-47E1-860E-FB1C870E4AEA}
T{5B493D9C-406C-4EF2-892F-1F8DC4735C91}
T{C29D6124-5BAA-4C11-916A-5E1169AE52D9}
T{4B579F16-6627-4F34-A2F7-A0E250E99922}
T{CCC474F6-7F33-41C8-A25B-A1C8743D95CA}
T{71E31584-F376-469A-ADA5-7EC1078A1966}
T{B7C3273B-E1F3-4222-B348-D96D7F5573CA}
T{1BD3ADA1-5E36-453A-994D-796686327EA0}
T{B190BB76-E4DA-46AA-9AE2-379C3793CF5C}
T{8F5EAD8C-EDC9-4F1D-9B79-2EE36E88D84E}
T{B336AEDF-9E41-465A-9A3B-FE02216B9060}
T{488599B6-4DE2-42BC-8F2E-4B018A6AE172}
T{757B50D7-04BA-4AF1-90F4-62FF8F8A0193}
T{8C22EF58-86A6-4954-AB96-CCABDD94BEF8}
T{9469A6D4-4344-4554-A1E8-758FB0DC2AB5}
T{A6B130DD-3E22-4A14-8CB5-7B5F75D6773C}
T{3174CA43-7FFB-4C21-88B7-7F3FEDD624A4}
T{2D5B715C-4460-44ED-AEF3-3F9CB452E2A2}
T{B8BE9042-6EA1-422E-951F-F4A5F9D8D43C}
T{FDA9B0C8-616D-45D4-B83C-A1BEDAA3DEE3}
F{27E3866D-87FC-44FF-B529-3F1F0A76165B}
T{4213493A-303C-4F76-8BD9-FDEA9D612E68}
T{E55DCED3-C788-491D-B65A-4A8B039618DD}
T{75F730BE-15BF-494A-A9F2-207116F347E1}
T{F1B608F0-C98B-41BD-9CAD-92259DB0455F}
T{D6732FCD-B0C2-4FE1-B44A-F97BCEDD7EB8}
T{C29D6124-5BAA-4C11-916A-5E1169AE52D9}
F{121B8B9C-BC9B-416C-8D61-20A6C6A56D76}
T{A9A20C40-B426-4914-9D77-F0435FE51B8A}
T{F91E0272-42A9-4487-A2CF-E339B456C176}
T{23B776F4-22F2-4940-ADC2-BDD2977D23EF}
T{F33750C1-8DDC-4451-9A3B-9AC9DE62DE44}
T{6A6A0DA0-A5EC-416A-884A-D32B4393C8CB}
T{3BF1517A-C896-482B-B27E-5DA98629FA58}
T{C29D6124-5BAA-4C11-916A-5E1169AE52D9}
T{855B9F87-F436-46C2-B53A-BEF1CBD64B96}
T{1893F163-9478-48D4-80C7-E017B2FC54CD}
T{F59DC453-D32A-4088-8B9F-DB3447E079A8}
T{4052831E-70E6-482F-8C82-1D5E04255D26}
T{29644DE5-1AA7-46BA-86D6-F03FFA7A62C9}
T{4E6FACE5-C5D0-4D11-AE20-6C0B210FBED8}
T{94812A52-3FE3-47A6-87D1-5100215408E7}
T{EBDE49E3-08A1-408B-8ABC-2B30828344CE}
T{3C805FB4-2D7D-48E8-B21A-F56F621A9F63}
T{F5C91D2C-9E83-48D7-B231-D77BD1069B32}
T{5E5229EA-6BFD-4895-A134-D30DA9E9DA58}
T{A5B9D9FD-1DB6-4AF0-892F-E47469F34A86}
T{34FF5872-1138-4B11-ADFF-DA4F4DCFF5E4}
T{AEDAED6B-E837-48A1-8978-6A6B3F4B2007}
T{CD819E00-BFBE-4FDC-AC57-B4C854703EA7}
T{1D874E57-AAC6-4D48-9E06-AC3CDCE0B645}
T{0B083DF7-6B6D-4403-BD7C-1A47AACE79F7}
T{24F05396-DA82-4FC9-AB1D-8302C7298591}
T{9BB092A1-21D6-4518-9679-07390C14051A}
T{53E75062-10EB-4F72-9DAA-ADFE106B186A}
T{9B55E62F-830F-4C1D-B7D5-ADBBF2514263}
F{EB885DD4-4477-4AAD-8841-D9085B80444A}
T{E6F66DB6-00DB-43D1-8273-5DEDC33ABC93}
T{6E01EE86-957F-499A-BC69-B566D5C119CD}
T{D2395E31-D55C-435E-8800-1EA6D63A397E}
T{81D194E0-12F4-40B4-A426-D32B5BCBBB77}
T{0A7C018F-A1F3-4DDD-B456-1EFE808B094E}
T{BFA23646-B7F0-4910-9AD8-D871D086CF93}
