T{C9D05031-0C38-4789-8D44-3B86632B56FF}
F{27E3866D-87FC-44FF-B529-3F1F0A76165B}
T{EB885DD4-4477-4AAD-8841-D9085B80444A}
T{9B8BD2D2-998F-4BA0-91F8-7654C0B0DB3E}
T{C7E3F9F5-B4B1-42CD-B8A9-0349DE3B6016}
F{647D4AE8-F83D-409C-8163-66B3BA6536E8}
T{687EF416-E927-4EE4-96E2-96960C593CCF}
F{75E78B00-3C0E-4173-903A-16E9B6745A42}
T{DEF6A089-D1F6-46DC-9422-6031989E20EF}
T{CB7858F5-3691-4CFF-A6FB-BB025364A265}
F{AEDAED6B-E837-48A1-8978-6A6B3F4B2007}
T{C2B7BCB3-4063-431E-9F24-842FEEEF36C0}
T{121B8B9C-BC9B-416C-8D61-20A6C6A56D76}
T{CB7858F5-3691-4CFF-A6FB-BB025364A265}
T{C7E3F9F5-B4B1-42CD-B8A9-0349DE3B6016}
T{C9D05031-0C38-4789-8D44-3B86632B56FF}
T{DEF6A089-D1F6-46DC-9422-6031989E20EF}
T{F39E6DEC-B39A-4333-9A62-F6C1520209C0}
T{D6732FCD-B0C2-4FE1-B44A-F97BCEDD7EB8}
T{3C30EF0E-2FBA-4657-96C1-04235477B700}
T{79C6CA7A-ADAC-4F9F-A4C8-79B31757B27C}
T{6F06B94F-9BA7-401D-8BA5-3862949DD84F}
T{CA7EFC4E-5331-4271-B6E6-A30C150810B3}
T{EB885DD4-4477-4AAD-8841-D9085B80444A}
T{647D4AE8-F83D-409C-8163-66B3BA6536E8}
T{2CBC7934-46E5-4656-A783-B08F34D078BC}
T{BEA69714-37AF-4C8E-A775-9FFC29C3B9C9}
T{9B8BD2D2-998F-4BA0-91F8-7654C0B0DB3E}
T{AEDAED6B-E837-48A1-8978-6A6B3F4B2007}
T{F5B7156A-BCB2-4A3D-8CD2-B78CF49D4C4D}
