T{C9D05031-0C38-4789-8D44-3B86632B56FF}
T{27E3866D-87FC-44FF-B529-3F1F0A76165B}
T{EB885DD4-4477-4AAD-8841-D9085B80444A}
T{9B8BD2D2-998F-4BA0-91F8-7654C0B0DB3E}
T{C7E3F9F5-B4B1-42CD-B8A9-0349DE3B6016}
T{647D4AE8-F83D-409C-8163-66B3BA6536E8}
T{687EF416-E927-4EE4-96E2-96960C593CCF}
F{75E78B00-3C0E-4173-903A-16E9B6745A42}
T{DEF6A089-D1F6-46DC-9422-6031989E20EF}
T{CB7858F5-3691-4CFF-A6FB-BB025364A265}
T{AEDAED6B-E837-48A1-8978-6A6B3F4B2007}
T{121B8B9C-BC9B-416C-8D61-20A6C6A56D76}
T{0E333AE1-3012-47BA-A135-8BA2CD0686ED}
T{39F4BB7A-30D9-4725-BE4A-7188235408E0}
T{9E07C77E-6FB9-480A-8EAF-306634D3C944}
T{379DAEDD-BAA9-4E19-A221-CAD5B1673BD4}
T{7B3F0545-5E23-4E91-9CD2-5FCB6AA4F4AF}
T{EB885DD4-4477-4AAD-8841-D9085B80444A}
T{02718AFD-41F9-4D2D-B72B-C925C49F870C}
T{6DA4B4EB-DC27-43C4-95DA-E609DF9DACAF}
T{15E6319F-DFB1-469E-8644-225B1A9D07E7}
T{39D72B08-AF18-4914-B307-CCF474DCAE90}
T{CAA3922F-64DC-448C-A1E1-C31A4620FE0D}
T{D2E355BE-09F3-4329-8BE2-BDA7F35A2362}
T{B190BB76-E4DA-46AA-9AE2-379C3793CF5C}
T{8DC20166-218C-49AF-9BC9-7BE9EA239119}
T{27E3866D-87FC-44FF-B529-3F1F0A76165B}
T{4F745730-2432-4DD1-AD38-68CF24230246}
T{D3FC563D-E04A-4683-BDCA-70DA8F69FE29}
F{D5F17BBF-9EBC-4841-993A-7EB0BA9EE7BF}
T{E9BD4324-24C2-4DDD-BAF3-90E043CBCBE9}
T{9CA63FF4-156D-4808-A447-97556394FD93}
T{B90D9F73-87A8-4EE5-AEE1-315E38ECD17C}
T{C9D05031-0C38-4789-8D44-3B86632B56FF}
T{AEDAED6B-E837-48A1-8978-6A6B3F4B2007}
T{9BD2BE32-BE96-47DE-B8ED-123676D6C5E6}
T{2093D67C-92CB-4264-9C95-2E3C7AE07623}
T{1BC34B98-E0BF-42AC-A3FA-62820D56029A}
T{71539232-530D-43EF-9D1D-B9F9A70C1EB7}
T{3C3F7017-3235-43DC-B1C4-FCB0BE8CC27C}
F{75E78B00-3C0E-4173-903A-16E9B6745A42}
T{0409B1D6-A140-471E-94A9-56716C39E13E}
T{9EC3F796-FF3A-48C2-BE12-06FBD13E5360}
T{E7D90FBD-F590-4019-A1F3-939416501847}
T{CD819E00-BFBE-4FDC-AC57-B4C854703EA7}
T{AEDAED6B-E837-48A1-8978-6A6B3F4B2007}
T{1D8FCE0C-A184-4F7C-93E2-912083F0DD68}
T{909CB593-2C11-4EEF-99F7-E48515DE9716}
T{07ACC452-E1D5-48F7-ACC5-6E9E6798D3EB}
T{15B0ABDA-723A-4A8D-8183-9E9EBB5749B0}
T{9A518632-5B96-4F47-8A58-31ADA9D1B8E4}
T{C51AC722-7F1F-40E8-B216-8DC674017B52}
