T{BFD744DB-1378-4712-A1BE-E6EBA9180EAC}
T{EBAB591F-34AE-49CF-BDB4-5678D9DF6937}
T{D13C72B0-D3DC-4733-B04B-2120176F30DD}
T{39D676B2-B713-42E9-981D-1B873FEA4F79}
T{81522207-7017-4D40-A515-73F468A31B79}
T{C65F6C03-9F22-45AE-B2ED-0ACAFBB917A5}
T{352D26D8-0475-49F6-ACE6-98946A569D76}
T{5B0845E5-F317-4A8C-B35A-38BFDF5FDFE8}
T{C7F2B287-39D3-45FE-BC57-D19D216E746F}
T{94EC08A3-CB20-4ED4-B22E-40139AA19748}
T{43410C1F-8BA7-4964-A40C-434E92E8D656}
T{01FAD5EF-2AFE-4751-9596-04F7F968882B}
T{220671A7-F4C2-4F09-9C11-14D10BA650F3}
T{D23F88CE-8961-47B8-B676-FFA404F5C067}
F{F02AD0EF-48C1-4DC5-B2A5-A5DD7FA764AE}
T{D160BD4C-884A-4AD7-ACAD-52FEC66EA0CA}
T{25B53A75-5FD8-4FD0-8020-4278B8700A93}
T{50992E50-9A9A-40A4-8E96-53E037145FF0}
T{2E14EE0C-C47E-4EA0-9E39-B76DABCA7245}
T{0C029DDC-384B-467F-B32C-9CC37DD70BB5}
T{FBD2328F-83FF-4324-86D7-0C8D4EEE2BF6}
T{34F8ABC4-8A08-497E-84C0-DE50EA29D546}
F{6094F992-59B0-4546-A809-20DFBF59B676}
T{6AF0E544-D89D-408C-8CD8-A6B465A68882}
T{10181363-D7DA-4905-8908-99BFF41A5CBF}
T{39FBE002-8BA3-4DB8-ADC6-94EA5CA60468}
T{858FC88F-DB3E-4330-8CA3-22FD926D9EC6}
T{CCCF3220-291E-4626-9654-9DAAEF386BE4}
T{C94C4D65-66EA-4E8E-A8B6-99B5921E5558}
T{684EC0D9-3604-4D35-899B-D3EA59A3B5F5}
T{EDD86DF5-4542-41EA-A87F-6C3E2F00663F}
T{A787CEE3-6D27-43F0-9FCE-92C7995ED323}
T{D2481D61-431C-4A79-B012-A2170E7353DF}
T{BEA7F2AF-C4B1-4963-BDE0-5DB6433EE706}
T{7FE5A31E-E1FB-47F5-B92E-DBA4FE540A75}
T{FE09ABE0-3002-4564-BA66-EAE34E220785}
T{B2E19394-A47A-4177-81AF-7C2BD6331386}
T{A162F9EA-F80F-428A-8A64-52018445F6F6}
T{BF589A7A-FCA3-491D-A263-B6A26DF28B8E}
T{E7D2DC31-D018-43AC-AC61-48B799280C5D}
T{DCC62B2D-6151-4E3E-9BAF-398D840CF6E7}
T{5DDB679F-DAA6-4ECD-97FA-15656360BBFA}
T{EF991506-83E6-4177-8E18-306BC71B72E0}
T{DAA7C4D0-A0EB-4BF7-980B-0836101E3B27}
T{4CDCCC9B-BA9F-425D-AB2E-AD378164B5EE}
T{0A718CDC-1B88-45F9-A8D1-9BADA0215AF2}
T{5EB164DC-5211-4FC5-BC07-6C816B7D3F5C}
T{D8905911-299A-4117-99BE-4C3F7B2CB6C6}
T{AA944E6F-C2F9-4DF6-AF61-966E7831197B}
T{D8505F09-4DE6-4B4B-BB5F-7FCA3FA670DA}
T{325DAB8F-1B06-4AFD-A1A7-AE1B6E99469B}
T{16712A7A-3600-4C50-8DBA-8B41B4A81991}
T{0F41866E-7AE1-4968-8C52-C9FD514825CD}
T{D7ACE691-273B-4F34-A8BE-8F471424194B}
T{CF654FCD-A5D5-4799-B579-4884E83AC5F6}
T{3A64A19A-46A4-4E1F-BDA8-6A51C8736F4E}
T{0B584621-0A26-4C5D-A6D8-538058755D46}
T{33F13028-242D-4D28-AA6D-01AEB9B6F04F}
T{ACF66DC2-12CF-4DCF-B1C7-C919283FA910}
T{A179F8B5-41C1-4218-ABA8-670688FFF24D}
T{994BE351-9B51-4282-A1DB-927741DD9A33}
T{AD7F43B6-7B0D-4558-865F-925FDA538E4D}
T{F70661B0-CFC2-4E36-BCAE-D846148AC106}
T{231D494A-3F53-4FDD-BAC9-00759518FBFE}
T{1690A0A0-7F06-4F57-817F-B5794B1D9CD8}
F{14CF2765-3210-4B9C-A3EF-08A07F91F71E}
T{581AF1EE-D02F-4775-8620-CA3EAA742A23}
T{47591608-2F2E-45E0-8C61-B71FF0222AAA}
T{D5F17BBF-9EBC-4841-993A-7EB0BA9EE7BF}
T{EA6BC8C6-3115-4247-9801-42AFAF939EF9}
T{E4570C90-4C90-49B7-99A4-0D433081E963}
T{B2764F3D-2B81-42F6-86B8-7C9E837C8AC9}
T{7D5871F8-0CFC-4E69-9B0C-FFD8DF1A201B}
T{B39ABE8B-3439-4489-B4C8-8CC4C55A418C}
T{178684A6-D5FB-40EB-BAFF-2DBD1CADEA48}
T{D29FB40D-37F8-4584-94D1-2B11B7E424F3}
T{EC8F7EDE-27C4-49A9-BDEC-818112C81354}
T{59538752-620D-41C9-BAAE-DCFF8856FC3D}
T{FF19041A-0F7B-4E6B-87C1-11E202255908}
T{26F235C8-6444-49FF-BA3B-F747628FA606}
T{5F7D03E9-09AD-4D35-85D8-F6D1513355F5}
T{049CDB80-9270-49AC-A7C7-0799A763B815}
T{E9680960-D97A-49E4-AFB2-3B465B081D05}
T{DD2680DC-B1D6-4CA5-902A-3187892758DD}
F{9C212466-53AB-488E-842D-70C7039BB3C2}
T{036D283B-48DD-4ED7-BAC0-4696E41738BE}
T{A7344B5E-794B-48BE-B2B5-14CC3288D391}
T{1BA50D45-3138-478B-AD9B-8CB268CC3247}
T{C7131388-B2FA-4EF4-A8B9-A666627C3324}
T{89230DC9-E29B-4C4B-8E72-FA7F8084C914}
F{75E78B00-3C0E-4173-903A-16E9B6745A42}
T{4F872634-34CE-4C05-B856-5115B7C4351A}
T{E6A7CA1E-C722-4C0D-813F-9B002D83F854}
F{59902783-9B02-4837-A344-6BBBB92B5589}
T{65E39E7A-EC3D-41BF-A77A-E9749B56701E}
T{331D35AB-6354-4A4B-8D0A-7D59DB655CB0}
T{7881767C-8F24-4A4A-8719-B669EE605C62}
F{2C4E5943-428D-41A8-BE58-3AF18C3FA835}
T{E9D9C0EF-E175-42EF-A9ED-9F6FF777D15E}
T{2D02365E-9D30-4DED-90F2-9D0CB83F6260}
T{97845C6D-F783-4F9D-9DCF-34383EFEF29C}
T{0A335550-87FB-4871-B97F-D3F27D953155}
T{FAFA9A35-4C5B-4F25-934E-0F35F8F64104}
F{CC7386AF-78FC-4C02-BAA1-97F0A4D8CE77}
T{7ED19088-6A0F-46D2-8BE1-D0B5CE5ECA9C}
T{6CB2923F-EF68-45E0-A588-01957DB831B1}
T{4F1C89A0-8438-4440-AA26-520D9E568FB4}
T{40C2C8DD-E71C-44B6-9C1D-8582867EE5A1}
F{6094F992-59B0-4546-A809-20DFBF59B676}
T{0A718CDC-1B88-45F9-A8D1-9BADA0215AF2}
T{E6A7CA1E-C722-4C0D-813F-9B002D83F854}
T{FF19041A-0F7B-4E6B-87C1-11E202255908}
T{331D35AB-6354-4A4B-8D0A-7D59DB655CB0}
F{CC7386AF-78FC-4C02-BAA1-97F0A4D8CE77}
T{16712A7A-3600-4C50-8DBA-8B41B4A81991}
T{0B584621-0A26-4C5D-A6D8-538058755D46}
T{9C212466-53AB-488E-842D-70C7039BB3C2}
T{5F7D03E9-09AD-4D35-85D8-F6D1513355F5}
T{B39ABE8B-3439-4489-B4C8-8CC4C55A418C}
T{14CF2765-3210-4B9C-A3EF-08A07F91F71E}
T{59902783-9B02-4837-A344-6BBBB92B5589}
T{231D494A-3F53-4FDD-BAC9-00759518FBFE}
T{0A335550-87FB-4871-B97F-D3F27D953155}
T{79C6CA7A-ADAC-4F9F-A4C8-79B31757B27C}
T{A162F9EA-F80F-428A-8A64-52018445F6F6}
T{8E032372-BA7D-4B92-AB09-06D2C54F1774}
T{EDD86DF5-4542-41EA-A87F-6C3E2F00663F}
T{6F06B94F-9BA7-401D-8BA5-3862949DD84F}
T{8F5EAD8C-EDC9-4F1D-9B79-2EE36E88D84E}
T{14CF2765-3210-4B9C-A3EF-08A07F91F71E}
T{352D26D8-0475-49F6-ACE6-98946A569D76}
T{8C19D98F-59C5-48B3-B519-6221E143453D}
T{FF19041A-0F7B-4E6B-87C1-11E202255908}
T{5F7D03E9-09AD-4D35-85D8-F6D1513355F5}
T{47AB1B5E-B44B-4C7E-9D31-01697BF39035}
T{B3F0DDB3-6262-4FB2-BEF9-97E301B3DF73}
T{AEDAED6B-E837-48A1-8978-6A6B3F4B2007}
T{A179F8B5-41C1-4218-ABA8-670688FFF24D}
T{CCCF3220-291E-4626-9654-9DAAEF386BE4}
T{E48628C3-6DF3-4FAB-875D-AB9C2121FA58}
T{6D934D0D-61DA-4730-963D-0912D411BF08}
T{09C11ED3-CD69-4934-82CE-8E91518D25FF}
T{036D283B-48DD-4ED7-BAC0-4696E41738BE}
T{4B50C4F3-0976-4505-A65B-2BBB11C76646}
