T{BFD744DB-1378-4712-A1BE-E6EBA9180EAC}
T{EBAB591F-34AE-49CF-BDB4-5678D9DF6937}
T{D13C72B0-D3DC-4733-B04B-2120176F30DD}
T{39D676B2-B713-42E9-981D-1B873FEA4F79}
T{81522207-7017-4D40-A515-73F468A31B79}
T{C65F6C03-9F22-45AE-B2ED-0ACAFBB917A5}
T{5B0845E5-F317-4A8C-B35A-38BFDF5FDFE8}
T{94EC08A3-CB20-4ED4-B22E-40139AA19748}
T{43410C1F-8BA7-4964-A40C-434E92E8D656}
T{01FAD5EF-2AFE-4751-9596-04F7F968882B}
T{D23F88CE-8961-47B8-B676-FFA404F5C067}
T{F02AD0EF-48C1-4DC5-B2A5-A5DD7FA764AE}
T{D160BD4C-884A-4AD7-ACAD-52FEC66EA0CA}
T{25B53A75-5FD8-4FD0-8020-4278B8700A93}
T{0C029DDC-384B-467F-B32C-9CC37DD70BB5}
T{FBD2328F-83FF-4324-86D7-0C8D4EEE2BF6}
F{6094F992-59B0-4546-A809-20DFBF59B676}
T{6AF0E544-D89D-408C-8CD8-A6B465A68882}
T{858FC88F-DB3E-4330-8CA3-22FD926D9EC6}
T{C94C4D65-66EA-4E8E-A8B6-99B5921E5558}
T{BEA7F2AF-C4B1-4963-BDE0-5DB6433EE706}
T{FE09ABE0-3002-4564-BA66-EAE34E220785}
T{B2E19394-A47A-4177-81AF-7C2BD6331386}
T{BF589A7A-FCA3-491D-A263-B6A26DF28B8E}
T{DCC62B2D-6151-4E3E-9BAF-398D840CF6E7}
T{DAA7C4D0-A0EB-4BF7-980B-0836101E3B27}
T{4CDCCC9B-BA9F-425D-AB2E-AD378164B5EE}
T{0A718CDC-1B88-45F9-A8D1-9BADA0215AF2}
T{5EB164DC-5211-4FC5-BC07-6C816B7D3F5C}
T{D8905911-299A-4117-99BE-4C3F7B2CB6C6}
T{D8505F09-4DE6-4B4B-BB5F-7FCA3FA670DA}
T{16712A7A-3600-4C50-8DBA-8B41B4A81991}
T{D7ACE691-273B-4F34-A8BE-8F471424194B}
T{CF654FCD-A5D5-4799-B579-4884E83AC5F6}
T{3A64A19A-46A4-4E1F-BDA8-6A51C8736F4E}
T{0B584621-0A26-4C5D-A6D8-538058755D46}
T{33F13028-242D-4D28-AA6D-01AEB9B6F04F}
T{994BE351-9B51-4282-A1DB-927741DD9A33}
T{AD7F43B6-7B0D-4558-865F-925FDA538E4D}
T{F70661B0-CFC2-4E36-BCAE-D846148AC106}
T{231D494A-3F53-4FDD-BAC9-00759518FBFE}
T{14CF2765-3210-4B9C-A3EF-08A07F91F71E}
T{581AF1EE-D02F-4775-8620-CA3EAA742A23}
T{47591608-2F2E-45E0-8C61-B71FF0222AAA}
T{D5F17BBF-9EBC-4841-993A-7EB0BA9EE7BF}
T{EA6BC8C6-3115-4247-9801-42AFAF939EF9}
T{E4570C90-4C90-49B7-99A4-0D433081E963}
T{7D5871F8-0CFC-4E69-9B0C-FFD8DF1A201B}
T{B39ABE8B-3439-4489-B4C8-8CC4C55A418C}
T{D29FB40D-37F8-4584-94D1-2B11B7E424F3}
T{EC8F7EDE-27C4-49A9-BDEC-818112C81354}
T{59538752-620D-41C9-BAAE-DCFF8856FC3D}
T{26F235C8-6444-49FF-BA3B-F747628FA606}
T{E9680960-D97A-49E4-AFB2-3B465B081D05}
T{DD2680DC-B1D6-4CA5-902A-3187892758DD}
T{9C212466-53AB-488E-842D-70C7039BB3C2}
T{A7344B5E-794B-48BE-B2B5-14CC3288D391}
T{1BA50D45-3138-478B-AD9B-8CB268CC3247}
T{89230DC9-E29B-4C4B-8E72-FA7F8084C914}
T{75E78B00-3C0E-4173-903A-16E9B6745A42}
T{4F872634-34CE-4C05-B856-5115B7C4351A}
T{E6A7CA1E-C722-4C0D-813F-9B002D83F854}
T{59902783-9B02-4837-A344-6BBBB92B5589}
T{331D35AB-6354-4A4B-8D0A-7D59DB655CB0}
T{7881767C-8F24-4A4A-8719-B669EE605C62}
T{2C4E5943-428D-41A8-BE58-3AF18C3FA835}
T{2D02365E-9D30-4DED-90F2-9D0CB83F6260}
T{97845C6D-F783-4F9D-9DCF-34383EFEF29C}
T{FAFA9A35-4C5B-4F25-934E-0F35F8F64104}
F{CC7386AF-78FC-4C02-BAA1-97F0A4D8CE77}
T{7ED19088-6A0F-46D2-8BE1-D0B5CE5ECA9C}
T{6CB2923F-EF68-45E0-A588-01957DB831B1}
T{40C2C8DD-E71C-44B6-9C1D-8582867EE5A1}
T{CC7386AF-78FC-4C02-BAA1-97F0A4D8CE77}
F{6094F992-59B0-4546-A809-20DFBF59B676}
T{666593BA-A812-460F-8236-B5F8981453E7}
T{40184CA1-5C98-440E-95F4-D09081592DA3}
T{2D728798-C6AA-4FBF-A24F-13D0E99CBC96}
T{5E5229EA-6BFD-4895-A134-D30DA9E9DA58}
T{C29D6124-5BAA-4C11-916A-5E1169AE52D9}
T{89230DC9-E29B-4C4B-8E72-FA7F8084C914}
T{8B58617F-5169-4850-B282-66DF47728B1E}
T{5EB164DC-5211-4FC5-BC07-6C816B7D3F5C}
T{D8505F09-4DE6-4B4B-BB5F-7FCA3FA670DA}
T{2B2F352E-ED9D-4033-AA3F-E0246D28B38E}
T{BDE67FD6-C995-428F-BFDC-7F15DBC4F5F6}
T{59538752-620D-41C9-BAAE-DCFF8856FC3D}
T{345CFCAB-526F-4AD1-8A16-10CABEE1AFFB}
T{10181363-D7DA-4905-8908-99BFF41A5CBF}
T{2F313F82-C1FB-4F09-881B-58C93BA1DC77}
T{6094F992-59B0-4546-A809-20DFBF59B676}
T{9C212466-53AB-488E-842D-70C7039BB3C2}
T{D23F88CE-8961-47B8-B676-FFA404F5C067}
T{B3F0DDB3-6262-4FB2-BEF9-97E301B3DF73}
T{6094F992-59B0-4546-A809-20DFBF59B676}
T{B64A92CD-71AC-4387-9F54-7818AC2F2806}
T{8F4227BF-7C37-4DBD-A137-95AF3733A6EB}
T{FE09ABE0-3002-4564-BA66-EAE34E220785}
T{D1FD1180-2784-4A61-99E5-0866BFE236C0}
T{512E9D5E-3E4B-4B84-A669-82750A2B2849}
T{15A8508B-C76E-4D3C-926D-E060041F0AA7}
T{A5F81C7C-2558-4539-A5D3-FCA5BA2ADC1C}
T{59538752-620D-41C9-BAAE-DCFF8856FC3D}
T{79C6CA7A-ADAC-4F9F-A4C8-79B31757B27C}
T{D5F17BBF-9EBC-4841-993A-7EB0BA9EE7BF}
T{231D494A-3F53-4FDD-BAC9-00759518FBFE}
T{5E582835-A7A5-4327-8C6A-D81E4D7216FD}
T{A7344B5E-794B-48BE-B2B5-14CC3288D391}
T{B05F8B82-27F4-4F0F-B825-17349DF0EA13}
