T{FEADF3CB-D52A-40D3-B424-0F78DCB72D7D}
T{A457F7FF-6BBE-4BA8-B585-BD6AD2C975EF}
T{A39D6E83-ADA0-43C1-938A-3D8E39BDBD73}
T{CB487EB2-F47F-438F-8CAB-83E18815B6F2}
T{F02AD0EF-48C1-4DC5-B2A5-A5DD7FA764AE}
T{D1C5D868-7238-4F59-9155-05E68256CCF1}
T{1E8D6495-C808-4465-8E72-66181BF30865}
T{02AADA93-E54E-4C13-8AF8-34789C0E04B0}
T{8F9E007F-4C4A-463F-B0C7-9EA00D3FBC9F}
T{AFC13CF7-590E-4B31-BD84-6B6E0AA0D720}
T{97AFBEF4-2597-4A6B-A4E2-5182CE7134AB}
F{7DBC538E-2B2A-46B0-89E2-2368A728D7BB}
T{2C4E5943-428D-41A8-BE58-3AF18C3FA835}
T{02AADA93-E54E-4C13-8AF8-34789C0E04B0}
T{AFC13CF7-590E-4B31-BD84-6B6E0AA0D720}
T{1E8D6495-C808-4465-8E72-66181BF30865}
T{D1C5D868-7238-4F59-9155-05E68256CCF1}
T{FEADF3CB-D52A-40D3-B424-0F78DCB72D7D}
T{A39D6E83-ADA0-43C1-938A-3D8E39BDBD73}
T{8F9E007F-4C4A-463F-B0C7-9EA00D3FBC9F}
T{97AFBEF4-2597-4A6B-A4E2-5182CE7134AB}
T{7DBC538E-2B2A-46B0-89E2-2368A728D7BB}
T{CB487EB2-F47F-438F-8CAB-83E18815B6F2}
T{A457F7FF-6BBE-4BA8-B585-BD6AD2C975EF}
T{6094F992-59B0-4546-A809-20DFBF59B676}
T{C29D6124-5BAA-4C11-916A-5E1169AE52D9}
T{2C4E5943-428D-41A8-BE58-3AF18C3FA835}
T{29AA48B0-5864-4623-8596-D4EFD82FDB51}
T{34EFA854-B11B-40AD-8151-331E169964FC}
T{4F745730-2432-4DD1-AD38-68CF24230246}
T{F0A47DB6-E579-4555-9155-C9BCE9740092}
T{B50525FC-0550-420D-BEB4-7932D56CBF58}
T{7D547629-F4C6-4A73-BE07-7438790F4E25}
T{FEADF3CB-D52A-40D3-B424-0F78DCB72D7D}
T{47D43E99-F32A-4C62-8F38-EFEF063034F1}
T{D2395E31-D55C-435E-8800-1EA6D63A397E}
T{11BDAFBE-AF07-43ED-A453-01CBBC6F0096}
T{824D5AD9-F1E3-4AC9-8D2F-00A1B72F33AC}
T{2A869A2E-9D67-41B0-891B-88D23B1DEFE1}
T{8F9E007F-4C4A-463F-B0C7-9EA00D3FBC9F}
T{B9D9B368-68A1-4934-98FB-6AAB4004495E}
T{F9C7A102-5B04-4CA7-8D70-43162F90B389}
T{FEADF3CB-D52A-40D3-B424-0F78DCB72D7D}
T{450B7200-341A-49B2-9CCB-DD042BD7A50A}
T{270E3FA0-3807-45FB-BCD0-A0AB6CFBB5FE}
T{40C2C8DD-E71C-44B6-9C1D-8582867EE5A1}
T{2E1AB51F-0B22-404F-BD60-217D697A8700}
T{BEA69714-37AF-4C8E-A775-9FFC29C3B9C9}
T{DEFC19B2-B7D2-4B38-8FDD-28ECF911109A}
T{A162F9EA-F80F-428A-8A64-52018445F6F6}
T{71539232-530D-43EF-9D1D-B9F9A70C1EB7}
T{F34B8D1D-265D-482E-8885-09A66AF45183}
T{0E333AE1-3012-47BA-A135-8BA2CD0686ED}
T{DE46CA11-BE59-4DA4-9A1B-2689B5179775}
T{7B285AF5-081F-42F5-965A-C14DE5C597F4}
T{CB487EB2-F47F-438F-8CAB-83E18815B6F2}
T{E6A7CA1E-C722-4C0D-813F-9B002D83F854}
T{297B7FF9-7558-4CF3-8783-B2F9C4954ED0}
T{11BDAFBE-AF07-43ED-A453-01CBBC6F0096}
T{D7748EF0-203D-4783-B54F-BC52B59D6451}
T{3A80726B-C684-4CEC-897B-27F778C5067E}
T{A457F7FF-6BBE-4BA8-B585-BD6AD2C975EF}
T{004C7071-B6AD-4DA5-A322-1B52A664D2C4}
T{75477B4F-E668-4579-9CB4-EEB49D45DEDD}
T{33B37AD8-298E-494B-9F93-B001A9A759CB}
T{97AFBEF4-2597-4A6B-A4E2-5182CE7134AB}
T{39B9C6E8-F8BA-4C01-B244-66F419E4C51B}
T{73A06CE7-A755-4ED0-983C-4BA220D5AA40}
T{0C07B058-E6BC-4DF2-8427-04B565B22573}
T{F6E7BEF9-20FB-41BF-95A3-A91BE3113E01}
T{C8CAE03D-1A39-4AAC-A6E9-B8F0EAE8FC68}
T{A39D6E83-ADA0-43C1-938A-3D8E39BDBD73}
T{D1C5D868-7238-4F59-9155-05E68256CCF1}
T{1E8D6495-C808-4465-8E72-66181BF30865}
T{02AADA93-E54E-4C13-8AF8-34789C0E04B0}
T{AFC13CF7-590E-4B31-BD84-6B6E0AA0D720}
T{7DBC538E-2B2A-46B0-89E2-2368A728D7BB}
