T{F02AD0EF-48C1-4DC5-B2A5-A5DD7FA764AE}
T{6094F992-59B0-4546-A809-20DFBF59B676}
T{75E78B00-3C0E-4173-903A-16E9B6745A42}
T{59902783-9B02-4837-A344-6BBBB92B5589}
T{2C4E5943-428D-41A8-BE58-3AF18C3FA835}
T{CC7386AF-78FC-4C02-BAA1-97F0A4D8CE77}
T{6CB2923F-EF68-45E0-A588-01957DB831B1}
T{9A518632-5B96-4F47-8A58-31ADA9D1B8E4}
T{9483C023-EE03-4A50-85B9-894EC12ADC57}
T{BA71F25B-7EBE-4E3E-920B-04E581D6D545}
T{3C30EF0E-2FBA-4657-96C1-04235477B700}
T{BC0D65A7-E1E4-4331-9A3F-1EE32B4641CB}
T{A5F81C7C-2558-4539-A5D3-FCA5BA2ADC1C}
T{5CE4651D-F4C5-4230-989F-0F7657F4692D}
T{4807B21B-92C7-4436-8926-894E98466422}
T{C2B7BCB3-4063-431E-9F24-842FEEEF36C0}
T{2F313F82-C1FB-4F09-881B-58C93BA1DC77}
T{3A4D4709-026B-490D-9A60-77E7DE6DF741}
T{17AA2624-B395-4464-8C01-8739073B91EF}
T{DF8C7825-B0B0-4524-8A4C-389FB513EE15}
T{D63681B4-66AA-474B-8A7E-EE8579DF8498}
T{1B49D7F4-ECDB-418F-B1DB-12C60B246243}
T{E2ADD1BF-DEAC-4EEB-A4E6-3C5020908781}
T{841229BB-3250-411F-8B3E-401943C8EBDC}
T{5D88FD30-9585-4FD2-BC2A-FD3538A231AE}
T{374D4401-2963-48AD-907A-C6CA7FDF422E}
T{24F05396-DA82-4FC9-AB1D-8302C7298591}
T{526A78E2-99AF-4097-BF30-D22898788006}
T{75E78B00-3C0E-4173-903A-16E9B6745A42}
T{58A3A29D-E26D-4B25-B619-CE7636552CF4}
T{662B63EA-A93F-4A08-994E-BC6BEAD70CAA}
T{A9DF3A92-1858-4AD5-B1B2-94779EEFC88E}
T{CCE45B8D-6C06-4A3A-AE4C-8C46D9CAE4DF}
T{2CBC7934-46E5-4656-A783-B08F34D078BC}
T{CFFB8766-1678-4B02-9F47-B9502ACF4569}
T{A6B130DD-3E22-4A14-8CB5-7B5F75D6773C}
T{3BF1517A-C896-482B-B27E-5DA98629FA58}
T{3ECF54E1-A504-4E97-85A4-C4A802902C46}
T{B1A480BF-8A97-4EDE-8094-C6D79420D6E3}
T{CC7386AF-78FC-4C02-BAA1-97F0A4D8CE77}
T{FCABC518-C2D0-44D1-A965-D79C454F08B3}
T{29644DE5-1AA7-46BA-86D6-F03FFA7A62C9}
T{424D2727-00CF-4144-BF3D-0166C754135E}
T{C2ADC25C-21DD-4BD3-838D-A1309D245951}
T{3E147514-3C64-49C3-AF18-9AC078C91388}
T{9B8BD2D2-998F-4BA0-91F8-7654C0B0DB3E}
T{FF14783A-35C4-4E1F-ADC0-599803934F57}
T{29AA48B0-5864-4623-8596-D4EFD82FDB51}
T{33B37AD8-298E-494B-9F93-B001A9A759CB}
T{BC43E808-2523-479C-8136-A34B971A1720}
T{FF19041A-0F7B-4E6B-87C1-11E202255908}
T{47AB1B5E-B44B-4C7E-9D31-01697BF39035}
T{9C266262-A5A5-4391-B08B-3D1BDCA66181}
T{0E948924-C007-45F5-BCCC-FA050EE90492}
T{9AA9D8C6-D9F5-40B4-BEE4-058BF91B218B}
T{FCABC518-C2D0-44D1-A965-D79C454F08B3}
T{D1041F8F-E132-40CD-A1BF-7FA17EC8B951}
T{2553C02A-DD0F-43AC-97C0-A2C779B9E9EB}
T{FE9A8AA0-52A3-44D9-8510-FF6F28E87CAE}
T{2B4C8FAC-670E-4D97-88A5-6F2D814FA99B}
T{FBF264F1-4D95-445F-8015-46CF38DE36EE}
T{3C3F7017-3235-43DC-B1C4-FCB0BE8CC27C}
T{2B4C8FAC-670E-4D97-88A5-6F2D814FA99B}
T{7B3F0545-5E23-4E91-9CD2-5FCB6AA4F4AF}
T{11BDAFBE-AF07-43ED-A453-01CBBC6F0096}
T{7DEA04D7-0614-4041-A732-5DD0BF98403E}
T{3297E98A-9E30-4B0F-9B49-EABE5022F084}
T{A24F6FDC-6E2E-4D0B-9038-A9EE6EA59182}
T{A5B9D9FD-1DB6-4AF0-892F-E47469F34A86}
T{208EF543-FF3A-45DD-A083-B6870E09EEE2}
T{6A9D8F69-85C3-44AE-9689-5060711657D9}
T{2539842A-282D-413B-9DFF-841723C1CBB6}
T{C6C50BE8-FBAB-4161-BE4A-7C5C683F80B3}
T{4F745730-2432-4DD1-AD38-68CF24230246}
T{446BE5BE-5636-4E09-82FE-40B10FF786C7}
T{20493B30-3540-4264-99D1-7A159CC4D53F}
T{E392A171-B854-4EA8-BA26-CE4E42EA2EA9}
T{FADF0084-0994-4FD1-A5A9-0DA31F02F7D8}
T{E6A7CA1E-C722-4C0D-813F-9B002D83F854}
T{D63681B4-66AA-474B-8A7E-EE8579DF8498}
T{E0C229D3-617C-483F-9E6D-44B33D64F293}
T{1277A861-D2C1-44C9-A8D0-8E40E9F2F56F}
T{6EE66AC9-52F4-4B68-BBEA-A13FDAEB8D90}
