T{7DBC538E-2B2A-46B0-89E2-2368A728D7BB}
T{429EA552-5556-4FFD-B892-1FC0E077897C}
T{B554A170-FD1C-4B3A-88DE-9290BB0D9A8D}
T{0E076D6D-9479-4152-9BBA-D9841FC3B500}
T{03A017A2-48D0-4C64-827F-4A1FED904179}
T{5D5CC1B2-BAFD-45F2-9BF5-AC2A584B53BC}
T{7B285AF5-081F-42F5-965A-C14DE5C597F4}
T{DACCA13A-4E0E-42F9-9583-B830B27BA8D1}
T{1D874E57-AAC6-4D48-9E06-AC3CDCE0B645}
T{A18BBEEA-B74E-4FE4-8CCD-2CF060906658}
T{2CBC7934-46E5-4656-A783-B08F34D078BC}
T{1D874E57-AAC6-4D48-9E06-AC3CDCE0B645}
T{CCC474F6-7F33-41C8-A25B-A1C8743D95CA}
T{A18BBEEA-B74E-4FE4-8CCD-2CF060906658}
T{E66DA5BC-984C-4113-A775-F8336F4874CC}
T{3BF1517A-C896-482B-B27E-5DA98629FA58}
T{2093D67C-92CB-4264-9C95-2E3C7AE07623}
T{AFBD35C3-CF1C-4390-A875-3A88F1D2DD13}
T{A3A73661-2865-4125-88F8-35651F9ED062}
T{82E87862-18D7-4239-8EEE-0F7DA8BBA5D9}
T{836A110B-190F-41D6-A967-6D579FC19DA8}
T{E6F66DB6-00DB-43D1-8273-5DEDC33ABC93}
T{DF8C7825-B0B0-4524-8A4C-389FB513EE15}
T{429EA552-5556-4FFD-B892-1FC0E077897C}
T{C2B7BCB3-4063-431E-9F24-842FEEEF36C0}
T{996DDEA1-CF44-47E1-860E-FB1C870E4AEA}
T{6F06B94F-9BA7-401D-8BA5-3862949DD84F}
T{07ACC452-E1D5-48F7-ACC5-6E9E6798D3EB}
T{3CE40F78-5A9A-47EE-B848-F4384BBF999A}
T{15B0ABDA-723A-4A8D-8183-9E9EBB5749B0}
T{7A97DF42-FCE9-4922-AE9E-8BFDA8EB28DB}
T{CD819E00-BFBE-4FDC-AC57-B4C854703EA7}
T{BCEBDF63-0F20-41EA-95F7-6E989B5A63B6}
T{DCEA5090-83FB-402D-8C62-6554C602A8FE}
T{7B285AF5-081F-42F5-965A-C14DE5C597F4}
T{391AB647-7A5C-4779-98B3-0FA81167F1DF}
T{85E5B9BA-8A7D-43C3-BB38-7C35234E289D}
T{A74369EC-35F9-413F-9DD1-1C667735AC1D}
T{F1B608F0-C98B-41BD-9CAD-92259DB0455F}
T{1277A861-D2C1-44C9-A8D0-8E40E9F2F56F}
T{4F62006C-E537-4AEF-BD45-6530586F4BDB}
T{F33750C1-8DDC-4451-9A3B-9AC9DE62DE44}
T{E9BD4324-24C2-4DDD-BAF3-90E043CBCBE9}
T{3ECF54E1-A504-4E97-85A4-C4A802902C46}
T{CC70508D-5B81-49BA-8F71-2BEA87D6465B}
T{75E78B00-3C0E-4173-903A-16E9B6745A42}
T{24FBB49C-4521-4C54-BE2C-3B700BB32138}
T{A5F81C7C-2558-4539-A5D3-FCA5BA2ADC1C}
T{03A017A2-48D0-4C64-827F-4A1FED904179}
T{0B584621-0A26-4C5D-A6D8-538058755D46}
T{6E71B93E-B6BF-4A51-BA09-237280C53A1D}
T{82E03863-7363-423A-8698-65D3B4E99A7D}
T{1A50F501-6347-4D88-91D4-D870B3DB44CB}
T{07ACC452-E1D5-48F7-ACC5-6E9E6798D3EB}
T{1A19F6CC-CA96-415D-B9A0-5F749E82982F}
T{9B55E62F-830F-4C1D-B7D5-ADBBF2514263}
T{F9A05FA7-A766-40E9-A4D6-EC595C1E896C}
T{424D2727-00CF-4144-BF3D-0166C754135E}
T{0B584621-0A26-4C5D-A6D8-538058755D46}
T{02718AFD-41F9-4D2D-B72B-C925C49F870C}
T{46B61F41-E05E-4F8B-AA1B-8F1E9ED82411}
T{425030E9-9B39-4DE7-B8D4-064373B51BE6}
T{CC70508D-5B81-49BA-8F71-2BEA87D6465B}
T{9C9FE710-5C8D-4AFB-896F-184027C1D8C0}
T{2553C02A-DD0F-43AC-97C0-A2C779B9E9EB}
T{BEA69714-37AF-4C8E-A775-9FFC29C3B9C9}
T{004C7071-B6AD-4DA5-A322-1B52A664D2C4}
T{B35D7BED-98CA-4176-9A99-AB3DB17FE5C9}
T{5CF946A3-252C-48CA-811F-3467206FED58}
T{4E99C025-92E1-49BF-B885-7D51325F070A}
T{121B8B9C-BC9B-416C-8D61-20A6C6A56D76}
