T{710FC8E6-F4FD-4C53-ABE9-DB7047818D26}
T{8AC3331E-30AF-401A-861A-EB7B5DC4A364}
T{59E033BA-89F0-4F6F-BF5A-BD2C121DD409}
T{EF0ACD08-351F-4BC9-9D48-90894C849FC3}
T{BB89ED78-60F4-4464-A49F-5B7BA4DFBD39}
T{F904056C-9529-468F-862A-61783994C635}
T{A8340BA0-82AC-4729-9128-73F4FE7B366D}
T{7B5417ED-1ADC-43A3-9490-D17E44B09982}
T{3DB84408-A8A4-4ACE-BC41-EC5F17734D91}
T{FD9D50E8-DE12-4104-AB32-760CF48800AD}
T{115225C5-AE8F-4342-9991-10F5041DC5D1}
T{4EBE5AEC-550F-44B1-BEEB-2D41BB1C7B60}
T{107DC529-9A37-4E7A-B12E-A35DFB7DB0BB}
T{2C598B8E-F350-4382-B4A8-7903A0EBAB67}
T{85297D8F-4EF7-4B94-A26F-D512405A25E5}
T{DD388464-388D-4F0A-B043-752D102E030C}
T{EFD71D72-8BDE-4CEC-BA58-9A51B3E1AD8B}
T{E6FDB314-68FE-4E23-A297-22001D721486}
T{DF4387DC-014E-45D1-85AD-74E811494FAF}
T{4EBE5AEC-550F-44B1-BEEB-2D41BB1C7B60}
T{710FC8E6-F4FD-4C53-ABE9-DB7047818D26}
T{8AC3331E-30AF-401A-861A-EB7B5DC4A364}
T{DF4387DC-014E-45D1-85AD-74E811494FAF}
T{EFD71D72-8BDE-4CEC-BA58-9A51B3E1AD8B}
T{7B5417ED-1ADC-43A3-9490-D17E44B09982}
T{107DC529-9A37-4E7A-B12E-A35DFB7DB0BB}
T{3DB84408-A8A4-4ACE-BC41-EC5F17734D91}
T{E6FDB314-68FE-4E23-A297-22001D721486}
T{A8340BA0-82AC-4729-9128-73F4FE7B366D}
T{115225C5-AE8F-4342-9991-10F5041DC5D1}
T{FD9D50E8-DE12-4104-AB32-760CF48800AD}
T{2C598B8E-F350-4382-B4A8-7903A0EBAB67}
T{DD388464-388D-4F0A-B043-752D102E030C}
T{EF0ACD08-351F-4BC9-9D48-90894C849FC3}
T{85297D8F-4EF7-4B94-A26F-D512405A25E5}
T{BB89ED78-60F4-4464-A49F-5B7BA4DFBD39}
T{59E033BA-89F0-4F6F-BF5A-BD2C121DD409}
T{F904056C-9529-468F-862A-61783994C635}
T{5FA3B17D-4088-4897-8624-0386C713ABD7}
T{2539842A-282D-413B-9DFF-841723C1CBB6}
T{FD9D50E8-DE12-4104-AB32-760CF48800AD}
T{1DB21F1B-0227-4F0E-AE91-5A61B56BC743}
T{49D513BF-DCE5-4DF2-99F3-63E18EE2A48C}
T{7F9E65AF-5267-4CA7-875A-78C8E32947BD}
T{DA22A2CA-8893-4374-816B-63AA64B19A5E}
T{20493B30-3540-4264-99D1-7A159CC4D53F}
T{8903B9C3-29A4-4124-A7C8-0DC3FFDECDBF}
T{2F6474F2-7F97-46AD-8987-05F85B21C01C}
T{219C1C1F-F5BE-4E5B-BF5B-49FA79236BAE}
T{64DE416A-B183-461E-B9FD-3D3991A3A49C}
T{710FC8E6-F4FD-4C53-ABE9-DB7047818D26}
T{8AC3331E-30AF-401A-861A-EB7B5DC4A364}
T{59E033BA-89F0-4F6F-BF5A-BD2C121DD409}
T{EF0ACD08-351F-4BC9-9D48-90894C849FC3}
