T{BB89ED78-60F4-4464-A49F-5B7BA4DFBD39}
T{F904056C-9529-468F-862A-61783994C635}
T{A8340BA0-82AC-4729-9128-73F4FE7B366D}
T{7B5417ED-1ADC-43A3-9490-D17E44B09982}
T{3DB84408-A8A4-4ACE-BC41-EC5F17734D91}
T{115225C5-AE8F-4342-9991-10F5041DC5D1}
T{4EBE5AEC-550F-44B1-BEEB-2D41BB1C7B60}
T{107DC529-9A37-4E7A-B12E-A35DFB7DB0BB}
T{2C598B8E-F350-4382-B4A8-7903A0EBAB67}
T{85297D8F-4EF7-4B94-A26F-D512405A25E5}
T{DD388464-388D-4F0A-B043-752D102E030C}
T{EFD71D72-8BDE-4CEC-BA58-9A51B3E1AD8B}
T{E6FDB314-68FE-4E23-A297-22001D721486}
T{DF4387DC-014E-45D1-85AD-74E811494FAF}
T{FD2962F7-6701-40CF-817A-229FE5E4987D}
T{7F55B4C9-5250-46EC-99DD-978DE58976C4}
T{F34B8D1D-265D-482E-8885-09A66AF45183}
T{3D6D9F66-121E-432D-B777-F4B64B4F4FFE}
T{5F4BE2AB-AFFA-42D6-9230-6A7D6650045A}
T{C51AC722-7F1F-40E8-B216-8DC674017B52}
T{9483C023-EE03-4A50-85B9-894EC12ADC57}
T{BE62B7B9-A638-4146-BCB0-E60710EE4D71}
T{6B42FDAB-39DE-4CC8-AC47-F1804C31E1EB}
T{AEDAED6B-E837-48A1-8978-6A6B3F4B2007}
T{526A78E2-99AF-4097-BF30-D22898788006}
T{607F0180-2EC2-4690-8B25-234A28EF6DF6}
T{FCABC518-C2D0-44D1-A965-D79C454F08B3}
T{E6A7CA1E-C722-4C0D-813F-9B002D83F854}
T{9C212466-53AB-488E-842D-70C7039BB3C2}
T{7B5417ED-1ADC-43A3-9490-D17E44B09982}
T{379DAEDD-BAA9-4E19-A221-CAD5B1673BD4}
T{2093D67C-92CB-4264-9C95-2E3C7AE07623}
T{B8BE9042-6EA1-422E-951F-F4A5F9D8D43C}
T{6A6A0DA0-A5EC-416A-884A-D32B4393C8CB}
T{ABFBA485-F8E1-402F-AD7D-4FC029C7467F}
T{1277A861-D2C1-44C9-A8D0-8E40E9F2F56F}
T{801BE00C-259C-4978-8AB5-27C0F0E2B441}
T{85297D8F-4EF7-4B94-A26F-D512405A25E5}
T{04C96E97-849D-438B-96DD-277C36DEDA04}
T{EFD71D72-8BDE-4CEC-BA58-9A51B3E1AD8B}
T{B4C63766-55DD-4FF3-A860-9A6740188489}
T{836A110B-190F-41D6-A967-6D579FC19DA8}
T{B93103C6-A81E-4B26-AA68-77F8A47F8934}
T{8C22EF58-86A6-4954-AB96-CCABDD94BEF8}
T{824D5AD9-F1E3-4AC9-8D2F-00A1B72F33AC}
T{7D547629-F4C6-4A73-BE07-7438790F4E25}
T{A9A20C40-B426-4914-9D77-F0435FE51B8A}
T{647D4AE8-F83D-409C-8163-66B3BA6536E8}
T{4CA6FEAC-D8C9-47FA-B3EF-C8559EB3E50A}
T{D5F17BBF-9EBC-4841-993A-7EB0BA9EE7BF}
T{24FBB49C-4521-4C54-BE2C-3B700BB32138}
