T{6094F992-59B0-4546-A809-20DFBF59B676}
T{1A19F6CC-CA96-415D-B9A0-5F749E82982F}
T{148D5B64-91B5-4A3D-8E8D-8EFD11F3343E}
T{64A5B9B8-9319-4BB7-9090-AB15DBD340FA}
T{7F55B4C9-5250-46EC-99DD-978DE58976C4}
T{F18D1C36-04EF-4959-A541-95C7DA77F148}
T{EED9659C-588E-45FA-9C05-7C2B24F5FD6A}
T{BB040E56-6EBC-4435-AFA5-56C29ACAB205}
T{9B8BD2D2-998F-4BA0-91F8-7654C0B0DB3E}
T{2093D67C-92CB-4264-9C95-2E3C7AE07623}
T{2093D67C-92CB-4264-9C95-2E3C7AE07623}
T{858FC88F-DB3E-4330-8CA3-22FD926D9EC6}
T{E307061F-B7DA-4FB4-AF08-81F593694A04}
T{E295E95A-EB77-41CF-8E6E-AD915AE4F180}
T{23C1600C-5248-4CC4-AF04-B376FA685371}
T{BDE705AE-A2FD-4CEF-AD74-E48F470C60E4}
T{BCEBDF63-0F20-41EA-95F7-6E989B5A63B6}
T{5CDA95D1-5FB5-4E94-85AC-29C0372D2151}
T{9A1CFA80-E575-4A8D-A49B-A27D09C52AFC}
T{9199BB53-AC93-4FD9-9B90-E8A52E5C2FE3}
T{61BFD9AC-308F-4304-894C-E9853BDE4B8D}
T{47AB1B5E-B44B-4C7E-9D31-01697BF39035}
T{D885E905-4EDE-4F32-8787-86083F388A64}
T{A18BBEEA-B74E-4FE4-8CCD-2CF060906658}
T{8C19D98F-59C5-48B3-B519-6221E143453D}
T{B3F0DDB3-6262-4FB2-BEF9-97E301B3DF73}
T{6DA4B4EB-DC27-43C4-95DA-E609DF9DACAF}
T{6F1ADB96-E75F-49DC-8D94-762B2F22107A}
T{30FA4F11-2873-4BB2-8883-BD13428EB997}
T{44B569FF-A7B5-442D-9045-18BCECE921CD}
T{9A1CFA80-E575-4A8D-A49B-A27D09C52AFC}
T{81D194E0-12F4-40B4-A426-D32B5BCBBB77}
T{7A97DF42-FCE9-4922-AE9E-8BFDA8EB28DB}
T{CE2E7CD1-9070-4D7E-BBA8-661B0DFC78B0}
T{F33750C1-8DDC-4451-9A3B-9AC9DE62DE44}
T{38FD2DF2-C126-4E2B-82AD-1E83E3707F90}
T{5CDA95D1-5FB5-4E94-85AC-29C0372D2151}
T{D69A57B3-5A22-4641-9E91-AC0456EC42AA}
T{A0B32FEC-80B4-45E5-97CD-1E12DB821BBD}
T{1BD3ADA1-5E36-453A-994D-796686327EA0}
T{C2B7BCB3-4063-431E-9F24-842FEEEF36C0}
T{4213493A-303C-4F76-8BD9-FDEA9D612E68}
T{A5F81C7C-2558-4539-A5D3-FCA5BA2ADC1C}
T{6A9D8F69-85C3-44AE-9689-5060711657D9}
T{C51AC722-7F1F-40E8-B216-8DC674017B52}
T{F3BB19AC-FC9A-42E1-8759-3A8C0357FB5F}
T{B90D9F73-87A8-4EE5-AEE1-315E38ECD17C}
T{42916481-7F3A-4CBD-9615-0F18BD3C6E4A}
T{B8BE9042-6EA1-422E-951F-F4A5F9D8D43C}
T{49D513BF-DCE5-4DF2-99F3-63E18EE2A48C}
T{4052831E-70E6-482F-8C82-1D5E04255D26}
