F{1D8FCE0C-A184-4F7C-93E2-912083F0DD68}
T{9BD2BE32-BE96-47DE-B8ED-123676D6C5E6}
T{8BD304FC-6AFF-4DC7-BA33-C1318D831F5F}
T{1FD1302B-6CF4-4936-A025-3182E532DAD2}
T{2FEE0EBB-2734-4170-9574-FBB3B193DFCD}
T{AE875909-D863-467C-B1BA-CD047971E860}
F{6B42FDAB-39DE-4CC8-AC47-F1804C31E1EB}
T{2A3978EF-895F-4A25-B60E-7025C8266761}
T{680A7BFD-1828-48FE-9927-59B16FA41EE8}
F{429EA552-5556-4FFD-B892-1FC0E077897C}
T{E12B04A8-8331-470B-BE2C-72173801807F}
T{F7BD5B6E-DBF4-49FD-8CAE-77C8B41CBE73}
T{4CA6FEAC-D8C9-47FA-B3EF-C8559EB3E50A}
F{ABE9C3A1-4087-4EBD-9874-3453A778D9D8}
T{EE133B41-99B8-40D8-A41F-0B7B31F4C564}
F{AEDAED6B-E837-48A1-8978-6A6B3F4B2007}
T{ABE9C3A1-4087-4EBD-9874-3453A778D9D8}
T{C6C50BE8-FBAB-4161-BE4A-7C5C683F80B3}
T{7845E061-0E09-4A43-9F41-B864FD91CDE3}
F{50E384C3-AB4F-4655-8C1C-9AE08A6F2349}
F{FD335DBF-22E5-45EA-A60A-83EEB81DAD99}
T{4B579F16-6627-4F34-A2F7-A0E250E99922}
F{1BF40C62-5932-4BD4-8563-7E0CCE9CC73E}
T{F7BD5B6E-DBF4-49FD-8CAE-77C8B41CBE73}
T{44A6B443-F408-4F17-8C56-EC753D4C5156}
F{B814B35E-F0E0-4ADC-A9CD-177C68225AA6}
T{E3683CFC-8679-411E-8A72-D2E9E206F152}
F{11BDAFBE-AF07-43ED-A453-01CBBC6F0096}
F{E1876B80-17E6-4900-B186-04495B2850E4}
T{81D194E0-12F4-40B4-A426-D32B5BCBBB77}
T{05AFA9E1-9B91-4802-9EEF-BFF425F45609}
T{6E380164-437A-4095-A28C-856759F057CE}
T{2A3978EF-895F-4A25-B60E-7025C8266761}
F{71539232-530D-43EF-9D1D-B9F9A70C1EB7}
