T{DE433329-C26F-4745-ADEA-E7D36510E04D}
T{98ABB37A-BC90-49EC-BDE5-161F5B25D64C}
T{6723374C-F1D7-4DF1-AE6C-36EDD1A971B6}
F{F64C80BA-A55D-45E1-AB50-5F6130BBC33A}
T{F2C56F38-DF65-4827-8B59-5B55D0DFECD2}
T{8785CBA8-8DF3-48D0-B7E9-1358EA34D2F2}
T{D131DA40-C800-4915-8051-6D717D3AB106}
F{29C5D3E5-F63D-427E-A5CD-60AA596A8F2D}
T{D410340E-0821-42B9-964A-A4CD78FF5DA7}
F{2F913E24-0659-4568-BBBD-770E80DD7BCA}
F{07CB0676-0E76-4370-8F17-A65449557E2D}
T{D7CAB042-6AD3-4CD5-BDF7-6DC81E8201CA}
T{0858B113-79FB-4AA5-807A-292BF5170384}
T{0D10F7C5-2906-4DAF-AAC3-9C3781D62F67}
F{668B4B95-302E-4A33-B1E9-07DB93703622}
T{4348C5FA-58F7-47FA-B78D-AD9D2607F0B6}
T{C1DC69A4-D9E3-4886-880C-E790BD9FD882}
T{8C14ED52-AC13-443A-98AD-F72D153C4C2E}
T{ED7787B0-EF77-400A-8CCD-13952A219EB8}
F{B20831E1-D00E-47BA-BF9A-1AE95DDE9F0F}
T{7D129204-5AA9-4843-BEE1-52E7F308E315}
T{C939249E-5ECA-4A91-A9F8-79965E8247A7}
F{A4B4AC91-30DE-4FC1-AE9B-DBD77D9C46AB}
T{EDB76416-AACC-41CD-9EEE-4ABCAFD41452}
T{CA18A1A4-2CC2-4ED1-8E7A-2824F68D586A}
T{A48FD323-711A-4119-95B1-CA720CD74E5C}
F{55177B21-4A9F-426B-ADDD-4EC8AA3A342B}
T{C1742CF7-E0B0-4F5E-8DC1-C785E781CBB8}
F{0597A5B9-AA74-4529-9764-79F3B4EF4985}
T{A21A2838-3446-49C8-B592-8F4D4EEB0B30}
T{6DB8B899-29BA-4F32-BC4E-30F0BE03F5BE}
F{28ED82DD-75E3-4742-92EB-70A278343ACF}
T{DD9BF62C-D504-4859-8527-E826FBA32CCC}
T{823778CF-50F7-446F-A4C6-32D043FB533B}
T{99AA33EC-A00D-4196-ADE1-C77F4075487B}
F{F780F1A9-2344-4482-B5F3-C98DACEE4E69}
F{417ED726-E1B4-47BA-A77C-96B0149660BF}
T{E9A137B1-FD31-4BCC-B17E-C6F6A14E70F4}
T{2F729D95-4E74-4735-94D3-71E8AFAA5A5C}
T{2422DD25-3A4C-4B31-9B65-751B6DD91C9B}
T{1ABB512E-3F5A-47E4-8C63-36BBA4FE8155}
T{23782766-5DBE-4932-8B2E-7C1EAF927D66}
T{5E61A37B-D7AF-4FB8-8634-172B149EB70B}
F{1BA03C8D-D399-4F4C-A5D7-54CD932BA0D2}
T{9172BB7B-8A87-4E12-A59E-02760EF02AB4}
T{363A57C9-219B-4B9D-AE0C-4D810DD2CD57}
F{E3395758-CA5D-42EC-9CE3-248408048B47}
T{C7592348-4A64-4D0F-A0D0-450C626DE43A}
T{0F8801E8-D250-43AC-8602-0B118678B55E}
T{65E6CFE1-4DD8-4440-8BB4-594E37B160C0}
T{19D3F830-5719-4D56-A208-98E95589DC3D}
F{7B25D248-714B-400A-83A0-006DF80FE59F}
T{E06CD07E-64DA-4675-BAA1-D4DCDC23F37A}
T{611D86DD-77C5-4F12-9453-E49FE4EA11CD}
T{0A9744B3-1D25-401E-B45B-0F830FA31649}
T{63BC8900-A1EC-4913-9C48-A69B10F427F4}
T{48B67CFC-F8AC-4379-9371-F3AC49A5216D}
T{A14752EF-A631-42E2-8B5F-03143F0286FC}
T{0C4A048F-A9A5-4A1B-BC7A-6F83903311A6}
T{388B46F8-F24F-4733-B9A2-B0AD2C2AFE33}
T{CC7F3AA4-3908-42A6-B404-DC4C8E2F05A8}
T{D55F2928-166B-4A33-9C39-F1A249F7FDC9}
F{821D3C69-F39B-45F7-B365-53D0DA4A09E2}
T{F16A579F-7BA0-40E4-A1AB-F6B5C6492078}
T{8EC82FF6-6969-4C23-835C-6EDB7372904B}
F{EBCF0615-4612-41B6-B3BD-600920F4941B}
T{58F6C9CF-4240-44ED-8826-4AE9C9D8D4BA}
F{1C15A848-32EA-420F-9E1D-5869169E2434}
T{0CD6EC3F-84C9-4847-9C41-0B801300844E}
T{C6DBAE20-FD39-4C99-B9D1-11A51D43A1AF}
T{D2A4AFFB-D81B-46FF-9F10-CF5DC7549ABA}
F{2869F1A1-644E-407F-A5AB-C114CA305B74}
F{A184F0C1-04AD-464F-B661-D4B86EA8A8B0}
T{7A054CFD-D695-4962-B231-5B06E8CEBE83}
T{ECD6B62C-CE0F-4176-9735-6A5A1799F860}
F{0A0AC52D-52C3-46EA-9659-279876D0080E}
F{60D41242-06D3-4A02-8069-830655DD1FF1}
T{A290FFD5-140D-4439-8959-31FA4651E4B3}
T{BCACEF18-C874-4C91-8287-78A1798638D2}
T{C8340FE2-A7EC-41E2-AB12-D933D6B8F917}
T{B59246BF-FCDE-45CD-B7E4-9448371352A7}
T{6C0BF157-5620-4B3C-B300-3C8512692C82}
F{2E2FA9B9-5526-4DA3-872B-38431976767B}
F{AD634C7F-74C5-42F0-BBFF-CDE734A7CB8F}
T{B4B1C5C2-F087-4827-932E-07E9B11ACA56}
T{0A93E4E7-8719-43C1-9736-B91C7F95ED61}
T{57468EC9-E890-4D47-9235-6CA6F8C9A0D9}
T{1D9B03DC-0C94-4C30-96A0-2C37130D2F79}
T{AAC07CC5-A342-4E6D-9EF3-F58A2F92747D}
T{50BFE04F-99D1-4115-93A9-9C7638251780}
T{1DE8E118-2AC9-4E76-B7E4-4A87320E7AA5}
T{0816A9D4-8630-417F-A083-944D0E607AD8}
T{BDE0A4CB-55C6-4790-A2CE-30EDF2FA3E8D}
T{9AFCF246-EAF4-4EA0-AABF-01CD13AC889A}
F{7909B7F8-FB32-4077-A67B-E902341D64A1}
F{2FA00DAC-3AE3-493B-8435-9D0D4A39F4B3}
T{1D4F78E9-9511-4DFA-A172-3E0E344B459D}
F{AA1BC3C0-448A-4776-BEB5-938BED14CA8F}
T{F8F766AE-B9EF-4480-8F00-497727BE3455}
T{A70E1BB0-32D6-46B4-BEA9-3884DC03ADC2}
T{0A9744B3-1D25-401E-B45B-0F830FA31649}
F{F985AD6A-BCF1-4FF5-8D68-6190E1F0ADA8}
T{8CFBA49B-20C6-448E-939D-67F0A120DEAC}
F{F0DAC881-B87C-4BEA-9C2D-8D86ECB16310}
T{4458E00D-6C0F-4011-AF7B-C9445F4145A2}
T{823778CF-50F7-446F-A4C6-32D043FB533B}
T{699CF8BE-8081-4278-BED5-3BBEC00949B9}
T{B53F4E96-BC40-4B68-A476-1FC824A5BFC0}
T{2E2FA9B9-5526-4DA3-872B-38431976767B}
T{117A0B01-2A12-4F1F-896A-FBE1495AA375}
F{212BA00E-EAC1-45CA-8EFA-1575F8F7FF6D}
T{E6616990-CFE0-401A-B4D3-9333D424B173}
T{03841067-39C6-4344-AC77-8F74CA458A15}
T{823778CF-50F7-446F-A4C6-32D043FB533B}
F{96C63D3B-E790-4922-A708-208CA6DA3EBD}
F{FC231168-DB9E-4914-A939-D1415944E535}
T{B9EC0518-AC61-48F0-862D-F5CE574F0706}
F{164065A9-99A0-4F9F-A7DA-D0E4D4521F44}
T{44F3BF50-EDD1-466F-B785-2E56FA8439F5}
F{99C47D85-E3AA-41FA-B935-89603E1CF295}
T{03A7FB1B-8178-4688-B6D9-9F852AC2E5EB}
T{1ED4B938-0B25-43A2-A982-0B3DEBC45174}
T{5390E3DC-9A2D-4A12-BDFB-663A4B0D3FD8}
T{3991000C-24B1-4034-83A3-49E47DF01AD9}
F{C3A1C0D9-E1A2-4E17-AA44-B3CECFA1FC69}
T{30101BDD-68FE-4F05-808A-FEEBDD00A686}
T{C77880F5-6FDA-46FF-A5DA-0808F4439A23}
T{0E9F01BE-0181-4B3C-8757-CDD2AD1C6E49}
T{A2150B57-430D-492A-816E-DF7559F74BA9}
T{3D511E0F-C849-455E-951C-53EC1F8C63CD}
T{3C3F4F31-6197-4A0F-A89D-0E903A7436BC}
T{1FA7C022-CE2B-45E9-BA0E-30AB62C40ABD}
T{83F5D758-30E9-4B57-98D7-8E85834EDC6A}
T{B9EC0518-AC61-48F0-862D-F5CE574F0706}
T{E3EB5DDF-2836-4B11-9C86-23663274366E}
T{05D083C3-7021-4FF7-B811-2E715383945F}
T{55ABE7F0-8AA7-4A16-929E-7CF328992542}
F{1FFDB99D-9163-405E-B68F-EF3667708C22}
T{1ECE994A-11B3-4A54-A7E7-B2187970EEC5}
T{3AFD3377-0C3E-418F-AB23-8039750A1D6D}
T{AEBF6210-7CC9-4D67-9220-90829C2375E0}
T{6E14113B-8E20-4B90-A537-A1B3B355DBB2}
T{6F804437-245A-4491-AD02-04CA09894446}
T{7BF3F2D9-E0F1-4BA9-9E1B-7B2773C83C68}
