T{31562F44-9220-426A-945C-353A29473F3D}
T{3972E64C-D59C-4325-AFAD-C94E2710C1EB}
F{5AE624DF-B3A0-422E-BC98-829F6B32E371}
T{5310ABBC-9A4F-41EE-AF71-8FE5E0E836A3}
T{C6DFCEB2-EE61-4BAA-8F96-EE3086705FAE}
F{B3579977-D4AD-4589-90DD-752A0ABDEFC6}
T{970DF23A-2C2C-43FD-A81E-ACE158791DA7}
T{171B9DA4-11ED-4CD4-86EC-E4E8E164A054}
F{684F3630-3F9F-4681-91CF-C626CDD1A32C}
T{1F060D65-F0D5-4B3C-AE7B-60907E2DC793}
F{FBEF59F2-61FB-4FB3-A2AD-EEA28FF9CCF8}
T{21EA4815-049C-4ED1-A977-9F82A6CA25D0}
T{EA138A3F-F933-4A87-B1EB-8D111DA554D9}
T{9D6A4EEB-24EC-4A7C-9568-CEF17656B6D4}
T{F3D1FD50-4B21-467E-A269-59A7D206C7B6}
T{FA1AB0F4-1C5D-4D21-9BAC-19CC8C82C5E6}
T{FDA1646B-AD6E-4764-ADF8-511F5CBFE225}
T{9AE73D21-20FE-4218-8B95-840EE4564941}
T{C73C0633-46C4-425E-AF68-13A1480625B2}
F{675414F6-69FC-4D3F-8646-9D7BBC4EB12E}
T{18DC685F-FBC5-4E65-BAC1-094E8063A20B}
T{3C5CA223-6178-4154-8A82-9A479F0E3AED}
F{AD634C7F-74C5-42F0-BBFF-CDE734A7CB8F}
T{7DAA3367-2D32-4614-A905-6DD5165418D6}
F{D6969E1C-53A0-4262-AB91-04D5AD2E2689}
T{CFD8B6A5-1869-463D-BA83-0A479A3D36B2}
T{55DD1DC4-C369-4324-8C70-02D446557043}
T{0A9744B3-1D25-401E-B45B-0F830FA31649}
T{90FA22B8-2822-46EC-8F6A-B3D6FA3F8720}
T{3AFD3377-0C3E-418F-AB23-8039750A1D6D}
T{ECF606CB-3D3F-4C02-99C1-A5FCC78BCB4A}
F{93AFA1A0-0524-44EB-8549-8FD6C56AA21C}
T{6B5FFA9F-8AB5-45EF-A57C-18B4BAB2037E}
T{0A9744B3-1D25-401E-B45B-0F830FA31649}
F{212BA00E-EAC1-45CA-8EFA-1575F8F7FF6D}
T{16EFB5D6-FDE1-4F23-A76E-11E81E5B4692}
T{A815E35A-EF83-4767-98F6-48B479702041}
T{7490926E-0464-45C3-999A-9231848693BE}
T{ADE0DDD1-922E-47C9-ABF9-1E02BB49638D}
T{2D050485-4E05-4CA5-AEC7-8B06F2CD8050}
T{DB104222-55CE-418A-94A3-C20DF19EF792}
T{2BDE3DE9-83FB-4ADE-A864-16FFE285E512}
T{6EFC1BF4-D2F1-420F-8BC2-A70D35DAD54C}
T{DD338CB6-1873-42B0-8A16-7D4993F41D9F}
T{0858B113-79FB-4AA5-807A-292BF5170384}
T{76C823B4-DC7F-483A-A87B-C0939BFC2348}
T{8089B0D2-A703-4F23-A9E8-383DF2634F94}
T{416DE619-FF2B-45CC-A8CF-7F590CC3D5E8}
F{A117B21C-102F-4FE6-999E-75B624A5AB32}
T{98AB756D-5236-456F-886A-F292998316F1}
T{24D45AA7-417A-4B7E-990A-71877DB92F80}
T{827B9D4A-15F9-40C4-9357-B3519ADB5988}
F{120152F5-AA1B-4966-81B5-D98839FAB9B8}
T{24EECDEB-0C90-419D-92AE-E09E3D61101D}
T{3E2068F8-DE2B-4DAD-B9FB-AF3F462CF540}
F{711F6F47-0621-4A63-AD17-1BC2642E21EF}
T{5B58B47E-178C-4C7E-8984-7334392D05C0}
T{C86ADE68-FA42-498F-812D-B960C00B23E6}
T{1ED4B938-0B25-43A2-A982-0B3DEBC45174}
T{39DF821A-1242-4428-AC77-DB88C1A4A6F6}
F{5ED9A8DC-5566-4C43-A2F7-CBD356CC9A41}
T{8545038D-7510-41FF-B9C8-C326524DF0D1}
T{D131DA40-C800-4915-8051-6D717D3AB106}
T{86B338E1-14E5-4F21-BA69-FED51434C944}
F{312B7AA7-4A47-465F-A72F-40715F505E82}
T{96C63D3B-E790-4922-A708-208CA6DA3EBD}
T{795E9D40-8383-4E59-8C85-0AD8DAD5597D}
F{9039F657-FDD1-4F00-B614-723F7FA9DFAC}
T{B35271A6-4A3D-42D4-B273-A857921896B1}
F{E1D2EB51-5EDD-48D0-8D1D-C786EEAE71AC}
T{CC1F03A0-9301-4C59-85F3-AEBC09AF30C3}
T{EC8764FF-0ABB-43C1-AF02-E2D94AE87F99}
T{594477FA-35A3-4609-8E48-A5A1C00441FD}
T{B20831E1-D00E-47BA-BF9A-1AE95DDE9F0F}
F{D6AFED18-FB75-42DA-A74E-6E9F03412FD6}
F{1FFDB99D-9163-405E-B68F-EF3667708C22}
T{7DAA3367-2D32-4614-A905-6DD5165418D6}
T{E10DC070-712E-448C-B3A5-9B1B1103AB27}
T{FA1AB0F4-1C5D-4D21-9BAC-19CC8C82C5E6}
T{5508C5A0-7E9C-47EC-96F7-1015DDF00B89}
T{9547A873-8914-4B48-9B38-5BDDD764618F}
T{86AB85F2-EB1A-4A08-8355-B28E6346A84F}
T{AD78A4CF-6C2E-4EBE-83E0-BBFBE58AF60D}
T{164F0604-29C4-4C72-999B-045140BEA26B}
T{5CC80056-E808-4440-8506-12B1B5EBD61D}
T{B11C93E3-00D6-4B8D-BAC1-029A0212F62E}
T{244F13A0-F1D8-488C-A91F-9F8479457882}
F{311EFD27-8FB7-4A1F-9E50-89553D17910C}
F{E48E37F7-DABA-4D38-B613-A0F9158488F3}
F{A3FB4352-573E-4B35-91C3-ECE97F73A328}
T{1F060D65-F0D5-4B3C-AE7B-60907E2DC793}
T{684F3630-3F9F-4681-91CF-C626CDD1A32C}
T{5E61A37B-D7AF-4FB8-8634-172B149EB70B}
T{4043CB13-B73D-4D30-9E52-08876667F0A5}
T{0F5BAB18-1244-4108-BED1-ACD5BEDFB15C}
T{981BADEA-0409-4ECA-9EAC-7F93A992094A}
F{F8DFD3B0-5A41-4FB8-951C-9B31FA7257FD}
T{18F83909-6A1A-4622-90AE-146C40C1AC30}
T{A26F12AF-16C0-4EAA-A88F-D27857535ED0}
T{6C6DC76A-BE5B-43E4-9F3F-44C26A2C90C7}
T{98D50743-2FF5-47DE-8ED1-BB2963562C02}
T{2CAD34D7-11B0-4430-B073-22199B38E578}
T{C3B83F7E-C62E-492C-90C8-1EED89DE2D97}
F{41A45C9F-C418-42FC-98B5-ECBA6A48D32E}
T{8A05E659-DDEF-4239-A3E3-450434B42254}
T{FF5969E4-FF30-46C6-8360-E664EE3D621C}
T{030E9D1A-AE36-4AF8-8631-F96CE141713A}
T{350CDC71-079D-42E5-BA19-E070B55D2DF9}
T{FA4F9096-D8BC-4FD6-A0A9-F9966DEDE2D3}
T{C6DBAE20-FD39-4C99-B9D1-11A51D43A1AF}
T{E93B3FBE-6D1B-4F9E-8976-C244793077F2}
T{86AB85F2-EB1A-4A08-8355-B28E6346A84F}
T{9DE7B7F2-DC94-4D03-96B3-040C73C16B49}
F{AA1BC3C0-448A-4776-BEB5-938BED14CA8F}
T{AF0FDCD1-46C4-4515-9A16-42B6E00270F2}
F{A6D7E995-DD66-46AF-8458-B3E8DC9093C9}
T{19233ED7-F822-4C7D-9D5E-4789942FD750}
T{A978CA0F-82F7-4C15-B5AE-9B9B69FCF5DA}
T{10B43F8C-5090-4D29-A7C6-4E433C122B53}
F{11294FE1-95F5-44AF-B5AE-BA514A3FC578}
T{A01B3175-7EFD-4DDF-A878-4D4FA1F8B1CD}
F{37F55315-2379-4CD8-BA24-42B255C13976}
T{AEBF6210-7CC9-4D67-9220-90829C2375E0}
F{5DA95A32-824D-41CD-A257-300C05AD7A65}
T{A5B8D0AA-510D-4111-A162-8E7B0713D7D9}
F{82460E98-8F2F-4227-8F7A-2E4D2E4CD043}
T{11B4A009-7F5D-465F-89D0-D769F1B4AAC7}
T{08EB8606-AEF3-4FF5-BB8E-60F35952DC88}
T{4B6E30DA-8C1E-4074-A9A0-6899C9E0CC30}
T{5665CF57-7F6D-47CF-907F-B80E2A967D49}
T{36BCB978-F6F5-44E8-8073-137B9FDD449F}
T{ADDE30E1-488F-4968-90B2-706AAA3CF477}
T{471906C0-84A4-4960-9DE5-98ADD006108B}
T{945FC28A-923B-4B35-B71F-673885C74535}
T{1E892C09-DD15-40A3-9D01-5262BB434574}
T{4495D3DF-B19E-4527-A09B-98B00AAD1217}
T{8A05E659-DDEF-4239-A3E3-450434B42254}
T{94664A30-E88D-4F12-9ED7-3135749A829C}
T{28ED82DD-75E3-4742-92EB-70A278343ACF}
T{311EFD27-8FB7-4A1F-9E50-89553D17910C}
T{0816A9D4-8630-417F-A083-944D0E607AD8}
T{63BC8900-A1EC-4913-9C48-A69B10F427F4}
T{F7072A38-7FB5-49CF-A80B-FD6F78F5EDCD}
F{04F70EF6-AAAC-4010-98C6-D6B1D707452C}
T{FA4F9096-D8BC-4FD6-A0A9-F9966DEDE2D3}
F{5FA5DAFA-7895-4EC2-8D44-F62C7EDBD6A3}
T{164065A9-99A0-4F9F-A7DA-D0E4D4521F44}
T{E14957EB-0D75-4E4D-91C3-0859189D305C}
T{F4A23CE3-ED82-46B6-B5ED-FB519D773140}
T{9A8D6E05-D267-4FF0-87B6-EBF608FB5721}
T{8AC2BF78-CCE3-464D-BBA9-5FFEF05F88A2}
T{149B7F73-FB2A-45BD-9A62-540A1B4FC3DA}
F{4866AA86-6C63-46F8-B0F7-BFB4BDC40AC6}
F{827AFC40-D724-476E-B0F3-1428733B4918}
T{9A4B0DA5-20C6-4CD5-AE55-A58C98C17291}
F{CB212B9E-D72D-4E7A-B5BA-BFC9BEDB615B}
F{88170AB6-1BAC-463E-BC00-B13047A0CDFA}
F{A1A4CA2F-4F90-4453-AF02-226EF452DFA9}
T{411D7D5B-B62B-400E-AD64-52C8D77195FE}
T{D13E0D98-B840-4E65-B001-D35B10CB80E8}
T{32E59475-C56C-48CE-89CF-9499DB821BCB}
T{1D2F91FD-6D4A-4738-9439-7263B0FB094D}
F{9F39F6ED-BBFE-4EA4-9B6A-87E15C1BAD1A}
T{E9F16DB8-F617-40B5-AEE6-9588AEF30503}
T{8F6012FA-B3C9-4CDE-B7A2-6F7754FED65A}
T{7B80E6A8-0C81-4893-8700-E4004BEC50D8}
T{7D129204-5AA9-4843-BEE1-52E7F308E315}
T{684F3630-3F9F-4681-91CF-C626CDD1A32C}
T{59372671-F5DA-430A-A52F-B2425B0FCF65}
F{AEBDAA24-1DF9-4D3C-B071-C255A9272394}
T{573669BF-C031-4EED-8FE6-276647E929BF}
F{8379B667-89AA-4D30-A5E4-FA9D0B1910DD}
T{239C7951-ED33-45B9-ADA7-199FBE835084}
T{CAA569D1-9EFE-4B38-8812-D9C1235AD867}
T{7EEA214C-C56A-4C6A-A0CA-881E4527D866}
T{39731779-99C4-4780-9E8D-8706B2F3EBD0}
F{D4FECF22-2F9E-49E0-BE8C-B0B4D13A3DAE}
T{244F13A0-F1D8-488C-A91F-9F8479457882}
T{0ADC088D-C9E3-483C-A819-C70EABC5BEA3}
T{056A5D40-C8FA-42B1-84C2-86D15C98AA39}
T{CC35B81F-0CEB-4416-BC9F-26C5A5D7C9A1}
T{973E20DE-B501-4254-813C-D4F80234C294}
T{28DAE4CB-706F-4813-B60B-EFEAFCDB0B60}
T{3C3F4F31-6197-4A0F-A89D-0E903A7436BC}
T{945FC28A-923B-4B35-B71F-673885C74535}
F{7CD78814-370A-440A-9F17-E65DEAFCE86C}
T{F6091741-A6D0-44D7-8020-80C8D19EF8F1}
T{C7592348-4A64-4D0F-A0D0-450C626DE43A}
T{DF84E480-BB42-43BA-922D-930D30F35136}
T{043E0987-FB31-4631-810A-AD5FAB280160}
F{5FA5DAFA-7895-4EC2-8D44-F62C7EDBD6A3}
T{D80E1AE8-6F57-4CC8-9D21-377D973E1ADD}
F{9F48EB6E-D18E-466C-A5A7-3B2620BB8DF5}
T{3E98CF18-15B1-42B0-B81D-9C58C6FA32DD}
T{1EBD4CBF-70D7-453A-BBD2-73D6CE9CEA13}
T{168DEBA1-AFCD-49C3-9EB2-8D5478D45813}
T{2BE058B6-8870-4AB9-BAAB-7AC6A16F0C95}
T{E2B786BD-5F37-44D8-B083-FE0DF0EC2A96}
T{69B7A4F8-B721-43FA-B078-9A0354A713DA}
T{3D2CE919-261B-4209-8F5B-27435FEC2F86}
T{F575A72D-2ABA-4B74-A004-38F739B3DBC7}
T{C733E9B8-5A26-44EF-AA79-70E27A95044B}
F{F76366A8-D581-437B-85EA-A3767951BDAB}
T{E079066D-0485-4731-A6D5-E7DA26C2004B}
T{8D145CF2-1CD0-4B15-9F68-6F6DEBA55089}
T{F9FC1D43-FA1F-47ED-AE2D-7C17ED6F6ABB}
T{BC77F0FC-6A0E-42E8-80FF-279C93FE8C1E}
T{8089B0D2-A703-4F23-A9E8-383DF2634F94}
T{C06C1149-ED05-4AFB-BFC9-3A7055CF88B6}
T{1BF869C7-8186-423B-8E94-BEBE4FDBFC21}
T{46F37032-1D08-422D-971A-E9315C04D05D}
F{62EAA9CA-D88C-45D8-80AC-26B8C23F8E0C}
T{4B720B54-EA7A-4892-827E-2DE3FD2BA5AF}
T{2CE25A07-ED60-428B-B93E-3A34E0BAD637}
T{EA138A3F-F933-4A87-B1EB-8D111DA554D9}
T{79AB91C6-86CA-4B63-AE06-1B7ED3A62A37}
T{56F292C3-40E7-4461-B9E7-7BE44DC39EB9}
T{795E9D40-8383-4E59-8C85-0AD8DAD5597D}
T{FBD47410-74F5-42D3-847E-1D99021E3D09}
T{41991EF7-95BF-4200-9A88-1429B79AD3C1}
T{3C5CA223-6178-4154-8A82-9A479F0E3AED}
F{3E8CCA3B-5E6E-463C-9298-371B64B93A7A}
T{311EFD27-8FB7-4A1F-9E50-89553D17910C}
T{1E03512C-071B-473D-A27A-F8F497B458AA}
T{44EA2E94-B091-496F-A9F2-562A695CDD6F}
T{C0D73203-EAF1-49E3-96E9-0429EA8D72E2}
T{AD1D4184-3CEB-4138-94A7-1097985FDB24}
T{C3B83F7E-C62E-492C-90C8-1EED89DE2D97}
T{F4A720D8-FE69-44EA-BA20-2858484E9215}
F{B1638F33-0118-41B9-BB92-3204AE05D243}
T{D72E234A-3E70-44AD-A764-71FB5783888C}
T{47AE9454-787E-4CC3-818E-8B76E0DC3D9D}
F{F35CB874-8CF8-46B1-9643-33AF20702FC2}
T{7B73CA1F-DBB1-4376-AAE0-B7D2C58F69DD}
T{3E1ABA03-D3BE-496B-B582-ADB17878120E}
T{69B7A4F8-B721-43FA-B078-9A0354A713DA}
T{842DE895-13DF-4253-90C1-3919E1FC5EF2}
T{F38409B6-B168-449B-A5BE-0491835877FD}
F{9E0AE925-41B2-45BD-ACCD-F5D12719A976}
T{F9FC1D43-FA1F-47ED-AE2D-7C17ED6F6ABB}
T{749FADEB-0C27-4BEF-87B4-6B637C39B151}
T{73DEF832-E9D2-41D4-8D9C-43A3F92ABF48}
F{D6B9A408-BB19-4DAA-AD42-7724505DC822}
T{DD779961-B2A9-4946-AFAE-D71FD308E276}
T{2E2FA9B9-5526-4DA3-872B-38431976767B}
T{ECF606CB-3D3F-4C02-99C1-A5FCC78BCB4A}
T{A0F84A9B-C74E-4772-9F3F-6D72328140D3}
T{0F82E75F-CABC-40B1-88E9-C099ACD16032}
T{DF932B45-5651-4C86-9A5F-FBFDEA98A29F}
T{65673A7B-A77A-4530-B4CD-4243B75C4062}
T{E1A63970-61FD-425B-B8BC-B9DFD48D5DB1}
T{F0C5FF9B-F23A-4802-B9E9-7516750BE217}
T{78995242-6163-4D7C-BBDE-A33614FC0B70}
T{39396B60-711B-44DD-8A06-308041A18333}
T{8D7490DD-2AA3-4E03-A92D-C00B4882CB22}
T{F0077361-6722-47DC-BCCC-841FD9B1F535}
T{50CE6FB3-C9ED-40B5-95FA-385B66C622AD}
T{435D361B-59D2-47E4-A53B-2E741A455C67}
T{AC5ADFE1-BC14-4DD1-A7B7-5EB8E97E67AA}
T{D3DBA59D-5623-4309-8AC0-A893A06D4DEF}
T{293CA039-B539-428B-B0AD-686E522B5BFA}
T{39731779-99C4-4780-9E8D-8706B2F3EBD0}
T{2A2FC3A6-DE6E-4228-8391-92FB4AE067CE}
T{1D1EF308-FC7C-4409-964B-366B0C7732F1}
T{852FDEF1-226E-4399-A2F5-91A05B00A0AE}
F{693B44FF-DB8E-47A6-8D21-1C5738A64BDF}
T{DC31CBC0-5580-4876-AA0D-06C5CCFE1A6E}
T{6752F650-27A3-422D-98B1-5F9DC5A336EB}
T{193BA608-63F6-4A87-BB5B-BF90426E7738}
T{E0DCF81E-75D3-425A-A69D-AA6365C2E233}
F{D78A1192-5CB9-4FD0-A743-BF36F9FECA77}
T{07CB0676-0E76-4370-8F17-A65449557E2D}
T{30E1ABE3-BDB8-467F-97C0-18E60EC4A7A7}
F{92AE95C9-2E7C-41DA-A664-10D7ABB0F2CD}
T{B06D1BFB-ACF5-468F-8A59-E6BA2F146630}
T{563BA842-2405-42D9-9A3F-A0F4B6A326F2}
T{D467906A-E8D6-465D-B687-C162CB495E1F}
T{3CF8982D-7C9E-40F2-BD7C-FD034427A97C}
T{EEC0DAAF-EF6D-45B1-8ADA-6C85EDDB0A04}
T{2C17985B-B903-4E5B-93EE-B4C14383107B}
T{A23CD078-AFB1-4B56-B904-4191CB5D2FB8}
T{E9A137B1-FD31-4BCC-B17E-C6F6A14E70F4}
F{353F8A70-8E82-41D8-92B7-8CC02A7D3EA0}
T{07480D40-5284-4163-BCA5-5F5678E24A99}
T{6723374C-F1D7-4DF1-AE6C-36EDD1A971B6}
T{CC35B81F-0CEB-4416-BC9F-26C5A5D7C9A1}
T{72EEF118-1291-44DE-B8BD-65632019B7FF}
F{31214508-DC84-469E-99C2-CFA44D3340DC}
F{F453C545-7634-46F9-98D7-4F0015769EB9}
T{B1E62D9F-5F66-4526-A3CC-C1B200E88CEC}
T{2F19C569-3BB6-452B-95CB-85F6DBE75890}
T{42C29C61-A550-4553-9BB4-7195AF5EE438}
T{675414F6-69FC-4D3F-8646-9D7BBC4EB12E}
T{675414F6-69FC-4D3F-8646-9D7BBC4EB12E}
T{D20713EF-2B04-4D1E-93D7-38D11EBC552C}
T{CFD8B6A5-1869-463D-BA83-0A479A3D36B2}
T{A219F18E-7FE2-48A8-84B6-3BDE4A3977BB}
F{472E0933-47BE-478F-BA3D-4F0F5209AE59}
T{AFFE5262-6DCA-410B-939B-61CC315B39E3}
T{B5C844B9-78CB-473E-B15A-9E8760D67BB0}
T{ABA16086-C2D3-47A4-BFA3-B8983CBF0AB2}
T{C1742CF7-E0B0-4F5E-8DC1-C785E781CBB8}
T{9F48EB6E-D18E-466C-A5A7-3B2620BB8DF5}
T{CDF846F6-530E-4CD1-A4F4-67D4ECC98E55}
T{2BE058B6-8870-4AB9-BAAB-7AC6A16F0C95}
T{8CFBA49B-20C6-448E-939D-67F0A120DEAC}
T{8F3F384B-1A17-4ED8-9C78-375D3FC73446}
T{1ADAA6DE-C838-47B9-B71A-C470139A93F3}
T{31214508-DC84-469E-99C2-CFA44D3340DC}
T{F22B1438-5D74-492B-ACE7-A7E7E78920FB}
T{668B4B95-302E-4A33-B1E9-07DB93703622}
F{9E0E5399-9023-47BD-B040-35CC5F1661E0}
T{CB212B9E-D72D-4E7A-B5BA-BFC9BEDB615B}
T{1FFDB99D-9163-405E-B68F-EF3667708C22}
T{ACD77D05-4155-4710-9087-1E3B902580D5}
F{3B4978D0-4793-4E7B-A042-09A8D39C68E9}
T{86D9CB84-7DB7-4D8D-A067-C24BCB109DED}
F{ABD13198-139A-4CA2-8028-05B7F01EA5DD}
T{B67EF932-A200-4BD7-9ABE-BE86A0EB6FB1}
T{3C5BB5B6-8AB2-448A-869D-3C6BF5B5A55F}
T{E2B786BD-5F37-44D8-B083-FE0DF0EC2A96}
T{A88173C9-3317-47B4-AA8F-2C63081C2BE1}
T{E2B786BD-5F37-44D8-B083-FE0DF0EC2A96}
T{7E535DCC-EB79-4DC3-BAF3-C298D5729D62}
T{5E251F25-C309-4DAD-BCB8-75DD9FB0B2CE}
T{86191833-71BD-433D-9980-23B0C3BAB930}
T{92EDCD34-8E09-4615-9B8D-0DCBE4F9F9A7}
T{014F35EE-0E2C-46CB-A672-6B18F1AB5908}
T{2CE25A07-ED60-428B-B93E-3A34E0BAD637}
T{04F75C39-D05E-482B-95A1-8EB10D3EA92E}
T{1653D7BF-A399-40FE-BE98-DA7A5204DDCC}
F{34A4CC01-A441-4327-B39E-229E67C158D5}
T{7FF5DFB1-D1D7-436B-8EE2-439BCBC203C1}
F{193C623C-0DC6-4285-9EB9-A2272B85E544}
F{C008BAA8-C27B-4A9D-A26D-8B9439AFDD92}
T{DCF95C1B-F200-44B5-A9B1-17C4C7BE5AC9}
T{62EAA9CA-D88C-45D8-80AC-26B8C23F8E0C}
T{37672F87-D008-4C6F-B513-96EF60C6D25B}
T{184E5126-1653-4736-855C-FAB271469EBC}
T{37ACE92A-BBC1-4D8B-8E08-D5D08E6BABCF}
T{D597E7FF-8888-4D2D-BF70-29FAC02DF79E}
F{0597A5B9-AA74-4529-9764-79F3B4EF4985}
T{FA1AB0F4-1C5D-4D21-9BAC-19CC8C82C5E6}
T{98AB756D-5236-456F-886A-F292998316F1}
T{471906C0-84A4-4960-9DE5-98ADD006108B}
T{890DB478-32D6-41D2-B18C-D64AB26F4622}
T{5C7FE715-314C-473C-B106-4C31E45A2346}
T{30E1ABE3-BDB8-467F-97C0-18E60EC4A7A7}
T{9F545F02-14D7-4291-A8C4-4902AAE0C9C2}
F{E1ADC680-FF08-4E3D-B0A4-C848ECC5529C}
T{45222292-F313-46DE-92DA-173B4A83D192}
T{689B4553-7839-4F31-94EC-3DAC682B01EC}
T{0777273A-8C6F-4D8A-A0E1-2E65F4AF2FF1}
T{79F76C0C-DF17-4E48-B110-B6D861D9D718}
F{37E8E1C4-A2C5-42AF-A911-0378E1C5D578}
T{B1E62D9F-5F66-4526-A3CC-C1B200E88CEC}
T{E0021D6F-996F-4A4C-8FA0-C41A559ACC78}
T{293CA039-B539-428B-B0AD-686E522B5BFA}
T{F0F4D909-5FB8-41B8-B373-9D604A993353}
T{7BF89F37-FCF7-4D54-BEFF-33116BD08567}
T{CC543300-1EEA-453C-99C8-EC2F4A7301E7}
T{07CB0676-0E76-4370-8F17-A65449557E2D}
F{F0C5FF9B-F23A-4802-B9E9-7516750BE217}
T{A0F84A9B-C74E-4772-9F3F-6D72328140D3}
T{1BCF6D7A-7B04-4A46-B663-672B488FC4F1}
T{F35CB874-8CF8-46B1-9643-33AF20702FC2}
T{10DAEA13-0D39-407C-9160-E1A1469D3C9E}
T{497878B0-0CE8-40F5-BBDB-649B51095E05}
T{A815E35A-EF83-4767-98F6-48B479702041}
T{C93B1D02-A609-4C81-9EF7-851CAA2B05F1}
F{CF5F997A-D364-447C-B8BC-725E1B1182C4}
T{96CF5A30-AAE7-4F97-AAE0-B18CCEC2E73E}
F{41A45C9F-C418-42FC-98B5-ECBA6A48D32E}
T{F815E807-9B6F-4638-A78C-217E3459B108}
T{D65BEE72-0D98-4AD4-A3AE-428371031528}
T{34606C60-FACF-4426-BDDD-20044A15A372}
F{C621C91B-0277-43CD-A204-25DB6F19FECC}
T{30C8F769-3142-4486-8E4C-8F46F8045A9D}
T{4E326DAC-68E6-4F81-9C3E-A8330F0AB6F8}
T{3CD37A4F-EC74-4485-8B32-307392640AF2}
F{5FA5DAFA-7895-4EC2-8D44-F62C7EDBD6A3}
T{8207965B-24AA-4615-82D9-8171E2CE4CC3}
T{2E39AF3A-C28F-49D0-BA0C-F5E347DA7418}
T{9CF58495-8175-4D88-A0E6-1DD19ECF71F9}
T{839AEA2F-5342-489B-9C3B-BA9F29924157}
F{28D87847-970D-48BF-9BF2-A38CF608498B}
T{C3393EDC-700E-4951-B901-BF4361805062}
T{9AA2B425-82FF-4836-9220-ED26099B5D2F}
F{EEBA346D-DF00-4273-984F-2FCC8081F844}
T{B76B93CD-39A8-4AEA-8DB6-82D8907C4039}
T{63B5DFE0-0C6C-4DBB-A96E-B447772C7F69}
T{17FB55B4-48E9-47FA-95D5-215E0410139D}
T{45222292-F313-46DE-92DA-173B4A83D192}
T{2AB9D5FC-D9C1-495B-867A-C59A2EB27113}
T{D3BBFDAC-09B9-4BD4-A5AF-B519BDCDA14E}
T{89BC0FCF-93F3-4D1B-95F4-4D915B16B5F5}
T{D48BF836-817E-4620-9D65-0AC6EF501809}
T{7E80F39B-F4A4-44B2-A8BD-A44045DAC156}
F{DB3DF5CA-AB53-4153-8BE3-AAFF2E0DDD10}
F{F76366A8-D581-437B-85EA-A3767951BDAB}
F{6B7907E5-7766-49F8-AC22-7E826176B755}
T{F22A10CD-2A1C-46D5-AAE3-BA31F667B714}
T{C8AE071F-F3B8-45C8-AE44-53F435301003}
T{CBC88D18-289B-4536-8B4B-57B87920AA54}
T{C53B6F8D-93E9-4C6C-9EA8-C7F915A3D631}
T{D9E49C41-3DA2-45F3-BEF6-3F7C44A9F2B6}
T{7CD78814-370A-440A-9F17-E65DEAFCE86C}
F{0315ADE4-D4CD-43A7-99EF-90D5F99F5EF1}
F{41B25C51-E883-4D30-A5EF-AC5CBC7D961E}
T{C150094D-B9C9-4040-84CC-6385A37100C6}
T{223C27FF-649A-466A-9294-6D09458F7F8D}
T{4F591450-2F30-475E-8A77-D89DAED15BEC}
T{2A1F9EAD-0A5F-44D9-85AE-39C140AE8041}
T{8460D37C-6879-4CD5-A24F-6EE02312155C}
T{7DAA3367-2D32-4614-A905-6DD5165418D6}
T{D80E1AE8-6F57-4CC8-9D21-377D973E1ADD}
T{50CA1B3D-7DF3-47D7-AC94-7E5BC1A6FD4F}
T{66329B81-4C55-4D81-8B87-8464A989786F}
T{C1131528-101E-4BF5-9C73-E4C7A7589C14}
F{E71CDF5B-BCE0-4203-9305-D4724FDD7605}
F{262674C4-76F0-455B-8287-266AEE35F3BD}
T{80ECB63C-A483-4A0A-BFC9-D2ED70B431E4}
T{153A09A2-5FD3-4C85-9AB8-EF8BA4C1E0A5}
T{8BAFA0B9-B12F-4E13-9AD3-2618D14960B8}
T{2449EC2F-15E1-4557-9A36-4F1B8B13E344}
T{939F4888-8EF5-4825-A5FE-01D5C1C95265}
F{B675C6D8-8221-4841-A989-CC5EA37484E8}
F{87D7E8DA-B935-4D58-A46C-1EEE83C977DD}
T{6D6B720F-39A6-42C5-AD0C-E25B6F77FF51}
T{79AB91C6-86CA-4B63-AE06-1B7ED3A62A37}
T{D3BBFDAC-09B9-4BD4-A5AF-B519BDCDA14E}
T{08831EC5-4AAA-4806-91DF-E3B1E209B299}
