T{1EBD4CBF-70D7-453A-BBD2-73D6CE9CEA13}
F{CEC91E5B-E7D2-4AD1-BC81-A2DE21DA3076}
T{7E80F39B-F4A4-44B2-A8BD-A44045DAC156}
T{0FCFD51E-8B81-46DD-AC24-806268649D3F}
T{D6969E1C-53A0-4262-AB91-04D5AD2E2689}
T{0DAF6597-C132-4411-9A1F-31F13BB029BA}
T{60A3C18C-B345-4938-8A8A-D6DBABDCEF55}
T{607D8133-0B4A-4E6D-ABB1-091A6CC5765D}
T{EAF78990-70CA-44FA-9B5E-16472204AFB1}
F{CB34698D-D002-4510-B2DD-C3940E052DB7}
F{B80C3D14-84E0-458E-9C32-20D42837D272}
F{4631BB42-5061-4577-A8CA-D7DA14B99C40}
F{75758269-D827-4718-8CFA-F1228934087F}
T{6EB58531-0569-4C84-B134-51D53E938C1F}
F{9489FC6C-A813-48C2-8CAF-02A46CA1C53C}
T{7EE854CC-5636-463A-9BEF-EEA68D2E864F}
F{F927D7A0-9C30-4948-ABC7-54C2FBCA3643}
T{3972E64C-D59C-4325-AFAD-C94E2710C1EB}
T{1B7B99EB-AE63-414D-8938-EB679353A532}
F{C1345BAC-0F97-43BF-8B90-8B867D80C948}
F{66EB49C5-2A0E-4CFA-86B4-AA3D899B39B1}
T{60952F9B-C555-4E65-A609-8941E86FE349}
T{19518FC8-EBEF-4171-9FE0-420C3154FDD1}
T{130E864C-FF50-4F24-AD5A-230279C1A1E5}
T{F04D0F0A-3F70-4F51-B386-E8676D2FF5DA}
T{A3D04EF7-9764-4171-AFD5-632726047AC4}
F{0C0F9BDC-A457-47C6-99A7-19D2C8BD5825}
T{DED38A89-1F9D-443B-86CF-13DDCCBCE0B6}
T{98E338E7-6264-41B3-BFB1-6A074054C16D}
T{1E71C37C-000F-4E58-850F-B2D901505429}
T{8073A531-03F7-4116-87F9-4B4499DE1874}
T{19B02D79-2CAA-477B-9D1F-465DBDFEB606}
T{EEECA0FB-BE1C-4FDD-B14C-AB47F525F38B}
T{F3D1FD50-4B21-467E-A269-59A7D206C7B6}
T{726C104C-582E-4B78-953D-0A7F38D18884}
F{9E0AE925-41B2-45BD-ACCD-F5D12719A976}
T{51ED29EF-69A4-494A-A711-02A95B3639E4}
T{D9492E8C-C825-4493-925F-C430D96CEB0B}
F{10B8AFA8-7911-4EF7-8677-A70E19DD6AF2}
T{F453C545-7634-46F9-98D7-4F0015769EB9}
T{2876C8AD-3954-45C1-92AA-CA61AF97C4F6}
T{945FC28A-923B-4B35-B71F-673885C74535}
T{212BA00E-EAC1-45CA-8EFA-1575F8F7FF6D}
F{67A3D10D-AC22-4D74-81BF-08FC12D6368F}
T{DC2D879E-AA73-4D89-8026-8E53164AC37F}
F{9F222D97-B49C-4029-BFFC-DBFB4A640676}
F{A12456D3-1712-42C9-8839-1F4E641A5728}
F{E27A5F55-59AD-44B6-B8E5-12E4C14352FB}
T{F88DDABC-D39F-441C-9385-AA512F153235}
T{F453C545-7634-46F9-98D7-4F0015769EB9}
F{73956D02-E81B-4E91-A82F-DEBAC1B3BC1A}
T{29AD9781-9621-4659-8B5D-71DCDE0D0F4D}
T{4E2332FA-C222-4426-82E0-A896EB8626F4}
T{785B6CD4-E827-4D33-AC38-5DD0B87CE9CA}
T{7E0E2B67-9713-4618-8796-E3F67F274981}
F{5AE32A76-4553-4458-A8A2-F460DB3662FA}
F{B867B762-B216-45A1-8F5D-EA08AFA6CB44}
F{594477FA-35A3-4609-8E48-A5A1C00441FD}
T{80ECB63C-A483-4A0A-BFC9-D2ED70B431E4}
T{9A29299B-58F1-4A27-89FA-36C209FC91F2}
T{4F4316BF-8805-446F-8294-A1EEFB145EB5}
T{3C3F4F31-6197-4A0F-A89D-0E903A7436BC}
T{8EC82FF6-6969-4C23-835C-6EDB7372904B}
T{CDF846F6-530E-4CD1-A4F4-67D4ECC98E55}
T{93AFA1A0-0524-44EB-8549-8FD6C56AA21C}
T{0630FB1A-C156-4E9F-82B5-1E26F3355BD9}
F{7909B7F8-FB32-4077-A67B-E902341D64A1}
T{C160AD7A-B504-4C1F-A804-DBB07FBD5751}
T{E20C54C2-BE96-4458-A146-8BE307BB3602}
F{C0C64065-2523-45BE-B6CE-F4D6038914C3}
T{5AE32A76-4553-4458-A8A2-F460DB3662FA}
T{500DA248-8C1F-4383-A407-8FBA7F7EBB6A}
T{B137127D-BFE2-4FB4-B644-7067378CE429}
T{4A714D1A-96D4-44D8-AF56-CD49705C8815}
T{5043578E-D646-4320-8218-7D31628DF815}
T{68C364BA-4A8D-4594-85A4-9835A2A2DF14}
T{85C4298E-0574-4092-8270-F44973137ED7}
T{E21E6BB0-DEC2-468D-9E73-EB4240239077}
T{4E710C10-4322-406C-BBD6-7B186E50C7F4}
T{370D30A3-D8F1-4AAB-A07C-9FF7FC2E1FC6}
T{00F49A89-3575-4940-8218-22791B89BAFD}
T{A1A4CA2F-4F90-4453-AF02-226EF452DFA9}
T{3CB8D9B6-5D4F-48CB-A3BA-633607A0A65E}
T{CF5F997A-D364-447C-B8BC-725E1B1182C4}
T{5DF3BF74-4D85-493E-9A05-7D910D70002A}
T{90427D79-72EE-4F26-B236-02A213007B1C}
T{F0C5FF9B-F23A-4802-B9E9-7516750BE217}
T{667FFDE0-FB16-4918-A614-A9CE18735274}
F{71906020-5A21-43DF-BDA9-E494446ABDB8}
T{BD8044DF-3C53-4F4F-A96C-054530F8E5E0}
T{5ED9A8DC-5566-4C43-A2F7-CBD356CC9A41}
T{6F821EE0-4F0F-49E0-AEBC-AB42A7E828D6}
T{416DE619-FF2B-45CC-A8CF-7F590CC3D5E8}
F{CEC91E5B-E7D2-4AD1-BC81-A2DE21DA3076}
T{362D0584-63A0-4CA7-A531-4054111D4CD3}
T{7BFDEF89-0F0B-49ED-990D-449C4FB97FDF}
T{7B73CA1F-DBB1-4376-AAE0-B7D2C58F69DD}
T{CE6E53C8-CD58-46A3-A4C0-843ED0441223}
T{F9FFAE2F-DEF5-49D5-B8B1-DC8748CB7538}
T{F27BBC38-D971-49AA-B413-1478FACDFB6E}
T{037C69F4-AB20-4E47-916C-A44AC4959600}
T{915140F9-3515-4206-9DA7-DA4986278910}
T{F7943123-2ADD-4824-9530-85946CDFFBAF}
T{D213F967-0931-45A5-B61A-20AE66A691BF}
T{D597E7FF-8888-4D2D-BF70-29FAC02DF79E}
T{E5243943-6A5F-45B7-84EA-C6E4E0C300EC}
T{CAAEB38D-20D0-42EA-B1E1-DC7C01104DC2}
T{A1A4CA2F-4F90-4453-AF02-226EF452DFA9}
T{13A4125B-AED1-4B2A-974D-C7DA55214863}
F{41A45C9F-C418-42FC-98B5-ECBA6A48D32E}
T{C42BFBD0-A3B2-4034-ABDD-36A9DC96E361}
T{6E5A06DD-B2A3-4C2E-B4B1-BB8AAE9626FB}
T{3E73B945-9D44-4CD6-88AF-1416F682303A}
T{18A38B76-0EB1-4969-9A88-2F55DFC7B6D7}
T{7EB0AAA3-BEA9-4961-99A1-6AD61C0A7CCC}
T{0D526E52-D072-400B-A736-86DF977A76E8}
F{738DCA7C-B62C-429A-B712-6022BAC970DC}
T{96C63D3B-E790-4922-A708-208CA6DA3EBD}
T{5B7ECF41-8A4F-4E23-B7A5-2424D1BC3139}
T{3524FECA-FAF4-453B-AEB9-BCE9274D3E37}
F{5A88A55A-64A8-49BD-9F25-53EFD02A37C6}
T{0E80DBBD-EE70-4A13-BAA0-89EADF5FB27D}
T{AD634C7F-74C5-42F0-BBFF-CDE734A7CB8F}
T{52222EF9-1C9D-4591-85FB-1387AD76861C}
F{147368A7-3FB3-420A-8BFA-5AD72845F1E2}
T{92406290-9C95-4820-A61C-D73A7BE37708}
T{B242F289-FF24-4254-8E6D-C5F9711BA36F}
F{9D860961-0C18-4388-B96C-AFB18C7ACAD2}
T{07146543-03D0-4668-8AC6-887672386306}
T{71906020-5A21-43DF-BDA9-E494446ABDB8}
T{3C7BE1EB-7DF0-4985-813A-2FE6FCF19A3A}
T{33BD7EC4-548B-455E-804E-13A03EFA32E8}
T{97D12136-44E5-460C-821B-DE4E62C6705B}
T{CAA569D1-9EFE-4B38-8812-D9C1235AD867}
F{37838CC4-A304-43DA-A5AA-8C2B808A614A}
T{7E80F39B-F4A4-44B2-A8BD-A44045DAC156}
T{F44817C6-8D0C-44AD-8FB7-5CD14F0828C9}
F{81AFB3A4-C0A8-4079-81FC-4E1395302E57}
T{0BDB2ACB-C89B-4CA9-9FD8-55E48D2D8DAF}
T{0D2AF944-A320-4941-8596-9C37C95ED2E6}
T{C93B1D02-A609-4C81-9EF7-851CAA2B05F1}
F{70B19980-8633-4ABB-9F70-641DD4DFD469}
T{74975063-A979-4848-870D-41F314A40FFD}
F{CC50E88E-6D7D-4615-B579-E8382EF53B46}
T{CA1DC972-39CD-4DDE-9B6D-DF33EE7BAE8C}
F{3993D362-13F8-4DDE-816D-7ADBC13BC194}
T{839AEA2F-5342-489B-9C3B-BA9F29924157}
T{4AC8E7B6-AB5C-4FF7-816F-2B863DB1C3E0}
T{F01C6E70-5EAE-4288-A176-430A441D767B}
T{5C692ACE-5EAA-4061-B529-827E3899455D}
T{FF02BE20-56EB-455F-9829-F72713425D9A}
F{F780F1A9-2344-4482-B5F3-C98DACEE4E69}
T{370A7DE9-E9C5-4C1F-B189-6BA0BADC0D79}
T{06559319-BD5C-49B4-8941-291EC2EC6522}
T{ECD6B62C-CE0F-4176-9735-6A5A1799F860}
T{69565FC1-7165-466D-94D1-D6A05D34BFAC}
T{1D32793D-C834-4007-978C-01BF9D22A5B1}
T{A9FDDB13-F96D-4F44-A652-252C67527D41}
T{341FB5D1-B3B3-4D79-BE58-5D6966C55454}
T{1CAC01BA-995C-4B13-91F6-5A557C76493B}
F{55B089B7-34D6-4A8F-8B77-BEF51B3C21DB}
T{439F8683-0EC0-4045-9F6D-1659C1AF4D93}
F{41A45C9F-C418-42FC-98B5-ECBA6A48D32E}
T{935AA305-C781-4D05-A0A8-CB25A099A404}
T{BCE6C04A-DF0B-4948-9115-880C293946A8}
T{1EFE3BED-6892-4806-84D7-B49D4352B27F}
T{6109DA30-297D-4A72-B7A7-5FA878B45818}
T{C7592348-4A64-4D0F-A0D0-450C626DE43A}
T{1EBD4CBF-70D7-453A-BBD2-73D6CE9CEA13}
T{482B94D1-5A6F-41E6-941F-D492BD0DCE02}
T{6C0BF157-5620-4B3C-B300-3C8512692C82}
T{93AFA1A0-0524-44EB-8549-8FD6C56AA21C}
F{8CD8967A-2EAB-4D5B-961A-C02CAFCF5C1C}
T{77BC1DEC-EB49-41CB-9CB2-B44CDD07BD4D}
T{1D2F91FD-6D4A-4738-9439-7263B0FB094D}
T{306C328A-46B8-4760-B7DB-2ABB6680F165}
T{0DAF6597-C132-4411-9A1F-31F13BB029BA}
F{B1638F33-0118-41B9-BB92-3204AE05D243}
T{B09FBDEA-B673-43DB-AC24-68695BC1ACF5}
T{DC2D879E-AA73-4D89-8026-8E53164AC37F}
T{5AE624DF-B3A0-422E-BC98-829F6B32E371}
T{7CD63A22-4E42-4CD8-A874-591C35C5FA54}
T{89ADF979-0C2A-4B8F-AF26-4D14CE9658EE}
T{51ED29EF-69A4-494A-A711-02A95B3639E4}
F{D51A08DE-302C-4241-A2CE-CB34CDB68A60}
T{BD8044DF-3C53-4F4F-A96C-054530F8E5E0}
T{910D3874-10E3-464C-86F2-EE89E3CF8111}
T{4B8077FC-D13E-482B-B21E-FF914C804791}
T{A184F0C1-04AD-464F-B661-D4B86EA8A8B0}
T{1BD59A36-7643-4C56-829B-6A4F34379B71}
T{0906D2B9-F284-43DE-BC0F-92DC468682B3}
T{F01C6E70-5EAE-4288-A176-430A441D767B}
T{EC0D256F-DE15-4B97-A3EA-C37EA43C6D15}
T{2A9F092D-31BB-4BC8-8C11-693A5268379C}
F{FE16B572-2CFC-4021-8509-00A7B47158C5}
T{DBF39FD8-029C-41FC-A514-FC7379C92D65}
T{44F3BF50-EDD1-466F-B785-2E56FA8439F5}
T{07EFE65D-6E88-41FF-93C7-C89AD48DC1BA}
T{834CFE05-505E-44EA-8024-B70362347F61}
T{EF857B4A-2ED2-4A00-9726-841335087695}
T{2AB9D5FC-D9C1-495B-867A-C59A2EB27113}
T{9EC984E9-6B29-4F91-9D98-A3DE95FF1307}
T{EC0D256F-DE15-4B97-A3EA-C37EA43C6D15}
T{28DAE4CB-706F-4813-B60B-EFEAFCDB0B60}
T{248BD7C6-F4E1-4125-A4D6-1FEF477E2D0B}
T{CF3C1893-6093-4658-937C-CBE5856B5825}
F{0BE2BD3B-C607-4855-8825-316EDC6B2BFD}
