T{14F2569D-5B7B-485F-B674-4A969369DBC8}
T{C621C91B-0277-43CD-A204-25DB6F19FECC}
F{5CFE949C-3375-42D1-B372-4B9F2D3363F9}
T{FC231168-DB9E-4914-A939-D1415944E535}
F{7D2E6438-55BF-4634-900B-FB795C358F43}
F{17FCE6A7-B23C-4514-BBA6-B7842AC57A00}
F{9E7BC97B-BFD9-442E-AECE-DB0DAEEC6B6E}
T{B8293EBB-3AE2-442A-BCAF-DEB3D357E9BD}
T{4AC5C593-1057-48A8-8648-C3223F7A6CFE}
T{035D459A-BF8A-4A89-87F0-2C54C65DFA95}
T{2AB8AAC3-13C7-49E4-8FF4-C6D788C7D0EE}
F{D6AFED18-FB75-42DA-A74E-6E9F03412FD6}
F{F2FAB52A-2972-41D8-A076-0DDCBDCD5B47}
T{043239E1-66F3-442B-8410-4758069E71EE}
T{4EEE98A8-0721-47EF-B6EB-8341DAEDB1C3}
T{F97B185B-A4AA-4F9A-957C-91F3E2B24508}
T{D3147BF7-4248-4BAE-911F-551331DB17C9}
T{7A8FD169-737F-4771-B9F9-F8ED4E6511C7}
F{59A60E0C-3E25-4A18-9691-B87804A27023}
T{C6DBAE20-FD39-4C99-B9D1-11A51D43A1AF}
T{3C7BE1EB-7DF0-4985-813A-2FE6FCF19A3A}
T{E8C46512-5EA7-4CA5-B6BB-CD83DECABCD0}
T{C969285C-7E60-4CA9-9220-6ED13042EF51}
F{70A2E9B8-3323-4466-B470-D3817DEC13EB}
T{07CB0676-0E76-4370-8F17-A65449557E2D}
T{E10DC070-712E-448C-B3A5-9B1B1103AB27}
T{1149067F-5A38-4515-BB96-0EE54EA6BA74}
F{5A793AE8-D423-4275-ACBC-4BAC733BDA41}
T{81423400-0985-48DB-BDB3-510D0A157571}
T{41991EF7-95BF-4200-9A88-1429B79AD3C1}
T{5B58B47E-178C-4C7E-8984-7334392D05C0}
T{D81CB576-1091-42A7-B933-DF56BF55A2F6}
T{9D915981-0A54-402D-A94D-82A8A4DFC699}
T{D55F2928-166B-4A33-9C39-F1A249F7FDC9}
T{0387D044-3B54-4DAB-A6A1-3A97D5857649}
T{244D1716-55D9-4A23-805C-AEB8038AFEB3}
T{169152A9-7F8A-45E4-9ED7-8ED43A9CAE7F}
T{EEBA346D-DF00-4273-984F-2FCC8081F844}
T{E3D8C3FF-00E5-40EA-B24B-84421D0D8BFD}
T{783110C9-9627-4E75-9506-31B4DA97B095}
T{C01A6468-5E7A-486A-B691-36FF5E64CB0F}
T{B98758E1-EB04-4A03-83CE-5C254788EF72}
F{4345DF53-CC0E-4397-9FF8-7B695530835F}
T{7DB925E9-2041-4FE3-89D8-AA1DF305B6A2}
T{482B94D1-5A6F-41E6-941F-D492BD0DCE02}
T{6B5FFA9F-8AB5-45EF-A57C-18B4BAB2037E}
T{D467906A-E8D6-465D-B687-C162CB495E1F}
T{A9061736-863F-4141-93D4-057CE4954F21}
T{8D7490DD-2AA3-4E03-A92D-C00B4882CB22}
T{FEFB1072-71E9-46DC-A181-BD087AC34A63}
T{FDF6A1D2-8C49-45B2-8937-01EA5F9EF8AD}
F{9BB7D453-6147-4226-B948-FBC177618FEB}
F{8D1E4E40-F34B-4885-BE78-9D0DCF246177}
T{F085E106-C3B5-4B56-87AD-A9D485D19E85}
T{783110C9-9627-4E75-9506-31B4DA97B095}
T{2A989C94-9C11-4F60-A79A-D51DFDA62714}
T{1615B643-B198-4D08-AED2-19C3CABB84AC}
T{1386041D-3CA6-4D81-BB0A-69655A48A34F}
F{5AE32A76-4553-4458-A8A2-F460DB3662FA}
T{337C70C6-E734-4AE4-9986-10DED8DF1188}
T{A6DFEF7B-CF19-4E47-8D0B-4371E4BF0610}
T{49510C4D-1181-4CC9-8F5D-532E871D27AA}
F{C8F56C61-677B-4A4C-8E48-3371AD9207BD}
T{337C70C6-E734-4AE4-9986-10DED8DF1188}
T{15050FF4-8EB0-4A7B-BCE7-CD09182ECBCD}
T{22FAC974-7BBB-41E1-BB1B-BDD15585090B}
T{4F5397E0-5623-419E-A56E-B358F57ED2BD}
T{951F4930-2E7C-4F4A-BC87-963911C861E0}
T{AD78A4CF-6C2E-4EBE-83E0-BBFBE58AF60D}
T{B7AAC37A-5FDD-4046-AB87-D2F6CEA5B14F}
T{85D4D424-BEF5-4946-ADB5-A5E45BDCBE7B}
T{0597A5B9-AA74-4529-9764-79F3B4EF4985}
T{E1D63AED-2DC7-43DB-85BD-64E73F670128}
T{76C823B4-DC7F-483A-A87B-C0939BFC2348}
T{C218EB35-E783-4B30-9152-238E9375A3B8}
F{FBEF59F2-61FB-4FB3-A2AD-EEA28FF9CCF8}
T{9AE73D21-20FE-4218-8B95-840EE4564941}
T{A9C525CB-CB08-4D0F-AC81-A69D2792572A}
T{8BC40001-8E9C-4AE6-A552-1D7D5A1FBFD6}
F{0AEF7057-819E-4AF5-881F-8574B66C9929}
T{B467955F-9163-42BD-9E4E-C2B8DFCA4599}
T{1E6F8874-B5B4-41F5-9618-8D271E0D7A84}
T{239C7951-ED33-45B9-ADA7-199FBE835084}
T{2F19C569-3BB6-452B-95CB-85F6DBE75890}
T{7236CF07-A888-4050-BC66-930F46BF6BF4}
T{B1EDC62C-B43B-4B38-A3D5-85FB1A9E1CE5}
F{0A0AC52D-52C3-46EA-9659-279876D0080E}
T{D6AFED18-FB75-42DA-A74E-6E9F03412FD6}
T{AEBDAA24-1DF9-4D3C-B071-C255A9272394}
F{E27A5F55-59AD-44B6-B8E5-12E4C14352FB}
T{50118F6D-54B4-4099-B8FC-F105B76EED79}
T{B3579977-D4AD-4589-90DD-752A0ABDEFC6}
T{E174D891-F394-400D-9D0A-939365437BCC}
F{29C5D3E5-F63D-427E-A5CD-60AA596A8F2D}
T{981BADEA-0409-4ECA-9EAC-7F93A992094A}
T{FDF9B53C-0281-4803-B051-1B24E7091DB4}
T{291B80E7-E3AD-4972-9DFE-EB172B9E2068}
F{13C962FE-CE99-4258-B742-FABA5C7DBABD}
T{35CF15F3-2196-44C9-84BE-5B38731C9F31}
T{9ABB7E29-3B0A-40CD-9471-059435856CB9}
T{7AF45C72-8D17-40AB-9107-9685EA80BB08}
F{B80C3D14-84E0-458E-9C32-20D42837D272}
T{9A4DC71D-5271-4E39-ADF4-C895F4442977}
T{D3F36069-326D-4700-BA89-D30996EDBC66}
T{EEBA346D-DF00-4273-984F-2FCC8081F844}
T{35DFBF40-E5B0-4746-B5E8-2F04C96CF59C}
T{0315ADE4-D4CD-43A7-99EF-90D5F99F5EF1}
T{3A922559-E139-47AD-9723-7497580513D3}
T{2C633DC7-E27F-4ECC-ACF9-AD8824F183B8}
T{06DD9FB2-B88B-494F-B36C-CC141D6B16C5}
T{D496B7E8-CCD6-4FBD-9955-B19815A0E81E}
T{867106B5-47D1-48F3-9F70-79546FDDB857}
T{B00C1327-81EE-4534-AD16-116A8DEE87CA}
T{D35F7C43-1518-4718-8539-22174AE6AA4A}
T{62C761D1-37A5-4CEA-A137-C553483F0F66}
T{CF5F997A-D364-447C-B8BC-725E1B1182C4}
T{03378E88-DA9C-452C-95C7-164D43350805}
T{BF35D7D9-9B6B-468D-99D5-91E3056CC93F}
T{764FB749-4CF5-4B73-B7F1-3E2EC10B1703}
T{635F4DC2-BEAF-49ED-8573-5795B4DA624D}
T{5B3F2B1E-FBEE-44F0-A997-CB7C81E8D281}
T{AEBDAA24-1DF9-4D3C-B071-C255A9272394}
T{923C927B-5685-486F-B035-E0B61BC54DDC}
T{02420133-998F-451A-85ED-59FC120F174E}
T{31083784-EC75-4B4C-98C3-B622A87E12FB}
T{230D0612-25E4-4709-A124-15E27C7FF3E6}
T{0D262438-7BD1-489E-9C8D-7B779CB35701}
T{417ED726-E1B4-47BA-A77C-96B0149660BF}
T{2A9F092D-31BB-4BC8-8C11-693A5268379C}
F{7020B2E2-4EDD-445C-8E11-7EB3C71BF830}
T{8B8D56EB-A5E5-4095-A699-F7BCDAD193F5}
T{52C8A4F3-6810-422E-8DA4-83B6094F4C98}
T{1E892C09-DD15-40A3-9D01-5262BB434574}
T{308B779B-6ED1-4599-9F27-017DDC7DBF18}
T{D648E148-74C9-4DC3-9AF9-2BB9266D8A80}
T{9E12C547-C75D-4B8E-AA71-BE6B155E0E2A}
F{F5B6ACAC-AE77-4C95-A806-810D1F291A5F}
T{ED7787B0-EF77-400A-8CCD-13952A219EB8}
T{764671EF-47E7-4D6C-B699-18A20A55BDFB}
T{147368A7-3FB3-420A-8BFA-5AD72845F1E2}
T{B2F29BCF-EA04-44FE-A063-E3B5A1AC351D}
T{DC71EBD1-3C77-4BF0-9BEB-7B285E7B08F6}
T{EC23872D-A701-48EE-AA75-08B3CF85B52E}
F{E153C2A6-C83B-48D9-9744-C1DAF1D2F6A0}
T{0358477E-5F48-40EB-BE16-9BB7AD39FF18}
T{2A989C94-9C11-4F60-A79A-D51DFDA62714}
F{472E0933-47BE-478F-BA3D-4F0F5209AE59}
F{EA7ED47C-A0F6-4D54-B72D-AF24B4F1AE92}
T{14F2569D-5B7B-485F-B674-4A969369DBC8}
T{C2C06BA6-DA87-4072-A991-99107AC03F25}
T{17E61F94-E4A8-4EF6-A75E-723E4B5C8D2F}
T{AD5EB020-CB85-4EBE-B53B-2A1AC0D3F6A3}
F{79DF6610-E1BB-4042-812D-0A195A8AC1BE}
T{0615E4E5-058F-4F43-B314-BF09A08AF32F}
T{66378EF2-14E5-4AE0-9CC2-5CEE951A442D}
T{7111BACD-4DCB-45BB-9473-47C6CFE03A15}
T{EAB8CB76-56FC-413E-8AFD-C6F4601FFAEB}
F{19518FC8-EBEF-4171-9FE0-420C3154FDD1}
T{85E17C0B-06A2-40B0-8635-D821D7E10FAC}
T{9970D3D6-8CC4-4F6F-AA6E-5FB9C0BDB7E3}
F{CC50E88E-6D7D-4615-B579-E8382EF53B46}
T{D9492E8C-C825-4493-925F-C430D96CEB0B}
T{84E1B927-1846-4874-BEF6-0B9920D0BA42}
T{9970D3D6-8CC4-4F6F-AA6E-5FB9C0BDB7E3}
T{8567E273-9FAB-4C75-B779-E14073F8C480}
T{035D459A-BF8A-4A89-87F0-2C54C65DFA95}
T{868B03C2-A04B-4598-920D-EF7BAF6FE2AC}
T{0FCFD51E-8B81-46DD-AC24-806268649D3F}
T{7EF9A4AC-14A1-4CEC-AFB6-1F2D1494207B}
T{337C70C6-E734-4AE4-9986-10DED8DF1188}
F{28D87847-970D-48BF-9BF2-A38CF608498B}
T{42134FBE-5CD2-4948-9751-DD18FEA2A32E}
T{9970D3D6-8CC4-4F6F-AA6E-5FB9C0BDB7E3}
T{DE1CE137-F45B-4A8A-AA69-2BFAB702C2D8}
F{99C47D85-E3AA-41FA-B935-89603E1CF295}
T{6C473EAA-E2E9-4399-BC94-B0FA7B8AB15F}
T{4D71AB4B-0A74-476C-A9DF-7D6B656D6D78}
F{3C9B9938-6A0A-43B9-AA34-09D724958272}
F{738DCA7C-B62C-429A-B712-6022BAC970DC}
T{DD9BF62C-D504-4859-8527-E826FBA32CCC}
T{9E7BC97B-BFD9-442E-AECE-DB0DAEEC6B6E}
T{6A0A6785-7A2C-432C-905C-A93FF9B17931}
T{8379B667-89AA-4D30-A5E4-FA9D0B1910DD}
T{9E73C8A7-7270-4A2F-9240-C3A98E11F2C0}
T{E3D8C3FF-00E5-40EA-B24B-84421D0D8BFD}
T{2F19C569-3BB6-452B-95CB-85F6DBE75890}
T{C695EF47-F3BF-4EB1-817F-8F12D214DFE7}
T{DC039036-7696-46ED-AB32-4A8BFD6D8FA2}
T{D81CB576-1091-42A7-B933-DF56BF55A2F6}
T{1A9B3CC2-A48A-40E1-8AFE-16CAEE0855D1}
T{522FA7A5-B421-4E52-A6EB-6918EC2B04E5}
T{E4C09BA3-2467-449E-9753-0AFB6D1968FC}
T{8BB65EBA-726D-4DCF-B41E-01DD9D95BE16}
T{C01A6468-5E7A-486A-B691-36FF5E64CB0F}
T{99C47D85-E3AA-41FA-B935-89603E1CF295}
T{44457C57-F6D5-49A9-8189-6AE7E1060520}
T{C4628243-CB30-4922-A0F9-ADF4E77EB8F7}
T{E10DC070-712E-448C-B3A5-9B1B1103AB27}
F{EB399863-7263-4D41-9959-A002CA72050A}
T{F9FFAE2F-DEF5-49D5-B8B1-DC8748CB7538}
T{73C412D3-5909-4F64-81AC-B4FD4EFF97FF}
T{7DA08544-0C0C-4B63-BC2F-4C5B732DF42D}
T{CA18A1A4-2CC2-4ED1-8E7A-2824F68D586A}
F{7909B7F8-FB32-4077-A67B-E902341D64A1}
F{59417EF9-F5CF-4C45-91FE-FC0818A6C866}
T{F9FC1D43-FA1F-47ED-AE2D-7C17ED6F6ABB}
T{C06C1149-ED05-4AFB-BFC9-3A7055CF88B6}
T{A6D21EF0-5FAD-44CE-8170-53DCBE946466}
T{0BDB2ACB-C89B-4CA9-9FD8-55E48D2D8DAF}
T{149B7F73-FB2A-45BD-9A62-540A1B4FC3DA}
F{E5243943-6A5F-45B7-84EA-C6E4E0C300EC}
F{4AC5C593-1057-48A8-8648-C3223F7A6CFE}
F{3F49474C-37B6-4522-B5B1-974732D97353}
T{1A97999E-6878-43F4-9A58-431C2129896A}
F{B972D5A2-5BAA-4A97-97F2-7ABD484B3E8D}
F{761FC623-D274-4C82-B086-609D239A808F}
F{E3395758-CA5D-42EC-9CE3-248408048B47}
T{6026ABA5-6373-42FB-BF3E-322739F9D7BC}
T{66EB49C5-2A0E-4CFA-86B4-AA3D899B39B1}
T{C2A5F523-F0A1-40C3-84D6-0389BD0051D0}
T{1425ADA2-0DE0-4D63-9C51-3C99DF6C35A7}
F{5B7ECF41-8A4F-4E23-B7A5-2424D1BC3139}
T{594477FA-35A3-4609-8E48-A5A1C00441FD}
T{BD86A5CF-8576-4548-BF7A-96CF8330A517}
T{D85FE703-9432-4493-8DB4-BD4E77B38C4A}
T{58F6C9CF-4240-44ED-8826-4AE9C9D8D4BA}
T{679415E6-B077-4F63-B3FC-E6CB84BDF043}
T{0A0AC52D-52C3-46EA-9659-279876D0080E}
T{6621BF44-9A07-4727-BE3B-F77EF2BADBBD}
T{33AFEBBB-F795-4E1D-A192-CE527DE9982D}
T{C709184D-B534-4FC7-A716-A33139FB1DF4}
T{A0C17CB0-8B27-4C62-A0AD-3283E7A16D01}
T{5259517D-4686-4917-B2E7-7DC41D4EA21B}
T{1E495456-190A-4814-934F-516653CBD0A9}
F{AD740549-96A3-4CE8-B7D3-E6C0CA50B248}
F{3E2068F8-DE2B-4DAD-B9FB-AF3F462CF540}
F{C7F9BA2E-9980-46BC-891B-7DCA2807BC95}
T{C0875FE8-F56E-4525-96EA-04E724702FF2}
T{20A44430-6AFD-4E49-B8AC-804EAD68FFB4}
T{92A1B441-8AD8-4F1B-8183-D6BA3BE6683B}
T{997EB1ED-7A44-4796-9A76-10C0BFE5CCDB}
F{A184F0C1-04AD-464F-B661-D4B86EA8A8B0}
T{63C1D0F3-75D8-45B6-AA2E-C73199BD49BA}
T{6C7A35C9-FE91-45E2-A7BC-399DAE06D357}
T{AEBF6210-7CC9-4D67-9220-90829C2375E0}
T{EBCF0615-4612-41B6-B3BD-600920F4941B}
T{31562F44-9220-426A-945C-353A29473F3D}
T{BDC8E05D-661B-40A0-8CD7-D32F57D44B38}
T{A0F8C350-4842-41C3-8CBA-E5E7DEE29BF6}
F{C160AD7A-B504-4C1F-A804-DBB07FBD5751}
T{902E6963-4497-475E-BBF2-2EB88AB79610}
T{9A4B0DA5-20C6-4CD5-AE55-A58C98C17291}
T{E7A88926-65D9-4EB7-8535-0EC4B2E7B0C9}
F{9AE73D21-20FE-4218-8B95-840EE4564941}
F{2A011D88-2D86-4F2C-BA1C-D439FE00146E}
T{1E6F8874-B5B4-41F5-9618-8D271E0D7A84}
T{BA21CB4C-741D-423A-A0F4-B0816DDFAE90}
F{0ED21730-A9F2-43D7-83C6-5E03A5C4B38C}
T{8217F586-C199-453D-9D95-93BB35F3F3D1}
T{024AFEB9-C203-4494-9C12-8F1A8FF5D0C1}
T{4AC5C593-1057-48A8-8648-C3223F7A6CFE}
T{522FA7A5-B421-4E52-A6EB-6918EC2B04E5}
T{C8340FE2-A7EC-41E2-AB12-D933D6B8F917}
F{4631BB42-5061-4577-A8CA-D7DA14B99C40}
F{CC424D8E-DB08-410E-9CCA-37B0B8A58858}
T{336A84C1-A53E-4829-B3E1-785739613E14}
T{B68677A3-87CF-4A19-AAE9-9D298188A145}
T{66378EF2-14E5-4AE0-9CC2-5CEE951A442D}
T{D3043E86-673A-4089-8027-2C65DA56470F}
T{9A2E2162-3BA9-4BE6-9D96-4E4D88FC6E71}
T{50CE6FB3-C9ED-40B5-95FA-385B66C622AD}
T{8F25E8DC-1701-4DA3-AF44-71644DE323C8}
T{D6C8FD60-384A-4D94-BEEF-3C1FEABEBB02}
T{A9CEBFF3-9BA0-42C6-BC2C-8FA609DB1586}
T{0BB39088-45EB-4CBC-9056-11BD1DF12746}
T{364D8BE4-F0AF-44F6-A0C3-0F57A52A1EE6}
T{AEA32450-8E7B-41DF-BF09-A889A8D52F4A}
T{5056AA94-7581-4E32-B33E-B077DD6ECCD4}
T{96501FBF-7B4A-4833-BB28-56724AD49047}
T{99FDCDE3-EBCA-42CD-B9D7-ACB3F4EDD030}
T{46ABAA51-8F30-4EBC-B488-A8B2D4489172}
T{7111BACD-4DCB-45BB-9473-47C6CFE03A15}
T{268F2C88-D150-4411-B48D-15120336FD31}
T{56A3494F-A506-45BD-BEED-AC1BC65AC9B4}
T{E33F11D4-DA22-4F05-9121-AD03E59EC400}
F{569EF473-4A45-49B7-A5FE-984F380B1814}
T{ECA7A290-E845-4F9A-8998-950519349421}
T{98ABB37A-BC90-49EC-BDE5-161F5B25D64C}
T{41C4D4AD-8174-4408-A03C-26794D817F82}
T{5D9F18EC-FD3C-4346-8CE4-03876DD5D35D}
T{8D1E4E40-F34B-4885-BE78-9D0DCF246177}
T{F575A72D-2ABA-4B74-A004-38F739B3DBC7}
F{5FA5DAFA-7895-4EC2-8D44-F62C7EDBD6A3}
F{70A98FA3-7E33-4043-AD34-7C34EF7F2528}
T{E8923501-84D6-4281-80C8-10318C9FD42D}
T{5B58B47E-178C-4C7E-8984-7334392D05C0}
T{84E1B927-1846-4874-BEF6-0B9920D0BA42}
T{19D3F830-5719-4D56-A208-98E95589DC3D}
T{DDF9FB5A-395D-498B-86FE-570AB05AC972}
F{5B7ECF41-8A4F-4E23-B7A5-2424D1BC3139}
