T{0315ADE4-D4CD-43A7-99EF-90D5F99F5EF1}
T{64D5E967-7DBE-4819-978B-92707A12218C}
T{2B18453D-4936-4449-9D11-2443AEDCD0DD}
T{184E5126-1653-4736-855C-FAB271469EBC}
T{FF5969E4-FF30-46C6-8360-E664EE3D621C}
T{02338226-20B8-4D8A-AAF5-0BD9D77AD4E6}
F{3DCCB014-760F-4819-A8BD-B0E1E224D4CF}
T{C3E443B0-A17D-4F68-8F72-84E1A38C57AC}
T{CD045742-5029-4C92-8052-57235584E0D1}
T{4866AA86-6C63-46F8-B0F7-BFB4BDC40AC6}
T{92406290-9C95-4820-A61C-D73A7BE37708}
T{E042F2C2-4B45-44CF-9CB7-D8BCBAC36AD2}
T{2ACBB676-46C2-4E32-9CD0-592361B15D4F}
T{65D21852-1574-4B9C-8F51-8EB0AADA210C}
T{DBF39FD8-029C-41FC-A514-FC7379C92D65}
T{E9A137B1-FD31-4BCC-B17E-C6F6A14E70F4}
T{273F5740-0200-49E4-B454-F45CF331066A}
T{685AD7A5-D954-4EA2-8AA7-0FE511995D77}
F{7909B7F8-FB32-4077-A67B-E902341D64A1}
T{829443A8-998C-4E72-903D-B9C6792A8B96}
T{BFA4AD54-6274-44AB-B91A-4149A69EA6C2}
T{EEC0DAAF-EF6D-45B1-8ADA-6C85EDDB0A04}
T{033C9C8C-A39E-4A45-A419-E752B6FDD3D9}
T{4EEE2B89-24E3-4D9F-AA3A-981DD4F4DD03}
T{28DAE4CB-706F-4813-B60B-EFEAFCDB0B60}
T{F9FFAE2F-DEF5-49D5-B8B1-DC8748CB7538}
T{2AB9D5FC-D9C1-495B-867A-C59A2EB27113}
T{1D1EF308-FC7C-4409-964B-366B0C7732F1}
F{3B4978D0-4793-4E7B-A042-09A8D39C68E9}
T{24D45AA7-417A-4B7E-990A-71877DB92F80}
T{F2A69DA0-F4F6-4BF1-9CF9-5EDD4DAF2C3C}
T{99AA33EC-A00D-4196-ADE1-C77F4075487B}
T{E70515B7-3598-4D54-8B0C-77A8EF857942}
F{0AEF7057-819E-4AF5-881F-8574B66C9929}
F{28D87847-970D-48BF-9BF2-A38CF608498B}
T{FBEF59F2-61FB-4FB3-A2AD-EEA28FF9CCF8}
F{2A21D5CA-DAAF-49FC-8109-C08578D61A4E}
T{6DCCCEA0-31C0-48C3-8F6B-61C5F44187C6}
T{6DBC9973-310C-4964-B260-041849722D38}
T{AD78A4CF-6C2E-4EBE-83E0-BBFBE58AF60D}
T{EFB56271-269D-47DD-A822-6D9800258E92}
T{06B671F7-E2F6-41C8-B11C-494E3B9F48D5}
T{8D7490DD-2AA3-4E03-A92D-C00B4882CB22}
T{1E495456-190A-4814-934F-516653CBD0A9}
T{67A4C1BD-32B5-4E4C-814B-5B7A78149377}
T{6DA8CD99-C7D9-495F-B665-122E96E04E73}
T{B8B5614B-CAED-4B7C-AE47-42EA6AE0F79F}
T{2E54522C-E4E0-4B1A-A8F7-A9D953035189}
F{EB399863-7263-4D41-9959-A002CA72050A}
T{3E73B945-9D44-4CD6-88AF-1416F682303A}
T{0FCFD51E-8B81-46DD-AC24-806268649D3F}
T{CFE9C15C-7CDC-405C-8988-B3D056BD694E}
T{32B1DCBC-DE46-47C7-B3B5-019F644AD39B}
T{48E4404D-4223-4CE8-9858-3BE08C762324}
F{6B7907E5-7766-49F8-AC22-7E826176B755}
T{5C9C606A-2620-4795-9EC6-07A25F9C7DBA}
T{9D860961-0C18-4388-B96C-AFB18C7ACAD2}
T{7909B7F8-FB32-4077-A67B-E902341D64A1}
T{485BB315-623E-44DB-A418-59F4C0C370B1}
T{08EB8606-AEF3-4FF5-BB8E-60F35952DC88}
T{59187FC0-7319-4289-846A-3CA6B39C07A7}
T{74D01259-4A77-46F9-BFA0-30F3AE042CFB}
F{3DCCB014-760F-4819-A8BD-B0E1E224D4CF}
T{13EAA3F7-6F4D-494F-B26F-EDF13D325D3F}
T{D9492E8C-C825-4493-925F-C430D96CEB0B}
T{2B18453D-4936-4449-9D11-2443AEDCD0DD}
F{622B67CB-05D9-41B9-A909-A0FB09FAF1E1}
T{CC50E88E-6D7D-4615-B579-E8382EF53B46}
T{B68677A3-87CF-4A19-AAE9-9D298188A145}
T{43C70BDE-9A82-41CA-A3A4-5001D68EB48B}
T{A9C525CB-CB08-4D0F-AC81-A69D2792572A}
T{F8F766AE-B9EF-4480-8F00-497727BE3455}
T{59A60E0C-3E25-4A18-9691-B87804A27023}
T{3C5CFEAB-C2C7-4F48-A95B-6FDF3220B30C}
F{109B00F8-FC2C-4123-B487-90377BD23D07}
T{B7C35FEB-B95C-40E9-ADF6-8A200FF8E53A}
T{330EEFCC-6EA5-4655-AFD2-89BC7850EBC3}
T{BE5B93E8-6104-461A-8FBA-B47973B8C423}
T{ADE3685C-8E78-4F5C-94A1-B26020B5E16A}
T{7EE441D7-1EE1-48AD-A734-10F804820B32}
T{839EDF98-D20E-4990-9B9E-69DBDACA40E9}
T{7491E4E9-4AA2-45D0-B4DA-64FB37D71AE4}
T{FCA1F24C-E5B7-4A51-A5D8-50C3D826C866}
T{969D4824-12EC-4775-BB67-60B25B21FAEB}
T{ECBA23C4-4E3E-4C7F-996A-3473D0ADD862}
T{C02CDE2A-35FA-49B2-97B6-414AE2E988D7}
T{91A986A8-319A-4E32-BEE0-0C24EBDA2EED}
T{1E0A93DC-A864-40E6-A73D-59C3C1CB4213}
T{63CE1379-FC9B-4DDC-A696-CE9481245EB2}
F{F7970881-3670-4B14-9A79-11E9B14D974B}
F{71906020-5A21-43DF-BDA9-E494446ABDB8}
T{30DBCB9B-4354-4E36-A3C3-3F41525F9921}
F{3D076BAF-B45B-4575-B9AC-0236CB2F4AB1}
F{F76366A8-D581-437B-85EA-A3767951BDAB}
T{667FFDE0-FB16-4918-A614-A9CE18735274}
F{54F88DF0-1DA5-483B-AECA-27E54C2095DE}
T{89E48A1F-8B77-4D95-9BED-3E292D9E255E}
T{65D21852-1574-4B9C-8F51-8EB0AADA210C}
T{0A15DC2B-AD97-4E76-A59D-2B878FC750DF}
T{7AF45C72-8D17-40AB-9107-9685EA80BB08}
T{812049A5-D12D-4481-99F2-445B24133D7B}
T{137CBC77-550A-49EF-A43D-BF05B47FC7EC}
T{7DB925E9-2041-4FE3-89D8-AA1DF305B6A2}
T{1DD8B0BB-B8F5-4109-80FB-666D9F5AEF36}
T{09B58C0F-CF1D-45C0-9265-0E49D3633979}
T{7C4B19EA-0F22-4106-9B5D-99D382F537F8}
T{A3D04EF7-9764-4171-AFD5-632726047AC4}
T{8F0CFCED-39A0-484F-9223-1EE557524C7D}
T{0D2AF944-A320-4941-8596-9C37C95ED2E6}
T{EFB56271-269D-47DD-A822-6D9800258E92}
F{9BB7D453-6147-4226-B948-FBC177618FEB}
T{68C364BA-4A8D-4594-85A4-9835A2A2DF14}
T{E9786140-B267-4686-A2FA-CBE2D2A60533}
T{12EAA79F-258C-49BF-AE72-E452C3944DA2}
T{8EC0969C-693B-4D1B-9B1C-C412A827BACD}
T{90FA22B8-2822-46EC-8F6A-B3D6FA3F8720}
T{0A449B10-AE78-4881-B687-DC27EBEE1A16}
T{435D361B-59D2-47E4-A53B-2E741A455C67}
T{55B089B7-34D6-4A8F-8B77-BEF51B3C21DB}
T{5D1F5859-00EB-4C97-88B7-7F1B925EA3F8}
T{BAD7DEAA-7A55-46CD-A240-9546D4ADA648}
T{E43F73F6-8C86-4281-9CF2-CECC665A3A94}
T{A5F2C84B-6E34-4933-9039-47B50CEBEE2E}
T{F44817C6-8D0C-44AD-8FB7-5CD14F0828C9}
T{43C70BDE-9A82-41CA-A3A4-5001D68EB48B}
T{B3579977-D4AD-4589-90DD-752A0ABDEFC6}
T{2A011D88-2D86-4F2C-BA1C-D439FE00146E}
T{8781C560-C1D1-4D7B-A14E-12044D412E63}
T{52222EF9-1C9D-4591-85FB-1387AD76861C}
F{C1345BAC-0F97-43BF-8B90-8B867D80C948}
T{C75A3550-759C-4B0D-B03B-6707A00065EF}
F{738DCA7C-B62C-429A-B712-6022BAC970DC}
T{0A15DC2B-AD97-4E76-A59D-2B878FC750DF}
T{1ADAA6DE-C838-47B9-B71A-C470139A93F3}
T{2CF9A427-2C79-4365-9812-944D5A00765C}
T{C84A569D-A473-42CA-87AB-A7751406C8FA}
T{B1638F33-0118-41B9-BB92-3204AE05D243}
T{52C94D8E-A1F4-4DF6-8D87-104425732458}
T{4D4B7FCA-F428-46FB-B5DD-D5B2606CF9D2}
F{36229AAA-0236-4DD0-A337-4102FFD5E19B}
T{2E39AF3A-C28F-49D0-BA0C-F5E347DA7418}
T{A0ABBC99-F4EB-4EA2-B2FC-74914B7A7739}
T{7098E788-E847-4DCC-A9EA-DCCAF019D367}
T{82E381D5-E025-4BA4-BAB8-DCC33EF653A1}
T{02338226-20B8-4D8A-AAF5-0BD9D77AD4E6}
F{D3E69CBE-B364-400E-8D65-593F6EA2ED22}
T{F9478383-C96B-4EBA-AB1B-01B299D9F0F9}
T{B10AFEA1-79FD-4CCC-8080-7B9E10489A20}
T{02420133-998F-451A-85ED-59FC120F174E}
T{4CBAEBA8-850F-4709-A28A-B22B635B51D9}
F{CEB8EE2F-A619-497C-8910-FF0BE44ECF2F}
T{6DCB7B83-ECFD-4321-B821-A269774A1963}
T{D55A6836-D588-4F71-A480-D8E687A4A7A4}
T{CB212B9E-D72D-4E7A-B5BA-BFC9BEDB615B}
F{2ABA9C19-81DB-485F-9F05-E5E511AEEB3C}
T{564F1623-2766-4629-8B06-2D68D91C9219}
T{738DCA7C-B62C-429A-B712-6022BAC970DC}
T{033C9C8C-A39E-4A45-A419-E752B6FDD3D9}
T{998614B4-2EEE-45F4-A8BE-838679B6886A}
T{0BE2BD3B-C607-4855-8825-316EDC6B2BFD}
T{E042F2C2-4B45-44CF-9CB7-D8BCBAC36AD2}
T{E685E5F2-0404-4950-9066-C254B49448E5}
T{E8923501-84D6-4281-80C8-10318C9FD42D}
T{30261BDF-3BEF-4FAC-9F39-728BF5814B6F}
T{B6ACD122-B4F0-4528-BD14-587D23B62970}
T{50CE6FB3-C9ED-40B5-95FA-385B66C622AD}
T{535A7058-E951-404A-BAD8-417FA98C8700}
T{378D6A84-EE70-4022-AD41-074287604CB6}
T{230D0612-25E4-4709-A124-15E27C7FF3E6}
T{46F37032-1D08-422D-971A-E9315C04D05D}
T{1A29251B-51EB-49B7-8606-2FDC016C125E}
T{E70515B7-3598-4D54-8B0C-77A8EF857942}
T{353F8A70-8E82-41D8-92B7-8CC02A7D3EA0}
T{43C70BDE-9A82-41CA-A3A4-5001D68EB48B}
T{1332E500-0639-4BC9-A492-BF7EB16C5A55}
T{F76366A8-D581-437B-85EA-A3767951BDAB}
F{AEFF0CE8-5DB9-449B-9564-C72FE370D086}
T{DB05D5FA-CC10-458B-A297-EF9F52732393}
T{70229EFE-947F-432E-9FF2-FCECF5894956}
T{569EF473-4A45-49B7-A5FE-984F380B1814}
T{E43F73F6-8C86-4281-9CF2-CECC665A3A94}
T{F780F1A9-2344-4482-B5F3-C98DACEE4E69}
T{076FD19F-5E1E-4055-8F98-6361B6F5F1BF}
T{3A922559-E139-47AD-9723-7497580513D3}
T{DBCBA75E-BFCC-45DC-A7DB-AD2F673EDE17}
T{E98489AC-2C9B-4947-B20C-A6D4B5EB1551}
T{4E7F8185-9C80-49D1-A477-EAB7AE1D6C2A}
T{8301F744-3B7B-4EBC-9084-57F8D46DA1A6}
T{F927D7A0-9C30-4948-ABC7-54C2FBCA3643}
T{C75A3550-759C-4B0D-B03B-6707A00065EF}
T{634E7BA4-1C59-4BED-8293-63A9812EF1AC}
F{31E65F81-05BB-49AA-8FB4-C11A3C20EBEA}
T{CFB4A6C7-3819-4E69-AD26-8AC0D26CEC1C}
T{32463275-68A2-46A6-A1DC-67F91D50DAC4}
T{97421F6E-A04C-4AEC-9A69-E566E822965D}
T{4870E818-AFEF-4B9C-B288-A6B480B7FE90}
T{04D6EA31-1319-4626-9C7A-6FFE8D78B741}
T{F009BD42-C2BE-46F9-AB65-4B2D164D4E32}
T{90FA22B8-2822-46EC-8F6A-B3D6FA3F8720}
T{9BA82F66-4324-4299-812D-C258882CB8F5}
F{4F591450-2F30-475E-8A77-D89DAED15BEC}
T{50118F6D-54B4-4099-B8FC-F105B76EED79}
T{5CFE949C-3375-42D1-B372-4B9F2D3363F9}
F{5C30563F-9A21-437E-9822-1450B4BCC6B4}
T{3CD37A4F-EC74-4485-8B32-307392640AF2}
F{8C2886EB-AABB-4C35-B405-85568A2E9B74}
T{16751EC4-680A-4ADB-B962-BE9FB74CB099}
T{685AD7A5-D954-4EA2-8AA7-0FE511995D77}
T{39CE567F-E0C2-48F5-9B35-A18AD7962F95}
T{D85FE703-9432-4493-8DB4-BD4E77B38C4A}
T{712E1FFC-F069-492A-81C6-D9ACDC500ADC}
T{335591C6-D690-4071-B39E-6989C6CA9D41}
T{DFB6DA0D-F341-4848-A8EA-D4CAB2849D21}
T{EDB76416-AACC-41CD-9EEE-4ABCAFD41452}
T{67A4C1BD-32B5-4E4C-814B-5B7A78149377}
T{0F73EF9E-8D0E-426D-8788-AF6263377BB4}
T{9BB7D453-6147-4226-B948-FBC177618FEB}
F{568E1A9C-EB48-4974-8CC7-8CF3D93628C8}
