F{534ADE6F-4D2F-4004-8714-8D6548EDF5EF}
T{6CB107AF-B679-4548-98A4-A758AAC32E15}
T{0E80DBBD-EE70-4A13-BAA0-89EADF5FB27D}
T{0BDB2ACB-C89B-4CA9-9FD8-55E48D2D8DAF}
T{F1D209CA-1BF7-48D0-8BA5-63C8DE491F03}
F{E0F5677E-A11A-4E1E-B292-4824DA3202AC}
T{ADDE30E1-488F-4968-90B2-706AAA3CF477}
T{0584DF14-F894-48CE-924D-8F8BFCE258FD}
T{BAD7DEAA-7A55-46CD-A240-9546D4ADA648}
T{EA8E30F5-C770-4100-829F-D26C8FED65AE}
T{48926041-94B8-4A8F-9BC3-1C693A5D466A}
F{CFD1B584-D36F-4AD6-BA4B-82D8E3FD29FB}
T{D55A6836-D588-4F71-A480-D8E687A4A7A4}
T{9E73C8A7-7270-4A2F-9240-C3A98E11F2C0}
T{F30E6EE6-D3CF-4048-9D28-15223BB29924}
T{168DEBA1-AFCD-49C3-9EB2-8D5478D45813}
T{827AFC40-D724-476E-B0F3-1428733B4918}
T{8FE0FFDB-FF26-4338-BF52-D29689627627}
T{B5E05F0D-84CF-4411-91D9-A594F77DD8BC}
T{0A0AC52D-52C3-46EA-9659-279876D0080E}
T{4B46A87E-5B42-4900-BFC5-E5BE6F5C0ECB}
T{CA751CBD-C055-4717-9D4C-EDA89B8655E6}
F{ABA16086-C2D3-47A4-BFA3-B8983CBF0AB2}
T{0A15DC2B-AD97-4E76-A59D-2B878FC750DF}
T{C1DC69A4-D9E3-4886-880C-E790BD9FD882}
T{852FDEF1-226E-4399-A2F5-91A05B00A0AE}
F{5A3C78B2-BD49-4A25-A84F-98BF4EEE6FA0}
T{13651C90-90F3-465F-875E-ACE15FF010A1}
T{B98758E1-EB04-4A03-83CE-5C254788EF72}
T{74975063-A979-4848-870D-41F314A40FFD}
T{52D61150-327E-4D8F-B367-707FDE378EBC}
T{4502CA83-7BAD-449C-980A-76C8374523FF}
T{0232C3FE-B31C-4974-8093-C88F9BB82C90}
T{72EEF118-1291-44DE-B8BD-65632019B7FF}
T{569EF473-4A45-49B7-A5FE-984F380B1814}
T{0412970B-1605-46D9-8430-465886A3B27D}
T{A978CA0F-82F7-4C15-B5AE-9B9B69FCF5DA}
T{32E59475-C56C-48CE-89CF-9499DB821BCB}
T{5A5891C0-4C77-4D08-A41C-623AF72A484F}
T{12EAA79F-258C-49BF-AE72-E452C3944DA2}
F{3F49474C-37B6-4522-B5B1-974732D97353}
T{E6D9E511-D49A-4D7C-BF1D-76DC2207D232}
T{9A3B30D0-1158-42A4-A7E8-FF01D24A5BB2}
T{E0B1D773-F0AD-4042-9AE3-8273CDC9DDFB}
T{168DEBA1-AFCD-49C3-9EB2-8D5478D45813}
T{754A3396-CD93-4C9D-BE4A-041A703B2968}
T{4502CA83-7BAD-449C-980A-76C8374523FF}
F{D16B198E-E4A4-48ED-8BBD-8FC8826952A6}
T{40F4535A-CBCB-498C-BCE6-93962E2B138D}
T{6C2E4E0B-1F45-4269-877A-E82E07EA0670}
T{8FE0FFDB-FF26-4338-BF52-D29689627627}
T{3993D362-13F8-4DDE-816D-7ADBC13BC194}
T{997EB1ED-7A44-4796-9A76-10C0BFE5CCDB}
T{594477FA-35A3-4609-8E48-A5A1C00441FD}
T{D3BBFDAC-09B9-4BD4-A5AF-B519BDCDA14E}
T{18F83909-6A1A-4622-90AE-146C40C1AC30}
T{080C1722-DF19-4C43-B28E-3112BC30B0FA}
T{20B6A067-5E99-4396-8F11-A329F80067EB}
T{28D87847-970D-48BF-9BF2-A38CF608498B}
T{ED7787B0-EF77-400A-8CCD-13952A219EB8}
T{0A0AC52D-52C3-46EA-9659-279876D0080E}
T{5FA5DAFA-7895-4EC2-8D44-F62C7EDBD6A3}
T{DBF39FD8-029C-41FC-A514-FC7379C92D65}
T{37598C6E-D8CB-4E9F-87AF-7740C8D75B38}
T{2720E3FE-A401-4E81-8924-8DD69BAC7EC0}
T{FF5E2548-EE6F-4277-AB12-93465E893B95}
T{CCB69A99-41A7-4A76-A19F-71825320E248}
T{0412970B-1605-46D9-8430-465886A3B27D}
T{7E6C90E9-E0FC-4F62-8E23-B9B95F36C94D}
T{2904223D-8004-4320-B520-246DD4639598}
T{F4D808A5-9152-406B-B37F-09A0718529C9}
T{FEEA650C-C93E-466D-854D-526DD3BC3E57}
F{55E185DD-7BE4-45AF-8A66-BA1122C50555}
F{9039F657-FDD1-4F00-B614-723F7FA9DFAC}
T{C01A6468-5E7A-486A-B691-36FF5E64CB0F}
T{CF5F997A-D364-447C-B8BC-725E1B1182C4}
T{0597A5B9-AA74-4529-9764-79F3B4EF4985}
T{47AE9454-787E-4CC3-818E-8B76E0DC3D9D}
T{CF5F997A-D364-447C-B8BC-725E1B1182C4}
F{C8F56C61-677B-4A4C-8E48-3371AD9207BD}
T{076FD19F-5E1E-4055-8F98-6361B6F5F1BF}
T{0225A0F1-3576-41B0-82B3-A529A680DF30}
T{40F4535A-CBCB-498C-BCE6-93962E2B138D}
T{28D87847-970D-48BF-9BF2-A38CF608498B}
T{F7970881-3670-4B14-9A79-11E9B14D974B}
F{9DE7B7F2-DC94-4D03-96B3-040C73C16B49}
T{726C104C-582E-4B78-953D-0A7F38D18884}
T{77D482C7-50B5-49B3-862E-68875F5AECE7}
T{A41F2E20-7319-4FD2-8C65-70668730027C}
T{B61E2286-945F-44D6-B9F5-1D297180E81E}
T{B09F2FBF-6E03-43AF-9B4C-71EAF7959CD2}
T{27846AEE-9258-49D7-87A6-1AFBF25B2C3B}
F{3B4978D0-4793-4E7B-A042-09A8D39C68E9}
T{6DCCCEA0-31C0-48C3-8F6B-61C5F44187C6}
T{F4168D79-FEA2-41FB-9AFC-D314AAE5A5F4}
F{F9478383-C96B-4EBA-AB1B-01B299D9F0F9}
T{F7970881-3670-4B14-9A79-11E9B14D974B}
T{3ECC5C87-B7E0-4A1C-8A6B-FDCE4A68EBF6}
T{9E7BC97B-BFD9-442E-AECE-DB0DAEEC6B6E}
F{04F70EF6-AAAC-4010-98C6-D6B1D707452C}
T{594477FA-35A3-4609-8E48-A5A1C00441FD}
T{54F88DF0-1DA5-483B-AECA-27E54C2095DE}
F{353F8A70-8E82-41D8-92B7-8CC02A7D3EA0}
T{CA5437AA-9226-4DEB-BBB3-103AD8229378}
T{7909B7F8-FB32-4077-A67B-E902341D64A1}
T{CBC77118-011E-4F45-AA2D-200DA6B6BCDC}
T{FBD47410-74F5-42D3-847E-1D99021E3D09}
T{E1A4A141-09A4-45DE-B2C6-8B66D95FFAFC}
T{39CD752D-F55A-436A-AE85-9A0202281694}
F{A9FDDB13-F96D-4F44-A652-252C67527D41}
T{F97B185B-A4AA-4F9A-957C-91F3E2B24508}
T{308B779B-6ED1-4599-9F27-017DDC7DBF18}
T{0F8801E8-D250-43AC-8602-0B118678B55E}
T{0225A0F1-3576-41B0-82B3-A529A680DF30}
T{145EBCD1-01ED-42FA-A5D4-4BC0AB42FBC8}
T{ABA16086-C2D3-47A4-BFA3-B8983CBF0AB2}
T{8FE0FFDB-FF26-4338-BF52-D29689627627}
T{CAA569D1-9EFE-4B38-8812-D9C1235AD867}
T{C86ADE68-FA42-498F-812D-B960C00B23E6}
T{0C4DB3E4-9B6D-40A1-94F6-7D2A524D626A}
F{353FC933-A7F5-4000-8C5C-6721DCC706A8}
T{D213F967-0931-45A5-B61A-20AE66A691BF}
T{31214508-DC84-469E-99C2-CFA44D3340DC}
T{5A4F9AFA-8DD4-43FF-BF43-D81B6435FFA5}
T{A0F8C350-4842-41C3-8CBA-E5E7DEE29BF6}
F{FD8184EB-310B-464A-9145-BCB22FBD0BDD}
T{ABD13198-139A-4CA2-8028-05B7F01EA5DD}
T{32E59475-C56C-48CE-89CF-9499DB821BCB}
T{AA18B2CC-0325-42E6-BB16-B84619056F0D}
F{C0297B6E-BF78-4566-BD89-2B988574E3EC}
T{86B338E1-14E5-4F21-BA69-FED51434C944}
T{92348CBA-2A8F-4A77-84C4-19C94E9F901D}
T{61709A9E-6032-4481-AB2C-09D74D0F4BCF}
T{DB3DF5CA-AB53-4153-8BE3-AAFF2E0DDD10}
T{5A3C78B2-BD49-4A25-A84F-98BF4EEE6FA0}
T{8BAFA0B9-B12F-4E13-9AD3-2618D14960B8}
T{DD779961-B2A9-4946-AFAE-D71FD308E276}
T{DC598291-535A-4042-9CA6-BA21DD90E715}
T{B59246BF-FCDE-45CD-B7E4-9448371352A7}
F{80A87AE6-1D78-4016-88FD-3E2E74C9F525}
T{557C3391-BE96-4109-9FD5-1DC0981747E2}
F{34A4CC01-A441-4327-B39E-229E67C158D5}
T{DA1D118C-1DB3-46B0-86B0-61E4E6513C38}
T{4AC8E7B6-AB5C-4FF7-816F-2B863DB1C3E0}
T{DED38A89-1F9D-443B-86CF-13DDCCBCE0B6}
T{047B679C-F9E8-4300-97F3-8E34B4D14257}
T{4B6E30DA-8C1E-4074-A9A0-6899C9E0CC30}
F{3F49474C-37B6-4522-B5B1-974732D97353}
T{3972E64C-D59C-4325-AFAD-C94E2710C1EB}
T{479E76FD-96B1-4EB9-87D0-44672B6EC0D8}
T{B675C6D8-8221-4841-A989-CC5EA37484E8}
T{336A84C1-A53E-4829-B3E1-785739613E14}
F{1C15A848-32EA-420F-9E1D-5869169E2434}
T{5D5A0055-4B96-45FB-8E6F-166177AA361E}
T{89E48A1F-8B77-4D95-9BED-3E292D9E255E}
F{0C993C3B-DC1A-456B-B07D-868FE9F5E312}
T{DE3BCA67-4C4C-4255-B831-DE76F550A32B}
F{41B25C51-E883-4D30-A5EF-AC5CBC7D961E}
T{0315ADE4-D4CD-43A7-99EF-90D5F99F5EF1}
F{EC4C105E-51D1-49C4-B632-9D92AF5DB947}
T{8764D2CB-8CC8-485B-A839-D2B7B7C9429B}
F{DBBDCDFD-CCF9-4CD7-B2CA-664B40AD95F5}
T{200B8681-627A-45CF-A5EA-71CBB84A689D}
T{C240BB78-799C-4F49-95D1-716AFB8F420E}
T{0CD6EC3F-84C9-4847-9C41-0B801300844E}
T{6B7907E5-7766-49F8-AC22-7E826176B755}
T{997E6018-4B63-48BD-A151-F03FD56EEEA4}
T{DCF5409D-85CD-4C77-B64B-5859AA1AF225}
T{8B8D56EB-A5E5-4095-A699-F7BCDAD193F5}
T{013559A9-91A0-4FF2-A72B-FF837A52718A}
T{80ECB63C-A483-4A0A-BFC9-D2ED70B431E4}
T{6E1AF524-1364-4DC5-8ADD-AFA0CBBFCD19}
T{83355EF8-E31F-4F19-9A5E-0E845019FE56}
F{F780F1A9-2344-4482-B5F3-C98DACEE4E69}
T{CBC77118-011E-4F45-AA2D-200DA6B6BCDC}
T{86B338E1-14E5-4F21-BA69-FED51434C944}
T{61A2832A-4DEE-4C33-8234-91600C52EEEE}
T{754A3396-CD93-4C9D-BE4A-041A703B2968}
T{D16B198E-E4A4-48ED-8BBD-8FC8826952A6}
T{DE3BCA67-4C4C-4255-B831-DE76F550A32B}
T{EC4C105E-51D1-49C4-B632-9D92AF5DB947}
T{494ADF45-1C13-41A5-8B73-0EDF94A1B800}
T{C4628243-CB30-4922-A0F9-ADF4E77EB8F7}
T{0906D2B9-F284-43DE-BC0F-92DC468682B3}
T{C6DFCEB2-EE61-4BAA-8F96-EE3086705FAE}
T{0278CC4D-1D13-4C32-81FE-35B1D1889A30}
T{9D8F2DBC-339C-4A80-BDBC-7D1AD403B7B8}
T{6EDF789D-3FDB-4834-85B4-83687AF1CB4F}
F{31E65F81-05BB-49AA-8FB4-C11A3C20EBEA}
T{08DC2140-C06D-4128-9B74-ED0C0C7D57BD}
T{12EAA79F-258C-49BF-AE72-E452C3944DA2}
T{F7C67716-CD1F-4540-8F20-3BD3D40FC48E}
T{2A1F9EAD-0A5F-44D9-85AE-39C140AE8041}
F{C6B44983-BE51-436A-BFFA-0A66492574BE}
T{3A0ED386-3A65-40E9-924D-0E14F75CF9BB}
T{7E1BD8A7-FE3C-4F88-8B98-6558CEB64CBE}
T{594477FA-35A3-4609-8E48-A5A1C00441FD}
T{2CA20983-CA62-40E0-9A0B-92D93CAA02D5}
T{9BA29DED-803C-4B1E-8243-9AA6EE3DA742}
T{91C09955-BA2A-4E50-AEDC-7A668148E849}
T{4345DF53-CC0E-4397-9FF8-7B695530835F}
T{CB34698D-D002-4510-B2DD-C3940E052DB7}
T{3D511E0F-C849-455E-951C-53EC1F8C63CD}
T{97D12136-44E5-460C-821B-DE4E62C6705B}
T{DBCBA75E-BFCC-45DC-A7DB-AD2F673EDE17}
T{6E1AF524-1364-4DC5-8ADD-AFA0CBBFCD19}
F{73956D02-E81B-4E91-A82F-DEBAC1B3BC1A}
T{1F5ED348-8DBF-4765-9143-8E24D987F3F2}
T{F4168D79-FEA2-41FB-9AFC-D314AAE5A5F4}
T{E1A4A141-09A4-45DE-B2C6-8B66D95FFAFC}
T{15DD10CF-1A9C-412C-A3C2-D44EDC10537B}
T{DFB6DA0D-F341-4848-A8EA-D4CAB2849D21}
T{DF1DD51B-B1AC-4247-ABB4-8202642C8FBD}
T{FBD47410-74F5-42D3-847E-1D99021E3D09}
T{037C69F4-AB20-4E47-916C-A44AC4959600}
T{2CA20983-CA62-40E0-9A0B-92D93CAA02D5}
T{6B7907E5-7766-49F8-AC22-7E826176B755}
T{37598C6E-D8CB-4E9F-87AF-7740C8D75B38}
T{AAC07CC5-A342-4E6D-9EF3-F58A2F92747D}
F{120152F5-AA1B-4966-81B5-D98839FAB9B8}
T{E20C54C2-BE96-4458-A146-8BE307BB3602}
T{82E381D5-E025-4BA4-BAB8-DCC33EF653A1}
T{AAC07CC5-A342-4E6D-9EF3-F58A2F92747D}
T{5D9F18EC-FD3C-4346-8CE4-03876DD5D35D}
F{7EEA214C-C56A-4C6A-A0CA-881E4527D866}
T{F985AD6A-BCF1-4FF5-8D68-6190E1F0ADA8}
T{4458E00D-6C0F-4011-AF7B-C9445F4145A2}
T{622B67CB-05D9-41B9-A909-A0FB09FAF1E1}
F{F38A6811-1135-4C8C-AC69-2BB82FD17819}
T{0E293CAC-8BD6-4D1D-8AFB-91B033E4AA1B}
T{171B9DA4-11ED-4CD4-86EC-E4E8E164A054}
T{73956D02-E81B-4E91-A82F-DEBAC1B3BC1A}
T{370D30A3-D8F1-4AAB-A07C-9FF7FC2E1FC6}
T{41939539-F410-47CD-B2D6-9868AD3C3599}
T{36E9B7E4-D104-4E8D-BE8F-291840269A6C}
T{BB337A1A-8768-4E40-9FAA-6AF37AF9439D}
T{505EBEBC-5875-4A4E-AE30-B3371E7E1A22}
T{D10EE326-CB1D-46E9-8C55-53323E9E3A27}
T{709ACD2F-C57F-4797-8BF0-91DA20354331}
T{28D87847-970D-48BF-9BF2-A38CF608498B}
T{B7C35FEB-B95C-40E9-ADF6-8A200FF8E53A}
T{47E62AFF-6573-4E06-847F-AFD5EA6D54E5}
T{815770D1-0FF0-48F3-B4FD-3F1AD3C35E20}
T{4B720B54-EA7A-4892-827E-2DE3FD2BA5AF}
T{6C531987-1B2A-4D8A-AA84-E3A9BC0C85BE}
T{22DE6BCF-F8F0-4338-9555-ADC101CEDE62}
T{B59246BF-FCDE-45CD-B7E4-9448371352A7}
T{635F4DC2-BEAF-49ED-8573-5795B4DA624D}
F{2E2FA9B9-5526-4DA3-872B-38431976767B}
T{31D17F6A-CDA0-4103-80C2-0602D36F05D1}
T{5F365099-DA9C-4D1B-AD51-34DFA49312F8}
T{2C17985B-B903-4E5B-93EE-B4C14383107B}
F{033C9C8C-A39E-4A45-A419-E752B6FDD3D9}
T{B35271A6-4A3D-42D4-B273-A857921896B1}
F{DD3ADED7-F4E6-4C1B-BFA9-3DED478765A0}
T{BDC8E05D-661B-40A0-8CD7-D32F57D44B38}
T{9B111588-7AC2-40D2-AF05-7BAAB006A5D9}
T{C621C91B-0277-43CD-A204-25DB6F19FECC}
T{BC77F0FC-6A0E-42E8-80FF-279C93FE8C1E}
T{79F76C0C-DF17-4E48-B110-B6D861D9D718}
T{CDF846F6-530E-4CD1-A4F4-67D4ECC98E55}
T{4F591450-2F30-475E-8A77-D89DAED15BEC}
F{D85C61D0-4917-47CE-BFA2-A31D39698867}
T{0A449B10-AE78-4881-B687-DC27EBEE1A16}
T{E4AFE9C0-435E-4CC0-8A57-92C4A690D991}
T{2720E3FE-A401-4E81-8924-8DD69BAC7EC0}
T{4E7F8185-9C80-49D1-A477-EAB7AE1D6C2A}
T{7E458168-6DD7-4C52-8638-3490190966CA}
T{6CB107AF-B679-4548-98A4-A758AAC32E15}
T{0412970B-1605-46D9-8430-465886A3B27D}
T{91E18891-877B-422A-A812-9056CC4FE744}
T{7DD087B6-F121-4CDC-9B44-810EE446CCFE}
T{1E71C37C-000F-4E58-850F-B2D901505429}
T{1E6F8874-B5B4-41F5-9618-8D271E0D7A84}
T{B5E05F0D-84CF-4411-91D9-A594F77DD8BC}
T{38CC5925-BA34-4929-A51B-71A4A6FBA28E}
T{0630FB1A-C156-4E9F-82B5-1E26F3355BD9}
T{65D610FD-2C60-48B5-875C-7B414BF01F8C}
T{1F6CFE6F-2170-4F1E-BE35-3FF20B15EB3F}
T{31D17F6A-CDA0-4103-80C2-0602D36F05D1}
T{ACE63EA0-6C0D-4CF2-AAF1-F7DF93458FF4}
T{951F4930-2E7C-4F4A-BC87-963911C861E0}
T{B137127D-BFE2-4FB4-B644-7067378CE429}
T{A41F2E20-7319-4FD2-8C65-70668730027C}
T{7DB925E9-2041-4FE3-89D8-AA1DF305B6A2}
T{8CD558CD-5FBC-4B9F-9B25-D5760A030B2C}
T{A9C525CB-CB08-4D0F-AC81-A69D2792572A}
F{FDE8C924-1644-4EF4-9E44-2A80D1F73F98}
F{A1F5F693-4074-42B6-982C-0423302DCC52}
F{5CB81C51-F2E9-4E2E-A858-1EDA3253632C}
T{64DE4DED-AFE7-4381-A375-1F56C1CC0997}
T{1BD59A36-7643-4C56-829B-6A4F34379B71}
F{E29E2476-2E30-4412-90CF-BF9DDB95C80A}
T{A988D573-98FF-4652-8159-CE6950410D98}
F{109B00F8-FC2C-4123-B487-90377BD23D07}
F{521CEF31-D86E-4994-82D8-7D4B4337FB3E}
T{AA1BC3C0-448A-4776-BEB5-938BED14CA8F}
T{600B45B2-995E-4398-A6EA-53FB028745A6}
T{E02063B7-E3CE-402B-B0AB-13A628C572DB}
F{4631BB42-5061-4577-A8CA-D7DA14B99C40}
T{20A44430-6AFD-4E49-B8AC-804EAD68FFB4}
T{699CF8BE-8081-4278-BED5-3BBEC00949B9}
T{77D482C7-50B5-49B3-862E-68875F5AECE7}
T{4E6F1ACA-DFA0-45A2-99CC-0F96B2B2E7F4}
T{025D67BB-0DD2-48B6-A8FA-10A9DD526C21}
T{A184F0C1-04AD-464F-B661-D4B86EA8A8B0}
T{362D0584-63A0-4CA7-A531-4054111D4CD3}
F{AC6F70D8-7EEF-49D5-8913-2D73FFB4D8CF}
