F{05B67000-BF3F-4B0A-BCF9-764B50B45F75}
T{E6B7E083-2EA9-4D70-9CF5-951ADF3A7D06}
T{F19F3B6B-70B1-468F-9325-C3C9DFDE0F59}
T{3382308C-9579-4D36-87AE-59B8DBBD9F93}
T{1BCF6D7A-7B04-4A46-B663-672B488FC4F1}
T{C046E1C2-887A-4C0F-86F8-1AF41F3ECB27}
F{41CE8483-BD3B-4EA8-817D-77445D0B61B0}
T{EA6AA6FB-DF99-4639-8DE7-411B93104855}
T{21EA4815-049C-4ED1-A977-9F82A6CA25D0}
T{2988207D-57A6-471E-906C-AE722FC86091}
T{622B67CB-05D9-41B9-A909-A0FB09FAF1E1}
T{89ADF979-0C2A-4B8F-AF26-4D14CE9658EE}
T{41A45C9F-C418-42FC-98B5-ECBA6A48D32E}
T{82460E98-8F2F-4227-8F7A-2E4D2E4CD043}
T{82E381D5-E025-4BA4-BAB8-DCC33EF653A1}
T{5DCE4AA6-04AF-40E1-A29B-280B64965592}
T{E82C3043-DD56-44F5-AE41-DF7C62308A7D}
F{B85DFC15-0B64-439F-A044-71190EBCF76D}
T{654B030A-644D-4695-ACCF-59F854EB66B9}
T{7D3D34D6-17D4-4CAA-9F42-08ECE2245E7F}
T{C78C5A30-1F6A-48B3-995C-460330AB5E66}
T{F4A720D8-FE69-44EA-BA20-2858484E9215}
T{C93B1D02-A609-4C81-9EF7-851CAA2B05F1}
T{1615B643-B198-4D08-AED2-19C3CABB84AC}
T{D6B9A408-BB19-4DAA-AD42-7724505DC822}
T{F4A23CE3-ED82-46B6-B5ED-FB519D773140}
F{7AF5C5D8-604B-4568-AB4F-ED5CC15FF9D9}
T{44CB2BE5-9C92-4BE5-B120-10EE6FF87C82}
F{3CA7A2A2-EA51-44C7-BF0E-6DFDB47072B5}
F{49453906-DAB7-440D-A128-E51709F7E963}
F{D51A08DE-302C-4241-A2CE-CB34CDB68A60}
F{553A8213-F725-4282-ADCD-0BCA0ABF50F4}
T{EB399863-7263-4D41-9959-A002CA72050A}
T{6BF76626-39C4-4D36-9709-F3A4DB097EFE}
T{DD78AC32-5218-4B94-9E2F-83FCCF384FD5}
T{3921CDE4-5BF1-4ABA-8FAD-5B682169962C}
T{05B67000-BF3F-4B0A-BCF9-764B50B45F75}
T{9D5DB79D-E605-4A84-A340-B616C90057F9}
T{F926C268-0F07-4AC2-A6C6-D610A96AC12A}
T{89CDCD49-C22A-4462-B340-DD7249376557}
T{D975CF80-83A1-416E-B301-1357AD91D672}
T{9BF622F9-55DD-43DA-A0CA-672B12990A90}
T{69B2891E-9AB0-4C1B-82DD-CED840FF71A7}
T{6E14113B-8E20-4B90-A537-A1B3B355DBB2}
T{169152A9-7F8A-45E4-9ED7-8ED43A9CAE7F}
T{933D353B-3A0F-45FE-B369-9B11C29F843B}
T{E32936C1-F8C8-4508-865B-3AC57B90F281}
T{F7CC59CB-9719-40DD-B9C9-690E2F060C48}
T{DC2D879E-AA73-4D89-8026-8E53164AC37F}
T{E6B7E083-2EA9-4D70-9CF5-951ADF3A7D06}
F{D4CDF893-534F-40B2-964C-D0C4F51FFBA7}
T{DF12EF79-DCD4-458D-A8A3-500E2A566578}
T{9A3B30D0-1158-42A4-A7E8-FF01D24A5BB2}
T{65630339-9EA7-4EBF-9AB7-3D1A027BE460}
T{A988D573-98FF-4652-8159-CE6950410D98}
T{7F1EED32-293B-472F-B168-0794677A7EBD}
T{7F2B6B12-CD9E-4B8A-842E-AB68D5DE7F69}
T{5CF41F0A-4F47-44C6-90D4-808F658318F0}
T{1D4F78E9-9511-4DFA-A172-3E0E344B459D}
T{E3A7BD03-FAF8-4684-A14E-435135FCCD0E}
T{31214508-DC84-469E-99C2-CFA44D3340DC}
F{D847D62E-C790-4AC5-AC2D-8736F864D935}
F{610E0385-A207-4CC7-BDC5-A0C09DADD47C}
T{3963E4F1-3B1D-4B0C-8C16-8D5CD8C003C3}
T{7F1EED32-293B-472F-B168-0794677A7EBD}
T{D570AECC-FAE1-4CAB-A575-A5E228D5AD8A}
T{66378EF2-14E5-4AE0-9CC2-5CEE951A442D}
T{83F5D758-30E9-4B57-98D7-8E85834EDC6A}
T{9B111588-7AC2-40D2-AF05-7BAAB006A5D9}
T{6E14113B-8E20-4B90-A537-A1B3B355DBB2}
F{71906020-5A21-43DF-BDA9-E494446ABDB8}
F{2CE25A07-ED60-428B-B93E-3A34E0BAD637}
F{E675C04C-4118-4B5B-B42A-77AF31F8CEC5}
T{8CA836ED-343A-4C2A-A46A-4121CF05378B}
T{DCF5409D-85CD-4C77-B64B-5859AA1AF225}
T{7ACE335A-F270-4CA8-B0DA-760DCE46345A}
T{C4C785C5-167E-4FD6-B444-F9CBAA1F2809}
T{00EC7623-2536-4DFE-AD36-03F4D30C1554}
F{32D6CCF5-B0ED-4F0E-AB7A-50FD172BDAD8}
T{3331E802-C349-4544-AC92-ACD167DC2A74}
F{E4478D2A-01E3-4087-ACFA-453ECAC39BE4}
F{18D2057C-5C06-4D0C-98FF-AADAF1EBFE58}
T{E6AFFCA4-C0D5-49CD-89AE-ED2AB1A59AC6}
T{2CAD34D7-11B0-4430-B073-22199B38E578}
F{016F57B8-0196-4C68-97A7-397AAA275DFF}
T{F19F3B6B-70B1-468F-9325-C3C9DFDE0F59}
T{18F83909-6A1A-4622-90AE-146C40C1AC30}
F{94DCE239-C515-4950-B76B-5CC580D8F0F4}
T{F2A69DA0-F4F6-4BF1-9CF9-5EDD4DAF2C3C}
T{31562F44-9220-426A-945C-353A29473F3D}
T{795E9D40-8383-4E59-8C85-0AD8DAD5597D}
F{EF30041C-3463-49A4-80D7-E15A314A2F7A}
F{E86E58FD-3827-4958-AC90-13D8E7E7EF5A}
T{E9091B9D-AEEC-493A-90FA-F5E19BBCF1BC}
T{A53AEC6E-EAE2-48C6-AA43-F3DF53185A6A}
T{6BFD0B7E-D3B7-4BA4-8131-FB117D942FBE}
F{41CE8483-BD3B-4EA8-817D-77445D0B61B0}
T{013559A9-91A0-4FF2-A72B-FF837A52718A}
T{6C2E4E0B-1F45-4269-877A-E82E07EA0670}
T{389B4F56-ECFC-4307-983F-82512AD6E6AB}
T{EC095080-CB47-4181-ABAC-C08D0E723712}
T{1E6F8B44-8FAC-4FEA-A80C-72E172C9FA15}
T{E6B7E083-2EA9-4D70-9CF5-951ADF3A7D06}
T{FA4F9096-D8BC-4FD6-A0A9-F9966DEDE2D3}
T{AB8FEDD6-F466-4D6D-AE7E-94860ECB1AF2}
T{F38409B6-B168-449B-A5BE-0491835877FD}
F{37672F87-D008-4C6F-B513-96EF60C6D25B}
T{7CD61473-145A-4B7C-91DC-D0F5EF2D7E0E}
T{C3590F7F-4D65-4ED6-9DE9-FF78D6C82E69}
F{8B051F82-0398-4653-B3D7-9A62BC157A1C}
T{59187FC0-7319-4289-846A-3CA6B39C07A7}
T{6723374C-F1D7-4DF1-AE6C-36EDD1A971B6}
T{A6D7E995-DD66-46AF-8458-B3E8DC9093C9}
T{714EAD5B-823C-4CC5-BCB7-B13FEB44B794}
T{7A054CFD-D695-4962-B231-5B06E8CEBE83}
T{C5EDB970-D58B-4750-985D-097F6AAA667D}
T{63B5DFE0-0C6C-4DBB-A96E-B447772C7F69}
F{8B6DC4DC-4261-4417-BDEC-63BD423893AD}
T{9A4B0DA5-20C6-4CD5-AE55-A58C98C17291}
F{0A0E039F-60FA-4D79-8909-BECFBBDE0324}
F{2A011D88-2D86-4F2C-BA1C-D439FE00146E}
T{EA6AA6FB-DF99-4639-8DE7-411B93104855}
T{9E36DF1E-5F78-4659-8A83-BDC04B987160}
T{A3A3223C-584D-4C3C-8B7E-7FB958ADFC7E}
T{63C1D0F3-75D8-45B6-AA2E-C73199BD49BA}
F{DD78AC32-5218-4B94-9E2F-83FCCF384FD5}
T{295EACF0-C9AC-4017-91BB-D9BD93218EF6}
T{1C333583-D16A-4DE6-BF56-9112B5557BDB}
F{6DCCCEA0-31C0-48C3-8F6B-61C5F44187C6}
T{E6AFFCA4-C0D5-49CD-89AE-ED2AB1A59AC6}
T{930F0C12-2985-4559-B88A-3C7C5D5DA62A}
T{3164F140-CD6A-4BE4-AB34-2CFB839404E0}
T{3921CDE4-5BF1-4ABA-8FAD-5B682169962C}
T{E3A7BD03-FAF8-4684-A14E-435135FCCD0E}
T{8B6DC4DC-4261-4417-BDEC-63BD423893AD}
T{A53AEC6E-EAE2-48C6-AA43-F3DF53185A6A}
F{9E0AE925-41B2-45BD-ACCD-F5D12719A976}
T{B08E1FA9-4F14-4A75-AC1D-9CB75BEECC75}
T{D6B9A408-BB19-4DAA-AD42-7724505DC822}
F{729EE44F-76F9-44FA-A878-A9767619C95C}
F{1C15A848-32EA-420F-9E1D-5869169E2434}
T{714EAD5B-823C-4CC5-BCB7-B13FEB44B794}
T{BD44AE51-2FFD-4843-A15C-B1EAC15D2D02}
T{B071C488-25A4-4F47-9FC7-9F18DC11F6E6}
T{28F8BF33-8927-4721-918D-C7BC3562D194}
T{610E0385-A207-4CC7-BDC5-A0C09DADD47C}
T{330EEFCC-6EA5-4655-AFD2-89BC7850EBC3}
T{2099A062-BC37-4744-983D-17C0F1ABE225}
T{79DF6610-E1BB-4042-812D-0A195A8AC1BE}
T{5DDD3889-4FFB-4B60-921F-18BF7C49B001}
T{CD045742-5029-4C92-8052-57235584E0D1}
T{D3D98BDE-327A-4677-96E4-B15898584E16}
T{4EE28F8C-9FC0-401D-9E7A-12981930FDA3}
T{FD54ED84-21D8-4C47-9930-1DB1486B7C92}
T{D4CDF893-534F-40B2-964C-D0C4F51FFBA7}
T{9A29299B-58F1-4A27-89FA-36C209FC91F2}
T{66329B81-4C55-4D81-8B87-8464A989786F}
T{3311A06B-C525-478D-89DD-C35D067F6A65}
T{20E5FDFD-74A5-41D4-932D-C4719BE1A293}
T{30E1ABE3-BDB8-467F-97C0-18E60EC4A7A7}
T{A598D530-A0B9-420C-A517-FB7C36E7A048}
T{611D86DD-77C5-4F12-9453-E49FE4EA11CD}
T{C008BAA8-C27B-4A9D-A26D-8B9439AFDD92}
T{E3EB5DDF-2836-4B11-9C86-23663274366E}
F{0C14834C-EB4D-4DD6-947B-6DB289FB0E14}
T{A53AEC6E-EAE2-48C6-AA43-F3DF53185A6A}
T{245B5E90-E8A2-4E16-B12F-0E6D661E6418}
T{ADE3685C-8E78-4F5C-94A1-B26020B5E16A}
F{D6BCFB97-D72C-4ECC-8B67-D6D91ECFF60B}
T{8CA836ED-343A-4C2A-A46A-4121CF05378B}
T{5F61174B-D25C-4B6B-8D52-6FB706EA2749}
F{AA9ECEF0-97FF-4894-AC08-B70C9D3C5DA5}
T{2F913E24-0659-4568-BBBD-770E80DD7BCA}
T{4EE28F8C-9FC0-401D-9E7A-12981930FDA3}
F{02F9B818-2E8A-40FF-8F13-FE60CC825B7C}
T{C1D6EF90-8143-417A-AC3E-4CE70BDA968D}
T{5A3C78B2-BD49-4A25-A84F-98BF4EEE6FA0}
T{A290FFD5-140D-4439-8959-31FA4651E4B3}
T{2988207D-57A6-471E-906C-AE722FC86091}
T{209C7C61-3921-4C09-B399-3F49C6267F82}
T{41D0E98E-E0BC-4DD4-985D-B65E3DCC879F}
T{497878B0-0CE8-40F5-BBDB-649B51095E05}
T{3AF80838-DD5A-42BA-923D-5E1B96B0BAD9}
T{7DA08544-0C0C-4B63-BC2F-4C5B732DF42D}
F{4B015E8A-8D51-4086-B8B6-C14E670E8CAF}
F{EF30041C-3463-49A4-80D7-E15A314A2F7A}
T{5683E1C1-0B00-40D2-9559-56B2E6ABAE41}
T{7827EC60-E878-43AE-9278-486A38B68336}
T{7C606C0B-94B6-47F2-9ADD-A62DE91722A3}
T{6E4FDBDD-3511-47E2-8B78-4C342C11D202}
T{B26C121E-B8C3-4864-AD6F-38477DF4F5C0}
T{D2A4AFFB-D81B-46FF-9F10-CF5DC7549ABA}
T{8CA836ED-343A-4C2A-A46A-4121CF05378B}
T{EDE0113C-99C0-49E9-8830-6507733820A1}
T{D20713EF-2B04-4D1E-93D7-38D11EBC552C}
T{8CD8967A-2EAB-4D5B-961A-C02CAFCF5C1C}
T{4F5397E0-5623-419E-A56E-B358F57ED2BD}
T{5393644B-D705-4842-A32A-CBB91F99E7C2}
T{E4478D2A-01E3-4087-ACFA-453ECAC39BE4}
T{DD78AC32-5218-4B94-9E2F-83FCCF384FD5}
T{AD740549-96A3-4CE8-B7D3-E6C0CA50B248}
T{6D9C4B44-B18F-4F9B-9E81-0AEBFBBB321A}
T{0C4DB3E4-9B6D-40A1-94F6-7D2A524D626A}
T{C0B77BD3-42E3-42D0-873C-A40F3C2CC376}
T{E43F73F6-8C86-4281-9CF2-CECC665A3A94}
T{853EFEF7-4BD8-4119-8B2E-2D240F01400A}
T{C3590F7F-4D65-4ED6-9DE9-FF78D6C82E69}
T{8AC2BF78-CCE3-464D-BBA9-5FFEF05F88A2}
T{C2C06BA6-DA87-4072-A991-99107AC03F25}
T{F935D383-52FA-4A4B-AF06-468021C05AD7}
T{53527151-0165-46A5-B4FA-B8D184B0C4FF}
T{BBD05FDC-2959-4072-9D35-4CCB0B51C296}
T{1D4F78E9-9511-4DFA-A172-3E0E344B459D}
F{18D2057C-5C06-4D0C-98FF-AADAF1EBFE58}
T{DB847593-44CE-4592-A3A5-EB5DED3521C7}
T{77BC1DEC-EB49-41CB-9CB2-B44CDD07BD4D}
T{98A3967E-EEC3-40A4-AF44-D13E1D6BB285}
T{B68677A3-87CF-4A19-AAE9-9D298188A145}
T{5C692ACE-5EAA-4061-B529-827E3899455D}
T{ADAC6550-F747-45F0-A350-8CB7C01E71E7}
T{9E36DF1E-5F78-4659-8A83-BDC04B987160}
T{CA1DC972-39CD-4DDE-9B6D-DF33EE7BAE8C}
T{C5D6A642-976E-4320-BAB2-CB8053842CCD}
T{52C94D8E-A1F4-4DF6-8D87-104425732458}
T{471906C0-84A4-4960-9DE5-98ADD006108B}
T{A31AAA63-114C-453F-9BCF-38B7E45D0E0A}
T{CC50E88E-6D7D-4615-B579-E8382EF53B46}
T{2C2E6DD7-AE19-42B3-84B7-758B693D92B4}
T{DE1C4BDB-F501-419A-9929-EA10F2C61114}
T{49453906-DAB7-440D-A128-E51709F7E963}
T{3CDA71B2-C0FF-45BF-9570-74C46652638A}
T{C75C7558-F71D-4AD9-B5B5-7DAF3F0D4B8D}
T{2D37DC25-EDD2-4F1B-BFE8-110C11704EDF}
F{EBCF0615-4612-41B6-B3BD-600920F4941B}
T{86C27AC9-58CD-41D8-B92D-0510665B82CC}
F{B6A5CEC4-551F-4B67-9B0D-2D4683BD0716}
T{EF30041C-3463-49A4-80D7-E15A314A2F7A}
F{B80C3D14-84E0-458E-9C32-20D42837D272}
T{11917685-B637-4BE9-9F93-8221A78EE2E8}
T{F76366A8-D581-437B-85EA-A3767951BDAB}
T{1A53EAC6-A0FB-4953-A8EF-FA5462D465B5}
T{46DA26CF-F56D-40B4-8B4D-C28154D2B839}
T{44CB2BE5-9C92-4BE5-B120-10EE6FF87C82}
T{6C531987-1B2A-4D8A-AA84-E3A9BC0C85BE}
T{D847D62E-C790-4AC5-AC2D-8736F864D935}
T{0C14834C-EB4D-4DD6-947B-6DB289FB0E14}
T{EF81F7D8-ED1F-48C2-98DC-E2FCEEEE1A18}
T{D975CF80-83A1-416E-B301-1357AD91D672}
T{64DE4DED-AFE7-4381-A375-1F56C1CC0997}
T{3524FECA-FAF4-453B-AEB9-BCE9274D3E37}
T{28F8BF33-8927-4721-918D-C7BC3562D194}
T{87430541-EA89-4137-B731-E58701AAA1CC}
F{553A8213-F725-4282-ADCD-0BCA0ABF50F4}
T{E17E0E74-12A5-4ADA-9A79-0F7AD7249E5D}
T{668B4B95-302E-4A33-B1E9-07DB93703622}
T{C4C785C5-167E-4FD6-B444-F9CBAA1F2809}
T{A0ABBC99-F4EB-4EA2-B2FC-74914B7A7739}
T{3A63161A-24A1-43CB-A932-8E8DFBD1BE15}
T{729EE44F-76F9-44FA-A878-A9767619C95C}
T{A31AAA63-114C-453F-9BCF-38B7E45D0E0A}
T{F44817C6-8D0C-44AD-8FB7-5CD14F0828C9}
F{0ED21730-A9F2-43D7-83C6-5E03A5C4B38C}
F{48B67CFC-F8AC-4379-9371-F3AC49A5216D}
T{39E20C0B-4316-4F55-A453-8E04881CB5DB}
F{41DA3B4A-638C-4494-AC36-462D6E7DF887}
T{7A3F3D64-A8C8-45A9-A2CA-293DC8444AA1}
T{11917685-B637-4BE9-9F93-8221A78EE2E8}
T{E82C3043-DD56-44F5-AE41-DF7C62308A7D}
T{E4478D2A-01E3-4087-ACFA-453ECAC39BE4}
T{336A84C1-A53E-4829-B3E1-785739613E14}
T{859F76B4-4D9D-48B8-97A2-B575BE71643E}
T{E9091B9D-AEEC-493A-90FA-F5E19BBCF1BC}
T{9A66F0FF-D7EB-443C-932C-915DFD38C743}
T{A6D7E995-DD66-46AF-8458-B3E8DC9093C9}
F{ED7C0726-DB08-49ED-83BA-BFB8B226BFE7}
T{28ED82DD-75E3-4742-92EB-70A278343ACF}
T{C5D6A642-976E-4320-BAB2-CB8053842CCD}
T{CA1DC972-39CD-4DDE-9B6D-DF33EE7BAE8C}
T{D776A87E-9AF6-4EE8-A78B-92F1CDFCD16C}
T{89CDCD49-C22A-4462-B340-DD7249376557}
T{CFE9C15C-7CDC-405C-8988-B3D056BD694E}
T{9BA22DED-13D7-4552-8030-47BB5F2EB4EB}
F{C6B44983-BE51-436A-BFFA-0A66492574BE}
T{F34E0B11-1C88-4CF3-A9E9-B7D84A07D2DA}
T{973E20DE-B501-4254-813C-D4F80234C294}
F{2ABA9C19-81DB-485F-9F05-E5E511AEEB3C}
T{6109DA30-297D-4A72-B7A7-5FA878B45818}
T{9A3B30D0-1158-42A4-A7E8-FF01D24A5BB2}
T{2B18453D-4936-4449-9D11-2443AEDCD0DD}
T{BCACEF18-C874-4C91-8287-78A1798638D2}
T{4576648C-1342-4343-B39D-5113FFFB39BF}
T{895BCF54-88B6-4F8E-BA05-A4919C6A76E7}
F{CB28B555-6530-4A5F-89E8-F92C756FA48A}
T{B071C488-25A4-4F47-9FC7-9F18DC11F6E6}
T{A3C69E62-44D5-4BAF-9134-AAFA4C186D4C}
T{11917685-B637-4BE9-9F93-8221A78EE2E8}
F{10B8AFA8-7911-4EF7-8677-A70E19DD6AF2}
T{B6DEE0EA-B643-455C-AD92-393D996EDEC0}
F{E5B1009B-AB0D-47FF-B803-38E0544CC55A}
T{D2938C19-3D93-4B75-BB6F-B861ABC814D6}
T{CE4516B0-498B-44BF-939E-E22C4ACF4364}
T{738DCA7C-B62C-429A-B712-6022BAC970DC}
T{5DA95A32-824D-41CD-A257-300C05AD7A65}
T{C4628243-CB30-4922-A0F9-ADF4E77EB8F7}
T{EF81F7D8-ED1F-48C2-98DC-E2FCEEEE1A18}
T{DD78AC32-5218-4B94-9E2F-83FCCF384FD5}
T{3382308C-9579-4D36-87AE-59B8DBBD9F93}
T{68C364BA-4A8D-4594-85A4-9835A2A2DF14}
T{BAC79557-0674-4986-96E4-54353A31C13B}
T{3CDA71B2-C0FF-45BF-9570-74C46652638A}
T{7B73CA1F-DBB1-4376-AAE0-B7D2C58F69DD}
T{AD1D4184-3CEB-4138-94A7-1097985FDB24}
T{DED38A89-1F9D-443B-86CF-13DDCCBCE0B6}
F{54F88DF0-1DA5-483B-AECA-27E54C2095DE}
T{8B153A01-6C8B-4D32-A32C-CD842CB07C77}
T{89BC0FCF-93F3-4D1B-95F4-4D915B16B5F5}
T{245B5E90-E8A2-4E16-B12F-0E6D661E6418}
T{87430541-EA89-4137-B731-E58701AAA1CC}
T{3A63161A-24A1-43CB-A932-8E8DFBD1BE15}
T{0ADC088D-C9E3-483C-A819-C70EABC5BEA3}
T{C1345BAC-0F97-43BF-8B90-8B867D80C948}
T{6BF76626-39C4-4D36-9709-F3A4DB097EFE}
T{8207965B-24AA-4615-82D9-8171E2CE4CC3}
T{1ED4B938-0B25-43A2-A982-0B3DEBC45174}
T{227FCB77-2C80-473B-AD15-A1CF0DFA4F44}
F{59417EF9-F5CF-4C45-91FE-FC0818A6C866}
