T{2A66F584-C740-4ACE-BE6B-96ACAE25C644}
T{676C267E-14E6-444D-95E4-DBB05061F59F}
T{9BA22DED-13D7-4552-8030-47BB5F2EB4EB}
F{01D7C85D-D115-409F-BA34-49AA733FC388}
T{3CB8D9B6-5D4F-48CB-A3BA-633607A0A65E}
T{482B94D1-5A6F-41E6-941F-D492BD0DCE02}
T{3C5CFEAB-C2C7-4F48-A95B-6FDF3220B30C}
F{353FC933-A7F5-4000-8C5C-6721DCC706A8}
T{B20C7255-E5CE-46AF-BA7B-BF50F754E477}
T{3AF80838-DD5A-42BA-923D-5E1B96B0BAD9}
T{A4F2B721-4DB6-4A2A-9DA2-92181051BE74}
T{F01C6E70-5EAE-4288-A176-430A441D767B}
T{DCE426B8-0DA5-40DF-A2BA-8767E55774C3}
T{2F0039A3-16D1-4C76-B7DB-4465EA7FD70B}
T{0597A5B9-AA74-4529-9764-79F3B4EF4985}
T{1448B47F-EBE6-4364-874B-492D531BA191}
T{8F0CFCED-39A0-484F-9223-1EE557524C7D}
T{44F3BF50-EDD1-466F-B785-2E56FA8439F5}
T{F1633AF2-CAB3-49F9-A9BE-9A78C7A99550}
T{03841067-39C6-4344-AC77-8F74CA458A15}
T{676C267E-14E6-444D-95E4-DBB05061F59F}
T{F7C67716-CD1F-4540-8F20-3BD3D40FC48E}
T{4870E818-AFEF-4B9C-B288-A6B480B7FE90}
T{AC6F70D8-7EEF-49D5-8913-2D73FFB4D8CF}
T{E4C09BA3-2467-449E-9753-0AFB6D1968FC}
T{29C5D3E5-F63D-427E-A5CD-60AA596A8F2D}
F{5A88A55A-64A8-49BD-9F25-53EFD02A37C6}
T{D55A6836-D588-4F71-A480-D8E687A4A7A4}
T{05D083C3-7021-4FF7-B811-2E715383945F}
T{D1F4E996-38DE-4D40-BE0B-383D89E32F91}
T{C3393EDC-700E-4951-B901-BF4361805062}
T{E48E37F7-DABA-4D38-B613-A0F9158488F3}
T{FA23DB30-9189-48BD-918C-BD770F89D43F}
T{03BA6F0B-199A-43A8-A931-6DDB61E1D60F}
T{61B51B5B-1B0B-413F-8966-FB60A693D390}
T{BBA3DAE2-4DFF-44E8-AB30-A9DAEC717357}
T{C1DC69A4-D9E3-4886-880C-E790BD9FD882}
T{C3393EDC-700E-4951-B901-BF4361805062}
T{BA8F9749-F1C1-47D3-821D-C7247AAE5CB2}
T{3C7BE1EB-7DF0-4985-813A-2FE6FCF19A3A}
F{E5A444A1-C666-4E40-B2FB-D6521283E5B1}
T{350CDC71-079D-42E5-BA19-E070B55D2DF9}
T{589D2EE5-AE2F-4544-84D5-5BC29B0BE0ED}
T{2088ABCD-5538-4BE6-87CD-34000C591150}
T{5CB81C51-F2E9-4E2E-A858-1EDA3253632C}
T{48926041-94B8-4A8F-9BC3-1C693A5D466A}
T{A9CEBFF3-9BA0-42C6-BC2C-8FA609DB1586}
T{676C267E-14E6-444D-95E4-DBB05061F59F}
T{2CE25A07-ED60-428B-B93E-3A34E0BAD637}
F{11294FE1-95F5-44AF-B5AE-BA514A3FC578}
T{DD3ADED7-F4E6-4C1B-BFA9-3DED478765A0}
F{92AE95C9-2E7C-41DA-A664-10D7ABB0F2CD}
T{D3E69CBE-B364-400E-8D65-593F6EA2ED22}
T{80F42E0A-AB57-4095-AE33-694A83E88C65}
T{85F65900-6BA5-46EA-8623-A5269A6EA30F}
T{E0711CC6-9846-4961-BD00-E90293DA4EEC}
T{31083784-EC75-4B4C-98C3-B622A87E12FB}
T{D6BCFB97-D72C-4ECC-8B67-D6D91ECFF60B}
T{D2938C19-3D93-4B75-BB6F-B861ABC814D6}
T{193C623C-0DC6-4285-9EB9-A2272B85E544}
T{53527151-0165-46A5-B4FA-B8D184B0C4FF}
T{2A011D88-2D86-4F2C-BA1C-D439FE00146E}
T{80A87AE6-1D78-4016-88FD-3E2E74C9F525}
T{B3845095-C81F-47A7-AB48-87E3CC27EAE1}
F{E5B1009B-AB0D-47FF-B803-38E0544CC55A}
T{3A922559-E139-47AD-9723-7497580513D3}
T{E0F5677E-A11A-4E1E-B292-4824DA3202AC}
T{41DA3B4A-638C-4494-AC36-462D6E7DF887}
T{7111BACD-4DCB-45BB-9473-47C6CFE03A15}
T{98E338E7-6264-41B3-BFB1-6A074054C16D}
T{98A3967E-EEC3-40A4-AF44-D13E1D6BB285}
F{BE024796-AD0D-4354-86DF-2549FF637E38}
T{F0AA7F19-49A2-4F23-BD88-128AAF000A97}
T{4B34F339-0503-4C02-834C-B4641B06564F}
T{89CDCD49-C22A-4462-B340-DD7249376557}
T{4CC60754-5162-49AD-99C1-4EDDD1388861}
T{9F222D97-B49C-4029-BFFC-DBFB4A640676}
T{50BFE04F-99D1-4115-93A9-9C7638251780}
T{209C7C61-3921-4C09-B399-3F49C6267F82}
T{61E5253B-3A9B-4E85-8D62-BF9211C53CCC}
T{895BCF54-88B6-4F8E-BA05-A4919C6A76E7}
T{E675C04C-4118-4B5B-B42A-77AF31F8CEC5}
T{E1188261-DB0B-4740-B327-A889848363A3}
T{D92BCBCB-E4FA-468C-9DA6-5D08D3D2B3AC}
T{3A0ED386-3A65-40E9-924D-0E14F75CF9BB}
T{AF44B0E2-E78A-4B27-BF1A-43D552A2C360}
T{F3D1FD50-4B21-467E-A269-59A7D206C7B6}
T{3CF8982D-7C9E-40F2-BD7C-FD034427A97C}
T{6EFC1BF4-D2F1-420F-8BC2-A70D35DAD54C}
T{BE024796-AD0D-4354-86DF-2549FF637E38}
T{DF1DD51B-B1AC-4247-ABB4-8202642C8FBD}
T{973E20DE-B501-4254-813C-D4F80234C294}
T{B9EC093B-E294-44AF-A8E7-626632010050}
T{4593496C-7906-488C-9486-E8BF2389F591}
T{4348C5FA-58F7-47FA-B78D-AD9D2607F0B6}
T{AF44B0E2-E78A-4B27-BF1A-43D552A2C360}
T{80F42E0A-AB57-4095-AE33-694A83E88C65}
T{4B720B54-EA7A-4892-827E-2DE3FD2BA5AF}
T{611D86DD-77C5-4F12-9453-E49FE4EA11CD}
T{4B34F339-0503-4C02-834C-B4641B06564F}
T{3717AFFE-B1EC-4503-BDE7-C9DFEA811EBF}
T{5CC80056-E808-4440-8506-12B1B5EBD61D}
T{D2E9FB4E-EB21-44F3-84FC-224DF2D1F09C}
T{A3A3223C-584D-4C3C-8B7E-7FB958ADFC7E}
F{5AE32A76-4553-4458-A8A2-F460DB3662FA}
T{BC77F0FC-6A0E-42E8-80FF-279C93FE8C1E}
T{FB846961-9F1A-4BAD-96AC-E38CD3C13D5F}
T{298C5A78-83A4-488B-9C92-A16A1DE8C11E}
T{AD3BF8F4-C756-48C7-BA30-9C0A03205235}
T{D600CB65-D390-48E2-AAC5-4436A31575D4}
T{CC596F27-BBDF-453C-8ABE-21263055D64E}
T{C2E80595-F996-423A-9CC1-F2B599CB1B1D}
T{CEB8EE2F-A619-497C-8910-FF0BE44ECF2F}
T{39CE567F-E0C2-48F5-9B35-A18AD7962F95}
T{0B9901AD-4184-4F25-8A56-93BC0CC74FD1}
T{610E0385-A207-4CC7-BDC5-A0C09DADD47C}
F{B85DFC15-0B64-439F-A044-71190EBCF76D}
T{6C473EAA-E2E9-4399-BC94-B0FA7B8AB15F}
T{3C7BE1EB-7DF0-4985-813A-2FE6FCF19A3A}
T{F780F1A9-2344-4482-B5F3-C98DACEE4E69}
T{FDE8C924-1644-4EF4-9E44-2A80D1F73F98}
T{C2E80595-F996-423A-9CC1-F2B599CB1B1D}
T{6BFD0B7E-D3B7-4BA4-8131-FB117D942FBE}
T{194BDB63-C6D7-4796-95C3-082F73CFC950}
T{3E8CCA3B-5E6E-463C-9298-371B64B93A7A}
T{3B4978D0-4793-4E7B-A042-09A8D39C68E9}
T{46ABAA51-8F30-4EBC-B488-A8B2D4489172}
T{500DA248-8C1F-4383-A407-8FBA7F7EBB6A}
F{94DCE239-C515-4950-B76B-5CC580D8F0F4}
F{8705009C-101F-43E0-9311-9B6E713B0F0A}
T{82460E98-8F2F-4227-8F7A-2E4D2E4CD043}
T{298C5A78-83A4-488B-9C92-A16A1DE8C11E}
T{055338C9-BFDC-4F0A-8B4E-A3A8ED1E3B39}
T{7AB61447-F36C-4915-885A-B622140159E3}
T{DB05D5FA-CC10-458B-A297-EF9F52732393}
T{D911ACA2-36E5-4938-8643-09091ED9EFA0}
T{353F8A70-8E82-41D8-92B7-8CC02A7D3EA0}
T{9AA2B425-82FF-4836-9220-ED26099B5D2F}
T{0DAF6597-C132-4411-9A1F-31F13BB029BA}
T{2F0039A3-16D1-4C76-B7DB-4465EA7FD70B}
T{7EF9A4AC-14A1-4CEC-AFB6-1F2D1494207B}
T{61B51B5B-1B0B-413F-8966-FB60A693D390}
F{5A88A55A-64A8-49BD-9F25-53EFD02A37C6}
T{B2DC66B8-A80D-487C-805A-141B2D0D7B18}
T{18D2057C-5C06-4D0C-98FF-AADAF1EBFE58}
T{3CA7A2A2-EA51-44C7-BF0E-6DFDB47072B5}
F{0F73EF9E-8D0E-426D-8788-AF6263377BB4}
T{160F242F-DFF7-443B-A130-77F492F32D1E}
T{2114592F-41F9-43E2-B3ED-A781F8670403}
T{41CE8483-BD3B-4EA8-817D-77445D0B61B0}
T{D72E234A-3E70-44AD-A764-71FB5783888C}
T{F780F1A9-2344-4482-B5F3-C98DACEE4E69}
T{3524FECA-FAF4-453B-AEB9-BCE9274D3E37}
T{B3EFF71D-A272-4C0F-B81E-65FACE5A4AA1}
T{F1F28069-683D-480B-8D59-ADB07E366329}
T{41CE8483-BD3B-4EA8-817D-77445D0B61B0}
T{0EEC2E62-B3F5-4844-870C-C47158033414}
T{EF899F26-7C62-4C72-934A-0A6E47E06557}
T{03BA6F0B-199A-43A8-A931-6DDB61E1D60F}
T{A41F2E20-7319-4FD2-8C65-70668730027C}
T{E0711CC6-9846-4961-BD00-E90293DA4EEC}
T{7D129204-5AA9-4843-BEE1-52E7F308E315}
T{7A59F812-17A0-4F12-ABEA-B968DF6C4ACE}
T{790C846A-1ED5-4B28-9443-24A0E4463397}
T{9F48EB6E-D18E-466C-A5A7-3B2620BB8DF5}
T{E63B792A-33E2-4B19-8428-DDD9830A0C5E}
T{B2096761-4D36-4124-B885-704579AD4FDB}
F{A57C9B20-6EC1-41ED-A5AC-5BDCD1C17E04}
T{33AFEBBB-F795-4E1D-A192-CE527DE9982D}
T{11294FE1-95F5-44AF-B5AE-BA514A3FC578}
T{2F0039A3-16D1-4C76-B7DB-4465EA7FD70B}
T{C6B44983-BE51-436A-BFFA-0A66492574BE}
T{B137127D-BFE2-4FB4-B644-7067378CE429}
T{EDB76416-AACC-41CD-9EEE-4ABCAFD41452}
T{055338C9-BFDC-4F0A-8B4E-A3A8ED1E3B39}
T{1FDACEF0-B62E-4235-8C12-D61B02611B52}
T{BBA3DAE2-4DFF-44E8-AB30-A9DAEC717357}
T{5CF41F0A-4F47-44C6-90D4-808F658318F0}
T{E1A63970-61FD-425B-B8BC-B9DFD48D5DB1}
T{A008F8D2-57AC-432F-AB13-D3ADF95F7AF3}
T{EBCF0615-4612-41B6-B3BD-600920F4941B}
F{D70C3B2C-1566-4947-BA96-91E514E5CFD8}
T{D3DBA59D-5623-4309-8AC0-A893A06D4DEF}
T{9E7BC97B-BFD9-442E-AECE-DB0DAEEC6B6E}
T{E5EADF4C-C1C3-4FDE-9E1B-947D3AF5E156}
T{E5EADF4C-C1C3-4FDE-9E1B-947D3AF5E156}
T{5508C5A0-7E9C-47EC-96F7-1015DDF00B89}
F{AEFB0332-0DFF-49E9-9C7F-36BB2F3D8F38}
T{5DA95A32-824D-41CD-A257-300C05AD7A65}
T{4593496C-7906-488C-9486-E8BF2389F591}
T{C1DC69A4-D9E3-4886-880C-E790BD9FD882}
T{A988D573-98FF-4652-8159-CE6950410D98}
T{E675C04C-4118-4B5B-B42A-77AF31F8CEC5}
F{910D3874-10E3-464C-86F2-EE89E3CF8111}
T{7A59F812-17A0-4F12-ABEA-B968DF6C4ACE}
T{4B720B54-EA7A-4892-827E-2DE3FD2BA5AF}
T{3B4978D0-4793-4E7B-A042-09A8D39C68E9}
T{33AFEBBB-F795-4E1D-A192-CE527DE9982D}
T{D1F4E996-38DE-4D40-BE0B-383D89E32F91}
F{C8F56C61-677B-4A4C-8E48-3371AD9207BD}
T{92AE95C9-2E7C-41DA-A664-10D7ABB0F2CD}
T{923C927B-5685-486F-B035-E0B61BC54DDC}
T{9B8F54F9-F62E-416C-87A2-436372E3AF5D}
T{2F0039A3-16D1-4C76-B7DB-4465EA7FD70B}
T{622B67CB-05D9-41B9-A909-A0FB09FAF1E1}
T{556679FA-964F-4C7A-A6D1-4E4271758CFA}
T{209C7C61-3921-4C09-B399-3F49C6267F82}
T{4631BB42-5061-4577-A8CA-D7DA14B99C40}
T{13A4125B-AED1-4B2A-974D-C7DA55214863}
T{417ED726-E1B4-47BA-A77C-96B0149660BF}
T{F0AA7F19-49A2-4F23-BD88-128AAF000A97}
F{7AF5C5D8-604B-4568-AB4F-ED5CC15FF9D9}
T{0ED21730-A9F2-43D7-83C6-5E03A5C4B38C}
T{1A29251B-51EB-49B7-8606-2FDC016C125E}
F{7EB0AAA3-BEA9-4961-99A1-6AD61C0A7CCC}
T{D78A1192-5CB9-4FD0-A743-BF36F9FECA77}
T{2A66F584-C740-4ACE-BE6B-96ACAE25C644}
T{CC596F27-BBDF-453C-8ABE-21263055D64E}
T{3E82EC0A-8A63-4CED-AF41-AD4C2630EB47}
T{C6959B11-441B-4CD9-9D2F-FF78CAC3DC34}
T{66EB49C5-2A0E-4CFA-86B4-AA3D899B39B1}
T{F0AA7F19-49A2-4F23-BD88-128AAF000A97}
T{98E338E7-6264-41B3-BFB1-6A074054C16D}
T{C73C0633-46C4-425E-AF68-13A1480625B2}
F{5C9C606A-2620-4795-9EC6-07A25F9C7DBA}
T{19B02D79-2CAA-477B-9D1F-465DBDFEB606}
T{90427D79-72EE-4F26-B236-02A213007B1C}
T{790C846A-1ED5-4B28-9443-24A0E4463397}
F{067532EC-D5DF-44C1-9CF2-9B8E1CA3CDEC}
T{9F39F6ED-BBFE-4EA4-9B6A-87E15C1BAD1A}
F{5A88A55A-64A8-49BD-9F25-53EFD02A37C6}
F{31E65F81-05BB-49AA-8FB4-C11A3C20EBEA}
T{94492064-E4BE-47FE-BF5A-5CF321260CCD}
T{C7E217FA-626B-4C5D-A125-2446473BBBB5}
T{1DB6262F-A30A-4592-AB49-F553BB424A86}
F{E48E37F7-DABA-4D38-B613-A0F9158488F3}
T{64DE4DED-AFE7-4381-A375-1F56C1CC0997}
T{BA8F9749-F1C1-47D3-821D-C7247AAE5CB2}
T{CFE9C15C-7CDC-405C-8988-B3D056BD694E}
T{59A60E0C-3E25-4A18-9691-B87804A27023}
T{E1ADC680-FF08-4E3D-B0A4-C848ECC5529C}
T{BC77F0FC-6A0E-42E8-80FF-279C93FE8C1E}
F{29C5D3E5-F63D-427E-A5CD-60AA596A8F2D}
T{0B9901AD-4184-4F25-8A56-93BC0CC74FD1}
T{7BFDEF89-0F0B-49ED-990D-449C4FB97FDF}
T{59A60E0C-3E25-4A18-9691-B87804A27023}
T{18A38B76-0EB1-4969-9A88-2F55DFC7B6D7}
T{D93E64A5-02F3-47A8-B29E-F11E12E9B099}
T{C77880F5-6FDA-46FF-A5DA-0808F4439A23}
T{2F0039A3-16D1-4C76-B7DB-4465EA7FD70B}
F{EF81F7D8-ED1F-48C2-98DC-E2FCEEEE1A18}
T{4593496C-7906-488C-9486-E8BF2389F591}
T{3B4978D0-4793-4E7B-A042-09A8D39C68E9}
T{7A59F812-17A0-4F12-ABEA-B968DF6C4ACE}
T{9EC984E9-6B29-4F91-9D98-A3DE95FF1307}
T{C218EB35-E783-4B30-9152-238E9375A3B8}
F{3F49474C-37B6-4522-B5B1-974732D97353}
T{9D8F2DBC-339C-4A80-BDBC-7D1AD403B7B8}
T{7AB61447-F36C-4915-885A-B622140159E3}
T{711F6F47-0621-4A63-AD17-1BC2642E21EF}
T{61E5253B-3A9B-4E85-8D62-BF9211C53CCC}
T{9039F657-FDD1-4F00-B614-723F7FA9DFAC}
T{C7E217FA-626B-4C5D-A125-2446473BBBB5}
F{553A8213-F725-4282-ADCD-0BCA0ABF50F4}
T{DE3BCA67-4C4C-4255-B831-DE76F550A32B}
T{ECA7A290-E845-4F9A-8998-950519349421}
T{D6AFED18-FB75-42DA-A74E-6E9F03412FD6}
T{227FCB77-2C80-473B-AD15-A1CF0DFA4F44}
T{6EDF789D-3FDB-4834-85B4-83687AF1CB4F}
T{C4DE54A9-B5A2-483C-B5E9-F1E564EE2F20}
T{130E864C-FF50-4F24-AD5A-230279C1A1E5}
F{A12456D3-1712-42C9-8839-1F4E641A5728}
T{7E458168-6DD7-4C52-8638-3490190966CA}
T{239C7951-ED33-45B9-ADA7-199FBE835084}
T{5310ABBC-9A4F-41EE-AF71-8FE5E0E836A3}
T{B9EC0518-AC61-48F0-862D-F5CE574F0706}
T{4CC60754-5162-49AD-99C1-4EDDD1388861}
T{028C21EA-4A59-4AEA-87E5-F9E4F8224940}
T{0ED21730-A9F2-43D7-83C6-5E03A5C4B38C}
T{2114592F-41F9-43E2-B3ED-A781F8670403}
T{172FEB33-6368-4D44-8F9D-9F111E786FA7}
T{2FA00DAC-3AE3-493B-8435-9D0D4A39F4B3}
T{0BFD39F0-EE41-4BC6-930D-89818BED02F6}
F{3C9B9938-6A0A-43B9-AA34-09D724958272}
T{B80C3D14-84E0-458E-9C32-20D42837D272}
T{72E2B329-604C-4ECA-9429-A61C8CB7C790}
T{B85DFC15-0B64-439F-A044-71190EBCF76D}
T{248BD7C6-F4E1-4125-A4D6-1FEF477E2D0B}
T{611D86DD-77C5-4F12-9453-E49FE4EA11CD}
T{4B015E8A-8D51-4086-B8B6-C14E670E8CAF}
T{C198ED12-6B0B-4258-98E1-0D7A2A7CEE49}
T{804D596B-CAB6-491F-9117-1C37A50B178A}
T{92AE95C9-2E7C-41DA-A664-10D7ABB0F2CD}
T{4E10D37B-0BA9-4FE1-91BD-DC677F6ADE3B}
T{117A0B01-2A12-4F1F-896A-FBE1495AA375}
T{F34E0B11-1C88-4CF3-A9E9-B7D84A07D2DA}
T{A5DB13DD-BB39-4595-8FBE-04C47ED90CD7}
T{0E80DBBD-EE70-4A13-BAA0-89EADF5FB27D}
T{7DD087B6-F121-4CDC-9B44-810EE446CCFE}
F{8A5EF539-77AB-4BE3-BA86-453A59B6C298}
T{F1F28069-683D-480B-8D59-ADB07E366329}
T{785B6CD4-E827-4D33-AC38-5DD0B87CE9CA}
T{09B58C0F-CF1D-45C0-9265-0E49D3633979}
F{02F9B818-2E8A-40FF-8F13-FE60CC825B7C}
T{2A011D88-2D86-4F2C-BA1C-D439FE00146E}
T{067532EC-D5DF-44C1-9CF2-9B8E1CA3CDEC}
T{298C5A78-83A4-488B-9C92-A16A1DE8C11E}
T{7A59F812-17A0-4F12-ABEA-B968DF6C4ACE}
T{055338C9-BFDC-4F0A-8B4E-A3A8ED1E3B39}
T{4631BB42-5061-4577-A8CA-D7DA14B99C40}
T{E1ADC680-FF08-4E3D-B0A4-C848ECC5529C}
T{E0F5677E-A11A-4E1E-B292-4824DA3202AC}
T{E4C09BA3-2467-449E-9753-0AFB6D1968FC}
T{93291D14-7C1D-4D0A-A8A7-E396D72F33A6}
T{1FA7C022-CE2B-45E9-BA0E-30AB62C40ABD}
F{E8E93DC1-3746-4449-BB25-6E579047BCEE}
F{67A3D10D-AC22-4D74-81BF-08FC12D6368F}
T{711E12DC-EE61-4713-BD2A-3EFBF451573F}
T{553A8213-F725-4282-ADCD-0BCA0ABF50F4}
T{30704ACB-A693-42EB-959A-DAB35E51E77B}
T{411D7D5B-B62B-400E-AD64-52C8D77195FE}
T{08DC2140-C06D-4128-9B74-ED0C0C7D57BD}
T{E4478D2A-01E3-4087-ACFA-453ECAC39BE4}
T{A1A4CA2F-4F90-4453-AF02-226EF452DFA9}
T{034F419A-DEC7-4CB6-9125-596B736FB848}
T{65630339-9EA7-4EBF-9AB7-3D1A027BE460}
T{DBCBA75E-BFCC-45DC-A7DB-AD2F673EDE17}
T{DF84E480-BB42-43BA-922D-930D30F35136}
T{77572661-CD47-4B7B-9EF0-2F0B89BB3045}
T{5C692ACE-5EAA-4061-B529-827E3899455D}
T{A57C9B20-6EC1-41ED-A5AC-5BDCD1C17E04}
T{F06E0466-06D7-4B38-B595-A737C608F9DE}
F{D51A08DE-302C-4241-A2CE-CB34CDB68A60}
T{9EFFE7BB-F7D4-404D-9897-1560E196AF49}
T{E48E37F7-DABA-4D38-B613-A0F9158488F3}
T{589D2EE5-AE2F-4544-84D5-5BC29B0BE0ED}
T{BA8F9749-F1C1-47D3-821D-C7247AAE5CB2}
F{DC039036-7696-46ED-AB32-4A8BFD6D8FA2}
T{A26F12AF-16C0-4EAA-A88F-D27857535ED0}
T{EC095080-CB47-4181-ABAC-C08D0E723712}
T{56A3494F-A506-45BD-BEED-AC1BC65AC9B4}
T{431ED83E-C950-47B6-B81B-719EFB04DEE8}
T{C7E217FA-626B-4C5D-A125-2446473BBBB5}
T{EEBA346D-DF00-4273-984F-2FCC8081F844}
T{BE024796-AD0D-4354-86DF-2549FF637E38}
T{C6959B11-441B-4CD9-9D2F-FF78CAC3DC34}
F{41CE8483-BD3B-4EA8-817D-77445D0B61B0}
T{227FCB77-2C80-473B-AD15-A1CF0DFA4F44}
T{8073A531-03F7-4116-87F9-4B4499DE1874}
T{291B80E7-E3AD-4972-9DFE-EB172B9E2068}
T{500DA248-8C1F-4383-A407-8FBA7F7EBB6A}
T{AC6F70D8-7EEF-49D5-8913-2D73FFB4D8CF}
T{8F25E8DC-1701-4DA3-AF44-71644DE323C8}
T{E0711CC6-9846-4961-BD00-E90293DA4EEC}
F{1DD8B0BB-B8F5-4109-80FB-666D9F5AEF36}
T{B9EC093B-E294-44AF-A8E7-626632010050}
