T{EFB8EC73-A15A-4DB9-98E3-75EE7D9D904A}
T{9C587FC1-1C5F-4B42-A55B-C26186B8BD54}
F{9B103C79-CCEC-4DF2-A417-D667DCD49DF7}
T{EB399863-7263-4D41-9959-A002CA72050A}
F{F2FAB52A-2972-41D8-A076-0DDCBDCD5B47}
T{050AE1BF-00EA-4EAD-ADCD-0AF5BD22CC3D}
T{B7C35FEB-B95C-40E9-ADF6-8A200FF8E53A}
T{CB52DE78-D5CE-4132-A483-9845B89AED49}
T{969D4824-12EC-4775-BB67-60B25B21FAEB}
T{9E8BCC66-8DF3-4940-9B69-FE2AA2858ABC}
T{230D0612-25E4-4709-A124-15E27C7FF3E6}
T{E928D57F-F7CC-4A45-B400-9A2C39A84BE7}
T{521CEF31-D86E-4994-82D8-7D4B4337FB3E}
T{E0B1D773-F0AD-4042-9AE3-8273CDC9DDFB}
T{9A3B30D0-1158-42A4-A7E8-FF01D24A5BB2}
T{52222EF9-1C9D-4591-85FB-1387AD76861C}
T{9A29299B-58F1-4A27-89FA-36C209FC91F2}
T{98A9914E-03BD-42BA-BF9B-76F733ECEC78}
T{4458E00D-6C0F-4011-AF7B-C9445F4145A2}
T{639D3F72-7857-434F-96EC-19D8C653E42B}
T{D16B198E-E4A4-48ED-8BBD-8FC8826952A6}
T{9CF58495-8175-4D88-A0E6-1DD19ECF71F9}
T{F780F1A9-2344-4482-B5F3-C98DACEE4E69}
T{1ECE994A-11B3-4A54-A7E7-B2187970EEC5}
T{08DC2140-C06D-4128-9B74-ED0C0C7D57BD}
T{17E61F94-E4A8-4EF6-A75E-723E4B5C8D2F}
T{9D0D3213-A323-41F1-A4D1-BAF753DFF945}
T{4AC66072-45E2-4BCE-999D-EFDFA5609C3C}
F{E27A5F55-59AD-44B6-B8E5-12E4C14352FB}
F{A598D530-A0B9-420C-A517-FB7C36E7A048}
T{1B014E68-4281-4CD1-9F0A-26B309DE3086}
T{B35271A6-4A3D-42D4-B273-A857921896B1}
F{AA9ECEF0-97FF-4894-AC08-B70C9D3C5DA5}
T{E8923501-84D6-4281-80C8-10318C9FD42D}
T{C9272315-0D1F-460B-B237-650569F9920D}
T{4B6E30DA-8C1E-4074-A9A0-6899C9E0CC30}
T{0ADC088D-C9E3-483C-A819-C70EABC5BEA3}
T{60952F9B-C555-4E65-A609-8941E86FE349}
T{8D1E4E40-F34B-4885-BE78-9D0DCF246177}
T{3F9C0304-68E1-405A-92F3-F7CD7464F3DA}
T{047B679C-F9E8-4300-97F3-8E34B4D14257}
T{3F49474C-37B6-4522-B5B1-974732D97353}
T{98A9914E-03BD-42BA-BF9B-76F733ECEC78}
T{F76366A8-D581-437B-85EA-A3767951BDAB}
T{EC9D8952-3FE5-436E-8F1A-0F013C0D0410}
T{9DEAD057-0B97-45E3-AD83-698C91BB221D}
T{DF85A6C8-49EF-429F-BDAD-3FB73668581A}
T{905DDD95-84E4-47A8-989A-60DB21006CDA}
T{34A4CC01-A441-4327-B39E-229E67C158D5}
T{9B103C79-CCEC-4DF2-A417-D667DCD49DF7}
T{7AF5C5D8-604B-4568-AB4F-ED5CC15FF9D9}
F{E5B1009B-AB0D-47FF-B803-38E0544CC55A}
F{11294FE1-95F5-44AF-B5AE-BA514A3FC578}
T{2CF9A427-2C79-4365-9812-944D5A00765C}
T{97421F6E-A04C-4AEC-9A69-E566E822965D}
T{92CAFDC2-7DB5-4653-B2DE-9176E3D30FF4}
T{99654767-8E8E-4CDD-8627-C45E8484D77B}
T{15DD10CF-1A9C-412C-A3C2-D44EDC10537B}
T{6E1AF524-1364-4DC5-8ADD-AFA0CBBFCD19}
F{C621C91B-0277-43CD-A204-25DB6F19FECC}
T{CB67764C-0944-4BED-B14E-7F642919D80F}
T{2904223D-8004-4320-B520-246DD4639598}
T{70229EFE-947F-432E-9FF2-FCECF5894956}
T{DE1C4BDB-F501-419A-9929-EA10F2C61114}
T{B8B5614B-CAED-4B7C-AE47-42EA6AE0F79F}
T{905DDD95-84E4-47A8-989A-60DB21006CDA}
T{04F70EF6-AAAC-4010-98C6-D6B1D707452C}
T{969D4824-12EC-4775-BB67-60B25B21FAEB}
T{D410340E-0821-42B9-964A-A4CD78FF5DA7}
T{ACE63EA0-6C0D-4CF2-AAF1-F7DF93458FF4}
T{013559A9-91A0-4FF2-A72B-FF837A52718A}
T{61A2832A-4DEE-4C33-8234-91600C52EEEE}
T{A4F2B721-4DB6-4A2A-9DA2-92181051BE74}
T{40E07014-84D0-4CD7-86EA-BC8B64BB83E3}
F{3B4978D0-4793-4E7B-A042-09A8D39C68E9}
T{E3395758-CA5D-42EC-9CE3-248408048B47}
T{200B8681-627A-45CF-A5EA-71CBB84A689D}
T{86AB85F2-EB1A-4A08-8355-B28E6346A84F}
T{F5EC56A5-ABB9-41CC-A57D-C468FD7B638C}
T{482B94D1-5A6F-41E6-941F-D492BD0DCE02}
T{FDF6A1D2-8C49-45B2-8937-01EA5F9EF8AD}
T{EC7C5E6E-731F-43B1-9CEE-8FCD3CF620FC}
T{EBB06844-67A3-48AB-AB5E-019F51B26B7E}
T{60952F9B-C555-4E65-A609-8941E86FE349}
T{BB337A1A-8768-4E40-9FAA-6AF37AF9439D}
T{435D361B-59D2-47E4-A53B-2E741A455C67}
T{C0D73203-EAF1-49E3-96E9-0429EA8D72E2}
T{F8F766AE-B9EF-4480-8F00-497727BE3455}
T{193C623C-0DC6-4285-9EB9-A2272B85E544}
T{852FDEF1-226E-4399-A2F5-91A05B00A0AE}
T{08CC9457-63D4-41FA-970A-D71DA2514257}
F{2EF69549-DE41-4173-ADAB-E1BACD4A78E9}
T{7AF5C5D8-604B-4568-AB4F-ED5CC15FF9D9}
T{C695EF47-F3BF-4EB1-817F-8F12D214DFE7}
F{9A66F0FF-D7EB-443C-932C-915DFD38C743}
F{57FA6908-5B93-47F2-9BB9-EB731C6D7EE5}
T{BDE0A4CB-55C6-4790-A2CE-30EDF2FA3E8D}
T{693B44FF-DB8E-47A6-8D21-1C5738A64BDF}
T{3E73B945-9D44-4CD6-88AF-1416F682303A}
T{1ECE994A-11B3-4A54-A7E7-B2187970EEC5}
T{C240BB78-799C-4F49-95D1-716AFB8F420E}
T{B1638F33-0118-41B9-BB92-3204AE05D243}
T{37838CC4-A304-43DA-A5AA-8C2B808A614A}
T{F6091741-A6D0-44D7-8020-80C8D19EF8F1}
T{F8DFD3B0-5A41-4FB8-951C-9B31FA7257FD}
T{4EEE98A8-0721-47EF-B6EB-8341DAEDB1C3}
T{A4F2B721-4DB6-4A2A-9DA2-92181051BE74}
T{85D2794F-0348-4C66-AB48-BB4D82221607}
T{8652BF84-5DAE-4050-B83F-B653497004FF}
T{E1D63AED-2DC7-43DB-85BD-64E73F670128}
F{5A080095-B6DD-43C9-88F8-D2F50FA76166}
F{D51A08DE-302C-4241-A2CE-CB34CDB68A60}
T{5510005A-BCBF-4C52-AB69-819616DE4CFC}
T{F5EC56A5-ABB9-41CC-A57D-C468FD7B638C}
T{E3395758-CA5D-42EC-9CE3-248408048B47}
T{E0DCF81E-75D3-425A-A69D-AA6365C2E233}
T{76BCC99D-28DC-4D86-AEA5-9DDEEB7275EE}
T{2E2FA9B9-5526-4DA3-872B-38431976767B}
T{18DC685F-FBC5-4E65-BAC1-094E8063A20B}
T{07146543-03D0-4668-8AC6-887672386306}
T{9E73C8A7-7270-4A2F-9240-C3A98E11F2C0}
T{6AA39FD7-1E82-4C62-AAAE-A3D293F3A409}
T{08CC9457-63D4-41FA-970A-D71DA2514257}
T{1B524722-E34D-4FA1-92C5-D4AD3363030F}
T{52C94D8E-A1F4-4DF6-8D87-104425732458}
T{699CF8BE-8081-4278-BED5-3BBEC00949B9}
T{E86E58FD-3827-4958-AC90-13D8E7E7EF5A}
T{8C2886EB-AABB-4C35-B405-85568A2E9B74}
F{3D076BAF-B45B-4575-B9AC-0236CB2F4AB1}
T{C0297B6E-BF78-4566-BD89-2B988574E3EC}
T{49510C4D-1181-4CC9-8F5D-532E871D27AA}
T{1EFE3BED-6892-4806-84D7-B49D4352B27F}
T{CC424D8E-DB08-410E-9CCA-37B0B8A58858}
T{ADE3685C-8E78-4F5C-94A1-B26020B5E16A}
T{85696CCB-5D1E-4A86-8C5E-39CE0038FCBB}
T{839EDF98-D20E-4990-9B9E-69DBDACA40E9}
T{693B44FF-DB8E-47A6-8D21-1C5738A64BDF}
T{E70515B7-3598-4D54-8B0C-77A8EF857942}
T{85D4D424-BEF5-4946-ADB5-A5E45BDCBE7B}
T{564F1623-2766-4629-8B06-2D68D91C9219}
T{DE938F4A-FF2C-49ED-839C-FF8AE66DAE1B}
T{C3393EDC-700E-4951-B901-BF4361805062}
T{EEECA0FB-BE1C-4FDD-B14C-AB47F525F38B}
T{D65BEE72-0D98-4AD4-A3AE-428371031528}
T{ECD6B62C-CE0F-4176-9735-6A5A1799F860}
T{2FA00DAC-3AE3-493B-8435-9D0D4A39F4B3}
T{E27A5F55-59AD-44B6-B8E5-12E4C14352FB}
T{E21E6BB0-DEC2-468D-9E73-EB4240239077}
T{378D6A84-EE70-4022-AD41-074287604CB6}
T{59187FC0-7319-4289-846A-3CA6B39C07A7}
T{89ADF979-0C2A-4B8F-AF26-4D14CE9658EE}
T{07146543-03D0-4668-8AC6-887672386306}
T{55DD1DC4-C369-4324-8C70-02D446557043}
T{B20C7255-E5CE-46AF-BA7B-BF50F754E477}
T{5AEB93BD-35AD-4633-8F79-07F2F1342F70}
T{D096EFEC-5EE5-4AF6-B0A7-7C3F804AF816}
T{D55F2928-166B-4A33-9C39-F1A249F7FDC9}
T{66EB49C5-2A0E-4CFA-86B4-AA3D899B39B1}
T{D2C789C0-E95B-439A-9160-EE936EAA7596}
T{2D050485-4E05-4CA5-AEC7-8B06F2CD8050}
T{79D5F1B1-1EBE-487C-B2A3-951B9FFEF364}
F{D6969E1C-53A0-4262-AB91-04D5AD2E2689}
T{86933962-8207-4ED7-B892-76F5D3AEC9B1}
T{DE5A925D-6519-4D3E-9498-F8BACB7A5763}
T{A9FDDB13-F96D-4F44-A652-252C67527D41}
T{2DEA4E67-7ECA-4974-9C2C-9F614639EFAF}
T{B1EDC62C-B43B-4B38-A3D5-85FB1A9E1CE5}
T{62C761D1-37A5-4CEA-A137-C553483F0F66}
T{9F32D229-ADD1-48C0-B4CD-0A8713623D25}
T{C218EB35-E783-4B30-9152-238E9375A3B8}
T{77912251-E26E-42AF-A42D-474E34FE17C4}
T{E1A4A141-09A4-45DE-B2C6-8B66D95FFAFC}
T{B10AFEA1-79FD-4CCC-8080-7B9E10489A20}
T{B09FBDEA-B673-43DB-AC24-68695BC1ACF5}
T{D6969E1C-53A0-4262-AB91-04D5AD2E2689}
T{B204FA24-A923-4FB3-952A-76D652B78CE4}
T{244D1716-55D9-4A23-805C-AEB8038AFEB3}
T{AF271AA0-FC18-48A4-92AB-2EF5AC72A9C5}
T{D213F967-0931-45A5-B61A-20AE66A691BF}
F{E48E37F7-DABA-4D38-B613-A0F9158488F3}
F{41B25C51-E883-4D30-A5EF-AC5CBC7D961E}
T{8785CBA8-8DF3-48D0-B7E9-1358EA34D2F2}
T{D0BB5B03-91F3-4D78-98E5-2865D0543CDF}
T{D3147BF7-4248-4BAE-911F-551331DB17C9}
T{25700FB1-23E5-4526-BCA5-E2953DFC376F}
T{E86E58FD-3827-4958-AC90-13D8E7E7EF5A}
F{D3E69CBE-B364-400E-8D65-593F6EA2ED22}
T{DE5F51C3-19B6-48A4-BDAB-8BE0BE105B0E}
T{6AA39FD7-1E82-4C62-AAAE-A3D293F3A409}
T{B11C93E3-00D6-4B8D-BAC1-029A0212F62E}
T{D81CB576-1091-42A7-B933-DF56BF55A2F6}
T{23CA0D98-7155-4740-B976-A4179D2B77D6}
F{2C32BDBD-9D7B-4537-9700-AC0083DA4E6F}
T{4495D3DF-B19E-4527-A09B-98B00AAD1217}
T{5AC0BEFA-2030-4EAF-B200-E011ED276ECB}
T{CDC2D4E6-6312-4DFB-90B3-0608B1434A9A}
T{CC50E88E-6D7D-4615-B579-E8382EF53B46}
T{2958BD40-A161-4D7B-9E4C-00E7D33E99C4}
T{F8DFD3B0-5A41-4FB8-951C-9B31FA7257FD}
T{D10EE326-CB1D-46E9-8C55-53323E9E3A27}
T{4B8077FC-D13E-482B-B21E-FF914C804791}
T{D3BAD13A-BE51-4BBF-8A02-D9EC2FB385A1}
T{36E9B7E4-D104-4E8D-BE8F-291840269A6C}
T{1ABB512E-3F5A-47E4-8C63-36BBA4FE8155}
T{C695EF47-F3BF-4EB1-817F-8F12D214DFE7}
T{0A0AC52D-52C3-46EA-9659-279876D0080E}
T{AF271AA0-FC18-48A4-92AB-2EF5AC72A9C5}
T{5393644B-D705-4842-A32A-CBB91F99E7C2}
T{DE938F4A-FF2C-49ED-839C-FF8AE66DAE1B}
F{D93E64A5-02F3-47A8-B29E-F11E12E9B099}
T{85E17C0B-06A2-40B0-8635-D821D7E10FAC}
T{E05A26DD-68C5-49F0-8DAB-23306DACEE3F}
T{20E5FDFD-74A5-41D4-932D-C4719BE1A293}
T{607661B4-0E8D-4A8C-B7A2-C75E9BB2228C}
T{1386041D-3CA6-4D81-BB0A-69655A48A34F}
T{8B0FE332-33B3-43BA-959C-4900076FB257}
T{CA751CBD-C055-4717-9D4C-EDA89B8655E6}
T{21059E55-A291-45FD-AD33-090FCF99E7B5}
T{D410340E-0821-42B9-964A-A4CD78FF5DA7}
T{99FDCDE3-EBCA-42CD-B9D7-ACB3F4EDD030}
T{A6D21EF0-5FAD-44CE-8170-53DCBE946466}
T{9F39F6ED-BBFE-4EA4-9B6A-87E15C1BAD1A}
T{96CF5A30-AAE7-4F97-AAE0-B18CCEC2E73E}
T{63E0AA00-92E3-4BA3-969E-2D45193DBE1B}
F{1FA4160F-00CD-4A1D-BE2B-781508F9A6AE}
T{17F5C00B-D66E-49C9-929E-4A03841F0347}
F{7E6C90E9-E0FC-4F62-8E23-B9B95F36C94D}
F{015B3D2F-E000-4AE5-ADA5-85CE12803D34}
T{65E6CFE1-4DD8-4440-8BB4-594E37B160C0}
T{A26F12AF-16C0-4EAA-A88F-D27857535ED0}
T{5310ABBC-9A4F-41EE-AF71-8FE5E0E836A3}
T{0C068CDC-3E58-4CB0-BB9D-0737295C41AD}
T{E42C7BD7-A4C3-43A2-88FE-487FCB0DF978}
T{0BB39088-45EB-4CBC-9056-11BD1DF12746}
F{B85DFC15-0B64-439F-A044-71190EBCF76D}
T{905DDD95-84E4-47A8-989A-60DB21006CDA}
T{F8DFD3B0-5A41-4FB8-951C-9B31FA7257FD}
T{94492064-E4BE-47FE-BF5A-5CF321260CCD}
T{1B9E3399-9D00-483B-91FF-D8B91FD884E2}
T{1B7B99EB-AE63-414D-8938-EB679353A532}
T{55ABE7F0-8AA7-4A16-929E-7CF328992542}
T{456E32BA-9CF4-486F-B72E-1808858F0ADA}
T{120152F5-AA1B-4966-81B5-D98839FAB9B8}
T{19B02D79-2CAA-477B-9D1F-465DBDFEB606}
T{693B44FF-DB8E-47A6-8D21-1C5738A64BDF}
T{F01C6E70-5EAE-4288-A176-430A441D767B}
T{ABD13198-139A-4CA2-8028-05B7F01EA5DD}
T{9DEAD057-0B97-45E3-AD83-698C91BB221D}
T{651BCDDC-7566-4074-BC81-9B93809BB943}
T{D80E1AE8-6F57-4CC8-9D21-377D973E1ADD}
F{29AD9781-9621-4659-8B5D-71DCDE0D0F4D}
F{0C993C3B-DC1A-456B-B07D-868FE9F5E312}
T{5510005A-BCBF-4C52-AB69-819616DE4CFC}
F{C5D6A642-976E-4320-BAB2-CB8053842CCD}
F{194BDB63-C6D7-4796-95C3-082F73CFC950}
T{A23CD078-AFB1-4B56-B904-4191CB5D2FB8}
T{1F6CFE6F-2170-4F1E-BE35-3FF20B15EB3F}
T{78995242-6163-4D7C-BBDE-A33614FC0B70}
T{92A1B441-8AD8-4F1B-8183-D6BA3BE6683B}
T{6A7678EC-46D2-4F26-A703-F371B24D2454}
T{29AD9781-9621-4659-8B5D-71DCDE0D0F4D}
T{57FA6908-5B93-47F2-9BB9-EB731C6D7EE5}
T{C969285C-7E60-4CA9-9220-6ED13042EF51}
T{40E07014-84D0-4CD7-86EA-BC8B64BB83E3}
T{85D2794F-0348-4C66-AB48-BB4D82221607}
T{812049A5-D12D-4481-99F2-445B24133D7B}
T{85D2794F-0348-4C66-AB48-BB4D82221607}
T{29AD9781-9621-4659-8B5D-71DCDE0D0F4D}
T{6C6DC76A-BE5B-43E4-9F3F-44C26A2C90C7}
T{D1F4E996-38DE-4D40-BE0B-383D89E32F91}
T{7E0E2B67-9713-4618-8796-E3F67F274981}
T{8CD8967A-2EAB-4D5B-961A-C02CAFCF5C1C}
T{D13E0D98-B840-4E65-B001-D35B10CB80E8}
T{9BB7D453-6147-4226-B948-FBC177618FEB}
T{ABD13198-139A-4CA2-8028-05B7F01EA5DD}
T{F1633AF2-CAB3-49F9-A9BE-9A78C7A99550}
F{68C364BA-4A8D-4594-85A4-9835A2A2DF14}
T{83355EF8-E31F-4F19-9A5E-0E845019FE56}
T{64D5E967-7DBE-4819-978B-92707A12218C}
T{D34F1C00-1E05-4CEF-AA86-8CB2F752CB31}
T{9DEAD057-0B97-45E3-AD83-698C91BB221D}
T{36229AAA-0236-4DD0-A337-4102FFD5E19B}
T{53DB61D1-A3DD-46CF-AAC5-F91F6AEEDBAE}
T{85D2794F-0348-4C66-AB48-BB4D82221607}
T{AF271AA0-FC18-48A4-92AB-2EF5AC72A9C5}
T{99AA33EC-A00D-4196-ADE1-C77F4075487B}
T{738DCA7C-B62C-429A-B712-6022BAC970DC}
T{0A449B10-AE78-4881-B687-DC27EBEE1A16}
T{1D32793D-C834-4007-978C-01BF9D22A5B1}
T{A234D635-C43A-4A81-ACC7-FB06D0D6CAFA}
T{C709184D-B534-4FC7-A716-A33139FB1DF4}
T{40E07014-84D0-4CD7-86EA-BC8B64BB83E3}
T{E1ADC680-FF08-4E3D-B0A4-C848ECC5529C}
F{E9A47D6F-D41A-466B-BC43-0F031536620C}
F{70A2E9B8-3323-4466-B470-D3817DEC13EB}
T{52C8A4F3-6810-422E-8DA4-83B6094F4C98}
T{F44CF3C8-E70B-43C8-AF6C-26BFE41E7044}
T{6621BF44-9A07-4727-BE3B-F77EF2BADBBD}
T{E9A47D6F-D41A-466B-BC43-0F031536620C}
T{B53F4E96-BC40-4B68-A476-1FC824A5BFC0}
T{B2755017-1AEF-4148-B0C2-309A2C655A8D}
T{6A4ECB52-FC61-44C9-8458-B3B50445F6F3}
F{9EFFE7BB-F7D4-404D-9897-1560E196AF49}
T{30704ACB-A693-42EB-959A-DAB35E51E77B}
T{43D0F482-9A50-434E-8DC1-0D4026F81F8A}
T{50BFE04F-99D1-4115-93A9-9C7638251780}
T{B00C1327-81EE-4534-AD16-116A8DEE87CA}
T{186F7233-2B54-4AFD-94B9-4FE368759EB1}
T{BDE0A4CB-55C6-4790-A2CE-30EDF2FA3E8D}
T{014F35EE-0E2C-46CB-A672-6B18F1AB5908}
T{97D12136-44E5-460C-821B-DE4E62C6705B}
F{A52B10DA-AF33-400B-8E49-A17D4F82B3AD}
T{1D1EF308-FC7C-4409-964B-366B0C7732F1}
T{20E5FDFD-74A5-41D4-932D-C4719BE1A293}
T{8652BF84-5DAE-4050-B83F-B653497004FF}
T{1448B47F-EBE6-4364-874B-492D531BA191}
F{C1345BAC-0F97-43BF-8B90-8B867D80C948}
T{72202D58-B939-41FB-8852-1C24AE2D02B4}
T{CC1F03A0-9301-4C59-85F3-AEBC09AF30C3}
T{D6C8FD60-384A-4D94-BEEF-3C1FEABEBB02}
T{AA6EBAAC-0C8D-46C7-A503-4398F3566A46}
T{89DCCDB4-19BA-46B3-828C-104ABB93174B}
T{22DE6BCF-F8F0-4338-9555-ADC101CEDE62}
T{1B9E3399-9D00-483B-91FF-D8B91FD884E2}
T{E4C09BA3-2467-449E-9753-0AFB6D1968FC}
T{6CE22889-9805-406C-8600-5267B2413DDD}
T{2F729D95-4E74-4735-94D3-71E8AFAA5A5C}
T{63E0AA00-92E3-4BA3-969E-2D45193DBE1B}
T{8A05E659-DDEF-4239-A3E3-450434B42254}
T{5CC80056-E808-4440-8506-12B1B5EBD61D}
T{68BC2A61-5A00-4A9C-98D8-51C2A0696DD1}
T{99C17589-1479-452D-B8AE-2800F33392DB}
T{8F8D2BDF-37AF-494B-BD13-6AE091FCE0D9}
T{63E0AA00-92E3-4BA3-969E-2D45193DBE1B}
T{4EEE98A8-0721-47EF-B6EB-8341DAEDB1C3}
T{19518FC8-EBEF-4171-9FE0-420C3154FDD1}
T{693B44FF-DB8E-47A6-8D21-1C5738A64BDF}
T{693B44FF-DB8E-47A6-8D21-1C5738A64BDF}
T{46F37032-1D08-422D-971A-E9315C04D05D}
T{65D21852-1574-4B9C-8F51-8EB0AADA210C}
T{F06E0466-06D7-4B38-B595-A737C608F9DE}
T{3331E802-C349-4544-AC92-ACD167DC2A74}
T{20473771-F134-48EC-A135-F49D3B1EB36F}
T{5AC0BEFA-2030-4EAF-B200-E011ED276ECB}
T{3CD37A4F-EC74-4485-8B32-307392640AF2}
T{8B0FE332-33B3-43BA-959C-4900076FB257}
T{76C823B4-DC7F-483A-A87B-C0939BFC2348}
T{D34F1C00-1E05-4CEF-AA86-8CB2F752CB31}
T{7E458168-6DD7-4C52-8638-3490190966CA}
T{FE16B572-2CFC-4021-8509-00A7B47158C5}
T{2FA00DAC-3AE3-493B-8435-9D0D4A39F4B3}
T{DC598291-535A-4042-9CA6-BA21DD90E715}
T{DBCF9ACE-899F-4057-88A4-7FFA29DAA88A}
T{692DFE4D-6B12-486C-8F2A-67BC90D3EA71}
T{E3395758-CA5D-42EC-9CE3-248408048B47}
T{E883B6C0-B5E0-43D3-A9B6-7DB93CB00C05}
T{AE65D488-7F54-4C3F-AB1A-8988863EA29C}
F{F1F28069-683D-480B-8D59-ADB07E366329}
T{9EFFE7BB-F7D4-404D-9897-1560E196AF49}
F{83F5D758-30E9-4B57-98D7-8E85834EDC6A}
T{37838CC4-A304-43DA-A5AA-8C2B808A614A}
T{AF0FDCD1-46C4-4515-9A16-42B6E00270F2}
F{194BDB63-C6D7-4796-95C3-082F73CFC950}
T{C240BB78-799C-4F49-95D1-716AFB8F420E}
T{80A87AE6-1D78-4016-88FD-3E2E74C9F525}
T{07394D3E-9D49-4FCD-BE1A-122E01F29710}
T{AA6EBAAC-0C8D-46C7-A503-4398F3566A46}
T{5508C5A0-7E9C-47EC-96F7-1015DDF00B89}
T{56F292C3-40E7-4461-B9E7-7BE44DC39EB9}
T{BF35D7D9-9B6B-468D-99D5-91E3056CC93F}
T{354A5CC7-A80F-4D56-8678-33B81C03554B}
T{915089C2-57C6-4300-83A5-DC7A0B66CF4C}
T{8764D2CB-8CC8-485B-A839-D2B7B7C9429B}
T{98A9914E-03BD-42BA-BF9B-76F733ECEC78}
T{E20C54C2-BE96-4458-A146-8BE307BB3602}
T{B03D80C1-B245-47E3-A445-C7C32F1362AA}
T{65E6CFE1-4DD8-4440-8BB4-594E37B160C0}
T{2422DD25-3A4C-4B31-9B65-751B6DD91C9B}
F{E5A444A1-C666-4E40-B2FB-D6521283E5B1}
T{F38409B6-B168-449B-A5BE-0491835877FD}
T{9D860961-0C18-4388-B96C-AFB18C7ACAD2}
T{E70515B7-3598-4D54-8B0C-77A8EF857942}
T{7C606C0B-94B6-47F2-9ADD-A62DE91722A3}
T{99C17589-1479-452D-B8AE-2800F33392DB}
T{DE433329-C26F-4745-ADEA-E7D36510E04D}
T{1B9E3399-9D00-483B-91FF-D8B91FD884E2}
T{C5EDB970-D58B-4750-985D-097F6AAA667D}
T{A234D635-C43A-4A81-ACC7-FB06D0D6CAFA}
T{D93E64A5-02F3-47A8-B29E-F11E12E9B099}
T{634E7BA4-1C59-4BED-8293-63A9812EF1AC}
T{2C569B43-C3D0-4DCB-83EE-793AD8A8D684}
T{E14957EB-0D75-4E4D-91C3-0859189D305C}
T{CC543300-1EEA-453C-99C8-EC2F4A7301E7}
T{672F5C3A-4E80-4D1C-BC56-920F5C27AEA8}
T{3A3D6ACA-6BA8-4610-8F2C-ECBD8593426F}
T{37838CC4-A304-43DA-A5AA-8C2B808A614A}
T{5043578E-D646-4320-8218-7D31628DF815}
T{A0F8C350-4842-41C3-8CBA-E5E7DEE29BF6}
T{B8660163-5BC3-4DFE-8705-063CC28ADE5E}
T{A6D7E995-DD66-46AF-8458-B3E8DC9093C9}
T{EC23872D-A701-48EE-AA75-08B3CF85B52E}
T{9A66F0FF-D7EB-443C-932C-915DFD38C743}
T{2C32BDBD-9D7B-4537-9700-AC0083DA4E6F}
T{276F6814-BB05-422A-8E8F-B067F4AFEC8E}
T{39DF821A-1242-4428-AC77-DB88C1A4A6F6}
T{169152A9-7F8A-45E4-9ED7-8ED43A9CAE7F}
T{5665CF57-7F6D-47CF-907F-B80E2A967D49}
F{5DA95A32-824D-41CD-A257-300C05AD7A65}
T{F575A72D-2ABA-4B74-A004-38F739B3DBC7}
T{7827EC60-E878-43AE-9278-486A38B68336}
T{89BC0FCF-93F3-4D1B-95F4-4D915B16B5F5}
T{E70515B7-3598-4D54-8B0C-77A8EF857942}
F{C4CB4117-AF70-441D-BD4A-84DAF89B4D88}
F{19624EBC-4CDC-47FD-BFC8-513BA1BFD670}
T{1BA03C8D-D399-4F4C-A5D7-54CD932BA0D2}
T{B53F4E96-BC40-4B68-A476-1FC824A5BFC0}
T{1390C9F5-FE84-4574-B12C-F611F41B85E5}
T{4B46A87E-5B42-4900-BFC5-E5BE6F5C0ECB}
T{8B8D56EB-A5E5-4095-A699-F7BCDAD193F5}
T{CEB8EE2F-A619-497C-8910-FF0BE44ECF2F}
T{5A4F9AFA-8DD4-43FF-BF43-D81B6435FFA5}
