T{1BA03C8D-D399-4F4C-A5D7-54CD932BA0D2}
T{D975CF80-83A1-416E-B301-1357AD91D672}
T{0160422D-1282-4B06-961C-B48417060397}
F{8B051F82-0398-4653-B3D7-9A62BC157A1C}
T{3A0ED386-3A65-40E9-924D-0E14F75CF9BB}
T{600B45B2-995E-4398-A6EA-53FB028745A6}
T{86933962-8207-4ED7-B892-76F5D3AEC9B1}
T{EF81F7D8-ED1F-48C2-98DC-E2FCEEEE1A18}
T{49453906-DAB7-440D-A128-E51709F7E963}
T{34606C60-FACF-4426-BDDD-20044A15A372}
F{37E8E1C4-A2C5-42AF-A911-0378E1C5D578}
T{57A3AADC-A299-4709-982D-794EBE535B87}
T{63B5DFE0-0C6C-4DBB-A96E-B447772C7F69}
T{5A88A55A-64A8-49BD-9F25-53EFD02A37C6}
T{1791827B-B743-4966-8DC2-FC762B7FFC12}
F{B06D1BFB-ACF5-468F-8A59-E6BA2F146630}
T{A76261A3-4C9A-4547-9269-2686001EE72D}
T{4E10D37B-0BA9-4FE1-91BD-DC677F6ADE3B}
T{3CDA71B2-C0FF-45BF-9570-74C46652638A}
T{1615B643-B198-4D08-AED2-19C3CABB84AC}
T{D6BCFB97-D72C-4ECC-8B67-D6D91ECFF60B}
F{E153C2A6-C83B-48D9-9744-C1DAF1D2F6A0}
T{4866AA86-6C63-46F8-B0F7-BFB4BDC40AC6}
T{6DCCCEA0-31C0-48C3-8F6B-61C5F44187C6}
T{04D6EA31-1319-4626-9C7A-6FFE8D78B741}
T{F453C545-7634-46F9-98D7-4F0015769EB9}
T{05D083C3-7021-4FF7-B811-2E715383945F}
T{F1E86D99-D461-4808-A234-7F18D570E2F2}
T{CB28B555-6530-4A5F-89E8-F92C756FA48A}
F{75758269-D827-4718-8CFA-F1228934087F}
T{244F13A0-F1D8-488C-A91F-9F8479457882}
T{1A32B9F3-D023-4DE5-8357-230B7F9FCD9F}
T{994B5365-8290-46E2-9328-FD17A963CFAC}
T{30704ACB-A693-42EB-959A-DAB35E51E77B}
T{08831EC5-4AAA-4806-91DF-E3B1E209B299}
T{EF81F7D8-ED1F-48C2-98DC-E2FCEEEE1A18}
T{3CB8D9B6-5D4F-48CB-A3BA-633607A0A65E}
T{043239E1-66F3-442B-8410-4758069E71EE}
T{65673A7B-A77A-4530-B4CD-4243B75C4062}
T{57A3AADC-A299-4709-982D-794EBE535B87}
T{7FF5DFB1-D1D7-436B-8EE2-439BCBC203C1}
T{E883B6C0-B5E0-43D3-A9B6-7DB93CB00C05}
T{4D4B7FCA-F428-46FB-B5DD-D5B2606CF9D2}
T{539D549E-F433-4F03-97CE-901E056B560D}
T{AA8BAD98-A444-4436-B236-F87745EA4804}
T{55DD1DC4-C369-4324-8C70-02D446557043}
F{35213C45-F97E-43DB-9D64-672AB073E02B}
T{67A3D10D-AC22-4D74-81BF-08FC12D6368F}
T{6B5EBD6E-8A15-49C5-9AF0-9AFC091AB7E4}
T{A2150B57-430D-492A-816E-DF7559F74BA9}
T{1051FE02-FD27-4295-942E-715D77559F1C}
F{EBCF0615-4612-41B6-B3BD-600920F4941B}
T{C008BAA8-C27B-4A9D-A26D-8B9439AFDD92}
T{E5A444A1-C666-4E40-B2FB-D6521283E5B1}
T{15DD10CF-1A9C-412C-A3C2-D44EDC10537B}
T{8705009C-101F-43E0-9311-9B6E713B0F0A}
T{68BC2A61-5A00-4A9C-98D8-51C2A0696DD1}
T{0160422D-1282-4B06-961C-B48417060397}
T{DCF68533-E188-4112-BFE1-250A5F70CD0A}
T{2A21D5CA-DAAF-49FC-8109-C08578D61A4E}
T{D70C3B2C-1566-4947-BA96-91E514E5CFD8}
T{371CE43E-DA20-4F5E-AD96-6BD202CB7819}
T{923C927B-5685-486F-B035-E0B61BC54DDC}
T{D6BCFB97-D72C-4ECC-8B67-D6D91ECFF60B}
T{79D5F1B1-1EBE-487C-B2A3-951B9FFEF364}
T{90547525-0BC4-4BB8-8CA4-B8159EAD0E28}
T{308B779B-6ED1-4599-9F27-017DDC7DBF18}
T{4B46A87E-5B42-4900-BFC5-E5BE6F5C0ECB}
T{92348CBA-2A8F-4A77-84C4-19C94E9F901D}
F{016F57B8-0196-4C68-97A7-397AAA275DFF}
T{34A4CC01-A441-4327-B39E-229E67C158D5}
T{7AB61447-F36C-4915-885A-B622140159E3}
T{714EAD5B-823C-4CC5-BCB7-B13FEB44B794}
T{37E8E1C4-A2C5-42AF-A911-0378E1C5D578}
T{F085E106-C3B5-4B56-87AD-A9D485D19E85}
F{0C0F9BDC-A457-47C6-99A7-19D2C8BD5825}
T{3A622DFB-E1C0-4968-AAC8-D9D236C2C71C}
T{8B6DC4DC-4261-4417-BDEC-63BD423893AD}
T{3A622DFB-E1C0-4968-AAC8-D9D236C2C71C}
T{5FEC1EA3-AA59-43DB-8614-D035D296EA50}
T{350CDC71-079D-42E5-BA19-E070B55D2DF9}
T{3F9C0304-68E1-405A-92F3-F7CD7464F3DA}
F{7AF5C5D8-604B-4568-AB4F-ED5CC15FF9D9}
T{2BDE3DE9-83FB-4ADE-A864-16FFE285E512}
F{73956D02-E81B-4E91-A82F-DEBAC1B3BC1A}
T{B86D90F4-6C12-473B-948B-E8E69102B4E4}
T{88154A01-2EB7-4368-AC52-C0AB3C3598DE}
T{92A1B441-8AD8-4F1B-8183-D6BA3BE6683B}
F{109B00F8-FC2C-4123-B487-90377BD23D07}
T{1A53EAC6-A0FB-4953-A8EF-FA5462D465B5}
F{BBD05FDC-2959-4072-9D35-4CCB0B51C296}
T{9B111588-7AC2-40D2-AF05-7BAAB006A5D9}
T{4D4B7FCA-F428-46FB-B5DD-D5B2606CF9D2}
T{E33F11D4-DA22-4F05-9121-AD03E59EC400}
F{F38A6811-1135-4C8C-AC69-2BB82FD17819}
T{34606C60-FACF-4426-BDDD-20044A15A372}
T{362D0584-63A0-4CA7-A531-4054111D4CD3}
T{3D076BAF-B45B-4575-B9AC-0236CB2F4AB1}
T{1A32B9F3-D023-4DE5-8357-230B7F9FCD9F}
T{8C14ED52-AC13-443A-98AD-F72D153C4C2E}
