T{E0D7A365-30A1-475D-8933-749E3D62383A}
T{EC68410B-28A1-44C5-83F2-E0F67A3CA7B1}
T{3C872FD0-A177-4200-9B05-A675A1A69DB0}
T{5F6E1C7E-E8E9-49F1-B0FD-D39DABE982FC}
T{54C0BEFA-90C8-4B7C-BC6C-2DF5ADEC20EF}
T{30B2DDA4-AB80-40CF-B04D-6369E75D13E2}
T{D3BBA273-9469-41DC-B411-31C3BB8F79E1}
T{6119CF9E-2511-4648-9D5C-EEDC6976A1CC}
T{8EC47787-CA14-4C39-BB66-5F4B772805AD}
T{1557AB50-A688-4A23-9812-277E04CE1EDF}
T{A648941C-0490-4227-9714-621A4E0764E1}
T{6DCB7B83-ECFD-4321-B821-A269774A1963}
T{EDE7266E-229A-44EF-80C8-3C4FCDA3CF3B}
T{2F729D95-4E74-4735-94D3-71E8AFAA5A5C}
T{E63B792A-33E2-4B19-8428-DDD9830A0C5E}
T{E41AF589-6373-4F13-89E2-780AAFB2DD11}
T{1FDACEF0-B62E-4235-8C12-D61B02611B52}
T{55E185DD-7BE4-45AF-8A66-BA1122C50555}
T{0584DF14-F894-48CE-924D-8F8BFCE258FD}
T{9D860961-0C18-4388-B96C-AFB18C7ACAD2}
T{99C47D85-E3AA-41FA-B935-89603E1CF295}
T{3C872FD0-A177-4200-9B05-A675A1A69DB0}
T{AC6F70D8-7EEF-49D5-8913-2D73FFB4D8CF}
T{5CF41F0A-4F47-44C6-90D4-808F658318F0}
T{F2A69DA0-F4F6-4BF1-9CF9-5EDD4DAF2C3C}
T{935AA305-C781-4D05-A0A8-CB25A099A404}
F{E27A5F55-59AD-44B6-B8E5-12E4C14352FB}
T{A57C9B20-6EC1-41ED-A5AC-5BDCD1C17E04}
T{B5C844B9-78CB-473E-B15A-9E8760D67BB0}
T{37672F87-D008-4C6F-B513-96EF60C6D25B}
T{790C846A-1ED5-4B28-9443-24A0E4463397}
T{A648941C-0490-4227-9714-621A4E0764E1}
T{C4CB4117-AF70-441D-BD4A-84DAF89B4D88}
T{0D10F7C5-2906-4DAF-AAC3-9C3781D62F67}
T{D600CB65-D390-48E2-AAC5-4436A31575D4}
T{895BCF54-88B6-4F8E-BA05-A4919C6A76E7}
T{804D596B-CAB6-491F-9117-1C37A50B178A}
T{193C623C-0DC6-4285-9EB9-A2272B85E544}
T{86C27AC9-58CD-41D8-B92D-0510665B82CC}
T{9ABB7E29-3B0A-40CD-9471-059435856CB9}
T{A1F5F693-4074-42B6-982C-0423302DCC52}
F{31E65F81-05BB-49AA-8FB4-C11A3C20EBEA}
T{E86E58FD-3827-4958-AC90-13D8E7E7EF5A}
T{B20C7255-E5CE-46AF-BA7B-BF50F754E477}
T{04D6EA31-1319-4626-9C7A-6FFE8D78B741}
T{C6959B11-441B-4CD9-9D2F-FF78CAC3DC34}
T{08CC9457-63D4-41FA-970A-D71DA2514257}
T{AD3BF8F4-C756-48C7-BA30-9C0A03205235}
T{23CA0D98-7155-4740-B976-A4179D2B77D6}
T{EF857B4A-2ED2-4A00-9726-841335087695}
T{EBCF0615-4612-41B6-B3BD-600920F4941B}
T{2E54522C-E4E0-4B1A-A8F7-A9D953035189}
T{3921CDE4-5BF1-4ABA-8FAD-5B682169962C}
T{89DCCDB4-19BA-46B3-828C-104ABB93174B}
T{761FC623-D274-4C82-B086-609D239A808F}
T{C4CB4117-AF70-441D-BD4A-84DAF89B4D88}
T{689B4553-7839-4F31-94EC-3DAC682B01EC}
T{9CF58495-8175-4D88-A0E6-1DD19ECF71F9}
T{067532EC-D5DF-44C1-9CF2-9B8E1CA3CDEC}
T{1E6F8B44-8FAC-4FEA-A80C-72E172C9FA15}
F{E153C2A6-C83B-48D9-9744-C1DAF1D2F6A0}
T{47AE9454-787E-4CC3-818E-8B76E0DC3D9D}
T{5AE624DF-B3A0-422E-BC98-829F6B32E371}
F{D51A08DE-302C-4241-A2CE-CB34CDB68A60}
T{341FB5D1-B3B3-4D79-BE58-5D6966C55454}
T{FBEF59F2-61FB-4FB3-A2AD-EEA28FF9CCF8}
T{DB05D5FA-CC10-458B-A297-EF9F52732393}
T{0AEF7057-819E-4AF5-881F-8574B66C9929}
T{2A989C94-9C11-4F60-A79A-D51DFDA62714}
T{E86E58FD-3827-4958-AC90-13D8E7E7EF5A}
T{8BAFA0B9-B12F-4E13-9AD3-2618D14960B8}
T{E27A5F55-59AD-44B6-B8E5-12E4C14352FB}
T{E883B6C0-B5E0-43D3-A9B6-7DB93CB00C05}
T{9D8F2DBC-339C-4A80-BDBC-7D1AD403B7B8}
T{1C15A848-32EA-420F-9E1D-5869169E2434}
T{83F5D758-30E9-4B57-98D7-8E85834EDC6A}
T{41A45C9F-C418-42FC-98B5-ECBA6A48D32E}
T{C5EDB970-D58B-4750-985D-097F6AAA667D}
T{A5DB13DD-BB39-4595-8FBE-04C47ED90CD7}
T{764671EF-47E7-4D6C-B699-18A20A55BDFB}
T{A9CEBFF3-9BA0-42C6-BC2C-8FA609DB1586}
T{EC4C105E-51D1-49C4-B632-9D92AF5DB947}
T{63BC8900-A1EC-4913-9C48-A69B10F427F4}
T{804D596B-CAB6-491F-9117-1C37A50B178A}
T{EA8E30F5-C770-4100-829F-D26C8FED65AE}
T{B8B5614B-CAED-4B7C-AE47-42EA6AE0F79F}
T{A5F2C84B-6E34-4933-9039-47B50CEBEE2E}
T{172FEB33-6368-4D44-8F9D-9F111E786FA7}
T{0BB39088-45EB-4CBC-9056-11BD1DF12746}
T{8B051F82-0398-4653-B3D7-9A62BC157A1C}
T{C2C06BA6-DA87-4072-A991-99107AC03F25}
T{CB34698D-D002-4510-B2DD-C3940E052DB7}
F{164065A9-99A0-4F9F-A7DA-D0E4D4521F44}
T{99C47D85-E3AA-41FA-B935-89603E1CF295}
T{F4D808A5-9152-406B-B37F-09A0718529C9}
T{5E251F25-C309-4DAD-BCB8-75DD9FB0B2CE}
T{0EEC2E62-B3F5-4844-870C-C47158033414}
T{25700FB1-23E5-4526-BCA5-E2953DFC376F}
T{D16B198E-E4A4-48ED-8BBD-8FC8826952A6}
T{8B051F82-0398-4653-B3D7-9A62BC157A1C}
T{B242F289-FF24-4254-8E6D-C5F9711BA36F}
T{18DC685F-FBC5-4E65-BAC1-094E8063A20B}
T{9A4DC71D-5271-4E39-ADF4-C895F4442977}
T{335591C6-D690-4071-B39E-6989C6CA9D41}
T{553A8213-F725-4282-ADCD-0BCA0ABF50F4}
F{3D076BAF-B45B-4575-B9AC-0236CB2F4AB1}
T{19624EBC-4CDC-47FD-BFC8-513BA1BFD670}
F{6CB107AF-B679-4548-98A4-A758AAC32E15}
T{6BFD0B7E-D3B7-4BA4-8131-FB117D942FBE}
T{54C0BEFA-90C8-4B7C-BC6C-2DF5ADEC20EF}
T{EC7C5E6E-731F-43B1-9CEE-8FCD3CF620FC}
T{E174D891-F394-400D-9D0A-939365437BCC}
T{03A7FB1B-8178-4688-B6D9-9F852AC2E5EB}
T{31E65F81-05BB-49AA-8FB4-C11A3C20EBEA}
T{FB846961-9F1A-4BAD-96AC-E38CD3C13D5F}
T{EC68410B-28A1-44C5-83F2-E0F67A3CA7B1}
T{FBEF59F2-61FB-4FB3-A2AD-EEA28FF9CCF8}
T{E0D7A365-30A1-475D-8933-749E3D62383A}
T{C0297B6E-BF78-4566-BD89-2B988574E3EC}
T{E1A63970-61FD-425B-B8BC-B9DFD48D5DB1}
T{5C7FE715-314C-473C-B106-4C31E45A2346}
T{E9A47D6F-D41A-466B-BC43-0F031536620C}
T{761FC623-D274-4C82-B086-609D239A808F}
T{0C0F9BDC-A457-47C6-99A7-19D2C8BD5825}
F{01D7C85D-D115-409F-BA34-49AA733FC388}
F{E5B1009B-AB0D-47FF-B803-38E0544CC55A}
T{CE4516B0-498B-44BF-939E-E22C4ACF4364}
F{353FC933-A7F5-4000-8C5C-6721DCC706A8}
T{3C872FD0-A177-4200-9B05-A675A1A69DB0}
T{C2C06BA6-DA87-4072-A991-99107AC03F25}
T{38CC5925-BA34-4929-A51B-71A4A6FBA28E}
T{9EFFE7BB-F7D4-404D-9897-1560E196AF49}
T{94DCE239-C515-4950-B76B-5CC580D8F0F4}
T{98AB756D-5236-456F-886A-F292998316F1}
T{E86E58FD-3827-4958-AC90-13D8E7E7EF5A}
T{193BA608-63F6-4A87-BB5B-BF90426E7738}
T{0E9F01BE-0181-4B3C-8757-CDD2AD1C6E49}
F{96C63D3B-E790-4922-A708-208CA6DA3EBD}
T{61E5253B-3A9B-4E85-8D62-BF9211C53CCC}
T{A648941C-0490-4227-9714-621A4E0764E1}
T{3D076BAF-B45B-4575-B9AC-0236CB2F4AB1}
T{353FC933-A7F5-4000-8C5C-6721DCC706A8}
T{B11C93E3-00D6-4B8D-BAC1-029A0212F62E}
F{738DCA7C-B62C-429A-B712-6022BAC970DC}
T{C8F56C61-677B-4A4C-8E48-3371AD9207BD}
T{712E1FFC-F069-492A-81C6-D9ACDC500ADC}
T{497878B0-0CE8-40F5-BBDB-649B51095E05}
T{4F4316BF-8805-446F-8294-A1EEFB145EB5}
T{9CF58495-8175-4D88-A0E6-1DD19ECF71F9}
T{E41AF589-6373-4F13-89E2-780AAFB2DD11}
F{55B089B7-34D6-4A8F-8B77-BEF51B3C21DB}
T{97421F6E-A04C-4AEC-9A69-E566E822965D}
T{4E2332FA-C222-4426-82E0-A896EB8626F4}
T{9B8F54F9-F62E-416C-87A2-436372E3AF5D}
T{667FFDE0-FB16-4918-A614-A9CE18735274}
T{8C2886EB-AABB-4C35-B405-85568A2E9B74}
T{4866AA86-6C63-46F8-B0F7-BFB4BDC40AC6}
F{F780F1A9-2344-4482-B5F3-C98DACEE4E69}
T{DE1C4BDB-F501-419A-9929-EA10F2C61114}
T{41B25C51-E883-4D30-A5EF-AC5CBC7D961E}
T{3C9B9938-6A0A-43B9-AA34-09D724958272}
T{A1A4CA2F-4F90-4453-AF02-226EF452DFA9}
T{C75C7558-F71D-4AD9-B5B5-7DAF3F0D4B8D}
T{3F49474C-37B6-4522-B5B1-974732D97353}
T{9EC984E9-6B29-4F91-9D98-A3DE95FF1307}
F{59372671-F5DA-430A-A52F-B2425B0FCF65}
T{03841067-39C6-4344-AC77-8F74CA458A15}
T{3331E802-C349-4544-AC92-ACD167DC2A74}
T{0C14834C-EB4D-4DD6-947B-6DB289FB0E14}
T{3F49474C-37B6-4522-B5B1-974732D97353}
T{2BE058B6-8870-4AB9-BAAB-7AC6A16F0C95}
T{0E293CAC-8BD6-4D1D-8AFB-91B033E4AA1B}
T{21EA4815-049C-4ED1-A977-9F82A6CA25D0}
F{3921CDE4-5BF1-4ABA-8FAD-5B682169962C}
T{D16B198E-E4A4-48ED-8BBD-8FC8826952A6}
T{4B34F339-0503-4C02-834C-B4641B06564F}
F{67A3D10D-AC22-4D74-81BF-08FC12D6368F}
T{DC039036-7696-46ED-AB32-4A8BFD6D8FA2}
T{7FF5DFB1-D1D7-436B-8EE2-439BCBC203C1}
T{EDE0113C-99C0-49E9-8830-6507733820A1}
T{B26C121E-B8C3-4864-AD6F-38477DF4F5C0}
T{A5F2C84B-6E34-4933-9039-47B50CEBEE2E}
T{1ABB512E-3F5A-47E4-8C63-36BBA4FE8155}
T{1A9B3CC2-A48A-40E1-8AFE-16CAEE0855D1}
T{79D5F1B1-1EBE-487C-B2A3-951B9FFEF364}
T{C1345BAC-0F97-43BF-8B90-8B867D80C948}
T{AD634C7F-74C5-42F0-BBFF-CDE734A7CB8F}
T{06B671F7-E2F6-41C8-B11C-494E3B9F48D5}
T{4348C5FA-58F7-47FA-B78D-AD9D2607F0B6}
T{CC35B81F-0CEB-4416-BC9F-26C5A5D7C9A1}
T{353FC933-A7F5-4000-8C5C-6721DCC706A8}
T{18A38B76-0EB1-4969-9A88-2F55DFC7B6D7}
T{4870E818-AFEF-4B9C-B288-A6B480B7FE90}
F{5DA95A32-824D-41CD-A257-300C05AD7A65}
F{9547A873-8914-4B48-9B38-5BDDD764618F}
T{0BFD39F0-EE41-4BC6-930D-89818BED02F6}
T{B4B1C5C2-F087-4827-932E-07E9B11ACA56}
T{19624EBC-4CDC-47FD-BFC8-513BA1BFD670}
T{E3EB5DDF-2836-4B11-9C86-23663274366E}
T{7C606C0B-94B6-47F2-9ADD-A62DE91722A3}
T{63C1D0F3-75D8-45B6-AA2E-C73199BD49BA}
T{6CB107AF-B679-4548-98A4-A758AAC32E15}
T{33BD7EC4-548B-455E-804E-13A03EFA32E8}
T{6CB107AF-B679-4548-98A4-A758AAC32E15}
T{AA9ECEF0-97FF-4894-AC08-B70C9D3C5DA5}
T{A3C69E62-44D5-4BAF-9134-AAFA4C186D4C}
T{2CE25A07-ED60-428B-B93E-3A34E0BAD637}
T{19624EBC-4CDC-47FD-BFC8-513BA1BFD670}
T{99C47D85-E3AA-41FA-B935-89603E1CF295}
T{75758269-D827-4718-8CFA-F1228934087F}
T{81AFB3A4-C0A8-4079-81FC-4E1395302E57}
T{99654767-8E8E-4CDD-8627-C45E8484D77B}
T{610E0385-A207-4CC7-BDC5-A0C09DADD47C}
T{13651C90-90F3-465F-875E-ACE15FF010A1}
T{1557AB50-A688-4A23-9812-277E04CE1EDF}
T{20A44430-6AFD-4E49-B8AC-804EAD68FFB4}
T{E21E6BB0-DEC2-468D-9E73-EB4240239077}
T{65630339-9EA7-4EBF-9AB7-3D1A027BE460}
T{3A3D6ACA-6BA8-4610-8F2C-ECBD8593426F}
F{5AE32A76-4553-4458-A8A2-F460DB3662FA}
T{37672F87-D008-4C6F-B513-96EF60C6D25B}
T{7BF3F2D9-E0F1-4BA9-9E1B-7B2773C83C68}
T{5CB81C51-F2E9-4E2E-A858-1EDA3253632C}
T{0BFD39F0-EE41-4BC6-930D-89818BED02F6}
F{48B67CFC-F8AC-4379-9371-F3AC49A5216D}
T{2C633DC7-E27F-4ECC-ACF9-AD8824F183B8}
T{BD44AE51-2FFD-4843-A15C-B1EAC15D2D02}
T{DD78AC32-5218-4B94-9E2F-83FCCF384FD5}
F{F9478383-C96B-4EBA-AB1B-01B299D9F0F9}
F{9E0AE925-41B2-45BD-ACCD-F5D12719A976}
T{037C69F4-AB20-4E47-916C-A44AC4959600}
T{BD8044DF-3C53-4F4F-A96C-054530F8E5E0}
T{C4CB4117-AF70-441D-BD4A-84DAF89B4D88}
T{1FDACEF0-B62E-4235-8C12-D61B02611B52}
T{9547A873-8914-4B48-9B38-5BDDD764618F}
T{92AE95C9-2E7C-41DA-A664-10D7ABB0F2CD}
T{2A989C94-9C11-4F60-A79A-D51DFDA62714}
T{59372671-F5DA-430A-A52F-B2425B0FCF65}
T{6D6B720F-39A6-42C5-AD0C-E25B6F77FF51}
T{3D076BAF-B45B-4575-B9AC-0236CB2F4AB1}
T{D4CDF893-534F-40B2-964C-D0C4F51FFBA7}
T{B20831E1-D00E-47BA-BF9A-1AE95DDE9F0F}
T{E06CD07E-64DA-4675-BAA1-D4DCDC23F37A}
T{8460D37C-6879-4CD5-A24F-6EE02312155C}
T{DBCF9ACE-899F-4057-88A4-7FFA29DAA88A}
T{639D3F72-7857-434F-96EC-19D8C653E42B}
T{A31AAA63-114C-453F-9BCF-38B7E45D0E0A}
T{54C0BEFA-90C8-4B7C-BC6C-2DF5ADEC20EF}
T{9039F657-FDD1-4F00-B614-723F7FA9DFAC}
T{A0ABBC99-F4EB-4EA2-B2FC-74914B7A7739}
T{08EB8606-AEF3-4FF5-BB8E-60F35952DC88}
T{0D262438-7BD1-489E-9C8D-7B779CB35701}
T{08EB8606-AEF3-4FF5-BB8E-60F35952DC88}
T{2AB8AAC3-13C7-49E4-8FF4-C6D788C7D0EE}
T{D6B9A408-BB19-4DAA-AD42-7724505DC822}
T{9C794917-148E-4C15-B18D-39FF144DF34E}
F{9A66F0FF-D7EB-443C-932C-915DFD38C743}
T{028FA8F7-DF9C-45F6-8701-DF6ADE60C834}
T{E1A4A141-09A4-45DE-B2C6-8B66D95FFAFC}
T{C4CB4117-AF70-441D-BD4A-84DAF89B4D88}
T{9B103C79-CCEC-4DF2-A417-D667DCD49DF7}
T{1FA4160F-00CD-4A1D-BE2B-781508F9A6AE}
T{330EEFCC-6EA5-4655-AFD2-89BC7850EBC3}
T{F44CF3C8-E70B-43C8-AF6C-26BFE41E7044}
T{9D5DB79D-E605-4A84-A340-B616C90057F9}
T{9BA82F66-4324-4299-812D-C258882CB8F5}
T{69B2891E-9AB0-4C1B-82DD-CED840FF71A7}
T{0AEF7057-819E-4AF5-881F-8574B66C9929}
T{7EF9A4AC-14A1-4CEC-AFB6-1F2D1494207B}
T{1E892C09-DD15-40A3-9D01-5262BB434574}
T{E32936C1-F8C8-4508-865B-3AC57B90F281}
T{E82C3043-DD56-44F5-AE41-DF7C62308A7D}
T{E1D63AED-2DC7-43DB-85BD-64E73F670128}
T{86933962-8207-4ED7-B892-76F5D3AEC9B1}
T{B6A5CEC4-551F-4B67-9B0D-2D4683BD0716}
T{0615E4E5-058F-4F43-B314-BF09A08AF32F}
T{A1F5F693-4074-42B6-982C-0423302DCC52}
T{75758269-D827-4718-8CFA-F1228934087F}
T{8B051F82-0398-4653-B3D7-9A62BC157A1C}
T{B06D1BFB-ACF5-468F-8A59-E6BA2F146630}
T{16751EC4-680A-4ADB-B962-BE9FB74CB099}
T{C6DFCEB2-EE61-4BAA-8F96-EE3086705FAE}
F{41B25C51-E883-4D30-A5EF-AC5CBC7D961E}
F{7EB0AAA3-BEA9-4961-99A1-6AD61C0A7CCC}
T{6F821EE0-4F0F-49E0-AEBC-AB42A7E828D6}
T{DE433329-C26F-4745-ADEA-E7D36510E04D}
T{1DD8B0BB-B8F5-4109-80FB-666D9F5AEF36}
T{1557AB50-A688-4A23-9812-277E04CE1EDF}
T{39CD752D-F55A-436A-AE85-9A0202281694}
T{3AFD3377-0C3E-418F-AB23-8039750A1D6D}
T{628E5504-34DE-4335-90AA-C140B64002C2}
T{D3BBA273-9469-41DC-B411-31C3BB8F79E1}
T{834CFE05-505E-44EA-8024-B70362347F61}
T{47E62AFF-6573-4E06-847F-AFD5EA6D54E5}
T{651BCDDC-7566-4074-BC81-9B93809BB943}
T{7ACE335A-F270-4CA8-B0DA-760DCE46345A}
T{F35F0858-256A-4E40-9496-0EC4519F4B6D}
T{0C0F9BDC-A457-47C6-99A7-19D2C8BD5825}
T{9039F657-FDD1-4F00-B614-723F7FA9DFAC}
T{DF932B45-5651-4C86-9A5F-FBFDEA98A29F}
T{5390E3DC-9A2D-4A12-BDFB-663A4B0D3FD8}
T{025D67BB-0DD2-48B6-A8FA-10A9DD526C21}
T{9F32D229-ADD1-48C0-B4CD-0A8713623D25}
T{7EB0AAA3-BEA9-4961-99A1-6AD61C0A7CCC}
T{EC9D8952-3FE5-436E-8F1A-0F013C0D0410}
T{9B8F54F9-F62E-416C-87A2-436372E3AF5D}
T{8B051F82-0398-4653-B3D7-9A62BC157A1C}
T{0C993C3B-DC1A-456B-B07D-868FE9F5E312}
F{04F70EF6-AAAC-4010-98C6-D6B1D707452C}
T{70A2E9B8-3323-4466-B470-D3817DEC13EB}
T{EC68410B-28A1-44C5-83F2-E0F67A3CA7B1}
T{8C14ED52-AC13-443A-98AD-F72D153C4C2E}
T{0C14834C-EB4D-4DD6-947B-6DB289FB0E14}
T{1149067F-5A38-4515-BB96-0EE54EA6BA74}
T{B4B1C5C2-F087-4827-932E-07E9B11ACA56}
T{3F49474C-37B6-4522-B5B1-974732D97353}
T{00EC7623-2536-4DFE-AD36-03F4D30C1554}
T{137CBC77-550A-49EF-A43D-BF05B47FC7EC}
T{7B80E6A8-0C81-4893-8700-E4004BEC50D8}
T{2FA00DAC-3AE3-493B-8435-9D0D4A39F4B3}
T{7EE854CC-5636-463A-9BEF-EEA68D2E864F}
T{C008BAA8-C27B-4A9D-A26D-8B9439AFDD92}
F{6A4ECB52-FC61-44C9-8458-B3B50445F6F3}
T{39E20C0B-4316-4F55-A453-8E04881CB5DB}
T{726C104C-582E-4B78-953D-0A7F38D18884}
T{37672F87-D008-4C6F-B513-96EF60C6D25B}
T{81423400-0985-48DB-BDB3-510D0A157571}
T{DD78AC32-5218-4B94-9E2F-83FCCF384FD5}
F{41CE8483-BD3B-4EA8-817D-77445D0B61B0}
T{65673A7B-A77A-4530-B4CD-4243B75C4062}
T{353F8A70-8E82-41D8-92B7-8CC02A7D3EA0}
T{E1A63970-61FD-425B-B8BC-B9DFD48D5DB1}
T{5AE624DF-B3A0-422E-BC98-829F6B32E371}
T{5AE624DF-B3A0-422E-BC98-829F6B32E371}
F{10DAEA13-0D39-407C-9160-E1A1469D3C9E}
T{8CFBA49B-20C6-448E-939D-67F0A120DEAC}
T{0C0F9BDC-A457-47C6-99A7-19D2C8BD5825}
T{E82C3043-DD56-44F5-AE41-DF7C62308A7D}
T{FEEA650C-C93E-466D-854D-526DD3BC3E57}
T{522FA7A5-B421-4E52-A6EB-6918EC2B04E5}
T{8B6DC4DC-4261-4417-BDEC-63BD423893AD}
T{5A88A55A-64A8-49BD-9F25-53EFD02A37C6}
T{4B908EAD-1D9E-4718-9487-DFB89C77DB4E}
T{1557AB50-A688-4A23-9812-277E04CE1EDF}
T{930F0C12-2985-4559-B88A-3C7C5D5DA62A}
T{1A32B9F3-D023-4DE5-8357-230B7F9FCD9F}
T{72202D58-B939-41FB-8852-1C24AE2D02B4}
T{C75C7558-F71D-4AD9-B5B5-7DAF3F0D4B8D}
F{5FA5DAFA-7895-4EC2-8D44-F62C7EDBD6A3}
T{10DAEA13-0D39-407C-9160-E1A1469D3C9E}
T{59417EF9-F5CF-4C45-91FE-FC0818A6C866}
T{8C2886EB-AABB-4C35-B405-85568A2E9B74}
T{553A8213-F725-4282-ADCD-0BCA0ABF50F4}
T{30B2DDA4-AB80-40CF-B04D-6369E75D13E2}
T{41A45C9F-C418-42FC-98B5-ECBA6A48D32E}
T{4866AA86-6C63-46F8-B0F7-BFB4BDC40AC6}
T{54C0BEFA-90C8-4B7C-BC6C-2DF5ADEC20EF}
T{48E4404D-4223-4CE8-9858-3BE08C762324}
T{9EC984E9-6B29-4F91-9D98-A3DE95FF1307}
T{0C993C3B-DC1A-456B-B07D-868FE9F5E312}
F{AA1BC3C0-448A-4776-BEB5-938BED14CA8F}
T{19233ED7-F822-4C7D-9D5E-4789942FD750}
T{F935D383-52FA-4A4B-AF06-468021C05AD7}
T{5AE624DF-B3A0-422E-BC98-829F6B32E371}
T{147368A7-3FB3-420A-8BFA-5AD72845F1E2}
T{99C47D85-E3AA-41FA-B935-89603E1CF295}
T{5E61A37B-D7AF-4FB8-8634-172B149EB70B}
T{98ABB37A-BC90-49EC-BDE5-161F5B25D64C}
T{81423400-0985-48DB-BDB3-510D0A157571}
T{1BF869C7-8186-423B-8E94-BEBE4FDBFC21}
T{B6A5CEC4-551F-4B67-9B0D-2D4683BD0716}
T{16751EC4-680A-4ADB-B962-BE9FB74CB099}
T{57FA6908-5B93-47F2-9BB9-EB731C6D7EE5}
T{1BA03C8D-D399-4F4C-A5D7-54CD932BA0D2}
T{48E4404D-4223-4CE8-9858-3BE08C762324}
T{92EDCD34-8E09-4615-9B8D-0DCBE4F9F9A7}
T{D70C3B2C-1566-4947-BA96-91E514E5CFD8}
T{5510005A-BCBF-4C52-AB69-819616DE4CFC}
T{39E20C0B-4316-4F55-A453-8E04881CB5DB}
T{859F76B4-4D9D-48B8-97A2-B575BE71643E}
T{8EC47787-CA14-4C39-BB66-5F4B772805AD}
T{5CFE949C-3375-42D1-B372-4B9F2D3363F9}
T{FBEF59F2-61FB-4FB3-A2AD-EEA28FF9CCF8}
T{EF81F7D8-ED1F-48C2-98DC-E2FCEEEE1A18}
T{4B908EAD-1D9E-4718-9487-DFB89C77DB4E}
T{025D67BB-0DD2-48B6-A8FA-10A9DD526C21}
T{7CD78814-370A-440A-9F17-E65DEAFCE86C}
T{2E39AF3A-C28F-49D0-BA0C-F5E347DA7418}
T{8785CBA8-8DF3-48D0-B7E9-1358EA34D2F2}
T{7EB0AAA3-BEA9-4961-99A1-6AD61C0A7CCC}
T{7A3F3D64-A8C8-45A9-A2CA-293DC8444AA1}
T{32B1DCBC-DE46-47C7-B3B5-019F644AD39B}
T{39396B60-711B-44DD-8A06-308041A18333}
T{AA8BAD98-A444-4436-B236-F87745EA4804}
T{E02063B7-E3CE-402B-B0AB-13A628C572DB}
T{7B80E6A8-0C81-4893-8700-E4004BEC50D8}
T{A184F0C1-04AD-464F-B661-D4B86EA8A8B0}
T{13A4125B-AED1-4B2A-974D-C7DA55214863}
F{93AFA1A0-0524-44EB-8549-8FD6C56AA21C}
T{96501FBF-7B4A-4833-BB28-56724AD49047}
T{97421F6E-A04C-4AEC-9A69-E566E822965D}
T{3C872FD0-A177-4200-9B05-A675A1A69DB0}
F{9F48EB6E-D18E-466C-A5A7-3B2620BB8DF5}
T{1D9B03DC-0C94-4C30-96A0-2C37130D2F79}
T{2A2FC3A6-DE6E-4228-8391-92FB4AE067CE}
T{03BA6F0B-199A-43A8-A931-6DDB61E1D60F}
T{25700FB1-23E5-4526-BCA5-E2953DFC376F}
T{E883B6C0-B5E0-43D3-A9B6-7DB93CB00C05}
T{363A57C9-219B-4B9D-AE0C-4D810DD2CD57}
T{A6D21EF0-5FAD-44CE-8170-53DCBE946466}
T{C02CDE2A-35FA-49B2-97B6-414AE2E988D7}
T{2099A062-BC37-4744-983D-17C0F1ABE225}
T{067532EC-D5DF-44C1-9CF2-9B8E1CA3CDEC}
T{99FDCDE3-EBCA-42CD-B9D7-ACB3F4EDD030}
T{1B014E68-4281-4CD1-9F0A-26B309DE3086}
T{3921CDE4-5BF1-4ABA-8FAD-5B682169962C}
T{39CD752D-F55A-436A-AE85-9A0202281694}
T{DFB6DA0D-F341-4848-A8EA-D4CAB2849D21}
T{58F6C9CF-4240-44ED-8826-4AE9C9D8D4BA}
T{CDC2D4E6-6312-4DFB-90B3-0608B1434A9A}
T{DF85A6C8-49EF-429F-BDAD-3FB73668581A}
T{A52B10DA-AF33-400B-8E49-A17D4F82B3AD}
T{6CB107AF-B679-4548-98A4-A758AAC32E15}
T{BAC79557-0674-4986-96E4-54353A31C13B}
T{3A63161A-24A1-43CB-A932-8E8DFBD1BE15}
T{1B014E68-4281-4CD1-9F0A-26B309DE3086}
T{A0ABBC99-F4EB-4EA2-B2FC-74914B7A7739}
T{8B051F82-0398-4653-B3D7-9A62BC157A1C}
T{81423400-0985-48DB-BDB3-510D0A157571}
T{D3E69CBE-B364-400E-8D65-593F6EA2ED22}
T{10B43F8C-5090-4D29-A7C6-4E433C122B53}
T{D3BBA273-9469-41DC-B411-31C3BB8F79E1}
T{76BCC99D-28DC-4D86-AEA5-9DDEEB7275EE}
T{AEA32450-8E7B-41DF-BF09-A889A8D52F4A}
T{7ACE335A-F270-4CA8-B0DA-760DCE46345A}
T{037C69F4-AB20-4E47-916C-A44AC4959600}
T{03841067-39C6-4344-AC77-8F74CA458A15}
T{49510C4D-1181-4CC9-8F5D-532E871D27AA}
T{30DBCB9B-4354-4E36-A3C3-3F41525F9921}
T{6B5FFA9F-8AB5-45EF-A57C-18B4BAB2037E}
T{9E12C547-C75D-4B8E-AA71-BE6B155E0E2A}
T{37672F87-D008-4C6F-B513-96EF60C6D25B}
T{48926041-94B8-4A8F-9BC3-1C693A5D466A}
T{81AFB3A4-C0A8-4079-81FC-4E1395302E57}
T{E3395758-CA5D-42EC-9CE3-248408048B47}
T{48B67CFC-F8AC-4379-9371-F3AC49A5216D}
T{8B0FE332-33B3-43BA-959C-4900076FB257}
T{5CFE949C-3375-42D1-B372-4B9F2D3363F9}
T{1E03512C-071B-473D-A27A-F8F497B458AA}
T{CA18A1A4-2CC2-4ED1-8E7A-2824F68D586A}
T{39CD752D-F55A-436A-AE85-9A0202281694}
T{0D10F7C5-2906-4DAF-AAC3-9C3781D62F67}
T{54C0BEFA-90C8-4B7C-BC6C-2DF5ADEC20EF}
T{CDC2D4E6-6312-4DFB-90B3-0608B1434A9A}
T{EF899F26-7C62-4C72-934A-0A6E47E06557}
T{867106B5-47D1-48F3-9F70-79546FDDB857}
T{E0D7A365-30A1-475D-8933-749E3D62383A}
T{1390C9F5-FE84-4574-B12C-F611F41B85E5}
T{C2E80595-F996-423A-9CC1-F2B599CB1B1D}
T{600B45B2-995E-4398-A6EA-53FB028745A6}
T{3921CDE4-5BF1-4ABA-8FAD-5B682169962C}
T{1B7B99EB-AE63-414D-8938-EB679353A532}
T{59417EF9-F5CF-4C45-91FE-FC0818A6C866}
T{EDE7266E-229A-44EF-80C8-3C4FCDA3CF3B}
T{268F2C88-D150-4411-B48D-15120336FD31}
T{F7C67716-CD1F-4540-8F20-3BD3D40FC48E}
T{78995242-6163-4D7C-BBDE-A33614FC0B70}
T{77BC1DEC-EB49-41CB-9CB2-B44CDD07BD4D}
F{8301F744-3B7B-4EBC-9084-57F8D46DA1A6}
T{4348C5FA-58F7-47FA-B78D-AD9D2607F0B6}
T{0615E4E5-058F-4F43-B314-BF09A08AF32F}
T{21059E55-A291-45FD-AD33-090FCF99E7B5}
T{0278CC4D-1D13-4C32-81FE-35B1D1889A30}
T{D131DA40-C800-4915-8051-6D717D3AB106}
T{63BC8900-A1EC-4913-9C48-A69B10F427F4}
T{9547A873-8914-4B48-9B38-5BDDD764618F}
T{6026ABA5-6373-42FB-BF3E-322739F9D7BC}
T{AD1D4184-3CEB-4138-94A7-1097985FDB24}
T{145EBCD1-01ED-42FA-A5D4-4BC0AB42FBC8}
T{C160AD7A-B504-4C1F-A804-DBB07FBD5751}
T{764FB749-4CF5-4B73-B7F1-3E2EC10B1703}
T{C0297B6E-BF78-4566-BD89-2B988574E3EC}
T{341FB5D1-B3B3-4D79-BE58-5D6966C55454}
T{E93B3FBE-6D1B-4F9E-8976-C244793077F2}
T{3CF8982D-7C9E-40F2-BD7C-FD034427A97C}
T{B4B1C5C2-F087-4827-932E-07E9B11ACA56}
F{CB34698D-D002-4510-B2DD-C3940E052DB7}
T{32B1DCBC-DE46-47C7-B3B5-019F644AD39B}
T{79ABDAB5-36C7-43EE-BA46-8B413365BCB1}
T{97421F6E-A04C-4AEC-9A69-E566E822965D}
T{692DFE4D-6B12-486C-8F2A-67BC90D3EA71}
T{BE024796-AD0D-4354-86DF-2549FF637E38}
T{5D9F18EC-FD3C-4346-8CE4-03876DD5D35D}
T{48B67CFC-F8AC-4379-9371-F3AC49A5216D}
T{67A4C1BD-32B5-4E4C-814B-5B7A78149377}
T{73DEF832-E9D2-41D4-8D9C-43A3F92ABF48}
F{E29E2476-2E30-4412-90CF-BF9DDB95C80A}
T{8652BF84-5DAE-4050-B83F-B653497004FF}
T{C4CB4117-AF70-441D-BD4A-84DAF89B4D88}
F{F5EC56A5-ABB9-41CC-A57D-C468FD7B638C}
