T{41B25C51-E883-4D30-A5EF-AC5CBC7D961E}
T{2CAD34D7-11B0-4430-B073-22199B38E578}
T{EA7ED47C-A0F6-4D54-B72D-AF24B4F1AE92}
T{9F48EB6E-D18E-466C-A5A7-3B2620BB8DF5}
T{F0F4D909-5FB8-41B8-B373-9D604A993353}
T{9BA29DED-803C-4B1E-8243-9AA6EE3DA742}
T{607661B4-0E8D-4A8C-B7A2-C75E9BB2228C}
T{0BE2BD3B-C607-4855-8825-316EDC6B2BFD}
T{1C333583-D16A-4DE6-BF56-9112B5557BDB}
T{F7970881-3670-4B14-9A79-11E9B14D974B}
T{0C068CDC-3E58-4CB0-BB9D-0737295C41AD}
T{047B679C-F9E8-4300-97F3-8E34B4D14257}
T{B61E2286-945F-44D6-B9F5-1D297180E81E}
T{92CAFDC2-7DB5-4653-B2DE-9176E3D30FF4}
T{09B58C0F-CF1D-45C0-9265-0E49D3633979}
T{5A5891C0-4C77-4D08-A41C-623AF72A484F}
T{F04D0F0A-3F70-4F51-B386-E8676D2FF5DA}
T{63CE1379-FC9B-4DDC-A696-CE9481245EB2}
T{D72E234A-3E70-44AD-A764-71FB5783888C}
T{5FA5DAFA-7895-4EC2-8D44-F62C7EDBD6A3}
T{9F48EB6E-D18E-466C-A5A7-3B2620BB8DF5}
T{2088ABCD-5538-4BE6-87CD-34000C591150}
F{164065A9-99A0-4F9F-A7DA-D0E4D4521F44}
T{EC0D256F-DE15-4B97-A3EA-C37EA43C6D15}
T{0C0F9BDC-A457-47C6-99A7-19D2C8BD5825}
T{149B7F73-FB2A-45BD-9A62-540A1B4FC3DA}
T{07EFE65D-6E88-41FF-93C7-C89AD48DC1BA}
T{1051FE02-FD27-4295-942E-715D77559F1C}
F{2C32BDBD-9D7B-4537-9700-AC0083DA4E6F}
T{DC71EBD1-3C77-4BF0-9BEB-7B285E7B08F6}
T{2D37DC25-EDD2-4F1B-BFE8-110C11704EDF}
T{E02063B7-E3CE-402B-B0AB-13A628C572DB}
T{EA7ED47C-A0F6-4D54-B72D-AF24B4F1AE92}
T{E1188261-DB0B-4740-B327-A889848363A3}
T{55B089B7-34D6-4A8F-8B77-BEF51B3C21DB}
T{0ED21730-A9F2-43D7-83C6-5E03A5C4B38C}
T{37598C6E-D8CB-4E9F-87AF-7740C8D75B38}
T{6C531987-1B2A-4D8A-AA84-E3A9BC0C85BE}
T{164F0604-29C4-4C72-999B-045140BEA26B}
T{708EA945-37FA-4083-8618-E53FE14CC29A}
T{04F70EF6-AAAC-4010-98C6-D6B1D707452C}
F{ED7C0726-DB08-49ED-83BA-BFB8B226BFE7}
T{E9091B9D-AEEC-493A-90FA-F5E19BBCF1BC}
T{015B3D2F-E000-4AE5-ADA5-85CE12803D34}
T{19D3F830-5719-4D56-A208-98E95589DC3D}
T{EC23872D-A701-48EE-AA75-08B3CF85B52E}
T{0C068CDC-3E58-4CB0-BB9D-0737295C41AD}
T{27846AEE-9258-49D7-87A6-1AFBF25B2C3B}
T{4AC66072-45E2-4BCE-999D-EFDFA5609C3C}
F{DCF68533-E188-4112-BFE1-250A5F70CD0A}
T{9172BB7B-8A87-4E12-A59E-02760EF02AB4}
T{66EB49C5-2A0E-4CFA-86B4-AA3D899B39B1}
T{3C5BB5B6-8AB2-448A-869D-3C6BF5B5A55F}
T{6C7A35C9-FE91-45E2-A7BC-399DAE06D357}
T{CE4516B0-498B-44BF-939E-E22C4ACF4364}
T{ACD77D05-4155-4710-9087-1E3B902580D5}
T{C939249E-5ECA-4A91-A9F8-79965E8247A7}
T{77D482C7-50B5-49B3-862E-68875F5AECE7}
T{F19F3B6B-70B1-468F-9325-C3C9DFDE0F59}
T{FD54ED84-21D8-4C47-9930-1DB1486B7C92}
T{6EDF789D-3FDB-4834-85B4-83687AF1CB4F}
F{CB28B555-6530-4A5F-89E8-F92C756FA48A}
T{9DE7B7F2-DC94-4D03-96B3-040C73C16B49}
T{55E185DD-7BE4-45AF-8A66-BA1122C50555}
T{212BA00E-EAC1-45CA-8EFA-1575F8F7FF6D}
T{69B7A4F8-B721-43FA-B078-9A0354A713DA}
T{5DF3BF74-4D85-493E-9A05-7D910D70002A}
T{4345DF53-CC0E-4397-9FF8-7B695530835F}
T{2E54522C-E4E0-4B1A-A8F7-A9D953035189}
T{7CD61473-145A-4B7C-91DC-D0F5EF2D7E0E}
T{E4AFE9C0-435E-4CC0-8A57-92C4A690D991}
T{890DB478-32D6-41D2-B18C-D64AB26F4622}
T{4EE28F8C-9FC0-401D-9E7A-12981930FDA3}
T{74D01259-4A77-46F9-BFA0-30F3AE042CFB}
T{B76B93CD-39A8-4AEA-8DB6-82D8907C4039}
T{248BD7C6-F4E1-4125-A4D6-1FEF477E2D0B}
T{5C7FE715-314C-473C-B106-4C31E45A2346}
F{3993D362-13F8-4DDE-816D-7ADBC13BC194}
T{3E2068F8-DE2B-4DAD-B9FB-AF3F462CF540}
T{7AF5C5D8-604B-4568-AB4F-ED5CC15FF9D9}
T{93AFA1A0-0524-44EB-8549-8FD6C56AA21C}
T{E0F5677E-A11A-4E1E-B292-4824DA3202AC}
T{84E1B927-1846-4874-BEF6-0B9920D0BA42}
T{E7A88926-65D9-4EB7-8535-0EC4B2E7B0C9}
T{5C9C606A-2620-4795-9EC6-07A25F9C7DBA}
T{4F591450-2F30-475E-8A77-D89DAED15BEC}
T{D597E7FF-8888-4D2D-BF70-29FAC02DF79E}
T{6C531987-1B2A-4D8A-AA84-E3A9BC0C85BE}
T{0C0F9BDC-A457-47C6-99A7-19D2C8BD5825}
T{CB28B555-6530-4A5F-89E8-F92C756FA48A}
T{3311A06B-C525-478D-89DD-C35D067F6A65}
T{B80C3D14-84E0-458E-9C32-20D42837D272}
T{8AC2BF78-CCE3-464D-BBA9-5FFEF05F88A2}
T{72E2B329-604C-4ECA-9429-A61C8CB7C790}
T{485BB315-623E-44DB-A418-59F4C0C370B1}
T{5A88A55A-64A8-49BD-9F25-53EFD02A37C6}
T{1D1EF308-FC7C-4409-964B-366B0C7732F1}
T{3993D362-13F8-4DDE-816D-7ADBC13BC194}
T{DF85A6C8-49EF-429F-BDAD-3FB73668581A}
T{7C4B19EA-0F22-4106-9B5D-99D382F537F8}
T{0E293CAC-8BD6-4D1D-8AFB-91B033E4AA1B}
T{2088ABCD-5538-4BE6-87CD-34000C591150}
T{ADDE30E1-488F-4968-90B2-706AAA3CF477}
T{6C7A35C9-FE91-45E2-A7BC-399DAE06D357}
F{0F73EF9E-8D0E-426D-8788-AF6263377BB4}
T{B61E2286-945F-44D6-B9F5-1D297180E81E}
T{B6DEE0EA-B643-455C-AD92-393D996EDEC0}
T{7DD087B6-F121-4CDC-9B44-810EE446CCFE}
T{17FB55B4-48E9-47FA-95D5-215E0410139D}
T{F0077361-6722-47DC-BCCC-841FD9B1F535}
F{5056AA94-7581-4E32-B33E-B077DD6ECCD4}
T{D648E148-74C9-4DC3-9AF9-2BB9266D8A80}
F{D85FE703-9432-4493-8DB4-BD4E77B38C4A}
T{56A3494F-A506-45BD-BEED-AC1BC65AC9B4}
T{55B089B7-34D6-4A8F-8B77-BEF51B3C21DB}
T{F5EC56A5-ABB9-41CC-A57D-C468FD7B638C}
T{2CF9A427-2C79-4365-9812-944D5A00765C}
T{99654767-8E8E-4CDD-8627-C45E8484D77B}
T{85E17C0B-06A2-40B0-8635-D821D7E10FAC}
T{F19F3B6B-70B1-468F-9325-C3C9DFDE0F59}
T{672F5C3A-4E80-4D1C-BC56-920F5C27AEA8}
F{A008F8D2-57AC-432F-AB13-D3ADF95F7AF3}
F{F3D1FD50-4B21-467E-A269-59A7D206C7B6}
T{BFA4AD54-6274-44AB-B91A-4149A69EA6C2}
T{EDE0113C-99C0-49E9-8830-6507733820A1}
T{EA7ED47C-A0F6-4D54-B72D-AF24B4F1AE92}
T{E29E2476-2E30-4412-90CF-BF9DDB95C80A}
T{32463275-68A2-46A6-A1DC-67F91D50DAC4}
T{0160422D-1282-4B06-961C-B48417060397}
T{5FEC1EA3-AA59-43DB-8614-D035D296EA50}
T{8460D37C-6879-4CD5-A24F-6EE02312155C}
T{3382308C-9579-4D36-87AE-59B8DBBD9F93}
T{D13E0D98-B840-4E65-B001-D35B10CB80E8}
T{86D9CB84-7DB7-4D8D-A067-C24BCB109DED}
T{7EE441D7-1EE1-48AD-A734-10F804820B32}
T{764671EF-47E7-4D6C-B699-18A20A55BDFB}
T{FDF9B53C-0281-4803-B051-1B24E7091DB4}
T{1A29251B-51EB-49B7-8606-2FDC016C125E}
T{F7CC59CB-9719-40DD-B9C9-690E2F060C48}
T{F7970881-3670-4B14-9A79-11E9B14D974B}
T{41C4D4AD-8174-4408-A03C-26794D817F82}
T{E29E2476-2E30-4412-90CF-BF9DDB95C80A}
T{371CE43E-DA20-4F5E-AD96-6BD202CB7819}
T{32463275-68A2-46A6-A1DC-67F91D50DAC4}
T{2099A062-BC37-4744-983D-17C0F1ABE225}
T{F0077361-6722-47DC-BCCC-841FD9B1F535}
T{DA1D118C-1DB3-46B0-86B0-61E4E6513C38}
T{C3590F7F-4D65-4ED6-9DE9-FF78D6C82E69}
F{B08E1FA9-4F14-4A75-AC1D-9CB75BEECC75}
T{07394D3E-9D49-4FCD-BE1A-122E01F29710}
T{4043CB13-B73D-4D30-9E52-08876667F0A5}
T{1247BEE1-AE4C-4B0B-B9E5-9E0518E3CA51}
T{050AE1BF-00EA-4EAD-ADCD-0AF5BD22CC3D}
T{66EB49C5-2A0E-4CFA-86B4-AA3D899B39B1}
T{8764D2CB-8CC8-485B-A839-D2B7B7C9429B}
T{07EFE65D-6E88-41FF-93C7-C89AD48DC1BA}
T{F0077361-6722-47DC-BCCC-841FD9B1F535}
F{73956D02-E81B-4E91-A82F-DEBAC1B3BC1A}
T{CEB8EE2F-A619-497C-8910-FF0BE44ECF2F}
T{D93E64A5-02F3-47A8-B29E-F11E12E9B099}
T{651BCDDC-7566-4074-BC81-9B93809BB943}
T{31542163-DBB0-4BDE-BDD2-1245506C55F1}
T{0C068CDC-3E58-4CB0-BB9D-0737295C41AD}
F{8705009C-101F-43E0-9311-9B6E713B0F0A}
T{9B103C79-CCEC-4DF2-A417-D667DCD49DF7}
T{7CD63A22-4E42-4CD8-A874-591C35C5FA54}
T{E174D891-F394-400D-9D0A-939365437BCC}
F{54F88DF0-1DA5-483B-AECA-27E54C2095DE}
F{9A66F0FF-D7EB-443C-932C-915DFD38C743}
T{B204FA24-A923-4FB3-952A-76D652B78CE4}
F{8301F744-3B7B-4EBC-9084-57F8D46DA1A6}
T{8207965B-24AA-4615-82D9-8171E2CE4CC3}
T{D78A1192-5CB9-4FD0-A743-BF36F9FECA77}
T{48B67CFC-F8AC-4379-9371-F3AC49A5216D}
T{F97B185B-A4AA-4F9A-957C-91F3E2B24508}
T{200B8681-627A-45CF-A5EA-71CBB84A689D}
T{033C9C8C-A39E-4A45-A419-E752B6FDD3D9}
T{B2755017-1AEF-4148-B0C2-309A2C655A8D}
T{B6DEE0EA-B643-455C-AD92-393D996EDEC0}
T{5AC0BEFA-2030-4EAF-B200-E011ED276ECB}
T{D9E49C41-3DA2-45F3-BEF6-3F7C44A9F2B6}
T{D7CAB042-6AD3-4CD5-BDF7-6DC81E8201CA}
T{EAF78990-70CA-44FA-9B5E-16472204AFB1}
T{1C333583-D16A-4DE6-BF56-9112B5557BDB}
F{ED7C0726-DB08-49ED-83BA-BFB8B226BFE7}
T{41B25C51-E883-4D30-A5EF-AC5CBC7D961E}
T{61B51B5B-1B0B-413F-8966-FB60A693D390}
T{61B51B5B-1B0B-413F-8966-FB60A693D390}
T{635F4DC2-BEAF-49ED-8573-5795B4DA624D}
T{E042F2C2-4B45-44CF-9CB7-D8BCBAC36AD2}
T{2ACBB676-46C2-4E32-9CD0-592361B15D4F}
T{0387D044-3B54-4DAB-A6A1-3A97D5857649}
F{3B4978D0-4793-4E7B-A042-09A8D39C68E9}
T{DC039036-7696-46ED-AB32-4A8BFD6D8FA2}
T{B10AFEA1-79FD-4CCC-8080-7B9E10489A20}
T{411D7D5B-B62B-400E-AD64-52C8D77195FE}
T{C939249E-5ECA-4A91-A9F8-79965E8247A7}
T{EAF78990-70CA-44FA-9B5E-16472204AFB1}
T{212BA00E-EAC1-45CA-8EFA-1575F8F7FF6D}
T{1E03512C-071B-473D-A27A-F8F497B458AA}
T{47E62AFF-6573-4E06-847F-AFD5EA6D54E5}
T{ABA16086-C2D3-47A4-BFA3-B8983CBF0AB2}
T{CB34698D-D002-4510-B2DD-C3940E052DB7}
T{F815E807-9B6F-4638-A78C-217E3459B108}
T{2ACBB676-46C2-4E32-9CD0-592361B15D4F}
T{628E5504-34DE-4335-90AA-C140B64002C2}
T{0E120995-F268-4170-BF46-3E89BEAC5793}
T{8379B667-89AA-4D30-A5E4-FA9D0B1910DD}
T{2C17985B-B903-4E5B-93EE-B4C14383107B}
T{CB212B9E-D72D-4E7A-B5BA-BFC9BEDB615B}
F{2CF9A427-2C79-4365-9812-944D5A00765C}
T{29C5D3E5-F63D-427E-A5CD-60AA596A8F2D}
T{1F5ED348-8DBF-4765-9143-8E24D987F3F2}
T{31E65F81-05BB-49AA-8FB4-C11A3C20EBEA}
T{EC0D256F-DE15-4B97-A3EA-C37EA43C6D15}
F{20B6A067-5E99-4396-8F11-A329F80067EB}
T{761FC623-D274-4C82-B086-609D239A808F}
F{C621C91B-0277-43CD-A204-25DB6F19FECC}
T{F2FAB52A-2972-41D8-A076-0DDCBDCD5B47}
T{EFB56271-269D-47DD-A822-6D9800258E92}
T{CC1F03A0-9301-4C59-85F3-AEBC09AF30C3}
T{212BA00E-EAC1-45CA-8EFA-1575F8F7FF6D}
T{B00C1327-81EE-4534-AD16-116A8DEE87CA}
T{1A29251B-51EB-49B7-8606-2FDC016C125E}
T{06DD9FB2-B88B-494F-B36C-CC141D6B16C5}
T{79ABDAB5-36C7-43EE-BA46-8B413365BCB1}
T{A76261A3-4C9A-4547-9269-2686001EE72D}
T{00F49A89-3575-4940-8218-22791B89BAFD}
T{6EDF789D-3FDB-4834-85B4-83687AF1CB4F}
T{04F70EF6-AAAC-4010-98C6-D6B1D707452C}
F{E153C2A6-C83B-48D9-9744-C1DAF1D2F6A0}
T{90427D79-72EE-4F26-B236-02A213007B1C}
T{EF30041C-3463-49A4-80D7-E15A314A2F7A}
T{F926C268-0F07-4AC2-A6C6-D610A96AC12A}
T{57FA6908-5B93-47F2-9BB9-EB731C6D7EE5}
T{1E0A93DC-A864-40E6-A73D-59C3C1CB4213}
F{D847D62E-C790-4AC5-AC2D-8736F864D935}
T{033C9C8C-A39E-4A45-A419-E752B6FDD3D9}
T{F9478383-C96B-4EBA-AB1B-01B299D9F0F9}
T{890DB478-32D6-41D2-B18C-D64AB26F4622}
T{3E82EC0A-8A63-4CED-AF41-AD4C2630EB47}
T{4AC66072-45E2-4BCE-999D-EFDFA5609C3C}
T{5C7FE715-314C-473C-B106-4C31E45A2346}
T{C709184D-B534-4FC7-A716-A33139FB1DF4}
T{8379B667-89AA-4D30-A5E4-FA9D0B1910DD}
T{4E710C10-4322-406C-BBD6-7B186E50C7F4}
T{D0BB5B03-91F3-4D78-98E5-2865D0543CDF}
T{94DCE239-C515-4950-B76B-5CC580D8F0F4}
T{607661B4-0E8D-4A8C-B7A2-C75E9BB2228C}
T{EAF78990-70CA-44FA-9B5E-16472204AFB1}
T{2C569B43-C3D0-4DCB-83EE-793AD8A8D684}
T{67A3D10D-AC22-4D74-81BF-08FC12D6368F}
F{85F65900-6BA5-46EA-8623-A5269A6EA30F}
T{EF81F7D8-ED1F-48C2-98DC-E2FCEEEE1A18}
T{ECF606CB-3D3F-4C02-99C1-A5FCC78BCB4A}
T{CC424D8E-DB08-410E-9CCA-37B0B8A58858}
T{4502CA83-7BAD-449C-980A-76C8374523FF}
T{1425ADA2-0DE0-4D63-9C51-3C99DF6C35A7}
T{85F65900-6BA5-46EA-8623-A5269A6EA30F}
T{867106B5-47D1-48F3-9F70-79546FDDB857}
T{685AD7A5-D954-4EA2-8AA7-0FE511995D77}
T{5FA5DAFA-7895-4EC2-8D44-F62C7EDBD6A3}
T{0387D044-3B54-4DAB-A6A1-3A97D5857649}
T{D93E64A5-02F3-47A8-B29E-F11E12E9B099}
T{1C333583-D16A-4DE6-BF56-9112B5557BDB}
F{87430541-EA89-4137-B731-E58701AAA1CC}
T{273F5740-0200-49E4-B454-F45CF331066A}
T{5DF3BF74-4D85-493E-9A05-7D910D70002A}
F{5A3C78B2-BD49-4A25-A84F-98BF4EEE6FA0}
T{8F0CFCED-39A0-484F-9223-1EE557524C7D}
F{F780F1A9-2344-4482-B5F3-C98DACEE4E69}
T{98A3967E-EEC3-40A4-AF44-D13E1D6BB285}
T{94DCE239-C515-4950-B76B-5CC580D8F0F4}
T{9DE7B7F2-DC94-4D03-96B3-040C73C16B49}
T{AEBDAA24-1DF9-4D3C-B071-C255A9272394}
T{9ABB7E29-3B0A-40CD-9471-059435856CB9}
T{7C606C0B-94B6-47F2-9ADD-A62DE91722A3}
T{29C5D3E5-F63D-427E-A5CD-60AA596A8F2D}
T{B86D90F4-6C12-473B-948B-E8E69102B4E4}
T{371CE43E-DA20-4F5E-AD96-6BD202CB7819}
T{06DD9FB2-B88B-494F-B36C-CC141D6B16C5}
T{DE5F51C3-19B6-48A4-BDAB-8BE0BE105B0E}
T{0584DF14-F894-48CE-924D-8F8BFCE258FD}
T{521CEF31-D86E-4994-82D8-7D4B4337FB3E}
T{FCA1F24C-E5B7-4A51-A5D8-50C3D826C866}
T{0F73EF9E-8D0E-426D-8788-AF6263377BB4}
F{2C32BDBD-9D7B-4537-9700-AC0083DA4E6F}
T{6CE22889-9805-406C-8600-5267B2413DDD}
T{D3F36069-326D-4700-BA89-D30996EDBC66}
T{C709184D-B534-4FC7-A716-A33139FB1DF4}
T{CF3C1893-6093-4658-937C-CBE5856B5825}
T{F7943123-2ADD-4824-9530-85946CDFFBAF}
F{73956D02-E81B-4E91-A82F-DEBAC1B3BC1A}
T{BE5B93E8-6104-461A-8FBA-B47973B8C423}
T{194BDB63-C6D7-4796-95C3-082F73CFC950}
T{07394D3E-9D49-4FCD-BE1A-122E01F29710}
T{890DB478-32D6-41D2-B18C-D64AB26F4622}
T{54F88DF0-1DA5-483B-AECA-27E54C2095DE}
T{EF30041C-3463-49A4-80D7-E15A314A2F7A}
T{F38A6811-1135-4C8C-AC69-2BB82FD17819}
T{E5EADF4C-C1C3-4FDE-9E1B-947D3AF5E156}
T{0D526E52-D072-400B-A736-86DF977A76E8}
T{B06D1BFB-ACF5-468F-8A59-E6BA2F146630}
T{F04D0F0A-3F70-4F51-B386-E8676D2FF5DA}
F{E5B1009B-AB0D-47FF-B803-38E0544CC55A}
T{69B2891E-9AB0-4C1B-82DD-CED840FF71A7}
T{248BD7C6-F4E1-4125-A4D6-1FEF477E2D0B}
T{431ED83E-C950-47B6-B81B-719EFB04DEE8}
T{6D6B720F-39A6-42C5-AD0C-E25B6F77FF51}
T{A008F8D2-57AC-432F-AB13-D3ADF95F7AF3}
T{66329B81-4C55-4D81-8B87-8464A989786F}
T{83F5D758-30E9-4B57-98D7-8E85834EDC6A}
T{8F3F384B-1A17-4ED8-9C78-375D3FC73446}
T{CF3C1893-6093-4658-937C-CBE5856B5825}
F{F16A579F-7BA0-40E4-A1AB-F6B5C6492078}
T{3AF80838-DD5A-42BA-923D-5E1B96B0BAD9}
T{137CBC77-550A-49EF-A43D-BF05B47FC7EC}
T{1FFDB99D-9163-405E-B68F-EF3667708C22}
T{00F49A89-3575-4940-8218-22791B89BAFD}
T{E5B1009B-AB0D-47FF-B803-38E0544CC55A}
F{A12456D3-1712-42C9-8839-1F4E641A5728}
T{B86D90F4-6C12-473B-948B-E8E69102B4E4}
T{D570AECC-FAE1-4CAB-A575-A5E228D5AD8A}
T{C84A569D-A473-42CA-87AB-A7751406C8FA}
T{09B58C0F-CF1D-45C0-9265-0E49D3633979}
T{DE5A925D-6519-4D3E-9498-F8BACB7A5763}
T{11294FE1-95F5-44AF-B5AE-BA514A3FC578}
T{245B5E90-E8A2-4E16-B12F-0E6D661E6418}
F{A598D530-A0B9-420C-A517-FB7C36E7A048}
F{ED7C0726-DB08-49ED-83BA-BFB8B226BFE7}
T{D3F36069-326D-4700-BA89-D30996EDBC66}
T{D92BCBCB-E4FA-468C-9DA6-5D08D3D2B3AC}
T{FDF9B53C-0281-4803-B051-1B24E7091DB4}
T{AF0FDCD1-46C4-4515-9A16-42B6E00270F2}
T{B8660163-5BC3-4DFE-8705-063CC28ADE5E}
T{160F242F-DFF7-443B-A130-77F492F32D1E}
T{B06D1BFB-ACF5-468F-8A59-E6BA2F146630}
T{62C761D1-37A5-4CEA-A137-C553483F0F66}
T{F815E807-9B6F-4638-A78C-217E3459B108}
T{0278CC4D-1D13-4C32-81FE-35B1D1889A30}
T{33BD7EC4-548B-455E-804E-13A03EFA32E8}
T{1C333583-D16A-4DE6-BF56-9112B5557BDB}
T{200B8681-627A-45CF-A5EA-71CBB84A689D}
T{164065A9-99A0-4F9F-A7DA-D0E4D4521F44}
T{A76261A3-4C9A-4547-9269-2686001EE72D}
T{E63B792A-33E2-4B19-8428-DDD9830A0C5E}
T{553A8213-F725-4282-ADCD-0BCA0ABF50F4}
T{B1638F33-0118-41B9-BB92-3204AE05D243}
T{04F70EF6-AAAC-4010-98C6-D6B1D707452C}
T{D6AFED18-FB75-42DA-A74E-6E9F03412FD6}
T{1F5ED348-8DBF-4765-9143-8E24D987F3F2}
T{1BF869C7-8186-423B-8E94-BEBE4FDBFC21}
T{815770D1-0FF0-48F3-B4FD-3F1AD3C35E20}
T{14F2569D-5B7B-485F-B674-4A969369DBC8}
T{E5B1009B-AB0D-47FF-B803-38E0544CC55A}
T{164F0604-29C4-4C72-999B-045140BEA26B}
T{FB846961-9F1A-4BAD-96AC-E38CD3C13D5F}
T{85696CCB-5D1E-4A86-8C5E-39CE0038FCBB}
T{EA7ED47C-A0F6-4D54-B72D-AF24B4F1AE92}
F{BD86A5CF-8576-4548-BF7A-96CF8330A517}
T{DB847593-44CE-4592-A3A5-EB5DED3521C7}
T{5FA5DAFA-7895-4EC2-8D44-F62C7EDBD6A3}
T{9D0D3213-A323-41F1-A4D1-BAF753DFF945}
T{080C1722-DF19-4C43-B28E-3112BC30B0FA}
T{5AC0BEFA-2030-4EAF-B200-E011ED276ECB}
T{DA1D118C-1DB3-46B0-86B0-61E4E6513C38}
T{9D5DB79D-E605-4A84-A340-B616C90057F9}
T{0D2AF944-A320-4941-8596-9C37C95ED2E6}
T{52C8A4F3-6810-422E-8DA4-83B6094F4C98}
T{E042F2C2-4B45-44CF-9CB7-D8BCBAC36AD2}
F{6A4ECB52-FC61-44C9-8458-B3B50445F6F3}
T{4502CA83-7BAD-449C-980A-76C8374523FF}
T{C8AE071F-F3B8-45C8-AE44-53F435301003}
T{D92BCBCB-E4FA-468C-9DA6-5D08D3D2B3AC}
T{4E326DAC-68E6-4F81-9C3E-A8330F0AB6F8}
T{8301F744-3B7B-4EBC-9084-57F8D46DA1A6}
T{ED7C0726-DB08-49ED-83BA-BFB8B226BFE7}
T{72202D58-B939-41FB-8852-1C24AE2D02B4}
T{2C32BDBD-9D7B-4537-9700-AC0083DA4E6F}
T{E6D9E511-D49A-4D7C-BF1D-76DC2207D232}
T{E1188261-DB0B-4740-B327-A889848363A3}
T{0D2AF944-A320-4941-8596-9C37C95ED2E6}
T{A12456D3-1712-42C9-8839-1F4E641A5728}
F{73956D02-E81B-4E91-A82F-DEBAC1B3BC1A}
F{41CE8483-BD3B-4EA8-817D-77445D0B61B0}
T{A57C9B20-6EC1-41ED-A5AC-5BDCD1C17E04}
T{FE16B572-2CFC-4021-8509-00A7B47158C5}
F{5ED9A8DC-5566-4C43-A2F7-CBD356CC9A41}
T{2988207D-57A6-471E-906C-AE722FC86091}
T{3C5CA223-6178-4154-8A82-9A479F0E3AED}
T{212BA00E-EAC1-45CA-8EFA-1575F8F7FF6D}
T{5C9C606A-2620-4795-9EC6-07A25F9C7DBA}
T{AA6EBAAC-0C8D-46C7-A503-4398F3566A46}
T{0225A0F1-3576-41B0-82B3-A529A680DF30}
T{7BFDEF89-0F0B-49ED-990D-449C4FB97FDF}
T{D16B198E-E4A4-48ED-8BBD-8FC8826952A6}
T{AA1BC3C0-448A-4776-BEB5-938BED14CA8F}
F{6A4ECB52-FC61-44C9-8458-B3B50445F6F3}
T{194BDB63-C6D7-4796-95C3-082F73CFC950}
T{DB3DF5CA-AB53-4153-8BE3-AAFF2E0DDD10}
F{B3579977-D4AD-4589-90DD-752A0ABDEFC6}
T{CF5F997A-D364-447C-B8BC-725E1B1182C4}
T{73956D02-E81B-4E91-A82F-DEBAC1B3BC1A}
T{77D482C7-50B5-49B3-862E-68875F5AECE7}
T{14F2569D-5B7B-485F-B674-4A969369DBC8}
T{2ACBB676-46C2-4E32-9CD0-592361B15D4F}
T{9E8BCC66-8DF3-4940-9B69-FE2AA2858ABC}
T{AA18B2CC-0325-42E6-BB16-B84619056F0D}
T{A12456D3-1712-42C9-8839-1F4E641A5728}
T{D467906A-E8D6-465D-B687-C162CB495E1F}
T{4CBAEBA8-850F-4709-A28A-B22B635B51D9}
T{AD5EB020-CB85-4EBE-B53B-2A1AC0D3F6A3}
T{A1F5F693-4074-42B6-982C-0423302DCC52}
T{8301F744-3B7B-4EBC-9084-57F8D46DA1A6}
T{E5B1009B-AB0D-47FF-B803-38E0544CC55A}
T{245B5E90-E8A2-4E16-B12F-0E6D661E6418}
F{C621C91B-0277-43CD-A204-25DB6F19FECC}
T{52D61150-327E-4D8F-B367-707FDE378EBC}
T{22DE6BCF-F8F0-4338-9555-ADC101CEDE62}
T{72202D58-B939-41FB-8852-1C24AE2D02B4}
F{5AE32A76-4553-4458-A8A2-F460DB3662FA}
T{BDC8E05D-661B-40A0-8CD7-D32F57D44B38}
T{DB847593-44CE-4592-A3A5-EB5DED3521C7}
T{0E120995-F268-4170-BF46-3E89BEAC5793}
T{55B089B7-34D6-4A8F-8B77-BEF51B3C21DB}
T{39CE567F-E0C2-48F5-9B35-A18AD7962F95}
T{DE1CE137-F45B-4A8A-AA69-2BFAB702C2D8}
T{C42BFBD0-A3B2-4034-ABDD-36A9DC96E361}
T{9ABB7E29-3B0A-40CD-9471-059435856CB9}
T{E928D57F-F7CC-4A45-B400-9A2C39A84BE7}
T{371CE43E-DA20-4F5E-AD96-6BD202CB7819}
T{CB212B9E-D72D-4E7A-B5BA-BFC9BEDB615B}
T{3D511E0F-C849-455E-951C-53EC1F8C63CD}
T{FF02BE20-56EB-455F-9829-F72713425D9A}
T{9A66F0FF-D7EB-443C-932C-915DFD38C743}
T{67A3D10D-AC22-4D74-81BF-08FC12D6368F}
T{6E5A06DD-B2A3-4C2E-B4B1-BB8AAE9626FB}
F{E675C04C-4118-4B5B-B42A-77AF31F8CEC5}
F{32D6CCF5-B0ED-4F0E-AB7A-50FD172BDAD8}
F{6AA39FD7-1E82-4C62-AAAE-A3D293F3A409}
T{E27A5F55-59AD-44B6-B8E5-12E4C14352FB}
T{C969285C-7E60-4CA9-9220-6ED13042EF51}
T{047B679C-F9E8-4300-97F3-8E34B4D14257}
T{839AEA2F-5342-489B-9C3B-BA9F29924157}
F{1332E500-0639-4BC9-A492-BF7EB16C5A55}
T{5056AA94-7581-4E32-B33E-B077DD6ECCD4}
T{70A2E9B8-3323-4466-B470-D3817DEC13EB}
T{E0021D6F-996F-4A4C-8FA0-C41A559ACC78}
F{41CE8483-BD3B-4EA8-817D-77445D0B61B0}
T{1E03512C-071B-473D-A27A-F8F497B458AA}
T{5C9C606A-2620-4795-9EC6-07A25F9C7DBA}
T{7D3D34D6-17D4-4CAA-9F42-08ECE2245E7F}
F{5ED9A8DC-5566-4C43-A2F7-CBD356CC9A41}
T{A52B10DA-AF33-400B-8E49-A17D4F82B3AD}
T{DE938F4A-FF2C-49ED-839C-FF8AE66DAE1B}
T{99C17589-1479-452D-B8AE-2800F33392DB}
T{6C7A35C9-FE91-45E2-A7BC-399DAE06D357}
T{EFB8EC73-A15A-4DB9-98E3-75EE7D9D904A}
T{9A8D6E05-D267-4FF0-87B6-EBF608FB5721}
T{C8F56C61-677B-4A4C-8E48-3371AD9207BD}
T{0C068CDC-3E58-4CB0-BB9D-0737295C41AD}
T{3921CDE4-5BF1-4ABA-8FAD-5B682169962C}
T{41B25C51-E883-4D30-A5EF-AC5CBC7D961E}
T{AB8FEDD6-F466-4D6D-AE7E-94860ECB1AF2}
T{EEC0DAAF-EF6D-45B1-8ADA-6C85EDDB0A04}
T{7D3D34D6-17D4-4CAA-9F42-08ECE2245E7F}
F{5F365099-DA9C-4D1B-AD51-34DFA49312F8}
T{363A57C9-219B-4B9D-AE0C-4D810DD2CD57}
T{E5A444A1-C666-4E40-B2FB-D6521283E5B1}
T{C78C5A30-1F6A-48B3-995C-460330AB5E66}
T{C1131528-101E-4BF5-9C73-E4C7A7589C14}
T{B86D90F4-6C12-473B-948B-E8E69102B4E4}
T{85696CCB-5D1E-4A86-8C5E-39CE0038FCBB}
T{AF0FDCD1-46C4-4515-9A16-42B6E00270F2}
T{46DA26CF-F56D-40B4-8B4D-C28154D2B839}
T{57FA6908-5B93-47F2-9BB9-EB731C6D7EE5}
F{EF857B4A-2ED2-4A00-9726-841335087695}
T{66EB49C5-2A0E-4CFA-86B4-AA3D899B39B1}
T{02420133-998F-451A-85ED-59FC120F174E}
T{2A21D5CA-DAAF-49FC-8109-C08578D61A4E}
T{3C390D97-7635-48A4-8A93-E3E35FA2C623}
T{AA1BC3C0-448A-4776-BEB5-938BED14CA8F}
T{CB212B9E-D72D-4E7A-B5BA-BFC9BEDB615B}
T{EFB8EC73-A15A-4DB9-98E3-75EE7D9D904A}
T{890DB478-32D6-41D2-B18C-D64AB26F4622}
T{A76261A3-4C9A-4547-9269-2686001EE72D}
T{485BB315-623E-44DB-A418-59F4C0C370B1}
T{6EDF789D-3FDB-4834-85B4-83687AF1CB4F}
T{371CE43E-DA20-4F5E-AD96-6BD202CB7819}
T{E29E2476-2E30-4412-90CF-BF9DDB95C80A}
T{8705009C-101F-43E0-9311-9B6E713B0F0A}
T{9AE73D21-20FE-4218-8B95-840EE4564941}
T{6CE22889-9805-406C-8600-5267B2413DDD}
T{3E2068F8-DE2B-4DAD-B9FB-AF3F462CF540}
T{2C32BDBD-9D7B-4537-9700-AC0083DA4E6F}
T{A008F8D2-57AC-432F-AB13-D3ADF95F7AF3}
T{52D61150-327E-4D8F-B367-707FDE378EBC}
T{61B51B5B-1B0B-413F-8966-FB60A693D390}
T{8B153A01-6C8B-4D32-A32C-CD842CB07C77}
T{9A2E2162-3BA9-4BE6-9D96-4E4D88FC6E71}
T{E7A88926-65D9-4EB7-8535-0EC4B2E7B0C9}
T{0C068CDC-3E58-4CB0-BB9D-0737295C41AD}
T{C1742CF7-E0B0-4F5E-8DC1-C785E781CBB8}
T{028C21EA-4A59-4AEA-87E5-F9E4F8224940}
T{73DEF832-E9D2-41D4-8D9C-43A3F92ABF48}
T{164F0604-29C4-4C72-999B-045140BEA26B}
T{41CE8483-BD3B-4EA8-817D-77445D0B61B0}
T{7E6C90E9-E0FC-4F62-8E23-B9B95F36C94D}
T{83355EF8-E31F-4F19-9A5E-0E845019FE56}
T{11294FE1-95F5-44AF-B5AE-BA514A3FC578}
T{3C5BB5B6-8AB2-448A-869D-3C6BF5B5A55F}
T{6DA8CD99-C7D9-495F-B665-122E96E04E73}
T{B2096761-4D36-4124-B885-704579AD4FDB}
T{9D0D3213-A323-41F1-A4D1-BAF753DFF945}
T{6DB8B899-29BA-4F32-BC4E-30F0BE03F5BE}
T{D51A08DE-302C-4241-A2CE-CB34CDB68A60}
T{7EB0AAA3-BEA9-4961-99A1-6AD61C0A7CCC}
T{22DE6BCF-F8F0-4338-9555-ADC101CEDE62}
T{C8340FE2-A7EC-41E2-AB12-D933D6B8F917}
T{59417EF9-F5CF-4C45-91FE-FC0818A6C866}
T{E9786140-B267-4686-A2FA-CBE2D2A60533}
T{AA1BC3C0-448A-4776-BEB5-938BED14CA8F}
T{60A3C18C-B345-4938-8A8A-D6DBABDCEF55}
T{5FA5DAFA-7895-4EC2-8D44-F62C7EDBD6A3}
F{016F57B8-0196-4C68-97A7-397AAA275DFF}
T{D847D62E-C790-4AC5-AC2D-8736F864D935}
T{C969285C-7E60-4CA9-9220-6ED13042EF51}
T{3382308C-9579-4D36-87AE-59B8DBBD9F93}
T{13EAA3F7-6F4D-494F-B26F-EDF13D325D3F}
T{485BB315-623E-44DB-A418-59F4C0C370B1}
T{245B5E90-E8A2-4E16-B12F-0E6D661E6418}
T{563BA842-2405-42D9-9A3F-A0F4B6A326F2}
T{AA1BC3C0-448A-4776-BEB5-938BED14CA8F}
T{7E6C90E9-E0FC-4F62-8E23-B9B95F36C94D}
T{55B089B7-34D6-4A8F-8B77-BEF51B3C21DB}
T{4E326DAC-68E6-4F81-9C3E-A8330F0AB6F8}
T{54F88DF0-1DA5-483B-AECA-27E54C2095DE}
T{1E71C37C-000F-4E58-850F-B2D901505429}
T{02F9B818-2E8A-40FF-8F13-FE60CC825B7C}
F{3C9B9938-6A0A-43B9-AA34-09D724958272}
T{ECA7A290-E845-4F9A-8998-950519349421}
T{5573D1D0-C8D4-449A-AD31-81A07866EDFE}
T{ED7C0726-DB08-49ED-83BA-BFB8B226BFE7}
F{90446ED4-AE3E-4040-BB1B-76CF1A5B7E6B}
T{DC71EBD1-3C77-4BF0-9BEB-7B285E7B08F6}
T{DC71EBD1-3C77-4BF0-9BEB-7B285E7B08F6}
T{82460E98-8F2F-4227-8F7A-2E4D2E4CD043}
T{212BA00E-EAC1-45CA-8EFA-1575F8F7FF6D}
T{5259517D-4686-4917-B2E7-7DC41D4EA21B}
T{7E6C90E9-E0FC-4F62-8E23-B9B95F36C94D}
T{DBBDCDFD-CCF9-4CD7-B2CA-664B40AD95F5}
T{248BD7C6-F4E1-4125-A4D6-1FEF477E2D0B}
T{E5A444A1-C666-4E40-B2FB-D6521283E5B1}
F{80A87AE6-1D78-4016-88FD-3E2E74C9F525}
T{B1638F33-0118-41B9-BB92-3204AE05D243}
T{F38A6811-1135-4C8C-AC69-2BB82FD17819}
T{353F8A70-8E82-41D8-92B7-8CC02A7D3EA0}
T{9F545F02-14D7-4291-A8C4-4902AAE0C9C2}
T{F16A579F-7BA0-40E4-A1AB-F6B5C6492078}
T{22FAC974-7BBB-41E1-BB1B-BDD15585090B}
T{73DEF832-E9D2-41D4-8D9C-43A3F92ABF48}
T{A21A2838-3446-49C8-B592-8F4D4EEB0B30}
T{B3579977-D4AD-4589-90DD-752A0ABDEFC6}
T{B6ACD122-B4F0-4528-BD14-587D23B62970}
T{38D5FADD-BA0A-4037-A78C-4115FEBC1FCD}
T{D20713EF-2B04-4D1E-93D7-38D11EBC552C}
T{F8DFD3B0-5A41-4FB8-951C-9B31FA7257FD}
T{8460D37C-6879-4CD5-A24F-6EE02312155C}
T{62C761D1-37A5-4CEA-A137-C553483F0F66}
T{F38A6811-1135-4C8C-AC69-2BB82FD17819}
T{14F2569D-5B7B-485F-B674-4A969369DBC8}
T{0F73EF9E-8D0E-426D-8788-AF6263377BB4}
T{6D9C4B44-B18F-4F9B-9E81-0AEBFBBB321A}
T{F38A6811-1135-4C8C-AC69-2BB82FD17819}
T{19233ED7-F822-4C7D-9D5E-4789942FD750}
T{2BDE3DE9-83FB-4ADE-A864-16FFE285E512}
T{EA7ED47C-A0F6-4D54-B72D-AF24B4F1AE92}
T{41DA3B4A-638C-4494-AC36-462D6E7DF887}
T{F16A579F-7BA0-40E4-A1AB-F6B5C6492078}
T{EA138A3F-F933-4A87-B1EB-8D111DA554D9}
T{F2FAB52A-2972-41D8-A076-0DDCBDCD5B47}
T{0F5BAB18-1244-4108-BED1-ACD5BEDFB15C}
T{7E0E2B67-9713-4618-8796-E3F67F274981}
T{28ED82DD-75E3-4742-92EB-70A278343ACF}
T{D6AFED18-FB75-42DA-A74E-6E9F03412FD6}
T{9E0AE925-41B2-45BD-ACCD-F5D12719A976}
T{9BA82F66-4324-4299-812D-C258882CB8F5}
T{147368A7-3FB3-420A-8BFA-5AD72845F1E2}
T{ABA16086-C2D3-47A4-BFA3-B8983CBF0AB2}
T{F44CF3C8-E70B-43C8-AF6C-26BFE41E7044}
T{1C333583-D16A-4DE6-BF56-9112B5557BDB}
T{F27BBC38-D971-49AA-B413-1478FACDFB6E}
T{EC23872D-A701-48EE-AA75-08B3CF85B52E}
T{034F419A-DEC7-4CB6-9125-596B736FB848}
T{689B4553-7839-4F31-94EC-3DAC682B01EC}
T{F97B185B-A4AA-4F9A-957C-91F3E2B24508}
T{27846AEE-9258-49D7-87A6-1AFBF25B2C3B}
T{C53B6F8D-93E9-4C6C-9EA8-C7F915A3D631}
T{31214508-DC84-469E-99C2-CFA44D3340DC}
T{130E864C-FF50-4F24-AD5A-230279C1A1E5}
T{B6DEE0EA-B643-455C-AD92-393D996EDEC0}
T{B80C3D14-84E0-458E-9C32-20D42837D272}
T{A21A2838-3446-49C8-B592-8F4D4EEB0B30}
T{1BD59A36-7643-4C56-829B-6A4F34379B71}
T{36229AAA-0236-4DD0-A337-4102FFD5E19B}
T{160F242F-DFF7-443B-A130-77F492F32D1E}
T{FD54ED84-21D8-4C47-9930-1DB1486B7C92}
F{3B4978D0-4793-4E7B-A042-09A8D39C68E9}
T{6AA39FD7-1E82-4C62-AAAE-A3D293F3A409}
T{DE938F4A-FF2C-49ED-839C-FF8AE66DAE1B}
T{B2096761-4D36-4124-B885-704579AD4FDB}
T{F5EC56A5-ABB9-41CC-A57D-C468FD7B638C}
T{ED7C0726-DB08-49ED-83BA-BFB8B226BFE7}
T{F780F1A9-2344-4482-B5F3-C98DACEE4E69}
T{A598D530-A0B9-420C-A517-FB7C36E7A048}
T{A5B8D0AA-510D-4111-A162-8E7B0713D7D9}
T{1390C9F5-FE84-4574-B12C-F611F41B85E5}
T{834CFE05-505E-44EA-8024-B70362347F61}
T{2E2FA9B9-5526-4DA3-872B-38431976767B}
T{6C6DC76A-BE5B-43E4-9F3F-44C26A2C90C7}
