T{815770D1-0FF0-48F3-B4FD-3F1AD3C35E20}
T{31083784-EC75-4B4C-98C3-B622A87E12FB}
T{829443A8-998C-4E72-903D-B9C6792A8B96}
T{C86ADE68-FA42-498F-812D-B960C00B23E6}
F{EB399863-7263-4D41-9959-A002CA72050A}
F{BF35D7D9-9B6B-468D-99D5-91E3056CC93F}
T{1FA4160F-00CD-4A1D-BE2B-781508F9A6AE}
T{0F82E75F-CABC-40B1-88E9-C099ACD16032}
T{C198ED12-6B0B-4258-98E1-0D7A2A7CEE49}
T{568E1A9C-EB48-4974-8CC7-8CF3D93628C8}
T{B6ACD122-B4F0-4528-BD14-587D23B62970}
T{535A7058-E951-404A-BAD8-417FA98C8700}
T{37E8E1C4-A2C5-42AF-A911-0378E1C5D578}
F{2ACBB676-46C2-4E32-9CD0-592361B15D4F}
T{C198ED12-6B0B-4258-98E1-0D7A2A7CEE49}
T{0F82E75F-CABC-40B1-88E9-C099ACD16032}
T{F6091741-A6D0-44D7-8020-80C8D19EF8F1}
F{016F57B8-0196-4C68-97A7-397AAA275DFF}
T{CFD5C9B1-FC5F-4E1A-9DBF-422B2B86E18B}
T{171B9DA4-11ED-4CD4-86EC-E4E8E164A054}
T{C02CDE2A-35FA-49B2-97B6-414AE2E988D7}
T{36E9B7E4-D104-4E8D-BE8F-291840269A6C}
T{F06E0466-06D7-4B38-B595-A737C608F9DE}
T{5FA5DAFA-7895-4EC2-8D44-F62C7EDBD6A3}
T{1FFDB99D-9163-405E-B68F-EF3667708C22}
T{AA9ECEF0-97FF-4894-AC08-B70C9D3C5DA5}
T{8089B0D2-A703-4F23-A9E8-383DF2634F94}
T{306C328A-46B8-4760-B7DB-2ABB6680F165}
T{2AF68D94-43C9-4528-8ACB-87875FF2F5E5}
T{930F0C12-2985-4559-B88A-3C7C5D5DA62A}
T{5AEB93BD-35AD-4633-8F79-07F2F1342F70}
T{37838CC4-A304-43DA-A5AA-8C2B808A614A}
T{1FA4160F-00CD-4A1D-BE2B-781508F9A6AE}
T{0A0AC52D-52C3-46EA-9659-279876D0080E}
T{6B5EBD6E-8A15-49C5-9AF0-9AFC091AB7E4}
T{033C9C8C-A39E-4A45-A419-E752B6FDD3D9}
T{5683E1C1-0B00-40D2-9559-56B2E6ABAE41}
T{F4A23CE3-ED82-46B6-B5ED-FB519D773140}
F{32D6CCF5-B0ED-4F0E-AB7A-50FD172BDAD8}
F{B06D1BFB-ACF5-468F-8A59-E6BA2F146630}
T{F1F28069-683D-480B-8D59-ADB07E366329}
F{0E120995-F268-4170-BF46-3E89BEAC5793}
T{ACE63EA0-6C0D-4CF2-AAF1-F7DF93458FF4}
T{6C2E4E0B-1F45-4269-877A-E82E07EA0670}
T{30C8F769-3142-4486-8E4C-8F46F8045A9D}
T{02338226-20B8-4D8A-AAF5-0BD9D77AD4E6}
T{69565FC1-7165-466D-94D1-D6A05D34BFAC}
T{68C364BA-4A8D-4594-85A4-9835A2A2DF14}
T{01D7C85D-D115-409F-BA34-49AA733FC388}
T{295EACF0-C9AC-4017-91BB-D9BD93218EF6}
T{E0B1D773-F0AD-4042-9AE3-8273CDC9DDFB}
F{E5B1009B-AB0D-47FF-B803-38E0544CC55A}
T{AD634C7F-74C5-42F0-BBFF-CDE734A7CB8F}
F{B80C3D14-84E0-458E-9C32-20D42837D272}
F{55E185DD-7BE4-45AF-8A66-BA1122C50555}
T{BFA4AD54-6274-44AB-B91A-4149A69EA6C2}
T{0B9901AD-4184-4F25-8A56-93BC0CC74FD1}
T{FDE8C924-1644-4EF4-9E44-2A80D1F73F98}
T{B85DFC15-0B64-439F-A044-71190EBCF76D}
T{FD8184EB-310B-464A-9145-BCB22FBD0BDD}
F{C621C91B-0277-43CD-A204-25DB6F19FECC}
T{E076BE89-92D4-4E23-A4CA-7F4FE24C26CF}
T{028FA8F7-DF9C-45F6-8701-DF6ADE60C834}
T{CFD1B584-D36F-4AD6-BA4B-82D8E3FD29FB}
T{D911ACA2-36E5-4938-8643-09091ED9EFA0}
T{79ABDAB5-36C7-43EE-BA46-8B413365BCB1}
T{4B6963B4-58E7-487D-9E03-CE18CF575A04}
T{92D04D49-251B-49F6-B159-7DA9F4E0596B}
T{028FA8F7-DF9C-45F6-8701-DF6ADE60C834}
T{A290FFD5-140D-4439-8959-31FA4651E4B3}
T{91A986A8-319A-4E32-BEE0-0C24EBDA2EED}
T{30261BDF-3BEF-4FAC-9F39-728BF5814B6F}
T{CEB4161B-6546-4801-84AD-5267D3EEA668}
T{568E1A9C-EB48-4974-8CC7-8CF3D93628C8}
F{04F70EF6-AAAC-4010-98C6-D6B1D707452C}
T{B06D1BFB-ACF5-468F-8A59-E6BA2F146630}
F{6D6B720F-39A6-42C5-AD0C-E25B6F77FF51}
T{6621BF44-9A07-4727-BE3B-F77EF2BADBBD}
F{5A88A55A-64A8-49BD-9F25-53EFD02A37C6}
T{75758269-D827-4718-8CFA-F1228934087F}
F{EC4C105E-51D1-49C4-B632-9D92AF5DB947}
T{A0C17CB0-8B27-4C62-A0AD-3283E7A16D01}
T{7B80E6A8-0C81-4893-8700-E4004BEC50D8}
T{24EECDEB-0C90-419D-92AE-E09E3D61101D}
T{BBD05FDC-2959-4072-9D35-4CCB0B51C296}
F{A57C9B20-6EC1-41ED-A5AC-5BDCD1C17E04}
T{3991000C-24B1-4034-83A3-49E47DF01AD9}
T{D2938C19-3D93-4B75-BB6F-B861ABC814D6}
T{4B6963B4-58E7-487D-9E03-CE18CF575A04}
T{2C2E6DD7-AE19-42B3-84B7-758B693D92B4}
T{4631BB42-5061-4577-A8CA-D7DA14B99C40}
T{38D5FADD-BA0A-4037-A78C-4115FEBC1FCD}
T{DBBDCDFD-CCF9-4CD7-B2CA-664B40AD95F5}
T{E9786140-B267-4686-A2FA-CBE2D2A60533}
F{EF899F26-7C62-4C72-934A-0A6E47E06557}
F{EF81F7D8-ED1F-48C2-98DC-E2FCEEEE1A18}
F{A52B10DA-AF33-400B-8E49-A17D4F82B3AD}
T{B2755017-1AEF-4148-B0C2-309A2C655A8D}
T{BA21CB4C-741D-423A-A0F4-B0816DDFAE90}
F{0E120995-F268-4170-BF46-3E89BEAC5793}
T{D7DFBC00-A2EB-493F-A8DC-99166426B8D9}
T{711F6F47-0621-4A63-AD17-1BC2642E21EF}
T{C0875FE8-F56E-4525-96EA-04E724702FF2}
T{654B030A-644D-4695-ACCF-59F854EB66B9}
T{0D10F7C5-2906-4DAF-AAC3-9C3781D62F67}
F{194BDB63-C6D7-4796-95C3-082F73CFC950}
T{AD740549-96A3-4CE8-B7D3-E6C0CA50B248}
T{89E48A1F-8B77-4D95-9BED-3E292D9E255E}
T{CFD5C9B1-FC5F-4E1A-9DBF-422B2B86E18B}
T{7909B7F8-FB32-4077-A67B-E902341D64A1}
F{E6D9E511-D49A-4D7C-BF1D-76DC2207D232}
T{015B3D2F-E000-4AE5-ADA5-85CE12803D34}
T{5390E3DC-9A2D-4A12-BDFB-663A4B0D3FD8}
T{B9EC093B-E294-44AF-A8E7-626632010050}
T{9F32D229-ADD1-48C0-B4CD-0A8713623D25}
T{015B3D2F-E000-4AE5-ADA5-85CE12803D34}
T{A52B10DA-AF33-400B-8E49-A17D4F82B3AD}
T{69565FC1-7165-466D-94D1-D6A05D34BFAC}
F{067532EC-D5DF-44C1-9CF2-9B8E1CA3CDEC}
T{F35F0858-256A-4E40-9496-0EC4519F4B6D}
T{C6B44983-BE51-436A-BFFA-0A66492574BE}
T{63CE1379-FC9B-4DDC-A696-CE9481245EB2}
T{32D6CCF5-B0ED-4F0E-AB7A-50FD172BDAD8}
T{37E8E1C4-A2C5-42AF-A911-0378E1C5D578}
T{C198ED12-6B0B-4258-98E1-0D7A2A7CEE49}
T{535A7058-E951-404A-BAD8-417FA98C8700}
T{933D353B-3A0F-45FE-B369-9B11C29F843B}
T{0AEF7057-819E-4AF5-881F-8574B66C9929}
T{FD8184EB-310B-464A-9145-BCB22FBD0BDD}
F{E8E93DC1-3746-4449-BB25-6E579047BCEE}
T{AEBDAA24-1DF9-4D3C-B071-C255A9272394}
T{23782766-5DBE-4932-8B2E-7C1EAF927D66}
T{7ACE335A-F270-4CA8-B0DA-760DCE46345A}
T{C6B44983-BE51-436A-BFFA-0A66492574BE}
T{6F821EE0-4F0F-49E0-AEBC-AB42A7E828D6}
T{32D6CCF5-B0ED-4F0E-AB7A-50FD172BDAD8}
F{E5B1009B-AB0D-47FF-B803-38E0544CC55A}
T{54F88DF0-1DA5-483B-AECA-27E54C2095DE}
T{CC543300-1EEA-453C-99C8-EC2F4A7301E7}
T{F085E106-C3B5-4B56-87AD-A9D485D19E85}
T{1D9B03DC-0C94-4C30-96A0-2C37130D2F79}
T{C3E443B0-A17D-4F68-8F72-84E1A38C57AC}
T{DB104222-55CE-418A-94A3-C20DF19EF792}
T{564F1623-2766-4629-8B06-2D68D91C9219}
T{74975063-A979-4848-870D-41F314A40FFD}
T{48BBA5E1-2D6F-4179-A752-874103922F81}
T{0387D044-3B54-4DAB-A6A1-3A97D5857649}
T{0E120995-F268-4170-BF46-3E89BEAC5793}
T{D6C8FD60-384A-4D94-BEEF-3C1FEABEBB02}
T{C73C0633-46C4-425E-AF68-13A1480625B2}
F{0BE2BD3B-C607-4855-8825-316EDC6B2BFD}
T{F926C268-0F07-4AC2-A6C6-D610A96AC12A}
F{1C15A848-32EA-420F-9E1D-5869169E2434}
F{3E8CCA3B-5E6E-463C-9298-371B64B93A7A}
T{E14957EB-0D75-4E4D-91C3-0859189D305C}
F{ACD77D05-4155-4710-9087-1E3B902580D5}
T{36BCB978-F6F5-44E8-8073-137B9FDD449F}
T{BAD7DEAA-7A55-46CD-A240-9546D4ADA648}
T{5A793AE8-D423-4275-ACBC-4BAC733BDA41}
T{A23CD078-AFB1-4B56-B904-4191CB5D2FB8}
T{92D04D49-251B-49F6-B159-7DA9F4E0596B}
T{4D4FD55C-A9DE-4A76-92D5-7C144D1A85BF}
T{145EBCD1-01ED-42FA-A5D4-4BC0AB42FBC8}
T{5AEB93BD-35AD-4633-8F79-07F2F1342F70}
T{08831EC5-4AAA-4806-91DF-E3B1E209B299}
T{D70C3B2C-1566-4947-BA96-91E514E5CFD8}
T{628E5504-34DE-4335-90AA-C140B64002C2}
T{92D04D49-251B-49F6-B159-7DA9F4E0596B}
T{B85DFC15-0B64-439F-A044-71190EBCF76D}
T{014F35EE-0E2C-46CB-A672-6B18F1AB5908}
T{6B7907E5-7766-49F8-AC22-7E826176B755}
T{DB3DF5CA-AB53-4153-8BE3-AAFF2E0DDD10}
T{E5243943-6A5F-45B7-84EA-C6E4E0C300EC}
T{FC231168-DB9E-4914-A939-D1415944E535}
T{C150094D-B9C9-4040-84CC-6385A37100C6}
T{B09FBDEA-B673-43DB-AC24-68695BC1ACF5}
T{ADE0DDD1-922E-47C9-ABF9-1E02BB49638D}
T{F815E807-9B6F-4638-A78C-217E3459B108}
T{997E6018-4B63-48BD-A151-F03FD56EEEA4}
T{A290FFD5-140D-4439-8959-31FA4651E4B3}
T{4E7F8185-9C80-49D1-A477-EAB7AE1D6C2A}
T{CCB69A99-41A7-4A76-A19F-71825320E248}
F{01D7C85D-D115-409F-BA34-49AA733FC388}
T{70A98FA3-7E33-4043-AD34-7C34EF7F2528}
T{07480D40-5284-4163-BCA5-5F5678E24A99}
T{A88173C9-3317-47B4-AA8F-2C63081C2BE1}
T{92D04D49-251B-49F6-B159-7DA9F4E0596B}
T{BB337A1A-8768-4E40-9FAA-6AF37AF9439D}
T{9E36DF1E-5F78-4659-8A83-BDC04B987160}
T{ACD77D05-4155-4710-9087-1E3B902580D5}
T{C150094D-B9C9-4040-84CC-6385A37100C6}
T{CFB4A6C7-3819-4E69-AD26-8AC0D26CEC1C}
T{B3EFF71D-A272-4C0F-B81E-65FACE5A4AA1}
T{868B03C2-A04B-4598-920D-EF7BAF6FE2AC}
T{7F1EED32-293B-472F-B168-0794677A7EBD}
T{39DF821A-1242-4428-AC77-DB88C1A4A6F6}
T{1E495456-190A-4814-934F-516653CBD0A9}
T{712E1FFC-F069-492A-81C6-D9ACDC500ADC}
T{4CC60754-5162-49AD-99C1-4EDDD1388861}
T{9AE73D21-20FE-4218-8B95-840EE4564941}
T{D2A4AFFB-D81B-46FF-9F10-CF5DC7549ABA}
F{9A66F0FF-D7EB-443C-932C-915DFD38C743}
T{10B8AFA8-7911-4EF7-8677-A70E19DD6AF2}
T{5573D1D0-C8D4-449A-AD31-81A07866EDFE}
T{A978CA0F-82F7-4C15-B5AE-9B9B69FCF5DA}
T{4F5397E0-5623-419E-A56E-B358F57ED2BD}
T{D3DBA59D-5623-4309-8AC0-A893A06D4DEF}
T{E6AFFCA4-C0D5-49CD-89AE-ED2AB1A59AC6}
T{109B00F8-FC2C-4123-B487-90377BD23D07}
T{785B6CD4-E827-4D33-AC38-5DD0B87CE9CA}
T{AD3BF8F4-C756-48C7-BA30-9C0A03205235}
T{7490926E-0464-45C3-999A-9231848693BE}
T{A0F84A9B-C74E-4772-9F3F-6D72328140D3}
T{BAD7DEAA-7A55-46CD-A240-9546D4ADA648}
T{0E9F01BE-0181-4B3C-8757-CDD2AD1C6E49}
T{32463275-68A2-46A6-A1DC-67F91D50DAC4}
T{E14957EB-0D75-4E4D-91C3-0859189D305C}
T{CC543300-1EEA-453C-99C8-EC2F4A7301E7}
F{7C606C0B-94B6-47F2-9ADD-A62DE91722A3}
T{DBBDCDFD-CCF9-4CD7-B2CA-664B40AD95F5}
T{293CA039-B539-428B-B0AD-686E522B5BFA}
T{3A622DFB-E1C0-4968-AAC8-D9D236C2C71C}
T{754A3396-CD93-4C9D-BE4A-041A703B2968}
T{FDE8C924-1644-4EF4-9E44-2A80D1F73F98}
T{193BA608-63F6-4A87-BB5B-BF90426E7738}
T{2C633DC7-E27F-4ECC-ACF9-AD8824F183B8}
T{D3043E86-673A-4089-8027-2C65DA56470F}
T{CD045742-5029-4C92-8052-57235584E0D1}
T{70A98FA3-7E33-4043-AD34-7C34EF7F2528}
T{9AE73D21-20FE-4218-8B95-840EE4564941}
T{754A3396-CD93-4C9D-BE4A-041A703B2968}
T{FCA1F24C-E5B7-4A51-A5D8-50C3D826C866}
T{8CD558CD-5FBC-4B9F-9B25-D5760A030B2C}
T{5CB81C51-F2E9-4E2E-A858-1EDA3253632C}
F{79AB91C6-86CA-4B63-AE06-1B7ED3A62A37}
T{B9EC093B-E294-44AF-A8E7-626632010050}
T{535A7058-E951-404A-BAD8-417FA98C8700}
F{553A8213-F725-4282-ADCD-0BCA0ABF50F4}
F{3C9B9938-6A0A-43B9-AA34-09D724958272}
T{2724D102-B6EC-4ED8-9F7E-D8034F77C457}
T{935AA305-C781-4D05-A0A8-CB25A099A404}
T{8BC40001-8E9C-4AE6-A552-1D7D5A1FBFD6}
T{C75C7558-F71D-4AD9-B5B5-7DAF3F0D4B8D}
F{B6A5CEC4-551F-4B67-9B0D-2D4683BD0716}
T{64D5E967-7DBE-4819-978B-92707A12218C}
T{A5F2C84B-6E34-4933-9039-47B50CEBEE2E}
T{C4DE54A9-B5A2-483C-B5E9-F1E564EE2F20}
T{FA23DB30-9189-48BD-918C-BD770F89D43F}
T{AA9ECEF0-97FF-4894-AC08-B70C9D3C5DA5}
T{FD54ED84-21D8-4C47-9930-1DB1486B7C92}
T{BCE6C04A-DF0B-4948-9115-880C293946A8}
T{DE5A925D-6519-4D3E-9498-F8BACB7A5763}
F{73956D02-E81B-4E91-A82F-DEBAC1B3BC1A}
T{D6AFED18-FB75-42DA-A74E-6E9F03412FD6}
T{016F57B8-0196-4C68-97A7-397AAA275DFF}
T{DD338CB6-1873-42B0-8A16-7D4993F41D9F}
T{8EC0969C-693B-4D1B-9B1C-C412A827BACD}
T{E41AF589-6373-4F13-89E2-780AAFB2DD11}
F{9B103C79-CCEC-4DF2-A417-D667DCD49DF7}
T{DBCF9ACE-899F-4057-88A4-7FFA29DAA88A}
T{B1EDC62C-B43B-4B38-A3D5-85FB1A9E1CE5}
T{1BA03C8D-D399-4F4C-A5D7-54CD932BA0D2}
F{1C15A848-32EA-420F-9E1D-5869169E2434}
F{4B908EAD-1D9E-4718-9487-DFB89C77DB4E}
T{2AB8AAC3-13C7-49E4-8FF4-C6D788C7D0EE}
T{70A98FA3-7E33-4043-AD34-7C34EF7F2528}
T{24D45AA7-417A-4B7E-990A-71877DB92F80}
F{B08E1FA9-4F14-4A75-AC1D-9CB75BEECC75}
F{628E5504-34DE-4335-90AA-C140B64002C2}
T{370D30A3-D8F1-4AAB-A07C-9FF7FC2E1FC6}
T{035D459A-BF8A-4A89-87F0-2C54C65DFA95}
T{7A054CFD-D695-4962-B231-5B06E8CEBE83}
T{A3C69E62-44D5-4BAF-9134-AAFA4C186D4C}
T{BBA3DAE2-4DFF-44E8-AB30-A9DAEC717357}
T{5043578E-D646-4320-8218-7D31628DF815}
T{FF5969E4-FF30-46C6-8360-E664EE3D621C}
T{91C09955-BA2A-4E50-AEDC-7A668148E849}
T{6B7907E5-7766-49F8-AC22-7E826176B755}
T{109B00F8-FC2C-4123-B487-90377BD23D07}
T{9DE7B7F2-DC94-4D03-96B3-040C73C16B49}
T{C75A3550-759C-4B0D-B03B-6707A00065EF}
T{4576648C-1342-4343-B39D-5113FFFB39BF}
T{764FB749-4CF5-4B73-B7F1-3E2EC10B1703}
T{85696CCB-5D1E-4A86-8C5E-39CE0038FCBB}
T{1247BEE1-AE4C-4B0B-B9E5-9E0518E3CA51}
T{628E5504-34DE-4335-90AA-C140B64002C2}
T{951F4930-2E7C-4F4A-BC87-963911C861E0}
T{505EBEBC-5875-4A4E-AE30-B3371E7E1A22}
T{827AFC40-D724-476E-B0F3-1428733B4918}
T{30261BDF-3BEF-4FAC-9F39-728BF5814B6F}
T{F35F0858-256A-4E40-9496-0EC4519F4B6D}
T{6C473EAA-E2E9-4399-BC94-B0FA7B8AB15F}
T{273F5740-0200-49E4-B454-F45CF331066A}
T{A3D04EF7-9764-4171-AFD5-632726047AC4}
T{2DEA4E67-7ECA-4974-9C2C-9F614639EFAF}
T{B1EDC62C-B43B-4B38-A3D5-85FB1A9E1CE5}
F{19624EBC-4CDC-47FD-BFC8-513BA1BFD670}
T{EEBA346D-DF00-4273-984F-2FCC8081F844}
T{0816A9D4-8630-417F-A083-944D0E607AD8}
T{DF84E480-BB42-43BA-922D-930D30F35136}
T{654B030A-644D-4695-ACCF-59F854EB66B9}
T{ACE63EA0-6C0D-4CF2-AAF1-F7DF93458FF4}
F{0F73EF9E-8D0E-426D-8788-AF6263377BB4}
T{7E1BD8A7-FE3C-4F88-8B98-6558CEB64CBE}
F{DC039036-7696-46ED-AB32-4A8BFD6D8FA2}
T{1653D7BF-A399-40FE-BE98-DA7A5204DDCC}
T{24EECDEB-0C90-419D-92AE-E09E3D61101D}
T{EEECA0FB-BE1C-4FDD-B14C-AB47F525F38B}
T{92348CBA-2A8F-4A77-84C4-19C94E9F901D}
F{4866AA86-6C63-46F8-B0F7-BFB4BDC40AC6}
T{9F39F6ED-BBFE-4EA4-9B6A-87E15C1BAD1A}
T{0BE2BD3B-C607-4855-8825-316EDC6B2BFD}
T{EC095080-CB47-4181-ABAC-C08D0E723712}
T{B98758E1-EB04-4A03-83CE-5C254788EF72}
T{B80C3D14-84E0-458E-9C32-20D42837D272}
T{94DCE239-C515-4950-B76B-5CC580D8F0F4}
T{6C0BF157-5620-4B3C-B300-3C8512692C82}
T{C6B44983-BE51-436A-BFFA-0A66492574BE}
F{99C47D85-E3AA-41FA-B935-89603E1CF295}
T{AEBDAA24-1DF9-4D3C-B071-C255A9272394}
F{F2FAB52A-2972-41D8-A076-0DDCBDCD5B47}
T{A6FB85B8-6340-43D9-9362-804A4121A5AA}
F{BD86A5CF-8576-4548-BF7A-96CF8330A517}
T{E6616990-CFE0-401A-B4D3-9333D424B173}
T{7AF45C72-8D17-40AB-9107-9685EA80BB08}
T{92406290-9C95-4820-A61C-D73A7BE37708}
T{D10EE326-CB1D-46E9-8C55-53323E9E3A27}
T{311EFD27-8FB7-4A1F-9E50-89553D17910C}
T{9BB7D453-6147-4226-B948-FBC177618FEB}
T{CC424D8E-DB08-410E-9CCA-37B0B8A58858}
T{C78C5A30-1F6A-48B3-995C-460330AB5E66}
F{3921CDE4-5BF1-4ABA-8FAD-5B682169962C}
T{CBC88D18-289B-4536-8B4B-57B87920AA54}
T{07480D40-5284-4163-BCA5-5F5678E24A99}
F{3C390D97-7635-48A4-8A93-E3E35FA2C623}
T{1EFE3BED-6892-4806-84D7-B49D4352B27F}
T{1E495456-190A-4814-934F-516653CBD0A9}
F{81AFB3A4-C0A8-4079-81FC-4E1395302E57}
T{628E5504-34DE-4335-90AA-C140B64002C2}
T{B09FBDEA-B673-43DB-AC24-68695BC1ACF5}
F{8B051F82-0398-4653-B3D7-9A62BC157A1C}
T{016336A7-8348-49D8-AC30-5554EF664064}
T{6BF76626-39C4-4D36-9709-F3A4DB097EFE}
T{E33F11D4-DA22-4F05-9121-AD03E59EC400}
T{291B80E7-E3AD-4972-9DFE-EB172B9E2068}
T{B9EC093B-E294-44AF-A8E7-626632010050}
F{AA1BC3C0-448A-4776-BEB5-938BED14CA8F}
T{0C4DB3E4-9B6D-40A1-94F6-7D2A524D626A}
T{07CB0676-0E76-4370-8F17-A65449557E2D}
T{17F5C00B-D66E-49C9-929E-4A03841F0347}
T{212BA00E-EAC1-45CA-8EFA-1575F8F7FF6D}
F{E48E37F7-DABA-4D38-B613-A0F9158488F3}
T{B9EC093B-E294-44AF-A8E7-626632010050}
T{3CA7A2A2-EA51-44C7-BF0E-6DFDB47072B5}
T{E3D8C3FF-00E5-40EA-B24B-84421D0D8BFD}
T{6F10E2D0-AEA6-4749-96E9-B497161AE53D}
T{90547525-0BC4-4BB8-8CA4-B8159EAD0E28}
T{DC598291-535A-4042-9CA6-BA21DD90E715}
T{17E61F94-E4A8-4EF6-A75E-723E4B5C8D2F}
T{D7DFBC00-A2EB-493F-A8DC-99166426B8D9}
T{B9EC093B-E294-44AF-A8E7-626632010050}
T{184E5126-1653-4736-855C-FAB271469EBC}
T{DD779961-B2A9-4946-AFAE-D71FD308E276}
T{17E61F94-E4A8-4EF6-A75E-723E4B5C8D2F}
T{90446ED4-AE3E-4040-BB1B-76CF1A5B7E6B}
T{AC6F70D8-7EEF-49D5-8913-2D73FFB4D8CF}
T{F16A579F-7BA0-40E4-A1AB-F6B5C6492078}
T{1CAC01BA-995C-4B13-91F6-5A557C76493B}
T{6C473EAA-E2E9-4399-BC94-B0FA7B8AB15F}
T{9E36DF1E-5F78-4659-8A83-BDC04B987160}
T{41A45C9F-C418-42FC-98B5-ECBA6A48D32E}
T{B20831E1-D00E-47BA-BF9A-1AE95DDE9F0F}
T{C150094D-B9C9-4040-84CC-6385A37100C6}
T{C53B6F8D-93E9-4C6C-9EA8-C7F915A3D631}
T{BF683CAC-0C3D-4821-85CF-DFF1FB892349}
F{02F9B818-2E8A-40FF-8F13-FE60CC825B7C}
T{7F2B6B12-CD9E-4B8A-842E-AB68D5DE7F69}
T{A219F18E-7FE2-48A8-84B6-3BDE4A3977BB}
F{29C5D3E5-F63D-427E-A5CD-60AA596A8F2D}
T{692DFE4D-6B12-486C-8F2A-67BC90D3EA71}
T{B071C488-25A4-4F47-9FC7-9F18DC11F6E6}
T{F2C56F38-DF65-4827-8B59-5B55D0DFECD2}
T{70229EFE-947F-432E-9FF2-FCECF5894956}
T{4E7F8185-9C80-49D1-A477-EAB7AE1D6C2A}
T{BBD05FDC-2959-4072-9D35-4CCB0B51C296}
T{853EFEF7-4BD8-4119-8B2E-2D240F01400A}
F{5AE32A76-4553-4458-A8A2-F460DB3662FA}
T{1A9B3CC2-A48A-40E1-8AFE-16CAEE0855D1}
T{1C15A848-32EA-420F-9E1D-5869169E2434}
T{A219F18E-7FE2-48A8-84B6-3BDE4A3977BB}
T{C9272315-0D1F-460B-B237-650569F9920D}
T{D3D98BDE-327A-4677-96E4-B15898584E16}
T{7098E788-E847-4DCC-A9EA-DCCAF019D367}
T{7EEA214C-C56A-4C6A-A0CA-881E4527D866}
T{CFB4A6C7-3819-4E69-AD26-8AC0D26CEC1C}
T{0C0F9BDC-A457-47C6-99A7-19D2C8BD5825}
T{C4C785C5-167E-4FD6-B444-F9CBAA1F2809}
T{37E8E1C4-A2C5-42AF-A911-0378E1C5D578}
T{4E10D37B-0BA9-4FE1-91BD-DC677F6ADE3B}
T{5683E1C1-0B00-40D2-9559-56B2E6ABAE41}
T{6109DA30-297D-4A72-B7A7-5FA878B45818}
T{BF35D7D9-9B6B-468D-99D5-91E3056CC93F}
T{BCAD98AC-3E53-4211-A31A-A0DB426838B2}
F{4B908EAD-1D9E-4718-9487-DFB89C77DB4E}
T{92EDCD34-8E09-4615-9B8D-0DCBE4F9F9A7}
T{2724D102-B6EC-4ED8-9F7E-D8034F77C457}
F{0C0F9BDC-A457-47C6-99A7-19D2C8BD5825}
T{1D32793D-C834-4007-978C-01BF9D22A5B1}
T{8073A531-03F7-4116-87F9-4B4499DE1874}
T{1448B47F-EBE6-4364-874B-492D531BA191}
T{4345DF53-CC0E-4397-9FF8-7B695530835F}
T{2E2FA9B9-5526-4DA3-872B-38431976767B}
T{AD5EB020-CB85-4EBE-B53B-2A1AC0D3F6A3}
T{E5A444A1-C666-4E40-B2FB-D6521283E5B1}
T{1051FE02-FD27-4295-942E-715D77559F1C}
T{7C606C0B-94B6-47F2-9ADD-A62DE91722A3}
T{91A986A8-319A-4E32-BEE0-0C24EBDA2EED}
T{10B8AFA8-7911-4EF7-8677-A70E19DD6AF2}
T{1425ADA2-0DE0-4D63-9C51-3C99DF6C35A7}
T{E8E93DC1-3746-4449-BB25-6E579047BCEE}
T{3991000C-24B1-4034-83A3-49E47DF01AD9}
T{8CD558CD-5FBC-4B9F-9B25-D5760A030B2C}
T{42134FBE-5CD2-4948-9751-DD18FEA2A32E}
T{120152F5-AA1B-4966-81B5-D98839FAB9B8}
T{55E185DD-7BE4-45AF-8A66-BA1122C50555}
T{B09F2FBF-6E03-43AF-9B4C-71EAF7959CD2}
F{8B051F82-0398-4653-B3D7-9A62BC157A1C}
T{61A2832A-4DEE-4C33-8234-91600C52EEEE}
T{D9E49C41-3DA2-45F3-BEF6-3F7C44A9F2B6}
T{9BB7D453-6147-4226-B948-FBC177618FEB}
T{EBB06844-67A3-48AB-AB5E-019F51B26B7E}
T{829443A8-998C-4E72-903D-B9C6792A8B96}
F{1DD8B0BB-B8F5-4109-80FB-666D9F5AEF36}
T{B3845095-C81F-47A7-AB48-87E3CC27EAE1}
T{BF683CAC-0C3D-4821-85CF-DFF1FB892349}
T{E41AF589-6373-4F13-89E2-780AAFB2DD11}
F{C8F56C61-677B-4A4C-8E48-3371AD9207BD}
T{C0B77BD3-42E3-42D0-873C-A40F3C2CC376}
T{5043578E-D646-4320-8218-7D31628DF815}
T{46ABAA51-8F30-4EBC-B488-A8B2D4489172}
T{7A8FD169-737F-4771-B9F9-F8ED4E6511C7}
T{30DBCB9B-4354-4E36-A3C3-3F41525F9921}
T{5393644B-D705-4842-A32A-CBB91F99E7C2}
T{6B5EBD6E-8A15-49C5-9AF0-9AFC091AB7E4}
T{7A3F3D64-A8C8-45A9-A2CA-293DC8444AA1}
T{48BBA5E1-2D6F-4179-A752-874103922F81}
T{15050FF4-8EB0-4A7B-BCE7-CD09182ECBCD}
T{E5243943-6A5F-45B7-84EA-C6E4E0C300EC}
T{4A714D1A-96D4-44D8-AF56-CD49705C8815}
T{3C390D97-7635-48A4-8A93-E3E35FA2C623}
T{EA6AA6FB-DF99-4639-8DE7-411B93104855}
T{31542163-DBB0-4BDE-BDD2-1245506C55F1}
T{F7CC59CB-9719-40DD-B9C9-690E2F060C48}
T{B1EDC62C-B43B-4B38-A3D5-85FB1A9E1CE5}
T{D65BEE72-0D98-4AD4-A3AE-428371031528}
F{7AF5C5D8-604B-4568-AB4F-ED5CC15FF9D9}
