T{1DD8B0BB-B8F5-4109-80FB-666D9F5AEF36}
T{1E6F8B44-8FAC-4FEA-A80C-72E172C9FA15}
F{10DAEA13-0D39-407C-9160-E1A1469D3C9E}
T{3D2CE919-261B-4209-8F5B-27435FEC2F86}
T{5AE32A76-4553-4458-A8A2-F460DB3662FA}
T{9E8BCC66-8DF3-4940-9B69-FE2AA2858ABC}
T{60A3C18C-B345-4938-8A8A-D6DBABDCEF55}
T{C42BFBD0-A3B2-4034-ABDD-36A9DC96E361}
T{5A88A55A-64A8-49BD-9F25-53EFD02A37C6}
T{01D7C85D-D115-409F-BA34-49AA733FC388}
T{2D050485-4E05-4CA5-AEC7-8B06F2CD8050}
T{EF857B4A-2ED2-4A00-9726-841335087695}
T{6EB58531-0569-4C84-B134-51D53E938C1F}
T{A6FB85B8-6340-43D9-9362-804A4121A5AA}
T{8EC82FF6-6969-4C23-835C-6EDB7372904B}
T{439F8683-0EC0-4045-9F6D-1659C1AF4D93}
T{B03D80C1-B245-47E3-A445-C7C32F1362AA}
T{6A7678EC-46D2-4F26-A703-F371B24D2454}
T{D51A08DE-302C-4241-A2CE-CB34CDB68A60}
T{556679FA-964F-4C7A-A6D1-4E4271758CFA}
T{E153C2A6-C83B-48D9-9744-C1DAF1D2F6A0}
T{41DA3B4A-638C-4494-AC36-462D6E7DF887}
T{B675C6D8-8221-4841-A989-CC5EA37484E8}
T{7AF5C5D8-604B-4568-AB4F-ED5CC15FF9D9}
T{6DCB7B83-ECFD-4321-B821-A269774A1963}
T{EC7C5E6E-731F-43B1-9CEE-8FCD3CF620FC}
T{ADAC6550-F747-45F0-A350-8CB7C01E71E7}
T{BD44AE51-2FFD-4843-A15C-B1EAC15D2D02}
T{3963E4F1-3B1D-4B0C-8C16-8D5CD8C003C3}
T{FF02BE20-56EB-455F-9829-F72713425D9A}
T{13EAA3F7-6F4D-494F-B26F-EDF13D325D3F}
T{4CBAEBA8-850F-4709-A28A-B22B635B51D9}
T{0232C3FE-B31C-4974-8093-C88F9BB82C90}
T{2114592F-41F9-43E2-B3ED-A781F8670403}
T{F5EC56A5-ABB9-41CC-A57D-C468FD7B638C}
T{86D9CB84-7DB7-4D8D-A067-C24BCB109DED}
T{5665CF57-7F6D-47CF-907F-B80E2A967D49}
T{D3147BF7-4248-4BAE-911F-551331DB17C9}
T{354A5CC7-A80F-4D56-8678-33B81C03554B}
T{2D37DC25-EDD2-4F1B-BFE8-110C11704EDF}
T{CBC77118-011E-4F45-AA2D-200DA6B6BCDC}
T{708EA945-37FA-4083-8618-E53FE14CC29A}
T{1DD8B0BB-B8F5-4109-80FB-666D9F5AEF36}
T{981BADEA-0409-4ECA-9EAC-7F93A992094A}
T{96C63D3B-E790-4922-A708-208CA6DA3EBD}
T{D51A08DE-302C-4241-A2CE-CB34CDB68A60}
T{DC039036-7696-46ED-AB32-4A8BFD6D8FA2}
F{B08E1FA9-4F14-4A75-AC1D-9CB75BEECC75}
T{E0021D6F-996F-4A4C-8FA0-C41A559ACC78}
T{5A793AE8-D423-4275-ACBC-4BAC733BDA41}
T{FF02BE20-56EB-455F-9829-F72713425D9A}
T{3B4978D0-4793-4E7B-A042-09A8D39C68E9}
T{C5D6A642-976E-4320-BAB2-CB8053842CCD}
T{C160AD7A-B504-4C1F-A804-DBB07FBD5751}
T{7490926E-0464-45C3-999A-9231848693BE}
T{01D7C85D-D115-409F-BA34-49AA733FC388}
T{9E0AE925-41B2-45BD-ACCD-F5D12719A976}
T{2904223D-8004-4320-B520-246DD4639598}
T{839EDF98-D20E-4990-9B9E-69DBDACA40E9}
T{F7943123-2ADD-4824-9530-85946CDFFBAF}
T{5E251F25-C309-4DAD-BCB8-75DD9FB0B2CE}
T{28F8BF33-8927-4721-918D-C7BC3562D194}
T{9AA2B425-82FF-4836-9220-ED26099B5D2F}
T{D3E69CBE-B364-400E-8D65-593F6EA2ED22}
T{729EE44F-76F9-44FA-A878-A9767619C95C}
T{839EDF98-D20E-4990-9B9E-69DBDACA40E9}
T{39396B60-711B-44DD-8A06-308041A18333}
T{842DE895-13DF-4253-90C1-3919E1FC5EF2}
T{5A88A55A-64A8-49BD-9F25-53EFD02A37C6}
T{20B6A067-5E99-4396-8F11-A329F80067EB}
T{7C4B19EA-0F22-4106-9B5D-99D382F537F8}
T{01D7C85D-D115-409F-BA34-49AA733FC388}
T{F780F1A9-2344-4482-B5F3-C98DACEE4E69}
T{42134FBE-5CD2-4948-9751-DD18FEA2A32E}
T{7BF89F37-FCF7-4D54-BEFF-33116BD08567}
T{306C328A-46B8-4760-B7DB-2ABB6680F165}
T{370A7DE9-E9C5-4C1F-B189-6BA0BADC0D79}
T{9C587FC1-1C5F-4B42-A55B-C26186B8BD54}
T{2958BD40-A161-4D7B-9E4C-00E7D33E99C4}
T{672F5C3A-4E80-4D1C-BC56-920F5C27AEA8}
T{8BC40001-8E9C-4AE6-A552-1D7D5A1FBFD6}
T{6EB58531-0569-4C84-B134-51D53E938C1F}
T{93291D14-7C1D-4D0A-A8A7-E396D72F33A6}
T{FD8184EB-310B-464A-9145-BCB22FBD0BDD}
T{8781C560-C1D1-4D7B-A14E-12044D412E63}
T{02F9B818-2E8A-40FF-8F13-FE60CC825B7C}
T{276F6814-BB05-422A-8E8F-B067F4AFEC8E}
T{B7AAC37A-5FDD-4046-AB87-D2F6CEA5B14F}
T{0777273A-8C6F-4D8A-A0E1-2E65F4AF2FF1}
T{0D526E52-D072-400B-A736-86DF977A76E8}
T{276F6814-BB05-422A-8E8F-B067F4AFEC8E}
T{3FE3F0E6-1FA9-4A74-99EA-B22C2F1CA39C}
T{96501FBF-7B4A-4833-BB28-56724AD49047}
T{F0C5FF9B-F23A-4802-B9E9-7516750BE217}
T{89DCCDB4-19BA-46B3-828C-104ABB93174B}
T{44EA2E94-B091-496F-A9F2-562A695CDD6F}
T{9E0AE925-41B2-45BD-ACCD-F5D12719A976}
T{B03D80C1-B245-47E3-A445-C7C32F1362AA}
T{1E6F8B44-8FAC-4FEA-A80C-72E172C9FA15}
T{EBB06844-67A3-48AB-AB5E-019F51B26B7E}
T{8BB65EBA-726D-4DCF-B41E-01DD9D95BE16}
T{43D0F482-9A50-434E-8DC1-0D4026F81F8A}
T{60A3C18C-B345-4938-8A8A-D6DBABDCEF55}
F{CB34698D-D002-4510-B2DD-C3940E052DB7}
T{D51A08DE-302C-4241-A2CE-CB34CDB68A60}
T{0C4A048F-A9A5-4A1B-BC7A-6F83903311A6}
T{C42BFBD0-A3B2-4034-ABDD-36A9DC96E361}
T{B675C6D8-8221-4841-A989-CC5EA37484E8}
T{5F365099-DA9C-4D1B-AD51-34DFA49312F8}
T{8705009C-101F-43E0-9311-9B6E713B0F0A}
T{EA8E30F5-C770-4100-829F-D26C8FED65AE}
T{4B908EAD-1D9E-4718-9487-DFB89C77DB4E}
T{A5DB13DD-BB39-4595-8FBE-04C47ED90CD7}
T{7098E788-E847-4DCC-A9EA-DCCAF019D367}
T{30B2DDA4-AB80-40CF-B04D-6369E75D13E2}
T{8BC40001-8E9C-4AE6-A552-1D7D5A1FBFD6}
T{32D6CCF5-B0ED-4F0E-AB7A-50FD172BDAD8}
T{3CA7A2A2-EA51-44C7-BF0E-6DFDB47072B5}
T{B7AAC37A-5FDD-4046-AB87-D2F6CEA5B14F}
T{5A88A55A-64A8-49BD-9F25-53EFD02A37C6}
T{6A7678EC-46D2-4F26-A703-F371B24D2454}
T{73956D02-E81B-4E91-A82F-DEBAC1B3BC1A}
T{812049A5-D12D-4481-99F2-445B24133D7B}
T{BD44AE51-2FFD-4843-A15C-B1EAC15D2D02}
T{6A7678EC-46D2-4F26-A703-F371B24D2454}
T{53527151-0165-46A5-B4FA-B8D184B0C4FF}
T{568E1A9C-EB48-4974-8CC7-8CF3D93628C8}
T{D51A08DE-302C-4241-A2CE-CB34CDB68A60}
T{4CBAEBA8-850F-4709-A28A-B22B635B51D9}
F{BD86A5CF-8576-4548-BF7A-96CF8330A517}
T{A6FB85B8-6340-43D9-9362-804A4121A5AA}
T{981BADEA-0409-4ECA-9EAC-7F93A992094A}
T{C1345BAC-0F97-43BF-8B90-8B867D80C948}
T{CB34698D-D002-4510-B2DD-C3940E052DB7}
T{CFD1B584-D36F-4AD6-BA4B-82D8E3FD29FB}
T{43D0F482-9A50-434E-8DC1-0D4026F81F8A}
T{E17E0E74-12A5-4ADA-9A79-0F7AD7249E5D}
F{73956D02-E81B-4E91-A82F-DEBAC1B3BC1A}
T{4E2332FA-C222-4426-82E0-A896EB8626F4}
T{10DAEA13-0D39-407C-9160-E1A1469D3C9E}
T{A6FB85B8-6340-43D9-9362-804A4121A5AA}
T{5A793AE8-D423-4275-ACBC-4BAC733BDA41}
T{607D8133-0B4A-4E6D-ABB1-091A6CC5765D}
T{01D7C85D-D115-409F-BA34-49AA733FC388}
T{5AE32A76-4553-4458-A8A2-F460DB3662FA}
T{D911ACA2-36E5-4938-8643-09091ED9EFA0}
T{CFD1B584-D36F-4AD6-BA4B-82D8E3FD29FB}
T{3A3D6ACA-6BA8-4610-8F2C-ECBD8593426F}
T{028C21EA-4A59-4AEA-87E5-F9E4F8224940}
T{9A2E2162-3BA9-4BE6-9D96-4E4D88FC6E71}
T{276F6814-BB05-422A-8E8F-B067F4AFEC8E}
T{3963E4F1-3B1D-4B0C-8C16-8D5CD8C003C3}
T{96501FBF-7B4A-4833-BB28-56724AD49047}
T{02F9B818-2E8A-40FF-8F13-FE60CC825B7C}
T{A9061736-863F-4141-93D4-057CE4954F21}
T{839EDF98-D20E-4990-9B9E-69DBDACA40E9}
T{E079066D-0485-4731-A6D5-E7DA26C2004B}
T{5E251F25-C309-4DAD-BCB8-75DD9FB0B2CE}
T{74D01259-4A77-46F9-BFA0-30F3AE042CFB}
T{556679FA-964F-4C7A-A6D1-4E4271758CFA}
T{59372671-F5DA-430A-A52F-B2425B0FCF65}
T{306C328A-46B8-4760-B7DB-2ABB6680F165}
T{DCF5409D-85CD-4C77-B64B-5859AA1AF225}
T{5DDD3889-4FFB-4B60-921F-18BF7C49B001}
T{C160AD7A-B504-4C1F-A804-DBB07FBD5751}
T{8F8D2BDF-37AF-494B-BD13-6AE091FCE0D9}
T{41C4D4AD-8174-4408-A03C-26794D817F82}
T{9BF622F9-55DD-43DA-A0CA-672B12990A90}
T{2958BD40-A161-4D7B-9E4C-00E7D33E99C4}
T{E0DCF81E-75D3-425A-A69D-AA6365C2E233}
T{295EACF0-C9AC-4017-91BB-D9BD93218EF6}
T{A5DB13DD-BB39-4595-8FBE-04C47ED90CD7}
T{D6969E1C-53A0-4262-AB91-04D5AD2E2689}
T{01D7C85D-D115-409F-BA34-49AA733FC388}
T{61709A9E-6032-4481-AB2C-09D74D0F4BCF}
T{E675C04C-4118-4B5B-B42A-77AF31F8CEC5}
T{3164F140-CD6A-4BE4-AB34-2CFB839404E0}
T{5F365099-DA9C-4D1B-AD51-34DFA49312F8}
T{EC7C5E6E-731F-43B1-9CEE-8FCD3CF620FC}
T{0F73EF9E-8D0E-426D-8788-AF6263377BB4}
T{EA8E30F5-C770-4100-829F-D26C8FED65AE}
T{7BF89F37-FCF7-4D54-BEFF-33116BD08567}
T{FDF6A1D2-8C49-45B2-8937-01EA5F9EF8AD}
T{FDF6A1D2-8C49-45B2-8937-01EA5F9EF8AD}
T{9E0AE925-41B2-45BD-ACCD-F5D12719A976}
F{CB28B555-6530-4A5F-89E8-F92C756FA48A}
T{9AA2B425-82FF-4836-9220-ED26099B5D2F}
T{8301F744-3B7B-4EBC-9084-57F8D46DA1A6}
T{EA8E30F5-C770-4100-829F-D26C8FED65AE}
T{3ECC5C87-B7E0-4A1C-8A6B-FDCE4A68EBF6}
T{F7943123-2ADD-4824-9530-85946CDFFBAF}
T{0C4A048F-A9A5-4A1B-BC7A-6F83903311A6}
T{839EDF98-D20E-4990-9B9E-69DBDACA40E9}
T{DCF5409D-85CD-4C77-B64B-5859AA1AF225}
T{E8C46512-5EA7-4CA5-B6BB-CD83DECABCD0}
T{13EAA3F7-6F4D-494F-B26F-EDF13D325D3F}
T{BAC79557-0674-4986-96E4-54353A31C13B}
T{CB52DE78-D5CE-4132-A483-9845B89AED49}
T{D51A08DE-302C-4241-A2CE-CB34CDB68A60}
T{6A7678EC-46D2-4F26-A703-F371B24D2454}
T{4B908EAD-1D9E-4718-9487-DFB89C77DB4E}
T{0777273A-8C6F-4D8A-A0E1-2E65F4AF2FF1}
T{93291D14-7C1D-4D0A-A8A7-E396D72F33A6}
T{F780F1A9-2344-4482-B5F3-C98DACEE4E69}
T{94492064-E4BE-47FE-BF5A-5CF321260CCD}
T{417ED726-E1B4-47BA-A77C-96B0149660BF}
T{53527151-0165-46A5-B4FA-B8D184B0C4FF}
T{868B03C2-A04B-4598-920D-EF7BAF6FE2AC}
T{1149067F-5A38-4515-BB96-0EE54EA6BA74}
T{89DCCDB4-19BA-46B3-828C-104ABB93174B}
T{48BBA5E1-2D6F-4179-A752-874103922F81}
T{3E98CF18-15B1-42B0-B81D-9C58C6FA32DD}
T{86D9CB84-7DB7-4D8D-A067-C24BCB109DED}
T{4F591450-2F30-475E-8A77-D89DAED15BEC}
T{7AF5C5D8-604B-4568-AB4F-ED5CC15FF9D9}
T{568E1A9C-EB48-4974-8CC7-8CF3D93628C8}
T{4B908EAD-1D9E-4718-9487-DFB89C77DB4E}
T{3FE3F0E6-1FA9-4A74-99EA-B22C2F1CA39C}
