T{E6616990-CFE0-401A-B4D3-9333D424B173}
F{4866AA86-6C63-46F8-B0F7-BFB4BDC40AC6}
T{65D610FD-2C60-48B5-875C-7B414BF01F8C}
T{90446ED4-AE3E-4040-BB1B-76CF1A5B7E6B}
T{1E0A93DC-A864-40E6-A73D-59C3C1CB4213}
T{354A5CC7-A80F-4D56-8678-33B81C03554B}
T{353FC933-A7F5-4000-8C5C-6721DCC706A8}
T{6A4ECB52-FC61-44C9-8458-B3B50445F6F3}
T{E3A7BD03-FAF8-4684-A14E-435135FCCD0E}
T{353FC933-A7F5-4000-8C5C-6721DCC706A8}
T{91C09955-BA2A-4E50-AEDC-7A668148E849}
T{AA8BAD98-A444-4436-B236-F87745EA4804}
F{1DD8B0BB-B8F5-4109-80FB-666D9F5AEF36}
T{41A45C9F-C418-42FC-98B5-ECBA6A48D32E}
T{F1633AF2-CAB3-49F9-A9BE-9A78C7A99550}
T{A2150B57-430D-492A-816E-DF7559F74BA9}
T{C8F56C61-677B-4A4C-8E48-3371AD9207BD}
T{55ABE7F0-8AA7-4A16-929E-7CF328992542}
T{9C794917-148E-4C15-B18D-39FF144DF34E}
T{4631BB42-5061-4577-A8CA-D7DA14B99C40}
T{80A87AE6-1D78-4016-88FD-3E2E74C9F525}
T{268F2C88-D150-4411-B48D-15120336FD31}
T{AB8FEDD6-F466-4D6D-AE7E-94860ECB1AF2}
T{80F42E0A-AB57-4095-AE33-694A83E88C65}
T{3B4978D0-4793-4E7B-A042-09A8D39C68E9}
T{B7AAC37A-5FDD-4046-AB87-D2F6CEA5B14F}
T{1A53EAC6-A0FB-4953-A8EF-FA5462D465B5}
T{D7DFBC00-A2EB-493F-A8DC-99166426B8D9}
T{BCE6C04A-DF0B-4948-9115-880C293946A8}
T{CAAEB38D-20D0-42EA-B1E1-DC7C01104DC2}
T{4576648C-1342-4343-B39D-5113FFFB39BF}
T{668B4B95-302E-4A33-B1E9-07DB93703622}
F{9F222D97-B49C-4029-BFFC-DBFB4A640676}
T{3164F140-CD6A-4BE4-AB34-2CFB839404E0}
T{FC231168-DB9E-4914-A939-D1415944E535}
T{E42C7BD7-A4C3-43A2-88FE-487FCB0DF978}
T{939F4888-8EF5-4825-A5FE-01D5C1C95265}
T{56F292C3-40E7-4461-B9E7-7BE44DC39EB9}
T{91E18891-877B-422A-A812-9056CC4FE744}
T{05B67000-BF3F-4B0A-BCF9-764B50B45F75}
T{B467955F-9163-42BD-9E4E-C2B8DFCA4599}
T{B675C6D8-8221-4841-A989-CC5EA37484E8}
T{67A3D10D-AC22-4D74-81BF-08FC12D6368F}
T{5056AA94-7581-4E32-B33E-B077DD6ECCD4}
T{1BCF6D7A-7B04-4A46-B663-672B488FC4F1}
T{7CD61473-145A-4B7C-91DC-D0F5EF2D7E0E}
T{7EB0AAA3-BEA9-4961-99A1-6AD61C0A7CCC}
T{F27BBC38-D971-49AA-B413-1478FACDFB6E}
T{2720E3FE-A401-4E81-8924-8DD69BAC7EC0}
T{88154A01-2EB7-4368-AC52-C0AB3C3598DE}
T{9C794917-148E-4C15-B18D-39FF144DF34E}
T{ACD77D05-4155-4710-9087-1E3B902580D5}
T{5FEC1EA3-AA59-43DB-8614-D035D296EA50}
T{1FFDB99D-9163-405E-B68F-EF3667708C22}
T{9C794917-148E-4C15-B18D-39FF144DF34E}
T{244D1716-55D9-4A23-805C-AEB8038AFEB3}
T{49453906-DAB7-440D-A128-E51709F7E963}
T{5A3C78B2-BD49-4A25-A84F-98BF4EEE6FA0}
T{F1E86D99-D461-4808-A234-7F18D570E2F2}
T{6A4ECB52-FC61-44C9-8458-B3B50445F6F3}
T{9A66F0FF-D7EB-443C-932C-915DFD38C743}
T{9C587FC1-1C5F-4B42-A55B-C26186B8BD54}
T{2C32BDBD-9D7B-4537-9700-AC0083DA4E6F}
T{FF5E2548-EE6F-4277-AB12-93465E893B95}
T{D4CDF893-534F-40B2-964C-D0C4F51FFBA7}
T{A008F8D2-57AC-432F-AB13-D3ADF95F7AF3}
T{1791827B-B743-4966-8DC2-FC762B7FFC12}
T{F22A10CD-2A1C-46D5-AAE3-BA31F667B714}
T{2422DD25-3A4C-4B31-9B65-751B6DD91C9B}
T{668B4B95-302E-4A33-B1E9-07DB93703622}
T{563BA842-2405-42D9-9A3F-A0F4B6A326F2}
T{F4D808A5-9152-406B-B37F-09A0718529C9}
T{1DB6262F-A30A-4592-AB49-F553BB424A86}
T{034F419A-DEC7-4CB6-9125-596B736FB848}
T{93AFA1A0-0524-44EB-8549-8FD6C56AA21C}
T{016F57B8-0196-4C68-97A7-397AAA275DFF}
T{44EA2E94-B091-496F-A9F2-562A695CDD6F}
T{F985AD6A-BCF1-4FF5-8D68-6190E1F0ADA8}
T{F16A579F-7BA0-40E4-A1AB-F6B5C6492078}
T{72EEF118-1291-44DE-B8BD-65632019B7FF}
T{EF857B4A-2ED2-4A00-9726-841335087695}
T{BCACEF18-C874-4C91-8287-78A1798638D2}
T{7BF3F2D9-E0F1-4BA9-9E1B-7B2773C83C68}
F{DD3ADED7-F4E6-4C1B-BFA9-3DED478765A0}
T{AB8FEDD6-F466-4D6D-AE7E-94860ECB1AF2}
F{E98489AC-2C9B-4947-B20C-A6D4B5EB1551}
T{749FADEB-0C27-4BEF-87B4-6B637C39B151}
T{41CE8483-BD3B-4EA8-817D-77445D0B61B0}
T{F3D1FD50-4B21-467E-A269-59A7D206C7B6}
T{F1E86D99-D461-4808-A234-7F18D570E2F2}
T{3E98CF18-15B1-42B0-B81D-9C58C6FA32DD}
T{32D6CCF5-B0ED-4F0E-AB7A-50FD172BDAD8}
T{2A2FC3A6-DE6E-4228-8391-92FB4AE067CE}
T{A9FDDB13-F96D-4F44-A652-252C67527D41}
T{F985AD6A-BCF1-4FF5-8D68-6190E1F0ADA8}
T{96CF5A30-AAE7-4F97-AAE0-B18CCEC2E73E}
T{40F4535A-CBCB-498C-BCE6-93962E2B138D}
T{E685E5F2-0404-4950-9066-C254B49448E5}
T{C0B77BD3-42E3-42D0-873C-A40F3C2CC376}
F{E153C2A6-C83B-48D9-9744-C1DAF1D2F6A0}
T{388B46F8-F24F-4733-B9A2-B0AD2C2AFE33}
T{D85FE703-9432-4493-8DB4-BD4E77B38C4A}
T{D3D98BDE-327A-4677-96E4-B15898584E16}
T{F1E86D99-D461-4808-A234-7F18D570E2F2}
T{79DF6610-E1BB-4042-812D-0A195A8AC1BE}
T{D16B198E-E4A4-48ED-8BBD-8FC8826952A6}
F{5AE32A76-4553-4458-A8A2-F460DB3662FA}
T{0358477E-5F48-40EB-BE16-9BB7AD39FF18}
F{C5D6A642-976E-4320-BAB2-CB8053842CCD}
T{2A66F584-C740-4ACE-BE6B-96ACAE25C644}
T{0CD6EC3F-84C9-4847-9C41-0B801300844E}
T{ECBA23C4-4E3E-4C7F-996A-3473D0ADD862}
T{353FC933-A7F5-4000-8C5C-6721DCC706A8}
T{CCB69A99-41A7-4A76-A19F-71825320E248}
T{CFD5C9B1-FC5F-4E1A-9DBF-422B2B86E18B}
T{1A53EAC6-A0FB-4953-A8EF-FA5462D465B5}
T{E98489AC-2C9B-4947-B20C-A6D4B5EB1551}
T{0C993C3B-DC1A-456B-B07D-868FE9F5E312}
T{B1638F33-0118-41B9-BB92-3204AE05D243}
T{1DD8B0BB-B8F5-4109-80FB-666D9F5AEF36}
T{41D0E98E-E0BC-4DD4-985D-B65E3DCC879F}
T{F3D1FD50-4B21-467E-A269-59A7D206C7B6}
T{DCE426B8-0DA5-40DF-A2BA-8767E55774C3}
T{92CAFDC2-7DB5-4653-B2DE-9176E3D30FF4}
T{65D610FD-2C60-48B5-875C-7B414BF01F8C}
T{F4168D79-FEA2-41FB-9AFC-D314AAE5A5F4}
F{E675C04C-4118-4B5B-B42A-77AF31F8CEC5}
T{0D262438-7BD1-489E-9C8D-7B779CB35701}
T{DCE426B8-0DA5-40DF-A2BA-8767E55774C3}
T{0C993C3B-DC1A-456B-B07D-868FE9F5E312}
T{06559319-BD5C-49B4-8941-291EC2EC6522}
T{5F61174B-D25C-4B6B-8D52-6FB706EA2749}
T{2DEA4E67-7ECA-4974-9C2C-9F614639EFAF}
T{1C15A848-32EA-420F-9E1D-5869169E2434}
T{9A66F0FF-D7EB-443C-932C-915DFD38C743}
T{0906D2B9-F284-43DE-BC0F-92DC468682B3}
T{7909B7F8-FB32-4077-A67B-E902341D64A1}
T{E27A5F55-59AD-44B6-B8E5-12E4C14352FB}
T{2C2E6DD7-AE19-42B3-84B7-758B693D92B4}
T{9F222D97-B49C-4029-BFFC-DBFB4A640676}
T{1791827B-B743-4966-8DC2-FC762B7FFC12}
T{05B67000-BF3F-4B0A-BCF9-764B50B45F75}
T{A0C17CB0-8B27-4C62-A0AD-3283E7A16D01}
F{0597A5B9-AA74-4529-9764-79F3B4EF4985}
T{72EEF118-1291-44DE-B8BD-65632019B7FF}
T{BCAD98AC-3E53-4211-A31A-A0DB426838B2}
T{3D076BAF-B45B-4575-B9AC-0236CB2F4AB1}
T{E6D9E511-D49A-4D7C-BF1D-76DC2207D232}
T{5A5891C0-4C77-4D08-A41C-623AF72A484F}
T{0C0F9BDC-A457-47C6-99A7-19D2C8BD5825}
T{B467955F-9163-42BD-9E4E-C2B8DFCA4599}
T{E4478D2A-01E3-4087-ACFA-453ECAC39BE4}
T{61709A9E-6032-4481-AB2C-09D74D0F4BCF}
T{C77880F5-6FDA-46FF-A5DA-0808F4439A23}
T{2AF68D94-43C9-4528-8ACB-87875FF2F5E5}
T{C5D6A642-976E-4320-BAB2-CB8053842CCD}
F{73956D02-E81B-4E91-A82F-DEBAC1B3BC1A}
T{90446ED4-AE3E-4040-BB1B-76CF1A5B7E6B}
T{194BDB63-C6D7-4796-95C3-082F73CFC950}
T{E98489AC-2C9B-4947-B20C-A6D4B5EB1551}
T{CA5437AA-9226-4DEB-BBB3-103AD8229378}
T{505EBEBC-5875-4A4E-AE30-B3371E7E1A22}
T{E685E5F2-0404-4950-9066-C254B49448E5}
T{EF81F7D8-ED1F-48C2-98DC-E2FCEEEE1A18}
T{4495D3DF-B19E-4527-A09B-98B00AAD1217}
T{21059E55-A291-45FD-AD33-090FCF99E7B5}
T{17F5C00B-D66E-49C9-929E-4A03841F0347}
F{0F73EF9E-8D0E-426D-8788-AF6263377BB4}
T{067532EC-D5DF-44C1-9CF2-9B8E1CA3CDEC}
T{90446ED4-AE3E-4040-BB1B-76CF1A5B7E6B}
T{505EBEBC-5875-4A4E-AE30-B3371E7E1A22}
T{41D0E98E-E0BC-4DD4-985D-B65E3DCC879F}
T{2CA20983-CA62-40E0-9A0B-92D93CAA02D5}
T{0D262438-7BD1-489E-9C8D-7B779CB35701}
T{EC4C105E-51D1-49C4-B632-9D92AF5DB947}
T{D85FE703-9432-4493-8DB4-BD4E77B38C4A}
T{36229AAA-0236-4DD0-A337-4102FFD5E19B}
T{AA9ECEF0-97FF-4894-AC08-B70C9D3C5DA5}
T{59372671-F5DA-430A-A52F-B2425B0FCF65}
T{E6D9E511-D49A-4D7C-BF1D-76DC2207D232}
T{6E5A06DD-B2A3-4C2E-B4B1-BB8AAE9626FB}
T{0F5BAB18-1244-4108-BED1-ACD5BEDFB15C}
T{F16A579F-7BA0-40E4-A1AB-F6B5C6492078}
T{C1131528-101E-4BF5-9C73-E4C7A7589C14}
T{016F57B8-0196-4C68-97A7-397AAA275DFF}
T{456E32BA-9CF4-486F-B72E-1808858F0ADA}
T{65D610FD-2C60-48B5-875C-7B414BF01F8C}
T{D4CDF893-534F-40B2-964C-D0C4F51FFBA7}
T{36BCB978-F6F5-44E8-8073-137B9FDD449F}
T{3921CDE4-5BF1-4ABA-8FAD-5B682169962C}
T{147368A7-3FB3-420A-8BFA-5AD72845F1E2}
T{109B00F8-FC2C-4123-B487-90377BD23D07}
T{080C1722-DF19-4C43-B28E-3112BC30B0FA}
T{D4CDF893-534F-40B2-964C-D0C4F51FFBA7}
T{A12456D3-1712-42C9-8839-1F4E641A5728}
T{A88173C9-3317-47B4-AA8F-2C63081C2BE1}
T{0C993C3B-DC1A-456B-B07D-868FE9F5E312}
T{79DF6610-E1BB-4042-812D-0A195A8AC1BE}
T{3FE3F0E6-1FA9-4A74-99EA-B22C2F1CA39C}
T{164065A9-99A0-4F9F-A7DA-D0E4D4521F44}
T{B5C844B9-78CB-473E-B15A-9E8760D67BB0}
T{38D5FADD-BA0A-4037-A78C-4115FEBC1FCD}
F{5ED9A8DC-5566-4C43-A2F7-CBD356CC9A41}
T{90446ED4-AE3E-4040-BB1B-76CF1A5B7E6B}
T{B467955F-9163-42BD-9E4E-C2B8DFCA4599}
T{DB104222-55CE-418A-94A3-C20DF19EF792}
T{8D1E4E40-F34B-4885-BE78-9D0DCF246177}
T{D16B198E-E4A4-48ED-8BBD-8FC8826952A6}
T{4A714D1A-96D4-44D8-AF56-CD49705C8815}
T{9BF622F9-55DD-43DA-A0CA-672B12990A90}
T{36229AAA-0236-4DD0-A337-4102FFD5E19B}
T{C621C91B-0277-43CD-A204-25DB6F19FECC}
T{8D1E4E40-F34B-4885-BE78-9D0DCF246177}
T{4D4FD55C-A9DE-4A76-92D5-7C144D1A85BF}
T{0F8801E8-D250-43AC-8602-0B118678B55E}
T{93291D14-7C1D-4D0A-A8A7-E396D72F33A6}
T{1332E500-0639-4BC9-A492-BF7EB16C5A55}
T{223C27FF-649A-466A-9294-6D09458F7F8D}
T{1BCF6D7A-7B04-4A46-B663-672B488FC4F1}
T{96CF5A30-AAE7-4F97-AAE0-B18CCEC2E73E}
T{D570AECC-FAE1-4CAB-A575-A5E228D5AD8A}
T{E17E0E74-12A5-4ADA-9A79-0F7AD7249E5D}
T{D7CAB042-6AD3-4CD5-BDF7-6DC81E8201CA}
T{3C9B9938-6A0A-43B9-AA34-09D724958272}
T{54F88DF0-1DA5-483B-AECA-27E54C2095DE}
T{A3A3223C-584D-4C3C-8B7E-7FB958ADFC7E}
T{AF44B0E2-E78A-4B27-BF1A-43D552A2C360}
T{D4CDF893-534F-40B2-964C-D0C4F51FFBA7}
F{4B908EAD-1D9E-4718-9487-DFB89C77DB4E}
T{29C5D3E5-F63D-427E-A5CD-60AA596A8F2D}
T{827AFC40-D724-476E-B0F3-1428733B4918}
T{D847D62E-C790-4AC5-AC2D-8736F864D935}
T{0630FB1A-C156-4E9F-82B5-1E26F3355BD9}
T{6A4ECB52-FC61-44C9-8458-B3B50445F6F3}
T{939F4888-8EF5-4825-A5FE-01D5C1C95265}
T{F453C545-7634-46F9-98D7-4F0015769EB9}
F{B08E1FA9-4F14-4A75-AC1D-9CB75BEECC75}
T{88154A01-2EB7-4368-AC52-C0AB3C3598DE}
T{05B67000-BF3F-4B0A-BCF9-764B50B45F75}
T{6E4FDBDD-3511-47E2-8B78-4C342C11D202}
T{4043CB13-B73D-4D30-9E52-08876667F0A5}
T{C8F56C61-677B-4A4C-8E48-3371AD9207BD}
T{22FAC974-7BBB-41E1-BB1B-BDD15585090B}
T{1A53EAC6-A0FB-4953-A8EF-FA5462D465B5}
T{6A4ECB52-FC61-44C9-8458-B3B50445F6F3}
T{2F913E24-0659-4568-BBBD-770E80DD7BCA}
T{19624EBC-4CDC-47FD-BFC8-513BA1BFD670}
T{1ADAA6DE-C838-47B9-B71A-C470139A93F3}
T{B467955F-9163-42BD-9E4E-C2B8DFCA4599}
T{F16A579F-7BA0-40E4-A1AB-F6B5C6492078}
T{915089C2-57C6-4300-83A5-DC7A0B66CF4C}
T{79F76C0C-DF17-4E48-B110-B6D861D9D718}
T{20473771-F134-48EC-A135-F49D3B1EB36F}
T{DD338CB6-1873-42B0-8A16-7D4993F41D9F}
F{01D7C85D-D115-409F-BA34-49AA733FC388}
T{F927D7A0-9C30-4948-ABC7-54C2FBCA3643}
T{0630FB1A-C156-4E9F-82B5-1E26F3355BD9}
T{55E185DD-7BE4-45AF-8A66-BA1122C50555}
T{DCF68533-E188-4112-BFE1-250A5F70CD0A}
T{3C9B9938-6A0A-43B9-AA34-09D724958272}
F{87430541-EA89-4137-B731-E58701AAA1CC}
T{C0875FE8-F56E-4525-96EA-04E724702FF2}
T{DE1CE137-F45B-4A8A-AA69-2BFAB702C2D8}
F{E8C46512-5EA7-4CA5-B6BB-CD83DECABCD0}
T{A815E35A-EF83-4767-98F6-48B479702041}
T{67A3D10D-AC22-4D74-81BF-08FC12D6368F}
T{FEEA650C-C93E-466D-854D-526DD3BC3E57}
T{5AE32A76-4553-4458-A8A2-F460DB3662FA}
T{0C0F9BDC-A457-47C6-99A7-19D2C8BD5825}
T{F3D1FD50-4B21-467E-A269-59A7D206C7B6}
F{910D3874-10E3-464C-86F2-EE89E3CF8111}
T{4043CB13-B73D-4D30-9E52-08876667F0A5}
T{C77880F5-6FDA-46FF-A5DA-0808F4439A23}
T{9C794917-148E-4C15-B18D-39FF144DF34E}
T{59417EF9-F5CF-4C45-91FE-FC0818A6C866}
T{8F8D2BDF-37AF-494B-BD13-6AE091FCE0D9}
T{00EC7623-2536-4DFE-AD36-03F4D30C1554}
T{1FA7C022-CE2B-45E9-BA0E-30AB62C40ABD}
T{ED7C0726-DB08-49ED-83BA-BFB8B226BFE7}
T{96CF5A30-AAE7-4F97-AAE0-B18CCEC2E73E}
F{C1345BAC-0F97-43BF-8B90-8B867D80C948}
F{5A88A55A-64A8-49BD-9F25-53EFD02A37C6}
T{4D4FD55C-A9DE-4A76-92D5-7C144D1A85BF}
T{4B8077FC-D13E-482B-B21E-FF914C804791}
T{72EEF118-1291-44DE-B8BD-65632019B7FF}
T{0D262438-7BD1-489E-9C8D-7B779CB35701}
T{416DE619-FF2B-45CC-A8CF-7F590CC3D5E8}
T{F985AD6A-BCF1-4FF5-8D68-6190E1F0ADA8}
T{0EEC2E62-B3F5-4844-870C-C47158033414}
T{F27BBC38-D971-49AA-B413-1478FACDFB6E}
T{81AFB3A4-C0A8-4079-81FC-4E1395302E57}
T{9A4DC71D-5271-4E39-ADF4-C895F4442977}
T{F16A579F-7BA0-40E4-A1AB-F6B5C6492078}
T{5573D1D0-C8D4-449A-AD31-81A07866EDFE}
T{35DFBF40-E5B0-4746-B5E8-2F04C96CF59C}
T{A234D635-C43A-4A81-ACC7-FB06D0D6CAFA}
T{D096EFEC-5EE5-4AF6-B0A7-7C3F804AF816}
T{DE1CE137-F45B-4A8A-AA69-2BFAB702C2D8}
T{479E76FD-96B1-4EB9-87D0-44672B6EC0D8}
T{3F49474C-37B6-4522-B5B1-974732D97353}
T{B242F289-FF24-4254-8E6D-C5F9711BA36F}
T{0358477E-5F48-40EB-BE16-9BB7AD39FF18}
T{2A1F9EAD-0A5F-44D9-85AE-39C140AE8041}
T{B3EFF71D-A272-4C0F-B81E-65FACE5A4AA1}
T{C4DE54A9-B5A2-483C-B5E9-F1E564EE2F20}
T{684F3630-3F9F-4681-91CF-C626CDD1A32C}
T{AD740549-96A3-4CE8-B7D3-E6C0CA50B248}
T{6A4ECB52-FC61-44C9-8458-B3B50445F6F3}
T{C621C91B-0277-43CD-A204-25DB6F19FECC}
T{5F6E1C7E-E8E9-49F1-B0FD-D39DABE982FC}
T{2DEA4E67-7ECA-4974-9C2C-9F614639EFAF}
T{CEB4161B-6546-4801-84AD-5267D3EEA668}
F{5DA95A32-824D-41CD-A257-300C05AD7A65}
T{29C5D3E5-F63D-427E-A5CD-60AA596A8F2D}
T{353FC933-A7F5-4000-8C5C-6721DCC706A8}
T{3C390D97-7635-48A4-8A93-E3E35FA2C623}
T{B1E62D9F-5F66-4526-A3CC-C1B200E88CEC}
T{FBEF59F2-61FB-4FB3-A2AD-EEA28FF9CCF8}
T{2724D102-B6EC-4ED8-9F7E-D8034F77C457}
T{1D2F91FD-6D4A-4738-9439-7263B0FB094D}
T{73956D02-E81B-4E91-A82F-DEBAC1B3BC1A}
T{87430541-EA89-4137-B731-E58701AAA1CC}
T{8EC47787-CA14-4C39-BB66-5F4B772805AD}
T{86C27AC9-58CD-41D8-B92D-0510665B82CC}
T{8D1E4E40-F34B-4885-BE78-9D0DCF246177}
T{79DF6610-E1BB-4042-812D-0A195A8AC1BE}
T{7CD63A22-4E42-4CD8-A874-591C35C5FA54}
T{3B4978D0-4793-4E7B-A042-09A8D39C68E9}
T{56F292C3-40E7-4461-B9E7-7BE44DC39EB9}
T{030E9D1A-AE36-4AF8-8631-F96CE141713A}
T{CFD8B6A5-1869-463D-BA83-0A479A3D36B2}
T{1332E500-0639-4BC9-A492-BF7EB16C5A55}
T{C0B77BD3-42E3-42D0-873C-A40F3C2CC376}
T{268F2C88-D150-4411-B48D-15120336FD31}
T{DD3ADED7-F4E6-4C1B-BFA9-3DED478765A0}
T{A5B8D0AA-510D-4111-A162-8E7B0713D7D9}
T{5ED9A8DC-5566-4C43-A2F7-CBD356CC9A41}
T{ABD13198-139A-4CA2-8028-05B7F01EA5DD}
T{7827EC60-E878-43AE-9278-486A38B68336}
T{3C390D97-7635-48A4-8A93-E3E35FA2C623}
T{F4A720D8-FE69-44EA-BA20-2858484E9215}
F{3C5CFEAB-C2C7-4F48-A95B-6FDF3220B30C}
F{E48E37F7-DABA-4D38-B613-A0F9158488F3}
T{FEEA650C-C93E-466D-854D-526DD3BC3E57}
T{77912251-E26E-42AF-A42D-474E34FE17C4}
T{1332E500-0639-4BC9-A492-BF7EB16C5A55}
T{9F222D97-B49C-4029-BFFC-DBFB4A640676}
T{D496B7E8-CCD6-4FBD-9955-B19815A0E81E}
T{9A66F0FF-D7EB-443C-932C-915DFD38C743}
T{F2FAB52A-2972-41D8-A076-0DDCBDCD5B47}
T{ADAC6550-F747-45F0-A350-8CB7C01E71E7}
T{CD045742-5029-4C92-8052-57235584E0D1}
T{120152F5-AA1B-4966-81B5-D98839FAB9B8}
T{7E1BD8A7-FE3C-4F88-8B98-6558CEB64CBE}
T{EAB8CB76-56FC-413E-8AFD-C6F4601FFAEB}
T{3D076BAF-B45B-4575-B9AC-0236CB2F4AB1}
T{B3845095-C81F-47A7-AB48-87E3CC27EAE1}
T{90446ED4-AE3E-4040-BB1B-76CF1A5B7E6B}
T{B08E1FA9-4F14-4A75-AC1D-9CB75BEECC75}
T{8C2886EB-AABB-4C35-B405-85568A2E9B74}
T{2CA20983-CA62-40E0-9A0B-92D93CAA02D5}
T{388B46F8-F24F-4733-B9A2-B0AD2C2AFE33}
T{5A3C78B2-BD49-4A25-A84F-98BF4EEE6FA0}
T{B5C844B9-78CB-473E-B15A-9E8760D67BB0}
T{4F4316BF-8805-446F-8294-A1EEFB145EB5}
T{D648E148-74C9-4DC3-9AF9-2BB9266D8A80}
T{1F060D65-F0D5-4B3C-AE7B-60907E2DC793}
T{6A4ECB52-FC61-44C9-8458-B3B50445F6F3}
T{C0D73203-EAF1-49E3-96E9-0429EA8D72E2}
T{D0BB5B03-91F3-4D78-98E5-2865D0543CDF}
T{711F6F47-0621-4A63-AD17-1BC2642E21EF}
T{DE5F51C3-19B6-48A4-BDAB-8BE0BE105B0E}
T{6DB8B899-29BA-4F32-BC4E-30F0BE03F5BE}
T{2A1F9EAD-0A5F-44D9-85AE-39C140AE8041}
T{DCF68533-E188-4112-BFE1-250A5F70CD0A}
T{1332E500-0639-4BC9-A492-BF7EB16C5A55}
T{827AFC40-D724-476E-B0F3-1428733B4918}
T{505EBEBC-5875-4A4E-AE30-B3371E7E1A22}
T{BCAD98AC-3E53-4211-A31A-A0DB426838B2}
T{99C47D85-E3AA-41FA-B935-89603E1CF295}
T{36229AAA-0236-4DD0-A337-4102FFD5E19B}
T{939F4888-8EF5-4825-A5FE-01D5C1C95265}
T{015B3D2F-E000-4AE5-ADA5-85CE12803D34}
T{634E7BA4-1C59-4BED-8293-63A9812EF1AC}
T{A9FDDB13-F96D-4F44-A652-252C67527D41}
T{1F6CFE6F-2170-4F1E-BE35-3FF20B15EB3F}
T{494ADF45-1C13-41A5-8B73-0EDF94A1B800}
T{D847D62E-C790-4AC5-AC2D-8736F864D935}
T{5CFE949C-3375-42D1-B372-4B9F2D3363F9}
T{2AF68D94-43C9-4528-8ACB-87875FF2F5E5}
T{827B9D4A-15F9-40C4-9357-B3519ADB5988}
T{827AFC40-D724-476E-B0F3-1428733B4918}
T{E675C04C-4118-4B5B-B42A-77AF31F8CEC5}
T{827B9D4A-15F9-40C4-9357-B3519ADB5988}
T{B467955F-9163-42BD-9E4E-C2B8DFCA4599}
F{910D3874-10E3-464C-86F2-EE89E3CF8111}
T{F1E86D99-D461-4808-A234-7F18D570E2F2}
T{8D1E4E40-F34B-4885-BE78-9D0DCF246177}
T{36229AAA-0236-4DD0-A337-4102FFD5E19B}
T{B6A5CEC4-551F-4B67-9B0D-2D4683BD0716}
T{31D17F6A-CDA0-4103-80C2-0602D36F05D1}
T{86191833-71BD-433D-9980-23B0C3BAB930}
T{9F545F02-14D7-4291-A8C4-4902AAE0C9C2}
T{9BA22DED-13D7-4552-8030-47BB5F2EB4EB}
T{68BC2A61-5A00-4A9C-98D8-51C2A0696DD1}
T{DE5F51C3-19B6-48A4-BDAB-8BE0BE105B0E}
T{41CE8483-BD3B-4EA8-817D-77445D0B61B0}
T{9F222D97-B49C-4029-BFFC-DBFB4A640676}
T{6A4ECB52-FC61-44C9-8458-B3B50445F6F3}
T{90446ED4-AE3E-4040-BB1B-76CF1A5B7E6B}
T{859F76B4-4D9D-48B8-97A2-B575BE71643E}
T{6DA8CD99-C7D9-495F-B665-122E96E04E73}
T{19624EBC-4CDC-47FD-BFC8-513BA1BFD670}
T{D2E9FB4E-EB21-44F3-84FC-224DF2D1F09C}
T{505EBEBC-5875-4A4E-AE30-B3371E7E1A22}
T{75758269-D827-4718-8CFA-F1228934087F}
T{38D5FADD-BA0A-4037-A78C-4115FEBC1FCD}
T{7AF5C5D8-604B-4568-AB4F-ED5CC15FF9D9}
T{7EE854CC-5636-463A-9BEF-EEA68D2E864F}
T{AF44B0E2-E78A-4B27-BF1A-43D552A2C360}
T{9172BB7B-8A87-4E12-A59E-02760EF02AB4}
T{BE024796-AD0D-4354-86DF-2549FF637E38}
T{31D17F6A-CDA0-4103-80C2-0602D36F05D1}
T{B467955F-9163-42BD-9E4E-C2B8DFCA4599}
T{9D6A4EEB-24EC-4A7C-9568-CEF17656B6D4}
T{6DCCCEA0-31C0-48C3-8F6B-61C5F44187C6}
T{40F4535A-CBCB-498C-BCE6-93962E2B138D}
T{72EEF118-1291-44DE-B8BD-65632019B7FF}
T{80A87AE6-1D78-4016-88FD-3E2E74C9F525}
T{E675C04C-4118-4B5B-B42A-77AF31F8CEC5}
T{268F2C88-D150-4411-B48D-15120336FD31}
T{E32936C1-F8C8-4508-865B-3AC57B90F281}
T{CB34698D-D002-4510-B2DD-C3940E052DB7}
T{6D6B720F-39A6-42C5-AD0C-E25B6F77FF51}
T{D847D62E-C790-4AC5-AC2D-8736F864D935}
T{9A4DC71D-5271-4E39-ADF4-C895F4442977}
T{5056AA94-7581-4E32-B33E-B077DD6ECCD4}
T{B09F2FBF-6E03-43AF-9B4C-71EAF7959CD2}
T{91E18891-877B-422A-A812-9056CC4FE744}
T{335591C6-D690-4071-B39E-6989C6CA9D41}
T{431ED83E-C950-47B6-B81B-719EFB04DEE8}
T{C8F56C61-677B-4A4C-8E48-3371AD9207BD}
T{994B5365-8290-46E2-9328-FD17A963CFAC}
T{569EF473-4A45-49B7-A5FE-984F380B1814}
T{1791827B-B743-4966-8DC2-FC762B7FFC12}
T{AD740549-96A3-4CE8-B7D3-E6C0CA50B248}
T{C0B77BD3-42E3-42D0-873C-A40F3C2CC376}
T{9547A873-8914-4B48-9B38-5BDDD764618F}
T{842DE895-13DF-4253-90C1-3919E1FC5EF2}
T{5DA95A32-824D-41CD-A257-300C05AD7A65}
T{557C3391-BE96-4109-9FD5-1DC0981747E2}
T{EAB8CB76-56FC-413E-8AFD-C6F4601FFAEB}
T{859F76B4-4D9D-48B8-97A2-B575BE71643E}
F{738DCA7C-B62C-429A-B712-6022BAC970DC}
T{AEA32450-8E7B-41DF-BF09-A889A8D52F4A}
T{D85FE703-9432-4493-8DB4-BD4E77B38C4A}
T{3D2CE919-261B-4209-8F5B-27435FEC2F86}
T{FA23DB30-9189-48BD-918C-BD770F89D43F}
T{6E4FDBDD-3511-47E2-8B78-4C342C11D202}
T{E98489AC-2C9B-4947-B20C-A6D4B5EB1551}
T{1386041D-3CA6-4D81-BB0A-69655A48A34F}
T{35DFBF40-E5B0-4746-B5E8-2F04C96CF59C}
T{CAAEB38D-20D0-42EA-B1E1-DC7C01104DC2}
T{172FEB33-6368-4D44-8F9D-9F111E786FA7}
T{DF1DD51B-B1AC-4247-ABB4-8202642C8FBD}
T{7827EC60-E878-43AE-9278-486A38B68336}
T{6DCCCEA0-31C0-48C3-8F6B-61C5F44187C6}
T{91E18891-877B-422A-A812-9056CC4FE744}
T{29C5D3E5-F63D-427E-A5CD-60AA596A8F2D}
T{997E6018-4B63-48BD-A151-F03FD56EEEA4}
T{DD3ADED7-F4E6-4C1B-BFA9-3DED478765A0}
T{E06CD07E-64DA-4675-BAA1-D4DCDC23F37A}
T{4B015E8A-8D51-4086-B8B6-C14E670E8CAF}
T{CA5437AA-9226-4DEB-BBB3-103AD8229378}
T{F2FAB52A-2972-41D8-A076-0DDCBDCD5B47}
T{56F292C3-40E7-4461-B9E7-7BE44DC39EB9}
F{353F8A70-8E82-41D8-92B7-8CC02A7D3EA0}
T{DCF68533-E188-4112-BFE1-250A5F70CD0A}
T{2876C8AD-3954-45C1-92AA-CA61AF97C4F6}
T{1653D7BF-A399-40FE-BE98-DA7A5204DDCC}
T{CFD5C9B1-FC5F-4E1A-9DBF-422B2B86E18B}
T{456E32BA-9CF4-486F-B72E-1808858F0ADA}
T{90547525-0BC4-4BB8-8CA4-B8159EAD0E28}
T{F22A10CD-2A1C-46D5-AAE3-BA31F667B714}
T{EA7ED47C-A0F6-4D54-B72D-AF24B4F1AE92}
T{23782766-5DBE-4932-8B2E-7C1EAF927D66}
T{F7072A38-7FB5-49CF-A80B-FD6F78F5EDCD}
T{B3845095-C81F-47A7-AB48-87E3CC27EAE1}
T{6026ABA5-6373-42FB-BF3E-322739F9D7BC}
T{9A4DC71D-5271-4E39-ADF4-C895F4442977}
T{20473771-F134-48EC-A135-F49D3B1EB36F}
T{96C63D3B-E790-4922-A708-208CA6DA3EBD}
T{8D1E4E40-F34B-4885-BE78-9D0DCF246177}
T{E3A7BD03-FAF8-4684-A14E-435135FCCD0E}
T{076FD19F-5E1E-4055-8F98-6361B6F5F1BF}
T{13651C90-90F3-465F-875E-ACE15FF010A1}
T{6E4FDBDD-3511-47E2-8B78-4C342C11D202}
T{5A793AE8-D423-4275-ACBC-4BAC733BDA41}
T{0358477E-5F48-40EB-BE16-9BB7AD39FF18}
T{8D1E4E40-F34B-4885-BE78-9D0DCF246177}
T{B08E1FA9-4F14-4A75-AC1D-9CB75BEECC75}
T{FE16B572-2CFC-4021-8509-00A7B47158C5}
T{BD86A5CF-8576-4548-BF7A-96CF8330A517}
T{FDE8C924-1644-4EF4-9E44-2A80D1F73F98}
T{DD3ADED7-F4E6-4C1B-BFA9-3DED478765A0}
T{9E0AE925-41B2-45BD-ACCD-F5D12719A976}
T{997EB1ED-7A44-4796-9A76-10C0BFE5CCDB}
T{2422DD25-3A4C-4B31-9B65-751B6DD91C9B}
T{8B153A01-6C8B-4D32-A32C-CD842CB07C77}
T{370A7DE9-E9C5-4C1F-B189-6BA0BADC0D79}
T{29AD9781-9621-4659-8B5D-71DCDE0D0F4D}
T{3E2068F8-DE2B-4DAD-B9FB-AF3F462CF540}
T{5ED9A8DC-5566-4C43-A2F7-CBD356CC9A41}
T{738DCA7C-B62C-429A-B712-6022BAC970DC}
T{EF30041C-3463-49A4-80D7-E15A314A2F7A}
T{C046E1C2-887A-4C0F-86F8-1AF41F3ECB27}
F{D51A08DE-302C-4241-A2CE-CB34CDB68A60}
T{9BA22DED-13D7-4552-8030-47BB5F2EB4EB}
F{5F365099-DA9C-4D1B-AD51-34DFA49312F8}
T{D85FE703-9432-4493-8DB4-BD4E77B38C4A}
T{2A011D88-2D86-4F2C-BA1C-D439FE00146E}
T{31E65F81-05BB-49AA-8FB4-C11A3C20EBEA}
T{479E76FD-96B1-4EB9-87D0-44672B6EC0D8}
T{AB8FEDD6-F466-4D6D-AE7E-94860ECB1AF2}
T{915089C2-57C6-4300-83A5-DC7A0B66CF4C}
T{CA5437AA-9226-4DEB-BBB3-103AD8229378}
T{244D1716-55D9-4A23-805C-AEB8038AFEB3}
T{80A87AE6-1D78-4016-88FD-3E2E74C9F525}
T{6EFC1BF4-D2F1-420F-8BC2-A70D35DAD54C}
T{6A4ECB52-FC61-44C9-8458-B3B50445F6F3}
T{C77880F5-6FDA-46FF-A5DA-0808F4439A23}
T{5ED9A8DC-5566-4C43-A2F7-CBD356CC9A41}
F{01D7C85D-D115-409F-BA34-49AA733FC388}
T{57A3AADC-A299-4709-982D-794EBE535B87}
T{1DD8B0BB-B8F5-4109-80FB-666D9F5AEF36}
T{E6616990-CFE0-401A-B4D3-9333D424B173}
T{B6A5CEC4-551F-4B67-9B0D-2D4683BD0716}
T{B09F2FBF-6E03-43AF-9B4C-71EAF7959CD2}
T{B5E05F0D-84CF-4411-91D9-A594F77DD8BC}
T{016F57B8-0196-4C68-97A7-397AAA275DFF}
T{4E6F1ACA-DFA0-45A2-99CC-0F96B2B2E7F4}
T{D6969E1C-53A0-4262-AB91-04D5AD2E2689}
T{5F6E1C7E-E8E9-49F1-B0FD-D39DABE982FC}
T{F780F1A9-2344-4482-B5F3-C98DACEE4E69}
T{A815E35A-EF83-4767-98F6-48B479702041}
T{2A21D5CA-DAAF-49FC-8109-C08578D61A4E}
T{910D3874-10E3-464C-86F2-EE89E3CF8111}
T{EF30041C-3463-49A4-80D7-E15A314A2F7A}
T{35DFBF40-E5B0-4746-B5E8-2F04C96CF59C}
T{456E32BA-9CF4-486F-B72E-1808858F0ADA}
T{29C5D3E5-F63D-427E-A5CD-60AA596A8F2D}
T{2958BD40-A161-4D7B-9E4C-00E7D33E99C4}
T{2CE25A07-ED60-428B-B93E-3A34E0BAD637}
T{54F88DF0-1DA5-483B-AECA-27E54C2095DE}
T{E42C7BD7-A4C3-43A2-88FE-487FCB0DF978}
T{93AFA1A0-0524-44EB-8549-8FD6C56AA21C}
T{19624EBC-4CDC-47FD-BFC8-513BA1BFD670}
T{B1E62D9F-5F66-4526-A3CC-C1B200E88CEC}
T{E1ADC680-FF08-4E3D-B0A4-C848ECC5529C}
T{859F76B4-4D9D-48B8-97A2-B575BE71643E}
T{2C32BDBD-9D7B-4537-9700-AC0083DA4E6F}
T{F4A720D8-FE69-44EA-BA20-2858484E9215}
T{C9272315-0D1F-460B-B237-650569F9920D}
T{8F6012FA-B3C9-4CDE-B7A2-6F7754FED65A}
T{4E6F1ACA-DFA0-45A2-99CC-0F96B2B2E7F4}
T{B09F2FBF-6E03-43AF-9B4C-71EAF7959CD2}
T{147368A7-3FB3-420A-8BFA-5AD72845F1E2}
T{668B4B95-302E-4A33-B1E9-07DB93703622}
T{3C5CFEAB-C2C7-4F48-A95B-6FDF3220B30C}
T{0BE2BD3B-C607-4855-8825-316EDC6B2BFD}
T{970DF23A-2C2C-43FD-A81E-ACE158791DA7}
T{479E76FD-96B1-4EB9-87D0-44672B6EC0D8}
T{D78A1192-5CB9-4FD0-A743-BF36F9FECA77}
T{3C9B9938-6A0A-43B9-AA34-09D724958272}
T{569EF473-4A45-49B7-A5FE-984F380B1814}
T{1C15A848-32EA-420F-9E1D-5869169E2434}
T{5A3C78B2-BD49-4A25-A84F-98BF4EEE6FA0}
T{416DE619-FF2B-45CC-A8CF-7F590CC3D5E8}
T{1FFDB99D-9163-405E-B68F-EF3667708C22}
T{76BCC99D-28DC-4D86-AEA5-9DDEEB7275EE}
T{2A9F092D-31BB-4BC8-8C11-693A5268379C}
T{B3EFF71D-A272-4C0F-B81E-65FACE5A4AA1}
T{186F7233-2B54-4AFD-94B9-4FE368759EB1}
T{85D4D424-BEF5-4946-ADB5-A5E45BDCBE7B}
T{9F222D97-B49C-4029-BFFC-DBFB4A640676}
T{353FC933-A7F5-4000-8C5C-6721DCC706A8}
T{164065A9-99A0-4F9F-A7DA-D0E4D4521F44}
T{A9FDDB13-F96D-4F44-A652-252C67527D41}
T{B3579977-D4AD-4589-90DD-752A0ABDEFC6}
T{06559319-BD5C-49B4-8941-291EC2EC6522}
F{01D7C85D-D115-409F-BA34-49AA733FC388}
T{431ED83E-C950-47B6-B81B-719EFB04DEE8}
T{AC5ADFE1-BC14-4DD1-A7B7-5EB8E97E67AA}
T{6DCCCEA0-31C0-48C3-8F6B-61C5F44187C6}
T{CFD5C9B1-FC5F-4E1A-9DBF-422B2B86E18B}
T{3717AFFE-B1EC-4503-BDE7-C9DFEA811EBF}
T{F935D383-52FA-4A4B-AF06-468021C05AD7}
T{4EEE2B89-24E3-4D9F-AA3A-981DD4F4DD03}
T{3E82EC0A-8A63-4CED-AF41-AD4C2630EB47}
T{8F6012FA-B3C9-4CDE-B7A2-6F7754FED65A}
T{6DB8B899-29BA-4F32-BC4E-30F0BE03F5BE}
T{3D076BAF-B45B-4575-B9AC-0236CB2F4AB1}
T{5DA95A32-824D-41CD-A257-300C05AD7A65}
T{B204FA24-A923-4FB3-952A-76D652B78CE4}
T{2A21D5CA-DAAF-49FC-8109-C08578D61A4E}
T{21059E55-A291-45FD-AD33-090FCF99E7B5}
T{D096EFEC-5EE5-4AF6-B0A7-7C3F804AF816}
T{BA21CB4C-741D-423A-A0F4-B0816DDFAE90}
T{5CFE949C-3375-42D1-B372-4B9F2D3363F9}
T{5259517D-4686-4917-B2E7-7DC41D4EA21B}
T{F34E0B11-1C88-4CF3-A9E9-B7D84A07D2DA}
T{B467955F-9163-42BD-9E4E-C2B8DFCA4599}
T{8CD8967A-2EAB-4D5B-961A-C02CAFCF5C1C}
T{BCACEF18-C874-4C91-8287-78A1798638D2}
T{73956D02-E81B-4E91-A82F-DEBAC1B3BC1A}
T{5A3C78B2-BD49-4A25-A84F-98BF4EEE6FA0}
F{5AE32A76-4553-4458-A8A2-F460DB3662FA}
T{E32936C1-F8C8-4508-865B-3AC57B90F281}
T{E06CD07E-64DA-4675-BAA1-D4DCDC23F37A}
T{F0C5FF9B-F23A-4802-B9E9-7516750BE217}
T{0358477E-5F48-40EB-BE16-9BB7AD39FF18}
T{C621C91B-0277-43CD-A204-25DB6F19FECC}
T{E5B1009B-AB0D-47FF-B803-38E0544CC55A}
T{C621C91B-0277-43CD-A204-25DB6F19FECC}
T{CC424D8E-DB08-410E-9CCA-37B0B8A58858}
T{3717AFFE-B1EC-4503-BDE7-C9DFEA811EBF}
T{431ED83E-C950-47B6-B81B-719EFB04DEE8}
T{CFD1B584-D36F-4AD6-BA4B-82D8E3FD29FB}
T{10B8AFA8-7911-4EF7-8677-A70E19DD6AF2}
T{8CD8967A-2EAB-4D5B-961A-C02CAFCF5C1C}
T{EC4C105E-51D1-49C4-B632-9D92AF5DB947}
T{79DF6610-E1BB-4042-812D-0A195A8AC1BE}
T{439F8683-0EC0-4045-9F6D-1659C1AF4D93}
F{B08E1FA9-4F14-4A75-AC1D-9CB75BEECC75}
T{4866AA86-6C63-46F8-B0F7-BFB4BDC40AC6}
T{910D3874-10E3-464C-86F2-EE89E3CF8111}
T{90446ED4-AE3E-4040-BB1B-76CF1A5B7E6B}
T{1FA7C022-CE2B-45E9-BA0E-30AB62C40ABD}
T{693B44FF-DB8E-47A6-8D21-1C5738A64BDF}
T{31542163-DBB0-4BDE-BDD2-1245506C55F1}
T{7A8FD169-737F-4771-B9F9-F8ED4E6511C7}
T{ACD77D05-4155-4710-9087-1E3B902580D5}
T{4EEE2B89-24E3-4D9F-AA3A-981DD4F4DD03}
F{729EE44F-76F9-44FA-A878-A9767619C95C}
T{6E4FDBDD-3511-47E2-8B78-4C342C11D202}
T{E685E5F2-0404-4950-9066-C254B49448E5}
T{050AE1BF-00EA-4EAD-ADCD-0AF5BD22CC3D}
T{0315ADE4-D4CD-43A7-99EF-90D5F99F5EF1}
T{5A4F9AFA-8DD4-43FF-BF43-D81B6435FFA5}
T{68BC2A61-5A00-4A9C-98D8-51C2A0696DD1}
T{2720E3FE-A401-4E81-8924-8DD69BAC7EC0}
T{D0BB5B03-91F3-4D78-98E5-2865D0543CDF}
T{0F8801E8-D250-43AC-8602-0B118678B55E}
T{02F9B818-2E8A-40FF-8F13-FE60CC825B7C}
T{4B015E8A-8D51-4086-B8B6-C14E670E8CAF}
T{1C15A848-32EA-420F-9E1D-5869169E2434}
