T{D3043E86-673A-4089-8027-2C65DA56470F}
T{44CB2BE5-9C92-4BE5-B120-10EE6FF87C82}
T{C06C1149-ED05-4AFB-BFC9-3A7055CF88B6}
T{9BA29DED-803C-4B1E-8243-9AA6EE3DA742}
T{738DCA7C-B62C-429A-B712-6022BAC970DC}
T{5AE32A76-4553-4458-A8A2-F460DB3662FA}
T{738DCA7C-B62C-429A-B712-6022BAC970DC}
T{F0F4D909-5FB8-41B8-B373-9D604A993353}
T{85C4298E-0574-4092-8270-F44973137ED7}
T{B3579977-D4AD-4589-90DD-752A0ABDEFC6}
T{EBCF0615-4612-41B6-B3BD-600920F4941B}
T{729EE44F-76F9-44FA-A878-A9767619C95C}
T{910D3874-10E3-464C-86F2-EE89E3CF8111}
T{BE5B93E8-6104-461A-8FBA-B47973B8C423}
T{CA751CBD-C055-4717-9D4C-EDA89B8655E6}
T{2F913E24-0659-4568-BBBD-770E80DD7BCA}
T{557C3391-BE96-4109-9FD5-1DC0981747E2}
T{C046E1C2-887A-4C0F-86F8-1AF41F3ECB27}
T{E48E37F7-DABA-4D38-B613-A0F9158488F3}
F{B08E1FA9-4F14-4A75-AC1D-9CB75BEECC75}
T{910D3874-10E3-464C-86F2-EE89E3CF8111}
T{BF683CAC-0C3D-4821-85CF-DFF1FB892349}
T{783110C9-9627-4E75-9506-31B4DA97B095}
T{738DCA7C-B62C-429A-B712-6022BAC970DC}
F{E153C2A6-C83B-48D9-9744-C1DAF1D2F6A0}
T{44CB2BE5-9C92-4BE5-B120-10EE6FF87C82}
T{85C4298E-0574-4092-8270-F44973137ED7}
T{10DAEA13-0D39-407C-9160-E1A1469D3C9E}
T{521CEF31-D86E-4994-82D8-7D4B4337FB3E}
T{9D6A4EEB-24EC-4A7C-9568-CEF17656B6D4}
T{749FADEB-0C27-4BEF-87B4-6B637C39B151}
T{C1345BAC-0F97-43BF-8B90-8B867D80C948}
T{CB34698D-D002-4510-B2DD-C3940E052DB7}
T{5AE32A76-4553-4458-A8A2-F460DB3662FA}
T{53DB61D1-A3DD-46CF-AAC5-F91F6AEEDBAE}
T{E928D57F-F7CC-4A45-B400-9A2C39A84BE7}
T{3C5CFEAB-C2C7-4F48-A95B-6FDF3220B30C}
T{F7072A38-7FB5-49CF-A80B-FD6F78F5EDCD}
T{C06C1149-ED05-4AFB-BFC9-3A7055CF88B6}
T{853EFEF7-4BD8-4119-8B2E-2D240F01400A}
T{F927D7A0-9C30-4948-ABC7-54C2FBCA3643}
T{30C8F769-3142-4486-8E4C-8F46F8045A9D}
T{CBC88D18-289B-4536-8B4B-57B87920AA54}
T{E93B3FBE-6D1B-4F9E-8976-C244793077F2}
T{CA751CBD-C055-4717-9D4C-EDA89B8655E6}
T{8EC0969C-693B-4D1B-9B1C-C412A827BACD}
T{06B671F7-E2F6-41C8-B11C-494E3B9F48D5}
T{A57C9B20-6EC1-41ED-A5AC-5BDCD1C17E04}
T{10B43F8C-5090-4D29-A7C6-4E433C122B53}
T{E153C2A6-C83B-48D9-9744-C1DAF1D2F6A0}
T{C84A569D-A473-42CA-87AB-A7751406C8FA}
T{0597A5B9-AA74-4529-9764-79F3B4EF4985}
T{C3E443B0-A17D-4F68-8F72-84E1A38C57AC}
T{117A0B01-2A12-4F1F-896A-FBE1495AA375}
T{E4AFE9C0-435E-4CC0-8A57-92C4A690D991}
F{353F8A70-8E82-41D8-92B7-8CC02A7D3EA0}
F{BBD05FDC-2959-4072-9D35-4CCB0B51C296}
T{F2C56F38-DF65-4827-8B59-5B55D0DFECD2}
T{016336A7-8348-49D8-AC30-5554EF664064}
T{3C5CFEAB-C2C7-4F48-A95B-6FDF3220B30C}
T{B08E1FA9-4F14-4A75-AC1D-9CB75BEECC75}
T{E076BE89-92D4-4E23-A4CA-7F4FE24C26CF}
T{CB52DE78-D5CE-4132-A483-9845B89AED49}
T{CC7F3AA4-3908-42A6-B404-DC4C8E2F05A8}
T{44CB2BE5-9C92-4BE5-B120-10EE6FF87C82}
T{CC7F3AA4-3908-42A6-B404-DC4C8E2F05A8}
T{3C5CFEAB-C2C7-4F48-A95B-6FDF3220B30C}
F{E48E37F7-DABA-4D38-B613-A0F9158488F3}
T{ADE0DDD1-922E-47C9-ABF9-1E02BB49638D}
T{043239E1-66F3-442B-8410-4758069E71EE}
T{2C569B43-C3D0-4DCB-83EE-793AD8A8D684}
T{C046E1C2-887A-4C0F-86F8-1AF41F3ECB27}
T{E48E37F7-DABA-4D38-B613-A0F9158488F3}
T{030E9D1A-AE36-4AF8-8631-F96CE141713A}
T{F1D209CA-1BF7-48D0-8BA5-63C8DE491F03}
T{EBCF0615-4612-41B6-B3BD-600920F4941B}
T{B8660163-5BC3-4DFE-8705-063CC28ADE5E}
F{73956D02-E81B-4E91-A82F-DEBAC1B3BC1A}
F{589D2EE5-AE2F-4544-84D5-5BC29B0BE0ED}
T{FF5E2548-EE6F-4277-AB12-93465E893B95}
T{521CEF31-D86E-4994-82D8-7D4B4337FB3E}
T{5DDD3889-4FFB-4B60-921F-18BF7C49B001}
T{7CD78814-370A-440A-9F17-E65DEAFCE86C}
T{30C8F769-3142-4486-8E4C-8F46F8045A9D}
T{353F8A70-8E82-41D8-92B7-8CC02A7D3EA0}
T{783110C9-9627-4E75-9506-31B4DA97B095}
T{AA18B2CC-0325-42E6-BB16-B84619056F0D}
T{A57C9B20-6EC1-41ED-A5AC-5BDCD1C17E04}
T{E93B3FBE-6D1B-4F9E-8976-C244793077F2}
T{53DB61D1-A3DD-46CF-AAC5-F91F6AEEDBAE}
T{CBC88D18-289B-4536-8B4B-57B87920AA54}
T{34A4CC01-A441-4327-B39E-229E67C158D5}
T{20B6A067-5E99-4396-8F11-A329F80067EB}
F{9B103C79-CCEC-4DF2-A417-D667DCD49DF7}
T{EBCF0615-4612-41B6-B3BD-600920F4941B}
T{9E12C547-C75D-4B8E-AA71-BE6B155E0E2A}
T{E079066D-0485-4731-A6D5-E7DA26C2004B}
T{E9A47D6F-D41A-466B-BC43-0F031536620C}
T{B08E1FA9-4F14-4A75-AC1D-9CB75BEECC75}
T{C5D6A642-976E-4320-BAB2-CB8053842CCD}
T{9B103C79-CCEC-4DF2-A417-D667DCD49DF7}
T{A598D530-A0B9-420C-A517-FB7C36E7A048}
T{783110C9-9627-4E75-9506-31B4DA97B095}
T{ADE0DDD1-922E-47C9-ABF9-1E02BB49638D}
T{32D6CCF5-B0ED-4F0E-AB7A-50FD172BDAD8}
T{8781C560-C1D1-4D7B-A14E-12044D412E63}
T{E48E37F7-DABA-4D38-B613-A0F9158488F3}
T{8EC0969C-693B-4D1B-9B1C-C412A827BACD}
T{C84A569D-A473-42CA-87AB-A7751406C8FA}
T{E48E37F7-DABA-4D38-B613-A0F9158488F3}
T{E48E37F7-DABA-4D38-B613-A0F9158488F3}
T{2876C8AD-3954-45C1-92AA-CA61AF97C4F6}
T{5F365099-DA9C-4D1B-AD51-34DFA49312F8}
T{F0F4D909-5FB8-41B8-B373-9D604A993353}
T{BD86A5CF-8576-4548-BF7A-96CF8330A517}
T{853EFEF7-4BD8-4119-8B2E-2D240F01400A}
T{1DB6262F-A30A-4592-AB49-F553BB424A86}
T{A57C9B20-6EC1-41ED-A5AC-5BDCD1C17E04}
T{CC7F3AA4-3908-42A6-B404-DC4C8E2F05A8}
T{8781C560-C1D1-4D7B-A14E-12044D412E63}
T{4E710C10-4322-406C-BBD6-7B186E50C7F4}
T{738DCA7C-B62C-429A-B712-6022BAC970DC}
T{7DA08544-0C0C-4B63-BC2F-4C5B732DF42D}
T{8705009C-101F-43E0-9311-9B6E713B0F0A}
T{CB34698D-D002-4510-B2DD-C3940E052DB7}
T{F927D7A0-9C30-4948-ABC7-54C2FBCA3643}
T{EBCF0615-4612-41B6-B3BD-600920F4941B}
T{5AE32A76-4553-4458-A8A2-F460DB3662FA}
T{B08E1FA9-4F14-4A75-AC1D-9CB75BEECC75}
T{C5D6A642-976E-4320-BAB2-CB8053842CCD}
T{50118F6D-54B4-4099-B8FC-F105B76EED79}
T{A9061736-863F-4141-93D4-057CE4954F21}
T{73956D02-E81B-4E91-A82F-DEBAC1B3BC1A}
T{9D6A4EEB-24EC-4A7C-9568-CEF17656B6D4}
T{32D6CCF5-B0ED-4F0E-AB7A-50FD172BDAD8}
T{F9478383-C96B-4EBA-AB1B-01B299D9F0F9}
T{7EE441D7-1EE1-48AD-A734-10F804820B32}
T{7F2B6B12-CD9E-4B8A-842E-AB68D5DE7F69}
T{E8C46512-5EA7-4CA5-B6BB-CD83DECABCD0}
T{D600CB65-D390-48E2-AAC5-4436A31575D4}
T{0597A5B9-AA74-4529-9764-79F3B4EF4985}
F{8705009C-101F-43E0-9311-9B6E713B0F0A}
T{994B5365-8290-46E2-9328-FD17A963CFAC}
F{9F48EB6E-D18E-466C-A5A7-3B2620BB8DF5}
T{994B5365-8290-46E2-9328-FD17A963CFAC}
T{85C4298E-0574-4092-8270-F44973137ED7}
T{5DDD3889-4FFB-4B60-921F-18BF7C49B001}
T{738DCA7C-B62C-429A-B712-6022BAC970DC}
T{10DAEA13-0D39-407C-9160-E1A1469D3C9E}
T{353F8A70-8E82-41D8-92B7-8CC02A7D3EA0}
T{10DAEA13-0D39-407C-9160-E1A1469D3C9E}
T{C1345BAC-0F97-43BF-8B90-8B867D80C948}
T{0597A5B9-AA74-4529-9764-79F3B4EF4985}
T{77912251-E26E-42AF-A42D-474E34FE17C4}
T{117A0B01-2A12-4F1F-896A-FBE1495AA375}
T{6D9C4B44-B18F-4F9B-9E81-0AEBFBBB321A}
T{10DAEA13-0D39-407C-9160-E1A1469D3C9E}
T{7DA08544-0C0C-4B63-BC2F-4C5B732DF42D}
T{50118F6D-54B4-4099-B8FC-F105B76EED79}
T{BD86A5CF-8576-4548-BF7A-96CF8330A517}
T{E153C2A6-C83B-48D9-9744-C1DAF1D2F6A0}
T{B8660163-5BC3-4DFE-8705-063CC28ADE5E}
T{0F73EF9E-8D0E-426D-8788-AF6263377BB4}
T{34A4CC01-A441-4327-B39E-229E67C158D5}
T{73956D02-E81B-4E91-A82F-DEBAC1B3BC1A}
T{87430541-EA89-4137-B731-E58701AAA1CC}
T{85C4298E-0574-4092-8270-F44973137ED7}
T{3311A06B-C525-478D-89DD-C35D067F6A65}
T{A598D530-A0B9-420C-A517-FB7C36E7A048}
T{353F8A70-8E82-41D8-92B7-8CC02A7D3EA0}
T{3ECC5C87-B7E0-4A1C-8A6B-FDCE4A68EBF6}
T{E48E37F7-DABA-4D38-B613-A0F9158488F3}
T{D34F1C00-1E05-4CEF-AA86-8CB2F752CB31}
T{C5D6A642-976E-4320-BAB2-CB8053842CCD}
T{3311A06B-C525-478D-89DD-C35D067F6A65}
T{B08E1FA9-4F14-4A75-AC1D-9CB75BEECC75}
T{10DAEA13-0D39-407C-9160-E1A1469D3C9E}
T{7EE441D7-1EE1-48AD-A734-10F804820B32}
T{E928D57F-F7CC-4A45-B400-9A2C39A84BE7}
T{E928D57F-F7CC-4A45-B400-9A2C39A84BE7}
T{749FADEB-0C27-4BEF-87B4-6B637C39B151}
T{9E12C547-C75D-4B8E-AA71-BE6B155E0E2A}
T{CB28B555-6530-4A5F-89E8-F92C756FA48A}
T{539D549E-F433-4F03-97CE-901E056B560D}
T{729EE44F-76F9-44FA-A878-A9767619C95C}
T{50118F6D-54B4-4099-B8FC-F105B76EED79}
T{30C8F769-3142-4486-8E4C-8F46F8045A9D}
T{EBCF0615-4612-41B6-B3BD-600920F4941B}
T{223C27FF-649A-466A-9294-6D09458F7F8D}
T{9A8D6E05-D267-4FF0-87B6-EBF608FB5721}
T{CB28B555-6530-4A5F-89E8-F92C756FA48A}
T{A598D530-A0B9-420C-A517-FB7C36E7A048}
T{589D2EE5-AE2F-4544-84D5-5BC29B0BE0ED}
T{C046E1C2-887A-4C0F-86F8-1AF41F3ECB27}
T{B08E1FA9-4F14-4A75-AC1D-9CB75BEECC75}
T{F9478383-C96B-4EBA-AB1B-01B299D9F0F9}
T{BD86A5CF-8576-4548-BF7A-96CF8330A517}
T{F0F4D909-5FB8-41B8-B373-9D604A993353}
T{CB28B555-6530-4A5F-89E8-F92C756FA48A}
T{73956D02-E81B-4E91-A82F-DEBAC1B3BC1A}
T{3C5CFEAB-C2C7-4F48-A95B-6FDF3220B30C}
T{15050FF4-8EB0-4A7B-BCE7-CD09182ECBCD}
T{EF899F26-7C62-4C72-934A-0A6E47E06557}
T{117A0B01-2A12-4F1F-896A-FBE1495AA375}
T{910D3874-10E3-464C-86F2-EE89E3CF8111}
T{117A0B01-2A12-4F1F-896A-FBE1495AA375}
T{A9061736-863F-4141-93D4-057CE4954F21}
T{20B6A067-5E99-4396-8F11-A329F80067EB}
T{729EE44F-76F9-44FA-A878-A9767619C95C}
T{0597A5B9-AA74-4529-9764-79F3B4EF4985}
T{A14752EF-A631-42E2-8B5F-03143F0286FC}
T{20B6A067-5E99-4396-8F11-A329F80067EB}
T{6AA39FD7-1E82-4C62-AAAE-A3D293F3A409}
T{C06C1149-ED05-4AFB-BFC9-3A7055CF88B6}
T{C06C1149-ED05-4AFB-BFC9-3A7055CF88B6}
T{7DA08544-0C0C-4B63-BC2F-4C5B732DF42D}
T{5DDD3889-4FFB-4B60-921F-18BF7C49B001}
T{B8660163-5BC3-4DFE-8705-063CC28ADE5E}
T{6AA39FD7-1E82-4C62-AAAE-A3D293F3A409}
T{607D8133-0B4A-4E6D-ABB1-091A6CC5765D}
T{7CD78814-370A-440A-9F17-E65DEAFCE86C}
T{5DA95A32-824D-41CD-A257-300C05AD7A65}
T{03A7FB1B-8178-4688-B6D9-9F852AC2E5EB}
T{557C3391-BE96-4109-9FD5-1DC0981747E2}
T{8BB65EBA-726D-4DCF-B41E-01DD9D95BE16}
T{D3043E86-673A-4089-8027-2C65DA56470F}
T{CB34698D-D002-4510-B2DD-C3940E052DB7}
