T{AC5ADFE1-BC14-4DD1-A7B7-5EB8E97E67AA}
T{0F73EF9E-8D0E-426D-8788-AF6263377BB4}
T{39731779-99C4-4780-9E8D-8706B2F3EBD0}
T{4866AA86-6C63-46F8-B0F7-BFB4BDC40AC6}
T{E153C2A6-C83B-48D9-9744-C1DAF1D2F6A0}
T{BBD05FDC-2959-4072-9D35-4CCB0B51C296}
T{86191833-71BD-433D-9980-23B0C3BAB930}
T{589D2EE5-AE2F-4544-84D5-5BC29B0BE0ED}
T{E076BE89-92D4-4E23-A4CA-7F4FE24C26CF}
T{9F48EB6E-D18E-466C-A5A7-3B2620BB8DF5}
T{4866AA86-6C63-46F8-B0F7-BFB4BDC40AC6}
T{70A2E9B8-3323-4466-B470-D3817DEC13EB}
F{2CF9A427-2C79-4365-9812-944D5A00765C}
T{D496B7E8-CCD6-4FBD-9955-B19815A0E81E}
T{0F73EF9E-8D0E-426D-8788-AF6263377BB4}
T{9B103C79-CCEC-4DF2-A417-D667DCD49DF7}
T{ECBA23C4-4E3E-4C7F-996A-3473D0ADD862}
T{B26C121E-B8C3-4864-AD6F-38477DF4F5C0}
T{BBD05FDC-2959-4072-9D35-4CCB0B51C296}
T{9F48EB6E-D18E-466C-A5A7-3B2620BB8DF5}
T{4866AA86-6C63-46F8-B0F7-BFB4BDC40AC6}
T{C8AE071F-F3B8-45C8-AE44-53F435301003}
T{1247BEE1-AE4C-4B0B-B9E5-9E0518E3CA51}
T{87430541-EA89-4137-B731-E58701AAA1CC}
T{E153C2A6-C83B-48D9-9744-C1DAF1D2F6A0}
T{46DA26CF-F56D-40B4-8B4D-C28154D2B839}
T{8705009C-101F-43E0-9311-9B6E713B0F0A}
T{1247BEE1-AE4C-4B0B-B9E5-9E0518E3CA51}
T{87430541-EA89-4137-B731-E58701AAA1CC}
T{9B103C79-CCEC-4DF2-A417-D667DCD49DF7}
T{9F48EB6E-D18E-466C-A5A7-3B2620BB8DF5}
T{8705009C-101F-43E0-9311-9B6E713B0F0A}
T{E8C46512-5EA7-4CA5-B6BB-CD83DECABCD0}
T{2CF9A427-2C79-4365-9812-944D5A00765C}
T{016336A7-8348-49D8-AC30-5554EF664064}
T{0F73EF9E-8D0E-426D-8788-AF6263377BB4}
F{96C63D3B-E790-4922-A708-208CA6DA3EBD}
T{E153C2A6-C83B-48D9-9744-C1DAF1D2F6A0}
T{9F48EB6E-D18E-466C-A5A7-3B2620BB8DF5}
T{AC5ADFE1-BC14-4DD1-A7B7-5EB8E97E67AA}
T{F88DDABC-D39F-441C-9385-AA512F153235}
T{016336A7-8348-49D8-AC30-5554EF664064}
T{ECBA23C4-4E3E-4C7F-996A-3473D0ADD862}
T{BBD05FDC-2959-4072-9D35-4CCB0B51C296}
T{86191833-71BD-433D-9980-23B0C3BAB930}
T{2CF9A427-2C79-4365-9812-944D5A00765C}
T{BBD05FDC-2959-4072-9D35-4CCB0B51C296}
T{E8C46512-5EA7-4CA5-B6BB-CD83DECABCD0}
T{2CF9A427-2C79-4365-9812-944D5A00765C}
T{BBD05FDC-2959-4072-9D35-4CCB0B51C296}
T{E076BE89-92D4-4E23-A4CA-7F4FE24C26CF}
T{39731779-99C4-4780-9E8D-8706B2F3EBD0}
T{EF899F26-7C62-4C72-934A-0A6E47E06557}
T{E153C2A6-C83B-48D9-9744-C1DAF1D2F6A0}
T{0F73EF9E-8D0E-426D-8788-AF6263377BB4}
T{5F61174B-D25C-4B6B-8D52-6FB706EA2749}
T{2CF9A427-2C79-4365-9812-944D5A00765C}
T{C8AE071F-F3B8-45C8-AE44-53F435301003}
T{0F73EF9E-8D0E-426D-8788-AF6263377BB4}
T{F1D209CA-1BF7-48D0-8BA5-63C8DE491F03}
T{9F48EB6E-D18E-466C-A5A7-3B2620BB8DF5}
T{186F7233-2B54-4AFD-94B9-4FE368759EB1}
T{1247BEE1-AE4C-4B0B-B9E5-9E0518E3CA51}
T{BBD05FDC-2959-4072-9D35-4CCB0B51C296}
T{4866AA86-6C63-46F8-B0F7-BFB4BDC40AC6}
T{F88DDABC-D39F-441C-9385-AA512F153235}
T{E076BE89-92D4-4E23-A4CA-7F4FE24C26CF}
T{BBD05FDC-2959-4072-9D35-4CCB0B51C296}
T{D496B7E8-CCD6-4FBD-9955-B19815A0E81E}
T{70A2E9B8-3323-4466-B470-D3817DEC13EB}
T{87430541-EA89-4137-B731-E58701AAA1CC}
T{9B103C79-CCEC-4DF2-A417-D667DCD49DF7}
T{E153C2A6-C83B-48D9-9744-C1DAF1D2F6A0}
T{970DF23A-2C2C-43FD-A81E-ACE158791DA7}
T{8705009C-101F-43E0-9311-9B6E713B0F0A}
T{ECBA23C4-4E3E-4C7F-996A-3473D0ADD862}
T{9B103C79-CCEC-4DF2-A417-D667DCD49DF7}
T{BF35D7D9-9B6B-468D-99D5-91E3056CC93F}
T{970DF23A-2C2C-43FD-A81E-ACE158791DA7}
T{E076BE89-92D4-4E23-A4CA-7F4FE24C26CF}
T{639D3F72-7857-434F-96EC-19D8C653E42B}
T{BBD05FDC-2959-4072-9D35-4CCB0B51C296}
T{9F48EB6E-D18E-466C-A5A7-3B2620BB8DF5}
T{BBD05FDC-2959-4072-9D35-4CCB0B51C296}
T{494ADF45-1C13-41A5-8B73-0EDF94A1B800}
T{2CF9A427-2C79-4365-9812-944D5A00765C}
T{1CAC01BA-995C-4B13-91F6-5A557C76493B}
T{9F48EB6E-D18E-466C-A5A7-3B2620BB8DF5}
T{AC5ADFE1-BC14-4DD1-A7B7-5EB8E97E67AA}
T{86191833-71BD-433D-9980-23B0C3BAB930}
T{2CF9A427-2C79-4365-9812-944D5A00765C}
T{BF35D7D9-9B6B-468D-99D5-91E3056CC93F}
T{68C364BA-4A8D-4594-85A4-9835A2A2DF14}
T{D496B7E8-CCD6-4FBD-9955-B19815A0E81E}
T{8705009C-101F-43E0-9311-9B6E713B0F0A}
T{46DA26CF-F56D-40B4-8B4D-C28154D2B839}
T{1247BEE1-AE4C-4B0B-B9E5-9E0518E3CA51}
T{B26C121E-B8C3-4864-AD6F-38477DF4F5C0}
T{8705009C-101F-43E0-9311-9B6E713B0F0A}
T{BBD05FDC-2959-4072-9D35-4CCB0B51C296}
T{ECBA23C4-4E3E-4C7F-996A-3473D0ADD862}
T{2CF9A427-2C79-4365-9812-944D5A00765C}
T{2CF9A427-2C79-4365-9812-944D5A00765C}
T{F88DDABC-D39F-441C-9385-AA512F153235}
T{9B103C79-CCEC-4DF2-A417-D667DCD49DF7}
T{5F61174B-D25C-4B6B-8D52-6FB706EA2749}
T{46DA26CF-F56D-40B4-8B4D-C28154D2B839}
T{8705009C-101F-43E0-9311-9B6E713B0F0A}
T{86191833-71BD-433D-9980-23B0C3BAB930}
T{5F61174B-D25C-4B6B-8D52-6FB706EA2749}
T{1CAC01BA-995C-4B13-91F6-5A557C76493B}
T{1CAC01BA-995C-4B13-91F6-5A557C76493B}
T{70A2E9B8-3323-4466-B470-D3817DEC13EB}
T{39731779-99C4-4780-9E8D-8706B2F3EBD0}
T{E153C2A6-C83B-48D9-9744-C1DAF1D2F6A0}
T{8705009C-101F-43E0-9311-9B6E713B0F0A}
T{1247BEE1-AE4C-4B0B-B9E5-9E0518E3CA51}
T{86191833-71BD-433D-9980-23B0C3BAB930}
T{E153C2A6-C83B-48D9-9744-C1DAF1D2F6A0}
T{B26C121E-B8C3-4864-AD6F-38477DF4F5C0}
T{E8C46512-5EA7-4CA5-B6BB-CD83DECABCD0}
T{8705009C-101F-43E0-9311-9B6E713B0F0A}
T{8705009C-101F-43E0-9311-9B6E713B0F0A}
T{639D3F72-7857-434F-96EC-19D8C653E42B}
T{85F65900-6BA5-46EA-8623-A5269A6EA30F}
T{85F65900-6BA5-46EA-8623-A5269A6EA30F}
T{9B103C79-CCEC-4DF2-A417-D667DCD49DF7}
T{85F65900-6BA5-46EA-8623-A5269A6EA30F}
T{38CC5925-BA34-4929-A51B-71A4A6FBA28E}
T{96C63D3B-E790-4922-A708-208CA6DA3EBD}
T{EF899F26-7C62-4C72-934A-0A6E47E06557}
T{F88DDABC-D39F-441C-9385-AA512F153235}
T{186F7233-2B54-4AFD-94B9-4FE368759EB1}
T{9F48EB6E-D18E-466C-A5A7-3B2620BB8DF5}
T{E076BE89-92D4-4E23-A4CA-7F4FE24C26CF}
T{F1D209CA-1BF7-48D0-8BA5-63C8DE491F03}
T{8F3F384B-1A17-4ED8-9C78-375D3FC73446}
T{39731779-99C4-4780-9E8D-8706B2F3EBD0}
T{F88DDABC-D39F-441C-9385-AA512F153235}
T{639D3F72-7857-434F-96EC-19D8C653E42B}
T{4866AA86-6C63-46F8-B0F7-BFB4BDC40AC6}
T{0232C3FE-B31C-4974-8093-C88F9BB82C90}
T{ECBA23C4-4E3E-4C7F-996A-3473D0ADD862}
T{F1D209CA-1BF7-48D0-8BA5-63C8DE491F03}
T{86191833-71BD-433D-9980-23B0C3BAB930}
T{F88DDABC-D39F-441C-9385-AA512F153235}
T{39731779-99C4-4780-9E8D-8706B2F3EBD0}
T{BBD05FDC-2959-4072-9D35-4CCB0B51C296}
T{E153C2A6-C83B-48D9-9744-C1DAF1D2F6A0}
T{9F48EB6E-D18E-466C-A5A7-3B2620BB8DF5}
T{E076BE89-92D4-4E23-A4CA-7F4FE24C26CF}
T{87430541-EA89-4137-B731-E58701AAA1CC}
T{86191833-71BD-433D-9980-23B0C3BAB930}
T{F88DDABC-D39F-441C-9385-AA512F153235}
T{8F3F384B-1A17-4ED8-9C78-375D3FC73446}
T{F88DDABC-D39F-441C-9385-AA512F153235}
T{ECBA23C4-4E3E-4C7F-996A-3473D0ADD862}
T{96C63D3B-E790-4922-A708-208CA6DA3EBD}
T{1247BEE1-AE4C-4B0B-B9E5-9E0518E3CA51}
T{8705009C-101F-43E0-9311-9B6E713B0F0A}
T{F88DDABC-D39F-441C-9385-AA512F153235}
T{F88DDABC-D39F-441C-9385-AA512F153235}
T{8705009C-101F-43E0-9311-9B6E713B0F0A}
T{2CF9A427-2C79-4365-9812-944D5A00765C}
T{E153C2A6-C83B-48D9-9744-C1DAF1D2F6A0}
T{8F3F384B-1A17-4ED8-9C78-375D3FC73446}
T{E8C46512-5EA7-4CA5-B6BB-CD83DECABCD0}
T{EF857B4A-2ED2-4A00-9726-841335087695}
T{EF857B4A-2ED2-4A00-9726-841335087695}
T{86191833-71BD-433D-9980-23B0C3BAB930}
T{87430541-EA89-4137-B731-E58701AAA1CC}
T{38CC5925-BA34-4929-A51B-71A4A6FBA28E}
T{E153C2A6-C83B-48D9-9744-C1DAF1D2F6A0}
T{E8C46512-5EA7-4CA5-B6BB-CD83DECABCD0}
T{72E2B329-604C-4ECA-9429-A61C8CB7C790}
T{46DA26CF-F56D-40B4-8B4D-C28154D2B839}
T{D496B7E8-CCD6-4FBD-9955-B19815A0E81E}
T{9F48EB6E-D18E-466C-A5A7-3B2620BB8DF5}
T{1247BEE1-AE4C-4B0B-B9E5-9E0518E3CA51}
T{E8C46512-5EA7-4CA5-B6BB-CD83DECABCD0}
T{70A2E9B8-3323-4466-B470-D3817DEC13EB}
T{9F48EB6E-D18E-466C-A5A7-3B2620BB8DF5}
T{87430541-EA89-4137-B731-E58701AAA1CC}
T{639D3F72-7857-434F-96EC-19D8C653E42B}
T{EF899F26-7C62-4C72-934A-0A6E47E06557}
T{BBD05FDC-2959-4072-9D35-4CCB0B51C296}
T{0232C3FE-B31C-4974-8093-C88F9BB82C90}
T{38CC5925-BA34-4929-A51B-71A4A6FBA28E}
T{4866AA86-6C63-46F8-B0F7-BFB4BDC40AC6}
T{D496B7E8-CCD6-4FBD-9955-B19815A0E81E}
T{E8C46512-5EA7-4CA5-B6BB-CD83DECABCD0}
T{8705009C-101F-43E0-9311-9B6E713B0F0A}
T{970DF23A-2C2C-43FD-A81E-ACE158791DA7}
T{539D549E-F433-4F03-97CE-901E056B560D}
T{EF857B4A-2ED2-4A00-9726-841335087695}
T{BF35D7D9-9B6B-468D-99D5-91E3056CC93F}
T{70A2E9B8-3323-4466-B470-D3817DEC13EB}
T{639D3F72-7857-434F-96EC-19D8C653E42B}
T{D496B7E8-CCD6-4FBD-9955-B19815A0E81E}
T{38CC5925-BA34-4929-A51B-71A4A6FBA28E}
T{AC5ADFE1-BC14-4DD1-A7B7-5EB8E97E67AA}
T{E153C2A6-C83B-48D9-9744-C1DAF1D2F6A0}
T{68C364BA-4A8D-4594-85A4-9835A2A2DF14}
T{BF35D7D9-9B6B-468D-99D5-91E3056CC93F}
T{E153C2A6-C83B-48D9-9744-C1DAF1D2F6A0}
T{E153C2A6-C83B-48D9-9744-C1DAF1D2F6A0}
T{639D3F72-7857-434F-96EC-19D8C653E42B}
T{2CF9A427-2C79-4365-9812-944D5A00765C}
T{2CF9A427-2C79-4365-9812-944D5A00765C}
T{D496B7E8-CCD6-4FBD-9955-B19815A0E81E}
T{639D3F72-7857-434F-96EC-19D8C653E42B}
T{4866AA86-6C63-46F8-B0F7-BFB4BDC40AC6}
T{970DF23A-2C2C-43FD-A81E-ACE158791DA7}
T{E076BE89-92D4-4E23-A4CA-7F4FE24C26CF}
T{539D549E-F433-4F03-97CE-901E056B560D}
T{86191833-71BD-433D-9980-23B0C3BAB930}
T{38CC5925-BA34-4929-A51B-71A4A6FBA28E}
T{639D3F72-7857-434F-96EC-19D8C653E42B}
T{2CF9A427-2C79-4365-9812-944D5A00765C}
T{8705009C-101F-43E0-9311-9B6E713B0F0A}
