T{ACD77D05-4155-4710-9087-1E3B902580D5}
T{9E0AE925-41B2-45BD-ACCD-F5D12719A976}
T{016F57B8-0196-4C68-97A7-397AAA275DFF}
T{41CE8483-BD3B-4EA8-817D-77445D0B61B0}
T{C5D6A642-976E-4320-BAB2-CB8053842CCD}
T{70A98FA3-7E33-4043-AD34-7C34EF7F2528}
T{8D1E4E40-F34B-4885-BE78-9D0DCF246177}
T{01D7C85D-D115-409F-BA34-49AA733FC388}
T{5056AA94-7581-4E32-B33E-B077DD6ECCD4}
F{553A8213-F725-4282-ADCD-0BCA0ABF50F4}
T{015B3D2F-E000-4AE5-ADA5-85CE12803D34}
T{E98489AC-2C9B-4947-B20C-A6D4B5EB1551}
T{8B6DC4DC-4261-4417-BDEC-63BD423893AD}
T{5A88A55A-64A8-49BD-9F25-53EFD02A37C6}
T{D6B9A408-BB19-4DAA-AD42-7724505DC822}
T{5056AA94-7581-4E32-B33E-B077DD6ECCD4}
T{193C623C-0DC6-4285-9EB9-A2272B85E544}
T{E3395758-CA5D-42EC-9CE3-248408048B47}
T{59A60E0C-3E25-4A18-9691-B87804A27023}
T{D3E69CBE-B364-400E-8D65-593F6EA2ED22}
T{A52B10DA-AF33-400B-8E49-A17D4F82B3AD}
T{D78A1192-5CB9-4FD0-A743-BF36F9FECA77}
T{E3395758-CA5D-42EC-9CE3-248408048B47}
T{EF81F7D8-ED1F-48C2-98DC-E2FCEEEE1A18}
F{94DCE239-C515-4950-B76B-5CC580D8F0F4}
T{9E0AE925-41B2-45BD-ACCD-F5D12719A976}
T{59372671-F5DA-430A-A52F-B2425B0FCF65}
T{015B3D2F-E000-4AE5-ADA5-85CE12803D34}
T{738DCA7C-B62C-429A-B712-6022BAC970DC}
T{9E0AE925-41B2-45BD-ACCD-F5D12719A976}
T{8B051F82-0398-4653-B3D7-9A62BC157A1C}
T{3D076BAF-B45B-4575-B9AC-0236CB2F4AB1}
T{5DA95A32-824D-41CD-A257-300C05AD7A65}
T{E5A444A1-C666-4E40-B2FB-D6521283E5B1}
T{2ACBB676-46C2-4E32-9CD0-592361B15D4F}
T{C0297B6E-BF78-4566-BD89-2B988574E3EC}
F{D51A08DE-302C-4241-A2CE-CB34CDB68A60}
T{E29E2476-2E30-4412-90CF-BF9DDB95C80A}
T{68C364BA-4A8D-4594-85A4-9835A2A2DF14}
T{0C993C3B-DC1A-456B-B07D-868FE9F5E312}
T{194BDB63-C6D7-4796-95C3-082F73CFC950}
T{A184F0C1-04AD-464F-B661-D4B86EA8A8B0}
T{E5B1009B-AB0D-47FF-B803-38E0544CC55A}
T{E29E2476-2E30-4412-90CF-BF9DDB95C80A}
F{41B25C51-E883-4D30-A5EF-AC5CBC7D961E}
T{729EE44F-76F9-44FA-A878-A9767619C95C}
T{3F49474C-37B6-4522-B5B1-974732D97353}
T{5A88A55A-64A8-49BD-9F25-53EFD02A37C6}
T{3B4978D0-4793-4E7B-A042-09A8D39C68E9}
F{7EB0AAA3-BEA9-4961-99A1-6AD61C0A7CCC}
T{2CF9A427-2C79-4365-9812-944D5A00765C}
T{F38A6811-1135-4C8C-AC69-2BB82FD17819}
T{353F8A70-8E82-41D8-92B7-8CC02A7D3EA0}
T{9F39F6ED-BBFE-4EA4-9B6A-87E15C1BAD1A}
T{AD740549-96A3-4CE8-B7D3-E6C0CA50B248}
T{0E120995-F268-4170-BF46-3E89BEAC5793}
T{ED7C0726-DB08-49ED-83BA-BFB8B226BFE7}
T{1C15A848-32EA-420F-9E1D-5869169E2434}
T{E5B1009B-AB0D-47FF-B803-38E0544CC55A}
T{497878B0-0CE8-40F5-BBDB-649B51095E05}
T{F76366A8-D581-437B-85EA-A3767951BDAB}
T{B1638F33-0118-41B9-BB92-3204AE05D243}
T{4B015E8A-8D51-4086-B8B6-C14E670E8CAF}
T{B80C3D14-84E0-458E-9C32-20D42837D272}
T{B85DFC15-0B64-439F-A044-71190EBCF76D}
T{0C0F9BDC-A457-47C6-99A7-19D2C8BD5825}
T{B1638F33-0118-41B9-BB92-3204AE05D243}
T{A598D530-A0B9-420C-A517-FB7C36E7A048}
T{36229AAA-0236-4DD0-A337-4102FFD5E19B}
T{BBD05FDC-2959-4072-9D35-4CCB0B51C296}
T{B675C6D8-8221-4841-A989-CC5EA37484E8}
F{31E65F81-05BB-49AA-8FB4-C11A3C20EBEA}
T{55E185DD-7BE4-45AF-8A66-BA1122C50555}
T{DC039036-7696-46ED-AB32-4A8BFD6D8FA2}
T{5A88A55A-64A8-49BD-9F25-53EFD02A37C6}
T{9F48EB6E-D18E-466C-A5A7-3B2620BB8DF5}
T{A6D7E995-DD66-46AF-8458-B3E8DC9093C9}
T{1FA4160F-00CD-4A1D-BE2B-781508F9A6AE}
T{910D3874-10E3-464C-86F2-EE89E3CF8111}
T{28D87847-970D-48BF-9BF2-A38CF608498B}
T{B08E1FA9-4F14-4A75-AC1D-9CB75BEECC75}
T{02F9B818-2E8A-40FF-8F13-FE60CC825B7C}
T{41A45C9F-C418-42FC-98B5-ECBA6A48D32E}
F{11294FE1-95F5-44AF-B5AE-BA514A3FC578}
T{DC039036-7696-46ED-AB32-4A8BFD6D8FA2}
T{AEBDAA24-1DF9-4D3C-B071-C255A9272394}
T{9D0D3213-A323-41F1-A4D1-BAF753DFF945}
T{FBEF59F2-61FB-4FB3-A2AD-EEA28FF9CCF8}
T{F2FAB52A-2972-41D8-A076-0DDCBDCD5B47}
T{01D7C85D-D115-409F-BA34-49AA733FC388}
T{A598D530-A0B9-420C-A517-FB7C36E7A048}
T{66329B81-4C55-4D81-8B87-8464A989786F}
T{B03D80C1-B245-47E3-A445-C7C32F1362AA}
T{AA1BC3C0-448A-4776-BEB5-938BED14CA8F}
F{9E7BC97B-BFD9-442E-AECE-DB0DAEEC6B6E}
T{5AE32A76-4553-4458-A8A2-F460DB3662FA}
T{EF857B4A-2ED2-4A00-9726-841335087695}
T{F985AD6A-BCF1-4FF5-8D68-6190E1F0ADA8}
T{1FFDB99D-9163-405E-B68F-EF3667708C22}
F{3C9B9938-6A0A-43B9-AA34-09D724958272}
T{5AE624DF-B3A0-422E-BC98-829F6B32E371}
T{016F57B8-0196-4C68-97A7-397AAA275DFF}
T{B09FBDEA-B673-43DB-AC24-68695BC1ACF5}
T{2C32BDBD-9D7B-4537-9700-AC0083DA4E6F}
T{E5243943-6A5F-45B7-84EA-C6E4E0C300EC}
T{F9478383-C96B-4EBA-AB1B-01B299D9F0F9}
T{5ED9A8DC-5566-4C43-A2F7-CBD356CC9A41}
T{1DD8B0BB-B8F5-4109-80FB-666D9F5AEF36}
T{193C623C-0DC6-4285-9EB9-A2272B85E544}
T{8705009C-101F-43E0-9311-9B6E713B0F0A}
T{28D87847-970D-48BF-9BF2-A38CF608498B}
T{F76366A8-D581-437B-85EA-A3767951BDAB}
T{D4CDF893-534F-40B2-964C-D0C4F51FFBA7}
T{37E8E1C4-A2C5-42AF-A911-0378E1C5D578}
T{CEB8EE2F-A619-497C-8910-FF0BE44ECF2F}
T{AD740549-96A3-4CE8-B7D3-E6C0CA50B248}
T{DBBDCDFD-CCF9-4CD7-B2CA-664B40AD95F5}
T{0ED21730-A9F2-43D7-83C6-5E03A5C4B38C}
T{10B8AFA8-7911-4EF7-8677-A70E19DD6AF2}
T{F7970881-3670-4B14-9A79-11E9B14D974B}
T{ACD77D05-4155-4710-9087-1E3B902580D5}
T{19624EBC-4CDC-47FD-BFC8-513BA1BFD670}
T{3921CDE4-5BF1-4ABA-8FAD-5B682169962C}
T{8D1E4E40-F34B-4885-BE78-9D0DCF246177}
T{C8F56C61-677B-4A4C-8E48-3371AD9207BD}
T{827AFC40-D724-476E-B0F3-1428733B4918}
F{CB28B555-6530-4A5F-89E8-F92C756FA48A}
F{A12456D3-1712-42C9-8839-1F4E641A5728}
T{F1F28069-683D-480B-8D59-ADB07E366329}
T{8CD8967A-2EAB-4D5B-961A-C02CAFCF5C1C}
T{7E6C90E9-E0FC-4F62-8E23-B9B95F36C94D}
T{2E2FA9B9-5526-4DA3-872B-38431976767B}
T{A184F0C1-04AD-464F-B661-D4B86EA8A8B0}
T{57FA6908-5B93-47F2-9BB9-EB731C6D7EE5}
T{F8DFD3B0-5A41-4FB8-951C-9B31FA7257FD}
T{194BDB63-C6D7-4796-95C3-082F73CFC950}
T{628E5504-34DE-4335-90AA-C140B64002C2}
T{5ED9A8DC-5566-4C43-A2F7-CBD356CC9A41}
T{CB212B9E-D72D-4E7A-B5BA-BFC9BEDB615B}
T{55B089B7-34D6-4A8F-8B77-BEF51B3C21DB}
T{55E185DD-7BE4-45AF-8A66-BA1122C50555}
T{738DCA7C-B62C-429A-B712-6022BAC970DC}
T{A52B10DA-AF33-400B-8E49-A17D4F82B3AD}
T{01D7C85D-D115-409F-BA34-49AA733FC388}
T{CF5F997A-D364-447C-B8BC-725E1B1182C4}
T{70A98FA3-7E33-4043-AD34-7C34EF7F2528}
F{8C2886EB-AABB-4C35-B405-85568A2E9B74}
T{83F5D758-30E9-4B57-98D7-8E85834EDC6A}
T{31E65F81-05BB-49AA-8FB4-C11A3C20EBEA}
T{553A8213-F725-4282-ADCD-0BCA0ABF50F4}
T{0C14834C-EB4D-4DD6-947B-6DB289FB0E14}
T{41A45C9F-C418-42FC-98B5-ECBA6A48D32E}
