F{8C2886EB-AABB-4C35-B405-85568A2E9B74}
T{553A8213-F725-4282-ADCD-0BCA0ABF50F4}
F{A12456D3-1712-42C9-8839-1F4E641A5728}
F{D51A08DE-302C-4241-A2CE-CB34CDB68A60}
F{94DCE239-C515-4950-B76B-5CC580D8F0F4}
T{3C9B9938-6A0A-43B9-AA34-09D724958272}
T{9E7BC97B-BFD9-442E-AECE-DB0DAEEC6B6E}
T{CB28B555-6530-4A5F-89E8-F92C756FA48A}
F{31E65F81-05BB-49AA-8FB4-C11A3C20EBEA}
T{7EB0AAA3-BEA9-4961-99A1-6AD61C0A7CCC}
T{11294FE1-95F5-44AF-B5AE-BA514A3FC578}
F{41B25C51-E883-4D30-A5EF-AC5CBC7D961E}
T{823778CF-50F7-446F-A4C6-32D043FB533B}
T{C6DBAE20-FD39-4C99-B9D1-11A51D43A1AF}
T{5B58B47E-178C-4C7E-8984-7334392D05C0}
T{F9FC1D43-FA1F-47ED-AE2D-7C17ED6F6ABB}
T{FA1AB0F4-1C5D-4D21-9BAC-19CC8C82C5E6}
T{0A9744B3-1D25-401E-B45B-0F830FA31649}
T{2F19C569-3BB6-452B-95CB-85F6DBE75890}
T{E10DC070-712E-448C-B3A5-9B1B1103AB27}
T{337C70C6-E734-4AE4-9986-10DED8DF1188}
T{AEBF6210-7CC9-4D67-9220-90829C2375E0}
T{9970D3D6-8CC4-4F6F-AA6E-5FB9C0BDB7E3}
T{E2B786BD-5F37-44D8-B083-FE0DF0EC2A96}
T{1EBD4CBF-70D7-453A-BBD2-73D6CE9CEA13}
T{C7592348-4A64-4D0F-A0D0-450C626DE43A}
T{7E80F39B-F4A4-44B2-A8BD-A44045DAC156}
T{945FC28A-923B-4B35-B71F-673885C74535}
T{3C3F4F31-6197-4A0F-A89D-0E903A7436BC}
T{63E0AA00-92E3-4BA3-969E-2D45193DBE1B}
T{46F37032-1D08-422D-971A-E9315C04D05D}
F{D81CB576-1091-42A7-B933-DF56BF55A2F6}
T{52222EF9-1C9D-4591-85FB-1387AD76861C}
T{86AB85F2-EB1A-4A08-8355-B28E6346A84F}
T{86B338E1-14E5-4F21-BA69-FED51434C944}
T{594477FA-35A3-4609-8E48-A5A1C00441FD}
T{969D4824-12EC-4775-BB67-60B25B21FAEB}
T{F8F766AE-B9EF-4480-8F00-497727BE3455}
T{9DEAD057-0B97-45E3-AD83-698C91BB221D}
T{B53F4E96-BC40-4B68-A476-1FC824A5BFC0}
T{85D2794F-0348-4C66-AB48-BB4D82221607}
T{E20C54C2-BE96-4458-A146-8BE307BB3602}
T{7DB925E9-2041-4FE3-89D8-AA1DF305B6A2}
T{A0F8C350-4842-41C3-8CBA-E5E7DEE29BF6}
T{8A05E659-DDEF-4239-A3E3-450434B42254}
T{CAA569D1-9EFE-4B38-8812-D9C1235AD867}
T{F9FFAE2F-DEF5-49D5-B8B1-DC8748CB7538}
T{E70515B7-3598-4D54-8B0C-77A8EF857942}
T{0FCFD51E-8B81-46DD-AC24-806268649D3F}
T{852FDEF1-226E-4399-A2F5-91A05B00A0AE}
T{E9A137B1-FD31-4BCC-B17E-C6F6A14E70F4}
T{C01A6468-5E7A-486A-B691-36FF5E64CB0F}
T{07146543-03D0-4668-8AC6-887672386306}
T{8FE0FFDB-FF26-4338-BF52-D29689627627}
T{80ECB63C-A483-4A0A-BFC9-D2ED70B431E4}
T{3972E64C-D59C-4325-AFAD-C94E2710C1EB}
T{0BDB2ACB-C89B-4CA9-9FD8-55E48D2D8DAF}
T{8D7490DD-2AA3-4E03-A92D-C00B4882CB22}
T{D80E1AE8-6F57-4CC8-9D21-377D973E1ADD}
T{D55F2928-166B-4A33-9C39-F1A249F7FDC9}
T{1B9E3399-9D00-483B-91FF-D8B91FD884E2}
T{B59246BF-FCDE-45CD-B7E4-9448371352A7}
T{D9492E8C-C825-4493-925F-C430D96CEB0B}
T{6E1AF524-1364-4DC5-8ADD-AFA0CBBFCD19}
T{A9C525CB-CB08-4D0F-AC81-A69D2792572A}
T{0412970B-1605-46D9-8430-465886A3B27D}
T{3E73B945-9D44-4CD6-88AF-1416F682303A}
T{90FA22B8-2822-46EC-8F6A-B3D6FA3F8720}
T{1E6F8874-B5B4-41F5-9618-8D271E0D7A84}
T{65D21852-1574-4B9C-8F51-8EB0AADA210C}
T{230D0612-25E4-4709-A124-15E27C7FF3E6}
T{435D361B-59D2-47E4-A53B-2E741A455C67}
T{65E6CFE1-4DD8-4440-8BB4-594E37B160C0}
T{D3BBFDAC-09B9-4BD4-A5AF-B519BDCDA14E}
T{BDE0A4CB-55C6-4790-A2CE-30EDF2FA3E8D}
T{8B8D56EB-A5E5-4095-A699-F7BCDAD193F5}
T{32E59475-C56C-48CE-89CF-9499DB821BCB}
T{9E73C8A7-7270-4A2F-9240-C3A98E11F2C0}
T{C695EF47-F3BF-4EB1-817F-8F12D214DFE7}
T{99AA33EC-A00D-4196-ADE1-C77F4075487B}
T{168DEBA1-AFCD-49C3-9EB2-8D5478D45813}
T{DBF39FD8-029C-41FC-A514-FC7379C92D65}
T{F575A72D-2ABA-4B74-A004-38F739B3DBC7}
T{12EAA79F-258C-49BF-AE72-E452C3944DA2}
T{97D12136-44E5-460C-821B-DE4E62C6705B}
T{43C70BDE-9A82-41CA-A3A4-5001D68EB48B}
T{40E07014-84D0-4CD7-86EA-BC8B64BB83E3}
T{E8923501-84D6-4281-80C8-10318C9FD42D}
T{1ECE994A-11B3-4A54-A7E7-B2187970EEC5}
T{4458E00D-6C0F-4011-AF7B-C9445F4145A2}
T{FBD47410-74F5-42D3-847E-1D99021E3D09}
T{76C823B4-DC7F-483A-A87B-C0939BFC2348}
T{C240BB78-799C-4F49-95D1-716AFB8F420E}
T{28DAE4CB-706F-4813-B60B-EFEAFCDB0B60}
T{B7C35FEB-B95C-40E9-ADF6-8A200FF8E53A}
T{699CF8BE-8081-4278-BED5-3BBEC00949B9}
T{ED7787B0-EF77-400A-8CCD-13952A219EB8}
T{D213F967-0931-45A5-B61A-20AE66A691BF}
T{AF271AA0-FC18-48A4-92AB-2EF5AC72A9C5}
T{4B6E30DA-8C1E-4074-A9A0-6899C9E0CC30}
T{3CD37A4F-EC74-4485-8B32-307392640AF2}
T{B35271A6-4A3D-42D4-B273-A857921896B1}
T{ECD6B62C-CE0F-4176-9735-6A5A1799F860}
T{905DDD95-84E4-47A8-989A-60DB21006CDA}
T{2AB9D5FC-D9C1-495B-867A-C59A2EB27113}
T{AD78A4CF-6C2E-4EBE-83E0-BBFBE58AF60D}
T{4EEE98A8-0721-47EF-B6EB-8341DAEDB1C3}
T{0A15DC2B-AD97-4E76-A59D-2B878FC750DF}
T{AAC07CC5-A342-4E6D-9EF3-F58A2F92747D}
T{4AC8E7B6-AB5C-4FF7-816F-2B863DB1C3E0}
T{50CE6FB3-C9ED-40B5-95FA-385B66C622AD}
T{D410340E-0821-42B9-964A-A4CD78FF5DA7}
T{0A449B10-AE78-4881-B687-DC27EBEE1A16}
T{60952F9B-C555-4E65-A609-8941E86FE349}
T{6E14113B-8E20-4B90-A537-A1B3B355DBB2}
T{20E5FDFD-74A5-41D4-932D-C4719BE1A293}
T{18F83909-6A1A-4622-90AE-146C40C1AC30}
T{30E1ABE3-BDB8-467F-97C0-18E60EC4A7A7}
T{0ADC088D-C9E3-483C-A819-C70EABC5BEA3}
T{E43F73F6-8C86-4281-9CF2-CECC665A3A94}
T{336A84C1-A53E-4829-B3E1-785739613E14}
T{FA4F9096-D8BC-4FD6-A0A9-F9966DEDE2D3}
T{B68677A3-87CF-4A19-AAE9-9D298188A145}
T{11917685-B637-4BE9-9F93-8221A78EE2E8}
T{8CA836ED-343A-4C2A-A46A-4121CF05378B}
T{DC2D879E-AA73-4D89-8026-8E53164AC37F}
T{9A29299B-58F1-4A27-89FA-36C209FC91F2}
T{A53AEC6E-EAE2-48C6-AA43-F3DF53185A6A}
T{89ADF979-0C2A-4B8F-AF26-4D14CE9658EE}
T{9A4B0DA5-20C6-4CD5-AE55-A58C98C17291}
T{2B18453D-4936-4449-9D11-2443AEDCD0DD}
T{169152A9-7F8A-45E4-9ED7-8ED43A9CAE7F}
T{DED38A89-1F9D-443B-86CF-13DDCCBCE0B6}
T{89BC0FCF-93F3-4D1B-95F4-4D915B16B5F5}
T{6723374C-F1D7-4DF1-AE6C-36EDD1A971B6}
T{66378EF2-14E5-4AE0-9CC2-5CEE951A442D}
T{7B73CA1F-DBB1-4376-AAE0-B7D2C58F69DD}
T{ADE3685C-8E78-4F5C-94A1-B26020B5E16A}
T{31562F44-9220-426A-945C-353A29473F3D}
T{52C94D8E-A1F4-4DF6-8D87-104425732458}
T{1D4F78E9-9511-4DFA-A172-3E0E344B459D}
T{C93B1D02-A609-4C81-9EF7-851CAA2B05F1}
T{013559A9-91A0-4FF2-A72B-FF837A52718A}
T{CA1DC972-39CD-4DDE-9B6D-DF33EE7BAE8C}
T{F44817C6-8D0C-44AD-8FB7-5CD14F0828C9}
T{82E381D5-E025-4BA4-BAB8-DCC33EF653A1}
T{795E9D40-8383-4E59-8C85-0AD8DAD5597D}
T{F38409B6-B168-449B-A5BE-0491835877FD}
T{9A3B30D0-1158-42A4-A7E8-FF01D24A5BB2}
T{E6B7E083-2EA9-4D70-9CF5-951ADF3A7D06}
T{1ED4B938-0B25-43A2-A982-0B3DEBC45174}
T{471906C0-84A4-4960-9DE5-98ADD006108B}
T{59187FC0-7319-4289-846A-3CA6B39C07A7}
T{C4628243-CB30-4922-A0F9-ADF4E77EB8F7}
T{CFE9C15C-7CDC-405C-8988-B3D056BD694E}
T{4593496C-7906-488C-9486-E8BF2389F591}
T{F0AA7F19-49A2-4F23-BD88-128AAF000A97}
T{0DAF6597-C132-4411-9A1F-31F13BB029BA}
T{298C5A78-83A4-488B-9C92-A16A1DE8C11E}
T{E4C09BA3-2467-449E-9753-0AFB6D1968FC}
T{C3393EDC-700E-4951-B901-BF4361805062}
T{239C7951-ED33-45B9-ADA7-199FBE835084}
T{C7E217FA-626B-4C5D-A125-2446473BBBB5}
T{5310ABBC-9A4F-41EE-AF71-8FE5E0E836A3}
T{64DE4DED-AFE7-4381-A375-1F56C1CC0997}
T{44F3BF50-EDD1-466F-B785-2E56FA8439F5}
T{DBCBA75E-BFCC-45DC-A7DB-AD2F673EDE17}
T{209C7C61-3921-4C09-B399-3F49C6267F82}
T{7E458168-6DD7-4C52-8638-3490190966CA}
T{33AFEBBB-F795-4E1D-A192-CE527DE9982D}
T{500DA248-8C1F-4383-A407-8FBA7F7EBB6A}
T{227FCB77-2C80-473B-AD15-A1CF0DFA4F44}
T{D55A6836-D588-4F71-A480-D8E687A4A7A4}
T{622B67CB-05D9-41B9-A909-A0FB09FAF1E1}
T{611D86DD-77C5-4F12-9453-E49FE4EA11CD}
T{3C7BE1EB-7DF0-4985-813A-2FE6FCF19A3A}
T{C1DC69A4-D9E3-4886-880C-E790BD9FD882}
T{08DC2140-C06D-4128-9B74-ED0C0C7D57BD}
T{F01C6E70-5EAE-4288-A176-430A441D767B}
T{BA8F9749-F1C1-47D3-821D-C7247AAE5CB2}
T{0E80DBBD-EE70-4A13-BAA0-89EADF5FB27D}
T{973E20DE-B501-4254-813C-D4F80234C294}
T{A988D573-98FF-4652-8159-CE6950410D98}
T{5508C5A0-7E9C-47EC-96F7-1015DDF00B89}
T{DE3BCA67-4C4C-4255-B831-DE76F550A32B}
T{5C692ACE-5EAA-4061-B529-827E3899455D}
T{B137127D-BFE2-4FB4-B644-7067378CE429}
T{B9EC0518-AC61-48F0-862D-F5CE574F0706}
T{A26F12AF-16C0-4EAA-A88F-D27857535ED0}
T{50BFE04F-99D1-4115-93A9-9C7638251780}
T{4B720B54-EA7A-4892-827E-2DE3FD2BA5AF}
T{A41F2E20-7319-4FD2-8C65-70668730027C}
T{2F0039A3-16D1-4C76-B7DB-4465EA7FD70B}
T{3524FECA-FAF4-453B-AEB9-BCE9274D3E37}
T{482B94D1-5A6F-41E6-941F-D492BD0DCE02}
T{19B02D79-2CAA-477B-9D1F-465DBDFEB606}
T{676C267E-14E6-444D-95E4-DBB05061F59F}
T{89CDCD49-C22A-4462-B340-DD7249376557}
T{98E338E7-6264-41B3-BFB1-6A074054C16D}
T{D1F4E996-38DE-4D40-BE0B-383D89E32F91}
T{E0711CC6-9846-4961-BD00-E90293DA4EEC}
T{A4F2B721-4DB6-4A2A-9DA2-92181051BE74}
T{5CC80056-E808-4440-8506-12B1B5EBD61D}
T{3A922559-E139-47AD-9723-7497580513D3}
T{C218EB35-E783-4B30-9152-238E9375A3B8}
T{055338C9-BFDC-4F0A-8B4E-A3A8ED1E3B39}
F{8F25E8DC-1701-4DA3-AF44-71644DE323C8}
T{7111BACD-4DCB-45BB-9473-47C6CFE03A15}
T{EDB76416-AACC-41CD-9EEE-4ABCAFD41452}
T{BC77F0FC-6A0E-42E8-80FF-279C93FE8C1E}
T{4B46A87E-5B42-4900-BFC5-E5BE6F5C0ECB}
T{362D0584-63A0-4CA7-A531-4054111D4CD3}
T{05D083C3-7021-4FF7-B811-2E715383945F}
T{4D4B7FCA-F428-46FB-B5DD-D5B2606CF9D2}
T{923C927B-5685-486F-B035-E0B61BC54DDC}
T{308B779B-6ED1-4599-9F27-017DDC7DBF18}
T{9B111588-7AC2-40D2-AF05-7BAAB006A5D9}
T{350CDC71-079D-42E5-BA19-E070B55D2DF9}
T{3CDA71B2-C0FF-45BF-9570-74C46652638A}
T{3F9C0304-68E1-405A-92F3-F7CD7464F3DA}
T{92A1B441-8AD8-4F1B-8183-D6BA3BE6683B}
T{D975CF80-83A1-416E-B301-1357AD91D672}
T{30704ACB-A693-42EB-959A-DAB35E51E77B}
