T{8C2886EB-AABB-4C35-B405-85568A2E9B74}
T{553A8213-F725-4282-ADCD-0BCA0ABF50F4}
T{8F25E8DC-1701-4DA3-AF44-71644DE323C8}
T{A12456D3-1712-42C9-8839-1F4E641A5728}
T{D51A08DE-302C-4241-A2CE-CB34CDB68A60}
T{94DCE239-C515-4950-B76B-5CC580D8F0F4}
T{3C9B9938-6A0A-43B9-AA34-09D724958272}
T{9E7BC97B-BFD9-442E-AECE-DB0DAEEC6B6E}
T{CB28B555-6530-4A5F-89E8-F92C756FA48A}
T{D81CB576-1091-42A7-B933-DF56BF55A2F6}
T{31E65F81-05BB-49AA-8FB4-C11A3C20EBEA}
T{7EB0AAA3-BEA9-4961-99A1-6AD61C0A7CCC}
T{11294FE1-95F5-44AF-B5AE-BA514A3FC578}
T{41B25C51-E883-4D30-A5EF-AC5CBC7D961E}
T{D6BCFB97-D72C-4ECC-8B67-D6D91ECFF60B}
T{7AB61447-F36C-4915-885A-B622140159E3}
T{3A0ED386-3A65-40E9-924D-0E14F75CF9BB}
T{3CB8D9B6-5D4F-48CB-A3BA-633607A0A65E}
T{244F13A0-F1D8-488C-A91F-9F8479457882}
T{15DD10CF-1A9C-412C-A3C2-D44EDC10537B}
T{34606C60-FACF-4426-BDDD-20044A15A372}
T{1615B643-B198-4D08-AED2-19C3CABB84AC}
T{63B5DFE0-0C6C-4DBB-A96E-B447772C7F69}
T{714EAD5B-823C-4CC5-BCB7-B13FEB44B794}
T{55DD1DC4-C369-4324-8C70-02D446557043}
T{AD3BF8F4-C756-48C7-BA30-9C0A03205235}
T{0C4DB3E4-9B6D-40A1-94F6-7D2A524D626A}
T{3991000C-24B1-4034-83A3-49E47DF01AD9}
T{363A57C9-219B-4B9D-AE0C-4D810DD2CD57}
T{CE4516B0-498B-44BF-939E-E22C4ACF4364}
T{70229EFE-947F-432E-9FF2-FCECF5894956}
T{1E71C37C-000F-4E58-850F-B2D901505429}
T{1EFE3BED-6892-4806-84D7-B49D4352B27F}
T{2C17985B-B903-4E5B-93EE-B4C14383107B}
T{9B8F54F9-F62E-416C-87A2-436372E3AF5D}
T{A5F2C84B-6E34-4933-9039-47B50CEBEE2E}
T{0387D044-3B54-4DAB-A6A1-3A97D5857649}
T{7F1EED32-293B-472F-B168-0794677A7EBD}
T{D2938C19-3D93-4B75-BB6F-B861ABC814D6}
T{8764D2CB-8CC8-485B-A839-D2B7B7C9429B}
T{B6DEE0EA-B643-455C-AD92-393D996EDEC0}
T{F97B185B-A4AA-4F9A-957C-91F3E2B24508}
T{EFB8EC73-A15A-4DB9-98E3-75EE7D9D904A}
T{0584DF14-F894-48CE-924D-8F8BFCE258FD}
T{48926041-94B8-4A8F-9BC3-1C693A5D466A}
T{037C69F4-AB20-4E47-916C-A44AC4959600}
T{F6091741-A6D0-44D7-8020-80C8D19EF8F1}
T{930F0C12-2985-4559-B88A-3C7C5D5DA62A}
T{C6B44983-BE51-436A-BFFA-0A66492574BE}
T{99FDCDE3-EBCA-42CD-B9D7-ACB3F4EDD030}
T{7E0E2B67-9713-4618-8796-E3F67F274981}
T{4348C5FA-58F7-47FA-B78D-AD9D2607F0B6}
T{A23CD078-AFB1-4B56-B904-4191CB5D2FB8}
T{AA6EBAAC-0C8D-46C7-A503-4398F3566A46}
T{130E864C-FF50-4F24-AD5A-230279C1A1E5}
T{1051FE02-FD27-4295-942E-715D77559F1C}
T{0D2AF944-A320-4941-8596-9C37C95ED2E6}
T{600B45B2-995E-4398-A6EA-53FB028745A6}
T{C198ED12-6B0B-4258-98E1-0D7A2A7CEE49}
T{EFB56271-269D-47DD-A822-6D9800258E92}
T{F815E807-9B6F-4638-A78C-217E3459B108}
T{39E20C0B-4316-4F55-A453-8E04881CB5DB}
T{D13E0D98-B840-4E65-B001-D35B10CB80E8}
T{330EEFCC-6EA5-4655-AFD2-89BC7850EBC3}
T{5043578E-D646-4320-8218-7D31628DF815}
T{EDE7266E-229A-44EF-80C8-3C4FCDA3CF3B}
T{61A2832A-4DEE-4C33-8234-91600C52EEEE}
T{39CE567F-E0C2-48F5-9B35-A18AD7962F95}
T{27846AEE-9258-49D7-87A6-1AFBF25B2C3B}
T{78995242-6163-4D7C-BBDE-A33614FC0B70}
T{33BD7EC4-548B-455E-804E-13A03EFA32E8}
T{712E1FFC-F069-492A-81C6-D9ACDC500ADC}
T{8F0CFCED-39A0-484F-9223-1EE557524C7D}
T{E3D8C3FF-00E5-40EA-B24B-84421D0D8BFD}
T{9EC984E9-6B29-4F91-9D98-A3DE95FF1307}
T{14F2569D-5B7B-485F-B674-4A969369DBC8}
T{28ED82DD-75E3-4742-92EB-70A278343ACF}
T{2BE058B6-8870-4AB9-BAAB-7AC6A16F0C95}
T{20A44430-6AFD-4E49-B8AC-804EAD68FFB4}
T{91A986A8-319A-4E32-BEE0-0C24EBDA2EED}
T{184E5126-1653-4736-855C-FAB271469EBC}
T{6109DA30-297D-4A72-B7A7-5FA878B45818}
T{46ABAA51-8F30-4EBC-B488-A8B2D4489172}
T{B00C1327-81EE-4534-AD16-116A8DEE87CA}
F{9EFFE7BB-F7D4-404D-9897-1560E196AF49}
T{C150094D-B9C9-4040-84CC-6385A37100C6}
T{B1EDC62C-B43B-4B38-A3D5-85FB1A9E1CE5}
T{E0B1D773-F0AD-4042-9AE3-8273CDC9DDFB}
T{0AEF7057-819E-4AF5-881F-8574B66C9929}
T{1BF869C7-8186-423B-8E94-BEBE4FDBFC21}
T{DB3DF5CA-AB53-4153-8BE3-AAFF2E0DDD10}
T{B10AFEA1-79FD-4CCC-8080-7B9E10489A20}
T{19D3F830-5719-4D56-A208-98E95589DC3D}
T{1C333583-D16A-4DE6-BF56-9112B5557BDB}
T{84E1B927-1846-4874-BEF6-0B9920D0BA42}
T{CC1F03A0-9301-4C59-85F3-AEBC09AF30C3}
T{FD54ED84-21D8-4C47-9930-1DB1486B7C92}
T{3382308C-9579-4D36-87AE-59B8DBBD9F93}
T{047B679C-F9E8-4300-97F3-8E34B4D14257}
T{EEBA346D-DF00-4273-984F-2FCC8081F844}
T{7AF45C72-8D17-40AB-9107-9685EA80BB08}
T{692DFE4D-6B12-486C-8F2A-67BC90D3EA71}
T{EC0D256F-DE15-4B97-A3EA-C37EA43C6D15}
T{D467906A-E8D6-465D-B687-C162CB495E1F}
T{370D30A3-D8F1-4AAB-A07C-9FF7FC2E1FC6}
T{E21E6BB0-DEC2-468D-9E73-EB4240239077}
T{EDE0113C-99C0-49E9-8830-6507733820A1}
T{52C8A4F3-6810-422E-8DA4-83B6094F4C98}
T{0F82E75F-CABC-40B1-88E9-C099ACD16032}
T{1B014E68-4281-4CD1-9F0A-26B309DE3086}
T{ABA16086-C2D3-47A4-BFA3-B8983CBF0AB2}
T{0E9F01BE-0181-4B3C-8757-CDD2AD1C6E49}
T{6C6DC76A-BE5B-43E4-9F3F-44C26A2C90C7}
T{EC095080-CB47-4181-ABAC-C08D0E723712}
T{77D482C7-50B5-49B3-862E-68875F5AECE7}
T{815770D1-0FF0-48F3-B4FD-3F1AD3C35E20}
T{ECA7A290-E845-4F9A-8998-950519349421}
T{B86D90F4-6C12-473B-948B-E8E69102B4E4}
T{160F242F-DFF7-443B-A130-77F492F32D1E}
T{149B7F73-FB2A-45BD-9A62-540A1B4FC3DA}
T{92D04D49-251B-49F6-B159-7DA9F4E0596B}
T{B98758E1-EB04-4A03-83CE-5C254788EF72}
F{895BCF54-88B6-4F8E-BA05-A4919C6A76E7}
T{1A32B9F3-D023-4DE5-8357-230B7F9FCD9F}
T{F2A69DA0-F4F6-4BF1-9CF9-5EDD4DAF2C3C}
T{E9786140-B267-4686-A2FA-CBE2D2A60533}
T{6C531987-1B2A-4D8A-AA84-E3A9BC0C85BE}
T{69B7A4F8-B721-43FA-B078-9A0354A713DA}
T{D65BEE72-0D98-4AD4-A3AE-428371031528}
T{635F4DC2-BEAF-49ED-8573-5795B4DA624D}
T{3D511E0F-C849-455E-951C-53EC1F8C63CD}
T{0BFD39F0-EE41-4BC6-930D-89818BED02F6}
T{F35F0858-256A-4E40-9496-0EC4519F4B6D}
F{2E54522C-E4E0-4B1A-A8F7-A9D953035189}
T{E14957EB-0D75-4E4D-91C3-0859189D305C}
T{E82C3043-DD56-44F5-AE41-DF7C62308A7D}
T{8CFBA49B-20C6-448E-939D-67F0A120DEAC}
T{89E48A1F-8B77-4D95-9BED-3E292D9E255E}
T{F44CF3C8-E70B-43C8-AF6C-26BFE41E7044}
T{8B0FE332-33B3-43BA-959C-4900076FB257}
F{6B7907E5-7766-49F8-AC22-7E826176B755}
T{DC598291-535A-4042-9CA6-BA21DD90E715}
T{4AC66072-45E2-4BCE-999D-EFDFA5609C3C}
T{171B9DA4-11ED-4CD4-86EC-E4E8E164A054}
T{5AEB93BD-35AD-4633-8F79-07F2F1342F70}
T{81423400-0985-48DB-BDB3-510D0A157571}
T{726C104C-582E-4B78-953D-0A7F38D18884}
T{31214508-DC84-469E-99C2-CFA44D3340DC}
T{AD634C7F-74C5-42F0-BBFF-CDE734A7CB8F}
T{C78C5A30-1F6A-48B3-995C-460330AB5E66}
T{E41AF589-6373-4F13-89E2-780AAFB2DD11}
T{25700FB1-23E5-4526-BCA5-E2953DFC376F}
T{411D7D5B-B62B-400E-AD64-52C8D77195FE}
T{B06D1BFB-ACF5-468F-8A59-E6BA2F146630}
T{23CA0D98-7155-4740-B976-A4179D2B77D6}
T{764FB749-4CF5-4B73-B7F1-3E2EC10B1703}
T{98A3967E-EEC3-40A4-AF44-D13E1D6BB285}
T{C73C0633-46C4-425E-AF68-13A1480625B2}
T{2CAD34D7-11B0-4430-B073-22199B38E578}
T{30DBCB9B-4354-4E36-A3C3-3F41525F9921}
T{C709184D-B534-4FC7-A716-A33139FB1DF4}
T{9E36DF1E-5F78-4659-8A83-BDC04B987160}
T{9D860961-0C18-4388-B96C-AFB18C7ACAD2}
T{DB05D5FA-CC10-458B-A297-EF9F52732393}
T{764671EF-47E7-4D6C-B699-18A20A55BDFB}
T{7BFDEF89-0F0B-49ED-990D-449C4FB97FDF}
T{804D596B-CAB6-491F-9117-1C37A50B178A}
T{D597E7FF-8888-4D2D-BF70-29FAC02DF79E}
T{F0077361-6722-47DC-BCCC-841FD9B1F535}
T{18DC685F-FBC5-4E65-BAC1-094E8063A20B}
F{CFB4A6C7-3819-4E69-AD26-8AC0D26CEC1C}
T{9D8F2DBC-339C-4A80-BDBC-7D1AD403B7B8}
T{61E5253B-3A9B-4E85-8D62-BF9211C53CCC}
T{C969285C-7E60-4CA9-9220-6ED13042EF51}
T{5D9F18EC-FD3C-4346-8CE4-03876DD5D35D}
T{5510005A-BCBF-4C52-AB69-819616DE4CFC}
T{564F1623-2766-4629-8B06-2D68D91C9219}
T{FF5969E4-FF30-46C6-8360-E664EE3D621C}
T{867106B5-47D1-48F3-9F70-79546FDDB857}
T{9ABB7E29-3B0A-40CD-9471-059435856CB9}
T{C53B6F8D-93E9-4C6C-9EA8-C7F915A3D631}
T{5DF3BF74-4D85-493E-9A05-7D910D70002A}
T{C86ADE68-FA42-498F-812D-B960C00B23E6}
T{ADDE30E1-488F-4968-90B2-706AAA3CF477}
T{1D1EF308-FC7C-4409-964B-366B0C7732F1}
T{C6DFCEB2-EE61-4BAA-8F96-EE3086705FAE}
T{19233ED7-F822-4C7D-9D5E-4789942FD750}
T{4CC60754-5162-49AD-99C1-4EDDD1388861}
T{9BA82F66-4324-4299-812D-C258882CB8F5}
T{21EA4815-049C-4ED1-A977-9F82A6CA25D0}
T{5CB81C51-F2E9-4E2E-A858-1EDA3253632C}
T{DFB6DA0D-F341-4848-A8EA-D4CAB2849D21}
T{E9091B9D-AEEC-493A-90FA-F5E19BBCF1BC}
T{37598C6E-D8CB-4E9F-87AF-7740C8D75B38}
T{754A3396-CD93-4C9D-BE4A-041A703B2968}
T{31083784-EC75-4B4C-98C3-B622A87E12FB}
T{E1A63970-61FD-425B-B8BC-B9DFD48D5DB1}
T{9BB7D453-6147-4226-B948-FBC177618FEB}
T{6BF76626-39C4-4D36-9709-F3A4DB097EFE}
T{610E0385-A207-4CC7-BDC5-A0C09DADD47C}
T{0278CC4D-1D13-4C32-81FE-35B1D1889A30}
T{0160422D-1282-4B06-961C-B48417060397}
T{D2A4AFFB-D81B-46FF-9F10-CF5DC7549ABA}
T{E1188261-DB0B-4740-B327-A889848363A3}
T{A6D21EF0-5FAD-44CE-8170-53DCBE946466}
T{EA6AA6FB-DF99-4639-8DE7-411B93104855}
T{98ABB37A-BC90-49EC-BDE5-161F5B25D64C}
T{D9E49C41-3DA2-45F3-BEF6-3F7C44A9F2B6}
T{689B4553-7839-4F31-94EC-3DAC682B01EC}
T{DE433329-C26F-4745-ADEA-E7D36510E04D}
T{1E03512C-071B-473D-A27A-F8F497B458AA}
T{9039F657-FDD1-4F00-B614-723F7FA9DFAC}
T{52D61150-327E-4D8F-B367-707FDE378EBC}
T{4870E818-AFEF-4B9C-B288-A6B480B7FE90}
T{D93E64A5-02F3-47A8-B29E-F11E12E9B099}
T{6621BF44-9A07-4727-BE3B-F77EF2BADBBD}
T{B2096761-4D36-4124-B885-704579AD4FDB}
T{8785CBA8-8DF3-48D0-B7E9-1358EA34D2F2}
T{4345DF53-CC0E-4397-9FF8-7B695530835F}
T{39DF821A-1242-4428-AC77-DB88C1A4A6F6}
T{06DD9FB2-B88B-494F-B36C-CC141D6B16C5}
T{37838CC4-A304-43DA-A5AA-8C2B808A614A}
T{CDC2D4E6-6312-4DFB-90B3-0608B1434A9A}
T{49510C4D-1181-4CC9-8F5D-532E871D27AA}
T{C4CB4117-AF70-441D-BD4A-84DAF89B4D88}
T{D72E234A-3E70-44AD-A764-71FB5783888C}
T{EEECA0FB-BE1C-4FDD-B14C-AB47F525F38B}
T{651BCDDC-7566-4074-BC81-9B93809BB943}
T{291B80E7-E3AD-4972-9DFE-EB172B9E2068}
T{E174D891-F394-400D-9D0A-939365437BCC}
T{A978CA0F-82F7-4C15-B5AE-9B9B69FCF5DA}
T{73DEF832-E9D2-41D4-8D9C-43A3F92ABF48}
T{028FA8F7-DF9C-45F6-8701-DF6ADE60C834}
T{0A0AC52D-52C3-46EA-9659-279876D0080E}
T{1E892C09-DD15-40A3-9D01-5262BB434574}
T{ECF606CB-3D3F-4C02-99C1-A5FCC78BCB4A}
T{D3BBA273-9469-41DC-B411-31C3BB8F79E1}
T{0D10F7C5-2906-4DAF-AAC3-9C3781D62F67}
T{790C846A-1ED5-4B28-9443-24A0E4463397}
T{E1D63AED-2DC7-43DB-85BD-64E73F670128}
T{CC543300-1EEA-453C-99C8-EC2F4A7301E7}
T{0225A0F1-3576-41B0-82B3-A529A680DF30}
T{E0D7A365-30A1-475D-8933-749E3D62383A}
T{4502CA83-7BAD-449C-980A-76C8374523FF}
T{B2755017-1AEF-4148-B0C2-309A2C655A8D}
T{5C7FE715-314C-473C-B106-4C31E45A2346}
T{DF85A6C8-49EF-429F-BDAD-3FB73668581A}
T{B9EC093B-E294-44AF-A8E7-626632010050}
T{7B80E6A8-0C81-4893-8700-E4004BEC50D8}
T{6F821EE0-4F0F-49E0-AEBC-AB42A7E828D6}
T{5C9C606A-2620-4795-9EC6-07A25F9C7DBA}
T{92AE95C9-2E7C-41DA-A664-10D7ABB0F2CD}
T{5FA5DAFA-7895-4EC2-8D44-F62C7EDBD6A3}
T{CC35B81F-0CEB-4416-BC9F-26C5A5D7C9A1}
T{A9CEBFF3-9BA0-42C6-BC2C-8FA609DB1586}
T{DD78AC32-5218-4B94-9E2F-83FCCF384FD5}
T{DA1D118C-1DB3-46B0-86B0-61E4E6513C38}
T{02420133-998F-451A-85ED-59FC120F174E}
T{6C2E4E0B-1F45-4269-877A-E82E07EA0670}
T{C8340FE2-A7EC-41E2-AB12-D933D6B8F917}
T{69565FC1-7165-466D-94D1-D6A05D34BFAC}
T{85696CCB-5D1E-4A86-8C5E-39CE0038FCBB}
T{1557AB50-A688-4A23-9812-277E04CE1EDF}
T{273F5740-0200-49E4-B454-F45CF331066A}
T{61B51B5B-1B0B-413F-8966-FB60A693D390}
T{E5EADF4C-C1C3-4FDE-9E1B-947D3AF5E156}
T{0B9901AD-4184-4F25-8A56-93BC0CC74FD1}
T{371CE43E-DA20-4F5E-AD96-6BD202CB7819}
T{667FFDE0-FB16-4918-A614-A9CE18735274}
T{66EB49C5-2A0E-4CFA-86B4-AA3D899B39B1}
T{137CBC77-550A-49EF-A43D-BF05B47FC7EC}
T{1FDACEF0-B62E-4235-8C12-D61B02611B52}
T{EA138A3F-F933-4A87-B1EB-8D111DA554D9}
T{C75C7558-F71D-4AD9-B5B5-7DAF3F0D4B8D}
T{99C17589-1479-452D-B8AE-2800F33392DB}
F{47AE9454-787E-4CC3-818E-8B76E0DC3D9D}
T{DB847593-44CE-4592-A3A5-EB5DED3521C7}
F{0C068CDC-3E58-4CB0-BB9D-0737295C41AD}
T{A31AAA63-114C-453F-9BCF-38B7E45D0E0A}
T{FDF9B53C-0281-4803-B051-1B24E7091DB4}
T{47E62AFF-6573-4E06-847F-AFD5EA6D54E5}
T{3331E802-C349-4544-AC92-ACD167DC2A74}
T{2A989C94-9C11-4F60-A79A-D51DFDA62714}
T{EC68410B-28A1-44C5-83F2-E0F67A3CA7B1}
T{DE1C4BDB-F501-419A-9929-EA10F2C61114}
T{761FC623-D274-4C82-B086-609D239A808F}
F{8089B0D2-A703-4F23-A9E8-383DF2634F94}
T{6C0BF157-5620-4B3C-B300-3C8512692C82}
T{3C872FD0-A177-4200-9B05-A675A1A69DB0}
T{8C14ED52-AC13-443A-98AD-F72D153C4C2E}
T{72202D58-B939-41FB-8852-1C24AE2D02B4}
T{164F0604-29C4-4C72-999B-045140BEA26B}
T{E63B792A-33E2-4B19-8428-DDD9830A0C5E}
T{79D5F1B1-1EBE-487C-B2A3-951B9FFEF364}
F{035D459A-BF8A-4A89-87F0-2C54C65DFA95}
T{36E9B7E4-D104-4E8D-BE8F-291840269A6C}
T{3A63161A-24A1-43CB-A932-8E8DFBD1BE15}
T{D6AFED18-FB75-42DA-A74E-6E9F03412FD6}
T{07394D3E-9D49-4FCD-BE1A-122E01F29710}
T{1448B47F-EBE6-4364-874B-492D531BA191}
T{D20713EF-2B04-4D1E-93D7-38D11EBC552C}
T{C2E80595-F996-423A-9CC1-F2B599CB1B1D}
T{85E17C0B-06A2-40B0-8635-D821D7E10FAC}
T{AF0FDCD1-46C4-4515-9A16-42B6E00270F2}
F{4EE28F8C-9FC0-401D-9E7A-12981930FDA3}
T{92348CBA-2A8F-4A77-84C4-19C94E9F901D}
T{F4A23CE3-ED82-46B6-B5ED-FB519D773140}
T{E6AFFCA4-C0D5-49CD-89AE-ED2AB1A59AC6}
T{293CA039-B539-428B-B0AD-686E522B5BFA}
T{A21A2838-3446-49C8-B592-8F4D4EEB0B30}
T{EC23872D-A701-48EE-AA75-08B3CF85B52E}
T{193BA608-63F6-4A87-BB5B-BF90426E7738}
T{65630339-9EA7-4EBF-9AB7-3D1A027BE460}
T{CA18A1A4-2CC2-4ED1-8E7A-2824F68D586A}
T{1D32793D-C834-4007-978C-01BF9D22A5B1}
T{5E61A37B-D7AF-4FB8-8634-172B149EB70B}
T{C3590F7F-4D65-4ED6-9DE9-FF78D6C82E69}
T{0816A9D4-8630-417F-A083-944D0E607AD8}
T{F926C268-0F07-4AC2-A6C6-D610A96AC12A}
T{4B34F339-0503-4C02-834C-B4641B06564F}
F{77BC1DEC-EB49-41CB-9CB2-B44CDD07BD4D}
