T{8C2886EB-AABB-4C35-B405-85568A2E9B74}
T{569EF473-4A45-49B7-A5FE-984F380B1814}
T{8F25E8DC-1701-4DA3-AF44-71644DE323C8}
T{EF30041C-3463-49A4-80D7-E15A314A2F7A}
T{2E54522C-E4E0-4B1A-A8F7-A9D953035189}
T{CFB4A6C7-3819-4E69-AD26-8AC0D26CEC1C}
T{A12456D3-1712-42C9-8839-1F4E641A5728}
T{D51A08DE-302C-4241-A2CE-CB34CDB68A60}
T{94DCE239-C515-4950-B76B-5CC580D8F0F4}
T{47AE9454-787E-4CC3-818E-8B76E0DC3D9D}
T{0C068CDC-3E58-4CB0-BB9D-0737295C41AD}
T{8089B0D2-A703-4F23-A9E8-383DF2634F94}
T{4EE28F8C-9FC0-401D-9E7A-12981930FDA3}
T{F453C545-7634-46F9-98D7-4F0015769EB9}
T{9547A873-8914-4B48-9B38-5BDDD764618F}
T{1332E500-0639-4BC9-A492-BF7EB16C5A55}
T{9F222D97-B49C-4029-BFFC-DBFB4A640676}
T{77BC1DEC-EB49-41CB-9CB2-B44CDD07BD4D}
T{D81CB576-1091-42A7-B933-DF56BF55A2F6}
F{9EFFE7BB-F7D4-404D-9897-1560E196AF49}
T{C621C91B-0277-43CD-A204-25DB6F19FECC}
T{31E65F81-05BB-49AA-8FB4-C11A3C20EBEA}
T{035D459A-BF8A-4A89-87F0-2C54C65DFA95}
F{11294FE1-95F5-44AF-B5AE-BA514A3FC578}
T{6B7907E5-7766-49F8-AC22-7E826176B755}
T{895BCF54-88B6-4F8E-BA05-A4919C6A76E7}
T{41B25C51-E883-4D30-A5EF-AC5CBC7D961E}
T{C2C06BA6-DA87-4072-A991-99107AC03F25}
T{F085E106-C3B5-4B56-87AD-A9D485D19E85}
F{9EFFE7BB-F7D4-404D-9897-1560E196AF49}
T{8207965B-24AA-4615-82D9-8171E2CE4CC3}
T{1F5ED348-8DBF-4765-9143-8E24D987F3F2}
T{212BA00E-EAC1-45CA-8EFA-1575F8F7FF6D}
T{0BB39088-45EB-4CBC-9056-11BD1DF12746}
F{04F70EF6-AAAC-4010-98C6-D6B1D707452C}
T{4E326DAC-68E6-4F81-9C3E-A8330F0AB6F8}
F{69B2891E-9AB0-4C1B-82DD-CED840FF71A7}
T{F06E0466-06D7-4B38-B595-A737C608F9DE}
T{7FF5DFB1-D1D7-436B-8EE2-439BCBC203C1}
T{A648941C-0490-4227-9714-621A4E0764E1}
T{DC71EBD1-3C77-4BF0-9BEB-7B285E7B08F6}
T{951F4930-2E7C-4F4A-BC87-963911C861E0}
T{5CF41F0A-4F47-44C6-90D4-808F658318F0}
T{D131DA40-C800-4915-8051-6D717D3AB106}
T{5AC0BEFA-2030-4EAF-B200-E011ED276ECB}
T{97421F6E-A04C-4AEC-9A69-E566E822965D}
T{BDC8E05D-661B-40A0-8CD7-D32F57D44B38}
T{607661B4-0E8D-4A8C-B7A2-C75E9BB2228C}
T{09B58C0F-CF1D-45C0-9265-0E49D3633979}
T{B8B5614B-CAED-4B7C-AE47-42EA6AE0F79F}
T{56A3494F-A506-45BD-BEED-AC1BC65AC9B4}
T{8CD558CD-5FBC-4B9F-9B25-D5760A030B2C}
T{07EFE65D-6E88-41FF-93C7-C89AD48DC1BA}
T{1425ADA2-0DE0-4D63-9C51-3C99DF6C35A7}
T{829443A8-998C-4E72-903D-B9C6792A8B96}
T{13A4125B-AED1-4B2A-974D-C7DA55214863}
T{D6C8FD60-384A-4D94-BEEF-3C1FEABEBB02}
T{535A7058-E951-404A-BAD8-417FA98C8700}
T{B61E2286-945F-44D6-B9F5-1D297180E81E}
T{2988207D-57A6-471E-906C-AE722FC86091}
T{C5EDB970-D58B-4750-985D-097F6AAA667D}
T{1ABB512E-3F5A-47E4-8C63-36BBA4FE8155}
T{311EFD27-8FB7-4A1F-9E50-89553D17910C}
T{BAD7DEAA-7A55-46CD-A240-9546D4ADA648}
T{F19F3B6B-70B1-468F-9325-C3C9DFDE0F59}
T{9AE73D21-20FE-4218-8B95-840EE4564941}
T{7A3F3D64-A8C8-45A9-A2CA-293DC8444AA1}
T{02338226-20B8-4D8A-AAF5-0BD9D77AD4E6}
T{A219F18E-7FE2-48A8-84B6-3BDE4A3977BB}
T{63BC8900-A1EC-4913-9C48-A69B10F427F4}
T{EEC0DAAF-EF6D-45B1-8ADA-6C85EDDB0A04}
T{24D45AA7-417A-4B7E-990A-71877DB92F80}
T{24EECDEB-0C90-419D-92AE-E09E3D61101D}
T{9D5DB79D-E605-4A84-A340-B616C90057F9}
T{08CC9457-63D4-41FA-970A-D71DA2514257}
T{58F6C9CF-4240-44ED-8826-4AE9C9D8D4BA}
T{C02CDE2A-35FA-49B2-97B6-414AE2E988D7}
T{8073A531-03F7-4116-87F9-4B4499DE1874}
T{3AF80838-DD5A-42BA-923D-5E1B96B0BAD9}
T{2C633DC7-E27F-4ECC-ACF9-AD8824F183B8}
T{E1A4A141-09A4-45DE-B2C6-8B66D95FFAFC}
T{E3EB5DDF-2836-4B11-9C86-23663274366E}
T{E7A88926-65D9-4EB7-8535-0EC4B2E7B0C9}
T{4E10D37B-0BA9-4FE1-91BD-DC677F6ADE3B}
T{48E4404D-4223-4CE8-9858-3BE08C762324}
T{BB337A1A-8768-4E40-9FAA-6AF37AF9439D}
T{63CE1379-FC9B-4DDC-A696-CE9481245EB2}
T{54C0BEFA-90C8-4B7C-BC6C-2DF5ADEC20EF}
T{C6959B11-441B-4CD9-9D2F-FF78CAC3DC34}
T{E042F2C2-4B45-44CF-9CB7-D8BCBAC36AD2}
T{5390E3DC-9A2D-4A12-BDFB-663A4B0D3FD8}
T{90427D79-72EE-4F26-B236-02A213007B1C}
F{C4C785C5-167E-4FD6-B444-F9CBAA1F2809}
T{785B6CD4-E827-4D33-AC38-5DD0B87CE9CA}
T{3CF8982D-7C9E-40F2-BD7C-FD034427A97C}
T{839AEA2F-5342-489B-9C3B-BA9F29924157}
T{E02063B7-E3CE-402B-B0AB-13A628C572DB}
T{E0F5677E-A11A-4E1E-B292-4824DA3202AC}
T{39CD752D-F55A-436A-AE85-9A0202281694}
T{C939249E-5ECA-4A91-A9F8-79965E8247A7}
T{6EDF789D-3FDB-4834-85B4-83687AF1CB4F}
T{92EDCD34-8E09-4615-9B8D-0DCBE4F9F9A7}
T{6B5EBD6E-8A15-49C5-9AF0-9AFC091AB7E4}
T{92406290-9C95-4820-A61C-D73A7BE37708}
T{B6ACD122-B4F0-4528-BD14-587D23B62970}
T{2AB8AAC3-13C7-49E4-8FF4-C6D788C7D0EE}
T{5393644B-D705-4842-A32A-CBB91F99E7C2}
T{9F32D229-ADD1-48C0-B4CD-0A8713623D25}
T{BBA3DAE2-4DFF-44E8-AB30-A9DAEC717357}
T{4F5397E0-5623-419E-A56E-B358F57ED2BD}
T{145EBCD1-01ED-42FA-A5D4-4BC0AB42FBC8}
T{033C9C8C-A39E-4A45-A419-E752B6FDD3D9}
T{ACE63EA0-6C0D-4CF2-AAF1-F7DF93458FF4}
T{014F35EE-0E2C-46CB-A672-6B18F1AB5908}
T{1BA03C8D-D399-4F4C-A5D7-54CD932BA0D2}
T{1BD59A36-7643-4C56-829B-6A4F34379B71}
T{FCA1F24C-E5B7-4A51-A5D8-50C3D826C866}
T{FB846961-9F1A-4BAD-96AC-E38CD3C13D5F}
T{1D9B03DC-0C94-4C30-96A0-2C37130D2F79}
T{C1742CF7-E0B0-4F5E-8DC1-C785E781CBB8}
T{2F729D95-4E74-4735-94D3-71E8AFAA5A5C}
T{63C1D0F3-75D8-45B6-AA2E-C73199BD49BA}
T{A76261A3-4C9A-4547-9269-2686001EE72D}
T{7C606C0B-94B6-47F2-9ADD-A62DE91722A3}
T{834CFE05-505E-44EA-8024-B70362347F61}
T{2FA00DAC-3AE3-493B-8435-9D0D4A39F4B3}
T{18A38B76-0EB1-4969-9A88-2F55DFC7B6D7}
T{0E293CAC-8BD6-4D1D-8AFB-91B033E4AA1B}
T{48B67CFC-F8AC-4379-9371-F3AC49A5216D}
T{F7C67716-CD1F-4540-8F20-3BD3D40FC48E}
T{03BA6F0B-199A-43A8-A931-6DDB61E1D60F}
T{C008BAA8-C27B-4A9D-A26D-8B9439AFDD92}
T{D10EE326-CB1D-46E9-8C55-53323E9E3A27}
T{E883B6C0-B5E0-43D3-A9B6-7DB93CB00C05}
T{1B7B99EB-AE63-414D-8938-EB679353A532}
T{C75A3550-759C-4B0D-B03B-6707A00065EF}
F{6CB107AF-B679-4548-98A4-A758AAC32E15}
T{6CE22889-9805-406C-8600-5267B2413DDD}
T{74975063-A979-4848-870D-41F314A40FFD}
T{65673A7B-A77A-4530-B4CD-4243B75C4062}
T{7D3D34D6-17D4-4CAA-9F42-08ECE2245E7F}
T{935AA305-C781-4D05-A0A8-CB25A099A404}
T{A3C69E62-44D5-4BAF-9134-AAFA4C186D4C}
T{B11C93E3-00D6-4B8D-BAC1-029A0212F62E}
T{83355EF8-E31F-4F19-9A5E-0E845019FE56}
T{3AFD3377-0C3E-418F-AB23-8039750A1D6D}
T{07CB0676-0E76-4370-8F17-A65449557E2D}
T{62C761D1-37A5-4CEA-A137-C553483F0F66}
T{522FA7A5-B421-4E52-A6EB-6918EC2B04E5}
T{98AB756D-5236-456F-886A-F292998316F1}
T{9547A873-8914-4B48-9B38-5BDDD764618F}
T{2720E3FE-A401-4E81-8924-8DD69BAC7EC0}
T{C160AD7A-B504-4C1F-A804-DBB07FBD5751}
T{6A4ECB52-FC61-44C9-8458-B3B50445F6F3}
F{2A011D88-2D86-4F2C-BA1C-D439FE00146E}
T{EBB06844-67A3-48AB-AB5E-019F51B26B7E}
T{505EBEBC-5875-4A4E-AE30-B3371E7E1A22}
T{5E251F25-C309-4DAD-BCB8-75DD9FB0B2CE}
T{59417EF9-F5CF-4C45-91FE-FC0818A6C866}
T{0D262438-7BD1-489E-9C8D-7B779CB35701}
T{60A3C18C-B345-4938-8A8A-D6DBABDCEF55}
T{2D37DC25-EDD2-4F1B-BFE8-110C11704EDF}
T{839EDF98-D20E-4990-9B9E-69DBDACA40E9}
T{E42C7BD7-A4C3-43A2-88FE-487FCB0DF978}
T{D3147BF7-4248-4BAE-911F-551331DB17C9}
T{4E2332FA-C222-4426-82E0-A896EB8626F4}
T{E675C04C-4118-4B5B-B42A-77AF31F8CEC5}
T{74D01259-4A77-46F9-BFA0-30F3AE042CFB}
T{1332E500-0639-4BC9-A492-BF7EB16C5A55}
T{6026ABA5-6373-42FB-BF3E-322739F9D7BC}
T{79DF6610-E1BB-4042-812D-0A195A8AC1BE}
T{9F222D97-B49C-4029-BFFC-DBFB4A640676}
T{22FAC974-7BBB-41E1-BB1B-BDD15585090B}
T{EC7C5E6E-731F-43B1-9CEE-8FCD3CF620FC}
T{F780F1A9-2344-4482-B5F3-C98DACEE4E69}
T{67A3D10D-AC22-4D74-81BF-08FC12D6368F}
T{556679FA-964F-4C7A-A6D1-4E4271758CFA}
T{172FEB33-6368-4D44-8F9D-9F111E786FA7}
T{4495D3DF-B19E-4527-A09B-98B00AAD1217}
T{BCAD98AC-3E53-4211-A31A-A0DB426838B2}
T{FF02BE20-56EB-455F-9829-F72713425D9A}
T{D911ACA2-36E5-4938-8643-09091ED9EFA0}
T{080C1722-DF19-4C43-B28E-3112BC30B0FA}
T{2422DD25-3A4C-4B31-9B65-751B6DD91C9B}
T{9A2E2162-3BA9-4BE6-9D96-4E4D88FC6E71}
T{2D050485-4E05-4CA5-AEC7-8B06F2CD8050}
T{5A5891C0-4C77-4D08-A41C-623AF72A484F}
T{2958BD40-A161-4D7B-9E4C-00E7D33E99C4}
T{8EC82FF6-6969-4C23-835C-6EDB7372904B}
T{39396B60-711B-44DD-8A06-308041A18333}
T{708EA945-37FA-4083-8618-E53FE14CC29A}
T{9AA2B425-82FF-4836-9220-ED26099B5D2F}
T{569EF473-4A45-49B7-A5FE-984F380B1814}
T{370A7DE9-E9C5-4C1F-B189-6BA0BADC0D79}
F{29AD9781-9621-4659-8B5D-71DCDE0D0F4D}
T{268F2C88-D150-4411-B48D-15120336FD31}
T{DB104222-55CE-418A-94A3-C20DF19EF792}
T{868B03C2-A04B-4598-920D-EF7BAF6FE2AC}
T{DCF5409D-85CD-4C77-B64B-5859AA1AF225}
T{86D9CB84-7DB7-4D8D-A067-C24BCB109DED}
T{30B2DDA4-AB80-40CF-B04D-6369E75D13E2}
T{61709A9E-6032-4481-AB2C-09D74D0F4BCF}
T{DE1CE137-F45B-4A8A-AA69-2BFAB702C2D8}
T{3FE3F0E6-1FA9-4A74-99EA-B22C2F1CA39C}
T{31542163-DBB0-4BDE-BDD2-1245506C55F1}
T{BA21CB4C-741D-423A-A0F4-B0816DDFAE90}
T{568E1A9C-EB48-4974-8CC7-8CF3D93628C8}
T{49453906-DAB7-440D-A128-E51709F7E963}
T{CCB69A99-41A7-4A76-A19F-71825320E248}
T{842DE895-13DF-4253-90C1-3919E1FC5EF2}
T{439F8683-0EC0-4045-9F6D-1659C1AF4D93}
