T{569EF473-4A45-49B7-A5FE-984F380B1814}
T{EF30041C-3463-49A4-80D7-E15A314A2F7A}
T{2E54522C-E4E0-4B1A-A8F7-A9D953035189}
T{CFB4A6C7-3819-4E69-AD26-8AC0D26CEC1C}
T{47AE9454-787E-4CC3-818E-8B76E0DC3D9D}
T{0C068CDC-3E58-4CB0-BB9D-0737295C41AD}
T{8089B0D2-A703-4F23-A9E8-383DF2634F94}
T{4EE28F8C-9FC0-401D-9E7A-12981930FDA3}
T{F453C545-7634-46F9-98D7-4F0015769EB9}
T{9547A873-8914-4B48-9B38-5BDDD764618F}
T{1332E500-0639-4BC9-A492-BF7EB16C5A55}
T{9F222D97-B49C-4029-BFFC-DBFB4A640676}
T{77BC1DEC-EB49-41CB-9CB2-B44CDD07BD4D}
T{D81CB576-1091-42A7-B933-DF56BF55A2F6}
T{9EFFE7BB-F7D4-404D-9897-1560E196AF49}
T{C621C91B-0277-43CD-A204-25DB6F19FECC}
T{2A011D88-2D86-4F2C-BA1C-D439FE00146E}
T{035D459A-BF8A-4A89-87F0-2C54C65DFA95}
T{11294FE1-95F5-44AF-B5AE-BA514A3FC578}
T{6B7907E5-7766-49F8-AC22-7E826176B755}
T{895BCF54-88B6-4F8E-BA05-A4919C6A76E7}
T{6CB107AF-B679-4548-98A4-A758AAC32E15}
T{29AD9781-9621-4659-8B5D-71DCDE0D0F4D}
T{69B2891E-9AB0-4C1B-82DD-CED840FF71A7}
T{04F70EF6-AAAC-4010-98C6-D6B1D707452C}
T{C4C785C5-167E-4FD6-B444-F9CBAA1F2809}
F{69B2891E-9AB0-4C1B-82DD-CED840FF71A7}
T{04F70EF6-AAAC-4010-98C6-D6B1D707452C}
T{6CB107AF-B679-4548-98A4-A758AAC32E15}
T{C4C785C5-167E-4FD6-B444-F9CBAA1F2809}
T{9EFFE7BB-F7D4-404D-9897-1560E196AF49}
T{9E12C547-C75D-4B8E-AA71-BE6B155E0E2A}
F{9E8BCC66-8DF3-4940-9B69-FE2AA2858ABC}
T{F1633AF2-CAB3-49F9-A9BE-9A78C7A99550}
T{7098E788-E847-4DCC-A9EA-DCCAF019D367}
T{030E9D1A-AE36-4AF8-8631-F96CE141713A}
T{A5DB13DD-BB39-4595-8FBE-04C47ED90CD7}
T{3E98CF18-15B1-42B0-B81D-9C58C6FA32DD}
T{749FADEB-0C27-4BEF-87B4-6B637C39B151}
T{FDF6A1D2-8C49-45B2-8937-01EA5F9EF8AD}
T{2904223D-8004-4320-B520-246DD4639598}
T{7DA08544-0C0C-4B63-BC2F-4C5B732DF42D}
T{1BCF6D7A-7B04-4A46-B663-672B488FC4F1}
T{276F6814-BB05-422A-8E8F-B067F4AFEC8E}
T{028C21EA-4A59-4AEA-87E5-F9E4F8224940}
T{B7AAC37A-5FDD-4046-AB87-D2F6CEA5B14F}
T{F5EC56A5-ABB9-41CC-A57D-C468FD7B638C}
T{E17E0E74-12A5-4ADA-9A79-0F7AD7249E5D}
T{E0021D6F-996F-4A4C-8FA0-C41A559ACC78}
T{FF5E2548-EE6F-4277-AB12-93465E893B95}
T{96CF5A30-AAE7-4F97-AAE0-B18CCEC2E73E}
T{BE5B93E8-6104-461A-8FBA-B47973B8C423}
T{CA751CBD-C055-4717-9D4C-EDA89B8655E6}
T{32D6CCF5-B0ED-4F0E-AB7A-50FD172BDAD8}
T{A57C9B20-6EC1-41ED-A5AC-5BDCD1C17E04}
T{7F2B6B12-CD9E-4B8A-842E-AB68D5DE7F69}
T{0630FB1A-C156-4E9F-82B5-1E26F3355BD9}
T{D570AECC-FAE1-4CAB-A575-A5E228D5AD8A}
F{29AD9781-9621-4659-8B5D-71DCDE0D0F4D}
T{E4AFE9C0-435E-4CC0-8A57-92C4A690D991}
T{EC4C105E-51D1-49C4-B632-9D92AF5DB947}
T{0597A5B9-AA74-4529-9764-79F3B4EF4985}
T{1F060D65-F0D5-4B3C-AE7B-60907E2DC793}
T{3CA7A2A2-EA51-44C7-BF0E-6DFDB47072B5}
T{7EE441D7-1EE1-48AD-A734-10F804820B32}
T{44EA2E94-B091-496F-A9F2-562A695CDD6F}
T{56F292C3-40E7-4461-B9E7-7BE44DC39EB9}
T{13651C90-90F3-465F-875E-ACE15FF010A1}
T{4EEE2B89-24E3-4D9F-AA3A-981DD4F4DD03}
T{C77880F5-6FDA-46FF-A5DA-0808F4439A23}
T{30C8F769-3142-4486-8E4C-8F46F8045A9D}
T{21059E55-A291-45FD-AD33-090FCF99E7B5}
T{6A7678EC-46D2-4F26-A703-F371B24D2454}
T{0C4A048F-A9A5-4A1B-BC7A-6F83903311A6}
T{4F591450-2F30-475E-8A77-D89DAED15BEC}
T{9BF622F9-55DD-43DA-A0CA-672B12990A90}
F{80F42E0A-AB57-4095-AE33-694A83E88C65}
T{431ED83E-C950-47B6-B81B-719EFB04DEE8}
T{5A793AE8-D423-4275-ACBC-4BAC733BDA41}
T{CAAEB38D-20D0-42EA-B1E1-DC7C01104DC2}
T{147368A7-3FB3-420A-8BFA-5AD72845F1E2}
T{E4478D2A-01E3-4087-ACFA-453ECAC39BE4}
T{F22A10CD-2A1C-46D5-AAE3-BA31F667B714}
T{F4A720D8-FE69-44EA-BA20-2858484E9215}
T{41C4D4AD-8174-4408-A03C-26794D817F82}
T{3164F140-CD6A-4BE4-AB34-2CFB839404E0}
T{CBC88D18-289B-4536-8B4B-57B87920AA54}
T{34A4CC01-A441-4327-B39E-229E67C158D5}
T{CFD5C9B1-FC5F-4E1A-9DBF-422B2B86E18B}
T{C3E443B0-A17D-4F68-8F72-84E1A38C57AC}
T{6E5A06DD-B2A3-4C2E-B4B1-BB8AAE9626FB}
T{03A7FB1B-8178-4688-B6D9-9F852AC2E5EB}
T{043239E1-66F3-442B-8410-4758069E71EE}
T{117A0B01-2A12-4F1F-896A-FBE1495AA375}
T{3C5CFEAB-C2C7-4F48-A95B-6FDF3220B30C}
T{1A53EAC6-A0FB-4953-A8EF-FA5462D465B5}
T{034F419A-DEC7-4CB6-9125-596B736FB848}
T{8B153A01-6C8B-4D32-A32C-CD842CB07C77}
T{353FC933-A7F5-4000-8C5C-6721DCC706A8}
T{68BC2A61-5A00-4A9C-98D8-51C2A0696DD1}
T{9A8D6E05-D267-4FF0-87B6-EBF608FB5721}
T{AA18B2CC-0325-42E6-BB16-B84619056F0D}
T{B8660163-5BC3-4DFE-8705-063CC28ADE5E}
T{CC7F3AA4-3908-42A6-B404-DC4C8E2F05A8}
T{D7DFBC00-A2EB-493F-A8DC-99166426B8D9}
T{3A3D6ACA-6BA8-4610-8F2C-ECBD8593426F}
T{17F5C00B-D66E-49C9-929E-4A03841F0347}
T{1E6F8B44-8FAC-4FEA-A80C-72E172C9FA15}
T{6EB58531-0569-4C84-B134-51D53E938C1F}
T{7CD61473-145A-4B7C-91DC-D0F5EF2D7E0E}
T{5FEC1EA3-AA59-43DB-8614-D035D296EA50}
T{109B00F8-FC2C-4123-B487-90377BD23D07}
T{28F8BF33-8927-4721-918D-C7BC3562D194}
T{6D9C4B44-B18F-4F9B-9E81-0AEBFBBB321A}
T{10B43F8C-5090-4D29-A7C6-4E433C122B53}
F{BD86A5CF-8576-4548-BF7A-96CF8330A517}
T{6DCB7B83-ECFD-4321-B821-A269774A1963}
T{55ABE7F0-8AA7-4A16-929E-7CF328992542}
T{2F913E24-0659-4568-BBBD-770E80DD7BCA}
T{8BB65EBA-726D-4DCF-B41E-01DD9D95BE16}
T{4E710C10-4322-406C-BBD6-7B186E50C7F4}
T{7CD78814-370A-440A-9F17-E65DEAFCE86C}
F{4631BB42-5061-4577-A8CA-D7DA14B99C40}
T{9BA22DED-13D7-4552-8030-47BB5F2EB4EB}
T{3717AFFE-B1EC-4503-BDE7-C9DFEA811EBF}
T{A14752EF-A631-42E2-8B5F-03143F0286FC}
T{E93B3FBE-6D1B-4F9E-8976-C244793077F2}
T{4CBAEBA8-850F-4709-A28A-B22B635B51D9}
T{3ECC5C87-B7E0-4A1C-8A6B-FDCE4A68EBF6}
T{E928D57F-F7CC-4A45-B400-9A2C39A84BE7}
T{15050FF4-8EB0-4A7B-BCE7-CD09182ECBCD}
T{96501FBF-7B4A-4833-BB28-56724AD49047}
T{668B4B95-302E-4A33-B1E9-07DB93703622}
T{306C328A-46B8-4760-B7DB-2ABB6680F165}
T{DCF68533-E188-4112-BFE1-250A5F70CD0A}
T{D847D62E-C790-4AC5-AC2D-8736F864D935}
T{F7943123-2ADD-4824-9530-85946CDFFBAF}
T{D7CAB042-6AD3-4CD5-BDF7-6DC81E8201CA}
T{EA8E30F5-C770-4100-829F-D26C8FED65AE}
T{AB8FEDD6-F466-4D6D-AE7E-94860ECB1AF2}
T{783110C9-9627-4E75-9506-31B4DA97B095}
T{812049A5-D12D-4481-99F2-445B24133D7B}
F{164065A9-99A0-4F9F-A7DA-D0E4D4521F44}
T{F4168D79-FEA2-41FB-9AFC-D314AAE5A5F4}
T{41DA3B4A-638C-4494-AC36-462D6E7DF887}
T{E1ADC680-FF08-4E3D-B0A4-C848ECC5529C}
T{6E4FDBDD-3511-47E2-8B78-4C342C11D202}
T{F0C5FF9B-F23A-4802-B9E9-7516750BE217}
T{981BADEA-0409-4ECA-9EAC-7F93A992094A}
T{ADE0DDD1-922E-47C9-ABF9-1E02BB49638D}
T{BCE6C04A-DF0B-4948-9115-880C293946A8}
T{BF683CAC-0C3D-4821-85CF-DFF1FB892349}
T{3963E4F1-3B1D-4B0C-8C16-8D5CD8C003C3}
T{72EEF118-1291-44DE-B8BD-65632019B7FF}
T{EBCF0615-4612-41B6-B3BD-600920F4941B}
T{3C390D97-7635-48A4-8A93-E3E35FA2C623}
T{7EE854CC-5636-463A-9BEF-EEA68D2E864F}
T{634E7BA4-1C59-4BED-8293-63A9812EF1AC}
T{684F3630-3F9F-4681-91CF-C626CDD1A32C}
T{AF44B0E2-E78A-4B27-BF1A-43D552A2C360}
T{E0DCF81E-75D3-425A-A69D-AA6365C2E233}
T{94492064-E4BE-47FE-BF5A-5CF321260CCD}
T{13EAA3F7-6F4D-494F-B26F-EDF13D325D3F}
T{417ED726-E1B4-47BA-A77C-96B0149660BF}
T{8F8D2BDF-37AF-494B-BD13-6AE091FCE0D9}
T{7BF89F37-FCF7-4D54-BEFF-33116BD08567}
T{E9A47D6F-D41A-466B-BC43-0F031536620C}
T{853EFEF7-4BD8-4119-8B2E-2D240F01400A}
F{CFD1B584-D36F-4AD6-BA4B-82D8E3FD29FB}
T{EAB8CB76-56FC-413E-8AFD-C6F4601FFAEB}
T{B3579977-D4AD-4589-90DD-752A0ABDEFC6}
T{C4DE54A9-B5A2-483C-B5E9-F1E564EE2F20}
T{B5E05F0D-84CF-4411-91D9-A594F77DD8BC}
T{F7072A38-7FB5-49CF-A80B-FD6F78F5EDCD}
T{D096EFEC-5EE5-4AF6-B0A7-7C3F804AF816}
T{9F545F02-14D7-4291-A8C4-4902AAE0C9C2}
T{89DCCDB4-19BA-46B3-828C-104ABB93174B}
T{479E76FD-96B1-4EB9-87D0-44672B6EC0D8}
T{A5B8D0AA-510D-4111-A162-8E7B0713D7D9}
T{1DB6262F-A30A-4592-AB49-F553BB424A86}
T{521CEF31-D86E-4994-82D8-7D4B4337FB3E}
T{F935D383-52FA-4A4B-AF06-468021C05AD7}
T{0BE2BD3B-C607-4855-8825-316EDC6B2BFD}
T{2DEA4E67-7ECA-4974-9C2C-9F614639EFAF}
T{53527151-0165-46A5-B4FA-B8D184B0C4FF}
T{295EACF0-C9AC-4017-91BB-D9BD93218EF6}
T{557C3391-BE96-4109-9FD5-1DC0981747E2}
T{BD44AE51-2FFD-4843-A15C-B1EAC15D2D02}
T{42134FBE-5CD2-4948-9751-DD18FEA2A32E}
T{6DB8B899-29BA-4F32-BC4E-30F0BE03F5BE}
T{A008F8D2-57AC-432F-AB13-D3ADF95F7AF3}
T{4B8077FC-D13E-482B-B21E-FF914C804791}
T{8BC40001-8E9C-4AE6-A552-1D7D5A1FBFD6}
T{40F4535A-CBCB-498C-BCE6-93962E2B138D}
T{0777273A-8C6F-4D8A-A0E1-2E65F4AF2FF1}
T{06559319-BD5C-49B4-8941-291EC2EC6522}
T{50118F6D-54B4-4099-B8FC-F105B76EED79}
T{354A5CC7-A80F-4D56-8678-33B81C03554B}
T{5F365099-DA9C-4D1B-AD51-34DFA49312F8}
T{D6969E1C-53A0-4262-AB91-04D5AD2E2689}
T{223C27FF-649A-466A-9294-6D09458F7F8D}
T{4F4316BF-8805-446F-8294-A1EEFB145EB5}
T{91C09955-BA2A-4E50-AEDC-7A668148E849}
T{1F6CFE6F-2170-4F1E-BE35-3FF20B15EB3F}
T{06B671F7-E2F6-41C8-B11C-494E3B9F48D5}
T{4E6F1ACA-DFA0-45A2-99CC-0F96B2B2E7F4}
T{D3043E86-673A-4089-8027-2C65DA56470F}
F{73956D02-E81B-4E91-A82F-DEBAC1B3BC1A}
T{915089C2-57C6-4300-83A5-DC7A0B66CF4C}
T{53DB61D1-A3DD-46CF-AAC5-F91F6AEEDBAE}
T{3D2CE919-261B-4209-8F5B-27435FEC2F86}
T{2724D102-B6EC-4ED8-9F7E-D8034F77C457}
T{D34F1C00-1E05-4CEF-AA86-8CB2F752CB31}
T{A9061736-863F-4141-93D4-057CE4954F21}
T{20B6A067-5E99-4396-8F11-A329F80067EB}
T{A815E35A-EF83-4767-98F6-48B479702041}
T{CEB4161B-6546-4801-84AD-5267D3EEA668}
F{CB34698D-D002-4510-B2DD-C3940E052DB7}
T{4A714D1A-96D4-44D8-AF56-CD49705C8815}
T{672F5C3A-4E80-4D1C-BC56-920F5C27AEA8}
T{0D526E52-D072-400B-A736-86DF977A76E8}
T{9BA29DED-803C-4B1E-8243-9AA6EE3DA742}
T{5259517D-4686-4917-B2E7-7DC41D4EA21B}
T{2A011D88-2D86-4F2C-BA1C-D439FE00146E}
T{A6FB85B8-6340-43D9-9362-804A4121A5AA}
T{D600CB65-D390-48E2-AAC5-4436A31575D4}
T{1386041D-3CA6-4D81-BB0A-69655A48A34F}
T{2114592F-41F9-43E2-B3ED-A781F8670403}
T{5DDD3889-4FFB-4B60-921F-18BF7C49B001}
T{2C569B43-C3D0-4DCB-83EE-793AD8A8D684}
T{2A2FC3A6-DE6E-4228-8391-92FB4AE067CE}
T{CBC77118-011E-4F45-AA2D-200DA6B6BCDC}
T{48BBA5E1-2D6F-4179-A752-874103922F81}
T{43D0F482-9A50-434E-8DC1-0D4026F81F8A}
T{7C4B19EA-0F22-4106-9B5D-99D382F537F8}
T{3311A06B-C525-478D-89DD-C35D067F6A65}
T{BAC79557-0674-4986-96E4-54353A31C13B}
T{F0F4D909-5FB8-41B8-B373-9D604A993353}
T{E079066D-0485-4731-A6D5-E7DA26C2004B}
T{7AF5C5D8-604B-4568-AB4F-ED5CC15FF9D9}
T{5665CF57-7F6D-47CF-907F-B80E2A967D49}
T{7909B7F8-FB32-4077-A67B-E902341D64A1}
T{C1345BAC-0F97-43BF-8B90-8B867D80C948}
T{F927D7A0-9C30-4948-ABC7-54C2FBCA3643}
T{1149067F-5A38-4515-BB96-0EE54EA6BA74}
T{C06C1149-ED05-4AFB-BFC9-3A7055CF88B6}
T{8781C560-C1D1-4D7B-A14E-12044D412E63}
T{997E6018-4B63-48BD-A151-F03FD56EEEA4}
F{FD8184EB-310B-464A-9145-BCB22FBD0BDD}
T{ADAC6550-F747-45F0-A350-8CB7C01E71E7}
T{F2C56F38-DF65-4827-8B59-5B55D0DFECD2}
T{93291D14-7C1D-4D0A-A8A7-E396D72F33A6}
T{6D6B720F-39A6-42C5-AD0C-E25B6F77FF51}
F{29C5D3E5-F63D-427E-A5CD-60AA596A8F2D}
T{C84A569D-A473-42CA-87AB-A7751406C8FA}
T{80A87AE6-1D78-4016-88FD-3E2E74C9F525}
T{C046E1C2-887A-4C0F-86F8-1AF41F3ECB27}
T{9D6A4EEB-24EC-4A7C-9568-CEF17656B6D4}
T{6AA39FD7-1E82-4C62-AAAE-A3D293F3A409}
T{85C4298E-0574-4092-8270-F44973137ED7}
T{76BCC99D-28DC-4D86-AEA5-9DDEEB7275EE}
T{44CB2BE5-9C92-4BE5-B120-10EE6FF87C82}
