T{EF30041C-3463-49A4-80D7-E15A314A2F7A}
T{CFD1B584-D36F-4AD6-BA4B-82D8E3FD29FB}
T{CB34698D-D002-4510-B2DD-C3940E052DB7}
T{29C5D3E5-F63D-427E-A5CD-60AA596A8F2D}
T{9E8BCC66-8DF3-4940-9B69-FE2AA2858ABC}
T{4631BB42-5061-4577-A8CA-D7DA14B99C40}
T{F453C545-7634-46F9-98D7-4F0015769EB9}
T{73956D02-E81B-4E91-A82F-DEBAC1B3BC1A}
T{D81CB576-1091-42A7-B933-DF56BF55A2F6}
T{9EFFE7BB-F7D4-404D-9897-1560E196AF49}
T{FD8184EB-310B-464A-9145-BCB22FBD0BDD}
T{C621C91B-0277-43CD-A204-25DB6F19FECC}
T{2A011D88-2D86-4F2C-BA1C-D439FE00146E}
T{164065A9-99A0-4F9F-A7DA-D0E4D4521F44}
T{11294FE1-95F5-44AF-B5AE-BA514A3FC578}
T{BD86A5CF-8576-4548-BF7A-96CF8330A517}
T{80F42E0A-AB57-4095-AE33-694A83E88C65}
T{6CB107AF-B679-4548-98A4-A758AAC32E15}
T{29AD9781-9621-4659-8B5D-71DCDE0D0F4D}
T{69B2891E-9AB0-4C1B-82DD-CED840FF71A7}
T{04F70EF6-AAAC-4010-98C6-D6B1D707452C}
T{C4C785C5-167E-4FD6-B444-F9CBAA1F2809}
F{81AFB3A4-C0A8-4079-81FC-4E1395302E57}
T{39731779-99C4-4780-9E8D-8706B2F3EBD0}
T{CB34698D-D002-4510-B2DD-C3940E052DB7}
T{77912251-E26E-42AF-A42D-474E34FE17C4}
T{939F4888-8EF5-4825-A5FE-01D5C1C95265}
T{CB52DE78-D5CE-4132-A483-9845B89AED49}
T{F1D209CA-1BF7-48D0-8BA5-63C8DE491F03}
T{73956D02-E81B-4E91-A82F-DEBAC1B3BC1A}
T{0232C3FE-B31C-4974-8093-C88F9BB82C90}
T{F88DDABC-D39F-441C-9385-AA512F153235}
T{5F61174B-D25C-4B6B-8D52-6FB706EA2749}
T{ECBA23C4-4E3E-4C7F-996A-3473D0ADD862}
T{8EC0969C-693B-4D1B-9B1C-C412A827BACD}
T{C1131528-101E-4BF5-9C73-E4C7A7589C14}
T{970DF23A-2C2C-43FD-A81E-ACE158791DA7}
T{17FB55B4-48E9-47FA-95D5-215E0410139D}
T{46DA26CF-F56D-40B4-8B4D-C28154D2B839}
T{9B103C79-CCEC-4DF2-A417-D667DCD49DF7}
T{120152F5-AA1B-4966-81B5-D98839FAB9B8}
T{4631BB42-5061-4577-A8CA-D7DA14B99C40}
T{E6616990-CFE0-401A-B4D3-9333D424B173}
T{9172BB7B-8A87-4E12-A59E-02760EF02AB4}
T{38CC5925-BA34-4929-A51B-71A4A6FBA28E}
T{7490926E-0464-45C3-999A-9231848693BE}
T{FD8184EB-310B-464A-9145-BCB22FBD0BDD}
T{8F3F384B-1A17-4ED8-9C78-375D3FC73446}
T{29C5D3E5-F63D-427E-A5CD-60AA596A8F2D}
F{E48E37F7-DABA-4D38-B613-A0F9158488F3}
T{E076BE89-92D4-4E23-A4CA-7F4FE24C26CF}
T{20473771-F134-48EC-A135-F49D3B1EB36F}
T{B6A5CEC4-551F-4B67-9B0D-2D4683BD0716}
T{494ADF45-1C13-41A5-8B73-0EDF94A1B800}
T{72E2B329-604C-4ECA-9429-A61C8CB7C790}
T{607D8133-0B4A-4E6D-ABB1-091A6CC5765D}
T{2876C8AD-3954-45C1-92AA-CA61AF97C4F6}
T{0CD6EC3F-84C9-4847-9C41-0B801300844E}
T{994B5365-8290-46E2-9328-FD17A963CFAC}
T{0F73EF9E-8D0E-426D-8788-AF6263377BB4}
T{388B46F8-F24F-4733-B9A2-B0AD2C2AFE33}
T{639D3F72-7857-434F-96EC-19D8C653E42B}
T{E06CD07E-64DA-4675-BAA1-D4DCDC23F37A}
F{D648E148-74C9-4DC3-9AF9-2BB9266D8A80}
T{90446ED4-AE3E-4040-BB1B-76CF1A5B7E6B}
T{416DE619-FF2B-45CC-A8CF-7F590CC3D5E8}
T{8301F744-3B7B-4EBC-9084-57F8D46DA1A6}
F{4B908EAD-1D9E-4718-9487-DFB89C77DB4E}
T{AC5ADFE1-BC14-4DD1-A7B7-5EB8E97E67AA}
T{96C63D3B-E790-4922-A708-208CA6DA3EBD}
T{86191833-71BD-433D-9980-23B0C3BAB930}
T{C42BFBD0-A3B2-4034-ABDD-36A9DC96E361}
T{10DAEA13-0D39-407C-9160-E1A1469D3C9E}
F{E153C2A6-C83B-48D9-9744-C1DAF1D2F6A0}
T{80F42E0A-AB57-4095-AE33-694A83E88C65}
T{9E8BCC66-8DF3-4940-9B69-FE2AA2858ABC}
T{85F65900-6BA5-46EA-8623-A5269A6EA30F}
T{539D549E-F433-4F03-97CE-901E056B560D}
T{CFD1B584-D36F-4AD6-BA4B-82D8E3FD29FB}
T{BF35D7D9-9B6B-468D-99D5-91E3056CC93F}
T{E8C46512-5EA7-4CA5-B6BB-CD83DECABCD0}
T{BD86A5CF-8576-4548-BF7A-96CF8330A517}
T{164065A9-99A0-4F9F-A7DA-D0E4D4521F44}
T{F34E0B11-1C88-4CF3-A9E9-B7D84A07D2DA}
T{186F7233-2B54-4AFD-94B9-4FE368759EB1}
T{87430541-EA89-4137-B731-E58701AAA1CC}
T{016336A7-8348-49D8-AC30-5554EF664064}
T{C8AE071F-F3B8-45C8-AE44-53F435301003}
T{9C587FC1-1C5F-4B42-A55B-C26186B8BD54}
T{D496B7E8-CCD6-4FBD-9955-B19815A0E81E}
T{4866AA86-6C63-46F8-B0F7-BFB4BDC40AC6}
F{1CAC01BA-995C-4B13-91F6-5A557C76493B}
T{B26C121E-B8C3-4864-AD6F-38477DF4F5C0}
T{1247BEE1-AE4C-4B0B-B9E5-9E0518E3CA51}
T{70A2E9B8-3323-4466-B470-D3817DEC13EB}
T{EF899F26-7C62-4C72-934A-0A6E47E06557}
T{589D2EE5-AE2F-4544-84D5-5BC29B0BE0ED}
T{66329B81-4C55-4D81-8B87-8464A989786F}
T{3F49474C-37B6-4522-B5B1-974732D97353}
F{5ED9A8DC-5566-4C43-A2F7-CBD356CC9A41}
T{2E2FA9B9-5526-4DA3-872B-38431976767B}
T{ACD77D05-4155-4710-9087-1E3B902580D5}
F{B08E1FA9-4F14-4A75-AC1D-9CB75BEECC75}
T{5AE624DF-B3A0-422E-BC98-829F6B32E371}
T{FBEF59F2-61FB-4FB3-A2AD-EEA28FF9CCF8}
T{3B4978D0-4793-4E7B-A042-09A8D39C68E9}
T{55B089B7-34D6-4A8F-8B77-BEF51B3C21DB}
T{8B051F82-0398-4653-B3D7-9A62BC157A1C}
T{41A45C9F-C418-42FC-98B5-ECBA6A48D32E}
T{497878B0-0CE8-40F5-BBDB-649B51095E05}
F{910D3874-10E3-464C-86F2-EE89E3CF8111}
T{827AFC40-D724-476E-B0F3-1428733B4918}
T{D78A1192-5CB9-4FD0-A743-BF36F9FECA77}
T{19624EBC-4CDC-47FD-BFC8-513BA1BFD670}
T{F8DFD3B0-5A41-4FB8-951C-9B31FA7257FD}
T{9E0AE925-41B2-45BD-ACCD-F5D12719A976}
T{1FFDB99D-9163-405E-B68F-EF3667708C22}
F{C8F56C61-677B-4A4C-8E48-3371AD9207BD}
T{41CE8483-BD3B-4EA8-817D-77445D0B61B0}
T{EF81F7D8-ED1F-48C2-98DC-E2FCEEEE1A18}
T{83F5D758-30E9-4B57-98D7-8E85834EDC6A}
F{9F48EB6E-D18E-466C-A5A7-3B2620BB8DF5}
T{E29E2476-2E30-4412-90CF-BF9DDB95C80A}
T{2ACBB676-46C2-4E32-9CD0-592361B15D4F}
T{015B3D2F-E000-4AE5-ADA5-85CE12803D34}
T{0ED21730-A9F2-43D7-83C6-5E03A5C4B38C}
T{E5A444A1-C666-4E40-B2FB-D6521283E5B1}
T{CB212B9E-D72D-4E7A-B5BA-BFC9BEDB615B}
T{7E6C90E9-E0FC-4F62-8E23-B9B95F36C94D}
T{E5243943-6A5F-45B7-84EA-C6E4E0C300EC}
T{AA1BC3C0-448A-4776-BEB5-938BED14CA8F}
T{E3395758-CA5D-42EC-9CE3-248408048B47}
T{8B6DC4DC-4261-4417-BDEC-63BD423893AD}
T{59A60E0C-3E25-4A18-9691-B87804A27023}
T{B85DFC15-0B64-439F-A044-71190EBCF76D}
F{0E120995-F268-4170-BF46-3E89BEAC5793}
T{02F9B818-2E8A-40FF-8F13-FE60CC825B7C}
T{8D1E4E40-F34B-4885-BE78-9D0DCF246177}
T{2C32BDBD-9D7B-4537-9700-AC0083DA4E6F}
T{F1F28069-683D-480B-8D59-ADB07E366329}
T{2CF9A427-2C79-4365-9812-944D5A00765C}
T{E5B1009B-AB0D-47FF-B803-38E0544CC55A}
T{E98489AC-2C9B-4947-B20C-A6D4B5EB1551}
T{F7970881-3670-4B14-9A79-11E9B14D974B}
T{AEBDAA24-1DF9-4D3C-B071-C255A9272394}
T{9D0D3213-A323-41F1-A4D1-BAF753DFF945}
T{68C364BA-4A8D-4594-85A4-9835A2A2DF14}
T{BBD05FDC-2959-4072-9D35-4CCB0B51C296}
F{3D076BAF-B45B-4575-B9AC-0236CB2F4AB1}
F{628E5504-34DE-4335-90AA-C140B64002C2}
T{F76366A8-D581-437B-85EA-A3767951BDAB}
F{5A88A55A-64A8-49BD-9F25-53EFD02A37C6}
F{016F57B8-0196-4C68-97A7-397AAA275DFF}
T{0C0F9BDC-A457-47C6-99A7-19D2C8BD5825}
T{353F8A70-8E82-41D8-92B7-8CC02A7D3EA0}
T{B09FBDEA-B673-43DB-AC24-68695BC1ACF5}
T{193C623C-0DC6-4285-9EB9-A2272B85E544}
T{F985AD6A-BCF1-4FF5-8D68-6190E1F0ADA8}
F{5AE32A76-4553-4458-A8A2-F460DB3662FA}
T{738DCA7C-B62C-429A-B712-6022BAC970DC}
T{5DA95A32-824D-41CD-A257-300C05AD7A65}
T{4B015E8A-8D51-4086-B8B6-C14E670E8CAF}
T{C5D6A642-976E-4320-BAB2-CB8053842CCD}
T{10B8AFA8-7911-4EF7-8677-A70E19DD6AF2}
T{A52B10DA-AF33-400B-8E49-A17D4F82B3AD}
T{729EE44F-76F9-44FA-A878-A9767619C95C}
F{59372671-F5DA-430A-A52F-B2425B0FCF65}
T{9F39F6ED-BBFE-4EA4-9B6A-87E15C1BAD1A}
T{B03D80C1-B245-47E3-A445-C7C32F1362AA}
T{F38A6811-1135-4C8C-AC69-2BB82FD17819}
T{55E185DD-7BE4-45AF-8A66-BA1122C50555}
T{A6D7E995-DD66-46AF-8458-B3E8DC9093C9}
T{C0297B6E-BF78-4566-BD89-2B988574E3EC}
T{D3E69CBE-B364-400E-8D65-593F6EA2ED22}
T{1DD8B0BB-B8F5-4109-80FB-666D9F5AEF36}
T{A598D530-A0B9-420C-A517-FB7C36E7A048}
T{3921CDE4-5BF1-4ABA-8FAD-5B682169962C}
T{B80C3D14-84E0-458E-9C32-20D42837D272}
F{EF857B4A-2ED2-4A00-9726-841335087695}
T{0C993C3B-DC1A-456B-B07D-868FE9F5E312}
T{F2FAB52A-2972-41D8-A076-0DDCBDCD5B47}
T{70A98FA3-7E33-4043-AD34-7C34EF7F2528}
T{37E8E1C4-A2C5-42AF-A911-0378E1C5D578}
T{CEB8EE2F-A619-497C-8910-FF0BE44ECF2F}
T{D4CDF893-534F-40B2-964C-D0C4F51FFBA7}
T{194BDB63-C6D7-4796-95C3-082F73CFC950}
T{ED7C0726-DB08-49ED-83BA-BFB8B226BFE7}
T{57FA6908-5B93-47F2-9BB9-EB731C6D7EE5}
T{1FA4160F-00CD-4A1D-BE2B-781508F9A6AE}
F{28D87847-970D-48BF-9BF2-A38CF608498B}
T{F9478383-C96B-4EBA-AB1B-01B299D9F0F9}
T{AD740549-96A3-4CE8-B7D3-E6C0CA50B248}
T{B675C6D8-8221-4841-A989-CC5EA37484E8}
T{A184F0C1-04AD-464F-B661-D4B86EA8A8B0}
T{8CD8967A-2EAB-4D5B-961A-C02CAFCF5C1C}
F{0C14834C-EB4D-4DD6-947B-6DB289FB0E14}
T{36229AAA-0236-4DD0-A337-4102FFD5E19B}
F{01D7C85D-D115-409F-BA34-49AA733FC388}
T{5056AA94-7581-4E32-B33E-B077DD6ECCD4}
T{DBBDCDFD-CCF9-4CD7-B2CA-664B40AD95F5}
T{1C15A848-32EA-420F-9E1D-5869169E2434}
T{CF5F997A-D364-447C-B8BC-725E1B1182C4}
T{D6B9A408-BB19-4DAA-AD42-7724505DC822}
T{B1638F33-0118-41B9-BB92-3204AE05D243}
T{8705009C-101F-43E0-9311-9B6E713B0F0A}
F{DC039036-7696-46ED-AB32-4A8BFD6D8FA2}
T{A978CA0F-82F7-4C15-B5AE-9B9B69FCF5DA}
T{B2096761-4D36-4124-B885-704579AD4FDB}
T{362D0584-63A0-4CA7-A531-4054111D4CD3}
T{59187FC0-7319-4289-846A-3CA6B39C07A7}
T{30704ACB-A693-42EB-959A-DAB35E51E77B}
T{50BFE04F-99D1-4115-93A9-9C7638251780}
T{86B338E1-14E5-4F21-BA69-FED51434C944}
T{4B720B54-EA7A-4892-827E-2DE3FD2BA5AF}
T{CE4516B0-498B-44BF-939E-E22C4ACF4364}
