T{8C2886EB-AABB-4C35-B405-85568A2E9B74}
T{8F25E8DC-1701-4DA3-AF44-71644DE323C8}
T{2E54522C-E4E0-4B1A-A8F7-A9D953035189}
T{CFB4A6C7-3819-4E69-AD26-8AC0D26CEC1C}
T{A12456D3-1712-42C9-8839-1F4E641A5728}
T{D51A08DE-302C-4241-A2CE-CB34CDB68A60}
T{94DCE239-C515-4950-B76B-5CC580D8F0F4}
T{47AE9454-787E-4CC3-818E-8B76E0DC3D9D}
T{0C068CDC-3E58-4CB0-BB9D-0737295C41AD}
T{8089B0D2-A703-4F23-A9E8-383DF2634F94}
T{4EE28F8C-9FC0-401D-9E7A-12981930FDA3}
T{3C9B9938-6A0A-43B9-AA34-09D724958272}
T{9E7BC97B-BFD9-442E-AECE-DB0DAEEC6B6E}
T{CB28B555-6530-4A5F-89E8-F92C756FA48A}
T{77BC1DEC-EB49-41CB-9CB2-B44CDD07BD4D}
F{D81CB576-1091-42A7-B933-DF56BF55A2F6}
F{9EFFE7BB-F7D4-404D-9897-1560E196AF49}
T{31E65F81-05BB-49AA-8FB4-C11A3C20EBEA}
T{7EB0AAA3-BEA9-4961-99A1-6AD61C0A7CCC}
T{035D459A-BF8A-4A89-87F0-2C54C65DFA95}
F{11294FE1-95F5-44AF-B5AE-BA514A3FC578}
T{6B7907E5-7766-49F8-AC22-7E826176B755}
T{895BCF54-88B6-4F8E-BA05-A4919C6A76E7}
T{41B25C51-E883-4D30-A5EF-AC5CBC7D961E}
T{2C2E6DD7-AE19-42B3-84B7-758B693D92B4}
T{2A9F092D-31BB-4BC8-8C11-693A5268379C}
T{A0ABBC99-F4EB-4EA2-B2FC-74914B7A7739}
T{DE938F4A-FF2C-49ED-839C-FF8AE66DAE1B}
T{BD8044DF-3C53-4F4F-A96C-054530F8E5E0}
T{32B1DCBC-DE46-47C7-B3B5-019F644AD39B}
T{890DB478-32D6-41D2-B18C-D64AB26F4622}
T{65D610FD-2C60-48B5-875C-7B414BF01F8C}
T{6BFD0B7E-D3B7-4BA4-8131-FB117D942FBE}
T{685AD7A5-D954-4EA2-8AA7-0FE511995D77}
T{D3DBA59D-5623-4309-8AC0-A893A06D4DEF}
T{85D4D424-BEF5-4946-ADB5-A5E45BDCBE7B}
T{DD779961-B2A9-4946-AFAE-D71FD308E276}
T{BE024796-AD0D-4354-86DF-2549FF637E38}
T{7ACE335A-F270-4CA8-B0DA-760DCE46345A}
T{F04D0F0A-3F70-4F51-B386-E8676D2FF5DA}
T{30261BDF-3BEF-4FAC-9F39-728BF5814B6F}
T{A88173C9-3317-47B4-AA8F-2C63081C2BE1}
T{A1F5F693-4074-42B6-982C-0423302DCC52}
T{22DE6BCF-F8F0-4338-9555-ADC101CEDE62}
T{3C5BB5B6-8AB2-448A-869D-3C6BF5B5A55F}
T{E86E58FD-3827-4958-AC90-13D8E7E7EF5A}
T{B20831E1-D00E-47BA-BF9A-1AE95DDE9F0F}
T{57A3AADC-A299-4709-982D-794EBE535B87}
T{F4D808A5-9152-406B-B37F-09A0718529C9}
T{7A054CFD-D695-4962-B231-5B06E8CEBE83}
T{16751EC4-680A-4ADB-B962-BE9FB74CB099}
T{3C5CA223-6178-4154-8A82-9A479F0E3AED}
T{DF1DD51B-B1AC-4247-ABB4-8202642C8FBD}
T{F3D1FD50-4B21-467E-A269-59A7D206C7B6}
T{67A4C1BD-32B5-4E4C-814B-5B7A78149377}
T{C0D73203-EAF1-49E3-96E9-0429EA8D72E2}
T{456E32BA-9CF4-486F-B72E-1808858F0ADA}
T{F27BBC38-D971-49AA-B413-1478FACDFB6E}
T{1D2F91FD-6D4A-4738-9439-7263B0FB094D}
T{BCACEF18-C874-4C91-8287-78A1798638D2}
T{79F76C0C-DF17-4E48-B110-B6D861D9D718}
T{79ABDAB5-36C7-43EE-BA46-8B413365BCB1}
T{FEEA650C-C93E-466D-854D-526DD3BC3E57}
T{1653D7BF-A399-40FE-BE98-DA7A5204DDCC}
T{7DD087B6-F121-4CDC-9B44-810EE446CCFE}
T{C0875FE8-F56E-4525-96EA-04E724702FF2}
T{31D17F6A-CDA0-4103-80C2-0602D36F05D1}
T{4E7F8185-9C80-49D1-A477-EAB7AE1D6C2A}
T{245B5E90-E8A2-4E16-B12F-0E6D661E6418}
T{711F6F47-0621-4A63-AD17-1BC2642E21EF}
T{A0C17CB0-8B27-4C62-A0AD-3283E7A16D01}
T{248BD7C6-F4E1-4125-A4D6-1FEF477E2D0B}
T{4043CB13-B73D-4D30-9E52-08876667F0A5}
T{8AC2BF78-CCE3-464D-BBA9-5FFEF05F88A2}
T{00F49A89-3575-4940-8218-22791B89BAFD}
T{2E39AF3A-C28F-49D0-BA0C-F5E347DA7418}
T{0358477E-5F48-40EB-BE16-9BB7AD39FF18}
T{827B9D4A-15F9-40C4-9357-B3519ADB5988}
T{2CA20983-CA62-40E0-9A0B-92D93CAA02D5}
T{5F6E1C7E-E8E9-49F1-B0FD-D39DABE982FC}
T{E3A7BD03-FAF8-4684-A14E-435135FCCD0E}
T{2088ABCD-5538-4BE6-87CD-34000C591150}
T{D2E9FB4E-EB21-44F3-84FC-224DF2D1F09C}
T{8F6012FA-B3C9-4CDE-B7A2-6F7754FED65A}
T{91E18891-877B-422A-A812-9056CC4FE744}
T{CD045742-5029-4C92-8052-57235584E0D1}
T{38D5FADD-BA0A-4037-A78C-4115FEBC1FCD}
T{067532EC-D5DF-44C1-9CF2-9B8E1CA3CDEC}
T{C9272315-0D1F-460B-B237-650569F9920D}
T{A3D04EF7-9764-4171-AFD5-632726047AC4}
T{EA7ED47C-A0F6-4D54-B72D-AF24B4F1AE92}
T{CA5437AA-9226-4DEB-BBB3-103AD8229378}
T{8379B667-89AA-4D30-A5E4-FA9D0B1910DD}
T{CFD8B6A5-1869-463D-BA83-0A479A3D36B2}
T{1390C9F5-FE84-4574-B12C-F611F41B85E5}
T{9CF58495-8175-4D88-A0E6-1DD19ECF71F9}
T{D70C3B2C-1566-4947-BA96-91E514E5CFD8}
T{0EEC2E62-B3F5-4844-870C-C47158033414}
F{569EF473-4A45-49B7-A5FE-984F380B1814}
T{08EB8606-AEF3-4FF5-BB8E-60F35952DC88}
T{B4B1C5C2-F087-4827-932E-07E9B11ACA56}
T{DF84E480-BB42-43BA-922D-930D30F35136}
F{C621C91B-0277-43CD-A204-25DB6F19FECC}
T{2099A062-BC37-4744-983D-17C0F1ABE225}
T{DE5A925D-6519-4D3E-9498-F8BACB7A5763}
T{A290FFD5-140D-4439-8959-31FA4651E4B3}
T{4D4FD55C-A9DE-4A76-92D5-7C144D1A85BF}
T{00EC7623-2536-4DFE-AD36-03F4D30C1554}
T{D3F36069-326D-4700-BA89-D30996EDBC66}
T{A0F84A9B-C74E-4772-9F3F-6D72328140D3}
T{AA8BAD98-A444-4436-B236-F87745EA4804}
T{5573D1D0-C8D4-449A-AD31-81A07866EDFE}
T{5CFE949C-3375-42D1-B372-4B9F2D3363F9}
T{B5C844B9-78CB-473E-B15A-9E8760D67BB0}
T{B09F2FBF-6E03-43AF-9B4C-71EAF7959CD2}
T{35DFBF40-E5B0-4746-B5E8-2F04C96CF59C}
T{6DCCCEA0-31C0-48C3-8F6B-61C5F44187C6}
T{859F76B4-4D9D-48B8-97A2-B575BE71643E}
T{A234D635-C43A-4A81-ACC7-FB06D0D6CAFA}
T{64D5E967-7DBE-4819-978B-92707A12218C}
T{41D0E98E-E0BC-4DD4-985D-B65E3DCC879F}
T{FE16B572-2CFC-4021-8509-00A7B47158C5}
T{200B8681-627A-45CF-A5EA-71CBB84A689D}
T{E6D9E511-D49A-4D7C-BF1D-76DC2207D232}
T{B242F289-FF24-4254-8E6D-C5F9711BA36F}
T{693B44FF-DB8E-47A6-8D21-1C5738A64BDF}
T{9DE7B7F2-DC94-4D03-96B3-040C73C16B49}
F{F453C545-7634-46F9-98D7-4F0015769EB9}
T{D92BCBCB-E4FA-468C-9DA6-5D08D3D2B3AC}
T{D16B198E-E4A4-48ED-8BBD-8FC8826952A6}
T{3E2068F8-DE2B-4DAD-B9FB-AF3F462CF540}
T{E32936C1-F8C8-4508-865B-3AC57B90F281}
F{EF30041C-3463-49A4-80D7-E15A314A2F7A}
T{8BAFA0B9-B12F-4E13-9AD3-2618D14960B8}
T{32463275-68A2-46A6-A1DC-67F91D50DAC4}
T{B3EFF71D-A272-4C0F-B81E-65FACE5A4AA1}
F{9547A873-8914-4B48-9B38-5BDDD764618F}
T{1E495456-190A-4814-934F-516653CBD0A9}
T{5A4F9AFA-8DD4-43FF-BF43-D81B6435FFA5}
T{B467955F-9163-42BD-9E4E-C2B8DFCA4599}
T{6B5FFA9F-8AB5-45EF-A57C-18B4BAB2037E}
T{36BCB978-F6F5-44E8-8073-137B9FDD449F}
T{C0B77BD3-42E3-42D0-873C-A40F3C2CC376}
T{025D67BB-0DD2-48B6-A8FA-10A9DD526C21}
T{5A3C78B2-BD49-4A25-A84F-98BF4EEE6FA0}
T{AA9ECEF0-97FF-4894-AC08-B70C9D3C5DA5}
T{1A29251B-51EB-49B7-8606-2FDC016C125E}
T{75758269-D827-4718-8CFA-F1228934087F}
T{7CD63A22-4E42-4CD8-A874-591C35C5FA54}
T{92CAFDC2-7DB5-4653-B2DE-9176E3D30FF4}
T{2BDE3DE9-83FB-4ADE-A864-16FFE285E512}
T{AD1D4184-3CEB-4138-94A7-1097985FDB24}
T{AD5EB020-CB85-4EBE-B53B-2A1AC0D3F6A3}
T{8652BF84-5DAE-4050-B83F-B653497004FF}
T{6DA8CD99-C7D9-495F-B665-122E96E04E73}
T{0315ADE4-D4CD-43A7-99EF-90D5F99F5EF1}
T{3A622DFB-E1C0-4968-AAC8-D9D236C2C71C}
T{7827EC60-E878-43AE-9278-486A38B68336}
T{F7CC59CB-9719-40DD-B9C9-690E2F060C48}
T{BFA4AD54-6274-44AB-B91A-4149A69EA6C2}
T{99C47D85-E3AA-41FA-B935-89603E1CF295}
T{CC424D8E-DB08-410E-9CCA-37B0B8A58858}
T{54F88DF0-1DA5-483B-AECA-27E54C2095DE}
T{076FD19F-5E1E-4055-8F98-6361B6F5F1BF}
T{654B030A-644D-4695-ACCF-59F854EB66B9}
T{EAF78990-70CA-44FA-9B5E-16472204AFB1}
T{99654767-8E8E-4CDD-8627-C45E8484D77B}
T{335591C6-D690-4071-B39E-6989C6CA9D41}
T{5683E1C1-0B00-40D2-9559-56B2E6ABAE41}
T{DCE426B8-0DA5-40DF-A2BA-8767E55774C3}
T{AEA32450-8E7B-41DF-BF09-A889A8D52F4A}
T{E33F11D4-DA22-4F05-9121-AD03E59EC400}
T{FC231168-DB9E-4914-A939-D1415944E535}
T{AC6F70D8-7EEF-49D5-8913-2D73FFB4D8CF}
T{D3D98BDE-327A-4677-96E4-B15898584E16}
T{7BF3F2D9-E0F1-4BA9-9E1B-7B2773C83C68}
T{8460D37C-6879-4CD5-A24F-6EE02312155C}
T{1ADAA6DE-C838-47B9-B71A-C470139A93F3}
T{88154A01-2EB7-4368-AC52-C0AB3C3598DE}
T{37672F87-D008-4C6F-B513-96EF60C6D25B}
T{7A8FD169-737F-4771-B9F9-F8ED4E6511C7}
T{1FA7C022-CE2B-45E9-BA0E-30AB62C40ABD}
T{D0BB5B03-91F3-4D78-98E5-2865D0543CDF}
T{86933962-8207-4ED7-B892-76F5D3AEC9B1}
T{D85FE703-9432-4493-8DB4-BD4E77B38C4A}
F{1332E500-0639-4BC9-A492-BF7EB16C5A55}
T{F1E86D99-D461-4808-A234-7F18D570E2F2}
T{1791827B-B743-4966-8DC2-FC762B7FFC12}
T{9A66F0FF-D7EB-443C-932C-915DFD38C743}
T{07480D40-5284-4163-BCA5-5F5678E24A99}
T{04D6EA31-1319-4626-9C7A-6FFE8D78B741}
T{03841067-39C6-4344-AC77-8F74CA458A15}
T{7EF9A4AC-14A1-4CEC-AFB6-1F2D1494207B}
T{997EB1ED-7A44-4796-9A76-10C0BFE5CCDB}
T{6EFC1BF4-D2F1-420F-8BC2-A70D35DAD54C}
T{A3A3223C-584D-4C3C-8B7E-7FB958ADFC7E}
T{B204FA24-A923-4FB3-952A-76D652B78CE4}
T{DD3ADED7-F4E6-4C1B-BFA9-3DED478765A0}
T{A2150B57-430D-492A-816E-DF7559F74BA9}
T{FA23DB30-9189-48BD-918C-BD770F89D43F}
T{DBCF9ACE-899F-4057-88A4-7FFA29DAA88A}
T{F16A579F-7BA0-40E4-A1AB-F6B5C6492078}
T{2A1F9EAD-0A5F-44D9-85AE-39C140AE8041}
T{563BA842-2405-42D9-9A3F-A0F4B6A326F2}
F{9F222D97-B49C-4029-BFFC-DBFB4A640676}
T{A1A4CA2F-4F90-4453-AF02-226EF452DFA9}
T{2A21D5CA-DAAF-49FC-8109-C08578D61A4E}
T{6C7A35C9-FE91-45E2-A7BC-399DAE06D357}
T{244D1716-55D9-4A23-805C-AEB8038AFEB3}
T{CF3C1893-6093-4658-937C-CBE5856B5825}
T{DD338CB6-1873-42B0-8A16-7D4993F41D9F}
T{DE5F51C3-19B6-48A4-BDAB-8BE0BE105B0E}
T{23782766-5DBE-4932-8B2E-7C1EAF927D66}
T{341FB5D1-B3B3-4D79-BE58-5D6966C55454}
T{4576648C-1342-4343-B39D-5113FFFB39BF}
T{2A66F584-C740-4ACE-BE6B-96ACAE25C644}
T{08831EC5-4AAA-4806-91DF-E3B1E209B299}
T{9C794917-148E-4C15-B18D-39FF144DF34E}
T{B20C7255-E5CE-46AF-BA7B-BF50F754E477}
T{1E0A93DC-A864-40E6-A73D-59C3C1CB4213}
T{B071C488-25A4-4F47-9FC7-9F18DC11F6E6}
T{FDE8C924-1644-4EF4-9E44-2A80D1F73F98}
T{050AE1BF-00EA-4EAD-ADCD-0AF5BD22CC3D}
T{A9FDDB13-F96D-4F44-A652-252C67527D41}
T{2CE25A07-ED60-428B-B93E-3A34E0BAD637}
T{B3845095-C81F-47A7-AB48-87E3CC27EAE1}
T{B1E62D9F-5F66-4526-A3CC-C1B200E88CEC}
T{1A9B3CC2-A48A-40E1-8AFE-16CAEE0855D1}
T{05B67000-BF3F-4B0A-BCF9-764B50B45F75}
T{93AFA1A0-0524-44EB-8549-8FD6C56AA21C}
T{0906D2B9-F284-43DE-BC0F-92DC468682B3}
T{9A4DC71D-5271-4E39-ADF4-C895F4442977}
T{ABD13198-139A-4CA2-8028-05B7F01EA5DD}
T{E685E5F2-0404-4950-9066-C254B49448E5}
T{86C27AC9-58CD-41D8-B92D-0510665B82CC}
T{2AF68D94-43C9-4528-8ACB-87875FF2F5E5}
T{8EC47787-CA14-4C39-BB66-5F4B772805AD}
T{E27A5F55-59AD-44B6-B8E5-12E4C14352FB}
T{0F5BAB18-1244-4108-BED1-ACD5BEDFB15C}
T{3E82EC0A-8A63-4CED-AF41-AD4C2630EB47}
T{90547525-0BC4-4BB8-8CA4-B8159EAD0E28}
T{82460E98-8F2F-4227-8F7A-2E4D2E4CD043}
T{0F8801E8-D250-43AC-8602-0B118678B55E}
T{485BB315-623E-44DB-A418-59F4C0C370B1}
T{7E1BD8A7-FE3C-4F88-8B98-6558CEB64CBE}
