T{9E8BCC66-8DF3-4940-9B69-FE2AA2858ABC}
T{11294FE1-95F5-44AF-B5AE-BA514A3FC578}
F{CB34698D-D002-4510-B2DD-C3940E052DB7}
F{C8F56C61-677B-4A4C-8E48-3371AD9207BD}
F{5AE32A76-4553-4458-A8A2-F460DB3662FA}
F{29AD9781-9621-4659-8B5D-71DCDE0D0F4D}
F{3D076BAF-B45B-4575-B9AC-0236CB2F4AB1}
T{164065A9-99A0-4F9F-A7DA-D0E4D4521F44}
T{5A88A55A-64A8-49BD-9F25-53EFD02A37C6}
F{9F48EB6E-D18E-466C-A5A7-3B2620BB8DF5}
F{E48E37F7-DABA-4D38-B613-A0F9158488F3}
F{81AFB3A4-C0A8-4079-81FC-4E1395302E57}
F{628E5504-34DE-4335-90AA-C140B64002C2}
T{69B2891E-9AB0-4C1B-82DD-CED840FF71A7}
T{80F42E0A-AB57-4095-AE33-694A83E88C65}
F{B08E1FA9-4F14-4A75-AC1D-9CB75BEECC75}
F{BD86A5CF-8576-4548-BF7A-96CF8330A517}
T{01D7C85D-D115-409F-BA34-49AA733FC388}
T{DC039036-7696-46ED-AB32-4A8BFD6D8FA2}
T{5ED9A8DC-5566-4C43-A2F7-CBD356CC9A41}
T{4631BB42-5061-4577-A8CA-D7DA14B99C40}
T{910D3874-10E3-464C-86F2-EE89E3CF8111}
T{4B908EAD-1D9E-4718-9487-DFB89C77DB4E}
T{CFD1B584-D36F-4AD6-BA4B-82D8E3FD29FB}
T{EF857B4A-2ED2-4A00-9726-841335087695}
T{FD8184EB-310B-464A-9145-BCB22FBD0BDD}
T{0C14834C-EB4D-4DD6-947B-6DB289FB0E14}
F{016F57B8-0196-4C68-97A7-397AAA275DFF}
T{0E120995-F268-4170-BF46-3E89BEAC5793}
F{29C5D3E5-F63D-427E-A5CD-60AA596A8F2D}
F{28D87847-970D-48BF-9BF2-A38CF608498B}
T{59372671-F5DA-430A-A52F-B2425B0FCF65}
T{1CAC01BA-995C-4B13-91F6-5A557C76493B}
T{D648E148-74C9-4DC3-9AF9-2BB9266D8A80}
T{E153C2A6-C83B-48D9-9744-C1DAF1D2F6A0}
T{73956D02-E81B-4E91-A82F-DEBAC1B3BC1A}
T{81AFB3A4-C0A8-4079-81FC-4E1395302E57}
T{D648E148-74C9-4DC3-9AF9-2BB9266D8A80}
T{E153C2A6-C83B-48D9-9744-C1DAF1D2F6A0}
T{4B908EAD-1D9E-4718-9487-DFB89C77DB4E}
T{1CAC01BA-995C-4B13-91F6-5A557C76493B}
F{E48E37F7-DABA-4D38-B613-A0F9158488F3}
T{0E120995-F268-4170-BF46-3E89BEAC5793}
T{9F48EB6E-D18E-466C-A5A7-3B2620BB8DF5}
T{C8F56C61-677B-4A4C-8E48-3371AD9207BD}
T{01D7C85D-D115-409F-BA34-49AA733FC388}
T{910D3874-10E3-464C-86F2-EE89E3CF8111}
T{5A88A55A-64A8-49BD-9F25-53EFD02A37C6}
T{28D87847-970D-48BF-9BF2-A38CF608498B}
T{EF857B4A-2ED2-4A00-9726-841335087695}
T{5AE32A76-4553-4458-A8A2-F460DB3662FA}
T{628E5504-34DE-4335-90AA-C140B64002C2}
F{016F57B8-0196-4C68-97A7-397AAA275DFF}
T{0C14834C-EB4D-4DD6-947B-6DB289FB0E14}
T{DC039036-7696-46ED-AB32-4A8BFD6D8FA2}
T{5ED9A8DC-5566-4C43-A2F7-CBD356CC9A41}
T{B08E1FA9-4F14-4A75-AC1D-9CB75BEECC75}
T{3D076BAF-B45B-4575-B9AC-0236CB2F4AB1}
T{59372671-F5DA-430A-A52F-B2425B0FCF65}
T{E20C54C2-BE96-4458-A146-8BE307BB3602}
T{A0F8C350-4842-41C3-8CBA-E5E7DEE29BF6}
T{9A29299B-58F1-4A27-89FA-36C209FC91F2}
T{E0711CC6-9846-4961-BD00-E90293DA4EEC}
T{350CDC71-079D-42E5-BA19-E070B55D2DF9}
T{A988D573-98FF-4652-8159-CE6950410D98}
T{0FCFD51E-8B81-46DD-AC24-806268649D3F}
T{298C5A78-83A4-488B-9C92-A16A1DE8C11E}
T{1ECE994A-11B3-4A54-A7E7-B2187970EEC5}
T{E2B786BD-5F37-44D8-B083-FE0DF0EC2A96}
T{0E80DBBD-EE70-4A13-BAA0-89EADF5FB27D}
T{1B9E3399-9D00-483B-91FF-D8B91FD884E2}
T{4593496C-7906-488C-9486-E8BF2389F591}
T{D9492E8C-C825-4493-925F-C430D96CEB0B}
T{8FE0FFDB-FF26-4338-BF52-D29689627627}
T{82E381D5-E025-4BA4-BAB8-DCC33EF653A1}
T{3E73B945-9D44-4CD6-88AF-1416F682303A}
T{239C7951-ED33-45B9-ADA7-199FBE835084}
T{C218EB35-E783-4B30-9152-238E9375A3B8}
T{28DAE4CB-706F-4813-B60B-EFEAFCDB0B60}
T{ED7787B0-EF77-400A-8CCD-13952A219EB8}
T{C7592348-4A64-4D0F-A0D0-450C626DE43A}
T{97D12136-44E5-460C-821B-DE4E62C6705B}
T{6723374C-F1D7-4DF1-AE6C-36EDD1A971B6}
T{D213F967-0931-45A5-B61A-20AE66A691BF}
T{0DAF6597-C132-4411-9A1F-31F13BB029BA}
T{B35271A6-4A3D-42D4-B273-A857921896B1}
T{230D0612-25E4-4709-A124-15E27C7FF3E6}
T{4EEE98A8-0721-47EF-B6EB-8341DAEDB1C3}
T{65D21852-1574-4B9C-8F51-8EB0AADA210C}
T{9B111588-7AC2-40D2-AF05-7BAAB006A5D9}
T{A26F12AF-16C0-4EAA-A88F-D27857535ED0}
T{52222EF9-1C9D-4591-85FB-1387AD76861C}
T{823778CF-50F7-446F-A4C6-32D043FB533B}
T{C3393EDC-700E-4951-B901-BF4361805062}
T{40E07014-84D0-4CD7-86EA-BC8B64BB83E3}
T{89CDCD49-C22A-4462-B340-DD7249376557}
T{5310ABBC-9A4F-41EE-AF71-8FE5E0E836A3}
T{699CF8BE-8081-4278-BED5-3BBEC00949B9}
T{0BDB2ACB-C89B-4CA9-9FD8-55E48D2D8DAF}
T{33AFEBBB-F795-4E1D-A192-CE527DE9982D}
T{0A15DC2B-AD97-4E76-A59D-2B878FC750DF}
T{7B73CA1F-DBB1-4376-AAE0-B7D2C58F69DD}
T{64DE4DED-AFE7-4381-A375-1F56C1CC0997}
T{B7C35FEB-B95C-40E9-ADF6-8A200FF8E53A}
T{945FC28A-923B-4B35-B71F-673885C74535}
T{CAA569D1-9EFE-4B38-8812-D9C1235AD867}
T{E4C09BA3-2467-449E-9753-0AFB6D1968FC}
T{FA4F9096-D8BC-4FD6-A0A9-F9966DEDE2D3}
T{9970D3D6-8CC4-4F6F-AA6E-5FB9C0BDB7E3}
T{C6DBAE20-FD39-4C99-B9D1-11A51D43A1AF}
T{3524FECA-FAF4-453B-AEB9-BCE9274D3E37}
T{169152A9-7F8A-45E4-9ED7-8ED43A9CAE7F}
T{E9A137B1-FD31-4BCC-B17E-C6F6A14E70F4}
T{C01A6468-5E7A-486A-B691-36FF5E64CB0F}
T{3A922559-E139-47AD-9723-7497580513D3}
T{4B6E30DA-8C1E-4074-A9A0-6899C9E0CC30}
T{DED38A89-1F9D-443B-86CF-13DDCCBCE0B6}
T{92A1B441-8AD8-4F1B-8183-D6BA3BE6683B}
T{D410340E-0821-42B9-964A-A4CD78FF5DA7}
T{7E458168-6DD7-4C52-8638-3490190966CA}
T{30E1ABE3-BDB8-467F-97C0-18E60EC4A7A7}
T{969D4824-12EC-4775-BB67-60B25B21FAEB}
T{AAC07CC5-A342-4E6D-9EF3-F58A2F92747D}
T{50CE6FB3-C9ED-40B5-95FA-385B66C622AD}
T{89BC0FCF-93F3-4D1B-95F4-4D915B16B5F5}
T{7111BACD-4DCB-45BB-9473-47C6CFE03A15}
T{60952F9B-C555-4E65-A609-8941E86FE349}
T{66378EF2-14E5-4AE0-9CC2-5CEE951A442D}
T{C240BB78-799C-4F49-95D1-716AFB8F420E}
T{676C267E-14E6-444D-95E4-DBB05061F59F}
T{5CC80056-E808-4440-8506-12B1B5EBD61D}
T{CFE9C15C-7CDC-405C-8988-B3D056BD694E}
T{85D2794F-0348-4C66-AB48-BB4D82221607}
T{ADE3685C-8E78-4F5C-94A1-B26020B5E16A}
T{C4628243-CB30-4922-A0F9-ADF4E77EB8F7}
T{F38409B6-B168-449B-A5BE-0491835877FD}
T{3F9C0304-68E1-405A-92F3-F7CD7464F3DA}
T{DBCBA75E-BFCC-45DC-A7DB-AD2F673EDE17}
T{52C94D8E-A1F4-4DF6-8D87-104425732458}
T{C1DC69A4-D9E3-4886-880C-E790BD9FD882}
T{435D361B-59D2-47E4-A53B-2E741A455C67}
T{500DA248-8C1F-4383-A407-8FBA7F7EBB6A}
T{8D7490DD-2AA3-4E03-A92D-C00B4882CB22}
