T{3D076BAF-B45B-4575-B9AC-0236CB2F4AB1}
T{69B2891E-9AB0-4C1B-82DD-CED840FF71A7}
T{5AE32A76-4553-4458-A8A2-F460DB3662FA}
T{4B908EAD-1D9E-4718-9487-DFB89C77DB4E}
T{0E120995-F268-4170-BF46-3E89BEAC5793}
T{1CAC01BA-995C-4B13-91F6-5A557C76493B}
T{016F57B8-0196-4C68-97A7-397AAA275DFF}
T{59372671-F5DA-430A-A52F-B2425B0FCF65}
T{5ED9A8DC-5566-4C43-A2F7-CBD356CC9A41}
T{D648E148-74C9-4DC3-9AF9-2BB9266D8A80}
T{EF857B4A-2ED2-4A00-9726-841335087695}
T{910D3874-10E3-464C-86F2-EE89E3CF8111}
T{C8F56C61-677B-4A4C-8E48-3371AD9207BD}
T{E153C2A6-C83B-48D9-9744-C1DAF1D2F6A0}
T{28D87847-970D-48BF-9BF2-A38CF608498B}
T{BD86A5CF-8576-4548-BF7A-96CF8330A517}
T{CB34698D-D002-4510-B2DD-C3940E052DB7}
F{29AD9781-9621-4659-8B5D-71DCDE0D0F4D}
T{01D7C85D-D115-409F-BA34-49AA733FC388}
T{628E5504-34DE-4335-90AA-C140B64002C2}
T{E48E37F7-DABA-4D38-B613-A0F9158488F3}
T{DC039036-7696-46ED-AB32-4A8BFD6D8FA2}
T{81AFB3A4-C0A8-4079-81FC-4E1395302E57}
T{5A88A55A-64A8-49BD-9F25-53EFD02A37C6}
T{0C14834C-EB4D-4DD6-947B-6DB289FB0E14}
T{9F48EB6E-D18E-466C-A5A7-3B2620BB8DF5}
T{29C5D3E5-F63D-427E-A5CD-60AA596A8F2D}
T{B08E1FA9-4F14-4A75-AC1D-9CB75BEECC75}
T{E48E37F7-DABA-4D38-B613-A0F9158488F3}
T{016F57B8-0196-4C68-97A7-397AAA275DFF}
T{F9FC1D43-FA1F-47ED-AE2D-7C17ED6F6ABB}
T{18F83909-6A1A-4622-90AE-146C40C1AC30}
T{E10DC070-712E-448C-B3A5-9B1B1103AB27}
T{BA8F9749-F1C1-47D3-821D-C7247AAE5CB2}
T{055338C9-BFDC-4F0A-8B4E-A3A8ED1E3B39}
T{B9EC0518-AC61-48F0-862D-F5CE574F0706}
T{BC77F0FC-6A0E-42E8-80FF-279C93FE8C1E}
T{A9C525CB-CB08-4D0F-AC81-A69D2792572A}
T{0ADC088D-C9E3-483C-A819-C70EABC5BEA3}
T{336A84C1-A53E-4829-B3E1-785739613E14}
T{FA1AB0F4-1C5D-4D21-9BAC-19CC8C82C5E6}
T{E70515B7-3598-4D54-8B0C-77A8EF857942}
T{C7E217FA-626B-4C5D-A125-2446473BBBB5}
T{E8923501-84D6-4281-80C8-10318C9FD42D}
T{D55F2928-166B-4A33-9C39-F1A249F7FDC9}
T{2B18453D-4936-4449-9D11-2443AEDCD0DD}
T{6E1AF524-1364-4DC5-8ADD-AFA0CBBFCD19}
T{F44817C6-8D0C-44AD-8FB7-5CD14F0828C9}
T{0412970B-1605-46D9-8430-465886A3B27D}
T{A41F2E20-7319-4FD2-8C65-70668730027C}
T{1E6F8874-B5B4-41F5-9618-8D271E0D7A84}
T{EDB76416-AACC-41CD-9EEE-4ABCAFD41452}
T{D1F4E996-38DE-4D40-BE0B-383D89E32F91}
T{31562F44-9220-426A-945C-353A29473F3D}
T{482B94D1-5A6F-41E6-941F-D492BD0DCE02}
T{3CDA71B2-C0FF-45BF-9570-74C46652638A}
T{795E9D40-8383-4E59-8C85-0AD8DAD5597D}
T{19B02D79-2CAA-477B-9D1F-465DBDFEB606}
T{5508C5A0-7E9C-47EC-96F7-1015DDF00B89}
T{9E73C8A7-7270-4A2F-9240-C3A98E11F2C0}
T{B53F4E96-BC40-4B68-A476-1FC824A5BFC0}
T{9A3B30D0-1158-42A4-A7E8-FF01D24A5BB2}
T{90FA22B8-2822-46EC-8F6A-B3D6FA3F8720}
T{4B46A87E-5B42-4900-BFC5-E5BE6F5C0ECB}
T{65E6CFE1-4DD8-4440-8BB4-594E37B160C0}
T{20E5FDFD-74A5-41D4-932D-C4719BE1A293}
T{99AA33EC-A00D-4196-ADE1-C77F4075487B}
T{9A4B0DA5-20C6-4CD5-AE55-A58C98C17291}
T{DE3BCA67-4C4C-4255-B831-DE76F550A32B}
T{08DC2140-C06D-4128-9B74-ED0C0C7D57BD}
T{B59246BF-FCDE-45CD-B7E4-9448371352A7}
T{F01C6E70-5EAE-4288-A176-430A441D767B}
T{168DEBA1-AFCD-49C3-9EB2-8D5478D45813}
T{1EBD4CBF-70D7-453A-BBD2-73D6CE9CEA13}
T{C93B1D02-A609-4C81-9EF7-851CAA2B05F1}
T{C695EF47-F3BF-4EB1-817F-8F12D214DFE7}
T{DBF39FD8-029C-41FC-A514-FC7379C92D65}
T{F575A72D-2ABA-4B74-A004-38F739B3DBC7}
T{43C70BDE-9A82-41CA-A3A4-5001D68EB48B}
T{0A9744B3-1D25-401E-B45B-0F830FA31649}
T{3C7BE1EB-7DF0-4985-813A-2FE6FCF19A3A}
T{D3BBFDAC-09B9-4BD4-A5AF-B519BDCDA14E}
T{308B779B-6ED1-4599-9F27-017DDC7DBF18}
T{32E59475-C56C-48CE-89CF-9499DB821BCB}
T{D975CF80-83A1-416E-B301-1357AD91D672}
T{A53AEC6E-EAE2-48C6-AA43-F3DF53185A6A}
T{471906C0-84A4-4960-9DE5-98ADD006108B}
T{8CA836ED-343A-4C2A-A46A-4121CF05378B}
T{905DDD95-84E4-47A8-989A-60DB21006CDA}
T{5B58B47E-178C-4C7E-8984-7334392D05C0}
T{4D4B7FCA-F428-46FB-B5DD-D5B2606CF9D2}
T{5C692ACE-5EAA-4061-B529-827E3899455D}
T{622B67CB-05D9-41B9-A909-A0FB09FAF1E1}
T{BDE0A4CB-55C6-4790-A2CE-30EDF2FA3E8D}
T{337C70C6-E734-4AE4-9986-10DED8DF1188}
T{44F3BF50-EDD1-466F-B785-2E56FA8439F5}
T{76C823B4-DC7F-483A-A87B-C0939BFC2348}
T{923C927B-5685-486F-B035-E0B61BC54DDC}
T{63E0AA00-92E3-4BA3-969E-2D45193DBE1B}
T{AEBF6210-7CC9-4D67-9220-90829C2375E0}
T{86AB85F2-EB1A-4A08-8355-B28E6346A84F}
T{013559A9-91A0-4FF2-A72B-FF837A52718A}
T{8B8D56EB-A5E5-4095-A699-F7BCDAD193F5}
T{12EAA79F-258C-49BF-AE72-E452C3944DA2}
F{4458E00D-6C0F-4011-AF7B-C9445F4145A2}
T{2F0039A3-16D1-4C76-B7DB-4465EA7FD70B}
T{AF271AA0-FC18-48A4-92AB-2EF5AC72A9C5}
T{FBD47410-74F5-42D3-847E-1D99021E3D09}
T{6E14113B-8E20-4B90-A537-A1B3B355DBB2}
T{209C7C61-3921-4C09-B399-3F49C6267F82}
T{227FCB77-2C80-473B-AD15-A1CF0DFA4F44}
T{8A05E659-DDEF-4239-A3E3-450434B42254}
T{F9FFAE2F-DEF5-49D5-B8B1-DC8748CB7538}
T{D55A6836-D588-4F71-A480-D8E687A4A7A4}
T{3CD37A4F-EC74-4485-8B32-307392640AF2}
T{852FDEF1-226E-4399-A2F5-91A05B00A0AE}
T{611D86DD-77C5-4F12-9453-E49FE4EA11CD}
T{2AB9D5FC-D9C1-495B-867A-C59A2EB27113}
T{AD78A4CF-6C2E-4EBE-83E0-BBFBE58AF60D}
T{3972E64C-D59C-4325-AFAD-C94E2710C1EB}
T{80ECB63C-A483-4A0A-BFC9-D2ED70B431E4}
T{0A449B10-AE78-4881-B687-DC27EBEE1A16}
T{B68677A3-87CF-4A19-AAE9-9D298188A145}
T{3C3F4F31-6197-4A0F-A89D-0E903A7436BC}
T{D80E1AE8-6F57-4CC8-9D21-377D973E1ADD}
T{46F37032-1D08-422D-971A-E9315C04D05D}
T{F0AA7F19-49A2-4F23-BD88-128AAF000A97}
T{1ED4B938-0B25-43A2-A982-0B3DEBC45174}
T{CA1DC972-39CD-4DDE-9B6D-DF33EE7BAE8C}
T{ECD6B62C-CE0F-4176-9735-6A5A1799F860}
T{F8F766AE-B9EF-4480-8F00-497727BE3455}
T{B137127D-BFE2-4FB4-B644-7067378CE429}
T{4AC8E7B6-AB5C-4FF7-816F-2B863DB1C3E0}
T{9DEAD057-0B97-45E3-AD83-698C91BB221D}
T{594477FA-35A3-4609-8E48-A5A1C00441FD}
T{05D083C3-7021-4FF7-B811-2E715383945F}
T{7DB925E9-2041-4FE3-89D8-AA1DF305B6A2}
T{973E20DE-B501-4254-813C-D4F80234C294}
T{07146543-03D0-4668-8AC6-887672386306}
T{E6B7E083-2EA9-4D70-9CF5-951ADF3A7D06}
T{1D4F78E9-9511-4DFA-A172-3E0E344B459D}
T{89ADF979-0C2A-4B8F-AF26-4D14CE9658EE}
T{2F19C569-3BB6-452B-95CB-85F6DBE75890}
T{98E338E7-6264-41B3-BFB1-6A074054C16D}
T{A4F2B721-4DB6-4A2A-9DA2-92181051BE74}
T{DC2D879E-AA73-4D89-8026-8E53164AC37F}
T{11917685-B637-4BE9-9F93-8221A78EE2E8}
F{7E80F39B-F4A4-44B2-A8BD-A44045DAC156}
T{E43F73F6-8C86-4281-9CF2-CECC665A3A94}
T{02420133-998F-451A-85ED-59FC120F174E}
T{2A9F092D-31BB-4BC8-8C11-693A5268379C}
T{92348CBA-2A8F-4A77-84C4-19C94E9F901D}
T{DE938F4A-FF2C-49ED-839C-FF8AE66DAE1B}
T{BD8044DF-3C53-4F4F-A96C-054530F8E5E0}
T{C3590F7F-4D65-4ED6-9DE9-FF78D6C82E69}
T{F926C268-0F07-4AC2-A6C6-D610A96AC12A}
T{65D610FD-2C60-48B5-875C-7B414BF01F8C}
T{025D67BB-0DD2-48B6-A8FA-10A9DD526C21}
T{2A1F9EAD-0A5F-44D9-85AE-39C140AE8041}
T{1E71C37C-000F-4E58-850F-B2D901505429}
T{1EFE3BED-6892-4806-84D7-B49D4352B27F}
T{79ABDAB5-36C7-43EE-BA46-8B413365BCB1}
T{9B8F54F9-F62E-416C-87A2-436372E3AF5D}
T{A290FFD5-140D-4439-8959-31FA4651E4B3}
T{0387D044-3B54-4DAB-A6A1-3A97D5857649}
T{A88173C9-3317-47B4-AA8F-2C63081C2BE1}
T{1BF869C7-8186-423B-8E94-BEBE4FDBFC21}
T{8764D2CB-8CC8-485B-A839-D2B7B7C9429B}
T{75758269-D827-4718-8CFA-F1228934087F}
T{92CAFDC2-7DB5-4653-B2DE-9176E3D30FF4}
T{EFB8EC73-A15A-4DB9-98E3-75EE7D9D904A}
T{764FB749-4CF5-4B73-B7F1-3E2EC10B1703}
T{48926041-94B8-4A8F-9BC3-1C693A5D466A}
T{037C69F4-AB20-4E47-916C-A44AC4959600}
T{F6091741-A6D0-44D7-8020-80C8D19EF8F1}
T{930F0C12-2985-4559-B88A-3C7C5D5DA62A}
T{DF1DD51B-B1AC-4247-ABB4-8202642C8FBD}
T{99FDCDE3-EBCA-42CD-B9D7-ACB3F4EDD030}
T{C709184D-B534-4FC7-A716-A33139FB1DF4}
T{C0D73203-EAF1-49E3-96E9-0429EA8D72E2}
T{456E32BA-9CF4-486F-B72E-1808858F0ADA}
T{F27BBC38-D971-49AA-B413-1478FACDFB6E}
T{130E864C-FF50-4F24-AD5A-230279C1A1E5}
T{1051FE02-FD27-4295-942E-715D77559F1C}
T{D3D98BDE-327A-4677-96E4-B15898584E16}
T{600B45B2-995E-4398-A6EA-53FB028745A6}
T{028FA8F7-DF9C-45F6-8701-DF6ADE60C834}
T{1653D7BF-A399-40FE-BE98-DA7A5204DDCC}
F{9A66F0FF-D7EB-443C-932C-915DFD38C743}
T{C0875FE8-F56E-4525-96EA-04E724702FF2}
T{31D17F6A-CDA0-4103-80C2-0602D36F05D1}
T{FA23DB30-9189-48BD-918C-BD770F89D43F}
T{5043578E-D646-4320-8218-7D31628DF815}
T{DD78AC32-5218-4B94-9E2F-83FCCF384FD5}
T{A0C17CB0-8B27-4C62-A0AD-3283E7A16D01}
T{A31AAA63-114C-453F-9BCF-38B7E45D0E0A}
T{4043CB13-B73D-4D30-9E52-08876667F0A5}
T{78995242-6163-4D7C-BBDE-A33614FC0B70}
T{FDF9B53C-0281-4803-B051-1B24E7091DB4}
T{859F76B4-4D9D-48B8-97A2-B575BE71643E}
T{8F0CFCED-39A0-484F-9223-1EE557524C7D}
T{E3D8C3FF-00E5-40EA-B24B-84421D0D8BFD}
