T{9F48EB6E-D18E-466C-A5A7-3B2620BB8DF5}
T{7E80F39B-F4A4-44B2-A8BD-A44045DAC156}
T{628E5504-34DE-4335-90AA-C140B64002C2}
T{BD86A5CF-8576-4548-BF7A-96CF8330A517}
T{016F57B8-0196-4C68-97A7-397AAA275DFF}
T{29AD9781-9621-4659-8B5D-71DCDE0D0F4D}
T{5AE32A76-4553-4458-A8A2-F460DB3662FA}
T{B08E1FA9-4F14-4A75-AC1D-9CB75BEECC75}
T{CB34698D-D002-4510-B2DD-C3940E052DB7}
T{C8F56C61-677B-4A4C-8E48-3371AD9207BD}
T{3D076BAF-B45B-4575-B9AC-0236CB2F4AB1}
F{E48E37F7-DABA-4D38-B613-A0F9158488F3}
T{29C5D3E5-F63D-427E-A5CD-60AA596A8F2D}
T{28D87847-970D-48BF-9BF2-A38CF608498B}
T{9A66F0FF-D7EB-443C-932C-915DFD38C743}
T{4458E00D-6C0F-4011-AF7B-C9445F4145A2}
T{81AFB3A4-C0A8-4079-81FC-4E1395302E57}
T{4458E00D-6C0F-4011-AF7B-C9445F4145A2}
T{7E80F39B-F4A4-44B2-A8BD-A44045DAC156}
T{9EC984E9-6B29-4F91-9D98-A3DE95FF1307}
T{0AEF7057-819E-4AF5-881F-8574B66C9929}
T{184E5126-1653-4736-855C-FAB271469EBC}
T{B10AFEA1-79FD-4CCC-8080-7B9E10489A20}
T{B3EFF71D-A272-4C0F-B81E-65FACE5A4AA1}
T{21EA4815-049C-4ED1-A977-9F82A6CA25D0}
T{1C333583-D16A-4DE6-BF56-9112B5557BDB}
T{19D3F830-5719-4D56-A208-98E95589DC3D}
T{84E1B927-1846-4874-BEF6-0B9920D0BA42}
T{CC1F03A0-9301-4C59-85F3-AEBC09AF30C3}
T{EEBA346D-DF00-4273-984F-2FCC8081F844}
T{370D30A3-D8F1-4AAB-A07C-9FF7FC2E1FC6}
T{E21E6BB0-DEC2-468D-9E73-EB4240239077}
T{3A0ED386-3A65-40E9-924D-0E14F75CF9BB}
T{0F82E75F-CABC-40B1-88E9-C099ACD16032}
T{1B014E68-4281-4CD1-9F0A-26B309DE3086}
T{6C6DC76A-BE5B-43E4-9F3F-44C26A2C90C7}
T{1E03512C-071B-473D-A27A-F8F497B458AA}
T{ECA7A290-E845-4F9A-8998-950519349421}
T{160F242F-DFF7-443B-A130-77F492F32D1E}
T{EC0D256F-DE15-4B97-A3EA-C37EA43C6D15}
T{149B7F73-FB2A-45BD-9A62-540A1B4FC3DA}
T{2AF68D94-43C9-4528-8ACB-87875FF2F5E5}
T{B98758E1-EB04-4A03-83CE-5C254788EF72}
T{6C531987-1B2A-4D8A-AA84-E3A9BC0C85BE}
T{69B7A4F8-B721-43FA-B078-9A0354A713DA}
T{635F4DC2-BEAF-49ED-8573-5795B4DA624D}
T{3D511E0F-C849-455E-951C-53EC1F8C63CD}
T{E82C3043-DD56-44F5-AE41-DF7C62308A7D}
T{8EC47787-CA14-4C39-BB66-5F4B772805AD}
T{8CFBA49B-20C6-448E-939D-67F0A120DEAC}
T{F44CF3C8-E70B-43C8-AF6C-26BFE41E7044}
T{DC598291-535A-4042-9CA6-BA21DD90E715}
T{4AC66072-45E2-4BCE-999D-EFDFA5609C3C}
T{AD634C7F-74C5-42F0-BBFF-CDE734A7CB8F}
T{7AB61447-F36C-4915-885A-B622140159E3}
T{2CAD34D7-11B0-4430-B073-22199B38E578}
T{9D860961-0C18-4388-B96C-AFB18C7ACAD2}
F{764671EF-47E7-4D6C-B699-18A20A55BDFB}
T{18DC685F-FBC5-4E65-BAC1-094E8063A20B}
T{61E5253B-3A9B-4E85-8D62-BF9211C53CCC}
T{5510005A-BCBF-4C52-AB69-819616DE4CFC}
T{C6DFCEB2-EE61-4BAA-8F96-EE3086705FAE}
T{19233ED7-F822-4C7D-9D5E-4789942FD750}
T{0E9F01BE-0181-4B3C-8757-CDD2AD1C6E49}
T{9BA82F66-4324-4299-812D-C258882CB8F5}
T{37598C6E-D8CB-4E9F-87AF-7740C8D75B38}
T{9BB7D453-6147-4226-B948-FBC177618FEB}
T{0160422D-1282-4B06-961C-B48417060397}
T{EC095080-CB47-4181-ABAC-C08D0E723712}
T{8785CBA8-8DF3-48D0-B7E9-1358EA34D2F2}
T{4345DF53-CC0E-4397-9FF8-7B695530835F}
T{651BCDDC-7566-4074-BC81-9B93809BB943}
T{E174D891-F394-400D-9D0A-939365437BCC}
T{77D482C7-50B5-49B3-862E-68875F5AECE7}
T{4B34F339-0503-4C02-834C-B4641B06564F}
T{2BE058B6-8870-4AB9-BAAB-7AC6A16F0C95}
T{EDE0113C-99C0-49E9-8830-6507733820A1}
T{91A986A8-319A-4E32-BEE0-0C24EBDA2EED}
T{0D10F7C5-2906-4DAF-AAC3-9C3781D62F67}
T{6109DA30-297D-4A72-B7A7-5FA878B45818}
T{46ABAA51-8F30-4EBC-B488-A8B2D4489172}
T{067532EC-D5DF-44C1-9CF2-9B8E1CA3CDEC}
T{D6BCFB97-D72C-4ECC-8B67-D6D91ECFF60B}
T{C150094D-B9C9-4040-84CC-6385A37100C6}
T{EA7ED47C-A0F6-4D54-B72D-AF24B4F1AE92}
T{CA5437AA-9226-4DEB-BBB3-103AD8229378}
T{0BFD39F0-EE41-4BC6-930D-89818BED02F6}
T{CFD8B6A5-1869-463D-BA83-0A479A3D36B2}
T{076FD19F-5E1E-4055-8F98-6361B6F5F1BF}
T{CC543300-1EEA-453C-99C8-EC2F4A7301E7}
T{91E18891-877B-422A-A812-9056CC4FE744}
T{37838CC4-A304-43DA-A5AA-8C2B808A614A}
T{EEECA0FB-BE1C-4FDD-B14C-AB47F525F38B}
T{DF85A6C8-49EF-429F-BDAD-3FB73668581A}
T{FD54ED84-21D8-4C47-9930-1DB1486B7C92}
T{3382308C-9579-4D36-87AE-59B8DBBD9F93}
T{047B679C-F9E8-4300-97F3-8E34B4D14257}
T{E685E5F2-0404-4950-9066-C254B49448E5}
T{E41AF589-6373-4F13-89E2-780AAFB2DD11}
T{692DFE4D-6B12-486C-8F2A-67BC90D3EA71}
T{4D4FD55C-A9DE-4A76-92D5-7C144D1A85BF}
T{D467906A-E8D6-465D-B687-C162CB495E1F}
T{CC35B81F-0CEB-4416-BC9F-26C5A5D7C9A1}
T{A9CEBFF3-9BA0-42C6-BC2C-8FA609DB1586}
T{52C8A4F3-6810-422E-8DA4-83B6094F4C98}
T{5573D1D0-C8D4-449A-AD31-81A07866EDFE}
T{5CFE949C-3375-42D1-B372-4B9F2D3363F9}
T{C8340FE2-A7EC-41E2-AB12-D933D6B8F917}
T{85696CCB-5D1E-4A86-8C5E-39CE0038FCBB}
T{ABA16086-C2D3-47A4-BFA3-B8983CBF0AB2}
