T{CB34698D-D002-4510-B2DD-C3940E052DB7}
F{29AD9781-9621-4659-8B5D-71DCDE0D0F4D}
T{9A66F0FF-D7EB-443C-932C-915DFD38C743}
T{7E80F39B-F4A4-44B2-A8BD-A44045DAC156}
F{E48E37F7-DABA-4D38-B613-A0F9158488F3}
T{4458E00D-6C0F-4011-AF7B-C9445F4145A2}
T{BD86A5CF-8576-4548-BF7A-96CF8330A517}
T{29C5D3E5-F63D-427E-A5CD-60AA596A8F2D}
T{764671EF-47E7-4D6C-B699-18A20A55BDFB}
T{0358477E-5F48-40EB-BE16-9BB7AD39FF18}
T{00EC7623-2536-4DFE-AD36-03F4D30C1554}
T{CD045742-5029-4C92-8052-57235584E0D1}
T{A3D04EF7-9764-4171-AFD5-632726047AC4}
T{CC424D8E-DB08-410E-9CCA-37B0B8A58858}
T{66EB49C5-2A0E-4CFA-86B4-AA3D899B39B1}
T{A1F5F693-4074-42B6-982C-0423302DCC52}
T{E86E58FD-3827-4958-AC90-13D8E7E7EF5A}
T{D3F36069-326D-4700-BA89-D30996EDBC66}
T{E3A7BD03-FAF8-4684-A14E-435135FCCD0E}
T{9CF58495-8175-4D88-A0E6-1DD19ECF71F9}
T{3331E802-C349-4544-AC92-ACD167DC2A74}
T{DE5A925D-6519-4D3E-9498-F8BACB7A5763}
T{A0ABBC99-F4EB-4EA2-B2FC-74914B7A7739}
T{32B1DCBC-DE46-47C7-B3B5-019F644AD39B}
T{890DB478-32D6-41D2-B18C-D64AB26F4622}
T{AA6EBAAC-0C8D-46C7-A503-4398F3566A46}
T{D3DBA59D-5623-4309-8AC0-A893A06D4DEF}
T{A0F84A9B-C74E-4772-9F3F-6D72328140D3}
T{DD779961-B2A9-4946-AFAE-D71FD308E276}
T{AA8BAD98-A444-4436-B236-F87745EA4804}
T{7ACE335A-F270-4CA8-B0DA-760DCE46345A}
T{E1188261-DB0B-4740-B327-A889848363A3}
T{30261BDF-3BEF-4FAC-9F39-728BF5814B6F}
T{22DE6BCF-F8F0-4338-9555-ADC101CEDE62}
T{3C5BB5B6-8AB2-448A-869D-3C6BF5B5A55F}
T{B20831E1-D00E-47BA-BF9A-1AE95DDE9F0F}
T{33BD7EC4-548B-455E-804E-13A03EFA32E8}
T{7A054CFD-D695-4962-B231-5B06E8CEBE83}
T{16751EC4-680A-4ADB-B962-BE9FB74CB099}
T{41D0E98E-E0BC-4DD4-985D-B65E3DCC879F}
T{2CE25A07-ED60-428B-B93E-3A34E0BAD637}
F{FE16B572-2CFC-4021-8509-00A7B47158C5}
T{EA6AA6FB-DF99-4639-8DE7-411B93104855}
T{BCACEF18-C874-4C91-8287-78A1798638D2}
T{79F76C0C-DF17-4E48-B110-B6D861D9D718}
T{63B5DFE0-0C6C-4DBB-A96E-B447772C7F69}
T{200B8681-627A-45CF-A5EA-71CBB84A689D}
T{7DD087B6-F121-4CDC-9B44-810EE446CCFE}
T{4E7F8185-9C80-49D1-A477-EAB7AE1D6C2A}
T{3E2068F8-DE2B-4DAD-B9FB-AF3F462CF540}
T{DBCF9ACE-899F-4057-88A4-7FFA29DAA88A}
T{8AC2BF78-CCE3-464D-BBA9-5FFEF05F88A2}
T{2E39AF3A-C28F-49D0-BA0C-F5E347DA7418}
T{693B44FF-DB8E-47A6-8D21-1C5738A64BDF}
T{827B9D4A-15F9-40C4-9357-B3519ADB5988}
T{2CA20983-CA62-40E0-9A0B-92D93CAA02D5}
T{C0B77BD3-42E3-42D0-873C-A40F3C2CC376}
T{98ABB37A-BC90-49EC-BDE5-161F5B25D64C}
T{F35F0858-256A-4E40-9496-0EC4519F4B6D}
T{9DE7B7F2-DC94-4D03-96B3-040C73C16B49}
T{38D5FADD-BA0A-4037-A78C-4115FEBC1FCD}
T{E14957EB-0D75-4E4D-91C3-0859189D305C}
T{D92BCBCB-E4FA-468C-9DA6-5D08D3D2B3AC}
T{8B0FE332-33B3-43BA-959C-4900076FB257}
T{D16B198E-E4A4-48ED-8BBD-8FC8826952A6}
T{7F1EED32-293B-472F-B168-0794677A7EBD}
T{D2938C19-3D93-4B75-BB6F-B861ABC814D6}
T{81423400-0985-48DB-BDB3-510D0A157571}
T{E32936C1-F8C8-4508-865B-3AC57B90F281}
T{6EFC1BF4-D2F1-420F-8BC2-A70D35DAD54C}
T{A23CD078-AFB1-4B56-B904-4191CB5D2FB8}
F{B5C844B9-78CB-473E-B15A-9E8760D67BB0}
T{B09F2FBF-6E03-43AF-9B4C-71EAF7959CD2}
T{39E20C0B-4316-4F55-A453-8E04881CB5DB}
T{36BCB978-F6F5-44E8-8073-137B9FDD449F}
T{EDE7266E-229A-44EF-80C8-3C4FCDA3CF3B}
T{B06D1BFB-ACF5-468F-8A59-E6BA2F146630}
T{5A3C78B2-BD49-4A25-A84F-98BF4EEE6FA0}
T{99C47D85-E3AA-41FA-B935-89603E1CF295}
T{1A29251B-51EB-49B7-8606-2FDC016C125E}
T{AEA32450-8E7B-41DF-BF09-A889A8D52F4A}
T{7BFDEF89-0F0B-49ED-990D-449C4FB97FDF}
T{04D6EA31-1319-4626-9C7A-6FFE8D78B741}
T{7CD63A22-4E42-4CD8-A874-591C35C5FA54}
T{FF5969E4-FF30-46C6-8360-E664EE3D621C}
T{6DA8CD99-C7D9-495F-B665-122E96E04E73}
T{EAF78990-70CA-44FA-9B5E-16472204AFB1}
T{2C2E6DD7-AE19-42B3-84B7-758B693D92B4}
T{E33F11D4-DA22-4F05-9121-AD03E59EC400}
T{8460D37C-6879-4CD5-A24F-6EE02312155C}
F{BE024796-AD0D-4354-86DF-2549FF637E38}
T{7EF9A4AC-14A1-4CEC-AFB6-1F2D1494207B}
T{997EB1ED-7A44-4796-9A76-10C0BFE5CCDB}
T{A3A3223C-584D-4C3C-8B7E-7FB958ADFC7E}
T{A2150B57-430D-492A-816E-DF7559F74BA9}
T{A1A4CA2F-4F90-4453-AF02-226EF452DFA9}
T{3991000C-24B1-4034-83A3-49E47DF01AD9}
T{3CB8D9B6-5D4F-48CB-A3BA-633607A0A65E}
T{F97B185B-A4AA-4F9A-957C-91F3E2B24508}
T{C6B44983-BE51-436A-BFFA-0A66492574BE}
T{4348C5FA-58F7-47FA-B78D-AD9D2607F0B6}
T{6DCCCEA0-31C0-48C3-8F6B-61C5F44187C6}
T{553A8213-F725-4282-ADCD-0BCA0ABF50F4}
T{A234D635-C43A-4A81-ACC7-FB06D0D6CAFA}
T{711F6F47-0621-4A63-AD17-1BC2642E21EF}
T{815770D1-0FF0-48F3-B4FD-3F1AD3C35E20}
T{1E892C09-DD15-40A3-9D01-5262BB434574}
T{B86D90F4-6C12-473B-948B-E8E69102B4E4}
T{6C2E4E0B-1F45-4269-877A-E82E07EA0670}
T{64D5E967-7DBE-4819-978B-92707A12218C}
T{92D04D49-251B-49F6-B159-7DA9F4E0596B}
T{D13E0D98-B840-4E65-B001-D35B10CB80E8}
T{244D1716-55D9-4A23-805C-AEB8038AFEB3}
T{1A32B9F3-D023-4DE5-8357-230B7F9FCD9F}
T{F2A69DA0-F4F6-4BF1-9CF9-5EDD4DAF2C3C}
T{E9786140-B267-4686-A2FA-CBE2D2A60533}
T{7BF3F2D9-E0F1-4BA9-9E1B-7B2773C83C68}
T{1ADAA6DE-C838-47B9-B71A-C470139A93F3}
T{98A3967E-EEC3-40A4-AF44-D13E1D6BB285}
T{7A8FD169-737F-4771-B9F9-F8ED4E6511C7}
T{D0BB5B03-91F3-4D78-98E5-2865D0543CDF}
T{61A2832A-4DEE-4C33-8234-91600C52EEEE}
T{DE5F51C3-19B6-48A4-BDAB-8BE0BE105B0E}
T{5A4F9AFA-8DD4-43FF-BF43-D81B6435FFA5}
T{5D9F18EC-FD3C-4346-8CE4-03876DD5D35D}
T{050AE1BF-00EA-4EAD-ADCD-0AF5BD22CC3D}
T{B1E62D9F-5F66-4526-A3CC-C1B200E88CEC}
T{55DD1DC4-C369-4324-8C70-02D446557043}
T{89E48A1F-8B77-4D95-9BED-3E292D9E255E}
T{714EAD5B-823C-4CC5-BCB7-B13FEB44B794}
T{0906D2B9-F284-43DE-BC0F-92DC468682B3}
F{AD3BF8F4-C756-48C7-BA30-9C0A03205235}
T{0C4DB3E4-9B6D-40A1-94F6-7D2A524D626A}
T{27846AEE-9258-49D7-87A6-1AFBF25B2C3B}
T{171B9DA4-11ED-4CD4-86EC-E4E8E164A054}
T{5AEB93BD-35AD-4633-8F79-07F2F1342F70}
T{1D1EF308-FC7C-4409-964B-366B0C7732F1}
T{726C104C-582E-4B78-953D-0A7F38D18884}
T{31214508-DC84-469E-99C2-CFA44D3340DC}
T{363A57C9-219B-4B9D-AE0C-4D810DD2CD57}
T{0315ADE4-D4CD-43A7-99EF-90D5F99F5EF1}
T{8F6012FA-B3C9-4CDE-B7A2-6F7754FED65A}
T{7827EC60-E878-43AE-9278-486A38B68336}
T{411D7D5B-B62B-400E-AD64-52C8D77195FE}
T{14F2569D-5B7B-485F-B674-4A969369DBC8}
T{23CA0D98-7155-4740-B976-A4179D2B77D6}
T{70229EFE-947F-432E-9FF2-FCECF5894956}
F{54F88DF0-1DA5-483B-AECA-27E54C2095DE}
T{2C17985B-B903-4E5B-93EE-B4C14383107B}
T{C73C0633-46C4-425E-AF68-13A1480625B2}
T{31083784-EC75-4B4C-98C3-B622A87E12FB}
T{30DBCB9B-4354-4E36-A3C3-3F41525F9921}
T{335591C6-D690-4071-B39E-6989C6CA9D41}
T{9E36DF1E-5F78-4659-8A83-BDC04B987160}
T{A5F2C84B-6E34-4933-9039-47B50CEBEE2E}
T{DB05D5FA-CC10-458B-A297-EF9F52732393}
T{E1A63970-61FD-425B-B8BC-B9DFD48D5DB1}
T{FC231168-DB9E-4914-A939-D1415944E535}
T{9E7BC97B-BFD9-442E-AECE-DB0DAEEC6B6E}
T{D597E7FF-8888-4D2D-BF70-29FAC02DF79E}
T{F0077361-6722-47DC-BCCC-841FD9B1F535}
T{28ED82DD-75E3-4742-92EB-70A278343ACF}
T{E63B792A-33E2-4B19-8428-DDD9830A0C5E}
F{C9272315-0D1F-460B-B237-650569F9920D}
F{B6DEE0EA-B643-455C-AD92-393D996EDEC0}
T{C969285C-7E60-4CA9-9220-6ED13042EF51}
T{DB3DF5CA-AB53-4153-8BE3-AAFF2E0DDD10}
T{0584DF14-F894-48CE-924D-8F8BFCE258FD}
T{564F1623-2766-4629-8B06-2D68D91C9219}
T{D85FE703-9432-4493-8DB4-BD4E77B38C4A}
T{867106B5-47D1-48F3-9F70-79546FDDB857}
T{F1E86D99-D461-4808-A234-7F18D570E2F2}
T{1791827B-B743-4966-8DC2-FC762B7FFC12}
T{5DF3BF74-4D85-493E-9A05-7D910D70002A}
T{4576648C-1342-4343-B39D-5113FFFB39BF}
T{ADDE30E1-488F-4968-90B2-706AAA3CF477}
T{1E0A93DC-A864-40E6-A73D-59C3C1CB4213}
T{790C846A-1ED5-4B28-9443-24A0E4463397}
T{FDE8C924-1644-4EF4-9E44-2A80D1F73F98}
T{4CC60754-5162-49AD-99C1-4EDDD1388861}
T{9C794917-148E-4C15-B18D-39FF144DF34E}
T{B204FA24-A923-4FB3-952A-76D652B78CE4}
T{5CB81C51-F2E9-4E2E-A858-1EDA3253632C}
T{DFB6DA0D-F341-4848-A8EA-D4CAB2849D21}
T{E9091B9D-AEEC-493A-90FA-F5E19BBCF1BC}
T{7E0E2B67-9713-4618-8796-E3F67F274981}
T{F16A579F-7BA0-40E4-A1AB-F6B5C6492078}
T{B00C1327-81EE-4534-AD16-116A8DEE87CA}
T{563BA842-2405-42D9-9A3F-A0F4B6A326F2}
T{C2E80595-F996-423A-9CC1-F2B599CB1B1D}
T{6BF76626-39C4-4D36-9709-F3A4DB097EFE}
T{610E0385-A207-4CC7-BDC5-A0C09DADD47C}
T{0278CC4D-1D13-4C32-81FE-35B1D1889A30}
T{B1EDC62C-B43B-4B38-A3D5-85FB1A9E1CE5}
T{D2A4AFFB-D81B-46FF-9F10-CF5DC7549ABA}
T{0D2AF944-A320-4941-8596-9C37C95ED2E6}
T{A6D21EF0-5FAD-44CE-8170-53DCBE946466}
T{23782766-5DBE-4932-8B2E-7C1EAF927D66}
T{9A4DC71D-5271-4E39-ADF4-C895F4442977}
T{D9E49C41-3DA2-45F3-BEF6-3F7C44A9F2B6}
T{689B4553-7839-4F31-94EC-3DAC682B01EC}
T{DE433329-C26F-4745-ADEA-E7D36510E04D}
T{34606C60-FACF-4426-BDDD-20044A15A372}
T{8379B667-89AA-4D30-A5E4-FA9D0B1910DD}
T{9039F657-FDD1-4F00-B614-723F7FA9DFAC}
T{52D61150-327E-4D8F-B367-707FDE378EBC}
T{4870E818-AFEF-4B9C-B288-A6B480B7FE90}
T{D93E64A5-02F3-47A8-B29E-F11E12E9B099}
T{A9FDDB13-F96D-4F44-A652-252C67527D41}
T{0225A0F1-3576-41B0-82B3-A529A680DF30}
T{4502CA83-7BAD-449C-980A-76C8374523FF}
T{B2755017-1AEF-4148-B0C2-309A2C655A8D}
T{39DF821A-1242-4428-AC77-DB88C1A4A6F6}
T{5C7FE715-314C-473C-B106-4C31E45A2346}
T{B9EC093B-E294-44AF-A8E7-626632010050}
T{CDC2D4E6-6312-4DFB-90B3-0608B1434A9A}
T{49510C4D-1181-4CC9-8F5D-532E871D27AA}
F{C4CB4117-AF70-441D-BD4A-84DAF89B4D88}
T{D72E234A-3E70-44AD-A764-71FB5783888C}
T{86C27AC9-58CD-41D8-B92D-0510665B82CC}
T{E27A5F55-59AD-44B6-B8E5-12E4C14352FB}
T{291B80E7-E3AD-4972-9DFE-EB172B9E2068}
T{C198ED12-6B0B-4258-98E1-0D7A2A7CEE49}
T{0F5BAB18-1244-4108-BED1-ACD5BEDFB15C}
T{73DEF832-E9D2-41D4-8D9C-43A3F92ABF48}
T{90547525-0BC4-4BB8-8CA4-B8159EAD0E28}
T{6B5FFA9F-8AB5-45EF-A57C-18B4BAB2037E}
F{0A0AC52D-52C3-46EA-9659-279876D0080E}
T{15DD10CF-1A9C-412C-A3C2-D44EDC10537B}
T{7E1BD8A7-FE3C-4F88-8B98-6558CEB64CBE}
T{ECF606CB-3D3F-4C02-99C1-A5FCC78BCB4A}
T{86933962-8207-4ED7-B892-76F5D3AEC9B1}
T{F815E807-9B6F-4638-A78C-217E3459B108}
T{B3845095-C81F-47A7-AB48-87E3CC27EAE1}
T{E1D63AED-2DC7-43DB-85BD-64E73F670128}
T{330EEFCC-6EA5-4655-AFD2-89BC7850EBC3}
T{1A9B3CC2-A48A-40E1-8AFE-16CAEE0855D1}
T{E0D7A365-30A1-475D-8933-749E3D62383A}
T{371CE43E-DA20-4F5E-AD96-6BD202CB7819}
T{F7CC59CB-9719-40DD-B9C9-690E2F060C48}
F{1FDACEF0-B62E-4235-8C12-D61B02611B52}
T{39CE567F-E0C2-48F5-9B35-A18AD7962F95}
T{E0B1D773-F0AD-4042-9AE3-8273CDC9DDFB}
T{7B80E6A8-0C81-4893-8700-E4004BEC50D8}
T{6F821EE0-4F0F-49E0-AEBC-AB42A7E828D6}
T{5C9C606A-2620-4795-9EC6-07A25F9C7DBA}
F{92AE95C9-2E7C-41DA-A664-10D7ABB0F2CD}
T{5FA5DAFA-7895-4EC2-8D44-F62C7EDBD6A3}
T{712E1FFC-F069-492A-81C6-D9ACDC500ADC}
T{764671EF-47E7-4D6C-B699-18A20A55BDFB}
