F{54F88DF0-1DA5-483B-AECA-27E54C2095DE}
T{0A0AC52D-52C3-46EA-9659-279876D0080E}
T{BE024796-AD0D-4354-86DF-2549FF637E38}
T{AD3BF8F4-C756-48C7-BA30-9C0A03205235}
T{E48E37F7-DABA-4D38-B613-A0F9158488F3}
F{C9272315-0D1F-460B-B237-650569F9920D}
T{1FDACEF0-B62E-4235-8C12-D61B02611B52}
T{FE16B572-2CFC-4021-8509-00A7B47158C5}
T{C4CB4117-AF70-441D-BD4A-84DAF89B4D88}
T{29AD9781-9621-4659-8B5D-71DCDE0D0F4D}
T{B6DEE0EA-B643-455C-AD92-393D996EDEC0}
T{92AE95C9-2E7C-41DA-A664-10D7ABB0F2CD}
T{B5C844B9-78CB-473E-B15A-9E8760D67BB0}
T{764671EF-47E7-4D6C-B699-18A20A55BDFB}
F{9A66F0FF-D7EB-443C-932C-915DFD38C743}
T{6C0BF157-5620-4B3C-B300-3C8512692C82}
T{67A4C1BD-32B5-4E4C-814B-5B7A78149377}
T{3C872FD0-A177-4200-9B05-A675A1A69DB0}
T{C78C5A30-1F6A-48B3-995C-460330AB5E66}
T{DF84E480-BB42-43BA-922D-930D30F35136}
T{FEEA650C-C93E-466D-854D-526DD3BC3E57}
F{0F8801E8-D250-43AC-8602-0B118678B55E}
T{99654767-8E8E-4CDD-8627-C45E8484D77B}
T{85E17C0B-06A2-40B0-8635-D821D7E10FAC}
T{5683E1C1-0B00-40D2-9559-56B2E6ABAE41}
T{1FDACEF0-B62E-4235-8C12-D61B02611B52}
T{B20C7255-E5CE-46AF-BA7B-BF50F754E477}
T{C75C7558-F71D-4AD9-B5B5-7DAF3F0D4B8D}
T{C4CB4117-AF70-441D-BD4A-84DAF89B4D88}
T{293CA039-B539-428B-B0AD-686E522B5BFA}
T{1615B643-B198-4D08-AED2-19C3CABB84AC}
T{761FC623-D274-4C82-B086-609D239A808F}
F{CB28B555-6530-4A5F-89E8-F92C756FA48A}
T{A21A2838-3446-49C8-B592-8F4D4EEB0B30}
T{79D5F1B1-1EBE-487C-B2A3-951B9FFEF364}
T{07394D3E-9D49-4FCD-BE1A-122E01F29710}
T{EC23872D-A701-48EE-AA75-08B3CF85B52E}
T{1448B47F-EBE6-4364-874B-492D531BA191}
T{AC6F70D8-7EEF-49D5-8913-2D73FFB4D8CF}
T{88154A01-2EB7-4368-AC52-C0AB3C3598DE}
T{36E9B7E4-D104-4E8D-BE8F-291840269A6C}
T{3A63161A-24A1-43CB-A932-8E8DFBD1BE15}
T{F4A23CE3-ED82-46B6-B5ED-FB519D773140}
T{CA18A1A4-2CC2-4ED1-8E7A-2824F68D586A}
T{193BA608-63F6-4A87-BB5B-BF90426E7738}
T{D6AFED18-FB75-42DA-A74E-6E9F03412FD6}
T{54F88DF0-1DA5-483B-AECA-27E54C2095DE}
T{37672F87-D008-4C6F-B513-96EF60C6D25B}
T{1D32793D-C834-4007-978C-01BF9D22A5B1}
T{1FA7C022-CE2B-45E9-BA0E-30AB62C40ABD}
F{5E61A37B-D7AF-4FB8-8634-172B149EB70B}
T{7EB0AAA3-BEA9-4961-99A1-6AD61C0A7CCC}
F{F3D1FD50-4B21-467E-A269-59A7D206C7B6}
T{1D2F91FD-6D4A-4738-9439-7263B0FB094D}
T{0816A9D4-8630-417F-A083-944D0E607AD8}
T{0A0AC52D-52C3-46EA-9659-279876D0080E}
T{685AD7A5-D954-4EA2-8AA7-0FE511995D77}
T{6BFD0B7E-D3B7-4BA4-8131-FB117D942FBE}
T{F04D0F0A-3F70-4F51-B386-E8676D2FF5DA}
T{248BD7C6-F4E1-4125-A4D6-1FEF477E2D0B}
T{B071C488-25A4-4F47-9FC7-9F18DC11F6E6}
T{00F49A89-3575-4940-8218-22791B89BAFD}
T{D2E9FB4E-EB21-44F3-84FC-224DF2D1F09C}
T{AF0FDCD1-46C4-4515-9A16-42B6E00270F2}
T{1390C9F5-FE84-4574-B12C-F611F41B85E5}
T{9D8F2DBC-339C-4A80-BDBC-7D1AD403B7B8}
T{D70C3B2C-1566-4947-BA96-91E514E5CFD8}
T{08EB8606-AEF3-4FF5-BB8E-60F35952DC88}
T{07480D40-5284-4163-BCA5-5F5678E24A99}
T{57A3AADC-A299-4709-982D-794EBE535B87}
T{5F6E1C7E-E8E9-49F1-B0FD-D39DABE982FC}
T{485BB315-623E-44DB-A418-59F4C0C370B1}
T{245B5E90-E8A2-4E16-B12F-0E6D661E6418}
T{E6AFFCA4-C0D5-49CD-89AE-ED2AB1A59AC6}
T{03841067-39C6-4344-AC77-8F74CA458A15}
F{8652BF84-5DAE-4050-B83F-B653497004FF}
T{35DFBF40-E5B0-4746-B5E8-2F04C96CF59C}
T{2088ABCD-5538-4BE6-87CD-34000C591150}
T{06DD9FB2-B88B-494F-B36C-CC141D6B16C5}
T{0EEC2E62-B3F5-4844-870C-C47158033414}
T{B4B1C5C2-F087-4827-932E-07E9B11ACA56}
T{DD3ADED7-F4E6-4C1B-BFA9-3DED478765A0}
T{92AE95C9-2E7C-41DA-A664-10D7ABB0F2CD}
T{2099A062-BC37-4744-983D-17C0F1ABE225}
T{65630339-9EA7-4EBF-9AB7-3D1A027BE460}
T{D3BBA273-9469-41DC-B411-31C3BB8F79E1}
T{6621BF44-9A07-4727-BE3B-F77EF2BADBBD}
T{EFB56271-269D-47DD-A822-6D9800258E92}
T{20A44430-6AFD-4E49-B8AC-804EAD68FFB4}
T{2A21D5CA-DAAF-49FC-8109-C08578D61A4E}
T{CF3C1893-6093-4658-937C-CBE5856B5825}
T{6C7A35C9-FE91-45E2-A7BC-399DAE06D357}
T{69565FC1-7165-466D-94D1-D6A05D34BFAC}
T{05B67000-BF3F-4B0A-BCF9-764B50B45F75}
T{DD338CB6-1873-42B0-8A16-7D4993F41D9F}
T{E6D9E511-D49A-4D7C-BF1D-76DC2207D232}
T{B242F289-FF24-4254-8E6D-C5F9711BA36F}
T{8BAFA0B9-B12F-4E13-9AD3-2618D14960B8}
T{1557AB50-A688-4A23-9812-277E04CE1EDF}
T{341FB5D1-B3B3-4D79-BE58-5D6966C55454}
T{08831EC5-4AAA-4806-91DF-E3B1E209B299}
T{32463275-68A2-46A6-A1DC-67F91D50DAC4}
T{1E495456-190A-4814-934F-516653CBD0A9}
T{667FFDE0-FB16-4918-A614-A9CE18735274}
T{B467955F-9163-42BD-9E4E-C2B8DFCA4599}
T{137CBC77-550A-49EF-A43D-BF05B47FC7EC}
T{93AFA1A0-0524-44EB-8549-8FD6C56AA21C}
T{273F5740-0200-49E4-B454-F45CF331066A}
T{244F13A0-F1D8-488C-A91F-9F8479457882}
T{61B51B5B-1B0B-413F-8966-FB60A693D390}
T{AA9ECEF0-97FF-4894-AC08-B70C9D3C5DA5}
T{99C17589-1479-452D-B8AE-2800F33392DB}
T{2BDE3DE9-83FB-4ADE-A864-16FFE285E512}
T{0B9901AD-4184-4F25-8A56-93BC0CC74FD1}
T{DB847593-44CE-4592-A3A5-EB5DED3521C7}
T{AD1D4184-3CEB-4138-94A7-1097985FDB24}
T{2A989C94-9C11-4F60-A79A-D51DFDA62714}
T{AD5EB020-CB85-4EBE-B53B-2A1AC0D3F6A3}
T{F4D808A5-9152-406B-B37F-09A0718529C9}
T{8C14ED52-AC13-443A-98AD-F72D153C4C2E}
T{72202D58-B939-41FB-8852-1C24AE2D02B4}
T{164F0604-29C4-4C72-999B-045140BEA26B}
T{2A66F584-C740-4ACE-BE6B-96ACAE25C644}
T{47E62AFF-6573-4E06-847F-AFD5EA6D54E5}
T{85D4D424-BEF5-4946-ADB5-A5E45BDCBE7B}
T{3A622DFB-E1C0-4968-AAC8-D9D236C2C71C}
T{BFA4AD54-6274-44AB-B91A-4149A69EA6C2}
T{3C5CA223-6178-4154-8A82-9A479F0E3AED}
T{EC68410B-28A1-44C5-83F2-E0F67A3CA7B1}
T{DE1C4BDB-F501-419A-9929-EA10F2C61114}
T{ABD13198-139A-4CA2-8028-05B7F01EA5DD}
T{654B030A-644D-4695-ACCF-59F854EB66B9}
F{3C9B9938-6A0A-43B9-AA34-09D724958272}
