T{F3D1FD50-4B21-467E-A269-59A7D206C7B6}
T{B6DEE0EA-B643-455C-AD92-393D996EDEC0}
T{B5C844B9-78CB-473E-B15A-9E8760D67BB0}
F{C4CB4117-AF70-441D-BD4A-84DAF89B4D88}
T{92AE95C9-2E7C-41DA-A664-10D7ABB0F2CD}
T{C9272315-0D1F-460B-B237-650569F9920D}
T{FE16B572-2CFC-4021-8509-00A7B47158C5}
T{3C9B9938-6A0A-43B9-AA34-09D724958272}
T{E48E37F7-DABA-4D38-B613-A0F9158488F3}
T{54F88DF0-1DA5-483B-AECA-27E54C2095DE}
T{BE024796-AD0D-4354-86DF-2549FF637E38}
T{AD3BF8F4-C756-48C7-BA30-9C0A03205235}
T{0F8801E8-D250-43AC-8602-0B118678B55E}
T{29AD9781-9621-4659-8B5D-71DCDE0D0F4D}
T{0A0AC52D-52C3-46EA-9659-279876D0080E}
T{CB28B555-6530-4A5F-89E8-F92C756FA48A}
T{5E61A37B-D7AF-4FB8-8634-172B149EB70B}
T{1FDACEF0-B62E-4235-8C12-D61B02611B52}
F{9A66F0FF-D7EB-443C-932C-915DFD38C743}
T{8652BF84-5DAE-4050-B83F-B653497004FF}
T{C53B6F8D-93E9-4C6C-9EA8-C7F915A3D631}
T{0F8801E8-D250-43AC-8602-0B118678B55E}
T{F3D1FD50-4B21-467E-A269-59A7D206C7B6}
T{82460E98-8F2F-4227-8F7A-2E4D2E4CD043}
T{8652BF84-5DAE-4050-B83F-B653497004FF}
T{804D596B-CAB6-491F-9117-1C37A50B178A}
T{CB28B555-6530-4A5F-89E8-F92C756FA48A}
T{C9272315-0D1F-460B-B237-650569F9920D}
T{C86ADE68-FA42-498F-812D-B960C00B23E6}
T{9ABB7E29-3B0A-40CD-9471-059435856CB9}
T{754A3396-CD93-4C9D-BE4A-041A703B2968}
T{5E61A37B-D7AF-4FB8-8634-172B149EB70B}
T{3C9B9938-6A0A-43B9-AA34-09D724958272}
F{DA1D118C-1DB3-46B0-86B0-61E4E6513C38}
F{EA138A3F-F933-4A87-B1EB-8D111DA554D9}
T{E5EADF4C-C1C3-4FDE-9E1B-947D3AF5E156}
T{D20713EF-2B04-4D1E-93D7-38D11EBC552C}
T{7AF45C72-8D17-40AB-9107-9685EA80BB08}
T{DCE426B8-0DA5-40DF-A2BA-8767E55774C3}
T{D65BEE72-0D98-4AD4-A3AE-428371031528}
T{25700FB1-23E5-4526-BCA5-E2953DFC376F}
T{3E82EC0A-8A63-4CED-AF41-AD4C2630EB47}
T{BF683CAC-0C3D-4821-85CF-DFF1FB892349}
T{F34E0B11-1C88-4CF3-A9E9-B7D84A07D2DA}
T{EBCF0615-4612-41B6-B3BD-600920F4941B}
T{CCB69A99-41A7-4A76-A19F-71825320E248}
T{9C587FC1-1C5F-4B42-A55B-C26186B8BD54}
T{FF5E2548-EE6F-4277-AB12-93465E893B95}
T{4866AA86-6C63-46F8-B0F7-BFB4BDC40AC6}
T{CA751CBD-C055-4717-9D4C-EDA89B8655E6}
T{4B015E8A-8D51-4086-B8B6-C14E670E8CAF}
T{853EFEF7-4BD8-4119-8B2E-2D240F01400A}
T{EAB8CB76-56FC-413E-8AFD-C6F4601FFAEB}
T{B3579977-D4AD-4589-90DD-752A0ABDEFC6}
T{CAAEB38D-20D0-42EA-B1E1-DC7C01104DC2}
T{D096EFEC-5EE5-4AF6-B0A7-7C3F804AF816}
T{8C2886EB-AABB-4C35-B405-85568A2E9B74}
T{9F545F02-14D7-4291-A8C4-4902AAE0C9C2}
T{37E8E1C4-A2C5-42AF-A911-0378E1C5D578}
T{F7072A38-7FB5-49CF-A80B-FD6F78F5EDCD}
T{1DB6262F-A30A-4592-AB49-F553BB424A86}
T{A6D7E995-DD66-46AF-8458-B3E8DC9093C9}
T{0BE2BD3B-C607-4855-8825-316EDC6B2BFD}
T{41A45C9F-C418-42FC-98B5-ECBA6A48D32E}
T{935AA305-C781-4D05-A0A8-CB25A099A404}
T{03BA6F0B-199A-43A8-A931-6DDB61E1D60F}
T{6DB8B899-29BA-4F32-BC4E-30F0BE03F5BE}
T{9E0AE925-41B2-45BD-ACCD-F5D12719A976}
T{8BC40001-8E9C-4AE6-A552-1D7D5A1FBFD6}
T{D7DFBC00-A2EB-493F-A8DC-99166426B8D9}
F{F780F1A9-2344-4482-B5F3-C98DACEE4E69}
T{17F5C00B-D66E-49C9-929E-4A03841F0347}
F{DCF68533-E188-4112-BFE1-250A5F70CD0A}
T{EA8E30F5-C770-4100-829F-D26C8FED65AE}
T{A5B8D0AA-510D-4111-A162-8E7B0713D7D9}
T{556679FA-964F-4C7A-A6D1-4E4271758CFA}
T{4B720B54-EA7A-4892-827E-2DE3FD2BA5AF}
T{D34F1C00-1E05-4CEF-AA86-8CB2F752CB31}
T{D3043E86-673A-4089-8027-2C65DA56470F}
T{36229AAA-0236-4DD0-A337-4102FFD5E19B}
T{CBC88D18-289B-4536-8B4B-57B87920AA54}
T{34A4CC01-A441-4327-B39E-229E67C158D5}
T{9AE73D21-20FE-4218-8B95-840EE4564941}
T{D911ACA2-36E5-4938-8643-09091ED9EFA0}
T{639D3F72-7857-434F-96EC-19D8C653E42B}
T{C2C06BA6-DA87-4072-A991-99107AC03F25}
T{30C8F769-3142-4486-8E4C-8F46F8045A9D}
T{5A793AE8-D423-4275-ACBC-4BAC733BDA41}
T{E3EB5DDF-2836-4B11-9C86-23663274366E}
T{6E5A06DD-B2A3-4C2E-B4B1-BB8AAE9626FB}
T{117A0B01-2A12-4F1F-896A-FBE1495AA375}
T{AA18B2CC-0325-42E6-BB16-B84619056F0D}
T{2958BD40-A161-4D7B-9E4C-00E7D33E99C4}
F{02F9B818-2E8A-40FF-8F13-FE60CC825B7C}
T{8EC82FF6-6969-4C23-835C-6EDB7372904B}
T{C046E1C2-887A-4C0F-86F8-1AF41F3ECB27}
T{708EA945-37FA-4083-8618-E53FE14CC29A}
T{3B4978D0-4793-4E7B-A042-09A8D39C68E9}
F{569EF473-4A45-49B7-A5FE-984F380B1814}
F{30704ACB-A693-42EB-959A-DAB35E51E77B}
T{F8DFD3B0-5A41-4FB8-951C-9B31FA7257FD}
T{39CD752D-F55A-436A-AE85-9A0202281694}
T{C939249E-5ECA-4A91-A9F8-79965E8247A7}
T{55B089B7-34D6-4A8F-8B77-BEF51B3C21DB}
T{5F61174B-D25C-4B6B-8D52-6FB706EA2749}
T{9F32D229-ADD1-48C0-B4CD-0A8713623D25}
T{ACE63EA0-6C0D-4CF2-AAF1-F7DF93458FF4}
T{014F35EE-0E2C-46CB-A672-6B18F1AB5908}
T{5056AA94-7581-4E32-B33E-B077DD6ECCD4}
T{2ACBB676-46C2-4E32-9CD0-592361B15D4F}
T{827AFC40-D724-476E-B0F3-1428733B4918}
T{1BA03C8D-D399-4F4C-A5D7-54CD932BA0D2}
T{7CD61473-145A-4B7C-91DC-D0F5EF2D7E0E}
T{F7C67716-CD1F-4540-8F20-3BD3D40FC48E}
F{0E293CAC-8BD6-4D1D-8AFB-91B033E4AA1B}
T{41CE8483-BD3B-4EA8-817D-77445D0B61B0}
T{A76261A3-4C9A-4547-9269-2686001EE72D}
T{5FEC1EA3-AA59-43DB-8614-D035D296EA50}
T{109B00F8-FC2C-4123-B487-90377BD23D07}
T{568E1A9C-EB48-4974-8CC7-8CF3D93628C8}
F{2FA00DAC-3AE3-493B-8435-9D0D4A39F4B3}
T{4A714D1A-96D4-44D8-AF56-CD49705C8815}
T{18A38B76-0EB1-4969-9A88-2F55DFC7B6D7}
T{8F25E8DC-1701-4DA3-AF44-71644DE323C8}
T{2F729D95-4E74-4735-94D3-71E8AFAA5A5C}
F{EF81F7D8-ED1F-48C2-98DC-E2FCEEEE1A18}
T{015B3D2F-E000-4AE5-ADA5-85CE12803D34}
T{1BCF6D7A-7B04-4A46-B663-672B488FC4F1}
T{C008BAA8-C27B-4A9D-A26D-8B9439AFDD92}
T{1B7B99EB-AE63-414D-8938-EB679353A532}
T{28F8BF33-8927-4721-918D-C7BC3562D194}
T{E5243943-6A5F-45B7-84EA-C6E4E0C300EC}
F{EF30041C-3463-49A4-80D7-E15A314A2F7A}
T{B7AAC37A-5FDD-4046-AB87-D2F6CEA5B14F}
T{812049A5-D12D-4481-99F2-445B24133D7B}
T{3311A06B-C525-478D-89DD-C35D067F6A65}
T{59187FC0-7319-4289-846A-3CA6B39C07A7}
T{41DA3B4A-638C-4494-AC36-462D6E7DF887}
T{55ABE7F0-8AA7-4A16-929E-7CF328992542}
T{2E54522C-E4E0-4B1A-A8F7-A9D953035189}
T{F0C5FF9B-F23A-4802-B9E9-7516750BE217}
T{F1F28069-683D-480B-8D59-ADB07E366329}
T{E17E0E74-12A5-4ADA-9A79-0F7AD7249E5D}
T{74975063-A979-4848-870D-41F314A40FFD}
T{B6A5CEC4-551F-4B67-9B0D-2D4683BD0716}
T{3963E4F1-3B1D-4B0C-8C16-8D5CD8C003C3}
T{D81CB576-1091-42A7-B933-DF56BF55A2F6}
T{B2096761-4D36-4124-B885-704579AD4FDB}
T{68C364BA-4A8D-4594-85A4-9835A2A2DF14}
T{65673A7B-A77A-4530-B4CD-4243B75C4062}
T{8BB65EBA-726D-4DCF-B41E-01DD9D95BE16}
T{85F65900-6BA5-46EA-8623-A5269A6EA30F}
F{A3C69E62-44D5-4BAF-9134-AAFA4C186D4C}
T{AB8FEDD6-F466-4D6D-AE7E-94860ECB1AF2}
T{83355EF8-E31F-4F19-9A5E-0E845019FE56}
T{3AFD3377-0C3E-418F-AB23-8039750A1D6D}
T{417ED726-E1B4-47BA-A77C-96B0149660BF}
T{83F5D758-30E9-4B57-98D7-8E85834EDC6A}
T{CB212B9E-D72D-4E7A-B5BA-BFC9BEDB615B}
T{E9A47D6F-D41A-466B-BC43-0F031536620C}
T{4E326DAC-68E6-4F81-9C3E-A8330F0AB6F8}
T{32D6CCF5-B0ED-4F0E-AB7A-50FD172BDAD8}
T{F06E0466-06D7-4B38-B595-A737C608F9DE}
T{A978CA0F-82F7-4C15-B5AE-9B9B69FCF5DA}
T{981BADEA-0409-4ECA-9EAC-7F93A992094A}
F{10B8AFA8-7911-4EF7-8677-A70E19DD6AF2}
T{BCE6C04A-DF0B-4948-9115-880C293946A8}
F{3C390D97-7635-48A4-8A93-E3E35FA2C623}
T{684F3630-3F9F-4681-91CF-C626CDD1A32C}
T{C8AE071F-F3B8-45C8-AE44-53F435301003}
T{94492064-E4BE-47FE-BF5A-5CF321260CCD}
F{F38A6811-1135-4C8C-AC69-2BB82FD17819}
T{B5E05F0D-84CF-4411-91D9-A594F77DD8BC}
T{521CEF31-D86E-4994-82D8-7D4B4337FB3E}
T{479E76FD-96B1-4EB9-87D0-44672B6EC0D8}
T{24EECDEB-0C90-419D-92AE-E09E3D61101D}
F{1DD8B0BB-B8F5-4109-80FB-666D9F5AEF36}
T{CFB4A6C7-3819-4E69-AD26-8AC0D26CEC1C}
T{295EACF0-C9AC-4017-91BB-D9BD93218EF6}
T{0C993C3B-DC1A-456B-B07D-868FE9F5E312}
T{F935D383-52FA-4A4B-AF06-468021C05AD7}
T{42134FBE-5CD2-4948-9751-DD18FEA2A32E}
T{EBB06844-67A3-48AB-AB5E-019F51B26B7E}
T{8073A531-03F7-4116-87F9-4B4499DE1874}
T{2DEA4E67-7ECA-4974-9C2C-9F614639EFAF}
T{4B8077FC-D13E-482B-B21E-FF914C804791}
T{5390E3DC-9A2D-4A12-BDFB-663A4B0D3FD8}
T{C75A3550-759C-4B0D-B03B-6707A00065EF}
F{6CB107AF-B679-4548-98A4-A758AAC32E15}
T{50118F6D-54B4-4099-B8FC-F105B76EED79}
T{9E12C547-C75D-4B8E-AA71-BE6B155E0E2A}
T{5F365099-DA9C-4D1B-AD51-34DFA49312F8}
T{F9478383-C96B-4EBA-AB1B-01B299D9F0F9}
T{AD740549-96A3-4CE8-B7D3-E6C0CA50B248}
T{6CE22889-9805-406C-8600-5267B2413DDD}
T{A184F0C1-04AD-464F-B661-D4B86EA8A8B0}
F{D6969E1C-53A0-4262-AB91-04D5AD2E2689}
T{4F4316BF-8805-446F-8294-A1EEFB145EB5}
T{1ABB512E-3F5A-47E4-8C63-36BBA4FE8155}
T{91C09955-BA2A-4E50-AEDC-7A668148E849}
T{2C32BDBD-9D7B-4537-9700-AC0083DA4E6F}
T{E042F2C2-4B45-44CF-9CB7-D8BCBAC36AD2}
T{53DB61D1-A3DD-46CF-AAC5-F91F6AEEDBAE}
T{7D3D34D6-17D4-4CAA-9F42-08ECE2245E7F}
F{A12456D3-1712-42C9-8839-1F4E641A5728}
T{A815E35A-EF83-4767-98F6-48B479702041}
T{02338226-20B8-4D8A-AAF5-0BD9D77AD4E6}
T{CEB4161B-6546-4801-84AD-5267D3EEA668}
T{1FFDB99D-9163-405E-B68F-EF3667708C22}
T{7E6C90E9-E0FC-4F62-8E23-B9B95F36C94D}
T{672F5C3A-4E80-4D1C-BC56-920F5C27AEA8}
T{5259517D-4686-4917-B2E7-7DC41D4EA21B}
T{F1633AF2-CAB3-49F9-A9BE-9A78C7A99550}
T{0D526E52-D072-400B-A736-86DF977A76E8}
T{7098E788-E847-4DCC-A9EA-DCCAF019D367}
T{A5DB13DD-BB39-4595-8FBE-04C47ED90CD7}
T{3E98CF18-15B1-42B0-B81D-9C58C6FA32DD}
T{276F6814-BB05-422A-8E8F-B067F4AFEC8E}
T{A6FB85B8-6340-43D9-9362-804A4121A5AA}
T{E0021D6F-996F-4A4C-8FA0-C41A559ACC78}
T{96CF5A30-AAE7-4F97-AAE0-B18CCEC2E73E}
T{0630FB1A-C156-4E9F-82B5-1E26F3355BD9}
T{D570AECC-FAE1-4CAB-A575-A5E228D5AD8A}
F{96C63D3B-E790-4922-A708-208CA6DA3EBD}
T{5DDD3889-4FFB-4B60-921F-18BF7C49B001}
T{193C623C-0DC6-4285-9EB9-A2272B85E544}
T{D51A08DE-302C-4241-A2CE-CB34CDB68A60}
T{F1D209CA-1BF7-48D0-8BA5-63C8DE491F03}
T{53527151-0165-46A5-B4FA-B8D184B0C4FF}
T{CBC77118-011E-4F45-AA2D-200DA6B6BCDC}
T{86191833-71BD-433D-9980-23B0C3BAB930}
T{13651C90-90F3-465F-875E-ACE15FF010A1}
T{21059E55-A291-45FD-AD33-090FCF99E7B5}
T{0C4A048F-A9A5-4A1B-BC7A-6F83903311A6}
T{4F591450-2F30-475E-8A77-D89DAED15BEC}
T{C0297B6E-BF78-4566-BD89-2B988574E3EC}
T{9BF622F9-55DD-43DA-A0CA-672B12990A90}
T{44EA2E94-B091-496F-A9F2-562A695CDD6F}
T{431ED83E-C950-47B6-B81B-719EFB04DEE8}
T{147368A7-3FB3-420A-8BFA-5AD72845F1E2}
F{E4478D2A-01E3-4087-ACFA-453ECAC39BE4}
T{F0F4D909-5FB8-41B8-B373-9D604A993353}
T{F22A10CD-2A1C-46D5-AAE3-BA31F667B714}
T{F4A720D8-FE69-44EA-BA20-2858484E9215}
T{3164F140-CD6A-4BE4-AB34-2CFB839404E0}
T{CFD5C9B1-FC5F-4E1A-9DBF-422B2B86E18B}
T{5665CF57-7F6D-47CF-907F-B80E2A967D49}
T{62C761D1-37A5-4CEA-A137-C553483F0F66}
T{7909B7F8-FB32-4077-A67B-E902341D64A1}
F{0C0F9BDC-A457-47C6-99A7-19D2C8BD5825}
T{41C4D4AD-8174-4408-A03C-26794D817F82}
T{1149067F-5A38-4515-BB96-0EE54EA6BA74}
T{1A53EAC6-A0FB-4953-A8EF-FA5462D465B5}
T{0232C3FE-B31C-4974-8093-C88F9BB82C90}
T{F88DDABC-D39F-441C-9385-AA512F153235}
F{8781C560-C1D1-4D7B-A14E-12044D412E63}
T{034F419A-DEC7-4CB6-9125-596B736FB848}
T{997E6018-4B63-48BD-A151-F03FD56EEEA4}
T{8B153A01-6C8B-4D32-A32C-CD842CB07C77}
T{353FC933-A7F5-4000-8C5C-6721DCC706A8}
T{68BC2A61-5A00-4A9C-98D8-51C2A0696DD1}
T{353F8A70-8E82-41D8-92B7-8CC02A7D3EA0}
T{B8660163-5BC3-4DFE-8705-063CC28ADE5E}
T{57FA6908-5B93-47F2-9BB9-EB731C6D7EE5}
T{1E6F8B44-8FAC-4FEA-A80C-72E172C9FA15}
T{6D6B720F-39A6-42C5-AD0C-E25B6F77FF51}
T{539D549E-F433-4F03-97CE-901E056B560D}
T{C84A569D-A473-42CA-87AB-A7751406C8FA}
T{80A87AE6-1D78-4016-88FD-3E2E74C9F525}
T{94DCE239-C515-4950-B76B-5CC580D8F0F4}
T{895BCF54-88B6-4F8E-BA05-A4919C6A76E7}
T{EC7C5E6E-731F-43B1-9CEE-8FCD3CF620FC}
T{1247BEE1-AE4C-4B0B-B9E5-9E0518E3CA51}
T{19624EBC-4CDC-47FD-BFC8-513BA1BFD670}
T{6AA39FD7-1E82-4C62-AAAE-A3D293F3A409}
F{970DF23A-2C2C-43FD-A81E-ACE158791DA7}
T{76BCC99D-28DC-4D86-AEA5-9DDEEB7275EE}
T{E8C46512-5EA7-4CA5-B6BB-CD83DECABCD0}
T{2A2FC3A6-DE6E-4228-8391-92FB4AE067CE}
T{6D9C4B44-B18F-4F9B-9E81-0AEBFBBB321A}
T{20473771-F134-48EC-A135-F49D3B1EB36F}
T{607D8133-0B4A-4E6D-ABB1-091A6CC5765D}
T{388B46F8-F24F-4733-B9A2-B0AD2C2AFE33}
T{C5D6A642-976E-4320-BAB2-CB8053842CCD}
T{47AE9454-787E-4CC3-818E-8B76E0DC3D9D}
T{9BA22DED-13D7-4552-8030-47BB5F2EB4EB}
T{0C068CDC-3E58-4CB0-BB9D-0737295C41AD}
T{7490926E-0464-45C3-999A-9231848693BE}
T{C1131528-101E-4BF5-9C73-E4C7A7589C14}
T{3717AFFE-B1EC-4503-BDE7-C9DFEA811EBF}
T{9172BB7B-8A87-4E12-A59E-02760EF02AB4}
F{77BC1DEC-EB49-41CB-9CB2-B44CDD07BD4D}
T{A14752EF-A631-42E2-8B5F-03143F0286FC}
T{6B7907E5-7766-49F8-AC22-7E826176B755}
T{90446ED4-AE3E-4040-BB1B-76CF1A5B7E6B}
F{8089B0D2-A703-4F23-A9E8-383DF2634F94}
T{15050FF4-8EB0-4A7B-BCE7-CD09182ECBCD}
T{668B4B95-302E-4A33-B1E9-07DB93703622}
T{3C5CFEAB-C2C7-4F48-A95B-6FDF3220B30C}
T{E29E2476-2E30-4412-90CF-BF9DDB95C80A}
T{416DE619-FF2B-45CC-A8CF-7F590CC3D5E8}
T{8301F744-3B7B-4EBC-9084-57F8D46DA1A6}
T{E5A444A1-C666-4E40-B2FB-D6521283E5B1}
T{F7943123-2ADD-4824-9530-85946CDFFBAF}
F{D7CAB042-6AD3-4CD5-BDF7-6DC81E8201CA}
T{B03D80C1-B245-47E3-A445-C7C32F1362AA}
T{2CF9A427-2C79-4365-9812-944D5A00765C}
T{AC5ADFE1-BC14-4DD1-A7B7-5EB8E97E67AA}
T{783110C9-9627-4E75-9506-31B4DA97B095}
T{F927D7A0-9C30-4948-ABC7-54C2FBCA3643}
T{E1ADC680-FF08-4E3D-B0A4-C848ECC5529C}
F{4EE28F8C-9FC0-401D-9E7A-12981930FDA3}
T{186F7233-2B54-4AFD-94B9-4FE368759EB1}
T{C42BFBD0-A3B2-4034-ABDD-36A9DC96E361}
T{D3E69CBE-B364-400E-8D65-593F6EA2ED22}
T{E98489AC-2C9B-4947-B20C-A6D4B5EB1551}
T{D4CDF893-534F-40B2-964C-D0C4F51FFBA7}
T{AEBDAA24-1DF9-4D3C-B071-C255A9272394}
T{9D0D3213-A323-41F1-A4D1-BAF753DFF945}
T{87430541-EA89-4137-B731-E58701AAA1CC}
T{4CBAEBA8-850F-4709-A28A-B22B635B51D9}
T{08CC9457-63D4-41FA-970A-D71DA2514257}
T{030E9D1A-AE36-4AF8-8631-F96CE141713A}
T{F2C56F38-DF65-4827-8B59-5B55D0DFECD2}
T{749FADEB-0C27-4BEF-87B4-6B637C39B151}
T{FDF6A1D2-8C49-45B2-8937-01EA5F9EF8AD}
T{72EEF118-1291-44DE-B8BD-65632019B7FF}
T{BE5B93E8-6104-461A-8FBA-B47973B8C423}
T{7EE854CC-5636-463A-9BEF-EEA68D2E864F}
T{634E7BA4-1C59-4BED-8293-63A9812EF1AC}
T{AF44B0E2-E78A-4B27-BF1A-43D552A2C360}
T{E0DCF81E-75D3-425A-A69D-AA6365C2E233}
T{729EE44F-76F9-44FA-A878-A9767619C95C}
T{E928D57F-F7CC-4A45-B400-9A2C39A84BE7}
T{13EAA3F7-6F4D-494F-B26F-EDF13D325D3F}
T{B80C3D14-84E0-458E-9C32-20D42837D272}
T{7BF89F37-FCF7-4D54-BEFF-33116BD08567}
T{C4DE54A9-B5A2-483C-B5E9-F1E564EE2F20}
T{DC71EBD1-3C77-4BF0-9BEB-7B285E7B08F6}
T{F2FAB52A-2972-41D8-A076-0DDCBDCD5B47}
T{557C3391-BE96-4109-9FD5-1DC0981747E2}
T{016336A7-8348-49D8-AC30-5554EF664064}
T{BD44AE51-2FFD-4843-A15C-B1EAC15D2D02}
T{A008F8D2-57AC-432F-AB13-D3ADF95F7AF3}
T{40F4535A-CBCB-498C-BCE6-93962E2B138D}
T{0597A5B9-AA74-4529-9764-79F3B4EF4985}
T{0777273A-8C6F-4D8A-A0E1-2E65F4AF2FF1}
T{06559319-BD5C-49B4-8941-291EC2EC6522}
T{035D459A-BF8A-4A89-87F0-2C54C65DFA95}
T{1F6CFE6F-2170-4F1E-BE35-3FF20B15EB3F}
T{194BDB63-C6D7-4796-95C3-082F73CFC950}
T{06B671F7-E2F6-41C8-B11C-494E3B9F48D5}
T{354A5CC7-A80F-4D56-8678-33B81C03554B}
T{4E6F1ACA-DFA0-45A2-99CC-0F96B2B2E7F4}
T{6A7678EC-46D2-4F26-A703-F371B24D2454}
T{915089C2-57C6-4300-83A5-DC7A0B66CF4C}
T{BB337A1A-8768-4E40-9FAA-6AF37AF9439D}
T{2724D102-B6EC-4ED8-9F7E-D8034F77C457}
T{9AA2B425-82FF-4836-9220-ED26099B5D2F}
T{07CB0676-0E76-4370-8F17-A65449557E2D}
T{B26C121E-B8C3-4864-AD6F-38477DF4F5C0}
T{89DCCDB4-19BA-46B3-828C-104ABB93174B}
T{3A3D6ACA-6BA8-4610-8F2C-ECBD8593426F}
T{17FB55B4-48E9-47FA-95D5-215E0410139D}
T{A9061736-863F-4141-93D4-057CE4954F21}
T{E7A88926-65D9-4EB7-8535-0EC4B2E7B0C9}
T{6EB58531-0569-4C84-B134-51D53E938C1F}
T{ED7C0726-DB08-49ED-83BA-BFB8B226BFE7}
T{20B6A067-5E99-4396-8F11-A329F80067EB}
T{8CD8967A-2EAB-4D5B-961A-C02CAFCF5C1C}
T{EF899F26-7C62-4C72-934A-0A6E47E06557}
T{E3395758-CA5D-42EC-9CE3-248408048B47}
T{8B6DC4DC-4261-4417-BDEC-63BD423893AD}
T{2720E3FE-A401-4E81-8924-8DD69BAC7EC0}
T{5CF41F0A-4F47-44C6-90D4-808F658318F0}
T{3AF80838-DD5A-42BA-923D-5E1B96B0BAD9}
T{54C0BEFA-90C8-4B7C-BC6C-2DF5ADEC20EF}
T{10B43F8C-5090-4D29-A7C6-4E433C122B53}
T{BBD05FDC-2959-4072-9D35-4CCB0B51C296}
T{6DCB7B83-ECFD-4321-B821-A269774A1963}
T{535A7058-E951-404A-BAD8-417FA98C8700}
T{2F913E24-0659-4568-BBBD-770E80DD7BCA}
T{70A2E9B8-3323-4466-B470-D3817DEC13EB}
T{9D6A4EEB-24EC-4A7C-9568-CEF17656B6D4}
T{E93B3FBE-6D1B-4F9E-8976-C244793077F2}
T{5DA95A32-824D-41CD-A257-300C05AD7A65}
T{96501FBF-7B4A-4833-BB28-56724AD49047}
T{4495D3DF-B19E-4527-A09B-98B00AAD1217}
T{2D050485-4E05-4CA5-AEC7-8B06F2CD8050}
T{D847D62E-C790-4AC5-AC2D-8736F864D935}
T{5A5891C0-4C77-4D08-A41C-623AF72A484F}
T{B11C93E3-00D6-4B8D-BAC1-029A0212F62E}
T{F4168D79-FEA2-41FB-9AFC-D314AAE5A5F4}
T{A598D530-A0B9-420C-A517-FB7C36E7A048}
T{6E4FDBDD-3511-47E2-8B78-4C342C11D202}
F{6A4ECB52-FC61-44C9-8458-B3B50445F6F3}
T{9BA29DED-803C-4B1E-8243-9AA6EE3DA742}
T{B1638F33-0118-41B9-BB92-3204AE05D243}
T{8705009C-101F-43E0-9311-9B6E713B0F0A}
T{ADE0DDD1-922E-47C9-ABF9-1E02BB49638D}
T{70A98FA3-7E33-4043-AD34-7C34EF7F2528}
T{2A011D88-2D86-4F2C-BA1C-D439FE00146E}
T{0D262438-7BD1-489E-9C8D-7B779CB35701}
T{39731779-99C4-4780-9E8D-8706B2F3EBD0}
T{60A3C18C-B345-4938-8A8A-D6DBABDCEF55}
T{8F8D2BDF-37AF-494B-BD13-6AE091FCE0D9}
T{0BB39088-45EB-4CBC-9056-11BD1DF12746}
T{362D0584-63A0-4CA7-A531-4054111D4CD3}
F{31E65F81-05BB-49AA-8FB4-C11A3C20EBEA}
T{61709A9E-6032-4481-AB2C-09D74D0F4BCF}
T{839EDF98-D20E-4990-9B9E-69DBDACA40E9}
T{B675C6D8-8221-4841-A989-CC5EA37484E8}
T{1F5ED348-8DBF-4765-9143-8E24D987F3F2}
T{7C606C0B-94B6-47F2-9ADD-A62DE91722A3}
T{E42C7BD7-A4C3-43A2-88FE-487FCB0DF978}
T{6026ABA5-6373-42FB-BF3E-322739F9D7BC}
T{223C27FF-649A-466A-9294-6D09458F7F8D}
T{79DF6610-E1BB-4042-812D-0A195A8AC1BE}
T{67A3D10D-AC22-4D74-81BF-08FC12D6368F}
T{46DA26CF-F56D-40B4-8B4D-C28154D2B839}
T{3D2CE919-261B-4209-8F5B-27435FEC2F86}
T{2876C8AD-3954-45C1-92AA-CA61AF97C4F6}
T{72E2B329-604C-4ECA-9429-A61C8CB7C790}
T{FCA1F24C-E5B7-4A51-A5D8-50C3D826C866}
T{172FEB33-6368-4D44-8F9D-9F111E786FA7}
T{BCAD98AC-3E53-4211-A31A-A0DB426838B2}
F{0CD6EC3F-84C9-4847-9C41-0B801300844E}
T{080C1722-DF19-4C43-B28E-3112BC30B0FA}
T{370A7DE9-E9C5-4C1F-B189-6BA0BADC0D79}
T{FBEF59F2-61FB-4FB3-A2AD-EEA28FF9CCF8}
T{8F3F384B-1A17-4ED8-9C78-375D3FC73446}
T{6B5EBD6E-8A15-49C5-9AF0-9AFC091AB7E4}
T{4E10D37B-0BA9-4FE1-91BD-DC677F6ADE3B}
F{E06CD07E-64DA-4675-BAA1-D4DCDC23F37A}
T{DB104222-55CE-418A-94A3-C20DF19EF792}
T{868B03C2-A04B-4598-920D-EF7BAF6FE2AC}
T{D78A1192-5CB9-4FD0-A743-BF36F9FECA77}
T{2904223D-8004-4320-B520-246DD4639598}
T{7DA08544-0C0C-4B63-BC2F-4C5B732DF42D}
T{3FE3F0E6-1FA9-4A74-99EA-B22C2F1CA39C}
T{DE1CE137-F45B-4A8A-AA69-2BFAB702C2D8}
T{028C21EA-4A59-4AEA-87E5-F9E4F8224940}
F{939F4888-8EF5-4825-A5FE-01D5C1C95265}
T{F5EC56A5-ABB9-41CC-A57D-C468FD7B638C}
F{9B103C79-CCEC-4DF2-A417-D667DCD49DF7}
F{49453906-DAB7-440D-A128-E51709F7E963}
T{EEC0DAAF-EF6D-45B1-8ADA-6C85EDDB0A04}
T{AA1BC3C0-448A-4776-BEB5-938BED14CA8F}
T{50BFE04F-99D1-4115-93A9-9C7638251780}
F{B85DFC15-0B64-439F-A044-71190EBCF76D}
T{D600CB65-D390-48E2-AAC5-4436A31575D4}
T{1386041D-3CA6-4D81-BB0A-69655A48A34F}
T{2114592F-41F9-43E2-B3ED-A781F8670403}
T{B61E2286-945F-44D6-B9F5-1D297180E81E}
T{2D37DC25-EDD2-4F1B-BFE8-110C11704EDF}
T{07EFE65D-6E88-41FF-93C7-C89AD48DC1BA}
T{F76366A8-D581-437B-85EA-A3767951BDAB}
T{E6616990-CFE0-401A-B4D3-9333D424B173}
T{7EE441D7-1EE1-48AD-A734-10F804820B32}
T{DBBDCDFD-CCF9-4CD7-B2CA-664B40AD95F5}
T{B09FBDEA-B673-43DB-AC24-68695BC1ACF5}
T{F453C545-7634-46F9-98D7-4F0015769EB9}
T{F985AD6A-BCF1-4FF5-8D68-6190E1F0ADA8}
T{8207965B-24AA-4615-82D9-8171E2CE4CC3}
T{BF35D7D9-9B6B-468D-99D5-91E3056CC93F}
T{98AB756D-5236-456F-886A-F292998316F1}
T{522FA7A5-B421-4E52-A6EB-6918EC2B04E5}
T{9547A873-8914-4B48-9B38-5BDDD764618F}
T{2C569B43-C3D0-4DCB-83EE-793AD8A8D684}
T{C621C91B-0277-43CD-A204-25DB6F19FECC}
T{C160AD7A-B504-4C1F-A804-DBB07FBD5751}
T{48BBA5E1-2D6F-4179-A752-874103922F81}
T{834CFE05-505E-44EA-8024-B70362347F61}
T{494ADF45-1C13-41A5-8B73-0EDF94A1B800}
T{43D0F482-9A50-434E-8DC1-0D4026F81F8A}
T{7C4B19EA-0F22-4106-9B5D-99D382F537F8}
T{BAC79557-0674-4986-96E4-54353A31C13B}
T{5E251F25-C309-4DAD-BCB8-75DD9FB0B2CE}
T{9A8D6E05-D267-4FF0-87B6-EBF608FB5721}
F{0ED21730-A9F2-43D7-83C6-5E03A5C4B38C}
T{E079066D-0485-4731-A6D5-E7DA26C2004B}
T{C3E443B0-A17D-4F68-8F72-84E1A38C57AC}
T{D496B7E8-CCD6-4FBD-9955-B19815A0E81E}
T{03A7FB1B-8178-4688-B6D9-9F852AC2E5EB}
T{043239E1-66F3-442B-8410-4758069E71EE}
T{7AF5C5D8-604B-4568-AB4F-ED5CC15FF9D9}
T{F7970881-3670-4B14-9A79-11E9B14D974B}
T{738DCA7C-B62C-429A-B712-6022BAC970DC}
T{38CC5925-BA34-4929-A51B-71A4A6FBA28E}
T{C1345BAC-0F97-43BF-8B90-8B867D80C948}
T{C06C1149-ED05-4AFB-BFC9-3A7055CF88B6}
T{ADAC6550-F747-45F0-A350-8CB7C01E71E7}
T{C6959B11-441B-4CD9-9D2F-FF78CAC3DC34}
F{1332E500-0639-4BC9-A492-BF7EB16C5A55}
F{A52B10DA-AF33-400B-8E49-A17D4F82B3AD}
T{CC7F3AA4-3908-42A6-B404-DC4C8E2F05A8}
T{589D2EE5-AE2F-4544-84D5-5BC29B0BE0ED}
T{D6B9A408-BB19-4DAA-AD42-7724505DC822}
T{63BC8900-A1EC-4913-9C48-A69B10F427F4}
F{55E185DD-7BE4-45AF-8A66-BA1122C50555}
T{9F222D97-B49C-4029-BFFC-DBFB4A640676}
T{86B338E1-14E5-4F21-BA69-FED51434C944}
T{93291D14-7C1D-4D0A-A8A7-E396D72F33A6}
F{9EFFE7BB-F7D4-404D-9897-1560E196AF49}
T{1C15A848-32EA-420F-9E1D-5869169E2434}
T{FB846961-9F1A-4BAD-96AC-E38CD3C13D5F}
T{E5B1009B-AB0D-47FF-B803-38E0544CC55A}
T{4E710C10-4322-406C-BBD6-7B186E50C7F4}
T{7CD78814-370A-440A-9F17-E65DEAFCE86C}
F{ECBA23C4-4E3E-4C7F-996A-3473D0ADD862}
F{85C4298E-0574-4092-8270-F44973137ED7}
T{FF02BE20-56EB-455F-9829-F72713425D9A}
T{44CB2BE5-9C92-4BE5-B120-10EE6FF87C82}
T{306C328A-46B8-4760-B7DB-2ABB6680F165}
T{39396B60-711B-44DD-8A06-308041A18333}
T{3ECC5C87-B7E0-4A1C-8A6B-FDCE4A68EBF6}
T{31542163-DBB0-4BDE-BDD2-1245506C55F1}
T{8D1E4E40-F34B-4885-BE78-9D0DCF246177}
T{E076BE89-92D4-4E23-A4CA-7F4FE24C26CF}
T{10DAEA13-0D39-407C-9160-E1A1469D3C9E}
F{3921CDE4-5BF1-4ABA-8FAD-5B682169962C}
T{59A60E0C-3E25-4A18-9691-B87804A27023}
T{CE4516B0-498B-44BF-939E-E22C4ACF4364}
T{9F39F6ED-BBFE-4EA4-9B6A-87E15C1BAD1A}
T{DCF5409D-85CD-4C77-B64B-5859AA1AF225}
T{86D9CB84-7DB7-4D8D-A067-C24BCB109DED}
T{30B2DDA4-AB80-40CF-B04D-6369E75D13E2}
T{BAD7DEAA-7A55-46CD-A240-9546D4ADA648}
T{C77880F5-6FDA-46FF-A5DA-0808F4439A23}
F{D6C8FD60-384A-4D94-BEEF-3C1FEABEBB02}
T{56A3494F-A506-45BD-BEED-AC1BC65AC9B4}
T{607661B4-0E8D-4A8C-B7A2-C75E9BB2228C}
T{97421F6E-A04C-4AEC-9A69-E566E822965D}
T{951F4930-2E7C-4F4A-BC87-963911C861E0}
T{A648941C-0490-4227-9714-621A4E0764E1}
T{4EEE2B89-24E3-4D9F-AA3A-981DD4F4DD03}
T{56F292C3-40E7-4461-B9E7-7BE44DC39EB9}
T{212BA00E-EAC1-45CA-8EFA-1575F8F7FF6D}
T{3CA7A2A2-EA51-44C7-BF0E-6DFDB47072B5}
F{1F060D65-F0D5-4B3C-AE7B-60907E2DC793}
T{497878B0-0CE8-40F5-BBDB-649B51095E05}
T{E883B6C0-B5E0-43D3-A9B6-7DB93CB00C05}
T{D10EE326-CB1D-46E9-8C55-53323E9E3A27}
T{EC4C105E-51D1-49C4-B632-9D92AF5DB947}
T{48B67CFC-F8AC-4379-9371-F3AC49A5216D}
T{439F8683-0EC0-4045-9F6D-1659C1AF4D93}
T{842DE895-13DF-4253-90C1-3919E1FC5EF2}
F{8B051F82-0398-4653-B3D7-9A62BC157A1C}
T{63C1D0F3-75D8-45B6-AA2E-C73199BD49BA}
T{BA21CB4C-741D-423A-A0F4-B0816DDFAE90}
T{C1742CF7-E0B0-4F5E-8DC1-C785E781CBB8}
T{E4AFE9C0-435E-4CC0-8A57-92C4A690D991}
T{1BD59A36-7643-4C56-829B-6A4F34379B71}
T{5AE624DF-B3A0-422E-BC98-829F6B32E371}
T{145EBCD1-01ED-42FA-A5D4-4BC0AB42FBC8}
T{4F5397E0-5623-419E-A56E-B358F57ED2BD}
T{BBA3DAE2-4DFF-44E8-AB30-A9DAEC717357}
T{268F2C88-D150-4411-B48D-15120336FD31}
T{B6ACD122-B4F0-4528-BD14-587D23B62970}
T{E02063B7-E3CE-402B-B0AB-13A628C572DB}
T{3CF8982D-7C9E-40F2-BD7C-FD034427A97C}
F{785B6CD4-E827-4D33-AC38-5DD0B87CE9CA}
T{ACD77D05-4155-4710-9087-1E3B902580D5}
T{90427D79-72EE-4F26-B236-02A213007B1C}
F{2E2FA9B9-5526-4DA3-872B-38431976767B}
T{9A2E2162-3BA9-4BE6-9D96-4E4D88FC6E71}
T{2422DD25-3A4C-4B31-9B65-751B6DD91C9B}
T{63CE1379-FC9B-4DDC-A696-CE9481245EB2}
F{48E4404D-4223-4CE8-9858-3BE08C762324}
T{E1A4A141-09A4-45DE-B2C6-8B66D95FFAFC}
T{2C633DC7-E27F-4ECC-ACF9-AD8824F183B8}
T{C02CDE2A-35FA-49B2-97B6-414AE2E988D7}
T{58F6C9CF-4240-44ED-8826-4AE9C9D8D4BA}
T{9D5DB79D-E605-4A84-A340-B616C90057F9}
T{24D45AA7-417A-4B7E-990A-71877DB92F80}
T{22FAC974-7BBB-41E1-BB1B-BDD15585090B}
T{A219F18E-7FE2-48A8-84B6-3BDE4A3977BB}
T{7A3F3D64-A8C8-45A9-A2CA-293DC8444AA1}
T{F19F3B6B-70B1-468F-9325-C3C9DFDE0F59}
T{311EFD27-8FB7-4A1F-9E50-89553D17910C}
T{3F49474C-37B6-4522-B5B1-974732D97353}
T{C5EDB970-D58B-4750-985D-097F6AAA667D}
T{2988207D-57A6-471E-906C-AE722FC86091}
T{74D01259-4A77-46F9-BFA0-30F3AE042CFB}
T{E675C04C-4118-4B5B-B42A-77AF31F8CEC5}
T{4E2332FA-C222-4426-82E0-A896EB8626F4}
T{13A4125B-AED1-4B2A-974D-C7DA55214863}
T{829443A8-998C-4E72-903D-B9C6792A8B96}
T{1425ADA2-0DE0-4D63-9C51-3C99DF6C35A7}
T{D3147BF7-4248-4BAE-911F-551331DB17C9}
T{8CD558CD-5FBC-4B9F-9B25-D5760A030B2C}
T{B8B5614B-CAED-4B7C-AE47-42EA6AE0F79F}
T{BDC8E05D-661B-40A0-8CD7-D32F57D44B38}
T{5AC0BEFA-2030-4EAF-B200-E011ED276ECB}
T{D131DA40-C800-4915-8051-6D717D3AB106}
T{59417EF9-F5CF-4C45-91FE-FC0818A6C866}
T{505EBEBC-5875-4A4E-AE30-B3371E7E1A22}
F{7FF5DFB1-D1D7-436B-8EE2-439BCBC203C1}
T{04F70EF6-AAAC-4010-98C6-D6B1D707452C}
T{7F2B6B12-CD9E-4B8A-842E-AB68D5DE7F69}
T{A57C9B20-6EC1-41ED-A5AC-5BDCD1C17E04}
T{41B25C51-E883-4D30-A5EF-AC5CBC7D961E}
T{F085E106-C3B5-4B56-87AD-A9D485D19E85}
T{66329B81-4C55-4D81-8B87-8464A989786F}
T{1D9B03DC-0C94-4C30-96A0-2C37130D2F79}
T{CF5F997A-D364-447C-B8BC-725E1B1182C4}
T{033C9C8C-A39E-4A45-A419-E752B6FDD3D9}
T{120152F5-AA1B-4966-81B5-D98839FAB9B8}
T{8EC0969C-693B-4D1B-9B1C-C412A827BACD}
T{1FA4160F-00CD-4A1D-BE2B-781508F9A6AE}
T{CB52DE78-D5CE-4132-A483-9845B89AED49}
F{5393644B-D705-4842-A32A-CBB91F99E7C2}
T{77912251-E26E-42AF-A42D-474E34FE17C4}
F{2AB8AAC3-13C7-49E4-8FF4-C6D788C7D0EE}
T{92406290-9C95-4820-A61C-D73A7BE37708}
T{92EDCD34-8E09-4615-9B8D-0DCBE4F9F9A7}
T{6EDF789D-3FDB-4834-85B4-83687AF1CB4F}
T{E0F5677E-A11A-4E1E-B292-4824DA3202AC}
T{839AEA2F-5342-489B-9C3B-BA9F29924157}
T{C4C785C5-167E-4FD6-B444-F9CBAA1F2809}
T{CEB8EE2F-A619-497C-8910-FF0BE44ECF2F}
F{0F73EF9E-8D0E-426D-8788-AF6263377BB4}
T{994B5365-8290-46E2-9328-FD17A963CFAC}
T{09B58C0F-CF1D-45C0-9265-0E49D3633979}
T{471906C0-84A4-4960-9DE5-98ADD006108B}
T{905DDD95-84E4-47A8-989A-60DB21006CDA}
T{63E0AA00-92E3-4BA3-969E-2D45193DBE1B}
T{86AB85F2-EB1A-4A08-8355-B28E6346A84F}
T{2F0039A3-16D1-4C76-B7DB-4465EA7FD70B}
T{F9FFAE2F-DEF5-49D5-B8B1-DC8748CB7538}
T{3972E64C-D59C-4325-AFAD-C94E2710C1EB}
T{D80E1AE8-6F57-4CC8-9D21-377D973E1ADD}
T{F0AA7F19-49A2-4F23-BD88-128AAF000A97}
T{298C5A78-83A4-488B-9C92-A16A1DE8C11E}
F{239C7951-ED33-45B9-ADA7-199FBE835084}
T{5A88A55A-64A8-49BD-9F25-53EFD02A37C6}
