T{ECBA23C4-4E3E-4C7F-996A-3473D0ADD862}
T{0F73EF9E-8D0E-426D-8788-AF6263377BB4}
T{E48E37F7-DABA-4D38-B613-A0F9158488F3}
T{D7CAB042-6AD3-4CD5-BDF7-6DC81E8201CA}
T{DA1D118C-1DB3-46B0-86B0-61E4E6513C38}
F{2FA00DAC-3AE3-493B-8435-9D0D4A39F4B3}
F{2E2FA9B9-5526-4DA3-872B-38431976767B}
T{D6969E1C-53A0-4262-AB91-04D5AD2E2689}
T{49453906-DAB7-440D-A128-E51709F7E963}
F{0CD6EC3F-84C9-4847-9C41-0B801300844E}
T{6CB107AF-B679-4548-98A4-A758AAC32E15}
T{D6C8FD60-384A-4D94-BEEF-3C1FEABEBB02}
T{BE024796-AD0D-4354-86DF-2549FF637E38}
T{2FA00DAC-3AE3-493B-8435-9D0D4A39F4B3}
T{0F73EF9E-8D0E-426D-8788-AF6263377BB4}
T{EF30041C-3463-49A4-80D7-E15A314A2F7A}
T{6CB107AF-B679-4548-98A4-A758AAC32E15}
T{D7CAB042-6AD3-4CD5-BDF7-6DC81E8201CA}
F{569EF473-4A45-49B7-A5FE-984F380B1814}
T{1F060D65-F0D5-4B3C-AE7B-60907E2DC793}
T{1DD8B0BB-B8F5-4109-80FB-666D9F5AEF36}
T{7FF5DFB1-D1D7-436B-8EE2-439BCBC203C1}
T{1F060D65-F0D5-4B3C-AE7B-60907E2DC793}
T{8B051F82-0398-4653-B3D7-9A62BC157A1C}
F{A12456D3-1712-42C9-8839-1F4E641A5728}
T{D6C8FD60-384A-4D94-BEEF-3C1FEABEBB02}
T{239C7951-ED33-45B9-ADA7-199FBE835084}
T{939F4888-8EF5-4825-A5FE-01D5C1C95265}
T{6CB107AF-B679-4548-98A4-A758AAC32E15}
T{A3C69E62-44D5-4BAF-9134-AAFA4C186D4C}
T{EF30041C-3463-49A4-80D7-E15A314A2F7A}
T{10B8AFA8-7911-4EF7-8677-A70E19DD6AF2}
T{F3D1FD50-4B21-467E-A269-59A7D206C7B6}
T{2E2FA9B9-5526-4DA3-872B-38431976767B}
T{3C390D97-7635-48A4-8A93-E3E35FA2C623}
T{8B051F82-0398-4653-B3D7-9A62BC157A1C}
T{0ED21730-A9F2-43D7-83C6-5E03A5C4B38C}
T{02F9B818-2E8A-40FF-8F13-FE60CC825B7C}
T{85C4298E-0574-4092-8270-F44973137ED7}
T{85C4298E-0574-4092-8270-F44973137ED7}
T{0E293CAC-8BD6-4D1D-8AFB-91B033E4AA1B}
T{1F060D65-F0D5-4B3C-AE7B-60907E2DC793}
T{96C63D3B-E790-4922-A708-208CA6DA3EBD}
T{02F9B818-2E8A-40FF-8F13-FE60CC825B7C}
F{F38A6811-1135-4C8C-AC69-2BB82FD17819}
T{B85DFC15-0B64-439F-A044-71190EBCF76D}
T{E4478D2A-01E3-4087-ACFA-453ECAC39BE4}
T{6CB107AF-B679-4548-98A4-A758AAC32E15}
T{239C7951-ED33-45B9-ADA7-199FBE835084}
T{8781C560-C1D1-4D7B-A14E-12044D412E63}
T{EF81F7D8-ED1F-48C2-98DC-E2FCEEEE1A18}
T{E06CD07E-64DA-4675-BAA1-D4DCDC23F37A}
F{6A4ECB52-FC61-44C9-8458-B3B50445F6F3}
T{49453906-DAB7-440D-A128-E51709F7E963}
T{A12456D3-1712-42C9-8839-1F4E641A5728}
F{31E65F81-05BB-49AA-8FB4-C11A3C20EBEA}
T{D6C8FD60-384A-4D94-BEEF-3C1FEABEBB02}
T{1F060D65-F0D5-4B3C-AE7B-60907E2DC793}
T{0C0F9BDC-A457-47C6-99A7-19D2C8BD5825}
T{E4478D2A-01E3-4087-ACFA-453ECAC39BE4}
T{10B8AFA8-7911-4EF7-8677-A70E19DD6AF2}
T{569EF473-4A45-49B7-A5FE-984F380B1814}
T{2AB8AAC3-13C7-49E4-8FF4-C6D788C7D0EE}
T{49453906-DAB7-440D-A128-E51709F7E963}
T{F38A6811-1135-4C8C-AC69-2BB82FD17819}
T{939F4888-8EF5-4825-A5FE-01D5C1C95265}
T{B85DFC15-0B64-439F-A044-71190EBCF76D}
T{8652BF84-5DAE-4050-B83F-B653497004FF}
T{0E293CAC-8BD6-4D1D-8AFB-91B033E4AA1B}
T{569EF473-4A45-49B7-A5FE-984F380B1814}
T{939F4888-8EF5-4825-A5FE-01D5C1C95265}
T{5393644B-D705-4842-A32A-CBB91F99E7C2}
T{1F060D65-F0D5-4B3C-AE7B-60907E2DC793}
T{0ED21730-A9F2-43D7-83C6-5E03A5C4B38C}
T{ECBA23C4-4E3E-4C7F-996A-3473D0ADD862}
T{48E4404D-4223-4CE8-9858-3BE08C762324}
F{F780F1A9-2344-4482-B5F3-C98DACEE4E69}
T{30704ACB-A693-42EB-959A-DAB35E51E77B}
T{FE16B572-2CFC-4021-8509-00A7B47158C5}
T{8B051F82-0398-4653-B3D7-9A62BC157A1C}
T{96C63D3B-E790-4922-A708-208CA6DA3EBD}
T{C4CB4117-AF70-441D-BD4A-84DAF89B4D88}
T{6CB107AF-B679-4548-98A4-A758AAC32E15}
T{30704ACB-A693-42EB-959A-DAB35E51E77B}
T{0CD6EC3F-84C9-4847-9C41-0B801300844E}
T{5393644B-D705-4842-A32A-CBB91F99E7C2}
F{9EFFE7BB-F7D4-404D-9897-1560E196AF49}
T{30704ACB-A693-42EB-959A-DAB35E51E77B}
F{55E185DD-7BE4-45AF-8A66-BA1122C50555}
F{1332E500-0639-4BC9-A492-BF7EB16C5A55}
T{1F060D65-F0D5-4B3C-AE7B-60907E2DC793}
T{E4478D2A-01E3-4087-ACFA-453ECAC39BE4}
T{EA138A3F-F933-4A87-B1EB-8D111DA554D9}
T{E48E37F7-DABA-4D38-B613-A0F9158488F3}
T{0CD6EC3F-84C9-4847-9C41-0B801300844E}
F{9B103C79-CCEC-4DF2-A417-D667DCD49DF7}
T{3C390D97-7635-48A4-8A93-E3E35FA2C623}
T{EF30041C-3463-49A4-80D7-E15A314A2F7A}
T{DA1D118C-1DB3-46B0-86B0-61E4E6513C38}
F{5E61A37B-D7AF-4FB8-8634-172B149EB70B}
T{6CB107AF-B679-4548-98A4-A758AAC32E15}
F{970DF23A-2C2C-43FD-A81E-ACE158791DA7}
T{F780F1A9-2344-4482-B5F3-C98DACEE4E69}
T{B85DFC15-0B64-439F-A044-71190EBCF76D}
