T{785B6CD4-E827-4D33-AC38-5DD0B87CE9CA}
T{54F88DF0-1DA5-483B-AECA-27E54C2095DE}
T{29AD9781-9621-4659-8B5D-71DCDE0D0F4D}
T{970DF23A-2C2C-43FD-A81E-ACE158791DA7}
T{C4CB4117-AF70-441D-BD4A-84DAF89B4D88}
F{8089B0D2-A703-4F23-A9E8-383DF2634F94}
T{55E185DD-7BE4-45AF-8A66-BA1122C50555}
T{B5C844B9-78CB-473E-B15A-9E8760D67BB0}
T{2FA00DAC-3AE3-493B-8435-9D0D4A39F4B3}
T{A52B10DA-AF33-400B-8E49-A17D4F82B3AD}
T{3921CDE4-5BF1-4ABA-8FAD-5B682169962C}
T{9A66F0FF-D7EB-443C-932C-915DFD38C743}
T{2AB8AAC3-13C7-49E4-8FF4-C6D788C7D0EE}
T{77BC1DEC-EB49-41CB-9CB2-B44CDD07BD4D}
T{5393644B-D705-4842-A32A-CBB91F99E7C2}
T{5E61A37B-D7AF-4FB8-8634-172B149EB70B}
T{31E65F81-05BB-49AA-8FB4-C11A3C20EBEA}
T{3921CDE4-5BF1-4ABA-8FAD-5B682169962C}
T{A52B10DA-AF33-400B-8E49-A17D4F82B3AD}
T{9A66F0FF-D7EB-443C-932C-915DFD38C743}
T{29AD9781-9621-4659-8B5D-71DCDE0D0F4D}
T{0F8801E8-D250-43AC-8602-0B118678B55E}
T{8089B0D2-A703-4F23-A9E8-383DF2634F94}
T{F780F1A9-2344-4482-B5F3-C98DACEE4E69}
T{6A4ECB52-FC61-44C9-8458-B3B50445F6F3}
T{5E61A37B-D7AF-4FB8-8634-172B149EB70B}
T{5E61A37B-D7AF-4FB8-8634-172B149EB70B}
T{785B6CD4-E827-4D33-AC38-5DD0B87CE9CA}
T{ECBA23C4-4E3E-4C7F-996A-3473D0ADD862}
T{9B103C79-CCEC-4DF2-A417-D667DCD49DF7}
T{D6969E1C-53A0-4262-AB91-04D5AD2E2689}
T{5393644B-D705-4842-A32A-CBB91F99E7C2}
T{02F9B818-2E8A-40FF-8F13-FE60CC825B7C}
T{EA138A3F-F933-4A87-B1EB-8D111DA554D9}
T{7FF5DFB1-D1D7-436B-8EE2-439BCBC203C1}
T{E06CD07E-64DA-4675-BAA1-D4DCDC23F37A}
T{D7CAB042-6AD3-4CD5-BDF7-6DC81E8201CA}
T{1332E500-0639-4BC9-A492-BF7EB16C5A55}
T{239C7951-ED33-45B9-ADA7-199FBE835084}
T{5393644B-D705-4842-A32A-CBB91F99E7C2}
T{EF81F7D8-ED1F-48C2-98DC-E2FCEEEE1A18}
T{569EF473-4A45-49B7-A5FE-984F380B1814}
T{9A66F0FF-D7EB-443C-932C-915DFD38C743}
T{970DF23A-2C2C-43FD-A81E-ACE158791DA7}
T{55E185DD-7BE4-45AF-8A66-BA1122C50555}
F{31E65F81-05BB-49AA-8FB4-C11A3C20EBEA}
F{9EFFE7BB-F7D4-404D-9897-1560E196AF49}
T{2E2FA9B9-5526-4DA3-872B-38431976767B}
T{B6DEE0EA-B643-455C-AD92-393D996EDEC0}
T{85C4298E-0574-4092-8270-F44973137ED7}
T{2AB8AAC3-13C7-49E4-8FF4-C6D788C7D0EE}
T{77BC1DEC-EB49-41CB-9CB2-B44CDD07BD4D}
T{29AD9781-9621-4659-8B5D-71DCDE0D0F4D}
T{A12456D3-1712-42C9-8839-1F4E641A5728}
T{9B103C79-CCEC-4DF2-A417-D667DCD49DF7}
T{7FF5DFB1-D1D7-436B-8EE2-439BCBC203C1}
T{1332E500-0639-4BC9-A492-BF7EB16C5A55}
T{DA1D118C-1DB3-46B0-86B0-61E4E6513C38}
T{29AD9781-9621-4659-8B5D-71DCDE0D0F4D}
T{4EE28F8C-9FC0-401D-9E7A-12981930FDA3}
T{D6969E1C-53A0-4262-AB91-04D5AD2E2689}
T{D6969E1C-53A0-4262-AB91-04D5AD2E2689}
T{31E65F81-05BB-49AA-8FB4-C11A3C20EBEA}
T{AD3BF8F4-C756-48C7-BA30-9C0A03205235}
T{A3C69E62-44D5-4BAF-9134-AAFA4C186D4C}
T{A52B10DA-AF33-400B-8E49-A17D4F82B3AD}
T{E06CD07E-64DA-4675-BAA1-D4DCDC23F37A}
T{10B8AFA8-7911-4EF7-8677-A70E19DD6AF2}
T{EA138A3F-F933-4A87-B1EB-8D111DA554D9}
T{5E61A37B-D7AF-4FB8-8634-172B149EB70B}
F{DCF68533-E188-4112-BFE1-250A5F70CD0A}
T{0F8801E8-D250-43AC-8602-0B118678B55E}
T{4EE28F8C-9FC0-401D-9E7A-12981930FDA3}
T{9B103C79-CCEC-4DF2-A417-D667DCD49DF7}
T{B5C844B9-78CB-473E-B15A-9E8760D67BB0}
T{E06CD07E-64DA-4675-BAA1-D4DCDC23F37A}
T{B5C844B9-78CB-473E-B15A-9E8760D67BB0}
T{A3C69E62-44D5-4BAF-9134-AAFA4C186D4C}
T{8089B0D2-A703-4F23-A9E8-383DF2634F94}
T{85C4298E-0574-4092-8270-F44973137ED7}
