T{3C9B9938-6A0A-43B9-AA34-09D724958272}
F{0F73EF9E-8D0E-426D-8788-AF6263377BB4}
T{77BC1DEC-EB49-41CB-9CB2-B44CDD07BD4D}
T{8089B0D2-A703-4F23-A9E8-383DF2634F94}
T{9EFFE7BB-F7D4-404D-9897-1560E196AF49}
T{A12456D3-1712-42C9-8839-1F4E641A5728}
T{8089B0D2-A703-4F23-A9E8-383DF2634F94}
T{9EFFE7BB-F7D4-404D-9897-1560E196AF49}
T{0F73EF9E-8D0E-426D-8788-AF6263377BB4}
F{C9272315-0D1F-460B-B237-650569F9920D}
T{6A4ECB52-FC61-44C9-8458-B3B50445F6F3}
F{0ED21730-A9F2-43D7-83C6-5E03A5C4B38C}
T{3921CDE4-5BF1-4ABA-8FAD-5B682169962C}
T{77BC1DEC-EB49-41CB-9CB2-B44CDD07BD4D}
T{48E4404D-4223-4CE8-9858-3BE08C762324}
F{970DF23A-2C2C-43FD-A81E-ACE158791DA7}
T{96C63D3B-E790-4922-A708-208CA6DA3EBD}
T{2E2FA9B9-5526-4DA3-872B-38431976767B}
T{31E65F81-05BB-49AA-8FB4-C11A3C20EBEA}
T{DCF68533-E188-4112-BFE1-250A5F70CD0A}
T{4EE28F8C-9FC0-401D-9E7A-12981930FDA3}
T{CB28B555-6530-4A5F-89E8-F92C756FA48A}
T{A12456D3-1712-42C9-8839-1F4E641A5728}
T{4EE28F8C-9FC0-401D-9E7A-12981930FDA3}
T{55E185DD-7BE4-45AF-8A66-BA1122C50555}
T{785B6CD4-E827-4D33-AC38-5DD0B87CE9CA}
T{2E2FA9B9-5526-4DA3-872B-38431976767B}
T{3C390D97-7635-48A4-8A93-E3E35FA2C623}
T{0F73EF9E-8D0E-426D-8788-AF6263377BB4}
T{31E65F81-05BB-49AA-8FB4-C11A3C20EBEA}
T{CB28B555-6530-4A5F-89E8-F92C756FA48A}
T{6A4ECB52-FC61-44C9-8458-B3B50445F6F3}
T{F780F1A9-2344-4482-B5F3-C98DACEE4E69}
T{3C9B9938-6A0A-43B9-AA34-09D724958272}
T{0CD6EC3F-84C9-4847-9C41-0B801300844E}
T{6A4ECB52-FC61-44C9-8458-B3B50445F6F3}
T{A12456D3-1712-42C9-8839-1F4E641A5728}
T{9EFFE7BB-F7D4-404D-9897-1560E196AF49}
T{9EFFE7BB-F7D4-404D-9897-1560E196AF49}
T{A12456D3-1712-42C9-8839-1F4E641A5728}
T{77BC1DEC-EB49-41CB-9CB2-B44CDD07BD4D}
T{96C63D3B-E790-4922-A708-208CA6DA3EBD}
T{1332E500-0639-4BC9-A492-BF7EB16C5A55}
T{9EFFE7BB-F7D4-404D-9897-1560E196AF49}
T{A12456D3-1712-42C9-8839-1F4E641A5728}
T{3C9B9938-6A0A-43B9-AA34-09D724958272}
T{DCF68533-E188-4112-BFE1-250A5F70CD0A}
T{970DF23A-2C2C-43FD-A81E-ACE158791DA7}
T{4EE28F8C-9FC0-401D-9E7A-12981930FDA3}
T{DCF68533-E188-4112-BFE1-250A5F70CD0A}
T{2E2FA9B9-5526-4DA3-872B-38431976767B}
T{3921CDE4-5BF1-4ABA-8FAD-5B682169962C}
T{CB28B555-6530-4A5F-89E8-F92C756FA48A}
T{0F73EF9E-8D0E-426D-8788-AF6263377BB4}
T{DCF68533-E188-4112-BFE1-250A5F70CD0A}
T{DCF68533-E188-4112-BFE1-250A5F70CD0A}
T{3C390D97-7635-48A4-8A93-E3E35FA2C623}
T{2E2FA9B9-5526-4DA3-872B-38431976767B}
T{F38A6811-1135-4C8C-AC69-2BB82FD17819}
T{0ED21730-A9F2-43D7-83C6-5E03A5C4B38C}
T{0ED21730-A9F2-43D7-83C6-5E03A5C4B38C}
T{A12456D3-1712-42C9-8839-1F4E641A5728}
T{0C0F9BDC-A457-47C6-99A7-19D2C8BD5825}
T{0E293CAC-8BD6-4D1D-8AFB-91B033E4AA1B}
T{0ED21730-A9F2-43D7-83C6-5E03A5C4B38C}
T{970DF23A-2C2C-43FD-A81E-ACE158791DA7}
T{1DD8B0BB-B8F5-4109-80FB-666D9F5AEF36}
T{C9272315-0D1F-460B-B237-650569F9920D}
T{EF81F7D8-ED1F-48C2-98DC-E2FCEEEE1A18}
T{2FA00DAC-3AE3-493B-8435-9D0D4A39F4B3}
T{F38A6811-1135-4C8C-AC69-2BB82FD17819}
T{C4CB4117-AF70-441D-BD4A-84DAF89B4D88}
T{8781C560-C1D1-4D7B-A14E-12044D412E63}
T{48E4404D-4223-4CE8-9858-3BE08C762324}
T{66378EF2-14E5-4AE0-9CC2-5CEE951A442D}
T{52C94D8E-A1F4-4DF6-8D87-104425732458}
T{4631BB42-5061-4577-A8CA-D7DA14B99C40}
T{823778CF-50F7-446F-A4C6-32D043FB533B}
