T{C621C91B-0277-43CD-A204-25DB6F19FECC}
T{93AFA1A0-0524-44EB-8549-8FD6C56AA21C}
T{2C32BDBD-9D7B-4537-9700-AC0083DA4E6F}
T{5A88A55A-64A8-49BD-9F25-53EFD02A37C6}
T{E48E37F7-DABA-4D38-B613-A0F9158488F3}
T{AD634C7F-74C5-42F0-BBFF-CDE734A7CB8F}
T{DD3ADED7-F4E6-4C1B-BFA9-3DED478765A0}
T{0315ADE4-D4CD-43A7-99EF-90D5F99F5EF1}
T{D6AFED18-FB75-42DA-A74E-6E9F03412FD6}
T{109B00F8-FC2C-4123-B487-90377BD23D07}
T{8C2886EB-AABB-4C35-B405-85568A2E9B74}
T{41CE8483-BD3B-4EA8-817D-77445D0B61B0}
T{59417EF9-F5CF-4C45-91FE-FC0818A6C866}
T{4B908EAD-1D9E-4718-9487-DFB89C77DB4E}
T{31E65F81-05BB-49AA-8FB4-C11A3C20EBEA}
T{A52B10DA-AF33-400B-8E49-A17D4F82B3AD}
T{3CA7A2A2-EA51-44C7-BF0E-6DFDB47072B5}
T{E98489AC-2C9B-4947-B20C-A6D4B5EB1551}
T{73956D02-E81B-4E91-A82F-DEBAC1B3BC1A}
T{9AE73D21-20FE-4218-8B95-840EE4564941}
T{01D7C85D-D115-409F-BA34-49AA733FC388}
T{7909B7F8-FB32-4077-A67B-E902341D64A1}
T{9BB7D453-6147-4226-B948-FBC177618FEB}
T{ED7C0726-DB08-49ED-83BA-BFB8B226BFE7}
T{D131DA40-C800-4915-8051-6D717D3AB106}
T{600B45B2-995E-4398-A6EA-53FB028745A6}
T{353FC933-A7F5-4000-8C5C-6721DCC706A8}
T{C9272315-0D1F-460B-B237-650569F9920D}
T{2FA00DAC-3AE3-493B-8435-9D0D4A39F4B3}
T{31E65F81-05BB-49AA-8FB4-C11A3C20EBEA}
T{E6D9E511-D49A-4D7C-BF1D-76DC2207D232}
T{67A3D10D-AC22-4D74-81BF-08FC12D6368F}
T{E5B1009B-AB0D-47FF-B803-38E0544CC55A}
T{E8C46512-5EA7-4CA5-B6BB-CD83DECABCD0}
T{6B7907E5-7766-49F8-AC22-7E826176B755}
T{41DA3B4A-638C-4494-AC36-462D6E7DF887}
T{2C32BDBD-9D7B-4537-9700-AC0083DA4E6F}
T{DF1DD51B-B1AC-4247-ABB4-8202642C8FBD}
T{DCF68533-E188-4112-BFE1-250A5F70CD0A}
T{4345DF53-CC0E-4397-9FF8-7B695530835F}
F{5CB81C51-F2E9-4E2E-A858-1EDA3253632C}
T{016F57B8-0196-4C68-97A7-397AAA275DFF}
T{B80C3D14-84E0-458E-9C32-20D42837D272}
T{0AEF7057-819E-4AF5-881F-8574B66C9929}
T{79DF6610-E1BB-4042-812D-0A195A8AC1BE}
F{11294FE1-95F5-44AF-B5AE-BA514A3FC578}
T{E86E58FD-3827-4958-AC90-13D8E7E7EF5A}
T{81AFB3A4-C0A8-4079-81FC-4E1395302E57}
T{AC6F70D8-7EEF-49D5-8913-2D73FFB4D8CF}
T{8B051F82-0398-4653-B3D7-9A62BC157A1C}
T{DD3ADED7-F4E6-4C1B-BFA9-3DED478765A0}
F{B08E1FA9-4F14-4A75-AC1D-9CB75BEECC75}
T{41B25C51-E883-4D30-A5EF-AC5CBC7D961E}
T{0597A5B9-AA74-4529-9764-79F3B4EF4985}
T{E5B1009B-AB0D-47FF-B803-38E0544CC55A}
T{8379B667-89AA-4D30-A5E4-FA9D0B1910DD}
T{41CE8483-BD3B-4EA8-817D-77445D0B61B0}
T{48B67CFC-F8AC-4379-9371-F3AC49A5216D}
T{7AF5C5D8-604B-4568-AB4F-ED5CC15FF9D9}
T{E29E2476-2E30-4412-90CF-BF9DDB95C80A}
T{9F222D97-B49C-4029-BFFC-DBFB4A640676}
T{69B2891E-9AB0-4C1B-82DD-CED840FF71A7}
T{729EE44F-76F9-44FA-A878-A9767619C95C}
T{212BA00E-EAC1-45CA-8EFA-1575F8F7FF6D}
T{4B015E8A-8D51-4086-B8B6-C14E670E8CAF}
T{37672F87-D008-4C6F-B513-96EF60C6D25B}
T{895BCF54-88B6-4F8E-BA05-A4919C6A76E7}
T{29AD9781-9621-4659-8B5D-71DCDE0D0F4D}
T{E5B1009B-AB0D-47FF-B803-38E0544CC55A}
T{9F39F6ED-BBFE-4EA4-9B6A-87E15C1BAD1A}
T{31E65F81-05BB-49AA-8FB4-C11A3C20EBEA}
T{CFB4A6C7-3819-4E69-AD26-8AC0D26CEC1C}
T{0C0F9BDC-A457-47C6-99A7-19D2C8BD5825}
T{1EBD4CBF-70D7-453A-BBD2-73D6CE9CEA13}
T{F7970881-3670-4B14-9A79-11E9B14D974B}
T{9E7BC97B-BFD9-442E-AECE-DB0DAEEC6B6E}
T{729EE44F-76F9-44FA-A878-A9767619C95C}
T{D3E69CBE-B364-400E-8D65-593F6EA2ED22}
T{7EB0AAA3-BEA9-4961-99A1-6AD61C0A7CCC}
T{DBBDCDFD-CCF9-4CD7-B2CA-664B40AD95F5}
T{353FC933-A7F5-4000-8C5C-6721DCC706A8}
T{59417EF9-F5CF-4C45-91FE-FC0818A6C866}
T{83F5D758-30E9-4B57-98D7-8E85834EDC6A}
T{594477FA-35A3-4609-8E48-A5A1C00441FD}
T{5A3C78B2-BD49-4A25-A84F-98BF4EEE6FA0}
T{729EE44F-76F9-44FA-A878-A9767619C95C}
T{194BDB63-C6D7-4796-95C3-082F73CFC950}
T{F76366A8-D581-437B-85EA-A3767951BDAB}
T{34A4CC01-A441-4327-B39E-229E67C158D5}
T{96C63D3B-E790-4922-A708-208CA6DA3EBD}
