T{5CB81C51-F2E9-4E2E-A858-1EDA3253632C}
T{B08E1FA9-4F14-4A75-AC1D-9CB75BEECC75}
F{11294FE1-95F5-44AF-B5AE-BA514A3FC578}
T{56A3494F-A506-45BD-BEED-AC1BC65AC9B4}
T{239C7951-ED33-45B9-ADA7-199FBE835084}
T{99C47D85-E3AA-41FA-B935-89603E1CF295}
F{353F8A70-8E82-41D8-92B7-8CC02A7D3EA0}
T{D51A08DE-302C-4241-A2CE-CB34CDB68A60}
T{5DA95A32-824D-41CD-A257-300C05AD7A65}
T{93AFA1A0-0524-44EB-8549-8FD6C56AA21C}
T{6DCCCEA0-31C0-48C3-8F6B-61C5F44187C6}
T{1ECE994A-11B3-4A54-A7E7-B2187970EEC5}
F{E153C2A6-C83B-48D9-9744-C1DAF1D2F6A0}
T{F2FAB52A-2972-41D8-A076-0DDCBDCD5B47}
T{B08E1FA9-4F14-4A75-AC1D-9CB75BEECC75}
T{DD78AC32-5218-4B94-9E2F-83FCCF384FD5}
T{70A98FA3-7E33-4043-AD34-7C34EF7F2528}
F{7909B7F8-FB32-4077-A67B-E902341D64A1}
T{0C993C3B-DC1A-456B-B07D-868FE9F5E312}
T{C1345BAC-0F97-43BF-8B90-8B867D80C948}
T{FC231168-DB9E-4914-A939-D1415944E535}
T{A52B10DA-AF33-400B-8E49-A17D4F82B3AD}
T{8705009C-101F-43E0-9311-9B6E713B0F0A}
T{48B67CFC-F8AC-4379-9371-F3AC49A5216D}
F{3B4978D0-4793-4E7B-A042-09A8D39C68E9}
T{AD740549-96A3-4CE8-B7D3-E6C0CA50B248}
T{6D6B720F-39A6-42C5-AD0C-E25B6F77FF51}
T{0AEF7057-819E-4AF5-881F-8574B66C9929}
T{D6BCFB97-D72C-4ECC-8B67-D6D91ECFF60B}
T{19624EBC-4CDC-47FD-BFC8-513BA1BFD670}
T{E27A5F55-59AD-44B6-B8E5-12E4C14352FB}
T{0AEF7057-819E-4AF5-881F-8574B66C9929}
T{A12456D3-1712-42C9-8839-1F4E641A5728}
T{5CB81C51-F2E9-4E2E-A858-1EDA3253632C}
T{80F42E0A-AB57-4095-AE33-694A83E88C65}
T{622B67CB-05D9-41B9-A909-A0FB09FAF1E1}
T{E27A5F55-59AD-44B6-B8E5-12E4C14352FB}
T{2FA00DAC-3AE3-493B-8435-9D0D4A39F4B3}
T{47AE9454-787E-4CC3-818E-8B76E0DC3D9D}
T{8301F744-3B7B-4EBC-9084-57F8D46DA1A6}
T{D6969E1C-53A0-4262-AB91-04D5AD2E2689}
T{3C9B9938-6A0A-43B9-AA34-09D724958272}
T{E675C04C-4118-4B5B-B42A-77AF31F8CEC5}
F{F780F1A9-2344-4482-B5F3-C98DACEE4E69}
T{895BCF54-88B6-4F8E-BA05-A4919C6A76E7}
T{36229AAA-0236-4DD0-A337-4102FFD5E19B}
T{D78A1192-5CB9-4FD0-A743-BF36F9FECA77}
T{E0F5677E-A11A-4E1E-B292-4824DA3202AC}
T{11294FE1-95F5-44AF-B5AE-BA514A3FC578}
T{F2FAB52A-2972-41D8-A076-0DDCBDCD5B47}
T{D51A08DE-302C-4241-A2CE-CB34CDB68A60}
T{F1F28069-683D-480B-8D59-ADB07E366329}
T{9DE7B7F2-DC94-4D03-96B3-040C73C16B49}
T{F38A6811-1135-4C8C-AC69-2BB82FD17819}
T{553A8213-F725-4282-ADCD-0BCA0ABF50F4}
T{8CD8967A-2EAB-4D5B-961A-C02CAFCF5C1C}
F{9E8BCC66-8DF3-4940-9B69-FE2AA2858ABC}
T{C6B44983-BE51-436A-BFFA-0A66492574BE}
T{F927D7A0-9C30-4948-ABC7-54C2FBCA3643}
T{5CB81C51-F2E9-4E2E-A858-1EDA3253632C}
T{0E120995-F268-4170-BF46-3E89BEAC5793}
T{035D459A-BF8A-4A89-87F0-2C54C65DFA95}
T{9BB7D453-6147-4226-B948-FBC177618FEB}
F{C8F56C61-677B-4A4C-8E48-3371AD9207BD}
T{ED7C0726-DB08-49ED-83BA-BFB8B226BFE7}
F{4EE28F8C-9FC0-401D-9E7A-12981930FDA3}
T{A52B10DA-AF33-400B-8E49-A17D4F82B3AD}
T{785B6CD4-E827-4D33-AC38-5DD0B87CE9CA}
T{05B67000-BF3F-4B0A-BCF9-764B50B45F75}
T{E9091B9D-AEEC-493A-90FA-F5E19BBCF1BC}
T{622B67CB-05D9-41B9-A909-A0FB09FAF1E1}
T{01D7C85D-D115-409F-BA34-49AA733FC388}
T{4866AA86-6C63-46F8-B0F7-BFB4BDC40AC6}
T{D6BCFB97-D72C-4ECC-8B67-D6D91ECFF60B}
T{868B03C2-A04B-4598-920D-EF7BAF6FE2AC}
F{8C2886EB-AABB-4C35-B405-85568A2E9B74}
T{764671EF-47E7-4D6C-B699-18A20A55BDFB}
F{194BDB63-C6D7-4796-95C3-082F73CFC950}
T{5A3C78B2-BD49-4A25-A84F-98BF4EEE6FA0}
T{147368A7-3FB3-420A-8BFA-5AD72845F1E2}
T{04F70EF6-AAAC-4010-98C6-D6B1D707452C}
T{ECBA23C4-4E3E-4C7F-996A-3473D0ADD862}
T{3F49474C-37B6-4522-B5B1-974732D97353}
T{E675C04C-4118-4B5B-B42A-77AF31F8CEC5}
T{EBCF0615-4612-41B6-B3BD-600920F4941B}
T{75758269-D827-4718-8CFA-F1228934087F}
T{594477FA-35A3-4609-8E48-A5A1C00441FD}
T{120152F5-AA1B-4966-81B5-D98839FAB9B8}
T{5A88A55A-64A8-49BD-9F25-53EFD02A37C6}
T{8B051F82-0398-4653-B3D7-9A62BC157A1C}
F{5AE32A76-4553-4458-A8A2-F460DB3662FA}
T{CEB8EE2F-A619-497C-8910-FF0BE44ECF2F}
T{5AE32A76-4553-4458-A8A2-F460DB3662FA}
T{BE024796-AD0D-4354-86DF-2549FF637E38}
T{5ED9A8DC-5566-4C43-A2F7-CBD356CC9A41}
T{610E0385-A207-4CC7-BDC5-A0C09DADD47C}
T{1653D7BF-A399-40FE-BE98-DA7A5204DDCC}
F{016F57B8-0196-4C68-97A7-397AAA275DFF}
T{B6DEE0EA-B643-455C-AD92-393D996EDEC0}
T{E48E37F7-DABA-4D38-B613-A0F9158488F3}
F{194BDB63-C6D7-4796-95C3-082F73CFC950}
