T{8C2886EB-AABB-4C35-B405-85568A2E9B74}
T{F780F1A9-2344-4482-B5F3-C98DACEE4E69}
T{3B4978D0-4793-4E7B-A042-09A8D39C68E9}
T{016F57B8-0196-4C68-97A7-397AAA275DFF}
T{7909B7F8-FB32-4077-A67B-E902341D64A1}
T{4EE28F8C-9FC0-401D-9E7A-12981930FDA3}
T{9E8BCC66-8DF3-4940-9B69-FE2AA2858ABC}
T{194BDB63-C6D7-4796-95C3-082F73CFC950}
T{5AE32A76-4553-4458-A8A2-F460DB3662FA}
T{B08E1FA9-4F14-4A75-AC1D-9CB75BEECC75}
T{11294FE1-95F5-44AF-B5AE-BA514A3FC578}
T{353F8A70-8E82-41D8-92B7-8CC02A7D3EA0}
T{E153C2A6-C83B-48D9-9744-C1DAF1D2F6A0}
T{C8F56C61-677B-4A4C-8E48-3371AD9207BD}
T{194BDB63-C6D7-4796-95C3-082F73CFC950}
T{109B00F8-FC2C-4123-B487-90377BD23D07}
T{3B4978D0-4793-4E7B-A042-09A8D39C68E9}
T{016F57B8-0196-4C68-97A7-397AAA275DFF}
T{0CD6EC3F-84C9-4847-9C41-0B801300844E}
T{F780F1A9-2344-4482-B5F3-C98DACEE4E69}
T{6A4ECB52-FC61-44C9-8458-B3B50445F6F3}
T{1DD8B0BB-B8F5-4109-80FB-666D9F5AEF36}
T{E9A47D6F-D41A-466B-BC43-0F031536620C}
T{81AFB3A4-C0A8-4079-81FC-4E1395302E57}
T{4631BB42-5061-4577-A8CA-D7DA14B99C40}
T{9E0AE925-41B2-45BD-ACCD-F5D12719A976}
T{CF5F997A-D364-447C-B8BC-725E1B1182C4}
T{F780F1A9-2344-4482-B5F3-C98DACEE4E69}
T{F780F1A9-2344-4482-B5F3-C98DACEE4E69}
T{3B4978D0-4793-4E7B-A042-09A8D39C68E9}
T{5AE32A76-4553-4458-A8A2-F460DB3662FA}
T{D6969E1C-53A0-4262-AB91-04D5AD2E2689}
T{B06D1BFB-ACF5-468F-8A59-E6BA2F146630}
T{41B25C51-E883-4D30-A5EF-AC5CBC7D961E}
T{D6C8FD60-384A-4D94-BEEF-3C1FEABEBB02}
T{D3E69CBE-B364-400E-8D65-593F6EA2ED22}
T{F453C545-7634-46F9-98D7-4F0015769EB9}
T{F780F1A9-2344-4482-B5F3-C98DACEE4E69}
T{92AE95C9-2E7C-41DA-A664-10D7ABB0F2CD}
T{2FA00DAC-3AE3-493B-8435-9D0D4A39F4B3}
T{353F8A70-8E82-41D8-92B7-8CC02A7D3EA0}
T{4EE28F8C-9FC0-401D-9E7A-12981930FDA3}
T{E153C2A6-C83B-48D9-9744-C1DAF1D2F6A0}
T{37E8E1C4-A2C5-42AF-A911-0378E1C5D578}
T{9F222D97-B49C-4029-BFFC-DBFB4A640676}
T{F453C545-7634-46F9-98D7-4F0015769EB9}
T{31214508-DC84-469E-99C2-CFA44D3340DC}
T{11294FE1-95F5-44AF-B5AE-BA514A3FC578}
T{2F913E24-0659-4568-BBBD-770E80DD7BCA}
T{7909B7F8-FB32-4077-A67B-E902341D64A1}
T{F453C545-7634-46F9-98D7-4F0015769EB9}
T{9D860961-0C18-4388-B96C-AFB18C7ACAD2}
T{7909B7F8-FB32-4077-A67B-E902341D64A1}
T{164065A9-99A0-4F9F-A7DA-D0E4D4521F44}
T{FBEF59F2-61FB-4FB3-A2AD-EEA28FF9CCF8}
T{AA1BC3C0-448A-4776-BEB5-938BED14CA8F}
T{10B8AFA8-7911-4EF7-8677-A70E19DD6AF2}
T{CB28B555-6530-4A5F-89E8-F92C756FA48A}
T{668B4B95-302E-4A33-B1E9-07DB93703622}
T{7E6C90E9-E0FC-4F62-8E23-B9B95F36C94D}
T{109B00F8-FC2C-4123-B487-90377BD23D07}
T{11294FE1-95F5-44AF-B5AE-BA514A3FC578}
T{6A4ECB52-FC61-44C9-8458-B3B50445F6F3}
T{F780F1A9-2344-4482-B5F3-C98DACEE4E69}
T{E5B1009B-AB0D-47FF-B803-38E0544CC55A}
T{C8F56C61-677B-4A4C-8E48-3371AD9207BD}
T{067532EC-D5DF-44C1-9CF2-9B8E1CA3CDEC}
T{6C7A35C9-FE91-45E2-A7BC-399DAE06D357}
T{164065A9-99A0-4F9F-A7DA-D0E4D4521F44}
T{9E8BCC66-8DF3-4940-9B69-FE2AA2858ABC}
T{C6B44983-BE51-436A-BFFA-0A66492574BE}
T{3C9B9938-6A0A-43B9-AA34-09D724958272}
T{E5B1009B-AB0D-47FF-B803-38E0544CC55A}
T{5A3C78B2-BD49-4A25-A84F-98BF4EEE6FA0}
T{3921CDE4-5BF1-4ABA-8FAD-5B682169962C}
T{AD3BF8F4-C756-48C7-BA30-9C0A03205235}
T{B5C844B9-78CB-473E-B15A-9E8760D67BB0}
T{67A3D10D-AC22-4D74-81BF-08FC12D6368F}
T{EFB56271-269D-47DD-A822-6D9800258E92}
T{F8DFD3B0-5A41-4FB8-951C-9B31FA7257FD}
T{C8F56C61-677B-4A4C-8E48-3371AD9207BD}
T{9AE73D21-20FE-4218-8B95-840EE4564941}
T{AD5EB020-CB85-4EBE-B53B-2A1AC0D3F6A3}
T{E153C2A6-C83B-48D9-9744-C1DAF1D2F6A0}
T{035D459A-BF8A-4A89-87F0-2C54C65DFA95}
T{EF30041C-3463-49A4-80D7-E15A314A2F7A}
T{1448B47F-EBE6-4364-874B-492D531BA191}
F{628E5504-34DE-4335-90AA-C140B64002C2}
T{B6A5CEC4-551F-4B67-9B0D-2D4683BD0716}
T{AA1BC3C0-448A-4776-BEB5-938BED14CA8F}
T{73956D02-E81B-4E91-A82F-DEBAC1B3BC1A}
T{10B8AFA8-7911-4EF7-8677-A70E19DD6AF2}
T{ED7C0726-DB08-49ED-83BA-BFB8B226BFE7}
T{E5A444A1-C666-4E40-B2FB-D6521283E5B1}
T{D6AFED18-FB75-42DA-A74E-6E9F03412FD6}
T{D51A08DE-302C-4241-A2CE-CB34CDB68A60}
T{11294FE1-95F5-44AF-B5AE-BA514A3FC578}
T{F780F1A9-2344-4482-B5F3-C98DACEE4E69}
T{7FF5DFB1-D1D7-436B-8EE2-439BCBC203C1}
T{CFB4A6C7-3819-4E69-AD26-8AC0D26CEC1C}
T{3B4978D0-4793-4E7B-A042-09A8D39C68E9}
T{A1A4CA2F-4F90-4453-AF02-226EF452DFA9}
T{AD740549-96A3-4CE8-B7D3-E6C0CA50B248}
T{D6BCFB97-D72C-4ECC-8B67-D6D91ECFF60B}
T{035D459A-BF8A-4A89-87F0-2C54C65DFA95}
T{5AE32A76-4553-4458-A8A2-F460DB3662FA}
T{B06D1BFB-ACF5-468F-8A59-E6BA2F146630}
T{239C7951-ED33-45B9-ADA7-199FBE835084}
T{1C15A848-32EA-420F-9E1D-5869169E2434}
T{CFB4A6C7-3819-4E69-AD26-8AC0D26CEC1C}
T{41B25C51-E883-4D30-A5EF-AC5CBC7D961E}
T{B80C3D14-84E0-458E-9C32-20D42837D272}
T{FE16B572-2CFC-4021-8509-00A7B47158C5}
T{73956D02-E81B-4E91-A82F-DEBAC1B3BC1A}
T{04F70EF6-AAAC-4010-98C6-D6B1D707452C}
T{3D076BAF-B45B-4575-B9AC-0236CB2F4AB1}
T{4EE28F8C-9FC0-401D-9E7A-12981930FDA3}
T{80A87AE6-1D78-4016-88FD-3E2E74C9F525}
T{2A21D5CA-DAAF-49FC-8109-C08578D61A4E}
T{B80C3D14-84E0-458E-9C32-20D42837D272}
T{F16A579F-7BA0-40E4-A1AB-F6B5C6492078}
T{E0F5677E-A11A-4E1E-B292-4824DA3202AC}
T{ABD13198-139A-4CA2-8028-05B7F01EA5DD}
T{4458E00D-6C0F-4011-AF7B-C9445F4145A2}
T{2C32BDBD-9D7B-4537-9700-AC0083DA4E6F}
T{EC4C105E-51D1-49C4-B632-9D92AF5DB947}
