T{8C2886EB-AABB-4C35-B405-85568A2E9B74}
F{016F57B8-0196-4C68-97A7-397AAA275DFF}
T{9E8BCC66-8DF3-4940-9B69-FE2AA2858ABC}
T{194BDB63-C6D7-4796-95C3-082F73CFC950}
F{628E5504-34DE-4335-90AA-C140B64002C2}
T{353F8A70-8E82-41D8-92B7-8CC02A7D3EA0}
T{8C2886EB-AABB-4C35-B405-85568A2E9B74}
T{F780F1A9-2344-4482-B5F3-C98DACEE4E69}
T{194BDB63-C6D7-4796-95C3-082F73CFC950}
T{CFD1B584-D36F-4AD6-BA4B-82D8E3FD29FB}
T{9DE7B7F2-DC94-4D03-96B3-040C73C16B49}
T{628E5504-34DE-4335-90AA-C140B64002C2}
T{4B908EAD-1D9E-4718-9487-DFB89C77DB4E}
T{54F88DF0-1DA5-483B-AECA-27E54C2095DE}
T{194BDB63-C6D7-4796-95C3-082F73CFC950}
T{C4CB4117-AF70-441D-BD4A-84DAF89B4D88}
T{E27A5F55-59AD-44B6-B8E5-12E4C14352FB}
T{0A0AC52D-52C3-46EA-9659-279876D0080E}
T{0CD6EC3F-84C9-4847-9C41-0B801300844E}
T{A57C9B20-6EC1-41ED-A5AC-5BDCD1C17E04}
T{DE5F51C3-19B6-48A4-BDAB-8BE0BE105B0E}
F{5A793AE8-D423-4275-ACBC-4BAC733BDA41}
T{F9478383-C96B-4EBA-AB1B-01B299D9F0F9}
T{AD740549-96A3-4CE8-B7D3-E6C0CA50B248}
T{8652BF84-5DAE-4050-B83F-B653497004FF}
T{59A60E0C-3E25-4A18-9691-B87804A27023}
T{AA9ECEF0-97FF-4894-AC08-B70C9D3C5DA5}
T{11294FE1-95F5-44AF-B5AE-BA514A3FC578}
T{EA138A3F-F933-4A87-B1EB-8D111DA554D9}
T{D78A1192-5CB9-4FD0-A743-BF36F9FECA77}
T{E6D9E511-D49A-4D7C-BF1D-76DC2207D232}
T{7CD78814-370A-440A-9F17-E65DEAFCE86C}
T{016F57B8-0196-4C68-97A7-397AAA275DFF}
T{FD8184EB-310B-464A-9145-BCB22FBD0BDD}
T{B20831E1-D00E-47BA-BF9A-1AE95DDE9F0F}
T{149B7F73-FB2A-45BD-9A62-540A1B4FC3DA}
T{C621C91B-0277-43CD-A204-25DB6F19FECC}
T{353F8A70-8E82-41D8-92B7-8CC02A7D3EA0}
T{B20831E1-D00E-47BA-BF9A-1AE95DDE9F0F}
T{0C14834C-EB4D-4DD6-947B-6DB289FB0E14}
T{569EF473-4A45-49B7-A5FE-984F380B1814}
T{E41AF589-6373-4F13-89E2-780AAFB2DD11}
T{8781C560-C1D1-4D7B-A14E-12044D412E63}
T{738DCA7C-B62C-429A-B712-6022BAC970DC}
T{2A011D88-2D86-4F2C-BA1C-D439FE00146E}
T{8301F744-3B7B-4EBC-9084-57F8D46DA1A6}
T{D16B198E-E4A4-48ED-8BBD-8FC8826952A6}
T{81AFB3A4-C0A8-4079-81FC-4E1395302E57}
T{41CE8483-BD3B-4EA8-817D-77445D0B61B0}
T{E675C04C-4118-4B5B-B42A-77AF31F8CEC5}
T{628E5504-34DE-4335-90AA-C140B64002C2}
T{0C14834C-EB4D-4DD6-947B-6DB289FB0E14}
F{970DF23A-2C2C-43FD-A81E-ACE158791DA7}
T{11294FE1-95F5-44AF-B5AE-BA514A3FC578}
T{594477FA-35A3-4609-8E48-A5A1C00441FD}
T{5F365099-DA9C-4D1B-AD51-34DFA49312F8}
T{D3E69CBE-B364-400E-8D65-593F6EA2ED22}
T{120152F5-AA1B-4966-81B5-D98839FAB9B8}
T{970DF23A-2C2C-43FD-A81E-ACE158791DA7}
T{6E1AF524-1364-4DC5-8ADD-AFA0CBBFCD19}
T{9E0AE925-41B2-45BD-ACCD-F5D12719A976}
T{54F88DF0-1DA5-483B-AECA-27E54C2095DE}
T{BE024796-AD0D-4354-86DF-2549FF637E38}
T{55B089B7-34D6-4A8F-8B77-BEF51B3C21DB}
T{711F6F47-0621-4A63-AD17-1BC2642E21EF}
T{D6AFED18-FB75-42DA-A74E-6E9F03412FD6}
T{628E5504-34DE-4335-90AA-C140B64002C2}
T{067532EC-D5DF-44C1-9CF2-9B8E1CA3CDEC}
T{E98489AC-2C9B-4947-B20C-A6D4B5EB1551}
T{2C32BDBD-9D7B-4537-9700-AC0083DA4E6F}
T{7FF5DFB1-D1D7-436B-8EE2-439BCBC203C1}
T{E06CD07E-64DA-4675-BAA1-D4DCDC23F37A}
T{E6D9E511-D49A-4D7C-BF1D-76DC2207D232}
T{A008F8D2-57AC-432F-AB13-D3ADF95F7AF3}
T{353F8A70-8E82-41D8-92B7-8CC02A7D3EA0}
T{8301F744-3B7B-4EBC-9084-57F8D46DA1A6}
T{79DF6610-E1BB-4042-812D-0A195A8AC1BE}
T{C4C785C5-167E-4FD6-B444-F9CBAA1F2809}
T{9A66F0FF-D7EB-443C-932C-915DFD38C743}
T{9EFFE7BB-F7D4-404D-9897-1560E196AF49}
T{9E8BCC66-8DF3-4940-9B69-FE2AA2858ABC}
T{6AA39FD7-1E82-4C62-AAAE-A3D293F3A409}
T{3382308C-9579-4D36-87AE-59B8DBBD9F93}
T{C1345BAC-0F97-43BF-8B90-8B867D80C948}
T{0A0AC52D-52C3-46EA-9659-279876D0080E}
T{6DCCCEA0-31C0-48C3-8F6B-61C5F44187C6}
T{C621C91B-0277-43CD-A204-25DB6F19FECC}
T{55B089B7-34D6-4A8F-8B77-BEF51B3C21DB}
T{A184F0C1-04AD-464F-B661-D4B86EA8A8B0}
T{79DF6610-E1BB-4042-812D-0A195A8AC1BE}
T{41B25C51-E883-4D30-A5EF-AC5CBC7D961E}
T{9E8BCC66-8DF3-4940-9B69-FE2AA2858ABC}
T{5573D1D0-C8D4-449A-AD31-81A07866EDFE}
F{9547A873-8914-4B48-9B38-5BDDD764618F}
T{77912251-E26E-42AF-A42D-474E34FE17C4}
T{F76366A8-D581-437B-85EA-A3767951BDAB}
T{A1F5F693-4074-42B6-982C-0423302DCC52}
T{6D6B720F-39A6-42C5-AD0C-E25B6F77FF51}
T{8652BF84-5DAE-4050-B83F-B653497004FF}
T{8781C560-C1D1-4D7B-A14E-12044D412E63}
T{D6C8FD60-384A-4D94-BEEF-3C1FEABEBB02}
T{7909B7F8-FB32-4077-A67B-E902341D64A1}
T{EBCF0615-4612-41B6-B3BD-600920F4941B}
T{D6C8FD60-384A-4D94-BEEF-3C1FEABEBB02}
T{AA9ECEF0-97FF-4894-AC08-B70C9D3C5DA5}
T{568E1A9C-EB48-4974-8CC7-8CF3D93628C8}
T{2724D102-B6EC-4ED8-9F7E-D8034F77C457}
T{9AE73D21-20FE-4218-8B95-840EE4564941}
