T{00000000-0000-0000-0000-0000000CE2D3}
T{00000000-0000-0000-0000-0000002878A4}
T{00000000-0000-0000-0000-00000032A5FE}
F{00000000-0000-0000-0000-0000002596A5}
F{00000000-0000-0000-0000-00000005A978}
F{00000000-0000-0000-0000-00000029F71D}
T{00000000-0000-0000-0000-000000092F5A}
F{00000000-0000-0000-0000-0000000ED161}
T{00000000-0000-0000-0000-00000001100A}
F{00000000-0000-0000-0000-0000002D4795}
T{00000000-0000-0000-0000-0000001F136D}
T{00000000-0000-0000-0000-0000002892F7}
T{00000000-0000-0000-0000-00000026AFE4}
F{00000000-0000-0000-0000-00000016EF7B}
T{00000000-0000-0000-0000-0000002E9332}
T{00000000-0000-0000-0000-0000000DBCB6}
T{00000000-0000-0000-0000-000000274F31}
T{00000000-0000-0000-0000-0000001EF5AC}
T{00000000-0000-0000-0000-0000002CEAAC}
T{00000000-0000-0000-0000-00000028B837}
T{00000000-0000-0000-0000-0000002E2D07}
T{00000000-0000-0000-0000-0000001CE65E}
T{00000000-0000-0000-0000-00000031FFCB}
T{00000000-0000-0000-0000-0000001441F5}
F{00000000-0000-0000-0000-0000000928C2}
T{00000000-0000-0000-0000-0000000CCDAC}
T{00000000-0000-0000-0000-00000019F7DE}
T{00000000-0000-0000-0000-00000006C895}
F{00000000-0000-0000-0000-0000000604DA}
T{00000000-0000-0000-0000-0000001D498E}
T{00000000-0000-0000-0000-000000149694}
T{00000000-0000-0000-0000-0000002802D9}
T{00000000-0000-0000-0000-00000030E03F}
F{00000000-0000-0000-0000-00000025B204}
T{00000000-0000-0000-0000-000000042BB4}
F{00000000-0000-0000-0000-000000147165}
T{00000000-0000-0000-0000-0000000C455E}
T{00000000-0000-0000-0000-000000332B46}
T{00000000-0000-0000-0000-0000002CE190}
T{00000000-0000-0000-0000-0000002C1AFE}
F{00000000-0000-0000-0000-0000002596A5}
F{00000000-0000-0000-0000-0000000E70A1}
F{00000000-0000-0000-0000-0000000A5106}
T{00000000-0000-0000-0000-00000019922D}
T{00000000-0000-0000-0000-0000002529FE}
T{00000000-0000-0000-0000-000000325ECE}
F{00000000-0000-0000-0000-00000032EA05}
T{00000000-0000-0000-0000-0000001EF83E}
T{00000000-0000-0000-0000-0000002DA8DC}
F{00000000-0000-0000-0000-000000120E6F}
T{00000000-0000-0000-0000-000000054993}
T{00000000-0000-0000-0000-00000026030F}
F{00000000-0000-0000-0000-00000025D290}
T{00000000-0000-0000-0000-00000003C8CB}
T{00000000-0000-0000-0000-00000022CD7A}
T{00000000-0000-0000-0000-000000139C7E}
T{00000000-0000-0000-0000-000000036272}
T{00000000-0000-0000-0000-00000012E0D1}
F{00000000-0000-0000-0000-0000002A63DB}
T{00000000-0000-0000-0000-0000002836BF}
T{00000000-0000-0000-0000-000000282B4D}
T{00000000-0000-0000-0000-000000011CD5}
T{00000000-0000-0000-0000-000000138862}
T{00000000-0000-0000-0000-0000002C49B6}
T{00000000-0000-0000-0000-0000002ECC14}
T{00000000-0000-0000-0000-0000000A14F9}
T{00000000-0000-0000-0000-000000297A3C}
T{00000000-0000-0000-0000-000000257885}
F{00000000-0000-0000-0000-00000020B34E}
T{00000000-0000-0000-0000-000000330CDF}
F{00000000-0000-0000-0000-00000008C1DE}
T{00000000-0000-0000-0000-0000001BF05D}
T{00000000-0000-0000-0000-000000107224}
T{00000000-0000-0000-0000-0000000BFA99}
T{00000000-0000-0000-0000-00000029FE0E}
T{00000000-0000-0000-0000-00000029F71D}
T{00000000-0000-0000-0000-00000001FDC6}
F{00000000-0000-0000-0000-0000001713CD}
F{00000000-0000-0000-0000-00000008CFDA}
F{00000000-0000-0000-0000-0000000C1DCA}
F{00000000-0000-0000-0000-000000098503}
T{00000000-0000-0000-0000-00000020CCCA}
F{00000000-0000-0000-0000-00000015BF2E}
T{00000000-0000-0000-0000-00000029B99E}
T{00000000-0000-0000-0000-0000001F133A}
T{00000000-0000-0000-0000-00000025D2A9}
F{00000000-0000-0000-0000-0000000889CB}
F{00000000-0000-0000-0000-0000002F16BE}
T{00000000-0000-0000-0000-0000000E2192}
T{00000000-0000-0000-0000-000000304874}
T{00000000-0000-0000-0000-0000001987B5}
F{00000000-0000-0000-0000-0000002A9640}
T{00000000-0000-0000-0000-0000001BB360}
T{00000000-0000-0000-0000-0000002BA9D5}
T{00000000-0000-0000-0000-00000014929E}
T{00000000-0000-0000-0000-0000002B678E}
T{00000000-0000-0000-0000-0000002FBA45}
T{00000000-0000-0000-0000-000000253960}
T{00000000-0000-0000-0000-00000011E7AD}
T{00000000-0000-0000-0000-000000281D15}
T{00000000-0000-0000-0000-0000000DE13D}
F{00000000-0000-0000-0000-000000148E71}
T{00000000-0000-0000-0000-00000026CBC8}
T{00000000-0000-0000-0000-0000002704B0}
T{00000000-0000-0000-0000-0000002D5D95}
T{00000000-0000-0000-0000-000000248B49}
T{00000000-0000-0000-0000-000000333DDA}
T{00000000-0000-0000-0000-000000213C92}
T{00000000-0000-0000-0000-0000001BE6D6}
F{00000000-0000-0000-0000-000000234D52}
T{00000000-0000-0000-0000-000000118F02}
T{00000000-0000-0000-0000-0000001AACFF}
T{00000000-0000-0000-0000-000000052FAB}
T{00000000-0000-0000-0000-0000002655AB}
T{00000000-0000-0000-0000-0000002A20EB}
T{00000000-0000-0000-0000-00000022AD41}
T{00000000-0000-0000-0000-000000332B46}
T{00000000-0000-0000-0000-000000333C09}
T{00000000-0000-0000-0000-0000002CE877}
T{00000000-0000-0000-0000-0000001F3390}
T{00000000-0000-0000-0000-0000000296BC}
T{00000000-0000-0000-0000-00000029F5A1}
T{00000000-0000-0000-0000-000000248B49}
T{00000000-0000-0000-0000-000000037D12}
F{00000000-0000-0000-0000-00000030E2E5}
F{00000000-0000-0000-0000-00000028C84A}
F{00000000-0000-0000-0000-000000039877}
T{00000000-0000-0000-0000-00000020F484}
T{00000000-0000-0000-0000-0000002BD8DA}
T{00000000-0000-0000-0000-00000006F94E}
F{00000000-0000-0000-0000-000000009735}
T{00000000-0000-0000-0000-00000005C5D6}
T{00000000-0000-0000-0000-00000008A7D5}
T{00000000-0000-0000-0000-0000002ECC93}
T{00000000-0000-0000-0000-00000024A4E7}
T{00000000-0000-0000-0000-0000001D9AAB}
T{00000000-0000-0000-0000-00000005DA1A}
F{00000000-0000-0000-0000-0000000FB2AC}
T{00000000-0000-0000-0000-000000032C44}
T{00000000-0000-0000-0000-0000001793D4}
F{00000000-0000-0000-0000-000000243EBD}
T{00000000-0000-0000-0000-000000027CAC}
F{00000000-0000-0000-0000-0000002B7C23}
T{00000000-0000-0000-0000-00000028CCE8}
T{00000000-0000-0000-0000-000000238AC5}
T{00000000-0000-0000-0000-0000002EC3A1}
F{00000000-0000-0000-0000-0000002843CE}
T{00000000-0000-0000-0000-00000023902B}
T{00000000-0000-0000-0000-00000023E3D8}
F{00000000-0000-0000-0000-00000020BD3C}
T{00000000-0000-0000-0000-00000018D48D}
T{00000000-0000-0000-0000-0000002A43DB}
F{00000000-0000-0000-0000-0000000A2DD3}
T{00000000-0000-0000-0000-0000001398AA}
F{00000000-0000-0000-0000-000000119D7B}
T{00000000-0000-0000-0000-000000100099}
F{00000000-0000-0000-0000-0000002DB934}
T{00000000-0000-0000-0000-00000031640E}
T{00000000-0000-0000-0000-000000320D6B}
T{00000000-0000-0000-0000-00000008AB1F}
F{00000000-0000-0000-0000-0000000ED171}
F{00000000-0000-0000-0000-0000001B6EF6}
F{00000000-0000-0000-0000-00000018D090}
F{00000000-0000-0000-0000-0000000BCED8}
T{00000000-0000-0000-0000-0000001D339F}
T{00000000-0000-0000-0000-00000004133E}
T{00000000-0000-0000-0000-00000025B34A}
F{00000000-0000-0000-0000-0000000BF6B2}
T{00000000-0000-0000-0000-000000331151}
F{00000000-0000-0000-0000-00000024C9E0}
T{00000000-0000-0000-0000-0000001AC3C9}
F{00000000-0000-0000-0000-0000000AC79A}
T{00000000-0000-0000-0000-0000000E131D}
F{00000000-0000-0000-0000-0000002FA3FA}
T{00000000-0000-0000-0000-00000021EADC}
F{00000000-0000-0000-0000-0000002CABB9}
T{00000000-0000-0000-0000-000000122E88}
T{00000000-0000-0000-0000-00000010E1B3}
T{00000000-0000-0000-0000-0000000D66A3}
T{00000000-0000-0000-0000-00000024E8D0}
T{00000000-0000-0000-0000-0000000890E1}
T{00000000-0000-0000-0000-000000178CFF}
T{00000000-0000-0000-0000-00000026B724}
T{00000000-0000-0000-0000-00000022389C}
F{00000000-0000-0000-0000-0000001EA152}
F{00000000-0000-0000-0000-0000000B07ED}
T{00000000-0000-0000-0000-00000023E5B8}
T{00000000-0000-0000-0000-0000001DBA67}
T{00000000-0000-0000-0000-00000030BCBF}
T{00000000-0000-0000-0000-000000265B79}
T{00000000-0000-0000-0000-0000000FDD08}
T{00000000-0000-0000-0000-000000153FE7}
T{00000000-0000-0000-0000-0000000E2008}
T{00000000-0000-0000-0000-00000010420C}
F{00000000-0000-0000-0000-0000000657F1}
T{00000000-0000-0000-0000-00000009A86F}
T{00000000-0000-0000-0000-00000009A4DD}
T{00000000-0000-0000-0000-00000026CC61}
T{00000000-0000-0000-0000-0000001C2719}
F{00000000-0000-0000-0000-0000002FA358}
F{00000000-0000-0000-0000-0000002F1EF7}
T{00000000-0000-0000-0000-0000000D0A5A}
T{00000000-0000-0000-0000-00000012A78D}
F{00000000-0000-0000-0000-0000002DCB69}
F{00000000-0000-0000-0000-0000000DA5C4}
T{00000000-0000-0000-0000-00000015C3EB}
F{00000000-0000-0000-0000-0000002E564A}
T{00000000-0000-0000-0000-000000322082}
T{00000000-0000-0000-0000-00000023B888}
F{00000000-0000-0000-0000-00000021E588}
T{00000000-0000-0000-0000-0000000062F0}
T{00000000-0000-0000-0000-0000002F7F9E}
T{00000000-0000-0000-0000-0000000277F6}
T{00000000-0000-0000-0000-000000081A30}
T{00000000-0000-0000-0000-0000000B38BF}
F{00000000-0000-0000-0000-000000047342}
T{00000000-0000-0000-0000-0000002A84E7}
T{00000000-0000-0000-0000-00000004976E}
T{00000000-0000-0000-0000-0000001C27D4}
F{00000000-0000-0000-0000-00000021E6D0}
T{00000000-0000-0000-0000-00000020FF69}
F{00000000-0000-0000-0000-00000016D89A}
T{00000000-0000-0000-0000-000000088B56}
T{00000000-0000-0000-0000-0000000D01B6}
T{00000000-0000-0000-0000-00000029516A}
T{00000000-0000-0000-0000-0000003294C5}
T{00000000-0000-0000-0000-0000000F1694}
T{00000000-0000-0000-0000-00000033DDF4}
F{00000000-0000-0000-0000-0000000A1515}
T{00000000-0000-0000-0000-0000001BC924}
T{00000000-0000-0000-0000-00000007C54C}
F{00000000-0000-0000-0000-0000000FC3AA}
T{00000000-0000-0000-0000-000000291279}
T{00000000-0000-0000-0000-0000000B1219}
T{00000000-0000-0000-0000-000000116200}
T{00000000-0000-0000-0000-000000213BFB}
F{00000000-0000-0000-0000-0000000DF706}
F{00000000-0000-0000-0000-000000211BF6}
T{00000000-0000-0000-0000-000000022EF5}
T{00000000-0000-0000-0000-000000200ABC}
F{00000000-0000-0000-0000-000000098DB8}
T{00000000-0000-0000-0000-00000031FCF0}
T{00000000-0000-0000-0000-0000000FA7D1}
T{00000000-0000-0000-0000-00000030D8E6}
F{00000000-0000-0000-0000-00000005EE69}
T{00000000-0000-0000-0000-0000003053C8}
T{00000000-0000-0000-0000-000000213B74}
T{00000000-0000-0000-0000-000000022FDF}
F{00000000-0000-0000-0000-0000000D0B0E}
T{00000000-0000-0000-0000-0000000D58E1}
F{00000000-0000-0000-0000-000000138AFA}
T{00000000-0000-0000-0000-0000000871CA}
F{00000000-0000-0000-0000-00000020BD3C}
F{00000000-0000-0000-0000-00000019EDAF}
T{00000000-0000-0000-0000-0000002D3FCA}
T{00000000-0000-0000-0000-00000011A8BF}
T{00000000-0000-0000-0000-00000029D550}
T{00000000-0000-0000-0000-00000002D1B7}
T{00000000-0000-0000-0000-0000001DBEBC}
T{00000000-0000-0000-0000-0000002A7A74}
T{00000000-0000-0000-0000-0000001EA021}
T{00000000-0000-0000-0000-0000000342F8}
T{00000000-0000-0000-0000-00000010F98C}
F{00000000-0000-0000-0000-00000016D8EC}
T{00000000-0000-0000-0000-00000005B6A7}
T{00000000-0000-0000-0000-00000028F5E5}
T{00000000-0000-0000-0000-0000000305DE}
T{00000000-0000-0000-0000-000000198111}
T{00000000-0000-0000-0000-00000032AC91}
F{00000000-0000-0000-0000-0000002CDE61}
F{00000000-0000-0000-0000-000000197FB6}
F{00000000-0000-0000-0000-00000014523B}
T{00000000-0000-0000-0000-0000002961D2}
T{00000000-0000-0000-0000-0000002963C2}
T{00000000-0000-0000-0000-00000000B535}
T{00000000-0000-0000-0000-0000000AFFEF}
F{00000000-0000-0000-0000-00000024D4B0}
T{00000000-0000-0000-0000-00000022A2D7}
T{00000000-0000-0000-0000-00000010F71F}
T{00000000-0000-0000-0000-0000001C775B}
T{00000000-0000-0000-0000-0000000CEF32}
T{00000000-0000-0000-0000-00000000C956}
T{00000000-0000-0000-0000-0000001C287C}
T{00000000-0000-0000-0000-00000032D27B}
T{00000000-0000-0000-0000-00000030E635}
F{00000000-0000-0000-0000-0000001278AF}
T{00000000-0000-0000-0000-00000020C386}
F{00000000-0000-0000-0000-00000019603B}
T{00000000-0000-0000-0000-000000157DBE}
T{00000000-0000-0000-0000-0000002D5CCB}
T{00000000-0000-0000-0000-00000006FA4F}
T{00000000-0000-0000-0000-000000043F01}
F{00000000-0000-0000-0000-000000176DC3}
T{00000000-0000-0000-0000-0000001FBC4A}
T{00000000-0000-0000-0000-000000292878}
T{00000000-0000-0000-0000-0000000E55CB}
T{00000000-0000-0000-0000-00000026611E}
T{00000000-0000-0000-0000-000000200778}
F{00000000-0000-0000-0000-000000303C41}
F{00000000-0000-0000-0000-0000000A17FA}
F{00000000-0000-0000-0000-0000000320BD}
F{00000000-0000-0000-0000-000000253952}
T{00000000-0000-0000-0000-00000025E10A}
F{00000000-0000-0000-0000-0000002768FA}
T{00000000-0000-0000-0000-00000010ABC6}
T{00000000-0000-0000-0000-0000000778BF}
T{00000000-0000-0000-0000-00000011BF00}
F{00000000-0000-0000-0000-0000002313B8}
F{00000000-0000-0000-0000-0000000A0871}
F{00000000-0000-0000-0000-00000025439D}
T{00000000-0000-0000-0000-00000022451C}
F{00000000-0000-0000-0000-00000019F414}
F{00000000-0000-0000-0000-000000096C41}
F{00000000-0000-0000-0000-0000001FD913}
F{00000000-0000-0000-0000-000000288E61}
T{00000000-0000-0000-0000-0000002EBA82}
F{00000000-0000-0000-0000-0000001D4D46}
T{00000000-0000-0000-0000-00000003FB24}
T{00000000-0000-0000-0000-0000002B9E84}
F{00000000-0000-0000-0000-0000001DB5F0}
F{00000000-0000-0000-0000-00000027F5B1}
T{00000000-0000-0000-0000-000000289E7A}
F{00000000-0000-0000-0000-0000000A06FB}
T{00000000-0000-0000-0000-000000327622}
T{00000000-0000-0000-0000-0000000AC79A}
F{00000000-0000-0000-0000-0000002DA425}
T{00000000-0000-0000-0000-00000018B2B3}
T{00000000-0000-0000-0000-000000021EB8}
T{00000000-0000-0000-0000-00000005EA80}
T{00000000-0000-0000-0000-000000134B23}
T{00000000-0000-0000-0000-0000002404ED}
T{00000000-0000-0000-0000-0000002A1E60}
T{00000000-0000-0000-0000-000000291868}
T{00000000-0000-0000-0000-0000001357CB}
T{00000000-0000-0000-0000-0000002737FC}
T{00000000-0000-0000-0000-00000029C630}
T{00000000-0000-0000-0000-0000001CA6B6}
F{00000000-0000-0000-0000-00000017158F}
F{00000000-0000-0000-0000-0000001055DF}
T{00000000-0000-0000-0000-00000013FDB8}
F{00000000-0000-0000-0000-000000241392}
F{00000000-0000-0000-0000-00000013C022}
T{00000000-0000-0000-0000-00000017FFEF}
F{00000000-0000-0000-0000-0000002FC356}
T{00000000-0000-0000-0000-000000022B3B}
T{00000000-0000-0000-0000-0000002A8313}
T{00000000-0000-0000-0000-0000002CD81B}
T{00000000-0000-0000-0000-00000030BA69}
T{00000000-0000-0000-0000-0000001D431B}
T{00000000-0000-0000-0000-0000000D3D3C}
T{00000000-0000-0000-0000-0000001A902F}
T{00000000-0000-0000-0000-0000000124D4}
F{00000000-0000-0000-0000-000000137696}
T{00000000-0000-0000-0000-00000021E439}
T{00000000-0000-0000-0000-0000001EA4B5}
T{00000000-0000-0000-0000-0000000C5C8E}
F{00000000-0000-0000-0000-0000000BCE16}
T{00000000-0000-0000-0000-00000012A962}
T{00000000-0000-0000-0000-0000001C2119}
T{00000000-0000-0000-0000-00000022B68D}
T{00000000-0000-0000-0000-0000000CE0CB}
F{00000000-0000-0000-0000-0000001EE496}
T{00000000-0000-0000-0000-00000007D2AF}
T{00000000-0000-0000-0000-00000009779C}
T{00000000-0000-0000-0000-00000019FC64}
T{00000000-0000-0000-0000-00000015A7A1}
T{00000000-0000-0000-0000-000000222434}
T{00000000-0000-0000-0000-0000001DCEC2}
T{00000000-0000-0000-0000-0000003137FA}
F{00000000-0000-0000-0000-0000002D517B}
F{00000000-0000-0000-0000-0000002B43A9}
T{00000000-0000-0000-0000-00000011F1AF}
F{00000000-0000-0000-0000-00000025B204}
T{00000000-0000-0000-0000-000000314BB4}
T{00000000-0000-0000-0000-0000000F6E47}
T{00000000-0000-0000-0000-0000002ADAF8}
T{00000000-0000-0000-0000-000000297D08}
T{00000000-0000-0000-0000-000000182131}
T{00000000-0000-0000-0000-00000015C458}
F{00000000-0000-0000-0000-00000005394F}
F{00000000-0000-0000-0000-000000290793}
F{00000000-0000-0000-0000-00000003F093}
T{00000000-0000-0000-0000-0000003130EC}
F{00000000-0000-0000-0000-0000001A657D}
