F{00000000-0000-0000-0000-00000004E003}
T{00000000-0000-0000-0000-0000002BA30F}
F{00000000-0000-0000-0000-0000000A2DD3}
T{00000000-0000-0000-0000-00000009D32C}
F{00000000-0000-0000-0000-00000024B6F2}
F{00000000-0000-0000-0000-0000001AF5B8}
F{00000000-0000-0000-0000-000000167F5F}
F{00000000-0000-0000-0000-00000011F6D5}
F{00000000-0000-0000-0000-000000257932}
T{00000000-0000-0000-0000-000000244B87}
F{00000000-0000-0000-0000-0000001DBAF5}
T{00000000-0000-0000-0000-0000000CC879}
F{00000000-0000-0000-0000-00000025482D}
T{00000000-0000-0000-0000-000000043569}
T{00000000-0000-0000-0000-0000001D9D0E}
T{00000000-0000-0000-0000-0000002ECC14}
T{00000000-0000-0000-0000-0000002892F7}
T{00000000-0000-0000-0000-00000019A0AC}
T{00000000-0000-0000-0000-00000009C51B}
T{00000000-0000-0000-0000-00000000C38B}
T{00000000-0000-0000-0000-00000008FF28}
T{00000000-0000-0000-0000-000000102010}
T{00000000-0000-0000-0000-0000002892F7}
F{00000000-0000-0000-0000-00000020554E}
T{00000000-0000-0000-0000-0000002FDA09}
T{00000000-0000-0000-0000-00000024AD95}
F{00000000-0000-0000-0000-00000004CE31}
T{00000000-0000-0000-0000-0000000BE0B1}
F{00000000-0000-0000-0000-0000002E40E3}
T{00000000-0000-0000-0000-00000012EA56}
T{00000000-0000-0000-0000-0000001111EB}
T{00000000-0000-0000-0000-0000001B8F20}
F{00000000-0000-0000-0000-00000015A631}
T{00000000-0000-0000-0000-00000030FFAB}
T{00000000-0000-0000-0000-00000027E1C4}
F{00000000-0000-0000-0000-00000022CD5A}
T{00000000-0000-0000-0000-00000002D877}
T{00000000-0000-0000-0000-000000002A6D}
F{00000000-0000-0000-0000-000000268E75}
T{00000000-0000-0000-0000-0000001053EF}
T{00000000-0000-0000-0000-0000000A743F}
T{00000000-0000-0000-0000-00000016A7DB}
F{00000000-0000-0000-0000-0000002AB719}
T{00000000-0000-0000-0000-0000002EBBF8}
T{00000000-0000-0000-0000-0000000E581C}
T{00000000-0000-0000-0000-0000002DF413}
T{00000000-0000-0000-0000-0000002BD465}
T{00000000-0000-0000-0000-0000001491E0}
T{00000000-0000-0000-0000-000000152DBE}
T{00000000-0000-0000-0000-000000222434}
F{00000000-0000-0000-0000-0000001BA878}
T{00000000-0000-0000-0000-000000048743}
T{00000000-0000-0000-0000-00000032AD40}
F{00000000-0000-0000-0000-000000139F40}
T{00000000-0000-0000-0000-0000002C86AD}
T{00000000-0000-0000-0000-00000031D4E2}
F{00000000-0000-0000-0000-000000180B82}
F{00000000-0000-0000-0000-00000025B204}
T{00000000-0000-0000-0000-0000002009A1}
F{00000000-0000-0000-0000-0000000D0B0E}
T{00000000-0000-0000-0000-00000001100A}
F{00000000-0000-0000-0000-000000087468}
T{00000000-0000-0000-0000-0000000E64AE}
T{00000000-0000-0000-0000-0000002E9416}
T{00000000-0000-0000-0000-00000029DF30}
T{00000000-0000-0000-0000-000000296AE2}
T{00000000-0000-0000-0000-00000004D92F}
T{00000000-0000-0000-0000-00000026030F}
T{00000000-0000-0000-0000-00000026DB9A}
F{00000000-0000-0000-0000-0000002ABFF5}
F{00000000-0000-0000-0000-00000028FBBD}
T{00000000-0000-0000-0000-0000002FAC28}
T{00000000-0000-0000-0000-00000009BD2B}
T{00000000-0000-0000-0000-0000001EFA4A}
T{00000000-0000-0000-0000-0000001253E9}
F{00000000-0000-0000-0000-0000002B0555}
T{00000000-0000-0000-0000-000000006FB6}
T{00000000-0000-0000-0000-00000009E11D}
T{00000000-0000-0000-0000-00000022B68D}
T{00000000-0000-0000-0000-00000009D784}
T{00000000-0000-0000-0000-0000001C1F9A}
T{00000000-0000-0000-0000-0000001D9FF4}
T{00000000-0000-0000-0000-000000167EFD}
T{00000000-0000-0000-0000-0000003365C2}
F{00000000-0000-0000-0000-0000000E75F6}
F{00000000-0000-0000-0000-000000180A8A}
T{00000000-0000-0000-0000-00000021E439}
F{00000000-0000-0000-0000-000000164F2C}
T{00000000-0000-0000-0000-000000239333}
T{00000000-0000-0000-0000-0000002915C5}
F{00000000-0000-0000-0000-00000026A490}
T{00000000-0000-0000-0000-0000001818B0}
T{00000000-0000-0000-0000-00000019D5F5}
F{00000000-0000-0000-0000-00000014D038}
T{00000000-0000-0000-0000-00000024A9F3}
T{00000000-0000-0000-0000-00000004EB9D}
F{00000000-0000-0000-0000-0000000FD726}
T{00000000-0000-0000-0000-0000001649D9}
F{00000000-0000-0000-0000-00000008CBD3}
T{00000000-0000-0000-0000-0000000EA8F4}
T{00000000-0000-0000-0000-00000012235C}
T{00000000-0000-0000-0000-0000002EC3A1}
T{00000000-0000-0000-0000-0000002DABEA}
T{00000000-0000-0000-0000-0000000D4145}
F{00000000-0000-0000-0000-00000028C45E}
T{00000000-0000-0000-0000-00000032E57F}
T{00000000-0000-0000-0000-0000000BD680}
T{00000000-0000-0000-0000-00000005FB2F}
T{00000000-0000-0000-0000-0000000C384A}
T{00000000-0000-0000-0000-00000006AFA6}
T{00000000-0000-0000-0000-00000030E6F7}
T{00000000-0000-0000-0000-0000003053C8}
T{00000000-0000-0000-0000-000000296AE2}
T{00000000-0000-0000-0000-00000000A029}
T{00000000-0000-0000-0000-0000002D612E}
F{00000000-0000-0000-0000-00000023D05D}
T{00000000-0000-0000-0000-0000002E26E2}
T{00000000-0000-0000-0000-0000000296BC}
F{00000000-0000-0000-0000-00000006923C}
T{00000000-0000-0000-0000-00000009E6E1}
F{00000000-0000-0000-0000-0000002CD9CB}
T{00000000-0000-0000-0000-0000002C9458}
F{00000000-0000-0000-0000-0000001794A3}
F{00000000-0000-0000-0000-0000001ABA49}
F{00000000-0000-0000-0000-0000001D05EC}
F{00000000-0000-0000-0000-0000001937CB}
T{00000000-0000-0000-0000-0000000F0495}
F{00000000-0000-0000-0000-00000002971C}
F{00000000-0000-0000-0000-0000000D3A09}
T{00000000-0000-0000-0000-0000000F5F95}
T{00000000-0000-0000-0000-00000003969F}
T{00000000-0000-0000-0000-0000002600DA}
T{00000000-0000-0000-0000-000000007AE4}
T{00000000-0000-0000-0000-0000002A2B78}
T{00000000-0000-0000-0000-00000009EF12}
T{00000000-0000-0000-0000-0000002EEC74}
T{00000000-0000-0000-0000-000000061B44}
T{00000000-0000-0000-0000-0000001FDBA8}
T{00000000-0000-0000-0000-0000001059F3}
T{00000000-0000-0000-0000-0000003240D2}
T{00000000-0000-0000-0000-000000178789}
T{00000000-0000-0000-0000-00000015B60D}
F{00000000-0000-0000-0000-00000019EC18}
T{00000000-0000-0000-0000-0000002A4AC2}
T{00000000-0000-0000-0000-000000326D54}
T{00000000-0000-0000-0000-00000006ACFB}
F{00000000-0000-0000-0000-000000258539}
T{00000000-0000-0000-0000-0000000FBEBA}
F{00000000-0000-0000-0000-0000002CD6C8}
T{00000000-0000-0000-0000-0000003364DF}
T{00000000-0000-0000-0000-00000007C577}
T{00000000-0000-0000-0000-0000002A319F}
T{00000000-0000-0000-0000-0000001DE519}
T{00000000-0000-0000-0000-00000032B0D0}
T{00000000-0000-0000-0000-0000002B6D6F}
F{00000000-0000-0000-0000-0000002FEC1E}
T{00000000-0000-0000-0000-00000027F64D}
T{00000000-0000-0000-0000-00000028C612}
T{00000000-0000-0000-0000-00000026BE73}
T{00000000-0000-0000-0000-00000005C199}
T{00000000-0000-0000-0000-0000000305DF}
T{00000000-0000-0000-0000-00000019A599}
T{00000000-0000-0000-0000-00000031211F}
T{00000000-0000-0000-0000-0000001592B6}
T{00000000-0000-0000-0000-0000002A0704}
T{00000000-0000-0000-0000-00000009D5B6}
F{00000000-0000-0000-0000-00000029631A}
T{00000000-0000-0000-0000-00000028B988}
T{00000000-0000-0000-0000-00000006DB00}
T{00000000-0000-0000-0000-00000025FF03}
T{00000000-0000-0000-0000-000000164C4C}
T{00000000-0000-0000-0000-0000002FD349}
T{00000000-0000-0000-0000-0000001C1115}
F{00000000-0000-0000-0000-0000000876F9}
F{00000000-0000-0000-0000-0000003032D8}
T{00000000-0000-0000-0000-0000001916C0}
T{00000000-0000-0000-0000-000000322148}
T{00000000-0000-0000-0000-000000301C8E}
F{00000000-0000-0000-0000-00000013C022}
T{00000000-0000-0000-0000-0000002FDA09}
F{00000000-0000-0000-0000-0000000A3D45}
F{00000000-0000-0000-0000-000000324F3F}
F{00000000-0000-0000-0000-0000000AB9DD}
T{00000000-0000-0000-0000-0000001972CE}
T{00000000-0000-0000-0000-0000001D5258}
T{00000000-0000-0000-0000-0000002EC40A}
T{00000000-0000-0000-0000-0000002A7A85}
F{00000000-0000-0000-0000-000000026CA8}
T{00000000-0000-0000-0000-0000003240D2}
T{00000000-0000-0000-0000-00000004667E}
T{00000000-0000-0000-0000-0000000B7C18}
T{00000000-0000-0000-0000-000000238E03}
F{00000000-0000-0000-0000-0000000FA0F7}
T{00000000-0000-0000-0000-000000047EDA}
T{00000000-0000-0000-0000-000000145B0B}
T{00000000-0000-0000-0000-000000265352}
F{00000000-0000-0000-0000-00000001E23D}
T{00000000-0000-0000-0000-0000000360C8}
F{00000000-0000-0000-0000-0000002C99F1}
T{00000000-0000-0000-0000-0000000B8D46}
T{00000000-0000-0000-0000-0000000FA326}
T{00000000-0000-0000-0000-0000002B42AB}
T{00000000-0000-0000-0000-00000018A5AE}
F{00000000-0000-0000-0000-0000002A974A}
F{00000000-0000-0000-0000-000000271E97}
T{00000000-0000-0000-0000-0000002A99EC}
F{00000000-0000-0000-0000-0000001985BE}
T{00000000-0000-0000-0000-00000002EEBB}
T{00000000-0000-0000-0000-0000001D9FF4}
T{00000000-0000-0000-0000-00000013D4AE}
T{00000000-0000-0000-0000-000000029872}
T{00000000-0000-0000-0000-0000002C18B7}
T{00000000-0000-0000-0000-0000000A535F}
F{00000000-0000-0000-0000-000000212CBD}
F{00000000-0000-0000-0000-0000000B66A6}
T{00000000-0000-0000-0000-00000015C89F}
T{00000000-0000-0000-0000-00000010AB19}
T{00000000-0000-0000-0000-0000002A74E0}
T{00000000-0000-0000-0000-000000170039}
T{00000000-0000-0000-0000-0000001094D2}
T{00000000-0000-0000-0000-000000094458}
T{00000000-0000-0000-0000-00000026EE19}
T{00000000-0000-0000-0000-00000003CC86}
T{00000000-0000-0000-0000-00000026C3A1}
F{00000000-0000-0000-0000-0000000C134C}
T{00000000-0000-0000-0000-00000002BAC9}
T{00000000-0000-0000-0000-0000000CF3B4}
F{00000000-0000-0000-0000-00000026474E}
T{00000000-0000-0000-0000-000000234AE5}
F{00000000-0000-0000-0000-0000002789C7}
F{00000000-0000-0000-0000-00000004F5F1}
T{00000000-0000-0000-0000-00000032C384}
T{00000000-0000-0000-0000-0000000D648E}
T{00000000-0000-0000-0000-0000002DC1E2}
F{00000000-0000-0000-0000-0000001CF32C}
T{00000000-0000-0000-0000-0000001094D2}
T{00000000-0000-0000-0000-00000022F6CF}
T{00000000-0000-0000-0000-000000230376}
F{00000000-0000-0000-0000-00000026C360}
T{00000000-0000-0000-0000-0000003355D6}
T{00000000-0000-0000-0000-00000018CE0C}
F{00000000-0000-0000-0000-0000002716C8}
T{00000000-0000-0000-0000-00000015A7B3}
F{00000000-0000-0000-0000-0000003171C7}
F{00000000-0000-0000-0000-00000029BCCB}
T{00000000-0000-0000-0000-0000002EC37B}
F{00000000-0000-0000-0000-0000001445A3}
F{00000000-0000-0000-0000-0000000BF69D}
T{00000000-0000-0000-0000-00000013F4AB}
T{00000000-0000-0000-0000-00000005FC80}
T{00000000-0000-0000-0000-000000147D0B}
T{00000000-0000-0000-0000-00000030E03F}
F{00000000-0000-0000-0000-0000000A17FA}
T{00000000-0000-0000-0000-000000065757}
T{00000000-0000-0000-0000-00000009A503}
F{00000000-0000-0000-0000-0000002FA3FA}
T{00000000-0000-0000-0000-00000010F98C}
T{00000000-0000-0000-0000-0000000436E0}
T{00000000-0000-0000-0000-000000222D8F}
F{00000000-0000-0000-0000-000000028DA7}
T{00000000-0000-0000-0000-0000002BA367}
T{00000000-0000-0000-0000-0000000F09BC}
T{00000000-0000-0000-0000-000000274F31}
T{00000000-0000-0000-0000-000000073543}
T{00000000-0000-0000-0000-000000144108}
T{00000000-0000-0000-0000-00000012B1D2}
T{00000000-0000-0000-0000-000000199A5F}
T{00000000-0000-0000-0000-00000026E25F}
T{00000000-0000-0000-0000-00000021F16D}
T{00000000-0000-0000-0000-000000287466}
F{00000000-0000-0000-0000-0000002728DA}
T{00000000-0000-0000-0000-0000002ED01C}
T{00000000-0000-0000-0000-000000164226}
F{00000000-0000-0000-0000-000000263C74}
F{00000000-0000-0000-0000-000000025A62}
T{00000000-0000-0000-0000-0000000FDB15}
T{00000000-0000-0000-0000-000000138E8B}
T{00000000-0000-0000-0000-0000000C4E30}
T{00000000-0000-0000-0000-0000001771DC}
F{00000000-0000-0000-0000-0000002596A5}
F{00000000-0000-0000-0000-0000002C9209}
F{00000000-0000-0000-0000-000000249B7C}
T{00000000-0000-0000-0000-0000000DA78A}
T{00000000-0000-0000-0000-000000176874}
T{00000000-0000-0000-0000-0000001C2719}
T{00000000-0000-0000-0000-00000001A8F4}
F{00000000-0000-0000-0000-000000270DC9}
T{00000000-0000-0000-0000-00000013A7EA}
F{00000000-0000-0000-0000-00000023D0EB}
F{00000000-0000-0000-0000-0000001EA31D}
F{00000000-0000-0000-0000-0000003058FB}
T{00000000-0000-0000-0000-00000005E083}
F{00000000-0000-0000-0000-0000001734A4}
T{00000000-0000-0000-0000-000000247E6A}
F{00000000-0000-0000-0000-000000137926}
T{00000000-0000-0000-0000-000000087BAA}
F{00000000-0000-0000-0000-00000019E23D}
T{00000000-0000-0000-0000-000000272ACA}
T{00000000-0000-0000-0000-000000067170}
T{00000000-0000-0000-0000-00000007278E}
F{00000000-0000-0000-0000-000000210241}
T{00000000-0000-0000-0000-0000002DABEA}
T{00000000-0000-0000-0000-0000000D8B5B}
T{00000000-0000-0000-0000-000000265E2E}
F{00000000-0000-0000-0000-000000304479}
T{00000000-0000-0000-0000-0000001F9935}
T{00000000-0000-0000-0000-000000034649}
F{00000000-0000-0000-0000-000000119542}
T{00000000-0000-0000-0000-00000007FC7D}
T{00000000-0000-0000-0000-0000001CEA25}
T{00000000-0000-0000-0000-00000016D764}
T{00000000-0000-0000-0000-0000000EB9ED}
T{00000000-0000-0000-0000-0000001986F5}
F{00000000-0000-0000-0000-00000011D6C2}
F{00000000-0000-0000-0000-000000104231}
T{00000000-0000-0000-0000-000000268E0C}
T{00000000-0000-0000-0000-00000010A260}
T{00000000-0000-0000-0000-0000002A7AD4}
T{00000000-0000-0000-0000-000000250969}
T{00000000-0000-0000-0000-00000021F9DF}
F{00000000-0000-0000-0000-0000001C6A68}
T{00000000-0000-0000-0000-00000009D68E}
T{00000000-0000-0000-0000-000000132EF8}
T{00000000-0000-0000-0000-000000247BB0}
T{00000000-0000-0000-0000-00000011402E}
T{00000000-0000-0000-0000-000000038939}
T{00000000-0000-0000-0000-0000001A145E}
T{00000000-0000-0000-0000-000000101F0A}
T{00000000-0000-0000-0000-0000002B2A3E}
F{00000000-0000-0000-0000-00000006E673}
F{00000000-0000-0000-0000-0000001FD627}
T{00000000-0000-0000-0000-00000021EDD4}
T{00000000-0000-0000-0000-000000289E1B}
F{00000000-0000-0000-0000-0000002B0555}
F{00000000-0000-0000-0000-00000021C14B}
F{00000000-0000-0000-0000-00000009F26B}
T{00000000-0000-0000-0000-0000001817C0}
T{00000000-0000-0000-0000-0000000055B9}
F{00000000-0000-0000-0000-00000026C360}
T{00000000-0000-0000-0000-0000000F0C92}
T{00000000-0000-0000-0000-00000005F59D}
T{00000000-0000-0000-0000-0000002FC20B}
F{00000000-0000-0000-0000-0000000A857A}
F{00000000-0000-0000-0000-0000001675CD}
