F{00000000-0000-0000-0000-00000016979A}
T{00000000-0000-0000-0000-000000065A6C}
T{00000000-0000-0000-0000-00000029E7C7}
T{00000000-0000-0000-0000-00000012E67F}
T{00000000-0000-0000-0000-0000000E1586}
F{00000000-0000-0000-0000-0000000DF8B1}
T{00000000-0000-0000-0000-000000154021}
T{00000000-0000-0000-0000-0000001BE854}
T{00000000-0000-0000-0000-00000009B3FA}
T{00000000-0000-0000-0000-0000000BE0B8}
T{00000000-0000-0000-0000-0000002D073A}
T{00000000-0000-0000-0000-000000040EE1}
T{00000000-0000-0000-0000-0000000E1D57}
T{00000000-0000-0000-0000-0000000BF913}
T{00000000-0000-0000-0000-00000001CA95}
T{00000000-0000-0000-0000-0000000A1C51}
F{00000000-0000-0000-0000-0000002CE1D9}
T{00000000-0000-0000-0000-00000024C26F}
F{00000000-0000-0000-0000-00000032083C}
F{00000000-0000-0000-0000-0000001E1D24}
T{00000000-0000-0000-0000-00000031A5D4}
T{00000000-0000-0000-0000-0000000B74D4}
T{00000000-0000-0000-0000-0000001493AF}
F{00000000-0000-0000-0000-00000031EBC3}
T{00000000-0000-0000-0000-0000003134FD}
T{00000000-0000-0000-0000-0000001ECDCC}
T{00000000-0000-0000-0000-0000001445D8}
F{00000000-0000-0000-0000-0000001109EF}
T{00000000-0000-0000-0000-00000018C01E}
T{00000000-0000-0000-0000-00000025E0BE}
F{00000000-0000-0000-0000-00000025482D}
T{00000000-0000-0000-0000-00000014E663}
T{00000000-0000-0000-0000-000000097D94}
F{00000000-0000-0000-0000-00000016C567}
T{00000000-0000-0000-0000-00000004A8C3}
T{00000000-0000-0000-0000-0000000307B5}
T{00000000-0000-0000-0000-00000010C45A}
T{00000000-0000-0000-0000-00000022CDC0}
T{00000000-0000-0000-0000-000000066024}
F{00000000-0000-0000-0000-000000200778}
F{00000000-0000-0000-0000-00000021727D}
T{00000000-0000-0000-0000-00000009964D}
T{00000000-0000-0000-0000-0000000914D8}
F{00000000-0000-0000-0000-000000169CBC}
T{00000000-0000-0000-0000-00000020F52B}
T{00000000-0000-0000-0000-000000121ED0}
T{00000000-0000-0000-0000-0000002CA011}
F{00000000-0000-0000-0000-000000147DA6}
T{00000000-0000-0000-0000-00000017E663}
F{00000000-0000-0000-0000-0000000F84E7}
T{00000000-0000-0000-0000-0000001167B8}
T{00000000-0000-0000-0000-00000017E399}
F{00000000-0000-0000-0000-0000003334D3}
T{00000000-0000-0000-0000-000000089278}
T{00000000-0000-0000-0000-00000019B1D7}
F{00000000-0000-0000-0000-000000210B04}
T{00000000-0000-0000-0000-00000029C979}
F{00000000-0000-0000-0000-000000101515}
T{00000000-0000-0000-0000-00000011608D}
F{00000000-0000-0000-0000-00000001E23D}
T{00000000-0000-0000-0000-0000002F7ECA}
T{00000000-0000-0000-0000-000000148BEA}
T{00000000-0000-0000-0000-000000275CB8}
T{00000000-0000-0000-0000-00000011734E}
T{00000000-0000-0000-0000-0000000D974F}
T{00000000-0000-0000-0000-000000169E95}
T{00000000-0000-0000-0000-00000011B26F}
F{00000000-0000-0000-0000-0000000A1852}
T{00000000-0000-0000-0000-00000007563C}
F{00000000-0000-0000-0000-0000000CE9C4}
T{00000000-0000-0000-0000-0000000F1694}
T{00000000-0000-0000-0000-00000018CE0C}
F{00000000-0000-0000-0000-000000099302}
T{00000000-0000-0000-0000-000000253AA6}
T{00000000-0000-0000-0000-0000002A7A85}
F{00000000-0000-0000-0000-000000295BCF}
T{00000000-0000-0000-0000-0000000745FA}
T{00000000-0000-0000-0000-00000026D397}
T{00000000-0000-0000-0000-000000202712}
T{00000000-0000-0000-0000-0000002C83BE}
T{00000000-0000-0000-0000-000000232A87}
T{00000000-0000-0000-0000-0000001A2594}
F{00000000-0000-0000-0000-0000001B3DCD}
F{00000000-0000-0000-0000-000000250D04}
F{00000000-0000-0000-0000-000000146195}
T{00000000-0000-0000-0000-0000001B3763}
T{00000000-0000-0000-0000-00000001B108}
T{00000000-0000-0000-0000-0000001DBF7D}
T{00000000-0000-0000-0000-0000001D5AD6}
T{00000000-0000-0000-0000-0000000DBFA9}
F{00000000-0000-0000-0000-00000008DE54}
T{00000000-0000-0000-0000-0000000F0495}
F{00000000-0000-0000-0000-000000065030}
F{00000000-0000-0000-0000-0000002EB260}
T{00000000-0000-0000-0000-000000332107}
F{00000000-0000-0000-0000-00000028813D}
T{00000000-0000-0000-0000-000000096C41}
F{00000000-0000-0000-0000-00000013794F}
T{00000000-0000-0000-0000-00000026877E}
F{00000000-0000-0000-0000-0000001C000D}
F{00000000-0000-0000-0000-00000019EE3F}
T{00000000-0000-0000-0000-00000031F8CE}
F{00000000-0000-0000-0000-0000002FE035}
F{00000000-0000-0000-0000-000000155B05}
F{00000000-0000-0000-0000-0000001A63ED}
T{00000000-0000-0000-0000-0000002D5C97}
T{00000000-0000-0000-0000-000000299687}
T{00000000-0000-0000-0000-00000004A5D9}
T{00000000-0000-0000-0000-000000059063}
F{00000000-0000-0000-0000-00000021C14B}
T{00000000-0000-0000-0000-00000011FFC3}
T{00000000-0000-0000-0000-0000002AE355}
T{00000000-0000-0000-0000-000000234BEA}
F{00000000-0000-0000-0000-0000002F81C4}
F{00000000-0000-0000-0000-0000000F84E7}
F{00000000-0000-0000-0000-000000235C6F}
T{00000000-0000-0000-0000-0000001FAE7E}
F{00000000-0000-0000-0000-000000033863}
F{00000000-0000-0000-0000-0000000EF5E7}
T{00000000-0000-0000-0000-000000029C3C}
T{00000000-0000-0000-0000-000000237126}
T{00000000-0000-0000-0000-0000001E864C}
T{00000000-0000-0000-0000-0000000D4BD1}
F{00000000-0000-0000-0000-00000028C84A}
F{00000000-0000-0000-0000-0000002FE035}
T{00000000-0000-0000-0000-0000000B753E}
T{00000000-0000-0000-0000-00000008911A}
T{00000000-0000-0000-0000-0000002448D1}
F{00000000-0000-0000-0000-00000033AE6B}
F{00000000-0000-0000-0000-00000026BDC4}
T{00000000-0000-0000-0000-0000001A6729}
T{00000000-0000-0000-0000-0000000F2112}
T{00000000-0000-0000-0000-000000126400}
T{00000000-0000-0000-0000-0000002B98FA}
T{00000000-0000-0000-0000-0000001D850A}
T{00000000-0000-0000-0000-000000325592}
T{00000000-0000-0000-0000-0000001B3908}
F{00000000-0000-0000-0000-000000007ED1}
T{00000000-0000-0000-0000-000000205C4B}
T{00000000-0000-0000-0000-000000159546}
T{00000000-0000-0000-0000-00000007CA58}
T{00000000-0000-0000-0000-00000020C017}
T{00000000-0000-0000-0000-0000002C7BFD}
T{00000000-0000-0000-0000-00000005BD19}
F{00000000-0000-0000-0000-0000002ABFF5}
T{00000000-0000-0000-0000-000000158105}
F{00000000-0000-0000-0000-000000163172}
T{00000000-0000-0000-0000-0000000BF8F2}
F{00000000-0000-0000-0000-00000014AC98}
T{00000000-0000-0000-0000-0000001DBF7D}
F{00000000-0000-0000-0000-0000001FD627}
T{00000000-0000-0000-0000-000000230376}
T{00000000-0000-0000-0000-000000289AFD}
F{00000000-0000-0000-0000-0000002C60BC}
T{00000000-0000-0000-0000-000000103F45}
F{00000000-0000-0000-0000-0000002350BA}
F{00000000-0000-0000-0000-0000001EB0AE}
T{00000000-0000-0000-0000-00000021DDE9}
F{00000000-0000-0000-0000-000000213B13}
F{00000000-0000-0000-0000-0000000D5E13}
T{00000000-0000-0000-0000-00000006D98C}
F{00000000-0000-0000-0000-00000021F873}
T{00000000-0000-0000-0000-000000257885}
T{00000000-0000-0000-0000-00000023DA6C}
T{00000000-0000-0000-0000-0000000E96D9}
F{00000000-0000-0000-0000-0000001129BA}
F{00000000-0000-0000-0000-000000321513}
T{00000000-0000-0000-0000-000000097D94}
F{00000000-0000-0000-0000-000000179984}
F{00000000-0000-0000-0000-0000002AAA36}
T{00000000-0000-0000-0000-000000042E57}
T{00000000-0000-0000-0000-0000002204A2}
F{00000000-0000-0000-0000-000000105EA9}
F{00000000-0000-0000-0000-0000002B9ADC}
T{00000000-0000-0000-0000-000000275CB8}
T{00000000-0000-0000-0000-0000002C5DB2}
T{00000000-0000-0000-0000-0000002006F9}
T{00000000-0000-0000-0000-0000002B8A51}
T{00000000-0000-0000-0000-0000002DB699}
T{00000000-0000-0000-0000-00000016A760}
F{00000000-0000-0000-0000-00000008CB54}
F{00000000-0000-0000-0000-0000002468FF}
T{00000000-0000-0000-0000-000000213C92}
T{00000000-0000-0000-0000-000000222434}
F{00000000-0000-0000-0000-000000147DA5}
T{00000000-0000-0000-0000-00000023DB2C}
T{00000000-0000-0000-0000-000000326D54}
T{00000000-0000-0000-0000-0000001C41EA}
T{00000000-0000-0000-0000-0000000DB39E}
T{00000000-0000-0000-0000-000000028E2D}
T{00000000-0000-0000-0000-000000231DCD}
T{00000000-0000-0000-0000-000000060586}
F{00000000-0000-0000-0000-0000002BF197}
T{00000000-0000-0000-0000-00000002C6FB}
T{00000000-0000-0000-0000-0000000CE301}
T{00000000-0000-0000-0000-00000015A9E4}
T{00000000-0000-0000-0000-0000003253BF}
T{00000000-0000-0000-0000-000000029041}
T{00000000-0000-0000-0000-0000002ADAF8}
F{00000000-0000-0000-0000-00000027289F}
F{00000000-0000-0000-0000-00000009BBA0}
T{00000000-0000-0000-0000-0000002BE2E7}
T{00000000-0000-0000-0000-0000002CAE37}
T{00000000-0000-0000-0000-000000325A85}
T{00000000-0000-0000-0000-000000091CFD}
T{00000000-0000-0000-0000-00000020C017}
T{00000000-0000-0000-0000-0000003258FD}
T{00000000-0000-0000-0000-0000002B4638}
F{00000000-0000-0000-0000-0000002BDE42}
T{00000000-0000-0000-0000-00000010AB12}
F{00000000-0000-0000-0000-00000019B791}
F{00000000-0000-0000-0000-0000002B25A6}
F{00000000-0000-0000-0000-000000215EDC}
F{00000000-0000-0000-0000-0000000D8B5B}
T{00000000-0000-0000-0000-00000027D9C7}
T{00000000-0000-0000-0000-0000000AFD1F}
T{00000000-0000-0000-0000-000000177BC0}
T{00000000-0000-0000-0000-0000002D706C}
T{00000000-0000-0000-0000-0000002804AC}
T{00000000-0000-0000-0000-0000002FC3D8}
T{00000000-0000-0000-0000-000000042023}
T{00000000-0000-0000-0000-0000002ECC14}
T{00000000-0000-0000-0000-000000187E45}
T{00000000-0000-0000-0000-00000000F531}
T{00000000-0000-0000-0000-000000051289}
F{00000000-0000-0000-0000-0000002CACBC}
T{00000000-0000-0000-0000-0000001DD985}
T{00000000-0000-0000-0000-0000001CB8AD}
T{00000000-0000-0000-0000-0000001F2D3C}
F{00000000-0000-0000-0000-0000000A0871}
T{00000000-0000-0000-0000-0000000B736B}
T{00000000-0000-0000-0000-0000000C25CA}
T{00000000-0000-0000-0000-00000016A7D2}
T{00000000-0000-0000-0000-0000001027A2}
T{00000000-0000-0000-0000-0000002B9366}
T{00000000-0000-0000-0000-00000025439D}
T{00000000-0000-0000-0000-000000091F10}
T{00000000-0000-0000-0000-0000000DF350}
T{00000000-0000-0000-0000-00000025E0BE}
T{00000000-0000-0000-0000-00000003193E}
F{00000000-0000-0000-0000-0000001249B2}
T{00000000-0000-0000-0000-00000009A86F}
F{00000000-0000-0000-0000-00000011B6E2}
T{00000000-0000-0000-0000-00000025A6CD}
T{00000000-0000-0000-0000-0000000DEEA7}
T{00000000-0000-0000-0000-000000111BB4}
T{00000000-0000-0000-0000-000000336743}
T{00000000-0000-0000-0000-00000016F7DA}
F{00000000-0000-0000-0000-00000028EC62}
T{00000000-0000-0000-0000-0000001D36F1}
F{00000000-0000-0000-0000-00000006D3FA}
F{00000000-0000-0000-0000-0000002ACE76}
T{00000000-0000-0000-0000-0000002CFE90}
F{00000000-0000-0000-0000-0000002332F0}
F{00000000-0000-0000-0000-000000049D0E}
F{00000000-0000-0000-0000-00000002AAB8}
T{00000000-0000-0000-0000-0000002E9EED}
T{00000000-0000-0000-0000-0000001EA2B9}
T{00000000-0000-0000-0000-0000000B0FAB}
F{00000000-0000-0000-0000-0000000802A5}
F{00000000-0000-0000-0000-0000002E0E9F}
T{00000000-0000-0000-0000-000000213D22}
T{00000000-0000-0000-0000-00000016D55D}
F{00000000-0000-0000-0000-000000192034}
T{00000000-0000-0000-0000-000000316690}
T{00000000-0000-0000-0000-0000000A8CE4}
T{00000000-0000-0000-0000-0000000914D8}
T{00000000-0000-0000-0000-000000244EBD}
F{00000000-0000-0000-0000-0000000618DF}
T{00000000-0000-0000-0000-0000000C1EF0}
T{00000000-0000-0000-0000-0000002E00E8}
F{00000000-0000-0000-0000-00000006CBEB}
T{00000000-0000-0000-0000-00000016985E}
T{00000000-0000-0000-0000-00000000F1EF}
F{00000000-0000-0000-0000-0000002C9627}
T{00000000-0000-0000-0000-000000138FE7}
T{00000000-0000-0000-0000-00000029A138}
F{00000000-0000-0000-0000-000000171D96}
T{00000000-0000-0000-0000-0000000C9F3E}
T{00000000-0000-0000-0000-0000002B5B30}
F{00000000-0000-0000-0000-00000011BAB8}
T{00000000-0000-0000-0000-00000027E6AB}
T{00000000-0000-0000-0000-000000119FB4}
T{00000000-0000-0000-0000-000000014FA5}
T{00000000-0000-0000-0000-0000002AC4EE}
T{00000000-0000-0000-0000-00000019DE58}
T{00000000-0000-0000-0000-00000007D581}
F{00000000-0000-0000-0000-00000017A924}
T{00000000-0000-0000-0000-00000011BF9A}
F{00000000-0000-0000-0000-000000184B97}
T{00000000-0000-0000-0000-00000029F7D6}
F{00000000-0000-0000-0000-0000000B09BA}
F{00000000-0000-0000-0000-000000281B7B}
F{00000000-0000-0000-0000-00000030D483}
F{00000000-0000-0000-0000-0000002AAA36}
T{00000000-0000-0000-0000-000000320CD6}
F{00000000-0000-0000-0000-00000007ABFD}
T{00000000-0000-0000-0000-0000002F9B55}
T{00000000-0000-0000-0000-000000197A47}
F{00000000-0000-0000-0000-00000009AD92}
T{00000000-0000-0000-0000-0000000CE30D}
F{00000000-0000-0000-0000-000000219EFE}
T{00000000-0000-0000-0000-0000000BC544}
T{00000000-0000-0000-0000-000000088596}
T{00000000-0000-0000-0000-00000022B6B6}
T{00000000-0000-0000-0000-00000023CA7A}
F{00000000-0000-0000-0000-0000002301DA}
T{00000000-0000-0000-0000-0000000ABF57}
T{00000000-0000-0000-0000-00000006B552}
F{00000000-0000-0000-0000-000000173168}
T{00000000-0000-0000-0000-0000001C6675}
T{00000000-0000-0000-0000-00000006343D}
T{00000000-0000-0000-0000-0000001D9E77}
F{00000000-0000-0000-0000-0000001A5CA2}
T{00000000-0000-0000-0000-00000013C73C}
T{00000000-0000-0000-0000-0000000290AA}
T{00000000-0000-0000-0000-00000014930C}
T{00000000-0000-0000-0000-00000026CFA0}
F{00000000-0000-0000-0000-00000008E0F9}
F{00000000-0000-0000-0000-0000002D4012}
T{00000000-0000-0000-0000-00000001CA77}
F{00000000-0000-0000-0000-0000002C4B7E}
F{00000000-0000-0000-0000-000000222A3E}
T{00000000-0000-0000-0000-0000000683EE}
T{00000000-0000-0000-0000-0000002FC3D8}
F{00000000-0000-0000-0000-0000001B01CB}
T{00000000-0000-0000-0000-0000002E0997}
T{00000000-0000-0000-0000-000000057797}
T{00000000-0000-0000-0000-000000333ECB}
T{00000000-0000-0000-0000-0000002904BF}
T{00000000-0000-0000-0000-0000001F126B}
T{00000000-0000-0000-0000-0000002CE4BA}
T{00000000-0000-0000-0000-000000145C77}
T{00000000-0000-0000-0000-0000002EB7BA}
F{00000000-0000-0000-0000-0000002B0555}
T{00000000-0000-0000-0000-0000000C020D}
F{00000000-0000-0000-0000-00000023CDFE}
T{00000000-0000-0000-0000-0000000FA774}
F{00000000-0000-0000-0000-00000026C27D}
F{00000000-0000-0000-0000-000000271353}
F{00000000-0000-0000-0000-00000026E2D2}
T{00000000-0000-0000-0000-000000264B34}
T{00000000-0000-0000-0000-0000001EED11}
T{00000000-0000-0000-0000-000000161AE4}
F{00000000-0000-0000-0000-00000012B2DC}
F{00000000-0000-0000-0000-00000029A3FF}
T{00000000-0000-0000-0000-00000026788B}
T{00000000-0000-0000-0000-00000027CDE9}
F{00000000-0000-0000-0000-0000002B39CA}
T{00000000-0000-0000-0000-00000026A0BC}
F{00000000-0000-0000-0000-00000032686B}
F{00000000-0000-0000-0000-0000002F9E2D}
T{00000000-0000-0000-0000-0000001E7765}
T{00000000-0000-0000-0000-000000248725}
T{00000000-0000-0000-0000-00000000E67B}
T{00000000-0000-0000-0000-0000000DA58A}
T{00000000-0000-0000-0000-0000002FA016}
T{00000000-0000-0000-0000-0000001674C5}
F{00000000-0000-0000-0000-00000009CB8B}
T{00000000-0000-0000-0000-0000002B743F}
F{00000000-0000-0000-0000-00000029B017}
T{00000000-0000-0000-0000-0000000E4264}
T{00000000-0000-0000-0000-0000002C6A74}
T{00000000-0000-0000-0000-0000000BF71F}
T{00000000-0000-0000-0000-000000336743}
T{00000000-0000-0000-0000-0000000FE70A}
T{00000000-0000-0000-0000-00000020A68D}
F{00000000-0000-0000-0000-00000030C0DD}
T{00000000-0000-0000-0000-0000001A5D10}
T{00000000-0000-0000-0000-0000002DEC30}
F{00000000-0000-0000-0000-000000062238}
F{00000000-0000-0000-0000-0000000A0871}
T{00000000-0000-0000-0000-000000298E29}
T{00000000-0000-0000-0000-000000269160}
T{00000000-0000-0000-0000-0000001FE50F}
T{00000000-0000-0000-0000-00000026B6F2}
F{00000000-0000-0000-0000-00000029169E}
T{00000000-0000-0000-0000-00000007F070}
T{00000000-0000-0000-0000-0000001B52D9}
T{00000000-0000-0000-0000-0000002CD81B}
F{00000000-0000-0000-0000-0000000CF7EE}
T{00000000-0000-0000-0000-000000122E88}
T{00000000-0000-0000-0000-0000002C4D02}
T{00000000-0000-0000-0000-000000200ABC}
T{00000000-0000-0000-0000-000000150067}
F{00000000-0000-0000-0000-0000002690A8}
T{00000000-0000-0000-0000-0000001D7F60}
T{00000000-0000-0000-0000-000000007635}
T{00000000-0000-0000-0000-00000030D493}
T{00000000-0000-0000-0000-00000015B2A7}
T{00000000-0000-0000-0000-000000335262}
T{00000000-0000-0000-0000-0000002E0FBD}
T{00000000-0000-0000-0000-0000002ECC14}
T{00000000-0000-0000-0000-0000002AC1AE}
F{00000000-0000-0000-0000-000000086E8A}
T{00000000-0000-0000-0000-00000032212E}
T{00000000-0000-0000-0000-0000002A10C0}
F{00000000-0000-0000-0000-00000028AD24}
T{00000000-0000-0000-0000-00000002D5B9}
T{00000000-0000-0000-0000-0000001FAFBC}
T{00000000-0000-0000-0000-000000161AE4}
T{00000000-0000-0000-0000-0000001CB8AD}
T{00000000-0000-0000-0000-0000000316F0}
T{00000000-0000-0000-0000-0000002FDBA4}
F{00000000-0000-0000-0000-00000014DCEA}
F{00000000-0000-0000-0000-00000032379E}
T{00000000-0000-0000-0000-000000022FB5}
T{00000000-0000-0000-0000-00000009A12C}
T{00000000-0000-0000-0000-0000002461C3}
T{00000000-0000-0000-0000-0000002247F0}
F{00000000-0000-0000-0000-0000000618DF}
F{00000000-0000-0000-0000-00000016DEE7}
T{00000000-0000-0000-0000-0000000A2413}
T{00000000-0000-0000-0000-0000000D8B86}
F{00000000-0000-0000-0000-000000098DB8}
T{00000000-0000-0000-0000-000000335C46}
T{00000000-0000-0000-0000-000000005CDD}
F{00000000-0000-0000-0000-0000000FAF71}
F{00000000-0000-0000-0000-0000001C7ADD}
T{00000000-0000-0000-0000-0000000C434F}
T{00000000-0000-0000-0000-000000126939}
T{00000000-0000-0000-0000-0000000B08BD}
T{00000000-0000-0000-0000-0000001680DD}
F{00000000-0000-0000-0000-000000165F44}
F{00000000-0000-0000-0000-0000002CAD87}
T{00000000-0000-0000-0000-0000002F5553}
F{00000000-0000-0000-0000-0000001CFA3F}
F{00000000-0000-0000-0000-0000001323D1}
T{00000000-0000-0000-0000-0000000D3D3C}
T{00000000-0000-0000-0000-000000115F88}
T{00000000-0000-0000-0000-00000030BCFD}
T{00000000-0000-0000-0000-00000008B735}
F{00000000-0000-0000-0000-000000075A7C}
T{00000000-0000-0000-0000-000000029C3C}
F{00000000-0000-0000-0000-00000016FD2D}
T{00000000-0000-0000-0000-00000002BE86}
T{00000000-0000-0000-0000-00000016E022}
T{00000000-0000-0000-0000-00000008B3F6}
T{00000000-0000-0000-0000-0000002F1EA4}
T{00000000-0000-0000-0000-00000016FD2D}
T{00000000-0000-0000-0000-000000319FB1}
T{00000000-0000-0000-0000-000000202124}
T{00000000-0000-0000-0000-0000000B83A6}
F{00000000-0000-0000-0000-00000019EE3F}
T{00000000-0000-0000-0000-000000182131}
F{00000000-0000-0000-0000-00000025B204}
T{00000000-0000-0000-0000-0000001D0B46}
T{00000000-0000-0000-0000-00000026F0BD}
F{00000000-0000-0000-0000-000000040787}
T{00000000-0000-0000-0000-000000249EBF}
F{00000000-0000-0000-0000-00000028BFB0}
T{00000000-0000-0000-0000-00000002BE86}
F{00000000-0000-0000-0000-00000031F588}
T{00000000-0000-0000-0000-0000001C2198}
T{00000000-0000-0000-0000-00000014D038}
T{00000000-0000-0000-0000-000000287BCD}
T{00000000-0000-0000-0000-00000012642B}
F{00000000-0000-0000-0000-000000234D52}
T{00000000-0000-0000-0000-0000001B1CC2}
F{00000000-0000-0000-0000-0000000840E9}
F{00000000-0000-0000-0000-000000165EB8}
F{00000000-0000-0000-0000-0000001EA152}
T{00000000-0000-0000-0000-00000000CC8F}
F{00000000-0000-0000-0000-00000027068E}
T{00000000-0000-0000-0000-00000016CAB5}
T{00000000-0000-0000-0000-0000002E2FFD}
F{00000000-0000-0000-0000-000000062238}
T{00000000-0000-0000-0000-0000003069FA}
F{00000000-0000-0000-0000-0000001D6905}
T{00000000-0000-0000-0000-000000268135}
F{00000000-0000-0000-0000-000000098DC1}
T{00000000-0000-0000-0000-0000000D99AD}
F{00000000-0000-0000-0000-00000033008C}
F{00000000-0000-0000-0000-00000008B383}
T{00000000-0000-0000-0000-000000145C77}
T{00000000-0000-0000-0000-0000000E4A01}
F{00000000-0000-0000-0000-0000002B0488}
T{00000000-0000-0000-0000-000000273789}
F{00000000-0000-0000-0000-000000268E75}
F{00000000-0000-0000-0000-0000001249B2}
T{00000000-0000-0000-0000-000000170039}
F{00000000-0000-0000-0000-0000000C07E6}
T{00000000-0000-0000-0000-000000297CCA}
T{00000000-0000-0000-0000-00000032A88C}
F{00000000-0000-0000-0000-00000020548C}
T{00000000-0000-0000-0000-00000007D581}
T{00000000-0000-0000-0000-00000004808D}
T{00000000-0000-0000-0000-00000013A8DC}
T{00000000-0000-0000-0000-000000200331}
T{00000000-0000-0000-0000-00000019FBEE}
F{00000000-0000-0000-0000-000000243835}
T{00000000-0000-0000-0000-000000157438}
T{00000000-0000-0000-0000-0000002028EE}
T{00000000-0000-0000-0000-000000262EF2}
T{00000000-0000-0000-0000-0000002E0997}
T{00000000-0000-0000-0000-000000209A9C}
F{00000000-0000-0000-0000-0000002F6EB0}
F{00000000-0000-0000-0000-00000031EBC3}
T{00000000-0000-0000-0000-0000002709AF}
F{00000000-0000-0000-0000-0000001722BA}
F{00000000-0000-0000-0000-00000031C001}
T{00000000-0000-0000-0000-0000000A857A}
T{00000000-0000-0000-0000-0000002A73DD}
T{00000000-0000-0000-0000-000000140A73}
T{00000000-0000-0000-0000-0000002C8143}
T{00000000-0000-0000-0000-00000001FA50}
F{00000000-0000-0000-0000-000000200468}
F{00000000-0000-0000-0000-0000000A0350}
T{00000000-0000-0000-0000-0000000A11FC}
F{00000000-0000-0000-0000-000000242709}
F{00000000-0000-0000-0000-0000000A3CCC}
T{00000000-0000-0000-0000-00000010F4D3}
T{00000000-0000-0000-0000-0000003005DD}
T{00000000-0000-0000-0000-00000001EC73}
T{00000000-0000-0000-0000-0000002AF877}
T{00000000-0000-0000-0000-0000000C367E}
T{00000000-0000-0000-0000-0000001D3D6A}
T{00000000-0000-0000-0000-00000014D989}
F{00000000-0000-0000-0000-000000104AF3}
F{00000000-0000-0000-0000-00000017F789}
T{00000000-0000-0000-0000-0000000597D0}
T{00000000-0000-0000-0000-000000043F01}
F{00000000-0000-0000-0000-00000002A54C}
T{00000000-0000-0000-0000-000000248725}
T{00000000-0000-0000-0000-00000029A138}
T{00000000-0000-0000-0000-000000271B02}
F{00000000-0000-0000-0000-0000002F9D8A}
T{00000000-0000-0000-0000-0000001986F5}
T{00000000-0000-0000-0000-00000026BDC4}
T{00000000-0000-0000-0000-0000002F2324}
T{00000000-0000-0000-0000-000000146195}
T{00000000-0000-0000-0000-000000272702}
F{00000000-0000-0000-0000-000000105E37}
F{00000000-0000-0000-0000-000000281B23}
T{00000000-0000-0000-0000-00000015C974}
T{00000000-0000-0000-0000-0000001ECDCC}
T{00000000-0000-0000-0000-0000002B5FAB}
F{00000000-0000-0000-0000-00000006F9C6}
T{00000000-0000-0000-0000-000000168037}
F{00000000-0000-0000-0000-0000000108B3}
T{00000000-0000-0000-0000-0000001B6F03}
T{00000000-0000-0000-0000-0000000F181F}
T{00000000-0000-0000-0000-00000002B53F}
T{00000000-0000-0000-0000-000000079AC9}
F{00000000-0000-0000-0000-00000006923C}
T{00000000-0000-0000-0000-00000032AF95}
F{00000000-0000-0000-0000-0000001B2F35}
F{00000000-0000-0000-0000-000000137DBB}
T{00000000-0000-0000-0000-0000000C27A3}
F{00000000-0000-0000-0000-00000006193F}
T{00000000-0000-0000-0000-00000023E466}
T{00000000-0000-0000-0000-0000002F9A2C}
T{00000000-0000-0000-0000-000000154A0A}
T{00000000-0000-0000-0000-0000003369E7}
F{00000000-0000-0000-0000-000000173168}
T{00000000-0000-0000-0000-00000022473F}
T{00000000-0000-0000-0000-0000002EE799}
F{00000000-0000-0000-0000-00000026A6D4}
F{00000000-0000-0000-0000-000000018C66}
T{00000000-0000-0000-0000-0000002EC345}
T{00000000-0000-0000-0000-00000021D56B}
T{00000000-0000-0000-0000-0000000669F7}
F{00000000-0000-0000-0000-00000014FDFF}
T{00000000-0000-0000-0000-00000029B95B}
T{00000000-0000-0000-0000-0000000120E8}
T{00000000-0000-0000-0000-00000011AA6D}
T{00000000-0000-0000-0000-00000026405C}
T{00000000-0000-0000-0000-00000024A84D}
T{00000000-0000-0000-0000-0000001D5AD6}
T{00000000-0000-0000-0000-000000333529}
T{00000000-0000-0000-0000-000000049748}
T{00000000-0000-0000-0000-0000001EA08F}
T{00000000-0000-0000-0000-000000051289}
T{00000000-0000-0000-0000-000000013379}
T{00000000-0000-0000-0000-0000002C58D3}
T{00000000-0000-0000-0000-0000002D0022}
T{00000000-0000-0000-0000-000000171FF1}
T{00000000-0000-0000-0000-0000002D3CE4}
T{00000000-0000-0000-0000-000000056E6D}
T{00000000-0000-0000-0000-000000141F4F}
T{00000000-0000-0000-0000-00000010E1B3}
F{00000000-0000-0000-0000-00000013EDBB}
T{00000000-0000-0000-0000-00000031411F}
F{00000000-0000-0000-0000-0000002DC9A5}
T{00000000-0000-0000-0000-0000000BF333}
F{00000000-0000-0000-0000-0000002853F7}
T{00000000-0000-0000-0000-0000001FB306}
T{00000000-0000-0000-0000-000000279E52}
T{00000000-0000-0000-0000-00000024C02B}
F{00000000-0000-0000-0000-0000000C2DA1}
T{00000000-0000-0000-0000-00000029E569}
T{00000000-0000-0000-0000-00000018B027}
F{00000000-0000-0000-0000-00000010156C}
T{00000000-0000-0000-0000-000000238DED}
T{00000000-0000-0000-0000-00000020EE51}
T{00000000-0000-0000-0000-000000288E61}
T{00000000-0000-0000-0000-000000209B55}
T{00000000-0000-0000-0000-0000000A29A1}
F{00000000-0000-0000-0000-00000027F5B1}
F{00000000-0000-0000-0000-0000002CDE7C}
T{00000000-0000-0000-0000-0000000290AA}
F{00000000-0000-0000-0000-0000001C2C6B}
T{00000000-0000-0000-0000-00000023B257}
T{00000000-0000-0000-0000-000000299CC4}
T{00000000-0000-0000-0000-000000153240}
F{00000000-0000-0000-0000-000000146BA0}
T{00000000-0000-0000-0000-0000002416A6}
T{00000000-0000-0000-0000-0000000079BC}
F{00000000-0000-0000-0000-0000000EB1FB}
T{00000000-0000-0000-0000-000000335746}
T{00000000-0000-0000-0000-0000001FBB96}
F{00000000-0000-0000-0000-000000006185}
F{00000000-0000-0000-0000-0000002FD89A}
T{00000000-0000-0000-0000-000000031C4F}
F{00000000-0000-0000-0000-000000333127}
F{00000000-0000-0000-0000-0000000C838C}
F{00000000-0000-0000-0000-000000213A88}
T{00000000-0000-0000-0000-00000032B49D}
T{00000000-0000-0000-0000-0000003275C3}
F{00000000-0000-0000-0000-00000020BD3C}
T{00000000-0000-0000-0000-0000000D8D4F}
T{00000000-0000-0000-0000-00000030E9C9}
T{00000000-0000-0000-0000-000000059063}
T{00000000-0000-0000-0000-00000030E904}
F{00000000-0000-0000-0000-0000000EFCB1}
T{00000000-0000-0000-0000-0000002A35AF}
F{00000000-0000-0000-0000-0000002B38E3}
T{00000000-0000-0000-0000-0000001A9841}
T{00000000-0000-0000-0000-0000001685A8}
F{00000000-0000-0000-0000-0000001D6FB7}
T{00000000-0000-0000-0000-0000000CAFAA}
T{00000000-0000-0000-0000-00000028BC29}
T{00000000-0000-0000-0000-000000196798}
T{00000000-0000-0000-0000-000000144E9C}
T{00000000-0000-0000-0000-00000028EB39}
T{00000000-0000-0000-0000-00000005AD98}
T{00000000-0000-0000-0000-0000002736F1}
T{00000000-0000-0000-0000-000000246145}
F{00000000-0000-0000-0000-00000001DE16}
T{00000000-0000-0000-0000-0000002A893B}
T{00000000-0000-0000-0000-000000145EF4}
F{00000000-0000-0000-0000-0000000A3003}
T{00000000-0000-0000-0000-0000001B3908}
F{00000000-0000-0000-0000-0000000AFFEF}
F{00000000-0000-0000-0000-0000000D4DD9}
T{00000000-0000-0000-0000-0000001E232F}
T{00000000-0000-0000-0000-00000018D14D}
T{00000000-0000-0000-0000-0000002A1E41}
F{00000000-0000-0000-0000-00000009E1DD}
T{00000000-0000-0000-0000-000000091B3D}
T{00000000-0000-0000-0000-000000137A5B}
T{00000000-0000-0000-0000-000000014DAB}
F{00000000-0000-0000-0000-0000002B7A74}
T{00000000-0000-0000-0000-00000022D7B6}
T{00000000-0000-0000-0000-00000006C6BE}
T{00000000-0000-0000-0000-0000002D904D}
T{00000000-0000-0000-0000-0000000E12C5}
T{00000000-0000-0000-0000-0000000E33A8}
F{00000000-0000-0000-0000-000000094D3E}
T{00000000-0000-0000-0000-0000000E6457}
T{00000000-0000-0000-0000-000000047CD3}
F{00000000-0000-0000-0000-0000002EDF89}
T{00000000-0000-0000-0000-0000002B5A2A}
T{00000000-0000-0000-0000-0000001EA9F1}
T{00000000-0000-0000-0000-0000000F6C2F}
F{00000000-0000-0000-0000-0000000FEB93}
T{00000000-0000-0000-0000-0000000A9AE5}
T{00000000-0000-0000-0000-0000001DBB5A}
T{00000000-0000-0000-0000-0000001A9959}
F{00000000-0000-0000-0000-0000000D0B5F}
T{00000000-0000-0000-0000-0000000349AE}
T{00000000-0000-0000-0000-00000021D56B}
T{00000000-0000-0000-0000-0000000CDEF1}
F{00000000-0000-0000-0000-0000002C5567}
T{00000000-0000-0000-0000-000000118960}
F{00000000-0000-0000-0000-0000001BA8D0}
T{00000000-0000-0000-0000-0000001B8CDE}
T{00000000-0000-0000-0000-0000000131D3}
T{00000000-0000-0000-0000-00000004C492}
T{00000000-0000-0000-0000-0000002F7ECA}
T{00000000-0000-0000-0000-0000002A35AF}
T{00000000-0000-0000-0000-0000002ECC93}
T{00000000-0000-0000-0000-00000011734E}
F{00000000-0000-0000-0000-0000001384B6}
F{00000000-0000-0000-0000-00000018025C}
T{00000000-0000-0000-0000-000000289E7A}
T{00000000-0000-0000-0000-0000002EB572}
T{00000000-0000-0000-0000-0000000E5E8A}
T{00000000-0000-0000-0000-0000000C498D}
T{00000000-0000-0000-0000-000000023A04}
T{00000000-0000-0000-0000-00000005E440}
F{00000000-0000-0000-0000-000000145A1B}
T{00000000-0000-0000-0000-00000032746C}
T{00000000-0000-0000-0000-0000002AD8C9}
T{00000000-0000-0000-0000-000000096C07}
T{00000000-0000-0000-0000-0000001E30D2}
F{00000000-0000-0000-0000-0000002BF918}
T{00000000-0000-0000-0000-0000000FD935}
T{00000000-0000-0000-0000-00000025D311}
F{00000000-0000-0000-0000-000000282C62}
T{00000000-0000-0000-0000-00000009D671}
T{00000000-0000-0000-0000-0000002F9A20}
T{00000000-0000-0000-0000-000000007635}
T{00000000-0000-0000-0000-0000002BBF67}
T{00000000-0000-0000-0000-000000007902}
F{00000000-0000-0000-0000-0000002FA3FA}
F{00000000-0000-0000-0000-0000003025B3}
T{00000000-0000-0000-0000-0000003134EB}
T{00000000-0000-0000-0000-0000000949D0}
F{00000000-0000-0000-0000-0000001EAB7A}
F{00000000-0000-0000-0000-0000002B300E}
T{00000000-0000-0000-0000-00000008A7D5}
F{00000000-0000-0000-0000-00000007DDDE}
T{00000000-0000-0000-0000-000000339822}
T{00000000-0000-0000-0000-000000106A56}
T{00000000-0000-0000-0000-0000002A10C0}
T{00000000-0000-0000-0000-00000006703C}
T{00000000-0000-0000-0000-0000001EA743}
T{00000000-0000-0000-0000-0000001838E3}
F{00000000-0000-0000-0000-00000020C357}
T{00000000-0000-0000-0000-0000002DB274}
T{00000000-0000-0000-0000-00000022F2AA}
F{00000000-0000-0000-0000-00000014AEB7}
F{00000000-0000-0000-0000-00000000F52C}
T{00000000-0000-0000-0000-000000047342}
T{00000000-0000-0000-0000-0000000597D0}
T{00000000-0000-0000-0000-00000019F0CD}
T{00000000-0000-0000-0000-00000004DB4B}
F{00000000-0000-0000-0000-000000227154}
T{00000000-0000-0000-0000-0000001D1E66}
T{00000000-0000-0000-0000-00000004857A}
T{00000000-0000-0000-0000-0000002582A3}
T{00000000-0000-0000-0000-00000028ADFB}
T{00000000-0000-0000-0000-00000008D824}
T{00000000-0000-0000-0000-0000001BC70F}
T{00000000-0000-0000-0000-000000180C32}
F{00000000-0000-0000-0000-000000064615}
F{00000000-0000-0000-0000-0000001C43DD}
T{00000000-0000-0000-0000-0000002074A7}
F{00000000-0000-0000-0000-0000001BE187}
T{00000000-0000-0000-0000-00000011E7AD}
T{00000000-0000-0000-0000-00000020F52B}
T{00000000-0000-0000-0000-00000006FAE4}
F{00000000-0000-0000-0000-0000000D0B0E}
T{00000000-0000-0000-0000-0000002736F1}
T{00000000-0000-0000-0000-0000001A3F28}
T{00000000-0000-0000-0000-000000167FC3}
T{00000000-0000-0000-0000-0000000DAF33}
T{00000000-0000-0000-0000-0000000F4599}
T{00000000-0000-0000-0000-0000000D2E41}
T{00000000-0000-0000-0000-000000313A87}
T{00000000-0000-0000-0000-0000002E037C}
T{00000000-0000-0000-0000-0000002D0133}
F{00000000-0000-0000-0000-0000002CFCD5}
T{00000000-0000-0000-0000-0000002DB481}
F{00000000-0000-0000-0000-0000002FB7BE}
T{00000000-0000-0000-0000-0000002FE8E0}
T{00000000-0000-0000-0000-00000012B243}
T{00000000-0000-0000-0000-0000000BB3AF}
T{00000000-0000-0000-0000-00000008CBD3}
T{00000000-0000-0000-0000-00000025E04E}
T{00000000-0000-0000-0000-0000000CE38C}
T{00000000-0000-0000-0000-00000024A1FF}
F{00000000-0000-0000-0000-0000002C6554}
T{00000000-0000-0000-0000-00000010AA73}
F{00000000-0000-0000-0000-000000137926}
T{00000000-0000-0000-0000-000000044074}
T{00000000-0000-0000-0000-0000000E6457}
T{00000000-0000-0000-0000-00000007F5E6}
T{00000000-0000-0000-0000-00000011331A}
F{00000000-0000-0000-0000-0000001021B6}
T{00000000-0000-0000-0000-00000009EF12}
F{00000000-0000-0000-0000-000000333EB0}
F{00000000-0000-0000-0000-0000000F84E7}
T{00000000-0000-0000-0000-000000180B82}
T{00000000-0000-0000-0000-000000171C2F}
T{00000000-0000-0000-0000-00000002A506}
T{00000000-0000-0000-0000-000000333127}
T{00000000-0000-0000-0000-0000000278BF}
T{00000000-0000-0000-0000-0000002AF877}
T{00000000-0000-0000-0000-0000001681B3}
T{00000000-0000-0000-0000-0000000E641C}
F{00000000-0000-0000-0000-0000000FAF70}
F{00000000-0000-0000-0000-00000021B897}
T{00000000-0000-0000-0000-00000005E440}
T{00000000-0000-0000-0000-00000016BB86}
F{00000000-0000-0000-0000-0000001C6A68}
T{00000000-0000-0000-0000-00000013AEB7}
T{00000000-0000-0000-0000-000000042D20}
F{00000000-0000-0000-0000-00000032EA05}
T{00000000-0000-0000-0000-000000267527}
F{00000000-0000-0000-0000-0000002059CA}
T{00000000-0000-0000-0000-0000001726C1}
T{00000000-0000-0000-0000-0000002ED048}
F{00000000-0000-0000-0000-000000049ED1}
F{00000000-0000-0000-0000-00000024DE3A}
F{00000000-0000-0000-0000-0000002F1EF7}
T{00000000-0000-0000-0000-00000029169E}
T{00000000-0000-0000-0000-000000173265}
T{00000000-0000-0000-0000-000000016921}
