T{00000000-0000-0000-0000-0000002A9BBC}
T{00000000-0000-0000-0000-0000002BB1E4}
T{00000000-0000-0000-0000-000000046B2D}
T{00000000-0000-0000-0000-000000104E06}
F{00000000-0000-0000-0000-0000002DA425}
T{00000000-0000-0000-0000-0000000B6B56}
F{00000000-0000-0000-0000-000000043636}
T{00000000-0000-0000-0000-0000000567E6}
T{00000000-0000-0000-0000-0000000E67C9}
T{00000000-0000-0000-0000-00000033245B}
T{00000000-0000-0000-0000-000000037E74}
T{00000000-0000-0000-0000-0000002FE726}
T{00000000-0000-0000-0000-0000001017BE}
F{00000000-0000-0000-0000-000000234D52}
F{00000000-0000-0000-0000-00000016B9B3}
T{00000000-0000-0000-0000-0000001D836C}
F{00000000-0000-0000-0000-00000009AD92}
T{00000000-0000-0000-0000-00000016771A}
T{00000000-0000-0000-0000-0000002C1B8A}
T{00000000-0000-0000-0000-00000004C733}
T{00000000-0000-0000-0000-0000003116D1}
T{00000000-0000-0000-0000-000000096187}
F{00000000-0000-0000-0000-0000000ADF8A}
F{00000000-0000-0000-0000-000000183058}
T{00000000-0000-0000-0000-0000002CF0AB}
T{00000000-0000-0000-0000-00000005C4F5}
T{00000000-0000-0000-0000-000000106A56}
T{00000000-0000-0000-0000-00000011B276}
T{00000000-0000-0000-0000-0000002E4707}
T{00000000-0000-0000-0000-00000031AEB2}
T{00000000-0000-0000-0000-0000002CA2D2}
F{00000000-0000-0000-0000-0000000E6E55}
T{00000000-0000-0000-0000-00000001EC85}
T{00000000-0000-0000-0000-000000271B24}
F{00000000-0000-0000-0000-0000002D479F}
T{00000000-0000-0000-0000-000000332B33}
T{00000000-0000-0000-0000-0000000BDAE1}
T{00000000-0000-0000-0000-000000171858}
F{00000000-0000-0000-0000-00000015ABCA}
T{00000000-0000-0000-0000-0000002D2AC0}
F{00000000-0000-0000-0000-00000026F56D}
F{00000000-0000-0000-0000-000000137696}
T{00000000-0000-0000-0000-0000002AE35F}
F{00000000-0000-0000-0000-00000011BB02}
T{00000000-0000-0000-0000-0000002AE708}
T{00000000-0000-0000-0000-0000002CE4BA}
T{00000000-0000-0000-0000-0000002FBA0A}
T{00000000-0000-0000-0000-00000026195A}
T{00000000-0000-0000-0000-000000265BB6}
T{00000000-0000-0000-0000-0000000977BA}
T{00000000-0000-0000-0000-0000000FC78E}
T{00000000-0000-0000-0000-00000032A2DE}
F{00000000-0000-0000-0000-0000002A19C4}
F{00000000-0000-0000-0000-0000002B4AC5}
T{00000000-0000-0000-0000-00000009C0B8}
T{00000000-0000-0000-0000-00000002F86D}
T{00000000-0000-0000-0000-00000014A365}
F{00000000-0000-0000-0000-000000105C5B}
T{00000000-0000-0000-0000-000000042C57}
T{00000000-0000-0000-0000-00000011EAA7}
T{00000000-0000-0000-0000-000000321595}
T{00000000-0000-0000-0000-00000000F403}
F{00000000-0000-0000-0000-000000111E00}
T{00000000-0000-0000-0000-000000176DC3}
F{00000000-0000-0000-0000-000000285C2A}
F{00000000-0000-0000-0000-00000009D688}
F{00000000-0000-0000-0000-000000270CC6}
T{00000000-0000-0000-0000-000000063DF8}
F{00000000-0000-0000-0000-0000000BBAF7}
F{00000000-0000-0000-0000-0000002467BF}
T{00000000-0000-0000-0000-000000232E02}
F{00000000-0000-0000-0000-0000000F70F3}
T{00000000-0000-0000-0000-00000029AF83}
T{00000000-0000-0000-0000-00000030E71C}
T{00000000-0000-0000-0000-00000010C4BF}
T{00000000-0000-0000-0000-00000031B682}
T{00000000-0000-0000-0000-000000335636}
T{00000000-0000-0000-0000-0000000FD34A}
F{00000000-0000-0000-0000-0000002ABFF5}
F{00000000-0000-0000-0000-0000001C7B17}
T{00000000-0000-0000-0000-00000006BD98}
T{00000000-0000-0000-0000-0000001A9841}
T{00000000-0000-0000-0000-0000001441F5}
T{00000000-0000-0000-0000-000000260226}
T{00000000-0000-0000-0000-000000132581}
T{00000000-0000-0000-0000-00000005A43C}
F{00000000-0000-0000-0000-000000264DFA}
T{00000000-0000-0000-0000-00000008072A}
T{00000000-0000-0000-0000-0000000E56CD}
F{00000000-0000-0000-0000-000000062B7E}
T{00000000-0000-0000-0000-0000000A845B}
T{00000000-0000-0000-0000-00000003F9FA}
T{00000000-0000-0000-0000-0000001676A2}
T{00000000-0000-0000-0000-00000030ADFE}
T{00000000-0000-0000-0000-00000018C216}
T{00000000-0000-0000-0000-0000003136C1}
T{00000000-0000-0000-0000-0000002D98E1}
T{00000000-0000-0000-0000-0000001CAAF4}
T{00000000-0000-0000-0000-0000000D14C3}
T{00000000-0000-0000-0000-000000277A60}
T{00000000-0000-0000-0000-0000000E4AA8}
F{00000000-0000-0000-0000-000000265D9E}
T{00000000-0000-0000-0000-000000157E17}
T{00000000-0000-0000-0000-00000024C02B}
T{00000000-0000-0000-0000-0000002C6839}
F{00000000-0000-0000-0000-0000001937CB}
T{00000000-0000-0000-0000-0000000D8138}
T{00000000-0000-0000-0000-00000011EAD5}
T{00000000-0000-0000-0000-00000010DFFC}
T{00000000-0000-0000-0000-0000002C8C3A}
T{00000000-0000-0000-0000-0000001848CF}
T{00000000-0000-0000-0000-0000002B4B44}
T{00000000-0000-0000-0000-0000000324C9}
F{00000000-0000-0000-0000-0000001A143C}
T{00000000-0000-0000-0000-00000015A245}
F{00000000-0000-0000-0000-0000002C532B}
F{00000000-0000-0000-0000-00000023C6B1}
F{00000000-0000-0000-0000-000000199ECD}
F{00000000-0000-0000-0000-0000002A63DB}
F{00000000-0000-0000-0000-00000019F414}
F{00000000-0000-0000-0000-00000025B204}
T{00000000-0000-0000-0000-0000000320BD}
T{00000000-0000-0000-0000-000000060BF7}
T{00000000-0000-0000-0000-00000011B276}
T{00000000-0000-0000-0000-000000259C4C}
T{00000000-0000-0000-0000-00000023E2AE}
T{00000000-0000-0000-0000-0000001919B7}
T{00000000-0000-0000-0000-000000116C2F}
F{00000000-0000-0000-0000-000000233D90}
F{00000000-0000-0000-0000-0000001813D8}
T{00000000-0000-0000-0000-00000004E57A}
T{00000000-0000-0000-0000-00000013734D}
T{00000000-0000-0000-0000-0000002A8567}
T{00000000-0000-0000-0000-0000002FBA0A}
T{00000000-0000-0000-0000-000000042C57}
T{00000000-0000-0000-0000-000000138E8B}
T{00000000-0000-0000-0000-00000002DE79}
T{00000000-0000-0000-0000-000000030110}
T{00000000-0000-0000-0000-0000001048EA}
T{00000000-0000-0000-0000-0000001987B5}
T{00000000-0000-0000-0000-000000194740}
T{00000000-0000-0000-0000-00000021050F}
T{00000000-0000-0000-0000-00000004976E}
T{00000000-0000-0000-0000-0000002DEED3}
T{00000000-0000-0000-0000-0000000F020F}
F{00000000-0000-0000-0000-0000000BB0DD}
F{00000000-0000-0000-0000-0000002651AC}
F{00000000-0000-0000-0000-0000000F84E7}
T{00000000-0000-0000-0000-000000134138}
F{00000000-0000-0000-0000-0000002E3AB2}
T{00000000-0000-0000-0000-00000030E9C9}
T{00000000-0000-0000-0000-000000333277}
T{00000000-0000-0000-0000-0000000FD6BB}
T{00000000-0000-0000-0000-0000000E3934}
T{00000000-0000-0000-0000-0000000BAC0E}
T{00000000-0000-0000-0000-00000030B4B6}
T{00000000-0000-0000-0000-0000000D9C87}
T{00000000-0000-0000-0000-00000027AA03}
T{00000000-0000-0000-0000-0000002CD9CB}
F{00000000-0000-0000-0000-0000002361B7}
T{00000000-0000-0000-0000-00000007BDF6}
T{00000000-0000-0000-0000-0000002821FA}
T{00000000-0000-0000-0000-00000020BA87}
T{00000000-0000-0000-0000-000000218333}
T{00000000-0000-0000-0000-0000002E9416}
T{00000000-0000-0000-0000-0000001BB187}
T{00000000-0000-0000-0000-0000000A544B}
F{00000000-0000-0000-0000-000000309CB6}
T{00000000-0000-0000-0000-0000002F4C88}
T{00000000-0000-0000-0000-00000030292D}
F{00000000-0000-0000-0000-0000000316C7}
T{00000000-0000-0000-0000-00000009D671}
T{00000000-0000-0000-0000-00000023E2AE}
T{00000000-0000-0000-0000-000000119F4A}
F{00000000-0000-0000-0000-0000002AB719}
F{00000000-0000-0000-0000-0000002796A4}
F{00000000-0000-0000-0000-00000001E845}
T{00000000-0000-0000-0000-00000000AF9B}
T{00000000-0000-0000-0000-00000026C4A8}
T{00000000-0000-0000-0000-00000000E405}
T{00000000-0000-0000-0000-000000244EBD}
T{00000000-0000-0000-0000-000000095837}
T{00000000-0000-0000-0000-0000002B99C0}
T{00000000-0000-0000-0000-0000000344B7}
T{00000000-0000-0000-0000-0000001003FD}
F{00000000-0000-0000-0000-00000026DB04}
T{00000000-0000-0000-0000-0000002C1301}
T{00000000-0000-0000-0000-000000101BF4}
T{00000000-0000-0000-0000-0000001573FA}
F{00000000-0000-0000-0000-00000021F873}
T{00000000-0000-0000-0000-000000032BCD}
T{00000000-0000-0000-0000-0000001E13B9}
F{00000000-0000-0000-0000-000000033697}
F{00000000-0000-0000-0000-0000001E617C}
F{00000000-0000-0000-0000-000000223CFB}
F{00000000-0000-0000-0000-000000131CB9}
F{00000000-0000-0000-0000-00000019ED05}
T{00000000-0000-0000-0000-0000001FE649}
T{00000000-0000-0000-0000-000000114497}
T{00000000-0000-0000-0000-0000002CE461}
F{00000000-0000-0000-0000-0000001DC5DF}
F{00000000-0000-0000-0000-0000000A1C43}
T{00000000-0000-0000-0000-0000002DC50B}
T{00000000-0000-0000-0000-0000000FE70A}
T{00000000-0000-0000-0000-00000032A359}
F{00000000-0000-0000-0000-000000090B1E}
T{00000000-0000-0000-0000-000000048B95}
T{00000000-0000-0000-0000-000000333277}
F{00000000-0000-0000-0000-0000002CE21D}
T{00000000-0000-0000-0000-00000011EAB7}
T{00000000-0000-0000-0000-00000017FF51}
T{00000000-0000-0000-0000-00000000AEC0}
T{00000000-0000-0000-0000-0000000AC358}
T{00000000-0000-0000-0000-0000001A8288}
T{00000000-0000-0000-0000-00000016756C}
F{00000000-0000-0000-0000-00000009066B}
T{00000000-0000-0000-0000-0000000BDB9E}
T{00000000-0000-0000-0000-000000268158}
T{00000000-0000-0000-0000-00000006D12C}
T{00000000-0000-0000-0000-00000009308F}
T{00000000-0000-0000-0000-000000071831}
T{00000000-0000-0000-0000-00000011BAB8}
T{00000000-0000-0000-0000-0000000D8FFD}
T{00000000-0000-0000-0000-0000000A4849}
T{00000000-0000-0000-0000-00000014CFCB}
F{00000000-0000-0000-0000-0000002B2399}
T{00000000-0000-0000-0000-0000001BD339}
F{00000000-0000-0000-0000-0000001B6EF6}
F{00000000-0000-0000-0000-00000009D7F9}
T{00000000-0000-0000-0000-0000002F4D0B}
T{00000000-0000-0000-0000-000000324320}
F{00000000-0000-0000-0000-0000000BC199}
T{00000000-0000-0000-0000-0000002F3F28}
T{00000000-0000-0000-0000-0000002485D0}
F{00000000-0000-0000-0000-000000163172}
T{00000000-0000-0000-0000-000000119E20}
T{00000000-0000-0000-0000-0000000402D2}
F{00000000-0000-0000-0000-000000220326}
T{00000000-0000-0000-0000-0000002627FA}
T{00000000-0000-0000-0000-00000031E4BF}
F{00000000-0000-0000-0000-000000041E64}
T{00000000-0000-0000-0000-00000003D38D}
F{00000000-0000-0000-0000-0000000876F9}
F{00000000-0000-0000-0000-0000001C3847}
T{00000000-0000-0000-0000-0000000BABDA}
F{00000000-0000-0000-0000-0000000A4F74}
T{00000000-0000-0000-0000-0000000DECB9}
T{00000000-0000-0000-0000-000000049EE2}
T{00000000-0000-0000-0000-00000010C44E}
T{00000000-0000-0000-0000-0000000675A8}
T{00000000-0000-0000-0000-000000100841}
T{00000000-0000-0000-0000-0000001A46E2}
T{00000000-0000-0000-0000-00000021EE06}
F{00000000-0000-0000-0000-00000020279E}
T{00000000-0000-0000-0000-0000002C0B69}
F{00000000-0000-0000-0000-00000010DFF6}
T{00000000-0000-0000-0000-0000001C2ED2}
T{00000000-0000-0000-0000-0000001C284A}
T{00000000-0000-0000-0000-00000021D6AC}
T{00000000-0000-0000-0000-000000288A42}
T{00000000-0000-0000-0000-000000163CED}
T{00000000-0000-0000-0000-00000020C34D}
T{00000000-0000-0000-0000-00000006CFEC}
T{00000000-0000-0000-0000-0000000ED03A}
T{00000000-0000-0000-0000-000000038CA4}
T{00000000-0000-0000-0000-0000000C3A58}
T{00000000-0000-0000-0000-00000010AD5B}
T{00000000-0000-0000-0000-000000259C8D}
F{00000000-0000-0000-0000-000000165DA6}
T{00000000-0000-0000-0000-00000021855A}
T{00000000-0000-0000-0000-00000022E843}
T{00000000-0000-0000-0000-000000027CAD}
T{00000000-0000-0000-0000-000000321A59}
F{00000000-0000-0000-0000-000000097145}
T{00000000-0000-0000-0000-00000007557D}
F{00000000-0000-0000-0000-00000022E947}
T{00000000-0000-0000-0000-0000002D8F80}
T{00000000-0000-0000-0000-0000001FE497}
T{00000000-0000-0000-0000-000000216A40}
F{00000000-0000-0000-0000-00000006E7FF}
T{00000000-0000-0000-0000-0000002FF3C4}
F{00000000-0000-0000-0000-0000002A48F5}
T{00000000-0000-0000-0000-000000248FFC}
T{00000000-0000-0000-0000-000000164DC8}
T{00000000-0000-0000-0000-0000001B6EF6}
T{00000000-0000-0000-0000-00000004A5D9}
F{00000000-0000-0000-0000-00000031730E}
F{00000000-0000-0000-0000-00000033D7BF}
T{00000000-0000-0000-0000-0000002B25E1}
T{00000000-0000-0000-0000-0000000EC5E2}
F{00000000-0000-0000-0000-0000002DCB69}
T{00000000-0000-0000-0000-0000001CDDE7}
T{00000000-0000-0000-0000-000000278538}
F{00000000-0000-0000-0000-000000013112}
F{00000000-0000-0000-0000-0000000E15DD}
T{00000000-0000-0000-0000-00000017C301}
F{00000000-0000-0000-0000-0000002ECA3E}
T{00000000-0000-0000-0000-0000002D2D23}
F{00000000-0000-0000-0000-0000000D48CA}
F{00000000-0000-0000-0000-000000064615}
T{00000000-0000-0000-0000-00000030E1FC}
T{00000000-0000-0000-0000-0000003355E8}
T{00000000-0000-0000-0000-0000002558D5}
F{00000000-0000-0000-0000-0000000A5811}
T{00000000-0000-0000-0000-0000001579E0}
T{00000000-0000-0000-0000-0000001D11C1}
T{00000000-0000-0000-0000-0000002A8531}
T{00000000-0000-0000-0000-0000001EA021}
F{00000000-0000-0000-0000-00000016F860}
T{00000000-0000-0000-0000-00000027F2E1}
F{00000000-0000-0000-0000-0000000EB1C4}
T{00000000-0000-0000-0000-000000103CB0}
T{00000000-0000-0000-0000-0000000278E6}
F{00000000-0000-0000-0000-0000000AFFEF}
F{00000000-0000-0000-0000-0000002A7E57}
T{00000000-0000-0000-0000-00000026489E}
T{00000000-0000-0000-0000-00000012F492}
F{00000000-0000-0000-0000-0000002B79C6}
T{00000000-0000-0000-0000-0000002B512F}
T{00000000-0000-0000-0000-0000002AF553}
T{00000000-0000-0000-0000-0000000C465E}
F{00000000-0000-0000-0000-0000000FA0B1}
T{00000000-0000-0000-0000-0000003394A4}
T{00000000-0000-0000-0000-00000026B116}
T{00000000-0000-0000-0000-0000001A7F93}
F{00000000-0000-0000-0000-00000004565F}
T{00000000-0000-0000-0000-00000011B276}
F{00000000-0000-0000-0000-0000000618DF}
T{00000000-0000-0000-0000-00000005C480}
T{00000000-0000-0000-0000-00000004FBCF}
T{00000000-0000-0000-0000-00000026E9AB}
T{00000000-0000-0000-0000-0000001595DC}
F{00000000-0000-0000-0000-0000002AD098}
F{00000000-0000-0000-0000-00000014DCEA}
T{00000000-0000-0000-0000-0000000BAB2E}
F{00000000-0000-0000-0000-0000002B79C6}
F{00000000-0000-0000-0000-0000002D4012}
T{00000000-0000-0000-0000-000000200AD1}
T{00000000-0000-0000-0000-00000026D675}
T{00000000-0000-0000-0000-000000339F1B}
T{00000000-0000-0000-0000-0000001491E0}
T{00000000-0000-0000-0000-00000005694B}
T{00000000-0000-0000-0000-00000005BFDB}
T{00000000-0000-0000-0000-00000007E9F2}
F{00000000-0000-0000-0000-000000183058}
F{00000000-0000-0000-0000-000000027825}
T{00000000-0000-0000-0000-00000020C4D2}
T{00000000-0000-0000-0000-00000023E466}
F{00000000-0000-0000-0000-0000002C4EFE}
T{00000000-0000-0000-0000-0000001D7871}
T{00000000-0000-0000-0000-000000048B95}
F{00000000-0000-0000-0000-0000002BA651}
T{00000000-0000-0000-0000-0000002E6F08}
T{00000000-0000-0000-0000-000000010757}
T{00000000-0000-0000-0000-000000073E44}
F{00000000-0000-0000-0000-000000304FF3}
T{00000000-0000-0000-0000-00000018AEF2}
T{00000000-0000-0000-0000-00000001079B}
F{00000000-0000-0000-0000-00000014E3DD}
F{00000000-0000-0000-0000-000000318A4E}
T{00000000-0000-0000-0000-0000002401EB}
T{00000000-0000-0000-0000-0000001AC986}
T{00000000-0000-0000-0000-0000000D53FE}
T{00000000-0000-0000-0000-0000002D59C0}
F{00000000-0000-0000-0000-0000000A1515}
T{00000000-0000-0000-0000-000000158C73}
T{00000000-0000-0000-0000-0000003053C8}
T{00000000-0000-0000-0000-00000009E39E}
T{00000000-0000-0000-0000-000000155322}
T{00000000-0000-0000-0000-0000000BC9C5}
T{00000000-0000-0000-0000-00000013734D}
T{00000000-0000-0000-0000-00000003CC86}
T{00000000-0000-0000-0000-000000105C5B}
F{00000000-0000-0000-0000-000000053322}
F{00000000-0000-0000-0000-00000005B55A}
T{00000000-0000-0000-0000-000000141F4F}
T{00000000-0000-0000-0000-0000002D9CFD}
F{00000000-0000-0000-0000-00000031F0E6}
T{00000000-0000-0000-0000-000000155322}
T{00000000-0000-0000-0000-0000002ADA7B}
T{00000000-0000-0000-0000-0000000B648C}
F{00000000-0000-0000-0000-0000002027AB}
T{00000000-0000-0000-0000-00000032A94B}
F{00000000-0000-0000-0000-0000000C34F2}
T{00000000-0000-0000-0000-000000107C63}
T{00000000-0000-0000-0000-00000001C6D5}
F{00000000-0000-0000-0000-00000009E7CA}
T{00000000-0000-0000-0000-0000001EB396}
F{00000000-0000-0000-0000-0000001894F4}
T{00000000-0000-0000-0000-00000032E508}
F{00000000-0000-0000-0000-000000052240}
T{00000000-0000-0000-0000-000000259614}
T{00000000-0000-0000-0000-0000002C8977}
F{00000000-0000-0000-0000-0000003397F4}
T{00000000-0000-0000-0000-00000022D505}
F{00000000-0000-0000-0000-0000001D1F02}
F{00000000-0000-0000-0000-000000083408}
T{00000000-0000-0000-0000-0000000E5740}
T{00000000-0000-0000-0000-000000116200}
T{00000000-0000-0000-0000-00000000E405}
T{00000000-0000-0000-0000-00000027A92A}
T{00000000-0000-0000-0000-00000001BCF3}
F{00000000-0000-0000-0000-00000024D561}
T{00000000-0000-0000-0000-00000014C193}
T{00000000-0000-0000-0000-0000001D2101}
T{00000000-0000-0000-0000-000000077E9F}
T{00000000-0000-0000-0000-0000000AE1E0}
T{00000000-0000-0000-0000-00000007F078}
T{00000000-0000-0000-0000-00000004C251}
T{00000000-0000-0000-0000-000000287893}
F{00000000-0000-0000-0000-000000278875}
T{00000000-0000-0000-0000-0000001260DA}
T{00000000-0000-0000-0000-00000009D30D}
T{00000000-0000-0000-0000-0000000FB35D}
T{00000000-0000-0000-0000-0000000AAC87}
F{00000000-0000-0000-0000-00000024D328}
T{00000000-0000-0000-0000-000000089D5E}
T{00000000-0000-0000-0000-00000010E0E2}
T{00000000-0000-0000-0000-00000000ACA6}
T{00000000-0000-0000-0000-000000326D54}
T{00000000-0000-0000-0000-0000002C8143}
T{00000000-0000-0000-0000-0000002CFE90}
T{00000000-0000-0000-0000-00000005FD98}
T{00000000-0000-0000-0000-0000001533CE}
F{00000000-0000-0000-0000-000000077309}
T{00000000-0000-0000-0000-00000029B763}
T{00000000-0000-0000-0000-000000321A59}
T{00000000-0000-0000-0000-000000049ED1}
T{00000000-0000-0000-0000-0000001579E0}
T{00000000-0000-0000-0000-0000002016D7}
T{00000000-0000-0000-0000-0000001AF722}
F{00000000-0000-0000-0000-000000030982}
T{00000000-0000-0000-0000-0000000231D2}
T{00000000-0000-0000-0000-00000000F3F5}
T{00000000-0000-0000-0000-0000001974CD}
F{00000000-0000-0000-0000-0000002DCB69}
T{00000000-0000-0000-0000-00000029FB23}
T{00000000-0000-0000-0000-00000027F2E1}
T{00000000-0000-0000-0000-00000011E025}
T{00000000-0000-0000-0000-0000000FA768}
T{00000000-0000-0000-0000-000000212064}
T{00000000-0000-0000-0000-0000002BD465}
F{00000000-0000-0000-0000-00000017A9CA}
F{00000000-0000-0000-0000-0000000813D7}
T{00000000-0000-0000-0000-000000275CB8}
T{00000000-0000-0000-0000-000000083454}
F{00000000-0000-0000-0000-0000002AE653}
T{00000000-0000-0000-0000-00000014A365}
T{00000000-0000-0000-0000-000000263B02}
F{00000000-0000-0000-0000-000000006F18}
T{00000000-0000-0000-0000-000000238E03}
T{00000000-0000-0000-0000-00000030DFA8}
T{00000000-0000-0000-0000-000000301FD1}
T{00000000-0000-0000-0000-0000000CE38C}
F{00000000-0000-0000-0000-000000242709}
T{00000000-0000-0000-0000-0000002EF826}
T{00000000-0000-0000-0000-00000027B087}
T{00000000-0000-0000-0000-0000002C005F}
F{00000000-0000-0000-0000-0000002B054E}
T{00000000-0000-0000-0000-00000011DFE7}
T{00000000-0000-0000-0000-0000002E66A0}
F{00000000-0000-0000-0000-0000001A3598}
T{00000000-0000-0000-0000-0000000F09BC}
F{00000000-0000-0000-0000-0000002380FC}
T{00000000-0000-0000-0000-0000000EAC65}
T{00000000-0000-0000-0000-0000000F0495}
T{00000000-0000-0000-0000-0000000EBEFB}
T{00000000-0000-0000-0000-000000232F65}
F{00000000-0000-0000-0000-000000319937}
T{00000000-0000-0000-0000-0000001AAC57}
T{00000000-0000-0000-0000-0000001EA4B5}
T{00000000-0000-0000-0000-000000065CA1}
T{00000000-0000-0000-0000-00000006DB00}
T{00000000-0000-0000-0000-000000333277}
F{00000000-0000-0000-0000-0000002596A5}
F{00000000-0000-0000-0000-00000015CAE7}
T{00000000-0000-0000-0000-00000009E39E}
T{00000000-0000-0000-0000-0000000B2A43}
T{00000000-0000-0000-0000-00000023BD41}
T{00000000-0000-0000-0000-0000000AA8E8}
F{00000000-0000-0000-0000-00000017F789}
T{00000000-0000-0000-0000-00000014A2CB}
T{00000000-0000-0000-0000-000000146E07}
T{00000000-0000-0000-0000-0000001D11C1}
T{00000000-0000-0000-0000-00000008C51B}
T{00000000-0000-0000-0000-000000326B0F}
T{00000000-0000-0000-0000-00000026A1C7}
F{00000000-0000-0000-0000-00000005250C}
T{00000000-0000-0000-0000-000000091F10}
T{00000000-0000-0000-0000-000000184C86}
T{00000000-0000-0000-0000-00000019A9D7}
T{00000000-0000-0000-0000-0000000AAC87}
F{00000000-0000-0000-0000-00000006E062}
T{00000000-0000-0000-0000-000000289E1B}
F{00000000-0000-0000-0000-00000027F5B1}
T{00000000-0000-0000-0000-0000001B5C93}
T{00000000-0000-0000-0000-00000020C34D}
T{00000000-0000-0000-0000-00000011A03A}
T{00000000-0000-0000-0000-0000000B648C}
T{00000000-0000-0000-0000-0000003355D6}
F{00000000-0000-0000-0000-0000000E6E55}
T{00000000-0000-0000-0000-00000020C0E0}
F{00000000-0000-0000-0000-000000172688}
T{00000000-0000-0000-0000-0000000FB35D}
F{00000000-0000-0000-0000-0000000BBBC1}
F{00000000-0000-0000-0000-0000002C299F}
T{00000000-0000-0000-0000-00000000E7E4}
F{00000000-0000-0000-0000-00000021DFC6}
T{00000000-0000-0000-0000-0000001CCEE4}
T{00000000-0000-0000-0000-0000002F5553}
T{00000000-0000-0000-0000-0000000DB001}
F{00000000-0000-0000-0000-0000001A63ED}
T{00000000-0000-0000-0000-00000033172F}
F{00000000-0000-0000-0000-0000002FBEF4}
T{00000000-0000-0000-0000-000000202A48}
T{00000000-0000-0000-0000-0000002AC878}
T{00000000-0000-0000-0000-000000213D22}
T{00000000-0000-0000-0000-00000010AA94}
F{00000000-0000-0000-0000-0000002EFB03}
T{00000000-0000-0000-0000-000000122FE5}
F{00000000-0000-0000-0000-000000317BF8}
F{00000000-0000-0000-0000-0000000642F7}
T{00000000-0000-0000-0000-0000000F1D41}
T{00000000-0000-0000-0000-0000000B2328}
T{00000000-0000-0000-0000-00000028F0C2}
T{00000000-0000-0000-0000-00000032FABB}
T{00000000-0000-0000-0000-00000032E57F}
T{00000000-0000-0000-0000-0000000BBFFC}
T{00000000-0000-0000-0000-0000002FA1D4}
T{00000000-0000-0000-0000-0000000FC474}
T{00000000-0000-0000-0000-00000007A5F8}
T{00000000-0000-0000-0000-0000002ED088}
T{00000000-0000-0000-0000-000000035E0B}
F{00000000-0000-0000-0000-0000000CF7FF}
T{00000000-0000-0000-0000-0000000B2A43}
T{00000000-0000-0000-0000-0000001567B6}
T{00000000-0000-0000-0000-00000027C73E}
F{00000000-0000-0000-0000-000000251E83}
T{00000000-0000-0000-0000-0000000596BA}
T{00000000-0000-0000-0000-0000001AEBE7}
F{00000000-0000-0000-0000-00000031EBC3}
F{00000000-0000-0000-0000-0000002FA47F}
T{00000000-0000-0000-0000-00000001B323}
F{00000000-0000-0000-0000-0000001794A3}
F{00000000-0000-0000-0000-00000002B751}
T{00000000-0000-0000-0000-0000002CEE7E}
T{00000000-0000-0000-0000-0000002EC39C}
F{00000000-0000-0000-0000-0000000AB9DD}
T{00000000-0000-0000-0000-000000157E17}
T{00000000-0000-0000-0000-00000022384A}
T{00000000-0000-0000-0000-00000023F0DF}
T{00000000-0000-0000-0000-000000144E4D}
F{00000000-0000-0000-0000-000000145890}
T{00000000-0000-0000-0000-00000000F403}
T{00000000-0000-0000-0000-0000000B09BA}
T{00000000-0000-0000-0000-0000000056FC}
F{00000000-0000-0000-0000-0000001FFE57}
F{00000000-0000-0000-0000-00000032E49B}
F{00000000-0000-0000-0000-000000194966}
F{00000000-0000-0000-0000-00000026853A}
T{00000000-0000-0000-0000-000000216801}
T{00000000-0000-0000-0000-0000002E03A5}
F{00000000-0000-0000-0000-000000287CD1}
T{00000000-0000-0000-0000-00000018CAB9}
T{00000000-0000-0000-0000-0000001D3BAA}
T{00000000-0000-0000-0000-000000164208}
F{00000000-0000-0000-0000-000000173418}
T{00000000-0000-0000-0000-000000310439}
F{00000000-0000-0000-0000-0000003362C8}
F{00000000-0000-0000-0000-000000211054}
T{00000000-0000-0000-0000-000000097A42}
T{00000000-0000-0000-0000-00000029C14F}
T{00000000-0000-0000-0000-000000157E00}
T{00000000-0000-0000-0000-0000000A45A2}
T{00000000-0000-0000-0000-0000001A534C}
T{00000000-0000-0000-0000-0000002A4C0B}
T{00000000-0000-0000-0000-0000000FDCC9}
T{00000000-0000-0000-0000-000000006D7B}
T{00000000-0000-0000-0000-000000093C0F}
F{00000000-0000-0000-0000-0000001E6816}
F{00000000-0000-0000-0000-0000002A0033}
T{00000000-0000-0000-0000-000000029AE8}
T{00000000-0000-0000-0000-0000002027AB}
T{00000000-0000-0000-0000-000000146786}
T{00000000-0000-0000-0000-0000001AEC0B}
T{00000000-0000-0000-0000-00000030EF6D}
F{00000000-0000-0000-0000-000000141B56}
F{00000000-0000-0000-0000-0000002D609F}
T{00000000-0000-0000-0000-00000009C0BF}
T{00000000-0000-0000-0000-0000002CF090}
T{00000000-0000-0000-0000-0000001EEB68}
T{00000000-0000-0000-0000-000000249E86}
T{00000000-0000-0000-0000-00000019A0E0}
T{00000000-0000-0000-0000-0000000C020D}
T{00000000-0000-0000-0000-00000030C823}
T{00000000-0000-0000-0000-00000021E0C8}
T{00000000-0000-0000-0000-000000177755}
T{00000000-0000-0000-0000-00000021FD36}
T{00000000-0000-0000-0000-0000002A1003}
T{00000000-0000-0000-0000-0000000FEA1B}
T{00000000-0000-0000-0000-000000313A87}
T{00000000-0000-0000-0000-000000268FB4}
T{00000000-0000-0000-0000-0000002FB05B}
T{00000000-0000-0000-0000-0000001BAAE6}
F{00000000-0000-0000-0000-0000002A3408}
T{00000000-0000-0000-0000-000000211054}
T{00000000-0000-0000-0000-00000011B46F}
F{00000000-0000-0000-0000-0000001EA0F5}
F{00000000-0000-0000-0000-0000000F7D09}
T{00000000-0000-0000-0000-000000148746}
T{00000000-0000-0000-0000-00000030ADFE}
T{00000000-0000-0000-0000-00000005FB2F}
T{00000000-0000-0000-0000-000000200A89}
F{00000000-0000-0000-0000-0000002E564A}
F{00000000-0000-0000-0000-00000032BB6B}
T{00000000-0000-0000-0000-000000138934}
F{00000000-0000-0000-0000-0000000EF5E7}
T{00000000-0000-0000-0000-000000239361}
T{00000000-0000-0000-0000-0000000E96D9}
T{00000000-0000-0000-0000-00000026EF3E}
T{00000000-0000-0000-0000-00000026535B}
T{00000000-0000-0000-0000-0000001A5622}
F{00000000-0000-0000-0000-0000002B9CA9}
F{00000000-0000-0000-0000-00000019C3F6}
T{00000000-0000-0000-0000-000000335C46}
T{00000000-0000-0000-0000-00000013C73C}
F{00000000-0000-0000-0000-0000000B7EF9}
T{00000000-0000-0000-0000-000000107171}
T{00000000-0000-0000-0000-000000245263}
T{00000000-0000-0000-0000-00000022DEDC}
T{00000000-0000-0000-0000-000000036D8E}
T{00000000-0000-0000-0000-000000285B6E}
T{00000000-0000-0000-0000-0000001A5622}
T{00000000-0000-0000-0000-00000031433A}
T{00000000-0000-0000-0000-000000165F44}
T{00000000-0000-0000-0000-00000027F104}
T{00000000-0000-0000-0000-0000002A63DB}
T{00000000-0000-0000-0000-0000000C3934}
T{00000000-0000-0000-0000-0000001B1CC2}
T{00000000-0000-0000-0000-0000000A6CD0}
F{00000000-0000-0000-0000-000000287F15}
T{00000000-0000-0000-0000-0000000FA6A6}
T{00000000-0000-0000-0000-000000157446}
T{00000000-0000-0000-0000-0000001366D8}
T{00000000-0000-0000-0000-000000234DA8}
F{00000000-0000-0000-0000-000000025A62}
F{00000000-0000-0000-0000-0000002F6F2F}
T{00000000-0000-0000-0000-000000200468}
T{00000000-0000-0000-0000-00000011608D}
T{00000000-0000-0000-0000-000000317BF8}
F{00000000-0000-0000-0000-000000122CB0}
T{00000000-0000-0000-0000-00000000EF5D}
F{00000000-0000-0000-0000-000000271DD9}
T{00000000-0000-0000-0000-00000001B1A2}
F{00000000-0000-0000-0000-0000001A149B}
F{00000000-0000-0000-0000-0000000CE4C7}
F{00000000-0000-0000-0000-00000027899E}
T{00000000-0000-0000-0000-00000011693B}
T{00000000-0000-0000-0000-0000000C3E02}
T{00000000-0000-0000-0000-000000134138}
T{00000000-0000-0000-0000-000000207653}
T{00000000-0000-0000-0000-0000002A2781}
T{00000000-0000-0000-0000-00000010ABC6}
T{00000000-0000-0000-0000-0000003017AE}
F{00000000-0000-0000-0000-0000002D44C5}
T{00000000-0000-0000-0000-000000027CAD}
F{00000000-0000-0000-0000-0000002C4B21}
T{00000000-0000-0000-0000-0000000C38FB}
T{00000000-0000-0000-0000-0000002CE1D1}
T{00000000-0000-0000-0000-0000000F1799}
T{00000000-0000-0000-0000-00000032998D}
F{00000000-0000-0000-0000-0000002FDA95}
T{00000000-0000-0000-0000-000000022F81}
T{00000000-0000-0000-0000-0000000EBEF6}
T{00000000-0000-0000-0000-0000001D2479}
T{00000000-0000-0000-0000-00000010AB19}
T{00000000-0000-0000-0000-0000002751AF}
T{00000000-0000-0000-0000-0000002C7855}
F{00000000-0000-0000-0000-000000155B05}
T{00000000-0000-0000-0000-0000000ECD5A}
T{00000000-0000-0000-0000-00000006AE10}
T{00000000-0000-0000-0000-000000108E2F}
F{00000000-0000-0000-0000-00000003496E}
T{00000000-0000-0000-0000-000000238A83}
T{00000000-0000-0000-0000-00000030DFCF}
F{00000000-0000-0000-0000-00000026601E}
T{00000000-0000-0000-0000-000000107092}
T{00000000-0000-0000-0000-0000000D41C8}
T{00000000-0000-0000-0000-00000012E26D}
F{00000000-0000-0000-0000-0000003149A8}
T{00000000-0000-0000-0000-00000018AC8B}
F{00000000-0000-0000-0000-00000020D2B2}
F{00000000-0000-0000-0000-0000002B98FA}
T{00000000-0000-0000-0000-000000155322}
T{00000000-0000-0000-0000-000000225F00}
T{00000000-0000-0000-0000-0000003017AE}
T{00000000-0000-0000-0000-0000002D53FA}
T{00000000-0000-0000-0000-0000001FAE7B}
T{00000000-0000-0000-0000-0000002ADBEC}
F{00000000-0000-0000-0000-000000302768}
F{00000000-0000-0000-0000-000000148E71}
T{00000000-0000-0000-0000-0000000C25CA}
T{00000000-0000-0000-0000-000000059444}
F{00000000-0000-0000-0000-00000016BA6A}
F{00000000-0000-0000-0000-00000017574C}
T{00000000-0000-0000-0000-0000000B6B56}
T{00000000-0000-0000-0000-0000001734A4}
T{00000000-0000-0000-0000-000000155322}
F{00000000-0000-0000-0000-00000022712E}
T{00000000-0000-0000-0000-000000246145}
F{00000000-0000-0000-0000-000000031362}
T{00000000-0000-0000-0000-00000032BB22}
F{00000000-0000-0000-0000-000000187E3A}
F{00000000-0000-0000-0000-0000002167C1}
T{00000000-0000-0000-0000-0000002005AF}
T{00000000-0000-0000-0000-000000202124}
T{00000000-0000-0000-0000-000000232E02}
F{00000000-0000-0000-0000-0000002F8163}
T{00000000-0000-0000-0000-0000000F4599}
F{00000000-0000-0000-0000-0000000D8B5B}
F{00000000-0000-0000-0000-0000003150EC}
F{00000000-0000-0000-0000-0000002D536B}
T{00000000-0000-0000-0000-00000010CCD9}
T{00000000-0000-0000-0000-0000000CE209}
F{00000000-0000-0000-0000-00000017361A}
F{00000000-0000-0000-0000-0000000CE6CE}
T{00000000-0000-0000-0000-0000001E4D51}
F{00000000-0000-0000-0000-00000009BCBD}
F{00000000-0000-0000-0000-000000063A84}
T{00000000-0000-0000-0000-000000331FC2}
T{00000000-0000-0000-0000-0000000DA228}
F{00000000-0000-0000-0000-0000000D0B5F}
F{00000000-0000-0000-0000-000000006289}
T{00000000-0000-0000-0000-00000021BDD3}
T{00000000-0000-0000-0000-0000003226FF}
T{00000000-0000-0000-0000-0000001A902F}
T{00000000-0000-0000-0000-000000171396}
T{00000000-0000-0000-0000-00000024DA4C}
T{00000000-0000-0000-0000-0000002D3CE4}
T{00000000-0000-0000-0000-00000026B0CD}
T{00000000-0000-0000-0000-00000002BB0D}
T{00000000-0000-0000-0000-0000000DF4F9}
T{00000000-0000-0000-0000-0000001579E0}
T{00000000-0000-0000-0000-000000013112}
T{00000000-0000-0000-0000-00000006AE10}
F{00000000-0000-0000-0000-0000000C34F2}
F{00000000-0000-0000-0000-0000000A0350}
T{00000000-0000-0000-0000-000000019DED}
T{00000000-0000-0000-0000-0000000C1DCA}
T{00000000-0000-0000-0000-000000036D8E}
T{00000000-0000-0000-0000-00000018B369}
F{00000000-0000-0000-0000-000000245EB4}
T{00000000-0000-0000-0000-0000002D536B}
T{00000000-0000-0000-0000-000000191DB0}
F{00000000-0000-0000-0000-000000164F2C}
F{00000000-0000-0000-0000-00000006FA7E}
T{00000000-0000-0000-0000-000000254240}
T{00000000-0000-0000-0000-0000001B6F03}
T{00000000-0000-0000-0000-0000000292C7}
T{00000000-0000-0000-0000-000000310439}
T{00000000-0000-0000-0000-000000090D66}
T{00000000-0000-0000-0000-0000000F0CB2}
T{00000000-0000-0000-0000-0000002A2B78}
T{00000000-0000-0000-0000-0000000A908A}
F{00000000-0000-0000-0000-000000005759}
T{00000000-0000-0000-0000-00000003484A}
T{00000000-0000-0000-0000-0000001FC2E5}
T{00000000-0000-0000-0000-0000002D2C17}
T{00000000-0000-0000-0000-0000001BF8EE}
F{00000000-0000-0000-0000-00000023D0EB}
T{00000000-0000-0000-0000-0000001929A1}
T{00000000-0000-0000-0000-00000029D045}
T{00000000-0000-0000-0000-0000002DD1AB}
T{00000000-0000-0000-0000-00000010C4BF}
F{00000000-0000-0000-0000-000000020F85}
T{00000000-0000-0000-0000-00000000B4E0}
F{00000000-0000-0000-0000-0000000A3BDF}
T{00000000-0000-0000-0000-0000000B9A00}
T{00000000-0000-0000-0000-0000002C06EF}
T{00000000-0000-0000-0000-000000223456}
T{00000000-0000-0000-0000-000000080B29}
T{00000000-0000-0000-0000-0000000488E5}
T{00000000-0000-0000-0000-000000129A38}
F{00000000-0000-0000-0000-000000234B41}
F{00000000-0000-0000-0000-0000000FAF71}
T{00000000-0000-0000-0000-000000137A5B}
T{00000000-0000-0000-0000-000000283290}
T{00000000-0000-0000-0000-0000001A9959}
T{00000000-0000-0000-0000-0000000C4472}
T{00000000-0000-0000-0000-0000001313A8}
F{00000000-0000-0000-0000-000000048343}
T{00000000-0000-0000-0000-0000002558D5}
T{00000000-0000-0000-0000-00000013E076}
T{00000000-0000-0000-0000-0000002D40A9}
T{00000000-0000-0000-0000-00000004C261}
F{00000000-0000-0000-0000-000000040F4E}
T{00000000-0000-0000-0000-00000000E493}
F{00000000-0000-0000-0000-0000002D4F1C}
T{00000000-0000-0000-0000-0000001053EF}
T{00000000-0000-0000-0000-0000001450FF}
T{00000000-0000-0000-0000-000000141B67}
T{00000000-0000-0000-0000-00000009A50F}
T{00000000-0000-0000-0000-0000002CF075}
T{00000000-0000-0000-0000-00000018AC8B}
F{00000000-0000-0000-0000-000000095572}
F{00000000-0000-0000-0000-0000001739B0}
F{00000000-0000-0000-0000-0000002FDA95}
T{00000000-0000-0000-0000-0000001B65DD}
T{00000000-0000-0000-0000-00000000E405}
T{00000000-0000-0000-0000-000000218F1C}
T{00000000-0000-0000-0000-00000014C0C0}
T{00000000-0000-0000-0000-000000321BEE}
T{00000000-0000-0000-0000-0000000BDB9E}
T{00000000-0000-0000-0000-000000205269}
F{00000000-0000-0000-0000-0000001464E5}
T{00000000-0000-0000-0000-0000001BFE67}
T{00000000-0000-0000-0000-00000007718A}
T{00000000-0000-0000-0000-000000047EE1}
F{00000000-0000-0000-0000-000000210B04}
T{00000000-0000-0000-0000-00000032AD40}
T{00000000-0000-0000-0000-0000001FC2E5}
T{00000000-0000-0000-0000-0000001A0E82}
F{00000000-0000-0000-0000-0000000B7BDF}
T{00000000-0000-0000-0000-0000001F1353}
T{00000000-0000-0000-0000-0000001A0E82}
T{00000000-0000-0000-0000-0000002C3038}
T{00000000-0000-0000-0000-0000001E95C6}
T{00000000-0000-0000-0000-0000000114A4}
F{00000000-0000-0000-0000-000000172688}
F{00000000-0000-0000-0000-0000001672E1}
T{00000000-0000-0000-0000-0000001E13B9}
T{00000000-0000-0000-0000-000000173265}
T{00000000-0000-0000-0000-0000000FA768}
T{00000000-0000-0000-0000-00000011A9FB}
F{00000000-0000-0000-0000-000000180E2E}
T{00000000-0000-0000-0000-0000002CD9CB}
T{00000000-0000-0000-0000-0000002006F3}
F{00000000-0000-0000-0000-0000002C4B7E}
T{00000000-0000-0000-0000-0000000349AE}
T{00000000-0000-0000-0000-0000000D8E6B}
T{00000000-0000-0000-0000-0000001A6636}
F{00000000-0000-0000-0000-000000073B05}
F{00000000-0000-0000-0000-0000000C134C}
F{00000000-0000-0000-0000-0000002C4EFE}
T{00000000-0000-0000-0000-00000011BBB3}
T{00000000-0000-0000-0000-00000010D742}
T{00000000-0000-0000-0000-00000023800C}
F{00000000-0000-0000-0000-000000244C0B}
T{00000000-0000-0000-0000-00000021E310}
T{00000000-0000-0000-0000-00000003484A}
T{00000000-0000-0000-0000-0000000394D7}
T{00000000-0000-0000-0000-000000016E5C}
T{00000000-0000-0000-0000-0000000D648E}
F{00000000-0000-0000-0000-000000152BE0}
F{00000000-0000-0000-0000-000000270DC9}
T{00000000-0000-0000-0000-00000000E36B}
F{00000000-0000-0000-0000-0000000A1515}
T{00000000-0000-0000-0000-000000208FFA}
T{00000000-0000-0000-0000-00000006E5CD}
T{00000000-0000-0000-0000-00000017E663}
F{00000000-0000-0000-0000-0000000619EB}
T{00000000-0000-0000-0000-000000155977}
F{00000000-0000-0000-0000-000000184E89}
T{00000000-0000-0000-0000-0000001384B6}
T{00000000-0000-0000-0000-00000018AFAE}
T{00000000-0000-0000-0000-000000087E59}
F{00000000-0000-0000-0000-000000148E3F}
F{00000000-0000-0000-0000-0000000D55FC}
F{00000000-0000-0000-0000-000000295BCF}
T{00000000-0000-0000-0000-000000122EA0}
T{00000000-0000-0000-0000-000000120F28}
F{00000000-0000-0000-0000-0000002CDE7C}
T{00000000-0000-0000-0000-0000000EBF2A}
T{00000000-0000-0000-0000-000000048144}
T{00000000-0000-0000-0000-0000002AF5A1}
F{00000000-0000-0000-0000-000000096AB9}
T{00000000-0000-0000-0000-00000029031D}
F{00000000-0000-0000-0000-0000002F6564}
T{00000000-0000-0000-0000-0000002A2781}
F{00000000-0000-0000-0000-0000000A8C33}
F{00000000-0000-0000-0000-000000106746}
T{00000000-0000-0000-0000-000000265E2E}
T{00000000-0000-0000-0000-00000009D688}
T{00000000-0000-0000-0000-000000295FD1}
T{00000000-0000-0000-0000-0000001797C4}
F{00000000-0000-0000-0000-000000064EFA}
T{00000000-0000-0000-0000-000000208E07}
F{00000000-0000-0000-0000-0000003011F7}
T{00000000-0000-0000-0000-0000001BE854}
T{00000000-0000-0000-0000-000000265BB6}
T{00000000-0000-0000-0000-000000165B31}
T{00000000-0000-0000-0000-00000024956C}
T{00000000-0000-0000-0000-0000002B25E1}
T{00000000-0000-0000-0000-0000000ADBDD}
T{00000000-0000-0000-0000-000000262957}
T{00000000-0000-0000-0000-0000001397D0}
F{00000000-0000-0000-0000-000000267BC2}
T{00000000-0000-0000-0000-0000002DA8DC}
T{00000000-0000-0000-0000-00000003F9FA}
T{00000000-0000-0000-0000-0000000120E8}
T{00000000-0000-0000-0000-000000090D66}
T{00000000-0000-0000-0000-0000002AC51F}
F{00000000-0000-0000-0000-0000000642F7}
T{00000000-0000-0000-0000-0000000AA83A}
F{00000000-0000-0000-0000-0000003149A8}
T{00000000-0000-0000-0000-00000031312C}
F{00000000-0000-0000-0000-0000003198B3}
T{00000000-0000-0000-0000-000000163440}
F{00000000-0000-0000-0000-00000018D064}
T{00000000-0000-0000-0000-00000007F070}
T{00000000-0000-0000-0000-00000002D739}
T{00000000-0000-0000-0000-0000002005AF}
F{00000000-0000-0000-0000-00000024BF14}
T{00000000-0000-0000-0000-000000208A65}
T{00000000-0000-0000-0000-00000033397C}
F{00000000-0000-0000-0000-000000180A8A}
T{00000000-0000-0000-0000-000000116328}
T{00000000-0000-0000-0000-0000001E891C}
F{00000000-0000-0000-0000-00000023FA22}
T{00000000-0000-0000-0000-0000001629D2}
T{00000000-0000-0000-0000-00000030BCBF}
T{00000000-0000-0000-0000-0000000E67C9}
T{00000000-0000-0000-0000-000000163172}
T{00000000-0000-0000-0000-0000001D1E7E}
F{00000000-0000-0000-0000-00000031EBC3}
F{00000000-0000-0000-0000-0000002F6B7B}
F{00000000-0000-0000-0000-0000002C4782}
T{00000000-0000-0000-0000-00000006DA0D}
T{00000000-0000-0000-0000-00000025DD4B}
F{00000000-0000-0000-0000-00000026F31D}
F{00000000-0000-0000-0000-0000002796A4}
T{00000000-0000-0000-0000-000000141F4F}
T{00000000-0000-0000-0000-00000030E1FC}
F{00000000-0000-0000-0000-0000002BB1FE}
T{00000000-0000-0000-0000-0000002AFF72}
T{00000000-0000-0000-0000-00000006E7FF}
T{00000000-0000-0000-0000-00000020ED18}
T{00000000-0000-0000-0000-000000144E4D}
T{00000000-0000-0000-0000-0000000E4A01}
T{00000000-0000-0000-0000-000000064B2A}
T{00000000-0000-0000-0000-00000020026B}
T{00000000-0000-0000-0000-0000001717A2}
F{00000000-0000-0000-0000-0000000974BB}
T{00000000-0000-0000-0000-0000000F94B1}
T{00000000-0000-0000-0000-000000202A48}
T{00000000-0000-0000-0000-0000000535EC}
T{00000000-0000-0000-0000-000000008092}
F{00000000-0000-0000-0000-000000264B7B}
F{00000000-0000-0000-0000-00000020554E}
T{00000000-0000-0000-0000-000000287893}
F{00000000-0000-0000-0000-000000173168}
T{00000000-0000-0000-0000-0000002A275F}
T{00000000-0000-0000-0000-000000331C4E}
T{00000000-0000-0000-0000-0000002F9A20}
T{00000000-0000-0000-0000-0000001FC06F}
F{00000000-0000-0000-0000-00000013B0E8}
T{00000000-0000-0000-0000-00000028049F}
T{00000000-0000-0000-0000-00000029EA94}
T{00000000-0000-0000-0000-00000032E57F}
T{00000000-0000-0000-0000-0000000F020F}
T{00000000-0000-0000-0000-000000066E27}
F{00000000-0000-0000-0000-00000022E947}
T{00000000-0000-0000-0000-0000002E02A6}
T{00000000-0000-0000-0000-000000104D8A}
T{00000000-0000-0000-0000-0000000ADC23}
T{00000000-0000-0000-0000-0000002362F4}
T{00000000-0000-0000-0000-000000138989}
T{00000000-0000-0000-0000-000000210D9F}
F{00000000-0000-0000-0000-0000002B25A6}
F{00000000-0000-0000-0000-000000040787}
T{00000000-0000-0000-0000-000000313A84}
T{00000000-0000-0000-0000-0000000D4BD1}
T{00000000-0000-0000-0000-0000001366D8}
T{00000000-0000-0000-0000-0000002CAA9B}
T{00000000-0000-0000-0000-00000032998D}
F{00000000-0000-0000-0000-000000244535}
T{00000000-0000-0000-0000-0000000FBAFA}
T{00000000-0000-0000-0000-0000000DBCB6}
F{00000000-0000-0000-0000-00000009C584}
T{00000000-0000-0000-0000-000000241421}
T{00000000-0000-0000-0000-000000248637}
F{00000000-0000-0000-0000-00000029E184}
F{00000000-0000-0000-0000-0000000EBF2A}
T{00000000-0000-0000-0000-00000008ACCD}
T{00000000-0000-0000-0000-000000165C49}
T{00000000-0000-0000-0000-00000011906B}
T{00000000-0000-0000-0000-000000094B97}
F{00000000-0000-0000-0000-0000002E0E9F}
F{00000000-0000-0000-0000-000000270476}
T{00000000-0000-0000-0000-00000006634F}
F{00000000-0000-0000-0000-0000000F07A2}
T{00000000-0000-0000-0000-00000021D2CE}
T{00000000-0000-0000-0000-0000001EA152}
F{00000000-0000-0000-0000-0000002078B2}
T{00000000-0000-0000-0000-0000002E7223}
T{00000000-0000-0000-0000-000000091F10}
F{00000000-0000-0000-0000-00000005B5E6}
T{00000000-0000-0000-0000-00000007C0C0}
T{00000000-0000-0000-0000-000000028FB1}
T{00000000-0000-0000-0000-00000001C0DA}
T{00000000-0000-0000-0000-0000000CB2D4}
T{00000000-0000-0000-0000-000000218F1C}
T{00000000-0000-0000-0000-00000019A06B}
T{00000000-0000-0000-0000-0000002E6F08}
T{00000000-0000-0000-0000-0000001771DC}
T{00000000-0000-0000-0000-00000002DE79}
