F{00000000-0000-0000-0000-0000002D44C5}
T{00000000-0000-0000-0000-0000002EBBF8}
F{00000000-0000-0000-0000-00000032E994}
T{00000000-0000-0000-0000-0000000C8378}
F{00000000-0000-0000-0000-00000002AFE6}
T{00000000-0000-0000-0000-0000000ED444}
T{00000000-0000-0000-0000-0000000FBF69}
F{00000000-0000-0000-0000-00000032016B}
T{00000000-0000-0000-0000-000000250A40}
T{00000000-0000-0000-0000-0000000B2328}
T{00000000-0000-0000-0000-00000029E8B4}
T{00000000-0000-0000-0000-000000017A3B}
T{00000000-0000-0000-0000-00000025A542}
T{00000000-0000-0000-0000-000000232284}
F{00000000-0000-0000-0000-00000015BF2E}
T{00000000-0000-0000-0000-0000000E4C02}
T{00000000-0000-0000-0000-0000000535EC}
F{00000000-0000-0000-0000-000000238CD3}
T{00000000-0000-0000-0000-0000000CEE35}
T{00000000-0000-0000-0000-000000183058}
T{00000000-0000-0000-0000-0000003106ED}
T{00000000-0000-0000-0000-0000002D4345}
T{00000000-0000-0000-0000-0000002836F3}
T{00000000-0000-0000-0000-0000000A1FDC}
T{00000000-0000-0000-0000-00000002C3AA}
T{00000000-0000-0000-0000-00000025E20C}
T{00000000-0000-0000-0000-00000025217B}
T{00000000-0000-0000-0000-0000001EF69C}
T{00000000-0000-0000-0000-0000002FD962}
T{00000000-0000-0000-0000-00000022C95C}
F{00000000-0000-0000-0000-0000000C6B65}
T{00000000-0000-0000-0000-000000171C2F}
F{00000000-0000-0000-0000-0000001E1D24}
T{00000000-0000-0000-0000-000000208B0E}
T{00000000-0000-0000-0000-00000026E9AB}
T{00000000-0000-0000-0000-0000000BF913}
T{00000000-0000-0000-0000-0000002EC39C}
T{00000000-0000-0000-0000-0000000D0108}
T{00000000-0000-0000-0000-000000216AE1}
T{00000000-0000-0000-0000-0000000B1AB9}
F{00000000-0000-0000-0000-000000088247}
T{00000000-0000-0000-0000-0000001434A7}
F{00000000-0000-0000-0000-00000030D202}
F{00000000-0000-0000-0000-00000020554E}
T{00000000-0000-0000-0000-000000310E8E}
F{00000000-0000-0000-0000-00000023C6B1}
F{00000000-0000-0000-0000-0000001442CD}
T{00000000-0000-0000-0000-000000265E2E}
T{00000000-0000-0000-0000-00000028C379}
T{00000000-0000-0000-0000-000000235979}
T{00000000-0000-0000-0000-00000027D4EC}
T{00000000-0000-0000-0000-00000032FCF7}
T{00000000-0000-0000-0000-00000004ADEE}
T{00000000-0000-0000-0000-0000001C6616}
F{00000000-0000-0000-0000-0000001A63ED}
T{00000000-0000-0000-0000-00000019A437}
T{00000000-0000-0000-0000-0000000C8E35}
T{00000000-0000-0000-0000-00000023E404}
T{00000000-0000-0000-0000-000000306589}
T{00000000-0000-0000-0000-0000002DB47C}
F{00000000-0000-0000-0000-0000001AF5B8}
T{00000000-0000-0000-0000-000000218333}
T{00000000-0000-0000-0000-000000310C14}
T{00000000-0000-0000-0000-0000001DBD6C}
T{00000000-0000-0000-0000-0000001DBAF5}
F{00000000-0000-0000-0000-0000001A5588}
T{00000000-0000-0000-0000-0000000A896C}
F{00000000-0000-0000-0000-00000028E78F}
F{00000000-0000-0000-0000-0000002DA425}
F{00000000-0000-0000-0000-0000000BAC45}
T{00000000-0000-0000-0000-0000002C8F43}
T{00000000-0000-0000-0000-000000295C17}
T{00000000-0000-0000-0000-000000094D3E}
T{00000000-0000-0000-0000-0000000E773C}
T{00000000-0000-0000-0000-0000001D9DB3}
T{00000000-0000-0000-0000-000000072BEA}
T{00000000-0000-0000-0000-000000070FFB}
T{00000000-0000-0000-0000-00000022C95C}
F{00000000-0000-0000-0000-00000027BFF4}
F{00000000-0000-0000-0000-0000002D64C3}
T{00000000-0000-0000-0000-000000305281}
T{00000000-0000-0000-0000-00000003B1C4}
F{00000000-0000-0000-0000-000000007962}
T{00000000-0000-0000-0000-000000248637}
F{00000000-0000-0000-0000-0000001D3CD0}
T{00000000-0000-0000-0000-000000327C1B}
F{00000000-0000-0000-0000-0000000A5811}
F{00000000-0000-0000-0000-00000019B1B2}
T{00000000-0000-0000-0000-00000007C577}
T{00000000-0000-0000-0000-000000265BB6}
F{00000000-0000-0000-0000-00000032083C}
T{00000000-0000-0000-0000-0000000B3CE8}
F{00000000-0000-0000-0000-00000017F15A}
F{00000000-0000-0000-0000-0000002F6EB0}
T{00000000-0000-0000-0000-00000011BB02}
F{00000000-0000-0000-0000-0000002819B0}
T{00000000-0000-0000-0000-000000007899}
T{00000000-0000-0000-0000-000000044748}
T{00000000-0000-0000-0000-000000234DBA}
F{00000000-0000-0000-0000-000000020F85}
T{00000000-0000-0000-0000-000000140CF2}
T{00000000-0000-0000-0000-0000002A4C0B}
T{00000000-0000-0000-0000-000000008F83}
T{00000000-0000-0000-0000-00000033D857}
T{00000000-0000-0000-0000-00000025B204}
F{00000000-0000-0000-0000-0000001C2EBF}
F{00000000-0000-0000-0000-0000001CF779}
T{00000000-0000-0000-0000-0000002881CE}
T{00000000-0000-0000-0000-0000001637A1}
T{00000000-0000-0000-0000-00000001A851}
F{00000000-0000-0000-0000-00000017DBE5}
T{00000000-0000-0000-0000-0000002A7AE1}
F{00000000-0000-0000-0000-0000001024F5}
F{00000000-0000-0000-0000-0000000A17FA}
T{00000000-0000-0000-0000-000000118DE1}
T{00000000-0000-0000-0000-00000029D695}
F{00000000-0000-0000-0000-000000210D7D}
T{00000000-0000-0000-0000-000000245EB4}
F{00000000-0000-0000-0000-0000003149F8}
F{00000000-0000-0000-0000-0000000B1BD6}
F{00000000-0000-0000-0000-0000000EB2FC}
F{00000000-0000-0000-0000-000000054FCB}
T{00000000-0000-0000-0000-00000005EC6A}
F{00000000-0000-0000-0000-0000001023D6}
T{00000000-0000-0000-0000-0000000296BC}
T{00000000-0000-0000-0000-00000001DDFD}
T{00000000-0000-0000-0000-0000001E3D9C}
F{00000000-0000-0000-0000-00000025D9CF}
T{00000000-0000-0000-0000-00000016B0D0}
T{00000000-0000-0000-0000-0000000CE0A1}
F{00000000-0000-0000-0000-0000000DAB70}
F{00000000-0000-0000-0000-00000009C584}
T{00000000-0000-0000-0000-0000001793D4}
F{00000000-0000-0000-0000-0000002CC8D4}
F{00000000-0000-0000-0000-00000011C1D0}
T{00000000-0000-0000-0000-0000001198E7}
T{00000000-0000-0000-0000-000000248FB1}
T{00000000-0000-0000-0000-00000023BA05}
T{00000000-0000-0000-0000-000000281EFC}
F{00000000-0000-0000-0000-0000002ADDAD}
T{00000000-0000-0000-0000-000000289E7A}
T{00000000-0000-0000-0000-000000051CC8}
F{00000000-0000-0000-0000-0000002FA358}
T{00000000-0000-0000-0000-00000002F86D}
T{00000000-0000-0000-0000-0000002E6EC8}
T{00000000-0000-0000-0000-0000000E0FE9}
T{00000000-0000-0000-0000-000000081226}
T{00000000-0000-0000-0000-0000001178D3}
T{00000000-0000-0000-0000-0000001432F3}
T{00000000-0000-0000-0000-0000001711FF}
T{00000000-0000-0000-0000-0000001DE2E1}
F{00000000-0000-0000-0000-0000001C78BF}
T{00000000-0000-0000-0000-00000011D8AC}
T{00000000-0000-0000-0000-000000248A7A}
T{00000000-0000-0000-0000-000000253CAB}
F{00000000-0000-0000-0000-000000053E0D}
T{00000000-0000-0000-0000-00000015042D}
T{00000000-0000-0000-0000-000000116FCB}
T{00000000-0000-0000-0000-0000003062C5}
T{00000000-0000-0000-0000-000000237F3D}
F{00000000-0000-0000-0000-0000002A4374}
T{00000000-0000-0000-0000-00000018D66F}
T{00000000-0000-0000-0000-00000026BCC4}
T{00000000-0000-0000-0000-0000002FA1D4}
T{00000000-0000-0000-0000-00000028EF0B}
F{00000000-0000-0000-0000-000000259F1C}
F{00000000-0000-0000-0000-0000002690A8}
F{00000000-0000-0000-0000-0000002FD89A}
T{00000000-0000-0000-0000-00000000A78C}
T{00000000-0000-0000-0000-00000010DEFA}
T{00000000-0000-0000-0000-00000015C54F}
F{00000000-0000-0000-0000-0000000C1C4E}
T{00000000-0000-0000-0000-0000001EB38B}
F{00000000-0000-0000-0000-0000001B3DCD}
F{00000000-0000-0000-0000-0000002F18F4}
F{00000000-0000-0000-0000-00000016BFCF}
T{00000000-0000-0000-0000-00000031AC68}
F{00000000-0000-0000-0000-0000000C8378}
T{00000000-0000-0000-0000-000000103150}
T{00000000-0000-0000-0000-0000001818B0}
T{00000000-0000-0000-0000-000000088D2F}
F{00000000-0000-0000-0000-0000002078B2}
T{00000000-0000-0000-0000-000000069ECE}
F{00000000-0000-0000-0000-0000002F8588}
F{00000000-0000-0000-0000-0000002BC16C}
F{00000000-0000-0000-0000-00000009D63B}
T{00000000-0000-0000-0000-00000002974E}
F{00000000-0000-0000-0000-000000030FAE}
T{00000000-0000-0000-0000-0000000DE13D}
T{00000000-0000-0000-0000-000000112BA8}
T{00000000-0000-0000-0000-0000002A7AE1}
T{00000000-0000-0000-0000-00000016CF0A}
T{00000000-0000-0000-0000-000000216360}
T{00000000-0000-0000-0000-000000097636}
T{00000000-0000-0000-0000-00000010DFFC}
T{00000000-0000-0000-0000-0000000592AC}
T{00000000-0000-0000-0000-0000002D0A6E}
T{00000000-0000-0000-0000-00000000E324}
T{00000000-0000-0000-0000-00000003C9E7}
T{00000000-0000-0000-0000-0000002362F4}
F{00000000-0000-0000-0000-00000026E850}
T{00000000-0000-0000-0000-00000011BB02}
F{00000000-0000-0000-0000-000000304479}
T{00000000-0000-0000-0000-00000013E733}
T{00000000-0000-0000-0000-00000016B471}
F{00000000-0000-0000-0000-000000258366}
T{00000000-0000-0000-0000-000000216DE4}
T{00000000-0000-0000-0000-00000032B0A7}
F{00000000-0000-0000-0000-00000031243B}
T{00000000-0000-0000-0000-0000002B454C}
T{00000000-0000-0000-0000-000000276115}
T{00000000-0000-0000-0000-00000024E12A}
T{00000000-0000-0000-0000-0000001ABA49}
T{00000000-0000-0000-0000-00000007A926}
T{00000000-0000-0000-0000-0000001B3997}
F{00000000-0000-0000-0000-0000002BAC1F}
F{00000000-0000-0000-0000-00000005382D}
T{00000000-0000-0000-0000-00000031E96F}
T{00000000-0000-0000-0000-00000016A760}
T{00000000-0000-0000-0000-0000001B2E80}
T{00000000-0000-0000-0000-00000032AD40}
F{00000000-0000-0000-0000-0000002CD8A9}
T{00000000-0000-0000-0000-00000010E228}
F{00000000-0000-0000-0000-0000000A6FED}
T{00000000-0000-0000-0000-0000001AACA7}
F{00000000-0000-0000-0000-000000275B8E}
F{00000000-0000-0000-0000-0000000FA8D5}
T{00000000-0000-0000-0000-00000001EC85}
F{00000000-0000-0000-0000-000000197FB6}
F{00000000-0000-0000-0000-000000023E71}
T{00000000-0000-0000-0000-0000001727F6}
T{00000000-0000-0000-0000-0000000CF399}
T{00000000-0000-0000-0000-000000287862}
T{00000000-0000-0000-0000-00000031A88B}
F{00000000-0000-0000-0000-000000263D12}
F{00000000-0000-0000-0000-000000303F08}
T{00000000-0000-0000-0000-0000001BD3E4}
T{00000000-0000-0000-0000-0000000D8B86}
T{00000000-0000-0000-0000-00000024E933}
T{00000000-0000-0000-0000-000000105F74}
F{00000000-0000-0000-0000-0000000AFBED}
T{00000000-0000-0000-0000-00000032DB22}
T{00000000-0000-0000-0000-000000130A01}
T{00000000-0000-0000-0000-00000004565F}
T{00000000-0000-0000-0000-0000001D431B}
F{00000000-0000-0000-0000-000000065156}
T{00000000-0000-0000-0000-000000130738}
T{00000000-0000-0000-0000-0000002FC3D8}
F{00000000-0000-0000-0000-0000000A1C43}
T{00000000-0000-0000-0000-00000011DA84}
T{00000000-0000-0000-0000-00000000E507}
T{00000000-0000-0000-0000-0000000DAC95}
T{00000000-0000-0000-0000-000000010D53}
F{00000000-0000-0000-0000-00000013B91E}
T{00000000-0000-0000-0000-00000000E324}
T{00000000-0000-0000-0000-0000000F098A}
T{00000000-0000-0000-0000-0000000C8378}
F{00000000-0000-0000-0000-00000023D05D}
T{00000000-0000-0000-0000-0000001C724C}
T{00000000-0000-0000-0000-00000000604F}
T{00000000-0000-0000-0000-0000000315B1}
T{00000000-0000-0000-0000-0000000DAC95}
F{00000000-0000-0000-0000-00000001B531}
T{00000000-0000-0000-0000-0000002D0AAD}
T{00000000-0000-0000-0000-0000000FAFFA}
T{00000000-0000-0000-0000-0000000D41C8}
T{00000000-0000-0000-0000-00000010AA73}
F{00000000-0000-0000-0000-000000065080}
T{00000000-0000-0000-0000-000000243055}
F{00000000-0000-0000-0000-00000021B769}
T{00000000-0000-0000-0000-00000009C51A}
T{00000000-0000-0000-0000-00000032D262}
T{00000000-0000-0000-0000-0000002BC16C}
F{00000000-0000-0000-0000-000000039812}
F{00000000-0000-0000-0000-000000113245}
F{00000000-0000-0000-0000-0000002B7A74}
T{00000000-0000-0000-0000-0000000E7830}
T{00000000-0000-0000-0000-000000216892}
T{00000000-0000-0000-0000-000000274E03}
T{00000000-0000-0000-0000-00000026FC5A}
T{00000000-0000-0000-0000-00000017DCB4}
T{00000000-0000-0000-0000-0000002AD855}
T{00000000-0000-0000-0000-000000029D4F}
T{00000000-0000-0000-0000-00000025B204}
F{00000000-0000-0000-0000-00000026928C}
T{00000000-0000-0000-0000-00000008A1FF}
F{00000000-0000-0000-0000-0000000A9334}
T{00000000-0000-0000-0000-0000000BAB2E}
F{00000000-0000-0000-0000-0000000CE641}
F{00000000-0000-0000-0000-0000000A3974}
T{00000000-0000-0000-0000-00000029FC3C}
F{00000000-0000-0000-0000-00000011C1D0}
F{00000000-0000-0000-0000-0000001DE733}
T{00000000-0000-0000-0000-00000007EFDF}
T{00000000-0000-0000-0000-00000030C823}
F{00000000-0000-0000-0000-000000062238}
T{00000000-0000-0000-0000-0000000B1764}
T{00000000-0000-0000-0000-0000001F9A3A}
T{00000000-0000-0000-0000-0000000D3BC0}
T{00000000-0000-0000-0000-00000005F74F}
T{00000000-0000-0000-0000-0000001E8634}
T{00000000-0000-0000-0000-0000000101CA}
T{00000000-0000-0000-0000-00000016331E}
F{00000000-0000-0000-0000-0000000594F5}
T{00000000-0000-0000-0000-00000006C895}
T{00000000-0000-0000-0000-000000259C4C}
T{00000000-0000-0000-0000-000000278C6E}
F{00000000-0000-0000-0000-000000184E89}
T{00000000-0000-0000-0000-0000000DFAF5}
T{00000000-0000-0000-0000-00000033AF04}
T{00000000-0000-0000-0000-0000002B3C5D}
F{00000000-0000-0000-0000-0000000CF2D0}
T{00000000-0000-0000-0000-00000029A5E0}
T{00000000-0000-0000-0000-00000031670E}
F{00000000-0000-0000-0000-000000321513}
T{00000000-0000-0000-0000-000000215BF5}
T{00000000-0000-0000-0000-000000083D43}
T{00000000-0000-0000-0000-0000002A7743}
T{00000000-0000-0000-0000-000000211054}
T{00000000-0000-0000-0000-0000000FA4B3}
F{00000000-0000-0000-0000-000000197FB6}
F{00000000-0000-0000-0000-0000000D3A09}
T{00000000-0000-0000-0000-0000001B5C70}
F{00000000-0000-0000-0000-000000231277}
T{00000000-0000-0000-0000-0000002EB569}
F{00000000-0000-0000-0000-0000000310A3}
T{00000000-0000-0000-0000-0000000B1764}
F{00000000-0000-0000-0000-0000002C95F6}
T{00000000-0000-0000-0000-00000005C078}
T{00000000-0000-0000-0000-00000029AAEE}
F{00000000-0000-0000-0000-0000000B1084}
T{00000000-0000-0000-0000-00000025A498}
T{00000000-0000-0000-0000-000000212064}
T{00000000-0000-0000-0000-00000000711B}
F{00000000-0000-0000-0000-000000108BD7}
F{00000000-0000-0000-0000-000000308796}
F{00000000-0000-0000-0000-000000164F2C}
F{00000000-0000-0000-0000-00000006308D}
T{00000000-0000-0000-0000-00000026BEA4}
T{00000000-0000-0000-0000-0000000349AE}
T{00000000-0000-0000-0000-00000005394F}
F{00000000-0000-0000-0000-0000000D4DD9}
T{00000000-0000-0000-0000-0000002E4CBC}
T{00000000-0000-0000-0000-00000023BA05}
T{00000000-0000-0000-0000-00000007B89D}
T{00000000-0000-0000-0000-0000001D5AD6}
T{00000000-0000-0000-0000-00000002D109}
T{00000000-0000-0000-0000-000000015FC7}
T{00000000-0000-0000-0000-0000002ECC1F}
T{00000000-0000-0000-0000-00000008E0F9}
T{00000000-0000-0000-0000-0000002F4A5C}
T{00000000-0000-0000-0000-0000000C18FD}
T{00000000-0000-0000-0000-0000000B74D4}
F{00000000-0000-0000-0000-000000053A0F}
T{00000000-0000-0000-0000-0000000B7EF9}
T{00000000-0000-0000-0000-000000124F32}
T{00000000-0000-0000-0000-0000001A51BE}
T{00000000-0000-0000-0000-00000032FA21}
F{00000000-0000-0000-0000-0000000B0FEF}
T{00000000-0000-0000-0000-0000002AE3DC}
F{00000000-0000-0000-0000-00000028C1E1}
F{00000000-0000-0000-0000-000000222415}
T{00000000-0000-0000-0000-0000002EB3BB}
T{00000000-0000-0000-0000-0000000ADBDD}
T{00000000-0000-0000-0000-000000234D27}
F{00000000-0000-0000-0000-00000016B9B3}
T{00000000-0000-0000-0000-0000001351B9}
T{00000000-0000-0000-0000-0000000A0A04}
T{00000000-0000-0000-0000-00000022F19E}
T{00000000-0000-0000-0000-00000024296B}
F{00000000-0000-0000-0000-0000002103D8}
F{00000000-0000-0000-0000-000000210B04}
T{00000000-0000-0000-0000-000000222C51}
T{00000000-0000-0000-0000-00000032E5A4}
F{00000000-0000-0000-0000-00000013EDBB}
F{00000000-0000-0000-0000-00000026A490}
T{00000000-0000-0000-0000-0000002DABEA}
F{00000000-0000-0000-0000-000000031168}
T{00000000-0000-0000-0000-0000002FF3C4}
F{00000000-0000-0000-0000-0000000DDC55}
F{00000000-0000-0000-0000-0000002E4C7F}
T{00000000-0000-0000-0000-000000047342}
T{00000000-0000-0000-0000-00000005F722}
T{00000000-0000-0000-0000-000000057DF4}
F{00000000-0000-0000-0000-00000002AFE6}
T{00000000-0000-0000-0000-0000003142C0}
F{00000000-0000-0000-0000-00000023CF03}
T{00000000-0000-0000-0000-0000002754F6}
T{00000000-0000-0000-0000-0000002C60BC}
T{00000000-0000-0000-0000-0000002CC5D5}
T{00000000-0000-0000-0000-00000019D080}
T{00000000-0000-0000-0000-00000022672C}
T{00000000-0000-0000-0000-000000210F79}
T{00000000-0000-0000-0000-00000000F4CC}
T{00000000-0000-0000-0000-00000004CD16}
F{00000000-0000-0000-0000-000000270476}
T{00000000-0000-0000-0000-000000137E88}
T{00000000-0000-0000-0000-0000001ABA49}
T{00000000-0000-0000-0000-000000049F92}
T{00000000-0000-0000-0000-000000094A6A}
T{00000000-0000-0000-0000-0000001E4D43}
T{00000000-0000-0000-0000-0000002734C4}
T{00000000-0000-0000-0000-00000024C2C4}
T{00000000-0000-0000-0000-00000001B531}
T{00000000-0000-0000-0000-00000021F9DF}
F{00000000-0000-0000-0000-0000000F6F30}
T{00000000-0000-0000-0000-0000002878A4}
T{00000000-0000-0000-0000-0000000F3FCF}
F{00000000-0000-0000-0000-0000001249B2}
T{00000000-0000-0000-0000-00000019603B}
T{00000000-0000-0000-0000-0000002429C2}
F{00000000-0000-0000-0000-000000199ECD}
F{00000000-0000-0000-0000-000000321648}
T{00000000-0000-0000-0000-0000001DCD3B}
T{00000000-0000-0000-0000-000000106D7C}
F{00000000-0000-0000-0000-0000002301DA}
T{00000000-0000-0000-0000-00000000E324}
T{00000000-0000-0000-0000-000000130A01}
T{00000000-0000-0000-0000-0000002442CE}
T{00000000-0000-0000-0000-000000022FDF}
T{00000000-0000-0000-0000-000000072ADD}
F{00000000-0000-0000-0000-0000001C767C}
T{00000000-0000-0000-0000-000000067F41}
F{00000000-0000-0000-0000-0000001E7066}
T{00000000-0000-0000-0000-00000029F5E5}
T{00000000-0000-0000-0000-0000000882A8}
T{00000000-0000-0000-0000-000000028E4A}
T{00000000-0000-0000-0000-000000032BCD}
F{00000000-0000-0000-0000-00000026F0BD}
T{00000000-0000-0000-0000-00000003C048}
F{00000000-0000-0000-0000-0000000FD4D9}
T{00000000-0000-0000-0000-0000001D9D0E}
T{00000000-0000-0000-0000-000000335ECE}
F{00000000-0000-0000-0000-00000020C7F6}
F{00000000-0000-0000-0000-0000000F9EC8}
F{00000000-0000-0000-0000-0000002AD2A1}
T{00000000-0000-0000-0000-00000005C078}
T{00000000-0000-0000-0000-0000002AA350}
T{00000000-0000-0000-0000-000000007362}
F{00000000-0000-0000-0000-00000020BD3C}
F{00000000-0000-0000-0000-00000011EAA7}
F{00000000-0000-0000-0000-000000106266}
F{00000000-0000-0000-0000-00000001E845}
T{00000000-0000-0000-0000-0000000B2465}
T{00000000-0000-0000-0000-0000003309DE}
T{00000000-0000-0000-0000-00000013ECB4}
T{00000000-0000-0000-0000-00000029631A}
T{00000000-0000-0000-0000-0000000B0FB5}
T{00000000-0000-0000-0000-0000000EEBC6}
F{00000000-0000-0000-0000-00000029CB1D}
F{00000000-0000-0000-0000-0000002471BA}
T{00000000-0000-0000-0000-000000270979}
T{00000000-0000-0000-0000-00000011A8E9}
T{00000000-0000-0000-0000-00000032A318}
T{00000000-0000-0000-0000-000000202FBE}
F{00000000-0000-0000-0000-0000002512F9}
T{00000000-0000-0000-0000-00000020A907}
F{00000000-0000-0000-0000-000000171CEF}
T{00000000-0000-0000-0000-000000121E50}
T{00000000-0000-0000-0000-000000294121}
T{00000000-0000-0000-0000-00000011D8AC}
F{00000000-0000-0000-0000-0000000C34F2}
T{00000000-0000-0000-0000-0000002F5359}
T{00000000-0000-0000-0000-0000001B1CC2}
T{00000000-0000-0000-0000-00000002EB21}
T{00000000-0000-0000-0000-00000018D54C}
F{00000000-0000-0000-0000-000000263C74}
T{00000000-0000-0000-0000-00000030AD9D}
T{00000000-0000-0000-0000-0000000689A3}
T{00000000-0000-0000-0000-000000122E88}
F{00000000-0000-0000-0000-000000052240}
F{00000000-0000-0000-0000-0000000316C7}
F{00000000-0000-0000-0000-00000032B96F}
T{00000000-0000-0000-0000-00000028335F}
T{00000000-0000-0000-0000-00000010DFF6}
F{00000000-0000-0000-0000-0000000C29E6}
T{00000000-0000-0000-0000-0000001F0AC9}
T{00000000-0000-0000-0000-000000031925}
F{00000000-0000-0000-0000-000000119D7B}
T{00000000-0000-0000-0000-00000030C0DD}
T{00000000-0000-0000-0000-000000075977}
T{00000000-0000-0000-0000-000000299A46}
T{00000000-0000-0000-0000-000000108C87}
F{00000000-0000-0000-0000-00000033A574}
F{00000000-0000-0000-0000-0000002CAD87}
F{00000000-0000-0000-0000-00000017158F}
F{00000000-0000-0000-0000-0000000305DE}
F{00000000-0000-0000-0000-000000231277}
F{00000000-0000-0000-0000-00000024CD16}
T{00000000-0000-0000-0000-000000042BB4}
T{00000000-0000-0000-0000-00000009A4F4}
T{00000000-0000-0000-0000-000000263A5F}
T{00000000-0000-0000-0000-00000008F05A}
T{00000000-0000-0000-0000-000000207457}
T{00000000-0000-0000-0000-0000003355E8}
T{00000000-0000-0000-0000-0000000AE1E0}
T{00000000-0000-0000-0000-000000178789}
T{00000000-0000-0000-0000-000000080B29}
T{00000000-0000-0000-0000-000000106331}
T{00000000-0000-0000-0000-0000003276E5}
T{00000000-0000-0000-0000-0000002A84E7}
F{00000000-0000-0000-0000-00000013794F}
T{00000000-0000-0000-0000-0000000C367E}
F{00000000-0000-0000-0000-000000235A71}
T{00000000-0000-0000-0000-000000224180}
T{00000000-0000-0000-0000-00000000F558}
T{00000000-0000-0000-0000-00000014A097}
T{00000000-0000-0000-0000-000000135494}
T{00000000-0000-0000-0000-0000000AD8D3}
F{00000000-0000-0000-0000-0000001D398B}
T{00000000-0000-0000-0000-0000001BEEF3}
T{00000000-0000-0000-0000-0000000EAF21}
F{00000000-0000-0000-0000-000000215EDC}
T{00000000-0000-0000-0000-00000005EC0D}
T{00000000-0000-0000-0000-00000031BD5D}
T{00000000-0000-0000-0000-0000001DB5F0}
F{00000000-0000-0000-0000-0000002728DA}
T{00000000-0000-0000-0000-000000137E88}
T{00000000-0000-0000-0000-000000114493}
T{00000000-0000-0000-0000-000000195B1E}
F{00000000-0000-0000-0000-0000000EFC81}
T{00000000-0000-0000-0000-0000002B1FB1}
T{00000000-0000-0000-0000-0000001C5F34}
F{00000000-0000-0000-0000-00000017358C}
F{00000000-0000-0000-0000-00000019F30D}
T{00000000-0000-0000-0000-00000008AD28}
T{00000000-0000-0000-0000-0000001A8042}
T{00000000-0000-0000-0000-0000000FA4B3}
T{00000000-0000-0000-0000-00000029F5E5}
F{00000000-0000-0000-0000-0000001D5B1B}
T{00000000-0000-0000-0000-00000032DB22}
T{00000000-0000-0000-0000-000000075977}
T{00000000-0000-0000-0000-000000163C13}
T{00000000-0000-0000-0000-00000010420C}
T{00000000-0000-0000-0000-0000000995F8}
F{00000000-0000-0000-0000-0000000604DA}
T{00000000-0000-0000-0000-000000254EB3}
F{00000000-0000-0000-0000-0000002D5502}
F{00000000-0000-0000-0000-0000001E85C9}
F{00000000-0000-0000-0000-000000048C21}
T{00000000-0000-0000-0000-000000245FF5}
F{00000000-0000-0000-0000-00000024D577}
T{00000000-0000-0000-0000-0000000ED126}
T{00000000-0000-0000-0000-0000002C9209}
F{00000000-0000-0000-0000-0000000DE030}
F{00000000-0000-0000-0000-0000002651AC}
T{00000000-0000-0000-0000-0000001838E3}
T{00000000-0000-0000-0000-00000002CB18}
F{00000000-0000-0000-0000-00000009E1DD}
F{00000000-0000-0000-0000-00000022F0AA}
F{00000000-0000-0000-0000-0000002D479F}
T{00000000-0000-0000-0000-0000001153E3}
T{00000000-0000-0000-0000-00000022D4F8}
T{00000000-0000-0000-0000-00000004CD16}
T{00000000-0000-0000-0000-0000000FD935}
F{00000000-0000-0000-0000-000000246908}
T{00000000-0000-0000-0000-0000001AC6FB}
F{00000000-0000-0000-0000-000000278875}
F{00000000-0000-0000-0000-000000177B49}
T{00000000-0000-0000-0000-000000145EF4}
F{00000000-0000-0000-0000-0000001C3847}
T{00000000-0000-0000-0000-0000001AC8A4}
F{00000000-0000-0000-0000-0000000D6338}
F{00000000-0000-0000-0000-000000011C79}
T{00000000-0000-0000-0000-0000000A8EF8}
T{00000000-0000-0000-0000-0000000FA6A6}
F{00000000-0000-0000-0000-0000000CE1EC}
T{00000000-0000-0000-0000-000000324146}
T{00000000-0000-0000-0000-00000030255D}
T{00000000-0000-0000-0000-000000335E40}
F{00000000-0000-0000-0000-0000000C1231}
T{00000000-0000-0000-0000-000000059DC9}
T{00000000-0000-0000-0000-00000005E2FA}
T{00000000-0000-0000-0000-00000013E506}
T{00000000-0000-0000-0000-0000000982BD}
T{00000000-0000-0000-0000-000000282AB5}
T{00000000-0000-0000-0000-0000002375BD}
T{00000000-0000-0000-0000-00000013E733}
T{00000000-0000-0000-0000-000000105F74}
T{00000000-0000-0000-0000-00000026611E}
T{00000000-0000-0000-0000-000000247885}
F{00000000-0000-0000-0000-00000024E9BB}
T{00000000-0000-0000-0000-0000002B1FB1}
T{00000000-0000-0000-0000-000000116F14}
T{00000000-0000-0000-0000-0000002AF038}
T{00000000-0000-0000-0000-00000010B8D8}
T{00000000-0000-0000-0000-0000002C45AB}
F{00000000-0000-0000-0000-000000243AA3}
T{00000000-0000-0000-0000-0000002A9E3B}
T{00000000-0000-0000-0000-00000002DA37}
T{00000000-0000-0000-0000-0000002041C0}
F{00000000-0000-0000-0000-000000213B22}
F{00000000-0000-0000-0000-000000314A2B}
T{00000000-0000-0000-0000-0000000E55CB}
F{00000000-0000-0000-0000-0000002E4BC1}
F{00000000-0000-0000-0000-000000270476}
T{00000000-0000-0000-0000-00000017972C}
T{00000000-0000-0000-0000-0000000FA768}
F{00000000-0000-0000-0000-000000083C07}
F{00000000-0000-0000-0000-00000013BFCB}
T{00000000-0000-0000-0000-0000000FA7A4}
T{00000000-0000-0000-0000-0000002B3095}
F{00000000-0000-0000-0000-0000002E3AB2}
F{00000000-0000-0000-0000-000000303C41}
T{00000000-0000-0000-0000-0000000C5C6D}
T{00000000-0000-0000-0000-0000001691CB}
T{00000000-0000-0000-0000-00000008F299}
T{00000000-0000-0000-0000-00000032DE4B}
T{00000000-0000-0000-0000-0000002558AA}
F{00000000-0000-0000-0000-000000020F85}
T{00000000-0000-0000-0000-000000069F05}
T{00000000-0000-0000-0000-0000002B300E}
F{00000000-0000-0000-0000-0000000FECC1}
T{00000000-0000-0000-0000-000000292162}
T{00000000-0000-0000-0000-00000004D2CD}
T{00000000-0000-0000-0000-0000002AA309}
T{00000000-0000-0000-0000-00000027B09F}
T{00000000-0000-0000-0000-0000002F7ECA}
T{00000000-0000-0000-0000-00000001AF3C}
F{00000000-0000-0000-0000-000000244890}
T{00000000-0000-0000-0000-00000032CFC1}
T{00000000-0000-0000-0000-0000000BADAB}
T{00000000-0000-0000-0000-000000245EB4}
F{00000000-0000-0000-0000-000000169972}
F{00000000-0000-0000-0000-000000309CB6}
T{00000000-0000-0000-0000-00000028AD24}
T{00000000-0000-0000-0000-00000012FB9E}
T{00000000-0000-0000-0000-0000002EF826}
T{00000000-0000-0000-0000-00000028434E}
T{00000000-0000-0000-0000-0000002F2C6C}
T{00000000-0000-0000-0000-0000000C4B59}
T{00000000-0000-0000-0000-000000263391}
T{00000000-0000-0000-0000-0000000CE209}
T{00000000-0000-0000-0000-000000037C4F}
T{00000000-0000-0000-0000-0000002B171F}
T{00000000-0000-0000-0000-00000011A9C4}
F{00000000-0000-0000-0000-00000017B9E1}
T{00000000-0000-0000-0000-000000226CD1}
F{00000000-0000-0000-0000-000000101EB6}
F{00000000-0000-0000-0000-00000021C1B7}
T{00000000-0000-0000-0000-0000000880A8}
F{00000000-0000-0000-0000-0000002BDEA2}
T{00000000-0000-0000-0000-00000012A78D}
F{00000000-0000-0000-0000-000000114F6A}
T{00000000-0000-0000-0000-000000019710}
F{00000000-0000-0000-0000-0000000BB9D4}
F{00000000-0000-0000-0000-00000028C3F4}
T{00000000-0000-0000-0000-0000002ED048}
T{00000000-0000-0000-0000-0000001A5599}
F{00000000-0000-0000-0000-0000001F8E5A}
F{00000000-0000-0000-0000-00000013BFCB}
F{00000000-0000-0000-0000-0000000DEA25}
T{00000000-0000-0000-0000-000000234BEA}
F{00000000-0000-0000-0000-000000336361}
T{00000000-0000-0000-0000-00000021CAE8}
T{00000000-0000-0000-0000-00000029EC77}
T{00000000-0000-0000-0000-000000232A87}
T{00000000-0000-0000-0000-00000013C027}
F{00000000-0000-0000-0000-000000226C34}
F{00000000-0000-0000-0000-0000000496F9}
F{00000000-0000-0000-0000-00000011BF80}
T{00000000-0000-0000-0000-000000116F14}
T{00000000-0000-0000-0000-0000002C58D3}
T{00000000-0000-0000-0000-0000002B5A2A}
F{00000000-0000-0000-0000-0000002E314C}
F{00000000-0000-0000-0000-000000017C1A}
F{00000000-0000-0000-0000-00000009551A}
T{00000000-0000-0000-0000-0000000B3CE8}
F{00000000-0000-0000-0000-000000166F37}
T{00000000-0000-0000-0000-000000223B03}
F{00000000-0000-0000-0000-000000147F5A}
F{00000000-0000-0000-0000-00000026F535}
T{00000000-0000-0000-0000-0000001DD31C}
T{00000000-0000-0000-0000-0000001A51BE}
T{00000000-0000-0000-0000-0000002607ED}
T{00000000-0000-0000-0000-0000001C3443}
T{00000000-0000-0000-0000-00000021D6AC}
T{00000000-0000-0000-0000-0000001DC985}
T{00000000-0000-0000-0000-000000251884}
T{00000000-0000-0000-0000-000000077AAC}
T{00000000-0000-0000-0000-00000002D6A3}
T{00000000-0000-0000-0000-00000016FAD3}
T{00000000-0000-0000-0000-000000241392}
T{00000000-0000-0000-0000-0000000396B7}
T{00000000-0000-0000-0000-000000029A34}
T{00000000-0000-0000-0000-0000002CABB9}
T{00000000-0000-0000-0000-000000011409}
T{00000000-0000-0000-0000-000000133301}
F{00000000-0000-0000-0000-0000002BDEA2}
T{00000000-0000-0000-0000-00000019F108}
F{00000000-0000-0000-0000-00000030D59E}
F{00000000-0000-0000-0000-0000000ABEEA}
T{00000000-0000-0000-0000-0000002D40A9}
T{00000000-0000-0000-0000-0000001AACEE}
T{00000000-0000-0000-0000-00000032A3F7}
F{00000000-0000-0000-0000-0000000F07A2}
T{00000000-0000-0000-0000-0000002DB4F7}
F{00000000-0000-0000-0000-0000000CAFE6}
T{00000000-0000-0000-0000-000000335DBD}
T{00000000-0000-0000-0000-0000001BE187}
T{00000000-0000-0000-0000-0000000D2101}
T{00000000-0000-0000-0000-00000030D8E6}
T{00000000-0000-0000-0000-00000001A081}
F{00000000-0000-0000-0000-00000009BAD7}
T{00000000-0000-0000-0000-000000089278}
T{00000000-0000-0000-0000-00000024C99F}
T{00000000-0000-0000-0000-000000184DB6}
T{00000000-0000-0000-0000-0000002B36D6}
F{00000000-0000-0000-0000-000000245F5D}
T{00000000-0000-0000-0000-00000013C022}
F{00000000-0000-0000-0000-000000320CA0}
T{00000000-0000-0000-0000-0000002B8DD1}
T{00000000-0000-0000-0000-0000002366E4}
F{00000000-0000-0000-0000-0000002853F7}
T{00000000-0000-0000-0000-000000037C4F}
T{00000000-0000-0000-0000-00000022E1A7}
T{00000000-0000-0000-0000-00000011267B}
T{00000000-0000-0000-0000-000000105E29}
F{00000000-0000-0000-0000-000000080D3D}
T{00000000-0000-0000-0000-000000119449}
T{00000000-0000-0000-0000-00000023D1EE}
T{00000000-0000-0000-0000-00000000253E}
T{00000000-0000-0000-0000-0000000CE209}
T{00000000-0000-0000-0000-000000197A9A}
T{00000000-0000-0000-0000-000000142AFA}
T{00000000-0000-0000-0000-000000067170}
F{00000000-0000-0000-0000-000000225A5F}
T{00000000-0000-0000-0000-000000208B0E}
T{00000000-0000-0000-0000-00000028CD69}
F{00000000-0000-0000-0000-0000001BF5AF}
T{00000000-0000-0000-0000-0000000F0447}
F{00000000-0000-0000-0000-0000002CEB1D}
F{00000000-0000-0000-0000-00000022B23B}
T{00000000-0000-0000-0000-0000001AB44C}
F{00000000-0000-0000-0000-000000081FC6}
T{00000000-0000-0000-0000-00000030D8FB}
F{00000000-0000-0000-0000-00000006F9C6}
F{00000000-0000-0000-0000-0000001EB22D}
T{00000000-0000-0000-0000-00000032F5D9}
F{00000000-0000-0000-0000-00000018D027}
F{00000000-0000-0000-0000-0000000802A5}
T{00000000-0000-0000-0000-000000109F0A}
T{00000000-0000-0000-0000-00000002DA37}
T{00000000-0000-0000-0000-000000091B4B}
T{00000000-0000-0000-0000-00000029631A}
T{00000000-0000-0000-0000-0000001A610C}
T{00000000-0000-0000-0000-0000002EB569}
F{00000000-0000-0000-0000-0000001A891E}
T{00000000-0000-0000-0000-00000023B257}
F{00000000-0000-0000-0000-000000006185}
T{00000000-0000-0000-0000-00000019F7DE}
T{00000000-0000-0000-0000-00000025E0BE}
T{00000000-0000-0000-0000-00000002D9EA}
T{00000000-0000-0000-0000-00000008B88E}
T{00000000-0000-0000-0000-00000027C499}
T{00000000-0000-0000-0000-00000021F631}
T{00000000-0000-0000-0000-00000001C17E}
T{00000000-0000-0000-0000-00000018C216}
T{00000000-0000-0000-0000-00000026AF6A}
T{00000000-0000-0000-0000-000000196ABC}
T{00000000-0000-0000-0000-000000269D7B}
F{00000000-0000-0000-0000-000000125376}
T{00000000-0000-0000-0000-00000000A0DB}
F{00000000-0000-0000-0000-000000091B3D}
T{00000000-0000-0000-0000-0000002BD229}
T{00000000-0000-0000-0000-00000026788B}
F{00000000-0000-0000-0000-000000019B30}
T{00000000-0000-0000-0000-0000001204AC}
T{00000000-0000-0000-0000-00000010B048}
F{00000000-0000-0000-0000-000000104231}
F{00000000-0000-0000-0000-0000002FBEF4}
T{00000000-0000-0000-0000-00000005FDCA}
F{00000000-0000-0000-0000-0000000CF7F5}
F{00000000-0000-0000-0000-000000113B7F}
T{00000000-0000-0000-0000-0000001E8093}
T{00000000-0000-0000-0000-00000019C101}
T{00000000-0000-0000-0000-000000072F4D}
T{00000000-0000-0000-0000-0000000F45D2}
T{00000000-0000-0000-0000-00000000CC8F}
T{00000000-0000-0000-0000-00000023B257}
T{00000000-0000-0000-0000-00000023DAD3}
F{00000000-0000-0000-0000-00000013B91E}
T{00000000-0000-0000-0000-00000028DA76}
F{00000000-0000-0000-0000-0000001DB186}
F{00000000-0000-0000-0000-000000295BCF}
T{00000000-0000-0000-0000-000000203417}
T{00000000-0000-0000-0000-00000010EFAA}
F{00000000-0000-0000-0000-000000278875}
T{00000000-0000-0000-0000-000000253CAB}
T{00000000-0000-0000-0000-00000016985E}
T{00000000-0000-0000-0000-0000000B60CE}
T{00000000-0000-0000-0000-00000032212E}
T{00000000-0000-0000-0000-000000140CF2}
T{00000000-0000-0000-0000-00000011834D}
T{00000000-0000-0000-0000-00000008C84F}
T{00000000-0000-0000-0000-000000169E5F}
T{00000000-0000-0000-0000-00000031F8CE}
F{00000000-0000-0000-0000-0000000F84E7}
F{00000000-0000-0000-0000-0000001C4442}
T{00000000-0000-0000-0000-0000002BA9D5}
T{00000000-0000-0000-0000-00000022FC35}
T{00000000-0000-0000-0000-00000007E00A}
F{00000000-0000-0000-0000-0000000C439B}
F{00000000-0000-0000-0000-00000011D496}
F{00000000-0000-0000-0000-0000000BDC46}
T{00000000-0000-0000-0000-00000010FA68}
T{00000000-0000-0000-0000-000000027944}
T{00000000-0000-0000-0000-000000080ACA}
F{00000000-0000-0000-0000-0000000889CB}
T{00000000-0000-0000-0000-00000028893B}
F{00000000-0000-0000-0000-0000002C6839}
F{00000000-0000-0000-0000-00000010AB65}
F{00000000-0000-0000-0000-0000000586B3}
T{00000000-0000-0000-0000-00000024876F}
T{00000000-0000-0000-0000-000000308473}
T{00000000-0000-0000-0000-000000053FE4}
T{00000000-0000-0000-0000-00000017E1A7}
F{00000000-0000-0000-0000-000000125A54}
F{00000000-0000-0000-0000-000000098DB8}
F{00000000-0000-0000-0000-0000002FA33C}
T{00000000-0000-0000-0000-000000292142}
F{00000000-0000-0000-0000-0000002157C5}
T{00000000-0000-0000-0000-00000024296B}
F{00000000-0000-0000-0000-0000001E1D24}
T{00000000-0000-0000-0000-0000002B1349}
T{00000000-0000-0000-0000-00000029B805}
T{00000000-0000-0000-0000-00000027AF4C}
F{00000000-0000-0000-0000-0000000778E0}
F{00000000-0000-0000-0000-0000000657F1}
T{00000000-0000-0000-0000-00000026E25F}
F{00000000-0000-0000-0000-000000321209}
F{00000000-0000-0000-0000-0000000F6FF2}
T{00000000-0000-0000-0000-00000009BE27}
F{00000000-0000-0000-0000-000000011C79}
T{00000000-0000-0000-0000-000000247885}
T{00000000-0000-0000-0000-0000001AAC6D}
T{00000000-0000-0000-0000-0000001EED11}
T{00000000-0000-0000-0000-000000030110}
T{00000000-0000-0000-0000-0000000F2076}
T{00000000-0000-0000-0000-0000002325E3}
T{00000000-0000-0000-0000-000000240013}
T{00000000-0000-0000-0000-00000011BF80}
T{00000000-0000-0000-0000-000000339EDE}
T{00000000-0000-0000-0000-0000000BF8F2}
T{00000000-0000-0000-0000-000000155322}
T{00000000-0000-0000-0000-0000001FACE7}
F{00000000-0000-0000-0000-000000212706}
T{00000000-0000-0000-0000-000000153777}
T{00000000-0000-0000-0000-0000002F225F}
F{00000000-0000-0000-0000-0000001A5CA2}
T{00000000-0000-0000-0000-000000238FEB}
T{00000000-0000-0000-0000-000000285B6E}
T{00000000-0000-0000-0000-00000007C7D7}
F{00000000-0000-0000-0000-0000002E9EE7}
T{00000000-0000-0000-0000-0000003290C5}
T{00000000-0000-0000-0000-00000028434E}
T{00000000-0000-0000-0000-0000001CF86E}
T{00000000-0000-0000-0000-00000019A437}
F{00000000-0000-0000-0000-0000002AA309}
T{00000000-0000-0000-0000-000000323BCC}
T{00000000-0000-0000-0000-0000001F3690}
T{00000000-0000-0000-0000-00000026D0AA}
T{00000000-0000-0000-0000-00000005394F}
F{00000000-0000-0000-0000-00000024CE98}
T{00000000-0000-0000-0000-00000000F1EF}
T{00000000-0000-0000-0000-000000303383}
T{00000000-0000-0000-0000-0000000BD0B4}
F{00000000-0000-0000-0000-000000165DBF}
T{00000000-0000-0000-0000-0000002D3FC2}
T{00000000-0000-0000-0000-0000000CF417}
T{00000000-0000-0000-0000-000000089465}
T{00000000-0000-0000-0000-0000000FA4B3}
F{00000000-0000-0000-0000-0000001D26F3}
T{00000000-0000-0000-0000-000000177BC0}
F{00000000-0000-0000-0000-000000034590}
F{00000000-0000-0000-0000-0000002AE653}
T{00000000-0000-0000-0000-0000002D42E4}
F{00000000-0000-0000-0000-00000000A0DB}
T{00000000-0000-0000-0000-000000270A5A}
F{00000000-0000-0000-0000-00000019EDAF}
T{00000000-0000-0000-0000-0000002C06EF}
F{00000000-0000-0000-0000-0000000ED03A}
F{00000000-0000-0000-0000-00000028017B}
T{00000000-0000-0000-0000-000000276115}
T{00000000-0000-0000-0000-000000264DFA}
T{00000000-0000-0000-0000-000000199FC0}
F{00000000-0000-0000-0000-0000002AB719}
T{00000000-0000-0000-0000-0000001EA34E}
T{00000000-0000-0000-0000-00000014C193}
T{00000000-0000-0000-0000-00000022A2D7}
F{00000000-0000-0000-0000-00000016DEE7}
F{00000000-0000-0000-0000-0000001B6EF6}
T{00000000-0000-0000-0000-0000003372DD}
T{00000000-0000-0000-0000-0000002E6EC8}
T{00000000-0000-0000-0000-0000001B6B37}
T{00000000-0000-0000-0000-00000031FFCB}
T{00000000-0000-0000-0000-0000001C2990}
T{00000000-0000-0000-0000-00000013E733}
T{00000000-0000-0000-0000-0000002B5962}
T{00000000-0000-0000-0000-0000000B207D}
T{00000000-0000-0000-0000-000000334D03}
F{00000000-0000-0000-0000-0000002F3C70}
T{00000000-0000-0000-0000-0000001C8C14}
T{00000000-0000-0000-0000-0000001045DC}
T{00000000-0000-0000-0000-000000168925}
T{00000000-0000-0000-0000-0000001298D6}
F{00000000-0000-0000-0000-00000030694D}
F{00000000-0000-0000-0000-0000001D6FB7}
T{00000000-0000-0000-0000-00000031AA57}
F{00000000-0000-0000-0000-0000000A1C43}
T{00000000-0000-0000-0000-0000002CE45A}
T{00000000-0000-0000-0000-00000032BF45}
T{00000000-0000-0000-0000-00000019A2B6}
T{00000000-0000-0000-0000-00000026725A}
T{00000000-0000-0000-0000-0000002ADAF8}
F{00000000-0000-0000-0000-0000000918BA}
T{00000000-0000-0000-0000-0000000E4F3E}
T{00000000-0000-0000-0000-0000002D40DB}
T{00000000-0000-0000-0000-0000000ED33E}
T{00000000-0000-0000-0000-0000001E0592}
F{00000000-0000-0000-0000-00000024E9BB}
T{00000000-0000-0000-0000-000000137DBB}
T{00000000-0000-0000-0000-00000016C483}
T{00000000-0000-0000-0000-0000002E6E0D}
T{00000000-0000-0000-0000-0000002AE35F}
T{00000000-0000-0000-0000-00000012A5C2}
F{00000000-0000-0000-0000-0000002F9E2D}
T{00000000-0000-0000-0000-000000335ECE}
T{00000000-0000-0000-0000-00000002B5B2}
T{00000000-0000-0000-0000-00000020CB01}
T{00000000-0000-0000-0000-000000259C4C}
F{00000000-0000-0000-0000-000000050381}
T{00000000-0000-0000-0000-00000027788D}
F{00000000-0000-0000-0000-0000002D5353}
F{00000000-0000-0000-0000-000000254425}
T{00000000-0000-0000-0000-00000005394F}
T{00000000-0000-0000-0000-0000001DC985}
T{00000000-0000-0000-0000-0000002FB021}
T{00000000-0000-0000-0000-0000000CAFAA}
F{00000000-0000-0000-0000-00000025D9CF}
T{00000000-0000-0000-0000-000000067730}
F{00000000-0000-0000-0000-00000027A2FF}
T{00000000-0000-0000-0000-000000063D05}
T{00000000-0000-0000-0000-00000025BC9A}
F{00000000-0000-0000-0000-0000001A891E}
F{00000000-0000-0000-0000-00000032E994}
T{00000000-0000-0000-0000-000000238FCF}
T{00000000-0000-0000-0000-00000011EEBE}
T{00000000-0000-0000-0000-00000001A04A}
F{00000000-0000-0000-0000-00000024B6F2}
F{00000000-0000-0000-0000-000000106746}
T{00000000-0000-0000-0000-000000110E5B}
F{00000000-0000-0000-0000-00000009F26B}
T{00000000-0000-0000-0000-00000016CAB5}
F{00000000-0000-0000-0000-00000012A9B0}
T{00000000-0000-0000-0000-00000007865D}
F{00000000-0000-0000-0000-00000011A66A}
T{00000000-0000-0000-0000-0000002513A8}
T{00000000-0000-0000-0000-000000047CEB}
T{00000000-0000-0000-0000-00000000B535}
T{00000000-0000-0000-0000-0000002C34AF}
T{00000000-0000-0000-0000-000000205269}
F{00000000-0000-0000-0000-000000235A71}
T{00000000-0000-0000-0000-0000001DCE8D}
T{00000000-0000-0000-0000-000000215EDC}
T{00000000-0000-0000-0000-00000019C3F6}
T{00000000-0000-0000-0000-0000000345B8}
T{00000000-0000-0000-0000-0000002F7CFB}
T{00000000-0000-0000-0000-00000027FC21}
T{00000000-0000-0000-0000-00000030629C}
F{00000000-0000-0000-0000-0000000DEA25}
T{00000000-0000-0000-0000-000000234AE5}
T{00000000-0000-0000-0000-0000003149F8}
F{00000000-0000-0000-0000-0000000970F1}
F{00000000-0000-0000-0000-00000016D8EC}
F{00000000-0000-0000-0000-0000003025B3}
T{00000000-0000-0000-0000-0000002EEE63}
F{00000000-0000-0000-0000-0000000D16FA}
T{00000000-0000-0000-0000-000000080458}
F{00000000-0000-0000-0000-0000000C1231}
F{00000000-0000-0000-0000-000000094F06}
F{00000000-0000-0000-0000-00000002B751}
T{00000000-0000-0000-0000-00000018C01E}
T{00000000-0000-0000-0000-0000002A43FB}
F{00000000-0000-0000-0000-0000002897F9}
T{00000000-0000-0000-0000-000000171C5D}
F{00000000-0000-0000-0000-00000009E1AA}
F{00000000-0000-0000-0000-000000268E64}
F{00000000-0000-0000-0000-000000287F15}
T{00000000-0000-0000-0000-000000281C90}
T{00000000-0000-0000-0000-0000000BDB51}
T{00000000-0000-0000-0000-0000001FAFBC}
F{00000000-0000-0000-0000-000000145890}
F{00000000-0000-0000-0000-0000001FECF2}
T{00000000-0000-0000-0000-00000028CD69}
T{00000000-0000-0000-0000-000000166874}
F{00000000-0000-0000-0000-000000222774}
T{00000000-0000-0000-0000-0000002D3E8C}
T{00000000-0000-0000-0000-000000321C54}
T{00000000-0000-0000-0000-0000002E0B34}
F{00000000-0000-0000-0000-000000012582}
T{00000000-0000-0000-0000-000000094F06}
T{00000000-0000-0000-0000-0000002578FB}
T{00000000-0000-0000-0000-0000000CC274}
T{00000000-0000-0000-0000-000000310E8E}
T{00000000-0000-0000-0000-0000000076E1}
T{00000000-0000-0000-0000-000000216AE1}
T{00000000-0000-0000-0000-0000002ECBCF}
T{00000000-0000-0000-0000-0000002B25E1}
T{00000000-0000-0000-0000-0000001A9985}
