F{00000000-0000-0000-0000-000000179984}
F{00000000-0000-0000-0000-00000015BF2E}
F{00000000-0000-0000-0000-00000026F31D}
F{00000000-0000-0000-0000-00000019D284}
T{00000000-0000-0000-0000-000000153712}
T{00000000-0000-0000-0000-000000171396}
F{00000000-0000-0000-0000-000000048848}
T{00000000-0000-0000-0000-0000001B61CC}
F{00000000-0000-0000-0000-0000000E70A1}
T{00000000-0000-0000-0000-0000002EFC5F}
F{00000000-0000-0000-0000-0000002C4823}
T{00000000-0000-0000-0000-00000020C357}
F{00000000-0000-0000-0000-000000309CB6}
T{00000000-0000-0000-0000-0000000160AC}
T{00000000-0000-0000-0000-0000000AAB15}
T{00000000-0000-0000-0000-0000003062C5}
T{00000000-0000-0000-0000-000000266752}
F{00000000-0000-0000-0000-00000017C277}
T{00000000-0000-0000-0000-00000029169E}
T{00000000-0000-0000-0000-000000247885}
T{00000000-0000-0000-0000-0000000B74D4}
T{00000000-0000-0000-0000-0000000FE49E}
T{00000000-0000-0000-0000-0000002401EB}
T{00000000-0000-0000-0000-0000000C55BF}
T{00000000-0000-0000-0000-0000000E22D2}
F{00000000-0000-0000-0000-000000264311}
T{00000000-0000-0000-0000-000000158FA3}
T{00000000-0000-0000-0000-00000018AD71}
F{00000000-0000-0000-0000-0000002D4489}
T{00000000-0000-0000-0000-00000011EAE1}
F{00000000-0000-0000-0000-0000002FD89A}
F{00000000-0000-0000-0000-0000002C69FD}
T{00000000-0000-0000-0000-00000010EEFB}
T{00000000-0000-0000-0000-000000138934}
T{00000000-0000-0000-0000-000000166870}
F{00000000-0000-0000-0000-000000319987}
T{00000000-0000-0000-0000-000000052240}
T{00000000-0000-0000-0000-000000141B56}
F{00000000-0000-0000-0000-0000002FDFCF}
F{00000000-0000-0000-0000-0000002CEF50}
T{00000000-0000-0000-0000-000000330CF4}
T{00000000-0000-0000-0000-0000001E0592}
T{00000000-0000-0000-0000-000000205269}
T{00000000-0000-0000-0000-0000002E2D1A}
T{00000000-0000-0000-0000-0000000C3934}
T{00000000-0000-0000-0000-00000004983B}
T{00000000-0000-0000-0000-0000001ABB7B}
F{00000000-0000-0000-0000-0000001AF5B8}
T{00000000-0000-0000-0000-0000001739B0}
F{00000000-0000-0000-0000-0000001A640F}
F{00000000-0000-0000-0000-0000000BBBC1}
F{00000000-0000-0000-0000-00000000B512}
T{00000000-0000-0000-0000-0000002E4BA1}
T{00000000-0000-0000-0000-000000257932}
F{00000000-0000-0000-0000-00000033AD93}
T{00000000-0000-0000-0000-0000001BAE84}
T{00000000-0000-0000-0000-000000043FA8}
F{00000000-0000-0000-0000-0000002F6564}
F{00000000-0000-0000-0000-000000106A2C}
F{00000000-0000-0000-0000-00000031CEB3}
F{00000000-0000-0000-0000-00000025B12E}
T{00000000-0000-0000-0000-0000000D2E16}
T{00000000-0000-0000-0000-0000000FDCC9}
T{00000000-0000-0000-0000-00000020C357}
T{00000000-0000-0000-0000-0000002F9AF9}
T{00000000-0000-0000-0000-000000093C0F}
F{00000000-0000-0000-0000-000000164F59}
F{00000000-0000-0000-0000-000000012E4C}
F{00000000-0000-0000-0000-000000099D5D}
F{00000000-0000-0000-0000-00000027289F}
T{00000000-0000-0000-0000-0000000718CD}
T{00000000-0000-0000-0000-000000134721}
T{00000000-0000-0000-0000-000000272309}
T{00000000-0000-0000-0000-0000002997AA}
T{00000000-0000-0000-0000-000000016E5C}
T{00000000-0000-0000-0000-0000001DD965}
T{00000000-0000-0000-0000-0000002BA367}
T{00000000-0000-0000-0000-0000000FA0F7}
T{00000000-0000-0000-0000-0000002CF09F}
T{00000000-0000-0000-0000-000000057DF4}
T{00000000-0000-0000-0000-0000002AE708}
T{00000000-0000-0000-0000-000000202767}
F{00000000-0000-0000-0000-00000030D202}
T{00000000-0000-0000-0000-00000027ED8D}
F{00000000-0000-0000-0000-0000000A6FED}
T{00000000-0000-0000-0000-00000000583D}
T{00000000-0000-0000-0000-00000026E11D}
T{00000000-0000-0000-0000-000000281C90}
T{00000000-0000-0000-0000-00000019EE3F}
T{00000000-0000-0000-0000-00000031849E}
T{00000000-0000-0000-0000-000000054162}
T{00000000-0000-0000-0000-00000021DFC6}
T{00000000-0000-0000-0000-00000032AF95}
T{00000000-0000-0000-0000-000000270E59}
T{00000000-0000-0000-0000-000000289841}
T{00000000-0000-0000-0000-00000032A5FE}
F{00000000-0000-0000-0000-0000002FA3FA}
T{00000000-0000-0000-0000-00000016D55D}
T{00000000-0000-0000-0000-0000000BF333}
F{00000000-0000-0000-0000-0000002FB7BE}
T{00000000-0000-0000-0000-00000026E8AA}
T{00000000-0000-0000-0000-00000024128D}
T{00000000-0000-0000-0000-000000027CAD}
T{00000000-0000-0000-0000-0000000DAC95}
T{00000000-0000-0000-0000-0000000CEF83}
T{00000000-0000-0000-0000-00000033D857}
T{00000000-0000-0000-0000-00000027F104}
T{00000000-0000-0000-0000-0000002E16B1}
T{00000000-0000-0000-0000-000000266752}
T{00000000-0000-0000-0000-0000002E40E3}
F{00000000-0000-0000-0000-000000060D38}
F{00000000-0000-0000-0000-000000010730}
T{00000000-0000-0000-0000-000000156412}
T{00000000-0000-0000-0000-000000329FF6}
T{00000000-0000-0000-0000-00000003C757}
F{00000000-0000-0000-0000-0000001AB774}
T{00000000-0000-0000-0000-0000001D2101}
F{00000000-0000-0000-0000-0000000929D8}
F{00000000-0000-0000-0000-000000122CB0}
T{00000000-0000-0000-0000-000000308473}
T{00000000-0000-0000-0000-0000000A7095}
T{00000000-0000-0000-0000-0000000C55BF}
T{00000000-0000-0000-0000-0000003359F8}
T{00000000-0000-0000-0000-0000000120E0}
T{00000000-0000-0000-0000-0000002F5139}
T{00000000-0000-0000-0000-0000000CEF83}
F{00000000-0000-0000-0000-000000039877}
T{00000000-0000-0000-0000-0000003369E7}
F{00000000-0000-0000-0000-00000008B383}
F{00000000-0000-0000-0000-0000001461DB}
T{00000000-0000-0000-0000-0000001945E2}
F{00000000-0000-0000-0000-0000000FBBF4}
T{00000000-0000-0000-0000-00000014DD63}
T{00000000-0000-0000-0000-00000006DFFB}
T{00000000-0000-0000-0000-0000000FC893}
F{00000000-0000-0000-0000-00000002971C}
T{00000000-0000-0000-0000-000000077716}
T{00000000-0000-0000-0000-00000015B60D}
T{00000000-0000-0000-0000-000000118322}
T{00000000-0000-0000-0000-0000001B6479}
T{00000000-0000-0000-0000-000000031C04}
F{00000000-0000-0000-0000-00000001E845}
T{00000000-0000-0000-0000-00000021A404}
F{00000000-0000-0000-0000-00000003982D}
T{00000000-0000-0000-0000-00000032F8C0}
T{00000000-0000-0000-0000-0000000BF8F2}
F{00000000-0000-0000-0000-0000000FB5F9}
T{00000000-0000-0000-0000-000000243449}
T{00000000-0000-0000-0000-000000033863}
F{00000000-0000-0000-0000-0000000CF7CD}
T{00000000-0000-0000-0000-0000002A7E57}
F{00000000-0000-0000-0000-000000332CFE}
T{00000000-0000-0000-0000-0000002027E6}
T{00000000-0000-0000-0000-00000026AD2B}
T{00000000-0000-0000-0000-00000002F36B}
F{00000000-0000-0000-0000-0000002B4AC5}
T{00000000-0000-0000-0000-0000000360C8}
T{00000000-0000-0000-0000-00000006903D}
F{00000000-0000-0000-0000-0000000BDF18}
T{00000000-0000-0000-0000-0000002FBB20}
T{00000000-0000-0000-0000-000000029296}
T{00000000-0000-0000-0000-00000022221E}
T{00000000-0000-0000-0000-0000001A1CFC}
F{00000000-0000-0000-0000-0000002FA33C}
F{00000000-0000-0000-0000-000000281B23}
F{00000000-0000-0000-0000-0000002E9EE7}
F{00000000-0000-0000-0000-0000000E15DD}
T{00000000-0000-0000-0000-000000171022}
T{00000000-0000-0000-0000-000000020342}
T{00000000-0000-0000-0000-000000016858}
T{00000000-0000-0000-0000-0000002EE38F}
T{00000000-0000-0000-0000-0000002E6EA3}
T{00000000-0000-0000-0000-000000081045}
F{00000000-0000-0000-0000-0000002D517B}
F{00000000-0000-0000-0000-0000001594FA}
F{00000000-0000-0000-0000-0000000AFFEF}
T{00000000-0000-0000-0000-0000001A640F}
F{00000000-0000-0000-0000-000000263B6B}
T{00000000-0000-0000-0000-0000002E6EF4}
F{00000000-0000-0000-0000-00000031211F}
F{00000000-0000-0000-0000-000000219530}
T{00000000-0000-0000-0000-00000012F709}
T{00000000-0000-0000-0000-00000017183E}
T{00000000-0000-0000-0000-0000002D073A}
T{00000000-0000-0000-0000-00000030D245}
T{00000000-0000-0000-0000-0000001AC033}
F{00000000-0000-0000-0000-0000001EB0AE}
F{00000000-0000-0000-0000-00000026F097}
T{00000000-0000-0000-0000-000000011590}
T{00000000-0000-0000-0000-000000119488}
T{00000000-0000-0000-0000-00000018D66F}
T{00000000-0000-0000-0000-00000002BB0D}
T{00000000-0000-0000-0000-000000219530}
T{00000000-0000-0000-0000-0000002EE02D}
F{00000000-0000-0000-0000-00000019F78F}
T{00000000-0000-0000-0000-0000002204A2}
T{00000000-0000-0000-0000-0000001D6058}
T{00000000-0000-0000-0000-000000325445}
T{00000000-0000-0000-0000-000000244D19}
F{00000000-0000-0000-0000-00000032E994}
F{00000000-0000-0000-0000-0000000BC483}
F{00000000-0000-0000-0000-00000028C612}
T{00000000-0000-0000-0000-0000002B2399}
T{00000000-0000-0000-0000-000000039782}
T{00000000-0000-0000-0000-000000335DAB}
F{00000000-0000-0000-0000-0000002CD6C8}
F{00000000-0000-0000-0000-0000000FBBC4}
T{00000000-0000-0000-0000-000000047EE1}
T{00000000-0000-0000-0000-000000216A6E}
F{00000000-0000-0000-0000-00000020AC91}
F{00000000-0000-0000-0000-000000202DD5}
T{00000000-0000-0000-0000-000000010ABD}
T{00000000-0000-0000-0000-000000150067}
T{00000000-0000-0000-0000-000000218333}
T{00000000-0000-0000-0000-00000001EC7F}
F{00000000-0000-0000-0000-00000022CD5A}
F{00000000-0000-0000-0000-0000001E1D24}
F{00000000-0000-0000-0000-0000001C7B17}
T{00000000-0000-0000-0000-00000029E2F7}
F{00000000-0000-0000-0000-00000021B897}
T{00000000-0000-0000-0000-0000001AF95D}
T{00000000-0000-0000-0000-0000001E2F87}
T{00000000-0000-0000-0000-0000002553E5}
T{00000000-0000-0000-0000-000000321648}
T{00000000-0000-0000-0000-00000016D6F1}
F{00000000-0000-0000-0000-0000001AC595}
F{00000000-0000-0000-0000-0000001B01CB}
T{00000000-0000-0000-0000-000000050381}
F{00000000-0000-0000-0000-000000173168}
F{00000000-0000-0000-0000-0000000AAEFB}
T{00000000-0000-0000-0000-000000061B03}
F{00000000-0000-0000-0000-00000026926F}
F{00000000-0000-0000-0000-000000088CF0}
T{00000000-0000-0000-0000-00000026F097}
F{00000000-0000-0000-0000-000000219E6D}
T{00000000-0000-0000-0000-0000003203C7}
T{00000000-0000-0000-0000-000000333365}
T{00000000-0000-0000-0000-000000208E07}
F{00000000-0000-0000-0000-00000009066B}
T{00000000-0000-0000-0000-00000006343F}
T{00000000-0000-0000-0000-0000002319BF}
T{00000000-0000-0000-0000-000000024B82}
T{00000000-0000-0000-0000-000000089426}
F{00000000-0000-0000-0000-0000000A3974}
T{00000000-0000-0000-0000-000000119F47}
T{00000000-0000-0000-0000-000000086B51}
T{00000000-0000-0000-0000-000000113C40}
T{00000000-0000-0000-0000-0000000DC09C}
T{00000000-0000-0000-0000-0000001CFD2A}
T{00000000-0000-0000-0000-0000002DEED3}
T{00000000-0000-0000-0000-00000003FB24}
T{00000000-0000-0000-0000-000000326D67}
T{00000000-0000-0000-0000-000000081A30}
T{00000000-0000-0000-0000-0000002C1423}
T{00000000-0000-0000-0000-00000020076D}
T{00000000-0000-0000-0000-0000001DB7B7}
T{00000000-0000-0000-0000-0000000593A0}
T{00000000-0000-0000-0000-0000001DA94C}
T{00000000-0000-0000-0000-0000000D4145}
T{00000000-0000-0000-0000-000000144108}
T{00000000-0000-0000-0000-0000001C6616}
T{00000000-0000-0000-0000-0000002F8208}
F{00000000-0000-0000-0000-0000002640E9}
T{00000000-0000-0000-0000-00000010C4BF}
T{00000000-0000-0000-0000-000000118F02}
F{00000000-0000-0000-0000-000000078B95}
F{00000000-0000-0000-0000-0000000CF2D0}
T{00000000-0000-0000-0000-0000000F5F95}
T{00000000-0000-0000-0000-000000253CAB}
T{00000000-0000-0000-0000-0000002D3CBB}
F{00000000-0000-0000-0000-00000028C1E1}
F{00000000-0000-0000-0000-0000002BDEA2}
F{00000000-0000-0000-0000-00000032EA05}
T{00000000-0000-0000-0000-0000002157C5}
T{00000000-0000-0000-0000-000000212064}
T{00000000-0000-0000-0000-0000000D9181}
T{00000000-0000-0000-0000-0000002A4C0B}
T{00000000-0000-0000-0000-00000014868B}
T{00000000-0000-0000-0000-0000000C1F8F}
T{00000000-0000-0000-0000-00000033A0BA}
T{00000000-0000-0000-0000-000000311C12}
T{00000000-0000-0000-0000-000000021EAE}
F{00000000-0000-0000-0000-000000101B79}
T{00000000-0000-0000-0000-0000001F07B8}
T{00000000-0000-0000-0000-000000110742}
T{00000000-0000-0000-0000-0000002EE583}
T{00000000-0000-0000-0000-0000002CC4A3}
T{00000000-0000-0000-0000-0000000B0FB5}
F{00000000-0000-0000-0000-0000000B7BDF}
F{00000000-0000-0000-0000-0000001DCCD0}
T{00000000-0000-0000-0000-000000253960}
F{00000000-0000-0000-0000-00000030D483}
F{00000000-0000-0000-0000-00000014652A}
F{00000000-0000-0000-0000-0000002C78DE}
T{00000000-0000-0000-0000-000000163172}
T{00000000-0000-0000-0000-0000001BF5AF}
T{00000000-0000-0000-0000-000000168372}
T{00000000-0000-0000-0000-00000030EAB3}
T{00000000-0000-0000-0000-0000002A8563}
T{00000000-0000-0000-0000-0000002B18B3}
F{00000000-0000-0000-0000-0000002CAD87}
F{00000000-0000-0000-0000-000000271353}
F{00000000-0000-0000-0000-0000000EF5E7}
F{00000000-0000-0000-0000-0000000EFCB1}
F{00000000-0000-0000-0000-0000001841F3}
T{00000000-0000-0000-0000-0000001F133A}
F{00000000-0000-0000-0000-00000027D9C7}
T{00000000-0000-0000-0000-0000000E1C7F}
F{00000000-0000-0000-0000-00000022F0AA}
T{00000000-0000-0000-0000-0000001AC280}
F{00000000-0000-0000-0000-0000002CD908}
F{00000000-0000-0000-0000-0000000B1E17}
T{00000000-0000-0000-0000-00000018D027}
T{00000000-0000-0000-0000-0000000310A3}
T{00000000-0000-0000-0000-000000287F15}
T{00000000-0000-0000-0000-0000000FE49E}
T{00000000-0000-0000-0000-000000034329}
T{00000000-0000-0000-0000-00000028EEF1}
F{00000000-0000-0000-0000-0000002A8596}
T{00000000-0000-0000-0000-0000000D1A2C}
F{00000000-0000-0000-0000-00000024CE98}
T{00000000-0000-0000-0000-000000339E52}
T{00000000-0000-0000-0000-00000025396E}
T{00000000-0000-0000-0000-0000002F6564}
T{00000000-0000-0000-0000-000000146E07}
F{00000000-0000-0000-0000-000000270DC9}
F{00000000-0000-0000-0000-00000029D3E1}
T{00000000-0000-0000-0000-000000030294}
F{00000000-0000-0000-0000-0000000EBF05}
T{00000000-0000-0000-0000-0000001A8051}
F{00000000-0000-0000-0000-00000011A66A}
T{00000000-0000-0000-0000-000000047517}
T{00000000-0000-0000-0000-000000178CFF}
F{00000000-0000-0000-0000-00000025478C}
T{00000000-0000-0000-0000-00000004DF78}
T{00000000-0000-0000-0000-000000137D7D}
F{00000000-0000-0000-0000-00000020C7D6}
T{00000000-0000-0000-0000-000000138954}
T{00000000-0000-0000-0000-000000120E6F}
T{00000000-0000-0000-0000-0000002ECBCF}
T{00000000-0000-0000-0000-0000001922AA}
T{00000000-0000-0000-0000-00000008A894}
T{00000000-0000-0000-0000-0000000A1515}
T{00000000-0000-0000-0000-000000064AF0}
T{00000000-0000-0000-0000-0000001FFC00}
F{00000000-0000-0000-0000-0000001187A9}
F{00000000-0000-0000-0000-0000000BCE16}
T{00000000-0000-0000-0000-0000000313D3}
T{00000000-0000-0000-0000-00000001DDFD}
T{00000000-0000-0000-0000-0000000D174E}
F{00000000-0000-0000-0000-00000016BEDB}
T{00000000-0000-0000-0000-0000002A7B4E}
T{00000000-0000-0000-0000-00000022F6CF}
F{00000000-0000-0000-0000-00000009BCBD}
T{00000000-0000-0000-0000-000000202124}
T{00000000-0000-0000-0000-000000144E9C}
T{00000000-0000-0000-0000-0000001AB44C}
T{00000000-0000-0000-0000-0000000FB0A9}
T{00000000-0000-0000-0000-0000002B11D4}
F{00000000-0000-0000-0000-0000002433DB}
T{00000000-0000-0000-0000-000000335D62}
F{00000000-0000-0000-0000-000000132F5E}
F{00000000-0000-0000-0000-0000000315B1}
F{00000000-0000-0000-0000-000000289ED3}
T{00000000-0000-0000-0000-00000029AD7A}
T{00000000-0000-0000-0000-000000022FA7}
F{00000000-0000-0000-0000-0000002690A8}
T{00000000-0000-0000-0000-00000031AEB2}
F{00000000-0000-0000-0000-000000218CCC}
T{00000000-0000-0000-0000-0000001FE8A0}
T{00000000-0000-0000-0000-0000002E1CB0}
T{00000000-0000-0000-0000-0000000CC211}
F{00000000-0000-0000-0000-000000095572}
T{00000000-0000-0000-0000-0000000C25D6}
F{00000000-0000-0000-0000-0000000E15DD}
T{00000000-0000-0000-0000-0000002FD432}
F{00000000-0000-0000-0000-000000043B45}
T{00000000-0000-0000-0000-000000144EAF}
T{00000000-0000-0000-0000-0000002CC4A3}
T{00000000-0000-0000-0000-000000119E20}
T{00000000-0000-0000-0000-0000002DE457}
F{00000000-0000-0000-0000-000000263B6B}
T{00000000-0000-0000-0000-00000007C102}
T{00000000-0000-0000-0000-0000001EB38B}
T{00000000-0000-0000-0000-0000002C9077}
T{00000000-0000-0000-0000-00000000A5A9}
T{00000000-0000-0000-0000-000000210D9F}
T{00000000-0000-0000-0000-00000026D0AA}
F{00000000-0000-0000-0000-00000005B55A}
F{00000000-0000-0000-0000-0000001249B2}
T{00000000-0000-0000-0000-0000000F3CC2}
T{00000000-0000-0000-0000-0000001C9465}
F{00000000-0000-0000-0000-000000097145}
T{00000000-0000-0000-0000-0000001F2BCD}
T{00000000-0000-0000-0000-000000193CDB}
T{00000000-0000-0000-0000-0000002099FA}
T{00000000-0000-0000-0000-0000000FD6F4}
T{00000000-0000-0000-0000-0000002EC06A}
F{00000000-0000-0000-0000-00000018CD3C}
T{00000000-0000-0000-0000-00000029C14F}
F{00000000-0000-0000-0000-00000026474E}
T{00000000-0000-0000-0000-00000021A1E0}
F{00000000-0000-0000-0000-000000010A7C}
T{00000000-0000-0000-0000-0000000E1B31}
T{00000000-0000-0000-0000-0000001A8EBD}
T{00000000-0000-0000-0000-0000001A0E4E}
T{00000000-0000-0000-0000-0000001B54CC}
T{00000000-0000-0000-0000-00000012EA12}
T{00000000-0000-0000-0000-0000001794A3}
T{00000000-0000-0000-0000-000000035670}
T{00000000-0000-0000-0000-00000000513B}
F{00000000-0000-0000-0000-00000006E345}
F{00000000-0000-0000-0000-00000032B96F}
T{00000000-0000-0000-0000-0000001CAAF4}
T{00000000-0000-0000-0000-000000093A80}
T{00000000-0000-0000-0000-000000167C85}
F{00000000-0000-0000-0000-0000000C34F2}
F{00000000-0000-0000-0000-000000164F2C}
F{00000000-0000-0000-0000-00000025482D}
T{00000000-0000-0000-0000-000000145AD6}
F{00000000-0000-0000-0000-0000001024F5}
T{00000000-0000-0000-0000-0000002D1D1E}
F{00000000-0000-0000-0000-000000171562}
T{00000000-0000-0000-0000-00000023B6EB}
T{00000000-0000-0000-0000-0000000DD4ED}
T{00000000-0000-0000-0000-0000002D1AA3}
T{00000000-0000-0000-0000-00000029DF30}
T{00000000-0000-0000-0000-0000002ABE89}
F{00000000-0000-0000-0000-0000002F6F2F}
F{00000000-0000-0000-0000-00000029CEAD}
F{00000000-0000-0000-0000-000000285C2A}
F{00000000-0000-0000-0000-000000122A70}
T{00000000-0000-0000-0000-00000024CE98}
T{00000000-0000-0000-0000-000000180941}
T{00000000-0000-0000-0000-0000000FD6F4}
T{00000000-0000-0000-0000-00000029EC77}
T{00000000-0000-0000-0000-00000006D2E9}
F{00000000-0000-0000-0000-0000003057F6}
F{00000000-0000-0000-0000-000000287D11}
F{00000000-0000-0000-0000-00000016D43B}
F{00000000-0000-0000-0000-0000002A4374}
T{00000000-0000-0000-0000-0000002AD55C}
F{00000000-0000-0000-0000-000000260F69}
T{00000000-0000-0000-0000-000000109F0A}
T{00000000-0000-0000-0000-000000105E82}
T{00000000-0000-0000-0000-00000016E162}
T{00000000-0000-0000-0000-00000001CA77}
F{00000000-0000-0000-0000-000000218CCC}
F{00000000-0000-0000-0000-00000027E298}
T{00000000-0000-0000-0000-000000066E0B}
T{00000000-0000-0000-0000-000000145AD6}
T{00000000-0000-0000-0000-0000000840E9}
T{00000000-0000-0000-0000-0000002E4C9E}
T{00000000-0000-0000-0000-0000002D26B3}
T{00000000-0000-0000-0000-00000030E1FC}
T{00000000-0000-0000-0000-0000002449C9}
F{00000000-0000-0000-0000-0000002AB531}
T{00000000-0000-0000-0000-00000017B691}
T{00000000-0000-0000-0000-00000010A260}
T{00000000-0000-0000-0000-0000002E5009}
F{00000000-0000-0000-0000-00000026A7E0}
T{00000000-0000-0000-0000-0000000277F6}
T{00000000-0000-0000-0000-0000002D073A}
T{00000000-0000-0000-0000-00000005D00D}
T{00000000-0000-0000-0000-00000004F996}
F{00000000-0000-0000-0000-0000000FBBC4}
T{00000000-0000-0000-0000-0000002106DF}
T{00000000-0000-0000-0000-00000000F5F7}
T{00000000-0000-0000-0000-00000032DD9E}
T{00000000-0000-0000-0000-00000014E39F}
T{00000000-0000-0000-0000-00000001A4B8}
F{00000000-0000-0000-0000-0000000FECC1}
T{00000000-0000-0000-0000-000000194787}
F{00000000-0000-0000-0000-000000088CF0}
T{00000000-0000-0000-0000-000000225A5F}
F{00000000-0000-0000-0000-00000000C85C}
T{00000000-0000-0000-0000-00000021EDF8}
T{00000000-0000-0000-0000-0000002CF029}
T{00000000-0000-0000-0000-0000002F5A0A}
T{00000000-0000-0000-0000-000000335F4A}
T{00000000-0000-0000-0000-000000029B2E}
T{00000000-0000-0000-0000-0000000C4BCF}
T{00000000-0000-0000-0000-00000023BD41}
T{00000000-0000-0000-0000-000000054162}
T{00000000-0000-0000-0000-0000000323EB}
T{00000000-0000-0000-0000-000000022EF5}
F{00000000-0000-0000-0000-00000032E65E}
T{00000000-0000-0000-0000-0000000FBEBA}
T{00000000-0000-0000-0000-00000032DF90}
T{00000000-0000-0000-0000-0000000C498D}
T{00000000-0000-0000-0000-00000024956C}
T{00000000-0000-0000-0000-00000007CA58}
T{00000000-0000-0000-0000-00000022D855}
F{00000000-0000-0000-0000-0000000F2462}
T{00000000-0000-0000-0000-000000299932}
F{00000000-0000-0000-0000-0000002E564A}
T{00000000-0000-0000-0000-00000000F426}
F{00000000-0000-0000-0000-0000002AB719}
T{00000000-0000-0000-0000-0000002006F9}
T{00000000-0000-0000-0000-00000007E058}
T{00000000-0000-0000-0000-0000001E617C}
T{00000000-0000-0000-0000-0000001BAE84}
T{00000000-0000-0000-0000-0000001C1115}
T{00000000-0000-0000-0000-0000002F8163}
T{00000000-0000-0000-0000-0000002F4ABD}
F{00000000-0000-0000-0000-0000000A0871}
F{00000000-0000-0000-0000-0000000A8C33}
F{00000000-0000-0000-0000-0000003203C7}
T{00000000-0000-0000-0000-0000002754F6}
F{00000000-0000-0000-0000-0000000C1231}
T{00000000-0000-0000-0000-000000071831}
T{00000000-0000-0000-0000-0000002F005C}
T{00000000-0000-0000-0000-00000023F83A}
T{00000000-0000-0000-0000-00000026B724}
T{00000000-0000-0000-0000-000000335C78}
T{00000000-0000-0000-0000-0000002461C3}
T{00000000-0000-0000-0000-0000003156F8}
T{00000000-0000-0000-0000-000000027841}
F{00000000-0000-0000-0000-0000002D1AA3}
F{00000000-0000-0000-0000-0000000EB1C4}
F{00000000-0000-0000-0000-00000031F588}
F{00000000-0000-0000-0000-00000000C8EC}
T{00000000-0000-0000-0000-0000002EF64C}
F{00000000-0000-0000-0000-0000002C4EFE}
T{00000000-0000-0000-0000-0000002D40DB}
T{00000000-0000-0000-0000-00000027CDE9}
T{00000000-0000-0000-0000-0000002FE8E0}
T{00000000-0000-0000-0000-0000001D1E66}
T{00000000-0000-0000-0000-0000002D9CFD}
T{00000000-0000-0000-0000-0000000ED312}
T{00000000-0000-0000-0000-00000013A90F}
T{00000000-0000-0000-0000-0000002C657F}
F{00000000-0000-0000-0000-0000002D5353}
T{00000000-0000-0000-0000-00000014B181}
T{00000000-0000-0000-0000-000000024B82}
T{00000000-0000-0000-0000-0000000BCA0B}
F{00000000-0000-0000-0000-00000002B751}
T{00000000-0000-0000-0000-00000026AFE4}
T{00000000-0000-0000-0000-0000000E1D57}
T{00000000-0000-0000-0000-000000098EE4}
F{00000000-0000-0000-0000-00000012EA12}
T{00000000-0000-0000-0000-0000002157C5}
F{00000000-0000-0000-0000-00000031730E}
F{00000000-0000-0000-0000-0000001A871A}
T{00000000-0000-0000-0000-0000002CE45A}
T{00000000-0000-0000-0000-0000001B8C6D}
F{00000000-0000-0000-0000-00000017BAF9}
T{00000000-0000-0000-0000-00000021D06D}
T{00000000-0000-0000-0000-0000000CBD5A}
T{00000000-0000-0000-0000-00000003CDE0}
F{00000000-0000-0000-0000-0000001CD9AB}
T{00000000-0000-0000-0000-0000002655A0}
F{00000000-0000-0000-0000-00000011D6C2}
T{00000000-0000-0000-0000-0000002DE457}
F{00000000-0000-0000-0000-000000155B05}
T{00000000-0000-0000-0000-0000002F44F5}
T{00000000-0000-0000-0000-000000304874}
T{00000000-0000-0000-0000-0000002B1782}
F{00000000-0000-0000-0000-00000011F6D5}
T{00000000-0000-0000-0000-00000002DE79}
T{00000000-0000-0000-0000-000000103CF4}
F{00000000-0000-0000-0000-0000001A891E}
T{00000000-0000-0000-0000-0000002A0EC1}
F{00000000-0000-0000-0000-000000009735}
T{00000000-0000-0000-0000-000000132CBD}
T{00000000-0000-0000-0000-00000015ABCA}
F{00000000-0000-0000-0000-000000177B77}
T{00000000-0000-0000-0000-00000013567B}
F{00000000-0000-0000-0000-0000001249B2}
T{00000000-0000-0000-0000-0000002A2AB0}
T{00000000-0000-0000-0000-0000002FF3C4}
T{00000000-0000-0000-0000-000000033B08}
T{00000000-0000-0000-0000-0000002D1AA3}
T{00000000-0000-0000-0000-0000001430A3}
T{00000000-0000-0000-0000-00000019EE3F}
T{00000000-0000-0000-0000-0000000A0723}
F{00000000-0000-0000-0000-00000024E8D0}
T{00000000-0000-0000-0000-00000002C3AA}
F{00000000-0000-0000-0000-0000002167C1}
T{00000000-0000-0000-0000-00000013D4E6}
T{00000000-0000-0000-0000-0000000C225D}
F{00000000-0000-0000-0000-0000002D461D}
T{00000000-0000-0000-0000-0000001BC924}
T{00000000-0000-0000-0000-0000001007FB}
T{00000000-0000-0000-0000-000000097502}
T{00000000-0000-0000-0000-0000002F42E0}
T{00000000-0000-0000-0000-00000009CD12}
T{00000000-0000-0000-0000-0000002CEAF2}
F{00000000-0000-0000-0000-0000002F9D8A}
F{00000000-0000-0000-0000-0000002467BF}
F{00000000-0000-0000-0000-000000220326}
F{00000000-0000-0000-0000-000000275CAC}
T{00000000-0000-0000-0000-00000029229E}
T{00000000-0000-0000-0000-0000000D2954}
T{00000000-0000-0000-0000-000000332B33}
T{00000000-0000-0000-0000-000000314AA2}
T{00000000-0000-0000-0000-0000000642F7}
T{00000000-0000-0000-0000-00000022C044}
T{00000000-0000-0000-0000-00000026EA0C}
T{00000000-0000-0000-0000-00000003584C}
F{00000000-0000-0000-0000-0000000FBD3C}
F{00000000-0000-0000-0000-000000321523}
F{00000000-0000-0000-0000-0000001FFDD7}
F{00000000-0000-0000-0000-000000125376}
F{00000000-0000-0000-0000-0000002E0E9F}
F{00000000-0000-0000-0000-00000006524D}
T{00000000-0000-0000-0000-0000001AF87C}
F{00000000-0000-0000-0000-0000002415F2}
T{00000000-0000-0000-0000-00000016B4C3}
F{00000000-0000-0000-0000-00000032BEB2}
T{00000000-0000-0000-0000-0000000D41C8}
F{00000000-0000-0000-0000-00000008179C}
T{00000000-0000-0000-0000-0000001A1CA5}
F{00000000-0000-0000-0000-0000001461DB}
T{00000000-0000-0000-0000-0000002553E5}
F{00000000-0000-0000-0000-00000016FFE0}
T{00000000-0000-0000-0000-00000026B62B}
T{00000000-0000-0000-0000-00000009BB4C}
F{00000000-0000-0000-0000-0000000A5106}
T{00000000-0000-0000-0000-000000238E15}
T{00000000-0000-0000-0000-0000001CEFCE}
T{00000000-0000-0000-0000-00000016D6FB}
F{00000000-0000-0000-0000-0000001BA81F}
T{00000000-0000-0000-0000-0000001CE65E}
T{00000000-0000-0000-0000-000000339EDE}
T{00000000-0000-0000-0000-0000002998ED}
F{00000000-0000-0000-0000-0000000FB2AC}
T{00000000-0000-0000-0000-0000002C86AD}
T{00000000-0000-0000-0000-00000009A75C}
T{00000000-0000-0000-0000-00000026E850}
T{00000000-0000-0000-0000-0000001FBE25}
F{00000000-0000-0000-0000-00000024C269}
F{00000000-0000-0000-0000-000000060817}
T{00000000-0000-0000-0000-0000000CE2E6}
T{00000000-0000-0000-0000-0000002327EC}
T{00000000-0000-0000-0000-0000000A367D}
F{00000000-0000-0000-0000-000000336361}
T{00000000-0000-0000-0000-0000000FD379}
T{00000000-0000-0000-0000-0000002378AD}
T{00000000-0000-0000-0000-0000000A743F}
T{00000000-0000-0000-0000-000000042D20}
T{00000000-0000-0000-0000-0000002E1CB0}
T{00000000-0000-0000-0000-0000001D36F1}
F{00000000-0000-0000-0000-0000002CACBC}
T{00000000-0000-0000-0000-000000018F25}
F{00000000-0000-0000-0000-00000026928C}
T{00000000-0000-0000-0000-00000020F52B}
T{00000000-0000-0000-0000-0000002F9A2C}
T{00000000-0000-0000-0000-0000001D0401}
T{00000000-0000-0000-0000-0000001A9985}
T{00000000-0000-0000-0000-000000325A85}
T{00000000-0000-0000-0000-00000020CA98}
T{00000000-0000-0000-0000-0000000C384A}
T{00000000-0000-0000-0000-000000296716}
T{00000000-0000-0000-0000-00000023B6EB}
T{00000000-0000-0000-0000-00000031572B}
T{00000000-0000-0000-0000-0000002D3FC2}
F{00000000-0000-0000-0000-000000210F05}
T{00000000-0000-0000-0000-000000225F00}
F{00000000-0000-0000-0000-00000000D30C}
F{00000000-0000-0000-0000-000000275A4F}
T{00000000-0000-0000-0000-000000202A48}
T{00000000-0000-0000-0000-0000001D7821}
T{00000000-0000-0000-0000-000000215348}
F{00000000-0000-0000-0000-0000001EB1B9}
T{00000000-0000-0000-0000-0000001EB38B}
T{00000000-0000-0000-0000-000000275A7C}
T{00000000-0000-0000-0000-0000002C8ED7}
F{00000000-0000-0000-0000-00000009D63B}
T{00000000-0000-0000-0000-0000002429DA}
F{00000000-0000-0000-0000-0000000C0A21}
F{00000000-0000-0000-0000-000000099440}
F{00000000-0000-0000-0000-00000010215D}
T{00000000-0000-0000-0000-0000001DA2CE}
F{00000000-0000-0000-0000-0000001BE6D6}
F{00000000-0000-0000-0000-0000002D5353}
T{00000000-0000-0000-0000-0000000AA469}
T{00000000-0000-0000-0000-000000172C6C}
T{00000000-0000-0000-0000-000000073543}
F{00000000-0000-0000-0000-0000002B98FA}
T{00000000-0000-0000-0000-000000162E8D}
T{00000000-0000-0000-0000-00000028C612}
T{00000000-0000-0000-0000-0000002FF4A5}
T{00000000-0000-0000-0000-000000311293}
F{00000000-0000-0000-0000-0000000A5792}
T{00000000-0000-0000-0000-000000028BEA}
F{00000000-0000-0000-0000-000000310E30}
T{00000000-0000-0000-0000-00000011C7E3}
T{00000000-0000-0000-0000-0000000A911B}
T{00000000-0000-0000-0000-000000210F05}
F{00000000-0000-0000-0000-000000007910}
F{00000000-0000-0000-0000-0000001DA545}
T{00000000-0000-0000-0000-0000001FAE7B}
T{00000000-0000-0000-0000-00000016FAD2}
T{00000000-0000-0000-0000-00000013152B}
T{00000000-0000-0000-0000-00000005C5D6}
T{00000000-0000-0000-0000-0000002A0704}
T{00000000-0000-0000-0000-00000000A78C}
F{00000000-0000-0000-0000-000000263C74}
T{00000000-0000-0000-0000-00000009308F}
T{00000000-0000-0000-0000-000000259726}
T{00000000-0000-0000-0000-0000002CEAF2}
T{00000000-0000-0000-0000-0000002B8A51}
F{00000000-0000-0000-0000-0000002467BF}
T{00000000-0000-0000-0000-0000000FC893}
T{00000000-0000-0000-0000-000000015FC7}
F{00000000-0000-0000-0000-0000000C29E6}
F{00000000-0000-0000-0000-0000002122E5}
T{00000000-0000-0000-0000-0000000F3E8F}
T{00000000-0000-0000-0000-00000027A2FF}
T{00000000-0000-0000-0000-000000120F28}
F{00000000-0000-0000-0000-0000002B9CA9}
T{00000000-0000-0000-0000-00000029031D}
T{00000000-0000-0000-0000-000000283290}
T{00000000-0000-0000-0000-000000322082}
F{00000000-0000-0000-0000-000000053A0F}
F{00000000-0000-0000-0000-00000029BD67}
F{00000000-0000-0000-0000-00000013BD56}
T{00000000-0000-0000-0000-0000000C838C}
T{00000000-0000-0000-0000-00000007EAC2}
T{00000000-0000-0000-0000-00000005694B}
T{00000000-0000-0000-0000-000000019835}
T{00000000-0000-0000-0000-00000014C172}
T{00000000-0000-0000-0000-0000002C013B}
F{00000000-0000-0000-0000-000000257ED2}
F{00000000-0000-0000-0000-000000270693}
T{00000000-0000-0000-0000-000000050019}
T{00000000-0000-0000-0000-0000001A8EBD}
T{00000000-0000-0000-0000-00000003CDE0}
T{00000000-0000-0000-0000-000000018540}
F{00000000-0000-0000-0000-00000024E8D0}
F{00000000-0000-0000-0000-000000147F5A}
T{00000000-0000-0000-0000-000000104E8B}
T{00000000-0000-0000-0000-0000001B54CC}
T{00000000-0000-0000-0000-0000000D34BE}
T{00000000-0000-0000-0000-00000032FA21}
T{00000000-0000-0000-0000-0000002A6596}
T{00000000-0000-0000-0000-00000009CB8B}
F{00000000-0000-0000-0000-00000032698B}
T{00000000-0000-0000-0000-0000000213AC}
T{00000000-0000-0000-0000-000000198A61}
F{00000000-0000-0000-0000-0000002768FA}
T{00000000-0000-0000-0000-00000032A2A3}
T{00000000-0000-0000-0000-0000001C4B1C}
T{00000000-0000-0000-0000-00000019D5F5}
T{00000000-0000-0000-0000-00000030F9B8}
T{00000000-0000-0000-0000-0000001A5377}
T{00000000-0000-0000-0000-00000004A5D9}
F{00000000-0000-0000-0000-0000001AE83E}
T{00000000-0000-0000-0000-00000010D0F9}
T{00000000-0000-0000-0000-0000001030F6}
F{00000000-0000-0000-0000-000000326007}
T{00000000-0000-0000-0000-0000000C1C18}
F{00000000-0000-0000-0000-0000000A06FB}
F{00000000-0000-0000-0000-000000031801}
T{00000000-0000-0000-0000-0000001BF7CE}
F{00000000-0000-0000-0000-000000139F40}
T{00000000-0000-0000-0000-00000000F30D}
F{00000000-0000-0000-0000-00000031B2AF}
T{00000000-0000-0000-0000-0000000A74B2}
F{00000000-0000-0000-0000-0000002C299F}
T{00000000-0000-0000-0000-0000000AC938}
F{00000000-0000-0000-0000-00000001E23D}
F{00000000-0000-0000-0000-0000002B9CA9}
F{00000000-0000-0000-0000-0000002C69FD}
T{00000000-0000-0000-0000-0000001B796B}
F{00000000-0000-0000-0000-0000002494C3}
T{00000000-0000-0000-0000-00000032E4D5}
T{00000000-0000-0000-0000-000000287F15}
T{00000000-0000-0000-0000-00000025CA59}
T{00000000-0000-0000-0000-00000013D465}
T{00000000-0000-0000-0000-00000028CBAD}
F{00000000-0000-0000-0000-00000033AD93}
T{00000000-0000-0000-0000-0000001A0CB3}
F{00000000-0000-0000-0000-0000001AF5B8}
F{00000000-0000-0000-0000-0000000FDDF4}
T{00000000-0000-0000-0000-0000002F5359}
F{00000000-0000-0000-0000-000000140E50}
T{00000000-0000-0000-0000-0000000BC483}
T{00000000-0000-0000-0000-000000227286}
F{00000000-0000-0000-0000-0000001746B7}
F{00000000-0000-0000-0000-0000002B9CA9}
F{00000000-0000-0000-0000-000000111B70}
F{00000000-0000-0000-0000-00000027289F}
F{00000000-0000-0000-0000-00000032BB6B}
F{00000000-0000-0000-0000-00000011D496}
T{00000000-0000-0000-0000-0000002B8DD1}
T{00000000-0000-0000-0000-0000002CE150}
T{00000000-0000-0000-0000-000000118143}
T{00000000-0000-0000-0000-0000002C6BF5}
T{00000000-0000-0000-0000-0000000F09A9}
T{00000000-0000-0000-0000-0000000B08BD}
T{00000000-0000-0000-0000-0000000C1E73}
T{00000000-0000-0000-0000-0000001A8051}
T{00000000-0000-0000-0000-0000001E2F87}
T{00000000-0000-0000-0000-00000020C7D6}
T{00000000-0000-0000-0000-00000027899E}
T{00000000-0000-0000-0000-000000330023}
T{00000000-0000-0000-0000-00000010DFF6}
T{00000000-0000-0000-0000-0000002449C9}
T{00000000-0000-0000-0000-000000182131}
F{00000000-0000-0000-0000-000000097145}
T{00000000-0000-0000-0000-0000000D8B86}
F{00000000-0000-0000-0000-000000267BC2}
T{00000000-0000-0000-0000-000000065A6C}
T{00000000-0000-0000-0000-000000263A78}
F{00000000-0000-0000-0000-0000001E3924}
F{00000000-0000-0000-0000-0000001813D8}
F{00000000-0000-0000-0000-00000028E78F}
T{00000000-0000-0000-0000-00000029B45D}
T{00000000-0000-0000-0000-0000000BC483}
T{00000000-0000-0000-0000-0000002EC31F}
T{00000000-0000-0000-0000-0000002D5502}
T{00000000-0000-0000-0000-0000000840E9}
T{00000000-0000-0000-0000-0000000E22D2}
T{00000000-0000-0000-0000-00000009308F}
T{00000000-0000-0000-0000-00000031B1F2}
T{00000000-0000-0000-0000-0000000310A3}
F{00000000-0000-0000-0000-000000007ED1}
T{00000000-0000-0000-0000-0000002D5BA3}
T{00000000-0000-0000-0000-00000012D597}
T{00000000-0000-0000-0000-0000001287E8}
T{00000000-0000-0000-0000-00000001ECA7}
F{00000000-0000-0000-0000-000000122CB0}
T{00000000-0000-0000-0000-000000253960}
T{00000000-0000-0000-0000-00000029C630}
T{00000000-0000-0000-0000-00000026E8AA}
F{00000000-0000-0000-0000-0000001AF5B8}
T{00000000-0000-0000-0000-0000002B18B3}
T{00000000-0000-0000-0000-000000251884}
T{00000000-0000-0000-0000-000000338EAB}
F{00000000-0000-0000-0000-000000308796}
F{00000000-0000-0000-0000-0000001831A7}
T{00000000-0000-0000-0000-00000033AE67}
F{00000000-0000-0000-0000-0000001BA8D0}
T{00000000-0000-0000-0000-0000001D50D9}
F{00000000-0000-0000-0000-00000031F0E6}
T{00000000-0000-0000-0000-0000001FE8A0}
T{00000000-0000-0000-0000-00000029F9DC}
T{00000000-0000-0000-0000-000000331555}
F{00000000-0000-0000-0000-000000005092}
T{00000000-0000-0000-0000-0000001FE50F}
F{00000000-0000-0000-0000-000000244890}
T{00000000-0000-0000-0000-00000006343D}
F{00000000-0000-0000-0000-0000001A871A}
T{00000000-0000-0000-0000-000000264B7B}
T{00000000-0000-0000-0000-00000011659A}
T{00000000-0000-0000-0000-000000289AFD}
F{00000000-0000-0000-0000-0000002F3CCC}
T{00000000-0000-0000-0000-0000000BB0DD}
T{00000000-0000-0000-0000-0000002FB157}
T{00000000-0000-0000-0000-0000003106ED}
T{00000000-0000-0000-0000-0000002F22C8}
T{00000000-0000-0000-0000-000000115D63}
F{00000000-0000-0000-0000-00000009E1DD}
F{00000000-0000-0000-0000-00000021C57A}
T{00000000-0000-0000-0000-0000001C2198}
F{00000000-0000-0000-0000-0000000FB2AC}
F{00000000-0000-0000-0000-00000028C45E}
F{00000000-0000-0000-0000-000000060995}
F{00000000-0000-0000-0000-000000053322}
T{00000000-0000-0000-0000-0000002EE583}
T{00000000-0000-0000-0000-000000166F37}
T{00000000-0000-0000-0000-00000005F78E}
T{00000000-0000-0000-0000-00000015C837}
F{00000000-0000-0000-0000-000000295BCF}
T{00000000-0000-0000-0000-0000001DC35A}
T{00000000-0000-0000-0000-0000001CE3D2}
T{00000000-0000-0000-0000-000000336929}
T{00000000-0000-0000-0000-000000020859}
T{00000000-0000-0000-0000-00000003DC07}
F{00000000-0000-0000-0000-0000001D6FB7}
T{00000000-0000-0000-0000-0000002C7A73}
F{00000000-0000-0000-0000-0000000E3964}
T{00000000-0000-0000-0000-000000259726}
F{00000000-0000-0000-0000-0000000C42D4}
T{00000000-0000-0000-0000-0000000A845B}
T{00000000-0000-0000-0000-000000004029}
T{00000000-0000-0000-0000-0000002F5359}
T{00000000-0000-0000-0000-000000191AFB}
F{00000000-0000-0000-0000-000000091984}
F{00000000-0000-0000-0000-00000009D4EF}
T{00000000-0000-0000-0000-000000122427}
F{00000000-0000-0000-0000-0000001594FA}
T{00000000-0000-0000-0000-0000001D9D0E}
T{00000000-0000-0000-0000-000000202A48}
F{00000000-0000-0000-0000-0000002CD371}
T{00000000-0000-0000-0000-0000002A0A1D}
T{00000000-0000-0000-0000-0000002A7AE1}
F{00000000-0000-0000-0000-0000000BCE16}
F{00000000-0000-0000-0000-0000000DAB70}
F{00000000-0000-0000-0000-0000002E0E9F}
F{00000000-0000-0000-0000-000000245F5D}
F{00000000-0000-0000-0000-0000002C4823}
T{00000000-0000-0000-0000-0000002F9618}
F{00000000-0000-0000-0000-0000001B6EF6}
T{00000000-0000-0000-0000-000000325ECE}
F{00000000-0000-0000-0000-0000000A8ACB}
T{00000000-0000-0000-0000-000000048FF1}
T{00000000-0000-0000-0000-00000016D6F1}
F{00000000-0000-0000-0000-00000012EA12}
F{00000000-0000-0000-0000-000000243AA3}
T{00000000-0000-0000-0000-00000025DEF8}
F{00000000-0000-0000-0000-00000028980F}
T{00000000-0000-0000-0000-0000002E0B34}
T{00000000-0000-0000-0000-00000015C5C4}
F{00000000-0000-0000-0000-0000002E0E9F}
F{00000000-0000-0000-0000-000000089426}
T{00000000-0000-0000-0000-000000153777}
T{00000000-0000-0000-0000-00000018401E}
T{00000000-0000-0000-0000-000000144EAF}
T{00000000-0000-0000-0000-000000330894}
T{00000000-0000-0000-0000-00000017FFEF}
T{00000000-0000-0000-0000-00000024B486}
T{00000000-0000-0000-0000-0000002518B0}
F{00000000-0000-0000-0000-0000002278EC}
T{00000000-0000-0000-0000-000000034329}
T{00000000-0000-0000-0000-000000105EA9}
F{00000000-0000-0000-0000-00000016FB0E}
T{00000000-0000-0000-0000-0000002AC2E1}
F{00000000-0000-0000-0000-0000001DB74C}
F{00000000-0000-0000-0000-000000229D0D}
F{00000000-0000-0000-0000-000000245C0C}
T{00000000-0000-0000-0000-000000087E59}
T{00000000-0000-0000-0000-00000006F94E}
F{00000000-0000-0000-0000-00000003496E}
T{00000000-0000-0000-0000-0000000DEB1C}
F{00000000-0000-0000-0000-000000271353}
T{00000000-0000-0000-0000-00000033518B}
T{00000000-0000-0000-0000-0000002C8ED7}
F{00000000-0000-0000-0000-000000037E74}
F{00000000-0000-0000-0000-000000244987}
T{00000000-0000-0000-0000-0000001F7136}
T{00000000-0000-0000-0000-0000002006F3}
T{00000000-0000-0000-0000-000000115D63}
T{00000000-0000-0000-0000-000000002A6D}
T{00000000-0000-0000-0000-000000168372}
T{00000000-0000-0000-0000-0000002F005C}
T{00000000-0000-0000-0000-00000026E6D2}
F{00000000-0000-0000-0000-0000000C6B65}
T{00000000-0000-0000-0000-00000005C199}
F{00000000-0000-0000-0000-00000016BA6A}
T{00000000-0000-0000-0000-0000002E9142}
F{00000000-0000-0000-0000-0000002C6187}
F{00000000-0000-0000-0000-0000000C34F2}
F{00000000-0000-0000-0000-00000021CF71}
F{00000000-0000-0000-0000-000000270CC6}
T{00000000-0000-0000-0000-0000000554DA}
T{00000000-0000-0000-0000-00000021EE06}
T{00000000-0000-0000-0000-0000000434A2}
F{00000000-0000-0000-0000-0000000AB664}
F{00000000-0000-0000-0000-00000021E8F6}
T{00000000-0000-0000-0000-000000006185}
T{00000000-0000-0000-0000-00000018185E}
T{00000000-0000-0000-0000-0000000BF8F2}
T{00000000-0000-0000-0000-0000000278DB}
T{00000000-0000-0000-0000-0000002F22C8}
T{00000000-0000-0000-0000-0000002443C7}
T{00000000-0000-0000-0000-0000002BBA2E}
F{00000000-0000-0000-0000-0000000FECC1}
T{00000000-0000-0000-0000-00000021E781}
T{00000000-0000-0000-0000-0000000B7C18}
T{00000000-0000-0000-0000-0000001262D7}
T{00000000-0000-0000-0000-0000000C455E}
T{00000000-0000-0000-0000-00000031FD22}
T{00000000-0000-0000-0000-0000001AC033}
F{00000000-0000-0000-0000-0000000C0A21}
F{00000000-0000-0000-0000-000000113C06}
F{00000000-0000-0000-0000-0000001AE83E}
F{00000000-0000-0000-0000-00000026F31D}
T{00000000-0000-0000-0000-0000002F3C70}
T{00000000-0000-0000-0000-0000000C46A9}
F{00000000-0000-0000-0000-0000002FDA95}
F{00000000-0000-0000-0000-0000002BFFD7}
T{00000000-0000-0000-0000-0000000FAF3F}
T{00000000-0000-0000-0000-000000260EFD}
T{00000000-0000-0000-0000-0000001BC8A9}
F{00000000-0000-0000-0000-00000026853A}
T{00000000-0000-0000-0000-000000322082}
F{00000000-0000-0000-0000-0000002211D5}
F{00000000-0000-0000-0000-0000000ED171}
T{00000000-0000-0000-0000-000000167B86}
F{00000000-0000-0000-0000-0000002E4707}
T{00000000-0000-0000-0000-000000199875}
F{00000000-0000-0000-0000-000000226B6F}
F{00000000-0000-0000-0000-0000002FA3FA}
T{00000000-0000-0000-0000-000000107C63}
T{00000000-0000-0000-0000-00000023902B}
T{00000000-0000-0000-0000-0000000A9040}
T{00000000-0000-0000-0000-000000133301}
F{00000000-0000-0000-0000-000000270DC9}
F{00000000-0000-0000-0000-000000172673}
F{00000000-0000-0000-0000-0000000FD4D9}
T{00000000-0000-0000-0000-0000001711FF}
T{00000000-0000-0000-0000-00000006ADAA}
F{00000000-0000-0000-0000-00000007F070}
T{00000000-0000-0000-0000-0000001A6729}
T{00000000-0000-0000-0000-000000124D22}
T{00000000-0000-0000-0000-0000002C0510}
T{00000000-0000-0000-0000-000000295C17}
F{00000000-0000-0000-0000-0000002E314C}
F{00000000-0000-0000-0000-00000031F7C3}
T{00000000-0000-0000-0000-0000000E1B31}
