T{00000000-0000-0000-0000-000000089BE8}
T{00000000-0000-0000-0000-000000036147}
F{00000000-0000-0000-0000-0000000ABEBE}
T{00000000-0000-0000-0000-0000002E4CBC}
T{00000000-0000-0000-0000-0000001AAFD0}
F{00000000-0000-0000-0000-00000020554E}
T{00000000-0000-0000-0000-000000177755}
T{00000000-0000-0000-0000-0000002D1D3A}
T{00000000-0000-0000-0000-000000126939}
T{00000000-0000-0000-0000-00000026DA2B}
F{00000000-0000-0000-0000-00000013B91E}
T{00000000-0000-0000-0000-000000048144}
F{00000000-0000-0000-0000-0000000120E0}
T{00000000-0000-0000-0000-00000009D7F9}
F{00000000-0000-0000-0000-00000013B0E8}
T{00000000-0000-0000-0000-000000022FB5}
T{00000000-0000-0000-0000-0000000E6285}
F{00000000-0000-0000-0000-0000002E3764}
T{00000000-0000-0000-0000-0000001E3272}
T{00000000-0000-0000-0000-00000022362F}
T{00000000-0000-0000-0000-0000002AC78C}
T{00000000-0000-0000-0000-0000000AF7F1}
T{00000000-0000-0000-0000-0000000683EE}
T{00000000-0000-0000-0000-000000040A67}
T{00000000-0000-0000-0000-0000002D3F9E}
T{00000000-0000-0000-0000-00000033AE7C}
F{00000000-0000-0000-0000-000000270E01}
T{00000000-0000-0000-0000-000000331AF9}
T{00000000-0000-0000-0000-000000167274}
T{00000000-0000-0000-0000-00000017DECB}
T{00000000-0000-0000-0000-0000001AC033}
T{00000000-0000-0000-0000-00000020FF19}
T{00000000-0000-0000-0000-00000032FABB}
F{00000000-0000-0000-0000-00000017DCB4}
T{00000000-0000-0000-0000-000000236411}
F{00000000-0000-0000-0000-0000000813D7}
T{00000000-0000-0000-0000-00000024280C}
F{00000000-0000-0000-0000-00000026908C}
T{00000000-0000-0000-0000-00000008978C}
F{00000000-0000-0000-0000-0000001109EF}
T{00000000-0000-0000-0000-0000002A0D85}
T{00000000-0000-0000-0000-00000022B6AF}
F{00000000-0000-0000-0000-000000019B30}
T{00000000-0000-0000-0000-00000019AD8A}
F{00000000-0000-0000-0000-0000001187A9}
F{00000000-0000-0000-0000-000000063398}
F{00000000-0000-0000-0000-00000001C42B}
T{00000000-0000-0000-0000-00000000513B}
F{00000000-0000-0000-0000-0000001E644A}
T{00000000-0000-0000-0000-00000003AD15}
T{00000000-0000-0000-0000-00000022E20C}
F{00000000-0000-0000-0000-000000202712}
T{00000000-0000-0000-0000-00000015AB9D}
T{00000000-0000-0000-0000-000000255F34}
T{00000000-0000-0000-0000-0000000C260D}
T{00000000-0000-0000-0000-0000001346D0}
T{00000000-0000-0000-0000-0000000BAC45}
T{00000000-0000-0000-0000-0000000E02EA}
T{00000000-0000-0000-0000-0000002A7A55}
T{00000000-0000-0000-0000-0000002A8A95}
F{00000000-0000-0000-0000-000000064615}
T{00000000-0000-0000-0000-00000014C0C0}
T{00000000-0000-0000-0000-00000019B2C9}
F{00000000-0000-0000-0000-00000031720F}
T{00000000-0000-0000-0000-00000017704A}
T{00000000-0000-0000-0000-000000265D9E}
T{00000000-0000-0000-0000-000000063526}
T{00000000-0000-0000-0000-000000048C21}
T{00000000-0000-0000-0000-000000316671}
F{00000000-0000-0000-0000-0000001DB186}
F{00000000-0000-0000-0000-0000001461DB}
T{00000000-0000-0000-0000-0000001B5DFD}
T{00000000-0000-0000-0000-0000000FA326}
T{00000000-0000-0000-0000-0000002B6DAE}
F{00000000-0000-0000-0000-00000015815F}
F{00000000-0000-0000-0000-000000264311}
T{00000000-0000-0000-0000-00000029BCB7}
F{00000000-0000-0000-0000-0000000071AA}
F{00000000-0000-0000-0000-000000145CBD}
T{00000000-0000-0000-0000-0000001FE575}
T{00000000-0000-0000-0000-00000032E413}
F{00000000-0000-0000-0000-000000287F15}
F{00000000-0000-0000-0000-000000299B39}
T{00000000-0000-0000-0000-00000009C0D7}
T{00000000-0000-0000-0000-00000029631A}
T{00000000-0000-0000-0000-00000026DA2B}
F{00000000-0000-0000-0000-0000000929D8}
T{00000000-0000-0000-0000-000000336793}
T{00000000-0000-0000-0000-00000005BD19}
F{00000000-0000-0000-0000-00000026926F}
T{00000000-0000-0000-0000-0000002FA1EE}
T{00000000-0000-0000-0000-00000032B0AB}
F{00000000-0000-0000-0000-000000143172}
F{00000000-0000-0000-0000-000000253D59}
F{00000000-0000-0000-0000-000000321648}
T{00000000-0000-0000-0000-0000000C6E22}
T{00000000-0000-0000-0000-000000325504}
F{00000000-0000-0000-0000-0000002CD8A9}
F{00000000-0000-0000-0000-000000304116}
T{00000000-0000-0000-0000-000000282223}
T{00000000-0000-0000-0000-0000001945E2}
T{00000000-0000-0000-0000-000000170039}
F{00000000-0000-0000-0000-00000001AAB3}
F{00000000-0000-0000-0000-0000002819B0}
F{00000000-0000-0000-0000-00000024128D}
T{00000000-0000-0000-0000-000000114493}
F{00000000-0000-0000-0000-00000029C2EF}
F{00000000-0000-0000-0000-000000039837}
F{00000000-0000-0000-0000-000000113B7F}
F{00000000-0000-0000-0000-0000003156F8}
T{00000000-0000-0000-0000-0000000BA52D}
T{00000000-0000-0000-0000-00000026516B}
T{00000000-0000-0000-0000-00000028B072}
T{00000000-0000-0000-0000-0000000BAC45}
F{00000000-0000-0000-0000-00000019EC18}
T{00000000-0000-0000-0000-000000270685}
T{00000000-0000-0000-0000-00000029954B}
T{00000000-0000-0000-0000-00000008AB1F}
T{00000000-0000-0000-0000-000000007934}
T{00000000-0000-0000-0000-0000000B73A1}
T{00000000-0000-0000-0000-0000002F81C4}
T{00000000-0000-0000-0000-0000002600DA}
F{00000000-0000-0000-0000-0000000D9506}
F{00000000-0000-0000-0000-0000002361B7}
F{00000000-0000-0000-0000-0000002078B2}
T{00000000-0000-0000-0000-0000000203C2}
T{00000000-0000-0000-0000-00000013D465}
T{00000000-0000-0000-0000-000000172C6C}
T{00000000-0000-0000-0000-0000001676A2}
F{00000000-0000-0000-0000-0000000FD726}
T{00000000-0000-0000-0000-00000000757C}
T{00000000-0000-0000-0000-0000000C76C8}
T{00000000-0000-0000-0000-0000002E31EF}
T{00000000-0000-0000-0000-0000002AC1AE}
T{00000000-0000-0000-0000-000000327220}
F{00000000-0000-0000-0000-00000016D079}
F{00000000-0000-0000-0000-00000033A0BA}
T{00000000-0000-0000-0000-0000000DC09C}
T{00000000-0000-0000-0000-000000305281}
F{00000000-0000-0000-0000-00000009D2DB}
T{00000000-0000-0000-0000-000000215AF9}
T{00000000-0000-0000-0000-0000000567E6}
T{00000000-0000-0000-0000-00000002D6CE}
T{00000000-0000-0000-0000-00000031F8C0}
F{00000000-0000-0000-0000-0000002A9640}
F{00000000-0000-0000-0000-000000154598}
T{00000000-0000-0000-0000-000000145B0B}
T{00000000-0000-0000-0000-0000000A8D18}
T{00000000-0000-0000-0000-000000301C8E}
T{00000000-0000-0000-0000-0000001069BB}
T{00000000-0000-0000-0000-00000029A3FF}
T{00000000-0000-0000-0000-00000015C5C4}
T{00000000-0000-0000-0000-0000002F5979}
T{00000000-0000-0000-0000-000000178CFF}
F{00000000-0000-0000-0000-00000021E8F6}
F{00000000-0000-0000-0000-000000279364}
F{00000000-0000-0000-0000-0000002ECA3E}
T{00000000-0000-0000-0000-0000002D2D1F}
T{00000000-0000-0000-0000-0000000D9C20}
T{00000000-0000-0000-0000-000000123030}
T{00000000-0000-0000-0000-0000000076E1}
F{00000000-0000-0000-0000-00000007E3BE}
T{00000000-0000-0000-0000-0000002D1D1E}
T{00000000-0000-0000-0000-00000010277E}
T{00000000-0000-0000-0000-000000257A83}
T{00000000-0000-0000-0000-00000029A4EE}
T{00000000-0000-0000-0000-00000021F16D}
F{00000000-0000-0000-0000-0000000346B2}
F{00000000-0000-0000-0000-000000114F6A}
T{00000000-0000-0000-0000-000000265B79}
T{00000000-0000-0000-0000-00000013A8F9}
F{00000000-0000-0000-0000-000000060D38}
F{00000000-0000-0000-0000-0000001129BA}
T{00000000-0000-0000-0000-00000026195A}
T{00000000-0000-0000-0000-00000002AFE6}
T{00000000-0000-0000-0000-00000013FE32}
T{00000000-0000-0000-0000-0000001B5DFD}
T{00000000-0000-0000-0000-00000009228F}
T{00000000-0000-0000-0000-00000011AAE4}
F{00000000-0000-0000-0000-00000027140B}
T{00000000-0000-0000-0000-0000000D89F1}
T{00000000-0000-0000-0000-0000000B0E59}
T{00000000-0000-0000-0000-000000250939}
T{00000000-0000-0000-0000-000000118C64}
F{00000000-0000-0000-0000-0000001BE6D6}
T{00000000-0000-0000-0000-0000002E9332}
T{00000000-0000-0000-0000-000000269616}
T{00000000-0000-0000-0000-00000033245B}
T{00000000-0000-0000-0000-00000001A16F}
F{00000000-0000-0000-0000-00000032AFCF}
T{00000000-0000-0000-0000-00000029715F}
T{00000000-0000-0000-0000-000000148746}
T{00000000-0000-0000-0000-0000000F94A1}
T{00000000-0000-0000-0000-00000012A5F0}
T{00000000-0000-0000-0000-0000000D1C66}
F{00000000-0000-0000-0000-0000002A8596}
T{00000000-0000-0000-0000-0000002A8531}
T{00000000-0000-0000-0000-000000104887}
T{00000000-0000-0000-0000-0000000B73A1}
T{00000000-0000-0000-0000-0000002E0958}
T{00000000-0000-0000-0000-0000002E4CBC}
F{00000000-0000-0000-0000-00000021E8F6}
T{00000000-0000-0000-0000-0000002704B0}
F{00000000-0000-0000-0000-0000000CF2D0}
T{00000000-0000-0000-0000-0000001C6616}
F{00000000-0000-0000-0000-000000105E37}
T{00000000-0000-0000-0000-00000015C837}
T{00000000-0000-0000-0000-00000007FC83}
F{00000000-0000-0000-0000-0000002E9D5F}
T{00000000-0000-0000-0000-000000291868}
F{00000000-0000-0000-0000-0000002C95F6}
T{00000000-0000-0000-0000-00000002AFE6}
F{00000000-0000-0000-0000-000000111B70}
T{00000000-0000-0000-0000-00000002BB0D}
T{00000000-0000-0000-0000-000000051CC8}
F{00000000-0000-0000-0000-00000016F0D6}
T{00000000-0000-0000-0000-00000016816A}
T{00000000-0000-0000-0000-0000001B5D7A}
T{00000000-0000-0000-0000-0000002B3883}
T{00000000-0000-0000-0000-000000165DBF}
T{00000000-0000-0000-0000-000000308665}
T{00000000-0000-0000-0000-0000001818B0}
T{00000000-0000-0000-0000-0000002B300E}
F{00000000-0000-0000-0000-0000002728DA}
T{00000000-0000-0000-0000-0000000E5740}
F{00000000-0000-0000-0000-0000000A9F0E}
F{00000000-0000-0000-0000-00000002FF57}
T{00000000-0000-0000-0000-0000000D93FC}
T{00000000-0000-0000-0000-00000007F0A5}
F{00000000-0000-0000-0000-0000002C5567}
T{00000000-0000-0000-0000-0000002D0022}
F{00000000-0000-0000-0000-0000002FC356}
T{00000000-0000-0000-0000-0000002A99EC}
F{00000000-0000-0000-0000-0000000EFCB1}
T{00000000-0000-0000-0000-00000022B23B}
T{00000000-0000-0000-0000-000000137A5B}
F{00000000-0000-0000-0000-0000001AE83E}
T{00000000-0000-0000-0000-00000007C603}
T{00000000-0000-0000-0000-000000164208}
T{00000000-0000-0000-0000-0000000C1C18}
T{00000000-0000-0000-0000-000000027825}
T{00000000-0000-0000-0000-0000000FE302}
F{00000000-0000-0000-0000-0000001D26F3}
T{00000000-0000-0000-0000-00000007D0B3}
T{00000000-0000-0000-0000-00000024296B}
T{00000000-0000-0000-0000-0000001A6C45}
T{00000000-0000-0000-0000-000000277E96}
T{00000000-0000-0000-0000-000000048DE2}
F{00000000-0000-0000-0000-0000001DB268}
T{00000000-0000-0000-0000-00000032E413}
T{00000000-0000-0000-0000-00000029E4DD}
T{00000000-0000-0000-0000-000000105EE3}
T{00000000-0000-0000-0000-000000335A24}
T{00000000-0000-0000-0000-00000006DB00}
T{00000000-0000-0000-0000-00000026FC87}
F{00000000-0000-0000-0000-000000213A88}
F{00000000-0000-0000-0000-0000002F8163}
F{00000000-0000-0000-0000-00000018264F}
T{00000000-0000-0000-0000-0000001FE497}
T{00000000-0000-0000-0000-00000016B9B3}
T{00000000-0000-0000-0000-00000023387D}
F{00000000-0000-0000-0000-000000184B97}
T{00000000-0000-0000-0000-000000335CDF}
T{00000000-0000-0000-0000-000000119E20}
F{00000000-0000-0000-0000-00000032E6F6}
F{00000000-0000-0000-0000-00000029C2EF}
T{00000000-0000-0000-0000-0000000CEE35}
T{00000000-0000-0000-0000-00000019EF0C}
T{00000000-0000-0000-0000-0000001EAB7A}
F{00000000-0000-0000-0000-0000002F9D8A}
T{00000000-0000-0000-0000-0000002F8ADD}
F{00000000-0000-0000-0000-000000039877}
F{00000000-0000-0000-0000-000000172688}
F{00000000-0000-0000-0000-000000165EB8}
F{00000000-0000-0000-0000-00000029CB1D}
T{00000000-0000-0000-0000-0000000C465E}
T{00000000-0000-0000-0000-0000001F00C0}
T{00000000-0000-0000-0000-0000003302FC}
T{00000000-0000-0000-0000-0000000D513E}
T{00000000-0000-0000-0000-00000003973E}
F{00000000-0000-0000-0000-0000002BDF68}
T{00000000-0000-0000-0000-0000002E2D07}
T{00000000-0000-0000-0000-0000000C9E7C}
F{00000000-0000-0000-0000-0000002D4012}
T{00000000-0000-0000-0000-0000002A7A74}
F{00000000-0000-0000-0000-0000002E0E9F}
T{00000000-0000-0000-0000-000000153C95}
T{00000000-0000-0000-0000-0000000316C7}
T{00000000-0000-0000-0000-000000282223}
F{00000000-0000-0000-0000-000000237D40}
F{00000000-0000-0000-0000-0000000F84E7}
T{00000000-0000-0000-0000-00000007E058}
T{00000000-0000-0000-0000-0000002F7E3D}
F{00000000-0000-0000-0000-000000210458}
T{00000000-0000-0000-0000-00000008BBE4}
T{00000000-0000-0000-0000-0000001733BD}
T{00000000-0000-0000-0000-000000325ECE}
T{00000000-0000-0000-0000-000000304479}
T{00000000-0000-0000-0000-0000000D48CA}
T{00000000-0000-0000-0000-000000002A6D}
F{00000000-0000-0000-0000-00000003FD61}
T{00000000-0000-0000-0000-00000007865D}
T{00000000-0000-0000-0000-0000001956DB}
T{00000000-0000-0000-0000-00000015C2BD}
T{00000000-0000-0000-0000-0000000DA58A}
F{00000000-0000-0000-0000-0000000917E0}
F{00000000-0000-0000-0000-0000000B6F8C}
T{00000000-0000-0000-0000-00000017DBE5}
F{00000000-0000-0000-0000-0000000FB2AC}
T{00000000-0000-0000-0000-000000310C67}
F{00000000-0000-0000-0000-0000000E6E55}
F{00000000-0000-0000-0000-000000157C8A}
T{00000000-0000-0000-0000-000000152DBE}
T{00000000-0000-0000-0000-000000118322}
F{00000000-0000-0000-0000-0000000A06FB}
F{00000000-0000-0000-0000-0000002F9D8A}
F{00000000-0000-0000-0000-000000259F1C}
T{00000000-0000-0000-0000-00000033947F}
T{00000000-0000-0000-0000-00000029A4EE}
F{00000000-0000-0000-0000-0000002950B5}
F{00000000-0000-0000-0000-000000098DB8}
T{00000000-0000-0000-0000-000000247E6A}
F{00000000-0000-0000-0000-00000030E2E5}
T{00000000-0000-0000-0000-00000031D0F9}
T{00000000-0000-0000-0000-00000031A79E}
T{00000000-0000-0000-0000-0000001C71D0}
T{00000000-0000-0000-0000-00000000814D}
T{00000000-0000-0000-0000-0000000B7EF9}
F{00000000-0000-0000-0000-0000001633C3}
T{00000000-0000-0000-0000-0000002E0958}
T{00000000-0000-0000-0000-00000032E413}
F{00000000-0000-0000-0000-00000004A47F}
F{00000000-0000-0000-0000-0000003019AD}
T{00000000-0000-0000-0000-000000064EFA}
T{00000000-0000-0000-0000-00000016BE6E}
F{00000000-0000-0000-0000-00000029C2EF}
T{00000000-0000-0000-0000-00000005D69A}
T{00000000-0000-0000-0000-0000001E3028}
T{00000000-0000-0000-0000-00000019484E}
T{00000000-0000-0000-0000-00000021050F}
F{00000000-0000-0000-0000-000000028B7A}
F{00000000-0000-0000-0000-00000024A6D8}
T{00000000-0000-0000-0000-0000001C284A}
T{00000000-0000-0000-0000-000000148E09}
T{00000000-0000-0000-0000-00000032D11A}
T{00000000-0000-0000-0000-0000001EA9F1}
T{00000000-0000-0000-0000-000000339597}
T{00000000-0000-0000-0000-000000234D60}
T{00000000-0000-0000-0000-000000138954}
F{00000000-0000-0000-0000-0000002C4EFE}
T{00000000-0000-0000-0000-0000002645D9}
T{00000000-0000-0000-0000-0000001B8F20}
T{00000000-0000-0000-0000-00000005FEC5}
F{00000000-0000-0000-0000-00000019B67A}
F{00000000-0000-0000-0000-000000212706}
F{00000000-0000-0000-0000-000000222A3E}
F{00000000-0000-0000-0000-00000005E3F4}
T{00000000-0000-0000-0000-00000009EEF6}
T{00000000-0000-0000-0000-000000201EF6}
T{00000000-0000-0000-0000-00000027788D}
F{00000000-0000-0000-0000-0000002E4C7F}
F{00000000-0000-0000-0000-0000000DF8B1}
T{00000000-0000-0000-0000-000000074F13}
F{00000000-0000-0000-0000-000000004F77}
F{00000000-0000-0000-0000-00000031EBC3}
T{00000000-0000-0000-0000-00000029FB23}
T{00000000-0000-0000-0000-000000249E86}
F{00000000-0000-0000-0000-00000014AEB7}
T{00000000-0000-0000-0000-00000029BCB7}
T{00000000-0000-0000-0000-0000001DA94C}
T{00000000-0000-0000-0000-000000071984}
F{00000000-0000-0000-0000-00000011A66A}
F{00000000-0000-0000-0000-0000003011F7}
T{00000000-0000-0000-0000-000000336110}
T{00000000-0000-0000-0000-0000001CEA25}
F{00000000-0000-0000-0000-0000001E932F}
F{00000000-0000-0000-0000-0000001C7E16}
F{00000000-0000-0000-0000-00000031720F}
T{00000000-0000-0000-0000-000000169E5F}
T{00000000-0000-0000-0000-0000002CE45A}
F{00000000-0000-0000-0000-000000137926}
F{00000000-0000-0000-0000-0000002631EE}
T{00000000-0000-0000-0000-000000008C7C}
T{00000000-0000-0000-0000-000000031168}
F{00000000-0000-0000-0000-000000251BCD}
F{00000000-0000-0000-0000-0000001E2362}
F{00000000-0000-0000-0000-000000329B21}
T{00000000-0000-0000-0000-0000001AEBA7}
T{00000000-0000-0000-0000-00000002AFE6}
T{00000000-0000-0000-0000-000000137926}
T{00000000-0000-0000-0000-0000000FC907}
T{00000000-0000-0000-0000-0000002332F0}
T{00000000-0000-0000-0000-000000178A7B}
F{00000000-0000-0000-0000-0000000A1515}
T{00000000-0000-0000-0000-0000000081C6}
T{00000000-0000-0000-0000-0000003142C0}
T{00000000-0000-0000-0000-00000012A78D}
T{00000000-0000-0000-0000-000000096B1A}
F{00000000-0000-0000-0000-00000017BAF9}
T{00000000-0000-0000-0000-0000001D22D2}
T{00000000-0000-0000-0000-000000116A55}
F{00000000-0000-0000-0000-0000000A5811}
F{00000000-0000-0000-0000-0000000D0CBC}
F{00000000-0000-0000-0000-00000017358C}
F{00000000-0000-0000-0000-000000235C6F}
T{00000000-0000-0000-0000-000000171C2F}
T{00000000-0000-0000-0000-000000047883}
T{00000000-0000-0000-0000-000000008C7C}
F{00000000-0000-0000-0000-0000000928C2}
F{00000000-0000-0000-0000-00000015BDE3}
F{00000000-0000-0000-0000-0000000C439B}
T{00000000-0000-0000-0000-0000002BDE7D}
T{00000000-0000-0000-0000-0000000B0FEF}
T{00000000-0000-0000-0000-0000003244F3}
F{00000000-0000-0000-0000-00000010DF30}
T{00000000-0000-0000-0000-00000019DE58}
F{00000000-0000-0000-0000-000000319D12}
T{00000000-0000-0000-0000-00000033AE67}
T{00000000-0000-0000-0000-00000016BB86}
T{00000000-0000-0000-0000-0000002C5567}
T{00000000-0000-0000-0000-00000020ED18}
T{00000000-0000-0000-0000-0000001B9F31}
T{00000000-0000-0000-0000-0000001DBF7D}
F{00000000-0000-0000-0000-0000000BF8B3}
F{00000000-0000-0000-0000-0000002819B0}
T{00000000-0000-0000-0000-00000014455B}
T{00000000-0000-0000-0000-0000000FE05D}
T{00000000-0000-0000-0000-00000025396E}
T{00000000-0000-0000-0000-00000024E7DE}
T{00000000-0000-0000-0000-00000029A3FF}
T{00000000-0000-0000-0000-0000002A3BC9}
F{00000000-0000-0000-0000-0000000114A7}
F{00000000-0000-0000-0000-000000336361}
T{00000000-0000-0000-0000-00000012A6B9}
T{00000000-0000-0000-0000-000000330872}
T{00000000-0000-0000-0000-00000009748A}
F{00000000-0000-0000-0000-0000001CFA3F}
F{00000000-0000-0000-0000-0000002ACE76}
T{00000000-0000-0000-0000-00000005C5D6}
T{00000000-0000-0000-0000-00000011E025}
T{00000000-0000-0000-0000-0000002A7E7B}
T{00000000-0000-0000-0000-0000001078BD}
T{00000000-0000-0000-0000-000000091B4B}
T{00000000-0000-0000-0000-00000010927E}
F{00000000-0000-0000-0000-0000002B054E}
F{00000000-0000-0000-0000-0000001894F4}
F{00000000-0000-0000-0000-00000016F860}
T{00000000-0000-0000-0000-00000010EEFB}
T{00000000-0000-0000-0000-000000066E27}
T{00000000-0000-0000-0000-000000339822}
T{00000000-0000-0000-0000-0000001B5405}
F{00000000-0000-0000-0000-0000003397F4}
T{00000000-0000-0000-0000-000000029B90}
F{00000000-0000-0000-0000-0000002536E9}
F{00000000-0000-0000-0000-0000002D461D}
F{00000000-0000-0000-0000-0000002B0555}
T{00000000-0000-0000-0000-0000000FA0B1}
T{00000000-0000-0000-0000-000000173418}
T{00000000-0000-0000-0000-000000140CAE}
T{00000000-0000-0000-0000-00000020CCBF}
T{00000000-0000-0000-0000-0000000CF417}
F{00000000-0000-0000-0000-0000000A3974}
F{00000000-0000-0000-0000-0000001DE2E1}
T{00000000-0000-0000-0000-000000040EE1}
F{00000000-0000-0000-0000-0000000A5811}
T{00000000-0000-0000-0000-00000002CD7A}
F{00000000-0000-0000-0000-0000002D7348}
F{00000000-0000-0000-0000-00000008DE54}
T{00000000-0000-0000-0000-0000002D5954}
T{00000000-0000-0000-0000-00000032F5D9}
T{00000000-0000-0000-0000-0000001929A1}
F{00000000-0000-0000-0000-0000002179E5}
T{00000000-0000-0000-0000-000000170E83}
T{00000000-0000-0000-0000-0000002007A4}
T{00000000-0000-0000-0000-0000003351B3}
T{00000000-0000-0000-0000-000000175FEF}
F{00000000-0000-0000-0000-0000002F16BE}
T{00000000-0000-0000-0000-000000171FF1}
T{00000000-0000-0000-0000-00000032FFA7}
F{00000000-0000-0000-0000-0000002C06BA}
T{00000000-0000-0000-0000-0000001E3028}
T{00000000-0000-0000-0000-0000000C9116}
F{00000000-0000-0000-0000-0000003150EC}
F{00000000-0000-0000-0000-0000001AF208}
F{00000000-0000-0000-0000-0000002ACE76}
F{00000000-0000-0000-0000-000000289A95}
T{00000000-0000-0000-0000-0000001003FD}
F{00000000-0000-0000-0000-0000002ECA3E}
F{00000000-0000-0000-0000-000000299B39}
T{00000000-0000-0000-0000-0000002A48F9}
T{00000000-0000-0000-0000-0000000ABEBE}
F{00000000-0000-0000-0000-0000002D536B}
T{00000000-0000-0000-0000-0000001DC846}
T{00000000-0000-0000-0000-000000010D53}
T{00000000-0000-0000-0000-000000012E4C}
T{00000000-0000-0000-0000-00000016D89A}
T{00000000-0000-0000-0000-0000003244F3}
T{00000000-0000-0000-0000-00000014E663}
T{00000000-0000-0000-0000-000000153FDF}
F{00000000-0000-0000-0000-0000000D6338}
T{00000000-0000-0000-0000-00000009748A}
F{00000000-0000-0000-0000-0000000FDB15}
T{00000000-0000-0000-0000-00000001FA50}
F{00000000-0000-0000-0000-00000023EE07}
T{00000000-0000-0000-0000-0000002E0398}
T{00000000-0000-0000-0000-0000002AD8E4}
F{00000000-0000-0000-0000-000000109228}
T{00000000-0000-0000-0000-00000026C499}
T{00000000-0000-0000-0000-000000008C7C}
F{00000000-0000-0000-0000-00000000F52C}
T{00000000-0000-0000-0000-0000000A9245}
F{00000000-0000-0000-0000-0000002C99F1}
T{00000000-0000-0000-0000-000000268FB4}
T{00000000-0000-0000-0000-000000072F4D}
F{00000000-0000-0000-0000-000000264311}
F{00000000-0000-0000-0000-0000002E5619}
T{00000000-0000-0000-0000-0000003149A8}
T{00000000-0000-0000-0000-000000091B3D}
T{00000000-0000-0000-0000-000000144EA0}
T{00000000-0000-0000-0000-0000001DD373}
T{00000000-0000-0000-0000-0000001064E8}
T{00000000-0000-0000-0000-00000021E310}
T{00000000-0000-0000-0000-0000002DFEE2}
T{00000000-0000-0000-0000-0000002776AA}
T{00000000-0000-0000-0000-000000118DFD}
T{00000000-0000-0000-0000-000000083408}
T{00000000-0000-0000-0000-00000028EC87}
T{00000000-0000-0000-0000-0000000F84E7}
T{00000000-0000-0000-0000-0000000E6285}
F{00000000-0000-0000-0000-0000001A5C09}
T{00000000-0000-0000-0000-000000037C08}
T{00000000-0000-0000-0000-00000012D86F}
F{00000000-0000-0000-0000-0000001024E5}
T{00000000-0000-0000-0000-0000002D4E8E}
T{00000000-0000-0000-0000-00000026597F}
T{00000000-0000-0000-0000-0000000C4A02}
T{00000000-0000-0000-0000-0000000AEE23}
T{00000000-0000-0000-0000-0000001362D5}
T{00000000-0000-0000-0000-000000018226}
T{00000000-0000-0000-0000-0000002FA1D4}
F{00000000-0000-0000-0000-0000001D398B}
F{00000000-0000-0000-0000-0000002FBEF4}
F{00000000-0000-0000-0000-000000281B23}
F{00000000-0000-0000-0000-0000000A06FB}
T{00000000-0000-0000-0000-00000027F64D}
F{00000000-0000-0000-0000-0000001AE83E}
T{00000000-0000-0000-0000-00000021A1E0}
T{00000000-0000-0000-0000-00000009E7CA}
T{00000000-0000-0000-0000-0000000451DA}
T{00000000-0000-0000-0000-000000045B32}
F{00000000-0000-0000-0000-0000002C74C9}
F{00000000-0000-0000-0000-0000002C9458}
F{00000000-0000-0000-0000-0000000EAA83}
T{00000000-0000-0000-0000-0000000F65A0}
T{00000000-0000-0000-0000-00000011E78D}
T{00000000-0000-0000-0000-00000001C17E}
F{00000000-0000-0000-0000-00000018CD3C}
F{00000000-0000-0000-0000-00000016BA6A}
F{00000000-0000-0000-0000-000000319D12}
F{00000000-0000-0000-0000-000000302768}
T{00000000-0000-0000-0000-000000027909}
T{00000000-0000-0000-0000-0000001BF2AC}
T{00000000-0000-0000-0000-00000008A894}
F{00000000-0000-0000-0000-0000002FB157}
F{00000000-0000-0000-0000-000000103C79}
T{00000000-0000-0000-0000-000000238FEB}
T{00000000-0000-0000-0000-0000000FAFD7}
F{00000000-0000-0000-0000-000000210D7D}
T{00000000-0000-0000-0000-0000002C60BC}
F{00000000-0000-0000-0000-0000002390CE}
T{00000000-0000-0000-0000-0000002E4C7F}
T{00000000-0000-0000-0000-000000257A83}
T{00000000-0000-0000-0000-000000028813}
T{00000000-0000-0000-0000-000000153AC4}
T{00000000-0000-0000-0000-0000001A39AD}
T{00000000-0000-0000-0000-000000032C44}
T{00000000-0000-0000-0000-000000320CC9}
T{00000000-0000-0000-0000-000000022F81}
T{00000000-0000-0000-0000-0000002F45CC}
T{00000000-0000-0000-0000-0000000071AA}
F{00000000-0000-0000-0000-00000021C1B7}
T{00000000-0000-0000-0000-0000001328AC}
F{00000000-0000-0000-0000-000000131767}
T{00000000-0000-0000-0000-0000002E383E}
F{00000000-0000-0000-0000-00000024C26F}
T{00000000-0000-0000-0000-00000011AAE4}
T{00000000-0000-0000-0000-0000002834B4}
T{00000000-0000-0000-0000-000000138862}
T{00000000-0000-0000-0000-000000042C50}
F{00000000-0000-0000-0000-00000032B96F}
T{00000000-0000-0000-0000-00000005500A}
T{00000000-0000-0000-0000-0000002D26B3}
T{00000000-0000-0000-0000-000000103F45}
T{00000000-0000-0000-0000-0000000C9E7C}
F{00000000-0000-0000-0000-00000002C3AA}
T{00000000-0000-0000-0000-0000002C6839}
T{00000000-0000-0000-0000-0000003328D0}
T{00000000-0000-0000-0000-000000238718}
T{00000000-0000-0000-0000-0000002F6EB0}
T{00000000-0000-0000-0000-00000016B01C}
F{00000000-0000-0000-0000-0000000F9EC8}
T{00000000-0000-0000-0000-00000016B9B3}
T{00000000-0000-0000-0000-00000032088E}
T{00000000-0000-0000-0000-0000003232BF}
F{00000000-0000-0000-0000-0000000BB9D4}
T{00000000-0000-0000-0000-0000000949E1}
F{00000000-0000-0000-0000-0000000AC358}
T{00000000-0000-0000-0000-0000000DAF33}
F{00000000-0000-0000-0000-0000000FA8D5}
T{00000000-0000-0000-0000-00000010A9BD}
T{00000000-0000-0000-0000-0000000CEFAA}
T{00000000-0000-0000-0000-0000001F07B8}
T{00000000-0000-0000-0000-00000029C2EF}
T{00000000-0000-0000-0000-00000024A4E7}
T{00000000-0000-0000-0000-0000000D2C9C}
F{00000000-0000-0000-0000-00000014652A}
T{00000000-0000-0000-0000-00000020B34E}
T{00000000-0000-0000-0000-00000029E2F7}
F{00000000-0000-0000-0000-000000251BCD}
T{00000000-0000-0000-0000-0000001E9031}
T{00000000-0000-0000-0000-000000184757}
F{00000000-0000-0000-0000-0000002DC1A8}
F{00000000-0000-0000-0000-0000001265F4}
F{00000000-0000-0000-0000-0000002C28C3}
T{00000000-0000-0000-0000-00000011EEBE}
T{00000000-0000-0000-0000-0000002D8997}
F{00000000-0000-0000-0000-0000002853F7}
F{00000000-0000-0000-0000-0000000E75F6}
T{00000000-0000-0000-0000-000000064EFA}
T{00000000-0000-0000-0000-00000020413D}
T{00000000-0000-0000-0000-0000000EE209}
T{00000000-0000-0000-0000-0000000DECB9}
F{00000000-0000-0000-0000-000000184E75}
T{00000000-0000-0000-0000-0000000B008B}
T{00000000-0000-0000-0000-000000207E34}
F{00000000-0000-0000-0000-0000002099FA}
T{00000000-0000-0000-0000-0000001B9E27}
F{00000000-0000-0000-0000-00000008DF2C}
F{00000000-0000-0000-0000-00000031EBC3}
T{00000000-0000-0000-0000-000000238FCF}
F{00000000-0000-0000-0000-000000059D2F}
T{00000000-0000-0000-0000-000000089D5E}
T{00000000-0000-0000-0000-0000000A911B}
F{00000000-0000-0000-0000-000000096AB9}
T{00000000-0000-0000-0000-000000179654}
T{00000000-0000-0000-0000-0000003005DD}
T{00000000-0000-0000-0000-00000012ADAD}
T{00000000-0000-0000-0000-00000001A51B}
F{00000000-0000-0000-0000-0000000D16FA}
T{00000000-0000-0000-0000-00000032E508}
T{00000000-0000-0000-0000-00000007A90A}
T{00000000-0000-0000-0000-0000001685A8}
T{00000000-0000-0000-0000-0000000F6F30}
T{00000000-0000-0000-0000-0000000E96D9}
T{00000000-0000-0000-0000-0000000F84E7}
T{00000000-0000-0000-0000-000000164B7F}
T{00000000-0000-0000-0000-00000030EF03}
T{00000000-0000-0000-0000-0000001C2C6B}
F{00000000-0000-0000-0000-0000002D4F1C}
T{00000000-0000-0000-0000-00000016B9B3}
T{00000000-0000-0000-0000-000000274F31}
T{00000000-0000-0000-0000-000000270476}
T{00000000-0000-0000-0000-0000000FFD54}
T{00000000-0000-0000-0000-0000000127F6}
T{00000000-0000-0000-0000-000000106389}
F{00000000-0000-0000-0000-000000244AD3}
T{00000000-0000-0000-0000-00000001B79B}
T{00000000-0000-0000-0000-00000026877E}
T{00000000-0000-0000-0000-00000030EF01}
F{00000000-0000-0000-0000-00000024D328}
T{00000000-0000-0000-0000-000000132CBD}
T{00000000-0000-0000-0000-0000000589A0}
T{00000000-0000-0000-0000-0000002389C9}
T{00000000-0000-0000-0000-0000000E4264}
F{00000000-0000-0000-0000-0000001831A7}
T{00000000-0000-0000-0000-0000002A7874}
F{00000000-0000-0000-0000-0000000ADB6D}
F{00000000-0000-0000-0000-0000001DC846}
T{00000000-0000-0000-0000-000000212DB9}
T{00000000-0000-0000-0000-00000006308D}
T{00000000-0000-0000-0000-0000002805D1}
T{00000000-0000-0000-0000-0000000F1AE8}
F{00000000-0000-0000-0000-0000002E2FAF}
T{00000000-0000-0000-0000-0000002ACC91}
F{00000000-0000-0000-0000-0000002B10DC}
F{00000000-0000-0000-0000-00000031B2AF}
T{00000000-0000-0000-0000-0000002332F0}
F{00000000-0000-0000-0000-000000270CC6}
T{00000000-0000-0000-0000-000000311155}
F{00000000-0000-0000-0000-00000028813D}
T{00000000-0000-0000-0000-0000000DA78A}
T{00000000-0000-0000-0000-0000002D418B}
T{00000000-0000-0000-0000-0000002BAC1F}
T{00000000-0000-0000-0000-000000171E7F}
T{00000000-0000-0000-0000-00000003EF81}
T{00000000-0000-0000-0000-00000010D742}
T{00000000-0000-0000-0000-0000001976B9}
F{00000000-0000-0000-0000-000000194762}
T{00000000-0000-0000-0000-000000043346}
T{00000000-0000-0000-0000-00000030858D}
T{00000000-0000-0000-0000-000000130604}
T{00000000-0000-0000-0000-000000298396}
T{00000000-0000-0000-0000-0000001EA2C0}
F{00000000-0000-0000-0000-0000001464E5}
T{00000000-0000-0000-0000-000000107092}
T{00000000-0000-0000-0000-0000002F51EC}
F{00000000-0000-0000-0000-0000002897F9}
T{00000000-0000-0000-0000-0000002CA2D2}
T{00000000-0000-0000-0000-0000000BA9FB}
F{00000000-0000-0000-0000-00000006E062}
F{00000000-0000-0000-0000-0000002C532B}
T{00000000-0000-0000-0000-0000000F5AF9}
T{00000000-0000-0000-0000-000000170E83}
T{00000000-0000-0000-0000-0000000A17A4}
T{00000000-0000-0000-0000-0000000C43AC}
T{00000000-0000-0000-0000-00000005FB8C}
F{00000000-0000-0000-0000-00000009BCBD}
T{00000000-0000-0000-0000-0000000FD5BA}
F{00000000-0000-0000-0000-0000001746B7}
T{00000000-0000-0000-0000-0000000131D3}
T{00000000-0000-0000-0000-000000048D09}
F{00000000-0000-0000-0000-0000000FB5F9}
F{00000000-0000-0000-0000-0000001D6FB7}
F{00000000-0000-0000-0000-0000001F8E5A}
F{00000000-0000-0000-0000-00000022178C}
F{00000000-0000-0000-0000-0000000A17FA}
F{00000000-0000-0000-0000-00000032B143}
T{00000000-0000-0000-0000-00000020B0E5}
T{00000000-0000-0000-0000-00000016FB99}
F{00000000-0000-0000-0000-0000000DAB70}
T{00000000-0000-0000-0000-000000086B51}
T{00000000-0000-0000-0000-000000059DC9}
F{00000000-0000-0000-0000-00000005814E}
T{00000000-0000-0000-0000-00000005AA52}
T{00000000-0000-0000-0000-000000335DAB}
T{00000000-0000-0000-0000-0000002477C7}
T{00000000-0000-0000-0000-0000001FBAF0}
T{00000000-0000-0000-0000-00000012B1D2}
T{00000000-0000-0000-0000-0000002D0C18}
T{00000000-0000-0000-0000-000000335A24}
T{00000000-0000-0000-0000-00000009A733}
T{00000000-0000-0000-0000-00000032AF95}
T{00000000-0000-0000-0000-00000000E7C3}
F{00000000-0000-0000-0000-0000002C9942}
F{00000000-0000-0000-0000-0000002ED01C}
T{00000000-0000-0000-0000-00000033AE7C}
F{00000000-0000-0000-0000-0000002A4374}
F{00000000-0000-0000-0000-0000001D699A}
T{00000000-0000-0000-0000-0000000F09A9}
T{00000000-0000-0000-0000-000000111F8E}
T{00000000-0000-0000-0000-0000002A84DF}
T{00000000-0000-0000-0000-000000083408}
T{00000000-0000-0000-0000-000000010AAA}
T{00000000-0000-0000-0000-0000000977BA}
T{00000000-0000-0000-0000-0000002FD32B}
F{00000000-0000-0000-0000-000000075A7C}
T{00000000-0000-0000-0000-0000000719B7}
T{00000000-0000-0000-0000-00000028313B}
T{00000000-0000-0000-0000-0000000594F5}
T{00000000-0000-0000-0000-0000000C17BA}
T{00000000-0000-0000-0000-00000024876F}
T{00000000-0000-0000-0000-00000016ADF2}
T{00000000-0000-0000-0000-0000000AABBA}
T{00000000-0000-0000-0000-000000323AEC}
F{00000000-0000-0000-0000-000000173168}
T{00000000-0000-0000-0000-0000002C217E}
T{00000000-0000-0000-0000-0000003275C3}
T{00000000-0000-0000-0000-0000002F609B}
T{00000000-0000-0000-0000-0000002E26E2}
F{00000000-0000-0000-0000-000000171D96}
T{00000000-0000-0000-0000-000000027909}
T{00000000-0000-0000-0000-00000009D499}
F{00000000-0000-0000-0000-00000026908C}
F{00000000-0000-0000-0000-00000023D0EB}
T{00000000-0000-0000-0000-00000012A5C2}
T{00000000-0000-0000-0000-0000003149A8}
T{00000000-0000-0000-0000-000000330FA2}
T{00000000-0000-0000-0000-0000001531F9}
F{00000000-0000-0000-0000-00000032083C}
F{00000000-0000-0000-0000-000000263C74}
T{00000000-0000-0000-0000-000000097ED7}
T{00000000-0000-0000-0000-000000314A2B}
T{00000000-0000-0000-0000-00000028200A}
F{00000000-0000-0000-0000-00000011C1D0}
F{00000000-0000-0000-0000-0000001EA0F5}
T{00000000-0000-0000-0000-000000028E4A}
F{00000000-0000-0000-0000-00000028F298}
T{00000000-0000-0000-0000-0000001CE3D2}
T{00000000-0000-0000-0000-0000001ED6E0}
T{00000000-0000-0000-0000-000000299FFC}
T{00000000-0000-0000-0000-000000033A9F}
T{00000000-0000-0000-0000-00000030FFAB}
T{00000000-0000-0000-0000-0000001059F3}
F{00000000-0000-0000-0000-00000026F9E1}
T{00000000-0000-0000-0000-000000010AAA}
T{00000000-0000-0000-0000-000000322C12}
T{00000000-0000-0000-0000-000000062468}
F{00000000-0000-0000-0000-0000000FB5F9}
F{00000000-0000-0000-0000-000000324F3F}
T{00000000-0000-0000-0000-0000002E9321}
F{00000000-0000-0000-0000-00000019B791}
T{00000000-0000-0000-0000-0000001C1200}
T{00000000-0000-0000-0000-0000001B8C6D}
F{00000000-0000-0000-0000-0000002BA75C}
F{00000000-0000-0000-0000-00000025478C}
T{00000000-0000-0000-0000-0000002EB24D}
T{00000000-0000-0000-0000-00000009BBDA}
T{00000000-0000-0000-0000-0000002E037C}
T{00000000-0000-0000-0000-0000002B3883}
T{00000000-0000-0000-0000-000000136382}
T{00000000-0000-0000-0000-000000271B41}
T{00000000-0000-0000-0000-000000152BE0}
T{00000000-0000-0000-0000-0000001FC5AC}
T{00000000-0000-0000-0000-00000029B45D}
T{00000000-0000-0000-0000-000000053718}
T{00000000-0000-0000-0000-00000019484E}
T{00000000-0000-0000-0000-0000002950B5}
T{00000000-0000-0000-0000-00000032F8DF}
T{00000000-0000-0000-0000-000000123631}
T{00000000-0000-0000-0000-0000000A11FC}
T{00000000-0000-0000-0000-0000001976B9}
T{00000000-0000-0000-0000-0000000E1624}
T{00000000-0000-0000-0000-0000002EEDAE}
T{00000000-0000-0000-0000-00000030FFAB}
T{00000000-0000-0000-0000-0000001593A2}
F{00000000-0000-0000-0000-0000000C3ED6}
T{00000000-0000-0000-0000-00000020FF19}
T{00000000-0000-0000-0000-000000039702}
F{00000000-0000-0000-0000-0000001323D1}
T{00000000-0000-0000-0000-000000178A7B}
F{00000000-0000-0000-0000-0000002D4F1C}
T{00000000-0000-0000-0000-00000005B5E6}
T{00000000-0000-0000-0000-000000101326}
F{00000000-0000-0000-0000-00000016BA6A}
T{00000000-0000-0000-0000-00000020F376}
T{00000000-0000-0000-0000-00000001B078}
F{00000000-0000-0000-0000-0000000586B3}
T{00000000-0000-0000-0000-0000000EF6AD}
F{00000000-0000-0000-0000-0000001B3E7C}
T{00000000-0000-0000-0000-00000016359A}
T{00000000-0000-0000-0000-00000015742E}
F{00000000-0000-0000-0000-00000009C55D}
T{00000000-0000-0000-0000-0000002C9AE4}
T{00000000-0000-0000-0000-0000002D418B}
F{00000000-0000-0000-0000-0000002DD910}
F{00000000-0000-0000-0000-00000013FACD}
T{00000000-0000-0000-0000-00000002B478}
F{00000000-0000-0000-0000-000000004F37}
T{00000000-0000-0000-0000-0000002A7E7B}
T{00000000-0000-0000-0000-0000002D0ADD}
T{00000000-0000-0000-0000-0000002089E6}
F{00000000-0000-0000-0000-0000000E15DD}
T{00000000-0000-0000-0000-0000000D2613}
F{00000000-0000-0000-0000-00000007F070}
F{00000000-0000-0000-0000-0000001D6905}
F{00000000-0000-0000-0000-000000329117}
T{00000000-0000-0000-0000-0000000ED5DE}
T{00000000-0000-0000-0000-000000011B19}
T{00000000-0000-0000-0000-0000000B7E95}
T{00000000-0000-0000-0000-0000002CEB1D}
T{00000000-0000-0000-0000-0000002CE1D9}
F{00000000-0000-0000-0000-0000000BB9D4}
T{00000000-0000-0000-0000-0000002DB481}
T{00000000-0000-0000-0000-00000016D89A}
F{00000000-0000-0000-0000-00000000F5F7}
T{00000000-0000-0000-0000-00000024B6F2}
T{00000000-0000-0000-0000-000000254425}
T{00000000-0000-0000-0000-00000026813F}
T{00000000-0000-0000-0000-000000120E6F}
F{00000000-0000-0000-0000-00000019D284}
T{00000000-0000-0000-0000-00000033AE70}
F{00000000-0000-0000-0000-000000302768}
T{00000000-0000-0000-0000-0000000F4992}
T{00000000-0000-0000-0000-000000153712}
T{00000000-0000-0000-0000-0000002C1301}
T{00000000-0000-0000-0000-00000019F4D6}
F{00000000-0000-0000-0000-000000261C32}
F{00000000-0000-0000-0000-000000012E4C}
T{00000000-0000-0000-0000-00000019161C}
F{00000000-0000-0000-0000-0000001D1F02}
F{00000000-0000-0000-0000-0000000F0E97}
T{00000000-0000-0000-0000-00000016A7C2}
T{00000000-0000-0000-0000-0000002EB627}
T{00000000-0000-0000-0000-0000002AC4EE}
F{00000000-0000-0000-0000-00000009D514}
T{00000000-0000-0000-0000-00000026195A}
T{00000000-0000-0000-0000-0000000AAC87}
T{00000000-0000-0000-0000-00000026C135}
F{00000000-0000-0000-0000-0000000160AC}
T{00000000-0000-0000-0000-000000079AEC}
T{00000000-0000-0000-0000-00000029B301}
T{00000000-0000-0000-0000-0000002B38E3}
F{00000000-0000-0000-0000-00000009BBA0}
T{00000000-0000-0000-0000-0000001D0EA2}
T{00000000-0000-0000-0000-000000018540}
T{00000000-0000-0000-0000-00000014C172}
T{00000000-0000-0000-0000-0000001D0401}
T{00000000-0000-0000-0000-0000000BD935}
F{00000000-0000-0000-0000-000000171CEF}
T{00000000-0000-0000-0000-0000000554DA}
F{00000000-0000-0000-0000-0000002AAA36}
F{00000000-0000-0000-0000-00000009EAD5}
T{00000000-0000-0000-0000-00000018C2C3}
T{00000000-0000-0000-0000-0000002FC356}
F{00000000-0000-0000-0000-000000173628}
T{00000000-0000-0000-0000-00000021D053}
T{00000000-0000-0000-0000-000000001EE5}
F{00000000-0000-0000-0000-0000000F0E97}
T{00000000-0000-0000-0000-0000001CBD99}
T{00000000-0000-0000-0000-00000013FACD}
T{00000000-0000-0000-0000-00000032DD9E}
F{00000000-0000-0000-0000-000000028DD6}
F{00000000-0000-0000-0000-0000000F0E97}
T{00000000-0000-0000-0000-00000027FC21}
T{00000000-0000-0000-0000-00000003C95D}
T{00000000-0000-0000-0000-0000001974CD}
T{00000000-0000-0000-0000-000000237D40}
T{00000000-0000-0000-0000-0000000C38FB}
T{00000000-0000-0000-0000-0000001987B5}
T{00000000-0000-0000-0000-000000033818}
F{00000000-0000-0000-0000-000000197C0B}
F{00000000-0000-0000-0000-000000074466}
T{00000000-0000-0000-0000-0000002FDBA4}
F{00000000-0000-0000-0000-0000000C6B65}
T{00000000-0000-0000-0000-0000000BF913}
T{00000000-0000-0000-0000-00000005FB8C}
F{00000000-0000-0000-0000-00000010598A}
F{00000000-0000-0000-0000-00000027898B}
F{00000000-0000-0000-0000-0000002AE793}
T{00000000-0000-0000-0000-00000029E4DD}
T{00000000-0000-0000-0000-00000010DF30}
T{00000000-0000-0000-0000-0000001F2715}
F{00000000-0000-0000-0000-00000032AFCF}
F{00000000-0000-0000-0000-0000001A72D1}
T{00000000-0000-0000-0000-00000011116B}
T{00000000-0000-0000-0000-0000000FC474}
T{00000000-0000-0000-0000-00000026E65F}
T{00000000-0000-0000-0000-0000000EEC20}
F{00000000-0000-0000-0000-000000054373}
T{00000000-0000-0000-0000-0000001DDAC8}
T{00000000-0000-0000-0000-00000023F6C0}
T{00000000-0000-0000-0000-00000010EEFB}
F{00000000-0000-0000-0000-00000029B017}
F{00000000-0000-0000-0000-0000001109EF}
F{00000000-0000-0000-0000-0000002FEC1E}
T{00000000-0000-0000-0000-000000017C1A}
T{00000000-0000-0000-0000-0000001BF99C}
F{00000000-0000-0000-0000-0000000FA8D5}
T{00000000-0000-0000-0000-0000000A9994}
T{00000000-0000-0000-0000-0000000F9EC8}
T{00000000-0000-0000-0000-00000010F98C}
T{00000000-0000-0000-0000-0000000496F9}
T{00000000-0000-0000-0000-000000288A42}
T{00000000-0000-0000-0000-0000001940D5}
F{00000000-0000-0000-0000-000000245C0C}
T{00000000-0000-0000-0000-00000028E747}
F{00000000-0000-0000-0000-00000020548C}
T{00000000-0000-0000-0000-00000013A8F9}
F{00000000-0000-0000-0000-000000271DD9}
F{00000000-0000-0000-0000-00000009D224}
T{00000000-0000-0000-0000-00000019161C}
T{00000000-0000-0000-0000-0000000E0F50}
T{00000000-0000-0000-0000-00000012F492}
F{00000000-0000-0000-0000-0000000160B6}
T{00000000-0000-0000-0000-0000000AA806}
T{00000000-0000-0000-0000-0000001027A2}
T{00000000-0000-0000-0000-000000161791}
T{00000000-0000-0000-0000-0000000081B9}
F{00000000-0000-0000-0000-00000031B2AF}
T{00000000-0000-0000-0000-0000003137FA}
T{00000000-0000-0000-0000-00000011A8BF}
T{00000000-0000-0000-0000-00000029B301}
T{00000000-0000-0000-0000-000000006C45}
F{00000000-0000-0000-0000-0000002B9ADC}
F{00000000-0000-0000-0000-000000049D0E}
T{00000000-0000-0000-0000-000000329B21}
T{00000000-0000-0000-0000-00000030AA26}
T{00000000-0000-0000-0000-00000015C0BA}
F{00000000-0000-0000-0000-00000021C14B}
F{00000000-0000-0000-0000-00000024D561}
T{00000000-0000-0000-0000-00000000B6BA}
F{00000000-0000-0000-0000-0000001C8E42}
T{00000000-0000-0000-0000-00000021D06D}
T{00000000-0000-0000-0000-0000002BDD69}
F{00000000-0000-0000-0000-000000319937}
F{00000000-0000-0000-0000-0000000C34F2}
T{00000000-0000-0000-0000-0000002B9E84}
T{00000000-0000-0000-0000-000000324320}
T{00000000-0000-0000-0000-00000023077D}
F{00000000-0000-0000-0000-000000075EAF}
T{00000000-0000-0000-0000-000000129A38}
T{00000000-0000-0000-0000-000000320CC9}
T{00000000-0000-0000-0000-0000000F01B1}
T{00000000-0000-0000-0000-000000138FE7}
F{00000000-0000-0000-0000-000000230FED}
T{00000000-0000-0000-0000-00000007E9F2}
T{00000000-0000-0000-0000-0000002696A1}
T{00000000-0000-0000-0000-00000002AFE6}
T{00000000-0000-0000-0000-00000025DD4B}
T{00000000-0000-0000-0000-0000000ECF97}
F{00000000-0000-0000-0000-000000197FB6}
T{00000000-0000-0000-0000-00000030F48F}
T{00000000-0000-0000-0000-00000024C9E0}
T{00000000-0000-0000-0000-00000028F0C2}
T{00000000-0000-0000-0000-0000002B507A}
F{00000000-0000-0000-0000-000000242682}
T{00000000-0000-0000-0000-0000000F94A1}
T{00000000-0000-0000-0000-0000000ECF97}
T{00000000-0000-0000-0000-0000002E8886}
T{00000000-0000-0000-0000-00000009964D}
T{00000000-0000-0000-0000-000000149239}
T{00000000-0000-0000-0000-0000000FD34A}
T{00000000-0000-0000-0000-000000167D88}
