T{00000000-0000-0000-0000-0000001FC2AF}
T{00000000-0000-0000-0000-0000000334EF}
F{00000000-0000-0000-0000-0000002893AB}
F{00000000-0000-0000-0000-0000002A9640}
T{00000000-0000-0000-0000-0000002B17AA}
F{00000000-0000-0000-0000-0000002796A4}
F{00000000-0000-0000-0000-00000006E673}
T{00000000-0000-0000-0000-0000000C9242}
T{00000000-0000-0000-0000-0000000FA7A4}
T{00000000-0000-0000-0000-0000002102FE}
T{00000000-0000-0000-0000-00000026BCC4}
T{00000000-0000-0000-0000-0000002F5553}
F{00000000-0000-0000-0000-000000122A70}
T{00000000-0000-0000-0000-00000032FFD9}
F{00000000-0000-0000-0000-0000002FDA95}
T{00000000-0000-0000-0000-000000097A42}
F{00000000-0000-0000-0000-0000000E15DD}
T{00000000-0000-0000-0000-000000065156}
T{00000000-0000-0000-0000-000000109F0A}
T{00000000-0000-0000-0000-00000017F15A}
F{00000000-0000-0000-0000-00000003668E}
T{00000000-0000-0000-0000-00000013867E}
F{00000000-0000-0000-0000-0000001DC511}
F{00000000-0000-0000-0000-0000001C810C}
T{00000000-0000-0000-0000-00000005E8C5}
T{00000000-0000-0000-0000-00000003973E}
T{00000000-0000-0000-0000-0000000840E9}
T{00000000-0000-0000-0000-000000104E06}
T{00000000-0000-0000-0000-0000002D4489}
T{00000000-0000-0000-0000-000000232A87}
F{00000000-0000-0000-0000-000000104CF0}
T{00000000-0000-0000-0000-0000002157C5}
T{00000000-0000-0000-0000-000000239333}
T{00000000-0000-0000-0000-00000009EF12}
T{00000000-0000-0000-0000-00000011E062}
F{00000000-0000-0000-0000-0000000FC3AA}
F{00000000-0000-0000-0000-0000000FAF70}
T{00000000-0000-0000-0000-00000023FA22}
T{00000000-0000-0000-0000-0000000515AC}
F{00000000-0000-0000-0000-000000030982}
T{00000000-0000-0000-0000-000000047CD3}
T{00000000-0000-0000-0000-0000001E891C}
T{00000000-0000-0000-0000-000000042C50}
F{00000000-0000-0000-0000-00000016C567}
T{00000000-0000-0000-0000-000000084476}
T{00000000-0000-0000-0000-000000215BF5}
T{00000000-0000-0000-0000-0000002D0A1C}
F{00000000-0000-0000-0000-00000026DB04}
T{00000000-0000-0000-0000-000000181874}
T{00000000-0000-0000-0000-000000059B96}
T{00000000-0000-0000-0000-0000000DBFA9}
F{00000000-0000-0000-0000-0000001B01CB}
F{00000000-0000-0000-0000-000000148E71}
T{00000000-0000-0000-0000-00000025FF03}
F{00000000-0000-0000-0000-00000012A9B0}
T{00000000-0000-0000-0000-000000301E2B}
F{00000000-0000-0000-0000-0000002C78DE}
T{00000000-0000-0000-0000-0000000C9895}
T{00000000-0000-0000-0000-0000002E4B95}
F{00000000-0000-0000-0000-0000000C34F2}
T{00000000-0000-0000-0000-0000000078D5}
T{00000000-0000-0000-0000-0000002D06C5}
T{00000000-0000-0000-0000-0000002DB7B0}
T{00000000-0000-0000-0000-0000001C8F02}
T{00000000-0000-0000-0000-00000007EFDF}
T{00000000-0000-0000-0000-0000000AB9DD}
T{00000000-0000-0000-0000-0000002A6EF1}
F{00000000-0000-0000-0000-000000053E0D}
T{00000000-0000-0000-0000-000000334357}
F{00000000-0000-0000-0000-000000295694}
F{00000000-0000-0000-0000-0000002C4823}
T{00000000-0000-0000-0000-000000009FD6}
F{00000000-0000-0000-0000-0000001EB22D}
T{00000000-0000-0000-0000-0000000445F0}
T{00000000-0000-0000-0000-00000011D4C2}
T{00000000-0000-0000-0000-0000002416A6}
T{00000000-0000-0000-0000-0000000AE1E0}
T{00000000-0000-0000-0000-0000000C46A9}
F{00000000-0000-0000-0000-0000000EE00F}
F{00000000-0000-0000-0000-0000001AF208}
F{00000000-0000-0000-0000-0000000C29E6}
T{00000000-0000-0000-0000-0000002041C0}
T{00000000-0000-0000-0000-0000000ED33E}
T{00000000-0000-0000-0000-0000002B1782}
T{00000000-0000-0000-0000-000000154021}
T{00000000-0000-0000-0000-00000018D14D}
T{00000000-0000-0000-0000-0000000C76C8}
F{00000000-0000-0000-0000-0000002536E9}
T{00000000-0000-0000-0000-000000189604}
F{00000000-0000-0000-0000-000000194762}
T{00000000-0000-0000-0000-000000282BD0}
T{00000000-0000-0000-0000-0000000AB9DD}
T{00000000-0000-0000-0000-000000179427}
F{00000000-0000-0000-0000-000000098DB8}
F{00000000-0000-0000-0000-0000001249B2}
T{00000000-0000-0000-0000-000000335971}
F{00000000-0000-0000-0000-0000000B96A0}
T{00000000-0000-0000-0000-0000002647D6}
T{00000000-0000-0000-0000-00000013A9AD}
T{00000000-0000-0000-0000-0000000A0350}
F{00000000-0000-0000-0000-00000000E3FE}
T{00000000-0000-0000-0000-0000000101CA}
T{00000000-0000-0000-0000-0000001153E3}
F{00000000-0000-0000-0000-000000263B6B}
T{00000000-0000-0000-0000-0000000E1C7F}
T{00000000-0000-0000-0000-00000024B7A0}
F{00000000-0000-0000-0000-00000020279E}
T{00000000-0000-0000-0000-0000001C1F9A}
F{00000000-0000-0000-0000-000000273331}
T{00000000-0000-0000-0000-0000002D0993}
T{00000000-0000-0000-0000-000000187E3A}
T{00000000-0000-0000-0000-0000001FE649}
T{00000000-0000-0000-0000-000000301E2B}
T{00000000-0000-0000-0000-0000000F09BC}
T{00000000-0000-0000-0000-00000020413D}
F{00000000-0000-0000-0000-0000002D479F}
T{00000000-0000-0000-0000-00000005A9EA}
F{00000000-0000-0000-0000-000000165C7D}
F{00000000-0000-0000-0000-0000000346B2}
T{00000000-0000-0000-0000-000000335C46}
T{00000000-0000-0000-0000-0000000D9C20}
F{00000000-0000-0000-0000-000000126649}
T{00000000-0000-0000-0000-000000148F7C}
T{00000000-0000-0000-0000-0000001626AA}
T{00000000-0000-0000-0000-00000023DA46}
T{00000000-0000-0000-0000-00000026EF3E}
T{00000000-0000-0000-0000-0000002C45AB}
T{00000000-0000-0000-0000-000000105E82}
T{00000000-0000-0000-0000-00000003668E}
F{00000000-0000-0000-0000-0000002A3408}
F{00000000-0000-0000-0000-00000025333F}
F{00000000-0000-0000-0000-00000031B2AF}
F{00000000-0000-0000-0000-000000175010}
F{00000000-0000-0000-0000-000000063398}
F{00000000-0000-0000-0000-0000001C78BF}
T{00000000-0000-0000-0000-000000088B56}
T{00000000-0000-0000-0000-000000122EA0}
F{00000000-0000-0000-0000-0000001260DA}
T{00000000-0000-0000-0000-0000002267C9}
T{00000000-0000-0000-0000-00000009EAD5}
F{00000000-0000-0000-0000-00000027EFDF}
F{00000000-0000-0000-0000-0000000108B3}
T{00000000-0000-0000-0000-0000000316F0}
T{00000000-0000-0000-0000-00000029B0B6}
T{00000000-0000-0000-0000-0000001573FA}
F{00000000-0000-0000-0000-0000000AFFEF}
T{00000000-0000-0000-0000-0000000EBEF6}
T{00000000-0000-0000-0000-0000000E4264}
T{00000000-0000-0000-0000-00000021BF26}
T{00000000-0000-0000-0000-0000002CEC45}
F{00000000-0000-0000-0000-00000001AAB3}
F{00000000-0000-0000-0000-000000113245}
F{00000000-0000-0000-0000-00000009AD92}
T{00000000-0000-0000-0000-0000000C9F3E}
T{00000000-0000-0000-0000-00000009BA24}
T{00000000-0000-0000-0000-00000020F108}
T{00000000-0000-0000-0000-000000017A3B}
F{00000000-0000-0000-0000-0000002F0787}
T{00000000-0000-0000-0000-000000086203}
T{00000000-0000-0000-0000-0000000E46CE}
F{00000000-0000-0000-0000-00000009F26B}
T{00000000-0000-0000-0000-0000000B1764}
T{00000000-0000-0000-0000-0000001B3DCD}
F{00000000-0000-0000-0000-00000001DE16}
F{00000000-0000-0000-0000-00000019EDAF}
F{00000000-0000-0000-0000-000000184086}
T{00000000-0000-0000-0000-00000021EDD4}
F{00000000-0000-0000-0000-0000000CB9EE}
T{00000000-0000-0000-0000-00000022E843}
T{00000000-0000-0000-0000-0000002B18A4}
T{00000000-0000-0000-0000-000000146C39}
T{00000000-0000-0000-0000-000000332B46}
T{00000000-0000-0000-0000-00000032B082}
T{00000000-0000-0000-0000-00000033AE9F}
T{00000000-0000-0000-0000-000000272702}
T{00000000-0000-0000-0000-00000024B486}
F{00000000-0000-0000-0000-0000002F6F2F}
T{00000000-0000-0000-0000-00000010C98E}
F{00000000-0000-0000-0000-0000000A1BAA}
T{00000000-0000-0000-0000-0000000B728F}
T{00000000-0000-0000-0000-00000005942A}
T{00000000-0000-0000-0000-00000006F94E}
F{00000000-0000-0000-0000-000000314A2B}
T{00000000-0000-0000-0000-000000317998}
T{00000000-0000-0000-0000-0000002BF553}
T{00000000-0000-0000-0000-000000222D8F}
T{00000000-0000-0000-0000-00000026B65C}
T{00000000-0000-0000-0000-00000018B371}
T{00000000-0000-0000-0000-0000001DCEC2}
T{00000000-0000-0000-0000-000000254683}
T{00000000-0000-0000-0000-0000001B61CC}
F{00000000-0000-0000-0000-0000000108B3}
F{00000000-0000-0000-0000-0000001322C6}
T{00000000-0000-0000-0000-000000232284}
T{00000000-0000-0000-0000-000000006C45}
T{00000000-0000-0000-0000-0000000134DD}
F{00000000-0000-0000-0000-00000016AC27}
T{00000000-0000-0000-0000-0000000F1694}
T{00000000-0000-0000-0000-00000029169E}
F{00000000-0000-0000-0000-000000319987}
F{00000000-0000-0000-0000-00000026AE05}
F{00000000-0000-0000-0000-000000214E90}
T{00000000-0000-0000-0000-0000001BB200}
F{00000000-0000-0000-0000-0000000BF8B3}
F{00000000-0000-0000-0000-0000000EB2FC}
T{00000000-0000-0000-0000-0000000FA7A4}
F{00000000-0000-0000-0000-0000000FD4D9}
F{00000000-0000-0000-0000-000000119542}
F{00000000-0000-0000-0000-000000078B95}
F{00000000-0000-0000-0000-0000001C2034}
T{00000000-0000-0000-0000-000000226CD1}
T{00000000-0000-0000-0000-0000002CA011}
T{00000000-0000-0000-0000-0000001366D8}
T{00000000-0000-0000-0000-00000011E78D}
T{00000000-0000-0000-0000-00000020076D}
T{00000000-0000-0000-0000-0000000BF8B3}
F{00000000-0000-0000-0000-000000146C13}
T{00000000-0000-0000-0000-000000078BEA}
F{00000000-0000-0000-0000-0000002B9CA9}
T{00000000-0000-0000-0000-0000001C27C6}
T{00000000-0000-0000-0000-0000000AAAD8}
T{00000000-0000-0000-0000-000000065CA1}
F{00000000-0000-0000-0000-00000005A714}
F{00000000-0000-0000-0000-00000016F860}
T{00000000-0000-0000-0000-0000001A1AEA}
T{00000000-0000-0000-0000-000000268E75}
F{00000000-0000-0000-0000-0000002AA7BC}
T{00000000-0000-0000-0000-00000012756D}
T{00000000-0000-0000-0000-0000000F2076}
T{00000000-0000-0000-0000-0000000AA806}
T{00000000-0000-0000-0000-00000015B9C6}
F{00000000-0000-0000-0000-0000000F7D09}
T{00000000-0000-0000-0000-000000263A5F}
F{00000000-0000-0000-0000-00000032BB6B}
T{00000000-0000-0000-0000-00000032649C}
F{00000000-0000-0000-0000-0000000A2AE6}
F{00000000-0000-0000-0000-00000013794F}
F{00000000-0000-0000-0000-0000002A0704}
T{00000000-0000-0000-0000-0000001017BE}
T{00000000-0000-0000-0000-00000020B0E5}
T{00000000-0000-0000-0000-0000002D2D23}
T{00000000-0000-0000-0000-000000081FC6}
T{00000000-0000-0000-0000-00000022AD41}
F{00000000-0000-0000-0000-0000002D3ED8}
F{00000000-0000-0000-0000-0000002D5353}
F{00000000-0000-0000-0000-000000298366}
F{00000000-0000-0000-0000-0000001F1C74}
T{00000000-0000-0000-0000-00000023B6EB}
T{00000000-0000-0000-0000-00000008A69D}
F{00000000-0000-0000-0000-0000000BBAE5}
T{00000000-0000-0000-0000-0000001CD9AB}
F{00000000-0000-0000-0000-000000122CB0}
T{00000000-0000-0000-0000-000000201834}
T{00000000-0000-0000-0000-0000002ABE89}
T{00000000-0000-0000-0000-000000166874}
F{00000000-0000-0000-0000-00000013B0F8}
F{00000000-0000-0000-0000-0000001297F9}
F{00000000-0000-0000-0000-0000002BFFD7}
T{00000000-0000-0000-0000-000000182B26}
T{00000000-0000-0000-0000-0000002FFA68}
T{00000000-0000-0000-0000-0000001C3E74}
T{00000000-0000-0000-0000-000000105E82}
F{00000000-0000-0000-0000-00000019F78F}
T{00000000-0000-0000-0000-00000029EA62}
T{00000000-0000-0000-0000-00000000EC9E}
T{00000000-0000-0000-0000-000000096475}
T{00000000-0000-0000-0000-000000224E20}
T{00000000-0000-0000-0000-0000001FAE7B}
T{00000000-0000-0000-0000-000000104AF3}
T{00000000-0000-0000-0000-0000002A7A85}
F{00000000-0000-0000-0000-0000001C78BF}
T{00000000-0000-0000-0000-0000000EFDF8}
T{00000000-0000-0000-0000-000000157E17}
F{00000000-0000-0000-0000-000000053A0F}
T{00000000-0000-0000-0000-00000013FDB8}
T{00000000-0000-0000-0000-000000083BCE}
F{00000000-0000-0000-0000-0000000D199E}
F{00000000-0000-0000-0000-000000040FA5}
F{00000000-0000-0000-0000-000000264C56}
T{00000000-0000-0000-0000-0000001817FF}
F{00000000-0000-0000-0000-00000009D2DB}
F{00000000-0000-0000-0000-000000325149}
F{00000000-0000-0000-0000-0000000C46EE}
F{00000000-0000-0000-0000-000000023E71}
T{00000000-0000-0000-0000-0000001EA31D}
T{00000000-0000-0000-0000-00000000E67B}
F{00000000-0000-0000-0000-0000002390CE}
T{00000000-0000-0000-0000-0000000F09BC}
T{00000000-0000-0000-0000-0000002EC38F}
T{00000000-0000-0000-0000-0000002AC137}
T{00000000-0000-0000-0000-00000002D1B7}
F{00000000-0000-0000-0000-0000001C6A68}
T{00000000-0000-0000-0000-000000008BC5}
T{00000000-0000-0000-0000-00000025AC9A}
T{00000000-0000-0000-0000-000000146C39}
T{00000000-0000-0000-0000-0000001E9DB7}
T{00000000-0000-0000-0000-00000005ECC1}
T{00000000-0000-0000-0000-0000002D666D}
T{00000000-0000-0000-0000-000000210D9F}
F{00000000-0000-0000-0000-00000006273D}
T{00000000-0000-0000-0000-00000013D4AE}
F{00000000-0000-0000-0000-000000040787}
F{00000000-0000-0000-0000-00000028CCE8}
F{00000000-0000-0000-0000-00000011FE7F}
T{00000000-0000-0000-0000-0000002C7860}
T{00000000-0000-0000-0000-000000320D14}
F{00000000-0000-0000-0000-0000000CF7F5}
T{00000000-0000-0000-0000-0000000FA7D1}
T{00000000-0000-0000-0000-000000263535}
F{00000000-0000-0000-0000-00000021868E}
F{00000000-0000-0000-0000-0000003397F4}
T{00000000-0000-0000-0000-00000002EF9A}
T{00000000-0000-0000-0000-00000026C0F5}
T{00000000-0000-0000-0000-0000002D2D23}
T{00000000-0000-0000-0000-000000306AD7}
T{00000000-0000-0000-0000-000000225D1B}
F{00000000-0000-0000-0000-00000021F6DF}
F{00000000-0000-0000-0000-0000001937CB}
F{00000000-0000-0000-0000-0000002E0E9F}
T{00000000-0000-0000-0000-00000019FBC7}
T{00000000-0000-0000-0000-0000000C3EC1}
F{00000000-0000-0000-0000-00000004C733}
T{00000000-0000-0000-0000-000000310C67}
T{00000000-0000-0000-0000-000000291679}
F{00000000-0000-0000-0000-00000028D056}
T{00000000-0000-0000-0000-00000002991C}
T{00000000-0000-0000-0000-0000002031C8}
T{00000000-0000-0000-0000-0000002A19CC}
T{00000000-0000-0000-0000-00000004727B}
T{00000000-0000-0000-0000-00000012E67F}
T{00000000-0000-0000-0000-00000032BB22}
T{00000000-0000-0000-0000-00000028893B}
T{00000000-0000-0000-0000-0000002EEF35}
F{00000000-0000-0000-0000-00000027140B}
F{00000000-0000-0000-0000-00000013794F}
T{00000000-0000-0000-0000-0000002AA531}
F{00000000-0000-0000-0000-00000003E599}
F{00000000-0000-0000-0000-0000001AE318}
F{00000000-0000-0000-0000-0000000CE641}
T{00000000-0000-0000-0000-00000032BF45}
F{00000000-0000-0000-0000-0000002C4147}
T{00000000-0000-0000-0000-0000002EB3BB}
T{00000000-0000-0000-0000-0000000A45A2}
T{00000000-0000-0000-0000-00000028DA76}
T{00000000-0000-0000-0000-000000030982}
T{00000000-0000-0000-0000-00000015A379}
T{00000000-0000-0000-0000-00000024BFD8}
T{00000000-0000-0000-0000-00000028EF2F}
F{00000000-0000-0000-0000-0000002350BA}
T{00000000-0000-0000-0000-00000020F379}
F{00000000-0000-0000-0000-00000026853A}
T{00000000-0000-0000-0000-00000010AB12}
F{00000000-0000-0000-0000-000000075A7C}
T{00000000-0000-0000-0000-00000007936F}
T{00000000-0000-0000-0000-0000002B5E98}
T{00000000-0000-0000-0000-0000000AD8D3}
T{00000000-0000-0000-0000-000000165DB9}
F{00000000-0000-0000-0000-000000184E75}
T{00000000-0000-0000-0000-00000007697F}
F{00000000-0000-0000-0000-0000000D0B0E}
T{00000000-0000-0000-0000-000000266752}
T{00000000-0000-0000-0000-0000001EA743}
T{00000000-0000-0000-0000-00000009F7B9}
T{00000000-0000-0000-0000-00000027B09F}
F{00000000-0000-0000-0000-0000001442CD}
F{00000000-0000-0000-0000-00000025D734}
T{00000000-0000-0000-0000-00000000E3FE}
F{00000000-0000-0000-0000-00000019F78F}
T{00000000-0000-0000-0000-00000014FABD}
T{00000000-0000-0000-0000-00000018B61C}
F{00000000-0000-0000-0000-00000021C1B7}
T{00000000-0000-0000-0000-00000031F7C3}
T{00000000-0000-0000-0000-00000004CC8A}
F{00000000-0000-0000-0000-0000001D3BAA}
T{00000000-0000-0000-0000-000000014A1C}
T{00000000-0000-0000-0000-0000000BD634}
F{00000000-0000-0000-0000-0000002C4823}
F{00000000-0000-0000-0000-000000271E97}
T{00000000-0000-0000-0000-000000291279}
F{00000000-0000-0000-0000-0000002A0033}
T{00000000-0000-0000-0000-0000002C1B8A}
T{00000000-0000-0000-0000-00000032B0D0}
T{00000000-0000-0000-0000-00000012F709}
T{00000000-0000-0000-0000-000000066E27}
F{00000000-0000-0000-0000-00000005382D}
F{00000000-0000-0000-0000-00000024BF14}
T{00000000-0000-0000-0000-0000001FDB97}
F{00000000-0000-0000-0000-00000022178C}
F{00000000-0000-0000-0000-00000032E994}
T{00000000-0000-0000-0000-00000022473F}
T{00000000-0000-0000-0000-000000170E83}
F{00000000-0000-0000-0000-000000317BF8}
F{00000000-0000-0000-0000-000000194762}
T{00000000-0000-0000-0000-000000232284}
F{00000000-0000-0000-0000-000000077D94}
F{00000000-0000-0000-0000-0000002EDFFA}
F{00000000-0000-0000-0000-0000002CDE61}
T{00000000-0000-0000-0000-0000000E641C}
F{00000000-0000-0000-0000-000000025A62}
F{00000000-0000-0000-0000-0000002AE627}
F{00000000-0000-0000-0000-0000002E3209}
T{00000000-0000-0000-0000-00000024E12A}
F{00000000-0000-0000-0000-00000029D695}
T{00000000-0000-0000-0000-000000268158}
F{00000000-0000-0000-0000-0000002A8596}
T{00000000-0000-0000-0000-000000154294}
T{00000000-0000-0000-0000-000000306463}
F{00000000-0000-0000-0000-0000001A891E}
T{00000000-0000-0000-0000-0000002EC06A}
T{00000000-0000-0000-0000-0000000E0FE9}
T{00000000-0000-0000-0000-00000031F8CE}
T{00000000-0000-0000-0000-0000000D2841}
F{00000000-0000-0000-0000-000000011C79}
F{00000000-0000-0000-0000-0000000C6F2B}
T{00000000-0000-0000-0000-0000001076A3}
T{00000000-0000-0000-0000-000000109F0A}
T{00000000-0000-0000-0000-000000044748}
F{00000000-0000-0000-0000-000000073239}
F{00000000-0000-0000-0000-0000000E75F6}
T{00000000-0000-0000-0000-0000002F994B}
T{00000000-0000-0000-0000-00000001A51B}
T{00000000-0000-0000-0000-0000002BDE7D}
T{00000000-0000-0000-0000-0000000F121F}
T{00000000-0000-0000-0000-0000003244F3}
F{00000000-0000-0000-0000-0000001AE2F6}
T{00000000-0000-0000-0000-00000008D9E4}
F{00000000-0000-0000-0000-00000031A5D4}
F{00000000-0000-0000-0000-00000008DE54}
T{00000000-0000-0000-0000-0000001BC924}
T{00000000-0000-0000-0000-00000016D079}
T{00000000-0000-0000-0000-0000003290C5}
F{00000000-0000-0000-0000-0000001D3830}
T{00000000-0000-0000-0000-0000002CAB28}
T{00000000-0000-0000-0000-00000031F8C0}
T{00000000-0000-0000-0000-000000278ECA}
F{00000000-0000-0000-0000-0000000A5792}
T{00000000-0000-0000-0000-000000051120}
T{00000000-0000-0000-0000-000000083BCE}
T{00000000-0000-0000-0000-00000003973E}
T{00000000-0000-0000-0000-00000000F2C2}
T{00000000-0000-0000-0000-00000032D98E}
T{00000000-0000-0000-0000-00000000A5A9}
T{00000000-0000-0000-0000-000000249F49}
T{00000000-0000-0000-0000-000000075977}
F{00000000-0000-0000-0000-0000001882B4}
F{00000000-0000-0000-0000-0000001464E5}
T{00000000-0000-0000-0000-0000001D22D2}
F{00000000-0000-0000-0000-000000298366}
F{00000000-0000-0000-0000-0000002C2346}
F{00000000-0000-0000-0000-0000002A08D5}
T{00000000-0000-0000-0000-0000002CDE61}
T{00000000-0000-0000-0000-00000010AC7D}
T{00000000-0000-0000-0000-000000314A39}
T{00000000-0000-0000-0000-0000000FE49E}
T{00000000-0000-0000-0000-0000003062C5}
T{00000000-0000-0000-0000-0000001027A2}
F{00000000-0000-0000-0000-000000219EFE}
T{00000000-0000-0000-0000-000000314CA8}
F{00000000-0000-0000-0000-000000158C39}
F{00000000-0000-0000-0000-000000051894}
T{00000000-0000-0000-0000-00000010C98E}
T{00000000-0000-0000-0000-0000002ECDE4}
F{00000000-0000-0000-0000-00000019F414}
F{00000000-0000-0000-0000-0000001FFE57}
T{00000000-0000-0000-0000-00000009CEC6}
F{00000000-0000-0000-0000-0000002B8B2A}
F{00000000-0000-0000-0000-00000030D202}
F{00000000-0000-0000-0000-000000243AA3}
T{00000000-0000-0000-0000-0000000334EF}
T{00000000-0000-0000-0000-0000001D3D6A}
T{00000000-0000-0000-0000-000000153085}
T{00000000-0000-0000-0000-0000000A55A2}
T{00000000-0000-0000-0000-00000015C54F}
T{00000000-0000-0000-0000-00000026DCDA}
T{00000000-0000-0000-0000-0000002A7AD4}
T{00000000-0000-0000-0000-0000000C225D}
T{00000000-0000-0000-0000-000000209AD2}
F{00000000-0000-0000-0000-000000304116}
F{00000000-0000-0000-0000-0000002179E5}
T{00000000-0000-0000-0000-00000023D51A}
T{00000000-0000-0000-0000-0000001D3D6A}
T{00000000-0000-0000-0000-0000000E38AD}
F{00000000-0000-0000-0000-00000010661B}
T{00000000-0000-0000-0000-000000098503}
T{00000000-0000-0000-0000-00000008911A}
T{00000000-0000-0000-0000-000000083265}
F{00000000-0000-0000-0000-000000137926}
T{00000000-0000-0000-0000-0000000BD680}
T{00000000-0000-0000-0000-0000000E5C4D}
T{00000000-0000-0000-0000-0000002416A6}
F{00000000-0000-0000-0000-00000013995B}
T{00000000-0000-0000-0000-000000068F47}
T{00000000-0000-0000-0000-00000029B0B6}
F{00000000-0000-0000-0000-0000002FE035}
F{00000000-0000-0000-0000-0000001851CF}
T{00000000-0000-0000-0000-0000001F9A3A}
T{00000000-0000-0000-0000-0000002BD788}
T{00000000-0000-0000-0000-00000019603B}
T{00000000-0000-0000-0000-0000002AA309}
T{00000000-0000-0000-0000-0000002A8313}
F{00000000-0000-0000-0000-00000029B95B}
T{00000000-0000-0000-0000-00000021E439}
T{00000000-0000-0000-0000-0000002AB7DF}
T{00000000-0000-0000-0000-0000000B2186}
T{00000000-0000-0000-0000-0000002BDE42}
T{00000000-0000-0000-0000-00000011D265}
T{00000000-0000-0000-0000-00000027B864}
T{00000000-0000-0000-0000-000000329FF6}
T{00000000-0000-0000-0000-0000000D93FC}
T{00000000-0000-0000-0000-0000001771DC}
F{00000000-0000-0000-0000-0000000DEE47}
F{00000000-0000-0000-0000-000000230FED}
T{00000000-0000-0000-0000-00000019A06B}
T{00000000-0000-0000-0000-0000000360C8}
T{00000000-0000-0000-0000-00000019D25D}
T{00000000-0000-0000-0000-0000001007FB}
T{00000000-0000-0000-0000-000000083408}
T{00000000-0000-0000-0000-00000006ACFB}
F{00000000-0000-0000-0000-0000000FD726}
F{00000000-0000-0000-0000-000000246908}
F{00000000-0000-0000-0000-0000001109EF}
F{00000000-0000-0000-0000-00000026F31D}
F{00000000-0000-0000-0000-00000021727D}
T{00000000-0000-0000-0000-0000001B9F31}
F{00000000-0000-0000-0000-0000002A3408}
T{00000000-0000-0000-0000-00000003668E}
T{00000000-0000-0000-0000-0000000C1EF0}
T{00000000-0000-0000-0000-000000028B01}
T{00000000-0000-0000-0000-000000029BA2}
T{00000000-0000-0000-0000-0000001FC635}
T{00000000-0000-0000-0000-00000029D6D2}
F{00000000-0000-0000-0000-000000105EB1}
T{00000000-0000-0000-0000-00000022DEDC}
F{00000000-0000-0000-0000-000000194966}
T{00000000-0000-0000-0000-000000165B31}
T{00000000-0000-0000-0000-0000000D202C}
T{00000000-0000-0000-0000-000000290452}
T{00000000-0000-0000-0000-000000245263}
F{00000000-0000-0000-0000-0000002CE21D}
T{00000000-0000-0000-0000-0000000F72B6}
T{00000000-0000-0000-0000-000000226B1E}
T{00000000-0000-0000-0000-00000010C82D}
T{00000000-0000-0000-0000-0000000FAEA5}
T{00000000-0000-0000-0000-00000030B526}
T{00000000-0000-0000-0000-0000000383AB}
T{00000000-0000-0000-0000-000000118960}
T{00000000-0000-0000-0000-0000002751AF}
T{00000000-0000-0000-0000-00000009F457}
F{00000000-0000-0000-0000-0000002E3B0B}
T{00000000-0000-0000-0000-00000013950A}
F{00000000-0000-0000-0000-00000012EA12}
F{00000000-0000-0000-0000-0000001EE496}
T{00000000-0000-0000-0000-000000259880}
T{00000000-0000-0000-0000-00000007E9F2}
T{00000000-0000-0000-0000-0000001430A3}
T{00000000-0000-0000-0000-0000003130EC}
T{00000000-0000-0000-0000-0000002836C7}
F{00000000-0000-0000-0000-000000101B79}
T{00000000-0000-0000-0000-000000216892}
F{00000000-0000-0000-0000-0000000928C2}
F{00000000-0000-0000-0000-00000026A490}
F{00000000-0000-0000-0000-0000002D9FD8}
F{00000000-0000-0000-0000-0000002D4F1C}
T{00000000-0000-0000-0000-000000090902}
F{00000000-0000-0000-0000-00000005C588}
T{00000000-0000-0000-0000-000000255F34}
T{00000000-0000-0000-0000-0000001B2068}
T{00000000-0000-0000-0000-0000002AC73D}
T{00000000-0000-0000-0000-00000010E0E2}
T{00000000-0000-0000-0000-000000129A38}
T{00000000-0000-0000-0000-0000001B01CB}
T{00000000-0000-0000-0000-000000271B02}
T{00000000-0000-0000-0000-0000000ECF7A}
T{00000000-0000-0000-0000-00000015C458}
T{00000000-0000-0000-0000-00000033AE67}
T{00000000-0000-0000-0000-0000002696A1}
T{00000000-0000-0000-0000-0000000C9126}
T{00000000-0000-0000-0000-00000025E10A}
T{00000000-0000-0000-0000-000000335262}
T{00000000-0000-0000-0000-0000000EC5E2}
F{00000000-0000-0000-0000-0000000FA4C1}
F{00000000-0000-0000-0000-000000231277}
F{00000000-0000-0000-0000-0000000D5E13}
T{00000000-0000-0000-0000-0000000D48CA}
T{00000000-0000-0000-0000-00000015C112}
T{00000000-0000-0000-0000-000000006F5E}
F{00000000-0000-0000-0000-00000016EF7B}
T{00000000-0000-0000-0000-0000001B3E7C}
F{00000000-0000-0000-0000-00000001C42B}
T{00000000-0000-0000-0000-000000165F44}
T{00000000-0000-0000-0000-0000000F4027}
T{00000000-0000-0000-0000-00000028B711}
T{00000000-0000-0000-0000-00000025F272}
T{00000000-0000-0000-0000-0000002A0EC1}
F{00000000-0000-0000-0000-0000002B2399}
F{00000000-0000-0000-0000-0000001E3995}
F{00000000-0000-0000-0000-00000000BB92}
T{00000000-0000-0000-0000-000000148E09}
F{00000000-0000-0000-0000-0000002D9FE0}
T{00000000-0000-0000-0000-0000002C8BEF}
T{00000000-0000-0000-0000-0000000CF7FF}
T{00000000-0000-0000-0000-0000002B743F}
T{00000000-0000-0000-0000-000000138954}
T{00000000-0000-0000-0000-0000000124D4}
F{00000000-0000-0000-0000-00000025DC81}
T{00000000-0000-0000-0000-000000318A4E}
F{00000000-0000-0000-0000-0000000D6338}
F{00000000-0000-0000-0000-00000033627A}
F{00000000-0000-0000-0000-0000001C8F02}
F{00000000-0000-0000-0000-0000001EA7C7}
T{00000000-0000-0000-0000-00000030BCFD}
T{00000000-0000-0000-0000-0000000F0CB2}
F{00000000-0000-0000-0000-00000026AE05}
T{00000000-0000-0000-0000-0000000445F0}
T{00000000-0000-0000-0000-0000001E4DE0}
F{00000000-0000-0000-0000-0000000ED161}
T{00000000-0000-0000-0000-00000031AA57}
F{00000000-0000-0000-0000-0000002D479F}
F{00000000-0000-0000-0000-0000001EA4DD}
T{00000000-0000-0000-0000-0000000D9CC7}
T{00000000-0000-0000-0000-0000000C5558}
F{00000000-0000-0000-0000-000000317956}
F{00000000-0000-0000-0000-00000014652A}
T{00000000-0000-0000-0000-00000029715F}
T{00000000-0000-0000-0000-0000000FC78E}
F{00000000-0000-0000-0000-000000213619}
T{00000000-0000-0000-0000-00000001FA50}
T{00000000-0000-0000-0000-000000270108}
T{00000000-0000-0000-0000-000000087B29}
F{00000000-0000-0000-0000-0000001BDAF9}
T{00000000-0000-0000-0000-0000002EC37B}
T{00000000-0000-0000-0000-0000002C7FB4}
T{00000000-0000-0000-0000-0000000D279A}
F{00000000-0000-0000-0000-0000002DC9A5}
T{00000000-0000-0000-0000-00000009885C}
F{00000000-0000-0000-0000-000000270CC6}
T{00000000-0000-0000-0000-0000000E0F36}
T{00000000-0000-0000-0000-0000000FF60F}
T{00000000-0000-0000-0000-00000032E4D5}
F{00000000-0000-0000-0000-0000001C7B17}
T{00000000-0000-0000-0000-0000000554DA}
T{00000000-0000-0000-0000-0000002AC73D}
T{00000000-0000-0000-0000-0000001EB327}
F{00000000-0000-0000-0000-00000014DA5C}
T{00000000-0000-0000-0000-0000002E9D90}
F{00000000-0000-0000-0000-0000001A871A}
T{00000000-0000-0000-0000-0000001C2198}
T{00000000-0000-0000-0000-0000000D9181}
T{00000000-0000-0000-0000-0000000FA7D1}
T{00000000-0000-0000-0000-00000027D7FB}
T{00000000-0000-0000-0000-00000003D178}
F{00000000-0000-0000-0000-00000016A5CD}
T{00000000-0000-0000-0000-00000004857A}
T{00000000-0000-0000-0000-0000002EC37B}
F{00000000-0000-0000-0000-00000019BC13}
F{00000000-0000-0000-0000-00000006308D}
T{00000000-0000-0000-0000-0000001472F7}
F{00000000-0000-0000-0000-000000094B5B}
F{00000000-0000-0000-0000-0000002313B8}
F{00000000-0000-0000-0000-000000210458}
T{00000000-0000-0000-0000-00000017F15A}
T{00000000-0000-0000-0000-00000023DA46}
T{00000000-0000-0000-0000-0000000DA2B8}
F{00000000-0000-0000-0000-0000002C74C9}
F{00000000-0000-0000-0000-00000032E6F6}
F{00000000-0000-0000-0000-0000003150EC}
T{00000000-0000-0000-0000-00000002DA37}
T{00000000-0000-0000-0000-0000000FAACF}
T{00000000-0000-0000-0000-000000029D4F}
T{00000000-0000-0000-0000-0000000D97A8}
T{00000000-0000-0000-0000-00000009A50F}
T{00000000-0000-0000-0000-0000000E38AD}
T{00000000-0000-0000-0000-0000000A09D9}
T{00000000-0000-0000-0000-000000259C8D}
T{00000000-0000-0000-0000-0000000A8ACB}
T{00000000-0000-0000-0000-0000002AD75B}
T{00000000-0000-0000-0000-0000002C28C3}
T{00000000-0000-0000-0000-00000025B12E}
F{00000000-0000-0000-0000-00000009D224}
T{00000000-0000-0000-0000-000000080458}
F{00000000-0000-0000-0000-00000027E298}
T{00000000-0000-0000-0000-000000154185}
T{00000000-0000-0000-0000-000000241984}
F{00000000-0000-0000-0000-0000002C4782}
T{00000000-0000-0000-0000-0000002BD8DA}
T{00000000-0000-0000-0000-000000123030}
F{00000000-0000-0000-0000-00000012EEF7}
F{00000000-0000-0000-0000-0000000FC3AA}
T{00000000-0000-0000-0000-0000001D0EA2}
T{00000000-0000-0000-0000-0000002A8563}
F{00000000-0000-0000-0000-000000295BE6}
T{00000000-0000-0000-0000-00000017C301}
T{00000000-0000-0000-0000-0000002C1AFE}
T{00000000-0000-0000-0000-00000011B25C}
T{00000000-0000-0000-0000-00000009754B}
T{00000000-0000-0000-0000-000000118E88}
F{00000000-0000-0000-0000-00000016F860}
T{00000000-0000-0000-0000-0000001AC3FD}
F{00000000-0000-0000-0000-0000002F1F39}
T{00000000-0000-0000-0000-000000259C8D}
T{00000000-0000-0000-0000-000000279F08}
T{00000000-0000-0000-0000-000000294121}
T{00000000-0000-0000-0000-0000002EFC5F}
T{00000000-0000-0000-0000-000000312F10}
T{00000000-0000-0000-0000-000000155977}
T{00000000-0000-0000-0000-0000000596BA}
F{00000000-0000-0000-0000-000000245F5D}
T{00000000-0000-0000-0000-00000018B304}
F{00000000-0000-0000-0000-00000013EDBB}
F{00000000-0000-0000-0000-0000000ADF8A}
T{00000000-0000-0000-0000-00000031E4BF}
T{00000000-0000-0000-0000-000000077716}
T{00000000-0000-0000-0000-000000058349}
T{00000000-0000-0000-0000-0000001F248A}
F{00000000-0000-0000-0000-000000177B49}
T{00000000-0000-0000-0000-0000000B178F}
T{00000000-0000-0000-0000-0000000CC211}
F{00000000-0000-0000-0000-0000002B9CA9}
F{00000000-0000-0000-0000-0000000DD8B2}
F{00000000-0000-0000-0000-0000002CC8D4}
F{00000000-0000-0000-0000-000000192C47}
F{00000000-0000-0000-0000-00000032B96F}
F{00000000-0000-0000-0000-0000002CDFC9}
T{00000000-0000-0000-0000-000000034EC9}
F{00000000-0000-0000-0000-0000001FD913}
T{00000000-0000-0000-0000-0000001DD2E8}
F{00000000-0000-0000-0000-000000040075}
F{00000000-0000-0000-0000-00000001E845}
F{00000000-0000-0000-0000-0000002499A6}
T{00000000-0000-0000-0000-000000327C1B}
T{00000000-0000-0000-0000-000000245FF5}
F{00000000-0000-0000-0000-0000001DB268}
F{00000000-0000-0000-0000-00000024A8BF}
F{00000000-0000-0000-0000-0000000FEDBA}
F{00000000-0000-0000-0000-00000007CA58}
T{00000000-0000-0000-0000-000000243433}
F{00000000-0000-0000-0000-000000172688}
T{00000000-0000-0000-0000-000000234DA8}
T{00000000-0000-0000-0000-000000138472}
T{00000000-0000-0000-0000-0000000B81AE}
F{00000000-0000-0000-0000-00000009AD92}
F{00000000-0000-0000-0000-00000017BA07}
F{00000000-0000-0000-0000-00000028980F}
T{00000000-0000-0000-0000-00000027E1C4}
T{00000000-0000-0000-0000-000000253952}
T{00000000-0000-0000-0000-0000001A1AEA}
T{00000000-0000-0000-0000-0000000AFFEF}
F{00000000-0000-0000-0000-000000075EAF}
T{00000000-0000-0000-0000-0000002C1AC7}
T{00000000-0000-0000-0000-0000002A21F8}
T{00000000-0000-0000-0000-0000002031C8}
F{00000000-0000-0000-0000-000000289DEC}
T{00000000-0000-0000-0000-0000001A0E4E}
T{00000000-0000-0000-0000-0000002FC5A9}
T{00000000-0000-0000-0000-0000002073CF}
T{00000000-0000-0000-0000-00000031D4E2}
T{00000000-0000-0000-0000-00000031572B}
F{00000000-0000-0000-0000-00000019E343}
T{00000000-0000-0000-0000-0000002B52C4}
F{00000000-0000-0000-0000-0000000970F1}
T{00000000-0000-0000-0000-000000104231}
T{00000000-0000-0000-0000-0000000C58D5}
T{00000000-0000-0000-0000-0000002EB24D}
T{00000000-0000-0000-0000-000000041749}
T{00000000-0000-0000-0000-00000033AE9F}
F{00000000-0000-0000-0000-0000000BCED8}
T{00000000-0000-0000-0000-0000000BD935}
T{00000000-0000-0000-0000-00000002F36B}
F{00000000-0000-0000-0000-00000014652A}
T{00000000-0000-0000-0000-0000000719C9}
T{00000000-0000-0000-0000-000000004049}
F{00000000-0000-0000-0000-000000177868}
F{00000000-0000-0000-0000-0000002ADB4F}
T{00000000-0000-0000-0000-000000074E1E}
T{00000000-0000-0000-0000-00000029EA94}
F{00000000-0000-0000-0000-0000000C46EE}
T{00000000-0000-0000-0000-0000001D24DE}
F{00000000-0000-0000-0000-000000140E50}
F{00000000-0000-0000-0000-000000152F2F}
T{00000000-0000-0000-0000-000000049EE2}
T{00000000-0000-0000-0000-0000002C5C7E}
T{00000000-0000-0000-0000-0000000B7B36}
T{00000000-0000-0000-0000-0000002F7940}
F{00000000-0000-0000-0000-00000031FD22}
T{00000000-0000-0000-0000-00000030D97F}
F{00000000-0000-0000-0000-000000192C47}
T{00000000-0000-0000-0000-0000000E9B91}
F{00000000-0000-0000-0000-00000019F4D6}
T{00000000-0000-0000-0000-0000000D80FB}
T{00000000-0000-0000-0000-000000077E9F}
F{00000000-0000-0000-0000-00000009E1DD}
F{00000000-0000-0000-0000-00000026F535}
T{00000000-0000-0000-0000-0000001EF69C}
T{00000000-0000-0000-0000-000000180941}
T{00000000-0000-0000-0000-00000010B8D8}
F{00000000-0000-0000-0000-00000025478C}
T{00000000-0000-0000-0000-000000059FB2}
T{00000000-0000-0000-0000-000000269616}
F{00000000-0000-0000-0000-0000001DC5DF}
F{00000000-0000-0000-0000-000000073239}
T{00000000-0000-0000-0000-00000000D30C}
F{00000000-0000-0000-0000-0000001E1D24}
T{00000000-0000-0000-0000-000000069ECE}
T{00000000-0000-0000-0000-0000000BE030}
T{00000000-0000-0000-0000-00000001B078}
F{00000000-0000-0000-0000-000000166E8F}
F{00000000-0000-0000-0000-00000026929D}
F{00000000-0000-0000-0000-0000002D609F}
T{00000000-0000-0000-0000-000000131C90}
T{00000000-0000-0000-0000-0000000FB6AA}
T{00000000-0000-0000-0000-00000003D38D}
T{00000000-0000-0000-0000-0000002E00E8}
T{00000000-0000-0000-0000-000000274E03}
T{00000000-0000-0000-0000-00000005942E}
F{00000000-0000-0000-0000-0000002512F9}
T{00000000-0000-0000-0000-000000052190}
T{00000000-0000-0000-0000-000000167340}
F{00000000-0000-0000-0000-00000018CD3C}
T{00000000-0000-0000-0000-0000000DF116}
F{00000000-0000-0000-0000-00000018025C}
T{00000000-0000-0000-0000-0000002B1FB1}
T{00000000-0000-0000-0000-0000000F94B1}
F{00000000-0000-0000-0000-00000006D3FA}
F{00000000-0000-0000-0000-0000002FDFCF}
T{00000000-0000-0000-0000-000000249EBF}
F{00000000-0000-0000-0000-0000000D4DD9}
T{00000000-0000-0000-0000-00000016FB0E}
T{00000000-0000-0000-0000-000000178CE5}
T{00000000-0000-0000-0000-0000002A27DD}
T{00000000-0000-0000-0000-000000334D03}
T{00000000-0000-0000-0000-0000002F719E}
T{00000000-0000-0000-0000-00000031E4BF}
T{00000000-0000-0000-0000-0000000A1BAA}
T{00000000-0000-0000-0000-00000015781E}
T{00000000-0000-0000-0000-000000034A00}
T{00000000-0000-0000-0000-0000001FF9F1}
T{00000000-0000-0000-0000-0000001C1200}
F{00000000-0000-0000-0000-0000000FD49A}
T{00000000-0000-0000-0000-000000071831}
T{00000000-0000-0000-0000-0000000E47F1}
T{00000000-0000-0000-0000-00000023D28B}
T{00000000-0000-0000-0000-000000075977}
F{00000000-0000-0000-0000-000000171CEF}
T{00000000-0000-0000-0000-000000099440}
T{00000000-0000-0000-0000-00000021E377}
T{00000000-0000-0000-0000-000000104E8B}
T{00000000-0000-0000-0000-0000002BF918}
F{00000000-0000-0000-0000-00000031EBC3}
T{00000000-0000-0000-0000-0000000334A5}
T{00000000-0000-0000-0000-0000002099FA}
T{00000000-0000-0000-0000-000000326DB4}
T{00000000-0000-0000-0000-00000000D30C}
T{00000000-0000-0000-0000-00000004CEEF}
T{00000000-0000-0000-0000-00000027DC15}
T{00000000-0000-0000-0000-00000014D989}
T{00000000-0000-0000-0000-000000310E30}
F{00000000-0000-0000-0000-0000000E2CE3}
T{00000000-0000-0000-0000-0000001DC985}
T{00000000-0000-0000-0000-00000007687C}
T{00000000-0000-0000-0000-000000005195}
T{00000000-0000-0000-0000-000000094832}
T{00000000-0000-0000-0000-0000001D04D5}
F{00000000-0000-0000-0000-0000002FDA95}
T{00000000-0000-0000-0000-0000002CE877}
F{00000000-0000-0000-0000-0000002ECA3E}
F{00000000-0000-0000-0000-00000022E947}
F{00000000-0000-0000-0000-000000072837}
T{00000000-0000-0000-0000-0000002E35C2}
F{00000000-0000-0000-0000-000000046E22}
F{00000000-0000-0000-0000-000000114F6A}
T{00000000-0000-0000-0000-000000283290}
T{00000000-0000-0000-0000-0000001C07B2}
T{00000000-0000-0000-0000-000000017375}
T{00000000-0000-0000-0000-0000001D0CB8}
F{00000000-0000-0000-0000-00000024D561}
T{00000000-0000-0000-0000-000000316690}
T{00000000-0000-0000-0000-00000032CFC1}
T{00000000-0000-0000-0000-00000030BCFD}
T{00000000-0000-0000-0000-0000001EED11}
T{00000000-0000-0000-0000-00000032649C}
F{00000000-0000-0000-0000-000000123AD5}
F{00000000-0000-0000-0000-00000020548C}
T{00000000-0000-0000-0000-00000026EA0C}
T{00000000-0000-0000-0000-0000002485D0}
F{00000000-0000-0000-0000-0000001CFFF0}
F{00000000-0000-0000-0000-0000002B8B2A}
F{00000000-0000-0000-0000-0000002D4012}
F{00000000-0000-0000-0000-000000251E83}
T{00000000-0000-0000-0000-000000051787}
T{00000000-0000-0000-0000-0000002E1A4D}
F{00000000-0000-0000-0000-00000026908C}
T{00000000-0000-0000-0000-0000002512F9}
T{00000000-0000-0000-0000-000000104231}
T{00000000-0000-0000-0000-000000096DFC}
T{00000000-0000-0000-0000-000000216A40}
T{00000000-0000-0000-0000-0000000FCF8B}
T{00000000-0000-0000-0000-00000009EAD5}
F{00000000-0000-0000-0000-0000000CE4C7}
T{00000000-0000-0000-0000-000000167230}
T{00000000-0000-0000-0000-00000003C95D}
T{00000000-0000-0000-0000-0000002CC8D4}
T{00000000-0000-0000-0000-00000005A0C6}
T{00000000-0000-0000-0000-000000306463}
T{00000000-0000-0000-0000-00000016E1D9}
T{00000000-0000-0000-0000-0000002D2AC0}
T{00000000-0000-0000-0000-0000000224D0}
T{00000000-0000-0000-0000-0000002C7819}
T{00000000-0000-0000-0000-00000007F070}
F{00000000-0000-0000-0000-0000002789C7}
F{00000000-0000-0000-0000-00000028E78F}
F{00000000-0000-0000-0000-0000000413C0}
F{00000000-0000-0000-0000-0000002AE653}
T{00000000-0000-0000-0000-00000026C0F5}
T{00000000-0000-0000-0000-00000032FABB}
T{00000000-0000-0000-0000-0000001D04D5}
T{00000000-0000-0000-0000-000000089426}
T{00000000-0000-0000-0000-0000000F4E23}
T{00000000-0000-0000-0000-0000000719B7}
T{00000000-0000-0000-0000-0000001AC3FD}
F{00000000-0000-0000-0000-0000000B96A0}
T{00000000-0000-0000-0000-0000001C6221}
T{00000000-0000-0000-0000-000000028B01}
T{00000000-0000-0000-0000-00000008CA13}
T{00000000-0000-0000-0000-0000000CDF99}
T{00000000-0000-0000-0000-00000026489E}
T{00000000-0000-0000-0000-000000163148}
T{00000000-0000-0000-0000-0000000A0843}
T{00000000-0000-0000-0000-0000002F8823}
T{00000000-0000-0000-0000-00000007BDBE}
F{00000000-0000-0000-0000-000000098DB8}
F{00000000-0000-0000-0000-000000242709}
T{00000000-0000-0000-0000-0000001FE575}
T{00000000-0000-0000-0000-000000137DC8}
T{00000000-0000-0000-0000-000000253E30}
T{00000000-0000-0000-0000-000000077EEC}
T{00000000-0000-0000-0000-0000000445F0}
T{00000000-0000-0000-0000-0000002D0993}
F{00000000-0000-0000-0000-0000000358BE}
T{00000000-0000-0000-0000-0000003137D0}
T{00000000-0000-0000-0000-0000001D5C71}
T{00000000-0000-0000-0000-00000025A45B}
T{00000000-0000-0000-0000-00000006343F}
F{00000000-0000-0000-0000-0000000876F9}
T{00000000-0000-0000-0000-000000007934}
T{00000000-0000-0000-0000-0000001D3BAA}
T{00000000-0000-0000-0000-00000024128D}
F{00000000-0000-0000-0000-0000002FD32B}
T{00000000-0000-0000-0000-000000048743}
T{00000000-0000-0000-0000-000000153FDF}
F{00000000-0000-0000-0000-0000000CE303}
T{00000000-0000-0000-0000-0000001AEF13}
T{00000000-0000-0000-0000-00000028F298}
T{00000000-0000-0000-0000-0000002ED088}
T{00000000-0000-0000-0000-00000000C85C}
F{00000000-0000-0000-0000-0000001E95A5}
T{00000000-0000-0000-0000-00000020BD3C}
T{00000000-0000-0000-0000-0000002F5A0A}
F{00000000-0000-0000-0000-000000336361}
F{00000000-0000-0000-0000-000000007910}
T{00000000-0000-0000-0000-000000243AA3}
F{00000000-0000-0000-0000-000000298366}
T{00000000-0000-0000-0000-000000145F7B}
T{00000000-0000-0000-0000-000000329CCA}
F{00000000-0000-0000-0000-0000001D398B}
T{00000000-0000-0000-0000-00000008FF28}
T{00000000-0000-0000-0000-000000122EA0}
T{00000000-0000-0000-0000-0000000AAA3F}
F{00000000-0000-0000-0000-00000020AC91}
T{00000000-0000-0000-0000-00000017143E}
T{00000000-0000-0000-0000-000000183C86}
T{00000000-0000-0000-0000-00000031DB1D}
F{00000000-0000-0000-0000-0000003362C8}
F{00000000-0000-0000-0000-0000002DC1A8}
T{00000000-0000-0000-0000-00000007718A}
T{00000000-0000-0000-0000-00000020AE43}
T{00000000-0000-0000-0000-00000026813F}
T{00000000-0000-0000-0000-000000097D94}
T{00000000-0000-0000-0000-000000316644}
T{00000000-0000-0000-0000-0000002267C9}
T{00000000-0000-0000-0000-000000051787}
F{00000000-0000-0000-0000-00000028C3F4}
T{00000000-0000-0000-0000-000000049349}
T{00000000-0000-0000-0000-00000029BCB7}
T{00000000-0000-0000-0000-0000001078BD}
T{00000000-0000-0000-0000-0000002D50CD}
T{00000000-0000-0000-0000-0000001F2BCD}
T{00000000-0000-0000-0000-00000022E947}
T{00000000-0000-0000-0000-00000031A727}
T{00000000-0000-0000-0000-0000001AC384}
F{00000000-0000-0000-0000-0000002F9D8A}
T{00000000-0000-0000-0000-00000006ADAA}
T{00000000-0000-0000-0000-00000033ABF6}
T{00000000-0000-0000-0000-000000229D0D}
T{00000000-0000-0000-0000-00000002EF74}
T{00000000-0000-0000-0000-000000080077}
F{00000000-0000-0000-0000-0000000FD49A}
T{00000000-0000-0000-0000-0000000DA78A}
T{00000000-0000-0000-0000-00000018B304}
T{00000000-0000-0000-0000-000000055B71}
T{00000000-0000-0000-0000-00000011E9B8}
T{00000000-0000-0000-0000-00000006E9D8}
T{00000000-0000-0000-0000-0000001D28F2}
F{00000000-0000-0000-0000-0000002F9487}
T{00000000-0000-0000-0000-0000002378AD}
T{00000000-0000-0000-0000-00000009D784}
T{00000000-0000-0000-0000-00000029F9DC}
T{00000000-0000-0000-0000-000000022FC1}
T{00000000-0000-0000-0000-00000022E1A7}
T{00000000-0000-0000-0000-000000321648}
T{00000000-0000-0000-0000-000000030506}
F{00000000-0000-0000-0000-0000001DCCD0}
F{00000000-0000-0000-0000-0000002C69FD}
T{00000000-0000-0000-0000-0000000BF333}
T{00000000-0000-0000-0000-00000026535B}
T{00000000-0000-0000-0000-0000002B4638}
T{00000000-0000-0000-0000-00000021B9AD}
T{00000000-0000-0000-0000-00000026B65C}
T{00000000-0000-0000-0000-00000029D550}
T{00000000-0000-0000-0000-0000001C4BDC}
T{00000000-0000-0000-0000-000000213619}
T{00000000-0000-0000-0000-00000032A3F7}
T{00000000-0000-0000-0000-000000339597}
F{00000000-0000-0000-0000-000000069126}
F{00000000-0000-0000-0000-0000000BBBC1}
T{00000000-0000-0000-0000-00000010AC7D}
T{00000000-0000-0000-0000-00000023F83A}
T{00000000-0000-0000-0000-000000318CBC}
