T{00000000-0000-0000-0000-00000019A61D}
T{00000000-0000-0000-0000-000000062B7E}
T{00000000-0000-0000-0000-00000005AC0E}
F{00000000-0000-0000-0000-0000001EA4DD}
T{00000000-0000-0000-0000-0000001445FC}
T{00000000-0000-0000-0000-00000008C15C}
F{00000000-0000-0000-0000-0000002FFF7B}
F{00000000-0000-0000-0000-0000000A57AE}
F{00000000-0000-0000-0000-0000002796A4}
T{00000000-0000-0000-0000-000000294238}
T{00000000-0000-0000-0000-0000000A9AE5}
T{00000000-0000-0000-0000-00000011450A}
F{00000000-0000-0000-0000-0000000B0D42}
T{00000000-0000-0000-0000-0000000CE0CB}
F{00000000-0000-0000-0000-0000003057F6}
F{00000000-0000-0000-0000-0000000F9C6B}
F{00000000-0000-0000-0000-0000002390CE}
F{00000000-0000-0000-0000-00000009E1DD}
F{00000000-0000-0000-0000-00000026C267}
T{00000000-0000-0000-0000-0000000A6CD0}
F{00000000-0000-0000-0000-00000019D284}
F{00000000-0000-0000-0000-00000027EFA5}
F{00000000-0000-0000-0000-00000032083C}
T{00000000-0000-0000-0000-0000002F005C}
T{00000000-0000-0000-0000-00000030DA81}
T{00000000-0000-0000-0000-00000000CC8F}
T{00000000-0000-0000-0000-0000001229E1}
T{00000000-0000-0000-0000-000000196D74}
T{00000000-0000-0000-0000-000000094B97}
T{00000000-0000-0000-0000-0000002C7474}
T{00000000-0000-0000-0000-00000002783A}
F{00000000-0000-0000-0000-0000002AAA36}
T{00000000-0000-0000-0000-0000002596A5}
T{00000000-0000-0000-0000-0000001ECB6E}
T{00000000-0000-0000-0000-00000003457B}
T{00000000-0000-0000-0000-000000071854}
T{00000000-0000-0000-0000-00000027D16D}
T{00000000-0000-0000-0000-000000276E31}
T{00000000-0000-0000-0000-00000009747B}
T{00000000-0000-0000-0000-0000001EC473}
T{00000000-0000-0000-0000-0000001670BF}
T{00000000-0000-0000-0000-00000001C181}
T{00000000-0000-0000-0000-0000000278EE}
T{00000000-0000-0000-0000-000000119719}
F{00000000-0000-0000-0000-0000002D479F}
T{00000000-0000-0000-0000-0000002D7157}
F{00000000-0000-0000-0000-000000200CE4}
T{00000000-0000-0000-0000-0000001FC332}
T{00000000-0000-0000-0000-0000001AC6FB}
F{00000000-0000-0000-0000-0000001C1356}
F{00000000-0000-0000-0000-0000000AE099}
T{00000000-0000-0000-0000-0000000F1F59}
F{00000000-0000-0000-0000-0000000C46EE}
T{00000000-0000-0000-0000-0000002350CC}
T{00000000-0000-0000-0000-000000010730}
T{00000000-0000-0000-0000-0000002067C5}
T{00000000-0000-0000-0000-00000009748A}
F{00000000-0000-0000-0000-0000001023D6}
F{00000000-0000-0000-0000-0000000EBF05}
T{00000000-0000-0000-0000-0000002B59AA}
F{00000000-0000-0000-0000-0000002654B2}
T{00000000-0000-0000-0000-00000010CF8A}
F{00000000-0000-0000-0000-0000000D5E13}
T{00000000-0000-0000-0000-000000102C2D}
F{00000000-0000-0000-0000-00000009F26B}
F{00000000-0000-0000-0000-0000002F6F2F}
T{00000000-0000-0000-0000-0000001EC473}
T{00000000-0000-0000-0000-0000002CA95A}
F{00000000-0000-0000-0000-0000002D02F7}
T{00000000-0000-0000-0000-0000000E0FE9}
T{00000000-0000-0000-0000-000000204483}
F{00000000-0000-0000-0000-000000265F80}
T{00000000-0000-0000-0000-0000001841F3}
T{00000000-0000-0000-0000-0000000BB6CF}
T{00000000-0000-0000-0000-000000169E5F}
T{00000000-0000-0000-0000-000000081045}
T{00000000-0000-0000-0000-000000282BD0}
T{00000000-0000-0000-0000-000000071997}
T{00000000-0000-0000-0000-000000073B05}
T{00000000-0000-0000-0000-0000002E94D3}
F{00000000-0000-0000-0000-0000002AB719}
T{00000000-0000-0000-0000-0000000936A7}
F{00000000-0000-0000-0000-0000000B1846}
T{00000000-0000-0000-0000-00000025478C}
T{00000000-0000-0000-0000-000000010D04}
T{00000000-0000-0000-0000-0000000CF933}
T{00000000-0000-0000-0000-0000002A7A55}
T{00000000-0000-0000-0000-000000196C61}
T{00000000-0000-0000-0000-000000332DE4}
T{00000000-0000-0000-0000-0000001D429F}
F{00000000-0000-0000-0000-000000165C7D}
T{00000000-0000-0000-0000-0000000FC474}
F{00000000-0000-0000-0000-0000000BBB6E}
T{00000000-0000-0000-0000-0000001684A9}
F{00000000-0000-0000-0000-00000006919F}
F{00000000-0000-0000-0000-0000000F1842}
T{00000000-0000-0000-0000-00000003F4DF}
F{00000000-0000-0000-0000-0000000FB5F9}
T{00000000-0000-0000-0000-00000011450A}
T{00000000-0000-0000-0000-000000212CBD}
T{00000000-0000-0000-0000-0000001DA545}
T{00000000-0000-0000-0000-000000063A02}
T{00000000-0000-0000-0000-00000032C032}
T{00000000-0000-0000-0000-0000001D5E09}
F{00000000-0000-0000-0000-0000000F705B}
T{00000000-0000-0000-0000-00000005A937}
F{00000000-0000-0000-0000-0000001A5588}
F{00000000-0000-0000-0000-0000002C51D3}
T{00000000-0000-0000-0000-00000010AB19}
T{00000000-0000-0000-0000-00000020B4A2}
F{00000000-0000-0000-0000-0000001BF1B8}
T{00000000-0000-0000-0000-000000061020}
T{00000000-0000-0000-0000-00000027F124}
T{00000000-0000-0000-0000-00000011215C}
T{00000000-0000-0000-0000-000000014E5E}
T{00000000-0000-0000-0000-0000002F463E}
F{00000000-0000-0000-0000-000000148332}
T{00000000-0000-0000-0000-0000002A8E01}
T{00000000-0000-0000-0000-000000019236}
T{00000000-0000-0000-0000-000000254935}
T{00000000-0000-0000-0000-00000024D927}
T{00000000-0000-0000-0000-00000031243B}
F{00000000-0000-0000-0000-00000031E96F}
F{00000000-0000-0000-0000-0000000AB664}
T{00000000-0000-0000-0000-0000001BEC3F}
F{00000000-0000-0000-0000-00000005DD33}
T{00000000-0000-0000-0000-00000026E65F}
T{00000000-0000-0000-0000-00000012FC02}
F{00000000-0000-0000-0000-00000009C060}
T{00000000-0000-0000-0000-00000014D989}
T{00000000-0000-0000-0000-00000023B888}
T{00000000-0000-0000-0000-000000244C0B}
T{00000000-0000-0000-0000-0000001188A6}
T{00000000-0000-0000-0000-0000001186FF}
T{00000000-0000-0000-0000-000000218033}
T{00000000-0000-0000-0000-0000002881CE}
T{00000000-0000-0000-0000-00000010DE93}
T{00000000-0000-0000-0000-0000000BD5EC}
F{00000000-0000-0000-0000-000000069FDF}
T{00000000-0000-0000-0000-000000089818}
T{00000000-0000-0000-0000-00000004808D}
T{00000000-0000-0000-0000-00000011D5A2}
T{00000000-0000-0000-0000-00000020FE66}
T{00000000-0000-0000-0000-00000000EC9E}
T{00000000-0000-0000-0000-00000032A2DE}
T{00000000-0000-0000-0000-000000296ED6}
T{00000000-0000-0000-0000-0000002341E9}
F{00000000-0000-0000-0000-0000002ADB4F}
T{00000000-0000-0000-0000-000000090D66}
F{00000000-0000-0000-0000-000000095572}
F{00000000-0000-0000-0000-0000002BDEA2}
T{00000000-0000-0000-0000-0000002B9C7A}
T{00000000-0000-0000-0000-000000089818}
T{00000000-0000-0000-0000-0000000B1140}
T{00000000-0000-0000-0000-000000273294}
T{00000000-0000-0000-0000-000000282BD0}
T{00000000-0000-0000-0000-00000007F0B1}
F{00000000-0000-0000-0000-000000220B3D}
T{00000000-0000-0000-0000-0000000A1D72}
T{00000000-0000-0000-0000-0000000F1F59}
T{00000000-0000-0000-0000-00000005A937}
T{00000000-0000-0000-0000-000000138851}
T{00000000-0000-0000-0000-000000005CDD}
F{00000000-0000-0000-0000-000000128BA6}
T{00000000-0000-0000-0000-00000000C66B}
F{00000000-0000-0000-0000-00000012AF34}
F{00000000-0000-0000-0000-0000002B8F8A}
F{00000000-0000-0000-0000-0000002DC1A8}
F{00000000-0000-0000-0000-0000000C6B65}
F{00000000-0000-0000-0000-00000013BFCB}
T{00000000-0000-0000-0000-000000040F4E}
T{00000000-0000-0000-0000-0000000FA790}
T{00000000-0000-0000-0000-0000002D348F}
F{00000000-0000-0000-0000-000000122E7A}
T{00000000-0000-0000-0000-000000283F32}
T{00000000-0000-0000-0000-0000001D7D61}
T{00000000-0000-0000-0000-0000000778B0}
T{00000000-0000-0000-0000-00000023F83A}
F{00000000-0000-0000-0000-00000019F414}
T{00000000-0000-0000-0000-00000020C352}
T{00000000-0000-0000-0000-00000010AC53}
T{00000000-0000-0000-0000-00000023E3D8}
T{00000000-0000-0000-0000-0000000316DE}
F{00000000-0000-0000-0000-0000002B7D45}
T{00000000-0000-0000-0000-000000246168}
F{00000000-0000-0000-0000-000000295694}
F{00000000-0000-0000-0000-0000002A9841}
T{00000000-0000-0000-0000-000000015FC7}
T{00000000-0000-0000-0000-00000005ED27}
F{00000000-0000-0000-0000-00000017574C}
T{00000000-0000-0000-0000-0000001C3847}
T{00000000-0000-0000-0000-00000005E0A5}
T{00000000-0000-0000-0000-000000081226}
T{00000000-0000-0000-0000-000000246745}
T{00000000-0000-0000-0000-0000002998ED}
F{00000000-0000-0000-0000-000000222A3E}
T{00000000-0000-0000-0000-00000005AA52}
F{00000000-0000-0000-0000-0000000A2D06}
T{00000000-0000-0000-0000-000000140A73}
T{00000000-0000-0000-0000-0000002D26B3}
F{00000000-0000-0000-0000-000000048F75}
T{00000000-0000-0000-0000-00000016E093}
T{00000000-0000-0000-0000-0000001AC8CA}
T{00000000-0000-0000-0000-0000001389B0}
F{00000000-0000-0000-0000-00000033C0DE}
T{00000000-0000-0000-0000-0000001FBDD3}
T{00000000-0000-0000-0000-00000005EAE7}
T{00000000-0000-0000-0000-00000005046B}
T{00000000-0000-0000-0000-0000002732DB}
T{00000000-0000-0000-0000-000000336743}
T{00000000-0000-0000-0000-0000003136C1}
F{00000000-0000-0000-0000-000000172673}
F{00000000-0000-0000-0000-0000000FBBC4}
T{00000000-0000-0000-0000-0000002477C7}
F{00000000-0000-0000-0000-00000028E78F}
T{00000000-0000-0000-0000-0000002ECB63}
T{00000000-0000-0000-0000-00000025F6AD}
T{00000000-0000-0000-0000-000000127764}
T{00000000-0000-0000-0000-0000000667EE}
T{00000000-0000-0000-0000-0000002AB29C}
F{00000000-0000-0000-0000-000000164208}
T{00000000-0000-0000-0000-0000001042F6}
T{00000000-0000-0000-0000-00000020FE66}
F{00000000-0000-0000-0000-00000006CBEB}
T{00000000-0000-0000-0000-000000158C39}
T{00000000-0000-0000-0000-0000002A8531}
T{00000000-0000-0000-0000-0000000FBAB5}
F{00000000-0000-0000-0000-0000001D398B}
T{00000000-0000-0000-0000-000000335C2A}
T{00000000-0000-0000-0000-0000001196E0}
F{00000000-0000-0000-0000-00000029A720}
T{00000000-0000-0000-0000-000000163919}
F{00000000-0000-0000-0000-00000026C27D}
T{00000000-0000-0000-0000-00000033245B}
T{00000000-0000-0000-0000-0000001D1493}
F{00000000-0000-0000-0000-000000098996}
F{00000000-0000-0000-0000-00000017158F}
T{00000000-0000-0000-0000-000000336848}
T{00000000-0000-0000-0000-000000192209}
T{00000000-0000-0000-0000-000000289E91}
T{00000000-0000-0000-0000-0000001C2743}
F{00000000-0000-0000-0000-000000303F08}
T{00000000-0000-0000-0000-00000026BB52}
F{00000000-0000-0000-0000-00000028CA92}
T{00000000-0000-0000-0000-0000002E3B0B}
T{00000000-0000-0000-0000-0000000B9736}
F{00000000-0000-0000-0000-000000099323}
T{00000000-0000-0000-0000-000000182C02}
T{00000000-0000-0000-0000-0000000AFFEF}
T{00000000-0000-0000-0000-000000303D82}
T{00000000-0000-0000-0000-0000002C004C}
T{00000000-0000-0000-0000-00000026D7AA}
T{00000000-0000-0000-0000-00000011402E}
T{00000000-0000-0000-0000-0000000AAA3F}
T{00000000-0000-0000-0000-0000000FDA95}
T{00000000-0000-0000-0000-0000000A7843}
T{00000000-0000-0000-0000-000000251884}
F{00000000-0000-0000-0000-0000000A9F0E}
T{00000000-0000-0000-0000-00000019603B}
F{00000000-0000-0000-0000-000000194966}
F{00000000-0000-0000-0000-000000036272}
F{00000000-0000-0000-0000-0000001594FA}
T{00000000-0000-0000-0000-0000002B99FD}
F{00000000-0000-0000-0000-0000001D3BF2}
T{00000000-0000-0000-0000-00000006FC1D}
T{00000000-0000-0000-0000-0000000BC9F5}
F{00000000-0000-0000-0000-0000002337D8}
T{00000000-0000-0000-0000-00000013C022}
F{00000000-0000-0000-0000-0000000ECC6E}
T{00000000-0000-0000-0000-00000031411F}
F{00000000-0000-0000-0000-00000028C70F}
T{00000000-0000-0000-0000-00000030AA26}
F{00000000-0000-0000-0000-000000263C74}
F{00000000-0000-0000-0000-0000001D6905}
T{00000000-0000-0000-0000-00000028544E}
F{00000000-0000-0000-0000-0000000E6E55}
T{00000000-0000-0000-0000-0000000E773C}
F{00000000-0000-0000-0000-00000007E3BE}
T{00000000-0000-0000-0000-0000000C5C77}
T{00000000-0000-0000-0000-00000031FD22}
F{00000000-0000-0000-0000-00000022236F}
T{00000000-0000-0000-0000-00000025F6AD}
T{00000000-0000-0000-0000-0000000A0057}
T{00000000-0000-0000-0000-0000002A00DE}
T{00000000-0000-0000-0000-0000003126C8}
T{00000000-0000-0000-0000-0000002B183F}
T{00000000-0000-0000-0000-000000019236}
T{00000000-0000-0000-0000-0000002DC1A8}
T{00000000-0000-0000-0000-0000000E7808}
T{00000000-0000-0000-0000-00000004F061}
T{00000000-0000-0000-0000-0000000D99AD}
T{00000000-0000-0000-0000-000000047CB1}
F{00000000-0000-0000-0000-0000000D6338}
T{00000000-0000-0000-0000-0000002ECCD4}
T{00000000-0000-0000-0000-000000316644}
T{00000000-0000-0000-0000-00000012A5F0}
T{00000000-0000-0000-0000-000000275699}
T{00000000-0000-0000-0000-0000002CC8D4}
T{00000000-0000-0000-0000-0000000A0AB0}
F{00000000-0000-0000-0000-0000002225A2}
T{00000000-0000-0000-0000-000000333D98}
F{00000000-0000-0000-0000-00000032F43E}
T{00000000-0000-0000-0000-00000026611E}
T{00000000-0000-0000-0000-00000009F92A}
T{00000000-0000-0000-0000-0000000E581C}
F{00000000-0000-0000-0000-00000009D428}
F{00000000-0000-0000-0000-00000006DF77}
T{00000000-0000-0000-0000-000000086695}
F{00000000-0000-0000-0000-000000231277}
T{00000000-0000-0000-0000-0000000D1180}
T{00000000-0000-0000-0000-00000027C499}
T{00000000-0000-0000-0000-0000000817F6}
F{00000000-0000-0000-0000-0000002C99F1}
F{00000000-0000-0000-0000-0000000BF8B3}
F{00000000-0000-0000-0000-00000026F01D}
T{00000000-0000-0000-0000-00000006343D}
T{00000000-0000-0000-0000-000000178789}
F{00000000-0000-0000-0000-000000265F80}
T{00000000-0000-0000-0000-0000000BE9B6}
F{00000000-0000-0000-0000-0000000DEA25}
F{00000000-0000-0000-0000-00000010DF30}
F{00000000-0000-0000-0000-00000025B19E}
T{00000000-0000-0000-0000-00000004A8C3}
T{00000000-0000-0000-0000-0000001899BB}
T{00000000-0000-0000-0000-0000001848CF}
T{00000000-0000-0000-0000-0000001A036D}
T{00000000-0000-0000-0000-00000024139A}
T{00000000-0000-0000-0000-0000002ECCD4}
F{00000000-0000-0000-0000-0000001937CB}
T{00000000-0000-0000-0000-0000002ADE75}
T{00000000-0000-0000-0000-0000000592AC}
T{00000000-0000-0000-0000-000000116F7E}
T{00000000-0000-0000-0000-000000071854}
T{00000000-0000-0000-0000-000000020342}
T{00000000-0000-0000-0000-0000000899F4}
T{00000000-0000-0000-0000-0000002A7405}
T{00000000-0000-0000-0000-000000119719}
F{00000000-0000-0000-0000-0000002ADB4F}
T{00000000-0000-0000-0000-0000000565FB}
T{00000000-0000-0000-0000-0000000FBAC1}
F{00000000-0000-0000-0000-0000002D71D6}
T{00000000-0000-0000-0000-00000028544E}
T{00000000-0000-0000-0000-0000002A8A45}
T{00000000-0000-0000-0000-000000130A01}
T{00000000-0000-0000-0000-000000277E96}
T{00000000-0000-0000-0000-0000002B295A}
T{00000000-0000-0000-0000-00000010C93B}
T{00000000-0000-0000-0000-0000000F1109}
F{00000000-0000-0000-0000-00000007A97A}
T{00000000-0000-0000-0000-000000276E31}
F{00000000-0000-0000-0000-00000032E6F6}
F{00000000-0000-0000-0000-0000002893AB}
F{00000000-0000-0000-0000-0000002C69FD}
T{00000000-0000-0000-0000-000000299970}
T{00000000-0000-0000-0000-000000135FEE}
T{00000000-0000-0000-0000-0000000D333F}
T{00000000-0000-0000-0000-000000316D5A}
F{00000000-0000-0000-0000-00000017AE52}
T{00000000-0000-0000-0000-0000002A7A55}
F{00000000-0000-0000-0000-0000001CF128}
F{00000000-0000-0000-0000-000000227154}
T{00000000-0000-0000-0000-0000000526D0}
T{00000000-0000-0000-0000-000000048C72}
F{00000000-0000-0000-0000-00000022178C}
T{00000000-0000-0000-0000-00000004440B}
T{00000000-0000-0000-0000-000000005759}
T{00000000-0000-0000-0000-000000067C53}
T{00000000-0000-0000-0000-00000000C66B}
F{00000000-0000-0000-0000-0000001A4030}
T{00000000-0000-0000-0000-0000000127F6}
T{00000000-0000-0000-0000-00000000B981}
T{00000000-0000-0000-0000-000000311085}
F{00000000-0000-0000-0000-0000000C1231}
T{00000000-0000-0000-0000-0000000DAB70}
T{00000000-0000-0000-0000-00000000DB3C}
F{00000000-0000-0000-0000-0000001722BA}
F{00000000-0000-0000-0000-00000013C356}
T{00000000-0000-0000-0000-0000001FDB97}
F{00000000-0000-0000-0000-0000000C0A21}
T{00000000-0000-0000-0000-000000270B88}
F{00000000-0000-0000-0000-00000024CCE3}
T{00000000-0000-0000-0000-000000022F81}
T{00000000-0000-0000-0000-00000011565E}
T{00000000-0000-0000-0000-000000023D58}
T{00000000-0000-0000-0000-0000002BD718}
T{00000000-0000-0000-0000-0000000F169B}
T{00000000-0000-0000-0000-00000000DE8C}
F{00000000-0000-0000-0000-00000019EB21}
T{00000000-0000-0000-0000-0000001AE318}
T{00000000-0000-0000-0000-0000000A8ACB}
F{00000000-0000-0000-0000-00000005EF6E}
F{00000000-0000-0000-0000-0000000E6E55}
T{00000000-0000-0000-0000-000000183944}
F{00000000-0000-0000-0000-00000023CDFE}
T{00000000-0000-0000-0000-000000102C2D}
F{00000000-0000-0000-0000-0000000CB200}
F{00000000-0000-0000-0000-0000000D16FA}
T{00000000-0000-0000-0000-0000001D0611}
T{00000000-0000-0000-0000-000000275699}
T{00000000-0000-0000-0000-0000000A3E08}
T{00000000-0000-0000-0000-00000009CEC6}
T{00000000-0000-0000-0000-000000246345}
T{00000000-0000-0000-0000-00000004BE70}
T{00000000-0000-0000-0000-0000002F27D4}
T{00000000-0000-0000-0000-0000001D391D}
T{00000000-0000-0000-0000-00000002D6CE}
T{00000000-0000-0000-0000-000000157753}
T{00000000-0000-0000-0000-000000152BA5}
F{00000000-0000-0000-0000-000000148E33}
F{00000000-0000-0000-0000-00000013995B}
F{00000000-0000-0000-0000-00000025451E}
F{00000000-0000-0000-0000-000000243EBD}
T{00000000-0000-0000-0000-00000026ED6A}
F{00000000-0000-0000-0000-0000002B60DE}
F{00000000-0000-0000-0000-000000034A4D}
T{00000000-0000-0000-0000-0000002A8313}
T{00000000-0000-0000-0000-000000209A2F}
T{00000000-0000-0000-0000-000000199CE5}
T{00000000-0000-0000-0000-0000002A63DB}
F{00000000-0000-0000-0000-00000011BBB3}
T{00000000-0000-0000-0000-00000032D11A}
T{00000000-0000-0000-0000-00000003DF47}
T{00000000-0000-0000-0000-0000000AA8E8}
T{00000000-0000-0000-0000-00000022B80B}
T{00000000-0000-0000-0000-0000001F8853}
F{00000000-0000-0000-0000-000000122CB0}
T{00000000-0000-0000-0000-0000000C260D}
F{00000000-0000-0000-0000-00000005D234}
F{00000000-0000-0000-0000-000000209B8E}
T{00000000-0000-0000-0000-00000014B92C}
T{00000000-0000-0000-0000-0000000EAFD9}
F{00000000-0000-0000-0000-0000002E66CF}
T{00000000-0000-0000-0000-0000000AD714}
T{00000000-0000-0000-0000-000000094A6A}
T{00000000-0000-0000-0000-000000173265}
F{00000000-0000-0000-0000-0000000A6FED}
T{00000000-0000-0000-0000-00000032DE4B}
T{00000000-0000-0000-0000-0000002D3412}
T{00000000-0000-0000-0000-00000013CEC9}
T{00000000-0000-0000-0000-0000002F8F4A}
F{00000000-0000-0000-0000-0000001D7268}
T{00000000-0000-0000-0000-000000178E90}
T{00000000-0000-0000-0000-0000000D08E5}
F{00000000-0000-0000-0000-0000002D44C5}
F{00000000-0000-0000-0000-000000275B8E}
F{00000000-0000-0000-0000-00000014DCEA}
T{00000000-0000-0000-0000-000000179984}
F{00000000-0000-0000-0000-00000026A8E2}
T{00000000-0000-0000-0000-000000276E31}
T{00000000-0000-0000-0000-00000011906B}
F{00000000-0000-0000-0000-0000000C42D4}
T{00000000-0000-0000-0000-00000032DF90}
T{00000000-0000-0000-0000-000000226AB6}
T{00000000-0000-0000-0000-0000002E4BA1}
T{00000000-0000-0000-0000-0000002C6839}
T{00000000-0000-0000-0000-000000011BFD}
T{00000000-0000-0000-0000-0000000FBB2F}
T{00000000-0000-0000-0000-0000000CF7FF}
F{00000000-0000-0000-0000-0000001D3BF2}
F{00000000-0000-0000-0000-0000001EFADF}
F{00000000-0000-0000-0000-000000275A11}
T{00000000-0000-0000-0000-000000094EAE}
T{00000000-0000-0000-0000-0000001D9E77}
F{00000000-0000-0000-0000-0000002AF48E}
T{00000000-0000-0000-0000-0000002A8A45}
T{00000000-0000-0000-0000-0000000AFACB}
T{00000000-0000-0000-0000-0000002D2924}
T{00000000-0000-0000-0000-00000028CCE8}
T{00000000-0000-0000-0000-0000000E47CE}
T{00000000-0000-0000-0000-00000013DF2B}
T{00000000-0000-0000-0000-0000002B3718}
T{00000000-0000-0000-0000-0000001F00C0}
T{00000000-0000-0000-0000-00000029B94D}
F{00000000-0000-0000-0000-0000000EBF6D}
F{00000000-0000-0000-0000-000000220995}
F{00000000-0000-0000-0000-000000011C79}
T{00000000-0000-0000-0000-00000026C4A8}
F{00000000-0000-0000-0000-000000197C0B}
T{00000000-0000-0000-0000-00000026DF67}
T{00000000-0000-0000-0000-00000029694F}
T{00000000-0000-0000-0000-00000010C93B}
T{00000000-0000-0000-0000-00000028CCE8}
T{00000000-0000-0000-0000-0000002ECCD4}
T{00000000-0000-0000-0000-0000000B01FE}
T{00000000-0000-0000-0000-0000001BAE84}
T{00000000-0000-0000-0000-000000320036}
T{00000000-0000-0000-0000-0000001F3390}
T{00000000-0000-0000-0000-000000215905}
T{00000000-0000-0000-0000-000000163440}
T{00000000-0000-0000-0000-00000021050F}
T{00000000-0000-0000-0000-00000004A7E6}
T{00000000-0000-0000-0000-0000000FDDF4}
T{00000000-0000-0000-0000-00000005942E}
T{00000000-0000-0000-0000-0000000D34BE}
T{00000000-0000-0000-0000-0000001FACE7}
T{00000000-0000-0000-0000-0000001593A2}
T{00000000-0000-0000-0000-000000329F91}
T{00000000-0000-0000-0000-0000002D2D1F}
T{00000000-0000-0000-0000-0000000E7808}
T{00000000-0000-0000-0000-000000023D58}
T{00000000-0000-0000-0000-00000000DE8C}
T{00000000-0000-0000-0000-00000026DF67}
F{00000000-0000-0000-0000-000000099302}
T{00000000-0000-0000-0000-0000001BDF33}
T{00000000-0000-0000-0000-0000000E38AD}
T{00000000-0000-0000-0000-0000002159DF}
T{00000000-0000-0000-0000-0000001D5E09}
F{00000000-0000-0000-0000-000000209D82}
T{00000000-0000-0000-0000-0000001841F3}
F{00000000-0000-0000-0000-000000264C56}
T{00000000-0000-0000-0000-00000017158F}
T{00000000-0000-0000-0000-0000000CDCC0}
F{00000000-0000-0000-0000-0000000F92E6}
T{00000000-0000-0000-0000-000000113553}
T{00000000-0000-0000-0000-00000022362F}
F{00000000-0000-0000-0000-0000000AE447}
F{00000000-0000-0000-0000-00000016D448}
T{00000000-0000-0000-0000-0000002074A7}
F{00000000-0000-0000-0000-00000006E062}
F{00000000-0000-0000-0000-0000002E3AB2}
F{00000000-0000-0000-0000-0000002F1EF7}
T{00000000-0000-0000-0000-00000017E29D}
T{00000000-0000-0000-0000-000000052190}
F{00000000-0000-0000-0000-00000031BA6F}
F{00000000-0000-0000-0000-0000001D30D6}
F{00000000-0000-0000-0000-0000002C78DE}
F{00000000-0000-0000-0000-00000000F52C}
T{00000000-0000-0000-0000-0000002D041D}
T{00000000-0000-0000-0000-000000040F4E}
T{00000000-0000-0000-0000-00000008595A}
T{00000000-0000-0000-0000-0000001AE318}
T{00000000-0000-0000-0000-00000016FAD3}
F{00000000-0000-0000-0000-000000146BB2}
T{00000000-0000-0000-0000-000000174B17}
F{00000000-0000-0000-0000-0000000D9F5F}
T{00000000-0000-0000-0000-0000000FE25B}
T{00000000-0000-0000-0000-0000002654B2}
T{00000000-0000-0000-0000-00000028DF07}
F{00000000-0000-0000-0000-0000000619EB}
T{00000000-0000-0000-0000-00000009747B}
T{00000000-0000-0000-0000-000000014EC4}
T{00000000-0000-0000-0000-00000030E2CD}
F{00000000-0000-0000-0000-0000002FB7BE}
T{00000000-0000-0000-0000-0000001173B9}
F{00000000-0000-0000-0000-000000071C8B}
F{00000000-0000-0000-0000-00000011BC6F}
T{00000000-0000-0000-0000-0000001B51E5}
T{00000000-0000-0000-0000-0000002F83F5}
T{00000000-0000-0000-0000-0000000AF4A6}
F{00000000-0000-0000-0000-000000110D6E}
T{00000000-0000-0000-0000-000000331FF1}
T{00000000-0000-0000-0000-0000001DCEC2}
T{00000000-0000-0000-0000-00000028FBBD}
F{00000000-0000-0000-0000-000000061C56}
F{00000000-0000-0000-0000-000000106A2C}
T{00000000-0000-0000-0000-00000000EDFF}
F{00000000-0000-0000-0000-000000060E54}
F{00000000-0000-0000-0000-0000000C34F2}
T{00000000-0000-0000-0000-00000006BD1D}
T{00000000-0000-0000-0000-0000001C8F02}
F{00000000-0000-0000-0000-00000033C0DE}
T{00000000-0000-0000-0000-0000002BFB21}
F{00000000-0000-0000-0000-0000000BF87B}
T{00000000-0000-0000-0000-0000002F5A0A}
T{00000000-0000-0000-0000-00000028C70F}
F{00000000-0000-0000-0000-000000055656}
F{00000000-0000-0000-0000-00000024DE3A}
T{00000000-0000-0000-0000-00000016354C}
T{00000000-0000-0000-0000-00000015C974}
F{00000000-0000-0000-0000-000000059D2F}
T{00000000-0000-0000-0000-00000027D088}
T{00000000-0000-0000-0000-0000002CE8EB}
F{00000000-0000-0000-0000-0000001A63ED}
F{00000000-0000-0000-0000-0000002C4FBE}
F{00000000-0000-0000-0000-00000016B7BB}
T{00000000-0000-0000-0000-00000026BAE5}
T{00000000-0000-0000-0000-0000000FC77A}
T{00000000-0000-0000-0000-000000055B71}
T{00000000-0000-0000-0000-0000000B08BD}
T{00000000-0000-0000-0000-0000000ED481}
T{00000000-0000-0000-0000-0000002FC356}
T{00000000-0000-0000-0000-000000005195}
T{00000000-0000-0000-0000-0000002E94C2}
T{00000000-0000-0000-0000-000000094F35}
T{00000000-0000-0000-0000-000000117837}
T{00000000-0000-0000-0000-000000313C16}
F{00000000-0000-0000-0000-000000213A88}
T{00000000-0000-0000-0000-0000002443AD}
T{00000000-0000-0000-0000-00000010AC53}
T{00000000-0000-0000-0000-0000001434A7}
T{00000000-0000-0000-0000-000000226CD1}
T{00000000-0000-0000-0000-0000001DDA57}
T{00000000-0000-0000-0000-0000002EBB16}
T{00000000-0000-0000-0000-000000014DE2}
T{00000000-0000-0000-0000-00000032E4D5}
T{00000000-0000-0000-0000-000000066FBC}
F{00000000-0000-0000-0000-000000308796}
F{00000000-0000-0000-0000-0000001AC595}
T{00000000-0000-0000-0000-00000020F530}
T{00000000-0000-0000-0000-0000002E06A7}
T{00000000-0000-0000-0000-0000002AEFB3}
F{00000000-0000-0000-0000-000000147165}
F{00000000-0000-0000-0000-0000000F4D41}
F{00000000-0000-0000-0000-0000000B0D42}
F{00000000-0000-0000-0000-0000001E6816}
T{00000000-0000-0000-0000-00000010CF8A}
T{00000000-0000-0000-0000-00000010AA99}
T{00000000-0000-0000-0000-0000001D7821}
F{00000000-0000-0000-0000-0000002AD13F}
F{00000000-0000-0000-0000-0000000C29E6}
F{00000000-0000-0000-0000-000000146CB4}
F{00000000-0000-0000-0000-000000271DD9}
F{00000000-0000-0000-0000-00000007124A}
F{00000000-0000-0000-0000-0000000BF6B2}
T{00000000-0000-0000-0000-00000032C384}
T{00000000-0000-0000-0000-000000197969}
T{00000000-0000-0000-0000-00000014E349}
T{00000000-0000-0000-0000-00000016F385}
T{00000000-0000-0000-0000-00000028A15F}
T{00000000-0000-0000-0000-0000001D429F}
T{00000000-0000-0000-0000-000000224556}
T{00000000-0000-0000-0000-0000000C4E1F}
T{00000000-0000-0000-0000-0000001719E9}
T{00000000-0000-0000-0000-00000009C0DD}
T{00000000-0000-0000-0000-0000002480A3}
F{00000000-0000-0000-0000-00000011FF45}
F{00000000-0000-0000-0000-000000038479}
F{00000000-0000-0000-0000-00000009D454}
T{00000000-0000-0000-0000-00000030E621}
F{00000000-0000-0000-0000-0000000FB2AC}
T{00000000-0000-0000-0000-0000001A80C1}
F{00000000-0000-0000-0000-0000000DDD88}
T{00000000-0000-0000-0000-0000002DB481}
T{00000000-0000-0000-0000-0000001B86E1}
T{00000000-0000-0000-0000-0000001243DE}
T{00000000-0000-0000-0000-0000002A7405}
F{00000000-0000-0000-0000-0000002278EC}
F{00000000-0000-0000-0000-0000000062A7}
T{00000000-0000-0000-0000-0000002518E3}
T{00000000-0000-0000-0000-00000009D698}
T{00000000-0000-0000-0000-0000001D56BB}
T{00000000-0000-0000-0000-0000001E8634}
F{00000000-0000-0000-0000-0000000ADB6D}
T{00000000-0000-0000-0000-00000007124A}
F{00000000-0000-0000-0000-00000021C57A}
T{00000000-0000-0000-0000-00000010C82D}
T{00000000-0000-0000-0000-0000000D8BEA}
T{00000000-0000-0000-0000-0000002ACA97}
T{00000000-0000-0000-0000-00000010F71F}
T{00000000-0000-0000-0000-0000000EAFD9}
T{00000000-0000-0000-0000-000000007938}
T{00000000-0000-0000-0000-00000023045E}
T{00000000-0000-0000-0000-0000000B9736}
T{00000000-0000-0000-0000-0000000D3D3C}
T{00000000-0000-0000-0000-00000025B12E}
T{00000000-0000-0000-0000-0000003134FD}
T{00000000-0000-0000-0000-00000009A3CE}
T{00000000-0000-0000-0000-000000194787}
T{00000000-0000-0000-0000-00000011D5A2}
F{00000000-0000-0000-0000-0000002FDA95}
F{00000000-0000-0000-0000-00000033AD93}
T{00000000-0000-0000-0000-0000000B8D46}
F{00000000-0000-0000-0000-000000086E8A}
T{00000000-0000-0000-0000-000000234BC3}
T{00000000-0000-0000-0000-0000002A974A}
T{00000000-0000-0000-0000-000000330CF3}
F{00000000-0000-0000-0000-0000000AE577}
F{00000000-0000-0000-0000-0000002A08D5}
F{00000000-0000-0000-0000-000000305E4B}
F{00000000-0000-0000-0000-0000000FD54B}
T{00000000-0000-0000-0000-00000013D4AE}
F{00000000-0000-0000-0000-000000243F1C}
T{00000000-0000-0000-0000-000000325701}
F{00000000-0000-0000-0000-0000002C69FD}
T{00000000-0000-0000-0000-00000024AB7D}
T{00000000-0000-0000-0000-00000016D4B1}
F{00000000-0000-0000-0000-000000218CCC}
T{00000000-0000-0000-0000-0000002168E5}
F{00000000-0000-0000-0000-0000002B7D45}
F{00000000-0000-0000-0000-0000002C4FBE}
T{00000000-0000-0000-0000-0000000A9AE5}
T{00000000-0000-0000-0000-00000002DABF}
F{00000000-0000-0000-0000-00000007523C}
T{00000000-0000-0000-0000-000000275B47}
T{00000000-0000-0000-0000-00000018185E}
T{00000000-0000-0000-0000-00000010EB5D}
F{00000000-0000-0000-0000-000000320D1E}
T{00000000-0000-0000-0000-0000000E384E}
F{00000000-0000-0000-0000-000000235C6F}
F{00000000-0000-0000-0000-000000199CB4}
T{00000000-0000-0000-0000-00000017FEEB}
F{00000000-0000-0000-0000-0000002D44C5}
T{00000000-0000-0000-0000-0000000C2619}
F{00000000-0000-0000-0000-000000122E7A}
T{00000000-0000-0000-0000-0000002C7EF2}
T{00000000-0000-0000-0000-0000000FE3AE}
F{00000000-0000-0000-0000-0000002843CE}
F{00000000-0000-0000-0000-0000000D16FA}
F{00000000-0000-0000-0000-0000000EFCD0}
T{00000000-0000-0000-0000-000000047387}
F{00000000-0000-0000-0000-000000137696}
F{00000000-0000-0000-0000-0000001EEC49}
T{00000000-0000-0000-0000-000000163172}
T{00000000-0000-0000-0000-00000010BC8E}
F{00000000-0000-0000-0000-00000016F860}
F{00000000-0000-0000-0000-0000001480CF}
T{00000000-0000-0000-0000-0000002710FF}
F{00000000-0000-0000-0000-0000002BDCEA}
T{00000000-0000-0000-0000-00000002DABF}
T{00000000-0000-0000-0000-00000006805A}
T{00000000-0000-0000-0000-0000000056FC}
F{00000000-0000-0000-0000-0000000F9C6B}
F{00000000-0000-0000-0000-000000064615}
T{00000000-0000-0000-0000-00000017E663}
F{00000000-0000-0000-0000-00000009AC55}
T{00000000-0000-0000-0000-0000001A7825}
T{00000000-0000-0000-0000-0000002AC51F}
T{00000000-0000-0000-0000-00000020C017}
F{00000000-0000-0000-0000-00000007C25E}
T{00000000-0000-0000-0000-000000163440}
F{00000000-0000-0000-0000-0000002579A9}
F{00000000-0000-0000-0000-0000002B8F8A}
T{00000000-0000-0000-0000-00000001DE16}
T{00000000-0000-0000-0000-0000000FBEBA}
F{00000000-0000-0000-0000-00000032E6F6}
T{00000000-0000-0000-0000-00000024C26F}
F{00000000-0000-0000-0000-00000016F0D6}
T{00000000-0000-0000-0000-0000001DD373}
F{00000000-0000-0000-0000-000000299B39}
T{00000000-0000-0000-0000-0000000E59DA}
T{00000000-0000-0000-0000-000000153FE7}
F{00000000-0000-0000-0000-000000010A7C}
T{00000000-0000-0000-0000-00000025A498}
T{00000000-0000-0000-0000-000000263A78}
F{00000000-0000-0000-0000-0000001297F9}
T{00000000-0000-0000-0000-000000104730}
T{00000000-0000-0000-0000-0000000D9C20}
F{00000000-0000-0000-0000-00000021056F}
T{00000000-0000-0000-0000-0000001ECB6E}
F{00000000-0000-0000-0000-0000000D1718}
F{00000000-0000-0000-0000-0000000659B7}
T{00000000-0000-0000-0000-000000327220}
T{00000000-0000-0000-0000-00000008ECD0}
T{00000000-0000-0000-0000-00000006BD1D}
T{00000000-0000-0000-0000-000000171396}
T{00000000-0000-0000-0000-0000001BACFF}
F{00000000-0000-0000-0000-0000001249B2}
T{00000000-0000-0000-0000-0000002E9779}
T{00000000-0000-0000-0000-00000014B92C}
T{00000000-0000-0000-0000-0000000077DB}
F{00000000-0000-0000-0000-00000021727D}
F{00000000-0000-0000-0000-00000017BAFF}
F{00000000-0000-0000-0000-000000143172}
T{00000000-0000-0000-0000-000000054373}
T{00000000-0000-0000-0000-000000199CE5}
T{00000000-0000-0000-0000-00000020F58D}
T{00000000-0000-0000-0000-000000178E90}
T{00000000-0000-0000-0000-0000001BD2AC}
F{00000000-0000-0000-0000-0000000FDB15}
T{00000000-0000-0000-0000-000000218033}
F{00000000-0000-0000-0000-00000025C2FA}
F{00000000-0000-0000-0000-0000002F6F2F}
F{00000000-0000-0000-0000-000000100976}
T{00000000-0000-0000-0000-0000002B295A}
F{00000000-0000-0000-0000-000000270693}
T{00000000-0000-0000-0000-0000002F8F4A}
F{00000000-0000-0000-0000-00000006273D}
T{00000000-0000-0000-0000-0000002C004C}
F{00000000-0000-0000-0000-0000000D55FC}
F{00000000-0000-0000-0000-000000063398}
F{00000000-0000-0000-0000-0000000FD49A}
T{00000000-0000-0000-0000-00000032379E}
T{00000000-0000-0000-0000-0000000066F9}
T{00000000-0000-0000-0000-0000001F3681}
T{00000000-0000-0000-0000-0000001D7871}
T{00000000-0000-0000-0000-00000021D538}
T{00000000-0000-0000-0000-000000002330}
F{00000000-0000-0000-0000-000000088CF0}
F{00000000-0000-0000-0000-000000260634}
T{00000000-0000-0000-0000-00000007BDF6}
F{00000000-0000-0000-0000-0000000BF6B2}
F{00000000-0000-0000-0000-0000002A02EE}
T{00000000-0000-0000-0000-000000171C5C}
T{00000000-0000-0000-0000-00000003B877}
T{00000000-0000-0000-0000-0000000D99AD}
T{00000000-0000-0000-0000-0000000CE303}
F{00000000-0000-0000-0000-000000133C16}
T{00000000-0000-0000-0000-00000014523B}
F{00000000-0000-0000-0000-00000006273D}
T{00000000-0000-0000-0000-00000021D06D}
T{00000000-0000-0000-0000-00000030C1CC}
T{00000000-0000-0000-0000-000000098DB8}
T{00000000-0000-0000-0000-000000309351}
T{00000000-0000-0000-0000-00000000B4E0}
T{00000000-0000-0000-0000-00000012756D}
T{00000000-0000-0000-0000-00000028A15F}
T{00000000-0000-0000-0000-0000002C6C38}
F{00000000-0000-0000-0000-0000002CCAFC}
F{00000000-0000-0000-0000-000000245F5D}
F{00000000-0000-0000-0000-000000304C1E}
T{00000000-0000-0000-0000-0000000E131D}
F{00000000-0000-0000-0000-0000002C76ED}
F{00000000-0000-0000-0000-00000000740B}
T{00000000-0000-0000-0000-0000001347F9}
T{00000000-0000-0000-0000-0000000CE0A1}
T{00000000-0000-0000-0000-0000001FA5E4}
T{00000000-0000-0000-0000-0000000C9116}
T{00000000-0000-0000-0000-0000002FBA0A}
T{00000000-0000-0000-0000-0000002F22C8}
T{00000000-0000-0000-0000-00000013DF2B}
T{00000000-0000-0000-0000-0000001D0E71}
T{00000000-0000-0000-0000-00000007E9CC}
T{00000000-0000-0000-0000-00000008C464}
T{00000000-0000-0000-0000-000000293FB6}
F{00000000-0000-0000-0000-00000004F5F1}
F{00000000-0000-0000-0000-0000002796A4}
T{00000000-0000-0000-0000-0000000BB3AF}
T{00000000-0000-0000-0000-00000007D33F}
F{00000000-0000-0000-0000-000000067499}
F{00000000-0000-0000-0000-0000000A17FA}
T{00000000-0000-0000-0000-0000001C7ADD}
T{00000000-0000-0000-0000-0000000955DC}
T{00000000-0000-0000-0000-00000029D6D2}
T{00000000-0000-0000-0000-0000000ED481}
T{00000000-0000-0000-0000-0000000A2984}
F{00000000-0000-0000-0000-0000000DA5C4}
F{00000000-0000-0000-0000-0000003057F6}
T{00000000-0000-0000-0000-000000004AB4}
F{00000000-0000-0000-0000-000000011C79}
T{00000000-0000-0000-0000-0000002D33C8}
F{00000000-0000-0000-0000-00000027EFDF}
T{00000000-0000-0000-0000-000000329B21}
T{00000000-0000-0000-0000-0000001FC635}
F{00000000-0000-0000-0000-00000010F40D}
T{00000000-0000-0000-0000-0000000436E0}
F{00000000-0000-0000-0000-0000001BDAF9}
T{00000000-0000-0000-0000-0000002F8F4A}
F{00000000-0000-0000-0000-000000046E22}
T{00000000-0000-0000-0000-00000026D979}
F{00000000-0000-0000-0000-0000002350CC}
T{00000000-0000-0000-0000-00000005E0A5}
T{00000000-0000-0000-0000-00000024B515}
F{00000000-0000-0000-0000-000000200778}
T{00000000-0000-0000-0000-00000026C3A1}
F{00000000-0000-0000-0000-00000029E184}
T{00000000-0000-0000-0000-00000013CEC9}
F{00000000-0000-0000-0000-0000000B1E17}
T{00000000-0000-0000-0000-0000001EB327}
T{00000000-0000-0000-0000-00000013897B}
F{00000000-0000-0000-0000-00000022664D}
T{00000000-0000-0000-0000-00000001FB86}
T{00000000-0000-0000-0000-000000098EE4}
T{00000000-0000-0000-0000-0000000FB28B}
T{00000000-0000-0000-0000-0000002FD8B5}
F{00000000-0000-0000-0000-0000000F3587}
F{00000000-0000-0000-0000-0000002D71D6}
T{00000000-0000-0000-0000-000000229474}
F{00000000-0000-0000-0000-000000171CEF}
F{00000000-0000-0000-0000-0000000EFBD2}
F{00000000-0000-0000-0000-0000002E0E9F}
T{00000000-0000-0000-0000-0000002915C5}
T{00000000-0000-0000-0000-0000002E06A7}
T{00000000-0000-0000-0000-0000002AA531}
T{00000000-0000-0000-0000-000000259614}
F{00000000-0000-0000-0000-0000002B7C23}
T{00000000-0000-0000-0000-00000024E8A1}
F{00000000-0000-0000-0000-0000002F18F4}
T{00000000-0000-0000-0000-00000009C0DD}
F{00000000-0000-0000-0000-0000000A3CCC}
T{00000000-0000-0000-0000-0000001837E2}
T{00000000-0000-0000-0000-0000001388C0}
T{00000000-0000-0000-0000-0000000C4D94}
T{00000000-0000-0000-0000-000000321B4A}
T{00000000-0000-0000-0000-0000000CF93D}
F{00000000-0000-0000-0000-0000001B2F35}
T{00000000-0000-0000-0000-0000002B0739}
T{00000000-0000-0000-0000-00000008C15C}
F{00000000-0000-0000-0000-0000002E92B0}
T{00000000-0000-0000-0000-0000000316C7}
F{00000000-0000-0000-0000-00000023DB4E}
T{00000000-0000-0000-0000-000000019236}
T{00000000-0000-0000-0000-0000000CE287}
T{00000000-0000-0000-0000-00000020F108}
T{00000000-0000-0000-0000-0000002579A9}
F{00000000-0000-0000-0000-00000029D3E1}
T{00000000-0000-0000-0000-000000313C16}
F{00000000-0000-0000-0000-000000164F2C}
T{00000000-0000-0000-0000-0000001E617C}
T{00000000-0000-0000-0000-0000000817F6}
T{00000000-0000-0000-0000-00000024DC13}
F{00000000-0000-0000-0000-0000000586B3}
T{00000000-0000-0000-0000-00000000B029}
T{00000000-0000-0000-0000-0000000F01B1}
T{00000000-0000-0000-0000-000000176E2D}
F{00000000-0000-0000-0000-0000001E35CC}
T{00000000-0000-0000-0000-000000224301}
F{00000000-0000-0000-0000-00000019B1B2}
T{00000000-0000-0000-0000-0000000E3A6D}
T{00000000-0000-0000-0000-0000002A8E01}
T{00000000-0000-0000-0000-000000086B51}
T{00000000-0000-0000-0000-0000000FC8A7}
T{00000000-0000-0000-0000-00000008E332}
T{00000000-0000-0000-0000-00000009601D}
T{00000000-0000-0000-0000-00000010B8D8}
T{00000000-0000-0000-0000-00000032F43E}
T{00000000-0000-0000-0000-0000000C9E7C}
F{00000000-0000-0000-0000-0000002C4B7E}
T{00000000-0000-0000-0000-00000003F4DF}
F{00000000-0000-0000-0000-000000106300}
F{00000000-0000-0000-0000-00000016EF7B}
T{00000000-0000-0000-0000-0000001DBA67}
T{00000000-0000-0000-0000-00000028AD47}
T{00000000-0000-0000-0000-00000025DEF8}
T{00000000-0000-0000-0000-0000001442CD}
T{00000000-0000-0000-0000-0000001577FA}
T{00000000-0000-0000-0000-00000007E567}
T{00000000-0000-0000-0000-00000010B567}
T{00000000-0000-0000-0000-000000263180}
F{00000000-0000-0000-0000-0000000A3974}
T{00000000-0000-0000-0000-000000212CBD}
F{00000000-0000-0000-0000-000000201333}
F{00000000-0000-0000-0000-0000000BBB6E}
F{00000000-0000-0000-0000-0000001D7268}
F{00000000-0000-0000-0000-000000320D1E}
F{00000000-0000-0000-0000-0000002FA358}
T{00000000-0000-0000-0000-0000000778B0}
F{00000000-0000-0000-0000-0000002F16BE}
F{00000000-0000-0000-0000-00000033489E}
T{00000000-0000-0000-0000-0000000E1D19}
T{00000000-0000-0000-0000-0000001B86E1}
T{00000000-0000-0000-0000-0000000B1140}
T{00000000-0000-0000-0000-0000002247F0}
T{00000000-0000-0000-0000-0000000CE2E3}
T{00000000-0000-0000-0000-000000331FF1}
F{00000000-0000-0000-0000-000000303F08}
T{00000000-0000-0000-0000-0000002DD1AB}
F{00000000-0000-0000-0000-0000002FE035}
T{00000000-0000-0000-0000-000000299970}
F{00000000-0000-0000-0000-0000000D1F5A}
T{00000000-0000-0000-0000-0000000955DC}
T{00000000-0000-0000-0000-0000001FF94D}
T{00000000-0000-0000-0000-00000016A6B0}
T{00000000-0000-0000-0000-000000234BC3}
F{00000000-0000-0000-0000-000000200CE4}
T{00000000-0000-0000-0000-00000003C1D9}
T{00000000-0000-0000-0000-00000025AECA}
T{00000000-0000-0000-0000-0000000FB2D0}
T{00000000-0000-0000-0000-0000000488E5}
T{00000000-0000-0000-0000-0000002E6FAE}
T{00000000-0000-0000-0000-0000000C1E73}
T{00000000-0000-0000-0000-000000209AAF}
T{00000000-0000-0000-0000-0000001A8EBD}
F{00000000-0000-0000-0000-0000001A177D}
F{00000000-0000-0000-0000-0000001E3924}
T{00000000-0000-0000-0000-000000029BA2}
T{00000000-0000-0000-0000-00000032AC91}
T{00000000-0000-0000-0000-000000021EB8}
F{00000000-0000-0000-0000-0000000EC264}
T{00000000-0000-0000-0000-000000282AB5}
T{00000000-0000-0000-0000-0000001173B9}
F{00000000-0000-0000-0000-00000017940F}
F{00000000-0000-0000-0000-0000000EBF05}
T{00000000-0000-0000-0000-00000001A038}
T{00000000-0000-0000-0000-00000026C0F2}
F{00000000-0000-0000-0000-00000021126B}
T{00000000-0000-0000-0000-0000002A84E7}
T{00000000-0000-0000-0000-0000001D2479}
T{00000000-0000-0000-0000-0000001EB335}
F{00000000-0000-0000-0000-0000000A3BDF}
F{00000000-0000-0000-0000-0000002ADDAD}
T{00000000-0000-0000-0000-00000020FDC0}
F{00000000-0000-0000-0000-0000000778E0}
T{00000000-0000-0000-0000-0000001076A3}
T{00000000-0000-0000-0000-0000000B2186}
T{00000000-0000-0000-0000-00000011FAAD}
T{00000000-0000-0000-0000-0000002F41B7}
T{00000000-0000-0000-0000-000000058EAC}
T{00000000-0000-0000-0000-000000187E87}
T{00000000-0000-0000-0000-000000283F32}
T{00000000-0000-0000-0000-00000016354C}
F{00000000-0000-0000-0000-0000002B10DC}
T{00000000-0000-0000-0000-00000030E2CD}
F{00000000-0000-0000-0000-000000282FCE}
T{00000000-0000-0000-0000-00000001195F}
F{00000000-0000-0000-0000-000000211BF6}
T{00000000-0000-0000-0000-0000000FBB2F}
T{00000000-0000-0000-0000-00000016E093}
T{00000000-0000-0000-0000-00000032A94B}
T{00000000-0000-0000-0000-0000002E0997}
T{00000000-0000-0000-0000-0000000C98C0}
T{00000000-0000-0000-0000-0000000F17DD}
T{00000000-0000-0000-0000-00000016CF3F}
F{00000000-0000-0000-0000-0000001249B2}
T{00000000-0000-0000-0000-00000033A9DE}
T{00000000-0000-0000-0000-00000011FAAD}
F{00000000-0000-0000-0000-0000002A02EE}
T{00000000-0000-0000-0000-0000001C62BB}
T{00000000-0000-0000-0000-000000009735}
F{00000000-0000-0000-0000-0000002C6187}
T{00000000-0000-0000-0000-000000121A2C}
F{00000000-0000-0000-0000-0000002B9CA9}
T{00000000-0000-0000-0000-0000001AAC6D}
T{00000000-0000-0000-0000-00000008C59A}
T{00000000-0000-0000-0000-00000008338F}
T{00000000-0000-0000-0000-0000002EB124}
T{00000000-0000-0000-0000-000000199840}
F{00000000-0000-0000-0000-000000053A0F}
T{00000000-0000-0000-0000-0000001C2743}
F{00000000-0000-0000-0000-00000010557B}
T{00000000-0000-0000-0000-00000020979D}
F{00000000-0000-0000-0000-00000023DB4E}
T{00000000-0000-0000-0000-0000002984B0}
T{00000000-0000-0000-0000-00000012B1D2}
