T{00000000-0000-0000-0000-000000194C2C}
F{00000000-0000-0000-0000-0000000DBAAE}
T{00000000-0000-0000-0000-00000006CB6D}
F{00000000-0000-0000-0000-0000001E3943}
T{00000000-0000-0000-0000-0000001023C0}
T{00000000-0000-0000-0000-00000006D342}
T{00000000-0000-0000-0000-00000020A982}
T{00000000-0000-0000-0000-00000000A1FA}
T{00000000-0000-0000-0000-0000000E0FD0}
T{00000000-0000-0000-0000-0000001C6F76}
T{00000000-0000-0000-0000-0000001E4CB1}
T{00000000-0000-0000-0000-0000000D860F}
T{00000000-0000-0000-0000-0000000096E3}
T{00000000-0000-0000-0000-00000023767B}
T{00000000-0000-0000-0000-000000296A75}
T{00000000-0000-0000-0000-000000008C68}
T{00000000-0000-0000-0000-00000007F049}
T{00000000-0000-0000-0000-00000000B68C}
T{00000000-0000-0000-0000-000000032390}
T{00000000-0000-0000-0000-000000008111}
T{00000000-0000-0000-0000-0000002EEF68}
T{00000000-0000-0000-0000-000000125F54}
F{00000000-0000-0000-0000-00000025C115}
T{00000000-0000-0000-0000-000000167F15}
F{00000000-0000-0000-0000-00000032E859}
T{00000000-0000-0000-0000-0000000821BC}
F{00000000-0000-0000-0000-00000007CFFF}
T{00000000-0000-0000-0000-0000000126A8}
T{00000000-0000-0000-0000-000000334A1E}
T{00000000-0000-0000-0000-0000000BBDBF}
T{00000000-0000-0000-0000-0000000882A1}
T{00000000-0000-0000-0000-000000008196}
T{00000000-0000-0000-0000-000000054F25}
T{00000000-0000-0000-0000-0000000AC34F}
F{00000000-0000-0000-0000-0000000077BD}
T{00000000-0000-0000-0000-0000000C83D2}
T{00000000-0000-0000-0000-0000001ABD3E}
T{00000000-0000-0000-0000-0000002BA127}
T{00000000-0000-0000-0000-000000090872}
T{00000000-0000-0000-0000-0000000DD911}
T{00000000-0000-0000-0000-00000025DA28}
T{00000000-0000-0000-0000-000000007021}
T{00000000-0000-0000-0000-00000002CDA0}
F{00000000-0000-0000-0000-0000002FBC82}
T{00000000-0000-0000-0000-0000000C3652}
T{00000000-0000-0000-0000-000000209262}
T{00000000-0000-0000-0000-00000000C36A}
F{00000000-0000-0000-0000-000000029DB2}
T{00000000-0000-0000-0000-000000005C5C}
T{00000000-0000-0000-0000-00000026C688}
F{00000000-0000-0000-0000-00000001E74C}
T{00000000-0000-0000-0000-000000240ED2}
T{00000000-0000-0000-0000-0000002788AF}
T{00000000-0000-0000-0000-0000002DC2FA}
T{00000000-0000-0000-0000-00000013E6BD}
T{00000000-0000-0000-0000-0000002EF799}
T{00000000-0000-0000-0000-000000006802}
F{00000000-0000-0000-0000-0000000EE1D3}
T{00000000-0000-0000-0000-0000001F04F1}
T{00000000-0000-0000-0000-0000000FC983}
T{00000000-0000-0000-0000-000000005550}
T{00000000-0000-0000-0000-00000003152B}
T{00000000-0000-0000-0000-0000001EB469}
T{00000000-0000-0000-0000-0000001B6B44}
T{00000000-0000-0000-0000-0000002C6F6B}
T{00000000-0000-0000-0000-00000001A534}
T{00000000-0000-0000-0000-00000004F2C0}
T{00000000-0000-0000-0000-0000000D2039}
T{00000000-0000-0000-0000-00000006655D}
T{00000000-0000-0000-0000-00000006CE94}
T{00000000-0000-0000-0000-0000001842C4}
T{00000000-0000-0000-0000-00000011FD04}
T{00000000-0000-0000-0000-0000000B92D3}
F{00000000-0000-0000-0000-0000001C7B47}
T{00000000-0000-0000-0000-0000000290CC}
T{00000000-0000-0000-0000-000000004CAA}
F{00000000-0000-0000-0000-00000023FF40}
F{00000000-0000-0000-0000-0000001BCC51}
T{00000000-0000-0000-0000-000000004DA9}
T{00000000-0000-0000-0000-00000000B649}
T{00000000-0000-0000-0000-00000000D9CC}
T{00000000-0000-0000-0000-000000314C0E}
T{00000000-0000-0000-0000-0000000029E2}
T{00000000-0000-0000-0000-00000033476B}
T{00000000-0000-0000-0000-0000000CE2DB}
T{00000000-0000-0000-0000-0000002B18BA}
T{00000000-0000-0000-0000-0000002DD7C9}
T{00000000-0000-0000-0000-0000002A3C87}
T{00000000-0000-0000-0000-00000013E545}
T{00000000-0000-0000-0000-00000004404D}
T{00000000-0000-0000-0000-000000020671}
T{00000000-0000-0000-0000-00000003D1A9}
T{00000000-0000-0000-0000-00000030EAAF}
T{00000000-0000-0000-0000-000000316D33}
T{00000000-0000-0000-0000-0000000490FD}
T{00000000-0000-0000-0000-00000000E673}
T{00000000-0000-0000-0000-000000268B62}
T{00000000-0000-0000-0000-0000002175CB}
T{00000000-0000-0000-0000-00000026E46B}
T{00000000-0000-0000-0000-000000002050}
T{00000000-0000-0000-0000-0000002FDBA4}
T{00000000-0000-0000-0000-0000000BABDA}
F{00000000-0000-0000-0000-00000013867E}
T{00000000-0000-0000-0000-000000080B29}
F{00000000-0000-0000-0000-00000033629C}
T{00000000-0000-0000-0000-000000148FFB}
T{00000000-0000-0000-0000-000000248A07}
T{00000000-0000-0000-0000-00000031FD22}
T{00000000-0000-0000-0000-00000014FCA7}
T{00000000-0000-0000-0000-000000246908}
F{00000000-0000-0000-0000-000000039869}
T{00000000-0000-0000-0000-000000049EE2}
F{00000000-0000-0000-0000-00000009BAD7}
T{00000000-0000-0000-0000-0000000CE2DB}
F{00000000-0000-0000-0000-000000320A01}
T{00000000-0000-0000-0000-000000061B44}
F{00000000-0000-0000-0000-0000002728DA}
F{00000000-0000-0000-0000-00000003DD12}
T{00000000-0000-0000-0000-000000201F5D}
T{00000000-0000-0000-0000-0000002512F9}
T{00000000-0000-0000-0000-000000202DD5}
F{00000000-0000-0000-0000-0000002B1799}
T{00000000-0000-0000-0000-0000002E4CC1}
T{00000000-0000-0000-0000-0000000BC199}
F{00000000-0000-0000-0000-00000033A574}
T{00000000-0000-0000-0000-0000002B7E3E}
F{00000000-0000-0000-0000-00000018D0D7}
T{00000000-0000-0000-0000-000000105622}
T{00000000-0000-0000-0000-0000002A7874}
T{00000000-0000-0000-0000-0000000FD129}
T{00000000-0000-0000-0000-00000007A92E}
F{00000000-0000-0000-0000-0000000B1BD6}
T{00000000-0000-0000-0000-00000027893E}
T{00000000-0000-0000-0000-00000028073D}
T{00000000-0000-0000-0000-0000001D5258}
T{00000000-0000-0000-0000-000000318867}
T{00000000-0000-0000-0000-0000001ADB89}
T{00000000-0000-0000-0000-0000000D8138}
T{00000000-0000-0000-0000-0000002186B7}
T{00000000-0000-0000-0000-00000003668E}
T{00000000-0000-0000-0000-0000002112EC}
T{00000000-0000-0000-0000-0000000D5EC4}
T{00000000-0000-0000-0000-00000026E850}
F{00000000-0000-0000-0000-000000098DC1}
T{00000000-0000-0000-0000-0000000AF780}
T{00000000-0000-0000-0000-00000030BA69}
T{00000000-0000-0000-0000-0000000EBA1E}
T{00000000-0000-0000-0000-00000004CD16}
F{00000000-0000-0000-0000-0000000ABC61}
T{00000000-0000-0000-0000-000000038CA4}
F{00000000-0000-0000-0000-0000000A3CCC}
T{00000000-0000-0000-0000-0000000FD663}
T{00000000-0000-0000-0000-0000002C4782}
T{00000000-0000-0000-0000-0000001AE2F6}
F{00000000-0000-0000-0000-0000002B7D45}
T{00000000-0000-0000-0000-0000000515FA}
F{00000000-0000-0000-0000-0000002CD8A9}
F{00000000-0000-0000-0000-000000289DEC}
T{00000000-0000-0000-0000-0000002A73DD}
T{00000000-0000-0000-0000-00000002BAC9}
T{00000000-0000-0000-0000-0000000FEC4B}
T{00000000-0000-0000-0000-0000002C8BEF}
F{00000000-0000-0000-0000-000000242682}
T{00000000-0000-0000-0000-00000004857A}
T{00000000-0000-0000-0000-00000001A081}
T{00000000-0000-0000-0000-0000002CAFDF}
F{00000000-0000-0000-0000-0000000EFBFF}
T{00000000-0000-0000-0000-00000010CCD9}
T{00000000-0000-0000-0000-000000202DD5}
T{00000000-0000-0000-0000-0000000E0F50}
T{00000000-0000-0000-0000-0000002FD349}
F{00000000-0000-0000-0000-00000009BCBD}
T{00000000-0000-0000-0000-0000002C4782}
T{00000000-0000-0000-0000-000000145C77}
F{00000000-0000-0000-0000-000000101EB6}
F{00000000-0000-0000-0000-000000218CCC}
T{00000000-0000-0000-0000-0000000515FA}
F{00000000-0000-0000-0000-000000271353}
T{00000000-0000-0000-0000-0000000394D7}
F{00000000-0000-0000-0000-00000009A044}
T{00000000-0000-0000-0000-0000001BC8A9}
T{00000000-0000-0000-0000-00000029B45D}
T{00000000-0000-0000-0000-0000000EBEFB}
F{00000000-0000-0000-0000-0000000782BC}
T{00000000-0000-0000-0000-000000034A4D}
T{00000000-0000-0000-0000-000000110471}
T{00000000-0000-0000-0000-00000017998A}
T{00000000-0000-0000-0000-0000001B7160}
T{00000000-0000-0000-0000-00000013754A}
T{00000000-0000-0000-0000-0000002701BE}
T{00000000-0000-0000-0000-000000022FA7}
T{00000000-0000-0000-0000-00000012E04C}
T{00000000-0000-0000-0000-0000002A8567}
T{00000000-0000-0000-0000-00000032746C}
F{00000000-0000-0000-0000-00000016D43B}
T{00000000-0000-0000-0000-0000001DC511}
T{00000000-0000-0000-0000-0000000BBDBF}
F{00000000-0000-0000-0000-0000002B0488}
T{00000000-0000-0000-0000-00000023CF03}
F{00000000-0000-0000-0000-0000002B8E33}
F{00000000-0000-0000-0000-0000002C99F1}
T{00000000-0000-0000-0000-0000001E31B8}
T{00000000-0000-0000-0000-0000001ABD3E}
F{00000000-0000-0000-0000-0000002A93E5}
F{00000000-0000-0000-0000-0000001021AA}
F{00000000-0000-0000-0000-000000018FBC}
F{00000000-0000-0000-0000-0000002FB7BE}
F{00000000-0000-0000-0000-000000060817}
F{00000000-0000-0000-0000-00000008DF2C}
F{00000000-0000-0000-0000-00000032FBFC}
T{00000000-0000-0000-0000-00000029DF30}
T{00000000-0000-0000-0000-00000014930C}
T{00000000-0000-0000-0000-0000000CC211}
T{00000000-0000-0000-0000-00000005FEC5}
T{00000000-0000-0000-0000-0000002709AF}
F{00000000-0000-0000-0000-0000002946BB}
T{00000000-0000-0000-0000-0000000AF7F1}
T{00000000-0000-0000-0000-00000013D5B6}
T{00000000-0000-0000-0000-00000006CB6D}
T{00000000-0000-0000-0000-0000000BAA3C}
F{00000000-0000-0000-0000-0000002B8B2A}
F{00000000-0000-0000-0000-0000001CFFF0}
T{00000000-0000-0000-0000-000000248370}
T{00000000-0000-0000-0000-000000194C2C}
F{00000000-0000-0000-0000-00000009066B}
T{00000000-0000-0000-0000-00000030D226}
T{00000000-0000-0000-0000-000000002050}
T{00000000-0000-0000-0000-000000323153}
T{00000000-0000-0000-0000-00000024E792}
T{00000000-0000-0000-0000-000000278538}
F{00000000-0000-0000-0000-0000000077BD}
T{00000000-0000-0000-0000-00000010C45A}
F{00000000-0000-0000-0000-000000039287}
F{00000000-0000-0000-0000-000000007910}
T{00000000-0000-0000-0000-0000000DBAAE}
T{00000000-0000-0000-0000-000000051510}
T{00000000-0000-0000-0000-00000025905F}
F{00000000-0000-0000-0000-000000132C5C}
F{00000000-0000-0000-0000-0000001BA8D0}
F{00000000-0000-0000-0000-0000001BDA94}
F{00000000-0000-0000-0000-00000028C84A}
T{00000000-0000-0000-0000-000000039837}
F{00000000-0000-0000-0000-00000026908C}
F{00000000-0000-0000-0000-0000000A5753}
T{00000000-0000-0000-0000-0000000DF4F9}
T{00000000-0000-0000-0000-00000029B0B6}
T{00000000-0000-0000-0000-00000020F108}
F{00000000-0000-0000-0000-0000002C99F1}
T{00000000-0000-0000-0000-00000020BB1F}
F{00000000-0000-0000-0000-0000000A5106}
T{00000000-0000-0000-0000-00000023EBA1}
T{00000000-0000-0000-0000-000000047EDA}
T{00000000-0000-0000-0000-0000001A8051}
T{00000000-0000-0000-0000-00000012A959}
F{00000000-0000-0000-0000-0000002D02F7}
T{00000000-0000-0000-0000-000000258366}
F{00000000-0000-0000-0000-00000009D2DB}
T{00000000-0000-0000-0000-000000234D60}
F{00000000-0000-0000-0000-0000001722BA}
T{00000000-0000-0000-0000-00000006E9D8}
T{00000000-0000-0000-0000-0000002EBBF8}
F{00000000-0000-0000-0000-0000000ABEEA}
T{00000000-0000-0000-0000-0000000F1842}
T{00000000-0000-0000-0000-0000002A8151}
T{00000000-0000-0000-0000-000000200AAE}
T{00000000-0000-0000-0000-00000021EADC}
T{00000000-0000-0000-0000-0000002F9E2D}
T{00000000-0000-0000-0000-00000009AFDF}
F{00000000-0000-0000-0000-000000062FD1}
T{00000000-0000-0000-0000-000000163919}
T{00000000-0000-0000-0000-00000033397C}
F{00000000-0000-0000-0000-0000000A5753}
T{00000000-0000-0000-0000-0000001670BF}
T{00000000-0000-0000-0000-00000001A081}
F{00000000-0000-0000-0000-00000016BEDB}
T{00000000-0000-0000-0000-0000000786FE}
T{00000000-0000-0000-0000-000000161791}
T{00000000-0000-0000-0000-000000103CB0}
T{00000000-0000-0000-0000-0000002D08BD}
T{00000000-0000-0000-0000-00000010661B}
F{00000000-0000-0000-0000-00000016F860}
T{00000000-0000-0000-0000-0000002ECB26}
F{00000000-0000-0000-0000-0000001894F4}
F{00000000-0000-0000-0000-000000122D0D}
F{00000000-0000-0000-0000-00000031EE7B}
F{00000000-0000-0000-0000-00000016A5CD}
T{00000000-0000-0000-0000-0000001674D4}
F{00000000-0000-0000-0000-0000002853F7}
T{00000000-0000-0000-0000-0000002C85DC}
T{00000000-0000-0000-0000-000000158FA3}
T{00000000-0000-0000-0000-00000023FF40}
T{00000000-0000-0000-0000-0000000304B6}
T{00000000-0000-0000-0000-000000004F77}
F{00000000-0000-0000-0000-0000002A0033}
F{00000000-0000-0000-0000-00000014BCF0}
F{00000000-0000-0000-0000-0000001480CF}
T{00000000-0000-0000-0000-00000010B567}
T{00000000-0000-0000-0000-0000000E4AA8}
F{00000000-0000-0000-0000-0000001EB0AE}
F{00000000-0000-0000-0000-000000319987}
T{00000000-0000-0000-0000-000000270F6A}
T{00000000-0000-0000-0000-0000002099FA}
T{00000000-0000-0000-0000-00000023CDFE}
T{00000000-0000-0000-0000-0000002E8EE3}
T{00000000-0000-0000-0000-000000048DA0}
F{00000000-0000-0000-0000-000000029272}
T{00000000-0000-0000-0000-00000000E734}
F{00000000-0000-0000-0000-0000001323D1}
T{00000000-0000-0000-0000-00000019C00E}
T{00000000-0000-0000-0000-0000002B9EFF}
T{00000000-0000-0000-0000-000000020671}
T{00000000-0000-0000-0000-0000001AC169}
T{00000000-0000-0000-0000-00000016F8D3}
F{00000000-0000-0000-0000-0000001713EF}
T{00000000-0000-0000-0000-0000002B17AA}
F{00000000-0000-0000-0000-000000263C74}
T{00000000-0000-0000-0000-00000014E633}
T{00000000-0000-0000-0000-00000008ECD0}
T{00000000-0000-0000-0000-00000016816A}
F{00000000-0000-0000-0000-0000000C439B}
F{00000000-0000-0000-0000-0000000D226D}
F{00000000-0000-0000-0000-000000245B1C}
T{00000000-0000-0000-0000-0000002708AF}
T{00000000-0000-0000-0000-00000004C251}
T{00000000-0000-0000-0000-00000032B38C}
F{00000000-0000-0000-0000-0000000ED161}
F{00000000-0000-0000-0000-0000002B8E33}
T{00000000-0000-0000-0000-0000002F095B}
T{00000000-0000-0000-0000-0000000C879D}
F{00000000-0000-0000-0000-00000025D9CF}
T{00000000-0000-0000-0000-000000119488}
T{00000000-0000-0000-0000-0000000FAF3F}
T{00000000-0000-0000-0000-0000002F225F}
T{00000000-0000-0000-0000-00000009C50C}
F{00000000-0000-0000-0000-0000002AE793}
T{00000000-0000-0000-0000-00000008E0F9}
T{00000000-0000-0000-0000-0000002CE1B8}
T{00000000-0000-0000-0000-0000001654C1}
T{00000000-0000-0000-0000-0000000316F0}
T{00000000-0000-0000-0000-00000019B1D7}
T{00000000-0000-0000-0000-00000019D2DF}
F{00000000-0000-0000-0000-000000209D82}
F{00000000-0000-0000-0000-00000011FF45}
T{00000000-0000-0000-0000-0000002CE1D1}
F{00000000-0000-0000-0000-0000002FA358}
F{00000000-0000-0000-0000-0000003025B3}
F{00000000-0000-0000-0000-000000059899}
T{00000000-0000-0000-0000-00000021E377}
F{00000000-0000-0000-0000-000000295694}
F{00000000-0000-0000-0000-0000001AC595}
T{00000000-0000-0000-0000-0000000A6741}
F{00000000-0000-0000-0000-0000002D479F}
T{00000000-0000-0000-0000-0000001593A2}
T{00000000-0000-0000-0000-000000136075}
F{00000000-0000-0000-0000-0000000F9C6B}
T{00000000-0000-0000-0000-000000105E37}
F{00000000-0000-0000-0000-000000054373}
T{00000000-0000-0000-0000-00000016F8D3}
T{00000000-0000-0000-0000-0000000203C2}
F{00000000-0000-0000-0000-0000001F2CC1}
T{00000000-0000-0000-0000-000000092A50}
F{00000000-0000-0000-0000-000000173168}
T{00000000-0000-0000-0000-00000018401E}
F{00000000-0000-0000-0000-00000008179C}
T{00000000-0000-0000-0000-00000017E1A7}
F{00000000-0000-0000-0000-0000001E7F02}
T{00000000-0000-0000-0000-00000006D67D}
T{00000000-0000-0000-0000-00000020B0E5}
T{00000000-0000-0000-0000-00000000E507}
T{00000000-0000-0000-0000-0000002D3412}
F{00000000-0000-0000-0000-000000122620}
T{00000000-0000-0000-0000-00000004C733}
T{00000000-0000-0000-0000-0000001B86E1}
T{00000000-0000-0000-0000-0000002EF799}
T{00000000-0000-0000-0000-00000009C0D7}
T{00000000-0000-0000-0000-00000023FF40}
T{00000000-0000-0000-0000-00000004EB9D}
T{00000000-0000-0000-0000-000000173984}
T{00000000-0000-0000-0000-00000009E9E0}
T{00000000-0000-0000-0000-000000103F45}
T{00000000-0000-0000-0000-00000032D25A}
T{00000000-0000-0000-0000-00000030D8FB}
T{00000000-0000-0000-0000-00000023DAE9}
T{00000000-0000-0000-0000-0000001B3E7C}
T{00000000-0000-0000-0000-0000001CBD07}
T{00000000-0000-0000-0000-0000000B38BF}
F{00000000-0000-0000-0000-000000060817}
T{00000000-0000-0000-0000-000000165EB8}
T{00000000-0000-0000-0000-0000002E2B72}
F{00000000-0000-0000-0000-000000048848}
T{00000000-0000-0000-0000-000000077AAC}
T{00000000-0000-0000-0000-00000001C250}
T{00000000-0000-0000-0000-00000010A260}
T{00000000-0000-0000-0000-000000194F60}
T{00000000-0000-0000-0000-0000000FD726}
T{00000000-0000-0000-0000-000000247411}
F{00000000-0000-0000-0000-0000001FB295}
T{00000000-0000-0000-0000-000000334357}
T{00000000-0000-0000-0000-000000012582}
F{00000000-0000-0000-0000-000000010A7C}
T{00000000-0000-0000-0000-000000093E76}
T{00000000-0000-0000-0000-0000002B18A2}
F{00000000-0000-0000-0000-0000000108B3}
T{00000000-0000-0000-0000-00000029E4F0}
T{00000000-0000-0000-0000-00000028FBBD}
F{00000000-0000-0000-0000-0000002DA425}
F{00000000-0000-0000-0000-0000001FECF2}
T{00000000-0000-0000-0000-00000026C499}
T{00000000-0000-0000-0000-000000134077}
T{00000000-0000-0000-0000-0000000C4B59}
T{00000000-0000-0000-0000-00000021E0C8}
F{00000000-0000-0000-0000-0000000EFCD0}
T{00000000-0000-0000-0000-00000003982D}
T{00000000-0000-0000-0000-000000096DAE}
F{00000000-0000-0000-0000-00000008AA1A}
T{00000000-0000-0000-0000-0000000AF7F1}
T{00000000-0000-0000-0000-00000016B471}
F{00000000-0000-0000-0000-0000000F70F3}
F{00000000-0000-0000-0000-0000001DB74C}
F{00000000-0000-0000-0000-0000001DC846}
T{00000000-0000-0000-0000-000000281D15}
F{00000000-0000-0000-0000-0000000FBE71}
T{00000000-0000-0000-0000-000000199875}
T{00000000-0000-0000-0000-0000000A17CD}
F{00000000-0000-0000-0000-000000018FBC}
T{00000000-0000-0000-0000-0000000D279A}
T{00000000-0000-0000-0000-00000033489E}
F{00000000-0000-0000-0000-000000095572}
T{00000000-0000-0000-0000-00000001C0DA}
T{00000000-0000-0000-0000-000000101F0A}
T{00000000-0000-0000-0000-00000011E7D4}
F{00000000-0000-0000-0000-0000002B43A9}
T{00000000-0000-0000-0000-0000001D36F1}
T{00000000-0000-0000-0000-0000000C46EE}
F{00000000-0000-0000-0000-0000001AB774}
T{00000000-0000-0000-0000-0000002AA350}
F{00000000-0000-0000-0000-000000231277}
T{00000000-0000-0000-0000-0000000AAC42}
T{00000000-0000-0000-0000-000000162B36}
T{00000000-0000-0000-0000-000000022B3B}
F{00000000-0000-0000-0000-00000020C7D6}
T{00000000-0000-0000-0000-0000002DC2FA}
T{00000000-0000-0000-0000-0000002B5FAB}
T{00000000-0000-0000-0000-0000000490FD}
T{00000000-0000-0000-0000-000000180C32}
T{00000000-0000-0000-0000-00000024A6D8}
F{00000000-0000-0000-0000-00000019B791}
F{00000000-0000-0000-0000-00000029F741}
T{00000000-0000-0000-0000-00000014BE69}
F{00000000-0000-0000-0000-000000321513}
T{00000000-0000-0000-0000-00000024D829}
F{00000000-0000-0000-0000-00000010598A}
T{00000000-0000-0000-0000-0000001C724C}
T{00000000-0000-0000-0000-0000002BE590}
T{00000000-0000-0000-0000-0000002B0433}
T{00000000-0000-0000-0000-0000002A3C87}
F{00000000-0000-0000-0000-000000210458}
T{00000000-0000-0000-0000-0000000FB104}
F{00000000-0000-0000-0000-0000000E75F6}
T{00000000-0000-0000-0000-00000003D38D}
T{00000000-0000-0000-0000-0000000290CC}
F{00000000-0000-0000-0000-0000000FBBC4}
F{00000000-0000-0000-0000-00000025E580}
T{00000000-0000-0000-0000-00000011834D}
F{00000000-0000-0000-0000-0000002F1EF7}
F{00000000-0000-0000-0000-00000014B44C}
T{00000000-0000-0000-0000-0000002C60BC}
T{00000000-0000-0000-0000-0000000290CC}
T{00000000-0000-0000-0000-0000000778E0}
F{00000000-0000-0000-0000-000000267D6D}
T{00000000-0000-0000-0000-0000000BBDBF}
F{00000000-0000-0000-0000-000000223AC8}
T{00000000-0000-0000-0000-00000019F7DE}
T{00000000-0000-0000-0000-000000096DFC}
F{00000000-0000-0000-0000-00000016C567}
T{00000000-0000-0000-0000-0000002DB79C}
T{00000000-0000-0000-0000-000000007021}
F{00000000-0000-0000-0000-00000031F588}
F{00000000-0000-0000-0000-0000002651AC}
T{00000000-0000-0000-0000-0000001D6058}
F{00000000-0000-0000-0000-00000007D743}
T{00000000-0000-0000-0000-00000009C51B}
T{00000000-0000-0000-0000-0000002FFF7B}
T{00000000-0000-0000-0000-000000108BD7}
T{00000000-0000-0000-0000-0000000A23F2}
T{00000000-0000-0000-0000-000000048F9B}
T{00000000-0000-0000-0000-00000008ACCD}
F{00000000-0000-0000-0000-000000074466}
F{00000000-0000-0000-0000-000000271E97}
T{00000000-0000-0000-0000-0000002419AD}
F{00000000-0000-0000-0000-00000020279E}
F{00000000-0000-0000-0000-000000263D12}
T{00000000-0000-0000-0000-000000073689}
T{00000000-0000-0000-0000-00000026405C}
T{00000000-0000-0000-0000-0000000D5073}
T{00000000-0000-0000-0000-0000002B5983}
T{00000000-0000-0000-0000-00000026E2D2}
T{00000000-0000-0000-0000-0000000AA83A}
T{00000000-0000-0000-0000-00000032B38C}
T{00000000-0000-0000-0000-000000048743}
T{00000000-0000-0000-0000-0000002F8823}
T{00000000-0000-0000-0000-0000001EA08F}
F{00000000-0000-0000-0000-00000014DA5C}
T{00000000-0000-0000-0000-00000026725A}
F{00000000-0000-0000-0000-00000008AE60}
F{00000000-0000-0000-0000-0000002494C3}
T{00000000-0000-0000-0000-0000000C498D}
F{00000000-0000-0000-0000-0000000108B3}
T{00000000-0000-0000-0000-0000001D1F02}
T{00000000-0000-0000-0000-0000002C1B8A}
F{00000000-0000-0000-0000-0000002C5567}
F{00000000-0000-0000-0000-00000032EA05}
T{00000000-0000-0000-0000-0000001797A0}
T{00000000-0000-0000-0000-0000002A4B82}
F{00000000-0000-0000-0000-000000053322}
T{00000000-0000-0000-0000-00000003C8CB}
T{00000000-0000-0000-0000-000000336929}
T{00000000-0000-0000-0000-0000001AF95D}
F{00000000-0000-0000-0000-00000030E2E5}
T{00000000-0000-0000-0000-000000215580}
T{00000000-0000-0000-0000-00000019EF1D}
F{00000000-0000-0000-0000-000000275F5A}
T{00000000-0000-0000-0000-0000002F3F28}
F{00000000-0000-0000-0000-0000002A0033}
F{00000000-0000-0000-0000-0000000802A5}
T{00000000-0000-0000-0000-00000011927D}
T{00000000-0000-0000-0000-000000121E50}
T{00000000-0000-0000-0000-00000023DAE9}
T{00000000-0000-0000-0000-0000001023C0}
T{00000000-0000-0000-0000-00000020B34E}
T{00000000-0000-0000-0000-000000201333}
F{00000000-0000-0000-0000-0000000EE00F}
T{00000000-0000-0000-0000-000000139551}
T{00000000-0000-0000-0000-00000029B243}
F{00000000-0000-0000-0000-000000018E32}
T{00000000-0000-0000-0000-000000290964}
T{00000000-0000-0000-0000-00000019F108}
F{00000000-0000-0000-0000-0000000CB200}
F{00000000-0000-0000-0000-0000000FEC4B}
T{00000000-0000-0000-0000-000000083BCE}
T{00000000-0000-0000-0000-000000323153}
F{00000000-0000-0000-0000-00000013BFCB}
F{00000000-0000-0000-0000-0000002001DC}
F{00000000-0000-0000-0000-00000028D056}
T{00000000-0000-0000-0000-0000000FBAB5}
T{00000000-0000-0000-0000-0000001A12AD}
T{00000000-0000-0000-0000-000000031C4F}
T{00000000-0000-0000-0000-00000017437D}
F{00000000-0000-0000-0000-000000086E8A}
F{00000000-0000-0000-0000-000000269527}
F{00000000-0000-0000-0000-00000031941A}
F{00000000-0000-0000-0000-00000018CD3C}
T{00000000-0000-0000-0000-00000013B0E8}
T{00000000-0000-0000-0000-0000002B18A4}
T{00000000-0000-0000-0000-000000180B82}
F{00000000-0000-0000-0000-0000000AE447}
T{00000000-0000-0000-0000-000000138055}
F{00000000-0000-0000-0000-000000059899}
T{00000000-0000-0000-0000-0000000CE6CE}
T{00000000-0000-0000-0000-0000002E3764}
F{00000000-0000-0000-0000-00000008AA1A}
T{00000000-0000-0000-0000-0000001E2362}
T{00000000-0000-0000-0000-0000000A232E}
T{00000000-0000-0000-0000-000000282B4D}
T{00000000-0000-0000-0000-000000092A50}
F{00000000-0000-0000-0000-0000000A5792}
F{00000000-0000-0000-0000-0000000D0CBC}
T{00000000-0000-0000-0000-0000001ECF46}
F{00000000-0000-0000-0000-00000016A5CD}
T{00000000-0000-0000-0000-000000020671}
T{00000000-0000-0000-0000-000000133301}
F{00000000-0000-0000-0000-000000298C1E}
T{00000000-0000-0000-0000-000000325BB2}
F{00000000-0000-0000-0000-00000005C588}
T{00000000-0000-0000-0000-0000003136C1}
T{00000000-0000-0000-0000-0000001EA9F1}
T{00000000-0000-0000-0000-0000000B178F}
F{00000000-0000-0000-0000-000000242709}
T{00000000-0000-0000-0000-0000002D2924}
T{00000000-0000-0000-0000-0000002904BF}
F{00000000-0000-0000-0000-00000008AE69}
T{00000000-0000-0000-0000-000000199CE5}
T{00000000-0000-0000-0000-00000028200A}
F{00000000-0000-0000-0000-00000021126B}
F{00000000-0000-0000-0000-0000002C4823}
T{00000000-0000-0000-0000-000000135E20}
T{00000000-0000-0000-0000-0000000C6DDD}
T{00000000-0000-0000-0000-0000001FC2E5}
F{00000000-0000-0000-0000-0000001DBEE4}
F{00000000-0000-0000-0000-00000031730E}
F{00000000-0000-0000-0000-000000099302}
T{00000000-0000-0000-0000-00000011E7AD}
T{00000000-0000-0000-0000-0000000124D4}
T{00000000-0000-0000-0000-0000001E806D}
T{00000000-0000-0000-0000-0000002461C3}
F{00000000-0000-0000-0000-0000000E2CE3}
T{00000000-0000-0000-0000-00000026BC4E}
F{00000000-0000-0000-0000-0000000B6F8C}
T{00000000-0000-0000-0000-00000029A720}
F{00000000-0000-0000-0000-0000002E66CF}
T{00000000-0000-0000-0000-00000020B4A2}
T{00000000-0000-0000-0000-0000002E5619}
T{00000000-0000-0000-0000-0000001E8634}
F{00000000-0000-0000-0000-00000032624F}
T{00000000-0000-0000-0000-0000002B7A82}
T{00000000-0000-0000-0000-00000024956C}
T{00000000-0000-0000-0000-0000000E641C}
T{00000000-0000-0000-0000-0000002B36D6}
F{00000000-0000-0000-0000-0000002E2FA0}
F{00000000-0000-0000-0000-00000016A7D2}
T{00000000-0000-0000-0000-0000000A23F2}
T{00000000-0000-0000-0000-000000176DAA}
T{00000000-0000-0000-0000-000000058EAC}
F{00000000-0000-0000-0000-000000289F2F}
T{00000000-0000-0000-0000-00000025191C}
T{00000000-0000-0000-0000-0000002EE5CF}
F{00000000-0000-0000-0000-000000180A8A}
T{00000000-0000-0000-0000-0000001FE575}
F{00000000-0000-0000-0000-0000002FA3FA}
T{00000000-0000-0000-0000-0000002AE653}
T{00000000-0000-0000-0000-00000027A869}
T{00000000-0000-0000-0000-0000002493E1}
T{00000000-0000-0000-0000-0000002CFE90}
F{00000000-0000-0000-0000-00000033B3D6}
T{00000000-0000-0000-0000-00000014FCA7}
T{00000000-0000-0000-0000-0000000B0FC2}
T{00000000-0000-0000-0000-00000028C1E1}
T{00000000-0000-0000-0000-000000232F65}
F{00000000-0000-0000-0000-0000001B6EF6}
T{00000000-0000-0000-0000-000000152BE0}
T{00000000-0000-0000-0000-00000027AD7A}
F{00000000-0000-0000-0000-00000014652A}
T{00000000-0000-0000-0000-000000184086}
T{00000000-0000-0000-0000-00000013B0F8}
T{00000000-0000-0000-0000-00000018ADDC}
F{00000000-0000-0000-0000-0000002B8F8A}
T{00000000-0000-0000-0000-00000010DFF6}
F{00000000-0000-0000-0000-000000225920}
F{00000000-0000-0000-0000-000000169EF3}
T{00000000-0000-0000-0000-0000000C3ED6}
T{00000000-0000-0000-0000-000000285C2A}
T{00000000-0000-0000-0000-000000122427}
T{00000000-0000-0000-0000-0000001142A0}
F{00000000-0000-0000-0000-00000029C2EF}
T{00000000-0000-0000-0000-0000001797A0}
T{00000000-0000-0000-0000-00000026173B}
F{00000000-0000-0000-0000-000000060468}
T{00000000-0000-0000-0000-0000000A6FED}
F{00000000-0000-0000-0000-0000000FAF70}
T{00000000-0000-0000-0000-000000333127}
T{00000000-0000-0000-0000-00000019D15A}
F{00000000-0000-0000-0000-0000002AD13F}
T{00000000-0000-0000-0000-0000002C49B6}
F{00000000-0000-0000-0000-0000002B054E}
T{00000000-0000-0000-0000-0000001BF1B8}
T{00000000-0000-0000-0000-000000278ECA}
T{00000000-0000-0000-0000-00000023387D}
F{00000000-0000-0000-0000-00000010AB65}
T{00000000-0000-0000-0000-0000001FE216}
T{00000000-0000-0000-0000-0000000589A0}
T{00000000-0000-0000-0000-000000322C12}
F{00000000-0000-0000-0000-00000024CD16}
T{00000000-0000-0000-0000-0000002B47F4}
T{00000000-0000-0000-0000-00000009F821}
F{00000000-0000-0000-0000-00000026C360}
F{00000000-0000-0000-0000-00000011D6C2}
T{00000000-0000-0000-0000-00000011DB6D}
T{00000000-0000-0000-0000-0000002A9F2E}
F{00000000-0000-0000-0000-00000025C115}
F{00000000-0000-0000-0000-000000210458}
F{00000000-0000-0000-0000-00000008B383}
T{00000000-0000-0000-0000-000000191AFB}
T{00000000-0000-0000-0000-000000165983}
T{00000000-0000-0000-0000-00000009A203}
F{00000000-0000-0000-0000-000000132C5C}
T{00000000-0000-0000-0000-000000135494}
F{00000000-0000-0000-0000-0000002390CE}
T{00000000-0000-0000-0000-00000022DC3A}
T{00000000-0000-0000-0000-000000321D26}
F{00000000-0000-0000-0000-000000320C89}
T{00000000-0000-0000-0000-0000002131BD}
T{00000000-0000-0000-0000-0000001C7100}
F{00000000-0000-0000-0000-0000000B07ED}
T{00000000-0000-0000-0000-0000002B52C4}
F{00000000-0000-0000-0000-000000282FCE}
T{00000000-0000-0000-0000-00000028F5E5}
T{00000000-0000-0000-0000-0000002DB934}
T{00000000-0000-0000-0000-0000001097B8}
T{00000000-0000-0000-0000-0000000FDB15}
T{00000000-0000-0000-0000-00000020A4CC}
T{00000000-0000-0000-0000-00000031E96F}
F{00000000-0000-0000-0000-0000002FD89A}
F{00000000-0000-0000-0000-00000018CD3C}
T{00000000-0000-0000-0000-0000001E4CB1}
T{00000000-0000-0000-0000-000000072EE7}
F{00000000-0000-0000-0000-00000008AA1A}
T{00000000-0000-0000-0000-0000000EE1D3}
T{00000000-0000-0000-0000-00000005FEC5}
T{00000000-0000-0000-0000-00000008C464}
T{00000000-0000-0000-0000-00000026FF1F}
T{00000000-0000-0000-0000-0000002553E5}
T{00000000-0000-0000-0000-000000086CA1}
T{00000000-0000-0000-0000-000000029AE8}
T{00000000-0000-0000-0000-000000238AC5}
F{00000000-0000-0000-0000-0000000AE237}
T{00000000-0000-0000-0000-0000000CF969}
T{00000000-0000-0000-0000-0000001532EA}
F{00000000-0000-0000-0000-00000026E11D}
T{00000000-0000-0000-0000-00000013B0E8}
T{00000000-0000-0000-0000-0000002776AA}
F{00000000-0000-0000-0000-0000001BB360}
T{00000000-0000-0000-0000-000000321D26}
T{00000000-0000-0000-0000-00000030FE52}
T{00000000-0000-0000-0000-0000000C1231}
T{00000000-0000-0000-0000-000000263B63}
F{00000000-0000-0000-0000-000000132504}
T{00000000-0000-0000-0000-0000001937CB}
F{00000000-0000-0000-0000-000000155B05}
T{00000000-0000-0000-0000-0000002443AD}
T{00000000-0000-0000-0000-000000198DC4}
T{00000000-0000-0000-0000-000000265B79}
T{00000000-0000-0000-0000-00000031640E}
F{00000000-0000-0000-0000-0000001B520B}
F{00000000-0000-0000-0000-000000053E0D}
T{00000000-0000-0000-0000-0000001C666C}
F{00000000-0000-0000-0000-0000000C2DA1}
T{00000000-0000-0000-0000-0000001A5C09}
F{00000000-0000-0000-0000-00000032B143}
T{00000000-0000-0000-0000-00000017972C}
T{00000000-0000-0000-0000-000000171E94}
F{00000000-0000-0000-0000-00000024D561}
T{00000000-0000-0000-0000-0000001FF9F1}
T{00000000-0000-0000-0000-000000331151}
T{00000000-0000-0000-0000-0000001DB7B7}
F{00000000-0000-0000-0000-0000001249B2}
T{00000000-0000-0000-0000-00000025191C}
F{00000000-0000-0000-0000-00000002971C}
T{00000000-0000-0000-0000-00000007BD53}
T{00000000-0000-0000-0000-00000028C612}
F{00000000-0000-0000-0000-0000001E7066}
T{00000000-0000-0000-0000-000000144EAF}
T{00000000-0000-0000-0000-00000007BDBE}
T{00000000-0000-0000-0000-0000003356C0}
T{00000000-0000-0000-0000-000000263AA2}
T{00000000-0000-0000-0000-00000008A7D5}
T{00000000-0000-0000-0000-0000002CEE5F}
T{00000000-0000-0000-0000-00000022362F}
F{00000000-0000-0000-0000-000000309CB6}
F{00000000-0000-0000-0000-00000014DA5C}
T{00000000-0000-0000-0000-000000253952}
T{00000000-0000-0000-0000-0000001C2C6B}
F{00000000-0000-0000-0000-000000106A2C}
T{00000000-0000-0000-0000-0000000078D5}
F{00000000-0000-0000-0000-000000086E8A}
F{00000000-0000-0000-0000-0000000A9334}
T{00000000-0000-0000-0000-0000001713CD}
T{00000000-0000-0000-0000-0000002D041D}
F{00000000-0000-0000-0000-000000164F59}
F{00000000-0000-0000-0000-00000011F6D5}
T{00000000-0000-0000-0000-0000000FA8A2}
T{00000000-0000-0000-0000-00000002783A}
F{00000000-0000-0000-0000-0000001D6FB7}
T{00000000-0000-0000-0000-00000020C7F6}
T{00000000-0000-0000-0000-00000016B6E6}
F{00000000-0000-0000-0000-0000002A8FE5}
F{00000000-0000-0000-0000-00000011D6C2}
T{00000000-0000-0000-0000-0000000CE0E2}
F{00000000-0000-0000-0000-000000260634}
T{00000000-0000-0000-0000-0000000CF969}
T{00000000-0000-0000-0000-000000134138}
T{00000000-0000-0000-0000-0000000E32F3}
T{00000000-0000-0000-0000-0000000AD8D3}
T{00000000-0000-0000-0000-000000173418}
F{00000000-0000-0000-0000-00000016D8EC}
F{00000000-0000-0000-0000-00000033627A}
T{00000000-0000-0000-0000-00000000E673}
F{00000000-0000-0000-0000-00000012EA12}
T{00000000-0000-0000-0000-000000139551}
T{00000000-0000-0000-0000-0000002EFFA9}
T{00000000-0000-0000-0000-0000002AA390}
F{00000000-0000-0000-0000-0000002D4FE4}
T{00000000-0000-0000-0000-0000002DD7C9}
T{00000000-0000-0000-0000-000000100F68}
F{00000000-0000-0000-0000-0000000AFBED}
T{00000000-0000-0000-0000-0000000E32F3}
T{00000000-0000-0000-0000-000000128102}
F{00000000-0000-0000-0000-000000222774}
F{00000000-0000-0000-0000-0000000AB80B}
T{00000000-0000-0000-0000-000000259D97}
F{00000000-0000-0000-0000-00000012A9B0}
T{00000000-0000-0000-0000-0000002D569C}
T{00000000-0000-0000-0000-00000013754A}
F{00000000-0000-0000-0000-0000000A1C43}
F{00000000-0000-0000-0000-0000000DA5C4}
T{00000000-0000-0000-0000-00000029B94D}
F{00000000-0000-0000-0000-0000002D609F}
T{00000000-0000-0000-0000-0000002F2476}
F{00000000-0000-0000-0000-0000001A3526}
T{00000000-0000-0000-0000-00000020279E}
T{00000000-0000-0000-0000-0000001E31B8}
T{00000000-0000-0000-0000-000000022FC9}
T{00000000-0000-0000-0000-00000033476B}
F{00000000-0000-0000-0000-00000025B19E}
T{00000000-0000-0000-0000-0000002CD9CB}
F{00000000-0000-0000-0000-0000000ABC61}
T{00000000-0000-0000-0000-000000002050}
F{00000000-0000-0000-0000-0000002CD908}
T{00000000-0000-0000-0000-0000000F1793}
F{00000000-0000-0000-0000-0000003148A3}
T{00000000-0000-0000-0000-0000000C9126}
T{00000000-0000-0000-0000-000000183CD1}
F{00000000-0000-0000-0000-0000002B054E}
T{00000000-0000-0000-0000-00000007FC83}
F{00000000-0000-0000-0000-000000305E4B}
T{00000000-0000-0000-0000-00000000E734}
T{00000000-0000-0000-0000-000000053E0D}
T{00000000-0000-0000-0000-0000001DD31C}
F{00000000-0000-0000-0000-0000002FFF7B}
F{00000000-0000-0000-0000-0000001E644A}
T{00000000-0000-0000-0000-0000000A55A2}
T{00000000-0000-0000-0000-000000238FCF}
T{00000000-0000-0000-0000-000000067B4D}
T{00000000-0000-0000-0000-00000032624F}
F{00000000-0000-0000-0000-0000002AB719}
F{00000000-0000-0000-0000-000000192C47}
T{00000000-0000-0000-0000-000000128102}
F{00000000-0000-0000-0000-0000001B4BD8}
T{00000000-0000-0000-0000-00000026F535}
F{00000000-0000-0000-0000-000000263B6B}
T{00000000-0000-0000-0000-00000001C0DA}
T{00000000-0000-0000-0000-00000031DCC0}
F{00000000-0000-0000-0000-00000005B38E}
T{00000000-0000-0000-0000-00000026030F}
T{00000000-0000-0000-0000-00000026D480}
T{00000000-0000-0000-0000-00000007523C}
T{00000000-0000-0000-0000-00000016ADF2}
T{00000000-0000-0000-0000-00000026FF1F}
T{00000000-0000-0000-0000-00000030D483}
T{00000000-0000-0000-0000-0000002E3764}
T{00000000-0000-0000-0000-000000260F69}
F{00000000-0000-0000-0000-000000245B1C}
T{00000000-0000-0000-0000-00000014D038}
T{00000000-0000-0000-0000-000000067B4D}
T{00000000-0000-0000-0000-0000002997AA}
T{00000000-0000-0000-0000-00000011EA07}
T{00000000-0000-0000-0000-00000026E246}
T{00000000-0000-0000-0000-0000002E5658}
T{00000000-0000-0000-0000-00000012EA12}
F{00000000-0000-0000-0000-00000009C060}
T{00000000-0000-0000-0000-000000145A1B}
T{00000000-0000-0000-0000-0000001FC2E5}
F{00000000-0000-0000-0000-00000027BFF4}
T{00000000-0000-0000-0000-000000200384}
F{00000000-0000-0000-0000-00000011D6C2}
T{00000000-0000-0000-0000-000000263A5F}
F{00000000-0000-0000-0000-00000005F445}
F{00000000-0000-0000-0000-0000001746C3}
T{00000000-0000-0000-0000-00000020979D}
T{00000000-0000-0000-0000-00000028988B}
T{00000000-0000-0000-0000-000000138F39}
T{00000000-0000-0000-0000-00000009CD12}
F{00000000-0000-0000-0000-00000022E477}
F{00000000-0000-0000-0000-000000287CD1}
T{00000000-0000-0000-0000-000000264AE2}
F{00000000-0000-0000-0000-0000000586B3}
F{00000000-0000-0000-0000-000000332CFE}
T{00000000-0000-0000-0000-00000021D095}
T{00000000-0000-0000-0000-00000019A61D}
T{00000000-0000-0000-0000-000000166475}
T{00000000-0000-0000-0000-0000001D3BF2}
T{00000000-0000-0000-0000-00000032B38C}
T{00000000-0000-0000-0000-000000166E8F}
T{00000000-0000-0000-0000-0000001F147E}
T{00000000-0000-0000-0000-0000001E8093}
T{00000000-0000-0000-0000-0000002E92B0}
T{00000000-0000-0000-0000-0000000278BF}
T{00000000-0000-0000-0000-0000001882B4}
F{00000000-0000-0000-0000-000000175010}
F{00000000-0000-0000-0000-0000001EE496}
T{00000000-0000-0000-0000-0000000DFA11}
T{00000000-0000-0000-0000-0000000C3A58}
F{00000000-0000-0000-0000-0000001187A9}
F{00000000-0000-0000-0000-0000000D0B5F}
T{00000000-0000-0000-0000-000000296B95}
F{00000000-0000-0000-0000-000000275B8E}
T{00000000-0000-0000-0000-0000002F5A60}
F{00000000-0000-0000-0000-00000009D454}
T{00000000-0000-0000-0000-00000003D178}
T{00000000-0000-0000-0000-000000039812}
T{00000000-0000-0000-0000-0000001A145E}
F{00000000-0000-0000-0000-0000000CB200}
T{00000000-0000-0000-0000-000000294121}
T{00000000-0000-0000-0000-0000002DD910}
T{00000000-0000-0000-0000-000000209A73}
T{00000000-0000-0000-0000-00000023767B}
T{00000000-0000-0000-0000-0000000BDAE1}
F{00000000-0000-0000-0000-0000002D4012}
T{00000000-0000-0000-0000-000000008BC5}
T{00000000-0000-0000-0000-000000048743}
F{00000000-0000-0000-0000-0000002E2FAF}
T{00000000-0000-0000-0000-000000269141}
F{00000000-0000-0000-0000-00000017F789}
F{00000000-0000-0000-0000-0000000B7BDF}
T{00000000-0000-0000-0000-0000002627FA}
T{00000000-0000-0000-0000-00000031F8C0}
T{00000000-0000-0000-0000-0000000CDD4D}
T{00000000-0000-0000-0000-00000000C8EC}
F{00000000-0000-0000-0000-0000002DC9A5}
T{00000000-0000-0000-0000-0000000320BD}
T{00000000-0000-0000-0000-0000002C8C0F}
T{00000000-0000-0000-0000-000000254935}
T{00000000-0000-0000-0000-000000273384}
T{00000000-0000-0000-0000-00000017437D}
F{00000000-0000-0000-0000-00000019BC13}
F{00000000-0000-0000-0000-0000002AAA36}
T{00000000-0000-0000-0000-0000001EC930}
T{00000000-0000-0000-0000-0000002D5CCB}
F{00000000-0000-0000-0000-0000002D517B}
T{00000000-0000-0000-0000-0000001372CE}
T{00000000-0000-0000-0000-00000006CE94}
T{00000000-0000-0000-0000-00000025905F}
F{00000000-0000-0000-0000-0000001DE733}
T{00000000-0000-0000-0000-000000107171}
T{00000000-0000-0000-0000-000000067499}
F{00000000-0000-0000-0000-00000002FF57}
T{00000000-0000-0000-0000-00000025BC0D}
T{00000000-0000-0000-0000-000000110742}
T{00000000-0000-0000-0000-00000016B7BB}
F{00000000-0000-0000-0000-00000018D027}
T{00000000-0000-0000-0000-000000149239}
T{00000000-0000-0000-0000-0000001441F5}
F{00000000-0000-0000-0000-000000273493}
F{00000000-0000-0000-0000-00000005FF3F}
T{00000000-0000-0000-0000-0000002BCFBB}
T{00000000-0000-0000-0000-0000002211D5}
T{00000000-0000-0000-0000-000000287BCD}
T{00000000-0000-0000-0000-00000013500B}
T{00000000-0000-0000-0000-000000031C4F}
T{00000000-0000-0000-0000-0000000F0A21}
T{00000000-0000-0000-0000-0000000F169B}
F{00000000-0000-0000-0000-0000001DE733}
F{00000000-0000-0000-0000-000000146C13}
T{00000000-0000-0000-0000-00000024C85E}
T{00000000-0000-0000-0000-0000002DC2FA}
T{00000000-0000-0000-0000-0000000CEFAA}
F{00000000-0000-0000-0000-0000002B39CA}
T{00000000-0000-0000-0000-000000094458}
T{00000000-0000-0000-0000-0000000E4A1E}
T{00000000-0000-0000-0000-0000001DCB72}
T{00000000-0000-0000-0000-0000002102FE}
T{00000000-0000-0000-0000-0000001A5518}
T{00000000-0000-0000-0000-000000164DC8}
F{00000000-0000-0000-0000-000000075A7C}
T{00000000-0000-0000-0000-0000002B9EFF}
F{00000000-0000-0000-0000-0000002415F2}
F{00000000-0000-0000-0000-0000001226E2}
T{00000000-0000-0000-0000-0000001048EA}
T{00000000-0000-0000-0000-0000002088CF}
T{00000000-0000-0000-0000-000000278538}
T{00000000-0000-0000-0000-00000032E9B7}
T{00000000-0000-0000-0000-0000002E4C9E}
T{00000000-0000-0000-0000-0000001FC06F}
T{00000000-0000-0000-0000-00000012F492}
F{00000000-0000-0000-0000-000000101EB6}
T{00000000-0000-0000-0000-0000001CF90F}
T{00000000-0000-0000-0000-0000002415F2}
T{00000000-0000-0000-0000-0000000BBDBF}
T{00000000-0000-0000-0000-00000007C7D7}
T{00000000-0000-0000-0000-0000001AAC6D}
T{00000000-0000-0000-0000-0000001674D4}
T{00000000-0000-0000-0000-0000000F4D41}
T{00000000-0000-0000-0000-00000008D9E4}
T{00000000-0000-0000-0000-0000001AE2F6}
T{00000000-0000-0000-0000-0000002B18A2}
T{00000000-0000-0000-0000-000000093E76}
T{00000000-0000-0000-0000-0000002F9AF9}
T{00000000-0000-0000-0000-000000311004}
T{00000000-0000-0000-0000-000000167F5F}
T{00000000-0000-0000-0000-0000000F0A21}
T{00000000-0000-0000-0000-0000001C4442}
T{00000000-0000-0000-0000-0000002CE461}
T{00000000-0000-0000-0000-0000000DAF33}
T{00000000-0000-0000-0000-0000001EFADF}
F{00000000-0000-0000-0000-000000087673}
F{00000000-0000-0000-0000-00000020554E}
F{00000000-0000-0000-0000-00000004A47F}
T{00000000-0000-0000-0000-000000311004}
T{00000000-0000-0000-0000-00000029E4F0}
T{00000000-0000-0000-0000-00000029E4DD}
T{00000000-0000-0000-0000-0000002ECC93}
T{00000000-0000-0000-0000-000000148D13}
F{00000000-0000-0000-0000-0000000CFF86}
F{00000000-0000-0000-0000-0000000CE9C4}
T{00000000-0000-0000-0000-0000001023C0}
T{00000000-0000-0000-0000-0000002112EC}
F{00000000-0000-0000-0000-00000006E345}
T{00000000-0000-0000-0000-0000000CBB3D}
T{00000000-0000-0000-0000-0000002A2AB0}
T{00000000-0000-0000-0000-00000025DA28}
T{00000000-0000-0000-0000-0000000DD911}
T{00000000-0000-0000-0000-0000001EC930}
F{00000000-0000-0000-0000-0000002E0516}
F{00000000-0000-0000-0000-000000180A8A}
F{00000000-0000-0000-0000-000000111E00}
T{00000000-0000-0000-0000-0000001DBD6C}
T{00000000-0000-0000-0000-000000269DFE}
T{00000000-0000-0000-0000-00000015A7B3}
T{00000000-0000-0000-0000-0000001C4442}
T{00000000-0000-0000-0000-000000269141}
