T{00000000-0000-0000-0000-00000020588C}
T{00000000-0000-0000-0000-0000000FBC67}
T{00000000-0000-0000-0000-00000008CC60}
F{00000000-0000-0000-0000-0000002ADD6F}
T{00000000-0000-0000-0000-0000001DD229}
F{00000000-0000-0000-0000-000000229D83}
F{00000000-0000-0000-0000-000000279620}
T{00000000-0000-0000-0000-000000021873}
T{00000000-0000-0000-0000-00000029E94B}
T{00000000-0000-0000-0000-0000002F0451}
T{00000000-0000-0000-0000-00000001FA64}
T{00000000-0000-0000-0000-00000016ABED}
T{00000000-0000-0000-0000-00000011F82B}
T{00000000-0000-0000-0000-000000039E0B}
T{00000000-0000-0000-0000-00000024CEA5}
T{00000000-0000-0000-0000-000000094999}
T{00000000-0000-0000-0000-00000001C4BB}
F{00000000-0000-0000-0000-000000090229}
T{00000000-0000-0000-0000-00000013EF88}
T{00000000-0000-0000-0000-0000000A24D0}
T{00000000-0000-0000-0000-0000002CD4EB}
T{00000000-0000-0000-0000-000000241292}
T{00000000-0000-0000-0000-0000001DC328}
T{00000000-0000-0000-0000-0000000861C3}
T{00000000-0000-0000-0000-00000009D67F}
F{00000000-0000-0000-0000-000000100D87}
F{00000000-0000-0000-0000-00000002A492}
T{00000000-0000-0000-0000-0000000AE6D0}
F{00000000-0000-0000-0000-0000002E262E}
T{00000000-0000-0000-0000-00000001BBF4}
F{00000000-0000-0000-0000-000000041967}
F{00000000-0000-0000-0000-0000000346B7}
T{00000000-0000-0000-0000-000000093395}
T{00000000-0000-0000-0000-000000022F92}
F{00000000-0000-0000-0000-00000011A575}
T{00000000-0000-0000-0000-00000005A762}
T{00000000-0000-0000-0000-00000014A3DF}
F{00000000-0000-0000-0000-000000019910}
T{00000000-0000-0000-0000-00000001DFF8}
T{00000000-0000-0000-0000-00000001C192}
T{00000000-0000-0000-0000-000000039743}
T{00000000-0000-0000-0000-000000167D8F}
T{00000000-0000-0000-0000-0000000D1941}
T{00000000-0000-0000-0000-0000000165C2}
T{00000000-0000-0000-0000-000000021549}
T{00000000-0000-0000-0000-0000002C0FA0}
T{00000000-0000-0000-0000-00000006EF8B}
F{00000000-0000-0000-0000-000000137837}
T{00000000-0000-0000-0000-00000009E7DF}
T{00000000-0000-0000-0000-00000012D3D4}
T{00000000-0000-0000-0000-000000318C3C}
T{00000000-0000-0000-0000-000000074C2A}
T{00000000-0000-0000-0000-0000000129E4}
T{00000000-0000-0000-0000-000000191C5B}
T{00000000-0000-0000-0000-00000001271F}
T{00000000-0000-0000-0000-000000076690}
T{00000000-0000-0000-0000-0000000349E5}
F{00000000-0000-0000-0000-0000002C418E}
T{00000000-0000-0000-0000-0000000115BC}
T{00000000-0000-0000-0000-0000000A8631}
T{00000000-0000-0000-0000-000000032A81}
T{00000000-0000-0000-0000-0000000605DC}
T{00000000-0000-0000-0000-00000023BDED}
T{00000000-0000-0000-0000-0000001FCE00}
T{00000000-0000-0000-0000-0000000F1562}
T{00000000-0000-0000-0000-0000000EB019}
T{00000000-0000-0000-0000-000000306361}
T{00000000-0000-0000-0000-000000049195}
T{00000000-0000-0000-0000-000000103047}
T{00000000-0000-0000-0000-00000013E943}
T{00000000-0000-0000-0000-0000000506B7}
F{00000000-0000-0000-0000-0000001BA4AF}
T{00000000-0000-0000-0000-0000000EDA14}
T{00000000-0000-0000-0000-0000001C26F2}
T{00000000-0000-0000-0000-000000034417}
T{00000000-0000-0000-0000-0000000D810E}
T{00000000-0000-0000-0000-000000067F1B}
T{00000000-0000-0000-0000-0000000FFF9F}
T{00000000-0000-0000-0000-000000028823}
T{00000000-0000-0000-0000-00000010567B}
T{00000000-0000-0000-0000-0000001997CF}
T{00000000-0000-0000-0000-000000010D41}
F{00000000-0000-0000-0000-00000000E103}
T{00000000-0000-0000-0000-0000002137BA}
T{00000000-0000-0000-0000-0000000D024A}
F{00000000-0000-0000-0000-00000000D3F0}
T{00000000-0000-0000-0000-00000025A69A}
F{00000000-0000-0000-0000-00000000D349}
T{00000000-0000-0000-0000-0000000EE0FB}
F{00000000-0000-0000-0000-0000000567C5}
T{00000000-0000-0000-0000-0000000C4AFF}
F{00000000-0000-0000-0000-00000019ED9F}
F{00000000-0000-0000-0000-0000000ABD11}
T{00000000-0000-0000-0000-00000000BFB9}
T{00000000-0000-0000-0000-000000096134}
F{00000000-0000-0000-0000-0000002B3978}
F{00000000-0000-0000-0000-0000000C5D03}
F{00000000-0000-0000-0000-0000000FAA4C}
F{00000000-0000-0000-0000-0000000FCF04}
T{00000000-0000-0000-0000-000000042CBC}
F{00000000-0000-0000-0000-00000021B897}
T{00000000-0000-0000-0000-00000020F58D}
T{00000000-0000-0000-0000-00000029B95B}
T{00000000-0000-0000-0000-00000002D5B9}
T{00000000-0000-0000-0000-000000319FB1}
F{00000000-0000-0000-0000-0000002F9D8A}
T{00000000-0000-0000-0000-00000016FB99}
F{00000000-0000-0000-0000-0000002B60DE}
T{00000000-0000-0000-0000-00000018A7BE}
T{00000000-0000-0000-0000-00000028E747}
F{00000000-0000-0000-0000-0000002B2399}
T{00000000-0000-0000-0000-000000010757}
T{00000000-0000-0000-0000-0000002CA500}
F{00000000-0000-0000-0000-0000000B1084}
F{00000000-0000-0000-0000-0000002BDF68}
T{00000000-0000-0000-0000-000000200778}
F{00000000-0000-0000-0000-000000304116}
T{00000000-0000-0000-0000-00000024A4E7}
T{00000000-0000-0000-0000-00000008AE69}
T{00000000-0000-0000-0000-000000101990}
T{00000000-0000-0000-0000-000000296564}
F{00000000-0000-0000-0000-00000029E184}
T{00000000-0000-0000-0000-00000019B1D7}
T{00000000-0000-0000-0000-0000001D5258}
T{00000000-0000-0000-0000-0000000CDF99}
F{00000000-0000-0000-0000-00000014FDF3}
T{00000000-0000-0000-0000-0000000315B1}
T{00000000-0000-0000-0000-0000001C26F2}
F{00000000-0000-0000-0000-0000000AE577}
T{00000000-0000-0000-0000-000000299934}
T{00000000-0000-0000-0000-0000003232BF}
T{00000000-0000-0000-0000-00000002CD7A}
T{00000000-0000-0000-0000-00000027FC21}
T{00000000-0000-0000-0000-0000001E4DE0}
F{00000000-0000-0000-0000-00000005E3F4}
F{00000000-0000-0000-0000-0000001FB295}
T{00000000-0000-0000-0000-0000000665AD}
T{00000000-0000-0000-0000-00000009D67F}
F{00000000-0000-0000-0000-0000002F9D8A}
T{00000000-0000-0000-0000-0000002D0993}
F{00000000-0000-0000-0000-000000111B70}
T{00000000-0000-0000-0000-00000028C70F}
T{00000000-0000-0000-0000-00000001FB86}
F{00000000-0000-0000-0000-0000000AE447}
F{00000000-0000-0000-0000-000000329E12}
T{00000000-0000-0000-0000-000000007934}
F{00000000-0000-0000-0000-00000016EF7B}
T{00000000-0000-0000-0000-0000001FDBA8}
T{00000000-0000-0000-0000-00000016ADC0}
F{00000000-0000-0000-0000-00000014AC98}
F{00000000-0000-0000-0000-00000019ED05}
T{00000000-0000-0000-0000-0000000811FB}
T{00000000-0000-0000-0000-0000000FE05D}
F{00000000-0000-0000-0000-000000049D0E}
T{00000000-0000-0000-0000-0000000ED312}
T{00000000-0000-0000-0000-000000299934}
F{00000000-0000-0000-0000-000000132504}
T{00000000-0000-0000-0000-00000028C1E1}
F{00000000-0000-0000-0000-0000001C7B17}
T{00000000-0000-0000-0000-0000002F9D8A}
F{00000000-0000-0000-0000-00000019F30D}
F{00000000-0000-0000-0000-000000336480}
F{00000000-0000-0000-0000-000000270476}
F{00000000-0000-0000-0000-00000031720F}
F{00000000-0000-0000-0000-0000002BA75C}
F{00000000-0000-0000-0000-0000002467BF}
T{00000000-0000-0000-0000-00000005ED27}
T{00000000-0000-0000-0000-00000017940F}
T{00000000-0000-0000-0000-000000038CB9}
T{00000000-0000-0000-0000-000000029C3C}
F{00000000-0000-0000-0000-00000019D284}
F{00000000-0000-0000-0000-0000001703E3}
T{00000000-0000-0000-0000-000000191DB0}
F{00000000-0000-0000-0000-00000028C45E}
T{00000000-0000-0000-0000-000000054373}
T{00000000-0000-0000-0000-00000010C11C}
T{00000000-0000-0000-0000-00000000B4E0}
F{00000000-0000-0000-0000-00000004CE31}
T{00000000-0000-0000-0000-000000048DE2}
T{00000000-0000-0000-0000-000000178CCB}
F{00000000-0000-0000-0000-00000021E6D0}
T{00000000-0000-0000-0000-0000002ACD62}
F{00000000-0000-0000-0000-00000018CD3C}
T{00000000-0000-0000-0000-00000016276F}
F{00000000-0000-0000-0000-0000002FBEF4}
T{00000000-0000-0000-0000-000000200ABC}
T{00000000-0000-0000-0000-0000000506BF}
F{00000000-0000-0000-0000-0000000FBE71}
F{00000000-0000-0000-0000-0000001480CF}
T{00000000-0000-0000-0000-0000002F4ABD}
F{00000000-0000-0000-0000-000000146BB2}
F{00000000-0000-0000-0000-0000001C3DC9}
T{00000000-0000-0000-0000-0000000CE301}
F{00000000-0000-0000-0000-000000209B8E}
T{00000000-0000-0000-0000-0000000E4A06}
T{00000000-0000-0000-0000-000000156961}
T{00000000-0000-0000-0000-000000216DE4}
F{00000000-0000-0000-0000-00000006919F}
F{00000000-0000-0000-0000-0000001278AF}
F{00000000-0000-0000-0000-000000108B3B}
F{00000000-0000-0000-0000-0000002691F5}
T{00000000-0000-0000-0000-00000012B2B2}
F{00000000-0000-0000-0000-000000053322}
F{00000000-0000-0000-0000-000000029272}
T{00000000-0000-0000-0000-00000024C2E5}
T{00000000-0000-0000-0000-000000019835}
F{00000000-0000-0000-0000-0000002A9CF7}
T{00000000-0000-0000-0000-0000000EFBD2}
T{00000000-0000-0000-0000-0000002C167F}
F{00000000-0000-0000-0000-00000026AE05}
T{00000000-0000-0000-0000-0000001FA5E4}
T{00000000-0000-0000-0000-0000001C8BC0}
T{00000000-0000-0000-0000-0000000C879D}
T{00000000-0000-0000-0000-00000011331A}
T{00000000-0000-0000-0000-0000002C18D1}
F{00000000-0000-0000-0000-00000001AAB3}
T{00000000-0000-0000-0000-00000001271F}
T{00000000-0000-0000-0000-00000030BE75}
F{00000000-0000-0000-0000-000000137926}
T{00000000-0000-0000-0000-000000098390}
T{00000000-0000-0000-0000-000000146786}
F{00000000-0000-0000-0000-000000178C55}
T{00000000-0000-0000-0000-0000001B520B}
F{00000000-0000-0000-0000-0000000FAF71}
F{00000000-0000-0000-0000-000000265F80}
T{00000000-0000-0000-0000-00000028313B}
F{00000000-0000-0000-0000-000000165C7D}
T{00000000-0000-0000-0000-00000032A5FE}
F{00000000-0000-0000-0000-00000024CCE3}
T{00000000-0000-0000-0000-00000015C0FA}
T{00000000-0000-0000-0000-00000000B981}
T{00000000-0000-0000-0000-0000002ADED6}
F{00000000-0000-0000-0000-0000000DF8B1}
T{00000000-0000-0000-0000-0000001837E2}
T{00000000-0000-0000-0000-000000215FCE}
T{00000000-0000-0000-0000-00000022F04D}
F{00000000-0000-0000-0000-0000002B51DE}
T{00000000-0000-0000-0000-00000029F5E5}
T{00000000-0000-0000-0000-000000333C09}
F{00000000-0000-0000-0000-00000019BEF5}
T{00000000-0000-0000-0000-000000191C5B}
T{00000000-0000-0000-0000-0000000A1BAA}
T{00000000-0000-0000-0000-00000022FEC6}
T{00000000-0000-0000-0000-00000013EB82}
F{00000000-0000-0000-0000-0000000D226D}
F{00000000-0000-0000-0000-00000023F0DF}
T{00000000-0000-0000-0000-0000000E55CB}
T{00000000-0000-0000-0000-000000004F37}
T{00000000-0000-0000-0000-00000000DB3C}
F{00000000-0000-0000-0000-000000177B77}
T{00000000-0000-0000-0000-00000024E76B}
T{00000000-0000-0000-0000-0000002B1A3D}
F{00000000-0000-0000-0000-00000014E04A}
T{00000000-0000-0000-0000-0000001AB478}
F{00000000-0000-0000-0000-00000026A301}
F{00000000-0000-0000-0000-00000007C25E}
F{00000000-0000-0000-0000-000000199ECD}
T{00000000-0000-0000-0000-00000028EF0B}
F{00000000-0000-0000-0000-0000002553EB}
T{00000000-0000-0000-0000-000000259E3F}
F{00000000-0000-0000-0000-00000026AE05}
T{00000000-0000-0000-0000-00000011F82B}
T{00000000-0000-0000-0000-0000000C1C18}
F{00000000-0000-0000-0000-00000014BCF0}
F{00000000-0000-0000-0000-000000314A2B}
T{00000000-0000-0000-0000-00000033E0FB}
F{00000000-0000-0000-0000-0000001C2034}
F{00000000-0000-0000-0000-00000019F78F}
F{00000000-0000-0000-0000-000000222774}
T{00000000-0000-0000-0000-000000281B23}
T{00000000-0000-0000-0000-0000002CCD29}
F{00000000-0000-0000-0000-000000140D32}
T{00000000-0000-0000-0000-0000001A4030}
F{00000000-0000-0000-0000-0000002C4147}
F{00000000-0000-0000-0000-00000006524D}
T{00000000-0000-0000-0000-000000170C73}
T{00000000-0000-0000-0000-000000259D97}
F{00000000-0000-0000-0000-0000001249B2}
F{00000000-0000-0000-0000-00000021B897}
T{00000000-0000-0000-0000-0000002C9077}
T{00000000-0000-0000-0000-000000196ABC}
T{00000000-0000-0000-0000-0000001AAF38}
T{00000000-0000-0000-0000-0000002D40BC}
T{00000000-0000-0000-0000-0000001D836C}
T{00000000-0000-0000-0000-00000006EF8B}
T{00000000-0000-0000-0000-000000032A81}
T{00000000-0000-0000-0000-0000000E6457}
T{00000000-0000-0000-0000-0000002E9EED}
F{00000000-0000-0000-0000-00000020C7D6}
T{00000000-0000-0000-0000-000000290564}
T{00000000-0000-0000-0000-0000000AEE23}
T{00000000-0000-0000-0000-0000001B65DD}
T{00000000-0000-0000-0000-0000000DBCE5}
T{00000000-0000-0000-0000-00000008E332}
F{00000000-0000-0000-0000-00000027D4C7}
T{00000000-0000-0000-0000-000000005C5C}
T{00000000-0000-0000-0000-00000006E5CD}
F{00000000-0000-0000-0000-00000006193F}
T{00000000-0000-0000-0000-000000169FF1}
T{00000000-0000-0000-0000-0000002751AF}
T{00000000-0000-0000-0000-00000018B371}
T{00000000-0000-0000-0000-000000122E7A}
F{00000000-0000-0000-0000-00000003DD12}
F{00000000-0000-0000-0000-000000220995}
T{00000000-0000-0000-0000-00000025B464}
F{00000000-0000-0000-0000-00000028980F}
F{00000000-0000-0000-0000-0000002E0E9F}
T{00000000-0000-0000-0000-0000000E4A06}
F{00000000-0000-0000-0000-00000021F873}
T{00000000-0000-0000-0000-00000031411F}
T{00000000-0000-0000-0000-000000123030}
T{00000000-0000-0000-0000-000000061818}
T{00000000-0000-0000-0000-00000009BBA0}
T{00000000-0000-0000-0000-00000011DFE7}
F{00000000-0000-0000-0000-000000324745}
T{00000000-0000-0000-0000-000000297CCA}
T{00000000-0000-0000-0000-00000010C98E}
T{00000000-0000-0000-0000-0000000BC9F5}
T{00000000-0000-0000-0000-000000135BF7}
T{00000000-0000-0000-0000-00000006DFFB}
T{00000000-0000-0000-0000-000000301D41}
T{00000000-0000-0000-0000-0000002C85DC}
T{00000000-0000-0000-0000-00000029A3FF}
T{00000000-0000-0000-0000-0000002BA30F}
F{00000000-0000-0000-0000-0000000A9334}
T{00000000-0000-0000-0000-0000002DC1E2}
T{00000000-0000-0000-0000-00000006C895}
T{00000000-0000-0000-0000-00000031042E}
F{00000000-0000-0000-0000-0000000A6DE9}
T{00000000-0000-0000-0000-00000023D28B}
T{00000000-0000-0000-0000-0000000F16A3}
T{00000000-0000-0000-0000-00000026D480}
T{00000000-0000-0000-0000-00000026BCC4}
F{00000000-0000-0000-0000-000000282FCE}
T{00000000-0000-0000-0000-0000002B25A6}
F{00000000-0000-0000-0000-0000000114A7}
T{00000000-0000-0000-0000-000000270659}
T{00000000-0000-0000-0000-00000032AFCF}
T{00000000-0000-0000-0000-00000027E6AB}
T{00000000-0000-0000-0000-0000000BADAB}
T{00000000-0000-0000-0000-0000002B9112}
T{00000000-0000-0000-0000-000000335BCA}
T{00000000-0000-0000-0000-0000000402D2}
T{00000000-0000-0000-0000-00000017B691}
T{00000000-0000-0000-0000-000000049ED1}
F{00000000-0000-0000-0000-00000033B3D6}
F{00000000-0000-0000-0000-0000000E6E55}
T{00000000-0000-0000-0000-0000000A854F}
T{00000000-0000-0000-0000-0000000C27A3}
T{00000000-0000-0000-0000-0000002CEE7E}
T{00000000-0000-0000-0000-0000000FBF69}
F{00000000-0000-0000-0000-00000026601E}
T{00000000-0000-0000-0000-0000001C1115}
T{00000000-0000-0000-0000-0000001AB262}
F{00000000-0000-0000-0000-0000001379ED}
T{00000000-0000-0000-0000-0000002CE150}
F{00000000-0000-0000-0000-0000001E3924}
T{00000000-0000-0000-0000-00000007C54C}
F{00000000-0000-0000-0000-00000019F414}
F{00000000-0000-0000-0000-0000002D4795}
T{00000000-0000-0000-0000-00000019ED05}
T{00000000-0000-0000-0000-0000002D0022}
T{00000000-0000-0000-0000-00000009F415}
T{00000000-0000-0000-0000-00000031211F}
T{00000000-0000-0000-0000-00000030D59E}
T{00000000-0000-0000-0000-00000018C2C3}
T{00000000-0000-0000-0000-000000156412}
F{00000000-0000-0000-0000-0000002B494C}
F{00000000-0000-0000-0000-00000024D577}
F{00000000-0000-0000-0000-00000010598A}
F{00000000-0000-0000-0000-0000002D3ED8}
T{00000000-0000-0000-0000-00000025451E}
F{00000000-0000-0000-0000-0000000FB43F}
T{00000000-0000-0000-0000-0000002BFB21}
T{00000000-0000-0000-0000-00000032746C}
T{00000000-0000-0000-0000-00000007C603}
T{00000000-0000-0000-0000-00000000B68C}
T{00000000-0000-0000-0000-00000013EB82}
T{00000000-0000-0000-0000-0000002902FC}
F{00000000-0000-0000-0000-00000009C584}
F{00000000-0000-0000-0000-00000032E859}
T{00000000-0000-0000-0000-0000001ABB7B}
T{00000000-0000-0000-0000-0000001341CE}
F{00000000-0000-0000-0000-00000019B1B2}
T{00000000-0000-0000-0000-0000001A4030}
F{00000000-0000-0000-0000-0000000A5753}
F{00000000-0000-0000-0000-0000002C99F1}
F{00000000-0000-0000-0000-00000006E345}
T{00000000-0000-0000-0000-000000219172}
F{00000000-0000-0000-0000-0000000EFCB1}
T{00000000-0000-0000-0000-0000001841F3}
T{00000000-0000-0000-0000-0000001DA755}
T{00000000-0000-0000-0000-0000002F7E3D}
T{00000000-0000-0000-0000-000000288E61}
F{00000000-0000-0000-0000-0000002A4809}
T{00000000-0000-0000-0000-0000000278BF}
T{00000000-0000-0000-0000-000000098DC1}
F{00000000-0000-0000-0000-00000017358C}
T{00000000-0000-0000-0000-00000001A04A}
F{00000000-0000-0000-0000-00000019EB21}
F{00000000-0000-0000-0000-0000002179E5}
T{00000000-0000-0000-0000-000000153777}
F{00000000-0000-0000-0000-00000016D43B}
T{00000000-0000-0000-0000-0000002EFD08}
F{00000000-0000-0000-0000-0000000BCE16}
T{00000000-0000-0000-0000-0000001FA947}
T{00000000-0000-0000-0000-000000044B81}
T{00000000-0000-0000-0000-00000011E97B}
T{00000000-0000-0000-0000-0000001024E5}
T{00000000-0000-0000-0000-0000000745FA}
F{00000000-0000-0000-0000-0000000D0CBC}
T{00000000-0000-0000-0000-000000033498}
T{00000000-0000-0000-0000-0000002211D5}
F{00000000-0000-0000-0000-0000000EAA83}
T{00000000-0000-0000-0000-0000001AAF38}
F{00000000-0000-0000-0000-00000032FBFC}
T{00000000-0000-0000-0000-00000024C144}
F{00000000-0000-0000-0000-00000019BC13}
T{00000000-0000-0000-0000-000000179984}
T{00000000-0000-0000-0000-000000080D3D}
F{00000000-0000-0000-0000-0000001AF208}
F{00000000-0000-0000-0000-0000001282E8}
F{00000000-0000-0000-0000-000000177868}
F{00000000-0000-0000-0000-0000001672E1}
F{00000000-0000-0000-0000-000000049D0E}
T{00000000-0000-0000-0000-000000312624}
T{00000000-0000-0000-0000-00000021D238}
F{00000000-0000-0000-0000-0000000A3974}
T{00000000-0000-0000-0000-00000011E97B}
F{00000000-0000-0000-0000-000000268E64}
T{00000000-0000-0000-0000-00000010FA68}
F{00000000-0000-0000-0000-00000019EB21}
T{00000000-0000-0000-0000-0000000AAA3F}
F{00000000-0000-0000-0000-0000000D226D}
T{00000000-0000-0000-0000-00000013FE4D}
F{00000000-0000-0000-0000-0000002CDFC9}
T{00000000-0000-0000-0000-00000020076D}
F{00000000-0000-0000-0000-00000025482D}
T{00000000-0000-0000-0000-000000119F4A}
T{00000000-0000-0000-0000-000000299934}
T{00000000-0000-0000-0000-0000000605DC}
T{00000000-0000-0000-0000-000000033697}
T{00000000-0000-0000-0000-0000000F1842}
T{00000000-0000-0000-0000-00000007F1FD}
F{00000000-0000-0000-0000-0000000F07A2}
T{00000000-0000-0000-0000-000000119719}
T{00000000-0000-0000-0000-00000021B897}
F{00000000-0000-0000-0000-0000000D199E}
F{00000000-0000-0000-0000-0000003362C8}
T{00000000-0000-0000-0000-000000014DAB}
F{00000000-0000-0000-0000-0000001D26F3}
T{00000000-0000-0000-0000-0000000120E0}
T{00000000-0000-0000-0000-000000111F8E}
T{00000000-0000-0000-0000-0000002D02F7}
T{00000000-0000-0000-0000-00000001BBF4}
F{00000000-0000-0000-0000-000000282FCE}
F{00000000-0000-0000-0000-000000333EB0}
T{00000000-0000-0000-0000-000000302B2D}
T{00000000-0000-0000-0000-00000000583D}
T{00000000-0000-0000-0000-000000145F32}
T{00000000-0000-0000-0000-0000001676A2}
T{00000000-0000-0000-0000-00000021C014}
T{00000000-0000-0000-0000-0000000CA14E}
F{00000000-0000-0000-0000-0000002A02EE}
F{00000000-0000-0000-0000-000000331358}
T{00000000-0000-0000-0000-000000083454}
F{00000000-0000-0000-0000-0000001323D1}
T{00000000-0000-0000-0000-0000003086A0}
T{00000000-0000-0000-0000-000000264B34}
F{00000000-0000-0000-0000-0000002D8355}
T{00000000-0000-0000-0000-000000032390}
T{00000000-0000-0000-0000-0000001DCF7D}
F{00000000-0000-0000-0000-0000002122E5}
T{00000000-0000-0000-0000-0000002B6478}
T{00000000-0000-0000-0000-000000047387}
T{00000000-0000-0000-0000-000000106266}
T{00000000-0000-0000-0000-0000001D9DB3}
T{00000000-0000-0000-0000-000000335C2A}
T{00000000-0000-0000-0000-00000013EB82}
F{00000000-0000-0000-0000-00000016E14D}
F{00000000-0000-0000-0000-00000005DB9D}
T{00000000-0000-0000-0000-0000000F92E6}
T{00000000-0000-0000-0000-000000335229}
F{00000000-0000-0000-0000-0000000B1E17}
T{00000000-0000-0000-0000-00000007563C}
T{00000000-0000-0000-0000-0000003080F1}
F{00000000-0000-0000-0000-00000009F26B}
F{00000000-0000-0000-0000-00000015BF2E}
T{00000000-0000-0000-0000-000000155819}
F{00000000-0000-0000-0000-000000010A7C}
T{00000000-0000-0000-0000-00000024C09B}
F{00000000-0000-0000-0000-000000199ECD}
T{00000000-0000-0000-0000-0000003233D9}
F{00000000-0000-0000-0000-000000077309}
T{00000000-0000-0000-0000-000000234B41}
F{00000000-0000-0000-0000-00000024D577}
T{00000000-0000-0000-0000-000000021EB8}
F{00000000-0000-0000-0000-000000304FF3}
T{00000000-0000-0000-0000-0000000F9D10}
T{00000000-0000-0000-0000-00000015A7C6}
T{00000000-0000-0000-0000-0000002861E4}
F{00000000-0000-0000-0000-0000002FF8E1}
F{00000000-0000-0000-0000-000000275A4F}
T{00000000-0000-0000-0000-00000008F05A}
F{00000000-0000-0000-0000-0000003148A3}
T{00000000-0000-0000-0000-0000000A17A4}
T{00000000-0000-0000-0000-0000001D0B46}
T{00000000-0000-0000-0000-0000002F0451}
F{00000000-0000-0000-0000-00000026F31D}
T{00000000-0000-0000-0000-000000180941}
F{00000000-0000-0000-0000-0000000EFCB1}
F{00000000-0000-0000-0000-00000032BB6B}
F{00000000-0000-0000-0000-00000006923C}
T{00000000-0000-0000-0000-0000001EF83E}
T{00000000-0000-0000-0000-0000000E47F1}
F{00000000-0000-0000-0000-0000002C69FD}
F{00000000-0000-0000-0000-0000002C4B21}
T{00000000-0000-0000-0000-000000138E8B}
F{00000000-0000-0000-0000-0000002C6153}
T{00000000-0000-0000-0000-00000026D8E3}
F{00000000-0000-0000-0000-0000001D30D6}
F{00000000-0000-0000-0000-0000001379ED}
F{00000000-0000-0000-0000-0000000EC5C1}
T{00000000-0000-0000-0000-00000009CB8B}
T{00000000-0000-0000-0000-00000026928C}
T{00000000-0000-0000-0000-0000000F063E}
F{00000000-0000-0000-0000-0000000A8C33}
T{00000000-0000-0000-0000-00000025396E}
F{00000000-0000-0000-0000-0000002B9ADC}
T{00000000-0000-0000-0000-00000030EF01}
F{00000000-0000-0000-0000-0000000ABEEA}
T{00000000-0000-0000-0000-000000206540}
T{00000000-0000-0000-0000-00000024C2E5}
T{00000000-0000-0000-0000-0000002C1AFE}
T{00000000-0000-0000-0000-0000001BF328}
F{00000000-0000-0000-0000-0000003150EC}
F{00000000-0000-0000-0000-000000051894}
F{00000000-0000-0000-0000-00000031F0E6}
T{00000000-0000-0000-0000-000000270659}
F{00000000-0000-0000-0000-0000000D3A09}
F{00000000-0000-0000-0000-0000002467BF}
T{00000000-0000-0000-0000-0000002A4BC3}
T{00000000-0000-0000-0000-00000011D496}
T{00000000-0000-0000-0000-0000000EBF6D}
T{00000000-0000-0000-0000-000000126161}
F{00000000-0000-0000-0000-00000022FB1D}
T{00000000-0000-0000-0000-00000008AB1F}
F{00000000-0000-0000-0000-0000001BA8D0}
T{00000000-0000-0000-0000-0000000FD67C}
F{00000000-0000-0000-0000-0000002B7A74}
F{00000000-0000-0000-0000-00000033C0DE}
T{00000000-0000-0000-0000-0000002C132A}
T{00000000-0000-0000-0000-000000103CF4}
T{00000000-0000-0000-0000-0000002A48F5}
F{00000000-0000-0000-0000-00000033B3D6}
T{00000000-0000-0000-0000-000000166870}
F{00000000-0000-0000-0000-0000001021AA}
F{00000000-0000-0000-0000-00000021E6D0}
F{00000000-0000-0000-0000-000000147165}
F{00000000-0000-0000-0000-0000002494C3}
T{00000000-0000-0000-0000-0000001F2BCD}
T{00000000-0000-0000-0000-00000013B3CF}
T{00000000-0000-0000-0000-000000179984}
T{00000000-0000-0000-0000-00000005EA80}
T{00000000-0000-0000-0000-000000118143}
T{00000000-0000-0000-0000-0000001204AC}
F{00000000-0000-0000-0000-0000001AF5B8}
T{00000000-0000-0000-0000-00000007C102}
T{00000000-0000-0000-0000-0000002BE19E}
T{00000000-0000-0000-0000-0000000B8F76}
F{00000000-0000-0000-0000-00000029C08B}
T{00000000-0000-0000-0000-000000298E29}
F{00000000-0000-0000-0000-0000002C4B21}
T{00000000-0000-0000-0000-000000200778}
T{00000000-0000-0000-0000-00000016B4C3}
F{00000000-0000-0000-0000-0000000EB1C4}
F{00000000-0000-0000-0000-0000000BD989}
F{00000000-0000-0000-0000-0000000DA5C4}
T{00000000-0000-0000-0000-0000001E30D2}
F{00000000-0000-0000-0000-0000000782BC}
T{00000000-0000-0000-0000-000000178CCB}
T{00000000-0000-0000-0000-000000059444}
T{00000000-0000-0000-0000-0000002480A3}
F{00000000-0000-0000-0000-0000002CDE61}
T{00000000-0000-0000-0000-000000202767}
T{00000000-0000-0000-0000-00000022E1A7}
F{00000000-0000-0000-0000-000000254816}
T{00000000-0000-0000-0000-0000002205A3}
T{00000000-0000-0000-0000-00000023DCAB}
T{00000000-0000-0000-0000-00000021DCD3}
T{00000000-0000-0000-0000-0000000C98F9}
F{00000000-0000-0000-0000-000000172673}
T{00000000-0000-0000-0000-000000007962}
T{00000000-0000-0000-0000-0000000FB32B}
T{00000000-0000-0000-0000-000000202BD3}
T{00000000-0000-0000-0000-000000265352}
T{00000000-0000-0000-0000-000000224301}
T{00000000-0000-0000-0000-000000106A56}
T{00000000-0000-0000-0000-00000029B805}
T{00000000-0000-0000-0000-00000014E7E7}
T{00000000-0000-0000-0000-00000012E6A2}
T{00000000-0000-0000-0000-00000005F722}
F{00000000-0000-0000-0000-0000000A6DE9}
T{00000000-0000-0000-0000-00000024C09B}
T{00000000-0000-0000-0000-0000002ADED6}
F{00000000-0000-0000-0000-00000024D328}
F{00000000-0000-0000-0000-0000000A3CCC}
T{00000000-0000-0000-0000-0000000BABDA}
F{00000000-0000-0000-0000-00000017358C}
T{00000000-0000-0000-0000-00000027D6CB}
T{00000000-0000-0000-0000-000000240013}
T{00000000-0000-0000-0000-000000253ACD}
T{00000000-0000-0000-0000-00000013181A}
T{00000000-0000-0000-0000-0000002BDE07}
T{00000000-0000-0000-0000-00000025E244}
F{00000000-0000-0000-0000-0000000D9F5F}
T{00000000-0000-0000-0000-000000005759}
T{00000000-0000-0000-0000-0000001F9935}
T{00000000-0000-0000-0000-0000001DC511}
T{00000000-0000-0000-0000-0000000594F5}
F{00000000-0000-0000-0000-0000000310A3}
T{00000000-0000-0000-0000-0000000E2008}
F{00000000-0000-0000-0000-0000002E16B1}
T{00000000-0000-0000-0000-00000008B735}
F{00000000-0000-0000-0000-0000000ADF8A}
T{00000000-0000-0000-0000-0000001D50D9}
F{00000000-0000-0000-0000-000000265F80}
F{00000000-0000-0000-0000-00000008AA1A}
T{00000000-0000-0000-0000-00000016A6B0}
T{00000000-0000-0000-0000-00000028B011}
F{00000000-0000-0000-0000-0000002A3408}
T{00000000-0000-0000-0000-0000003372DD}
T{00000000-0000-0000-0000-000000060D38}
T{00000000-0000-0000-0000-00000011659A}
T{00000000-0000-0000-0000-00000010F58D}
T{00000000-0000-0000-0000-000000036272}
F{00000000-0000-0000-0000-0000002946BB}
F{00000000-0000-0000-0000-00000013C356}
F{00000000-0000-0000-0000-0000000BE0B1}
T{00000000-0000-0000-0000-00000029F9BB}
F{00000000-0000-0000-0000-00000010F40D}
T{00000000-0000-0000-0000-00000021C57A}
T{00000000-0000-0000-0000-0000000DFAF5}
T{00000000-0000-0000-0000-00000007D743}
F{00000000-0000-0000-0000-000000273493}
F{00000000-0000-0000-0000-000000223AC8}
T{00000000-0000-0000-0000-0000002BDCEA}
T{00000000-0000-0000-0000-0000000413C0}
T{00000000-0000-0000-0000-0000001D5827}
T{00000000-0000-0000-0000-0000001AB262}
T{00000000-0000-0000-0000-00000001A038}
F{00000000-0000-0000-0000-0000003032D8}
T{00000000-0000-0000-0000-0000001A5518}
F{00000000-0000-0000-0000-0000002B7A74}
T{00000000-0000-0000-0000-000000144EA0}
T{00000000-0000-0000-0000-0000000F167E}
T{00000000-0000-0000-0000-00000003457B}
F{00000000-0000-0000-0000-0000002361B7}
F{00000000-0000-0000-0000-00000025D7DD}
T{00000000-0000-0000-0000-0000002EDDCB}
T{00000000-0000-0000-0000-0000002C8BEF}
F{00000000-0000-0000-0000-0000000F705B}
T{00000000-0000-0000-0000-000000244D19}
T{00000000-0000-0000-0000-00000000BFB9}
T{00000000-0000-0000-0000-000000100F68}
T{00000000-0000-0000-0000-0000002ACD62}
F{00000000-0000-0000-0000-0000000FBC1B}
T{00000000-0000-0000-0000-0000001AC280}
F{00000000-0000-0000-0000-000000254816}
F{00000000-0000-0000-0000-0000000C435F}
T{00000000-0000-0000-0000-0000001A143C}
T{00000000-0000-0000-0000-0000001363C8}
T{00000000-0000-0000-0000-00000031FF23}
F{00000000-0000-0000-0000-0000001691CB}
F{00000000-0000-0000-0000-0000000A3D45}
T{00000000-0000-0000-0000-0000001713CD}
F{00000000-0000-0000-0000-0000000C29E6}
T{00000000-0000-0000-0000-00000015C0FA}
F{00000000-0000-0000-0000-00000026474E}
F{00000000-0000-0000-0000-0000001A8B13}
T{00000000-0000-0000-0000-00000022712E}
F{00000000-0000-0000-0000-000000073239}
F{00000000-0000-0000-0000-000000109228}
T{00000000-0000-0000-0000-0000000DAA4F}
T{00000000-0000-0000-0000-0000000EBF05}
T{00000000-0000-0000-0000-0000000917E0}
F{00000000-0000-0000-0000-0000001D3CD0}
F{00000000-0000-0000-0000-000000065030}
F{00000000-0000-0000-0000-0000001D500E}
T{00000000-0000-0000-0000-000000332BAE}
F{00000000-0000-0000-0000-000000171D96}
