T{00000000-0000-0000-0000-00000016EF73}
T{00000000-0000-0000-0000-00000021D4F3}
T{00000000-0000-0000-0000-0000000F9D31}
T{00000000-0000-0000-0000-0000000982BB}
T{00000000-0000-0000-0000-000000097699}
F{00000000-0000-0000-0000-0000000A7628}
F{00000000-0000-0000-0000-000000096F27}
T{00000000-0000-0000-0000-0000002E0F9F}
T{00000000-0000-0000-0000-000000096D7F}
T{00000000-0000-0000-0000-0000000964BD}
F{00000000-0000-0000-0000-00000022F9B8}
T{00000000-0000-0000-0000-000000096470}
T{00000000-0000-0000-0000-00000009E6FA}
T{00000000-0000-0000-0000-0000000C0AE0}
F{00000000-0000-0000-0000-0000000953A0}
F{00000000-0000-0000-0000-0000000ED1CA}
T{00000000-0000-0000-0000-00000012B193}
T{00000000-0000-0000-0000-0000001171C0}
T{00000000-0000-0000-0000-0000000CBC5A}
F{00000000-0000-0000-0000-00000027BF78}
T{00000000-0000-0000-0000-00000015B5F2}
T{00000000-0000-0000-0000-000000091C36}
T{00000000-0000-0000-0000-0000001C5FFE}
F{00000000-0000-0000-0000-000000128932}
T{00000000-0000-0000-0000-0000000917E9}
F{00000000-0000-0000-0000-00000008E1A8}
T{00000000-0000-0000-0000-0000000BFB25}
T{00000000-0000-0000-0000-00000008C61B}
T{00000000-0000-0000-0000-00000030C798}
F{00000000-0000-0000-0000-0000000F6E0A}
T{00000000-0000-0000-0000-00000008A962}
T{00000000-0000-0000-0000-0000000E76FF}
T{00000000-0000-0000-0000-00000008945C}
F{00000000-0000-0000-0000-0000000C6CB4}
T{00000000-0000-0000-0000-000000084360}
F{00000000-0000-0000-0000-0000000816AF}
F{00000000-0000-0000-0000-0000000A7716}
T{00000000-0000-0000-0000-0000000FA26B}
F{00000000-0000-0000-0000-0000002BCF2E}
F{00000000-0000-0000-0000-0000000B1916}
T{00000000-0000-0000-0000-00000007E169}
T{00000000-0000-0000-0000-00000009B5EF}
T{00000000-0000-0000-0000-00000009E1BD}
T{00000000-0000-0000-0000-0000000DB941}
T{00000000-0000-0000-0000-0000000FAA12}
T{00000000-0000-0000-0000-0000000C70C2}
T{00000000-0000-0000-0000-00000007D8D9}
T{00000000-0000-0000-0000-00000007BFFC}
T{00000000-0000-0000-0000-000000108FAF}
T{00000000-0000-0000-0000-000000078C7B}
T{00000000-0000-0000-0000-000000167516}
T{00000000-0000-0000-0000-0000000751DF}
T{00000000-0000-0000-0000-0000002999CD}
T{00000000-0000-0000-0000-0000000C3F5A}
T{00000000-0000-0000-0000-000000284842}
T{00000000-0000-0000-0000-000000251942}
T{00000000-0000-0000-0000-00000013078E}
T{00000000-0000-0000-0000-0000000E2183}
T{00000000-0000-0000-0000-0000002203C2}
T{00000000-0000-0000-0000-0000000704F6}
T{00000000-0000-0000-0000-000000260E71}
T{00000000-0000-0000-0000-0000002E6557}
T{00000000-0000-0000-0000-000000170C39}
T{00000000-0000-0000-0000-0000002998DD}
T{00000000-0000-0000-0000-00000030EB33}
T{00000000-0000-0000-0000-000000077123}
T{00000000-0000-0000-0000-00000009DB7E}
T{00000000-0000-0000-0000-0000000EBD37}
F{00000000-0000-0000-0000-0000002977C2}
T{00000000-0000-0000-0000-0000000D0E55}
F{00000000-0000-0000-0000-000000065858}
F{00000000-0000-0000-0000-000000164F6F}
F{00000000-0000-0000-0000-0000000A0913}
T{00000000-0000-0000-0000-0000000E10E2}
T{00000000-0000-0000-0000-00000006A340}
T{00000000-0000-0000-0000-000000202AA1}
T{00000000-0000-0000-0000-000000213579}
F{00000000-0000-0000-0000-000000181235}
F{00000000-0000-0000-0000-000000062309}
T{00000000-0000-0000-0000-000000061CA1}
T{00000000-0000-0000-0000-000000198C66}
F{00000000-0000-0000-0000-000000159F8A}
F{00000000-0000-0000-0000-0000002B20EF}
T{00000000-0000-0000-0000-000000313FDF}
T{00000000-0000-0000-0000-00000024BF7A}
F{00000000-0000-0000-0000-0000002E9CBC}
T{00000000-0000-0000-0000-0000001174B7}
T{00000000-0000-0000-0000-0000002D65F5}
T{00000000-0000-0000-0000-00000005ED38}
F{00000000-0000-0000-0000-00000031ED05}
T{00000000-0000-0000-0000-000000268175}
T{00000000-0000-0000-0000-0000000804CA}
T{00000000-0000-0000-0000-0000001EB17F}
T{00000000-0000-0000-0000-0000001E918D}
T{00000000-0000-0000-0000-00000006D777}
T{00000000-0000-0000-0000-00000026C1A9}
T{00000000-0000-0000-0000-00000013F17D}
T{00000000-0000-0000-0000-00000008C511}
T{00000000-0000-0000-0000-000000102549}
F{00000000-0000-0000-0000-0000000A9687}
F{00000000-0000-0000-0000-0000002D3ED8}
T{00000000-0000-0000-0000-0000000D2039}
F{00000000-0000-0000-0000-000000324F12}
T{00000000-0000-0000-0000-0000000FDB9E}
F{00000000-0000-0000-0000-000000320C89}
F{00000000-0000-0000-0000-0000002088CF}
T{00000000-0000-0000-0000-000000269292}
F{00000000-0000-0000-0000-00000005250C}
F{00000000-0000-0000-0000-0000002AA866}
T{00000000-0000-0000-0000-000000238E15}
T{00000000-0000-0000-0000-00000018B7E4}
T{00000000-0000-0000-0000-000000038CB9}
F{00000000-0000-0000-0000-0000001986D9}
T{00000000-0000-0000-0000-00000009551A}
T{00000000-0000-0000-0000-00000025FA54}
F{00000000-0000-0000-0000-0000001746B7}
F{00000000-0000-0000-0000-00000006193F}
T{00000000-0000-0000-0000-000000010D41}
T{00000000-0000-0000-0000-0000002553EB}
T{00000000-0000-0000-0000-00000002D9EA}
T{00000000-0000-0000-0000-0000003069FA}
T{00000000-0000-0000-0000-000000244AD3}
F{00000000-0000-0000-0000-00000020D2B2}
T{00000000-0000-0000-0000-00000023BB1D}
T{00000000-0000-0000-0000-00000023C700}
F{00000000-0000-0000-0000-000000273331}
T{00000000-0000-0000-0000-0000001C666C}
T{00000000-0000-0000-0000-00000013D4E6}
T{00000000-0000-0000-0000-00000014E349}
T{00000000-0000-0000-0000-0000000C9242}
T{00000000-0000-0000-0000-00000002AAB8}
T{00000000-0000-0000-0000-00000004976E}
T{00000000-0000-0000-0000-0000002D609F}
T{00000000-0000-0000-0000-0000000FDD08}
F{00000000-0000-0000-0000-0000002AD098}
T{00000000-0000-0000-0000-00000026B8E3}
F{00000000-0000-0000-0000-0000000928C2}
F{00000000-0000-0000-0000-000000267BC2}
T{00000000-0000-0000-0000-000000089818}
T{00000000-0000-0000-0000-00000030C362}
T{00000000-0000-0000-0000-0000003134FD}
F{00000000-0000-0000-0000-0000002BB56B}
F{00000000-0000-0000-0000-000000090B1E}
F{00000000-0000-0000-0000-0000002EE98E}
F{00000000-0000-0000-0000-000000019910}
T{00000000-0000-0000-0000-000000299425}
F{00000000-0000-0000-0000-00000011D6C2}
F{00000000-0000-0000-0000-000000245C0C}
F{00000000-0000-0000-0000-0000000B3CBA}
T{00000000-0000-0000-0000-00000032CD2B}
T{00000000-0000-0000-0000-000000236411}
T{00000000-0000-0000-0000-000000325701}
T{00000000-0000-0000-0000-00000007A97A}
T{00000000-0000-0000-0000-0000000C3F5A}
F{00000000-0000-0000-0000-00000002A54C}
F{00000000-0000-0000-0000-000000113C06}
T{00000000-0000-0000-0000-0000001744F6}
T{00000000-0000-0000-0000-0000000D2613}
F{00000000-0000-0000-0000-00000009E1AA}
T{00000000-0000-0000-0000-0000002E3A18}
T{00000000-0000-0000-0000-00000002A54C}
T{00000000-0000-0000-0000-0000000FA8D5}
F{00000000-0000-0000-0000-00000029C08B}
T{00000000-0000-0000-0000-0000000AC34F}
T{00000000-0000-0000-0000-000000269616}
T{00000000-0000-0000-0000-0000002EFD08}
F{00000000-0000-0000-0000-00000017BAF8}
F{00000000-0000-0000-0000-000000128932}
F{00000000-0000-0000-0000-00000012AF34}
T{00000000-0000-0000-0000-0000002B42AB}
F{00000000-0000-0000-0000-0000001672E1}
T{00000000-0000-0000-0000-0000001DBA67}
T{00000000-0000-0000-0000-000000200AAE}
T{00000000-0000-0000-0000-00000021E310}
F{00000000-0000-0000-0000-0000001C43DD}
T{00000000-0000-0000-0000-00000022E947}
T{00000000-0000-0000-0000-0000000CF417}
T{00000000-0000-0000-0000-00000016E1D9}
T{00000000-0000-0000-0000-0000002FBB20}
T{00000000-0000-0000-0000-0000000413C0}
T{00000000-0000-0000-0000-0000002AD8E4}
T{00000000-0000-0000-0000-0000002FE1A5}
T{00000000-0000-0000-0000-00000027ED77}
F{00000000-0000-0000-0000-0000001B3DCD}
F{00000000-0000-0000-0000-0000002536E9}
F{00000000-0000-0000-0000-000000046E22}
F{00000000-0000-0000-0000-0000002AD098}
T{00000000-0000-0000-0000-00000014BE69}
T{00000000-0000-0000-0000-0000001C8E42}
T{00000000-0000-0000-0000-0000001F98D9}
T{00000000-0000-0000-0000-0000002B18A4}
T{00000000-0000-0000-0000-00000011A9C4}
F{00000000-0000-0000-0000-000000184B97}
T{00000000-0000-0000-0000-0000001480CF}
F{00000000-0000-0000-0000-00000016D43B}
F{00000000-0000-0000-0000-0000000A0871}
F{00000000-0000-0000-0000-000000177B49}
T{00000000-0000-0000-0000-0000003110A0}
T{00000000-0000-0000-0000-0000002E1A4D}
T{00000000-0000-0000-0000-00000006007B}
T{00000000-0000-0000-0000-0000002ADBEC}
F{00000000-0000-0000-0000-00000021868E}
F{00000000-0000-0000-0000-000000270E01}
F{00000000-0000-0000-0000-000000113245}
T{00000000-0000-0000-0000-0000002FD32B}
T{00000000-0000-0000-0000-0000002FBC82}
T{00000000-0000-0000-0000-00000018CC15}
T{00000000-0000-0000-0000-00000022C044}
T{00000000-0000-0000-0000-0000000515FA}
F{00000000-0000-0000-0000-000000113245}
F{00000000-0000-0000-0000-0000001FFE57}
F{00000000-0000-0000-0000-000000030FAE}
T{00000000-0000-0000-0000-0000000D0E55}
T{00000000-0000-0000-0000-00000000DB3C}
T{00000000-0000-0000-0000-000000213B13}
T{00000000-0000-0000-0000-000000146195}
F{00000000-0000-0000-0000-0000001A177D}
F{00000000-0000-0000-0000-0000002D1103}
T{00000000-0000-0000-0000-00000028AD24}
F{00000000-0000-0000-0000-0000002C99F1}
T{00000000-0000-0000-0000-0000002A9841}
T{00000000-0000-0000-0000-00000023DA6C}
T{00000000-0000-0000-0000-000000254683}
T{00000000-0000-0000-0000-0000001C7ADD}
F{00000000-0000-0000-0000-00000020CF55}
T{00000000-0000-0000-0000-00000007CA58}
F{00000000-0000-0000-0000-000000023E71}
F{00000000-0000-0000-0000-000000110D6E}
F{00000000-0000-0000-0000-00000020CF55}
T{00000000-0000-0000-0000-00000000E734}
F{00000000-0000-0000-0000-000000119C07}
T{00000000-0000-0000-0000-00000023DAE9}
T{00000000-0000-0000-0000-00000016D726}
T{00000000-0000-0000-0000-00000008C511}
F{00000000-0000-0000-0000-000000231277}
F{00000000-0000-0000-0000-00000001E845}
T{00000000-0000-0000-0000-00000015A245}
F{00000000-0000-0000-0000-000000270DC9}
T{00000000-0000-0000-0000-0000002D64C3}
T{00000000-0000-0000-0000-00000019D2DF}
F{00000000-0000-0000-0000-00000032B96F}
T{00000000-0000-0000-0000-0000000CE18C}
F{00000000-0000-0000-0000-0000002225A2}
F{00000000-0000-0000-0000-0000000657F1}
F{00000000-0000-0000-0000-0000002897F9}
T{00000000-0000-0000-0000-0000002F4C88}
T{00000000-0000-0000-0000-00000032CD2B}
F{00000000-0000-0000-0000-0000002A9640}
T{00000000-0000-0000-0000-000000006FB6}
T{00000000-0000-0000-0000-000000043346}
T{00000000-0000-0000-0000-000000060D38}
T{00000000-0000-0000-0000-000000176874}
T{00000000-0000-0000-0000-0000001EEB68}
F{00000000-0000-0000-0000-00000005814E}
T{00000000-0000-0000-0000-00000029F7D6}
F{00000000-0000-0000-0000-00000026432D}
T{00000000-0000-0000-0000-00000015621C}
T{00000000-0000-0000-0000-000000198A61}
T{00000000-0000-0000-0000-000000292142}
F{00000000-0000-0000-0000-0000001A4EC5}
T{00000000-0000-0000-0000-0000002088FF}
F{00000000-0000-0000-0000-000000270CC6}
T{00000000-0000-0000-0000-00000015C89F}
T{00000000-0000-0000-0000-0000001EA743}
F{00000000-0000-0000-0000-0000000F6FF2}
T{00000000-0000-0000-0000-000000152F2F}
T{00000000-0000-0000-0000-000000318CBC}
T{00000000-0000-0000-0000-0000000E76FF}
T{00000000-0000-0000-0000-000000222415}
F{00000000-0000-0000-0000-0000002D479F}
T{00000000-0000-0000-0000-000000153085}
T{00000000-0000-0000-0000-0000000D66A3}
T{00000000-0000-0000-0000-0000000E5E8A}
T{00000000-0000-0000-0000-00000026C135}
F{00000000-0000-0000-0000-000000263C74}
T{00000000-0000-0000-0000-0000000CBC5A}
T{00000000-0000-0000-0000-00000030C362}
T{00000000-0000-0000-0000-000000010AAA}
T{00000000-0000-0000-0000-000000257ED2}
F{00000000-0000-0000-0000-000000245F5D}
F{00000000-0000-0000-0000-000000267D6D}
T{00000000-0000-0000-0000-000000238AC5}
T{00000000-0000-0000-0000-00000020AB9B}
T{00000000-0000-0000-0000-00000009F213}
T{00000000-0000-0000-0000-0000000D0E55}
T{00000000-0000-0000-0000-0000000F169B}
T{00000000-0000-0000-0000-0000002F83F5}
T{00000000-0000-0000-0000-0000000BF856}
T{00000000-0000-0000-0000-000000134930}
F{00000000-0000-0000-0000-0000000C0A21}
F{00000000-0000-0000-0000-0000002337D8}
F{00000000-0000-0000-0000-0000000C439B}
F{00000000-0000-0000-0000-0000000EFCD0}
T{00000000-0000-0000-0000-000000135494}
T{00000000-0000-0000-0000-0000000101CA}
T{00000000-0000-0000-0000-00000013C018}
T{00000000-0000-0000-0000-0000000CEF83}
F{00000000-0000-0000-0000-0000001CF128}
T{00000000-0000-0000-0000-000000213A88}
F{00000000-0000-0000-0000-000000073239}
F{00000000-0000-0000-0000-00000013FACD}
T{00000000-0000-0000-0000-0000001592B6}
T{00000000-0000-0000-0000-0000001DDA57}
T{00000000-0000-0000-0000-000000011BFD}
T{00000000-0000-0000-0000-00000022B6B6}
T{00000000-0000-0000-0000-0000000BAA3C}
T{00000000-0000-0000-0000-0000000A9994}
F{00000000-0000-0000-0000-000000176A5C}
T{00000000-0000-0000-0000-000000156985}
T{00000000-0000-0000-0000-00000029AD9D}
F{00000000-0000-0000-0000-00000011BF80}
F{00000000-0000-0000-0000-0000001894F4}
T{00000000-0000-0000-0000-0000001491E0}
T{00000000-0000-0000-0000-00000030DC3A}
T{00000000-0000-0000-0000-000000238AC5}
T{00000000-0000-0000-0000-000000309BAE}
F{00000000-0000-0000-0000-000000165C7D}
F{00000000-0000-0000-0000-0000000A3D45}
F{00000000-0000-0000-0000-000000098503}
T{00000000-0000-0000-0000-000000330023}
F{00000000-0000-0000-0000-0000002471BA}
T{00000000-0000-0000-0000-0000000B9A00}
F{00000000-0000-0000-0000-000000303C41}
T{00000000-0000-0000-0000-0000002FE1A5}
T{00000000-0000-0000-0000-0000000C9242}
T{00000000-0000-0000-0000-00000011D39D}
F{00000000-0000-0000-0000-000000060E54}
T{00000000-0000-0000-0000-0000000D1A2C}
T{00000000-0000-0000-0000-00000007E00A}
T{00000000-0000-0000-0000-0000002A1E41}
T{00000000-0000-0000-0000-0000002A2688}
T{00000000-0000-0000-0000-000000245EB4}
T{00000000-0000-0000-0000-00000025FF03}
F{00000000-0000-0000-0000-0000002F0787}
F{00000000-0000-0000-0000-0000002FB5A8}
T{00000000-0000-0000-0000-000000265F80}
T{00000000-0000-0000-0000-0000000C1E73}
F{00000000-0000-0000-0000-00000023D05D}
T{00000000-0000-0000-0000-00000031A727}
T{00000000-0000-0000-0000-00000009B5EF}
T{00000000-0000-0000-0000-00000029C6E0}
T{00000000-0000-0000-0000-0000002E21D7}
F{00000000-0000-0000-0000-0000002C4FBE}
T{00000000-0000-0000-0000-000000249080}
T{00000000-0000-0000-0000-0000000667EE}
T{00000000-0000-0000-0000-000000333365}
F{00000000-0000-0000-0000-0000002468FF}
F{00000000-0000-0000-0000-00000007E00A}
F{00000000-0000-0000-0000-0000000CB200}
T{00000000-0000-0000-0000-0000000EE373}
T{00000000-0000-0000-0000-000000007938}
T{00000000-0000-0000-0000-000000208B0E}
T{00000000-0000-0000-0000-0000000F5AF9}
T{00000000-0000-0000-0000-000000011409}
F{00000000-0000-0000-0000-0000000114A7}
T{00000000-0000-0000-0000-000000073E44}
T{00000000-0000-0000-0000-000000089BE8}
T{00000000-0000-0000-0000-0000000FBAFA}
F{00000000-0000-0000-0000-00000014DCEA}
T{00000000-0000-0000-0000-000000106D7C}
F{00000000-0000-0000-0000-0000001055DF}
T{00000000-0000-0000-0000-00000026B62B}
F{00000000-0000-0000-0000-000000055656}
T{00000000-0000-0000-0000-000000152BA5}
F{00000000-0000-0000-0000-000000230FED}
T{00000000-0000-0000-0000-000000298C1E}
T{00000000-0000-0000-0000-0000002A74E0}
T{00000000-0000-0000-0000-0000002089E6}
T{00000000-0000-0000-0000-000000014A1C}
F{00000000-0000-0000-0000-000000099302}
F{00000000-0000-0000-0000-0000001FD913}
F{00000000-0000-0000-0000-00000011FA5C}
F{00000000-0000-0000-0000-00000014D038}
F{00000000-0000-0000-0000-0000002B494C}
F{00000000-0000-0000-0000-0000000FBBC4}
T{00000000-0000-0000-0000-0000001A63ED}
F{00000000-0000-0000-0000-0000002B10DC}
F{00000000-0000-0000-0000-00000015BF2E}
T{00000000-0000-0000-0000-000000244AD3}
T{00000000-0000-0000-0000-00000031AEB2}
F{00000000-0000-0000-0000-0000002AF48E}
T{00000000-0000-0000-0000-0000000CD9B2}
F{00000000-0000-0000-0000-000000062B7E}
T{00000000-0000-0000-0000-00000025D2A9}
F{00000000-0000-0000-0000-000000264311}
T{00000000-0000-0000-0000-0000002FF4A5}
F{00000000-0000-0000-0000-0000000F7D09}
F{00000000-0000-0000-0000-0000002D461D}
F{00000000-0000-0000-0000-000000270882}
T{00000000-0000-0000-0000-000000031362}
T{00000000-0000-0000-0000-0000000FD50F}
F{00000000-0000-0000-0000-0000000FD4D9}
T{00000000-0000-0000-0000-0000002499A6}
F{00000000-0000-0000-0000-0000000CF7FF}
T{00000000-0000-0000-0000-0000000C98F9}
T{00000000-0000-0000-0000-00000001A16F}
F{00000000-0000-0000-0000-00000033A574}
F{00000000-0000-0000-0000-0000002D4F1C}
T{00000000-0000-0000-0000-00000026BB52}
F{00000000-0000-0000-0000-00000031E8A8}
T{00000000-0000-0000-0000-000000225A5F}
F{00000000-0000-0000-0000-000000243AA3}
T{00000000-0000-0000-0000-000000311155}
T{00000000-0000-0000-0000-0000000CE303}
F{00000000-0000-0000-0000-00000017BAFF}
F{00000000-0000-0000-0000-00000027D63F}
T{00000000-0000-0000-0000-0000002A0704}
T{00000000-0000-0000-0000-000000148E09}
T{00000000-0000-0000-0000-000000111BB4}
T{00000000-0000-0000-0000-0000002E262E}
F{00000000-0000-0000-0000-0000003171C7}
F{00000000-0000-0000-0000-0000000D0DDB}
F{00000000-0000-0000-0000-0000002CE1D9}
T{00000000-0000-0000-0000-0000000BAE5B}
T{00000000-0000-0000-0000-0000002D041D}
F{00000000-0000-0000-0000-00000009551A}
T{00000000-0000-0000-0000-0000000A367D}
T{00000000-0000-0000-0000-000000249080}
T{00000000-0000-0000-0000-000000301FD1}
F{00000000-0000-0000-0000-00000020548C}
T{00000000-0000-0000-0000-0000001E4CB1}
T{00000000-0000-0000-0000-000000011590}
T{00000000-0000-0000-0000-00000026C27D}
T{00000000-0000-0000-0000-000000213BFB}
F{00000000-0000-0000-0000-00000011C1D0}
F{00000000-0000-0000-0000-0000000FD4D9}
T{00000000-0000-0000-0000-00000002AAB8}
F{00000000-0000-0000-0000-00000010598A}
T{00000000-0000-0000-0000-000000148E3F}
T{00000000-0000-0000-0000-0000002B454C}
T{00000000-0000-0000-0000-00000023DB4E}
T{00000000-0000-0000-0000-0000002F7EE6}
F{00000000-0000-0000-0000-0000002B51DE}
T{00000000-0000-0000-0000-000000103CB0}
T{00000000-0000-0000-0000-0000000B008B}
F{00000000-0000-0000-0000-0000002843CE}
T{00000000-0000-0000-0000-000000178759}
T{00000000-0000-0000-0000-0000000A2984}
F{00000000-0000-0000-0000-00000031730E}
F{00000000-0000-0000-0000-000000210241}
F{00000000-0000-0000-0000-0000002D8355}
T{00000000-0000-0000-0000-0000001A5CA2}
F{00000000-0000-0000-0000-000000210241}
T{00000000-0000-0000-0000-0000002D666D}
T{00000000-0000-0000-0000-000000069126}
T{00000000-0000-0000-0000-0000001A4EC5}
T{00000000-0000-0000-0000-0000001323D1}
F{00000000-0000-0000-0000-00000027BFF4}
T{00000000-0000-0000-0000-00000024C26F}
T{00000000-0000-0000-0000-000000036272}
F{00000000-0000-0000-0000-000000267D6D}
T{00000000-0000-0000-0000-00000016FFE0}
T{00000000-0000-0000-0000-0000002653C5}
F{00000000-0000-0000-0000-0000000A4F74}
F{00000000-0000-0000-0000-00000024D4B0}
F{00000000-0000-0000-0000-0000002B9ADC}
F{00000000-0000-0000-0000-0000002278EC}
T{00000000-0000-0000-0000-0000001E7765}
T{00000000-0000-0000-0000-00000004C492}
F{00000000-0000-0000-0000-0000002FDA95}
F{00000000-0000-0000-0000-00000031F588}
T{00000000-0000-0000-0000-0000000E4A01}
T{00000000-0000-0000-0000-00000030E9C9}
T{00000000-0000-0000-0000-00000026D438}
T{00000000-0000-0000-0000-00000030C362}
F{00000000-0000-0000-0000-0000002B60AE}
F{00000000-0000-0000-0000-000000261C32}
F{00000000-0000-0000-0000-0000001EE496}
F{00000000-0000-0000-0000-000000219EFE}
T{00000000-0000-0000-0000-00000003FD61}
F{00000000-0000-0000-0000-0000001EB1B9}
T{00000000-0000-0000-0000-00000017158F}
F{00000000-0000-0000-0000-0000000D4DD9}
T{00000000-0000-0000-0000-0000003364DF}
T{00000000-0000-0000-0000-000000073239}
T{00000000-0000-0000-0000-0000002A7E7B}
T{00000000-0000-0000-0000-00000004BE70}
F{00000000-0000-0000-0000-000000263D12}
F{00000000-0000-0000-0000-0000000D16FA}
T{00000000-0000-0000-0000-0000002999CD}
T{00000000-0000-0000-0000-0000001AACA7}
F{00000000-0000-0000-0000-0000000AFBED}
F{00000000-0000-0000-0000-00000028813D}
T{00000000-0000-0000-0000-000000087B29}
F{00000000-0000-0000-0000-0000001E3924}
F{00000000-0000-0000-0000-00000015A631}
F{00000000-0000-0000-0000-000000222A3E}
T{00000000-0000-0000-0000-0000001AACFF}
F{00000000-0000-0000-0000-000000220F56}
T{00000000-0000-0000-0000-000000239333}
F{00000000-0000-0000-0000-00000005E3F4}
T{00000000-0000-0000-0000-00000030D8E6}
T{00000000-0000-0000-0000-0000003113B2}
F{00000000-0000-0000-0000-0000000FFB82}
T{00000000-0000-0000-0000-000000332365}
T{00000000-0000-0000-0000-00000027F64D}
T{00000000-0000-0000-0000-00000029E7C7}
F{00000000-0000-0000-0000-00000025C115}
T{00000000-0000-0000-0000-00000024AD95}
F{00000000-0000-0000-0000-00000014DCEA}
T{00000000-0000-0000-0000-000000240263}
T{00000000-0000-0000-0000-000000097699}
F{00000000-0000-0000-0000-000000108B3B}
F{00000000-0000-0000-0000-0000000AE099}
T{00000000-0000-0000-0000-000000329E12}
T{00000000-0000-0000-0000-00000011B26F}
F{00000000-0000-0000-0000-0000002F6B7B}
T{00000000-0000-0000-0000-000000270D4D}
T{00000000-0000-0000-0000-00000003DD12}
T{00000000-0000-0000-0000-0000000BB6CF}
F{00000000-0000-0000-0000-000000261198}
F{00000000-0000-0000-0000-00000031941A}
T{00000000-0000-0000-0000-00000018B7E4}
F{00000000-0000-0000-0000-000000243F1C}
T{00000000-0000-0000-0000-0000002AC78C}
T{00000000-0000-0000-0000-000000171CEF}
F{00000000-0000-0000-0000-00000006E062}
F{00000000-0000-0000-0000-000000159560}
F{00000000-0000-0000-0000-00000018264F}
F{00000000-0000-0000-0000-0000001B2F35}
F{00000000-0000-0000-0000-0000002D479F}
T{00000000-0000-0000-0000-00000006F9C6}
T{00000000-0000-0000-0000-0000001F7136}
F{00000000-0000-0000-0000-0000002AB531}
T{00000000-0000-0000-0000-00000016E162}
T{00000000-0000-0000-0000-00000007F1FD}
T{00000000-0000-0000-0000-00000008595A}
F{00000000-0000-0000-0000-0000002A02EE}
F{00000000-0000-0000-0000-0000000EB1C4}
T{00000000-0000-0000-0000-0000000C465E}
T{00000000-0000-0000-0000-0000001C7B17}
F{00000000-0000-0000-0000-00000017BAF9}
T{00000000-0000-0000-0000-0000002B3718}
T{00000000-0000-0000-0000-0000001F007B}
T{00000000-0000-0000-0000-00000026813F}
T{00000000-0000-0000-0000-000000091B4B}
F{00000000-0000-0000-0000-0000001C1356}
F{00000000-0000-0000-0000-0000000D974F}
T{00000000-0000-0000-0000-00000001C192}
F{00000000-0000-0000-0000-00000010156C}
T{00000000-0000-0000-0000-00000006D2E9}
T{00000000-0000-0000-0000-00000020FE66}
T{00000000-0000-0000-0000-000000178C55}
F{00000000-0000-0000-0000-000000209B8E}
T{00000000-0000-0000-0000-00000024E933}
T{00000000-0000-0000-0000-000000302165}
T{00000000-0000-0000-0000-0000002088FF}
T{00000000-0000-0000-0000-0000000CBC5A}
T{00000000-0000-0000-0000-000000104E8B}
T{00000000-0000-0000-0000-00000026D675}
T{00000000-0000-0000-0000-00000018CD3C}
T{00000000-0000-0000-0000-00000028EC87}
T{00000000-0000-0000-0000-0000000C1EF0}
T{00000000-0000-0000-0000-0000001C4BDC}
F{00000000-0000-0000-0000-000000319937}
T{00000000-0000-0000-0000-000000330CDF}
T{00000000-0000-0000-0000-0000001EFA4A}
