T{00000000-0000-0000-0000-0000000EF72B}
T{00000000-0000-0000-0000-0000001BF77C}
T{00000000-0000-0000-0000-000000244DB6}
T{00000000-0000-0000-0000-000000055674}
T{00000000-0000-0000-0000-0000000555AD}
T{00000000-0000-0000-0000-00000005450B}
T{00000000-0000-0000-0000-000000316730}
T{00000000-0000-0000-0000-0000001E8FF3}
F{00000000-0000-0000-0000-00000020F2D8}
T{00000000-0000-0000-0000-000000051F73}
F{00000000-0000-0000-0000-0000001BBE21}
F{00000000-0000-0000-0000-0000001028EE}
T{00000000-0000-0000-0000-00000033931C}
T{00000000-0000-0000-0000-0000002E9470}
T{00000000-0000-0000-0000-00000033ADB2}
T{00000000-0000-0000-0000-0000000CDC59}
T{00000000-0000-0000-0000-0000002E00AF}
T{00000000-0000-0000-0000-0000002D0034}
T{00000000-0000-0000-0000-000000287886}
T{00000000-0000-0000-0000-00000004A91F}
T{00000000-0000-0000-0000-00000009BB9B}
T{00000000-0000-0000-0000-000000049E60}
T{00000000-0000-0000-0000-0000002DD42D}
T{00000000-0000-0000-0000-0000001016F2}
T{00000000-0000-0000-0000-000000048DD6}
T{00000000-0000-0000-0000-0000002E41D2}
T{00000000-0000-0000-0000-000000076840}
T{00000000-0000-0000-0000-000000076186}
T{00000000-0000-0000-0000-00000007E95A}
T{00000000-0000-0000-0000-00000004864B}
F{00000000-0000-0000-0000-0000000483B8}
F{00000000-0000-0000-0000-00000018652C}
T{00000000-0000-0000-0000-0000001733AD}
T{00000000-0000-0000-0000-0000000478C7}
T{00000000-0000-0000-0000-000000277686}
T{00000000-0000-0000-0000-00000016554C}
T{00000000-0000-0000-0000-000000299C69}
F{00000000-0000-0000-0000-0000000D2FA0}
F{00000000-0000-0000-0000-0000002137D4}
T{00000000-0000-0000-0000-000000042789}
T{00000000-0000-0000-0000-0000001442EE}
F{00000000-0000-0000-0000-00000020CF55}
T{00000000-0000-0000-0000-0000000FF4FE}
T{00000000-0000-0000-0000-0000000411D2}
T{00000000-0000-0000-0000-0000001E3540}
T{00000000-0000-0000-0000-00000003F625}
T{00000000-0000-0000-0000-00000003E8D3}
T{00000000-0000-0000-0000-00000003D50D}
F{00000000-0000-0000-0000-00000003B508}
F{00000000-0000-0000-0000-000000039940}
T{00000000-0000-0000-0000-0000002E062F}
F{00000000-0000-0000-0000-000000036030}
T{00000000-0000-0000-0000-0000000E546D}
T{00000000-0000-0000-0000-000000034E63}
T{00000000-0000-0000-0000-000000031B83}
T{00000000-0000-0000-0000-0000000BF856}
T{00000000-0000-0000-0000-000000031320}
T{00000000-0000-0000-0000-00000007CC3B}
T{00000000-0000-0000-0000-000000148F29}
T{00000000-0000-0000-0000-000000315F1A}
T{00000000-0000-0000-0000-00000006E705}
T{00000000-0000-0000-0000-000000030667}
T{00000000-0000-0000-0000-00000022045C}
T{00000000-0000-0000-0000-0000000C6AB3}
T{00000000-0000-0000-0000-00000002F773}
F{00000000-0000-0000-0000-0000001A8886}
T{00000000-0000-0000-0000-00000002E84E}
T{00000000-0000-0000-0000-00000003ED8C}
T{00000000-0000-0000-0000-00000002D585}
T{00000000-0000-0000-0000-0000001E66B8}
F{00000000-0000-0000-0000-0000000F4FE6}
F{00000000-0000-0000-0000-00000002C833}
F{00000000-0000-0000-0000-000000044047}
F{00000000-0000-0000-0000-000000253DA3}
F{00000000-0000-0000-0000-000000035E18}
F{00000000-0000-0000-0000-0000000D0DDB}
T{00000000-0000-0000-0000-00000006E7DA}
T{00000000-0000-0000-0000-00000002C34C}
T{00000000-0000-0000-0000-0000000648F6}
T{00000000-0000-0000-0000-0000001FBD21}
F{00000000-0000-0000-0000-0000000ABCBF}
T{00000000-0000-0000-0000-0000002375F5}
T{00000000-0000-0000-0000-0000001D9AFE}
T{00000000-0000-0000-0000-0000001E284F}
T{00000000-0000-0000-0000-000000029865}
T{00000000-0000-0000-0000-0000000292E2}
T{00000000-0000-0000-0000-0000000290BB}
T{00000000-0000-0000-0000-000000046E9C}
T{00000000-0000-0000-0000-0000002F7AFF}
T{00000000-0000-0000-0000-00000017176B}
T{00000000-0000-0000-0000-000000027CD4}
T{00000000-0000-0000-0000-00000002793F}
T{00000000-0000-0000-0000-00000015C4F0}
T{00000000-0000-0000-0000-0000000D1321}
T{00000000-0000-0000-0000-0000002B5A9A}
T{00000000-0000-0000-0000-00000006007B}
F{00000000-0000-0000-0000-000000023EC7}
T{00000000-0000-0000-0000-000000023C7A}
T{00000000-0000-0000-0000-0000002EFC46}
T{00000000-0000-0000-0000-0000002C0454}
T{00000000-0000-0000-0000-00000025D734}
F{00000000-0000-0000-0000-0000000A3CCC}
T{00000000-0000-0000-0000-00000009BB9B}
T{00000000-0000-0000-0000-0000002E90E7}
T{00000000-0000-0000-0000-0000001FBD21}
T{00000000-0000-0000-0000-0000001AACEE}
T{00000000-0000-0000-0000-0000001A036D}
T{00000000-0000-0000-0000-0000002E3B0B}
F{00000000-0000-0000-0000-000000296ED6}
T{00000000-0000-0000-0000-000000034E63}
F{00000000-0000-0000-0000-0000002D4F1C}
T{00000000-0000-0000-0000-000000048343}
T{00000000-0000-0000-0000-00000016771A}
T{00000000-0000-0000-0000-0000002D42E4}
F{00000000-0000-0000-0000-000000148332}
F{00000000-0000-0000-0000-00000019BEF5}
F{00000000-0000-0000-0000-000000287D11}
T{00000000-0000-0000-0000-000000022B3B}
F{00000000-0000-0000-0000-000000268E75}
T{00000000-0000-0000-0000-000000293FB6}
T{00000000-0000-0000-0000-000000229D83}
T{00000000-0000-0000-0000-000000220B3D}
T{00000000-0000-0000-0000-00000010277E}
F{00000000-0000-0000-0000-000000184E89}
T{00000000-0000-0000-0000-000000253FE0}
F{00000000-0000-0000-0000-000000146195}
T{00000000-0000-0000-0000-00000009D499}
F{00000000-0000-0000-0000-0000000D0DDB}
T{00000000-0000-0000-0000-0000002910D7}
T{00000000-0000-0000-0000-0000002EC31F}
T{00000000-0000-0000-0000-000000126939}
F{00000000-0000-0000-0000-000000060E54}
T{00000000-0000-0000-0000-000000328F7B}
F{00000000-0000-0000-0000-000000075BEC}
T{00000000-0000-0000-0000-0000001BF99C}
F{00000000-0000-0000-0000-000000039869}
T{00000000-0000-0000-0000-00000010CCD9}
F{00000000-0000-0000-0000-0000000B1846}
T{00000000-0000-0000-0000-0000000EAF21}
F{00000000-0000-0000-0000-00000016D8EC}
T{00000000-0000-0000-0000-00000026BC12}
T{00000000-0000-0000-0000-000000036030}
F{00000000-0000-0000-0000-000000132C5C}
T{00000000-0000-0000-0000-00000014A365}
