T{00000000-0000-0000-0000-00000026C1DF}
T{00000000-0000-0000-0000-0000000EA96F}
F{00000000-0000-0000-0000-0000002CEB47}
T{00000000-0000-0000-0000-0000000EA30D}
T{00000000-0000-0000-0000-0000000E8860}
T{00000000-0000-0000-0000-0000000E83C9}
T{00000000-0000-0000-0000-0000000E7925}
T{00000000-0000-0000-0000-0000000E648B}
T{00000000-0000-0000-0000-0000000E6441}
T{00000000-0000-0000-0000-0000000EF66F}
T{00000000-0000-0000-0000-0000000E5005}
T{00000000-0000-0000-0000-0000000E47AD}
T{00000000-0000-0000-0000-0000000E1FB0}
T{00000000-0000-0000-0000-0000000FA82D}
T{00000000-0000-0000-0000-0000000DF1C1}
F{00000000-0000-0000-0000-00000015E1CE}
F{00000000-0000-0000-0000-0000000DE85C}
T{00000000-0000-0000-0000-0000000DB9CC}
T{00000000-0000-0000-0000-0000002C11CF}
F{00000000-0000-0000-0000-0000002591DD}
T{00000000-0000-0000-0000-0000000D9F8F}
F{00000000-0000-0000-0000-0000000D977B}
T{00000000-0000-0000-0000-0000000EEA2B}
T{00000000-0000-0000-0000-0000000D8AD8}
T{00000000-0000-0000-0000-0000002FD1BE}
T{00000000-0000-0000-0000-0000000D48EA}
F{00000000-0000-0000-0000-00000022ED6F}
T{00000000-0000-0000-0000-00000017F950}
T{00000000-0000-0000-0000-0000000CFC71}
T{00000000-0000-0000-0000-0000000CF806}
F{00000000-0000-0000-0000-000000272805}
F{00000000-0000-0000-0000-0000000CEA36}
T{00000000-0000-0000-0000-0000002C45B0}
T{00000000-0000-0000-0000-0000001A7342}
T{00000000-0000-0000-0000-000000235CB9}
F{00000000-0000-0000-0000-0000000CA970}
T{00000000-0000-0000-0000-0000000E16E4}
F{00000000-0000-0000-0000-0000000C6827}
F{00000000-0000-0000-0000-0000000F2546}
F{00000000-0000-0000-0000-0000000C5B68}
F{00000000-0000-0000-0000-0000000C5A2F}
F{00000000-0000-0000-0000-0000000C5488}
T{00000000-0000-0000-0000-0000000FDCD4}
F{00000000-0000-0000-0000-00000021F6AA}
T{00000000-0000-0000-0000-0000000FDA60}
T{00000000-0000-0000-0000-00000019B600}
T{00000000-0000-0000-0000-00000012206F}
F{00000000-0000-0000-0000-0000002A9BF0}
F{00000000-0000-0000-0000-0000002216E6}
T{00000000-0000-0000-0000-0000000BDF94}
T{00000000-0000-0000-0000-0000002B448D}
T{00000000-0000-0000-0000-000000175759}
T{00000000-0000-0000-0000-00000010CDB8}
T{00000000-0000-0000-0000-0000000BCFC6}
T{00000000-0000-0000-0000-0000000BCB0E}
T{00000000-0000-0000-0000-0000001B9E6D}
T{00000000-0000-0000-0000-0000000BC15F}
T{00000000-0000-0000-0000-0000001F2EF0}
T{00000000-0000-0000-0000-0000000B6BCD}
T{00000000-0000-0000-0000-0000000BF91D}
T{00000000-0000-0000-0000-000000234DCB}
T{00000000-0000-0000-0000-0000002A865F}
F{00000000-0000-0000-0000-0000000ADCC9}
T{00000000-0000-0000-0000-000000225F56}
F{00000000-0000-0000-0000-0000002FD6B4}
T{00000000-0000-0000-0000-0000000ABF5C}
F{00000000-0000-0000-0000-000000152F96}
T{00000000-0000-0000-0000-0000000AB8FC}
F{00000000-0000-0000-0000-0000000AAF2A}
T{00000000-0000-0000-0000-000000258070}
F{00000000-0000-0000-0000-0000000AA748}
T{00000000-0000-0000-0000-0000000A9CAE}
F{00000000-0000-0000-0000-0000000DDF0E}
T{00000000-0000-0000-0000-0000000A88AD}
T{00000000-0000-0000-0000-000000174513}
T{00000000-0000-0000-0000-00000025956D}
T{00000000-0000-0000-0000-0000000A7724}
T{00000000-0000-0000-0000-0000000A747D}
F{00000000-0000-0000-0000-0000000A6D84}
T{00000000-0000-0000-0000-0000000FC2D8}
F{00000000-0000-0000-0000-0000000A5B30}
T{00000000-0000-0000-0000-0000001D17FF}
T{00000000-0000-0000-0000-000000109298}
T{00000000-0000-0000-0000-0000000A244A}
T{00000000-0000-0000-0000-0000000A2146}
T{00000000-0000-0000-0000-00000014BF21}
T{00000000-0000-0000-0000-0000001DB905}
T{00000000-0000-0000-0000-000000248EB2}
T{00000000-0000-0000-0000-0000000A0707}
F{00000000-0000-0000-0000-00000009F5AB}
T{00000000-0000-0000-0000-00000009F2B5}
T{00000000-0000-0000-0000-0000000C54CA}
T{00000000-0000-0000-0000-00000009E3D7}
T{00000000-0000-0000-0000-0000000A936C}
T{00000000-0000-0000-0000-00000031B8D1}
T{00000000-0000-0000-0000-00000009D787}
T{00000000-0000-0000-0000-0000001778E3}
T{00000000-0000-0000-0000-00000009D20A}
F{00000000-0000-0000-0000-00000009BCC6}
T{00000000-0000-0000-0000-000000119F54}
T{00000000-0000-0000-0000-00000022CD5A}
T{00000000-0000-0000-0000-000000118E88}
T{00000000-0000-0000-0000-0000002217F8}
T{00000000-0000-0000-0000-0000000FB6AA}
F{00000000-0000-0000-0000-00000009C55D}
T{00000000-0000-0000-0000-0000002B5FAB}
F{00000000-0000-0000-0000-0000000EC264}
T{00000000-0000-0000-0000-0000000CB9EE}
T{00000000-0000-0000-0000-000000323AEC}
F{00000000-0000-0000-0000-000000275063}
F{00000000-0000-0000-0000-000000077D94}
T{00000000-0000-0000-0000-0000002C7EF2}
F{00000000-0000-0000-0000-0000003032D8}
T{00000000-0000-0000-0000-000000031801}
T{00000000-0000-0000-0000-000000235CB9}
F{00000000-0000-0000-0000-0000002FFF7B}
T{00000000-0000-0000-0000-0000002D4489}
F{00000000-0000-0000-0000-0000001EE12B}
T{00000000-0000-0000-0000-000000050381}
T{00000000-0000-0000-0000-0000001719E9}
T{00000000-0000-0000-0000-0000000BE0B8}
F{00000000-0000-0000-0000-00000026AE05}
T{00000000-0000-0000-0000-000000066E0B}
T{00000000-0000-0000-0000-0000000EAC65}
T{00000000-0000-0000-0000-00000026B65C}
T{00000000-0000-0000-0000-0000002F8163}
T{00000000-0000-0000-0000-0000002C6554}
F{00000000-0000-0000-0000-0000002FDA95}
T{00000000-0000-0000-0000-0000002F3C70}
T{00000000-0000-0000-0000-00000027D9C7}
T{00000000-0000-0000-0000-000000284AAF}
F{00000000-0000-0000-0000-000000227154}
F{00000000-0000-0000-0000-00000027D4C7}
T{00000000-0000-0000-0000-000000048F75}
F{00000000-0000-0000-0000-00000013C356}
T{00000000-0000-0000-0000-000000183C86}
T{00000000-0000-0000-0000-0000000C54CA}
T{00000000-0000-0000-0000-000000053718}
F{00000000-0000-0000-0000-0000000D0B0E}
T{00000000-0000-0000-0000-0000000A2146}
T{00000000-0000-0000-0000-00000016B7BB}
F{00000000-0000-0000-0000-000000288489}
T{00000000-0000-0000-0000-00000028EEF1}
F{00000000-0000-0000-0000-00000023EE07}
T{00000000-0000-0000-0000-0000000FB2D0}
T{00000000-0000-0000-0000-00000032A318}
T{00000000-0000-0000-0000-000000209A9C}
T{00000000-0000-0000-0000-000000260E71}
T{00000000-0000-0000-0000-00000029B94D}
T{00000000-0000-0000-0000-0000002A893B}
F{00000000-0000-0000-0000-000000273331}
T{00000000-0000-0000-0000-00000025956D}
F{00000000-0000-0000-0000-0000000A7716}
T{00000000-0000-0000-0000-000000305FA5}
T{00000000-0000-0000-0000-000000048144}
T{00000000-0000-0000-0000-000000006185}
F{00000000-0000-0000-0000-000000212706}
F{00000000-0000-0000-0000-0000000A8C33}
F{00000000-0000-0000-0000-0000000160AC}
T{00000000-0000-0000-0000-00000028AD24}
F{00000000-0000-0000-0000-00000009885C}
F{00000000-0000-0000-0000-00000027D4C7}
F{00000000-0000-0000-0000-0000000A3BDF}
T{00000000-0000-0000-0000-0000000FDDF4}
T{00000000-0000-0000-0000-0000000A7724}
F{00000000-0000-0000-0000-000000132C5C}
T{00000000-0000-0000-0000-0000002E00E8}
F{00000000-0000-0000-0000-0000002B39CA}
T{00000000-0000-0000-0000-000000250939}
F{00000000-0000-0000-0000-000000324745}
T{00000000-0000-0000-0000-00000009C0BF}
F{00000000-0000-0000-0000-000000305E4B}
F{00000000-0000-0000-0000-0000001FD627}
T{00000000-0000-0000-0000-000000269141}
F{00000000-0000-0000-0000-000000275F5A}
T{00000000-0000-0000-0000-00000033565E}
T{00000000-0000-0000-0000-0000000FC77A}
F{00000000-0000-0000-0000-0000001D5B1B}
T{00000000-0000-0000-0000-0000002E2FAF}
F{00000000-0000-0000-0000-0000002651AC}
T{00000000-0000-0000-0000-000000104AF3}
F{00000000-0000-0000-0000-0000002E9EE7}
F{00000000-0000-0000-0000-00000009D428}
T{00000000-0000-0000-0000-00000018B2B3}
T{00000000-0000-0000-0000-000000167B86}
F{00000000-0000-0000-0000-000000126649}
T{00000000-0000-0000-0000-00000017E1A7}
F{00000000-0000-0000-0000-00000015BDE3}
T{00000000-0000-0000-0000-0000000BDF94}
T{00000000-0000-0000-0000-00000024A6E0}
T{00000000-0000-0000-0000-00000016DBC5}
T{00000000-0000-0000-0000-0000001711FF}
T{00000000-0000-0000-0000-0000001AEF13}
F{00000000-0000-0000-0000-000000272805}
T{00000000-0000-0000-0000-00000027E298}
T{00000000-0000-0000-0000-0000000D1F5A}
T{00000000-0000-0000-0000-0000001E617C}
T{00000000-0000-0000-0000-000000036147}
F{00000000-0000-0000-0000-00000029BD67}
F{00000000-0000-0000-0000-00000006FA7E}
T{00000000-0000-0000-0000-00000018C216}
F{00000000-0000-0000-0000-000000147165}
T{00000000-0000-0000-0000-00000021B769}
T{00000000-0000-0000-0000-00000018A7BE}
T{00000000-0000-0000-0000-000000096134}
F{00000000-0000-0000-0000-0000003057F6}
F{00000000-0000-0000-0000-00000006919F}
F{00000000-0000-0000-0000-0000000782BC}
F{00000000-0000-0000-0000-0000001D30D6}
T{00000000-0000-0000-0000-000000212DB9}
T{00000000-0000-0000-0000-00000004667E}
F{00000000-0000-0000-0000-0000000659B7}
F{00000000-0000-0000-0000-00000032BB6B}
T{00000000-0000-0000-0000-000000080ACA}
T{00000000-0000-0000-0000-0000000FD67C}
T{00000000-0000-0000-0000-000000076840}
F{00000000-0000-0000-0000-000000044047}
T{00000000-0000-0000-0000-0000002DEC30}
T{00000000-0000-0000-0000-00000001C4BB}
T{00000000-0000-0000-0000-00000002C6FB}
F{00000000-0000-0000-0000-00000028980F}
F{00000000-0000-0000-0000-00000032BEB2}
T{00000000-0000-0000-0000-0000001D56BB}
T{00000000-0000-0000-0000-00000017FFEF}
T{00000000-0000-0000-0000-000000077123}
F{00000000-0000-0000-0000-000000301289}
T{00000000-0000-0000-0000-0000000CF399}
F{00000000-0000-0000-0000-00000032BB6B}
T{00000000-0000-0000-0000-00000020A982}
F{00000000-0000-0000-0000-0000002C95F6}
T{00000000-0000-0000-0000-000000272309}
T{00000000-0000-0000-0000-00000032E350}
F{00000000-0000-0000-0000-0000001E3797}
F{00000000-0000-0000-0000-0000000B0FEF}
F{00000000-0000-0000-0000-0000002D461D}
T{00000000-0000-0000-0000-00000022B6B6}
F{00000000-0000-0000-0000-000000296ED6}
F{00000000-0000-0000-0000-0000001DC846}
F{00000000-0000-0000-0000-0000002796A4}
F{00000000-0000-0000-0000-0000002E9D5F}
F{00000000-0000-0000-0000-0000001F2CC1}
T{00000000-0000-0000-0000-0000002F8163}
F{00000000-0000-0000-0000-00000008179C}
T{00000000-0000-0000-0000-0000001313A8}
T{00000000-0000-0000-0000-000000268E64}
T{00000000-0000-0000-0000-00000009A50F}
F{00000000-0000-0000-0000-0000002D4810}
F{00000000-0000-0000-0000-0000002EE25C}
T{00000000-0000-0000-0000-000000173984}
T{00000000-0000-0000-0000-0000000E2CE3}
F{00000000-0000-0000-0000-0000002FA358}
T{00000000-0000-0000-0000-00000017F950}
F{00000000-0000-0000-0000-0000002B7C23}
T{00000000-0000-0000-0000-00000020EE6C}
T{00000000-0000-0000-0000-0000000A45A2}
T{00000000-0000-0000-0000-000000248FB1}
T{00000000-0000-0000-0000-0000002482A5}
T{00000000-0000-0000-0000-0000000CFF86}
F{00000000-0000-0000-0000-0000002654B2}
F{00000000-0000-0000-0000-0000000FA0B1}
T{00000000-0000-0000-0000-000000088D2F}
T{00000000-0000-0000-0000-00000000E493}
T{00000000-0000-0000-0000-00000029715F}
T{00000000-0000-0000-0000-000000193212}
T{00000000-0000-0000-0000-0000002D2AC0}
T{00000000-0000-0000-0000-0000000A0A04}
T{00000000-0000-0000-0000-000000148E33}
T{00000000-0000-0000-0000-0000000EEC20}
F{00000000-0000-0000-0000-000000249B7C}
T{00000000-0000-0000-0000-0000001C6675}
F{00000000-0000-0000-0000-0000001A5622}
T{00000000-0000-0000-0000-00000013B0F8}
T{00000000-0000-0000-0000-0000001E85DF}
F{00000000-0000-0000-0000-00000003982D}
F{00000000-0000-0000-0000-000000090B1E}
T{00000000-0000-0000-0000-00000031B8D1}
T{00000000-0000-0000-0000-00000022B6B6}
F{00000000-0000-0000-0000-000000172673}
F{00000000-0000-0000-0000-0000000EF5E7}
F{00000000-0000-0000-0000-0000002F8588}
T{00000000-0000-0000-0000-000000330CDF}
T{00000000-0000-0000-0000-000000025A62}
F{00000000-0000-0000-0000-000000261C32}
F{00000000-0000-0000-0000-00000022236F}
T{00000000-0000-0000-0000-000000066E0B}
T{00000000-0000-0000-0000-000000097A42}
T{00000000-0000-0000-0000-00000033518B}
T{00000000-0000-0000-0000-0000001C2119}
T{00000000-0000-0000-0000-0000000C435F}
T{00000000-0000-0000-0000-000000272309}
T{00000000-0000-0000-0000-000000101326}
F{00000000-0000-0000-0000-0000002A9CF7}
T{00000000-0000-0000-0000-000000284AAF}
T{00000000-0000-0000-0000-0000001CF128}
F{00000000-0000-0000-0000-000000287D11}
T{00000000-0000-0000-0000-00000010D742}
T{00000000-0000-0000-0000-000000118DFD}
F{00000000-0000-0000-0000-00000009AC55}
T{00000000-0000-0000-0000-000000222C51}
F{00000000-0000-0000-0000-00000031BA6F}
F{00000000-0000-0000-0000-000000148E71}
F{00000000-0000-0000-0000-0000002B9CA9}
F{00000000-0000-0000-0000-0000000918BA}
F{00000000-0000-0000-0000-0000001A3526}
T{00000000-0000-0000-0000-0000001719E9}
T{00000000-0000-0000-0000-000000094999}
T{00000000-0000-0000-0000-00000024A6E0}
T{00000000-0000-0000-0000-000000022F92}
T{00000000-0000-0000-0000-000000167230}
T{00000000-0000-0000-0000-0000002225A2}
F{00000000-0000-0000-0000-00000017B9E1}
F{00000000-0000-0000-0000-00000003E599}
F{00000000-0000-0000-0000-0000001D26F3}
T{00000000-0000-0000-0000-0000002836C7}
T{00000000-0000-0000-0000-0000000ED444}
T{00000000-0000-0000-0000-0000000F65A0}
T{00000000-0000-0000-0000-00000026B6F2}
F{00000000-0000-0000-0000-0000002853F7}
T{00000000-0000-0000-0000-000000105EB1}
T{00000000-0000-0000-0000-0000000F1109}
T{00000000-0000-0000-0000-00000027FBA0}
T{00000000-0000-0000-0000-000000060995}
T{00000000-0000-0000-0000-00000029EB16}
F{00000000-0000-0000-0000-000000177B49}
T{00000000-0000-0000-0000-00000021D2CE}
T{00000000-0000-0000-0000-0000002D5C1E}
T{00000000-0000-0000-0000-00000005B5E6}
F{00000000-0000-0000-0000-00000016A5CD}
F{00000000-0000-0000-0000-00000006D3FA}
T{00000000-0000-0000-0000-000000227862}
T{00000000-0000-0000-0000-000000105E29}
F{00000000-0000-0000-0000-0000002D4795}
F{00000000-0000-0000-0000-00000005A714}
T{00000000-0000-0000-0000-0000002EDF9D}
F{00000000-0000-0000-0000-000000309CB6}
F{00000000-0000-0000-0000-000000101B79}
T{00000000-0000-0000-0000-0000002F2C6C}
F{00000000-0000-0000-0000-0000000B0D42}
F{00000000-0000-0000-0000-0000002CD6C8}
T{00000000-0000-0000-0000-0000003150EC}
F{00000000-0000-0000-0000-0000002301DA}
T{00000000-0000-0000-0000-0000000C9895}
T{00000000-0000-0000-0000-0000000FE05D}
F{00000000-0000-0000-0000-00000026C0C1}
F{00000000-0000-0000-0000-0000000EB1C4}
F{00000000-0000-0000-0000-0000002CACBC}
T{00000000-0000-0000-0000-000000010D04}
T{00000000-0000-0000-0000-0000002C928F}
T{00000000-0000-0000-0000-0000000CF933}
F{00000000-0000-0000-0000-0000000ED171}
F{00000000-0000-0000-0000-0000002C99F1}
T{00000000-0000-0000-0000-000000148E3F}
T{00000000-0000-0000-0000-000000137DC8}
F{00000000-0000-0000-0000-0000001C43DD}
T{00000000-0000-0000-0000-000000174513}
T{00000000-0000-0000-0000-00000029BB26}
F{00000000-0000-0000-0000-0000001024B9}
F{00000000-0000-0000-0000-00000015BF2E}
T{00000000-0000-0000-0000-00000007F070}
F{00000000-0000-0000-0000-000000264C56}
T{00000000-0000-0000-0000-00000020680E}
F{00000000-0000-0000-0000-000000210D1D}
T{00000000-0000-0000-0000-0000002B7A82}
T{00000000-0000-0000-0000-00000012E6A2}
T{00000000-0000-0000-0000-00000032DE4B}
F{00000000-0000-0000-0000-0000002E2FA0}
T{00000000-0000-0000-0000-00000024DA4C}
T{00000000-0000-0000-0000-0000001C2EBF}
T{00000000-0000-0000-0000-00000021B769}
F{00000000-0000-0000-0000-0000000A9334}
F{00000000-0000-0000-0000-00000031E8A8}
F{00000000-0000-0000-0000-000000295BCF}
T{00000000-0000-0000-0000-0000001021B6}
F{00000000-0000-0000-0000-0000001BDAF9}
T{00000000-0000-0000-0000-0000001A6729}
T{00000000-0000-0000-0000-000000004F77}
T{00000000-0000-0000-0000-00000009B5EF}
T{00000000-0000-0000-0000-000000040787}
F{00000000-0000-0000-0000-00000007E9CC}
F{00000000-0000-0000-0000-0000002137D4}
F{00000000-0000-0000-0000-000000077EEC}
T{00000000-0000-0000-0000-00000021B769}
T{00000000-0000-0000-0000-0000000E648B}
F{00000000-0000-0000-0000-000000187E3A}
T{00000000-0000-0000-0000-0000002FBEF4}
F{00000000-0000-0000-0000-0000001935C0}
F{00000000-0000-0000-0000-00000023D05D}
T{00000000-0000-0000-0000-00000011FE7F}
T{00000000-0000-0000-0000-0000002AE35F}
T{00000000-0000-0000-0000-00000003969F}
T{00000000-0000-0000-0000-0000000CEE35}
T{00000000-0000-0000-0000-0000000C5A2F}
F{00000000-0000-0000-0000-0000000062A7}
F{00000000-0000-0000-0000-0000003011F7}
F{00000000-0000-0000-0000-000000289ED3}
T{00000000-0000-0000-0000-00000013734D}
F{00000000-0000-0000-0000-00000028017B}
T{00000000-0000-0000-0000-000000298366}
F{00000000-0000-0000-0000-0000000EF5E7}
F{00000000-0000-0000-0000-0000000A0350}
T{00000000-0000-0000-0000-00000017E650}
T{00000000-0000-0000-0000-00000024A1FF}
T{00000000-0000-0000-0000-0000002AAF34}
T{00000000-0000-0000-0000-000000298366}
T{00000000-0000-0000-0000-0000001592B6}
T{00000000-0000-0000-0000-0000002A19C4}
T{00000000-0000-0000-0000-000000180B82}
F{00000000-0000-0000-0000-0000002CEB1D}
T{00000000-0000-0000-0000-0000002205A3}
F{00000000-0000-0000-0000-00000019BC13}
T{00000000-0000-0000-0000-0000001E33D1}
F{00000000-0000-0000-0000-0000002E0556}
T{00000000-0000-0000-0000-0000000F0D62}
F{00000000-0000-0000-0000-0000000AAAD8}
F{00000000-0000-0000-0000-000000273493}
F{00000000-0000-0000-0000-00000005EE69}
F{00000000-0000-0000-0000-0000001BB7B5}
F{00000000-0000-0000-0000-0000000AAF2A}
T{00000000-0000-0000-0000-00000017B9E1}
T{00000000-0000-0000-0000-0000002AA531}
T{00000000-0000-0000-0000-0000001FC635}
T{00000000-0000-0000-0000-000000198A61}
T{00000000-0000-0000-0000-000000165109}
T{00000000-0000-0000-0000-00000017E29D}
T{00000000-0000-0000-0000-000000048D09}
T{00000000-0000-0000-0000-0000001BCC51}
F{00000000-0000-0000-0000-0000002B7D45}
T{00000000-0000-0000-0000-0000002C34AF}
