T{00000000-0000-0000-0000-0000002998F7}
T{00000000-0000-0000-0000-000000291F5A}
T{00000000-0000-0000-0000-000000290B0D}
T{00000000-0000-0000-0000-00000029037D}
F{00000000-0000-0000-0000-0000002EE24C}
T{00000000-0000-0000-0000-0000002DEE42}
T{00000000-0000-0000-0000-0000002898BE}
F{00000000-0000-0000-0000-000000289795}
T{00000000-0000-0000-0000-000000288328}
T{00000000-0000-0000-0000-000000287843}
T{00000000-0000-0000-0000-000000281EF9}
T{00000000-0000-0000-0000-00000027F196}
T{00000000-0000-0000-0000-000000278D61}
F{00000000-0000-0000-0000-000000277E2B}
T{00000000-0000-0000-0000-00000027350B}
F{00000000-0000-0000-0000-000000271E52}
F{00000000-0000-0000-0000-000000271213}
T{00000000-0000-0000-0000-000000270868}
T{00000000-0000-0000-0000-00000026F9FE}
T{00000000-0000-0000-0000-00000026E110}
T{00000000-0000-0000-0000-00000026E10D}
F{00000000-0000-0000-0000-00000026C272}
T{00000000-0000-0000-0000-0000002E31B8}
F{00000000-0000-0000-0000-00000026B745}
T{00000000-0000-0000-0000-00000026B585}
F{00000000-0000-0000-0000-00000026AF5F}
F{00000000-0000-0000-0000-00000026A0D7}
T{00000000-0000-0000-0000-00000026993A}
T{00000000-0000-0000-0000-00000026864F}
F{00000000-0000-0000-0000-000000264BA4}
T{00000000-0000-0000-0000-000000264A9A}
T{00000000-0000-0000-0000-0000002644FE}
T{00000000-0000-0000-0000-000000263223}
T{00000000-0000-0000-0000-0000002628D3}
T{00000000-0000-0000-0000-000000260E68}
T{00000000-0000-0000-0000-0000002AE431}
T{00000000-0000-0000-0000-000000250A32}
T{00000000-0000-0000-0000-0000002D3FCB}
T{00000000-0000-0000-0000-0000002A9162}
F{00000000-0000-0000-0000-0000002D47FB}
F{00000000-0000-0000-0000-00000031840C}
T{00000000-0000-0000-0000-00000024BF48}
T{00000000-0000-0000-0000-000000306354}
T{00000000-0000-0000-0000-000000249146}
T{00000000-0000-0000-0000-000000248147}
T{00000000-0000-0000-0000-000000243F02}
F{00000000-0000-0000-0000-000000243B6C}
F{00000000-0000-0000-0000-00000032DE01}
F{00000000-0000-0000-0000-00000022CD36}
T{00000000-0000-0000-0000-00000032F67F}
T{00000000-0000-0000-0000-000000223B9B}
T{00000000-0000-0000-0000-000000220937}
T{00000000-0000-0000-0000-00000021F0C7}
T{00000000-0000-0000-0000-00000021C834}
T{00000000-0000-0000-0000-000000218924}
T{00000000-0000-0000-0000-0000002995E2}
F{00000000-0000-0000-0000-00000022633F}
T{00000000-0000-0000-0000-000000212045}
T{00000000-0000-0000-0000-00000020C4D7}
T{00000000-0000-0000-0000-000000207578}
T{00000000-0000-0000-0000-000000200B10}
T{00000000-0000-0000-0000-0000001FE7ED}
T{00000000-0000-0000-0000-0000001FC5FB}
T{00000000-0000-0000-0000-0000002B6C6B}
T{00000000-0000-0000-0000-0000001FBE4B}
T{00000000-0000-0000-0000-0000001FAC99}
T{00000000-0000-0000-0000-0000001F9DE7}
T{00000000-0000-0000-0000-0000001F1366}
T{00000000-0000-0000-0000-0000001ECBD7}
F{00000000-0000-0000-0000-000000220C37}
T{00000000-0000-0000-0000-000000243451}
F{00000000-0000-0000-0000-0000001E37FC}
T{00000000-0000-0000-0000-000000247253}
T{00000000-0000-0000-0000-0000001DDEB2}
T{00000000-0000-0000-0000-0000001DDA89}
T{00000000-0000-0000-0000-0000001DD148}
T{00000000-0000-0000-0000-0000001DBCDA}
T{00000000-0000-0000-0000-0000001DAC3B}
T{00000000-0000-0000-0000-0000001DA41E}
T{00000000-0000-0000-0000-0000001D17C3}
F{00000000-0000-0000-0000-0000002478DD}
T{00000000-0000-0000-0000-0000001D05B7}
T{00000000-0000-0000-0000-0000001CE9EA}
F{00000000-0000-0000-0000-0000001CB8EA}
T{00000000-0000-0000-0000-0000001C3954}
T{00000000-0000-0000-0000-0000001B8900}
F{00000000-0000-0000-0000-0000001B7F5B}
T{00000000-0000-0000-0000-00000019BE66}
T{00000000-0000-0000-0000-000000195134}
F{00000000-0000-0000-0000-00000019279C}
F{00000000-0000-0000-0000-0000002C4A8B}
T{00000000-0000-0000-0000-000000183D46}
T{00000000-0000-0000-0000-000000183804}
F{00000000-0000-0000-0000-000000180772}
T{00000000-0000-0000-0000-00000017EF5B}
T{00000000-0000-0000-0000-0000002D7120}
F{00000000-0000-0000-0000-00000017AD17}
T{00000000-0000-0000-0000-000000179989}
F{00000000-0000-0000-0000-0000002A47D9}
T{00000000-0000-0000-0000-000000179479}
F{00000000-0000-0000-0000-00000016D577}
T{00000000-0000-0000-0000-00000030D97F}
F{00000000-0000-0000-0000-000000192034}
F{00000000-0000-0000-0000-00000016C567}
T{00000000-0000-0000-0000-0000002471BA}
T{00000000-0000-0000-0000-000000005550}
T{00000000-0000-0000-0000-00000029A4EE}
T{00000000-0000-0000-0000-000000036D8E}
F{00000000-0000-0000-0000-00000009BCC6}
T{00000000-0000-0000-0000-00000019EE3F}
T{00000000-0000-0000-0000-00000005D00D}
T{00000000-0000-0000-0000-0000000C2619}
T{00000000-0000-0000-0000-000000007ED1}
T{00000000-0000-0000-0000-000000089D5E}
F{00000000-0000-0000-0000-0000002CACBC}
T{00000000-0000-0000-0000-00000016BEDB}
T{00000000-0000-0000-0000-0000002915C5}
T{00000000-0000-0000-0000-000000035670}
F{00000000-0000-0000-0000-00000026929D}
T{00000000-0000-0000-0000-00000015C54F}
T{00000000-0000-0000-0000-000000031801}
F{00000000-0000-0000-0000-0000002ABFF5}
T{00000000-0000-0000-0000-000000219530}
T{00000000-0000-0000-0000-00000023477C}
T{00000000-0000-0000-0000-000000067730}
F{00000000-0000-0000-0000-000000029DB2}
T{00000000-0000-0000-0000-00000025A498}
F{00000000-0000-0000-0000-000000111B70}
F{00000000-0000-0000-0000-00000024D328}
T{00000000-0000-0000-0000-0000001178D3}
T{00000000-0000-0000-0000-000000175010}
F{00000000-0000-0000-0000-0000002AB719}
F{00000000-0000-0000-0000-0000002AD13F}
F{00000000-0000-0000-0000-0000001A3598}
F{00000000-0000-0000-0000-0000001CFFF0}
T{00000000-0000-0000-0000-000000223B9B}
T{00000000-0000-0000-0000-000000330894}
T{00000000-0000-0000-0000-00000032624F}
T{00000000-0000-0000-0000-00000017361A}
F{00000000-0000-0000-0000-0000002C4147}
T{00000000-0000-0000-0000-00000021D238}
F{00000000-0000-0000-0000-0000001B7F5B}
F{00000000-0000-0000-0000-00000008A69D}
T{00000000-0000-0000-0000-000000060D38}
T{00000000-0000-0000-0000-0000000C25CA}
T{00000000-0000-0000-0000-0000002FB021}
T{00000000-0000-0000-0000-00000014A2CB}
F{00000000-0000-0000-0000-0000001A4EC5}
F{00000000-0000-0000-0000-000000319D12}
F{00000000-0000-0000-0000-0000002EAD0F}
F{00000000-0000-0000-0000-0000002F6B7B}
F{00000000-0000-0000-0000-00000023C11C}
T{00000000-0000-0000-0000-0000000DEE47}
T{00000000-0000-0000-0000-0000002EC31F}
T{00000000-0000-0000-0000-0000000E7925}
T{00000000-0000-0000-0000-000000063526}
F{00000000-0000-0000-0000-0000002D517B}
T{00000000-0000-0000-0000-00000033C127}
T{00000000-0000-0000-0000-0000000071AA}
T{00000000-0000-0000-0000-0000001C3954}
T{00000000-0000-0000-0000-00000030AD9D}
F{00000000-0000-0000-0000-000000245F5D}
F{00000000-0000-0000-0000-0000000FBE71}
T{00000000-0000-0000-0000-00000011A8E9}
F{00000000-0000-0000-0000-00000032A8DB}
T{00000000-0000-0000-0000-0000000AC79A}
F{00000000-0000-0000-0000-00000029B017}
F{00000000-0000-0000-0000-000000071C8B}
T{00000000-0000-0000-0000-0000000D66A3}
T{00000000-0000-0000-0000-0000001B01CB}
T{00000000-0000-0000-0000-0000000882A1}
T{00000000-0000-0000-0000-00000026F9FE}
T{00000000-0000-0000-0000-0000000A6CD0}
T{00000000-0000-0000-0000-000000071C8B}
F{00000000-0000-0000-0000-0000001EB1B9}
F{00000000-0000-0000-0000-0000000CF2D0}
T{00000000-0000-0000-0000-0000000ED171}
T{00000000-0000-0000-0000-0000000CF969}
T{00000000-0000-0000-0000-00000011BF80}
F{00000000-0000-0000-0000-0000003334D3}
F{00000000-0000-0000-0000-0000000A2D06}
T{00000000-0000-0000-0000-00000029C2EF}
T{00000000-0000-0000-0000-0000002E9EE7}
F{00000000-0000-0000-0000-0000001EA0F5}
F{00000000-0000-0000-0000-00000031CEB3}
T{00000000-0000-0000-0000-0000000BB3AF}
T{00000000-0000-0000-0000-00000012235C}
T{00000000-0000-0000-0000-0000002FB5A8}
T{00000000-0000-0000-0000-000000012E4C}
T{00000000-0000-0000-0000-0000002BFB21}
T{00000000-0000-0000-0000-0000001017BE}
F{00000000-0000-0000-0000-0000001F1C74}
F{00000000-0000-0000-0000-000000320CA0}
F{00000000-0000-0000-0000-000000180A8A}
F{00000000-0000-0000-0000-0000000D0DDB}
F{00000000-0000-0000-0000-0000002C4A8B}
T{00000000-0000-0000-0000-00000005DA1A}
T{00000000-0000-0000-0000-0000000CF2D0}
T{00000000-0000-0000-0000-0000001BB7B5}
T{00000000-0000-0000-0000-0000001B5C70}
T{00000000-0000-0000-0000-0000001CE65E}
T{00000000-0000-0000-0000-0000002631EE}
T{00000000-0000-0000-0000-0000000CFF86}
F{00000000-0000-0000-0000-0000001D7268}
F{00000000-0000-0000-0000-000000333EB0}
F{00000000-0000-0000-0000-0000001226E2}
T{00000000-0000-0000-0000-000000183D46}
T{00000000-0000-0000-0000-00000001B531}
F{00000000-0000-0000-0000-00000011C1D0}
T{00000000-0000-0000-0000-0000000DF350}
T{00000000-0000-0000-0000-0000002B300E}
T{00000000-0000-0000-0000-0000002CA81B}
F{00000000-0000-0000-0000-00000022664D}
T{00000000-0000-0000-0000-0000002378AD}
T{00000000-0000-0000-0000-0000002D1D3A}
F{00000000-0000-0000-0000-00000032698B}
T{00000000-0000-0000-0000-0000003334D3}
T{00000000-0000-0000-0000-0000002D9FD8}
T{00000000-0000-0000-0000-000000023C7A}
T{00000000-0000-0000-0000-0000001986D9}
T{00000000-0000-0000-0000-000000254EB3}
T{00000000-0000-0000-0000-0000002C657F}
T{00000000-0000-0000-0000-000000321513}
T{00000000-0000-0000-0000-0000002EE799}
T{00000000-0000-0000-0000-0000001FBDD3}
F{00000000-0000-0000-0000-00000009E1AA}
T{00000000-0000-0000-0000-00000012B2B2}
T{00000000-0000-0000-0000-00000006BD98}
T{00000000-0000-0000-0000-00000032A318}
F{00000000-0000-0000-0000-0000002EDFFA}
T{00000000-0000-0000-0000-00000015621C}
T{00000000-0000-0000-0000-0000002518B0}
F{00000000-0000-0000-0000-00000019D284}
T{00000000-0000-0000-0000-0000000ED03A}
T{00000000-0000-0000-0000-0000001D850A}
F{00000000-0000-0000-0000-00000026B745}
F{00000000-0000-0000-0000-000000101B79}
F{00000000-0000-0000-0000-00000008DE54}
T{00000000-0000-0000-0000-0000001226E2}
T{00000000-0000-0000-0000-0000000CF2D0}
T{00000000-0000-0000-0000-0000000160B6}
T{00000000-0000-0000-0000-0000000DB001}
T{00000000-0000-0000-0000-000000073B05}
F{00000000-0000-0000-0000-000000253D59}
T{00000000-0000-0000-0000-0000003203FE}
T{00000000-0000-0000-0000-0000001A7342}
F{00000000-0000-0000-0000-0000000DF706}
T{00000000-0000-0000-0000-0000000CE2E6}
T{00000000-0000-0000-0000-0000002AD75B}
F{00000000-0000-0000-0000-0000003250DF}
F{00000000-0000-0000-0000-000000111E00}
T{00000000-0000-0000-0000-0000002A9BBC}
T{00000000-0000-0000-0000-00000001FDC6}
T{00000000-0000-0000-0000-0000002CD371}
F{00000000-0000-0000-0000-000000126649}
T{00000000-0000-0000-0000-000000183804}
T{00000000-0000-0000-0000-0000000413C0}
F{00000000-0000-0000-0000-000000018FBC}
T{00000000-0000-0000-0000-0000002BF197}
T{00000000-0000-0000-0000-0000002D0133}
F{00000000-0000-0000-0000-0000001A8886}
T{00000000-0000-0000-0000-0000001D1E7E}
F{00000000-0000-0000-0000-000000055656}
F{00000000-0000-0000-0000-0000000A5811}
T{00000000-0000-0000-0000-00000025A542}
F{00000000-0000-0000-0000-0000000BBBC1}
T{00000000-0000-0000-0000-0000000D08E5}
T{00000000-0000-0000-0000-000000287F15}
F{00000000-0000-0000-0000-0000002640E9}
F{00000000-0000-0000-0000-00000017358C}
F{00000000-0000-0000-0000-0000000EE1D3}
T{00000000-0000-0000-0000-00000033E209}
F{00000000-0000-0000-0000-0000002FA3FA}
T{00000000-0000-0000-0000-00000026BDC4}
T{00000000-0000-0000-0000-00000007D33F}
T{00000000-0000-0000-0000-0000001111EB}
T{00000000-0000-0000-0000-0000002902FC}
T{00000000-0000-0000-0000-0000002F9D8A}
T{00000000-0000-0000-0000-00000006DA0D}
T{00000000-0000-0000-0000-000000302A71}
T{00000000-0000-0000-0000-00000022B80B}
F{00000000-0000-0000-0000-000000320D87}
T{00000000-0000-0000-0000-0000000D974F}
T{00000000-0000-0000-0000-00000024B7A0}
F{00000000-0000-0000-0000-0000002690A8}
F{00000000-0000-0000-0000-0000000C134C}
T{00000000-0000-0000-0000-00000030D483}
F{00000000-0000-0000-0000-000000159560}
F{00000000-0000-0000-0000-00000030D999}
T{00000000-0000-0000-0000-000000269160}
F{00000000-0000-0000-0000-0000001C810C}
T{00000000-0000-0000-0000-000000194966}
T{00000000-0000-0000-0000-0000002696A1}
T{00000000-0000-0000-0000-000000210D1D}
F{00000000-0000-0000-0000-00000009BAD7}
T{00000000-0000-0000-0000-0000002ECBCF}
T{00000000-0000-0000-0000-0000002DEEA9}
T{00000000-0000-0000-0000-0000000A936C}
F{00000000-0000-0000-0000-0000001C2034}
T{00000000-0000-0000-0000-0000001CF32C}
T{00000000-0000-0000-0000-000000105EA9}
T{00000000-0000-0000-0000-0000001E30D2}
T{00000000-0000-0000-0000-00000017C301}
T{00000000-0000-0000-0000-00000013C73C}
F{00000000-0000-0000-0000-000000018C66}
T{00000000-0000-0000-0000-000000335ECE}
F{00000000-0000-0000-0000-00000025B204}
F{00000000-0000-0000-0000-0000002B79C6}
T{00000000-0000-0000-0000-0000002A3E51}
T{00000000-0000-0000-0000-000000276853}
T{00000000-0000-0000-0000-00000000604F}
F{00000000-0000-0000-0000-0000001480CF}
F{00000000-0000-0000-0000-00000017A924}
T{00000000-0000-0000-0000-0000002B7E3E}
F{00000000-0000-0000-0000-00000005D234}
F{00000000-0000-0000-0000-000000264BA4}
F{00000000-0000-0000-0000-00000033AD93}
T{00000000-0000-0000-0000-0000000B6F8C}
F{00000000-0000-0000-0000-0000000F07A2}
T{00000000-0000-0000-0000-000000132CC8}
F{00000000-0000-0000-0000-000000227154}
F{00000000-0000-0000-0000-00000024D561}
F{00000000-0000-0000-0000-00000023D05D}
F{00000000-0000-0000-0000-0000000B7BDF}
F{00000000-0000-0000-0000-000000007910}
T{00000000-0000-0000-0000-000000253952}
T{00000000-0000-0000-0000-000000251942}
T{00000000-0000-0000-0000-00000032A2A3}
T{00000000-0000-0000-0000-0000000EF72B}
F{00000000-0000-0000-0000-000000055656}
T{00000000-0000-0000-0000-000000089D5E}
F{00000000-0000-0000-0000-00000019B1B2}
T{00000000-0000-0000-0000-000000244987}
F{00000000-0000-0000-0000-00000031EFC5}
T{00000000-0000-0000-0000-00000020588C}
T{00000000-0000-0000-0000-000000029041}
T{00000000-0000-0000-0000-000000320CA0}
F{00000000-0000-0000-0000-0000001BDA94}
T{00000000-0000-0000-0000-000000143172}
F{00000000-0000-0000-0000-000000271E52}
F{00000000-0000-0000-0000-00000008C1DE}
T{00000000-0000-0000-0000-0000002BE48B}
F{00000000-0000-0000-0000-0000000C5D03}
T{00000000-0000-0000-0000-0000000F0C92}
F{00000000-0000-0000-0000-00000026C272}
F{00000000-0000-0000-0000-0000002C4147}
T{00000000-0000-0000-0000-0000002910D7}
T{00000000-0000-0000-0000-000000245263}
T{00000000-0000-0000-0000-0000000EA8F4}
T{00000000-0000-0000-0000-0000002B295A}
F{00000000-0000-0000-0000-00000028C3F4}
T{00000000-0000-0000-0000-0000001793D4}
F{00000000-0000-0000-0000-0000002CDE61}
T{00000000-0000-0000-0000-000000306C34}
T{00000000-0000-0000-0000-00000017F15A}
F{00000000-0000-0000-0000-0000000FBBC4}
F{00000000-0000-0000-0000-000000271353}
T{00000000-0000-0000-0000-0000001186FF}
F{00000000-0000-0000-0000-0000001109EF}
F{00000000-0000-0000-0000-0000002337D8}
T{00000000-0000-0000-0000-0000002D40DB}
T{00000000-0000-0000-0000-000000259614}
T{00000000-0000-0000-0000-00000021F873}
T{00000000-0000-0000-0000-0000000436E0}
T{00000000-0000-0000-0000-0000002AC4EE}
T{00000000-0000-0000-0000-00000026AF5F}
T{00000000-0000-0000-0000-00000033489E}
T{00000000-0000-0000-0000-0000000D0108}
T{00000000-0000-0000-0000-00000000F3F5}
F{00000000-0000-0000-0000-0000002ADD6F}
T{00000000-0000-0000-0000-00000016A6B0}
F{00000000-0000-0000-0000-0000000CEA36}
F{00000000-0000-0000-0000-00000014AEB7}
T{00000000-0000-0000-0000-0000003229F7}
T{00000000-0000-0000-0000-0000001997CF}
T{00000000-0000-0000-0000-00000023477C}
T{00000000-0000-0000-0000-000000183D46}
F{00000000-0000-0000-0000-00000007E3BE}
T{00000000-0000-0000-0000-00000009D4EF}
T{00000000-0000-0000-0000-0000000ECF97}
T{00000000-0000-0000-0000-00000009AFDF}
F{00000000-0000-0000-0000-0000000CF7EE}
F{00000000-0000-0000-0000-0000000DAB70}
T{00000000-0000-0000-0000-0000002A1FAE}
T{00000000-0000-0000-0000-000000075A7C}
T{00000000-0000-0000-0000-0000000F65A0}
T{00000000-0000-0000-0000-0000001A8288}
F{00000000-0000-0000-0000-00000032A8DB}
F{00000000-0000-0000-0000-0000002BB1FE}
T{00000000-0000-0000-0000-00000002DABF}
T{00000000-0000-0000-0000-00000026C0F2}
T{00000000-0000-0000-0000-0000002375BD}
F{00000000-0000-0000-0000-00000026F01D}
F{00000000-0000-0000-0000-00000014BCF0}
T{00000000-0000-0000-0000-0000001347F9}
T{00000000-0000-0000-0000-00000013500B}
F{00000000-0000-0000-0000-000000173168}
T{00000000-0000-0000-0000-0000002B300E}
F{00000000-0000-0000-0000-00000009D514}
F{00000000-0000-0000-0000-000000009FD6}
T{00000000-0000-0000-0000-0000000349E5}
