T{00000000-0000-0000-0000-000000030294}
T{00000000-0000-0000-0000-00000008595A}
T{00000000-0000-0000-0000-000000162B36}
T{00000000-0000-0000-0000-0000002C06EF}
T{00000000-0000-0000-0000-0000002E9EE7}
T{00000000-0000-0000-0000-0000002FB05B}
T{00000000-0000-0000-0000-000000296B95}
F{00000000-0000-0000-0000-0000000BBB6E}
T{00000000-0000-0000-0000-0000002D5954}
T{00000000-0000-0000-0000-000000067F1B}
T{00000000-0000-0000-0000-00000028CD69}
T{00000000-0000-0000-0000-0000001FAE7E}
T{00000000-0000-0000-0000-000000241984}
T{00000000-0000-0000-0000-0000000F2076}
T{00000000-0000-0000-0000-0000001C3443}
T{00000000-0000-0000-0000-00000032E3F3}
T{00000000-0000-0000-0000-0000001B8CDE}
T{00000000-0000-0000-0000-0000001188A6}
T{00000000-0000-0000-0000-000000216892}
T{00000000-0000-0000-0000-000000225F56}
F{00000000-0000-0000-0000-0000003334D3}
T{00000000-0000-0000-0000-0000003372DD}
T{00000000-0000-0000-0000-00000002F86D}
T{00000000-0000-0000-0000-0000002C28C3}
T{00000000-0000-0000-0000-0000000DECB9}
T{00000000-0000-0000-0000-00000015B60D}
T{00000000-0000-0000-0000-00000008CA13}
T{00000000-0000-0000-0000-000000208A65}
T{00000000-0000-0000-0000-0000002F8174}
T{00000000-0000-0000-0000-0000000062F0}
T{00000000-0000-0000-0000-0000000CA14E}
T{00000000-0000-0000-0000-000000278C6E}
T{00000000-0000-0000-0000-00000020C7D6}
T{00000000-0000-0000-0000-00000016A7D2}
T{00000000-0000-0000-0000-0000002EE02D}
T{00000000-0000-0000-0000-0000000278DB}
T{00000000-0000-0000-0000-00000000C38B}
T{00000000-0000-0000-0000-000000044748}
T{00000000-0000-0000-0000-0000000C38FB}
T{00000000-0000-0000-0000-00000016A724}
T{00000000-0000-0000-0000-00000033AE79}
T{00000000-0000-0000-0000-000000183804}
F{00000000-0000-0000-0000-00000026FC87}
T{00000000-0000-0000-0000-0000002E4C7F}
T{00000000-0000-0000-0000-000000101BF4}
T{00000000-0000-0000-0000-0000000C435F}
T{00000000-0000-0000-0000-00000003FD61}
T{00000000-0000-0000-0000-00000002B5B2}
T{00000000-0000-0000-0000-0000002DFEE2}
T{00000000-0000-0000-0000-00000007C577}
T{00000000-0000-0000-0000-0000002A19CC}
T{00000000-0000-0000-0000-000000249146}
T{00000000-0000-0000-0000-00000011EAA7}
T{00000000-0000-0000-0000-000000311293}
F{00000000-0000-0000-0000-0000000A0350}
T{00000000-0000-0000-0000-0000001FC2AF}
F{00000000-0000-0000-0000-00000022E947}
T{00000000-0000-0000-0000-00000009F2B5}
T{00000000-0000-0000-0000-00000027F124}
T{00000000-0000-0000-0000-000000120F28}
T{00000000-0000-0000-0000-000000131C90}
F{00000000-0000-0000-0000-000000333127}
T{00000000-0000-0000-0000-00000018ADDC}
T{00000000-0000-0000-0000-0000002C0B69}
T{00000000-0000-0000-0000-0000000203C2}
T{00000000-0000-0000-0000-00000024C9E0}
T{00000000-0000-0000-0000-00000002CB18}
T{00000000-0000-0000-0000-000000146E07}
T{00000000-0000-0000-0000-000000118960}
T{00000000-0000-0000-0000-00000002A506}
T{00000000-0000-0000-0000-00000030B4B6}
T{00000000-0000-0000-0000-0000002A9F2E}
T{00000000-0000-0000-0000-000000044074}
T{00000000-0000-0000-0000-0000002327EC}
T{00000000-0000-0000-0000-00000007BFFC}
F{00000000-0000-0000-0000-000000304479}
T{00000000-0000-0000-0000-0000001734A4}
T{00000000-0000-0000-0000-000000171CEF}
T{00000000-0000-0000-0000-00000024C02B}
T{00000000-0000-0000-0000-000000059444}
T{00000000-0000-0000-0000-000000165983}
T{00000000-0000-0000-0000-000000268158}
T{00000000-0000-0000-0000-000000061CA1}
T{00000000-0000-0000-0000-00000033C127}
T{00000000-0000-0000-0000-00000001A8F4}
T{00000000-0000-0000-0000-00000026E2D2}
T{00000000-0000-0000-0000-000000245D0C}
T{00000000-0000-0000-0000-00000026CBC8}
T{00000000-0000-0000-0000-000000202DD5}
T{00000000-0000-0000-0000-00000005C480}
T{00000000-0000-0000-0000-00000014E7E7}
T{00000000-0000-0000-0000-0000002D0C18}
T{00000000-0000-0000-0000-000000298D14}
T{00000000-0000-0000-0000-0000002088FF}
T{00000000-0000-0000-0000-0000001637A1}
F{00000000-0000-0000-0000-00000033A0BA}
T{00000000-0000-0000-0000-000000333DDA}
T{00000000-0000-0000-0000-00000026CFA0}
T{00000000-0000-0000-0000-00000009E11D}
T{00000000-0000-0000-0000-0000002F5813}
T{00000000-0000-0000-0000-000000202FBE}
T{00000000-0000-0000-0000-0000000C4D94}
T{00000000-0000-0000-0000-00000020BB1F}
T{00000000-0000-0000-0000-0000002C1423}
T{00000000-0000-0000-0000-0000002031C8}
T{00000000-0000-0000-0000-000000158105}
T{00000000-0000-0000-0000-000000213C92}
T{00000000-0000-0000-0000-000000127E82}
T{00000000-0000-0000-0000-000000336110}
T{00000000-0000-0000-0000-000000124F32}
T{00000000-0000-0000-0000-000000080ACA}
T{00000000-0000-0000-0000-0000002E06A7}
T{00000000-0000-0000-0000-0000002D2C17}
T{00000000-0000-0000-0000-000000335C2A}
T{00000000-0000-0000-0000-00000029FE0E}
T{00000000-0000-0000-0000-0000002644FE}
T{00000000-0000-0000-0000-0000000FAEA5}
F{00000000-0000-0000-0000-000000201834}
T{00000000-0000-0000-0000-0000002E0FBD}
T{00000000-0000-0000-0000-0000001734A4}
T{00000000-0000-0000-0000-0000002BCFBB}
F{00000000-0000-0000-0000-0000001450FF}
T{00000000-0000-0000-0000-0000002BBA2E}
T{00000000-0000-0000-0000-00000003C1D9}
F{00000000-0000-0000-0000-0000001D0611}
T{00000000-0000-0000-0000-0000000BDB9E}
T{00000000-0000-0000-0000-000000304874}
T{00000000-0000-0000-0000-000000279F08}
T{00000000-0000-0000-0000-00000020BB1F}
T{00000000-0000-0000-0000-0000001198E7}
T{00000000-0000-0000-0000-0000001DD2E8}
T{00000000-0000-0000-0000-0000000BE9B6}
T{00000000-0000-0000-0000-00000023FA22}
T{00000000-0000-0000-0000-00000016FB0E}
F{00000000-0000-0000-0000-0000000081B9}
T{00000000-0000-0000-0000-000000197A9A}
T{00000000-0000-0000-0000-00000020C0E0}
T{00000000-0000-0000-0000-00000025D734}
T{00000000-0000-0000-0000-000000263535}
T{00000000-0000-0000-0000-00000026BE73}
T{00000000-0000-0000-0000-00000010F4D3}
T{00000000-0000-0000-0000-00000011215C}
T{00000000-0000-0000-0000-000000049748}
T{00000000-0000-0000-0000-0000001654C1}
T{00000000-0000-0000-0000-000000144E9C}
T{00000000-0000-0000-0000-0000001685A8}
T{00000000-0000-0000-0000-00000033A9DE}
F{00000000-0000-0000-0000-000000200AD1}
F{00000000-0000-0000-0000-0000002CABB9}
T{00000000-0000-0000-0000-0000002768FA}
T{00000000-0000-0000-0000-00000024A9F3}
T{00000000-0000-0000-0000-0000002D3CE4}
T{00000000-0000-0000-0000-0000002902FC}
T{00000000-0000-0000-0000-000000065CA1}
T{00000000-0000-0000-0000-000000207653}
T{00000000-0000-0000-0000-0000000278E6}
T{00000000-0000-0000-0000-00000027FBA0}
T{00000000-0000-0000-0000-0000000FF60F}
T{00000000-0000-0000-0000-00000011927D}
F{00000000-0000-0000-0000-0000002C69FD}
T{00000000-0000-0000-0000-0000001A5C09}
T{00000000-0000-0000-0000-000000184086}
T{00000000-0000-0000-0000-0000000C98C0}
T{00000000-0000-0000-0000-00000012E0D1}
T{00000000-0000-0000-0000-0000002429C2}
T{00000000-0000-0000-0000-0000002BCFBB}
T{00000000-0000-0000-0000-000000197A47}
T{00000000-0000-0000-0000-0000001CE9EA}
T{00000000-0000-0000-0000-0000002F9D8A}
T{00000000-0000-0000-0000-0000001717A2}
T{00000000-0000-0000-0000-000000207457}
T{00000000-0000-0000-0000-0000001C07B2}
T{00000000-0000-0000-0000-000000223456}
T{00000000-0000-0000-0000-000000314AA2}
T{00000000-0000-0000-0000-0000001ADB89}
T{00000000-0000-0000-0000-000000335BCA}
T{00000000-0000-0000-0000-00000001CA95}
T{00000000-0000-0000-0000-0000001EA2B9}
T{00000000-0000-0000-0000-00000014E633}
T{00000000-0000-0000-0000-0000001899BB}
F{00000000-0000-0000-0000-0000001DC846}
T{00000000-0000-0000-0000-000000011B19}
T{00000000-0000-0000-0000-000000147F5A}
T{00000000-0000-0000-0000-00000025E04E}
T{00000000-0000-0000-0000-000000181874}
T{00000000-0000-0000-0000-00000013DF2B}
T{00000000-0000-0000-0000-0000002B7A82}
F{00000000-0000-0000-0000-00000026F535}
T{00000000-0000-0000-0000-000000287D11}
T{00000000-0000-0000-0000-0000002ED01C}
T{00000000-0000-0000-0000-0000002950B5}
T{00000000-0000-0000-0000-0000000C4B59}
T{00000000-0000-0000-0000-0000002AB7DF}
T{00000000-0000-0000-0000-000000229474}
T{00000000-0000-0000-0000-00000030BE75}
F{00000000-0000-0000-0000-0000000D1941}
T{00000000-0000-0000-0000-00000028073D}
T{00000000-0000-0000-0000-0000001986D9}
T{00000000-0000-0000-0000-0000002A1FAE}
F{00000000-0000-0000-0000-000000212CBD}
T{00000000-0000-0000-0000-000000033B08}
T{00000000-0000-0000-0000-00000007C54C}
F{00000000-0000-0000-0000-0000001024E5}
T{00000000-0000-0000-0000-00000001C192}
T{00000000-0000-0000-0000-0000002AD55C}
T{00000000-0000-0000-0000-000000047CD3}
T{00000000-0000-0000-0000-00000014FABD}
T{00000000-0000-0000-0000-000000052190}
T{00000000-0000-0000-0000-0000003302FC}
T{00000000-0000-0000-0000-00000025DEF8}
T{00000000-0000-0000-0000-0000000F181F}
T{00000000-0000-0000-0000-00000010567B}
F{00000000-0000-0000-0000-00000004C733}
T{00000000-0000-0000-0000-00000023E5B8}
T{00000000-0000-0000-0000-000000044074}
T{00000000-0000-0000-0000-00000020279E}
T{00000000-0000-0000-0000-000000303383}
T{00000000-0000-0000-0000-00000024A8BF}
T{00000000-0000-0000-0000-00000005A0C6}
T{00000000-0000-0000-0000-0000002027E6}
T{00000000-0000-0000-0000-00000003C95D}
T{00000000-0000-0000-0000-0000002F8823}
T{00000000-0000-0000-0000-000000271B41}
T{00000000-0000-0000-0000-0000003150EC}
T{00000000-0000-0000-0000-0000001021B6}
T{00000000-0000-0000-0000-0000001B2068}
T{00000000-0000-0000-0000-00000002C34C}
T{00000000-0000-0000-0000-00000021EE06}
T{00000000-0000-0000-0000-0000002F5813}
T{00000000-0000-0000-0000-00000021CAE8}
T{00000000-0000-0000-0000-000000232E02}
F{00000000-0000-0000-0000-000000046E9C}
T{00000000-0000-0000-0000-00000005EC0D}
T{00000000-0000-0000-0000-0000000FDB9E}
T{00000000-0000-0000-0000-00000008A69D}
T{00000000-0000-0000-0000-00000007A926}
T{00000000-0000-0000-0000-0000000B1140}
T{00000000-0000-0000-0000-00000018C01E}
T{00000000-0000-0000-0000-00000017B691}
T{00000000-0000-0000-0000-000000200468}
T{00000000-0000-0000-0000-00000001A8F4}
T{00000000-0000-0000-0000-0000000304B6}
F{00000000-0000-0000-0000-0000000ABEBE}
F{00000000-0000-0000-0000-00000014D038}
T{00000000-0000-0000-0000-000000215EDC}
T{00000000-0000-0000-0000-0000002D8F80}
T{00000000-0000-0000-0000-0000002B3883}
T{00000000-0000-0000-0000-00000016FAD3}
T{00000000-0000-0000-0000-00000025AECA}
F{00000000-0000-0000-0000-00000025B34A}
T{00000000-0000-0000-0000-000000335F4A}
T{00000000-0000-0000-0000-0000001DA41E}
T{00000000-0000-0000-0000-000000028823}
T{00000000-0000-0000-0000-00000004864B}
T{00000000-0000-0000-0000-000000253E30}
T{00000000-0000-0000-0000-0000000D2101}
T{00000000-0000-0000-0000-00000032E3F3}
T{00000000-0000-0000-0000-0000002AD55C}
T{00000000-0000-0000-0000-00000000EC9E}
T{00000000-0000-0000-0000-0000000FD726}
T{00000000-0000-0000-0000-00000009A733}
T{00000000-0000-0000-0000-0000001F1366}
T{00000000-0000-0000-0000-00000005500A}
T{00000000-0000-0000-0000-000000321B4A}
T{00000000-0000-0000-0000-0000001734A4}
T{00000000-0000-0000-0000-0000002E4C7F}
T{00000000-0000-0000-0000-00000033AE9F}
T{00000000-0000-0000-0000-00000001B531}
T{00000000-0000-0000-0000-000000020859}
T{00000000-0000-0000-0000-00000000E493}
T{00000000-0000-0000-0000-0000001F7136}
T{00000000-0000-0000-0000-0000001BB187}
T{00000000-0000-0000-0000-00000029031D}
F{00000000-0000-0000-0000-00000031F7C3}
T{00000000-0000-0000-0000-0000002836C7}
T{00000000-0000-0000-0000-0000002C6F6B}
T{00000000-0000-0000-0000-000000043B45}
T{00000000-0000-0000-0000-00000011EAA7}
T{00000000-0000-0000-0000-000000100099}
T{00000000-0000-0000-0000-00000024A8BF}
T{00000000-0000-0000-0000-00000004ADEE}
T{00000000-0000-0000-0000-0000000EFDF8}
T{00000000-0000-0000-0000-000000106331}
T{00000000-0000-0000-0000-0000002D0C18}
F{00000000-0000-0000-0000-000000119E8F}
T{00000000-0000-0000-0000-0000000D2E41}
T{00000000-0000-0000-0000-000000080077}
T{00000000-0000-0000-0000-000000292878}
T{00000000-0000-0000-0000-000000169E95}
T{00000000-0000-0000-0000-000000029296}
F{00000000-0000-0000-0000-0000002F81C4}
T{00000000-0000-0000-0000-000000241984}
T{00000000-0000-0000-0000-0000000BF8B3}
T{00000000-0000-0000-0000-00000009E39E}
F{00000000-0000-0000-0000-0000002FC356}
T{00000000-0000-0000-0000-000000213BFB}
T{00000000-0000-0000-0000-00000002793F}
F{00000000-0000-0000-0000-00000006CBEB}
T{00000000-0000-0000-0000-0000000EE209}
T{00000000-0000-0000-0000-000000249EBF}
T{00000000-0000-0000-0000-00000003B877}
T{00000000-0000-0000-0000-0000001347F9}
T{00000000-0000-0000-0000-0000002D40A9}
T{00000000-0000-0000-0000-000000335636}
T{00000000-0000-0000-0000-00000000F4CC}
T{00000000-0000-0000-0000-0000000D9181}
T{00000000-0000-0000-0000-000000018F25}
T{00000000-0000-0000-0000-0000000D3BC0}
T{00000000-0000-0000-0000-0000001C5FFE}
T{00000000-0000-0000-0000-00000022F04D}
T{00000000-0000-0000-0000-0000001FBDD3}
T{00000000-0000-0000-0000-000000215EDC}
T{00000000-0000-0000-0000-00000012D86F}
T{00000000-0000-0000-0000-00000030B4B6}
T{00000000-0000-0000-0000-0000000ECC6E}
F{00000000-0000-0000-0000-00000018264F}
T{00000000-0000-0000-0000-00000018AFAE}
T{00000000-0000-0000-0000-0000002B51DE}
T{00000000-0000-0000-0000-0000000D5EC4}
F{00000000-0000-0000-0000-0000002F51EC}
T{00000000-0000-0000-0000-00000008C84F}
T{00000000-0000-0000-0000-000000119E8F}
T{00000000-0000-0000-0000-0000001B51E5}
T{00000000-0000-0000-0000-00000025B204}
T{00000000-0000-0000-0000-000000081045}
T{00000000-0000-0000-0000-0000002776AA}
T{00000000-0000-0000-0000-000000332107}
F{00000000-0000-0000-0000-0000000B6F8C}
T{00000000-0000-0000-0000-00000027FBA0}
T{00000000-0000-0000-0000-0000001BE854}
T{00000000-0000-0000-0000-0000002016D7}
F{00000000-0000-0000-0000-0000001AE318}
T{00000000-0000-0000-0000-0000000FD663}
T{00000000-0000-0000-0000-000000201F5D}
T{00000000-0000-0000-0000-0000000BAC45}
T{00000000-0000-0000-0000-00000020279E}
T{00000000-0000-0000-0000-00000006CB6D}
T{00000000-0000-0000-0000-000000130738}
T{00000000-0000-0000-0000-0000002DC1E2}
T{00000000-0000-0000-0000-0000002B1349}
T{00000000-0000-0000-0000-00000000E7E4}
T{00000000-0000-0000-0000-00000009D5B6}
T{00000000-0000-0000-0000-00000012FC02}
T{00000000-0000-0000-0000-0000001DBB5A}
T{00000000-0000-0000-0000-0000000CDEF1}
T{00000000-0000-0000-0000-000000007899}
T{00000000-0000-0000-0000-0000001AACA7}
T{00000000-0000-0000-0000-00000013E076}
T{00000000-0000-0000-0000-00000026F9FE}
T{00000000-0000-0000-0000-00000024139A}
T{00000000-0000-0000-0000-000000323BCC}
T{00000000-0000-0000-0000-0000000213AC}
T{00000000-0000-0000-0000-0000002631EE}
T{00000000-0000-0000-0000-00000005B6A7}
T{00000000-0000-0000-0000-000000141B67}
T{00000000-0000-0000-0000-00000029A5E0}
T{00000000-0000-0000-0000-0000001F2CC1}
T{00000000-0000-0000-0000-0000002EE02D}
T{00000000-0000-0000-0000-000000317998}
T{00000000-0000-0000-0000-00000011B46F}
T{00000000-0000-0000-0000-0000001A6636}
T{00000000-0000-0000-0000-0000000ED03A}
T{00000000-0000-0000-0000-0000000FA0F7}
T{00000000-0000-0000-0000-0000002AF553}
T{00000000-0000-0000-0000-000000273384}
T{00000000-0000-0000-0000-00000029694F}
T{00000000-0000-0000-0000-00000025217B}
T{00000000-0000-0000-0000-00000007BDF6}
F{00000000-0000-0000-0000-0000002579A9}
T{00000000-0000-0000-0000-0000000817F6}
T{00000000-0000-0000-0000-0000000120E8}
T{00000000-0000-0000-0000-00000006E7DA}
T{00000000-0000-0000-0000-0000001A2594}
T{00000000-0000-0000-0000-0000002ADBEC}
T{00000000-0000-0000-0000-0000002B47F4}
T{00000000-0000-0000-0000-00000010AA99}
T{00000000-0000-0000-0000-0000002480A3}
T{00000000-0000-0000-0000-0000000E5C4D}
T{00000000-0000-0000-0000-00000030F9B8}
T{00000000-0000-0000-0000-00000001AF3C}
T{00000000-0000-0000-0000-0000000A9CAE}
T{00000000-0000-0000-0000-0000001DDA57}
T{00000000-0000-0000-0000-0000002FBA45}
T{00000000-0000-0000-0000-0000001DDAC8}
T{00000000-0000-0000-0000-00000000F426}
T{00000000-0000-0000-0000-0000000A9245}
T{00000000-0000-0000-0000-000000301E2B}
T{00000000-0000-0000-0000-000000294238}
T{00000000-0000-0000-0000-00000010557B}
T{00000000-0000-0000-0000-0000002CEC45}
T{00000000-0000-0000-0000-0000002FD432}
T{00000000-0000-0000-0000-0000000E7925}
F{00000000-0000-0000-0000-0000000320BD}
T{00000000-0000-0000-0000-000000173628}
T{00000000-0000-0000-0000-000000081226}
F{00000000-0000-0000-0000-000000321648}
T{00000000-0000-0000-0000-00000021F999}
T{00000000-0000-0000-0000-00000026BC12}
T{00000000-0000-0000-0000-000000148F7C}
T{00000000-0000-0000-0000-00000009BBA0}
T{00000000-0000-0000-0000-0000000D2101}
T{00000000-0000-0000-0000-000000073689}
T{00000000-0000-0000-0000-000000021EAE}
T{00000000-0000-0000-0000-00000031B682}
T{00000000-0000-0000-0000-00000021BDD3}
T{00000000-0000-0000-0000-0000000594F5}
T{00000000-0000-0000-0000-0000002E03A5}
T{00000000-0000-0000-0000-000000260226}
T{00000000-0000-0000-0000-0000000F9D31}
T{00000000-0000-0000-0000-000000336793}
T{00000000-0000-0000-0000-0000000055B9}
T{00000000-0000-0000-0000-0000002A19C4}
F{00000000-0000-0000-0000-0000003253BF}
T{00000000-0000-0000-0000-0000000745FA}
T{00000000-0000-0000-0000-00000024CE98}
T{00000000-0000-0000-0000-000000121ED0}
F{00000000-0000-0000-0000-0000002BF197}
T{00000000-0000-0000-0000-00000001FA64}
F{00000000-0000-0000-0000-0000002640E9}
T{00000000-0000-0000-0000-0000000EFDF8}
T{00000000-0000-0000-0000-0000000FD663}
T{00000000-0000-0000-0000-0000002C928F}
T{00000000-0000-0000-0000-00000010F4D3}
T{00000000-0000-0000-0000-000000166E8F}
T{00000000-0000-0000-0000-000000204483}
T{00000000-0000-0000-0000-000000028BEA}
T{00000000-0000-0000-0000-00000013DF2B}
T{00000000-0000-0000-0000-0000001882B4}
T{00000000-0000-0000-0000-0000000F121F}
T{00000000-0000-0000-0000-000000074E1E}
T{00000000-0000-0000-0000-00000005E0A5}
F{00000000-0000-0000-0000-0000000A1515}
T{00000000-0000-0000-0000-00000005ED38}
T{00000000-0000-0000-0000-0000000F0447}
F{00000000-0000-0000-0000-000000093A80}
T{00000000-0000-0000-0000-0000002D536B}
T{00000000-0000-0000-0000-0000002AA350}
T{00000000-0000-0000-0000-000000098EE4}
T{00000000-0000-0000-0000-00000025B464}
T{00000000-0000-0000-0000-00000005FC80}
T{00000000-0000-0000-0000-0000000817F6}
T{00000000-0000-0000-0000-000000316671}
T{00000000-0000-0000-0000-0000002E16B1}
T{00000000-0000-0000-0000-00000006CB6D}
T{00000000-0000-0000-0000-0000002B8DD1}
T{00000000-0000-0000-0000-0000000A4849}
T{00000000-0000-0000-0000-000000103150}
T{00000000-0000-0000-0000-0000001CF32C}
T{00000000-0000-0000-0000-000000164C4C}
T{00000000-0000-0000-0000-000000091C36}
T{00000000-0000-0000-0000-00000026E6D2}
T{00000000-0000-0000-0000-0000002F7CFB}
T{00000000-0000-0000-0000-0000001FC332}
T{00000000-0000-0000-0000-0000000F4E23}
F{00000000-0000-0000-0000-00000031243B}
T{00000000-0000-0000-0000-00000019A0E0}
T{00000000-0000-0000-0000-00000010C44E}
T{00000000-0000-0000-0000-000000226AB6}
T{00000000-0000-0000-0000-00000000B535}
T{00000000-0000-0000-0000-00000030E621}
T{00000000-0000-0000-0000-0000003116D1}
T{00000000-0000-0000-0000-000000200778}
T{00000000-0000-0000-0000-0000001450FF}
T{00000000-0000-0000-0000-0000000EBEFB}
T{00000000-0000-0000-0000-0000001E806D}
F{00000000-0000-0000-0000-00000012EA12}
T{00000000-0000-0000-0000-0000000E7925}
T{00000000-0000-0000-0000-000000332B33}
T{00000000-0000-0000-0000-0000001C6221}
T{00000000-0000-0000-0000-000000176DC3}
T{00000000-0000-0000-0000-00000030EF03}
T{00000000-0000-0000-0000-000000043569}
T{00000000-0000-0000-0000-00000029D695}
T{00000000-0000-0000-0000-000000335229}
T{00000000-0000-0000-0000-00000020C0E0}
T{00000000-0000-0000-0000-0000001EB17F}
T{00000000-0000-0000-0000-0000002704B0}
T{00000000-0000-0000-0000-00000025D2A9}
T{00000000-0000-0000-0000-00000016276F}
F{00000000-0000-0000-0000-000000053E0D}
F{00000000-0000-0000-0000-000000046E9C}
T{00000000-0000-0000-0000-00000011EFD7}
T{00000000-0000-0000-0000-0000001AC6FB}
T{00000000-0000-0000-0000-000000305281}
T{00000000-0000-0000-0000-0000002B47F4}
T{00000000-0000-0000-0000-000000096C07}
T{00000000-0000-0000-0000-00000007C603}
T{00000000-0000-0000-0000-00000025DEF8}
T{00000000-0000-0000-0000-000000277A60}
T{00000000-0000-0000-0000-000000247BB0}
T{00000000-0000-0000-0000-00000023EBA1}
T{00000000-0000-0000-0000-00000011E062}
T{00000000-0000-0000-0000-000000234DCB}
T{00000000-0000-0000-0000-000000311C12}
T{00000000-0000-0000-0000-00000008CA13}
T{00000000-0000-0000-0000-0000000BF71F}
T{00000000-0000-0000-0000-0000001153E3}
T{00000000-0000-0000-0000-00000011FE7F}
T{00000000-0000-0000-0000-000000287893}
T{00000000-0000-0000-0000-0000000EFDF8}
T{00000000-0000-0000-0000-0000000B0FB5}
T{00000000-0000-0000-0000-0000002F8588}
T{00000000-0000-0000-0000-0000000B2A43}
F{00000000-0000-0000-0000-00000027D7FB}
T{00000000-0000-0000-0000-0000002BE19E}
T{00000000-0000-0000-0000-00000032BEB2}
T{00000000-0000-0000-0000-000000183729}
T{00000000-0000-0000-0000-0000000E64AE}
F{00000000-0000-0000-0000-0000001FE216}
T{00000000-0000-0000-0000-0000000D53FE}
T{00000000-0000-0000-0000-0000003253BF}
T{00000000-0000-0000-0000-0000001D9AAB}
T{00000000-0000-0000-0000-0000000F4D41}
T{00000000-0000-0000-0000-000000098503}
F{00000000-0000-0000-0000-000000106389}
T{00000000-0000-0000-0000-0000000396B7}
T{00000000-0000-0000-0000-000000104231}
F{00000000-0000-0000-0000-0000000BBB6E}
T{00000000-0000-0000-0000-0000001EC473}
T{00000000-0000-0000-0000-000000140CAE}
T{00000000-0000-0000-0000-00000032E508}
T{00000000-0000-0000-0000-0000002EE799}
T{00000000-0000-0000-0000-0000000DBAAE}
T{00000000-0000-0000-0000-000000170C39}
T{00000000-0000-0000-0000-0000002ACC91}
T{00000000-0000-0000-0000-0000002E4C9E}
T{00000000-0000-0000-0000-000000021549}
T{00000000-0000-0000-0000-000000013112}
T{00000000-0000-0000-0000-000000200384}
T{00000000-0000-0000-0000-000000237F3D}
T{00000000-0000-0000-0000-0000002D0A1C}
T{00000000-0000-0000-0000-0000000FB32B}
T{00000000-0000-0000-0000-000000042789}
T{00000000-0000-0000-0000-0000002D517B}
F{00000000-0000-0000-0000-0000001713CD}
T{00000000-0000-0000-0000-0000002CC8D4}
T{00000000-0000-0000-0000-00000011BF9A}
F{00000000-0000-0000-0000-00000009551A}
T{00000000-0000-0000-0000-000000214637}
T{00000000-0000-0000-0000-00000009F92A}
T{00000000-0000-0000-0000-000000227862}
T{00000000-0000-0000-0000-0000002CA95A}
T{00000000-0000-0000-0000-00000013C027}
T{00000000-0000-0000-0000-0000001094D2}
T{00000000-0000-0000-0000-00000024E76B}
T{00000000-0000-0000-0000-0000000BCA0B}
T{00000000-0000-0000-0000-000000033A9F}
T{00000000-0000-0000-0000-00000012EA12}
T{00000000-0000-0000-0000-00000007A90A}
T{00000000-0000-0000-0000-0000002C5DB2}
T{00000000-0000-0000-0000-0000002995E2}
T{00000000-0000-0000-0000-00000018CAB9}
T{00000000-0000-0000-0000-000000207E34}
T{00000000-0000-0000-0000-00000011AA6D}
T{00000000-0000-0000-0000-00000023EBA1}
T{00000000-0000-0000-0000-000000022FC1}
T{00000000-0000-0000-0000-000000325445}
T{00000000-0000-0000-0000-000000045B32}
T{00000000-0000-0000-0000-000000197969}
T{00000000-0000-0000-0000-0000001BF8EE}
T{00000000-0000-0000-0000-000000253AA6}
T{00000000-0000-0000-0000-00000033AE9F}
T{00000000-0000-0000-0000-000000061020}
T{00000000-0000-0000-0000-0000002D2C17}
T{00000000-0000-0000-0000-0000001BD3E4}
T{00000000-0000-0000-0000-00000006C6BE}
T{00000000-0000-0000-0000-00000016E022}
T{00000000-0000-0000-0000-00000003F9FA}
T{00000000-0000-0000-0000-00000028BC29}
T{00000000-0000-0000-0000-0000002ED048}
T{00000000-0000-0000-0000-00000013B0F8}
T{00000000-0000-0000-0000-0000002F81C4}
T{00000000-0000-0000-0000-000000153FDF}
T{00000000-0000-0000-0000-0000002B9C7A}
T{00000000-0000-0000-0000-0000002EE02D}
T{00000000-0000-0000-0000-00000005EC6A}
T{00000000-0000-0000-0000-00000014FABD}
T{00000000-0000-0000-0000-00000018B369}
T{00000000-0000-0000-0000-00000003D1A9}
T{00000000-0000-0000-0000-0000002E4707}
T{00000000-0000-0000-0000-000000314A2B}
T{00000000-0000-0000-0000-0000002D536B}
T{00000000-0000-0000-0000-0000000917E9}
F{00000000-0000-0000-0000-00000000D30C}
T{00000000-0000-0000-0000-000000031168}
T{00000000-0000-0000-0000-000000294238}
T{00000000-0000-0000-0000-000000215580}
T{00000000-0000-0000-0000-000000248B49}
T{00000000-0000-0000-0000-0000002BCFBB}
T{00000000-0000-0000-0000-000000262957}
T{00000000-0000-0000-0000-0000002DB934}
T{00000000-0000-0000-0000-00000010EFAA}
T{00000000-0000-0000-0000-00000001C181}
T{00000000-0000-0000-0000-0000001B6B37}
T{00000000-0000-0000-0000-00000020B4A2}
T{00000000-0000-0000-0000-0000001F3390}
T{00000000-0000-0000-0000-0000000EBF6D}
T{00000000-0000-0000-0000-0000001021B6}
T{00000000-0000-0000-0000-0000002667D3}
T{00000000-0000-0000-0000-00000016DBC5}
T{00000000-0000-0000-0000-000000232E02}
T{00000000-0000-0000-0000-00000012E04C}
T{00000000-0000-0000-0000-00000032D27B}
T{00000000-0000-0000-0000-000000303383}
T{00000000-0000-0000-0000-00000025956D}
T{00000000-0000-0000-0000-00000000513B}
T{00000000-0000-0000-0000-00000000F2C2}
T{00000000-0000-0000-0000-00000013E506}
T{00000000-0000-0000-0000-000000312624}
T{00000000-0000-0000-0000-0000003126C8}
T{00000000-0000-0000-0000-0000001E95C6}
T{00000000-0000-0000-0000-0000002FBA45}
T{00000000-0000-0000-0000-00000005BD19}
T{00000000-0000-0000-0000-00000014455B}
F{00000000-0000-0000-0000-00000004133E}
T{00000000-0000-0000-0000-000000270882}
T{00000000-0000-0000-0000-000000053E0D}
T{00000000-0000-0000-0000-0000001D1493}
T{00000000-0000-0000-0000-0000002F7E3D}
T{00000000-0000-0000-0000-0000003394A4}
T{00000000-0000-0000-0000-00000001AF3C}
T{00000000-0000-0000-0000-0000000FA0B1}
T{00000000-0000-0000-0000-00000002B53F}
F{00000000-0000-0000-0000-00000007D743}
T{00000000-0000-0000-0000-0000002A20EB}
T{00000000-0000-0000-0000-0000001A640F}
T{00000000-0000-0000-0000-0000002CF029}
T{00000000-0000-0000-0000-000000271B24}
T{00000000-0000-0000-0000-0000001D22D2}
T{00000000-0000-0000-0000-0000002BDCEA}
T{00000000-0000-0000-0000-000000061020}
T{00000000-0000-0000-0000-0000002BD229}
T{00000000-0000-0000-0000-000000054993}
T{00000000-0000-0000-0000-00000013A8DC}
T{00000000-0000-0000-0000-00000003F9FA}
T{00000000-0000-0000-0000-0000002645D9}
T{00000000-0000-0000-0000-000000203F45}
T{00000000-0000-0000-0000-00000026D480}
T{00000000-0000-0000-0000-0000000F5AF9}
T{00000000-0000-0000-0000-000000061B03}
T{00000000-0000-0000-0000-00000030BCBF}
F{00000000-0000-0000-0000-0000002A974A}
T{00000000-0000-0000-0000-000000100F68}
T{00000000-0000-0000-0000-0000002E9D90}
T{00000000-0000-0000-0000-000000296564}
T{00000000-0000-0000-0000-0000000FA0B1}
T{00000000-0000-0000-0000-00000026FF1F}
T{00000000-0000-0000-0000-00000017183E}
T{00000000-0000-0000-0000-0000001E0592}
T{00000000-0000-0000-0000-0000000AFACB}
T{00000000-0000-0000-0000-00000018C01E}
T{00000000-0000-0000-0000-00000007687C}
T{00000000-0000-0000-0000-0000001AEBA7}
T{00000000-0000-0000-0000-000000118C64}
T{00000000-0000-0000-0000-000000248725}
T{00000000-0000-0000-0000-000000152BE0}
T{00000000-0000-0000-0000-0000000D1941}
T{00000000-0000-0000-0000-000000097502}
T{00000000-0000-0000-0000-0000000917E9}
T{00000000-0000-0000-0000-0000000A6FED}
T{00000000-0000-0000-0000-0000001B8C6D}
T{00000000-0000-0000-0000-0000000DD911}
T{00000000-0000-0000-0000-00000011608D}
T{00000000-0000-0000-0000-0000002B42AB}
T{00000000-0000-0000-0000-000000154021}
T{00000000-0000-0000-0000-00000005EC6A}
T{00000000-0000-0000-0000-0000002A20EB}
T{00000000-0000-0000-0000-00000006BD98}
T{00000000-0000-0000-0000-000000276115}
T{00000000-0000-0000-0000-000000218924}
T{00000000-0000-0000-0000-0000001BF328}
T{00000000-0000-0000-0000-00000007865D}
