T{00000000-0000-0000-0000-000000073689}
T{00000000-0000-0000-0000-0000001430A3}
T{00000000-0000-0000-0000-00000030EF6D}
T{00000000-0000-0000-0000-0000002A27DD}
T{00000000-0000-0000-0000-0000000C8378}
T{00000000-0000-0000-0000-0000000BAC0E}
T{00000000-0000-0000-0000-0000002E21D7}
T{00000000-0000-0000-0000-0000002429DA}
T{00000000-0000-0000-0000-000000335D62}
T{00000000-0000-0000-0000-00000026B724}
T{00000000-0000-0000-0000-00000031078D}
T{00000000-0000-0000-0000-00000020F484}
T{00000000-0000-0000-0000-00000014BE69}
T{00000000-0000-0000-0000-0000001262D7}
F{00000000-0000-0000-0000-0000002D3E8C}
T{00000000-0000-0000-0000-0000001731F1}
T{00000000-0000-0000-0000-0000001A7825}
T{00000000-0000-0000-0000-0000002EB572}
T{00000000-0000-0000-0000-0000001847C3}
T{00000000-0000-0000-0000-0000002D65F5}
T{00000000-0000-0000-0000-0000001B2F2F}
T{00000000-0000-0000-0000-000000336793}
T{00000000-0000-0000-0000-00000008F05A}
T{00000000-0000-0000-0000-000000120E6F}
T{00000000-0000-0000-0000-0000002A3C87}
T{00000000-0000-0000-0000-000000165C49}
T{00000000-0000-0000-0000-0000000478C7}
T{00000000-0000-0000-0000-000000158CBF}
T{00000000-0000-0000-0000-000000163148}
T{00000000-0000-0000-0000-000000244EBD}
T{00000000-0000-0000-0000-00000030C823}
T{00000000-0000-0000-0000-0000001D498E}
T{00000000-0000-0000-0000-0000001DB5F0}
T{00000000-0000-0000-0000-0000000982BD}
T{00000000-0000-0000-0000-0000000E1D19}
T{00000000-0000-0000-0000-00000003E8D3}
T{00000000-0000-0000-0000-00000017998A}
F{00000000-0000-0000-0000-000000273789}
F{00000000-0000-0000-0000-0000000FEC4B}
T{00000000-0000-0000-0000-0000000D8D4F}
T{00000000-0000-0000-0000-00000009BA24}
F{00000000-0000-0000-0000-000000194740}
T{00000000-0000-0000-0000-0000000A11FC}
T{00000000-0000-0000-0000-000000132EF8}
T{00000000-0000-0000-0000-000000090902}
T{00000000-0000-0000-0000-0000002EC3A1}
T{00000000-0000-0000-0000-00000026A1C7}
T{00000000-0000-0000-0000-0000000F3E8F}
F{00000000-0000-0000-0000-0000001B6EF6}
T{00000000-0000-0000-0000-00000008C61B}
T{00000000-0000-0000-0000-0000000C435F}
T{00000000-0000-0000-0000-000000212706}
T{00000000-0000-0000-0000-00000011D496}
T{00000000-0000-0000-0000-00000007F078}
T{00000000-0000-0000-0000-000000035E0B}
T{00000000-0000-0000-0000-0000002A74E0}
F{00000000-0000-0000-0000-0000000A1C51}
T{00000000-0000-0000-0000-0000001916C0}
T{00000000-0000-0000-0000-000000117837}
T{00000000-0000-0000-0000-000000111F8E}
T{00000000-0000-0000-0000-0000002FD1BE}
T{00000000-0000-0000-0000-0000002655A0}
T{00000000-0000-0000-0000-0000001C7ADD}
T{00000000-0000-0000-0000-000000052FAB}
T{00000000-0000-0000-0000-0000000C3652}
T{00000000-0000-0000-0000-00000018D14D}
T{00000000-0000-0000-0000-0000001BF1B8}
T{00000000-0000-0000-0000-0000000FDD08}
T{00000000-0000-0000-0000-000000241392}
T{00000000-0000-0000-0000-0000000BB0DD}
T{00000000-0000-0000-0000-0000000BBFFC}
T{00000000-0000-0000-0000-000000327A68}
T{00000000-0000-0000-0000-0000001ED6E0}
T{00000000-0000-0000-0000-00000024BF7A}
T{00000000-0000-0000-0000-00000029EA62}
T{00000000-0000-0000-0000-0000001FBB96}
T{00000000-0000-0000-0000-00000024128D}
T{00000000-0000-0000-0000-000000157E00}
T{00000000-0000-0000-0000-000000169FF1}
T{00000000-0000-0000-0000-0000002D0AAD}
T{00000000-0000-0000-0000-00000015B9C6}
T{00000000-0000-0000-0000-000000043636}
T{00000000-0000-0000-0000-000000088B56}
T{00000000-0000-0000-0000-000000202BD3}
T{00000000-0000-0000-0000-00000006903D}
T{00000000-0000-0000-0000-0000002E02A6}
T{00000000-0000-0000-0000-00000011EAE1}
T{00000000-0000-0000-0000-0000002558D5}
T{00000000-0000-0000-0000-0000000CB2D4}
T{00000000-0000-0000-0000-000000008092}
T{00000000-0000-0000-0000-00000000EF5D}
F{00000000-0000-0000-0000-00000020F2D8}
F{00000000-0000-0000-0000-000000036030}
T{00000000-0000-0000-0000-0000001D0611}
F{00000000-0000-0000-0000-000000331C4E}
T{00000000-0000-0000-0000-0000002D3CE4}
T{00000000-0000-0000-0000-00000003D1A9}
T{00000000-0000-0000-0000-000000094F35}
T{00000000-0000-0000-0000-0000000A535F}
T{00000000-0000-0000-0000-0000001ECF46}
T{00000000-0000-0000-0000-0000000C43AC}
T{00000000-0000-0000-0000-0000000E1624}
T{00000000-0000-0000-0000-00000014D038}
T{00000000-0000-0000-0000-000000062468}
T{00000000-0000-0000-0000-0000001D339F}
T{00000000-0000-0000-0000-000000132EF8}
T{00000000-0000-0000-0000-000000275A7C}
T{00000000-0000-0000-0000-000000052FAB}
T{00000000-0000-0000-0000-000000282223}
T{00000000-0000-0000-0000-00000021D56B}
T{00000000-0000-0000-0000-000000145EF4}
T{00000000-0000-0000-0000-00000022D855}
T{00000000-0000-0000-0000-00000009D787}
T{00000000-0000-0000-0000-00000030EAAF}
T{00000000-0000-0000-0000-000000234DA8}
F{00000000-0000-0000-0000-0000002CABB9}
T{00000000-0000-0000-0000-00000014A097}
F{00000000-0000-0000-0000-00000020A68D}
T{00000000-0000-0000-0000-0000000DBAAE}
T{00000000-0000-0000-0000-0000000160B6}
T{00000000-0000-0000-0000-00000032F66F}
T{00000000-0000-0000-0000-000000333ECB}
T{00000000-0000-0000-0000-0000000C4AFF}
F{00000000-0000-0000-0000-0000001226E2}
T{00000000-0000-0000-0000-00000006FA4F}
T{00000000-0000-0000-0000-00000032379E}
T{00000000-0000-0000-0000-0000002FB021}
T{00000000-0000-0000-0000-0000000C5C8E}
T{00000000-0000-0000-0000-0000001838E3}
T{00000000-0000-0000-0000-00000031F7C3}
T{00000000-0000-0000-0000-00000013A90F}
T{00000000-0000-0000-0000-0000002F9E2D}
T{00000000-0000-0000-0000-00000025BC9A}
T{00000000-0000-0000-0000-0000002D348F}
T{00000000-0000-0000-0000-00000030255D}
T{00000000-0000-0000-0000-000000047CB1}
T{00000000-0000-0000-0000-000000270F6A}
T{00000000-0000-0000-0000-000000335F4A}
T{00000000-0000-0000-0000-0000001B7160}
T{00000000-0000-0000-0000-00000005A0C6}
T{00000000-0000-0000-0000-0000002BE590}
T{00000000-0000-0000-0000-0000000CEA36}
T{00000000-0000-0000-0000-000000207578}
T{00000000-0000-0000-0000-00000011DB6D}
T{00000000-0000-0000-0000-000000043636}
T{00000000-0000-0000-0000-000000165DBF}
T{00000000-0000-0000-0000-0000000565FB}
T{00000000-0000-0000-0000-000000144108}
T{00000000-0000-0000-0000-0000001AE2F6}
T{00000000-0000-0000-0000-000000034EC9}
T{00000000-0000-0000-0000-00000022E947}
T{00000000-0000-0000-0000-00000025DD4B}
T{00000000-0000-0000-0000-000000052240}
T{00000000-0000-0000-0000-00000022712E}
T{00000000-0000-0000-0000-0000000F09A9}
T{00000000-0000-0000-0000-0000001341CE}
T{00000000-0000-0000-0000-00000025CC06}
T{00000000-0000-0000-0000-000000303D82}
T{00000000-0000-0000-0000-0000002C7EF2}
T{00000000-0000-0000-0000-000000277686}
T{00000000-0000-0000-0000-000000072EE7}
T{00000000-0000-0000-0000-000000030110}
T{00000000-0000-0000-0000-000000042023}
T{00000000-0000-0000-0000-000000167D8F}
T{00000000-0000-0000-0000-0000001ECBD7}
T{00000000-0000-0000-0000-00000016B0D0}
T{00000000-0000-0000-0000-0000002E6557}
T{00000000-0000-0000-0000-00000015B9C6}
T{00000000-0000-0000-0000-00000017704A}
T{00000000-0000-0000-0000-00000014523B}
T{00000000-0000-0000-0000-0000002F2324}
T{00000000-0000-0000-0000-000000201333}
T{00000000-0000-0000-0000-00000016354C}
T{00000000-0000-0000-0000-00000026C0F2}
T{00000000-0000-0000-0000-000000071854}
T{00000000-0000-0000-0000-0000000D202C}
T{00000000-0000-0000-0000-00000028A15F}
T{00000000-0000-0000-0000-0000001C666C}
T{00000000-0000-0000-0000-000000137DBB}
T{00000000-0000-0000-0000-0000001174B7}
T{00000000-0000-0000-0000-0000001E13B9}
T{00000000-0000-0000-0000-0000000B2186}
F{00000000-0000-0000-0000-00000020CCCA}
T{00000000-0000-0000-0000-0000000FA26B}
F{00000000-0000-0000-0000-00000011659A}
T{00000000-0000-0000-0000-0000001A610C}
T{00000000-0000-0000-0000-000000260226}
T{00000000-0000-0000-0000-0000002EB124}
T{00000000-0000-0000-0000-000000042C50}
T{00000000-0000-0000-0000-000000336480}
T{00000000-0000-0000-0000-000000326D67}
T{00000000-0000-0000-0000-0000000E2183}
T{00000000-0000-0000-0000-000000314CA8}
T{00000000-0000-0000-0000-00000011C7E3}
T{00000000-0000-0000-0000-0000001744F6}
T{00000000-0000-0000-0000-000000246345}
T{00000000-0000-0000-0000-00000026E65F}
T{00000000-0000-0000-0000-00000028B837}
T{00000000-0000-0000-0000-0000000E1C7F}
T{00000000-0000-0000-0000-000000183CD1}
T{00000000-0000-0000-0000-00000027CCB1}
T{00000000-0000-0000-0000-00000007F078}
T{00000000-0000-0000-0000-0000002C6C38}
T{00000000-0000-0000-0000-0000002D0AAD}
T{00000000-0000-0000-0000-000000148F29}
T{00000000-0000-0000-0000-0000001727F6}
F{00000000-0000-0000-0000-0000002131BD}
T{00000000-0000-0000-0000-00000026C1A9}
T{00000000-0000-0000-0000-0000000DFAF5}
T{00000000-0000-0000-0000-0000002E9EED}
T{00000000-0000-0000-0000-00000026E46B}
T{00000000-0000-0000-0000-000000018226}
T{00000000-0000-0000-0000-00000013FACD}
T{00000000-0000-0000-0000-000000002330}
T{00000000-0000-0000-0000-000000010730}
T{00000000-0000-0000-0000-0000000D974F}
T{00000000-0000-0000-0000-00000011402E}
T{00000000-0000-0000-0000-000000264A9A}
T{00000000-0000-0000-0000-0000003110A0}
T{00000000-0000-0000-0000-00000024B7A0}
T{00000000-0000-0000-0000-0000002CE150}
T{00000000-0000-0000-0000-0000000D80FB}
T{00000000-0000-0000-0000-0000001C287C}
T{00000000-0000-0000-0000-000000062B7E}
T{00000000-0000-0000-0000-000000335BCA}
T{00000000-0000-0000-0000-00000021056F}
T{00000000-0000-0000-0000-00000011DB6D}
T{00000000-0000-0000-0000-00000022CDC0}
T{00000000-0000-0000-0000-0000002B507A}
T{00000000-0000-0000-0000-00000015C5C4}
T{00000000-0000-0000-0000-000000059DC9}
T{00000000-0000-0000-0000-00000015AB9D}
T{00000000-0000-0000-0000-000000201333}
T{00000000-0000-0000-0000-000000274E03}
T{00000000-0000-0000-0000-0000001BD2AC}
T{00000000-0000-0000-0000-00000001EC7F}
T{00000000-0000-0000-0000-0000001BF05D}
T{00000000-0000-0000-0000-00000001C4BB}
T{00000000-0000-0000-0000-00000022389C}
T{00000000-0000-0000-0000-0000001AC384}
F{00000000-0000-0000-0000-000000093A80}
T{00000000-0000-0000-0000-00000022451C}
T{00000000-0000-0000-0000-00000027350B}
T{00000000-0000-0000-0000-0000000C4E30}
T{00000000-0000-0000-0000-0000001937CB}
T{00000000-0000-0000-0000-0000002C06BA}
T{00000000-0000-0000-0000-00000006D342}
T{00000000-0000-0000-0000-00000012B2B2}
T{00000000-0000-0000-0000-0000001062A3}
T{00000000-0000-0000-0000-00000019ED05}
T{00000000-0000-0000-0000-000000140CAE}
T{00000000-0000-0000-0000-0000002607ED}
T{00000000-0000-0000-0000-00000002A506}
T{00000000-0000-0000-0000-0000000DFAF5}
T{00000000-0000-0000-0000-0000002CAB28}
T{00000000-0000-0000-0000-0000000324C9}
T{00000000-0000-0000-0000-0000001E891C}
T{00000000-0000-0000-0000-0000002C167F}
T{00000000-0000-0000-0000-0000000AAB15}
T{00000000-0000-0000-0000-0000003156F8}
T{00000000-0000-0000-0000-0000001AC3FD}
T{00000000-0000-0000-0000-0000003171C7}
T{00000000-0000-0000-0000-00000002CB18}
T{00000000-0000-0000-0000-000000105E29}
T{00000000-0000-0000-0000-0000002005AF}
T{00000000-0000-0000-0000-000000017375}
T{00000000-0000-0000-0000-00000027D9C7}
T{00000000-0000-0000-0000-0000000E1B31}
T{00000000-0000-0000-0000-000000047883}
T{00000000-0000-0000-0000-000000220B3D}
T{00000000-0000-0000-0000-00000003DC07}
T{00000000-0000-0000-0000-000000089465}
T{00000000-0000-0000-0000-000000197A9A}
T{00000000-0000-0000-0000-0000002AAF34}
T{00000000-0000-0000-0000-000000062B7E}
T{00000000-0000-0000-0000-000000174B17}
T{00000000-0000-0000-0000-00000012F709}
T{00000000-0000-0000-0000-000000018540}
T{00000000-0000-0000-0000-000000067B4D}
T{00000000-0000-0000-0000-00000007CA58}
T{00000000-0000-0000-0000-00000032B0A7}
T{00000000-0000-0000-0000-000000234D27}
T{00000000-0000-0000-0000-000000209A9C}
T{00000000-0000-0000-0000-000000275B47}
T{00000000-0000-0000-0000-000000044B81}
T{00000000-0000-0000-0000-0000002F5139}
T{00000000-0000-0000-0000-00000009885C}
T{00000000-0000-0000-0000-000000168925}
T{00000000-0000-0000-0000-0000001FC5FB}
F{00000000-0000-0000-0000-000000270693}
T{00000000-0000-0000-0000-00000019C00E}
T{00000000-0000-0000-0000-00000009D68E}
T{00000000-0000-0000-0000-0000000F9EC8}
T{00000000-0000-0000-0000-000000171E94}
T{00000000-0000-0000-0000-000000163CED}
T{00000000-0000-0000-0000-000000175FEF}
T{00000000-0000-0000-0000-000000022FC1}
T{00000000-0000-0000-0000-000000147D0B}
T{00000000-0000-0000-0000-0000001BDAF9}
T{00000000-0000-0000-0000-0000000EE209}
T{00000000-0000-0000-0000-0000002CA500}
T{00000000-0000-0000-0000-0000000F6F30}
T{00000000-0000-0000-0000-0000000964BD}
T{00000000-0000-0000-0000-0000000BC544}
T{00000000-0000-0000-0000-0000000A8EF8}
T{00000000-0000-0000-0000-0000001778E3}
T{00000000-0000-0000-0000-00000025478C}
T{00000000-0000-0000-0000-0000000114A7}
T{00000000-0000-0000-0000-0000001A5599}
T{00000000-0000-0000-0000-0000003156F8}
T{00000000-0000-0000-0000-00000011EAB7}
T{00000000-0000-0000-0000-0000002C657F}
T{00000000-0000-0000-0000-00000007697F}
T{00000000-0000-0000-0000-00000009F821}
F{00000000-0000-0000-0000-00000009E1BD}
T{00000000-0000-0000-0000-000000021873}
T{00000000-0000-0000-0000-000000171858}
T{00000000-0000-0000-0000-000000050381}
T{00000000-0000-0000-0000-0000000ABF57}
T{00000000-0000-0000-0000-00000006CBEB}
T{00000000-0000-0000-0000-00000012F709}
T{00000000-0000-0000-0000-000000277686}
T{00000000-0000-0000-0000-0000002E2FFD}
T{00000000-0000-0000-0000-0000000B736B}
T{00000000-0000-0000-0000-0000000DAB70}
T{00000000-0000-0000-0000-0000000BDB51}
T{00000000-0000-0000-0000-000000268135}
T{00000000-0000-0000-0000-0000002B3095}
T{00000000-0000-0000-0000-000000165109}
T{00000000-0000-0000-0000-0000002EFD08}
T{00000000-0000-0000-0000-00000007FC7D}
T{00000000-0000-0000-0000-0000000B3CE8}
T{00000000-0000-0000-0000-0000002C7474}
T{00000000-0000-0000-0000-000000146786}
F{00000000-0000-0000-0000-00000022E947}
T{00000000-0000-0000-0000-0000000D9CC7}
T{00000000-0000-0000-0000-00000031312C}
T{00000000-0000-0000-0000-000000238E15}
T{00000000-0000-0000-0000-0000002B51DE}
T{00000000-0000-0000-0000-00000019F108}
T{00000000-0000-0000-0000-000000325A85}
T{00000000-0000-0000-0000-00000009AFDF}
T{00000000-0000-0000-0000-000000273789}
T{00000000-0000-0000-0000-00000008D824}
T{00000000-0000-0000-0000-000000224180}
T{00000000-0000-0000-0000-000000008092}
T{00000000-0000-0000-0000-000000244B87}
T{00000000-0000-0000-0000-0000000E02EA}
T{00000000-0000-0000-0000-0000001E284F}
T{00000000-0000-0000-0000-000000063DF8}
T{00000000-0000-0000-0000-000000287D11}
T{00000000-0000-0000-0000-0000002ECC1F}
T{00000000-0000-0000-0000-0000002FFF7B}
T{00000000-0000-0000-0000-00000013F4AB}
T{00000000-0000-0000-0000-00000005046B}
T{00000000-0000-0000-0000-000000048F9B}
T{00000000-0000-0000-0000-0000001ECF46}
T{00000000-0000-0000-0000-0000000E9B91}
T{00000000-0000-0000-0000-0000002AB29C}
T{00000000-0000-0000-0000-0000000CEA36}
T{00000000-0000-0000-0000-0000000A1515}
T{00000000-0000-0000-0000-0000000D5E13}
T{00000000-0000-0000-0000-0000002881CE}
T{00000000-0000-0000-0000-000000250A40}
T{00000000-0000-0000-0000-00000004E57A}
T{00000000-0000-0000-0000-0000002A8A45}
T{00000000-0000-0000-0000-0000000FBF69}
T{00000000-0000-0000-0000-0000002E8EE3}
T{00000000-0000-0000-0000-0000001B52D9}
T{00000000-0000-0000-0000-0000000290AA}
T{00000000-0000-0000-0000-0000000CE2D3}
T{00000000-0000-0000-0000-0000003171C7}
T{00000000-0000-0000-0000-00000023BD41}
T{00000000-0000-0000-0000-00000028049F}
T{00000000-0000-0000-0000-0000000D513E}
T{00000000-0000-0000-0000-00000003C9E7}
T{00000000-0000-0000-0000-00000002783A}
T{00000000-0000-0000-0000-0000000A1852}
F{00000000-0000-0000-0000-000000241392}
T{00000000-0000-0000-0000-0000002E2D07}
T{00000000-0000-0000-0000-000000067F41}
T{00000000-0000-0000-0000-0000002D7120}
T{00000000-0000-0000-0000-0000002E9EED}
T{00000000-0000-0000-0000-000000119542}
T{00000000-0000-0000-0000-000000115F88}
T{00000000-0000-0000-0000-00000027CDE9}
T{00000000-0000-0000-0000-00000011EAA7}
T{00000000-0000-0000-0000-000000281C90}
T{00000000-0000-0000-0000-000000144E4D}
F{00000000-0000-0000-0000-00000017EF5B}
T{00000000-0000-0000-0000-0000002D53FA}
T{00000000-0000-0000-0000-0000000C3A58}
T{00000000-0000-0000-0000-0000000E0F36}
T{00000000-0000-0000-0000-00000031312C}
T{00000000-0000-0000-0000-0000001E3540}
T{00000000-0000-0000-0000-0000001A5D10}
F{00000000-0000-0000-0000-0000000DD8B2}
T{00000000-0000-0000-0000-0000000E131D}
T{00000000-0000-0000-0000-00000004A91F}
T{00000000-0000-0000-0000-000000168037}
T{00000000-0000-0000-0000-0000002558AA}
T{00000000-0000-0000-0000-00000000C85C}
T{00000000-0000-0000-0000-0000000B09BA}
T{00000000-0000-0000-0000-000000330CF4}
T{00000000-0000-0000-0000-0000001794A3}
T{00000000-0000-0000-0000-00000008B88E}
F{00000000-0000-0000-0000-00000011BAB8}
T{00000000-0000-0000-0000-0000000DE13D}
T{00000000-0000-0000-0000-0000001C3847}
T{00000000-0000-0000-0000-00000026F0BD}
T{00000000-0000-0000-0000-00000030AA26}
T{00000000-0000-0000-0000-0000000B753E}
T{00000000-0000-0000-0000-0000002BC16C}
T{00000000-0000-0000-0000-0000001C6F76}
T{00000000-0000-0000-0000-0000002BD465}
T{00000000-0000-0000-0000-000000047883}
T{00000000-0000-0000-0000-0000001A12AD}
T{00000000-0000-0000-0000-000000090872}
T{00000000-0000-0000-0000-0000002F3F28}
T{00000000-0000-0000-0000-0000001C3847}
T{00000000-0000-0000-0000-0000001C4BDC}
T{00000000-0000-0000-0000-00000023DB4E}
T{00000000-0000-0000-0000-0000001BF05D}
T{00000000-0000-0000-0000-000000234DCB}
T{00000000-0000-0000-0000-00000015C5C4}
T{00000000-0000-0000-0000-000000254425}
T{00000000-0000-0000-0000-000000172C6C}
T{00000000-0000-0000-0000-00000012D597}
T{00000000-0000-0000-0000-0000000C3ED6}
T{00000000-0000-0000-0000-0000001069BB}
T{00000000-0000-0000-0000-0000000EF72B}
T{00000000-0000-0000-0000-00000007F0B1}
T{00000000-0000-0000-0000-00000011116B}
T{00000000-0000-0000-0000-0000000E6441}
T{00000000-0000-0000-0000-0000001D05EC}
T{00000000-0000-0000-0000-000000227286}
T{00000000-0000-0000-0000-000000314A39}
T{00000000-0000-0000-0000-00000027140B}
T{00000000-0000-0000-0000-0000000D48EA}
T{00000000-0000-0000-0000-000000219172}
T{00000000-0000-0000-0000-0000000B7EF9}
T{00000000-0000-0000-0000-00000006D342}
F{00000000-0000-0000-0000-000000040787}
T{00000000-0000-0000-0000-0000003137D0}
T{00000000-0000-0000-0000-00000019B600}
T{00000000-0000-0000-0000-00000000E36B}
T{00000000-0000-0000-0000-0000002F2C6C}
T{00000000-0000-0000-0000-0000001A143C}
T{00000000-0000-0000-0000-0000002A3C87}
T{00000000-0000-0000-0000-00000008A1FF}
T{00000000-0000-0000-0000-00000007D2AF}
T{00000000-0000-0000-0000-0000000F181F}
T{00000000-0000-0000-0000-000000018226}
T{00000000-0000-0000-0000-00000000EF5D}
T{00000000-0000-0000-0000-0000001B8CDE}
T{00000000-0000-0000-0000-0000000EBF2A}
T{00000000-0000-0000-0000-00000015B9C6}
T{00000000-0000-0000-0000-00000011E7D4}
F{00000000-0000-0000-0000-0000001B6EF6}
T{00000000-0000-0000-0000-0000001D9E77}
T{00000000-0000-0000-0000-00000006D342}
T{00000000-0000-0000-0000-00000021FD36}
T{00000000-0000-0000-0000-000000219530}
T{00000000-0000-0000-0000-0000000A0707}
T{00000000-0000-0000-0000-0000002CEB47}
T{00000000-0000-0000-0000-00000014E663}
T{00000000-0000-0000-0000-000000196798}
T{00000000-0000-0000-0000-0000000C225D}
T{00000000-0000-0000-0000-0000001EA021}
T{00000000-0000-0000-0000-000000005759}
T{00000000-0000-0000-0000-000000140CAE}
T{00000000-0000-0000-0000-0000001EF83E}
T{00000000-0000-0000-0000-00000010A9BD}
T{00000000-0000-0000-0000-000000145F7B}
T{00000000-0000-0000-0000-0000000F3E8F}
T{00000000-0000-0000-0000-00000025478C}
T{00000000-0000-0000-0000-00000000B512}
T{00000000-0000-0000-0000-000000321513}
T{00000000-0000-0000-0000-0000002B38E3}
T{00000000-0000-0000-0000-00000007FC83}
T{00000000-0000-0000-0000-00000033AE79}
T{00000000-0000-0000-0000-00000023E2AE}
T{00000000-0000-0000-0000-0000002DB274}
T{00000000-0000-0000-0000-0000002DEEA9}
T{00000000-0000-0000-0000-0000002F9E2D}
T{00000000-0000-0000-0000-0000002732DB}
T{00000000-0000-0000-0000-0000000FCF8B}
T{00000000-0000-0000-0000-000000005759}
T{00000000-0000-0000-0000-0000002582A3}
T{00000000-0000-0000-0000-00000020680E}
T{00000000-0000-0000-0000-00000027F196}
T{00000000-0000-0000-0000-0000001A7825}
T{00000000-0000-0000-0000-0000000D4145}
F{00000000-0000-0000-0000-00000017DCB4}
T{00000000-0000-0000-0000-00000010DEFA}
T{00000000-0000-0000-0000-000000089426}
T{00000000-0000-0000-0000-00000011B46F}
T{00000000-0000-0000-0000-0000001DBCDA}
T{00000000-0000-0000-0000-000000303D82}
T{00000000-0000-0000-0000-000000287D11}
T{00000000-0000-0000-0000-00000016A7DB}
T{00000000-0000-0000-0000-0000002F463E}
T{00000000-0000-0000-0000-00000018185E}
T{00000000-0000-0000-0000-000000323AEC}
T{00000000-0000-0000-0000-0000000D4145}
T{00000000-0000-0000-0000-000000282223}
T{00000000-0000-0000-0000-000000325BB2}
T{00000000-0000-0000-0000-000000033697}
T{00000000-0000-0000-0000-000000246145}
T{00000000-0000-0000-0000-00000000B6BA}
T{00000000-0000-0000-0000-000000144108}
T{00000000-0000-0000-0000-0000000334A5}
T{00000000-0000-0000-0000-0000001298D6}
T{00000000-0000-0000-0000-0000001432F3}
T{00000000-0000-0000-0000-00000019ED05}
T{00000000-0000-0000-0000-00000004D2CD}
T{00000000-0000-0000-0000-00000030B526}
T{00000000-0000-0000-0000-00000017DCB4}
T{00000000-0000-0000-0000-0000000CE2E3}
T{00000000-0000-0000-0000-0000000880A8}
T{00000000-0000-0000-0000-00000000F30D}
T{00000000-0000-0000-0000-00000004A91F}
T{00000000-0000-0000-0000-000000270685}
T{00000000-0000-0000-0000-00000028C70F}
F{00000000-0000-0000-0000-00000033A0BA}
F{00000000-0000-0000-0000-00000004133E}
T{00000000-0000-0000-0000-000000034A4D}
T{00000000-0000-0000-0000-00000003457B}
T{00000000-0000-0000-0000-0000000D8D4F}
T{00000000-0000-0000-0000-000000018540}
T{00000000-0000-0000-0000-00000028C70F}
T{00000000-0000-0000-0000-00000002A54C}
T{00000000-0000-0000-0000-000000223B03}
T{00000000-0000-0000-0000-0000000AC358}
T{00000000-0000-0000-0000-000000195134}
T{00000000-0000-0000-0000-00000009CD12}
T{00000000-0000-0000-0000-000000007635}
T{00000000-0000-0000-0000-00000030BE75}
T{00000000-0000-0000-0000-0000001CEFCE}
T{00000000-0000-0000-0000-00000026D8E3}
T{00000000-0000-0000-0000-0000000FE70A}
T{00000000-0000-0000-0000-000000259D97}
T{00000000-0000-0000-0000-0000001F9A3A}
T{00000000-0000-0000-0000-000000007962}
T{00000000-0000-0000-0000-0000002F2476}
T{00000000-0000-0000-0000-00000027E298}
T{00000000-0000-0000-0000-000000210F05}
T{00000000-0000-0000-0000-000000331151}
F{00000000-0000-0000-0000-00000018D027}
T{00000000-0000-0000-0000-0000001030F6}
T{00000000-0000-0000-0000-0000002F9E2D}
T{00000000-0000-0000-0000-000000169FF1}
T{00000000-0000-0000-0000-00000000F30D}
T{00000000-0000-0000-0000-00000020C4D7}
T{00000000-0000-0000-0000-000000281B23}
T{00000000-0000-0000-0000-0000001323D1}
T{00000000-0000-0000-0000-00000000AF9B}
T{00000000-0000-0000-0000-00000023DA6C}
T{00000000-0000-0000-0000-00000024139A}
T{00000000-0000-0000-0000-0000000FC78E}
T{00000000-0000-0000-0000-000000290452}
T{00000000-0000-0000-0000-000000167F15}
T{00000000-0000-0000-0000-00000007A97A}
T{00000000-0000-0000-0000-00000021DDE9}
T{00000000-0000-0000-0000-000000116A55}
T{00000000-0000-0000-0000-0000000C8E35}
T{00000000-0000-0000-0000-00000025CA59}
T{00000000-0000-0000-0000-000000116F7E}
T{00000000-0000-0000-0000-000000004AB4}
T{00000000-0000-0000-0000-0000002E062F}
T{00000000-0000-0000-0000-000000219172}
T{00000000-0000-0000-0000-000000039743}
T{00000000-0000-0000-0000-00000023077D}
T{00000000-0000-0000-0000-000000127764}
T{00000000-0000-0000-0000-0000002C7EF2}
T{00000000-0000-0000-0000-00000021D2CE}
T{00000000-0000-0000-0000-00000008911A}
T{00000000-0000-0000-0000-0000001FAC99}
T{00000000-0000-0000-0000-0000000224D0}
T{00000000-0000-0000-0000-00000025B464}
T{00000000-0000-0000-0000-0000002F7F9E}
T{00000000-0000-0000-0000-0000002AA390}
T{00000000-0000-0000-0000-000000249146}
T{00000000-0000-0000-0000-00000016D764}
T{00000000-0000-0000-0000-000000096AB9}
T{00000000-0000-0000-0000-000000331FF1}
T{00000000-0000-0000-0000-0000001B3908}
T{00000000-0000-0000-0000-000000243055}
T{00000000-0000-0000-0000-0000003148A3}
T{00000000-0000-0000-0000-000000330FA2}
T{00000000-0000-0000-0000-0000001733BD}
T{00000000-0000-0000-0000-000000052240}
T{00000000-0000-0000-0000-00000001EC7F}
T{00000000-0000-0000-0000-0000002C298F}
T{00000000-0000-0000-0000-0000001C2719}
T{00000000-0000-0000-0000-0000002A1E41}
T{00000000-0000-0000-0000-000000244C0B}
T{00000000-0000-0000-0000-0000002AC878}
T{00000000-0000-0000-0000-00000028B711}
T{00000000-0000-0000-0000-0000000394D7}
T{00000000-0000-0000-0000-0000000D89F1}
T{00000000-0000-0000-0000-00000033DDF4}
T{00000000-0000-0000-0000-00000012D597}
T{00000000-0000-0000-0000-0000001BCC51}
T{00000000-0000-0000-0000-0000001204AC}
F{00000000-0000-0000-0000-0000002BA367}
T{00000000-0000-0000-0000-0000001AC169}
T{00000000-0000-0000-0000-0000003290C5}
T{00000000-0000-0000-0000-00000020BD3C}
T{00000000-0000-0000-0000-0000000ED33E}
T{00000000-0000-0000-0000-0000000F4D41}
T{00000000-0000-0000-0000-000000046B2D}
T{00000000-0000-0000-0000-00000030E6F7}
T{00000000-0000-0000-0000-00000006655D}
T{00000000-0000-0000-0000-000000179989}
T{00000000-0000-0000-0000-0000002FBEF4}
T{00000000-0000-0000-0000-00000007BD53}
T{00000000-0000-0000-0000-000000223B9B}
T{00000000-0000-0000-0000-00000005FB8C}
T{00000000-0000-0000-0000-00000020AE43}
T{00000000-0000-0000-0000-00000020CCCA}
T{00000000-0000-0000-0000-00000026C1DF}
T{00000000-0000-0000-0000-0000001048EA}
T{00000000-0000-0000-0000-00000009C50C}
T{00000000-0000-0000-0000-000000013112}
T{00000000-0000-0000-0000-0000002FC356}
T{00000000-0000-0000-0000-0000001EA2C0}
T{00000000-0000-0000-0000-0000000342F8}
T{00000000-0000-0000-0000-0000000EB9ED}
T{00000000-0000-0000-0000-00000011EAD5}
T{00000000-0000-0000-0000-0000000E2CE3}
T{00000000-0000-0000-0000-000000260F69}
T{00000000-0000-0000-0000-0000000642F7}
T{00000000-0000-0000-0000-00000003C8CB}
T{00000000-0000-0000-0000-00000001DE16}
T{00000000-0000-0000-0000-000000031925}
T{00000000-0000-0000-0000-0000001B9E27}
F{00000000-0000-0000-0000-000000335DC2}
T{00000000-0000-0000-0000-00000032088E}
F{00000000-0000-0000-0000-0000000D4BD1}
T{00000000-0000-0000-0000-0000002B507A}
T{00000000-0000-0000-0000-00000024280C}
T{00000000-0000-0000-0000-00000010DF30}
F{00000000-0000-0000-0000-0000000A1C51}
T{00000000-0000-0000-0000-0000000126A8}
T{00000000-0000-0000-0000-000000316730}
T{00000000-0000-0000-0000-00000021CAE8}
T{00000000-0000-0000-0000-00000021D2CE}
T{00000000-0000-0000-0000-0000002B9E84}
T{00000000-0000-0000-0000-00000030EF6D}
T{00000000-0000-0000-0000-000000053E0D}
T{00000000-0000-0000-0000-00000002A506}
T{00000000-0000-0000-0000-00000025FA54}
T{00000000-0000-0000-0000-0000002788AF}
T{00000000-0000-0000-0000-0000002FFF7B}
T{00000000-0000-0000-0000-0000000F94A1}
T{00000000-0000-0000-0000-000000116328}
T{00000000-0000-0000-0000-0000002C5567}
T{00000000-0000-0000-0000-0000000115BC}
T{00000000-0000-0000-0000-000000336480}
T{00000000-0000-0000-0000-0000002159DF}
T{00000000-0000-0000-0000-0000002CEB47}
F{00000000-0000-0000-0000-000000299425}
T{00000000-0000-0000-0000-000000146E62}
T{00000000-0000-0000-0000-00000016E093}
T{00000000-0000-0000-0000-0000002710FF}
T{00000000-0000-0000-0000-000000059FB2}
T{00000000-0000-0000-0000-00000013F17D}
T{00000000-0000-0000-0000-000000118E88}
T{00000000-0000-0000-0000-0000000B8F76}
T{00000000-0000-0000-0000-00000030C823}
T{00000000-0000-0000-0000-000000195134}
T{00000000-0000-0000-0000-0000001BA81F}
T{00000000-0000-0000-0000-00000025CC06}
T{00000000-0000-0000-0000-000000121ED0}
T{00000000-0000-0000-0000-0000001C8E42}
T{00000000-0000-0000-0000-0000000880A8}
T{00000000-0000-0000-0000-00000009D20A}
T{00000000-0000-0000-0000-0000001F136D}
T{00000000-0000-0000-0000-0000002DD42D}
T{00000000-0000-0000-0000-00000023E2AE}
T{00000000-0000-0000-0000-000000148E3F}
T{00000000-0000-0000-0000-0000002ED065}
T{00000000-0000-0000-0000-0000001B7160}
T{00000000-0000-0000-0000-000000017375}
T{00000000-0000-0000-0000-0000001F04F1}
T{00000000-0000-0000-0000-000000031C04}
T{00000000-0000-0000-0000-0000000F94B1}
T{00000000-0000-0000-0000-00000009C0B8}
