T{00000000-0000-0000-0000-0000000BC483}
T{00000000-0000-0000-0000-000000081FC6}
T{00000000-0000-0000-0000-000000005CDD}
F{00000000-0000-0000-0000-000000281B23}
T{00000000-0000-0000-0000-0000002C1AC7}
T{00000000-0000-0000-0000-0000002CE190}
T{00000000-0000-0000-0000-0000001A7F93}
T{00000000-0000-0000-0000-00000001195F}
T{00000000-0000-0000-0000-0000000C4BCF}
T{00000000-0000-0000-0000-00000000D9CC}
T{00000000-0000-0000-0000-000000289E91}
T{00000000-0000-0000-0000-0000002EDDCB}
T{00000000-0000-0000-0000-000000116F14}
T{00000000-0000-0000-0000-00000015815F}
F{00000000-0000-0000-0000-000000241392}
T{00000000-0000-0000-0000-00000013AEDD}
T{00000000-0000-0000-0000-0000000FC070}
T{00000000-0000-0000-0000-00000020C0E0}
T{00000000-0000-0000-0000-000000179990}
T{00000000-0000-0000-0000-00000009B3FA}
T{00000000-0000-0000-0000-000000148D13}
T{00000000-0000-0000-0000-00000027A2FF}
T{00000000-0000-0000-0000-000000296ED6}
T{00000000-0000-0000-0000-000000167244}
T{00000000-0000-0000-0000-00000031FF23}
T{00000000-0000-0000-0000-0000002F2324}
T{00000000-0000-0000-0000-00000031849E}
T{00000000-0000-0000-0000-000000011BFD}
T{00000000-0000-0000-0000-00000007F5E6}
T{00000000-0000-0000-0000-0000002BDE7D}
T{00000000-0000-0000-0000-000000247253}
T{00000000-0000-0000-0000-0000001AB262}
T{00000000-0000-0000-0000-0000000C9116}
T{00000000-0000-0000-0000-0000000675A8}
T{00000000-0000-0000-0000-00000007E95A}
T{00000000-0000-0000-0000-000000094D3E}
T{00000000-0000-0000-0000-0000002E92B0}
T{00000000-0000-0000-0000-0000003364DF}
T{00000000-0000-0000-0000-00000027C499}
T{00000000-0000-0000-0000-000000011409}
T{00000000-0000-0000-0000-000000175759}
T{00000000-0000-0000-0000-000000335262}
T{00000000-0000-0000-0000-00000031DB1D}
T{00000000-0000-0000-0000-0000002D0ADD}
T{00000000-0000-0000-0000-00000030D59E}
T{00000000-0000-0000-0000-000000089BE8}
T{00000000-0000-0000-0000-00000017DECB}
T{00000000-0000-0000-0000-000000167340}
T{00000000-0000-0000-0000-00000003584C}
T{00000000-0000-0000-0000-0000000DFA11}
T{00000000-0000-0000-0000-00000003152B}
T{00000000-0000-0000-0000-0000000E8860}
T{00000000-0000-0000-0000-0000001480CF}
T{00000000-0000-0000-0000-000000212DB9}
T{00000000-0000-0000-0000-00000028BC29}
T{00000000-0000-0000-0000-0000001719BD}
T{00000000-0000-0000-0000-000000049E60}
T{00000000-0000-0000-0000-0000000C8E35}
T{00000000-0000-0000-0000-0000002F7940}
T{00000000-0000-0000-0000-00000022384A}
T{00000000-0000-0000-0000-0000000E8860}
F{00000000-0000-0000-0000-0000002D3CE4}
T{00000000-0000-0000-0000-000000332365}
T{00000000-0000-0000-0000-000000079AEC}
T{00000000-0000-0000-0000-0000001AC3C9}
T{00000000-0000-0000-0000-000000033B08}
T{00000000-0000-0000-0000-00000017361A}
T{00000000-0000-0000-0000-000000031B83}
T{00000000-0000-0000-0000-000000140CF2}
T{00000000-0000-0000-0000-0000001E3D9C}
T{00000000-0000-0000-0000-00000029037D}
F{00000000-0000-0000-0000-00000022F04D}
T{00000000-0000-0000-0000-0000000411D2}
T{00000000-0000-0000-0000-0000000AA8E8}
T{00000000-0000-0000-0000-00000022F6CF}
T{00000000-0000-0000-0000-00000021F873}
T{00000000-0000-0000-0000-000000248A07}
T{00000000-0000-0000-0000-00000010661B}
T{00000000-0000-0000-0000-0000002A3BC9}
T{00000000-0000-0000-0000-0000000A7095}
T{00000000-0000-0000-0000-0000002E3764}
T{00000000-0000-0000-0000-000000335746}
T{00000000-0000-0000-0000-0000000B1084}
T{00000000-0000-0000-0000-000000329F91}
T{00000000-0000-0000-0000-0000002B3C5D}
T{00000000-0000-0000-0000-000000269160}
T{00000000-0000-0000-0000-0000000488E5}
T{00000000-0000-0000-0000-0000003240D2}
T{00000000-0000-0000-0000-000000167113}
T{00000000-0000-0000-0000-000000019710}
T{00000000-0000-0000-0000-000000339822}
T{00000000-0000-0000-0000-000000248FFC}
T{00000000-0000-0000-0000-00000008A894}
T{00000000-0000-0000-0000-00000019EF0C}
T{00000000-0000-0000-0000-0000002F095B}
T{00000000-0000-0000-0000-000000167EFD}
F{00000000-0000-0000-0000-000000094832}
T{00000000-0000-0000-0000-0000002B18A2}
T{00000000-0000-0000-0000-0000001EB17F}
T{00000000-0000-0000-0000-0000000ED481}
T{00000000-0000-0000-0000-000000264DFA}
T{00000000-0000-0000-0000-0000001F0AC9}
T{00000000-0000-0000-0000-000000077EEC}
T{00000000-0000-0000-0000-000000114493}
T{00000000-0000-0000-0000-000000079AC9}
T{00000000-0000-0000-0000-0000000E02EA}
T{00000000-0000-0000-0000-000000048C72}
T{00000000-0000-0000-0000-00000016D079}
T{00000000-0000-0000-0000-0000001A534C}
F{00000000-0000-0000-0000-00000019ED05}
T{00000000-0000-0000-0000-00000021B897}
T{00000000-0000-0000-0000-0000002861E4}
T{00000000-0000-0000-0000-000000119FB4}
T{00000000-0000-0000-0000-000000165F44}
T{00000000-0000-0000-0000-0000002F9A20}
T{00000000-0000-0000-0000-00000000EDFF}
T{00000000-0000-0000-0000-000000132CBD}
T{00000000-0000-0000-0000-0000002D33C8}
T{00000000-0000-0000-0000-000000305FA5}
T{00000000-0000-0000-0000-00000022221E}
T{00000000-0000-0000-0000-0000002BBA2E}
T{00000000-0000-0000-0000-0000003365C2}
T{00000000-0000-0000-0000-0000001323D1}
T{00000000-0000-0000-0000-00000010CF8A}
T{00000000-0000-0000-0000-000000268B62}
T{00000000-0000-0000-0000-0000000AF4A6}
T{00000000-0000-0000-0000-0000000F0D62}
T{00000000-0000-0000-0000-00000023DB4E}
T{00000000-0000-0000-0000-000000192209}
T{00000000-0000-0000-0000-0000002D5D95}
T{00000000-0000-0000-0000-0000001B5C93}
T{00000000-0000-0000-0000-000000203417}
T{00000000-0000-0000-0000-0000002B3718}
T{00000000-0000-0000-0000-00000009A75C}
T{00000000-0000-0000-0000-000000270A5A}
T{00000000-0000-0000-0000-0000002088CF}
T{00000000-0000-0000-0000-0000001C8BC0}
T{00000000-0000-0000-0000-000000036147}
T{00000000-0000-0000-0000-0000000AC358}
T{00000000-0000-0000-0000-0000000719C9}
T{00000000-0000-0000-0000-0000002E1683}
T{00000000-0000-0000-0000-00000007F049}
T{00000000-0000-0000-0000-0000001363C8}
T{00000000-0000-0000-0000-00000009228F}
T{00000000-0000-0000-0000-0000000FA774}
T{00000000-0000-0000-0000-0000002A7318}
T{00000000-0000-0000-0000-000000281EF9}
T{00000000-0000-0000-0000-0000002477C7}
T{00000000-0000-0000-0000-00000009E7DF}
T{00000000-0000-0000-0000-00000016554C}
T{00000000-0000-0000-0000-00000032BEB2}
T{00000000-0000-0000-0000-000000098390}
T{00000000-0000-0000-0000-000000104887}
T{00000000-0000-0000-0000-0000002F168B}
T{00000000-0000-0000-0000-0000002D5D95}
F{00000000-0000-0000-0000-00000025D2A9}
T{00000000-0000-0000-0000-0000003394A4}
T{00000000-0000-0000-0000-00000019ED05}
T{00000000-0000-0000-0000-0000000E22D2}
T{00000000-0000-0000-0000-00000000C36A}
T{00000000-0000-0000-0000-000000298366}
T{00000000-0000-0000-0000-00000022C044}
T{00000000-0000-0000-0000-0000002DC50B}
T{00000000-0000-0000-0000-000000145AD6}
F{00000000-0000-0000-0000-0000000EBF2A}
T{00000000-0000-0000-0000-000000078BEA}
T{00000000-0000-0000-0000-0000001D2479}
T{00000000-0000-0000-0000-000000101BF4}
T{00000000-0000-0000-0000-0000001D3B91}
T{00000000-0000-0000-0000-00000020F484}
T{00000000-0000-0000-0000-00000029BB50}
T{00000000-0000-0000-0000-0000002E2D1A}
F{00000000-0000-0000-0000-00000005ED38}
T{00000000-0000-0000-0000-0000003148A3}
T{00000000-0000-0000-0000-0000000C5C8E}
T{00000000-0000-0000-0000-0000001916C0}
T{00000000-0000-0000-0000-0000000A8D18}
T{00000000-0000-0000-0000-000000296ED6}
T{00000000-0000-0000-0000-000000331358}
F{00000000-0000-0000-0000-0000002CC8D4}
T{00000000-0000-0000-0000-00000011267B}
T{00000000-0000-0000-0000-0000000F1799}
F{00000000-0000-0000-0000-000000105E29}
T{00000000-0000-0000-0000-0000000D860F}
T{00000000-0000-0000-0000-0000001480CF}
T{00000000-0000-0000-0000-000000298E29}
T{00000000-0000-0000-0000-00000010CF8A}
F{00000000-0000-0000-0000-0000001CF128}
T{00000000-0000-0000-0000-000000229D83}
T{00000000-0000-0000-0000-000000276853}
T{00000000-0000-0000-0000-0000001DB7B7}
T{00000000-0000-0000-0000-00000031AA57}
T{00000000-0000-0000-0000-00000019EF0C}
T{00000000-0000-0000-0000-0000001024F5}
T{00000000-0000-0000-0000-000000209A2F}
T{00000000-0000-0000-0000-0000001EFADF}
T{00000000-0000-0000-0000-000000270882}
T{00000000-0000-0000-0000-000000308665}
T{00000000-0000-0000-0000-00000009D688}
T{00000000-0000-0000-0000-000000320CA0}
T{00000000-0000-0000-0000-000000103150}
T{00000000-0000-0000-0000-0000002A7B4E}
T{00000000-0000-0000-0000-0000001445D8}
T{00000000-0000-0000-0000-0000000FE3AE}
T{00000000-0000-0000-0000-00000022F6CF}
T{00000000-0000-0000-0000-000000006F5E}
T{00000000-0000-0000-0000-0000001B9E6D}
T{00000000-0000-0000-0000-00000026B745}
T{00000000-0000-0000-0000-0000001434A7}
F{00000000-0000-0000-0000-0000000FA0F7}
F{00000000-0000-0000-0000-0000002E4707}
T{00000000-0000-0000-0000-0000000A7843}
T{00000000-0000-0000-0000-000000021549}
T{00000000-0000-0000-0000-000000289E91}
T{00000000-0000-0000-0000-0000003137FA}
T{00000000-0000-0000-0000-0000002FE8E0}
T{00000000-0000-0000-0000-000000030506}
T{00000000-0000-0000-0000-0000000EE1FB}
T{00000000-0000-0000-0000-00000025191C}
F{00000000-0000-0000-0000-0000000DAB70}
T{00000000-0000-0000-0000-0000002BDE07}
T{00000000-0000-0000-0000-0000002493E1}
T{00000000-0000-0000-0000-00000030F9B8}
T{00000000-0000-0000-0000-00000010927E}
T{00000000-0000-0000-0000-0000001229E1}
T{00000000-0000-0000-0000-000000295C17}
T{00000000-0000-0000-0000-00000006FAE4}
T{00000000-0000-0000-0000-00000007E95A}
F{00000000-0000-0000-0000-00000018D027}
T{00000000-0000-0000-0000-0000002D40BC}
T{00000000-0000-0000-0000-00000021F9DF}
T{00000000-0000-0000-0000-000000108FAF}
T{00000000-0000-0000-0000-0000000ED03A}
T{00000000-0000-0000-0000-0000000D0108}
T{00000000-0000-0000-0000-0000001CEFCE}
T{00000000-0000-0000-0000-000000072F4D}
T{00000000-0000-0000-0000-00000000E67B}
T{00000000-0000-0000-0000-0000002B1782}
T{00000000-0000-0000-0000-000000106331}
T{00000000-0000-0000-0000-0000002CE8EB}
T{00000000-0000-0000-0000-0000001C27D4}
T{00000000-0000-0000-0000-0000001C8F02}
T{00000000-0000-0000-0000-000000279620}
T{00000000-0000-0000-0000-0000002E6EA3}
T{00000000-0000-0000-0000-0000002F9B55}
T{00000000-0000-0000-0000-0000000C384A}
T{00000000-0000-0000-0000-0000000D3BC0}
T{00000000-0000-0000-0000-000000306463}
F{00000000-0000-0000-0000-0000001EA152}
T{00000000-0000-0000-0000-0000002B5962}
T{00000000-0000-0000-0000-00000021D053}
T{00000000-0000-0000-0000-0000003309DE}
T{00000000-0000-0000-0000-00000023D1EE}
T{00000000-0000-0000-0000-0000002B0433}
T{00000000-0000-0000-0000-0000000A743F}
T{00000000-0000-0000-0000-0000001F3681}
T{00000000-0000-0000-0000-0000000C260D}
F{00000000-0000-0000-0000-0000000A0350}
T{00000000-0000-0000-0000-0000001C8C14}
T{00000000-0000-0000-0000-000000156412}
T{00000000-0000-0000-0000-0000001A610C}
T{00000000-0000-0000-0000-000000297D08}
T{00000000-0000-0000-0000-00000021B897}
T{00000000-0000-0000-0000-0000000DAA4F}
T{00000000-0000-0000-0000-00000014A3DF}
T{00000000-0000-0000-0000-0000001AEBA7}
T{00000000-0000-0000-0000-0000000C9116}
T{00000000-0000-0000-0000-00000005F78E}
T{00000000-0000-0000-0000-000000121E50}
T{00000000-0000-0000-0000-00000022A2D7}
T{00000000-0000-0000-0000-000000234AE5}
T{00000000-0000-0000-0000-00000025478C}
T{00000000-0000-0000-0000-000000148D13}
T{00000000-0000-0000-0000-000000282B4D}
T{00000000-0000-0000-0000-00000026B62B}
T{00000000-0000-0000-0000-000000197A47}
T{00000000-0000-0000-0000-0000001442CD}
T{00000000-0000-0000-0000-0000002F5139}
T{00000000-0000-0000-0000-000000136075}
T{00000000-0000-0000-0000-000000302165}
T{00000000-0000-0000-0000-0000002106DF}
T{00000000-0000-0000-0000-00000010B567}
T{00000000-0000-0000-0000-0000002878A4}
T{00000000-0000-0000-0000-000000131C90}
T{00000000-0000-0000-0000-0000000982BB}
T{00000000-0000-0000-0000-00000009D32C}
T{00000000-0000-0000-0000-0000002667D3}
T{00000000-0000-0000-0000-0000001BFE67}
T{00000000-0000-0000-0000-00000014CFCB}
F{00000000-0000-0000-0000-00000012EA12}
T{00000000-0000-0000-0000-00000005EC6A}
T{00000000-0000-0000-0000-000000271B02}
T{00000000-0000-0000-0000-00000019D15A}
T{00000000-0000-0000-0000-0000001CF128}
T{00000000-0000-0000-0000-0000000CE2E3}
T{00000000-0000-0000-0000-00000030EAB3}
T{00000000-0000-0000-0000-0000001F2715}
F{00000000-0000-0000-0000-0000001A5C09}
T{00000000-0000-0000-0000-0000002C8C0F}
T{00000000-0000-0000-0000-0000001346D0}
T{00000000-0000-0000-0000-00000013A7EA}
F{00000000-0000-0000-0000-000000033863}
T{00000000-0000-0000-0000-00000001ECA7}
T{00000000-0000-0000-0000-000000331FC2}
F{00000000-0000-0000-0000-0000001A7342}
T{00000000-0000-0000-0000-00000005A43C}
T{00000000-0000-0000-0000-0000001042F6}
T{00000000-0000-0000-0000-0000002C45AB}
T{00000000-0000-0000-0000-0000000786FE}
T{00000000-0000-0000-0000-0000000A936C}
T{00000000-0000-0000-0000-000000108C87}
T{00000000-0000-0000-0000-000000039812}
T{00000000-0000-0000-0000-000000315F1A}
T{00000000-0000-0000-0000-00000020FF19}
T{00000000-0000-0000-0000-000000313A87}
T{00000000-0000-0000-0000-000000241421}
T{00000000-0000-0000-0000-000000303383}
T{00000000-0000-0000-0000-00000011E234}
T{00000000-0000-0000-0000-000000061818}
T{00000000-0000-0000-0000-0000002D5D95}
T{00000000-0000-0000-0000-0000002A4AC2}
T{00000000-0000-0000-0000-00000009601D}
T{00000000-0000-0000-0000-000000149239}
T{00000000-0000-0000-0000-00000006ADAA}
T{00000000-0000-0000-0000-000000225F00}
F{00000000-0000-0000-0000-00000000D30C}
T{00000000-0000-0000-0000-0000002E6EC8}
T{00000000-0000-0000-0000-0000001351B9}
T{00000000-0000-0000-0000-000000078BEA}
T{00000000-0000-0000-0000-0000001997CF}
T{00000000-0000-0000-0000-0000000F4992}
T{00000000-0000-0000-0000-0000002EEC74}
T{00000000-0000-0000-0000-0000001A9985}
T{00000000-0000-0000-0000-00000024B515}
T{00000000-0000-0000-0000-0000000323EB}
T{00000000-0000-0000-0000-0000001733AD}
T{00000000-0000-0000-0000-0000000A8EF8}
T{00000000-0000-0000-0000-000000195134}
T{00000000-0000-0000-0000-000000145AD6}
T{00000000-0000-0000-0000-0000002EBA82}
F{00000000-0000-0000-0000-000000194966}
T{00000000-0000-0000-0000-000000039743}
T{00000000-0000-0000-0000-00000020979D}
T{00000000-0000-0000-0000-000000218033}
T{00000000-0000-0000-0000-00000010AA73}
T{00000000-0000-0000-0000-000000107092}
T{00000000-0000-0000-0000-00000013E076}
T{00000000-0000-0000-0000-000000012E4C}
T{00000000-0000-0000-0000-00000011EA07}
T{00000000-0000-0000-0000-0000001BF5AF}
T{00000000-0000-0000-0000-0000002D1D1E}
T{00000000-0000-0000-0000-0000000F1109}
T{00000000-0000-0000-0000-0000000C434F}
T{00000000-0000-0000-0000-0000001E9031}
T{00000000-0000-0000-0000-0000000E46CE}
T{00000000-0000-0000-0000-0000000589A0}
T{00000000-0000-0000-0000-000000270F6A}
T{00000000-0000-0000-0000-0000002D33C8}
T{00000000-0000-0000-0000-0000001DE2E1}
T{00000000-0000-0000-0000-00000020588C}
T{00000000-0000-0000-0000-0000002FAC28}
T{00000000-0000-0000-0000-000000049F92}
T{00000000-0000-0000-0000-000000096187}
T{00000000-0000-0000-0000-0000000BA9FB}
T{00000000-0000-0000-0000-000000040EE1}
T{00000000-0000-0000-0000-0000001937CB}
T{00000000-0000-0000-0000-0000002C3038}
T{00000000-0000-0000-0000-0000002D1D3A}
T{00000000-0000-0000-0000-000000209AAF}
T{00000000-0000-0000-0000-00000030C1CC}
T{00000000-0000-0000-0000-0000001637A1}
T{00000000-0000-0000-0000-0000002A19C4}
T{00000000-0000-0000-0000-000000167EFD}
T{00000000-0000-0000-0000-000000048DD6}
T{00000000-0000-0000-0000-00000007EFDF}
T{00000000-0000-0000-0000-00000009BA24}
T{00000000-0000-0000-0000-00000027AD7A}
T{00000000-0000-0000-0000-00000005A762}
T{00000000-0000-0000-0000-00000002F36B}
T{00000000-0000-0000-0000-0000001D498E}
T{00000000-0000-0000-0000-000000176DC3}
T{00000000-0000-0000-0000-0000000E7808}
T{00000000-0000-0000-0000-000000277686}
T{00000000-0000-0000-0000-00000002C34C}
F{00000000-0000-0000-0000-0000002B2399}
T{00000000-0000-0000-0000-0000002B6478}
T{00000000-0000-0000-0000-00000001079B}
T{00000000-0000-0000-0000-0000002E00AF}
T{00000000-0000-0000-0000-00000013A9AD}
T{00000000-0000-0000-0000-000000116200}
T{00000000-0000-0000-0000-0000000A367D}
T{00000000-0000-0000-0000-0000001EEB68}
T{00000000-0000-0000-0000-000000324146}
T{00000000-0000-0000-0000-00000033489E}
T{00000000-0000-0000-0000-00000023BB1D}
T{00000000-0000-0000-0000-00000026ED6A}
T{00000000-0000-0000-0000-0000002137BA}
T{00000000-0000-0000-0000-000000321513}
T{00000000-0000-0000-0000-0000002B18B3}
T{00000000-0000-0000-0000-000000287843}
T{00000000-0000-0000-0000-00000011FFC3}
F{00000000-0000-0000-0000-000000120E6F}
T{00000000-0000-0000-0000-000000007ED1}
T{00000000-0000-0000-0000-000000134077}
T{00000000-0000-0000-0000-000000325504}
T{00000000-0000-0000-0000-00000027AF4C}
T{00000000-0000-0000-0000-00000026E9AB}
T{00000000-0000-0000-0000-000000087E59}
T{00000000-0000-0000-0000-000000207578}
T{00000000-0000-0000-0000-00000001A4B8}
T{00000000-0000-0000-0000-00000020FDC0}
T{00000000-0000-0000-0000-000000004F77}
F{00000000-0000-0000-0000-00000026E850}
T{00000000-0000-0000-0000-0000002D4489}
T{00000000-0000-0000-0000-00000029C2EF}
T{00000000-0000-0000-0000-0000001CEA25}
T{00000000-0000-0000-0000-00000013FACD}
T{00000000-0000-0000-0000-0000001DCB72}
T{00000000-0000-0000-0000-00000005F722}
T{00000000-0000-0000-0000-000000271E52}
T{00000000-0000-0000-0000-000000263A78}
T{00000000-0000-0000-0000-00000011DFE7}
T{00000000-0000-0000-0000-00000019BEF5}
T{00000000-0000-0000-0000-000000335C69}
T{00000000-0000-0000-0000-0000000292C7}
T{00000000-0000-0000-0000-000000335C78}
T{00000000-0000-0000-0000-0000001EB327}
T{00000000-0000-0000-0000-0000000A908A}
T{00000000-0000-0000-0000-00000028434E}
T{00000000-0000-0000-0000-000000287BCD}
T{00000000-0000-0000-0000-00000002EB21}
T{00000000-0000-0000-0000-000000118DE1}
T{00000000-0000-0000-0000-00000014B181}
T{00000000-0000-0000-0000-00000032DF90}
F{00000000-0000-0000-0000-0000000CB9EE}
T{00000000-0000-0000-0000-000000048C21}
T{00000000-0000-0000-0000-0000000CC879}
T{00000000-0000-0000-0000-00000007936F}
T{00000000-0000-0000-0000-0000000EEA2B}
T{00000000-0000-0000-0000-0000001E33D1}
F{00000000-0000-0000-0000-00000020BD3C}
T{00000000-0000-0000-0000-0000002B6DAE}
T{00000000-0000-0000-0000-0000002E35C2}
T{00000000-0000-0000-0000-0000000C5558}
T{00000000-0000-0000-0000-0000001FBE25}
T{00000000-0000-0000-0000-00000015C3EB}
T{00000000-0000-0000-0000-00000026C3A1}
F{00000000-0000-0000-0000-0000000160B6}
T{00000000-0000-0000-0000-0000001D5C71}
T{00000000-0000-0000-0000-0000000E7808}
T{00000000-0000-0000-0000-0000002C1AC7}
T{00000000-0000-0000-0000-00000030FBFF}
T{00000000-0000-0000-0000-0000002D3CE4}
T{00000000-0000-0000-0000-00000023EBA1}
T{00000000-0000-0000-0000-0000001174B7}
T{00000000-0000-0000-0000-00000005EAE7}
T{00000000-0000-0000-0000-0000001FE7ED}
T{00000000-0000-0000-0000-0000001899BB}
T{00000000-0000-0000-0000-0000000C25D6}
T{00000000-0000-0000-0000-00000014FABD}
T{00000000-0000-0000-0000-000000306C34}
T{00000000-0000-0000-0000-000000022EF5}
T{00000000-0000-0000-0000-0000002EB7BA}
F{00000000-0000-0000-0000-0000002640E9}
T{00000000-0000-0000-0000-0000001D0E71}
T{00000000-0000-0000-0000-000000177BC0}
T{00000000-0000-0000-0000-00000017998A}
T{00000000-0000-0000-0000-00000009F457}
T{00000000-0000-0000-0000-0000003203C7}
T{00000000-0000-0000-0000-000000264DFA}
T{00000000-0000-0000-0000-00000024DA4C}
T{00000000-0000-0000-0000-0000000FD6BB}
F{00000000-0000-0000-0000-0000000A0843}
T{00000000-0000-0000-0000-0000002C7FB4}
T{00000000-0000-0000-0000-000000295C17}
T{00000000-0000-0000-0000-00000000757C}
T{00000000-0000-0000-0000-00000020BB1F}
T{00000000-0000-0000-0000-0000002C9AE4}
T{00000000-0000-0000-0000-0000002D348F}
T{00000000-0000-0000-0000-0000002E9321}
T{00000000-0000-0000-0000-000000329CCA}
T{00000000-0000-0000-0000-000000313A84}
T{00000000-0000-0000-0000-000000119FB4}
T{00000000-0000-0000-0000-0000001EB335}
T{00000000-0000-0000-0000-000000050019}
T{00000000-0000-0000-0000-000000313A84}
T{00000000-0000-0000-0000-00000030DFCF}
T{00000000-0000-0000-0000-00000000A029}
F{00000000-0000-0000-0000-0000002640E9}
T{00000000-0000-0000-0000-00000020C7D6}
T{00000000-0000-0000-0000-0000000B736B}
T{00000000-0000-0000-0000-0000001F2715}
T{00000000-0000-0000-0000-0000002E6557}
T{00000000-0000-0000-0000-00000024C2C4}
T{00000000-0000-0000-0000-000000268E0C}
T{00000000-0000-0000-0000-00000027B864}
T{00000000-0000-0000-0000-00000032A359}
T{00000000-0000-0000-0000-000000027825}
T{00000000-0000-0000-0000-0000000277F6}
T{00000000-0000-0000-0000-00000017361A}
T{00000000-0000-0000-0000-00000004808D}
F{00000000-0000-0000-0000-000000314CA8}
T{00000000-0000-0000-0000-00000007D581}
T{00000000-0000-0000-0000-0000002F719E}
T{00000000-0000-0000-0000-00000021F631}
T{00000000-0000-0000-0000-0000002DD7C9}
T{00000000-0000-0000-0000-000000247253}
T{00000000-0000-0000-0000-0000000D333F}
T{00000000-0000-0000-0000-0000002C7FB4}
T{00000000-0000-0000-0000-00000027E6AB}
T{00000000-0000-0000-0000-000000301C8E}
T{00000000-0000-0000-0000-0000000FCF8B}
T{00000000-0000-0000-0000-0000000CC879}
T{00000000-0000-0000-0000-0000000B008B}
T{00000000-0000-0000-0000-0000000F2112}
T{00000000-0000-0000-0000-000000269DFE}
T{00000000-0000-0000-0000-000000320CD6}
T{00000000-0000-0000-0000-00000015A9E4}
F{00000000-0000-0000-0000-0000000F92E6}
T{00000000-0000-0000-0000-0000000589A0}
T{00000000-0000-0000-0000-00000009C0DD}
T{00000000-0000-0000-0000-0000002471BA}
F{00000000-0000-0000-0000-00000022D855}
T{00000000-0000-0000-0000-0000001A51BE}
T{00000000-0000-0000-0000-0000002C005F}
T{00000000-0000-0000-0000-000000010D41}
T{00000000-0000-0000-0000-0000002448D1}
T{00000000-0000-0000-0000-0000002BA127}
T{00000000-0000-0000-0000-0000000D202C}
T{00000000-0000-0000-0000-00000013A82E}
T{00000000-0000-0000-0000-00000009228F}
T{00000000-0000-0000-0000-0000001C27D4}
T{00000000-0000-0000-0000-0000000E6285}
F{00000000-0000-0000-0000-00000028EB39}
T{00000000-0000-0000-0000-0000000555AD}
T{00000000-0000-0000-0000-0000000CEFAA}
T{00000000-0000-0000-0000-00000014196D}
T{00000000-0000-0000-0000-0000001739B0}
T{00000000-0000-0000-0000-0000002802D9}
T{00000000-0000-0000-0000-000000004CAA}
T{00000000-0000-0000-0000-0000000A8ACB}
T{00000000-0000-0000-0000-0000002F9B55}
T{00000000-0000-0000-0000-0000002327EC}
T{00000000-0000-0000-0000-00000008A962}
T{00000000-0000-0000-0000-000000224180}
T{00000000-0000-0000-0000-000000265F80}
T{00000000-0000-0000-0000-00000008ACCD}
F{00000000-0000-0000-0000-00000018D027}
