T{00000000-0000-0000-0000-00000011FAAD}
T{00000000-0000-0000-0000-00000012ADAD}
F{00000000-0000-0000-0000-000000270DC9}
T{00000000-0000-0000-0000-000000288489}
F{00000000-0000-0000-0000-000000325149}
F{00000000-0000-0000-0000-0000001713EF}
F{00000000-0000-0000-0000-000000131767}
T{00000000-0000-0000-0000-000000074F13}
T{00000000-0000-0000-0000-000000053718}
T{00000000-0000-0000-0000-000000073543}
T{00000000-0000-0000-0000-0000000F45D2}
F{00000000-0000-0000-0000-0000002CD8A9}
F{00000000-0000-0000-0000-00000014652A}
T{00000000-0000-0000-0000-0000001F3681}
F{00000000-0000-0000-0000-00000005FF3F}
T{00000000-0000-0000-0000-000000010D53}
F{00000000-0000-0000-0000-00000026A0D7}
T{00000000-0000-0000-0000-000000028DA7}
T{00000000-0000-0000-0000-0000002D517B}
F{00000000-0000-0000-0000-00000014BCF0}
T{00000000-0000-0000-0000-00000017143E}
T{00000000-0000-0000-0000-0000001670BF}
T{00000000-0000-0000-0000-00000019D5F5}
F{00000000-0000-0000-0000-00000012AF34}
F{00000000-0000-0000-0000-00000031E8A8}
F{00000000-0000-0000-0000-0000002D3243}
T{00000000-0000-0000-0000-0000000811FB}
T{00000000-0000-0000-0000-00000005F78E}
F{00000000-0000-0000-0000-0000000929D8}
T{00000000-0000-0000-0000-0000000E5C4D}
F{00000000-0000-0000-0000-0000003171C7}
F{00000000-0000-0000-0000-0000001D3CD0}
T{00000000-0000-0000-0000-00000008072A}
T{00000000-0000-0000-0000-0000002C9209}
T{00000000-0000-0000-0000-000000008196}
F{00000000-0000-0000-0000-00000017F789}
F{00000000-0000-0000-0000-0000002001DC}
T{00000000-0000-0000-0000-0000002AD855}
T{00000000-0000-0000-0000-00000003D178}
F{00000000-0000-0000-0000-0000001C78BF}
T{00000000-0000-0000-0000-0000002A43DB}
T{00000000-0000-0000-0000-0000002A99EC}
T{00000000-0000-0000-0000-0000000619EB}
T{00000000-0000-0000-0000-00000013B0E8}
F{00000000-0000-0000-0000-0000002ABFF5}
F{00000000-0000-0000-0000-0000000A5792}
T{00000000-0000-0000-0000-000000248370}
T{00000000-0000-0000-0000-000000163CED}
T{00000000-0000-0000-0000-00000008C59A}
F{00000000-0000-0000-0000-00000021B897}
T{00000000-0000-0000-0000-00000008AD28}
T{00000000-0000-0000-0000-0000002C6D5A}
T{00000000-0000-0000-0000-000000245FF5}
T{00000000-0000-0000-0000-00000032D98E}
T{00000000-0000-0000-0000-0000002A0EC1}
T{00000000-0000-0000-0000-00000000C8EC}
F{00000000-0000-0000-0000-0000002C51D3}
F{00000000-0000-0000-0000-000000209B8E}
T{00000000-0000-0000-0000-000000289841}
F{00000000-0000-0000-0000-0000000974BB}
T{00000000-0000-0000-0000-00000009F92A}
F{00000000-0000-0000-0000-000000249B7C}
T{00000000-0000-0000-0000-0000000A0707}
F{00000000-0000-0000-0000-00000019D284}
F{00000000-0000-0000-0000-0000000A9687}
T{00000000-0000-0000-0000-000000132CC8}
F{00000000-0000-0000-0000-0000002EFB03}
T{00000000-0000-0000-0000-00000007124A}
T{00000000-0000-0000-0000-0000002FD32B}
T{00000000-0000-0000-0000-000000049748}
T{00000000-0000-0000-0000-0000001298D6}
T{00000000-0000-0000-0000-00000026D438}
T{00000000-0000-0000-0000-0000000CE641}
T{00000000-0000-0000-0000-0000002102FE}
T{00000000-0000-0000-0000-00000033C127}
T{00000000-0000-0000-0000-0000002C28C3}
F{00000000-0000-0000-0000-00000031B2AF}
T{00000000-0000-0000-0000-0000001EA2B9}
T{00000000-0000-0000-0000-00000005C480}
T{00000000-0000-0000-0000-00000010AA94}
F{00000000-0000-0000-0000-0000001C1356}
T{00000000-0000-0000-0000-0000000B1219}
T{00000000-0000-0000-0000-0000002131BD}
T{00000000-0000-0000-0000-0000001DA41E}
F{00000000-0000-0000-0000-0000002893AB}
T{00000000-0000-0000-0000-000000233D90}
T{00000000-0000-0000-0000-0000001BF1B8}
T{00000000-0000-0000-0000-000000138989}
T{00000000-0000-0000-0000-000000094A6A}
T{00000000-0000-0000-0000-000000257885}
T{00000000-0000-0000-0000-0000000C46A9}
T{00000000-0000-0000-0000-00000020EE51}
F{00000000-0000-0000-0000-00000025333F}
T{00000000-0000-0000-0000-0000000CCDAC}
T{00000000-0000-0000-0000-000000141B56}
T{00000000-0000-0000-0000-000000027909}
T{00000000-0000-0000-0000-00000001DDFD}
T{00000000-0000-0000-0000-00000025AC9A}
T{00000000-0000-0000-0000-000000029872}
F{00000000-0000-0000-0000-0000000EFBFF}
T{00000000-0000-0000-0000-0000001E31B8}
T{00000000-0000-0000-0000-000000168925}
F{00000000-0000-0000-0000-00000013C356}
T{00000000-0000-0000-0000-00000011DB6D}
F{00000000-0000-0000-0000-0000000EFCB1}
T{00000000-0000-0000-0000-000000241292}
F{00000000-0000-0000-0000-00000022236F}
T{00000000-0000-0000-0000-00000025AECA}
T{00000000-0000-0000-0000-000000145B0B}
F{00000000-0000-0000-0000-0000002B054E}
T{00000000-0000-0000-0000-000000208E07}
T{00000000-0000-0000-0000-000000310C67}
T{00000000-0000-0000-0000-000000268E75}
T{00000000-0000-0000-0000-0000002027E6}
T{00000000-0000-0000-0000-000000314BB4}
F{00000000-0000-0000-0000-00000016979A}
F{00000000-0000-0000-0000-00000012E04C}
F{00000000-0000-0000-0000-0000002C4823}
F{00000000-0000-0000-0000-00000029C08B}
T{00000000-0000-0000-0000-00000010E228}
F{00000000-0000-0000-0000-0000002B38E3}
T{00000000-0000-0000-0000-00000004C261}
F{00000000-0000-0000-0000-000000242E7A}
T{00000000-0000-0000-0000-000000006FB6}
T{00000000-0000-0000-0000-000000254683}
T{00000000-0000-0000-0000-00000010277E}
T{00000000-0000-0000-0000-0000001C4B1C}
F{00000000-0000-0000-0000-0000001C2034}
T{00000000-0000-0000-0000-000000271E52}
F{00000000-0000-0000-0000-00000014AEB7}
T{00000000-0000-0000-0000-00000026E11D}
T{00000000-0000-0000-0000-0000002DD1AB}
F{00000000-0000-0000-0000-00000028CA92}
F{00000000-0000-0000-0000-00000009D454}
F{00000000-0000-0000-0000-00000028E78F}
T{00000000-0000-0000-0000-000000226C34}
F{00000000-0000-0000-0000-0000000918BA}
T{00000000-0000-0000-0000-0000001C2743}
T{00000000-0000-0000-0000-00000009A733}
T{00000000-0000-0000-0000-0000001B5D7A}
T{00000000-0000-0000-0000-0000002FA1EE}
T{00000000-0000-0000-0000-0000001B3997}
T{00000000-0000-0000-0000-00000005FDCA}
F{00000000-0000-0000-0000-00000001AAB3}
F{00000000-0000-0000-0000-0000000BBAE5}
F{00000000-0000-0000-0000-0000000FAF70}
T{00000000-0000-0000-0000-0000003017AE}
F{00000000-0000-0000-0000-00000005C588}
T{00000000-0000-0000-0000-000000202712}
T{00000000-0000-0000-0000-0000000B207D}
F{00000000-0000-0000-0000-0000002651AC}
T{00000000-0000-0000-0000-000000183058}
T{00000000-0000-0000-0000-000000289AFD}
T{00000000-0000-0000-0000-0000000D2613}
F{00000000-0000-0000-0000-0000000C42D4}
T{00000000-0000-0000-0000-0000001D0E71}
T{00000000-0000-0000-0000-00000032DD9E}
T{00000000-0000-0000-0000-00000021E377}
F{00000000-0000-0000-0000-0000001813D8}
T{00000000-0000-0000-0000-00000001A16F}
T{00000000-0000-0000-0000-000000137DBB}
F{00000000-0000-0000-0000-000000063A84}
F{00000000-0000-0000-0000-00000010661B}
F{00000000-0000-0000-0000-00000008C1DE}
T{00000000-0000-0000-0000-0000001577FA}
T{00000000-0000-0000-0000-00000010B048}
T{00000000-0000-0000-0000-00000013AEB7}
T{00000000-0000-0000-0000-00000011215C}
T{00000000-0000-0000-0000-0000000A06FB}
T{00000000-0000-0000-0000-0000000B648C}
T{00000000-0000-0000-0000-0000000D2E41}
T{00000000-0000-0000-0000-000000048FF1}
T{00000000-0000-0000-0000-0000002AC137}
F{00000000-0000-0000-0000-0000000813D7}
T{00000000-0000-0000-0000-0000002E41D2}
T{00000000-0000-0000-0000-000000268135}
T{00000000-0000-0000-0000-00000021855A}
T{00000000-0000-0000-0000-0000000D8E6B}
T{00000000-0000-0000-0000-000000031320}
F{00000000-0000-0000-0000-000000267BC2}
T{00000000-0000-0000-0000-00000016FAD2}
T{00000000-0000-0000-0000-00000008ECD0}
F{00000000-0000-0000-0000-00000016979A}
T{00000000-0000-0000-0000-0000000A908A}
F{00000000-0000-0000-0000-00000013BB66}
T{00000000-0000-0000-0000-000000279E52}
F{00000000-0000-0000-0000-000000147165}
F{00000000-0000-0000-0000-000000039287}
F{00000000-0000-0000-0000-0000002EAF33}
T{00000000-0000-0000-0000-000000004DA9}
T{00000000-0000-0000-0000-00000012ADAD}
F{00000000-0000-0000-0000-0000002C95F6}
T{00000000-0000-0000-0000-0000001EF5AC}
F{00000000-0000-0000-0000-000000220F56}
T{00000000-0000-0000-0000-0000002443C7}
F{00000000-0000-0000-0000-0000002390CE}
T{00000000-0000-0000-0000-00000033AE7C}
T{00000000-0000-0000-0000-000000167274}
T{00000000-0000-0000-0000-0000001AACFF}
T{00000000-0000-0000-0000-000000047EDA}
F{00000000-0000-0000-0000-00000028813D}
T{00000000-0000-0000-0000-00000030DFA8}
F{00000000-0000-0000-0000-000000029DB2}
T{00000000-0000-0000-0000-00000013A3A4}
T{00000000-0000-0000-0000-00000009BE27}
T{00000000-0000-0000-0000-0000001D5C71}
F{00000000-0000-0000-0000-000000289795}
T{00000000-0000-0000-0000-0000000659B7}
T{00000000-0000-0000-0000-0000002B9EFF}
T{00000000-0000-0000-0000-00000014467D}
T{00000000-0000-0000-0000-00000016E14D}
F{00000000-0000-0000-0000-0000002BFFD7}
F{00000000-0000-0000-0000-00000031E8A8}
T{00000000-0000-0000-0000-0000001A149B}
T{00000000-0000-0000-0000-000000184757}
F{00000000-0000-0000-0000-000000289F2F}
T{00000000-0000-0000-0000-00000029E7C7}
T{00000000-0000-0000-0000-000000263180}
T{00000000-0000-0000-0000-00000000E507}
T{00000000-0000-0000-0000-0000002175CB}
T{00000000-0000-0000-0000-000000279620}
T{00000000-0000-0000-0000-0000002AC51F}
T{00000000-0000-0000-0000-000000108C87}
T{00000000-0000-0000-0000-000000243433}
T{00000000-0000-0000-0000-000000308665}
T{00000000-0000-0000-0000-00000017DBE5}
F{00000000-0000-0000-0000-00000017CD8A}
T{00000000-0000-0000-0000-0000002443AD}
T{00000000-0000-0000-0000-000000093C0F}
F{00000000-0000-0000-0000-00000032BB6B}
T{00000000-0000-0000-0000-0000002E0B34}
T{00000000-0000-0000-0000-0000002C9077}
T{00000000-0000-0000-0000-00000030D245}
T{00000000-0000-0000-0000-000000319D12}
T{00000000-0000-0000-0000-000000336480}
T{00000000-0000-0000-0000-00000009BE27}
T{00000000-0000-0000-0000-000000058EAC}
T{00000000-0000-0000-0000-0000002DB274}
F{00000000-0000-0000-0000-00000022178C}
T{00000000-0000-0000-0000-000000243AA3}
T{00000000-0000-0000-0000-0000000FFF9F}
T{00000000-0000-0000-0000-000000259F1C}
T{00000000-0000-0000-0000-00000020279E}
T{00000000-0000-0000-0000-000000257A83}
F{00000000-0000-0000-0000-000000213B22}
F{00000000-0000-0000-0000-0000002216E6}
F{00000000-0000-0000-0000-0000001D5B1B}
T{00000000-0000-0000-0000-000000006289}
F{00000000-0000-0000-0000-0000002FFF7B}
T{00000000-0000-0000-0000-00000006AE10}
F{00000000-0000-0000-0000-000000062309}
T{00000000-0000-0000-0000-000000310C14}
T{00000000-0000-0000-0000-0000002BD718}
T{00000000-0000-0000-0000-0000002C3038}
F{00000000-0000-0000-0000-0000002CDFC9}
T{00000000-0000-0000-0000-0000000EBD37}
T{00000000-0000-0000-0000-000000314A39}
F{00000000-0000-0000-0000-0000000EE00F}
T{00000000-0000-0000-0000-000000097699}
T{00000000-0000-0000-0000-0000002B6CCB}
T{00000000-0000-0000-0000-000000116A55}
T{00000000-0000-0000-0000-00000018264F}
F{00000000-0000-0000-0000-0000000FA0F7}
F{00000000-0000-0000-0000-000000088CF0}
T{00000000-0000-0000-0000-0000000689A3}
T{00000000-0000-0000-0000-00000012A5F0}
T{00000000-0000-0000-0000-000000005C5C}
F{00000000-0000-0000-0000-000000099323}
T{00000000-0000-0000-0000-0000000434A2}
F{00000000-0000-0000-0000-00000023C11C}
T{00000000-0000-0000-0000-0000002788AF}
T{00000000-0000-0000-0000-00000024A8BF}
F{00000000-0000-0000-0000-0000000E6E55}
T{00000000-0000-0000-0000-0000000F4992}
T{00000000-0000-0000-0000-0000001F1C74}
T{00000000-0000-0000-0000-0000000FD726}
T{00000000-0000-0000-0000-0000002C7BFD}
T{00000000-0000-0000-0000-00000022FEC6}
T{00000000-0000-0000-0000-0000002984B0}
T{00000000-0000-0000-0000-00000012A962}
T{00000000-0000-0000-0000-000000331358}
F{00000000-0000-0000-0000-000000220F56}
F{00000000-0000-0000-0000-0000002789C7}
T{00000000-0000-0000-0000-0000000316DE}
T{00000000-0000-0000-0000-00000017C277}
T{00000000-0000-0000-0000-000000215348}
F{00000000-0000-0000-0000-00000003B508}
F{00000000-0000-0000-0000-000000228993}
T{00000000-0000-0000-0000-000000237D40}
F{00000000-0000-0000-0000-0000002853F7}
T{00000000-0000-0000-0000-0000002CA500}
T{00000000-0000-0000-0000-000000148F7C}
T{00000000-0000-0000-0000-0000001B796B}
T{00000000-0000-0000-0000-000000138351}
T{00000000-0000-0000-0000-0000002C8143}
T{00000000-0000-0000-0000-0000000A24D0}
T{00000000-0000-0000-0000-000000228993}
T{00000000-0000-0000-0000-00000021F999}
F{00000000-0000-0000-0000-00000000D3F0}
T{00000000-0000-0000-0000-00000016B0D0}
T{00000000-0000-0000-0000-00000026B0CD}
T{00000000-0000-0000-0000-0000000EEBC6}
T{00000000-0000-0000-0000-0000000BBFFC}
T{00000000-0000-0000-0000-00000005E083}
T{00000000-0000-0000-0000-00000009D4EF}
T{00000000-0000-0000-0000-00000003982D}
T{00000000-0000-0000-0000-000000288328}
T{00000000-0000-0000-0000-0000001FC5AC}
T{00000000-0000-0000-0000-00000000F4CC}
F{00000000-0000-0000-0000-0000000F6E0A}
T{00000000-0000-0000-0000-0000002C298F}
T{00000000-0000-0000-0000-000000083D43}
F{00000000-0000-0000-0000-0000002D4810}
F{00000000-0000-0000-0000-0000000EF5E7}
F{00000000-0000-0000-0000-000000010A7C}
T{00000000-0000-0000-0000-0000000899F4}
F{00000000-0000-0000-0000-0000000782BC}
T{00000000-0000-0000-0000-000000029D4F}
T{00000000-0000-0000-0000-0000001DCD3B}
T{00000000-0000-0000-0000-00000000B512}
T{00000000-0000-0000-0000-0000003171C7}
T{00000000-0000-0000-0000-000000167B86}
T{00000000-0000-0000-0000-000000228993}
F{00000000-0000-0000-0000-000000269527}
T{00000000-0000-0000-0000-0000003258FD}
F{00000000-0000-0000-0000-0000002D4012}
F{00000000-0000-0000-0000-0000000A3D45}
T{00000000-0000-0000-0000-000000279364}
T{00000000-0000-0000-0000-0000002074A7}
T{00000000-0000-0000-0000-00000032F67F}
F{00000000-0000-0000-0000-00000026A7E0}
T{00000000-0000-0000-0000-00000010CDB8}
T{00000000-0000-0000-0000-0000000BDC46}
F{00000000-0000-0000-0000-00000028C84A}
F{00000000-0000-0000-0000-0000000D55FC}
T{00000000-0000-0000-0000-00000015815F}
F{00000000-0000-0000-0000-00000026DB04}
F{00000000-0000-0000-0000-0000001C78BF}
T{00000000-0000-0000-0000-000000270476}
F{00000000-0000-0000-0000-00000019E23D}
T{00000000-0000-0000-0000-000000263B02}
F{00000000-0000-0000-0000-000000173168}
F{00000000-0000-0000-0000-0000001B6EF6}
T{00000000-0000-0000-0000-000000136075}
F{00000000-0000-0000-0000-000000075BEC}
F{00000000-0000-0000-0000-0000000FD4D9}
F{00000000-0000-0000-0000-00000031EBC3}
T{00000000-0000-0000-0000-00000024E8A1}
F{00000000-0000-0000-0000-0000002591DD}
T{00000000-0000-0000-0000-000000118322}
F{00000000-0000-0000-0000-0000002D4795}
T{00000000-0000-0000-0000-00000012D86F}
F{00000000-0000-0000-0000-000000159560}
T{00000000-0000-0000-0000-0000002EDF9D}
T{00000000-0000-0000-0000-00000025E244}
T{00000000-0000-0000-0000-0000002A35AF}
F{00000000-0000-0000-0000-0000002D52FB}
T{00000000-0000-0000-0000-00000032624F}
F{00000000-0000-0000-0000-0000001A72D1}
T{00000000-0000-0000-0000-0000000BBB6E}
T{00000000-0000-0000-0000-0000002FD6B4}
F{00000000-0000-0000-0000-0000000CE4C7}
T{00000000-0000-0000-0000-0000002074A7}
T{00000000-0000-0000-0000-00000013897B}
F{00000000-0000-0000-0000-0000002122E5}
F{00000000-0000-0000-0000-0000001E1D24}
T{00000000-0000-0000-0000-00000011A9C4}
F{00000000-0000-0000-0000-0000000346B2}
T{00000000-0000-0000-0000-000000199840}
F{00000000-0000-0000-0000-000000119C07}
T{00000000-0000-0000-0000-000000013379}
F{00000000-0000-0000-0000-00000000740B}
F{00000000-0000-0000-0000-00000025C115}
T{00000000-0000-0000-0000-0000000E9B91}
F{00000000-0000-0000-0000-00000006E673}
T{00000000-0000-0000-0000-000000245D0C}
F{00000000-0000-0000-0000-000000223AC8}
T{00000000-0000-0000-0000-0000001024F5}
T{00000000-0000-0000-0000-000000102010}
T{00000000-0000-0000-0000-0000003276E5}
F{00000000-0000-0000-0000-00000032BEB2}
T{00000000-0000-0000-0000-0000000BD0B4}
F{00000000-0000-0000-0000-0000001EA4DD}
T{00000000-0000-0000-0000-00000030E03F}
T{00000000-0000-0000-0000-00000027ED8D}
F{00000000-0000-0000-0000-0000000D226D}
T{00000000-0000-0000-0000-00000026DCDA}
T{00000000-0000-0000-0000-0000002CF075}
F{00000000-0000-0000-0000-00000021868E}
F{00000000-0000-0000-0000-000000194966}
T{00000000-0000-0000-0000-00000032D98E}
T{00000000-0000-0000-0000-0000002A7405}
F{00000000-0000-0000-0000-0000002B39CA}
F{00000000-0000-0000-0000-000000270F6A}
T{00000000-0000-0000-0000-0000001CD9AB}
T{00000000-0000-0000-0000-00000011693B}
T{00000000-0000-0000-0000-0000002E4C7F}
T{00000000-0000-0000-0000-000000289E1B}
F{00000000-0000-0000-0000-000000267D6D}
T{00000000-0000-0000-0000-0000000F705B}
T{00000000-0000-0000-0000-00000025B19E}
F{00000000-0000-0000-0000-0000000C34F2}
F{00000000-0000-0000-0000-0000000CB9EE}
F{00000000-0000-0000-0000-0000000CF7FF}
T{00000000-0000-0000-0000-0000002CF0AB}
T{00000000-0000-0000-0000-0000002E8886}
T{00000000-0000-0000-0000-000000138851}
T{00000000-0000-0000-0000-00000032BEB2}
F{00000000-0000-0000-0000-0000000C5488}
F{00000000-0000-0000-0000-0000000ABC61}
F{00000000-0000-0000-0000-0000002AA866}
T{00000000-0000-0000-0000-000000138351}
F{00000000-0000-0000-0000-0000001AF5B8}
T{00000000-0000-0000-0000-00000015C3EB}
F{00000000-0000-0000-0000-00000013995B}
F{00000000-0000-0000-0000-0000002CEB47}
F{00000000-0000-0000-0000-00000032A8DB}
F{00000000-0000-0000-0000-0000002853F7}
F{00000000-0000-0000-0000-0000002E66CF}
T{00000000-0000-0000-0000-000000028DA7}
T{00000000-0000-0000-0000-00000024876F}
T{00000000-0000-0000-0000-0000000E83C9}
T{00000000-0000-0000-0000-000000319D12}
T{00000000-0000-0000-0000-0000002C217E}
T{00000000-0000-0000-0000-00000016A760}
F{00000000-0000-0000-0000-00000032BB6B}
F{00000000-0000-0000-0000-00000032E859}
T{00000000-0000-0000-0000-0000002D5502}
F{00000000-0000-0000-0000-00000026A7E0}
F{00000000-0000-0000-0000-000000245B1C}
T{00000000-0000-0000-0000-0000002137BA}
T{00000000-0000-0000-0000-0000002EF826}
T{00000000-0000-0000-0000-0000002CEB47}
F{00000000-0000-0000-0000-00000007ABFD}
F{00000000-0000-0000-0000-000000113C06}
F{00000000-0000-0000-0000-00000015ABCA}
F{00000000-0000-0000-0000-00000015A631}
F{00000000-0000-0000-0000-000000281B7B}
T{00000000-0000-0000-0000-0000001F1C74}
T{00000000-0000-0000-0000-00000020026B}
T{00000000-0000-0000-0000-0000002EC39C}
T{00000000-0000-0000-0000-00000011FD04}
T{00000000-0000-0000-0000-0000001DAC3B}
F{00000000-0000-0000-0000-0000001369DE}
F{00000000-0000-0000-0000-00000005DD33}
T{00000000-0000-0000-0000-00000010A9BD}
T{00000000-0000-0000-0000-0000001675CD}
F{00000000-0000-0000-0000-000000039869}
T{00000000-0000-0000-0000-000000059B96}
F{00000000-0000-0000-0000-0000002ADDAD}
T{00000000-0000-0000-0000-00000016D577}
F{00000000-0000-0000-0000-0000001AF5B8}
T{00000000-0000-0000-0000-00000011AA6D}
T{00000000-0000-0000-0000-0000001DBD6C}
T{00000000-0000-0000-0000-00000019DE58}
T{00000000-0000-0000-0000-00000009D4EF}
T{00000000-0000-0000-0000-0000002768FA}
F{00000000-0000-0000-0000-0000002179E5}
F{00000000-0000-0000-0000-000000113245}
T{00000000-0000-0000-0000-00000017A924}
T{00000000-0000-0000-0000-0000002ED01C}
T{00000000-0000-0000-0000-0000001472F7}
T{00000000-0000-0000-0000-00000008AE60}
T{00000000-0000-0000-0000-0000000A1D72}
F{00000000-0000-0000-0000-00000032A5BB}
T{00000000-0000-0000-0000-00000033172F}
T{00000000-0000-0000-0000-000000270E59}
T{00000000-0000-0000-0000-00000019A437}
F{00000000-0000-0000-0000-0000002C6187}
T{00000000-0000-0000-0000-00000004404D}
T{00000000-0000-0000-0000-0000002B171F}
T{00000000-0000-0000-0000-0000000A0AB0}
F{00000000-0000-0000-0000-00000019EC18}
F{00000000-0000-0000-0000-00000011A66A}
T{00000000-0000-0000-0000-0000001EA4B5}
F{00000000-0000-0000-0000-0000002B43A9}
F{00000000-0000-0000-0000-0000002BC06C}
F{00000000-0000-0000-0000-000000029272}
F{00000000-0000-0000-0000-000000264C56}
T{00000000-0000-0000-0000-0000002578FB}
T{00000000-0000-0000-0000-000000114F6A}
T{00000000-0000-0000-0000-0000002A1E60}
F{00000000-0000-0000-0000-00000009E1BD}
T{00000000-0000-0000-0000-000000147F5A}
T{00000000-0000-0000-0000-000000212706}
T{00000000-0000-0000-0000-0000001CFA3F}
T{00000000-0000-0000-0000-00000006AE10}
F{00000000-0000-0000-0000-00000009A044}
F{00000000-0000-0000-0000-0000002CDE1F}
F{00000000-0000-0000-0000-0000000DF706}
F{00000000-0000-0000-0000-000000165F44}
F{00000000-0000-0000-0000-000000055656}
T{00000000-0000-0000-0000-0000001BDAF9}
F{00000000-0000-0000-0000-00000030694D}
T{00000000-0000-0000-0000-0000002E0F9F}
T{00000000-0000-0000-0000-00000030E2CD}
T{00000000-0000-0000-0000-0000001C767C}
T{00000000-0000-0000-0000-00000001100A}
F{00000000-0000-0000-0000-00000032686B}
T{00000000-0000-0000-0000-00000032B082}
T{00000000-0000-0000-0000-00000010DFFC}
F{00000000-0000-0000-0000-000000253D59}
T{00000000-0000-0000-0000-000000104584}
T{00000000-0000-0000-0000-00000014B181}
T{00000000-0000-0000-0000-0000002CEB1D}
F{00000000-0000-0000-0000-00000009F5AB}
T{00000000-0000-0000-0000-000000257ED2}
F{00000000-0000-0000-0000-0000001AB774}
T{00000000-0000-0000-0000-00000007B89D}
T{00000000-0000-0000-0000-0000002DD42D}
T{00000000-0000-0000-0000-0000000CF399}
T{00000000-0000-0000-0000-00000008D9E4}
T{00000000-0000-0000-0000-0000002640E9}
F{00000000-0000-0000-0000-0000001BA8D0}
T{00000000-0000-0000-0000-0000001BA81F}
T{00000000-0000-0000-0000-00000018401E}
T{00000000-0000-0000-0000-0000000A747D}
F{00000000-0000-0000-0000-0000000DF8B1}
T{00000000-0000-0000-0000-0000001A0CB3}
F{00000000-0000-0000-0000-0000000A7628}
F{00000000-0000-0000-0000-0000000A2D06}
F{00000000-0000-0000-0000-000000099D5D}
F{00000000-0000-0000-0000-000000184E75}
T{00000000-0000-0000-0000-000000109228}
T{00000000-0000-0000-0000-000000016921}
T{00000000-0000-0000-0000-0000000C6F2B}
T{00000000-0000-0000-0000-000000311004}
T{00000000-0000-0000-0000-0000002E94C2}
T{00000000-0000-0000-0000-0000000ABF57}
T{00000000-0000-0000-0000-000000097145}
F{00000000-0000-0000-0000-00000020548C}
T{00000000-0000-0000-0000-00000032FFA7}
T{00000000-0000-0000-0000-0000002D98E1}
T{00000000-0000-0000-0000-0000001B6B37}
