T{00000000-0000-0000-0000-00000033C6A6}
F{00000000-0000-0000-0000-00000033C0BE}
T{00000000-0000-0000-0000-00000033AE79}
T{00000000-0000-0000-0000-0000003361CE}
T{00000000-0000-0000-0000-000000335DC2}
T{00000000-0000-0000-0000-0000003305B7}
T{00000000-0000-0000-0000-00000032E620}
T{00000000-0000-0000-0000-00000032E3F3}
T{00000000-0000-0000-0000-00000032A1D1}
T{00000000-0000-0000-0000-000000327A68}
F{00000000-0000-0000-0000-000000320E5F}
F{00000000-0000-0000-0000-00000031DB69}
F{00000000-0000-0000-0000-000000317077}
F{00000000-0000-0000-0000-000000310DC9}
T{00000000-0000-0000-0000-00000030BFB1}
T{00000000-0000-0000-0000-0000003085E0}
F{00000000-0000-0000-0000-00000032A5BB}
T{00000000-0000-0000-0000-0000002F5813}
F{00000000-0000-0000-0000-0000002F4F87}
F{00000000-0000-0000-0000-0000002F4DB9}
F{00000000-0000-0000-0000-0000002F3FC3}
T{00000000-0000-0000-0000-0000002F168B}
T{00000000-0000-0000-0000-0000002ED065}
T{00000000-0000-0000-0000-000000325B65}
T{00000000-0000-0000-0000-0000002E991A}
T{00000000-0000-0000-0000-0000002E4BCD}
T{00000000-0000-0000-0000-0000002E01AF}
T{00000000-0000-0000-0000-0000002DAF08}
F{00000000-0000-0000-0000-0000002D5281}
F{00000000-0000-0000-0000-0000002D4147}
F{00000000-0000-0000-0000-0000002D3243}
F{00000000-0000-0000-0000-0000002D26FD}
F{00000000-0000-0000-0000-0000002D162B}
F{00000000-0000-0000-0000-0000002CDE1F}
T{00000000-0000-0000-0000-0000002C9D0E}
T{00000000-0000-0000-0000-0000002C6D5A}
F{00000000-0000-0000-0000-0000002C6D1C}
T{00000000-0000-0000-0000-0000002C61BF}
F{00000000-0000-0000-0000-0000002D52FB}
T{00000000-0000-0000-0000-0000002C5C17}
F{00000000-0000-0000-0000-0000002C298F}
F{00000000-0000-0000-0000-0000002BC06C}
T{00000000-0000-0000-0000-0000002BB78A}
T{00000000-0000-0000-0000-0000002B6CCB}
T{00000000-0000-0000-0000-0000002B6616}
F{00000000-0000-0000-0000-0000002B5FB9}
T{00000000-0000-0000-0000-0000002B3402}
F{00000000-0000-0000-0000-0000002AD1C2}
T{00000000-0000-0000-0000-0000002AAAD9}
T{00000000-0000-0000-0000-0000002A7318}
T{00000000-0000-0000-0000-0000002A48E1}
T{00000000-0000-0000-0000-00000029BB50}
T{00000000-0000-0000-0000-00000030EF01}
T{00000000-0000-0000-0000-0000000114A4}
T{00000000-0000-0000-0000-000000238FEB}
T{00000000-0000-0000-0000-0000001D1E66}
T{00000000-0000-0000-0000-000000073239}
T{00000000-0000-0000-0000-0000000483B8}
T{00000000-0000-0000-0000-000000339EDE}
T{00000000-0000-0000-0000-0000000D2841}
T{00000000-0000-0000-0000-0000000D8B5B}
T{00000000-0000-0000-0000-0000000E3934}
T{00000000-0000-0000-0000-000000335A24}
T{00000000-0000-0000-0000-000000010757}
F{00000000-0000-0000-0000-000000083C07}
T{00000000-0000-0000-0000-0000002B4638}
F{00000000-0000-0000-0000-0000002D8355}
T{00000000-0000-0000-0000-0000000483B8}
F{00000000-0000-0000-0000-00000016A5CD}
F{00000000-0000-0000-0000-0000002350BA}
T{00000000-0000-0000-0000-0000000DE85C}
T{00000000-0000-0000-0000-0000002E03A5}
T{00000000-0000-0000-0000-00000019A06B}
F{00000000-0000-0000-0000-000000244890}
F{00000000-0000-0000-0000-0000002F6B7B}
F{00000000-0000-0000-0000-0000000C439B}
T{00000000-0000-0000-0000-00000005046B}
F{00000000-0000-0000-0000-00000008AA1A}
T{00000000-0000-0000-0000-00000026405C}
T{00000000-0000-0000-0000-0000001D05EC}
F{00000000-0000-0000-0000-000000289F2F}
T{00000000-0000-0000-0000-000000063DF8}
T{00000000-0000-0000-0000-0000002CE0CE}
F{00000000-0000-0000-0000-0000002691F5}
F{00000000-0000-0000-0000-0000001A891E}
F{00000000-0000-0000-0000-0000000BF8B3}
T{00000000-0000-0000-0000-00000009C51A}
F{00000000-0000-0000-0000-0000001985BE}
F{00000000-0000-0000-0000-0000000929D8}
F{00000000-0000-0000-0000-000000113245}
T{00000000-0000-0000-0000-0000002B51DE}
F{00000000-0000-0000-0000-000000087468}
F{00000000-0000-0000-0000-0000001746B7}
T{00000000-0000-0000-0000-00000005E440}
T{00000000-0000-0000-0000-00000028EC62}
F{00000000-0000-0000-0000-0000002C9942}
T{00000000-0000-0000-0000-0000001956DB}
T{00000000-0000-0000-0000-0000002DB699}
T{00000000-0000-0000-0000-0000000778B0}
T{00000000-0000-0000-0000-0000002CC5D5}
T{00000000-0000-0000-0000-0000001F2CC1}
F{00000000-0000-0000-0000-00000019B791}
F{00000000-0000-0000-0000-00000017DBE5}
T{00000000-0000-0000-0000-00000014E39F}
T{00000000-0000-0000-0000-0000001AC8CA}
F{00000000-0000-0000-0000-000000146BA0}
T{00000000-0000-0000-0000-0000001733BD}
T{00000000-0000-0000-0000-000000070FFB}
T{00000000-0000-0000-0000-00000025A45B}
F{00000000-0000-0000-0000-00000000B512}
F{00000000-0000-0000-0000-00000019E343}
F{00000000-0000-0000-0000-0000000AE447}
T{00000000-0000-0000-0000-000000279620}
T{00000000-0000-0000-0000-00000023F6C0}
F{00000000-0000-0000-0000-000000289DEC}
T{00000000-0000-0000-0000-00000015C2BD}
T{00000000-0000-0000-0000-00000032D11A}
T{00000000-0000-0000-0000-00000033ADB2}
T{00000000-0000-0000-0000-00000019BEF5}
F{00000000-0000-0000-0000-00000031E8A8}
F{00000000-0000-0000-0000-0000000EF5E7}
T{00000000-0000-0000-0000-0000001675CD}
F{00000000-0000-0000-0000-00000031B2AF}
T{00000000-0000-0000-0000-000000104E06}
F{00000000-0000-0000-0000-000000295BE6}
F{00000000-0000-0000-0000-0000000FC3AA}
T{00000000-0000-0000-0000-000000173628}
T{00000000-0000-0000-0000-00000008C59A}
T{00000000-0000-0000-0000-000000234D60}
T{00000000-0000-0000-0000-000000287D11}
F{00000000-0000-0000-0000-0000000EB2FC}
T{00000000-0000-0000-0000-00000013C027}
T{00000000-0000-0000-0000-0000002A9841}
F{00000000-0000-0000-0000-00000032B143}
T{00000000-0000-0000-0000-000000055B71}
T{00000000-0000-0000-0000-0000000CEA36}
T{00000000-0000-0000-0000-000000098DB8}
F{00000000-0000-0000-0000-000000145CBD}
F{00000000-0000-0000-0000-000000324F3F}
T{00000000-0000-0000-0000-00000000B029}
F{00000000-0000-0000-0000-000000040075}
T{00000000-0000-0000-0000-000000077AAC}
F{00000000-0000-0000-0000-00000008C1DE}
T{00000000-0000-0000-0000-000000093395}
F{00000000-0000-0000-0000-000000223AC8}
F{00000000-0000-0000-0000-0000002C299F}
F{00000000-0000-0000-0000-00000029E184}
T{00000000-0000-0000-0000-00000024C85E}
T{00000000-0000-0000-0000-000000175FEF}
T{00000000-0000-0000-0000-000000047EE1}
T{00000000-0000-0000-0000-0000000BF87B}
T{00000000-0000-0000-0000-0000001976B9}
T{00000000-0000-0000-0000-00000028313B}
F{00000000-0000-0000-0000-0000000ABC61}
F{00000000-0000-0000-0000-0000002FF8E1}
F{00000000-0000-0000-0000-00000015BDE3}
T{00000000-0000-0000-0000-00000032BF45}
T{00000000-0000-0000-0000-00000030E71C}
T{00000000-0000-0000-0000-00000020C386}
T{00000000-0000-0000-0000-0000001DC35A}
F{00000000-0000-0000-0000-00000024A8BF}
T{00000000-0000-0000-0000-000000213D22}
F{00000000-0000-0000-0000-000000275063}
T{00000000-0000-0000-0000-0000000ED171}
T{00000000-0000-0000-0000-00000017940F}
T{00000000-0000-0000-0000-0000000E5740}
T{00000000-0000-0000-0000-0000001EFA4A}
T{00000000-0000-0000-0000-00000021DFC6}
F{00000000-0000-0000-0000-00000025B34A}
T{00000000-0000-0000-0000-0000000CBB3D}
T{00000000-0000-0000-0000-00000026B745}
F{00000000-0000-0000-0000-000000125376}
T{00000000-0000-0000-0000-0000000134DD}
T{00000000-0000-0000-0000-00000007BFFC}
F{00000000-0000-0000-0000-000000113B7F}
T{00000000-0000-0000-0000-0000001BFE67}
F{00000000-0000-0000-0000-00000018D0D7}
T{00000000-0000-0000-0000-0000002F8588}
T{00000000-0000-0000-0000-0000002E0556}
F{00000000-0000-0000-0000-0000000F6FF2}
F{00000000-0000-0000-0000-00000019E343}
T{00000000-0000-0000-0000-00000014DCEA}
T{00000000-0000-0000-0000-000000270979}
T{00000000-0000-0000-0000-000000114F6A}
T{00000000-0000-0000-0000-0000002C8C3A}
F{00000000-0000-0000-0000-0000000B1084}
T{00000000-0000-0000-0000-00000016D577}
T{00000000-0000-0000-0000-0000000CEA36}
T{00000000-0000-0000-0000-00000014D038}
F{00000000-0000-0000-0000-000000304116}
T{00000000-0000-0000-0000-0000002D02F7}
T{00000000-0000-0000-0000-00000032D11A}
F{00000000-0000-0000-0000-000000308796}
T{00000000-0000-0000-0000-00000011FFC3}
F{00000000-0000-0000-0000-00000002FF57}
F{00000000-0000-0000-0000-00000017BAF9}
F{00000000-0000-0000-0000-000000100D87}
F{00000000-0000-0000-0000-000000165C7D}
F{00000000-0000-0000-0000-0000001249B2}
F{00000000-0000-0000-0000-0000002494C3}
T{00000000-0000-0000-0000-000000060995}
T{00000000-0000-0000-0000-0000002C5463}
F{00000000-0000-0000-0000-0000002893AB}
F{00000000-0000-0000-0000-00000032E49B}
T{00000000-0000-0000-0000-0000001A5D10}
F{00000000-0000-0000-0000-0000002C4B7E}
F{00000000-0000-0000-0000-000000180772}
T{00000000-0000-0000-0000-000000098DB8}
T{00000000-0000-0000-0000-00000027A92A}
F{00000000-0000-0000-0000-0000002E564A}
T{00000000-0000-0000-0000-0000002D479F}
T{00000000-0000-0000-0000-0000002EC40A}
F{00000000-0000-0000-0000-00000028C84A}
T{00000000-0000-0000-0000-0000001703E3}
T{00000000-0000-0000-0000-0000000FC8A7}
T{00000000-0000-0000-0000-00000010557B}
T{00000000-0000-0000-0000-0000002CE461}
T{00000000-0000-0000-0000-00000021FD36}
T{00000000-0000-0000-0000-000000048DD6}
F{00000000-0000-0000-0000-000000039287}
F{00000000-0000-0000-0000-0000002AD1C2}
T{00000000-0000-0000-0000-0000000526D0}
F{00000000-0000-0000-0000-000000159560}
T{00000000-0000-0000-0000-00000022AD41}
F{00000000-0000-0000-0000-0000002C51D3}
F{00000000-0000-0000-0000-0000002C6D1C}
T{00000000-0000-0000-0000-0000000C3ED6}
T{00000000-0000-0000-0000-0000002CEE7E}
T{00000000-0000-0000-0000-000000296ED6}
T{00000000-0000-0000-0000-000000034649}
T{00000000-0000-0000-0000-0000000E1FB0}
T{00000000-0000-0000-0000-00000007EAC2}
F{00000000-0000-0000-0000-0000000B66A6}
F{00000000-0000-0000-0000-0000002C4B7E}
F{00000000-0000-0000-0000-00000026E418}
F{00000000-0000-0000-0000-0000001EEC49}
F{00000000-0000-0000-0000-0000002F3FC3}
T{00000000-0000-0000-0000-0000002DE457}
F{00000000-0000-0000-0000-0000002D7348}
T{00000000-0000-0000-0000-00000027140B}
F{00000000-0000-0000-0000-0000000FD4D9}
T{00000000-0000-0000-0000-00000003DC07}
T{00000000-0000-0000-0000-0000002F8588}
F{00000000-0000-0000-0000-00000032A5BB}
T{00000000-0000-0000-0000-00000020CB01}
F{00000000-0000-0000-0000-0000002ADB4F}
F{00000000-0000-0000-0000-0000000EAA83}
F{00000000-0000-0000-0000-000000222A3E}
T{00000000-0000-0000-0000-0000001BBE21}
T{00000000-0000-0000-0000-00000029D3E1}
T{00000000-0000-0000-0000-00000026C688}
T{00000000-0000-0000-0000-00000007BD53}
F{00000000-0000-0000-0000-00000002971C}
F{00000000-0000-0000-0000-0000002B7D45}
F{00000000-0000-0000-0000-000000111E00}
F{00000000-0000-0000-0000-000000275A4F}
T{00000000-0000-0000-0000-000000034417}
F{00000000-0000-0000-0000-000000038479}
F{00000000-0000-0000-0000-00000007C25E}
F{00000000-0000-0000-0000-000000039287}
F{00000000-0000-0000-0000-0000002FDA95}
T{00000000-0000-0000-0000-0000002999CD}
T{00000000-0000-0000-0000-0000002CEC45}
T{00000000-0000-0000-0000-0000001357CB}
T{00000000-0000-0000-0000-0000002247F0}
F{00000000-0000-0000-0000-000000275B8E}
F{00000000-0000-0000-0000-00000002971C}
F{00000000-0000-0000-0000-00000028813D}
T{00000000-0000-0000-0000-000000222C51}
T{00000000-0000-0000-0000-000000318C3C}
T{00000000-0000-0000-0000-0000003148A3}
T{00000000-0000-0000-0000-000000319D12}
T{00000000-0000-0000-0000-0000002362F4}
T{00000000-0000-0000-0000-0000002E9779}
T{00000000-0000-0000-0000-0000000B1084}
T{00000000-0000-0000-0000-000000200384}
T{00000000-0000-0000-0000-000000260634}
T{00000000-0000-0000-0000-0000001BB200}
T{00000000-0000-0000-0000-0000002D3FC2}
T{00000000-0000-0000-0000-00000005A762}
T{00000000-0000-0000-0000-0000001ECBD7}
T{00000000-0000-0000-0000-000000273294}
T{00000000-0000-0000-0000-00000009BBDA}
T{00000000-0000-0000-0000-0000002341E9}
F{00000000-0000-0000-0000-0000001CFA3F}
F{00000000-0000-0000-0000-00000013BD56}
T{00000000-0000-0000-0000-0000002B6C6B}
F{00000000-0000-0000-0000-000000028B7A}
T{00000000-0000-0000-0000-0000002225A2}
T{00000000-0000-0000-0000-0000000AD714}
F{00000000-0000-0000-0000-000000199ECD}
T{00000000-0000-0000-0000-00000021D6AC}
F{00000000-0000-0000-0000-0000002591DD}
F{00000000-0000-0000-0000-0000001322C6}
T{00000000-0000-0000-0000-000000153AC4}
F{00000000-0000-0000-0000-000000267BC2}
T{00000000-0000-0000-0000-0000001A80C1}
F{00000000-0000-0000-0000-000000145CBD}
F{00000000-0000-0000-0000-000000253DA3}
T{00000000-0000-0000-0000-0000000FBBF4}
F{00000000-0000-0000-0000-00000011FA5C}
T{00000000-0000-0000-0000-0000001D339F}
T{00000000-0000-0000-0000-0000002A7E57}
T{00000000-0000-0000-0000-00000011BB02}
T{00000000-0000-0000-0000-0000001069BB}
T{00000000-0000-0000-0000-00000007E567}
T{00000000-0000-0000-0000-0000002E6EA3}
T{00000000-0000-0000-0000-0000001E4D43}
F{00000000-0000-0000-0000-00000005ED38}
F{00000000-0000-0000-0000-0000000E15DD}
F{00000000-0000-0000-0000-0000000FD54B}
F{00000000-0000-0000-0000-000000010A7C}
T{00000000-0000-0000-0000-0000002834B4}
F{00000000-0000-0000-0000-000000223AC8}
T{00000000-0000-0000-0000-0000000DD8B2}
T{00000000-0000-0000-0000-00000006AFA6}
T{00000000-0000-0000-0000-00000015E1CE}
T{00000000-0000-0000-0000-0000001EFA4A}
T{00000000-0000-0000-0000-000000173628}
F{00000000-0000-0000-0000-0000000EF5E7}
T{00000000-0000-0000-0000-0000000E47F1}
