T{00000000-0000-0000-0000-00000013AEDD}
T{00000000-0000-0000-0000-00000006EF8B}
T{00000000-0000-0000-0000-000000042D20}
T{00000000-0000-0000-0000-0000001CCEE4}
T{00000000-0000-0000-0000-00000027788D}
T{00000000-0000-0000-0000-000000320CD6}
T{00000000-0000-0000-0000-0000002B5983}
F{00000000-0000-0000-0000-00000003982D}
T{00000000-0000-0000-0000-0000001C7B17}
T{00000000-0000-0000-0000-0000000C1DCA}
T{00000000-0000-0000-0000-000000187E45}
T{00000000-0000-0000-0000-00000029FE0E}
T{00000000-0000-0000-0000-00000031FCF0}
T{00000000-0000-0000-0000-0000002FCCCD}
T{00000000-0000-0000-0000-00000005D00D}
T{00000000-0000-0000-0000-000000321B4A}
T{00000000-0000-0000-0000-000000195B1E}
T{00000000-0000-0000-0000-000000060586}
T{00000000-0000-0000-0000-00000004404D}
T{00000000-0000-0000-0000-000000333365}
T{00000000-0000-0000-0000-00000030C0DD}
T{00000000-0000-0000-0000-000000072ADD}
T{00000000-0000-0000-0000-0000001FB306}
T{00000000-0000-0000-0000-0000001A8042}
T{00000000-0000-0000-0000-00000018C2C3}
T{00000000-0000-0000-0000-0000000077DB}
T{00000000-0000-0000-0000-0000001A902F}
T{00000000-0000-0000-0000-0000000D1180}
T{00000000-0000-0000-0000-0000000C9126}
T{00000000-0000-0000-0000-00000030C0DD}
T{00000000-0000-0000-0000-0000000D860F}
T{00000000-0000-0000-0000-0000002732DB}
T{00000000-0000-0000-0000-00000016FB0E}
T{00000000-0000-0000-0000-00000024E12A}
T{00000000-0000-0000-0000-0000000A9CAE}
T{00000000-0000-0000-0000-0000002499A6}
T{00000000-0000-0000-0000-0000003328D0}
T{00000000-0000-0000-0000-0000002AF5A1}
T{00000000-0000-0000-0000-00000028DF07}
T{00000000-0000-0000-0000-00000023CDFE}
T{00000000-0000-0000-0000-000000083454}
T{00000000-0000-0000-0000-0000001DA2CE}
T{00000000-0000-0000-0000-000000200B10}
T{00000000-0000-0000-0000-00000013E545}
T{00000000-0000-0000-0000-0000001442EE}
T{00000000-0000-0000-0000-00000033931C}
T{00000000-0000-0000-0000-000000014DAB}
T{00000000-0000-0000-0000-0000000A06FB}
T{00000000-0000-0000-0000-0000000E581C}
T{00000000-0000-0000-0000-000000211054}
T{00000000-0000-0000-0000-000000022F92}
T{00000000-0000-0000-0000-000000216AE1}
F{00000000-0000-0000-0000-00000027D7FB}
T{00000000-0000-0000-0000-00000013AEB7}
T{00000000-0000-0000-0000-000000310E30}
T{00000000-0000-0000-0000-00000012E04C}
T{00000000-0000-0000-0000-000000237126}
T{00000000-0000-0000-0000-0000001A63ED}
T{00000000-0000-0000-0000-0000000B6B56}
T{00000000-0000-0000-0000-00000005E8C5}
T{00000000-0000-0000-0000-0000001F126B}
T{00000000-0000-0000-0000-0000001684A9}
T{00000000-0000-0000-0000-00000013FE4D}
T{00000000-0000-0000-0000-000000320CA0}
T{00000000-0000-0000-0000-0000001CF86E}
T{00000000-0000-0000-0000-00000007F0A5}
T{00000000-0000-0000-0000-000000069126}
T{00000000-0000-0000-0000-00000033397C}
T{00000000-0000-0000-0000-0000001674C5}
T{00000000-0000-0000-0000-000000309351}
T{00000000-0000-0000-0000-0000002654B2}
F{00000000-0000-0000-0000-000000137926}
T{00000000-0000-0000-0000-000000331358}
T{00000000-0000-0000-0000-0000000AB8FC}
T{00000000-0000-0000-0000-000000259880}
T{00000000-0000-0000-0000-0000002DEE42}
T{00000000-0000-0000-0000-000000198C66}
T{00000000-0000-0000-0000-000000270868}
T{00000000-0000-0000-0000-000000287862}
T{00000000-0000-0000-0000-0000001C775B}
T{00000000-0000-0000-0000-0000002F83F5}
T{00000000-0000-0000-0000-0000000E2008}
F{00000000-0000-0000-0000-000000201834}
T{00000000-0000-0000-0000-000000183CD1}
T{00000000-0000-0000-0000-0000001A5518}
T{00000000-0000-0000-0000-000000138851}
T{00000000-0000-0000-0000-000000334A1E}
T{00000000-0000-0000-0000-00000031BD5D}
T{00000000-0000-0000-0000-00000007D33F}
T{00000000-0000-0000-0000-00000026D979}
T{00000000-0000-0000-0000-0000000EBF01}
T{00000000-0000-0000-0000-0000002C8C0F}
F{00000000-0000-0000-0000-000000193CDB}
T{00000000-0000-0000-0000-00000024B6F2}
T{00000000-0000-0000-0000-00000011D5A2}
T{00000000-0000-0000-0000-000000083265}
T{00000000-0000-0000-0000-00000017FF51}
T{00000000-0000-0000-0000-00000032DB22}
T{00000000-0000-0000-0000-000000051787}
T{00000000-0000-0000-0000-00000007718A}
T{00000000-0000-0000-0000-00000015B5F2}
T{00000000-0000-0000-0000-0000001442CD}
T{00000000-0000-0000-0000-00000031640E}
T{00000000-0000-0000-0000-0000002D5BA3}
T{00000000-0000-0000-0000-0000002804AC}
T{00000000-0000-0000-0000-0000002485D0}
T{00000000-0000-0000-0000-0000001EA31D}
F{00000000-0000-0000-0000-000000338EAB}
T{00000000-0000-0000-0000-0000001AF95D}
F{00000000-0000-0000-0000-0000000AFFEF}
T{00000000-0000-0000-0000-00000004F061}
T{00000000-0000-0000-0000-0000000BAC0E}
F{00000000-0000-0000-0000-0000000BCA0B}
T{00000000-0000-0000-0000-00000012E0D1}
F{00000000-0000-0000-0000-0000001FB306}
T{00000000-0000-0000-0000-00000004CEEF}
T{00000000-0000-0000-0000-000000037D12}
T{00000000-0000-0000-0000-00000025B19E}
T{00000000-0000-0000-0000-0000000C25D6}
F{00000000-0000-0000-0000-00000023FF40}
T{00000000-0000-0000-0000-00000019D080}
T{00000000-0000-0000-0000-00000007687C}
T{00000000-0000-0000-0000-0000001E66B8}
T{00000000-0000-0000-0000-00000011E7D4}
T{00000000-0000-0000-0000-0000002F44F5}
T{00000000-0000-0000-0000-000000104730}
T{00000000-0000-0000-0000-0000000C58D5}
T{00000000-0000-0000-0000-00000025F6AD}
T{00000000-0000-0000-0000-0000001674D4}
T{00000000-0000-0000-0000-00000033D7BF}
T{00000000-0000-0000-0000-00000006E5CD}
T{00000000-0000-0000-0000-000000019DED}
T{00000000-0000-0000-0000-0000001C41EA}
T{00000000-0000-0000-0000-0000001055DF}
T{00000000-0000-0000-0000-00000015815F}
T{00000000-0000-0000-0000-00000009D671}
F{00000000-0000-0000-0000-0000000305DF}
T{00000000-0000-0000-0000-000000098DC1}
T{00000000-0000-0000-0000-0000002404ED}
F{00000000-0000-0000-0000-0000000A0350}
T{00000000-0000-0000-0000-0000001726C1}
T{00000000-0000-0000-0000-00000026C1DF}
T{00000000-0000-0000-0000-00000026E46B}
T{00000000-0000-0000-0000-00000029E569}
T{00000000-0000-0000-0000-0000002582A3}
T{00000000-0000-0000-0000-000000244D19}
T{00000000-0000-0000-0000-00000000F403}
T{00000000-0000-0000-0000-00000032649C}
T{00000000-0000-0000-0000-000000299970}
T{00000000-0000-0000-0000-000000327220}
T{00000000-0000-0000-0000-0000000C1231}
F{00000000-0000-0000-0000-00000009D224}
T{00000000-0000-0000-0000-0000001B3997}
T{00000000-0000-0000-0000-0000002027AB}
T{00000000-0000-0000-0000-00000033E0FB}
T{00000000-0000-0000-0000-000000174513}
T{00000000-0000-0000-0000-00000029D6D2}
T{00000000-0000-0000-0000-0000001BE6D6}
T{00000000-0000-0000-0000-0000001DD965}
T{00000000-0000-0000-0000-000000105C5B}
T{00000000-0000-0000-0000-0000000EE1D3}
T{00000000-0000-0000-0000-000000306AD7}
T{00000000-0000-0000-0000-000000330CF3}
T{00000000-0000-0000-0000-0000002319BF}
T{00000000-0000-0000-0000-0000000CE287}
T{00000000-0000-0000-0000-0000002E9416}
T{00000000-0000-0000-0000-0000002D479F}
T{00000000-0000-0000-0000-000000268175}
T{00000000-0000-0000-0000-00000026597F}
T{00000000-0000-0000-0000-00000030629C}
T{00000000-0000-0000-0000-00000026C135}
T{00000000-0000-0000-0000-0000000A17CD}
T{00000000-0000-0000-0000-00000000E673}
T{00000000-0000-0000-0000-0000002A3BC9}
T{00000000-0000-0000-0000-00000026A1C7}
T{00000000-0000-0000-0000-00000012FB9E}
T{00000000-0000-0000-0000-0000001B520B}
T{00000000-0000-0000-0000-00000010E1B3}
T{00000000-0000-0000-0000-0000001493AF}
T{00000000-0000-0000-0000-000000285C2A}
T{00000000-0000-0000-0000-00000020C357}
T{00000000-0000-0000-0000-0000001D850A}
T{00000000-0000-0000-0000-00000031D0F9}
T{00000000-0000-0000-0000-0000000C58D5}
F{00000000-0000-0000-0000-0000003253BF}
F{00000000-0000-0000-0000-000000171CEF}
T{00000000-0000-0000-0000-00000011565E}
T{00000000-0000-0000-0000-000000104730}
T{00000000-0000-0000-0000-0000002D418B}
F{00000000-0000-0000-0000-00000032379E}
T{00000000-0000-0000-0000-0000002449C9}
T{00000000-0000-0000-0000-0000002EBB16}
T{00000000-0000-0000-0000-00000026B116}
T{00000000-0000-0000-0000-000000230376}
T{00000000-0000-0000-0000-0000002CDE61}
T{00000000-0000-0000-0000-0000002073CF}
T{00000000-0000-0000-0000-0000002C132A}
T{00000000-0000-0000-0000-0000000F01B1}
T{00000000-0000-0000-0000-000000039E0B}
T{00000000-0000-0000-0000-0000002EB24D}
T{00000000-0000-0000-0000-0000002BF918}
T{00000000-0000-0000-0000-00000029C979}
T{00000000-0000-0000-0000-00000018D54C}
T{00000000-0000-0000-0000-0000001C767C}
T{00000000-0000-0000-0000-00000013D465}
T{00000000-0000-0000-0000-00000015A7B3}
T{00000000-0000-0000-0000-0000001D17FF}
T{00000000-0000-0000-0000-0000002D612E}
T{00000000-0000-0000-0000-000000130738}
T{00000000-0000-0000-0000-0000001D50D9}
T{00000000-0000-0000-0000-0000001C775B}
T{00000000-0000-0000-0000-0000001D7821}
T{00000000-0000-0000-0000-0000000E59DA}
F{00000000-0000-0000-0000-0000000BF8B3}
T{00000000-0000-0000-0000-00000020413D}
T{00000000-0000-0000-0000-00000020ED18}
F{00000000-0000-0000-0000-0000002F51EC}
T{00000000-0000-0000-0000-00000021D538}
T{00000000-0000-0000-0000-00000018CAB9}
T{00000000-0000-0000-0000-0000000BC9F5}
T{00000000-0000-0000-0000-00000017E650}
T{00000000-0000-0000-0000-00000026597F}
T{00000000-0000-0000-0000-0000000A23F2}
T{00000000-0000-0000-0000-0000001F1C74}
T{00000000-0000-0000-0000-00000019C3F6}
T{00000000-0000-0000-0000-00000021B897}
T{00000000-0000-0000-0000-0000002AA309}
T{00000000-0000-0000-0000-000000043FA8}
T{00000000-0000-0000-0000-00000027D088}
T{00000000-0000-0000-0000-0000001B796B}
F{00000000-0000-0000-0000-000000324F12}
F{00000000-0000-0000-0000-0000000EBF2A}
T{00000000-0000-0000-0000-000000253AA6}
T{00000000-0000-0000-0000-00000009A4DD}
T{00000000-0000-0000-0000-00000011BBB3}
T{00000000-0000-0000-0000-00000011267B}
T{00000000-0000-0000-0000-000000325701}
F{00000000-0000-0000-0000-0000002640E9}
T{00000000-0000-0000-0000-00000027D088}
T{00000000-0000-0000-0000-00000006E9D8}
T{00000000-0000-0000-0000-000000073E44}
T{00000000-0000-0000-0000-0000000A7843}
T{00000000-0000-0000-0000-000000072ADD}
T{00000000-0000-0000-0000-0000000C76C8}
T{00000000-0000-0000-0000-0000000B81AE}
T{00000000-0000-0000-0000-0000000BDAE1}
T{00000000-0000-0000-0000-000000321BEE}
T{00000000-0000-0000-0000-000000264B7B}
T{00000000-0000-0000-0000-0000000BA52D}
T{00000000-0000-0000-0000-0000001BB360}
T{00000000-0000-0000-0000-0000001D7871}
T{00000000-0000-0000-0000-00000014A097}
T{00000000-0000-0000-0000-00000023E5B8}
T{00000000-0000-0000-0000-0000001DCE8D}
T{00000000-0000-0000-0000-0000001003FD}
T{00000000-0000-0000-0000-0000000AABBA}
T{00000000-0000-0000-0000-0000002F609B}
T{00000000-0000-0000-0000-000000224556}
T{00000000-0000-0000-0000-00000006308D}
T{00000000-0000-0000-0000-00000011EAB7}
T{00000000-0000-0000-0000-000000335229}
T{00000000-0000-0000-0000-00000032AC91}
T{00000000-0000-0000-0000-0000000E33A8}
T{00000000-0000-0000-0000-0000001E4D43}
T{00000000-0000-0000-0000-00000006D12C}
T{00000000-0000-0000-0000-000000060586}
T{00000000-0000-0000-0000-0000002CAA9B}
T{00000000-0000-0000-0000-0000002C6A74}
T{00000000-0000-0000-0000-0000002F41B7}
T{00000000-0000-0000-0000-0000001674C5}
T{00000000-0000-0000-0000-00000006703C}
T{00000000-0000-0000-0000-000000047387}
T{00000000-0000-0000-0000-0000000F3FCF}
T{00000000-0000-0000-0000-00000028893B}
T{00000000-0000-0000-0000-000000335636}
T{00000000-0000-0000-0000-0000002E0398}
T{00000000-0000-0000-0000-0000000DEB1C}
T{00000000-0000-0000-0000-0000000506BF}
T{00000000-0000-0000-0000-00000009D688}
T{00000000-0000-0000-0000-00000009A75C}
T{00000000-0000-0000-0000-0000002A48F9}
T{00000000-0000-0000-0000-000000278C6E}
T{00000000-0000-0000-0000-00000029A720}
T{00000000-0000-0000-0000-00000019FBC7}
T{00000000-0000-0000-0000-000000244987}
T{00000000-0000-0000-0000-0000002600DA}
T{00000000-0000-0000-0000-000000241421}
T{00000000-0000-0000-0000-0000001649D9}
T{00000000-0000-0000-0000-0000000CDD4D}
F{00000000-0000-0000-0000-00000001DE16}
T{00000000-0000-0000-0000-00000003C048}
T{00000000-0000-0000-0000-0000002AF877}
T{00000000-0000-0000-0000-00000019A0AC}
T{00000000-0000-0000-0000-000000029BA2}
T{00000000-0000-0000-0000-0000000C4A02}
T{00000000-0000-0000-0000-0000001CFD2A}
T{00000000-0000-0000-0000-0000002C217E}
T{00000000-0000-0000-0000-0000001B51E5}
T{00000000-0000-0000-0000-000000333365}
T{00000000-0000-0000-0000-000000148F29}
T{00000000-0000-0000-0000-00000022E20C}
T{00000000-0000-0000-0000-0000000E4AA8}
T{00000000-0000-0000-0000-00000012B193}
T{00000000-0000-0000-0000-00000011734E}
T{00000000-0000-0000-0000-0000000E1D57}
F{00000000-0000-0000-0000-000000166F37}
T{00000000-0000-0000-0000-00000021DB21}
T{00000000-0000-0000-0000-0000001EAB7A}
T{00000000-0000-0000-0000-000000138055}
T{00000000-0000-0000-0000-0000002EF799}
T{00000000-0000-0000-0000-000000335DBD}
T{00000000-0000-0000-0000-00000017176B}
T{00000000-0000-0000-0000-00000019D2DF}
T{00000000-0000-0000-0000-0000000FC907}
T{00000000-0000-0000-0000-0000001388C0}
T{00000000-0000-0000-0000-0000000D5E13}
T{00000000-0000-0000-0000-0000002BD8DA}
T{00000000-0000-0000-0000-000000096470}
T{00000000-0000-0000-0000-0000001DD148}
T{00000000-0000-0000-0000-0000001BF7CE}
T{00000000-0000-0000-0000-0000000F6E47}
T{00000000-0000-0000-0000-00000003EF81}
T{00000000-0000-0000-0000-0000002B171F}
T{00000000-0000-0000-0000-000000126161}
F{00000000-0000-0000-0000-0000002A27DD}
T{00000000-0000-0000-0000-0000002B18BA}
T{00000000-0000-0000-0000-0000002A8A95}
T{00000000-0000-0000-0000-0000002A8A95}
T{00000000-0000-0000-0000-000000332BAE}
T{00000000-0000-0000-0000-000000182C02}
T{00000000-0000-0000-0000-00000025A6CD}
T{00000000-0000-0000-0000-0000000ADBDD}
T{00000000-0000-0000-0000-00000029A720}
T{00000000-0000-0000-0000-00000017A924}
F{00000000-0000-0000-0000-00000015ABCA}
T{00000000-0000-0000-0000-00000005A43C}
T{00000000-0000-0000-0000-0000001691CB}
T{00000000-0000-0000-0000-0000002BAC1F}
T{00000000-0000-0000-0000-00000025BC0D}
T{00000000-0000-0000-0000-00000026B745}
T{00000000-0000-0000-0000-000000007ED1}
T{00000000-0000-0000-0000-000000096AB9}
T{00000000-0000-0000-0000-000000105E37}
T{00000000-0000-0000-0000-0000000CE641}
T{00000000-0000-0000-0000-00000020CCBF}
T{00000000-0000-0000-0000-000000119F47}
T{00000000-0000-0000-0000-000000281D15}
T{00000000-0000-0000-0000-000000335E40}
T{00000000-0000-0000-0000-00000000E3FE}
T{00000000-0000-0000-0000-0000000E581C}
T{00000000-0000-0000-0000-00000026DA2B}
T{00000000-0000-0000-0000-00000005B6A7}
T{00000000-0000-0000-0000-0000001389B0}
T{00000000-0000-0000-0000-000000063D05}
T{00000000-0000-0000-0000-00000032AC91}
F{00000000-0000-0000-0000-000000317BF8}
T{00000000-0000-0000-0000-00000016F385}
F{00000000-0000-0000-0000-0000002B98FA}
T{00000000-0000-0000-0000-0000001A902F}
T{00000000-0000-0000-0000-0000000AEE23}
F{00000000-0000-0000-0000-0000002F6564}
T{00000000-0000-0000-0000-0000002A7A74}
T{00000000-0000-0000-0000-00000030F48F}
T{00000000-0000-0000-0000-0000000ABEEA}
T{00000000-0000-0000-0000-0000000160AC}
T{00000000-0000-0000-0000-000000316644}
T{00000000-0000-0000-0000-00000016ADF2}
F{00000000-0000-0000-0000-0000002E5619}
T{00000000-0000-0000-0000-0000000E648B}
T{00000000-0000-0000-0000-0000002AFF72}
T{00000000-0000-0000-0000-00000026EA0C}
T{00000000-0000-0000-0000-0000001EB335}
T{00000000-0000-0000-0000-00000009EEF6}
T{00000000-0000-0000-0000-000000213B74}
F{00000000-0000-0000-0000-00000025B204}
T{00000000-0000-0000-0000-0000001493AF}
T{00000000-0000-0000-0000-00000027E1C4}
T{00000000-0000-0000-0000-00000017E29D}
T{00000000-0000-0000-0000-000000027841}
T{00000000-0000-0000-0000-000000060586}
F{00000000-0000-0000-0000-0000000AFFEF}
F{00000000-0000-0000-0000-0000000BE030}
F{00000000-0000-0000-0000-0000001B6EF6}
F{00000000-0000-0000-0000-00000007C54C}
T{00000000-0000-0000-0000-00000000C956}
T{00000000-0000-0000-0000-000000243055}
T{00000000-0000-0000-0000-0000001E7765}
T{00000000-0000-0000-0000-0000001D850A}
F{00000000-0000-0000-0000-000000321513}
T{00000000-0000-0000-0000-00000018A5AE}
T{00000000-0000-0000-0000-0000000BAA3C}
F{00000000-0000-0000-0000-00000021E6D0}
F{00000000-0000-0000-0000-000000303D82}
T{00000000-0000-0000-0000-0000000131D3}
T{00000000-0000-0000-0000-0000000224D0}
T{00000000-0000-0000-0000-0000001CB8AD}
T{00000000-0000-0000-0000-0000000B6B56}
T{00000000-0000-0000-0000-000000028BEA}
T{00000000-0000-0000-0000-000000158CBF}
T{00000000-0000-0000-0000-0000001A8288}
T{00000000-0000-0000-0000-000000014FA5}
T{00000000-0000-0000-0000-00000006655D}
T{00000000-0000-0000-0000-0000000FD34A}
T{00000000-0000-0000-0000-00000000C36A}
F{00000000-0000-0000-0000-000000220B3D}
T{00000000-0000-0000-0000-00000016E022}
T{00000000-0000-0000-0000-000000194966}
T{00000000-0000-0000-0000-0000002BAC1F}
T{00000000-0000-0000-0000-0000002998ED}
T{00000000-0000-0000-0000-0000000A74B2}
T{00000000-0000-0000-0000-0000000C27A3}
T{00000000-0000-0000-0000-0000000DEEA7}
F{00000000-0000-0000-0000-0000000A1515}
T{00000000-0000-0000-0000-0000002C1301}
T{00000000-0000-0000-0000-0000001E806D}
T{00000000-0000-0000-0000-0000002350CC}
T{00000000-0000-0000-0000-000000264B7B}
T{00000000-0000-0000-0000-0000001AC280}
T{00000000-0000-0000-0000-00000016276F}
T{00000000-0000-0000-0000-000000295FD1}
T{00000000-0000-0000-0000-0000001E3272}
T{00000000-0000-0000-0000-00000024A84D}
T{00000000-0000-0000-0000-000000161791}
T{00000000-0000-0000-0000-000000269292}
T{00000000-0000-0000-0000-0000000B8F76}
T{00000000-0000-0000-0000-000000132EF8}
T{00000000-0000-0000-0000-00000023B888}
F{00000000-0000-0000-0000-000000052240}
T{00000000-0000-0000-0000-0000001CFA3F}
T{00000000-0000-0000-0000-00000012A6B9}
T{00000000-0000-0000-0000-00000004D92F}
T{00000000-0000-0000-0000-000000208FFA}
T{00000000-0000-0000-0000-000000028823}
T{00000000-0000-0000-0000-0000002E6FAE}
T{00000000-0000-0000-0000-0000001AAC57}
T{00000000-0000-0000-0000-0000002D6B9F}
T{00000000-0000-0000-0000-00000010567B}
T{00000000-0000-0000-0000-00000022B23B}
T{00000000-0000-0000-0000-0000001CBD99}
T{00000000-0000-0000-0000-00000016209C}
F{00000000-0000-0000-0000-00000002A506}
T{00000000-0000-0000-0000-00000033947F}
T{00000000-0000-0000-0000-0000000F4027}
T{00000000-0000-0000-0000-000000067499}
T{00000000-0000-0000-0000-0000003361CE}
T{00000000-0000-0000-0000-0000002D9CFD}
T{00000000-0000-0000-0000-0000002518E3}
T{00000000-0000-0000-0000-0000000BB6CF}
T{00000000-0000-0000-0000-0000000496F9}
T{00000000-0000-0000-0000-0000002FBEF4}
T{00000000-0000-0000-0000-00000009EAD5}
T{00000000-0000-0000-0000-000000238DED}
T{00000000-0000-0000-0000-0000000324C9}
T{00000000-0000-0000-0000-0000002C013B}
T{00000000-0000-0000-0000-0000001C2ED2}
T{00000000-0000-0000-0000-000000323153}
T{00000000-0000-0000-0000-0000002F9AF9}
T{00000000-0000-0000-0000-00000016CF3F}
T{00000000-0000-0000-0000-0000000BC199}
T{00000000-0000-0000-0000-0000002BDE42}
T{00000000-0000-0000-0000-000000243433}
T{00000000-0000-0000-0000-0000002389C9}
F{00000000-0000-0000-0000-0000002F9E2D}
F{00000000-0000-0000-0000-0000001430A3}
T{00000000-0000-0000-0000-0000001629D2}
T{00000000-0000-0000-0000-0000001AAC57}
T{00000000-0000-0000-0000-0000001F1366}
T{00000000-0000-0000-0000-000000216AE1}
T{00000000-0000-0000-0000-0000002E9142}
T{00000000-0000-0000-0000-0000000451DA}
F{00000000-0000-0000-0000-00000011BAB8}
T{00000000-0000-0000-0000-0000002FB05B}
T{00000000-0000-0000-0000-0000002904BF}
T{00000000-0000-0000-0000-0000002E0556}
T{00000000-0000-0000-0000-0000000127F6}
F{00000000-0000-0000-0000-000000009FD6}
T{00000000-0000-0000-0000-0000002B2399}
T{00000000-0000-0000-0000-000000063A02}
T{00000000-0000-0000-0000-000000031362}
T{00000000-0000-0000-0000-00000009EEF6}
T{00000000-0000-0000-0000-0000001372CE}
T{00000000-0000-0000-0000-00000000711B}
T{00000000-0000-0000-0000-0000000CF2D0}
T{00000000-0000-0000-0000-0000002B17AA}
T{00000000-0000-0000-0000-000000317BF8}
F{00000000-0000-0000-0000-0000002E4707}
T{00000000-0000-0000-0000-00000008CBD3}
T{00000000-0000-0000-0000-000000027841}
T{00000000-0000-0000-0000-00000009BBA0}
T{00000000-0000-0000-0000-00000032649C}
T{00000000-0000-0000-0000-000000293FB6}
T{00000000-0000-0000-0000-0000000FA0B1}
T{00000000-0000-0000-0000-00000025451E}
T{00000000-0000-0000-0000-0000002998ED}
T{00000000-0000-0000-0000-0000000C46EE}
T{00000000-0000-0000-0000-0000002B9C7A}
T{00000000-0000-0000-0000-00000007C0C0}
T{00000000-0000-0000-0000-000000330872}
T{00000000-0000-0000-0000-0000001ECDCC}
T{00000000-0000-0000-0000-0000000BA52D}
T{00000000-0000-0000-0000-0000000316DE}
T{00000000-0000-0000-0000-000000225F56}
T{00000000-0000-0000-0000-00000009B3FA}
T{00000000-0000-0000-0000-0000001573FA}
T{00000000-0000-0000-0000-000000027944}
F{00000000-0000-0000-0000-000000220B3D}
