T{00000000-0000-0000-0000-0000000B9736}
T{00000000-0000-0000-0000-00000031042E}
T{00000000-0000-0000-0000-000000104D8A}
T{00000000-0000-0000-0000-000000250969}
T{00000000-0000-0000-0000-000000084476}
T{00000000-0000-0000-0000-0000001DBB5A}
T{00000000-0000-0000-0000-0000000F1AE8}
T{00000000-0000-0000-0000-0000001A7342}
T{00000000-0000-0000-0000-0000002CAFDF}
T{00000000-0000-0000-0000-000000101326}
T{00000000-0000-0000-0000-0000002FD1BE}
T{00000000-0000-0000-0000-000000053FE4}
T{00000000-0000-0000-0000-000000156961}
T{00000000-0000-0000-0000-0000000B2465}
T{00000000-0000-0000-0000-0000002E7223}
T{00000000-0000-0000-0000-000000110E5B}
T{00000000-0000-0000-0000-0000002C0FA0}
T{00000000-0000-0000-0000-00000006E7FF}
T{00000000-0000-0000-0000-0000002EFC5F}
T{00000000-0000-0000-0000-000000118DFD}
T{00000000-0000-0000-0000-000000224E20}
T{00000000-0000-0000-0000-0000001D391D}
T{00000000-0000-0000-0000-00000029037D}
T{00000000-0000-0000-0000-00000009D7F9}
T{00000000-0000-0000-0000-0000002AF5A1}
T{00000000-0000-0000-0000-0000000A0350}
T{00000000-0000-0000-0000-00000030BFB1}
T{00000000-0000-0000-0000-000000249080}
T{00000000-0000-0000-0000-000000234BC3}
T{00000000-0000-0000-0000-0000000C879D}
T{00000000-0000-0000-0000-00000005450B}
T{00000000-0000-0000-0000-0000003355E8}
T{00000000-0000-0000-0000-0000000B6F8C}
T{00000000-0000-0000-0000-0000002041C0}
T{00000000-0000-0000-0000-000000107224}
T{00000000-0000-0000-0000-0000002F7CFB}
T{00000000-0000-0000-0000-0000002A7743}
T{00000000-0000-0000-0000-0000001922AA}
T{00000000-0000-0000-0000-00000033AF04}
T{00000000-0000-0000-0000-0000003369E7}
T{00000000-0000-0000-0000-000000119488}
T{00000000-0000-0000-0000-00000024A9F3}
T{00000000-0000-0000-0000-0000001D836C}
T{00000000-0000-0000-0000-00000023CF03}
T{00000000-0000-0000-0000-000000334D03}
T{00000000-0000-0000-0000-00000023902B}
T{00000000-0000-0000-0000-0000002A974A}
T{00000000-0000-0000-0000-0000002768FA}
T{00000000-0000-0000-0000-0000002F6564}
T{00000000-0000-0000-0000-00000013754A}
T{00000000-0000-0000-0000-00000026E010}
T{00000000-0000-0000-0000-0000000BF8B3}
T{00000000-0000-0000-0000-0000002A9162}
T{00000000-0000-0000-0000-000000198DC4}
T{00000000-0000-0000-0000-000000213579}
T{00000000-0000-0000-0000-0000002F0451}
T{00000000-0000-0000-0000-000000125F54}
T{00000000-0000-0000-0000-00000020C352}
T{00000000-0000-0000-0000-000000270A5A}
T{00000000-0000-0000-0000-0000000ED126}
T{00000000-0000-0000-0000-00000025F272}
T{00000000-0000-0000-0000-00000020FF69}
T{00000000-0000-0000-0000-0000000BD680}
T{00000000-0000-0000-0000-00000009A86F}
T{00000000-0000-0000-0000-0000001287E8}
T{00000000-0000-0000-0000-0000002CC8D4}
T{00000000-0000-0000-0000-0000001B3DCD}
T{00000000-0000-0000-0000-0000001E232F}
T{00000000-0000-0000-0000-0000000DB001}
T{00000000-0000-0000-0000-000000338EAB}
T{00000000-0000-0000-0000-000000268FB4}
T{00000000-0000-0000-0000-000000297CCA}
T{00000000-0000-0000-0000-00000016F385}
T{00000000-0000-0000-0000-0000001384B6}
T{00000000-0000-0000-0000-000000296716}
T{00000000-0000-0000-0000-000000042023}
T{00000000-0000-0000-0000-0000002D479F}
T{00000000-0000-0000-0000-00000016D577}
T{00000000-0000-0000-0000-000000201834}
T{00000000-0000-0000-0000-000000168372}
T{00000000-0000-0000-0000-000000259880}
T{00000000-0000-0000-0000-0000001450FF}
T{00000000-0000-0000-0000-0000000ECC6E}
T{00000000-0000-0000-0000-00000008B88E}
T{00000000-0000-0000-0000-00000003AD15}
T{00000000-0000-0000-0000-000000030982}
T{00000000-0000-0000-0000-00000014E7E7}
T{00000000-0000-0000-0000-0000003253BF}
T{00000000-0000-0000-0000-0000002A974A}
T{00000000-0000-0000-0000-000000207E34}
T{00000000-0000-0000-0000-000000106389}
T{00000000-0000-0000-0000-0000002737FC}
T{00000000-0000-0000-0000-00000032A3F7}
T{00000000-0000-0000-0000-0000000AF4A6}
T{00000000-0000-0000-0000-00000005ECC1}
T{00000000-0000-0000-0000-00000021BDD3}
T{00000000-0000-0000-0000-000000182B26}
T{00000000-0000-0000-0000-00000005E2FA}
T{00000000-0000-0000-0000-0000001A4030}
T{00000000-0000-0000-0000-0000001167B8}
T{00000000-0000-0000-0000-0000002D479F}
T{00000000-0000-0000-0000-00000015C89F}
T{00000000-0000-0000-0000-0000000FE25B}
T{00000000-0000-0000-0000-0000003226FF}
T{00000000-0000-0000-0000-0000002F4A5C}
T{00000000-0000-0000-0000-00000015042D}
T{00000000-0000-0000-0000-000000265D9E}
T{00000000-0000-0000-0000-0000002F9618}
T{00000000-0000-0000-0000-0000000D97A8}
T{00000000-0000-0000-0000-00000033E0FB}
T{00000000-0000-0000-0000-0000000D1F5A}
T{00000000-0000-0000-0000-00000013A90F}
T{00000000-0000-0000-0000-00000018B2B3}
T{00000000-0000-0000-0000-0000000A911B}
T{00000000-0000-0000-0000-00000002C6FB}
T{00000000-0000-0000-0000-0000000CC274}
T{00000000-0000-0000-0000-00000007A97A}
T{00000000-0000-0000-0000-0000000C4E1F}
T{00000000-0000-0000-0000-000000072BEA}
T{00000000-0000-0000-0000-0000000FFF9F}
T{00000000-0000-0000-0000-0000002CDE61}
T{00000000-0000-0000-0000-00000016D726}
T{00000000-0000-0000-0000-00000018D48D}
T{00000000-0000-0000-0000-0000001DC35A}
T{00000000-0000-0000-0000-00000019AD8A}
T{00000000-0000-0000-0000-00000027898B}
T{00000000-0000-0000-0000-0000000BFA99}
T{00000000-0000-0000-0000-000000298C1E}
T{00000000-0000-0000-0000-0000002647D6}
T{00000000-0000-0000-0000-00000025DA28}
T{00000000-0000-0000-0000-00000020BA87}
T{00000000-0000-0000-0000-000000037C08}
T{00000000-0000-0000-0000-0000001D1F02}
T{00000000-0000-0000-0000-00000008C84F}
T{00000000-0000-0000-0000-000000336929}
T{00000000-0000-0000-0000-000000077E9F}
T{00000000-0000-0000-0000-00000020BD3C}
T{00000000-0000-0000-0000-00000015A7A1}
F{00000000-0000-0000-0000-0000002C9458}
T{00000000-0000-0000-0000-00000029E569}
T{00000000-0000-0000-0000-0000002E41D2}
T{00000000-0000-0000-0000-0000000EDA14}
T{00000000-0000-0000-0000-000000321BEE}
T{00000000-0000-0000-0000-0000000C3F5A}
T{00000000-0000-0000-0000-0000001DD31C}
T{00000000-0000-0000-0000-000000009735}
T{00000000-0000-0000-0000-0000002ABE89}
T{00000000-0000-0000-0000-00000001A51B}
T{00000000-0000-0000-0000-00000028335F}
F{00000000-0000-0000-0000-00000018264F}
T{00000000-0000-0000-0000-0000002C18B7}
T{00000000-0000-0000-0000-000000098DC1}
T{00000000-0000-0000-0000-00000003C048}
T{00000000-0000-0000-0000-00000031670E}
T{00000000-0000-0000-0000-00000024DC13}
T{00000000-0000-0000-0000-000000119449}
T{00000000-0000-0000-0000-0000001C8C14}
T{00000000-0000-0000-0000-00000009E7DF}
T{00000000-0000-0000-0000-00000015C0BA}
T{00000000-0000-0000-0000-00000026D397}
T{00000000-0000-0000-0000-000000038939}
T{00000000-0000-0000-0000-0000000515AC}
T{00000000-0000-0000-0000-000000135FB9}
T{00000000-0000-0000-0000-00000009BBDA}
T{00000000-0000-0000-0000-000000171C5C}
T{00000000-0000-0000-0000-0000000BBB6E}
T{00000000-0000-0000-0000-00000005694B}
T{00000000-0000-0000-0000-00000023F0DF}
T{00000000-0000-0000-0000-00000030858D}
T{00000000-0000-0000-0000-0000000F167E}
T{00000000-0000-0000-0000-00000011450A}
F{00000000-0000-0000-0000-0000000A1852}
T{00000000-0000-0000-0000-000000167FC3}
T{00000000-0000-0000-0000-0000002B7E3E}
T{00000000-0000-0000-0000-0000002C9458}
T{00000000-0000-0000-0000-00000026877E}
T{00000000-0000-0000-0000-000000238E03}
T{00000000-0000-0000-0000-000000083265}
T{00000000-0000-0000-0000-0000001DC328}
T{00000000-0000-0000-0000-0000000669F7}
T{00000000-0000-0000-0000-0000002529FE}
T{00000000-0000-0000-0000-0000000A8D18}
T{00000000-0000-0000-0000-0000001BF2AC}
T{00000000-0000-0000-0000-0000002AF5A1}
T{00000000-0000-0000-0000-000000169E95}
T{00000000-0000-0000-0000-00000019484E}
T{00000000-0000-0000-0000-00000005C199}
T{00000000-0000-0000-0000-0000002E6E0D}
T{00000000-0000-0000-0000-000000275F5A}
T{00000000-0000-0000-0000-00000027BF78}
T{00000000-0000-0000-0000-000000311085}
T{00000000-0000-0000-0000-000000246168}
T{00000000-0000-0000-0000-00000015A245}
T{00000000-0000-0000-0000-00000032E5A4}
T{00000000-0000-0000-0000-0000000E0F36}
T{00000000-0000-0000-0000-0000002708AF}
F{00000000-0000-0000-0000-00000006903D}
T{00000000-0000-0000-0000-0000001430A3}
T{00000000-0000-0000-0000-0000000B7B36}
T{00000000-0000-0000-0000-00000020EE6C}
T{00000000-0000-0000-0000-00000012FC02}
T{00000000-0000-0000-0000-0000002C83BE}
T{00000000-0000-0000-0000-00000027E298}
T{00000000-0000-0000-0000-00000032FFD9}
T{00000000-0000-0000-0000-00000016CF3F}
T{00000000-0000-0000-0000-000000132581}
T{00000000-0000-0000-0000-000000317BF8}
T{00000000-0000-0000-0000-000000268E0C}
T{00000000-0000-0000-0000-00000005AD98}
T{00000000-0000-0000-0000-00000006F9C6}
T{00000000-0000-0000-0000-000000056E6D}
T{00000000-0000-0000-0000-0000000871CA}
T{00000000-0000-0000-0000-0000001389B0}
T{00000000-0000-0000-0000-000000144EA0}
T{00000000-0000-0000-0000-0000001DC846}
T{00000000-0000-0000-0000-0000000ADC23}
T{00000000-0000-0000-0000-0000002EB569}
T{00000000-0000-0000-0000-0000001940D5}
T{00000000-0000-0000-0000-0000001445FC}
T{00000000-0000-0000-0000-00000024C9E0}
T{00000000-0000-0000-0000-0000002A8FE5}
T{00000000-0000-0000-0000-0000002A3E51}
T{00000000-0000-0000-0000-0000001A9959}
T{00000000-0000-0000-0000-0000002CD81B}
T{00000000-0000-0000-0000-00000027D16D}
T{00000000-0000-0000-0000-0000002A8E01}
T{00000000-0000-0000-0000-0000001D3B40}
F{00000000-0000-0000-0000-000000094832}
T{00000000-0000-0000-0000-0000002006F3}
T{00000000-0000-0000-0000-00000019161C}
T{00000000-0000-0000-0000-0000002BE48B}
T{00000000-0000-0000-0000-000000140A73}
T{00000000-0000-0000-0000-000000243AA3}
T{00000000-0000-0000-0000-0000002FA016}
T{00000000-0000-0000-0000-0000001842C4}
F{00000000-0000-0000-0000-000000069F05}
T{00000000-0000-0000-0000-0000000871CA}
T{00000000-0000-0000-0000-0000001AC384}
T{00000000-0000-0000-0000-00000026B8E3}
T{00000000-0000-0000-0000-000000095837}
T{00000000-0000-0000-0000-000000244987}
T{00000000-0000-0000-0000-00000016CF0A}
T{00000000-0000-0000-0000-00000030DFA8}
T{00000000-0000-0000-0000-0000000076E1}
T{00000000-0000-0000-0000-000000118DE1}
T{00000000-0000-0000-0000-0000002F994B}
T{00000000-0000-0000-0000-00000021E6D0}
T{00000000-0000-0000-0000-0000002EC06A}
T{00000000-0000-0000-0000-00000017A924}
T{00000000-0000-0000-0000-000000059B96}
T{00000000-0000-0000-0000-0000001691CB}
T{00000000-0000-0000-0000-0000000E2CE3}
T{00000000-0000-0000-0000-0000001B6F03}
T{00000000-0000-0000-0000-0000000402D2}
F{00000000-0000-0000-0000-0000001260DA}
T{00000000-0000-0000-0000-000000060995}
T{00000000-0000-0000-0000-00000023DB2C}
T{00000000-0000-0000-0000-000000016858}
T{00000000-0000-0000-0000-000000335C69}
T{00000000-0000-0000-0000-0000001F07B8}
T{00000000-0000-0000-0000-00000032D262}
T{00000000-0000-0000-0000-0000002EEC74}
T{00000000-0000-0000-0000-00000029EA94}
T{00000000-0000-0000-0000-000000175010}
T{00000000-0000-0000-0000-00000009C51B}
T{00000000-0000-0000-0000-00000023767B}
T{00000000-0000-0000-0000-0000001DD148}
T{00000000-0000-0000-0000-0000000955DC}
T{00000000-0000-0000-0000-000000244DB6}
T{00000000-0000-0000-0000-00000008945C}
T{00000000-0000-0000-0000-000000201EF6}
T{00000000-0000-0000-0000-00000022F19E}
T{00000000-0000-0000-0000-0000000ABEEA}
T{00000000-0000-0000-0000-000000030506}
T{00000000-0000-0000-0000-0000000278DB}
T{00000000-0000-0000-0000-000000208A65}
T{00000000-0000-0000-0000-0000001ADB89}
T{00000000-0000-0000-0000-0000001D17C3}
T{00000000-0000-0000-0000-0000001C41EA}
T{00000000-0000-0000-0000-000000006F5E}
T{00000000-0000-0000-0000-0000000A2984}
T{00000000-0000-0000-0000-000000194966}
T{00000000-0000-0000-0000-00000007BDBE}
T{00000000-0000-0000-0000-00000024C26F}
T{00000000-0000-0000-0000-0000000E10E2}
T{00000000-0000-0000-0000-0000002F0451}
T{00000000-0000-0000-0000-0000001F2EF0}
T{00000000-0000-0000-0000-0000000ABEEA}
T{00000000-0000-0000-0000-0000002BD229}
T{00000000-0000-0000-0000-0000000EEC20}
T{00000000-0000-0000-0000-0000000B1916}
T{00000000-0000-0000-0000-000000254240}
T{00000000-0000-0000-0000-0000002CDE61}
T{00000000-0000-0000-0000-000000275A7C}
T{00000000-0000-0000-0000-0000001799C4}
T{00000000-0000-0000-0000-0000000BB0DD}
T{00000000-0000-0000-0000-0000003085E0}
T{00000000-0000-0000-0000-00000032A2A3}
T{00000000-0000-0000-0000-0000002653C5}
T{00000000-0000-0000-0000-00000026516B}
T{00000000-0000-0000-0000-000000130604}
F{00000000-0000-0000-0000-0000001AC3FD}
T{00000000-0000-0000-0000-0000002CAE37}
T{00000000-0000-0000-0000-000000326B0F}
F{00000000-0000-0000-0000-000000220B3D}
T{00000000-0000-0000-0000-00000027F104}
T{00000000-0000-0000-0000-00000013754A}
T{00000000-0000-0000-0000-000000262957}
T{00000000-0000-0000-0000-00000022384A}
T{00000000-0000-0000-0000-0000000C4BCF}
T{00000000-0000-0000-0000-0000001DA545}
T{00000000-0000-0000-0000-000000215AF9}
T{00000000-0000-0000-0000-0000000EB019}
T{00000000-0000-0000-0000-00000029D695}
T{00000000-0000-0000-0000-00000010C93B}
T{00000000-0000-0000-0000-000000310C14}
T{00000000-0000-0000-0000-00000008C84F}
T{00000000-0000-0000-0000-00000008AE60}
T{00000000-0000-0000-0000-0000002E9321}
T{00000000-0000-0000-0000-0000000B7E95}
T{00000000-0000-0000-0000-0000001AC8A4}
T{00000000-0000-0000-0000-00000021BDD3}
T{00000000-0000-0000-0000-00000031849E}
T{00000000-0000-0000-0000-00000026516B}
T{00000000-0000-0000-0000-000000177755}
T{00000000-0000-0000-0000-0000000C6AB3}
T{00000000-0000-0000-0000-000000016858}
T{00000000-0000-0000-0000-000000034649}
T{00000000-0000-0000-0000-00000018AC8B}
T{00000000-0000-0000-0000-0000001DD965}
T{00000000-0000-0000-0000-00000026535B}
F{00000000-0000-0000-0000-0000002ACD62}
T{00000000-0000-0000-0000-0000000C5558}
T{00000000-0000-0000-0000-0000001532EA}
F{00000000-0000-0000-0000-00000033A0BA}
T{00000000-0000-0000-0000-00000004CC8A}
T{00000000-0000-0000-0000-000000329FF6}
T{00000000-0000-0000-0000-0000002D2D1F}
T{00000000-0000-0000-0000-00000016FD2D}
T{00000000-0000-0000-0000-000000271B24}
T{00000000-0000-0000-0000-0000002998F7}
F{00000000-0000-0000-0000-0000002F9E2D}
T{00000000-0000-0000-0000-00000033172F}
T{00000000-0000-0000-0000-000000105E37}
T{00000000-0000-0000-0000-0000002175CB}
T{00000000-0000-0000-0000-000000029865}
T{00000000-0000-0000-0000-00000016E1D9}
T{00000000-0000-0000-0000-0000002B5A9A}
T{00000000-0000-0000-0000-00000005AA52}
T{00000000-0000-0000-0000-0000001DD2E8}
T{00000000-0000-0000-0000-0000001717A2}
F{00000000-0000-0000-0000-000000273789}
T{00000000-0000-0000-0000-0000001E9031}
T{00000000-0000-0000-0000-000000321D26}
T{00000000-0000-0000-0000-000000043F01}
T{00000000-0000-0000-0000-0000001D0401}
T{00000000-0000-0000-0000-00000011D4C2}
T{00000000-0000-0000-0000-00000000F531}
T{00000000-0000-0000-0000-0000002C005F}
T{00000000-0000-0000-0000-000000284AAF}
T{00000000-0000-0000-0000-00000026B8E3}
T{00000000-0000-0000-0000-00000030F48F}
T{00000000-0000-0000-0000-0000002640E9}
T{00000000-0000-0000-0000-0000000FB0A9}
T{00000000-0000-0000-0000-000000060995}
T{00000000-0000-0000-0000-0000001C3954}
F{00000000-0000-0000-0000-00000004667E}
T{00000000-0000-0000-0000-00000003484A}
T{00000000-0000-0000-0000-000000073239}
T{00000000-0000-0000-0000-00000017940F}
T{00000000-0000-0000-0000-00000016A7D2}
T{00000000-0000-0000-0000-0000002C4D02}
T{00000000-0000-0000-0000-0000001055DF}
T{00000000-0000-0000-0000-00000009D784}
F{00000000-0000-0000-0000-00000031FD22}
T{00000000-0000-0000-0000-000000270868}
T{00000000-0000-0000-0000-0000002041C0}
F{00000000-0000-0000-0000-0000001EA152}
T{00000000-0000-0000-0000-0000002DB47C}
T{00000000-0000-0000-0000-00000024E8D0}
T{00000000-0000-0000-0000-0000000A8CE4}
T{00000000-0000-0000-0000-0000002C5DB2}
T{00000000-0000-0000-0000-0000000FD5BA}
T{00000000-0000-0000-0000-00000001EC85}
T{00000000-0000-0000-0000-00000010CDB8}
T{00000000-0000-0000-0000-000000299CC4}
T{00000000-0000-0000-0000-00000004C733}
T{00000000-0000-0000-0000-0000001F2D3C}
T{00000000-0000-0000-0000-000000064AF0}
T{00000000-0000-0000-0000-00000017083A}
T{00000000-0000-0000-0000-00000008C464}
T{00000000-0000-0000-0000-000000203417}
T{00000000-0000-0000-0000-00000005EA80}
T{00000000-0000-0000-0000-0000000E1D19}
T{00000000-0000-0000-0000-000000193CDB}
T{00000000-0000-0000-0000-0000000E4C02}
T{00000000-0000-0000-0000-0000000ED126}
T{00000000-0000-0000-0000-00000013567B}
T{00000000-0000-0000-0000-0000000FA0F7}
T{00000000-0000-0000-0000-0000001FC5AC}
T{00000000-0000-0000-0000-00000007E00A}
T{00000000-0000-0000-0000-000000324F12}
T{00000000-0000-0000-0000-0000000535EC}
T{00000000-0000-0000-0000-0000002A8563}
T{00000000-0000-0000-0000-000000260634}
T{00000000-0000-0000-0000-0000000FA82D}
F{00000000-0000-0000-0000-000000213B13}
T{00000000-0000-0000-0000-000000179654}
T{00000000-0000-0000-0000-000000069ECE}
T{00000000-0000-0000-0000-0000000642F7}
T{00000000-0000-0000-0000-00000007EAC2}
T{00000000-0000-0000-0000-0000000CBB3D}
T{00000000-0000-0000-0000-000000105622}
T{00000000-0000-0000-0000-00000013C022}
T{00000000-0000-0000-0000-0000002A974A}
T{00000000-0000-0000-0000-0000001AE318}
T{00000000-0000-0000-0000-00000000F558}
T{00000000-0000-0000-0000-0000000A1515}
T{00000000-0000-0000-0000-0000000CDF99}
T{00000000-0000-0000-0000-000000329F91}
T{00000000-0000-0000-0000-00000014929E}
T{00000000-0000-0000-0000-000000309BAE}
T{00000000-0000-0000-0000-0000001C2EBF}
T{00000000-0000-0000-0000-00000028C379}
F{00000000-0000-0000-0000-0000002FFF7B}
T{00000000-0000-0000-0000-00000016FFE0}
T{00000000-0000-0000-0000-0000002CE190}
T{00000000-0000-0000-0000-00000016FB99}
T{00000000-0000-0000-0000-0000001C27C6}
T{00000000-0000-0000-0000-00000031433A}
T{00000000-0000-0000-0000-00000002974E}
T{00000000-0000-0000-0000-00000009E7CA}
T{00000000-0000-0000-0000-00000027140B}
T{00000000-0000-0000-0000-00000027B41E}
T{00000000-0000-0000-0000-00000011FE7F}
T{00000000-0000-0000-0000-00000032A2A3}
T{00000000-0000-0000-0000-0000002C5DB2}
T{00000000-0000-0000-0000-000000335D62}
T{00000000-0000-0000-0000-000000094EAE}
T{00000000-0000-0000-0000-000000179989}
T{00000000-0000-0000-0000-000000043F01}
T{00000000-0000-0000-0000-0000000DFA11}
T{00000000-0000-0000-0000-00000025451E}
T{00000000-0000-0000-0000-0000001DBAF5}
T{00000000-0000-0000-0000-00000009C51A}
T{00000000-0000-0000-0000-00000026AF6A}
F{00000000-0000-0000-0000-00000006FA4F}
T{00000000-0000-0000-0000-00000020F58D}
T{00000000-0000-0000-0000-0000001FBE25}
T{00000000-0000-0000-0000-0000002E02A6}
T{00000000-0000-0000-0000-000000253FE0}
T{00000000-0000-0000-0000-0000001362D5}
T{00000000-0000-0000-0000-0000001CFA3F}
T{00000000-0000-0000-0000-000000212CBD}
T{00000000-0000-0000-0000-0000002E2B72}
T{00000000-0000-0000-0000-0000000FEC4B}
T{00000000-0000-0000-0000-0000002AD855}
T{00000000-0000-0000-0000-00000022B80B}
T{00000000-0000-0000-0000-0000000AA83A}
T{00000000-0000-0000-0000-000000040A67}
T{00000000-0000-0000-0000-000000062468}
T{00000000-0000-0000-0000-0000002B3402}
T{00000000-0000-0000-0000-0000000E0F50}
T{00000000-0000-0000-0000-000000234D27}
T{00000000-0000-0000-0000-00000029954B}
T{00000000-0000-0000-0000-000000321A59}
T{00000000-0000-0000-0000-000000179479}
T{00000000-0000-0000-0000-00000032F8C0}
T{00000000-0000-0000-0000-0000002E6F08}
T{00000000-0000-0000-0000-0000002E4B95}
T{00000000-0000-0000-0000-0000003150EC}
T{00000000-0000-0000-0000-000000105E29}
T{00000000-0000-0000-0000-0000002596A5}
T{00000000-0000-0000-0000-00000007D743}
T{00000000-0000-0000-0000-0000002F7CFB}
T{00000000-0000-0000-0000-0000002640E9}
T{00000000-0000-0000-0000-000000092F5A}
T{00000000-0000-0000-0000-00000019F0CD}
T{00000000-0000-0000-0000-00000031433A}
T{00000000-0000-0000-0000-00000014B92C}
T{00000000-0000-0000-0000-00000002B5B2}
T{00000000-0000-0000-0000-0000001A0E4E}
F{00000000-0000-0000-0000-00000007697F}
T{00000000-0000-0000-0000-0000001C8E42}
T{00000000-0000-0000-0000-00000026DF67}
T{00000000-0000-0000-0000-0000000F705B}
T{00000000-0000-0000-0000-0000000CE2D3}
F{00000000-0000-0000-0000-0000000C838C}
T{00000000-0000-0000-0000-000000158C73}
T{00000000-0000-0000-0000-0000002AC1AE}
T{00000000-0000-0000-0000-00000031211F}
T{00000000-0000-0000-0000-0000000ABEBE}
T{00000000-0000-0000-0000-000000236411}
T{00000000-0000-0000-0000-000000016E5C}
T{00000000-0000-0000-0000-00000027ED8D}
T{00000000-0000-0000-0000-00000019C101}
T{00000000-0000-0000-0000-0000000619EB}
T{00000000-0000-0000-0000-0000000A1FDC}
T{00000000-0000-0000-0000-0000000F6E47}
T{00000000-0000-0000-0000-00000011DA84}
T{00000000-0000-0000-0000-00000021C834}
T{00000000-0000-0000-0000-0000003265F7}
T{00000000-0000-0000-0000-000000296716}
T{00000000-0000-0000-0000-0000001CDDE7}
T{00000000-0000-0000-0000-0000002640E9}
T{00000000-0000-0000-0000-0000001FE8A0}
T{00000000-0000-0000-0000-000000314A2B}
F{00000000-0000-0000-0000-000000281B23}
T{00000000-0000-0000-0000-0000001567B6}
T{00000000-0000-0000-0000-000000206540}
T{00000000-0000-0000-0000-00000013078E}
T{00000000-0000-0000-0000-000000029296}
T{00000000-0000-0000-0000-0000001F9DE7}
T{00000000-0000-0000-0000-0000000F1793}
T{00000000-0000-0000-0000-0000000C3E02}
T{00000000-0000-0000-0000-0000000307B5}
T{00000000-0000-0000-0000-0000000CBD5A}
T{00000000-0000-0000-0000-00000031FFCB}
T{00000000-0000-0000-0000-0000000FC070}
T{00000000-0000-0000-0000-000000238718}
T{00000000-0000-0000-0000-000000270E65}
T{00000000-0000-0000-0000-000000238718}
F{00000000-0000-0000-0000-00000021056F}
T{00000000-0000-0000-0000-0000000C4D94}
T{00000000-0000-0000-0000-0000000A1FDC}
T{00000000-0000-0000-0000-0000002E5658}
T{00000000-0000-0000-0000-0000000AC938}
T{00000000-0000-0000-0000-00000011E97B}
T{00000000-0000-0000-0000-0000000F098A}
T{00000000-0000-0000-0000-000000200A89}
T{00000000-0000-0000-0000-0000002C5463}
T{00000000-0000-0000-0000-0000001EFADF}
T{00000000-0000-0000-0000-000000191C5B}
T{00000000-0000-0000-0000-0000002B5B30}
T{00000000-0000-0000-0000-0000000C838C}
T{00000000-0000-0000-0000-0000000AFD1F}
F{00000000-0000-0000-0000-000000137926}
F{00000000-0000-0000-0000-000000250A40}
F{00000000-0000-0000-0000-000000146195}
T{00000000-0000-0000-0000-0000000307B5}
T{00000000-0000-0000-0000-0000001D6058}
T{00000000-0000-0000-0000-0000000778BF}
T{00000000-0000-0000-0000-0000003137D0}
T{00000000-0000-0000-0000-00000031B1F2}
T{00000000-0000-0000-0000-0000000D2954}
T{00000000-0000-0000-0000-0000003113B2}
T{00000000-0000-0000-0000-00000024E8D0}
T{00000000-0000-0000-0000-0000001A149B}
T{00000000-0000-0000-0000-0000000EE373}
T{00000000-0000-0000-0000-0000000597D0}
T{00000000-0000-0000-0000-000000168372}
T{00000000-0000-0000-0000-00000016FB99}
T{00000000-0000-0000-0000-00000026BDC4}
T{00000000-0000-0000-0000-000000201333}
T{00000000-0000-0000-0000-00000019A9D7}
T{00000000-0000-0000-0000-00000002D6A3}
T{00000000-0000-0000-0000-0000002AE708}
T{00000000-0000-0000-0000-00000026E850}
T{00000000-0000-0000-0000-00000029954B}
T{00000000-0000-0000-0000-00000011565E}
T{00000000-0000-0000-0000-0000002E2FFD}
T{00000000-0000-0000-0000-0000002E262E}
T{00000000-0000-0000-0000-000000265D9E}
F{00000000-0000-0000-0000-0000001BB360}
T{00000000-0000-0000-0000-000000213B74}
T{00000000-0000-0000-0000-0000001E9DB7}
T{00000000-0000-0000-0000-000000329E12}
T{00000000-0000-0000-0000-00000014E39F}
T{00000000-0000-0000-0000-0000001178D3}
T{00000000-0000-0000-0000-00000026AF6A}
F{00000000-0000-0000-0000-000000064B2A}
T{00000000-0000-0000-0000-0000000E4A1E}
T{00000000-0000-0000-0000-000000019835}
T{00000000-0000-0000-0000-0000002C8977}
T{00000000-0000-0000-0000-0000002F6564}
T{00000000-0000-0000-0000-0000002D569C}
T{00000000-0000-0000-0000-00000020C34D}
T{00000000-0000-0000-0000-000000089278}
T{00000000-0000-0000-0000-0000001A1AEA}
T{00000000-0000-0000-0000-0000002C06BA}
T{00000000-0000-0000-0000-0000001CF90F}
T{00000000-0000-0000-0000-000000335C69}
F{00000000-0000-0000-0000-000000244B87}
T{00000000-0000-0000-0000-0000001EAB7A}
F{00000000-0000-0000-0000-00000016B7BB}
T{00000000-0000-0000-0000-00000008C15C}
T{00000000-0000-0000-0000-0000000AAB15}
F{00000000-0000-0000-0000-000000288E61}
T{00000000-0000-0000-0000-0000001B9F31}
F{00000000-0000-0000-0000-0000000FD50F}
T{00000000-0000-0000-0000-0000002C7819}
T{00000000-0000-0000-0000-000000048343}
T{00000000-0000-0000-0000-00000019B600}
T{00000000-0000-0000-0000-000000011590}
T{00000000-0000-0000-0000-00000000C38B}
T{00000000-0000-0000-0000-000000297CCA}
T{00000000-0000-0000-0000-000000098390}
T{00000000-0000-0000-0000-00000033D7BF}
T{00000000-0000-0000-0000-00000032CFC1}
T{00000000-0000-0000-0000-000000234BEA}
T{00000000-0000-0000-0000-00000026D7AA}
T{00000000-0000-0000-0000-000000166F37}
T{00000000-0000-0000-0000-00000018AD71}
T{00000000-0000-0000-0000-0000003130EC}
T{00000000-0000-0000-0000-00000016D764}
T{00000000-0000-0000-0000-0000000FB32B}
F{00000000-0000-0000-0000-00000011BAB8}
T{00000000-0000-0000-0000-0000002E383E}
T{00000000-0000-0000-0000-00000027D9C7}
T{00000000-0000-0000-0000-0000002FD962}
T{00000000-0000-0000-0000-000000197969}
T{00000000-0000-0000-0000-00000026B0CD}
T{00000000-0000-0000-0000-000000269D7B}
T{00000000-0000-0000-0000-00000019A0E0}
F{00000000-0000-0000-0000-0000000DD8B2}
T{00000000-0000-0000-0000-000000154185}
F{00000000-0000-0000-0000-000000050381}
T{00000000-0000-0000-0000-000000170C39}
T{00000000-0000-0000-0000-00000000C38B}
T{00000000-0000-0000-0000-000000302A71}
T{00000000-0000-0000-0000-0000001799C4}
T{00000000-0000-0000-0000-000000032390}
T{00000000-0000-0000-0000-000000324F12}
T{00000000-0000-0000-0000-0000001A3F28}
T{00000000-0000-0000-0000-000000157E00}
T{00000000-0000-0000-0000-00000031BD5D}
T{00000000-0000-0000-0000-000000167D88}
T{00000000-0000-0000-0000-000000250969}
T{00000000-0000-0000-0000-00000025CC06}
T{00000000-0000-0000-0000-0000000BDB51}
T{00000000-0000-0000-0000-000000012E4C}
T{00000000-0000-0000-0000-000000054162}
T{00000000-0000-0000-0000-000000258366}
T{00000000-0000-0000-0000-0000002EB3BB}
T{00000000-0000-0000-0000-00000032EAE8}
T{00000000-0000-0000-0000-00000005E083}
T{00000000-0000-0000-0000-000000064B2A}
T{00000000-0000-0000-0000-000000263391}
T{00000000-0000-0000-0000-00000023D51A}
T{00000000-0000-0000-0000-0000002350CC}
T{00000000-0000-0000-0000-0000000C3F5A}
T{00000000-0000-0000-0000-00000030D8FB}
T{00000000-0000-0000-0000-000000239361}
T{00000000-0000-0000-0000-000000249F49}
T{00000000-0000-0000-0000-00000001C250}
F{00000000-0000-0000-0000-0000000F9EC8}
T{00000000-0000-0000-0000-000000039E0B}
T{00000000-0000-0000-0000-0000002A7743}
T{00000000-0000-0000-0000-00000022DC3A}
T{00000000-0000-0000-0000-0000001C2EBF}
T{00000000-0000-0000-0000-000000132581}
T{00000000-0000-0000-0000-000000322148}
T{00000000-0000-0000-0000-00000032FFD9}
T{00000000-0000-0000-0000-000000097636}
T{00000000-0000-0000-0000-0000002C7BFD}
T{00000000-0000-0000-0000-0000000A8CE4}
T{00000000-0000-0000-0000-0000002C8977}
T{00000000-0000-0000-0000-000000327A68}
T{00000000-0000-0000-0000-0000000F2546}
T{00000000-0000-0000-0000-0000002C5DB2}
T{00000000-0000-0000-0000-00000029C14F}
T{00000000-0000-0000-0000-000000301FD1}
T{00000000-0000-0000-0000-0000002B99FD}
T{00000000-0000-0000-0000-000000287886}
T{00000000-0000-0000-0000-00000026C0F5}
T{00000000-0000-0000-0000-0000002A0704}
T{00000000-0000-0000-0000-000000150067}
T{00000000-0000-0000-0000-0000000BADAB}
T{00000000-0000-0000-0000-0000001B65DD}
T{00000000-0000-0000-0000-00000016F7DA}
T{00000000-0000-0000-0000-0000000056FC}
T{00000000-0000-0000-0000-00000002974E}
T{00000000-0000-0000-0000-000000007902}
T{00000000-0000-0000-0000-00000005EA80}
T{00000000-0000-0000-0000-000000049F92}
T{00000000-0000-0000-0000-0000002596A5}
T{00000000-0000-0000-0000-000000033863}
T{00000000-0000-0000-0000-0000001956DB}
T{00000000-0000-0000-0000-00000009A3CE}
T{00000000-0000-0000-0000-000000194C2C}
T{00000000-0000-0000-0000-00000019D15A}
T{00000000-0000-0000-0000-0000000B09BA}
T{00000000-0000-0000-0000-000000167113}
T{00000000-0000-0000-0000-0000000E33A8}
T{00000000-0000-0000-0000-0000000CD9B2}
T{00000000-0000-0000-0000-000000267527}
T{00000000-0000-0000-0000-00000009E7DF}
T{00000000-0000-0000-0000-0000002EFC5F}
T{00000000-0000-0000-0000-0000003351B3}
T{00000000-0000-0000-0000-000000240ED2}
F{00000000-0000-0000-0000-000000108BD7}
T{00000000-0000-0000-0000-00000002D5B9}
T{00000000-0000-0000-0000-000000223456}
T{00000000-0000-0000-0000-0000000535EC}
T{00000000-0000-0000-0000-0000000E83C9}
T{00000000-0000-0000-0000-0000002C5C7E}
T{00000000-0000-0000-0000-000000260F69}
