F{00000000-0000-0000-0000-0000002C5463}
T{00000000-0000-0000-0000-0000001731F1}
T{00000000-0000-0000-0000-0000002B4180}
F{00000000-0000-0000-0000-000000171CAA}
T{00000000-0000-0000-0000-00000017083A}
F{00000000-0000-0000-0000-000000170474}
F{00000000-0000-0000-0000-00000016EE88}
F{00000000-0000-0000-0000-00000016D577}
F{00000000-0000-0000-0000-0000001846EB}
T{00000000-0000-0000-0000-00000016C3F8}
T{00000000-0000-0000-0000-00000016A724}
T{00000000-0000-0000-0000-00000016A626}
T{00000000-0000-0000-0000-0000001719BD}
T{00000000-0000-0000-0000-000000167244}
T{00000000-0000-0000-0000-0000002EC376}
T{00000000-0000-0000-0000-00000016209C}
T{00000000-0000-0000-0000-000000214637}
T{00000000-0000-0000-0000-00000015C8F2}
T{00000000-0000-0000-0000-00000032EAE8}
F{00000000-0000-0000-0000-0000001799C4}
T{00000000-0000-0000-0000-000000159F9E}
T{00000000-0000-0000-0000-000000158CBF}
F{00000000-0000-0000-0000-00000026E418}
F{00000000-0000-0000-0000-00000015892F}
T{00000000-0000-0000-0000-0000001575D7}
T{00000000-0000-0000-0000-0000001C351B}
T{00000000-0000-0000-0000-0000001E97E7}
T{00000000-0000-0000-0000-000000335C69}
F{00000000-0000-0000-0000-000000146F18}
T{00000000-0000-0000-0000-000000146E62}
T{00000000-0000-0000-0000-00000014467D}
T{00000000-0000-0000-0000-000000144245}
T{00000000-0000-0000-0000-00000014388F}
F{00000000-0000-0000-0000-00000013D847}
F{00000000-0000-0000-0000-00000013BA26}
T{00000000-0000-0000-0000-00000013A82E}
T{00000000-0000-0000-0000-00000013A3A4}
F{00000000-0000-0000-0000-000000138B76}
T{00000000-0000-0000-0000-000000138983}
T{00000000-0000-0000-0000-0000002CE0CE}
T{00000000-0000-0000-0000-000000138351}
F{00000000-0000-0000-0000-0000001369DE}
T{00000000-0000-0000-0000-000000135FB9}
T{00000000-0000-0000-0000-0000002E1683}
T{00000000-0000-0000-0000-00000021DB21}
T{00000000-0000-0000-0000-0000001DBEB0}
T{00000000-0000-0000-0000-000000132CC8}
T{00000000-0000-0000-0000-000000130B4B}
T{00000000-0000-0000-0000-00000012D2A3}
T{00000000-0000-0000-0000-0000002B2F81}
T{00000000-0000-0000-0000-000000127E82}
T{00000000-0000-0000-0000-000000179990}
T{00000000-0000-0000-0000-0000001B2F2F}
F{00000000-0000-0000-0000-000000125357}
T{00000000-0000-0000-0000-000000270E65}
F{00000000-0000-0000-0000-00000023C11C}
T{00000000-0000-0000-0000-00000011EFD7}
F{00000000-0000-0000-0000-00000013BB66}
F{00000000-0000-0000-0000-00000011E4E1}
T{00000000-0000-0000-0000-00000011E234}
T{00000000-0000-0000-0000-0000002A84E1}
T{00000000-0000-0000-0000-0000002246FE}
T{00000000-0000-0000-0000-00000014196D}
F{00000000-0000-0000-0000-000000119E8F}
T{00000000-0000-0000-0000-00000013AEDD}
T{00000000-0000-0000-0000-000000167113}
T{00000000-0000-0000-0000-00000021E051}
T{00000000-0000-0000-0000-0000001FFBE4}
T{00000000-0000-0000-0000-000000111DA3}
T{00000000-0000-0000-0000-0000003265F7}
T{00000000-0000-0000-0000-0000002D6B9F}
F{00000000-0000-0000-0000-000000276853}
T{00000000-0000-0000-0000-0000001062A3}
F{00000000-0000-0000-0000-000000335CAB}
F{00000000-0000-0000-0000-0000001056F7}
T{00000000-0000-0000-0000-000000331AEC}
T{00000000-0000-0000-0000-000000105281}
T{00000000-0000-0000-0000-000000104584}
F{00000000-0000-0000-0000-000000242E7A}
T{00000000-0000-0000-0000-000000210B2F}
F{00000000-0000-0000-0000-0000000FDBD1}
T{00000000-0000-0000-0000-00000010D06B}
T{00000000-0000-0000-0000-0000000FD308}
T{00000000-0000-0000-0000-000000183729}
T{00000000-0000-0000-0000-0000000FC6FF}
F{00000000-0000-0000-0000-00000027CCB1}
T{00000000-0000-0000-0000-0000000FC070}
T{00000000-0000-0000-0000-000000165534}
T{00000000-0000-0000-0000-0000000F6DC7}
T{00000000-0000-0000-0000-00000030FBFF}
T{00000000-0000-0000-0000-00000024B25B}
T{00000000-0000-0000-0000-000000264084}
T{00000000-0000-0000-0000-0000001847C3}
F{00000000-0000-0000-0000-0000001A1862}
T{00000000-0000-0000-0000-0000000EE1FB}
T{00000000-0000-0000-0000-000000145192}
T{00000000-0000-0000-0000-0000002F8174}
T{00000000-0000-0000-0000-000000325644}
T{00000000-0000-0000-0000-0000000EBF01}
T{00000000-0000-0000-0000-0000002B1BE0}
T{00000000-0000-0000-0000-0000001055DF}
F{00000000-0000-0000-0000-00000020548C}
T{00000000-0000-0000-0000-0000000160AC}
T{00000000-0000-0000-0000-0000001D391D}
F{00000000-0000-0000-0000-0000001BDA94}
T{00000000-0000-0000-0000-000000048C21}
T{00000000-0000-0000-0000-0000000A896C}
T{00000000-0000-0000-0000-0000000751DF}
T{00000000-0000-0000-0000-00000015A379}
T{00000000-0000-0000-0000-000000312624}
T{00000000-0000-0000-0000-00000004A7E6}
T{00000000-0000-0000-0000-000000165B31}
F{00000000-0000-0000-0000-00000009C584}
F{00000000-0000-0000-0000-0000002C74C9}
F{00000000-0000-0000-0000-00000026601E}
T{00000000-0000-0000-0000-000000043636}
F{00000000-0000-0000-0000-000000169CBC}
F{00000000-0000-0000-0000-0000002FF8E1}
T{00000000-0000-0000-0000-00000023C2C4}
T{00000000-0000-0000-0000-00000032A88C}
T{00000000-0000-0000-0000-00000026E010}
F{00000000-0000-0000-0000-000000138AFA}
T{00000000-0000-0000-0000-0000002FCCCD}
F{00000000-0000-0000-0000-00000007DDDE}
F{00000000-0000-0000-0000-00000000D3F0}
T{00000000-0000-0000-0000-00000013B3CF}
T{00000000-0000-0000-0000-00000011D265}
T{00000000-0000-0000-0000-000000192209}
F{00000000-0000-0000-0000-000000038479}
T{00000000-0000-0000-0000-0000000E16E4}
T{00000000-0000-0000-0000-000000212706}
T{00000000-0000-0000-0000-0000000ED1CA}
T{00000000-0000-0000-0000-0000001C351B}
F{00000000-0000-0000-0000-00000006E345}
T{00000000-0000-0000-0000-0000002B25BF}
T{00000000-0000-0000-0000-000000325BB2}
T{00000000-0000-0000-0000-00000010DE93}
T{00000000-0000-0000-0000-0000001313A8}
T{00000000-0000-0000-0000-0000000EEA2B}
F{00000000-0000-0000-0000-00000026A8E2}
T{00000000-0000-0000-0000-00000027BF78}
T{00000000-0000-0000-0000-0000000F2546}
T{00000000-0000-0000-0000-00000031B1F2}
T{00000000-0000-0000-0000-0000000CC274}
T{00000000-0000-0000-0000-0000001D3B91}
T{00000000-0000-0000-0000-00000006FC1D}
T{00000000-0000-0000-0000-000000080D3D}
T{00000000-0000-0000-0000-00000027CCB1}
F{00000000-0000-0000-0000-000000331358}
F{00000000-0000-0000-0000-0000002FD6B4}
T{00000000-0000-0000-0000-00000021F999}
T{00000000-0000-0000-0000-0000002F5979}
T{00000000-0000-0000-0000-000000047342}
T{00000000-0000-0000-0000-0000000821BC}
F{00000000-0000-0000-0000-000000321523}
T{00000000-0000-0000-0000-0000001830EA}
T{00000000-0000-0000-0000-0000001D429F}
T{00000000-0000-0000-0000-000000121A2C}
F{00000000-0000-0000-0000-0000001C767C}
T{00000000-0000-0000-0000-00000005BFDB}
T{00000000-0000-0000-0000-00000009964D}
F{00000000-0000-0000-0000-000000220F56}
T{00000000-0000-0000-0000-00000005A978}
T{00000000-0000-0000-0000-0000002C4D02}
T{00000000-0000-0000-0000-00000027C73E}
T{00000000-0000-0000-0000-00000013B3CF}
F{00000000-0000-0000-0000-0000000A7716}
T{00000000-0000-0000-0000-00000022C95C}
T{00000000-0000-0000-0000-000000111BB4}
T{00000000-0000-0000-0000-0000002F6EB0}
F{00000000-0000-0000-0000-000000253DA3}
T{00000000-0000-0000-0000-00000026601E}
F{00000000-0000-0000-0000-000000251BCD}
T{00000000-0000-0000-0000-000000296AE2}
T{00000000-0000-0000-0000-000000210B2F}
T{00000000-0000-0000-0000-000000043B45}
F{00000000-0000-0000-0000-00000009D454}
T{00000000-0000-0000-0000-0000002CA2D2}
T{00000000-0000-0000-0000-0000001E3540}
F{00000000-0000-0000-0000-00000016F860}
F{00000000-0000-0000-0000-00000014E3DD}
T{00000000-0000-0000-0000-000000105EE3}
T{00000000-0000-0000-0000-00000011D8AC}
T{00000000-0000-0000-0000-0000000596BA}
T{00000000-0000-0000-0000-00000001C17E}
T{00000000-0000-0000-0000-0000002F5968}
T{00000000-0000-0000-0000-0000000114A7}
T{00000000-0000-0000-0000-00000009D224}
T{00000000-0000-0000-0000-0000002DEED3}
T{00000000-0000-0000-0000-00000001C17E}
T{00000000-0000-0000-0000-000000275F5A}
T{00000000-0000-0000-0000-0000000619EB}
F{00000000-0000-0000-0000-0000001DC5DF}
T{00000000-0000-0000-0000-000000255F34}
T{00000000-0000-0000-0000-000000023C7A}
T{00000000-0000-0000-0000-000000153FE7}
F{00000000-0000-0000-0000-00000031EFC5}
T{00000000-0000-0000-0000-0000002067C5}
T{00000000-0000-0000-0000-000000265F80}
F{00000000-0000-0000-0000-0000001379ED}
F{00000000-0000-0000-0000-0000002FA47F}
F{00000000-0000-0000-0000-0000002E564A}
T{00000000-0000-0000-0000-0000002B6D6F}
F{00000000-0000-0000-0000-000000020F85}
T{00000000-0000-0000-0000-00000005BFDB}
F{00000000-0000-0000-0000-00000020CF55}
T{00000000-0000-0000-0000-000000146CB4}
F{00000000-0000-0000-0000-00000028A414}
T{00000000-0000-0000-0000-00000005A937}
F{00000000-0000-0000-0000-0000000A2D06}
T{00000000-0000-0000-0000-000000270693}
F{00000000-0000-0000-0000-0000001BDAF9}
T{00000000-0000-0000-0000-0000001799C4}
F{00000000-0000-0000-0000-000000228993}
T{00000000-0000-0000-0000-00000029F71D}
F{00000000-0000-0000-0000-0000000953A0}
T{00000000-0000-0000-0000-000000067C53}
F{00000000-0000-0000-0000-00000006E345}
F{00000000-0000-0000-0000-000000119C07}
T{00000000-0000-0000-0000-000000303D82}
F{00000000-0000-0000-0000-0000000F9C6B}
F{00000000-0000-0000-0000-0000002C1AC7}
T{00000000-0000-0000-0000-0000002B4180}
T{00000000-0000-0000-0000-0000002C06BA}
F{00000000-0000-0000-0000-000000137696}
T{00000000-0000-0000-0000-00000016B471}
T{00000000-0000-0000-0000-0000000ED1CA}
T{00000000-0000-0000-0000-00000004ADEE}
T{00000000-0000-0000-0000-0000000AAAD8}
T{00000000-0000-0000-0000-0000002A893B}
T{00000000-0000-0000-0000-00000019922D}
T{00000000-0000-0000-0000-0000002CE1B8}
T{00000000-0000-0000-0000-0000002DF876}
F{00000000-0000-0000-0000-00000029B017}
T{00000000-0000-0000-0000-0000001E4D51}
T{00000000-0000-0000-0000-00000027898B}
T{00000000-0000-0000-0000-0000000667EE}
F{00000000-0000-0000-0000-0000000FD54B}
T{00000000-0000-0000-0000-0000002A8FE5}
T{00000000-0000-0000-0000-00000020FDC0}
T{00000000-0000-0000-0000-00000027899E}
T{00000000-0000-0000-0000-000000033818}
T{00000000-0000-0000-0000-00000014A2CB}
T{00000000-0000-0000-0000-0000002F463E}
T{00000000-0000-0000-0000-0000000A857A}
T{00000000-0000-0000-0000-0000002CC5D5}
F{00000000-0000-0000-0000-00000005EF6E}
T{00000000-0000-0000-0000-000000248A07}
T{00000000-0000-0000-0000-0000001F1353}
T{00000000-0000-0000-0000-000000257932}
T{00000000-0000-0000-0000-0000000096E3}
F{00000000-0000-0000-0000-0000001E3995}
T{00000000-0000-0000-0000-0000002950B5}
T{00000000-0000-0000-0000-00000024B25B}
T{00000000-0000-0000-0000-0000000ECC6E}
T{00000000-0000-0000-0000-000000002330}
T{00000000-0000-0000-0000-00000001FA64}
T{00000000-0000-0000-0000-0000002A7E57}
T{00000000-0000-0000-0000-00000015A379}
T{00000000-0000-0000-0000-00000026C4A8}
T{00000000-0000-0000-0000-0000000A1852}
F{00000000-0000-0000-0000-00000033AD93}
T{00000000-0000-0000-0000-0000002B4180}
T{00000000-0000-0000-0000-0000002CEAF2}
T{00000000-0000-0000-0000-00000032F66F}
T{00000000-0000-0000-0000-0000002E1F66}
F{00000000-0000-0000-0000-00000024E9BB}
F{00000000-0000-0000-0000-000000053E0D}
F{00000000-0000-0000-0000-00000024DE3A}
T{00000000-0000-0000-0000-000000298D14}
T{00000000-0000-0000-0000-00000021056F}
F{00000000-0000-0000-0000-0000002D71D6}
T{00000000-0000-0000-0000-0000002C4782}
T{00000000-0000-0000-0000-00000007E169}
T{00000000-0000-0000-0000-00000001A851}
F{00000000-0000-0000-0000-000000270DC9}
T{00000000-0000-0000-0000-00000031D4E2}
T{00000000-0000-0000-0000-0000000DF350}
F{00000000-0000-0000-0000-0000000FB5F9}
F{00000000-0000-0000-0000-0000000FBE71}
F{00000000-0000-0000-0000-0000000DDC55}
T{00000000-0000-0000-0000-0000000567E6}
T{00000000-0000-0000-0000-00000000A0DB}
T{00000000-0000-0000-0000-00000014DCEA}
T{00000000-0000-0000-0000-00000000C956}
T{00000000-0000-0000-0000-0000000605DC}
F{00000000-0000-0000-0000-000000270DC9}
T{00000000-0000-0000-0000-00000005ECC1}
F{00000000-0000-0000-0000-0000002A02EE}
T{00000000-0000-0000-0000-000000159546}
T{00000000-0000-0000-0000-00000001B078}
T{00000000-0000-0000-0000-00000025B12E}
T{00000000-0000-0000-0000-000000096134}
F{00000000-0000-0000-0000-0000002B60AE}
T{00000000-0000-0000-0000-000000029A34}
F{00000000-0000-0000-0000-000000137926}
T{00000000-0000-0000-0000-00000009A203}
T{00000000-0000-0000-0000-00000007A5F8}
T{00000000-0000-0000-0000-0000000683EE}
F{00000000-0000-0000-0000-0000002CEF50}
F{00000000-0000-0000-0000-0000002BB56B}
T{00000000-0000-0000-0000-0000003300DB}
T{00000000-0000-0000-0000-00000023BA05}
T{00000000-0000-0000-0000-00000000A0DB}
F{00000000-0000-0000-0000-0000002B79C6}
F{00000000-0000-0000-0000-0000002F9D8A}
T{00000000-0000-0000-0000-0000002654B2}
F{00000000-0000-0000-0000-000000125376}
T{00000000-0000-0000-0000-000000324F12}
F{00000000-0000-0000-0000-0000000358BE}
T{00000000-0000-0000-0000-000000111DA3}
F{00000000-0000-0000-0000-0000002B8F8A}
T{00000000-0000-0000-0000-0000001D3B40}
F{00000000-0000-0000-0000-000000048848}
T{00000000-0000-0000-0000-00000009A3CE}
T{00000000-0000-0000-0000-000000096DFC}
T{00000000-0000-0000-0000-00000027D4EC}
F{00000000-0000-0000-0000-0000003032D8}
T{00000000-0000-0000-0000-0000002C8F43}
T{00000000-0000-0000-0000-0000002C004C}
T{00000000-0000-0000-0000-00000006D98C}
T{00000000-0000-0000-0000-0000000C434F}
F{00000000-0000-0000-0000-00000009D454}
F{00000000-0000-0000-0000-0000001986D9}
T{00000000-0000-0000-0000-00000020A907}
T{00000000-0000-0000-0000-0000002D569C}
F{00000000-0000-0000-0000-00000017CD8A}
F{00000000-0000-0000-0000-000000275B8E}
T{00000000-0000-0000-0000-000000299687}
F{00000000-0000-0000-0000-00000011FA5C}
F{00000000-0000-0000-0000-0000000EFC81}
T{00000000-0000-0000-0000-0000002DB79C}
T{00000000-0000-0000-0000-00000018B027}
F{00000000-0000-0000-0000-0000000A5B30}
F{00000000-0000-0000-0000-0000001369DE}
T{00000000-0000-0000-0000-00000006CBEB}
T{00000000-0000-0000-0000-00000033ABF6}
F{00000000-0000-0000-0000-0000002BFFD7}
T{00000000-0000-0000-0000-00000028EF2F}
T{00000000-0000-0000-0000-0000000CE2E6}
T{00000000-0000-0000-0000-000000245D0C}
T{00000000-0000-0000-0000-00000033D7BF}
T{00000000-0000-0000-0000-00000029D045}
T{00000000-0000-0000-0000-000000229D0D}
T{00000000-0000-0000-0000-00000006BD1D}
F{00000000-0000-0000-0000-00000028C84A}
F{00000000-0000-0000-0000-000000165C7D}
F{00000000-0000-0000-0000-000000069FDF}
T{00000000-0000-0000-0000-00000019A2B6}
T{00000000-0000-0000-0000-00000009DB7E}
T{00000000-0000-0000-0000-00000006343F}
F{00000000-0000-0000-0000-000000192C47}
F{00000000-0000-0000-0000-0000000A5792}
T{00000000-0000-0000-0000-0000001DC511}
T{00000000-0000-0000-0000-00000031078D}
T{00000000-0000-0000-0000-00000004CE31}
T{00000000-0000-0000-0000-0000003300DB}
T{00000000-0000-0000-0000-00000021E6D0}
F{00000000-0000-0000-0000-000000220995}
F{00000000-0000-0000-0000-0000000BD989}
F{00000000-0000-0000-0000-00000032E994}
F{00000000-0000-0000-0000-0000000D6338}
F{00000000-0000-0000-0000-0000000A8C33}
F{00000000-0000-0000-0000-000000242682}
T{00000000-0000-0000-0000-000000119E8F}
F{00000000-0000-0000-0000-000000210458}
F{00000000-0000-0000-0000-000000275A11}
T{00000000-0000-0000-0000-00000011E9B8}
T{00000000-0000-0000-0000-0000000ED171}
F{00000000-0000-0000-0000-0000002F70A5}
T{00000000-0000-0000-0000-0000002FC20B}
T{00000000-0000-0000-0000-00000010C82D}
F{00000000-0000-0000-0000-0000002EAF33}
T{00000000-0000-0000-0000-000000199A5F}
T{00000000-0000-0000-0000-0000002D612E}
F{00000000-0000-0000-0000-00000007C25E}
F{00000000-0000-0000-0000-00000010557B}
F{00000000-0000-0000-0000-0000002AA779}
F{00000000-0000-0000-0000-0000001E3995}
T{00000000-0000-0000-0000-000000102010}
F{00000000-0000-0000-0000-0000001793D4}
F{00000000-0000-0000-0000-0000002E0E9F}
T{00000000-0000-0000-0000-0000000E12C5}
T{00000000-0000-0000-0000-0000000D8BEA}
T{00000000-0000-0000-0000-0000002FCCCD}
F{00000000-0000-0000-0000-000000077D94}
F{00000000-0000-0000-0000-000000281B7B}
T{00000000-0000-0000-0000-0000001E9DB7}
T{00000000-0000-0000-0000-00000000A78C}
T{00000000-0000-0000-0000-00000027B41E}
T{00000000-0000-0000-0000-0000001A1CFC}
T{00000000-0000-0000-0000-00000023DCAB}
F{00000000-0000-0000-0000-00000020CF55}
F{00000000-0000-0000-0000-00000008E1A8}
T{00000000-0000-0000-0000-00000029D045}
F{00000000-0000-0000-0000-0000003148A3}
T{00000000-0000-0000-0000-00000025CC06}
T{00000000-0000-0000-0000-000000270882}
T{00000000-0000-0000-0000-0000000F4599}
T{00000000-0000-0000-0000-0000002CE0CE}
T{00000000-0000-0000-0000-00000006CE94}
F{00000000-0000-0000-0000-00000002FF57}
T{00000000-0000-0000-0000-0000000936A7}
T{00000000-0000-0000-0000-00000019B2C9}
T{00000000-0000-0000-0000-00000007563C}
T{00000000-0000-0000-0000-000000096AB9}
T{00000000-0000-0000-0000-000000119542}
T{00000000-0000-0000-0000-0000000FA790}
T{00000000-0000-0000-0000-00000024B25B}
T{00000000-0000-0000-0000-00000021D0E6}
T{00000000-0000-0000-0000-0000002DB79C}
T{00000000-0000-0000-0000-0000000E75F6}
F{00000000-0000-0000-0000-0000000DA5C4}
T{00000000-0000-0000-0000-00000025AC9A}
T{00000000-0000-0000-0000-000000316545}
F{00000000-0000-0000-0000-00000017BAFF}
T{00000000-0000-0000-0000-0000002E21D7}
F{00000000-0000-0000-0000-0000001AC595}
F{00000000-0000-0000-0000-0000002ECA3E}
T{00000000-0000-0000-0000-00000026E2D2}
T{00000000-0000-0000-0000-00000003193E}
F{00000000-0000-0000-0000-00000019B1B2}
T{00000000-0000-0000-0000-000000329B21}
T{00000000-0000-0000-0000-000000006D7B}
T{00000000-0000-0000-0000-0000002A0D85}
T{00000000-0000-0000-0000-000000187E3A}
F{00000000-0000-0000-0000-000000301289}
T{00000000-0000-0000-0000-00000026489E}
T{00000000-0000-0000-0000-0000002B3C5D}
T{00000000-0000-0000-0000-00000027F2E1}
T{00000000-0000-0000-0000-0000002F7940}
T{00000000-0000-0000-0000-0000000675A8}
T{00000000-0000-0000-0000-0000002FDA09}
T{00000000-0000-0000-0000-000000165EB8}
T{00000000-0000-0000-0000-0000000231D2}
T{00000000-0000-0000-0000-000000320036}
T{00000000-0000-0000-0000-0000002E383E}
T{00000000-0000-0000-0000-0000002A9BBC}
T{00000000-0000-0000-0000-000000113553}
T{00000000-0000-0000-0000-00000010E0E2}
F{00000000-0000-0000-0000-000000087468}
T{00000000-0000-0000-0000-00000006A340}
T{00000000-0000-0000-0000-0000002B25A6}
T{00000000-0000-0000-0000-0000003300DB}
T{00000000-0000-0000-0000-0000002667D3}
F{00000000-0000-0000-0000-0000000A2DD3}
T{00000000-0000-0000-0000-0000002C69FD}
F{00000000-0000-0000-0000-000000031925}
F{00000000-0000-0000-0000-0000001FD913}
T{00000000-0000-0000-0000-0000002106DF}
T{00000000-0000-0000-0000-000000297A3C}
T{00000000-0000-0000-0000-00000020F2D8}
F{00000000-0000-0000-0000-0000001DCCD0}
T{00000000-0000-0000-0000-00000000F5F7}
T{00000000-0000-0000-0000-0000002984B0}
F{00000000-0000-0000-0000-00000027EFA5}
T{00000000-0000-0000-0000-00000003C757}
F{00000000-0000-0000-0000-0000000BBAE5}
F{00000000-0000-0000-0000-00000000740B}
T{00000000-0000-0000-0000-000000310E30}
T{00000000-0000-0000-0000-0000001C351B}
T{00000000-0000-0000-0000-0000000D5E13}
F{00000000-0000-0000-0000-000000018C66}
T{00000000-0000-0000-0000-000000084476}
T{00000000-0000-0000-0000-000000203F45}
T{00000000-0000-0000-0000-0000002CE1B8}
T{00000000-0000-0000-0000-000000312E16}
F{00000000-0000-0000-0000-0000001DE733}
F{00000000-0000-0000-0000-00000028C45E}
T{00000000-0000-0000-0000-000000067170}
T{00000000-0000-0000-0000-0000000D89F1}
T{00000000-0000-0000-0000-0000002D59C0}
F{00000000-0000-0000-0000-000000019910}
F{00000000-0000-0000-0000-00000016C567}
T{00000000-0000-0000-0000-00000021B9AD}
F{00000000-0000-0000-0000-0000002313B8}
F{00000000-0000-0000-0000-0000001CF590}
F{00000000-0000-0000-0000-0000002ADB4F}
T{00000000-0000-0000-0000-0000001078BD}
F{00000000-0000-0000-0000-000000046E22}
T{00000000-0000-0000-0000-0000000F4E23}
T{00000000-0000-0000-0000-0000002C8F43}
T{00000000-0000-0000-0000-0000000A29A1}
F{00000000-0000-0000-0000-0000002D609F}
T{00000000-0000-0000-0000-00000024C99F}
T{00000000-0000-0000-0000-0000002F01A0}
T{00000000-0000-0000-0000-0000000ABEEA}
F{00000000-0000-0000-0000-000000119C07}
T{00000000-0000-0000-0000-0000000D8B5B}
T{00000000-0000-0000-0000-00000031F98A}
T{00000000-0000-0000-0000-000000010730}
T{00000000-0000-0000-0000-000000034E63}
T{00000000-0000-0000-0000-0000000EF6AD}
T{00000000-0000-0000-0000-0000001C43DD}
F{00000000-0000-0000-0000-0000000ABC61}
T{00000000-0000-0000-0000-000000162B36}
T{00000000-0000-0000-0000-0000002F01A0}
T{00000000-0000-0000-0000-0000002E4CC1}
T{00000000-0000-0000-0000-0000000A747D}
T{00000000-0000-0000-0000-000000102C2D}
T{00000000-0000-0000-0000-0000000B1916}
F{00000000-0000-0000-0000-0000000EE00F}
T{00000000-0000-0000-0000-0000000CFC71}
T{00000000-0000-0000-0000-00000010DF30}
T{00000000-0000-0000-0000-0000000DAA4F}
T{00000000-0000-0000-0000-00000021CF71}
F{00000000-0000-0000-0000-00000014B44C}
T{00000000-0000-0000-0000-0000002E31EF}
T{00000000-0000-0000-0000-00000015C837}
T{00000000-0000-0000-0000-0000002A2AB0}
T{00000000-0000-0000-0000-00000023477C}
T{00000000-0000-0000-0000-000000308473}
T{00000000-0000-0000-0000-00000016BB86}
F{00000000-0000-0000-0000-000000043B45}
T{00000000-0000-0000-0000-000000132C5C}
T{00000000-0000-0000-0000-000000100841}
