F{00000000-0000-0000-0000-000000271353}
F{00000000-0000-0000-0000-0000002B0555}
F{00000000-0000-0000-0000-00000033629C}
T{00000000-0000-0000-0000-0000001EA7C7}
T{00000000-0000-0000-0000-0000001831A7}
F{00000000-0000-0000-0000-000000099302}
F{00000000-0000-0000-0000-000000062238}
F{00000000-0000-0000-0000-000000011C79}
F{00000000-0000-0000-0000-00000001E845}
F{00000000-0000-0000-0000-0000002C418E}
F{00000000-0000-0000-0000-00000009C060}
F{00000000-0000-0000-0000-000000059D2F}
F{00000000-0000-0000-0000-00000014DA5C}
F{00000000-0000-0000-0000-000000029272}
F{00000000-0000-0000-0000-000000304C1E}
F{00000000-0000-0000-0000-00000016D8EC}
F{00000000-0000-0000-0000-0000000108B3}
F{00000000-0000-0000-0000-0000001D7268}
T{00000000-0000-0000-0000-00000000F52C}
F{00000000-0000-0000-0000-000000101B79}
F{00000000-0000-0000-0000-000000039869}
F{00000000-0000-0000-0000-00000031720F}
T{00000000-0000-0000-0000-0000001BA4AF}
F{00000000-0000-0000-0000-000000030FAE}
F{00000000-0000-0000-0000-000000220995}
F{00000000-0000-0000-0000-00000005FF3F}
F{00000000-0000-0000-0000-00000003496E}
F{00000000-0000-0000-0000-00000020AC91}
T{00000000-0000-0000-0000-00000000E103}
F{00000000-0000-0000-0000-000000060468}
F{00000000-0000-0000-0000-0000001278AF}
T{00000000-0000-0000-0000-000000018E32}
F{00000000-0000-0000-0000-0000000A8C33}
F{00000000-0000-0000-0000-00000000D3F0}
T{00000000-0000-0000-0000-00000010F40D}
F{00000000-0000-0000-0000-00000027EFDF}
T{00000000-0000-0000-0000-00000000D349}
F{00000000-0000-0000-0000-00000025482D}
F{00000000-0000-0000-0000-000000303F08}
F{00000000-0000-0000-0000-0000002D3ED8}
F{00000000-0000-0000-0000-0000000567C5}
T{00000000-0000-0000-0000-00000019ED9F}
F{00000000-0000-0000-0000-0000000ABD11}
F{00000000-0000-0000-0000-000000177868}
T{00000000-0000-0000-0000-00000000BB92}
F{00000000-0000-0000-0000-0000002B3978}
F{00000000-0000-0000-0000-0000000C5D03}
T{00000000-0000-0000-0000-0000000FAA4C}
T{00000000-0000-0000-0000-00000004F5F1}
F{00000000-0000-0000-0000-00000008DE54}
F{00000000-0000-0000-0000-0000000BBAF7}
T{00000000-0000-0000-0000-0000001E3943}
F{00000000-0000-0000-0000-0000002D5353}
F{00000000-0000-0000-0000-000000010A7C}
F{00000000-0000-0000-0000-000000219EFE}
T{00000000-0000-0000-0000-0000002301DA}
F{00000000-0000-0000-0000-000000046E22}
F{00000000-0000-0000-0000-00000032E6F6}
F{00000000-0000-0000-0000-00000013BD56}
F{00000000-0000-0000-0000-0000000FCF04}
F{00000000-0000-0000-0000-000000213B22}
F{00000000-0000-0000-0000-000000172673}
F{00000000-0000-0000-0000-000000099D5D}
F{00000000-0000-0000-0000-00000025C115}
F{00000000-0000-0000-0000-000000184E89}
F{00000000-0000-0000-0000-00000032E859}
F{00000000-0000-0000-0000-00000007CFFF}
F{00000000-0000-0000-0000-000000007910}
F{00000000-0000-0000-0000-0000000077BD}
F{00000000-0000-0000-0000-0000000604DA}
F{00000000-0000-0000-0000-0000000876F9}
F{00000000-0000-0000-0000-0000000B1846}
T{00000000-0000-0000-0000-000000006F18}
F{00000000-0000-0000-0000-00000022664D}
F{00000000-0000-0000-0000-000000273331}
F{00000000-0000-0000-0000-000000029DB2}
F{00000000-0000-0000-0000-000000069FDF}
F{00000000-0000-0000-0000-00000001E74C}
T{00000000-0000-0000-0000-000000040FA5}
F{00000000-0000-0000-0000-000000264C56}
F{00000000-0000-0000-0000-00000026A490}
F{00000000-0000-0000-0000-000000041E64}
F{00000000-0000-0000-0000-0000002C99F1}
F{00000000-0000-0000-0000-00000016BA6A}
F{00000000-0000-0000-0000-0000000C2DA1}
F{00000000-0000-0000-0000-000000005092}
T{00000000-0000-0000-0000-00000015A631}
F{00000000-0000-0000-0000-00000005EE69}
T{00000000-0000-0000-0000-0000001C7B47}
T{00000000-0000-0000-0000-0000000FEB93}
F{00000000-0000-0000-0000-000000064615}
F{00000000-0000-0000-0000-000000332CFE}
F{00000000-0000-0000-0000-0000001E35CC}
F{00000000-0000-0000-0000-000000023E71}
F{00000000-0000-0000-0000-0000002CEF50}
T{00000000-0000-0000-0000-0000000062A7}
F{00000000-0000-0000-0000-0000001672E1}
T{00000000-0000-0000-0000-0000001129BA}
F{00000000-0000-0000-0000-00000000740B}
F{00000000-0000-0000-0000-0000000E70A1}
T{00000000-0000-0000-0000-000000326DB4}
T{00000000-0000-0000-0000-00000028DF07}
T{00000000-0000-0000-0000-00000008C61B}
T{00000000-0000-0000-0000-000000008F83}
T{00000000-0000-0000-0000-0000002EC345}
T{00000000-0000-0000-0000-00000030EB33}
T{00000000-0000-0000-0000-0000000BFA99}
T{00000000-0000-0000-0000-0000002ACD62}
T{00000000-0000-0000-0000-000000017C1A}
T{00000000-0000-0000-0000-000000275699}
T{00000000-0000-0000-0000-000000319FB1}
T{00000000-0000-0000-0000-000000123631}
T{00000000-0000-0000-0000-00000009C0B8}
T{00000000-0000-0000-0000-0000001C43DD}
T{00000000-0000-0000-0000-000000158C39}
T{00000000-0000-0000-0000-000000028FB1}
T{00000000-0000-0000-0000-000000268E64}
F{00000000-0000-0000-0000-0000002131BD}
T{00000000-0000-0000-0000-00000006308D}
T{00000000-0000-0000-0000-0000000D8BEA}
F{00000000-0000-0000-0000-000000012582}
T{00000000-0000-0000-0000-0000001BAAE6}
F{00000000-0000-0000-0000-000000071C8B}
T{00000000-0000-0000-0000-0000002F5979}
T{00000000-0000-0000-0000-000000145A1B}
T{00000000-0000-0000-0000-000000158C39}
T{00000000-0000-0000-0000-000000051F73}
F{00000000-0000-0000-0000-0000000CB9EE}
T{00000000-0000-0000-0000-0000002EBA82}
T{00000000-0000-0000-0000-0000000B0E59}
T{00000000-0000-0000-0000-00000004A8C3}
T{00000000-0000-0000-0000-0000000A0057}
T{00000000-0000-0000-0000-000000167D8F}
T{00000000-0000-0000-0000-0000002CE8EB}
T{00000000-0000-0000-0000-00000019FBEE}
T{00000000-0000-0000-0000-0000002B3095}
T{00000000-0000-0000-0000-00000011BAB8}
T{00000000-0000-0000-0000-000000206540}
T{00000000-0000-0000-0000-00000011A8E9}
T{00000000-0000-0000-0000-000000264A9A}
F{00000000-0000-0000-0000-0000000CF7FF}
T{00000000-0000-0000-0000-0000002CF09F}
T{00000000-0000-0000-0000-00000026BB52}
T{00000000-0000-0000-0000-0000001226E2}
F{00000000-0000-0000-0000-0000001EA152}
F{00000000-0000-0000-0000-0000000BF87B}
T{00000000-0000-0000-0000-00000023FA22}
T{00000000-0000-0000-0000-0000000BF91D}
T{00000000-0000-0000-0000-0000002F4C88}
T{00000000-0000-0000-0000-000000007902}
T{00000000-0000-0000-0000-000000034329}
T{00000000-0000-0000-0000-000000029041}
T{00000000-0000-0000-0000-00000022F2AA}
T{00000000-0000-0000-0000-0000003294C5}
T{00000000-0000-0000-0000-0000002AEFB3}
T{00000000-0000-0000-0000-0000001E2F87}
T{00000000-0000-0000-0000-0000001C2119}
T{00000000-0000-0000-0000-0000000AC79A}
F{00000000-0000-0000-0000-0000000F84E7}
F{00000000-0000-0000-0000-00000026601E}
T{00000000-0000-0000-0000-000000049195}
T{00000000-0000-0000-0000-00000007A5F8}
T{00000000-0000-0000-0000-0000002A9162}
T{00000000-0000-0000-0000-000000007021}
T{00000000-0000-0000-0000-0000000F0D62}
T{00000000-0000-0000-0000-000000057DF4}
T{00000000-0000-0000-0000-000000313FDF}
T{00000000-0000-0000-0000-00000033ADB2}
T{00000000-0000-0000-0000-000000096C41}
T{00000000-0000-0000-0000-0000002E1CB0}
T{00000000-0000-0000-0000-0000000DB9CC}
T{00000000-0000-0000-0000-000000032C44}
T{00000000-0000-0000-0000-00000026D8E3}
T{00000000-0000-0000-0000-0000000134DD}
T{00000000-0000-0000-0000-0000000C838C}
T{00000000-0000-0000-0000-00000011BAB8}
T{00000000-0000-0000-0000-0000001B6EF6}
T{00000000-0000-0000-0000-0000001626AA}
T{00000000-0000-0000-0000-00000014868B}
T{00000000-0000-0000-0000-0000002CA011}
F{00000000-0000-0000-0000-00000004565F}
T{00000000-0000-0000-0000-000000171C5D}
T{00000000-0000-0000-0000-00000005FD98}
T{00000000-0000-0000-0000-00000027B41E}
T{00000000-0000-0000-0000-00000029D550}
T{00000000-0000-0000-0000-0000001CA6B6}
T{00000000-0000-0000-0000-0000000A55A2}
T{00000000-0000-0000-0000-0000001778E3}
T{00000000-0000-0000-0000-000000297A3C}
T{00000000-0000-0000-0000-0000000AAC42}
T{00000000-0000-0000-0000-0000001397D0}
T{00000000-0000-0000-0000-000000212CBD}
T{00000000-0000-0000-0000-0000001F3690}
T{00000000-0000-0000-0000-0000000A0AB0}
T{00000000-0000-0000-0000-00000026E25F}
T{00000000-0000-0000-0000-0000000CE641}
T{00000000-0000-0000-0000-0000002E7223}
T{00000000-0000-0000-0000-0000001AF87C}
T{00000000-0000-0000-0000-00000015C974}
T{00000000-0000-0000-0000-00000022CD7A}
T{00000000-0000-0000-0000-00000008338F}
F{00000000-0000-0000-0000-0000000BC199}
T{00000000-0000-0000-0000-00000011BBB3}
T{00000000-0000-0000-0000-00000020A982}
T{00000000-0000-0000-0000-0000003203FE}
T{00000000-0000-0000-0000-000000333DDA}
T{00000000-0000-0000-0000-000000068F47}
F{00000000-0000-0000-0000-00000017B9E1}
T{00000000-0000-0000-0000-0000002B5E98}
T{00000000-0000-0000-0000-0000002C298F}
T{00000000-0000-0000-0000-0000000B9A00}
T{00000000-0000-0000-0000-000000023D58}
T{00000000-0000-0000-0000-0000000964BD}
T{00000000-0000-0000-0000-0000000515AC}
T{00000000-0000-0000-0000-00000022B6AF}
T{00000000-0000-0000-0000-00000016CAB5}
F{00000000-0000-0000-0000-00000009D224}
T{00000000-0000-0000-0000-00000014D038}
T{00000000-0000-0000-0000-0000001A63ED}
T{00000000-0000-0000-0000-000000314A2B}
T{00000000-0000-0000-0000-0000002C86AD}
T{00000000-0000-0000-0000-000000299CC4}
T{00000000-0000-0000-0000-0000001A5C09}
T{00000000-0000-0000-0000-00000032FFA7}
F{00000000-0000-0000-0000-000000048F75}
T{00000000-0000-0000-0000-000000296A75}
T{00000000-0000-0000-0000-00000022DEDC}
T{00000000-0000-0000-0000-0000002493E1}
T{00000000-0000-0000-0000-00000020EE51}
T{00000000-0000-0000-0000-00000015C0FA}
T{00000000-0000-0000-0000-0000002332F0}
T{00000000-0000-0000-0000-000000086203}
T{00000000-0000-0000-0000-0000000F705B}
T{00000000-0000-0000-0000-000000247E6A}
T{00000000-0000-0000-0000-000000153712}
F{00000000-0000-0000-0000-000000270108}
T{00000000-0000-0000-0000-00000009E7CA}
T{00000000-0000-0000-0000-00000016359A}
T{00000000-0000-0000-0000-000000240013}
T{00000000-0000-0000-0000-00000012EA56}
T{00000000-0000-0000-0000-0000001922AA}
T{00000000-0000-0000-0000-00000030EAAF}
T{00000000-0000-0000-0000-000000158C39}
F{00000000-0000-0000-0000-000000036030}
T{00000000-0000-0000-0000-0000002F719E}
T{00000000-0000-0000-0000-0000002AEFB3}
T{00000000-0000-0000-0000-000000104887}
T{00000000-0000-0000-0000-00000033ADB2}
T{00000000-0000-0000-0000-00000010DE93}
T{00000000-0000-0000-0000-0000001830EA}
T{00000000-0000-0000-0000-0000002442CE}
T{00000000-0000-0000-0000-000000171C5C}
T{00000000-0000-0000-0000-00000028C1E1}
T{00000000-0000-0000-0000-00000026FC87}
T{00000000-0000-0000-0000-0000002448D1}
T{00000000-0000-0000-0000-00000007D743}
T{00000000-0000-0000-0000-000000060BF7}
T{00000000-0000-0000-0000-0000000D513E}
T{00000000-0000-0000-0000-000000066FBC}
T{00000000-0000-0000-0000-000000291868}
T{00000000-0000-0000-0000-0000001351B9}
T{00000000-0000-0000-0000-0000001C9465}
T{00000000-0000-0000-0000-00000026ED6A}
T{00000000-0000-0000-0000-0000002E6EF4}
T{00000000-0000-0000-0000-0000000066F9}
T{00000000-0000-0000-0000-000000051120}
T{00000000-0000-0000-0000-0000002E2D1A}
T{00000000-0000-0000-0000-00000022E947}
T{00000000-0000-0000-0000-000000277A60}
T{00000000-0000-0000-0000-0000001575D7}
T{00000000-0000-0000-0000-000000335E40}
T{00000000-0000-0000-0000-00000023FF40}
T{00000000-0000-0000-0000-00000030D226}
T{00000000-0000-0000-0000-00000022CD7A}
T{00000000-0000-0000-0000-0000001C767C}
T{00000000-0000-0000-0000-0000000E56CD}
F{00000000-0000-0000-0000-0000000DD8B2}
T{00000000-0000-0000-0000-00000026CC61}
T{00000000-0000-0000-0000-0000001D5E09}
T{00000000-0000-0000-0000-000000203F45}
T{00000000-0000-0000-0000-0000002D536B}
T{00000000-0000-0000-0000-00000022CD7A}
T{00000000-0000-0000-0000-0000000E546D}
T{00000000-0000-0000-0000-0000000490FD}
T{00000000-0000-0000-0000-000000196798}
T{00000000-0000-0000-0000-0000002FFA68}
T{00000000-0000-0000-0000-0000000B0FAB}
T{00000000-0000-0000-0000-0000002708AF}
T{00000000-0000-0000-0000-000000184757}
T{00000000-0000-0000-0000-0000000EAFD9}
T{00000000-0000-0000-0000-0000002DF876}
T{00000000-0000-0000-0000-000000304479}
F{00000000-0000-0000-0000-0000002B4B44}
T{00000000-0000-0000-0000-000000032C44}
F{00000000-0000-0000-0000-000000178E90}
T{00000000-0000-0000-0000-00000002EF74}
T{00000000-0000-0000-0000-00000016E162}
T{00000000-0000-0000-0000-000000062B7E}
T{00000000-0000-0000-0000-000000043346}
T{00000000-0000-0000-0000-00000031F7C3}
T{00000000-0000-0000-0000-0000001B520B}
T{00000000-0000-0000-0000-000000275F5A}
F{00000000-0000-0000-0000-000000040787}
T{00000000-0000-0000-0000-0000002EEF35}
T{00000000-0000-0000-0000-000000048B95}
T{00000000-0000-0000-0000-0000002B5E98}
T{00000000-0000-0000-0000-00000016D079}
T{00000000-0000-0000-0000-000000123631}
T{00000000-0000-0000-0000-0000001797A0}
T{00000000-0000-0000-0000-00000013A8F9}
T{00000000-0000-0000-0000-00000001C181}
T{00000000-0000-0000-0000-000000049349}
T{00000000-0000-0000-0000-000000037C4F}
T{00000000-0000-0000-0000-00000000757C}
T{00000000-0000-0000-0000-00000012E6A2}
T{00000000-0000-0000-0000-00000021EDD4}
T{00000000-0000-0000-0000-0000001FBD21}
T{00000000-0000-0000-0000-0000000890E1}
T{00000000-0000-0000-0000-00000021F873}
T{00000000-0000-0000-0000-000000153C95}
T{00000000-0000-0000-0000-00000027D7FB}
T{00000000-0000-0000-0000-0000002FA016}
T{00000000-0000-0000-0000-000000057DF4}
T{00000000-0000-0000-0000-00000010F71F}
F{00000000-0000-0000-0000-000000241392}
T{00000000-0000-0000-0000-000000054993}
T{00000000-0000-0000-0000-000000333127}
T{00000000-0000-0000-0000-00000032E9B7}
T{00000000-0000-0000-0000-0000002A865F}
T{00000000-0000-0000-0000-000000315F1A}
T{00000000-0000-0000-0000-0000001A7342}
T{00000000-0000-0000-0000-0000000A1C51}
T{00000000-0000-0000-0000-00000000ACA6}
T{00000000-0000-0000-0000-00000008AD28}
T{00000000-0000-0000-0000-0000001229E1}
T{00000000-0000-0000-0000-0000000BDC46}
T{00000000-0000-0000-0000-0000000EF66F}
T{00000000-0000-0000-0000-0000002E3B0B}
T{00000000-0000-0000-0000-0000001C62BB}
F{00000000-0000-0000-0000-00000025B34A}
T{00000000-0000-0000-0000-0000002E31B8}
T{00000000-0000-0000-0000-00000018B369}
F{00000000-0000-0000-0000-0000000AFFEF}
T{00000000-0000-0000-0000-0000001024E5}
T{00000000-0000-0000-0000-0000001FFC00}
T{00000000-0000-0000-0000-000000096187}
T{00000000-0000-0000-0000-00000003B1C4}
T{00000000-0000-0000-0000-0000000FFD54}
T{00000000-0000-0000-0000-00000032D262}
T{00000000-0000-0000-0000-0000000AAC42}
T{00000000-0000-0000-0000-000000101990}
T{00000000-0000-0000-0000-00000008A69D}
T{00000000-0000-0000-0000-000000187E45}
T{00000000-0000-0000-0000-00000012D2A3}
T{00000000-0000-0000-0000-0000002C58D3}
T{00000000-0000-0000-0000-00000009D20A}
T{00000000-0000-0000-0000-0000001B3763}
T{00000000-0000-0000-0000-0000002558AA}
T{00000000-0000-0000-0000-000000210F05}
T{00000000-0000-0000-0000-0000000C5C77}
T{00000000-0000-0000-0000-00000032BB22}
T{00000000-0000-0000-0000-000000326D67}
T{00000000-0000-0000-0000-00000009551A}
T{00000000-0000-0000-0000-000000008C68}
F{00000000-0000-0000-0000-0000000C3EC1}
T{00000000-0000-0000-0000-00000009754B}
T{00000000-0000-0000-0000-0000002A43DB}
T{00000000-0000-0000-0000-0000001DC846}
T{00000000-0000-0000-0000-0000002C6F6B}
T{00000000-0000-0000-0000-000000074F13}
T{00000000-0000-0000-0000-0000001A7F93}
T{00000000-0000-0000-0000-0000002B1BE0}
T{00000000-0000-0000-0000-00000011927D}
T{00000000-0000-0000-0000-000000147D0B}
T{00000000-0000-0000-0000-00000004864B}
T{00000000-0000-0000-0000-0000003126C8}
T{00000000-0000-0000-0000-00000019F4D6}
T{00000000-0000-0000-0000-00000020AB9B}
T{00000000-0000-0000-0000-00000000B649}
T{00000000-0000-0000-0000-0000000066F9}
T{00000000-0000-0000-0000-000000033818}
F{00000000-0000-0000-0000-0000001BE6D6}
T{00000000-0000-0000-0000-0000000334A5}
T{00000000-0000-0000-0000-000000059FB2}
T{00000000-0000-0000-0000-000000210F79}
F{00000000-0000-0000-0000-00000031E96F}
T{00000000-0000-0000-0000-000000008196}
T{00000000-0000-0000-0000-0000002BE2E7}
T{00000000-0000-0000-0000-00000029F5A1}
T{00000000-0000-0000-0000-0000001DAC3B}
T{00000000-0000-0000-0000-0000000AFD1F}
F{00000000-0000-0000-0000-000000144245}
T{00000000-0000-0000-0000-000000106266}
T{00000000-0000-0000-0000-000000037E74}
F{00000000-0000-0000-0000-000000173418}
T{00000000-0000-0000-0000-00000005E8C5}
T{00000000-0000-0000-0000-00000018CE0C}
T{00000000-0000-0000-0000-0000000C5C6D}
F{00000000-0000-0000-0000-000000325B65}
T{00000000-0000-0000-0000-000000043346}
T{00000000-0000-0000-0000-00000026A0BC}
F{00000000-0000-0000-0000-00000016BEDB}
T{00000000-0000-0000-0000-00000023BDED}
T{00000000-0000-0000-0000-0000000FEC4B}
T{00000000-0000-0000-0000-000000209262}
T{00000000-0000-0000-0000-00000008B3F6}
T{00000000-0000-0000-0000-0000002512F9}
T{00000000-0000-0000-0000-000000034EC9}
T{00000000-0000-0000-0000-0000002E2D1A}
F{00000000-0000-0000-0000-0000002CABB9}
T{00000000-0000-0000-0000-000000216360}
T{00000000-0000-0000-0000-0000003113B2}
T{00000000-0000-0000-0000-00000031A88B}
T{00000000-0000-0000-0000-0000002009A1}
T{00000000-0000-0000-0000-00000011B26F}
T{00000000-0000-0000-0000-0000001A7342}
T{00000000-0000-0000-0000-000000086203}
T{00000000-0000-0000-0000-0000001186FF}
T{00000000-0000-0000-0000-0000000F1D41}
T{00000000-0000-0000-0000-00000002D585}
T{00000000-0000-0000-0000-0000001FAC99}
T{00000000-0000-0000-0000-00000014DD63}
T{00000000-0000-0000-0000-0000000DE85C}
T{00000000-0000-0000-0000-0000002E94D3}
T{00000000-0000-0000-0000-0000000EDA14}
T{00000000-0000-0000-0000-00000023E466}
T{00000000-0000-0000-0000-00000001C181}
T{00000000-0000-0000-0000-00000000F5F7}
T{00000000-0000-0000-0000-000000171FF1}
T{00000000-0000-0000-0000-0000002A1FAE}
T{00000000-0000-0000-0000-0000000AF780}
T{00000000-0000-0000-0000-0000000DA2B8}
T{00000000-0000-0000-0000-00000029B805}
T{00000000-0000-0000-0000-000000234B41}
T{00000000-0000-0000-0000-00000026E110}
T{00000000-0000-0000-0000-00000032379E}
T{00000000-0000-0000-0000-000000182C02}
T{00000000-0000-0000-0000-000000092A50}
T{00000000-0000-0000-0000-0000001B61CC}
T{00000000-0000-0000-0000-0000002F51EC}
T{00000000-0000-0000-0000-0000002EEDAE}
T{00000000-0000-0000-0000-00000028F0C2}
T{00000000-0000-0000-0000-0000002DA8DC}
T{00000000-0000-0000-0000-0000003086A0}
T{00000000-0000-0000-0000-000000226B1E}
T{00000000-0000-0000-0000-00000000B6BA}
T{00000000-0000-0000-0000-0000001D3BAA}
T{00000000-0000-0000-0000-000000114F6A}
T{00000000-0000-0000-0000-000000187E87}
T{00000000-0000-0000-0000-0000002B3402}
F{00000000-0000-0000-0000-0000001A4EC5}
T{00000000-0000-0000-0000-000000250A32}
T{00000000-0000-0000-0000-0000002B9112}
T{00000000-0000-0000-0000-000000020342}
T{00000000-0000-0000-0000-00000000A5A9}
T{00000000-0000-0000-0000-0000002A84E1}
T{00000000-0000-0000-0000-0000000EE373}
T{00000000-0000-0000-0000-0000002D53FA}
T{00000000-0000-0000-0000-000000077716}
T{00000000-0000-0000-0000-000000028E4A}
T{00000000-0000-0000-0000-00000000711B}
T{00000000-0000-0000-0000-00000016F8D3}
T{00000000-0000-0000-0000-000000331C4E}
T{00000000-0000-0000-0000-000000339E52}
T{00000000-0000-0000-0000-00000020680E}
T{00000000-0000-0000-0000-00000020AE43}
T{00000000-0000-0000-0000-00000016C3F8}
T{00000000-0000-0000-0000-00000003AD15}
T{00000000-0000-0000-0000-0000002D609F}
T{00000000-0000-0000-0000-00000028200A}
T{00000000-0000-0000-0000-0000000A1515}
T{00000000-0000-0000-0000-00000027B864}
T{00000000-0000-0000-0000-0000000DA228}
T{00000000-0000-0000-0000-0000000FB28B}
F{00000000-0000-0000-0000-000000132C5C}
T{00000000-0000-0000-0000-000000243451}
T{00000000-0000-0000-0000-00000022D505}
T{00000000-0000-0000-0000-0000001388C0}
T{00000000-0000-0000-0000-000000187E3A}
T{00000000-0000-0000-0000-000000037C4F}
F{00000000-0000-0000-0000-00000025B34A}
T{00000000-0000-0000-0000-0000000555AD}
T{00000000-0000-0000-0000-000000101990}
T{00000000-0000-0000-0000-0000001E97E7}
T{00000000-0000-0000-0000-000000120E6F}
T{00000000-0000-0000-0000-0000001BD339}
T{00000000-0000-0000-0000-000000048C72}
F{00000000-0000-0000-0000-000000009FD6}
T{00000000-0000-0000-0000-0000000719B7}
T{00000000-0000-0000-0000-0000001E3272}
T{00000000-0000-0000-0000-00000021E0C8}
T{00000000-0000-0000-0000-0000001D0CB8}
T{00000000-0000-0000-0000-000000175759}
T{00000000-0000-0000-0000-000000316D33}
T{00000000-0000-0000-0000-000000004029}
T{00000000-0000-0000-0000-000000066FBC}
T{00000000-0000-0000-0000-00000011A03A}
T{00000000-0000-0000-0000-000000288489}
T{00000000-0000-0000-0000-000000119F4A}
T{00000000-0000-0000-0000-0000001480CF}
T{00000000-0000-0000-0000-00000009BD2B}
F{00000000-0000-0000-0000-000000108BD7}
T{00000000-0000-0000-0000-00000012EA12}
T{00000000-0000-0000-0000-00000021D4F3}
F{00000000-0000-0000-0000-00000024C09B}
T{00000000-0000-0000-0000-000000063D05}
F{00000000-0000-0000-0000-00000021056F}
T{00000000-0000-0000-0000-0000000C455E}
F{00000000-0000-0000-0000-0000002C69FD}
T{00000000-0000-0000-0000-0000001ABD3E}
T{00000000-0000-0000-0000-0000001C6675}
T{00000000-0000-0000-0000-000000028813}
T{00000000-0000-0000-0000-000000110742}
T{00000000-0000-0000-0000-000000148E33}
T{00000000-0000-0000-0000-00000011A9FB}
T{00000000-0000-0000-0000-0000002B2399}
T{00000000-0000-0000-0000-0000002AEFB3}
T{00000000-0000-0000-0000-0000002D9FD8}
T{00000000-0000-0000-0000-00000000F3F5}
T{00000000-0000-0000-0000-00000032C032}
T{00000000-0000-0000-0000-0000002B2399}
T{00000000-0000-0000-0000-00000027893E}
T{00000000-0000-0000-0000-000000291F5A}
T{00000000-0000-0000-0000-000000051CC8}
T{00000000-0000-0000-0000-0000002FB157}
T{00000000-0000-0000-0000-0000000029E2}
T{00000000-0000-0000-0000-000000078C7B}
T{00000000-0000-0000-0000-0000000917E0}
T{00000000-0000-0000-0000-000000009735}
F{00000000-0000-0000-0000-000000069F05}
T{00000000-0000-0000-0000-000000031925}
T{00000000-0000-0000-0000-0000000CB9EE}
F{00000000-0000-0000-0000-0000003334D3}
T{00000000-0000-0000-0000-0000002F225F}
T{00000000-0000-0000-0000-000000114497}
T{00000000-0000-0000-0000-0000001A9841}
T{00000000-0000-0000-0000-0000001FFC00}
T{00000000-0000-0000-0000-000000036272}
T{00000000-0000-0000-0000-0000000B01FE}
T{00000000-0000-0000-0000-000000154A0A}
T{00000000-0000-0000-0000-00000033C6A6}
T{00000000-0000-0000-0000-000000138472}
T{00000000-0000-0000-0000-000000299425}
T{00000000-0000-0000-0000-000000202AA1}
T{00000000-0000-0000-0000-0000000F3CC2}
F{00000000-0000-0000-0000-00000009E1BD}
T{00000000-0000-0000-0000-00000023DB2C}
T{00000000-0000-0000-0000-0000000F17DD}
T{00000000-0000-0000-0000-00000018B369}
T{00000000-0000-0000-0000-0000002B3402}
T{00000000-0000-0000-0000-000000290B0D}
T{00000000-0000-0000-0000-0000001C3E74}
T{00000000-0000-0000-0000-0000000CFC71}
T{00000000-0000-0000-0000-0000001BE6D6}
T{00000000-0000-0000-0000-00000012A5C2}
T{00000000-0000-0000-0000-000000265352}
T{00000000-0000-0000-0000-000000171CEF}
F{00000000-0000-0000-0000-00000024CEA5}
T{00000000-0000-0000-0000-00000011A8BF}
T{00000000-0000-0000-0000-0000000FBB2F}
T{00000000-0000-0000-0000-0000003359F8}
T{00000000-0000-0000-0000-0000002BF197}
F{00000000-0000-0000-0000-0000000F84E7}
T{00000000-0000-0000-0000-000000158C39}
T{00000000-0000-0000-0000-0000000648F6}
T{00000000-0000-0000-0000-000000032BCD}
T{00000000-0000-0000-0000-0000000B0FC2}
T{00000000-0000-0000-0000-00000021C57A}
T{00000000-0000-0000-0000-00000021A404}
T{00000000-0000-0000-0000-00000017E399}
T{00000000-0000-0000-0000-00000021E781}
F{00000000-0000-0000-0000-0000000A1C51}
T{00000000-0000-0000-0000-0000002FD349}
T{00000000-0000-0000-0000-000000115D63}
T{00000000-0000-0000-0000-00000015A9E4}
T{00000000-0000-0000-0000-000000296A75}
T{00000000-0000-0000-0000-0000002443C7}
T{00000000-0000-0000-0000-0000002341E9}
T{00000000-0000-0000-0000-000000288328}
T{00000000-0000-0000-0000-0000000D9CC7}
T{00000000-0000-0000-0000-0000001229E1}
T{00000000-0000-0000-0000-000000240263}
T{00000000-0000-0000-0000-0000002442CE}
T{00000000-0000-0000-0000-0000002805D1}
T{00000000-0000-0000-0000-0000000B38BF}
T{00000000-0000-0000-0000-000000246168}
T{00000000-0000-0000-0000-000000070FFB}
T{00000000-0000-0000-0000-00000016ADC0}
T{00000000-0000-0000-0000-000000312E16}
F{00000000-0000-0000-0000-0000002FB5A8}
T{00000000-0000-0000-0000-0000002C167F}
T{00000000-0000-0000-0000-00000020C352}
T{00000000-0000-0000-0000-0000000A535F}
T{00000000-0000-0000-0000-0000002CABB9}
T{00000000-0000-0000-0000-00000026173B}
T{00000000-0000-0000-0000-00000023D51A}
T{00000000-0000-0000-0000-0000000A2413}
T{00000000-0000-0000-0000-0000002AC137}
T{00000000-0000-0000-0000-00000016D726}
T{00000000-0000-0000-0000-00000030D97F}
T{00000000-0000-0000-0000-000000264A9A}
T{00000000-0000-0000-0000-00000007F070}
T{00000000-0000-0000-0000-00000002D1B7}
T{00000000-0000-0000-0000-0000002821FA}
T{00000000-0000-0000-0000-000000209A2F}
T{00000000-0000-0000-0000-0000000F9D10}
T{00000000-0000-0000-0000-0000000F84E7}
T{00000000-0000-0000-0000-000000291868}
T{00000000-0000-0000-0000-00000002D1B7}
F{00000000-0000-0000-0000-00000017EF5B}
T{00000000-0000-0000-0000-00000028544E}
T{00000000-0000-0000-0000-0000001940D5}
T{00000000-0000-0000-0000-000000215905}
T{00000000-0000-0000-0000-0000002B6D6F}
T{00000000-0000-0000-0000-0000001E918D}
T{00000000-0000-0000-0000-00000026928C}
T{00000000-0000-0000-0000-0000003328D0}
T{00000000-0000-0000-0000-000000074C2A}
T{00000000-0000-0000-0000-00000012EA56}
T{00000000-0000-0000-0000-0000002B5962}
T{00000000-0000-0000-0000-000000152BA5}
T{00000000-0000-0000-0000-000000195B1E}
T{00000000-0000-0000-0000-000000086203}
T{00000000-0000-0000-0000-000000132C5C}
T{00000000-0000-0000-0000-0000001FAFBC}
T{00000000-0000-0000-0000-0000001D3B40}
T{00000000-0000-0000-0000-0000000B178F}
T{00000000-0000-0000-0000-0000000EE1FB}
T{00000000-0000-0000-0000-0000002A0D85}
T{00000000-0000-0000-0000-000000173418}
T{00000000-0000-0000-0000-000000321513}
T{00000000-0000-0000-0000-0000000FBAC1}
T{00000000-0000-0000-0000-0000001719BD}
T{00000000-0000-0000-0000-0000002443C7}
T{00000000-0000-0000-0000-00000017E399}
T{00000000-0000-0000-0000-000000031B83}
T{00000000-0000-0000-0000-0000000C020D}
T{00000000-0000-0000-0000-0000001ECB6E}
T{00000000-0000-0000-0000-0000001BD339}
T{00000000-0000-0000-0000-0000001974CD}
T{00000000-0000-0000-0000-00000029F71D}
T{00000000-0000-0000-0000-00000030629C}
T{00000000-0000-0000-0000-000000168037}
F{00000000-0000-0000-0000-000000137926}
T{00000000-0000-0000-0000-000000029872}
T{00000000-0000-0000-0000-00000005F74F}
T{00000000-0000-0000-0000-00000024BF48}
T{00000000-0000-0000-0000-0000001F133A}
F{00000000-0000-0000-0000-000000259F1C}
T{00000000-0000-0000-0000-0000000B7C18}
T{00000000-0000-0000-0000-0000002FB5A8}
T{00000000-0000-0000-0000-0000002C5C17}
T{00000000-0000-0000-0000-000000048DA0}
T{00000000-0000-0000-0000-000000320CC9}
T{00000000-0000-0000-0000-0000000FAFFA}
T{00000000-0000-0000-0000-0000001A63ED}
T{00000000-0000-0000-0000-00000013152B}
T{00000000-0000-0000-0000-00000030858D}
T{00000000-0000-0000-0000-00000004DB4B}
T{00000000-0000-0000-0000-000000041749}
T{00000000-0000-0000-0000-00000013F4AB}
T{00000000-0000-0000-0000-0000003069FA}
T{00000000-0000-0000-0000-00000028544E}
T{00000000-0000-0000-0000-000000202AA1}
T{00000000-0000-0000-0000-00000025D2A9}
T{00000000-0000-0000-0000-00000016D079}
T{00000000-0000-0000-0000-0000002B98FA}
T{00000000-0000-0000-0000-00000029EB16}
T{00000000-0000-0000-0000-000000302A71}
T{00000000-0000-0000-0000-00000007A90A}
T{00000000-0000-0000-0000-0000002CE1D1}
T{00000000-0000-0000-0000-00000026788B}
T{00000000-0000-0000-0000-00000009CEC6}
T{00000000-0000-0000-0000-0000001F2D3C}
T{00000000-0000-0000-0000-000000191AFB}
T{00000000-0000-0000-0000-0000002C49B6}
T{00000000-0000-0000-0000-00000003CC86}
T{00000000-0000-0000-0000-00000011EAE1}
T{00000000-0000-0000-0000-0000000CEF32}
T{00000000-0000-0000-0000-0000000C1231}
F{00000000-0000-0000-0000-000000040787}
T{00000000-0000-0000-0000-0000002EBB16}
T{00000000-0000-0000-0000-0000001AAFD0}
T{00000000-0000-0000-0000-00000032F66F}
T{00000000-0000-0000-0000-0000003232BF}
T{00000000-0000-0000-0000-000000268E64}
T{00000000-0000-0000-0000-000000212CBD}
T{00000000-0000-0000-0000-00000026E246}
T{00000000-0000-0000-0000-00000016B7BB}
T{00000000-0000-0000-0000-0000002CAA9B}
T{00000000-0000-0000-0000-0000002ACA97}
T{00000000-0000-0000-0000-0000000BC544}
T{00000000-0000-0000-0000-0000002FD32B}
T{00000000-0000-0000-0000-0000000FBAC1}
T{00000000-0000-0000-0000-0000001BC8A9}
T{00000000-0000-0000-0000-000000044B81}
T{00000000-0000-0000-0000-000000110742}
T{00000000-0000-0000-0000-00000022FC35}
T{00000000-0000-0000-0000-00000030E621}
T{00000000-0000-0000-0000-0000002804AC}
T{00000000-0000-0000-0000-0000001AF722}
T{00000000-0000-0000-0000-000000220B3D}
T{00000000-0000-0000-0000-0000001A534C}
T{00000000-0000-0000-0000-00000015E1CE}
T{00000000-0000-0000-0000-000000204483}
T{00000000-0000-0000-0000-00000007E058}
T{00000000-0000-0000-0000-0000002AE3DC}
T{00000000-0000-0000-0000-0000001007FB}
T{00000000-0000-0000-0000-0000002E9D90}
F{00000000-0000-0000-0000-0000000A0350}
T{00000000-0000-0000-0000-00000028988B}
T{00000000-0000-0000-0000-00000007523C}
T{00000000-0000-0000-0000-0000000555AD}
T{00000000-0000-0000-0000-0000000E64AE}
T{00000000-0000-0000-0000-0000003265F7}
T{00000000-0000-0000-0000-00000023D1EE}
T{00000000-0000-0000-0000-00000027CCB1}
T{00000000-0000-0000-0000-0000001C3E74}
T{00000000-0000-0000-0000-0000001BEEF3}
F{00000000-0000-0000-0000-000000086CA1}
T{00000000-0000-0000-0000-0000001D3B91}
T{00000000-0000-0000-0000-00000011659A}
T{00000000-0000-0000-0000-0000000AFFEF}
T{00000000-0000-0000-0000-0000000081B9}
T{00000000-0000-0000-0000-00000003F625}
T{00000000-0000-0000-0000-00000018CD3C}
T{00000000-0000-0000-0000-0000001B6EF6}
T{00000000-0000-0000-0000-0000002627FA}
