F{00000000-0000-0000-0000-0000001A177D}
F{00000000-0000-0000-0000-0000000FBBC4}
F{00000000-0000-0000-0000-0000000B66A6}
F{00000000-0000-0000-0000-00000016DEE7}
F{00000000-0000-0000-0000-0000000358BE}
F{00000000-0000-0000-0000-00000032E65E}
F{00000000-0000-0000-0000-0000000B1BD6}
T{00000000-0000-0000-0000-000000034590}
F{00000000-0000-0000-0000-0000001D500E}
F{00000000-0000-0000-0000-000000106A2C}
F{00000000-0000-0000-0000-000000146BB2}
F{00000000-0000-0000-0000-0000000D0B0E}
F{00000000-0000-0000-0000-0000002FEC1E}
F{00000000-0000-0000-0000-0000002E3AB2}
F{00000000-0000-0000-0000-00000014E04A}
F{00000000-0000-0000-0000-00000022E477}
F{00000000-0000-0000-0000-000000040075}
F{00000000-0000-0000-0000-0000001D398B}
F{00000000-0000-0000-0000-00000002FF57}
F{00000000-0000-0000-0000-0000001A8886}
F{00000000-0000-0000-0000-0000000F4FE6}
F{00000000-0000-0000-0000-00000009BAD7}
F{00000000-0000-0000-0000-0000002B494C}
T{00000000-0000-0000-0000-00000002C833}
F{00000000-0000-0000-0000-000000060817}
F{00000000-0000-0000-0000-0000000A2D06}
F{00000000-0000-0000-0000-00000011D6C2}
T{00000000-0000-0000-0000-00000002B751}
F{00000000-0000-0000-0000-000000108B3B}
F{00000000-0000-0000-0000-00000027289F}
F{00000000-0000-0000-0000-000000210458}
F{00000000-0000-0000-0000-0000000ABCBF}
F{00000000-0000-0000-0000-0000002F0787}
F{00000000-0000-0000-0000-00000022F0AA}
F{00000000-0000-0000-0000-00000033C0DE}
F{00000000-0000-0000-0000-00000009D428}
T{00000000-0000-0000-0000-0000002390CE}
F{00000000-0000-0000-0000-000000028B7A}
T{00000000-0000-0000-0000-0000000A5753}
F{00000000-0000-0000-0000-00000003E599}
F{00000000-0000-0000-0000-00000031EBC3}
F{00000000-0000-0000-0000-00000030694D}
F{00000000-0000-0000-0000-000000020F85}
F{00000000-0000-0000-0000-000000075EAF}
F{00000000-0000-0000-0000-000000222774}
F{00000000-0000-0000-0000-00000016C567}
F{00000000-0000-0000-0000-000000090229}
F{00000000-0000-0000-0000-00000006273D}
F{00000000-0000-0000-0000-000000122CB0}
F{00000000-0000-0000-0000-00000012AF34}
F{00000000-0000-0000-0000-0000000AE099}
F{00000000-0000-0000-0000-00000007E3BE}
F{00000000-0000-0000-0000-000000041967}
F{00000000-0000-0000-0000-0000000C6B65}
F{00000000-0000-0000-0000-00000008179C}
F{00000000-0000-0000-0000-000000019910}
F{00000000-0000-0000-0000-000000061C56}
F{00000000-0000-0000-0000-000000018C66}
F{00000000-0000-0000-0000-00000009F26B}
F{00000000-0000-0000-0000-000000132F5E}
F{00000000-0000-0000-0000-0000002B0555}
F{00000000-0000-0000-0000-00000033629C}
F{00000000-0000-0000-0000-000000099302}
F{00000000-0000-0000-0000-000000062238}
F{00000000-0000-0000-0000-000000011C79}
F{00000000-0000-0000-0000-0000002C418E}
F{00000000-0000-0000-0000-000000304C1E}
F{00000000-0000-0000-0000-000000030FAE}
F{00000000-0000-0000-0000-00000005FF3F}
F{00000000-0000-0000-0000-00000003496E}
F{00000000-0000-0000-0000-000000060468}
F{00000000-0000-0000-0000-0000001278AF}
F{00000000-0000-0000-0000-0000000A8C33}
F{00000000-0000-0000-0000-00000027EFDF}
F{00000000-0000-0000-0000-00000025482D}
F{00000000-0000-0000-0000-0000000567C5}
F{00000000-0000-0000-0000-0000000ABD11}
F{00000000-0000-0000-0000-000000177868}
F{00000000-0000-0000-0000-0000000C5D03}
F{00000000-0000-0000-0000-0000000BBAF7}
F{00000000-0000-0000-0000-0000002D5353}
F{00000000-0000-0000-0000-000000219EFE}
F{00000000-0000-0000-0000-000000046E22}
F{00000000-0000-0000-0000-00000032E6F6}
F{00000000-0000-0000-0000-000000099D5D}
F{00000000-0000-0000-0000-00000025C115}
F{00000000-0000-0000-0000-00000032E859}
F{00000000-0000-0000-0000-000000007910}
F{00000000-0000-0000-0000-0000000604DA}
T{00000000-0000-0000-0000-0000000876F9}
F{00000000-0000-0000-0000-0000000B1846}
F{00000000-0000-0000-0000-00000022664D}
F{00000000-0000-0000-0000-000000029DB2}
T{00000000-0000-0000-0000-00000026A490}
F{00000000-0000-0000-0000-000000041E64}
F{00000000-0000-0000-0000-00000016BA6A}
F{00000000-0000-0000-0000-00000005EE69}
F{00000000-0000-0000-0000-0000001E35CC}
F{00000000-0000-0000-0000-0000002CEF50}
F{00000000-0000-0000-0000-0000001672E1}
T{00000000-0000-0000-0000-00000015621C}
T{00000000-0000-0000-0000-0000002D3E8C}
T{00000000-0000-0000-0000-0000000313D3}
T{00000000-0000-0000-0000-0000002D3FCA}
T{00000000-0000-0000-0000-000000325B65}
T{00000000-0000-0000-0000-0000002ED01C}
T{00000000-0000-0000-0000-0000000802A5}
T{00000000-0000-0000-0000-0000002F51EC}
T{00000000-0000-0000-0000-0000002F9A2C}
T{00000000-0000-0000-0000-000000103047}
T{00000000-0000-0000-0000-000000086CA1}
T{00000000-0000-0000-0000-000000026CA8}
T{00000000-0000-0000-0000-0000001F00C0}
T{00000000-0000-0000-0000-000000153240}
T{00000000-0000-0000-0000-0000002B6C6B}
T{00000000-0000-0000-0000-0000001C2ED2}
T{00000000-0000-0000-0000-000000273331}
T{00000000-0000-0000-0000-0000001DE519}
T{00000000-0000-0000-0000-00000001B1A2}
T{00000000-0000-0000-0000-0000001DDA89}
T{00000000-0000-0000-0000-00000031A727}
T{00000000-0000-0000-0000-000000126161}
T{00000000-0000-0000-0000-00000020F379}
T{00000000-0000-0000-0000-0000001FAE7E}
T{00000000-0000-0000-0000-0000001243DE}
T{00000000-0000-0000-0000-000000101B79}
T{00000000-0000-0000-0000-0000000A88AD}
T{00000000-0000-0000-0000-0000000C6E22}
T{00000000-0000-0000-0000-00000009D30D}
T{00000000-0000-0000-0000-0000001C07B2}
T{00000000-0000-0000-0000-00000010DF30}
T{00000000-0000-0000-0000-00000009551A}
T{00000000-0000-0000-0000-0000000FAA12}
T{00000000-0000-0000-0000-0000000CE30D}
T{00000000-0000-0000-0000-00000016A7C2}
T{00000000-0000-0000-0000-00000032A94B}
F{00000000-0000-0000-0000-0000000CDD4D}
T{00000000-0000-0000-0000-00000009747B}
T{00000000-0000-0000-0000-000000314AA2}
T{00000000-0000-0000-0000-0000002BD718}
T{00000000-0000-0000-0000-0000002C6BF5}
T{00000000-0000-0000-0000-0000002A6596}
T{00000000-0000-0000-0000-00000021056F}
T{00000000-0000-0000-0000-00000010927E}
T{00000000-0000-0000-0000-00000013FE32}
F{00000000-0000-0000-0000-000000104584}
T{00000000-0000-0000-0000-00000006CFEC}
T{00000000-0000-0000-0000-0000002ECB26}
T{00000000-0000-0000-0000-0000000C9895}
T{00000000-0000-0000-0000-000000023EC7}
T{00000000-0000-0000-0000-00000017FF51}
T{00000000-0000-0000-0000-0000001DA755}
F{00000000-0000-0000-0000-0000000D0DDB}
T{00000000-0000-0000-0000-0000000A896C}
T{00000000-0000-0000-0000-0000001FA5E4}
T{00000000-0000-0000-0000-00000026BE73}
T{00000000-0000-0000-0000-0000001684A9}
T{00000000-0000-0000-0000-00000033627A}
T{00000000-0000-0000-0000-0000001C2990}
T{00000000-0000-0000-0000-0000000FA0F7}
T{00000000-0000-0000-0000-0000000FDB15}
T{00000000-0000-0000-0000-00000021CF71}
T{00000000-0000-0000-0000-0000002D3E8C}
T{00000000-0000-0000-0000-0000000E76FF}
T{00000000-0000-0000-0000-0000002ADD6F}
T{00000000-0000-0000-0000-000000008111}
T{00000000-0000-0000-0000-000000309BAE}
T{00000000-0000-0000-0000-0000000FCF04}
T{00000000-0000-0000-0000-0000000496F9}
T{00000000-0000-0000-0000-000000264C56}
T{00000000-0000-0000-0000-000000222D8F}
T{00000000-0000-0000-0000-000000073B05}
T{00000000-0000-0000-0000-0000001430A3}
T{00000000-0000-0000-0000-0000002ADD6F}
T{00000000-0000-0000-0000-000000092F5A}
T{00000000-0000-0000-0000-00000026F0BD}
T{00000000-0000-0000-0000-0000000D974F}
T{00000000-0000-0000-0000-000000086CA1}
T{00000000-0000-0000-0000-000000119542}
T{00000000-0000-0000-0000-0000000FBBF4}
T{00000000-0000-0000-0000-00000024BF7A}
T{00000000-0000-0000-0000-00000011E78D}
T{00000000-0000-0000-0000-000000119E8F}
T{00000000-0000-0000-0000-000000270693}
T{00000000-0000-0000-0000-0000002FC356}
T{00000000-0000-0000-0000-00000019FBC7}
T{00000000-0000-0000-0000-00000021C57A}
T{00000000-0000-0000-0000-0000002D65F5}
T{00000000-0000-0000-0000-000000018FBC}
T{00000000-0000-0000-0000-000000248637}
T{00000000-0000-0000-0000-000000008111}
T{00000000-0000-0000-0000-00000006CBEB}
T{00000000-0000-0000-0000-00000011AAE4}
T{00000000-0000-0000-0000-000000146CB4}
T{00000000-0000-0000-0000-00000001CA77}
T{00000000-0000-0000-0000-000000332DE4}
T{00000000-0000-0000-0000-0000001D7D61}
T{00000000-0000-0000-0000-000000331C4E}
T{00000000-0000-0000-0000-00000009D32C}
T{00000000-0000-0000-0000-0000002836BF}
T{00000000-0000-0000-0000-000000081A30}
T{00000000-0000-0000-0000-00000013567B}
T{00000000-0000-0000-0000-00000022672C}
T{00000000-0000-0000-0000-0000002D3ED8}
T{00000000-0000-0000-0000-0000000EE1D3}
T{00000000-0000-0000-0000-0000002D06C5}
T{00000000-0000-0000-0000-0000002AD8C9}
T{00000000-0000-0000-0000-00000026F0BD}
T{00000000-0000-0000-0000-000000098503}
T{00000000-0000-0000-0000-00000015781E}
T{00000000-0000-0000-0000-000000059D2F}
T{00000000-0000-0000-0000-000000044047}
T{00000000-0000-0000-0000-000000026CA8}
T{00000000-0000-0000-0000-000000310439}
T{00000000-0000-0000-0000-00000022E20C}
T{00000000-0000-0000-0000-000000248637}
T{00000000-0000-0000-0000-000000039812}
T{00000000-0000-0000-0000-0000001A12AD}
T{00000000-0000-0000-0000-0000002C99F1}
T{00000000-0000-0000-0000-00000031E96F}
T{00000000-0000-0000-0000-000000031C04}
T{00000000-0000-0000-0000-000000335DBD}
T{00000000-0000-0000-0000-00000027F124}
T{00000000-0000-0000-0000-0000001C2ED2}
T{00000000-0000-0000-0000-0000000FAA12}
T{00000000-0000-0000-0000-0000002F8174}
T{00000000-0000-0000-0000-0000000C46EE}
T{00000000-0000-0000-0000-0000000A0843}
T{00000000-0000-0000-0000-0000000E4A06}
T{00000000-0000-0000-0000-0000001450FF}
T{00000000-0000-0000-0000-0000001BDF33}
T{00000000-0000-0000-0000-000000171CEF}
T{00000000-0000-0000-0000-0000001DDEB2}
T{00000000-0000-0000-0000-0000001D56BB}
T{00000000-0000-0000-0000-0000001D0611}
T{00000000-0000-0000-0000-000000201834}
T{00000000-0000-0000-0000-0000002E9779}
T{00000000-0000-0000-0000-00000016D8EC}
T{00000000-0000-0000-0000-0000000310A3}
T{00000000-0000-0000-0000-0000000936A7}
T{00000000-0000-0000-0000-00000031A5D4}
T{00000000-0000-0000-0000-0000000D2841}
T{00000000-0000-0000-0000-00000011E78D}
T{00000000-0000-0000-0000-00000026D7AA}
T{00000000-0000-0000-0000-000000116328}
T{00000000-0000-0000-0000-000000243F02}
T{00000000-0000-0000-0000-0000000081C6}
T{00000000-0000-0000-0000-0000001AB478}
T{00000000-0000-0000-0000-000000270685}
T{00000000-0000-0000-0000-0000002F5968}
T{00000000-0000-0000-0000-000000050381}
T{00000000-0000-0000-0000-0000000F2462}
T{00000000-0000-0000-0000-000000077D94}
T{00000000-0000-0000-0000-00000010DF30}
T{00000000-0000-0000-0000-000000141B67}
T{00000000-0000-0000-0000-0000000D0A5A}
T{00000000-0000-0000-0000-000000152F2F}
T{00000000-0000-0000-0000-0000000346B7}
T{00000000-0000-0000-0000-0000001F007B}
T{00000000-0000-0000-0000-00000029229E}
T{00000000-0000-0000-0000-0000002AAF34}
T{00000000-0000-0000-0000-0000002AE431}
T{00000000-0000-0000-0000-0000000936A7}
T{00000000-0000-0000-0000-0000000F2462}
T{00000000-0000-0000-0000-000000243F02}
T{00000000-0000-0000-0000-000000224301}
T{00000000-0000-0000-0000-0000000081C6}
T{00000000-0000-0000-0000-0000002C7A73}
T{00000000-0000-0000-0000-0000000FA0F7}
T{00000000-0000-0000-0000-000000014DE2}
T{00000000-0000-0000-0000-00000023F6C0}
T{00000000-0000-0000-0000-00000030C798}
T{00000000-0000-0000-0000-0000000BCA0B}
T{00000000-0000-0000-0000-0000000EC5E2}
T{00000000-0000-0000-0000-0000001D7F60}
T{00000000-0000-0000-0000-0000001577FA}
T{00000000-0000-0000-0000-000000031C04}
T{00000000-0000-0000-0000-00000011BBB3}
T{00000000-0000-0000-0000-0000000FCF04}
T{00000000-0000-0000-0000-0000000160B6}
T{00000000-0000-0000-0000-00000013E943}
T{00000000-0000-0000-0000-000000267D6D}
T{00000000-0000-0000-0000-0000001E85DF}
T{00000000-0000-0000-0000-0000000ED161}
T{00000000-0000-0000-0000-0000000949E1}
T{00000000-0000-0000-0000-000000149694}
F{00000000-0000-0000-0000-0000001FBE4B}
T{00000000-0000-0000-0000-0000002961D2}
T{00000000-0000-0000-0000-000000318A4E}
T{00000000-0000-0000-0000-0000001A46E2}
T{00000000-0000-0000-0000-0000001D04D5}
T{00000000-0000-0000-0000-0000002CF029}
F{00000000-0000-0000-0000-0000002A63DB}
T{00000000-0000-0000-0000-000000077D94}
T{00000000-0000-0000-0000-000000023EC7}
T{00000000-0000-0000-0000-00000023DA46}
T{00000000-0000-0000-0000-000000272ACA}
T{00000000-0000-0000-0000-000000165DB9}
F{00000000-0000-0000-0000-00000007557D}
T{00000000-0000-0000-0000-0000000BF856}
T{00000000-0000-0000-0000-000000092F5A}
T{00000000-0000-0000-0000-000000171022}
T{00000000-0000-0000-0000-0000000506BF}
T{00000000-0000-0000-0000-0000002122E5}
F{00000000-0000-0000-0000-0000002CABB9}
T{00000000-0000-0000-0000-00000029B95B}
T{00000000-0000-0000-0000-000000007AE4}
T{00000000-0000-0000-0000-0000000E4F3E}
T{00000000-0000-0000-0000-00000000740B}
T{00000000-0000-0000-0000-000000069F05}
T{00000000-0000-0000-0000-0000001198E7}
T{00000000-0000-0000-0000-000000028FB1}
T{00000000-0000-0000-0000-00000009F415}
T{00000000-0000-0000-0000-0000000C34F2}
T{00000000-0000-0000-0000-0000001BBE21}
T{00000000-0000-0000-0000-0000000AC358}
T{00000000-0000-0000-0000-000000027825}
T{00000000-0000-0000-0000-00000018264F}
T{00000000-0000-0000-0000-0000002A48F9}
T{00000000-0000-0000-0000-0000002D3ED8}
T{00000000-0000-0000-0000-00000032EAE8}
T{00000000-0000-0000-0000-00000028335F}
T{00000000-0000-0000-0000-000000318A4E}
T{00000000-0000-0000-0000-000000052240}
T{00000000-0000-0000-0000-00000011BF80}
T{00000000-0000-0000-0000-00000020AB9B}
T{00000000-0000-0000-0000-00000032F8C0}
T{00000000-0000-0000-0000-00000021F0C7}
T{00000000-0000-0000-0000-0000000A0843}
T{00000000-0000-0000-0000-000000136382}
T{00000000-0000-0000-0000-0000001FACE7}
F{00000000-0000-0000-0000-00000031941A}
T{00000000-0000-0000-0000-000000253DA3}
T{00000000-0000-0000-0000-00000013500B}
T{00000000-0000-0000-0000-00000003193E}
T{00000000-0000-0000-0000-0000002007A4}
T{00000000-0000-0000-0000-000000116328}
T{00000000-0000-0000-0000-00000004667E}
T{00000000-0000-0000-0000-0000001328AC}
T{00000000-0000-0000-0000-00000024CEA5}
T{00000000-0000-0000-0000-000000173418}
T{00000000-0000-0000-0000-000000335DBD}
T{00000000-0000-0000-0000-00000004D2CD}
T{00000000-0000-0000-0000-000000014EC4}
F{00000000-0000-0000-0000-0000002FF4A5}
T{00000000-0000-0000-0000-00000008E332}
T{00000000-0000-0000-0000-00000011BF80}
T{00000000-0000-0000-0000-000000263535}
T{00000000-0000-0000-0000-0000001533CE}
T{00000000-0000-0000-0000-000000031C04}
T{00000000-0000-0000-0000-000000067499}
T{00000000-0000-0000-0000-000000254EB3}
T{00000000-0000-0000-0000-0000002F01A0}
T{00000000-0000-0000-0000-000000273789}
T{00000000-0000-0000-0000-000000331555}
T{00000000-0000-0000-0000-0000000D58E1}
T{00000000-0000-0000-0000-000000031801}
T{00000000-0000-0000-0000-00000019FBC7}
T{00000000-0000-0000-0000-000000202FBE}
T{00000000-0000-0000-0000-000000023EC7}
T{00000000-0000-0000-0000-00000009C060}
T{00000000-0000-0000-0000-00000025905F}
T{00000000-0000-0000-0000-0000000ECD5A}
T{00000000-0000-0000-0000-0000002CF090}
T{00000000-0000-0000-0000-000000253E30}
T{00000000-0000-0000-0000-000000039782}
T{00000000-0000-0000-0000-000000120E6F}
T{00000000-0000-0000-0000-0000000949E1}
T{00000000-0000-0000-0000-0000001E33D1}
T{00000000-0000-0000-0000-00000015A7A1}
T{00000000-0000-0000-0000-000000165DB9}
T{00000000-0000-0000-0000-00000021DCD3}
T{00000000-0000-0000-0000-000000253ACD}
T{00000000-0000-0000-0000-000000259726}
T{00000000-0000-0000-0000-000000024B82}
T{00000000-0000-0000-0000-00000029AF83}
T{00000000-0000-0000-0000-00000013CEC9}
T{00000000-0000-0000-0000-0000000FF4FE}
T{00000000-0000-0000-0000-000000071997}
T{00000000-0000-0000-0000-0000002D3E8C}
T{00000000-0000-0000-0000-0000001D7D61}
T{00000000-0000-0000-0000-0000001DDEB2}
T{00000000-0000-0000-0000-000000215FCE}
T{00000000-0000-0000-0000-0000001D5827}
T{00000000-0000-0000-0000-00000032A94B}
T{00000000-0000-0000-0000-00000000F531}
T{00000000-0000-0000-0000-0000002F5968}
T{00000000-0000-0000-0000-00000013567B}
T{00000000-0000-0000-0000-00000016E14D}
F{00000000-0000-0000-0000-0000000D0DDB}
F{00000000-0000-0000-0000-0000000DAB70}
T{00000000-0000-0000-0000-0000002BDE07}
T{00000000-0000-0000-0000-00000019A599}
T{00000000-0000-0000-0000-00000033627A}
T{00000000-0000-0000-0000-000000196D74}
T{00000000-0000-0000-0000-00000004440B}
T{00000000-0000-0000-0000-00000012B243}
T{00000000-0000-0000-0000-000000023EC7}
T{00000000-0000-0000-0000-000000165EB8}
T{00000000-0000-0000-0000-00000001271F}
T{00000000-0000-0000-0000-00000011EFD7}
T{00000000-0000-0000-0000-000000209B55}
T{00000000-0000-0000-0000-0000002D08BD}
T{00000000-0000-0000-0000-0000002E31B8}
T{00000000-0000-0000-0000-00000001B108}
T{00000000-0000-0000-0000-0000001AC3FD}
T{00000000-0000-0000-0000-000000008111}
T{00000000-0000-0000-0000-000000210D1D}
T{00000000-0000-0000-0000-00000032A94B}
T{00000000-0000-0000-0000-0000002CF090}
T{00000000-0000-0000-0000-000000171022}
T{00000000-0000-0000-0000-0000002B0739}
T{00000000-0000-0000-0000-00000006D67D}
T{00000000-0000-0000-0000-00000022E20C}
T{00000000-0000-0000-0000-0000002DF413}
T{00000000-0000-0000-0000-0000002FC5A9}
T{00000000-0000-0000-0000-000000044047}
T{00000000-0000-0000-0000-000000314C0E}
T{00000000-0000-0000-0000-000000029B90}
T{00000000-0000-0000-0000-00000013EF88}
T{00000000-0000-0000-0000-00000031A5D4}
T{00000000-0000-0000-0000-000000171CEF}
F{00000000-0000-0000-0000-000000036030}
T{00000000-0000-0000-0000-000000330FA2}
T{00000000-0000-0000-0000-0000002EEF35}
T{00000000-0000-0000-0000-00000026EE19}
T{00000000-0000-0000-0000-000000113C40}
T{00000000-0000-0000-0000-0000000EA96F}
T{00000000-0000-0000-0000-00000009E3D7}
T{00000000-0000-0000-0000-00000029E94B}
T{00000000-0000-0000-0000-000000165EB8}
T{00000000-0000-0000-0000-00000026601E}
T{00000000-0000-0000-0000-00000030C798}
T{00000000-0000-0000-0000-000000244B87}
T{00000000-0000-0000-0000-0000002AAF34}
T{00000000-0000-0000-0000-0000000936A7}
T{00000000-0000-0000-0000-00000017FF51}
T{00000000-0000-0000-0000-000000267527}
T{00000000-0000-0000-0000-000000044047}
T{00000000-0000-0000-0000-00000031E96F}
T{00000000-0000-0000-0000-00000009E1BD}
T{00000000-0000-0000-0000-0000000A244A}
T{00000000-0000-0000-0000-0000000FC983}
T{00000000-0000-0000-0000-000000100D87}
T{00000000-0000-0000-0000-00000032AFCF}
F{00000000-0000-0000-0000-0000000A1852}
T{00000000-0000-0000-0000-0000001ED6E0}
F{00000000-0000-0000-0000-0000000BCFC6}
T{00000000-0000-0000-0000-00000008AE60}
T{00000000-0000-0000-0000-00000015C112}
T{00000000-0000-0000-0000-00000002EF9A}
T{00000000-0000-0000-0000-0000002F2476}
F{00000000-0000-0000-0000-000000172673}
T{00000000-0000-0000-0000-00000029E2F7}
T{00000000-0000-0000-0000-000000029B90}
T{00000000-0000-0000-0000-00000032FCF7}
T{00000000-0000-0000-0000-00000013CEC9}
T{00000000-0000-0000-0000-0000001FECF2}
T{00000000-0000-0000-0000-00000004DB4B}
T{00000000-0000-0000-0000-00000010BC8E}
T{00000000-0000-0000-0000-0000001362D5}
T{00000000-0000-0000-0000-00000016816A}
T{00000000-0000-0000-0000-0000000C4AFF}
T{00000000-0000-0000-0000-00000000814D}
T{00000000-0000-0000-0000-0000001C2C6B}
F{00000000-0000-0000-0000-000000184C86}
T{00000000-0000-0000-0000-00000031E96F}
T{00000000-0000-0000-0000-0000000BE9B6}
T{00000000-0000-0000-0000-00000016A7C2}
T{00000000-0000-0000-0000-000000041749}
T{00000000-0000-0000-0000-0000000278E6}
T{00000000-0000-0000-0000-0000000B92D3}
T{00000000-0000-0000-0000-0000002D517B}
T{00000000-0000-0000-0000-00000010F40D}
T{00000000-0000-0000-0000-0000000346B7}
T{00000000-0000-0000-0000-0000003334D3}
T{00000000-0000-0000-0000-000000033863}
T{00000000-0000-0000-0000-0000002E062F}
F{00000000-0000-0000-0000-0000002009A1}
T{00000000-0000-0000-0000-0000002FC356}
T{00000000-0000-0000-0000-0000002AAAD9}
T{00000000-0000-0000-0000-000000222D8F}
T{00000000-0000-0000-0000-0000002BA367}
T{00000000-0000-0000-0000-0000002E1A4D}
T{00000000-0000-0000-0000-0000000B6F8C}
T{00000000-0000-0000-0000-0000002B448D}
T{00000000-0000-0000-0000-00000013897B}
T{00000000-0000-0000-0000-000000023EC7}
T{00000000-0000-0000-0000-0000000CF933}
T{00000000-0000-0000-0000-000000064AF0}
T{00000000-0000-0000-0000-000000090B1E}
T{00000000-0000-0000-0000-0000002BF197}
T{00000000-0000-0000-0000-0000000C6AB3}
T{00000000-0000-0000-0000-000000038479}
T{00000000-0000-0000-0000-0000000D0A5A}
F{00000000-0000-0000-0000-0000000320BD}
T{00000000-0000-0000-0000-00000011BF9A}
T{00000000-0000-0000-0000-000000243F02}
T{00000000-0000-0000-0000-0000002B678E}
T{00000000-0000-0000-0000-00000001C42B}
F{00000000-0000-0000-0000-000000213579}
F{00000000-0000-0000-0000-000000324320}
T{00000000-0000-0000-0000-0000000305DE}
T{00000000-0000-0000-0000-0000002ECB26}
T{00000000-0000-0000-0000-000000328F7B}
T{00000000-0000-0000-0000-0000000A544B}
T{00000000-0000-0000-0000-000000014EC4}
F{00000000-0000-0000-0000-0000002AE653}
T{00000000-0000-0000-0000-0000000A9245}
T{00000000-0000-0000-0000-0000001DA545}
T{00000000-0000-0000-0000-00000009C060}
T{00000000-0000-0000-0000-000000100D87}
T{00000000-0000-0000-0000-000000173418}
T{00000000-0000-0000-0000-0000002DB47C}
T{00000000-0000-0000-0000-00000002D585}
T{00000000-0000-0000-0000-000000207457}
T{00000000-0000-0000-0000-00000002D9EA}
T{00000000-0000-0000-0000-0000002A27DD}
T{00000000-0000-0000-0000-000000138FE7}
T{00000000-0000-0000-0000-000000164208}
T{00000000-0000-0000-0000-0000000D0DDB}
T{00000000-0000-0000-0000-0000000BCFC6}
T{00000000-0000-0000-0000-0000002C6554}
T{00000000-0000-0000-0000-000000330FA2}
T{00000000-0000-0000-0000-000000216360}
T{00000000-0000-0000-0000-00000019C00E}
T{00000000-0000-0000-0000-0000000D1A2C}
T{00000000-0000-0000-0000-0000001D3BAA}
T{00000000-0000-0000-0000-0000001B5D7A}
T{00000000-0000-0000-0000-000000036030}
T{00000000-0000-0000-0000-0000000C34F2}
T{00000000-0000-0000-0000-00000024BF7A}
T{00000000-0000-0000-0000-000000036030}
T{00000000-0000-0000-0000-00000010DF30}
T{00000000-0000-0000-0000-0000001BDAF9}
T{00000000-0000-0000-0000-00000029FB23}
T{00000000-0000-0000-0000-0000002963C2}
T{00000000-0000-0000-0000-0000000FCF04}
T{00000000-0000-0000-0000-000000259E3F}
T{00000000-0000-0000-0000-0000001AEC0B}
T{00000000-0000-0000-0000-00000019FBC7}
T{00000000-0000-0000-0000-000000200331}
T{00000000-0000-0000-0000-0000000B1AB9}
T{00000000-0000-0000-0000-0000002AAF34}
T{00000000-0000-0000-0000-0000002C9458}
T{00000000-0000-0000-0000-00000011BF9A}
T{00000000-0000-0000-0000-000000271353}
T{00000000-0000-0000-0000-0000000BDC46}
T{00000000-0000-0000-0000-000000042789}
T{00000000-0000-0000-0000-0000002EC376}
T{00000000-0000-0000-0000-0000002AE431}
F{00000000-0000-0000-0000-00000005ED38}
T{00000000-0000-0000-0000-0000001FC332}
T{00000000-0000-0000-0000-0000001847C3}
T{00000000-0000-0000-0000-0000002B52C4}
T{00000000-0000-0000-0000-0000000F1AE8}
T{00000000-0000-0000-0000-0000000EC5E2}
T{00000000-0000-0000-0000-00000007C0C0}
T{00000000-0000-0000-0000-000000077EEC}
T{00000000-0000-0000-0000-000000328F7B}
T{00000000-0000-0000-0000-0000002961D2}
T{00000000-0000-0000-0000-0000000FFD54}
T{00000000-0000-0000-0000-00000002D585}
T{00000000-0000-0000-0000-00000026F097}
T{00000000-0000-0000-0000-00000028B988}
T{00000000-0000-0000-0000-00000009D5B6}
T{00000000-0000-0000-0000-0000002E1A4D}
T{00000000-0000-0000-0000-000000243F02}
T{00000000-0000-0000-0000-00000029BB50}
T{00000000-0000-0000-0000-00000023387D}
T{00000000-0000-0000-0000-000000314AA2}
T{00000000-0000-0000-0000-0000002D65F5}
T{00000000-0000-0000-0000-000000267D6D}
F{00000000-0000-0000-0000-0000001831A7}
T{00000000-0000-0000-0000-0000000A0723}
T{00000000-0000-0000-0000-0000000D2039}
T{00000000-0000-0000-0000-0000002BB1E4}
T{00000000-0000-0000-0000-000000273331}
T{00000000-0000-0000-0000-0000000FA0F7}
T{00000000-0000-0000-0000-000000065757}
T{00000000-0000-0000-0000-000000171CEF}
T{00000000-0000-0000-0000-000000178C55}
T{00000000-0000-0000-0000-00000011EFD7}
T{00000000-0000-0000-0000-000000008BC5}
T{00000000-0000-0000-0000-0000002CC8D4}
T{00000000-0000-0000-0000-000000199875}
T{00000000-0000-0000-0000-0000000310A3}
T{00000000-0000-0000-0000-00000022E843}
T{00000000-0000-0000-0000-000000064615}
T{00000000-0000-0000-0000-00000013C018}
T{00000000-0000-0000-0000-0000002B9112}
T{00000000-0000-0000-0000-000000276853}
T{00000000-0000-0000-0000-000000031168}
T{00000000-0000-0000-0000-00000007CC3B}
T{00000000-0000-0000-0000-00000015E1CE}
T{00000000-0000-0000-0000-0000001F0AC9}
T{00000000-0000-0000-0000-000000080458}
T{00000000-0000-0000-0000-00000009E11D}
T{00000000-0000-0000-0000-0000000FA6A6}
T{00000000-0000-0000-0000-0000002AC878}
T{00000000-0000-0000-0000-0000000079BC}
T{00000000-0000-0000-0000-000000148BEA}
T{00000000-0000-0000-0000-000000027825}
T{00000000-0000-0000-0000-00000007D0B3}
T{00000000-0000-0000-0000-000000201834}
T{00000000-0000-0000-0000-00000009D32C}
T{00000000-0000-0000-0000-000000270693}
T{00000000-0000-0000-0000-000000216801}
T{00000000-0000-0000-0000-0000001F0AC9}
T{00000000-0000-0000-0000-00000012235C}
T{00000000-0000-0000-0000-0000000FC983}
T{00000000-0000-0000-0000-0000001D0611}
T{00000000-0000-0000-0000-00000009D30D}
T{00000000-0000-0000-0000-0000002D3ED8}
T{00000000-0000-0000-0000-00000030D226}
T{00000000-0000-0000-0000-00000016D6F1}
T{00000000-0000-0000-0000-0000002CF090}
T{00000000-0000-0000-0000-0000002EFFA9}
F{00000000-0000-0000-0000-0000000BD935}
T{00000000-0000-0000-0000-0000002B6C6B}
T{00000000-0000-0000-0000-0000000EBF2A}
T{00000000-0000-0000-0000-000000073B05}
T{00000000-0000-0000-0000-0000000719C9}
T{00000000-0000-0000-0000-000000325B65}
T{00000000-0000-0000-0000-0000002007A4}
T{00000000-0000-0000-0000-0000001432F3}
T{00000000-0000-0000-0000-0000001B5405}
T{00000000-0000-0000-0000-000000339E52}
T{00000000-0000-0000-0000-00000001AAB3}
T{00000000-0000-0000-0000-0000001024E5}
T{00000000-0000-0000-0000-000000199FC0}
T{00000000-0000-0000-0000-00000032FA21}
T{00000000-0000-0000-0000-00000014DA5C}
T{00000000-0000-0000-0000-000000064EFA}
T{00000000-0000-0000-0000-0000002186B7}
T{00000000-0000-0000-0000-0000002AE653}
T{00000000-0000-0000-0000-0000001684A9}
T{00000000-0000-0000-0000-000000243F02}
T{00000000-0000-0000-0000-00000028B988}
T{00000000-0000-0000-0000-0000002C5567}
T{00000000-0000-0000-0000-0000000E2192}
T{00000000-0000-0000-0000-00000008B735}
T{00000000-0000-0000-0000-000000314AA2}
T{00000000-0000-0000-0000-000000258070}
T{00000000-0000-0000-0000-000000270693}
T{00000000-0000-0000-0000-0000002A63DB}
T{00000000-0000-0000-0000-00000029E94B}
T{00000000-0000-0000-0000-000000008BC5}
T{00000000-0000-0000-0000-000000291679}
T{00000000-0000-0000-0000-00000016FD2D}
T{00000000-0000-0000-0000-000000201834}
T{00000000-0000-0000-0000-0000001FC332}
T{00000000-0000-0000-0000-00000009BB4C}
T{00000000-0000-0000-0000-0000000F9D31}
T{00000000-0000-0000-0000-0000002CCD29}
T{00000000-0000-0000-0000-0000000D9C87}
T{00000000-0000-0000-0000-00000015A7C6}
T{00000000-0000-0000-0000-0000002F44F5}
T{00000000-0000-0000-0000-00000027F124}
T{00000000-0000-0000-0000-00000028B072}
T{00000000-0000-0000-0000-000000097ED7}
T{00000000-0000-0000-0000-0000000079BC}
T{00000000-0000-0000-0000-0000002CF090}
T{00000000-0000-0000-0000-00000021C57A}
T{00000000-0000-0000-0000-00000011BF9A}
T{00000000-0000-0000-0000-000000028FB1}
T{00000000-0000-0000-0000-0000000F9D31}
T{00000000-0000-0000-0000-0000001533CE}
T{00000000-0000-0000-0000-0000002A0A1D}
T{00000000-0000-0000-0000-00000000AEC0}
T{00000000-0000-0000-0000-0000000FA774}
T{00000000-0000-0000-0000-00000011D39D}
T{00000000-0000-0000-0000-00000022E843}
T{00000000-0000-0000-0000-0000000E4F3E}
T{00000000-0000-0000-0000-0000000CE30D}
T{00000000-0000-0000-0000-000000027CAC}
T{00000000-0000-0000-0000-0000002350BA}
T{00000000-0000-0000-0000-000000253DA3}
T{00000000-0000-0000-0000-0000001C2990}
T{00000000-0000-0000-0000-0000001D1E7E}
T{00000000-0000-0000-0000-00000001AAB3}
T{00000000-0000-0000-0000-00000009C060}
T{00000000-0000-0000-0000-000000259726}
T{00000000-0000-0000-0000-000000141B67}
T{00000000-0000-0000-0000-00000019A599}
T{00000000-0000-0000-0000-000000138934}
T{00000000-0000-0000-0000-000000339E52}
T{00000000-0000-0000-0000-00000013BD56}
T{00000000-0000-0000-0000-0000001DD229}
T{00000000-0000-0000-0000-0000000EBF2A}
T{00000000-0000-0000-0000-000000194F60}
F{00000000-0000-0000-0000-000000213579}
T{00000000-0000-0000-0000-00000028B072}
T{00000000-0000-0000-0000-000000116FCB}
T{00000000-0000-0000-0000-00000021056F}
T{00000000-0000-0000-0000-0000002DEEA9}
F{00000000-0000-0000-0000-0000001D3BF2}
T{00000000-0000-0000-0000-0000002A63DB}
T{00000000-0000-0000-0000-0000000A854F}
T{00000000-0000-0000-0000-0000002D3FCB}
T{00000000-0000-0000-0000-0000002ED01C}
T{00000000-0000-0000-0000-000000222D8F}
T{00000000-0000-0000-0000-0000001F0AC9}
T{00000000-0000-0000-0000-00000026E10D}
T{00000000-0000-0000-0000-00000021C834}
T{00000000-0000-0000-0000-0000000C5C77}
T{00000000-0000-0000-0000-00000012B243}
T{00000000-0000-0000-0000-0000000B0E59}
T{00000000-0000-0000-0000-00000016E14D}
T{00000000-0000-0000-0000-000000077EEC}
T{00000000-0000-0000-0000-00000011D39D}
T{00000000-0000-0000-0000-0000000A3E08}
T{00000000-0000-0000-0000-0000002AAF34}
T{00000000-0000-0000-0000-0000002B448D}
T{00000000-0000-0000-0000-000000143172}
T{00000000-0000-0000-0000-000000324320}
T{00000000-0000-0000-0000-0000000E4A06}
T{00000000-0000-0000-0000-00000029E2F7}
T{00000000-0000-0000-0000-000000023E71}
T{00000000-0000-0000-0000-000000259726}
T{00000000-0000-0000-0000-000000173418}
T{00000000-0000-0000-0000-00000031941A}
F{00000000-0000-0000-0000-0000000A14F9}
T{00000000-0000-0000-0000-000000108E2F}
T{00000000-0000-0000-0000-0000002168E5}
T{00000000-0000-0000-0000-0000000D1180}
T{00000000-0000-0000-0000-000000041749}
T{00000000-0000-0000-0000-0000000A4849}
T{00000000-0000-0000-0000-00000029FB23}
T{00000000-0000-0000-0000-000000311155}
T{00000000-0000-0000-0000-00000009D787}
T{00000000-0000-0000-0000-0000002F27D4}
T{00000000-0000-0000-0000-000000180C32}
T{00000000-0000-0000-0000-000000247BB0}
T{00000000-0000-0000-0000-0000001B5405}
T{00000000-0000-0000-0000-0000002C99F1}
T{00000000-0000-0000-0000-000000272ACA}
T{00000000-0000-0000-0000-0000002DD910}
T{00000000-0000-0000-0000-0000002AF038}
T{00000000-0000-0000-0000-0000000160B6}
F{00000000-0000-0000-0000-000000012582}
T{00000000-0000-0000-0000-00000016E14D}
T{00000000-0000-0000-0000-0000001FA5E4}
T{00000000-0000-0000-0000-0000002E9142}
T{00000000-0000-0000-0000-0000001BDAF9}
T{00000000-0000-0000-0000-00000031E96F}
T{00000000-0000-0000-0000-0000001847C3}
T{00000000-0000-0000-0000-00000015A7C6}
T{00000000-0000-0000-0000-00000024D829}
T{00000000-0000-0000-0000-00000011BF80}
T{00000000-0000-0000-0000-00000013E943}
T{00000000-0000-0000-0000-00000030DFCF}
T{00000000-0000-0000-0000-00000026864F}
T{00000000-0000-0000-0000-0000002C1423}
T{00000000-0000-0000-0000-0000000C9895}
T{00000000-0000-0000-0000-0000002F5A60}
F{00000000-0000-0000-0000-0000002499A6}
T{00000000-0000-0000-0000-00000015A7C6}
T{00000000-0000-0000-0000-0000002FD962}
T{00000000-0000-0000-0000-0000000BC15F}
T{00000000-0000-0000-0000-0000002EEF35}
T{00000000-0000-0000-0000-0000002F44F5}
T{00000000-0000-0000-0000-0000002C18D1}
T{00000000-0000-0000-0000-0000001BF2AC}
T{00000000-0000-0000-0000-00000032EAE8}
T{00000000-0000-0000-0000-000000073B05}
T{00000000-0000-0000-0000-0000002CE1D9}
T{00000000-0000-0000-0000-000000279F08}
T{00000000-0000-0000-0000-00000002D877}
T{00000000-0000-0000-0000-0000001BDAF9}
T{00000000-0000-0000-0000-000000098503}
T{00000000-0000-0000-0000-000000244C0B}
F{00000000-0000-0000-0000-0000000FBC67}
T{00000000-0000-0000-0000-00000009885C}
F{00000000-0000-0000-0000-0000000CF7FF}
T{00000000-0000-0000-0000-000000180C32}
T{00000000-0000-0000-0000-00000011FD04}
T{00000000-0000-0000-0000-00000016D8EC}
T{00000000-0000-0000-0000-0000002009A1}
T{00000000-0000-0000-0000-00000001AAB3}
T{00000000-0000-0000-0000-00000012B193}
F{00000000-0000-0000-0000-0000000BC199}
T{00000000-0000-0000-0000-00000024BF48}
T{00000000-0000-0000-0000-0000000D5073}
T{00000000-0000-0000-0000-000000064615}
T{00000000-0000-0000-0000-000000135BF7}
T{00000000-0000-0000-0000-0000000A0843}
T{00000000-0000-0000-0000-000000034A00}
T{00000000-0000-0000-0000-0000002A2781}
T{00000000-0000-0000-0000-00000013950A}
T{00000000-0000-0000-0000-0000002B512F}
T{00000000-0000-0000-0000-000000077D94}
T{00000000-0000-0000-0000-000000257ED2}
T{00000000-0000-0000-0000-00000004727B}
T{00000000-0000-0000-0000-000000258070}
T{00000000-0000-0000-0000-0000001445FC}
T{00000000-0000-0000-0000-000000276853}
T{00000000-0000-0000-0000-00000002991C}
T{00000000-0000-0000-0000-000000253FE0}
T{00000000-0000-0000-0000-0000000FAA4C}
T{00000000-0000-0000-0000-0000002F8174}
T{00000000-0000-0000-0000-0000001D04D5}
T{00000000-0000-0000-0000-0000002BF197}
T{00000000-0000-0000-0000-0000002D40BC}
T{00000000-0000-0000-0000-00000023CF03}
T{00000000-0000-0000-0000-00000026EE19}
T{00000000-0000-0000-0000-00000013950A}
T{00000000-0000-0000-0000-0000002A2781}
T{00000000-0000-0000-0000-00000001C42B}
T{00000000-0000-0000-0000-000000253DA3}
T{00000000-0000-0000-0000-00000006FAE4}
T{00000000-0000-0000-0000-000000098503}
T{00000000-0000-0000-0000-0000000802A5}
T{00000000-0000-0000-0000-000000171CEF}
T{00000000-0000-0000-0000-00000026601E}
T{00000000-0000-0000-0000-00000001C42B}
T{00000000-0000-0000-0000-0000002B9366}
T{00000000-0000-0000-0000-000000012582}
T{00000000-0000-0000-0000-00000000E7C3}
T{00000000-0000-0000-0000-0000001D56BB}
T{00000000-0000-0000-0000-00000004F996}
T{00000000-0000-0000-0000-0000001BE6D6}
T{00000000-0000-0000-0000-00000009C060}
T{00000000-0000-0000-0000-0000002168E5}
T{00000000-0000-0000-0000-0000002EEF68}
T{00000000-0000-0000-0000-00000032088E}
T{00000000-0000-0000-0000-000000178E90}
T{00000000-0000-0000-0000-0000002FA1EE}
T{00000000-0000-0000-0000-00000000E7E4}
T{00000000-0000-0000-0000-000000105EB1}
T{00000000-0000-0000-0000-000000010A7C}
T{00000000-0000-0000-0000-000000153AC4}
T{00000000-0000-0000-0000-0000002D3CBB}
T{00000000-0000-0000-0000-00000013BD56}
T{00000000-0000-0000-0000-000000126400}
T{00000000-0000-0000-0000-0000000BD5EC}
T{00000000-0000-0000-0000-0000002FC356}
T{00000000-0000-0000-0000-00000003F625}
T{00000000-0000-0000-0000-0000001BDF33}
T{00000000-0000-0000-0000-000000248637}
T{00000000-0000-0000-0000-00000011BF9A}
T{00000000-0000-0000-0000-0000002BA367}
T{00000000-0000-0000-0000-0000002ADE75}
T{00000000-0000-0000-0000-0000001C07B2}
T{00000000-0000-0000-0000-0000002CF029}
T{00000000-0000-0000-0000-000000331555}
T{00000000-0000-0000-0000-0000000A0723}
T{00000000-0000-0000-0000-0000000C3E02}
T{00000000-0000-0000-0000-00000007A926}
T{00000000-0000-0000-0000-000000126400}
T{00000000-0000-0000-0000-0000000C9895}
T{00000000-0000-0000-0000-0000001AAF38}
T{00000000-0000-0000-0000-0000000E1624}
T{00000000-0000-0000-0000-00000022E20C}
T{00000000-0000-0000-0000-00000031A79E}
T{00000000-0000-0000-0000-0000000E5E8A}
T{00000000-0000-0000-0000-00000032B49D}
T{00000000-0000-0000-0000-0000001E8FF3}
T{00000000-0000-0000-0000-0000000E70A1}
T{00000000-0000-0000-0000-0000001BA4AF}
T{00000000-0000-0000-0000-000000035E18}
T{00000000-0000-0000-0000-00000013BD56}
T{00000000-0000-0000-0000-00000032C032}
T{00000000-0000-0000-0000-00000014DA5C}
T{00000000-0000-0000-0000-00000014196D}
T{00000000-0000-0000-0000-000000270693}
T{00000000-0000-0000-0000-00000011A575}
T{00000000-0000-0000-0000-0000000E12C5}
T{00000000-0000-0000-0000-000000110E5B}
T{00000000-0000-0000-0000-000000164208}
T{00000000-0000-0000-0000-00000016FAD2}
T{00000000-0000-0000-0000-000000235979}
T{00000000-0000-0000-0000-000000165F44}
T{00000000-0000-0000-0000-00000031078D}
T{00000000-0000-0000-0000-00000013D5B6}
T{00000000-0000-0000-0000-0000000310A3}
T{00000000-0000-0000-0000-0000001B5405}
T{00000000-0000-0000-0000-00000031670E}
T{00000000-0000-0000-0000-000000278D61}
T{00000000-0000-0000-0000-00000032C032}
T{00000000-0000-0000-0000-00000011EFD7}
T{00000000-0000-0000-0000-0000000CE301}
T{00000000-0000-0000-0000-00000022D7B6}
T{00000000-0000-0000-0000-0000000BDC46}
T{00000000-0000-0000-0000-000000320D6B}
T{00000000-0000-0000-0000-000000038479}
T{00000000-0000-0000-0000-00000020A4CC}
T{00000000-0000-0000-0000-0000001AB478}
T{00000000-0000-0000-0000-0000002F2476}
T{00000000-0000-0000-0000-000000046B2D}
T{00000000-0000-0000-0000-000000064AF0}
T{00000000-0000-0000-0000-000000281EFC}
T{00000000-0000-0000-0000-00000011EAD5}
T{00000000-0000-0000-0000-0000002E1A4D}
T{00000000-0000-0000-0000-000000335DC2}
T{00000000-0000-0000-0000-0000002B2F81}
T{00000000-0000-0000-0000-0000002A1E60}
F{00000000-0000-0000-0000-00000027D7FB}
T{00000000-0000-0000-0000-0000002DEEA9}
T{00000000-0000-0000-0000-0000001D0611}
T{00000000-0000-0000-0000-000000311C12}
T{00000000-0000-0000-0000-000000054F25}
T{00000000-0000-0000-0000-00000026F097}
T{00000000-0000-0000-0000-0000000BD5EC}
F{00000000-0000-0000-0000-000000038CA4}
T{00000000-0000-0000-0000-00000016331E}
T{00000000-0000-0000-0000-000000325644}
T{00000000-0000-0000-0000-000000241292}
T{00000000-0000-0000-0000-00000030D245}
T{00000000-0000-0000-0000-0000000C3EC1}
T{00000000-0000-0000-0000-000000058349}
T{00000000-0000-0000-0000-00000001B1A2}
T{00000000-0000-0000-0000-00000026CC61}
T{00000000-0000-0000-0000-00000028EC87}
T{00000000-0000-0000-0000-0000000D0A5A}
T{00000000-0000-0000-0000-000000099440}
T{00000000-0000-0000-0000-00000031941A}
T{00000000-0000-0000-0000-000000067C53}
T{00000000-0000-0000-0000-00000027893E}
T{00000000-0000-0000-0000-000000081A30}
T{00000000-0000-0000-0000-00000004727B}
T{00000000-0000-0000-0000-00000021C834}
T{00000000-0000-0000-0000-000000332CFE}
T{00000000-0000-0000-0000-00000004CE31}
T{00000000-0000-0000-0000-0000000D2039}
T{00000000-0000-0000-0000-000000215FCE}
T{00000000-0000-0000-0000-000000330872}
T{00000000-0000-0000-0000-0000002AE653}
T{00000000-0000-0000-0000-0000002BDE07}
T{00000000-0000-0000-0000-0000000FA0F7}
T{00000000-0000-0000-0000-0000000D974F}
T{00000000-0000-0000-0000-00000025E04E}
T{00000000-0000-0000-0000-000000054373}
T{00000000-0000-0000-0000-000000302B2D}
T{00000000-0000-0000-0000-00000027D7FB}
T{00000000-0000-0000-0000-000000067499}
T{00000000-0000-0000-0000-00000002EF9A}
T{00000000-0000-0000-0000-000000090B1E}
T{00000000-0000-0000-0000-00000016D6F1}
T{00000000-0000-0000-0000-0000000BD5EC}
T{00000000-0000-0000-0000-00000023CF03}
T{00000000-0000-0000-0000-000000017C1A}
T{00000000-0000-0000-0000-0000000B6F8C}
T{00000000-0000-0000-0000-0000002FC356}
T{00000000-0000-0000-0000-000000311085}
T{00000000-0000-0000-0000-000000041749}
T{00000000-0000-0000-0000-00000010F40D}
T{00000000-0000-0000-0000-0000000FC8A7}
T{00000000-0000-0000-0000-0000000C3652}
T{00000000-0000-0000-0000-00000029B763}
T{00000000-0000-0000-0000-0000002D64C3}
T{00000000-0000-0000-0000-0000002D40BC}
T{00000000-0000-0000-0000-00000031720F}
T{00000000-0000-0000-0000-000000105281}
T{00000000-0000-0000-0000-0000002122E5}
T{00000000-0000-0000-0000-000000094D3E}
T{00000000-0000-0000-0000-0000002FD6B4}
T{00000000-0000-0000-0000-0000002A21F8}
T{00000000-0000-0000-0000-000000010A7C}
T{00000000-0000-0000-0000-00000007278E}
T{00000000-0000-0000-0000-0000000C0AE0}
T{00000000-0000-0000-0000-00000027F196}
T{00000000-0000-0000-0000-00000016D6FB}
T{00000000-0000-0000-0000-00000026F097}
T{00000000-0000-0000-0000-000000312E16}
T{00000000-0000-0000-0000-000000137926}
T{00000000-0000-0000-0000-0000002AF038}
