F{00000000-0000-0000-0000-00000003E599}
T{00000000-0000-0000-0000-000000026CA8}
F{00000000-0000-0000-0000-00000031EBC3}
F{00000000-0000-0000-0000-000000023EC7}
F{00000000-0000-0000-0000-0000000FD4D9}
F{00000000-0000-0000-0000-00000030694D}
T{00000000-0000-0000-0000-0000002ADD6F}
F{00000000-0000-0000-0000-000000020F85}
F{00000000-0000-0000-0000-000000075EAF}
T{00000000-0000-0000-0000-0000000346B2}
F{00000000-0000-0000-0000-0000002122E5}
F{00000000-0000-0000-0000-00000001E23D}
F{00000000-0000-0000-0000-0000000C34F2}
F{00000000-0000-0000-0000-0000002BA75C}
F{00000000-0000-0000-0000-000000222774}
F{00000000-0000-0000-0000-00000016C567}
F{00000000-0000-0000-0000-000000090229}
F{00000000-0000-0000-0000-00000006273D}
F{00000000-0000-0000-0000-000000122CB0}
F{00000000-0000-0000-0000-00000001C42B}
F{00000000-0000-0000-0000-00000012AF34}
F{00000000-0000-0000-0000-0000000AE099}
T{00000000-0000-0000-0000-000000086E8A}
F{00000000-0000-0000-0000-00000007E3BE}
F{00000000-0000-0000-0000-000000041967}
T{00000000-0000-0000-0000-00000031941A}
T{00000000-0000-0000-0000-0000000346B7}
T{00000000-0000-0000-0000-000000038479}
F{00000000-0000-0000-0000-0000002716C8}
F{00000000-0000-0000-0000-00000001AAB3}
F{00000000-0000-0000-0000-0000000C6B65}
F{00000000-0000-0000-0000-00000008179C}
F{00000000-0000-0000-0000-000000077D94}
F{00000000-0000-0000-0000-000000019B30}
F{00000000-0000-0000-0000-000000019910}
F{00000000-0000-0000-0000-000000267D6D}
F{00000000-0000-0000-0000-000000061C56}
F{00000000-0000-0000-0000-00000033B3D6}
F{00000000-0000-0000-0000-000000018C66}
F{00000000-0000-0000-0000-00000009F26B}
F{00000000-0000-0000-0000-000000132F5E}
F{00000000-0000-0000-0000-000000271353}
F{00000000-0000-0000-0000-0000002B0555}
F{00000000-0000-0000-0000-00000033629C}
F{00000000-0000-0000-0000-000000099302}
F{00000000-0000-0000-0000-000000062238}
F{00000000-0000-0000-0000-000000011C79}
F{00000000-0000-0000-0000-0000002C418E}
F{00000000-0000-0000-0000-00000009C060}
F{00000000-0000-0000-0000-000000059D2F}
F{00000000-0000-0000-0000-00000014DA5C}
F{00000000-0000-0000-0000-000000304C1E}
F{00000000-0000-0000-0000-00000016D8EC}
T{00000000-0000-0000-0000-0000000108B3}
F{00000000-0000-0000-0000-000000101B79}
F{00000000-0000-0000-0000-000000030FAE}
T{00000000-0000-0000-0000-000000220995}
F{00000000-0000-0000-0000-00000005FF3F}
F{00000000-0000-0000-0000-00000003496E}
F{00000000-0000-0000-0000-000000060468}
F{00000000-0000-0000-0000-0000001278AF}
F{00000000-0000-0000-0000-0000000A8C33}
F{00000000-0000-0000-0000-00000027EFDF}
F{00000000-0000-0000-0000-00000025482D}
T{00000000-0000-0000-0000-0000002D3ED8}
F{00000000-0000-0000-0000-0000000567C5}
F{00000000-0000-0000-0000-0000000ABD11}
F{00000000-0000-0000-0000-000000177868}
F{00000000-0000-0000-0000-0000000C5D03}
F{00000000-0000-0000-0000-0000000BBAF7}
F{00000000-0000-0000-0000-0000002D5353}
F{00000000-0000-0000-0000-000000010A7C}
F{00000000-0000-0000-0000-000000219EFE}
F{00000000-0000-0000-0000-000000046E22}
F{00000000-0000-0000-0000-00000032E6F6}
F{00000000-0000-0000-0000-00000013BD56}
T{00000000-0000-0000-0000-0000000FCF04}
F{00000000-0000-0000-0000-000000172673}
F{00000000-0000-0000-0000-000000099D5D}
F{00000000-0000-0000-0000-00000025C115}
F{00000000-0000-0000-0000-00000032E859}
F{00000000-0000-0000-0000-000000007910}
F{00000000-0000-0000-0000-0000000604DA}
F{00000000-0000-0000-0000-0000000876F9}
F{00000000-0000-0000-0000-0000000B1846}
F{00000000-0000-0000-0000-00000022664D}
F{00000000-0000-0000-0000-000000273331}
F{00000000-0000-0000-0000-000000029DB2}
F{00000000-0000-0000-0000-000000264C56}
F{00000000-0000-0000-0000-00000026A490}
F{00000000-0000-0000-0000-000000041E64}
F{00000000-0000-0000-0000-00000016BA6A}
F{00000000-0000-0000-0000-00000005EE69}
F{00000000-0000-0000-0000-000000064615}
F{00000000-0000-0000-0000-000000332CFE}
F{00000000-0000-0000-0000-0000001E35CC}
T{00000000-0000-0000-0000-000000023E71}
F{00000000-0000-0000-0000-0000002CEF50}
F{00000000-0000-0000-0000-0000001672E1}
F{00000000-0000-0000-0000-00000000740B}
T{00000000-0000-0000-0000-00000000B68C}
T{00000000-0000-0000-0000-00000032A88C}
T{00000000-0000-0000-0000-0000000C3934}
T{00000000-0000-0000-0000-000000115F88}
T{00000000-0000-0000-0000-00000031AC68}
T{00000000-0000-0000-0000-000000102549}
T{00000000-0000-0000-0000-0000001DC846}
T{00000000-0000-0000-0000-0000002E4BCD}
T{00000000-0000-0000-0000-00000004F5F1}
T{00000000-0000-0000-0000-0000002A48E1}
F{00000000-0000-0000-0000-0000002BDE42}
T{00000000-0000-0000-0000-000000029B2E}
T{00000000-0000-0000-0000-0000000506B7}
T{00000000-0000-0000-0000-000000006D7B}
T{00000000-0000-0000-0000-0000001F126B}
T{00000000-0000-0000-0000-00000023E3D8}
T{00000000-0000-0000-0000-0000000BF87B}
T{00000000-0000-0000-0000-0000000F1793}
F{00000000-0000-0000-0000-0000000A0723}
T{00000000-0000-0000-0000-000000054F25}
T{00000000-0000-0000-0000-000000096475}
T{00000000-0000-0000-0000-000000271E52}
T{00000000-0000-0000-0000-00000011B25C}
T{00000000-0000-0000-0000-0000000F45D2}
T{00000000-0000-0000-0000-00000027DC15}
T{00000000-0000-0000-0000-0000000E47AD}
T{00000000-0000-0000-0000-000000331AF9}
T{00000000-0000-0000-0000-0000000982BD}
T{00000000-0000-0000-0000-000000071C8B}
T{00000000-0000-0000-0000-0000002419AD}
T{00000000-0000-0000-0000-00000026E010}
F{00000000-0000-0000-0000-0000000AB9DD}
T{00000000-0000-0000-0000-00000008E0F9}
T{00000000-0000-0000-0000-00000026F535}
T{00000000-0000-0000-0000-00000024B6F2}
T{00000000-0000-0000-0000-00000004F5F1}
T{00000000-0000-0000-0000-0000002AE355}
T{00000000-0000-0000-0000-00000017EF5B}
T{00000000-0000-0000-0000-0000000C4E30}
T{00000000-0000-0000-0000-000000336848}
T{00000000-0000-0000-0000-000000320036}
T{00000000-0000-0000-0000-0000002B1A3D}
T{00000000-0000-0000-0000-000000263B63}
T{00000000-0000-0000-0000-000000167244}
T{00000000-0000-0000-0000-000000004049}
T{00000000-0000-0000-0000-0000000F3CC2}
T{00000000-0000-0000-0000-0000002C5C7E}
T{00000000-0000-0000-0000-0000001045DC}
T{00000000-0000-0000-0000-00000023BB1D}
T{00000000-0000-0000-0000-0000000F6DC7}
T{00000000-0000-0000-0000-000000166870}
T{00000000-0000-0000-0000-0000002CE4BA}
T{00000000-0000-0000-0000-00000026F535}
T{00000000-0000-0000-0000-000000213A88}
T{00000000-0000-0000-0000-00000024A6E0}
T{00000000-0000-0000-0000-000000124F32}
T{00000000-0000-0000-0000-0000002E00AF}
T{00000000-0000-0000-0000-0000002C99F1}
T{00000000-0000-0000-0000-0000000FB28B}
T{00000000-0000-0000-0000-0000002647D6}
T{00000000-0000-0000-0000-0000001575D7}
T{00000000-0000-0000-0000-00000030EAB3}
T{00000000-0000-0000-0000-00000000ACA6}
T{00000000-0000-0000-0000-0000002FB5A8}
T{00000000-0000-0000-0000-00000020A68D}
T{00000000-0000-0000-0000-000000272702}
T{00000000-0000-0000-0000-000000145F7B}
T{00000000-0000-0000-0000-0000002217F8}
T{00000000-0000-0000-0000-0000000C2DA1}
T{00000000-0000-0000-0000-0000000F92E6}
T{00000000-0000-0000-0000-000000235979}
T{00000000-0000-0000-0000-000000162E8D}
T{00000000-0000-0000-0000-0000001654C1}
T{00000000-0000-0000-0000-00000000B512}
T{00000000-0000-0000-0000-0000002A2688}
T{00000000-0000-0000-0000-0000000A6FED}
T{00000000-0000-0000-0000-000000029B2E}
F{00000000-0000-0000-0000-000000144245}
T{00000000-0000-0000-0000-00000020F376}
T{00000000-0000-0000-0000-00000031720F}
T{00000000-0000-0000-0000-00000032F8DF}
T{00000000-0000-0000-0000-00000026FC5A}
T{00000000-0000-0000-0000-0000002AC78C}
T{00000000-0000-0000-0000-0000000CFF86}
F{00000000-0000-0000-0000-00000002D877}
T{00000000-0000-0000-0000-000000306AD7}
T{00000000-0000-0000-0000-000000137837}
T{00000000-0000-0000-0000-0000000FC893}
T{00000000-0000-0000-0000-00000011A9FB}
T{00000000-0000-0000-0000-0000000FD308}
T{00000000-0000-0000-0000-0000002CAB28}
T{00000000-0000-0000-0000-0000000C2DA1}
T{00000000-0000-0000-0000-000000001EE5}
T{00000000-0000-0000-0000-0000001346D0}
T{00000000-0000-0000-0000-0000000593A0}
T{00000000-0000-0000-0000-00000028CCE8}
T{00000000-0000-0000-0000-0000000D8AD8}
T{00000000-0000-0000-0000-0000001FA947}
T{00000000-0000-0000-0000-0000002BF553}
T{00000000-0000-0000-0000-0000000C1F8F}
T{00000000-0000-0000-0000-0000002B25BF}
T{00000000-0000-0000-0000-0000002F42E0}
T{00000000-0000-0000-0000-0000002E9470}
T{00000000-0000-0000-0000-000000049349}
T{00000000-0000-0000-0000-000000106266}
T{00000000-0000-0000-0000-000000321648}
T{00000000-0000-0000-0000-000000039869}
T{00000000-0000-0000-0000-0000001260DA}
T{00000000-0000-0000-0000-0000000BA9FB}
T{00000000-0000-0000-0000-0000000BF87B}
T{00000000-0000-0000-0000-00000022CDC0}
T{00000000-0000-0000-0000-000000048343}
T{00000000-0000-0000-0000-0000000BFB25}
T{00000000-0000-0000-0000-0000000096E3}
T{00000000-0000-0000-0000-0000001E3943}
T{00000000-0000-0000-0000-0000002D0A6E}
T{00000000-0000-0000-0000-000000325B65}
T{00000000-0000-0000-0000-00000016EF73}
T{00000000-0000-0000-0000-0000002F42E0}
T{00000000-0000-0000-0000-00000005FD98}
T{00000000-0000-0000-0000-00000024E792}
T{00000000-0000-0000-0000-0000001C5F34}
T{00000000-0000-0000-0000-0000002A865F}
T{00000000-0000-0000-0000-0000002EB124}
T{00000000-0000-0000-0000-000000321648}
T{00000000-0000-0000-0000-000000303F08}
T{00000000-0000-0000-0000-0000000E1FB0}
T{00000000-0000-0000-0000-0000002217F8}
T{00000000-0000-0000-0000-0000002834B4}
T{00000000-0000-0000-0000-00000013A9AD}
T{00000000-0000-0000-0000-000000154185}
T{00000000-0000-0000-0000-00000001CA95}
T{00000000-0000-0000-0000-0000003356C0}
T{00000000-0000-0000-0000-00000020F376}
T{00000000-0000-0000-0000-00000029F9BB}
T{00000000-0000-0000-0000-000000145192}
T{00000000-0000-0000-0000-00000015C458}
T{00000000-0000-0000-0000-0000000FEC4B}
F{00000000-0000-0000-0000-000000076186}
T{00000000-0000-0000-0000-00000020EE6C}
T{00000000-0000-0000-0000-0000000B1084}
T{00000000-0000-0000-0000-0000001E8093}
T{00000000-0000-0000-0000-000000158C73}
T{00000000-0000-0000-0000-000000166870}
T{00000000-0000-0000-0000-00000024C2C4}
T{00000000-0000-0000-0000-0000002B25BF}
T{00000000-0000-0000-0000-000000138983}
T{00000000-0000-0000-0000-0000001DD229}
T{00000000-0000-0000-0000-00000023CDFE}
T{00000000-0000-0000-0000-000000048FF1}
T{00000000-0000-0000-0000-000000270476}
T{00000000-0000-0000-0000-00000033627A}
T{00000000-0000-0000-0000-000000037E74}
T{00000000-0000-0000-0000-0000002CA81B}
F{00000000-0000-0000-0000-0000000A1C51}
F{00000000-0000-0000-0000-0000000320BD}
T{00000000-0000-0000-0000-0000001595DC}
T{00000000-0000-0000-0000-00000006007B}
T{00000000-0000-0000-0000-000000101F0A}
T{00000000-0000-0000-0000-0000001E3D9C}
T{00000000-0000-0000-0000-00000031243B}
T{00000000-0000-0000-0000-000000209A73}
T{00000000-0000-0000-0000-00000009C0BF}
T{00000000-0000-0000-0000-0000000F2462}
T{00000000-0000-0000-0000-0000002CE4BA}
T{00000000-0000-0000-0000-00000012FB9E}
T{00000000-0000-0000-0000-00000026928C}
T{00000000-0000-0000-0000-0000001BF99C}
T{00000000-0000-0000-0000-0000000ED5DE}
T{00000000-0000-0000-0000-00000001E845}
T{00000000-0000-0000-0000-000000270476}
T{00000000-0000-0000-0000-0000002F9D8A}
T{00000000-0000-0000-0000-000000209AAF}
T{00000000-0000-0000-0000-0000002C83BE}
T{00000000-0000-0000-0000-0000000E10E2}
T{00000000-0000-0000-0000-000000167516}
T{00000000-0000-0000-0000-0000001B5C70}
T{00000000-0000-0000-0000-0000001226E2}
T{00000000-0000-0000-0000-0000000344B7}
F{00000000-0000-0000-0000-000000012582}
T{00000000-0000-0000-0000-0000000D9C87}
T{00000000-0000-0000-0000-0000002006F9}
T{00000000-0000-0000-0000-00000026BC12}
T{00000000-0000-0000-0000-0000000A1C51}
T{00000000-0000-0000-0000-00000031572B}
T{00000000-0000-0000-0000-000000287466}
T{00000000-0000-0000-0000-0000001C724C}
T{00000000-0000-0000-0000-00000021E6D0}
T{00000000-0000-0000-0000-0000001CF32C}
T{00000000-0000-0000-0000-0000002F7AFF}
T{00000000-0000-0000-0000-0000000659B7}
T{00000000-0000-0000-0000-00000009A4F4}
T{00000000-0000-0000-0000-0000000751DF}
T{00000000-0000-0000-0000-0000001BB187}
T{00000000-0000-0000-0000-000000001EE5}
T{00000000-0000-0000-0000-0000000EAC65}
T{00000000-0000-0000-0000-00000004667E}
T{00000000-0000-0000-0000-000000299C69}
T{00000000-0000-0000-0000-000000069FDF}
T{00000000-0000-0000-0000-0000002F4D0B}
T{00000000-0000-0000-0000-0000001E864C}
T{00000000-0000-0000-0000-0000002D7157}
T{00000000-0000-0000-0000-0000001FA947}
T{00000000-0000-0000-0000-000000107C63}
T{00000000-0000-0000-0000-00000002BAC9}
T{00000000-0000-0000-0000-00000030D493}
T{00000000-0000-0000-0000-0000001567B6}
T{00000000-0000-0000-0000-00000028AD47}
T{00000000-0000-0000-0000-0000001E8FF3}
T{00000000-0000-0000-0000-0000002211D5}
T{00000000-0000-0000-0000-00000009E6E1}
T{00000000-0000-0000-0000-0000000F84E7}
T{00000000-0000-0000-0000-0000001D431B}
T{00000000-0000-0000-0000-0000000A1C51}
T{00000000-0000-0000-0000-000000227286}
T{00000000-0000-0000-0000-0000002AD8E4}
T{00000000-0000-0000-0000-0000001F8853}
T{00000000-0000-0000-0000-0000001F147E}
T{00000000-0000-0000-0000-0000003229F7}
F{00000000-0000-0000-0000-000000064EFA}
T{00000000-0000-0000-0000-0000002D904D}
T{00000000-0000-0000-0000-0000001EA34E}
T{00000000-0000-0000-0000-00000031A88B}
T{00000000-0000-0000-0000-00000010C45A}
T{00000000-0000-0000-0000-0000002A48E1}
T{00000000-0000-0000-0000-000000049E60}
T{00000000-0000-0000-0000-0000002734C4}
F{00000000-0000-0000-0000-00000031E96F}
T{00000000-0000-0000-0000-00000026B116}
T{00000000-0000-0000-0000-000000096D7F}
T{00000000-0000-0000-0000-0000000C6F2B}
T{00000000-0000-0000-0000-0000000EBF6D}
T{00000000-0000-0000-0000-000000254425}
T{00000000-0000-0000-0000-00000030292D}
T{00000000-0000-0000-0000-0000002D5C97}
T{00000000-0000-0000-0000-0000002D7157}
F{00000000-0000-0000-0000-000000270D4D}
T{00000000-0000-0000-0000-0000002C5C7E}
T{00000000-0000-0000-0000-00000010B048}
T{00000000-0000-0000-0000-0000001EB396}
T{00000000-0000-0000-0000-0000002D3CBB}
F{00000000-0000-0000-0000-0000003275C3}
T{00000000-0000-0000-0000-00000013A9AD}
T{00000000-0000-0000-0000-00000025E244}
T{00000000-0000-0000-0000-00000015781E}
T{00000000-0000-0000-0000-0000002404ED}
T{00000000-0000-0000-0000-00000017EF5B}
T{00000000-0000-0000-0000-0000000AABBA}
T{00000000-0000-0000-0000-000000146C39}
T{00000000-0000-0000-0000-0000000B83A6}
T{00000000-0000-0000-0000-0000001142A0}
T{00000000-0000-0000-0000-0000002898BE}
T{00000000-0000-0000-0000-0000002F095B}
T{00000000-0000-0000-0000-000000006802}
T{00000000-0000-0000-0000-000000118F02}
T{00000000-0000-0000-0000-00000011331A}
T{00000000-0000-0000-0000-0000002B25BF}
T{00000000-0000-0000-0000-00000030292D}
T{00000000-0000-0000-0000-000000248EB2}
T{00000000-0000-0000-0000-000000321648}
F{00000000-0000-0000-0000-00000024CEA5}
T{00000000-0000-0000-0000-00000026AF5F}
T{00000000-0000-0000-0000-00000021B9AD}
T{00000000-0000-0000-0000-0000000AF780}
T{00000000-0000-0000-0000-000000213B22}
T{00000000-0000-0000-0000-0000000FBAFA}
T{00000000-0000-0000-0000-00000029F9DC}
T{00000000-0000-0000-0000-00000025A6CD}
T{00000000-0000-0000-0000-0000002211D5}
T{00000000-0000-0000-0000-0000001188A6}
T{00000000-0000-0000-0000-0000002C7860}
T{00000000-0000-0000-0000-0000002553EB}
T{00000000-0000-0000-0000-0000001398AA}
T{00000000-0000-0000-0000-0000000323EB}
T{00000000-0000-0000-0000-00000031B8D1}
T{00000000-0000-0000-0000-00000005A978}
T{00000000-0000-0000-0000-00000031AC68}
T{00000000-0000-0000-0000-0000001C724C}
T{00000000-0000-0000-0000-0000002E991A}
T{00000000-0000-0000-0000-0000000F16A3}
T{00000000-0000-0000-0000-00000029D3E1}
T{00000000-0000-0000-0000-00000027B09F}
T{00000000-0000-0000-0000-000000014E5E}
F{00000000-0000-0000-0000-00000016BEDB}
T{00000000-0000-0000-0000-0000001CBD07}
T{00000000-0000-0000-0000-00000001DE16}
T{00000000-0000-0000-0000-0000000AB9DD}
T{00000000-0000-0000-0000-0000002AC73D}
T{00000000-0000-0000-0000-0000000786FE}
F{00000000-0000-0000-0000-00000025B204}
T{00000000-0000-0000-0000-000000004049}
T{00000000-0000-0000-0000-00000006D12C}
T{00000000-0000-0000-0000-000000238A83}
T{00000000-0000-0000-0000-0000000B81AE}
T{00000000-0000-0000-0000-000000226AB6}
T{00000000-0000-0000-0000-0000002C5C7E}
T{00000000-0000-0000-0000-00000032A1D1}
T{00000000-0000-0000-0000-00000026D675}
T{00000000-0000-0000-0000-0000001CFD2A}
T{00000000-0000-0000-0000-00000016C483}
T{00000000-0000-0000-0000-00000002D877}
T{00000000-0000-0000-0000-000000199FC0}
T{00000000-0000-0000-0000-00000016BEDB}
T{00000000-0000-0000-0000-000000124D22}
T{00000000-0000-0000-0000-00000029B301}
T{00000000-0000-0000-0000-0000000383AB}
T{00000000-0000-0000-0000-00000017437D}
T{00000000-0000-0000-0000-000000039869}
T{00000000-0000-0000-0000-0000000EFBD2}
T{00000000-0000-0000-0000-00000000ACA6}
T{00000000-0000-0000-0000-00000016BEDB}
T{00000000-0000-0000-0000-0000001B01CB}
T{00000000-0000-0000-0000-00000024C2C4}
T{00000000-0000-0000-0000-000000270659}
T{00000000-0000-0000-0000-000000278ECA}
T{00000000-0000-0000-0000-0000001681B3}
T{00000000-0000-0000-0000-0000002B1A3D}
T{00000000-0000-0000-0000-000000273789}
T{00000000-0000-0000-0000-0000001129BA}
T{00000000-0000-0000-0000-000000149694}
T{00000000-0000-0000-0000-0000002E94C2}
T{00000000-0000-0000-0000-000000287843}
T{00000000-0000-0000-0000-000000086695}
T{00000000-0000-0000-0000-000000122427}
T{00000000-0000-0000-0000-0000002EB627}
T{00000000-0000-0000-0000-0000001E232F}
F{00000000-0000-0000-0000-0000001BBE21}
T{00000000-0000-0000-0000-0000002A9841}
T{00000000-0000-0000-0000-000000046E9C}
T{00000000-0000-0000-0000-000000076186}
T{00000000-0000-0000-0000-0000001817FF}
T{00000000-0000-0000-0000-00000029FC3C}
T{00000000-0000-0000-0000-000000262EF2}
T{00000000-0000-0000-0000-00000018B027}
T{00000000-0000-0000-0000-0000002579A9}
T{00000000-0000-0000-0000-000000330894}
T{00000000-0000-0000-0000-00000002D739}
T{00000000-0000-0000-0000-0000002553EB}
T{00000000-0000-0000-0000-0000001042F6}
T{00000000-0000-0000-0000-0000001C287C}
T{00000000-0000-0000-0000-0000001AC3C9}
T{00000000-0000-0000-0000-00000028B011}
T{00000000-0000-0000-0000-0000002D8997}
T{00000000-0000-0000-0000-000000059063}
T{00000000-0000-0000-0000-0000001D7268}
T{00000000-0000-0000-0000-000000176DAA}
T{00000000-0000-0000-0000-0000001C71D0}
T{00000000-0000-0000-0000-000000179427}
T{00000000-0000-0000-0000-0000000129E4}
T{00000000-0000-0000-0000-000000314BB4}
F{00000000-0000-0000-0000-00000016FD2D}
T{00000000-0000-0000-0000-000000176DAA}
F{00000000-0000-0000-0000-0000001A5599}
T{00000000-0000-0000-0000-000000273789}
T{00000000-0000-0000-0000-000000009FD6}
T{00000000-0000-0000-0000-00000023DAD3}
T{00000000-0000-0000-0000-0000001030F6}
T{00000000-0000-0000-0000-000000047CEB}
T{00000000-0000-0000-0000-0000000BD5EC}
T{00000000-0000-0000-0000-000000040FA5}
T{00000000-0000-0000-0000-0000000C54CA}
F{00000000-0000-0000-0000-0000000B2328}
T{00000000-0000-0000-0000-0000002429DA}
T{00000000-0000-0000-0000-0000000BAE5B}
T{00000000-0000-0000-0000-0000000160AC}
T{00000000-0000-0000-0000-0000002F7F9E}
T{00000000-0000-0000-0000-000000011CD5}
T{00000000-0000-0000-0000-00000026725A}
T{00000000-0000-0000-0000-000000298C1E}
T{00000000-0000-0000-0000-0000000A06FB}
T{00000000-0000-0000-0000-000000045B32}
T{00000000-0000-0000-0000-000000246908}
T{00000000-0000-0000-0000-0000001DA755}
T{00000000-0000-0000-0000-000000167340}
T{00000000-0000-0000-0000-0000001064E8}
T{00000000-0000-0000-0000-000000215580}
T{00000000-0000-0000-0000-00000015C0BA}
T{00000000-0000-0000-0000-000000271E52}
T{00000000-0000-0000-0000-000000031320}
T{00000000-0000-0000-0000-00000011B25C}
T{00000000-0000-0000-0000-000000321C54}
T{00000000-0000-0000-0000-0000000C5A2F}
T{00000000-0000-0000-0000-000000306589}
T{00000000-0000-0000-0000-000000167516}
T{00000000-0000-0000-0000-0000002A00DE}
F{00000000-0000-0000-0000-0000000A14F9}
F{00000000-0000-0000-0000-0000000320BD}
T{00000000-0000-0000-0000-00000008C51B}
T{00000000-0000-0000-0000-00000010C11C}
T{00000000-0000-0000-0000-0000001C8F02}
T{00000000-0000-0000-0000-0000003359F8}
T{00000000-0000-0000-0000-0000000E1FB0}
T{00000000-0000-0000-0000-000000152F2F}
T{00000000-0000-0000-0000-0000002B2F81}
F{00000000-0000-0000-0000-0000000A0350}
T{00000000-0000-0000-0000-00000010ABC6}
T{00000000-0000-0000-0000-000000139C7E}
T{00000000-0000-0000-0000-000000153085}
T{00000000-0000-0000-0000-0000000AFFEF}
T{00000000-0000-0000-0000-00000031FF23}
T{00000000-0000-0000-0000-0000003302FC}
T{00000000-0000-0000-0000-000000181874}
T{00000000-0000-0000-0000-00000026C688}
T{00000000-0000-0000-0000-000000153C95}
T{00000000-0000-0000-0000-000000066024}
T{00000000-0000-0000-0000-00000010AC7D}
T{00000000-0000-0000-0000-0000001E8093}
T{00000000-0000-0000-0000-0000000E1586}
T{00000000-0000-0000-0000-0000001253E9}
T{00000000-0000-0000-0000-0000002DF413}
T{00000000-0000-0000-0000-0000002D5C97}
T{00000000-0000-0000-0000-000000154294}
T{00000000-0000-0000-0000-0000002834B4}
T{00000000-0000-0000-0000-00000018D66F}
T{00000000-0000-0000-0000-000000281B23}
T{00000000-0000-0000-0000-0000001CF32C}
T{00000000-0000-0000-0000-00000014868B}
T{00000000-0000-0000-0000-0000002319BF}
T{00000000-0000-0000-0000-00000009D30D}
T{00000000-0000-0000-0000-00000005EAE7}
T{00000000-0000-0000-0000-0000000BF91D}
T{00000000-0000-0000-0000-000000200331}
T{00000000-0000-0000-0000-000000329CCA}
T{00000000-0000-0000-0000-0000000D2E16}
T{00000000-0000-0000-0000-0000002E5009}
T{00000000-0000-0000-0000-0000002D64C3}
T{00000000-0000-0000-0000-0000000AA806}
T{00000000-0000-0000-0000-00000009D224}
T{00000000-0000-0000-0000-000000173984}
T{00000000-0000-0000-0000-00000006ACFB}
T{00000000-0000-0000-0000-0000000DA228}
T{00000000-0000-0000-0000-0000001EA34E}
T{00000000-0000-0000-0000-00000006634F}
T{00000000-0000-0000-0000-000000227862}
T{00000000-0000-0000-0000-000000167FC3}
T{00000000-0000-0000-0000-00000017E650}
T{00000000-0000-0000-0000-00000004983B}
T{00000000-0000-0000-0000-000000269DFE}
T{00000000-0000-0000-0000-000000134B23}
T{00000000-0000-0000-0000-00000024A6D8}
T{00000000-0000-0000-0000-00000017143E}
T{00000000-0000-0000-0000-000000144245}
T{00000000-0000-0000-0000-0000001B6EF6}
T{00000000-0000-0000-0000-00000002E84E}
T{00000000-0000-0000-0000-0000002E6EF4}
T{00000000-0000-0000-0000-0000001986F5}
T{00000000-0000-0000-0000-00000006634F}
T{00000000-0000-0000-0000-0000000316C7}
T{00000000-0000-0000-0000-00000012642B}
T{00000000-0000-0000-0000-0000000342F8}
T{00000000-0000-0000-0000-0000002C013B}
T{00000000-0000-0000-0000-0000001D28F2}
T{00000000-0000-0000-0000-00000019EF1D}
T{00000000-0000-0000-0000-00000018B371}
T{00000000-0000-0000-0000-0000001B3DCD}
T{00000000-0000-0000-0000-00000006903D}
T{00000000-0000-0000-0000-0000002C132A}
T{00000000-0000-0000-0000-0000000B7B36}
F{00000000-0000-0000-0000-0000003334D3}
T{00000000-0000-0000-0000-0000000304B6}
T{00000000-0000-0000-0000-000000023A04}
T{00000000-0000-0000-0000-00000012FB9E}
T{00000000-0000-0000-0000-000000156985}
T{00000000-0000-0000-0000-0000000565FB}
T{00000000-0000-0000-0000-0000000B7E95}
T{00000000-0000-0000-0000-00000026725A}
T{00000000-0000-0000-0000-0000002F994B}
T{00000000-0000-0000-0000-0000000E47AD}
T{00000000-0000-0000-0000-000000324F12}
T{00000000-0000-0000-0000-0000000BBB6E}
T{00000000-0000-0000-0000-000000183058}
T{00000000-0000-0000-0000-0000002647D6}
T{00000000-0000-0000-0000-00000025FA54}
T{00000000-0000-0000-0000-0000000A09D9}
F{00000000-0000-0000-0000-00000029C2EF}
T{00000000-0000-0000-0000-000000096470}
T{00000000-0000-0000-0000-000000292162}
T{00000000-0000-0000-0000-00000025CA59}
T{00000000-0000-0000-0000-0000003142C0}
T{00000000-0000-0000-0000-00000029E8B4}
T{00000000-0000-0000-0000-000000039837}
T{00000000-0000-0000-0000-0000000E47AD}
T{00000000-0000-0000-0000-0000002AE3DC}
T{00000000-0000-0000-0000-00000020C7D6}
T{00000000-0000-0000-0000-000000335746}
T{00000000-0000-0000-0000-000000263B02}
T{00000000-0000-0000-0000-0000000C2619}
T{00000000-0000-0000-0000-0000000CE0E2}
T{00000000-0000-0000-0000-000000213B22}
T{00000000-0000-0000-0000-0000001B2E80}
T{00000000-0000-0000-0000-0000002ECB26}
T{00000000-0000-0000-0000-000000116C2F}
T{00000000-0000-0000-0000-000000113C40}
T{00000000-0000-0000-0000-0000000DF116}
T{00000000-0000-0000-0000-00000030EB33}
T{00000000-0000-0000-0000-0000002579A9}
T{00000000-0000-0000-0000-0000002BF553}
T{00000000-0000-0000-0000-0000002CE4BA}
T{00000000-0000-0000-0000-0000001DE2E1}
T{00000000-0000-0000-0000-000000074E1E}
T{00000000-0000-0000-0000-000000270476}
T{00000000-0000-0000-0000-0000001D7268}
T{00000000-0000-0000-0000-000000118F02}
T{00000000-0000-0000-0000-0000000DF4F9}
T{00000000-0000-0000-0000-0000003110A0}
T{00000000-0000-0000-0000-000000225D1B}
T{00000000-0000-0000-0000-0000002A3E51}
T{00000000-0000-0000-0000-0000000BCB0E}
T{00000000-0000-0000-0000-0000000278EE}
T{00000000-0000-0000-0000-000000118143}
T{00000000-0000-0000-0000-00000005EAE7}
T{00000000-0000-0000-0000-0000002AB29C}
T{00000000-0000-0000-0000-0000001346D0}
T{00000000-0000-0000-0000-00000013C018}
T{00000000-0000-0000-0000-0000002628D3}
T{00000000-0000-0000-0000-00000026E010}
T{00000000-0000-0000-0000-000000178759}
T{00000000-0000-0000-0000-000000071C8B}
T{00000000-0000-0000-0000-0000000F92E6}
T{00000000-0000-0000-0000-000000144245}
T{00000000-0000-0000-0000-00000030AD9D}
T{00000000-0000-0000-0000-0000000165C2}
T{00000000-0000-0000-0000-0000000C18FD}
T{00000000-0000-0000-0000-00000002CDA0}
T{00000000-0000-0000-0000-0000002F41B7}
T{00000000-0000-0000-0000-0000002B1BE0}
T{00000000-0000-0000-0000-00000016D4B1}
T{00000000-0000-0000-0000-00000016C483}
T{00000000-0000-0000-0000-00000011D496}
T{00000000-0000-0000-0000-0000000751DF}
T{00000000-0000-0000-0000-0000000A857A}
T{00000000-0000-0000-0000-000000116C2F}
T{00000000-0000-0000-0000-000000306354}
F{00000000-0000-0000-0000-000000043B45}
T{00000000-0000-0000-0000-0000002E1F66}
T{00000000-0000-0000-0000-0000002CE1D9}
T{00000000-0000-0000-0000-00000002C3AA}
T{00000000-0000-0000-0000-0000000A7724}
T{00000000-0000-0000-0000-0000000E5005}
T{00000000-0000-0000-0000-0000002B18BA}
T{00000000-0000-0000-0000-000000225A5F}
T{00000000-0000-0000-0000-00000029FC3C}
T{00000000-0000-0000-0000-0000000EE1D3}
T{00000000-0000-0000-0000-0000001FDB97}
T{00000000-0000-0000-0000-00000029AAEE}
T{00000000-0000-0000-0000-00000004667E}
T{00000000-0000-0000-0000-00000020AC91}
T{00000000-0000-0000-0000-0000000BF91D}
T{00000000-0000-0000-0000-0000000B0FC2}
T{00000000-0000-0000-0000-0000000778E0}
T{00000000-0000-0000-0000-0000001DB905}
T{00000000-0000-0000-0000-000000119E8F}
T{00000000-0000-0000-0000-0000000FDB15}
T{00000000-0000-0000-0000-0000000D810E}
T{00000000-0000-0000-0000-0000001C26F2}
T{00000000-0000-0000-0000-00000010C11C}
T{00000000-0000-0000-0000-0000001EF69C}
T{00000000-0000-0000-0000-0000002A48E1}
T{00000000-0000-0000-0000-00000016A724}
T{00000000-0000-0000-0000-0000001E66B8}
T{00000000-0000-0000-0000-000000336110}
T{00000000-0000-0000-0000-000000157438}
T{00000000-0000-0000-0000-000000148E33}
T{00000000-0000-0000-0000-00000018CD3C}
T{00000000-0000-0000-0000-0000000786FE}
T{00000000-0000-0000-0000-0000002E262E}
T{00000000-0000-0000-0000-0000001363C8}
F{00000000-0000-0000-0000-00000010DF30}
T{00000000-0000-0000-0000-000000167D88}
T{00000000-0000-0000-0000-000000080077}
T{00000000-0000-0000-0000-000000285B6E}
T{00000000-0000-0000-0000-0000002ECB63}
T{00000000-0000-0000-0000-0000001042F6}
T{00000000-0000-0000-0000-0000001FE649}
T{00000000-0000-0000-0000-0000000CF806}
T{00000000-0000-0000-0000-0000001731F1}
T{00000000-0000-0000-0000-000000154A0A}
T{00000000-0000-0000-0000-000000311293}
T{00000000-0000-0000-0000-0000001C6F76}
T{00000000-0000-0000-0000-000000184086}
T{00000000-0000-0000-0000-0000001A143C}
T{00000000-0000-0000-0000-00000019C3F6}
T{00000000-0000-0000-0000-0000001142A0}
T{00000000-0000-0000-0000-00000023045E}
T{00000000-0000-0000-0000-0000001F248A}
T{00000000-0000-0000-0000-0000000349E5}
T{00000000-0000-0000-0000-00000004F5F1}
T{00000000-0000-0000-0000-0000002ECDE4}
T{00000000-0000-0000-0000-000000039837}
T{00000000-0000-0000-0000-00000030D493}
T{00000000-0000-0000-0000-000000270F6A}
T{00000000-0000-0000-0000-0000001F8853}
T{00000000-0000-0000-0000-00000019EF1D}
T{00000000-0000-0000-0000-0000002E00AF}
T{00000000-0000-0000-0000-0000001CBD07}
T{00000000-0000-0000-0000-0000002E94C2}
T{00000000-0000-0000-0000-000000040FA5}
T{00000000-0000-0000-0000-0000002CC4A3}
T{00000000-0000-0000-0000-0000000FD6F4}
T{00000000-0000-0000-0000-000000118C64}
T{00000000-0000-0000-0000-000000001EE5}
T{00000000-0000-0000-0000-00000015B5F2}
F{00000000-0000-0000-0000-0000002415F2}
T{00000000-0000-0000-0000-00000000D30C}
T{00000000-0000-0000-0000-00000009E6FA}
T{00000000-0000-0000-0000-00000026C27D}
T{00000000-0000-0000-0000-00000030E635}
T{00000000-0000-0000-0000-00000028F5E5}
T{00000000-0000-0000-0000-00000011693B}
T{00000000-0000-0000-0000-00000024AB7D}
T{00000000-0000-0000-0000-00000000D3F0}
T{00000000-0000-0000-0000-000000270B88}
T{00000000-0000-0000-0000-000000009FD6}
T{00000000-0000-0000-0000-0000002ECDE4}
T{00000000-0000-0000-0000-0000002FFF7B}
T{00000000-0000-0000-0000-0000000882A8}
T{00000000-0000-0000-0000-000000004AB4}
T{00000000-0000-0000-0000-00000030C1CC}
T{00000000-0000-0000-0000-0000000278EE}
T{00000000-0000-0000-0000-0000001F248A}
T{00000000-0000-0000-0000-0000000FB28B}
T{00000000-0000-0000-0000-0000001CCEE4}
T{00000000-0000-0000-0000-0000000D8FFD}
T{00000000-0000-0000-0000-0000002EFFA9}
T{00000000-0000-0000-0000-000000225A5F}
T{00000000-0000-0000-0000-0000000CCDAC}
T{00000000-0000-0000-0000-00000015A631}
T{00000000-0000-0000-0000-000000109228}
T{00000000-0000-0000-0000-000000281EF9}
T{00000000-0000-0000-0000-0000001BC70F}
T{00000000-0000-0000-0000-00000010C11C}
T{00000000-0000-0000-0000-000000229D83}
F{00000000-0000-0000-0000-000000050381}
T{00000000-0000-0000-0000-0000003110A0}
T{00000000-0000-0000-0000-0000002EDF9D}
