F{00000000-0000-0000-0000-000000122CB0}
F{00000000-0000-0000-0000-00000001C42B}
F{00000000-0000-0000-0000-00000012AF34}
F{00000000-0000-0000-0000-0000000AE099}
F{00000000-0000-0000-0000-000000086E8A}
F{00000000-0000-0000-0000-00000007E3BE}
T{00000000-0000-0000-0000-000000100D87}
T{00000000-0000-0000-0000-00000002A492}
T{00000000-0000-0000-0000-000000039877}
T{00000000-0000-0000-0000-0000000ED161}
F{00000000-0000-0000-0000-000000041967}
F{00000000-0000-0000-0000-00000031941A}
F{00000000-0000-0000-0000-0000000346B7}
F{00000000-0000-0000-0000-000000038479}
F{00000000-0000-0000-0000-0000002716C8}
F{00000000-0000-0000-0000-00000001AAB3}
F{00000000-0000-0000-0000-0000000C6B65}
F{00000000-0000-0000-0000-00000008179C}
T{00000000-0000-0000-0000-000000078B95}
F{00000000-0000-0000-0000-000000077D94}
F{00000000-0000-0000-0000-000000019B30}
F{00000000-0000-0000-0000-000000019910}
F{00000000-0000-0000-0000-000000267D6D}
F{00000000-0000-0000-0000-000000061C56}
F{00000000-0000-0000-0000-00000033B3D6}
T{00000000-0000-0000-0000-000000018FBC}
T{00000000-0000-0000-0000-0000000802A5}
F{00000000-0000-0000-0000-000000018C66}
T{00000000-0000-0000-0000-00000033627A}
T{00000000-0000-0000-0000-000000125376}
F{00000000-0000-0000-0000-00000009F26B}
F{00000000-0000-0000-0000-000000132F5E}
T{00000000-0000-0000-0000-0000002C4823}
F{00000000-0000-0000-0000-000000271353}
F{00000000-0000-0000-0000-0000002B0555}
F{00000000-0000-0000-0000-00000033629C}
F{00000000-0000-0000-0000-000000099302}
F{00000000-0000-0000-0000-000000062238}
F{00000000-0000-0000-0000-000000011C79}
F{00000000-0000-0000-0000-0000002C418E}
F{00000000-0000-0000-0000-00000009C060}
F{00000000-0000-0000-0000-000000059D2F}
F{00000000-0000-0000-0000-00000014DA5C}
F{00000000-0000-0000-0000-000000304C1E}
F{00000000-0000-0000-0000-00000016D8EC}
F{00000000-0000-0000-0000-0000000108B3}
F{00000000-0000-0000-0000-000000101B79}
T{00000000-0000-0000-0000-000000039869}
F{00000000-0000-0000-0000-000000030FAE}
F{00000000-0000-0000-0000-000000220995}
F{00000000-0000-0000-0000-00000005FF3F}
F{00000000-0000-0000-0000-00000003496E}
F{00000000-0000-0000-0000-000000060468}
F{00000000-0000-0000-0000-0000001278AF}
F{00000000-0000-0000-0000-0000000A8C33}
F{00000000-0000-0000-0000-00000027EFDF}
F{00000000-0000-0000-0000-00000025482D}
T{00000000-0000-0000-0000-000000303F08}
F{00000000-0000-0000-0000-0000002D3ED8}
F{00000000-0000-0000-0000-0000000567C5}
F{00000000-0000-0000-0000-0000000ABD11}
F{00000000-0000-0000-0000-000000177868}
T{00000000-0000-0000-0000-0000002B3978}
F{00000000-0000-0000-0000-0000000C5D03}
F{00000000-0000-0000-0000-0000000BBAF7}
F{00000000-0000-0000-0000-0000002D5353}
F{00000000-0000-0000-0000-000000010A7C}
F{00000000-0000-0000-0000-000000219EFE}
F{00000000-0000-0000-0000-000000046E22}
F{00000000-0000-0000-0000-00000032E6F6}
F{00000000-0000-0000-0000-00000013BD56}
F{00000000-0000-0000-0000-0000000FCF04}
F{00000000-0000-0000-0000-000000172673}
F{00000000-0000-0000-0000-000000099D5D}
F{00000000-0000-0000-0000-00000025C115}
F{00000000-0000-0000-0000-00000032E859}
T{00000000-0000-0000-0000-00000007CFFF}
F{00000000-0000-0000-0000-000000007910}
T{00000000-0000-0000-0000-0000000077BD}
F{00000000-0000-0000-0000-0000000604DA}
F{00000000-0000-0000-0000-0000000876F9}
F{00000000-0000-0000-0000-0000000B1846}
F{00000000-0000-0000-0000-00000022664D}
F{00000000-0000-0000-0000-000000273331}
F{00000000-0000-0000-0000-000000029DB2}
T{00000000-0000-0000-0000-00000001E74C}
F{00000000-0000-0000-0000-000000264C56}
F{00000000-0000-0000-0000-00000026A490}
F{00000000-0000-0000-0000-000000041E64}
T{00000000-0000-0000-0000-0000002C99F1}
F{00000000-0000-0000-0000-00000016BA6A}
F{00000000-0000-0000-0000-00000005EE69}
F{00000000-0000-0000-0000-000000064615}
F{00000000-0000-0000-0000-000000332CFE}
F{00000000-0000-0000-0000-0000001E35CC}
F{00000000-0000-0000-0000-000000023E71}
F{00000000-0000-0000-0000-0000002CEF50}
F{00000000-0000-0000-0000-0000001672E1}
F{00000000-0000-0000-0000-00000000740B}
T{00000000-0000-0000-0000-0000000E70A1}
F{00000000-0000-0000-0000-00000026F535}
T{00000000-0000-0000-0000-000000103047}
T{00000000-0000-0000-0000-00000014929E}
T{00000000-0000-0000-0000-000000339F1B}
T{00000000-0000-0000-0000-00000011906B}
T{00000000-0000-0000-0000-000000069126}
T{00000000-0000-0000-0000-0000001C1F9A}
T{00000000-0000-0000-0000-000000183729}
T{00000000-0000-0000-0000-0000002FD8B5}
T{00000000-0000-0000-0000-0000002CE877}
T{00000000-0000-0000-0000-0000000E3A6D}
T{00000000-0000-0000-0000-0000002E2FAF}
F{00000000-0000-0000-0000-000000241392}
T{00000000-0000-0000-0000-0000000A9994}
T{00000000-0000-0000-0000-000000028DA7}
T{00000000-0000-0000-0000-0000000592AC}
T{00000000-0000-0000-0000-0000000CD9B2}
T{00000000-0000-0000-0000-00000031DCC0}
T{00000000-0000-0000-0000-00000009F213}
T{00000000-0000-0000-0000-000000165983}
T{00000000-0000-0000-0000-0000000DBCB6}
T{00000000-0000-0000-0000-0000002FBB20}
F{00000000-0000-0000-0000-00000026F535}
T{00000000-0000-0000-0000-0000001DCF7D}
T{00000000-0000-0000-0000-00000021E781}
T{00000000-0000-0000-0000-00000008D824}
T{00000000-0000-0000-0000-0000000FD129}
T{00000000-0000-0000-0000-00000026BEA4}
T{00000000-0000-0000-0000-000000032A81}
T{00000000-0000-0000-0000-000000071C8B}
T{00000000-0000-0000-0000-00000009D224}
T{00000000-0000-0000-0000-0000000CE0CB}
T{00000000-0000-0000-0000-00000007D8D9}
T{00000000-0000-0000-0000-00000025A69A}
T{00000000-0000-0000-0000-00000001C6D5}
T{00000000-0000-0000-0000-00000016B01C}
T{00000000-0000-0000-0000-00000001C250}
T{00000000-0000-0000-0000-0000000FD935}
T{00000000-0000-0000-0000-0000001DCB72}
T{00000000-0000-0000-0000-00000020C4D2}
T{00000000-0000-0000-0000-0000000DC09C}
T{00000000-0000-0000-0000-00000002D6CE}
T{00000000-0000-0000-0000-00000020FF69}
F{00000000-0000-0000-0000-000000167516}
T{00000000-0000-0000-0000-000000105F74}
T{00000000-0000-0000-0000-00000028C379}
T{00000000-0000-0000-0000-0000000BD634}
T{00000000-0000-0000-0000-0000002A84DF}
T{00000000-0000-0000-0000-000000051510}
T{00000000-0000-0000-0000-0000002D98E1}
F{00000000-0000-0000-0000-0000000A06FB}
T{00000000-0000-0000-0000-000000316D5A}
T{00000000-0000-0000-0000-00000020F530}
T{00000000-0000-0000-0000-0000002654B2}
T{00000000-0000-0000-0000-00000026F535}
T{00000000-0000-0000-0000-000000139551}
T{00000000-0000-0000-0000-000000321595}
T{00000000-0000-0000-0000-0000000FE25B}
T{00000000-0000-0000-0000-00000004983B}
T{00000000-0000-0000-0000-00000033931C}
T{00000000-0000-0000-0000-0000000C17BA}
T{00000000-0000-0000-0000-0000002C8ED7}
T{00000000-0000-0000-0000-00000014930C}
T{00000000-0000-0000-0000-0000002D666D}
F{00000000-0000-0000-0000-000000038CA4}
T{00000000-0000-0000-0000-0000001793D4}
T{00000000-0000-0000-0000-000000200AD1}
T{00000000-0000-0000-0000-0000001945E2}
T{00000000-0000-0000-0000-0000002A6EF1}
T{00000000-0000-0000-0000-000000213B13}
F{00000000-0000-0000-0000-0000002A63DB}
T{00000000-0000-0000-0000-000000107224}
T{00000000-0000-0000-0000-00000033A9DE}
T{00000000-0000-0000-0000-000000323BCC}
T{00000000-0000-0000-0000-000000299FFC}
T{00000000-0000-0000-0000-0000002E94D3}
F{00000000-0000-0000-0000-0000000B6F8C}
T{00000000-0000-0000-0000-0000000D08E5}
T{00000000-0000-0000-0000-0000002D1AA3}
T{00000000-0000-0000-0000-000000310E8E}
T{00000000-0000-0000-0000-0000001972CE}
T{00000000-0000-0000-0000-000000247411}
T{00000000-0000-0000-0000-00000002EB21}
T{00000000-0000-0000-0000-0000000C17BA}
T{00000000-0000-0000-0000-00000015C112}
T{00000000-0000-0000-0000-000000258070}
T{00000000-0000-0000-0000-000000275B47}
T{00000000-0000-0000-0000-000000137E88}
T{00000000-0000-0000-0000-00000001B323}
T{00000000-0000-0000-0000-00000009D698}
T{00000000-0000-0000-0000-0000002E2FAF}
T{00000000-0000-0000-0000-0000001A2594}
T{00000000-0000-0000-0000-0000000062F0}
T{00000000-0000-0000-0000-0000002C8C3A}
T{00000000-0000-0000-0000-00000029AD7A}
T{00000000-0000-0000-0000-0000000EE0FB}
T{00000000-0000-0000-0000-00000018AD71}
T{00000000-0000-0000-0000-00000023E404}
T{00000000-0000-0000-0000-000000128102}
T{00000000-0000-0000-0000-000000074C2A}
T{00000000-0000-0000-0000-0000002B1349}
T{00000000-0000-0000-0000-00000004CC8A}
F{00000000-0000-0000-0000-0000000B81AE}
T{00000000-0000-0000-0000-000000194966}
T{00000000-0000-0000-0000-000000066024}
T{00000000-0000-0000-0000-00000004565F}
T{00000000-0000-0000-0000-00000021A404}
T{00000000-0000-0000-0000-0000001DD373}
T{00000000-0000-0000-0000-000000213B13}
T{00000000-0000-0000-0000-00000015ABCA}
T{00000000-0000-0000-0000-0000001FE216}
T{00000000-0000-0000-0000-0000001713CD}
T{00000000-0000-0000-0000-00000021DDE9}
T{00000000-0000-0000-0000-0000001675CD}
T{00000000-0000-0000-0000-0000000E546D}
T{00000000-0000-0000-0000-00000000C66B}
T{00000000-0000-0000-0000-00000027A2FF}
T{00000000-0000-0000-0000-0000002736F1}
T{00000000-0000-0000-0000-000000090872}
T{00000000-0000-0000-0000-0000001C284A}
T{00000000-0000-0000-0000-0000000FF60F}
T{00000000-0000-0000-0000-0000000383AB}
T{00000000-0000-0000-0000-0000002C8ED7}
T{00000000-0000-0000-0000-000000005550}
T{00000000-0000-0000-0000-0000000F0447}
T{00000000-0000-0000-0000-000000029B2E}
T{00000000-0000-0000-0000-0000002225A2}
T{00000000-0000-0000-0000-00000022DC3A}
T{00000000-0000-0000-0000-0000002E4BA1}
T{00000000-0000-0000-0000-00000017B9E1}
T{00000000-0000-0000-0000-000000078C7B}
T{00000000-0000-0000-0000-0000001DDA89}
T{00000000-0000-0000-0000-0000000D48EA}
T{00000000-0000-0000-0000-0000000995F8}
T{00000000-0000-0000-0000-000000334A1E}
T{00000000-0000-0000-0000-00000016359A}
T{00000000-0000-0000-0000-000000048F9B}
T{00000000-0000-0000-0000-00000006FA4F}
F{00000000-0000-0000-0000-0000002553EB}
T{00000000-0000-0000-0000-0000001B9E27}
T{00000000-0000-0000-0000-00000001079B}
T{00000000-0000-0000-0000-0000000F121F}
T{00000000-0000-0000-0000-0000001ABA49}
T{00000000-0000-0000-0000-00000020BA87}
T{00000000-0000-0000-0000-0000002A7B4E}
T{00000000-0000-0000-0000-0000002CEAAC}
T{00000000-0000-0000-0000-0000001A4EC5}
T{00000000-0000-0000-0000-000000325504}
T{00000000-0000-0000-0000-00000033A0BA}
T{00000000-0000-0000-0000-00000012E67F}
T{00000000-0000-0000-0000-00000021056F}
T{00000000-0000-0000-0000-0000001C7100}
F{00000000-0000-0000-0000-0000002FC356}
T{00000000-0000-0000-0000-0000000FA82D}
T{00000000-0000-0000-0000-000000325592}
T{00000000-0000-0000-0000-000000179479}
T{00000000-0000-0000-0000-0000000D5073}
T{00000000-0000-0000-0000-00000011906B}
T{00000000-0000-0000-0000-000000248FFC}
T{00000000-0000-0000-0000-00000032E9B7}
T{00000000-0000-0000-0000-00000003DF47}
F{00000000-0000-0000-0000-0000001FC332}
T{00000000-0000-0000-0000-0000000F1799}
T{00000000-0000-0000-0000-0000000982BB}
T{00000000-0000-0000-0000-0000002ECC1F}
F{00000000-0000-0000-0000-000000137926}
T{00000000-0000-0000-0000-0000000B6BCD}
T{00000000-0000-0000-0000-00000032A359}
F{00000000-0000-0000-0000-0000002DD910}
T{00000000-0000-0000-0000-0000002B0739}
T{00000000-0000-0000-0000-0000000D8138}
T{00000000-0000-0000-0000-00000032F5D9}
T{00000000-0000-0000-0000-00000031FD22}
T{00000000-0000-0000-0000-00000019B2C9}
T{00000000-0000-0000-0000-0000002ADED6}
T{00000000-0000-0000-0000-0000000E2183}
T{00000000-0000-0000-0000-00000000253E}
T{00000000-0000-0000-0000-00000032212E}
T{00000000-0000-0000-0000-00000020AC91}
T{00000000-0000-0000-0000-00000032A1D1}
T{00000000-0000-0000-0000-0000000F5F95}
T{00000000-0000-0000-0000-0000000081C6}
T{00000000-0000-0000-0000-0000002802D9}
F{00000000-0000-0000-0000-0000000BC199}
T{00000000-0000-0000-0000-0000002802D9}
T{00000000-0000-0000-0000-0000001CF86E}
T{00000000-0000-0000-0000-000000325445}
T{00000000-0000-0000-0000-00000022DC3A}
T{00000000-0000-0000-0000-0000001D05EC}
T{00000000-0000-0000-0000-0000001B8900}
T{00000000-0000-0000-0000-00000028C612}
T{00000000-0000-0000-0000-00000011BAB8}
T{00000000-0000-0000-0000-00000008DE54}
T{00000000-0000-0000-0000-00000028CBAD}
T{00000000-0000-0000-0000-000000317998}
T{00000000-0000-0000-0000-000000119449}
T{00000000-0000-0000-0000-00000004CC8A}
T{00000000-0000-0000-0000-00000013181A}
T{00000000-0000-0000-0000-00000018B61C}
T{00000000-0000-0000-0000-0000002C0FA0}
T{00000000-0000-0000-0000-000000268175}
T{00000000-0000-0000-0000-000000138989}
T{00000000-0000-0000-0000-0000001533CE}
T{00000000-0000-0000-0000-0000000A09D9}
T{00000000-0000-0000-0000-00000019B2C9}
T{00000000-0000-0000-0000-0000001260DA}
T{00000000-0000-0000-0000-00000026C499}
T{00000000-0000-0000-0000-000000171858}
T{00000000-0000-0000-0000-0000002C8ED7}
T{00000000-0000-0000-0000-00000008CBD3}
T{00000000-0000-0000-0000-000000105EA9}
T{00000000-0000-0000-0000-0000001BF328}
T{00000000-0000-0000-0000-00000005C078}
T{00000000-0000-0000-0000-0000000FD379}
T{00000000-0000-0000-0000-00000001A4B8}
T{00000000-0000-0000-0000-00000033C6A6}
T{00000000-0000-0000-0000-0000002F45CC}
T{00000000-0000-0000-0000-0000002301DA}
T{00000000-0000-0000-0000-0000002F8ADD}
F{00000000-0000-0000-0000-0000002415F2}
T{00000000-0000-0000-0000-0000002D0034}
T{00000000-0000-0000-0000-00000017083A}
T{00000000-0000-0000-0000-0000001D11C1}
T{00000000-0000-0000-0000-00000029EB16}
T{00000000-0000-0000-0000-0000001076A3}
F{00000000-0000-0000-0000-0000000BC199}
T{00000000-0000-0000-0000-000000273384}
T{00000000-0000-0000-0000-0000000D8E6B}
F{00000000-0000-0000-0000-000000243F02}
T{00000000-0000-0000-0000-00000016B4C3}
T{00000000-0000-0000-0000-000000097636}
T{00000000-0000-0000-0000-00000021855A}
T{00000000-0000-0000-0000-0000002E5658}
T{00000000-0000-0000-0000-0000001680DD}
T{00000000-0000-0000-0000-0000000DD4ED}
T{00000000-0000-0000-0000-0000002F6EB0}
T{00000000-0000-0000-0000-0000000B6BCD}
T{00000000-0000-0000-0000-00000006805A}
T{00000000-0000-0000-0000-00000026DCDA}
T{00000000-0000-0000-0000-0000000E75F6}
T{00000000-0000-0000-0000-00000004EB9D}
T{00000000-0000-0000-0000-000000205C4B}
T{00000000-0000-0000-0000-0000002BDCEA}
T{00000000-0000-0000-0000-000000213619}
T{00000000-0000-0000-0000-0000000EA96F}
T{00000000-0000-0000-0000-00000004F2C0}
T{00000000-0000-0000-0000-00000021DFC6}
F{00000000-0000-0000-0000-000000064EFA}
T{00000000-0000-0000-0000-00000001DFF8}
T{00000000-0000-0000-0000-0000002A48F5}
T{00000000-0000-0000-0000-000000111DA3}
T{00000000-0000-0000-0000-0000001EA152}
T{00000000-0000-0000-0000-0000001EA7C7}
T{00000000-0000-0000-0000-00000013867E}
T{00000000-0000-0000-0000-000000215AF9}
T{00000000-0000-0000-0000-0000002C6C38}
T{00000000-0000-0000-0000-000000087BAA}
T{00000000-0000-0000-0000-00000008CC60}
T{00000000-0000-0000-0000-00000025D311}
T{00000000-0000-0000-0000-0000002655A0}
F{00000000-0000-0000-0000-000000273789}
T{00000000-0000-0000-0000-00000022451C}
T{00000000-0000-0000-0000-0000000BD0B4}
T{00000000-0000-0000-0000-00000011BF00}
T{00000000-0000-0000-0000-00000017B9E1}
T{00000000-0000-0000-0000-00000033E209}
T{00000000-0000-0000-0000-0000002DC1A8}
T{00000000-0000-0000-0000-0000003226FF}
T{00000000-0000-0000-0000-0000000A74B2}
T{00000000-0000-0000-0000-000000028813}
T{00000000-0000-0000-0000-0000002E4B95}
T{00000000-0000-0000-0000-000000019710}
T{00000000-0000-0000-0000-0000003203FE}
T{00000000-0000-0000-0000-0000001DCB72}
T{00000000-0000-0000-0000-00000016359A}
T{00000000-0000-0000-0000-0000002737FC}
T{00000000-0000-0000-0000-0000001A4EC5}
F{00000000-0000-0000-0000-0000000FA0F7}
T{00000000-0000-0000-0000-0000002D5BA3}
T{00000000-0000-0000-0000-0000000D48CA}
T{00000000-0000-0000-0000-00000004E57A}
F{00000000-0000-0000-0000-0000000F1562}
T{00000000-0000-0000-0000-000000010ABD}
T{00000000-0000-0000-0000-00000021D053}
T{00000000-0000-0000-0000-000000004029}
T{00000000-0000-0000-0000-00000026C499}
T{00000000-0000-0000-0000-0000000526D0}
T{00000000-0000-0000-0000-0000000F3FCF}
T{00000000-0000-0000-0000-000000240ED2}
T{00000000-0000-0000-0000-0000001AF722}
T{00000000-0000-0000-0000-0000002088CF}
T{00000000-0000-0000-0000-000000071997}
T{00000000-0000-0000-0000-000000048F75}
T{00000000-0000-0000-0000-0000000804CA}
T{00000000-0000-0000-0000-0000001D11C1}
T{00000000-0000-0000-0000-0000001CF128}
T{00000000-0000-0000-0000-0000002D7120}
T{00000000-0000-0000-0000-00000028EEF1}
T{00000000-0000-0000-0000-00000033DDF4}
T{00000000-0000-0000-0000-000000057797}
T{00000000-0000-0000-0000-000000324146}
T{00000000-0000-0000-0000-000000335971}
T{00000000-0000-0000-0000-000000138055}
T{00000000-0000-0000-0000-00000007E567}
T{00000000-0000-0000-0000-000000069F05}
T{00000000-0000-0000-0000-00000020C7F6}
T{00000000-0000-0000-0000-0000000ABF5C}
T{00000000-0000-0000-0000-00000010BC8E}
T{00000000-0000-0000-0000-000000316671}
F{00000000-0000-0000-0000-0000000A1852}
T{00000000-0000-0000-0000-00000016554C}
T{00000000-0000-0000-0000-00000019AD8A}
T{00000000-0000-0000-0000-0000000B01FE}
T{00000000-0000-0000-0000-00000009BD2B}
T{00000000-0000-0000-0000-00000009754B}
F{00000000-0000-0000-0000-000000025A62}
T{00000000-0000-0000-0000-0000000A232E}
T{00000000-0000-0000-0000-00000027ED77}
T{00000000-0000-0000-0000-0000001BAAE6}
T{00000000-0000-0000-0000-0000002FBC82}
T{00000000-0000-0000-0000-0000002B5A9A}
T{00000000-0000-0000-0000-000000165983}
T{00000000-0000-0000-0000-000000299C69}
T{00000000-0000-0000-0000-00000026E110}
T{00000000-0000-0000-0000-0000002FC5A9}
T{00000000-0000-0000-0000-0000000C367E}
T{00000000-0000-0000-0000-000000047517}
T{00000000-0000-0000-0000-0000000F9D10}
T{00000000-0000-0000-0000-00000023DCAB}
T{00000000-0000-0000-0000-0000000FBAB5}
T{00000000-0000-0000-0000-0000002FBC82}
T{00000000-0000-0000-0000-00000022CD5A}
T{00000000-0000-0000-0000-00000021D095}
T{00000000-0000-0000-0000-00000026E850}
T{00000000-0000-0000-0000-00000004133E}
T{00000000-0000-0000-0000-0000001A6C45}
T{00000000-0000-0000-0000-0000001AACEE}
T{00000000-0000-0000-0000-0000001F9DE7}
T{00000000-0000-0000-0000-000000113553}
T{00000000-0000-0000-0000-000000074C2A}
T{00000000-0000-0000-0000-00000008C51B}
T{00000000-0000-0000-0000-0000001D9AAB}
F{00000000-0000-0000-0000-00000018D027}
T{00000000-0000-0000-0000-00000031DB1D}
T{00000000-0000-0000-0000-000000076690}
T{00000000-0000-0000-0000-000000025A62}
T{00000000-0000-0000-0000-000000135FB9}
T{00000000-0000-0000-0000-00000011116B}
T{00000000-0000-0000-0000-0000001DB905}
T{00000000-0000-0000-0000-000000033A9F}
T{00000000-0000-0000-0000-00000002A54C}
T{00000000-0000-0000-0000-000000087B29}
T{00000000-0000-0000-0000-000000028E2D}
T{00000000-0000-0000-0000-00000018ADDC}
T{00000000-0000-0000-0000-00000028EF2F}
T{00000000-0000-0000-0000-0000001A5C09}
T{00000000-0000-0000-0000-00000016ABED}
T{00000000-0000-0000-0000-000000107224}
T{00000000-0000-0000-0000-00000012B2DC}
T{00000000-0000-0000-0000-000000145A1B}
T{00000000-0000-0000-0000-000000163919}
T{00000000-0000-0000-0000-0000002028EE}
T{00000000-0000-0000-0000-0000000EBEF6}
T{00000000-0000-0000-0000-0000000DC09C}
T{00000000-0000-0000-0000-000000126400}
T{00000000-0000-0000-0000-00000022F2AA}
T{00000000-0000-0000-0000-00000022B23B}
T{00000000-0000-0000-0000-00000010F40D}
T{00000000-0000-0000-0000-000000096B1A}
T{00000000-0000-0000-0000-000000330CF4}
T{00000000-0000-0000-0000-000000142AFA}
T{00000000-0000-0000-0000-00000000D9CC}
T{00000000-0000-0000-0000-00000023D28B}
T{00000000-0000-0000-0000-0000002709AF}
T{00000000-0000-0000-0000-00000008DE54}
T{00000000-0000-0000-0000-00000015ABCA}
T{00000000-0000-0000-0000-00000010F58D}
T{00000000-0000-0000-0000-0000002B183F}
T{00000000-0000-0000-0000-00000026DB9A}
T{00000000-0000-0000-0000-0000000129E4}
T{00000000-0000-0000-0000-0000001FF94D}
T{00000000-0000-0000-0000-0000002BB78A}
T{00000000-0000-0000-0000-00000020F530}
T{00000000-0000-0000-0000-0000002EC38F}
T{00000000-0000-0000-0000-000000246908}
T{00000000-0000-0000-0000-0000000FAFD7}
T{00000000-0000-0000-0000-00000030DA81}
T{00000000-0000-0000-0000-0000001B5C93}
T{00000000-0000-0000-0000-0000000D9F8F}
T{00000000-0000-0000-0000-0000002DFEE2}
T{00000000-0000-0000-0000-000000200B10}
F{00000000-0000-0000-0000-0000002CE1D9}
T{00000000-0000-0000-0000-0000001AC986}
T{00000000-0000-0000-0000-000000287886}
T{00000000-0000-0000-0000-0000000CE0A1}
T{00000000-0000-0000-0000-0000001D9FF4}
T{00000000-0000-0000-0000-0000001CF128}
T{00000000-0000-0000-0000-00000007E9CC}
F{00000000-0000-0000-0000-0000001FBE4B}
T{00000000-0000-0000-0000-00000009F821}
T{00000000-0000-0000-0000-00000006C6BE}
T{00000000-0000-0000-0000-0000001EA08F}
T{00000000-0000-0000-0000-00000021DB21}
F{00000000-0000-0000-0000-000000040787}
T{00000000-0000-0000-0000-00000009A203}
T{00000000-0000-0000-0000-000000234B41}
T{00000000-0000-0000-0000-000000272ACA}
F{00000000-0000-0000-0000-0000000BBB6E}
F{00000000-0000-0000-0000-0000000FC77A}
T{00000000-0000-0000-0000-00000029D3E1}
F{00000000-0000-0000-0000-00000026601E}
T{00000000-0000-0000-0000-00000009601D}
T{00000000-0000-0000-0000-00000000C66B}
T{00000000-0000-0000-0000-000000108BD7}
T{00000000-0000-0000-0000-0000001D9DB3}
T{00000000-0000-0000-0000-0000000FAA12}
T{00000000-0000-0000-0000-0000000C1DCA}
T{00000000-0000-0000-0000-0000002553EB}
T{00000000-0000-0000-0000-0000000FD308}
T{00000000-0000-0000-0000-0000002F42E0}
T{00000000-0000-0000-0000-0000000BE0B8}
T{00000000-0000-0000-0000-000000270B88}
T{00000000-0000-0000-0000-0000001062A3}
T{00000000-0000-0000-0000-000000263223}
T{00000000-0000-0000-0000-00000030E6F7}
F{00000000-0000-0000-0000-0000000C5A2F}
T{00000000-0000-0000-0000-000000029272}
T{00000000-0000-0000-0000-000000215BF5}
T{00000000-0000-0000-0000-00000016A7DB}
T{00000000-0000-0000-0000-00000029C979}
T{00000000-0000-0000-0000-0000000EBD37}
T{00000000-0000-0000-0000-00000033DDF4}
T{00000000-0000-0000-0000-0000001BB7B5}
T{00000000-0000-0000-0000-000000100841}
T{00000000-0000-0000-0000-00000018A7BE}
T{00000000-0000-0000-0000-0000000D1C66}
T{00000000-0000-0000-0000-0000002D609F}
F{00000000-0000-0000-0000-00000026C27D}
T{00000000-0000-0000-0000-0000000E16E4}
T{00000000-0000-0000-0000-000000332107}
T{00000000-0000-0000-0000-0000002225A2}
F{00000000-0000-0000-0000-00000026C27D}
T{00000000-0000-0000-0000-0000001E2362}
T{00000000-0000-0000-0000-0000000BAB2E}
T{00000000-0000-0000-0000-00000022CD5A}
T{00000000-0000-0000-0000-0000001929A1}
T{00000000-0000-0000-0000-00000026AFE4}
T{00000000-0000-0000-0000-00000002A54C}
T{00000000-0000-0000-0000-000000198C66}
T{00000000-0000-0000-0000-0000003149A8}
F{00000000-0000-0000-0000-0000002579A9}
T{00000000-0000-0000-0000-0000001129BA}
T{00000000-0000-0000-0000-00000001A851}
T{00000000-0000-0000-0000-000000043569}
T{00000000-0000-0000-0000-0000001B3763}
T{00000000-0000-0000-0000-000000135E20}
T{00000000-0000-0000-0000-0000000DB941}
T{00000000-0000-0000-0000-0000000DF116}
T{00000000-0000-0000-0000-0000000804CA}
T{00000000-0000-0000-0000-0000000FEB93}
F{00000000-0000-0000-0000-0000002C69FD}
T{00000000-0000-0000-0000-000000029272}
T{00000000-0000-0000-0000-0000001DA94C}
T{00000000-0000-0000-0000-0000002C7819}
T{00000000-0000-0000-0000-00000015A631}
T{00000000-0000-0000-0000-00000032D25A}
T{00000000-0000-0000-0000-0000000F72B6}
T{00000000-0000-0000-0000-00000024BFD8}
T{00000000-0000-0000-0000-000000157753}
T{00000000-0000-0000-0000-00000030E904}
T{00000000-0000-0000-0000-00000005FDCA}
T{00000000-0000-0000-0000-0000001C284A}
T{00000000-0000-0000-0000-00000025E10A}
T{00000000-0000-0000-0000-0000000B1219}
T{00000000-0000-0000-0000-00000033E209}
T{00000000-0000-0000-0000-00000003B877}
T{00000000-0000-0000-0000-0000002D0A6E}
T{00000000-0000-0000-0000-000000028E2D}
T{00000000-0000-0000-0000-0000001BF328}
T{00000000-0000-0000-0000-0000002A84DF}
T{00000000-0000-0000-0000-0000000D2954}
T{00000000-0000-0000-0000-0000002A9F2E}
T{00000000-0000-0000-0000-0000000E47AD}
T{00000000-0000-0000-0000-000000033697}
T{00000000-0000-0000-0000-00000012E26D}
T{00000000-0000-0000-0000-0000002C6BF5}
T{00000000-0000-0000-0000-00000028B988}
T{00000000-0000-0000-0000-0000000977BA}
T{00000000-0000-0000-0000-00000024280C}
T{00000000-0000-0000-0000-0000000BD634}
T{00000000-0000-0000-0000-00000011C7E3}
T{00000000-0000-0000-0000-0000002BB78A}
T{00000000-0000-0000-0000-0000001C2990}
T{00000000-0000-0000-0000-00000000604F}
T{00000000-0000-0000-0000-00000030E635}
T{00000000-0000-0000-0000-0000002301DA}
T{00000000-0000-0000-0000-0000002A7AD4}
T{00000000-0000-0000-0000-0000002D4345}
T{00000000-0000-0000-0000-000000064B2A}
T{00000000-0000-0000-0000-00000013FE4D}
T{00000000-0000-0000-0000-00000012B2DC}
T{00000000-0000-0000-0000-0000001797C4}
T{00000000-0000-0000-0000-00000014930C}
T{00000000-0000-0000-0000-0000002E5619}
T{00000000-0000-0000-0000-00000011F82B}
T{00000000-0000-0000-0000-000000051289}
T{00000000-0000-0000-0000-00000029EC77}
T{00000000-0000-0000-0000-0000002836F3}
T{00000000-0000-0000-0000-0000001EC930}
T{00000000-0000-0000-0000-0000001713CD}
T{00000000-0000-0000-0000-00000013A8DC}
T{00000000-0000-0000-0000-000000165109}
T{00000000-0000-0000-0000-0000002F4D0B}
T{00000000-0000-0000-0000-00000004CEEF}
T{00000000-0000-0000-0000-000000313FDF}
T{00000000-0000-0000-0000-0000000EBF01}
T{00000000-0000-0000-0000-00000009E6FA}
T{00000000-0000-0000-0000-000000285C2A}
T{00000000-0000-0000-0000-000000198C66}
T{00000000-0000-0000-0000-0000001B9E6D}
T{00000000-0000-0000-0000-000000209A73}
T{00000000-0000-0000-0000-00000000D30C}
T{00000000-0000-0000-0000-000000163919}
T{00000000-0000-0000-0000-000000097ED7}
T{00000000-0000-0000-0000-00000026601E}
T{00000000-0000-0000-0000-00000019A61D}
T{00000000-0000-0000-0000-0000000305DE}
T{00000000-0000-0000-0000-000000334A1E}
T{00000000-0000-0000-0000-00000010AD5B}
T{00000000-0000-0000-0000-000000031925}
T{00000000-0000-0000-0000-0000000F6C2F}
T{00000000-0000-0000-0000-000000283F32}
T{00000000-0000-0000-0000-0000000C5C6D}
T{00000000-0000-0000-0000-0000001DCD3B}
T{00000000-0000-0000-0000-000000279364}
T{00000000-0000-0000-0000-0000001445D8}
T{00000000-0000-0000-0000-00000016ABED}
T{00000000-0000-0000-0000-00000026EE19}
T{00000000-0000-0000-0000-000000213B13}
T{00000000-0000-0000-0000-0000001D7D61}
T{00000000-0000-0000-0000-000000083D43}
T{00000000-0000-0000-0000-00000008BBE4}
T{00000000-0000-0000-0000-0000000E75F6}
T{00000000-0000-0000-0000-0000000E3A6D}
T{00000000-0000-0000-0000-0000001260DA}
T{00000000-0000-0000-0000-000000091CFD}
T{00000000-0000-0000-0000-00000014CFCB}
T{00000000-0000-0000-0000-00000010AA94}
T{00000000-0000-0000-0000-0000003355D6}
T{00000000-0000-0000-0000-00000014BF21}
T{00000000-0000-0000-0000-00000032A359}
T{00000000-0000-0000-0000-00000030BA69}
T{00000000-0000-0000-0000-0000002D1AA3}
T{00000000-0000-0000-0000-00000007B89D}
F{00000000-0000-0000-0000-000000043B45}
T{00000000-0000-0000-0000-0000000592AC}
T{00000000-0000-0000-0000-0000000EBF05}
T{00000000-0000-0000-0000-0000001713CD}
T{00000000-0000-0000-0000-0000001B6B44}
T{00000000-0000-0000-0000-000000166F37}
T{00000000-0000-0000-0000-000000240263}
T{00000000-0000-0000-0000-0000002EB572}
T{00000000-0000-0000-0000-00000024E792}
T{00000000-0000-0000-0000-0000002E5009}
T{00000000-0000-0000-0000-00000008B3F6}
T{00000000-0000-0000-0000-000000146E62}
T{00000000-0000-0000-0000-00000025E20C}
T{00000000-0000-0000-0000-00000025A45B}
F{00000000-0000-0000-0000-000000222D8F}
T{00000000-0000-0000-0000-00000005FDCA}
T{00000000-0000-0000-0000-00000010D06B}
T{00000000-0000-0000-0000-0000002A63DB}
T{00000000-0000-0000-0000-000000233D90}
T{00000000-0000-0000-0000-000000069126}
T{00000000-0000-0000-0000-000000222415}
T{00000000-0000-0000-0000-0000001882B4}
T{00000000-0000-0000-0000-0000000CF806}
T{00000000-0000-0000-0000-000000011B19}
T{00000000-0000-0000-0000-0000000A1BAA}
T{00000000-0000-0000-0000-000000314CA8}
T{00000000-0000-0000-0000-0000002D904D}
T{00000000-0000-0000-0000-000000047517}
T{00000000-0000-0000-0000-00000012206F}
T{00000000-0000-0000-0000-00000002A54C}
T{00000000-0000-0000-0000-0000002E0958}
T{00000000-0000-0000-0000-00000009D67F}
T{00000000-0000-0000-0000-00000007E9CC}
T{00000000-0000-0000-0000-00000024C85E}
F{00000000-0000-0000-0000-0000000659B7}
T{00000000-0000-0000-0000-00000017FEEB}
T{00000000-0000-0000-0000-00000026E850}
T{00000000-0000-0000-0000-000000268E75}
T{00000000-0000-0000-0000-00000020A68D}
T{00000000-0000-0000-0000-0000000BF87B}
T{00000000-0000-0000-0000-00000005D69A}
T{00000000-0000-0000-0000-000000162E8D}
T{00000000-0000-0000-0000-00000017C277}
T{00000000-0000-0000-0000-000000106389}
T{00000000-0000-0000-0000-000000040787}
T{00000000-0000-0000-0000-00000009BB4C}
T{00000000-0000-0000-0000-0000000C4A02}
T{00000000-0000-0000-0000-00000009BB9B}
T{00000000-0000-0000-0000-00000003FB24}
T{00000000-0000-0000-0000-000000335CDF}
T{00000000-0000-0000-0000-0000002DB7B0}
T{00000000-0000-0000-0000-0000002C45B0}
T{00000000-0000-0000-0000-0000000AC34F}
T{00000000-0000-0000-0000-00000025D734}
T{00000000-0000-0000-0000-00000007523C}
F{00000000-0000-0000-0000-0000000C4472}
T{00000000-0000-0000-0000-00000018D027}
T{00000000-0000-0000-0000-000000305FA5}
T{00000000-0000-0000-0000-00000014E349}
T{00000000-0000-0000-0000-00000004F2C0}
T{00000000-0000-0000-0000-000000147F5A}
T{00000000-0000-0000-0000-0000002D5502}
T{00000000-0000-0000-0000-00000019D25D}
T{00000000-0000-0000-0000-00000018B7E4}
T{00000000-0000-0000-0000-00000027A92A}
T{00000000-0000-0000-0000-0000002E2B72}
T{00000000-0000-0000-0000-000000069FDF}
T{00000000-0000-0000-0000-00000033A9DE}
T{00000000-0000-0000-0000-00000014C193}
T{00000000-0000-0000-0000-0000002F4A5C}
T{00000000-0000-0000-0000-0000003365C2}
F{00000000-0000-0000-0000-0000002C1423}
T{00000000-0000-0000-0000-0000000F1842}
T{00000000-0000-0000-0000-0000000B6BCD}
T{00000000-0000-0000-0000-00000005F59D}
T{00000000-0000-0000-0000-0000003203C7}
T{00000000-0000-0000-0000-0000002E037C}
T{00000000-0000-0000-0000-000000119F47}
T{00000000-0000-0000-0000-000000233D90}
T{00000000-0000-0000-0000-0000001CF128}
T{00000000-0000-0000-0000-00000013FDB8}
T{00000000-0000-0000-0000-000000007AE4}
