F{00000000-0000-0000-0000-0000000C6B65}
F{00000000-0000-0000-0000-00000008179C}
F{00000000-0000-0000-0000-000000078B95}
T{00000000-0000-0000-0000-00000011A575}
F{00000000-0000-0000-0000-000000077D94}
F{00000000-0000-0000-0000-000000019B30}
F{00000000-0000-0000-0000-000000019910}
F{00000000-0000-0000-0000-000000267D6D}
F{00000000-0000-0000-0000-000000061C56}
F{00000000-0000-0000-0000-00000033B3D6}
F{00000000-0000-0000-0000-000000018FBC}
F{00000000-0000-0000-0000-0000000802A5}
F{00000000-0000-0000-0000-000000018C66}
F{00000000-0000-0000-0000-00000033627A}
F{00000000-0000-0000-0000-000000125376}
T{00000000-0000-0000-0000-0000000F2462}
F{00000000-0000-0000-0000-00000009F26B}
T{00000000-0000-0000-0000-00000012B2DC}
T{00000000-0000-0000-0000-000000137837}
F{00000000-0000-0000-0000-000000132F5E}
F{00000000-0000-0000-0000-0000002C4823}
F{00000000-0000-0000-0000-000000271353}
F{00000000-0000-0000-0000-0000002B0555}
F{00000000-0000-0000-0000-00000033629C}
F{00000000-0000-0000-0000-000000099302}
F{00000000-0000-0000-0000-000000062238}
F{00000000-0000-0000-0000-000000011C79}
T{00000000-0000-0000-0000-00000001E845}
F{00000000-0000-0000-0000-0000002C418E}
F{00000000-0000-0000-0000-00000009C060}
F{00000000-0000-0000-0000-000000059D2F}
F{00000000-0000-0000-0000-00000014DA5C}
T{00000000-0000-0000-0000-000000029272}
F{00000000-0000-0000-0000-000000304C1E}
F{00000000-0000-0000-0000-00000016D8EC}
F{00000000-0000-0000-0000-0000000108B3}
T{00000000-0000-0000-0000-0000001D7268}
F{00000000-0000-0000-0000-000000101B79}
F{00000000-0000-0000-0000-000000039869}
T{00000000-0000-0000-0000-00000031720F}
F{00000000-0000-0000-0000-000000030FAE}
F{00000000-0000-0000-0000-000000220995}
F{00000000-0000-0000-0000-00000005FF3F}
F{00000000-0000-0000-0000-00000003496E}
T{00000000-0000-0000-0000-00000020AC91}
F{00000000-0000-0000-0000-000000060468}
F{00000000-0000-0000-0000-0000001278AF}
F{00000000-0000-0000-0000-0000000A8C33}
T{00000000-0000-0000-0000-00000000D3F0}
F{00000000-0000-0000-0000-00000027EFDF}
F{00000000-0000-0000-0000-00000025482D}
F{00000000-0000-0000-0000-000000303F08}
F{00000000-0000-0000-0000-0000002D3ED8}
F{00000000-0000-0000-0000-0000000567C5}
F{00000000-0000-0000-0000-0000000ABD11}
F{00000000-0000-0000-0000-000000177868}
F{00000000-0000-0000-0000-0000002B3978}
F{00000000-0000-0000-0000-0000000C5D03}
T{00000000-0000-0000-0000-00000008DE54}
F{00000000-0000-0000-0000-0000000BBAF7}
F{00000000-0000-0000-0000-0000002D5353}
F{00000000-0000-0000-0000-000000010A7C}
F{00000000-0000-0000-0000-000000219EFE}
F{00000000-0000-0000-0000-000000046E22}
F{00000000-0000-0000-0000-00000032E6F6}
F{00000000-0000-0000-0000-00000013BD56}
F{00000000-0000-0000-0000-0000000FCF04}
T{00000000-0000-0000-0000-000000213B22}
F{00000000-0000-0000-0000-000000172673}
F{00000000-0000-0000-0000-000000099D5D}
F{00000000-0000-0000-0000-00000025C115}
T{00000000-0000-0000-0000-000000184E89}
F{00000000-0000-0000-0000-00000032E859}
F{00000000-0000-0000-0000-00000007CFFF}
F{00000000-0000-0000-0000-000000007910}
F{00000000-0000-0000-0000-0000000077BD}
F{00000000-0000-0000-0000-0000000604DA}
F{00000000-0000-0000-0000-0000000876F9}
F{00000000-0000-0000-0000-0000000B1846}
F{00000000-0000-0000-0000-00000022664D}
F{00000000-0000-0000-0000-000000273331}
F{00000000-0000-0000-0000-000000029DB2}
T{00000000-0000-0000-0000-000000069FDF}
F{00000000-0000-0000-0000-00000001E74C}
F{00000000-0000-0000-0000-000000264C56}
F{00000000-0000-0000-0000-00000026A490}
F{00000000-0000-0000-0000-000000041E64}
F{00000000-0000-0000-0000-0000002C99F1}
F{00000000-0000-0000-0000-00000016BA6A}
T{00000000-0000-0000-0000-0000000C2DA1}
T{00000000-0000-0000-0000-000000005092}
F{00000000-0000-0000-0000-00000005EE69}
F{00000000-0000-0000-0000-000000064615}
F{00000000-0000-0000-0000-000000332CFE}
F{00000000-0000-0000-0000-0000001E35CC}
F{00000000-0000-0000-0000-000000023E71}
F{00000000-0000-0000-0000-0000002CEF50}
F{00000000-0000-0000-0000-0000001672E1}
F{00000000-0000-0000-0000-00000000740B}
F{00000000-0000-0000-0000-0000000E70A1}
T{00000000-0000-0000-0000-0000000F9EC8}
F{00000000-0000-0000-0000-0000000FD50F}
T{00000000-0000-0000-0000-0000001B6479}
T{00000000-0000-0000-0000-000000200AD1}
T{00000000-0000-0000-0000-000000094F35}
T{00000000-0000-0000-0000-000000127E82}
T{00000000-0000-0000-0000-0000000FA8A2}
T{00000000-0000-0000-0000-0000002C9209}
T{00000000-0000-0000-0000-00000006E705}
T{00000000-0000-0000-0000-0000002246FE}
T{00000000-0000-0000-0000-00000000A029}
T{00000000-0000-0000-0000-00000011D265}
T{00000000-0000-0000-0000-0000000D8FFD}
F{00000000-0000-0000-0000-00000032F43E}
T{00000000-0000-0000-0000-0000002AA390}
T{00000000-0000-0000-0000-000000148746}
F{00000000-0000-0000-0000-0000000A14F9}
T{00000000-0000-0000-0000-000000109298}
T{00000000-0000-0000-0000-0000002F7EE6}
T{00000000-0000-0000-0000-00000028DA76}
T{00000000-0000-0000-0000-00000028EC62}
T{00000000-0000-0000-0000-00000013D5B6}
T{00000000-0000-0000-0000-0000000D279A}
T{00000000-0000-0000-0000-0000000C83D2}
T{00000000-0000-0000-0000-0000000A854F}
F{00000000-0000-0000-0000-00000009D224}
T{00000000-0000-0000-0000-00000025D311}
T{00000000-0000-0000-0000-0000000165C2}
F{00000000-0000-0000-0000-000000065757}
T{00000000-0000-0000-0000-000000237D40}
T{00000000-0000-0000-0000-000000047CB1}
T{00000000-0000-0000-0000-000000271B41}
T{00000000-0000-0000-0000-000000244DB6}
T{00000000-0000-0000-0000-00000032998D}
T{00000000-0000-0000-0000-00000028B011}
T{00000000-0000-0000-0000-00000016EF73}
T{00000000-0000-0000-0000-00000026C27D}
T{00000000-0000-0000-0000-0000002ACA97}
T{00000000-0000-0000-0000-00000029B243}
T{00000000-0000-0000-0000-0000000071AA}
T{00000000-0000-0000-0000-0000002D02F7}
T{00000000-0000-0000-0000-000000231DCD}
T{00000000-0000-0000-0000-000000175010}
T{00000000-0000-0000-0000-000000321595}
T{00000000-0000-0000-0000-00000005450B}
T{00000000-0000-0000-0000-00000024AB7D}
T{00000000-0000-0000-0000-000000229D0D}
T{00000000-0000-0000-0000-00000029C6E0}
T{00000000-0000-0000-0000-000000248EB2}
T{00000000-0000-0000-0000-0000001A46E2}
T{00000000-0000-0000-0000-0000002D8997}
T{00000000-0000-0000-0000-0000001A0E82}
T{00000000-0000-0000-0000-0000002CAE37}
T{00000000-0000-0000-0000-00000024B515}
T{00000000-0000-0000-0000-000000290452}
T{00000000-0000-0000-0000-000000037C08}
T{00000000-0000-0000-0000-00000002E84E}
T{00000000-0000-0000-0000-00000021EADC}
T{00000000-0000-0000-0000-00000033AF04}
T{00000000-0000-0000-0000-000000201F5D}
T{00000000-0000-0000-0000-000000165C49}
T{00000000-0000-0000-0000-0000003356C0}
T{00000000-0000-0000-0000-00000013ECB4}
T{00000000-0000-0000-0000-000000251942}
T{00000000-0000-0000-0000-000000029B90}
T{00000000-0000-0000-0000-0000000FD6BB}
T{00000000-0000-0000-0000-0000002131BD}
T{00000000-0000-0000-0000-00000001A534}
T{00000000-0000-0000-0000-000000038CB9}
T{00000000-0000-0000-0000-00000013ECB4}
F{00000000-0000-0000-0000-0000001817C0}
F{00000000-0000-0000-0000-000000009FD6}
T{00000000-0000-0000-0000-0000000E2192}
T{00000000-0000-0000-0000-0000001C71D0}
T{00000000-0000-0000-0000-00000004565F}
T{00000000-0000-0000-0000-000000248FB1}
T{00000000-0000-0000-0000-00000017DCB4}
T{00000000-0000-0000-0000-000000010ABD}
T{00000000-0000-0000-0000-0000002267C9}
T{00000000-0000-0000-0000-0000002E0398}
T{00000000-0000-0000-0000-00000019922D}
T{00000000-0000-0000-0000-0000002E0F9F}
T{00000000-0000-0000-0000-000000035670}
T{00000000-0000-0000-0000-0000002F81C4}
T{00000000-0000-0000-0000-0000000081B9}
T{00000000-0000-0000-0000-0000002F8208}
T{00000000-0000-0000-0000-000000040A67}
T{00000000-0000-0000-0000-00000027899E}
T{00000000-0000-0000-0000-0000001BA81F}
T{00000000-0000-0000-0000-00000007CA58}
T{00000000-0000-0000-0000-000000075A7C}
T{00000000-0000-0000-0000-000000006185}
T{00000000-0000-0000-0000-0000002836F3}
T{00000000-0000-0000-0000-00000010661B}
T{00000000-0000-0000-0000-00000019ED9F}
T{00000000-0000-0000-0000-0000002E66A0}
T{00000000-0000-0000-0000-000000292162}
T{00000000-0000-0000-0000-0000000345B8}
T{00000000-0000-0000-0000-0000002131BD}
F{00000000-0000-0000-0000-000000270D4D}
T{00000000-0000-0000-0000-0000000CE2DB}
T{00000000-0000-0000-0000-0000000F0CB2}
T{00000000-0000-0000-0000-0000002205A3}
T{00000000-0000-0000-0000-000000243449}
T{00000000-0000-0000-0000-00000018A5AE}
T{00000000-0000-0000-0000-000000038939}
T{00000000-0000-0000-0000-0000002A10C0}
T{00000000-0000-0000-0000-000000269D7B}
T{00000000-0000-0000-0000-000000270108}
T{00000000-0000-0000-0000-00000014BF21}
F{00000000-0000-0000-0000-0000002C1423}
T{00000000-0000-0000-0000-000000093A80}
T{00000000-0000-0000-0000-00000002CD7A}
T{00000000-0000-0000-0000-000000216A40}
T{00000000-0000-0000-0000-0000002AD8C9}
T{00000000-0000-0000-0000-0000002D706C}
T{00000000-0000-0000-0000-0000001D0B46}
T{00000000-0000-0000-0000-00000026D0AA}
T{00000000-0000-0000-0000-00000022D4F8}
T{00000000-0000-0000-0000-00000006DA0D}
T{00000000-0000-0000-0000-0000001DE2E1}
T{00000000-0000-0000-0000-00000007F1FD}
T{00000000-0000-0000-0000-00000011E234}
T{00000000-0000-0000-0000-000000094B97}
T{00000000-0000-0000-0000-0000001D0B46}
T{00000000-0000-0000-0000-000000167F15}
T{00000000-0000-0000-0000-0000002F81C4}
F{00000000-0000-0000-0000-000000270476}
T{00000000-0000-0000-0000-000000193212}
T{00000000-0000-0000-0000-000000210D1D}
T{00000000-0000-0000-0000-00000026D438}
T{00000000-0000-0000-0000-0000002C18B7}
T{00000000-0000-0000-0000-000000295FD1}
T{00000000-0000-0000-0000-0000000EBF05}
T{00000000-0000-0000-0000-000000021EAE}
T{00000000-0000-0000-0000-00000011D4C2}
T{00000000-0000-0000-0000-0000000B83A6}
T{00000000-0000-0000-0000-0000000B0FEF}
F{00000000-0000-0000-0000-0000000E75F6}
T{00000000-0000-0000-0000-0000000FAFFA}
T{00000000-0000-0000-0000-00000001B108}
T{00000000-0000-0000-0000-0000003005DD}
T{00000000-0000-0000-0000-0000002131BD}
T{00000000-0000-0000-0000-00000006A340}
T{00000000-0000-0000-0000-00000001EC73}
T{00000000-0000-0000-0000-00000007E00A}
T{00000000-0000-0000-0000-000000320D14}
T{00000000-0000-0000-0000-000000179990}
T{00000000-0000-0000-0000-0000001BF7CE}
T{00000000-0000-0000-0000-000000183C86}
T{00000000-0000-0000-0000-000000124D22}
T{00000000-0000-0000-0000-0000002B448D}
T{00000000-0000-0000-0000-00000000EDFF}
T{00000000-0000-0000-0000-0000001C7B17}
T{00000000-0000-0000-0000-0000002350CC}
T{00000000-0000-0000-0000-000000309351}
T{00000000-0000-0000-0000-0000002E8886}
T{00000000-0000-0000-0000-0000001D28F2}
T{00000000-0000-0000-0000-0000001D1F02}
F{00000000-0000-0000-0000-00000025B204}
T{00000000-0000-0000-0000-0000000B8D46}
F{00000000-0000-0000-0000-0000000A857A}
T{00000000-0000-0000-0000-0000000CE18C}
T{00000000-0000-0000-0000-000000043FA8}
T{00000000-0000-0000-0000-0000002B59AA}
F{00000000-0000-0000-0000-000000213619}
T{00000000-0000-0000-0000-00000005ED27}
T{00000000-0000-0000-0000-0000000FA8D5}
T{00000000-0000-0000-0000-00000010420C}
T{00000000-0000-0000-0000-00000027A869}
T{00000000-0000-0000-0000-0000002203C2}
T{00000000-0000-0000-0000-0000001AF87C}
T{00000000-0000-0000-0000-00000018B61C}
T{00000000-0000-0000-0000-0000001053EF}
T{00000000-0000-0000-0000-00000022473F}
T{00000000-0000-0000-0000-00000011BF00}
T{00000000-0000-0000-0000-0000002246FE}
T{00000000-0000-0000-0000-0000001AB44C}
T{00000000-0000-0000-0000-000000270108}
T{00000000-0000-0000-0000-00000023F0DF}
T{00000000-0000-0000-0000-000000108FAF}
T{00000000-0000-0000-0000-00000022D7B6}
T{00000000-0000-0000-0000-00000016209C}
T{00000000-0000-0000-0000-0000000DEE47}
T{00000000-0000-0000-0000-000000163148}
T{00000000-0000-0000-0000-0000001AC169}
T{00000000-0000-0000-0000-0000001986D9}
T{00000000-0000-0000-0000-0000000AFACB}
T{00000000-0000-0000-0000-000000288E61}
T{00000000-0000-0000-0000-0000001FE216}
T{00000000-0000-0000-0000-000000108FAF}
T{00000000-0000-0000-0000-000000246745}
T{00000000-0000-0000-0000-00000004BE70}
T{00000000-0000-0000-0000-0000002A8151}
T{00000000-0000-0000-0000-000000321513}
T{00000000-0000-0000-0000-0000002D5CCB}
T{00000000-0000-0000-0000-00000021A1E0}
T{00000000-0000-0000-0000-0000002998F7}
T{00000000-0000-0000-0000-0000001C43DD}
T{00000000-0000-0000-0000-000000200A89}
T{00000000-0000-0000-0000-000000094458}
F{00000000-0000-0000-0000-0000003253BF}
F{00000000-0000-0000-0000-00000016BEDB}
T{00000000-0000-0000-0000-0000002E4707}
T{00000000-0000-0000-0000-0000002B59AA}
T{00000000-0000-0000-0000-0000000FB0A9}
T{00000000-0000-0000-0000-000000053FE4}
T{00000000-0000-0000-0000-0000001CF90F}
T{00000000-0000-0000-0000-000000199A5F}
T{00000000-0000-0000-0000-000000048DA0}
T{00000000-0000-0000-0000-000000048DE2}
T{00000000-0000-0000-0000-0000002E66A0}
T{00000000-0000-0000-0000-00000004727B}
T{00000000-0000-0000-0000-000000152DBE}
T{00000000-0000-0000-0000-00000028EC62}
T{00000000-0000-0000-0000-000000084360}
T{00000000-0000-0000-0000-000000153240}
T{00000000-0000-0000-0000-00000032379E}
T{00000000-0000-0000-0000-0000002D3412}
T{00000000-0000-0000-0000-0000002F6564}
T{00000000-0000-0000-0000-0000002B6DAE}
T{00000000-0000-0000-0000-000000065156}
T{00000000-0000-0000-0000-000000028B01}
T{00000000-0000-0000-0000-000000198111}
T{00000000-0000-0000-0000-000000037C08}
T{00000000-0000-0000-0000-000000270979}
T{00000000-0000-0000-0000-0000002963C2}
T{00000000-0000-0000-0000-0000000D97A8}
T{00000000-0000-0000-0000-0000001BB7B5}
T{00000000-0000-0000-0000-00000022FC35}
T{00000000-0000-0000-0000-000000291679}
T{00000000-0000-0000-0000-0000001FE7ED}
T{00000000-0000-0000-0000-0000003080F1}
F{00000000-0000-0000-0000-000000270693}
T{00000000-0000-0000-0000-00000033D857}
T{00000000-0000-0000-0000-0000000AAAD8}
T{00000000-0000-0000-0000-0000000C98C0}
T{00000000-0000-0000-0000-000000106D7C}
T{00000000-0000-0000-0000-00000029B95B}
T{00000000-0000-0000-0000-00000002B53F}
T{00000000-0000-0000-0000-000000088D2F}
F{00000000-0000-0000-0000-00000009F213}
T{00000000-0000-0000-0000-00000000D349}
T{00000000-0000-0000-0000-00000013A82E}
T{00000000-0000-0000-0000-0000001E3028}
T{00000000-0000-0000-0000-00000030BFB1}
T{00000000-0000-0000-0000-0000001FBAF0}
T{00000000-0000-0000-0000-00000020F2D8}
T{00000000-0000-0000-0000-000000209AD2}
T{00000000-0000-0000-0000-00000009F415}
T{00000000-0000-0000-0000-000000209AD2}
T{00000000-0000-0000-0000-000000086CA1}
T{00000000-0000-0000-0000-00000010661B}
T{00000000-0000-0000-0000-0000000B207D}
F{00000000-0000-0000-0000-0000001EA152}
T{00000000-0000-0000-0000-00000020C7F6}
T{00000000-0000-0000-0000-00000010AD5B}
T{00000000-0000-0000-0000-00000026FC87}
T{00000000-0000-0000-0000-000000005195}
T{00000000-0000-0000-0000-000000051120}
T{00000000-0000-0000-0000-000000312F10}
T{00000000-0000-0000-0000-000000318867}
T{00000000-0000-0000-0000-00000012D3D4}
T{00000000-0000-0000-0000-0000002ED065}
T{00000000-0000-0000-0000-0000001FB306}
T{00000000-0000-0000-0000-000000193CDB}
T{00000000-0000-0000-0000-0000000FDA95}
T{00000000-0000-0000-0000-0000001FB306}
T{00000000-0000-0000-0000-0000001D17C3}
T{00000000-0000-0000-0000-000000258366}
T{00000000-0000-0000-0000-0000001FE497}
T{00000000-0000-0000-0000-0000000FA326}
T{00000000-0000-0000-0000-0000002204A2}
T{00000000-0000-0000-0000-00000010E228}
T{00000000-0000-0000-0000-0000000E47CE}
T{00000000-0000-0000-0000-0000002AB7DF}
T{00000000-0000-0000-0000-00000003982D}
T{00000000-0000-0000-0000-00000016D55D}
T{00000000-0000-0000-0000-0000000CE18C}
T{00000000-0000-0000-0000-000000263391}
T{00000000-0000-0000-0000-00000003152B}
T{00000000-0000-0000-0000-00000005D69A}
T{00000000-0000-0000-0000-000000006C45}
T{00000000-0000-0000-0000-00000000C85C}
T{00000000-0000-0000-0000-000000040F4E}
T{00000000-0000-0000-0000-000000333529}
T{00000000-0000-0000-0000-00000019F0CD}
T{00000000-0000-0000-0000-000000270693}
T{00000000-0000-0000-0000-00000032B0D0}
T{00000000-0000-0000-0000-0000001ABB7B}
T{00000000-0000-0000-0000-000000065156}
T{00000000-0000-0000-0000-000000193212}
T{00000000-0000-0000-0000-00000027350B}
T{00000000-0000-0000-0000-0000002578FB}
T{00000000-0000-0000-0000-0000003253BF}
T{00000000-0000-0000-0000-00000024C09B}
T{00000000-0000-0000-0000-00000001A04A}
T{00000000-0000-0000-0000-00000017DBE5}
T{00000000-0000-0000-0000-000000122FE5}
T{00000000-0000-0000-0000-00000013E506}
T{00000000-0000-0000-0000-0000001AB44C}
T{00000000-0000-0000-0000-00000003C9E7}
F{00000000-0000-0000-0000-0000001A4EC5}
F{00000000-0000-0000-0000-0000001A5622}
T{00000000-0000-0000-0000-0000000DB39E}
T{00000000-0000-0000-0000-0000002D3F9E}
T{00000000-0000-0000-0000-0000002AB7DF}
T{00000000-0000-0000-0000-00000009F7B9}
T{00000000-0000-0000-0000-0000000DA58A}
T{00000000-0000-0000-0000-0000000CE303}
T{00000000-0000-0000-0000-00000007278E}
T{00000000-0000-0000-0000-0000001830EA}
T{00000000-0000-0000-0000-0000002EC345}
T{00000000-0000-0000-0000-0000001171C0}
T{00000000-0000-0000-0000-000000007362}
T{00000000-0000-0000-0000-00000024A1FF}
T{00000000-0000-0000-0000-0000000C18FD}
T{00000000-0000-0000-0000-00000000A0DB}
T{00000000-0000-0000-0000-00000024CEA5}
T{00000000-0000-0000-0000-000000257932}
T{00000000-0000-0000-0000-00000022D855}
T{00000000-0000-0000-0000-0000001C7B47}
T{00000000-0000-0000-0000-00000029C6E0}
T{00000000-0000-0000-0000-00000014388F}
T{00000000-0000-0000-0000-00000005942E}
T{00000000-0000-0000-0000-00000027B087}
T{00000000-0000-0000-0000-000000096DAE}
T{00000000-0000-0000-0000-000000148FFB}
T{00000000-0000-0000-0000-00000026EF3E}
T{00000000-0000-0000-0000-00000011B25C}
F{00000000-0000-0000-0000-00000018D027}
T{00000000-0000-0000-0000-000000087BAA}
T{00000000-0000-0000-0000-00000022045C}
T{00000000-0000-0000-0000-0000003080F1}
T{00000000-0000-0000-0000-0000000D14C3}
T{00000000-0000-0000-0000-0000002B6616}
T{00000000-0000-0000-0000-000000018F25}
T{00000000-0000-0000-0000-000000258366}
T{00000000-0000-0000-0000-000000065A6C}
T{00000000-0000-0000-0000-0000001EA2C0}
T{00000000-0000-0000-0000-0000000D333F}
T{00000000-0000-0000-0000-000000091C36}
T{00000000-0000-0000-0000-00000018B304}
T{00000000-0000-0000-0000-00000032998D}
T{00000000-0000-0000-0000-00000008F299}
T{00000000-0000-0000-0000-0000000EF66F}
T{00000000-0000-0000-0000-00000010D0F9}
T{00000000-0000-0000-0000-000000094B97}
F{00000000-0000-0000-0000-0000002415F2}
T{00000000-0000-0000-0000-0000001EA152}
T{00000000-0000-0000-0000-000000281EFC}
T{00000000-0000-0000-0000-0000002A7318}
T{00000000-0000-0000-0000-000000063526}
T{00000000-0000-0000-0000-000000042E57}
T{00000000-0000-0000-0000-0000001C8BC0}
T{00000000-0000-0000-0000-0000001FE50F}
T{00000000-0000-0000-0000-000000167230}
T{00000000-0000-0000-0000-0000000914D8}
F{00000000-0000-0000-0000-0000000F84E7}
T{00000000-0000-0000-0000-00000024B486}
T{00000000-0000-0000-0000-0000000FA8D5}
T{00000000-0000-0000-0000-00000032379E}
T{00000000-0000-0000-0000-0000000A544B}
T{00000000-0000-0000-0000-0000001BF77C}
T{00000000-0000-0000-0000-00000024CE98}
T{00000000-0000-0000-0000-0000001793D4}
T{00000000-0000-0000-0000-00000014DCEA}
T{00000000-0000-0000-0000-00000031AC68}
T{00000000-0000-0000-0000-0000000DA2B8}
T{00000000-0000-0000-0000-000000159F9E}
T{00000000-0000-0000-0000-00000032B0AB}
T{00000000-0000-0000-0000-0000002A8567}
T{00000000-0000-0000-0000-00000020F379}
T{00000000-0000-0000-0000-00000003C757}
T{00000000-0000-0000-0000-00000032FCF7}
T{00000000-0000-0000-0000-00000024A84D}
F{00000000-0000-0000-0000-000000025A62}
T{00000000-0000-0000-0000-0000001817C0}
T{00000000-0000-0000-0000-00000022D4F8}
T{00000000-0000-0000-0000-0000002D0A1C}
T{00000000-0000-0000-0000-00000031211F}
T{00000000-0000-0000-0000-0000001053EF}
T{00000000-0000-0000-0000-00000022B68D}
T{00000000-0000-0000-0000-0000001C4B1C}
F{00000000-0000-0000-0000-0000002225A2}
T{00000000-0000-0000-0000-0000003294C5}
T{00000000-0000-0000-0000-00000007124A}
T{00000000-0000-0000-0000-0000000DB9CC}
T{00000000-0000-0000-0000-00000013152B}
T{00000000-0000-0000-0000-00000000DE8C}
T{00000000-0000-0000-0000-00000001ECA7}
T{00000000-0000-0000-0000-00000012A962}
T{00000000-0000-0000-0000-00000001ECA7}
T{00000000-0000-0000-0000-00000010EFAA}
T{00000000-0000-0000-0000-000000106D7C}
T{00000000-0000-0000-0000-000000241392}
T{00000000-0000-0000-0000-00000032379E}
T{00000000-0000-0000-0000-0000000CE287}
T{00000000-0000-0000-0000-00000009E1BD}
T{00000000-0000-0000-0000-00000020F2D8}
T{00000000-0000-0000-0000-00000013FE32}
F{00000000-0000-0000-0000-000000048F75}
F{00000000-0000-0000-0000-00000017EF5B}
T{00000000-0000-0000-0000-0000001111EB}
T{00000000-0000-0000-0000-0000002518B0}
T{00000000-0000-0000-0000-00000024A6D8}
T{00000000-0000-0000-0000-000000038CB9}
T{00000000-0000-0000-0000-0000002701BE}
T{00000000-0000-0000-0000-000000314C0E}
F{00000000-0000-0000-0000-000000243F02}
T{00000000-0000-0000-0000-00000003F4DF}
T{00000000-0000-0000-0000-000000033863}
T{00000000-0000-0000-0000-0000000F84E7}
F{00000000-0000-0000-0000-000000241392}
T{00000000-0000-0000-0000-00000021F0C7}
T{00000000-0000-0000-0000-0000002325E3}
T{00000000-0000-0000-0000-000000260E71}
T{00000000-0000-0000-0000-00000000BB92}
T{00000000-0000-0000-0000-0000001A6C45}
T{00000000-0000-0000-0000-0000002B8A51}
F{00000000-0000-0000-0000-00000007697F}
T{00000000-0000-0000-0000-00000013E6BD}
T{00000000-0000-0000-0000-0000000CAFAA}
T{00000000-0000-0000-0000-00000028988B}
T{00000000-0000-0000-0000-0000002861E4}
T{00000000-0000-0000-0000-0000000E46CE}
T{00000000-0000-0000-0000-000000243AA3}
T{00000000-0000-0000-0000-00000009D68E}
T{00000000-0000-0000-0000-0000001A3F28}
T{00000000-0000-0000-0000-00000009E1BD}
T{00000000-0000-0000-0000-0000000ABEBE}
T{00000000-0000-0000-0000-0000000213AC}
T{00000000-0000-0000-0000-0000000CA14E}
T{00000000-0000-0000-0000-000000004049}
T{00000000-0000-0000-0000-000000209262}
T{00000000-0000-0000-0000-000000199A5F}
T{00000000-0000-0000-0000-00000023DAD3}
T{00000000-0000-0000-0000-0000002F7EE6}
T{00000000-0000-0000-0000-000000075A7C}
T{00000000-0000-0000-0000-00000006F9C6}
T{00000000-0000-0000-0000-0000001D7F60}
T{00000000-0000-0000-0000-000000094B97}
T{00000000-0000-0000-0000-000000055674}
T{00000000-0000-0000-0000-0000001842C4}
T{00000000-0000-0000-0000-000000318867}
T{00000000-0000-0000-0000-00000015042D}
T{00000000-0000-0000-0000-00000026E11D}
T{00000000-0000-0000-0000-0000000AD714}
T{00000000-0000-0000-0000-0000001AEBE7}
T{00000000-0000-0000-0000-00000020CB01}
T{00000000-0000-0000-0000-00000024A1FF}
T{00000000-0000-0000-0000-0000002A6596}
T{00000000-0000-0000-0000-00000008A1FF}
T{00000000-0000-0000-0000-00000020BD3C}
T{00000000-0000-0000-0000-000000288A42}
T{00000000-0000-0000-0000-000000132C5C}
T{00000000-0000-0000-0000-00000009DB7E}
T{00000000-0000-0000-0000-00000017183E}
T{00000000-0000-0000-0000-000000077EEC}
T{00000000-0000-0000-0000-00000011834D}
T{00000000-0000-0000-0000-0000001E284F}
T{00000000-0000-0000-0000-000000237F3D}
T{00000000-0000-0000-0000-000000076840}
T{00000000-0000-0000-0000-00000024C99F}
T{00000000-0000-0000-0000-000000013379}
T{00000000-0000-0000-0000-000000296564}
T{00000000-0000-0000-0000-000000226C34}
T{00000000-0000-0000-0000-00000027AA03}
T{00000000-0000-0000-0000-00000033A0BA}
T{00000000-0000-0000-0000-0000000A17CD}
T{00000000-0000-0000-0000-000000091CFD}
T{00000000-0000-0000-0000-000000233D90}
T{00000000-0000-0000-0000-00000005A978}
T{00000000-0000-0000-0000-0000001AEF13}
T{00000000-0000-0000-0000-0000000FD50F}
T{00000000-0000-0000-0000-00000006F9C6}
T{00000000-0000-0000-0000-000000291F5A}
T{00000000-0000-0000-0000-00000002991C}
T{00000000-0000-0000-0000-0000002C6D5A}
F{00000000-0000-0000-0000-00000018264F}
T{00000000-0000-0000-0000-000000259F1C}
T{00000000-0000-0000-0000-00000031A5D4}
T{00000000-0000-0000-0000-000000259F1C}
T{00000000-0000-0000-0000-00000018A5AE}
T{00000000-0000-0000-0000-0000000062A7}
T{00000000-0000-0000-0000-00000007F0A5}
T{00000000-0000-0000-0000-00000032F43E}
T{00000000-0000-0000-0000-0000001A5377}
T{00000000-0000-0000-0000-00000026993A}
T{00000000-0000-0000-0000-00000026E10D}
T{00000000-0000-0000-0000-0000000CDCC0}
T{00000000-0000-0000-0000-00000017158F}
T{00000000-0000-0000-0000-0000000FDCC9}
T{00000000-0000-0000-0000-000000174B17}
T{00000000-0000-0000-0000-000000125F54}
T{00000000-0000-0000-0000-0000001FBC4A}
T{00000000-0000-0000-0000-0000002088CF}
F{00000000-0000-0000-0000-000000270D4D}
T{00000000-0000-0000-0000-00000000B029}
T{00000000-0000-0000-0000-0000002C7474}
T{00000000-0000-0000-0000-0000000AAAD8}
T{00000000-0000-0000-0000-0000000334EF}
T{00000000-0000-0000-0000-000000086695}
T{00000000-0000-0000-0000-000000046E9C}
T{00000000-0000-0000-0000-000000004F37}
T{00000000-0000-0000-0000-000000260EFD}
F{00000000-0000-0000-0000-0000002D64C3}
T{00000000-0000-0000-0000-0000002B6616}
T{00000000-0000-0000-0000-0000000B207D}
T{00000000-0000-0000-0000-000000171C5D}
T{00000000-0000-0000-0000-000000079AEC}
F{00000000-0000-0000-0000-0000000AB9DD}
T{00000000-0000-0000-0000-00000014FCA7}
T{00000000-0000-0000-0000-00000011A03A}
T{00000000-0000-0000-0000-000000282AB5}
T{00000000-0000-0000-0000-00000031F98A}
T{00000000-0000-0000-0000-00000033D857}
T{00000000-0000-0000-0000-000000027944}
T{00000000-0000-0000-0000-0000000D9F8F}
T{00000000-0000-0000-0000-00000024C2E5}
T{00000000-0000-0000-0000-000000028B01}
T{00000000-0000-0000-0000-000000207653}
T{00000000-0000-0000-0000-0000002B25A6}
F{00000000-0000-0000-0000-000000213A88}
T{00000000-0000-0000-0000-000000269D7B}
T{00000000-0000-0000-0000-0000002C6839}
T{00000000-0000-0000-0000-00000026AD2B}
T{00000000-0000-0000-0000-000000326DB4}
T{00000000-0000-0000-0000-000000099440}
T{00000000-0000-0000-0000-0000000D8AD8}
T{00000000-0000-0000-0000-00000001A038}
T{00000000-0000-0000-0000-00000025D2A9}
T{00000000-0000-0000-0000-0000002DC1A8}
F{00000000-0000-0000-0000-0000000FAACF}
T{00000000-0000-0000-0000-00000010D0F9}
T{00000000-0000-0000-0000-000000021873}
T{00000000-0000-0000-0000-0000002E2FAF}
T{00000000-0000-0000-0000-0000001111EB}
T{00000000-0000-0000-0000-000000135FEE}
T{00000000-0000-0000-0000-0000001BACFF}
T{00000000-0000-0000-0000-000000155977}
T{00000000-0000-0000-0000-0000002E01AF}
T{00000000-0000-0000-0000-0000002AC2E1}
F{00000000-0000-0000-0000-000000194740}
T{00000000-0000-0000-0000-00000031D0F9}
T{00000000-0000-0000-0000-0000000DD4ED}
T{00000000-0000-0000-0000-0000002F168B}
T{00000000-0000-0000-0000-0000001EF5AC}
T{00000000-0000-0000-0000-000000156961}
T{00000000-0000-0000-0000-000000051120}
T{00000000-0000-0000-0000-0000002CF0AB}
T{00000000-0000-0000-0000-000000306361}
T{00000000-0000-0000-0000-00000008978C}
T{00000000-0000-0000-0000-0000001CAAF4}
T{00000000-0000-0000-0000-0000000DEB1C}
T{00000000-0000-0000-0000-0000002995E2}
T{00000000-0000-0000-0000-0000002A6EF1}
T{00000000-0000-0000-0000-0000000FE3AE}
T{00000000-0000-0000-0000-0000001C7100}
T{00000000-0000-0000-0000-0000001BB200}
T{00000000-0000-0000-0000-0000001243DE}
T{00000000-0000-0000-0000-0000001B5405}
T{00000000-0000-0000-0000-0000000231D2}
T{00000000-0000-0000-0000-00000030ADFE}
T{00000000-0000-0000-0000-0000002E9332}
F{00000000-0000-0000-0000-000000213B13}
T{00000000-0000-0000-0000-000000004DA9}
T{00000000-0000-0000-0000-0000000BD634}
T{00000000-0000-0000-0000-000000259F1C}
T{00000000-0000-0000-0000-0000000DB941}
T{00000000-0000-0000-0000-000000148FFB}
T{00000000-0000-0000-0000-000000194740}
T{00000000-0000-0000-0000-00000014DCEA}
