F{00000000-0000-0000-0000-0000002F0787}
T{00000000-0000-0000-0000-00000002971C}
F{00000000-0000-0000-0000-00000022F0AA}
F{00000000-0000-0000-0000-000000090B1E}
T{00000000-0000-0000-0000-00000007ABFD}
F{00000000-0000-0000-0000-00000033C0DE}
F{00000000-0000-0000-0000-00000009D428}
F{00000000-0000-0000-0000-0000002390CE}
F{00000000-0000-0000-0000-000000028B7A}
T{00000000-0000-0000-0000-000000028DD6}
F{00000000-0000-0000-0000-0000000A5753}
F{00000000-0000-0000-0000-0000001FECF2}
F{00000000-0000-0000-0000-00000003E599}
F{00000000-0000-0000-0000-00000031EBC3}
T{00000000-0000-0000-0000-000000023EC7}
T{00000000-0000-0000-0000-0000000FD4D9}
F{00000000-0000-0000-0000-00000030694D}
F{00000000-0000-0000-0000-000000020F85}
F{00000000-0000-0000-0000-000000075EAF}
F{00000000-0000-0000-0000-0000002122E5}
F{00000000-0000-0000-0000-00000001E23D}
F{00000000-0000-0000-0000-0000000C34F2}
F{00000000-0000-0000-0000-0000002BA75C}
F{00000000-0000-0000-0000-000000222774}
F{00000000-0000-0000-0000-00000016C567}
F{00000000-0000-0000-0000-000000090229}
F{00000000-0000-0000-0000-00000006273D}
F{00000000-0000-0000-0000-000000122CB0}
F{00000000-0000-0000-0000-00000001C42B}
F{00000000-0000-0000-0000-00000012AF34}
F{00000000-0000-0000-0000-0000000AE099}
F{00000000-0000-0000-0000-00000007E3BE}
F{00000000-0000-0000-0000-000000041967}
T{00000000-0000-0000-0000-0000002716C8}
T{00000000-0000-0000-0000-00000001AAB3}
F{00000000-0000-0000-0000-0000000C6B65}
F{00000000-0000-0000-0000-00000008179C}
T{00000000-0000-0000-0000-000000077D94}
T{00000000-0000-0000-0000-000000019B30}
F{00000000-0000-0000-0000-000000019910}
F{00000000-0000-0000-0000-000000267D6D}
F{00000000-0000-0000-0000-000000061C56}
T{00000000-0000-0000-0000-00000033B3D6}
F{00000000-0000-0000-0000-000000018C66}
F{00000000-0000-0000-0000-00000009F26B}
F{00000000-0000-0000-0000-000000132F5E}
F{00000000-0000-0000-0000-000000271353}
F{00000000-0000-0000-0000-0000002B0555}
F{00000000-0000-0000-0000-00000033629C}
F{00000000-0000-0000-0000-000000099302}
F{00000000-0000-0000-0000-000000062238}
F{00000000-0000-0000-0000-000000011C79}
F{00000000-0000-0000-0000-0000002C418E}
F{00000000-0000-0000-0000-00000009C060}
F{00000000-0000-0000-0000-000000059D2F}
F{00000000-0000-0000-0000-00000014DA5C}
F{00000000-0000-0000-0000-000000304C1E}
F{00000000-0000-0000-0000-00000016D8EC}
F{00000000-0000-0000-0000-000000101B79}
F{00000000-0000-0000-0000-000000030FAE}
F{00000000-0000-0000-0000-00000005FF3F}
F{00000000-0000-0000-0000-00000003496E}
F{00000000-0000-0000-0000-000000060468}
F{00000000-0000-0000-0000-0000001278AF}
F{00000000-0000-0000-0000-0000000A8C33}
F{00000000-0000-0000-0000-00000027EFDF}
F{00000000-0000-0000-0000-00000025482D}
F{00000000-0000-0000-0000-0000000567C5}
F{00000000-0000-0000-0000-0000000ABD11}
F{00000000-0000-0000-0000-000000177868}
F{00000000-0000-0000-0000-0000000C5D03}
F{00000000-0000-0000-0000-0000000BBAF7}
F{00000000-0000-0000-0000-0000002D5353}
T{00000000-0000-0000-0000-000000010A7C}
F{00000000-0000-0000-0000-000000219EFE}
F{00000000-0000-0000-0000-000000046E22}
F{00000000-0000-0000-0000-00000032E6F6}
F{00000000-0000-0000-0000-00000013BD56}
F{00000000-0000-0000-0000-000000172673}
F{00000000-0000-0000-0000-000000099D5D}
F{00000000-0000-0000-0000-00000025C115}
F{00000000-0000-0000-0000-00000032E859}
F{00000000-0000-0000-0000-000000007910}
F{00000000-0000-0000-0000-0000000604DA}
F{00000000-0000-0000-0000-0000000876F9}
F{00000000-0000-0000-0000-0000000B1846}
F{00000000-0000-0000-0000-00000022664D}
F{00000000-0000-0000-0000-000000273331}
F{00000000-0000-0000-0000-000000029DB2}
F{00000000-0000-0000-0000-000000264C56}
F{00000000-0000-0000-0000-00000026A490}
F{00000000-0000-0000-0000-000000041E64}
F{00000000-0000-0000-0000-00000016BA6A}
F{00000000-0000-0000-0000-00000005EE69}
F{00000000-0000-0000-0000-000000064615}
F{00000000-0000-0000-0000-000000332CFE}
F{00000000-0000-0000-0000-0000001E35CC}
F{00000000-0000-0000-0000-0000002CEF50}
F{00000000-0000-0000-0000-0000001672E1}
T{00000000-0000-0000-0000-00000000740B}
T{00000000-0000-0000-0000-0000002628D3}
T{00000000-0000-0000-0000-0000001A5377}
T{00000000-0000-0000-0000-0000001919B7}
T{00000000-0000-0000-0000-0000000396B7}
F{00000000-0000-0000-0000-0000002415F2}
T{00000000-0000-0000-0000-000000080D3D}
T{00000000-0000-0000-0000-00000008FF28}
T{00000000-0000-0000-0000-0000001C5FFE}
T{00000000-0000-0000-0000-00000008C511}
T{00000000-0000-0000-0000-000000321C54}
T{00000000-0000-0000-0000-0000000AB8FC}
T{00000000-0000-0000-0000-00000019BEF5}
T{00000000-0000-0000-0000-000000220995}
T{00000000-0000-0000-0000-000000078B95}
T{00000000-0000-0000-0000-000000260E68}
T{00000000-0000-0000-0000-00000021E6D0}
T{00000000-0000-0000-0000-00000026E8AA}
T{00000000-0000-0000-0000-000000216DE4}
T{00000000-0000-0000-0000-0000000F16A3}
T{00000000-0000-0000-0000-0000002A0704}
T{00000000-0000-0000-0000-000000006802}
T{00000000-0000-0000-0000-000000248370}
T{00000000-0000-0000-0000-00000012B243}
T{00000000-0000-0000-0000-00000001E845}
T{00000000-0000-0000-0000-00000021F16D}
T{00000000-0000-0000-0000-00000023E404}
T{00000000-0000-0000-0000-00000028B072}
T{00000000-0000-0000-0000-0000000FAACF}
T{00000000-0000-0000-0000-0000002B2A3E}
T{00000000-0000-0000-0000-00000016ADC0}
T{00000000-0000-0000-0000-0000001171C0}
T{00000000-0000-0000-0000-000000005092}
T{00000000-0000-0000-0000-0000002A73DD}
F{00000000-0000-0000-0000-0000000D1941}
T{00000000-0000-0000-0000-00000015742E}
T{00000000-0000-0000-0000-0000000029E2}
F{00000000-0000-0000-0000-000000235979}
T{00000000-0000-0000-0000-00000001BCF3}
F{00000000-0000-0000-0000-0000002C6554}
T{00000000-0000-0000-0000-0000001B2068}
T{00000000-0000-0000-0000-0000000A7095}
T{00000000-0000-0000-0000-0000002F609B}
T{00000000-0000-0000-0000-000000281B23}
T{00000000-0000-0000-0000-000000048F75}
T{00000000-0000-0000-0000-0000001FF9F1}
T{00000000-0000-0000-0000-000000031362}
T{00000000-0000-0000-0000-000000154294}
T{00000000-0000-0000-0000-0000000C3EC1}
T{00000000-0000-0000-0000-0000002B5A2A}
T{00000000-0000-0000-0000-00000027D16D}
T{00000000-0000-0000-0000-0000002168E5}
F{00000000-0000-0000-0000-000000012582}
T{00000000-0000-0000-0000-0000002F8ADD}
T{00000000-0000-0000-0000-0000002401EB}
T{00000000-0000-0000-0000-00000026E6D2}
T{00000000-0000-0000-0000-000000225D1B}
T{00000000-0000-0000-0000-000000238A83}
T{00000000-0000-0000-0000-000000142AFA}
T{00000000-0000-0000-0000-0000000FD50F}
T{00000000-0000-0000-0000-0000000E32F3}
T{00000000-0000-0000-0000-000000102549}
T{00000000-0000-0000-0000-00000030DA81}
T{00000000-0000-0000-0000-0000000483B8}
T{00000000-0000-0000-0000-000000058349}
T{00000000-0000-0000-0000-0000000E384E}
F{00000000-0000-0000-0000-000000043B45}
T{00000000-0000-0000-0000-00000021D538}
T{00000000-0000-0000-0000-0000000FC77A}
T{00000000-0000-0000-0000-00000023C700}
T{00000000-0000-0000-0000-00000032F8DF}
T{00000000-0000-0000-0000-0000002F45CC}
T{00000000-0000-0000-0000-0000002E40E3}
T{00000000-0000-0000-0000-000000122E7A}
T{00000000-0000-0000-0000-00000025B34A}
T{00000000-0000-0000-0000-000000096B1A}
T{00000000-0000-0000-0000-00000024C09B}
T{00000000-0000-0000-0000-000000148BEA}
T{00000000-0000-0000-0000-0000000F6DC7}
T{00000000-0000-0000-0000-00000009E6E1}
T{00000000-0000-0000-0000-0000000478C7}
T{00000000-0000-0000-0000-00000017DCB4}
T{00000000-0000-0000-0000-00000029BB26}
T{00000000-0000-0000-0000-00000017176B}
T{00000000-0000-0000-0000-00000016771A}
T{00000000-0000-0000-0000-000000269292}
T{00000000-0000-0000-0000-000000067730}
T{00000000-0000-0000-0000-0000003334D3}
T{00000000-0000-0000-0000-00000005F59D}
T{00000000-0000-0000-0000-0000002B99FD}
T{00000000-0000-0000-0000-000000144245}
T{00000000-0000-0000-0000-0000002ACD62}
T{00000000-0000-0000-0000-000000292878}
T{00000000-0000-0000-0000-0000000D1C66}
T{00000000-0000-0000-0000-00000017DBE5}
T{00000000-0000-0000-0000-00000030E904}
T{00000000-0000-0000-0000-0000002EF64C}
T{00000000-0000-0000-0000-000000193CDB}
T{00000000-0000-0000-0000-0000001BC70F}
T{00000000-0000-0000-0000-0000001442EE}
T{00000000-0000-0000-0000-000000196C61}
T{00000000-0000-0000-0000-000000264AE2}
T{00000000-0000-0000-0000-000000333529}
T{00000000-0000-0000-0000-00000017704A}
F{00000000-0000-0000-0000-000000243F02}
T{00000000-0000-0000-0000-00000009E3D7}
T{00000000-0000-0000-0000-000000299A46}
T{00000000-0000-0000-0000-00000018D027}
T{00000000-0000-0000-0000-0000001A5599}
T{00000000-0000-0000-0000-0000003276E5}
T{00000000-0000-0000-0000-000000104AF3}
T{00000000-0000-0000-0000-0000002E0FBD}
T{00000000-0000-0000-0000-00000009A503}
T{00000000-0000-0000-0000-0000000E75F6}
T{00000000-0000-0000-0000-000000018FBC}
T{00000000-0000-0000-0000-00000009A4DD}
T{00000000-0000-0000-0000-0000002F4ABD}
T{00000000-0000-0000-0000-0000002D42E4}
T{00000000-0000-0000-0000-0000003203C7}
T{00000000-0000-0000-0000-00000010AC53}
T{00000000-0000-0000-0000-0000001DA2CE}
T{00000000-0000-0000-0000-000000159F9E}
T{00000000-0000-0000-0000-0000000C55BF}
F{00000000-0000-0000-0000-0000001FBE4B}
T{00000000-0000-0000-0000-0000003203C7}
T{00000000-0000-0000-0000-000000238A83}
T{00000000-0000-0000-0000-00000020A68D}
T{00000000-0000-0000-0000-0000002ADE75}
T{00000000-0000-0000-0000-00000025217B}
T{00000000-0000-0000-0000-0000000D01B6}
T{00000000-0000-0000-0000-000000231DCD}
T{00000000-0000-0000-0000-00000000C8EC}
T{00000000-0000-0000-0000-000000218F1C}
T{00000000-0000-0000-0000-000000335DAB}
T{00000000-0000-0000-0000-0000000D01B6}
T{00000000-0000-0000-0000-0000001972CE}
T{00000000-0000-0000-0000-000000166475}
T{00000000-0000-0000-0000-0000001FBE4B}
T{00000000-0000-0000-0000-00000029AAEE}
T{00000000-0000-0000-0000-000000155819}
T{00000000-0000-0000-0000-0000001837E2}
T{00000000-0000-0000-0000-00000005B5E6}
T{00000000-0000-0000-0000-000000094999}
T{00000000-0000-0000-0000-0000000FD379}
F{00000000-0000-0000-0000-0000002C5567}
T{00000000-0000-0000-0000-0000002AF038}
T{00000000-0000-0000-0000-000000022FB5}
T{00000000-0000-0000-0000-00000018AEF2}
T{00000000-0000-0000-0000-000000313C16}
T{00000000-0000-0000-0000-0000000F020F}
T{00000000-0000-0000-0000-0000001FBE4B}
T{00000000-0000-0000-0000-0000001B5DFD}
T{00000000-0000-0000-0000-0000001B52D9}
T{00000000-0000-0000-0000-000000093395}
T{00000000-0000-0000-0000-00000006D67D}
T{00000000-0000-0000-0000-00000018AEF2}
T{00000000-0000-0000-0000-0000002112EC}
T{00000000-0000-0000-0000-0000001B3DCD}
T{00000000-0000-0000-0000-000000007938}
T{00000000-0000-0000-0000-0000000ED161}
T{00000000-0000-0000-0000-0000002E5619}
T{00000000-0000-0000-0000-000000339597}
T{00000000-0000-0000-0000-0000000108B3}
T{00000000-0000-0000-0000-00000000E3FE}
T{00000000-0000-0000-0000-0000001817C0}
T{00000000-0000-0000-0000-0000001BD2AC}
T{00000000-0000-0000-0000-0000000E59DA}
T{00000000-0000-0000-0000-0000002B36D6}
T{00000000-0000-0000-0000-000000194787}
T{00000000-0000-0000-0000-0000000A6741}
T{00000000-0000-0000-0000-00000009779C}
T{00000000-0000-0000-0000-0000000126A8}
T{00000000-0000-0000-0000-000000146CB4}
T{00000000-0000-0000-0000-0000000E75F6}
T{00000000-0000-0000-0000-0000000F063E}
T{00000000-0000-0000-0000-000000298396}
T{00000000-0000-0000-0000-00000028049F}
T{00000000-0000-0000-0000-0000000718CD}
T{00000000-0000-0000-0000-00000023E404}
T{00000000-0000-0000-0000-0000000DF1C1}
F{00000000-0000-0000-0000-0000000D1F5A}
T{00000000-0000-0000-0000-00000005FC80}
T{00000000-0000-0000-0000-0000000CEF32}
T{00000000-0000-0000-0000-00000027ED77}
T{00000000-0000-0000-0000-000000260E68}
T{00000000-0000-0000-0000-00000025B34A}
T{00000000-0000-0000-0000-0000000A14F9}
T{00000000-0000-0000-0000-0000000DF1C1}
T{00000000-0000-0000-0000-0000000062A7}
T{00000000-0000-0000-0000-0000001D24DE}
T{00000000-0000-0000-0000-0000000120E0}
T{00000000-0000-0000-0000-000000198DC4}
T{00000000-0000-0000-0000-0000002C0510}
T{00000000-0000-0000-0000-0000002A1003}
T{00000000-0000-0000-0000-0000002AC2E1}
T{00000000-0000-0000-0000-00000006FC1D}
T{00000000-0000-0000-0000-00000025B204}
T{00000000-0000-0000-0000-0000001EA152}
F{00000000-0000-0000-0000-000000065757}
T{00000000-0000-0000-0000-00000027D6CB}
T{00000000-0000-0000-0000-00000013FACD}
T{00000000-0000-0000-0000-00000000253E}
T{00000000-0000-0000-0000-000000182B26}
T{00000000-0000-0000-0000-000000263180}
T{00000000-0000-0000-0000-00000024DC13}
T{00000000-0000-0000-0000-0000000BF8B3}
T{00000000-0000-0000-0000-000000096475}
T{00000000-0000-0000-0000-0000001BBE21}
T{00000000-0000-0000-0000-0000001681B3}
T{00000000-0000-0000-0000-000000063A02}
T{00000000-0000-0000-0000-0000002FD8B5}
T{00000000-0000-0000-0000-0000000ECD5A}
F{00000000-0000-0000-0000-00000007CFFF}
T{00000000-0000-0000-0000-00000000A1FA}
T{00000000-0000-0000-0000-0000001B3E7C}
T{00000000-0000-0000-0000-000000088596}
T{00000000-0000-0000-0000-00000029AF83}
T{00000000-0000-0000-0000-0000001DBCDA}
T{00000000-0000-0000-0000-000000040787}
T{00000000-0000-0000-0000-00000008F299}
T{00000000-0000-0000-0000-0000002DD910}
T{00000000-0000-0000-0000-000000193CDB}
T{00000000-0000-0000-0000-000000330CF3}
T{00000000-0000-0000-0000-0000002A8151}
T{00000000-0000-0000-0000-000000313C16}
T{00000000-0000-0000-0000-0000002389C9}
T{00000000-0000-0000-0000-0000002D706C}
T{00000000-0000-0000-0000-0000002D64C3}
T{00000000-0000-0000-0000-00000017704A}
T{00000000-0000-0000-0000-0000000A6741}
T{00000000-0000-0000-0000-0000002415F2}
T{00000000-0000-0000-0000-000000006289}
T{00000000-0000-0000-0000-00000003CDE0}
F{00000000-0000-0000-0000-0000002C1423}
T{00000000-0000-0000-0000-0000002ED088}
T{00000000-0000-0000-0000-000000166874}
T{00000000-0000-0000-0000-0000002E4BCD}
T{00000000-0000-0000-0000-0000002BE48B}
T{00000000-0000-0000-0000-000000146195}
T{00000000-0000-0000-0000-0000002415F2}
T{00000000-0000-0000-0000-0000001703E3}
T{00000000-0000-0000-0000-0000000D2C9C}
T{00000000-0000-0000-0000-0000000D34BE}
T{00000000-0000-0000-0000-000000061CA1}
T{00000000-0000-0000-0000-0000000FBC67}
T{00000000-0000-0000-0000-0000000ED444}
T{00000000-0000-0000-0000-0000000346B7}
T{00000000-0000-0000-0000-0000000FC907}
T{00000000-0000-0000-0000-000000179654}
T{00000000-0000-0000-0000-000000229474}
T{00000000-0000-0000-0000-0000002471BA}
T{00000000-0000-0000-0000-00000019ED9F}
T{00000000-0000-0000-0000-00000028EB39}
T{00000000-0000-0000-0000-00000000B649}
T{00000000-0000-0000-0000-000000018E32}
T{00000000-0000-0000-0000-000000156985}
T{00000000-0000-0000-0000-00000024E76B}
T{00000000-0000-0000-0000-00000022D855}
T{00000000-0000-0000-0000-0000000411D2}
T{00000000-0000-0000-0000-00000026BEA4}
T{00000000-0000-0000-0000-0000000B728F}
T{00000000-0000-0000-0000-0000001919B7}
T{00000000-0000-0000-0000-0000000811FB}
T{00000000-0000-0000-0000-000000014DE2}
T{00000000-0000-0000-0000-0000001BF8EE}
T{00000000-0000-0000-0000-00000027D4EC}
T{00000000-0000-0000-0000-00000029694F}
T{00000000-0000-0000-0000-000000213A88}
T{00000000-0000-0000-0000-00000027AF4C}
T{00000000-0000-0000-0000-000000031362}
T{00000000-0000-0000-0000-000000071984}
T{00000000-0000-0000-0000-0000000305DF}
T{00000000-0000-0000-0000-000000244AD3}
T{00000000-0000-0000-0000-0000000FD67C}
T{00000000-0000-0000-0000-00000004C492}
T{00000000-0000-0000-0000-000000171E94}
T{00000000-0000-0000-0000-0000002429C2}
T{00000000-0000-0000-0000-0000000669F7}
T{00000000-0000-0000-0000-0000002E9EE7}
T{00000000-0000-0000-0000-0000002B6478}
T{00000000-0000-0000-0000-0000001D24DE}
T{00000000-0000-0000-0000-00000015ABCA}
T{00000000-0000-0000-0000-0000001C7B47}
T{00000000-0000-0000-0000-000000220B3D}
T{00000000-0000-0000-0000-0000001024F5}
T{00000000-0000-0000-0000-0000002BE590}
T{00000000-0000-0000-0000-0000003106ED}
T{00000000-0000-0000-0000-0000000FC907}
T{00000000-0000-0000-0000-00000017DECB}
T{00000000-0000-0000-0000-000000225D1B}
T{00000000-0000-0000-0000-0000003361CE}
T{00000000-0000-0000-0000-000000320D14}
T{00000000-0000-0000-0000-0000001A5622}
T{00000000-0000-0000-0000-000000332DE4}
T{00000000-0000-0000-0000-0000000EAF21}
T{00000000-0000-0000-0000-0000001398AA}
T{00000000-0000-0000-0000-0000001531F9}
T{00000000-0000-0000-0000-0000001BCC51}
T{00000000-0000-0000-0000-00000026B585}
T{00000000-0000-0000-0000-0000002B99FD}
T{00000000-0000-0000-0000-00000025BC0D}
T{00000000-0000-0000-0000-000000035E0B}
T{00000000-0000-0000-0000-0000000D2C9C}
T{00000000-0000-0000-0000-00000020F2D8}
T{00000000-0000-0000-0000-0000001372CE}
T{00000000-0000-0000-0000-0000001CE3D2}
F{00000000-0000-0000-0000-0000000A0843}
T{00000000-0000-0000-0000-000000122E7A}
T{00000000-0000-0000-0000-000000116FCB}
T{00000000-0000-0000-0000-00000027C73E}
T{00000000-0000-0000-0000-000000063A02}
T{00000000-0000-0000-0000-0000001045DC}
T{00000000-0000-0000-0000-000000034A4D}
T{00000000-0000-0000-0000-0000000BAE5B}
T{00000000-0000-0000-0000-0000000C6DDD}
T{00000000-0000-0000-0000-000000134721}
T{00000000-0000-0000-0000-0000002A275F}
T{00000000-0000-0000-0000-000000010D04}
T{00000000-0000-0000-0000-0000001AE318}
T{00000000-0000-0000-0000-00000007F0B1}
T{00000000-0000-0000-0000-0000002D4E8E}
T{00000000-0000-0000-0000-0000000A14F9}
T{00000000-0000-0000-0000-0000003276E5}
T{00000000-0000-0000-0000-0000001B3E7C}
T{00000000-0000-0000-0000-0000002D4E8E}
T{00000000-0000-0000-0000-000000210B2F}
T{00000000-0000-0000-0000-000000260634}
T{00000000-0000-0000-0000-0000002E40E3}
T{00000000-0000-0000-0000-000000229474}
T{00000000-0000-0000-0000-000000298396}
T{00000000-0000-0000-0000-0000000077BD}
T{00000000-0000-0000-0000-0000002BA127}
T{00000000-0000-0000-0000-000000138983}
T{00000000-0000-0000-0000-0000001F2EF0}
T{00000000-0000-0000-0000-00000014523B}
T{00000000-0000-0000-0000-00000017C277}
T{00000000-0000-0000-0000-0000000B0FEF}
T{00000000-0000-0000-0000-0000000D024A}
T{00000000-0000-0000-0000-0000000A2413}
T{00000000-0000-0000-0000-0000000D58E1}
T{00000000-0000-0000-0000-000000155819}
T{00000000-0000-0000-0000-00000027DC15}
T{00000000-0000-0000-0000-0000001C4442}
F{00000000-0000-0000-0000-000000243F02}
T{00000000-0000-0000-0000-000000244AD3}
T{00000000-0000-0000-0000-00000012D2A3}
T{00000000-0000-0000-0000-00000012E04C}
T{00000000-0000-0000-0000-000000137926}
T{00000000-0000-0000-0000-0000000FE302}
T{00000000-0000-0000-0000-00000019A9D7}
T{00000000-0000-0000-0000-000000215348}
T{00000000-0000-0000-0000-0000000A29A1}
T{00000000-0000-0000-0000-0000001BACFF}
T{00000000-0000-0000-0000-0000001B6B44}
T{00000000-0000-0000-0000-0000001BEC3F}
T{00000000-0000-0000-0000-00000029A5E0}
T{00000000-0000-0000-0000-0000000659B7}
T{00000000-0000-0000-0000-0000000F6F30}
T{00000000-0000-0000-0000-0000002E9470}
T{00000000-0000-0000-0000-0000000EB019}
T{00000000-0000-0000-0000-0000001FCE00}
T{00000000-0000-0000-0000-00000008A962}
T{00000000-0000-0000-0000-000000164226}
T{00000000-0000-0000-0000-0000001C27C6}
T{00000000-0000-0000-0000-000000338EAB}
T{00000000-0000-0000-0000-00000000AF9B}
T{00000000-0000-0000-0000-00000028049F}
T{00000000-0000-0000-0000-00000007697F}
T{00000000-0000-0000-0000-000000037E74}
T{00000000-0000-0000-0000-0000001DBEBC}
T{00000000-0000-0000-0000-0000000A857A}
T{00000000-0000-0000-0000-00000008CC60}
T{00000000-0000-0000-0000-00000023E404}
T{00000000-0000-0000-0000-0000000A17A4}
T{00000000-0000-0000-0000-000000094832}
T{00000000-0000-0000-0000-0000000A0350}
T{00000000-0000-0000-0000-00000029C630}
T{00000000-0000-0000-0000-00000000D30C}
T{00000000-0000-0000-0000-0000000FD129}
T{00000000-0000-0000-0000-0000002F8ADD}
T{00000000-0000-0000-0000-00000027A869}
T{00000000-0000-0000-0000-000000119F54}
T{00000000-0000-0000-0000-0000002F1EA4}
T{00000000-0000-0000-0000-000000215905}
T{00000000-0000-0000-0000-00000012A6B9}
T{00000000-0000-0000-0000-0000000BF71F}
T{00000000-0000-0000-0000-000000299425}
T{00000000-0000-0000-0000-00000000AF9B}
T{00000000-0000-0000-0000-00000030E71C}
T{00000000-0000-0000-0000-0000001B5DFD}
T{00000000-0000-0000-0000-0000002CF09F}
T{00000000-0000-0000-0000-00000014A3DF}
T{00000000-0000-0000-0000-0000000F1562}
T{00000000-0000-0000-0000-000000202712}
T{00000000-0000-0000-0000-00000025B204}
T{00000000-0000-0000-0000-000000246745}
T{00000000-0000-0000-0000-000000164208}
T{00000000-0000-0000-0000-0000002C34AF}
T{00000000-0000-0000-0000-0000000FDB9E}
T{00000000-0000-0000-0000-00000007D0B3}
T{00000000-0000-0000-0000-00000029516A}
T{00000000-0000-0000-0000-00000011E025}
T{00000000-0000-0000-0000-0000000A845B}
T{00000000-0000-0000-0000-00000014467D}
T{00000000-0000-0000-0000-00000026F0BD}
T{00000000-0000-0000-0000-00000019D25D}
T{00000000-0000-0000-0000-000000277E96}
T{00000000-0000-0000-0000-0000001B52D9}
T{00000000-0000-0000-0000-00000001B79B}
T{00000000-0000-0000-0000-0000000DBCE5}
T{00000000-0000-0000-0000-0000002C0B69}
T{00000000-0000-0000-0000-000000213A88}
T{00000000-0000-0000-0000-00000000BB92}
T{00000000-0000-0000-0000-000000157446}
T{00000000-0000-0000-0000-0000002ADA7B}
T{00000000-0000-0000-0000-0000001F136D}
T{00000000-0000-0000-0000-0000000EE0FB}
T{00000000-0000-0000-0000-00000001B323}
T{00000000-0000-0000-0000-00000006E7DA}
T{00000000-0000-0000-0000-000000134721}
T{00000000-0000-0000-0000-0000000FEA1B}
T{00000000-0000-0000-0000-00000021EDF8}
T{00000000-0000-0000-0000-00000032E350}
T{00000000-0000-0000-0000-000000306354}
T{00000000-0000-0000-0000-0000001FB306}
T{00000000-0000-0000-0000-0000001C1200}
T{00000000-0000-0000-0000-000000176874}
T{00000000-0000-0000-0000-0000001AC8CA}
T{00000000-0000-0000-0000-00000033476B}
T{00000000-0000-0000-0000-0000002E6FAE}
T{00000000-0000-0000-0000-00000021E6D0}
T{00000000-0000-0000-0000-000000299A46}
T{00000000-0000-0000-0000-0000002F9618}
T{00000000-0000-0000-0000-00000022B6AF}
T{00000000-0000-0000-0000-0000001C6221}
T{00000000-0000-0000-0000-00000004C733}
T{00000000-0000-0000-0000-0000002C0454}
T{00000000-0000-0000-0000-00000028F298}
T{00000000-0000-0000-0000-0000001B54CC}
T{00000000-0000-0000-0000-00000025439D}
T{00000000-0000-0000-0000-000000008111}
T{00000000-0000-0000-0000-0000000821BC}
T{00000000-0000-0000-0000-00000009C0D7}
T{00000000-0000-0000-0000-0000001F007B}
T{00000000-0000-0000-0000-000000158FA3}
T{00000000-0000-0000-0000-000000050381}
T{00000000-0000-0000-0000-00000008AE69}
T{00000000-0000-0000-0000-0000002BD788}
T{00000000-0000-0000-0000-0000000305DF}
T{00000000-0000-0000-0000-00000016D6FB}
T{00000000-0000-0000-0000-0000001384B6}
T{00000000-0000-0000-0000-0000002BC16C}
T{00000000-0000-0000-0000-000000264AE2}
T{00000000-0000-0000-0000-00000006E7DA}
T{00000000-0000-0000-0000-00000005DA1A}
T{00000000-0000-0000-0000-00000019A0AC}
T{00000000-0000-0000-0000-000000008C68}
F{00000000-0000-0000-0000-0000002CABB9}
