F{00000000-0000-0000-0000-00000002FF57}
T{00000000-0000-0000-0000-0000002350BA}
F{00000000-0000-0000-0000-0000001A8886}
T{00000000-0000-0000-0000-0000000889CB}
F{00000000-0000-0000-0000-0000000F4FE6}
F{00000000-0000-0000-0000-00000009BAD7}
F{00000000-0000-0000-0000-0000002B494C}
F{00000000-0000-0000-0000-00000002C833}
F{00000000-0000-0000-0000-000000060817}
F{00000000-0000-0000-0000-0000000A2D06}
T{00000000-0000-0000-0000-000000044047}
T{00000000-0000-0000-0000-000000253DA3}
F{00000000-0000-0000-0000-00000011D6C2}
T{00000000-0000-0000-0000-0000000D0DDB}
F{00000000-0000-0000-0000-00000002B751}
F{00000000-0000-0000-0000-000000108B3B}
F{00000000-0000-0000-0000-00000027289F}
F{00000000-0000-0000-0000-000000210458}
F{00000000-0000-0000-0000-0000000ABCBF}
F{00000000-0000-0000-0000-0000002F0787}
F{00000000-0000-0000-0000-00000022F0AA}
F{00000000-0000-0000-0000-00000033C0DE}
F{00000000-0000-0000-0000-00000009D428}
F{00000000-0000-0000-0000-0000002390CE}
F{00000000-0000-0000-0000-000000028B7A}
F{00000000-0000-0000-0000-0000000A5753}
F{00000000-0000-0000-0000-00000003E599}
F{00000000-0000-0000-0000-00000031EBC3}
F{00000000-0000-0000-0000-00000030694D}
F{00000000-0000-0000-0000-000000020F85}
F{00000000-0000-0000-0000-000000075EAF}
T{00000000-0000-0000-0000-0000002122E5}
T{00000000-0000-0000-0000-00000001E23D}
T{00000000-0000-0000-0000-0000000C34F2}
T{00000000-0000-0000-0000-0000002BA75C}
F{00000000-0000-0000-0000-000000222774}
F{00000000-0000-0000-0000-00000016C567}
F{00000000-0000-0000-0000-000000090229}
F{00000000-0000-0000-0000-00000006273D}
F{00000000-0000-0000-0000-000000122CB0}
T{00000000-0000-0000-0000-00000001C42B}
F{00000000-0000-0000-0000-00000012AF34}
F{00000000-0000-0000-0000-0000000AE099}
F{00000000-0000-0000-0000-00000007E3BE}
F{00000000-0000-0000-0000-000000041967}
F{00000000-0000-0000-0000-0000000C6B65}
F{00000000-0000-0000-0000-00000008179C}
F{00000000-0000-0000-0000-000000019910}
T{00000000-0000-0000-0000-000000267D6D}
F{00000000-0000-0000-0000-000000061C56}
F{00000000-0000-0000-0000-000000018C66}
F{00000000-0000-0000-0000-00000009F26B}
F{00000000-0000-0000-0000-000000132F5E}
T{00000000-0000-0000-0000-000000271353}
F{00000000-0000-0000-0000-0000002B0555}
F{00000000-0000-0000-0000-00000033629C}
F{00000000-0000-0000-0000-000000099302}
F{00000000-0000-0000-0000-000000062238}
F{00000000-0000-0000-0000-000000011C79}
F{00000000-0000-0000-0000-0000002C418E}
F{00000000-0000-0000-0000-000000304C1E}
T{00000000-0000-0000-0000-000000101B79}
F{00000000-0000-0000-0000-000000030FAE}
F{00000000-0000-0000-0000-00000005FF3F}
F{00000000-0000-0000-0000-00000003496E}
F{00000000-0000-0000-0000-000000060468}
F{00000000-0000-0000-0000-0000001278AF}
F{00000000-0000-0000-0000-0000000A8C33}
F{00000000-0000-0000-0000-00000027EFDF}
F{00000000-0000-0000-0000-00000025482D}
F{00000000-0000-0000-0000-0000000567C5}
F{00000000-0000-0000-0000-0000000ABD11}
F{00000000-0000-0000-0000-000000177868}
F{00000000-0000-0000-0000-0000000C5D03}
F{00000000-0000-0000-0000-0000000BBAF7}
F{00000000-0000-0000-0000-0000002D5353}
F{00000000-0000-0000-0000-000000219EFE}
F{00000000-0000-0000-0000-000000046E22}
F{00000000-0000-0000-0000-00000032E6F6}
T{00000000-0000-0000-0000-00000013BD56}
F{00000000-0000-0000-0000-000000099D5D}
F{00000000-0000-0000-0000-00000025C115}
F{00000000-0000-0000-0000-00000032E859}
F{00000000-0000-0000-0000-000000007910}
F{00000000-0000-0000-0000-0000000604DA}
F{00000000-0000-0000-0000-0000000876F9}
F{00000000-0000-0000-0000-0000000B1846}
F{00000000-0000-0000-0000-00000022664D}
T{00000000-0000-0000-0000-000000273331}
F{00000000-0000-0000-0000-000000029DB2}
T{00000000-0000-0000-0000-000000264C56}
F{00000000-0000-0000-0000-00000026A490}
F{00000000-0000-0000-0000-000000041E64}
F{00000000-0000-0000-0000-00000016BA6A}
F{00000000-0000-0000-0000-00000005EE69}
T{00000000-0000-0000-0000-000000064615}
T{00000000-0000-0000-0000-000000332CFE}
F{00000000-0000-0000-0000-0000001E35CC}
F{00000000-0000-0000-0000-0000002CEF50}
F{00000000-0000-0000-0000-0000001672E1}
T{00000000-0000-0000-0000-0000000EA8F4}
T{00000000-0000-0000-0000-000000171E7F}
T{00000000-0000-0000-0000-0000001532EA}
T{00000000-0000-0000-0000-000000191DB0}
T{00000000-0000-0000-0000-00000005A9EA}
T{00000000-0000-0000-0000-000000004CAA}
T{00000000-0000-0000-0000-0000002482A5}
T{00000000-0000-0000-0000-000000077D94}
T{00000000-0000-0000-0000-00000017EF5B}
T{00000000-0000-0000-0000-000000335CDF}
T{00000000-0000-0000-0000-00000011EA07}
T{00000000-0000-0000-0000-0000002CEE5F}
T{00000000-0000-0000-0000-0000002B2A3E}
T{00000000-0000-0000-0000-00000009D7F9}
T{00000000-0000-0000-0000-000000226C34}
T{00000000-0000-0000-0000-0000002DEE42}
T{00000000-0000-0000-0000-00000009779C}
T{00000000-0000-0000-0000-0000000F4027}
T{00000000-0000-0000-0000-00000029229E}
F{00000000-0000-0000-0000-0000000A0843}
T{00000000-0000-0000-0000-0000002C69FD}
T{00000000-0000-0000-0000-00000003D50D}
F{00000000-0000-0000-0000-00000006CBEB}
T{00000000-0000-0000-0000-0000000FD50F}
T{00000000-0000-0000-0000-0000000EF6AD}
T{00000000-0000-0000-0000-00000025F272}
T{00000000-0000-0000-0000-00000024C144}
T{00000000-0000-0000-0000-000000096C41}
T{00000000-0000-0000-0000-00000024D927}
T{00000000-0000-0000-0000-0000001DBEB0}
T{00000000-0000-0000-0000-00000029B243}
T{00000000-0000-0000-0000-000000284842}
T{00000000-0000-0000-0000-000000116F7E}
T{00000000-0000-0000-0000-0000002D2924}
T{00000000-0000-0000-0000-0000001D9AFE}
T{00000000-0000-0000-0000-0000000B2465}
T{00000000-0000-0000-0000-00000021F631}
T{00000000-0000-0000-0000-0000002FD432}
T{00000000-0000-0000-0000-000000332365}
T{00000000-0000-0000-0000-000000164C4C}
T{00000000-0000-0000-0000-0000002ACD62}
F{00000000-0000-0000-0000-00000023F6C0}
T{00000000-0000-0000-0000-00000011659A}
T{00000000-0000-0000-0000-00000017B9E1}
T{00000000-0000-0000-0000-0000000E47CE}
T{00000000-0000-0000-0000-0000001E4D51}
T{00000000-0000-0000-0000-00000019A2B6}
T{00000000-0000-0000-0000-00000001195F}
T{00000000-0000-0000-0000-000000137DC8}
T{00000000-0000-0000-0000-00000001195F}
T{00000000-0000-0000-0000-0000002BE2E7}
T{00000000-0000-0000-0000-00000000B981}
T{00000000-0000-0000-0000-00000004565F}
T{00000000-0000-0000-0000-000000039877}
T{00000000-0000-0000-0000-0000002BA9D5}
T{00000000-0000-0000-0000-0000001BBE21}
T{00000000-0000-0000-0000-00000029BB26}
T{00000000-0000-0000-0000-0000002375F5}
T{00000000-0000-0000-0000-0000002E01AF}
T{00000000-0000-0000-0000-00000020CA98}
T{00000000-0000-0000-0000-0000001F147E}
T{00000000-0000-0000-0000-0000000F1F59}
T{00000000-0000-0000-0000-00000021D238}
T{00000000-0000-0000-0000-00000007E00A}
T{00000000-0000-0000-0000-0000002F5A60}
T{00000000-0000-0000-0000-000000072EE7}
T{00000000-0000-0000-0000-0000001173B9}
T{00000000-0000-0000-0000-0000000C4472}
T{00000000-0000-0000-0000-0000000D5EC4}
T{00000000-0000-0000-0000-0000002E4CC1}
T{00000000-0000-0000-0000-00000023CA7A}
F{00000000-0000-0000-0000-0000000496F9}
T{00000000-0000-0000-0000-00000022D505}
T{00000000-0000-0000-0000-0000002C9D0E}
T{00000000-0000-0000-0000-000000050381}
T{00000000-0000-0000-0000-00000012642B}
T{00000000-0000-0000-0000-0000000055B9}
T{00000000-0000-0000-0000-000000091B3D}
T{00000000-0000-0000-0000-000000304479}
T{00000000-0000-0000-0000-00000000E36B}
T{00000000-0000-0000-0000-0000002DB934}
T{00000000-0000-0000-0000-00000011A575}
T{00000000-0000-0000-0000-00000024E8D0}
T{00000000-0000-0000-0000-00000021D0E6}
T{00000000-0000-0000-0000-0000000F9EC8}
T{00000000-0000-0000-0000-0000002CD4EB}
T{00000000-0000-0000-0000-00000002EEBB}
T{00000000-0000-0000-0000-00000003584C}
T{00000000-0000-0000-0000-0000001727F6}
T{00000000-0000-0000-0000-00000020CA98}
T{00000000-0000-0000-0000-0000000A2146}
T{00000000-0000-0000-0000-0000000E0FD0}
T{00000000-0000-0000-0000-0000002482A5}
T{00000000-0000-0000-0000-00000024D927}
T{00000000-0000-0000-0000-000000318A4E}
T{00000000-0000-0000-0000-0000002C5567}
T{00000000-0000-0000-0000-0000000DBFA9}
F{00000000-0000-0000-0000-000000143172}
T{00000000-0000-0000-0000-000000171E7F}
T{00000000-0000-0000-0000-000000235979}
T{00000000-0000-0000-0000-000000243449}
T{00000000-0000-0000-0000-0000002E5619}
T{00000000-0000-0000-0000-0000000EA8F4}
F{00000000-0000-0000-0000-000000243F02}
T{00000000-0000-0000-0000-0000001FECF2}
F{00000000-0000-0000-0000-0000001430A3}
T{00000000-0000-0000-0000-00000020CCCA}
T{00000000-0000-0000-0000-0000002419AD}
T{00000000-0000-0000-0000-00000010D06B}
T{00000000-0000-0000-0000-00000007E9CC}
T{00000000-0000-0000-0000-0000002375BD}
T{00000000-0000-0000-0000-0000001DDAC8}
T{00000000-0000-0000-0000-0000001FFBE4}
T{00000000-0000-0000-0000-000000030294}
T{00000000-0000-0000-0000-000000076690}
T{00000000-0000-0000-0000-00000026B6F2}
T{00000000-0000-0000-0000-0000001EA7C7}
T{00000000-0000-0000-0000-0000000305DF}
T{00000000-0000-0000-0000-00000019F4D6}
T{00000000-0000-0000-0000-0000001B2E80}
T{00000000-0000-0000-0000-0000003309DE}
T{00000000-0000-0000-0000-00000001C6D5}
T{00000000-0000-0000-0000-0000001FC5FB}
T{00000000-0000-0000-0000-000000135E20}
T{00000000-0000-0000-0000-0000000451DA}
T{00000000-0000-0000-0000-000000325B65}
T{00000000-0000-0000-0000-0000000DD8B2}
T{00000000-0000-0000-0000-0000000BCA0B}
T{00000000-0000-0000-0000-0000000F167E}
T{00000000-0000-0000-0000-0000002C5567}
T{00000000-0000-0000-0000-0000003134EB}
T{00000000-0000-0000-0000-000000127764}
T{00000000-0000-0000-0000-0000001A145E}
T{00000000-0000-0000-0000-0000000C9F3E}
T{00000000-0000-0000-0000-000000235CB9}
T{00000000-0000-0000-0000-0000002B98FA}
T{00000000-0000-0000-0000-0000003305B7}
T{00000000-0000-0000-0000-0000002EEE63}
T{00000000-0000-0000-0000-0000002159DF}
T{00000000-0000-0000-0000-00000030FE52}
T{00000000-0000-0000-0000-000000306361}
T{00000000-0000-0000-0000-000000022FA7}
T{00000000-0000-0000-0000-0000000BE0B1}
T{00000000-0000-0000-0000-0000002CD371}
T{00000000-0000-0000-0000-00000028EF0B}
T{00000000-0000-0000-0000-0000002A1003}
T{00000000-0000-0000-0000-00000033A0BA}
T{00000000-0000-0000-0000-0000002DB4F7}
T{00000000-0000-0000-0000-0000002FB157}
T{00000000-0000-0000-0000-0000002089E6}
T{00000000-0000-0000-0000-000000091B3D}
T{00000000-0000-0000-0000-00000023C2C4}
T{00000000-0000-0000-0000-0000000055B9}
T{00000000-0000-0000-0000-0000000081B9}
T{00000000-0000-0000-0000-0000003305B7}
T{00000000-0000-0000-0000-000000335DC2}
T{00000000-0000-0000-0000-000000178C55}
T{00000000-0000-0000-0000-0000001059F3}
T{00000000-0000-0000-0000-0000000FEB93}
T{00000000-0000-0000-0000-00000005500A}
T{00000000-0000-0000-0000-000000051F73}
T{00000000-0000-0000-0000-00000027AD7A}
T{00000000-0000-0000-0000-0000002D4345}
T{00000000-0000-0000-0000-000000189604}
T{00000000-0000-0000-0000-000000223B03}
T{00000000-0000-0000-0000-0000001FBB96}
T{00000000-0000-0000-0000-00000011EEBE}
T{00000000-0000-0000-0000-000000088596}
T{00000000-0000-0000-0000-0000001253E9}
T{00000000-0000-0000-0000-00000026FC5A}
T{00000000-0000-0000-0000-00000032F43E}
T{00000000-0000-0000-0000-00000002EF74}
T{00000000-0000-0000-0000-00000017972C}
T{00000000-0000-0000-0000-00000011659A}
T{00000000-0000-0000-0000-000000167516}
T{00000000-0000-0000-0000-0000002B98FA}
T{00000000-0000-0000-0000-000000166F37}
T{00000000-0000-0000-0000-0000000B2465}
T{00000000-0000-0000-0000-00000006CBEB}
T{00000000-0000-0000-0000-000000105622}
T{00000000-0000-0000-0000-00000018264F}
T{00000000-0000-0000-0000-000000157DBE}
T{00000000-0000-0000-0000-00000007E169}
T{00000000-0000-0000-0000-00000024CEA5}
T{00000000-0000-0000-0000-000000194740}
T{00000000-0000-0000-0000-000000201834}
T{00000000-0000-0000-0000-00000020C4D7}
T{00000000-0000-0000-0000-0000000AB9DD}
T{00000000-0000-0000-0000-000000270E59}
T{00000000-0000-0000-0000-0000001C62BB}
T{00000000-0000-0000-0000-0000002A4BC3}
T{00000000-0000-0000-0000-000000022FC9}
T{00000000-0000-0000-0000-0000000BC9C5}
T{00000000-0000-0000-0000-0000002C69FD}
T{00000000-0000-0000-0000-0000000861C3}
T{00000000-0000-0000-0000-00000029E8B4}
T{00000000-0000-0000-0000-0000000DD8B2}
T{00000000-0000-0000-0000-0000000778E0}
T{00000000-0000-0000-0000-00000004F061}
T{00000000-0000-0000-0000-000000194F60}
T{00000000-0000-0000-0000-000000019B30}
T{00000000-0000-0000-0000-000000037D12}
T{00000000-0000-0000-0000-000000100D87}
T{00000000-0000-0000-0000-00000032CD2B}
T{00000000-0000-0000-0000-00000001EC73}
T{00000000-0000-0000-0000-000000263AA2}
T{00000000-0000-0000-0000-000000132C5C}
T{00000000-0000-0000-0000-000000166475}
T{00000000-0000-0000-0000-0000001BE187}
T{00000000-0000-0000-0000-000000039877}
T{00000000-0000-0000-0000-00000032F43E}
T{00000000-0000-0000-0000-00000022672C}
T{00000000-0000-0000-0000-0000002EDDCB}
T{00000000-0000-0000-0000-000000019B30}
T{00000000-0000-0000-0000-000000157DBE}
T{00000000-0000-0000-0000-0000000F17DD}
T{00000000-0000-0000-0000-0000000704F6}
T{00000000-0000-0000-0000-0000002E8EE3}
T{00000000-0000-0000-0000-00000022712E}
T{00000000-0000-0000-0000-000000019B30}
T{00000000-0000-0000-0000-000000043B45}
T{00000000-0000-0000-0000-00000014388F}
T{00000000-0000-0000-0000-0000000861C3}
T{00000000-0000-0000-0000-00000002D109}
T{00000000-0000-0000-0000-0000002BA9D5}
T{00000000-0000-0000-0000-00000016B6E6}
T{00000000-0000-0000-0000-0000000506B7}
T{00000000-0000-0000-0000-0000001FC5FB}
T{00000000-0000-0000-0000-0000002C69FD}
T{00000000-0000-0000-0000-00000001EC73}
T{00000000-0000-0000-0000-0000002DD910}
T{00000000-0000-0000-0000-0000001167B8}
T{00000000-0000-0000-0000-00000006DFFB}
T{00000000-0000-0000-0000-0000000D80FB}
T{00000000-0000-0000-0000-000000167274}
T{00000000-0000-0000-0000-00000006CBEB}
T{00000000-0000-0000-0000-0000000C70C2}
T{00000000-0000-0000-0000-0000000BC9C5}
T{00000000-0000-0000-0000-000000199840}
T{00000000-0000-0000-0000-000000325644}
T{00000000-0000-0000-0000-000000042BB4}
T{00000000-0000-0000-0000-000000112BA8}
T{00000000-0000-0000-0000-0000000A244A}
T{00000000-0000-0000-0000-0000001D2101}
T{00000000-0000-0000-0000-00000026993A}
T{00000000-0000-0000-0000-000000146195}
T{00000000-0000-0000-0000-000000331AF9}
T{00000000-0000-0000-0000-00000025B34A}
T{00000000-0000-0000-0000-00000012642B}
T{00000000-0000-0000-0000-000000057797}
T{00000000-0000-0000-0000-00000003969F}
F{00000000-0000-0000-0000-00000016D8EC}
T{00000000-0000-0000-0000-000000043B45}
T{00000000-0000-0000-0000-000000184E89}
T{00000000-0000-0000-0000-000000138472}
T{00000000-0000-0000-0000-000000143172}
T{00000000-0000-0000-0000-0000000DE85C}
T{00000000-0000-0000-0000-000000093E76}
T{00000000-0000-0000-0000-0000000778E0}
T{00000000-0000-0000-0000-0000002D2924}
T{00000000-0000-0000-0000-0000002D50CD}
T{00000000-0000-0000-0000-00000026E11D}
T{00000000-0000-0000-0000-0000000B6F8C}
T{00000000-0000-0000-0000-0000000899F4}
T{00000000-0000-0000-0000-00000002B478}
T{00000000-0000-0000-0000-00000025A69A}
T{00000000-0000-0000-0000-000000167274}
T{00000000-0000-0000-0000-0000001A1CA5}
T{00000000-0000-0000-0000-0000002AE355}
T{00000000-0000-0000-0000-00000016D8EC}
T{00000000-0000-0000-0000-0000002A9E3B}
T{00000000-0000-0000-0000-000000093A80}
T{00000000-0000-0000-0000-000000325592}
T{00000000-0000-0000-0000-000000004CAA}
T{00000000-0000-0000-0000-0000001E85DF}
T{00000000-0000-0000-0000-000000287862}
T{00000000-0000-0000-0000-0000002ADD6F}
T{00000000-0000-0000-0000-0000002DC50B}
T{00000000-0000-0000-0000-00000009F457}
T{00000000-0000-0000-0000-0000002FDFCF}
T{00000000-0000-0000-0000-0000002B454C}
T{00000000-0000-0000-0000-0000002D0133}
T{00000000-0000-0000-0000-0000000802A5}
T{00000000-0000-0000-0000-0000002EEE63}
T{00000000-0000-0000-0000-00000014455B}
T{00000000-0000-0000-0000-0000001F98D9}
T{00000000-0000-0000-0000-000000226C34}
T{00000000-0000-0000-0000-00000002CDA0}
T{00000000-0000-0000-0000-000000318CBC}
F{00000000-0000-0000-0000-0000002BDE42}
T{00000000-0000-0000-0000-0000002C5463}
T{00000000-0000-0000-0000-0000001226E2}
T{00000000-0000-0000-0000-000000263B63}
T{00000000-0000-0000-0000-00000013E545}
F{00000000-0000-0000-0000-0000002C9458}
T{00000000-0000-0000-0000-000000331AF9}
T{00000000-0000-0000-0000-0000002CA95A}
T{00000000-0000-0000-0000-000000051510}
T{00000000-0000-0000-0000-0000000D4BD1}
T{00000000-0000-0000-0000-0000000BE030}
T{00000000-0000-0000-0000-000000091B3D}
T{00000000-0000-0000-0000-0000002CF075}
T{00000000-0000-0000-0000-0000000BE0B1}
T{00000000-0000-0000-0000-00000002D109}
T{00000000-0000-0000-0000-000000053E0D}
T{00000000-0000-0000-0000-00000024BFD8}
T{00000000-0000-0000-0000-000000132C5C}
T{00000000-0000-0000-0000-00000006805A}
T{00000000-0000-0000-0000-0000001691CB}
T{00000000-0000-0000-0000-00000009551A}
T{00000000-0000-0000-0000-0000000FDA60}
T{00000000-0000-0000-0000-00000008978C}
T{00000000-0000-0000-0000-000000339F1B}
T{00000000-0000-0000-0000-0000000D4BD1}
T{00000000-0000-0000-0000-00000006B552}
T{00000000-0000-0000-0000-0000001691CB}
T{00000000-0000-0000-0000-00000024E7DE}
T{00000000-0000-0000-0000-00000000D3F0}
T{00000000-0000-0000-0000-0000001BF5AF}
F{00000000-0000-0000-0000-0000000BC199}
T{00000000-0000-0000-0000-000000138862}
T{00000000-0000-0000-0000-0000001097B8}
T{00000000-0000-0000-0000-00000022389C}
T{00000000-0000-0000-0000-0000000ABEBE}
T{00000000-0000-0000-0000-00000007E00A}
T{00000000-0000-0000-0000-00000026173B}
T{00000000-0000-0000-0000-00000009C50C}
T{00000000-0000-0000-0000-00000032E620}
T{00000000-0000-0000-0000-0000000114A7}
T{00000000-0000-0000-0000-0000001357CB}
T{00000000-0000-0000-0000-000000097145}
T{00000000-0000-0000-0000-0000001BB360}
T{00000000-0000-0000-0000-0000000CDCC0}
T{00000000-0000-0000-0000-0000000A8631}
T{00000000-0000-0000-0000-000000029865}
T{00000000-0000-0000-0000-0000000E7830}
T{00000000-0000-0000-0000-0000000AE6D0}
T{00000000-0000-0000-0000-000000072BEA}
T{00000000-0000-0000-0000-000000146195}
T{00000000-0000-0000-0000-000000196C61}
T{00000000-0000-0000-0000-000000122FE5}
T{00000000-0000-0000-0000-00000028F298}
T{00000000-0000-0000-0000-000000248147}
T{00000000-0000-0000-0000-00000016A7D2}
T{00000000-0000-0000-0000-0000002EE583}
T{00000000-0000-0000-0000-0000001DBAF5}
T{00000000-0000-0000-0000-00000011F1AF}
F{00000000-0000-0000-0000-00000031243B}
T{00000000-0000-0000-0000-0000000BFB25}
T{00000000-0000-0000-0000-00000026CBC8}
F{00000000-0000-0000-0000-0000000FA0F7}
T{00000000-0000-0000-0000-0000001E918D}
T{00000000-0000-0000-0000-0000002EEF68}
T{00000000-0000-0000-0000-00000010DEFA}
T{00000000-0000-0000-0000-0000002BF918}
T{00000000-0000-0000-0000-00000000E36B}
T{00000000-0000-0000-0000-000000273294}
T{00000000-0000-0000-0000-000000125376}
F{00000000-0000-0000-0000-00000024BF7A}
T{00000000-0000-0000-0000-000000187E87}
T{00000000-0000-0000-0000-0000001016F2}
T{00000000-0000-0000-0000-000000314CA8}
T{00000000-0000-0000-0000-00000005942A}
T{00000000-0000-0000-0000-000000306589}
T{00000000-0000-0000-0000-000000184DB6}
T{00000000-0000-0000-0000-0000001BF5AF}
T{00000000-0000-0000-0000-00000001A534}
T{00000000-0000-0000-0000-000000088596}
T{00000000-0000-0000-0000-0000002EEE63}
T{00000000-0000-0000-0000-0000002B11D4}
T{00000000-0000-0000-0000-000000141B56}
T{00000000-0000-0000-0000-0000000A857A}
T{00000000-0000-0000-0000-000000208FFA}
T{00000000-0000-0000-0000-00000033A0BA}
T{00000000-0000-0000-0000-0000001531F9}
T{00000000-0000-0000-0000-0000000055B9}
T{00000000-0000-0000-0000-000000200AD1}
T{00000000-0000-0000-0000-0000002734C4}
T{00000000-0000-0000-0000-000000068F47}
T{00000000-0000-0000-0000-00000010F58D}
T{00000000-0000-0000-0000-0000002E991A}
T{00000000-0000-0000-0000-00000016BE6E}
T{00000000-0000-0000-0000-00000032B0A7}
T{00000000-0000-0000-0000-0000002EEE63}
T{00000000-0000-0000-0000-000000125376}
T{00000000-0000-0000-0000-00000010DEFA}
T{00000000-0000-0000-0000-0000002BE19E}
T{00000000-0000-0000-0000-00000000E36B}
T{00000000-0000-0000-0000-0000002DB4F7}
T{00000000-0000-0000-0000-000000335DC2}
F{00000000-0000-0000-0000-0000000320BD}
T{00000000-0000-0000-0000-0000001357CB}
T{00000000-0000-0000-0000-0000000B73A1}
T{00000000-0000-0000-0000-0000002C18D1}
T{00000000-0000-0000-0000-000000214637}
T{00000000-0000-0000-0000-0000001357CB}
T{00000000-0000-0000-0000-00000028E747}
T{00000000-0000-0000-0000-0000000D1F5A}
T{00000000-0000-0000-0000-00000025B204}
T{00000000-0000-0000-0000-00000012EA12}
T{00000000-0000-0000-0000-00000016D8EC}
T{00000000-0000-0000-0000-00000026B585}
T{00000000-0000-0000-0000-0000000C9F3E}
T{00000000-0000-0000-0000-0000002C5463}
T{00000000-0000-0000-0000-000000033498}
T{00000000-0000-0000-0000-00000016C3F8}
T{00000000-0000-0000-0000-0000002028EE}
T{00000000-0000-0000-0000-0000001A6636}
T{00000000-0000-0000-0000-00000015B2A7}
T{00000000-0000-0000-0000-0000000D8B5B}
T{00000000-0000-0000-0000-00000003DF47}
T{00000000-0000-0000-0000-00000025B19E}
T{00000000-0000-0000-0000-00000021F631}
T{00000000-0000-0000-0000-0000002B11D4}
T{00000000-0000-0000-0000-00000016BEDB}
T{00000000-0000-0000-0000-00000032C384}
T{00000000-0000-0000-0000-0000000290BB}
T{00000000-0000-0000-0000-0000000BC15F}
T{00000000-0000-0000-0000-000000270D4D}
T{00000000-0000-0000-0000-0000003229F7}
T{00000000-0000-0000-0000-00000029F7D6}
T{00000000-0000-0000-0000-0000001F2CC1}
T{00000000-0000-0000-0000-000000078B95}
T{00000000-0000-0000-0000-0000002CEE5F}
T{00000000-0000-0000-0000-0000000665AD}
T{00000000-0000-0000-0000-000000064EFA}
T{00000000-0000-0000-0000-00000004440B}
T{00000000-0000-0000-0000-0000002A00DE}
T{00000000-0000-0000-0000-0000000AFFEF}
T{00000000-0000-0000-0000-000000333127}
T{00000000-0000-0000-0000-000000165DB9}
T{00000000-0000-0000-0000-0000002C1423}
T{00000000-0000-0000-0000-00000009C060}
T{00000000-0000-0000-0000-0000002F27D4}
T{00000000-0000-0000-0000-000000284842}
T{00000000-0000-0000-0000-00000023800C}
T{00000000-0000-0000-0000-000000248A7A}
F{00000000-0000-0000-0000-0000000BC199}
T{00000000-0000-0000-0000-00000024CEA5}
T{00000000-0000-0000-0000-0000002D3FCA}
T{00000000-0000-0000-0000-0000002FDFCF}
T{00000000-0000-0000-0000-00000009D499}
T{00000000-0000-0000-0000-000000134077}
F{00000000-0000-0000-0000-000000046B2D}
T{00000000-0000-0000-0000-0000000ECF7A}
T{00000000-0000-0000-0000-0000001B8900}
T{00000000-0000-0000-0000-00000010FA68}
T{00000000-0000-0000-0000-00000007697F}
T{00000000-0000-0000-0000-0000000D93FC}
T{00000000-0000-0000-0000-0000001FBAF0}
