F{00000000-0000-0000-0000-0000000A2D06}
F{00000000-0000-0000-0000-000000044047}
F{00000000-0000-0000-0000-000000253DA3}
F{00000000-0000-0000-0000-00000011D6C2}
T{00000000-0000-0000-0000-000000035E18}
F{00000000-0000-0000-0000-0000000D0DDB}
F{00000000-0000-0000-0000-00000002B751}
F{00000000-0000-0000-0000-000000108B3B}
F{00000000-0000-0000-0000-00000027289F}
F{00000000-0000-0000-0000-000000210458}
F{00000000-0000-0000-0000-0000000ABCBF}
T{00000000-0000-0000-0000-0000002FDFCF}
F{00000000-0000-0000-0000-0000002F0787}
F{00000000-0000-0000-0000-00000022F0AA}
T{00000000-0000-0000-0000-000000090B1E}
F{00000000-0000-0000-0000-00000033C0DE}
F{00000000-0000-0000-0000-00000009D428}
F{00000000-0000-0000-0000-0000002390CE}
F{00000000-0000-0000-0000-000000028B7A}
F{00000000-0000-0000-0000-0000000A5753}
T{00000000-0000-0000-0000-0000001FECF2}
F{00000000-0000-0000-0000-00000003E599}
F{00000000-0000-0000-0000-00000031EBC3}
F{00000000-0000-0000-0000-00000030694D}
F{00000000-0000-0000-0000-000000020F85}
F{00000000-0000-0000-0000-000000075EAF}
F{00000000-0000-0000-0000-0000002122E5}
F{00000000-0000-0000-0000-00000001E23D}
F{00000000-0000-0000-0000-0000000C34F2}
F{00000000-0000-0000-0000-0000002BA75C}
F{00000000-0000-0000-0000-000000222774}
F{00000000-0000-0000-0000-00000016C567}
F{00000000-0000-0000-0000-000000090229}
F{00000000-0000-0000-0000-00000006273D}
F{00000000-0000-0000-0000-000000122CB0}
F{00000000-0000-0000-0000-00000001C42B}
F{00000000-0000-0000-0000-00000012AF34}
F{00000000-0000-0000-0000-0000000AE099}
F{00000000-0000-0000-0000-00000007E3BE}
F{00000000-0000-0000-0000-000000041967}
F{00000000-0000-0000-0000-0000000C6B65}
F{00000000-0000-0000-0000-00000008179C}
F{00000000-0000-0000-0000-000000019910}
F{00000000-0000-0000-0000-000000267D6D}
F{00000000-0000-0000-0000-000000061C56}
F{00000000-0000-0000-0000-000000018C66}
F{00000000-0000-0000-0000-00000009F26B}
F{00000000-0000-0000-0000-000000132F5E}
F{00000000-0000-0000-0000-000000271353}
F{00000000-0000-0000-0000-0000002B0555}
F{00000000-0000-0000-0000-00000033629C}
F{00000000-0000-0000-0000-000000099302}
F{00000000-0000-0000-0000-000000062238}
F{00000000-0000-0000-0000-000000011C79}
F{00000000-0000-0000-0000-0000002C418E}
T{00000000-0000-0000-0000-00000009C060}
T{00000000-0000-0000-0000-000000059D2F}
T{00000000-0000-0000-0000-00000014DA5C}
F{00000000-0000-0000-0000-000000304C1E}
T{00000000-0000-0000-0000-00000016D8EC}
F{00000000-0000-0000-0000-000000101B79}
F{00000000-0000-0000-0000-000000030FAE}
F{00000000-0000-0000-0000-00000005FF3F}
F{00000000-0000-0000-0000-00000003496E}
F{00000000-0000-0000-0000-000000060468}
F{00000000-0000-0000-0000-0000001278AF}
F{00000000-0000-0000-0000-0000000A8C33}
F{00000000-0000-0000-0000-00000027EFDF}
F{00000000-0000-0000-0000-00000025482D}
F{00000000-0000-0000-0000-0000000567C5}
F{00000000-0000-0000-0000-0000000ABD11}
F{00000000-0000-0000-0000-000000177868}
F{00000000-0000-0000-0000-0000000C5D03}
F{00000000-0000-0000-0000-0000000BBAF7}
F{00000000-0000-0000-0000-0000002D5353}
F{00000000-0000-0000-0000-000000219EFE}
F{00000000-0000-0000-0000-000000046E22}
F{00000000-0000-0000-0000-00000032E6F6}
F{00000000-0000-0000-0000-00000013BD56}
T{00000000-0000-0000-0000-000000172673}
F{00000000-0000-0000-0000-000000099D5D}
F{00000000-0000-0000-0000-00000025C115}
F{00000000-0000-0000-0000-00000032E859}
F{00000000-0000-0000-0000-000000007910}
F{00000000-0000-0000-0000-0000000604DA}
F{00000000-0000-0000-0000-0000000876F9}
F{00000000-0000-0000-0000-0000000B1846}
F{00000000-0000-0000-0000-00000022664D}
F{00000000-0000-0000-0000-000000273331}
F{00000000-0000-0000-0000-000000029DB2}
F{00000000-0000-0000-0000-000000264C56}
F{00000000-0000-0000-0000-00000026A490}
F{00000000-0000-0000-0000-000000041E64}
F{00000000-0000-0000-0000-00000016BA6A}
F{00000000-0000-0000-0000-00000005EE69}
F{00000000-0000-0000-0000-000000064615}
F{00000000-0000-0000-0000-000000332CFE}
F{00000000-0000-0000-0000-0000001E35CC}
F{00000000-0000-0000-0000-0000002CEF50}
F{00000000-0000-0000-0000-0000001672E1}
T{00000000-0000-0000-0000-000000216801}
T{00000000-0000-0000-0000-00000030D483}
T{00000000-0000-0000-0000-000000040787}
T{00000000-0000-0000-0000-00000002A492}
T{00000000-0000-0000-0000-000000050019}
T{00000000-0000-0000-0000-0000000FD5BA}
T{00000000-0000-0000-0000-0000000DB39E}
T{00000000-0000-0000-0000-000000304479}
T{00000000-0000-0000-0000-0000002A275F}
T{00000000-0000-0000-0000-000000249E86}
T{00000000-0000-0000-0000-0000002D59C0}
T{00000000-0000-0000-0000-00000026864F}
T{00000000-0000-0000-0000-000000333D98}
T{00000000-0000-0000-0000-00000020B34E}
T{00000000-0000-0000-0000-000000098503}
T{00000000-0000-0000-0000-0000000E6441}
T{00000000-0000-0000-0000-0000001DC328}
T{00000000-0000-0000-0000-0000002C7855}
T{00000000-0000-0000-0000-00000004CE31}
T{00000000-0000-0000-0000-00000020026B}
T{00000000-0000-0000-0000-0000002A4B82}
T{00000000-0000-0000-0000-0000002AD75B}
T{00000000-0000-0000-0000-00000026BC4E}
T{00000000-0000-0000-0000-00000031E96F}
T{00000000-0000-0000-0000-000000054373}
T{00000000-0000-0000-0000-0000001DB5F0}
T{00000000-0000-0000-0000-0000001C5F34}
T{00000000-0000-0000-0000-0000000FC2D8}
T{00000000-0000-0000-0000-00000007CFFF}
T{00000000-0000-0000-0000-00000006D98C}
T{00000000-0000-0000-0000-0000001A640F}
T{00000000-0000-0000-0000-00000030B526}
T{00000000-0000-0000-0000-0000000A0350}
T{00000000-0000-0000-0000-0000001B2F2F}
T{00000000-0000-0000-0000-000000109228}
T{00000000-0000-0000-0000-00000009E9E0}
T{00000000-0000-0000-0000-0000000CBD5A}
T{00000000-0000-0000-0000-0000001AB478}
T{00000000-0000-0000-0000-0000000DB39E}
T{00000000-0000-0000-0000-00000023CA7A}
T{00000000-0000-0000-0000-000000056E6D}
T{00000000-0000-0000-0000-000000270D4D}
T{00000000-0000-0000-0000-0000002A48F5}
T{00000000-0000-0000-0000-000000022FDF}
T{00000000-0000-0000-0000-0000001328AC}
T{00000000-0000-0000-0000-000000303D82}
T{00000000-0000-0000-0000-00000007ABFD}
T{00000000-0000-0000-0000-0000002644FE}
T{00000000-0000-0000-0000-000000071984}
T{00000000-0000-0000-0000-000000030982}
T{00000000-0000-0000-0000-000000061818}
T{00000000-0000-0000-0000-0000001C3443}
T{00000000-0000-0000-0000-000000331AEC}
T{00000000-0000-0000-0000-0000000FC2D8}
T{00000000-0000-0000-0000-00000028CBAD}
T{00000000-0000-0000-0000-0000001FDBA8}
T{00000000-0000-0000-0000-0000000689A3}
T{00000000-0000-0000-0000-00000022F19E}
T{00000000-0000-0000-0000-00000010AB12}
T{00000000-0000-0000-0000-00000008BBE4}
T{00000000-0000-0000-0000-0000001BA4AF}
T{00000000-0000-0000-0000-00000030FBFF}
T{00000000-0000-0000-0000-0000000FAF3F}
T{00000000-0000-0000-0000-00000001DFF8}
T{00000000-0000-0000-0000-0000000E1586}
T{00000000-0000-0000-0000-00000023C2C4}
T{00000000-0000-0000-0000-0000002C4823}
T{00000000-0000-0000-0000-000000039877}
T{00000000-0000-0000-0000-0000002BA367}
T{00000000-0000-0000-0000-00000026601E}
T{00000000-0000-0000-0000-00000007F049}
T{00000000-0000-0000-0000-0000000A24D0}
T{00000000-0000-0000-0000-000000022FDF}
T{00000000-0000-0000-0000-0000000346B2}
T{00000000-0000-0000-0000-0000002A4B82}
T{00000000-0000-0000-0000-00000009D224}
T{00000000-0000-0000-0000-0000000434A2}
T{00000000-0000-0000-0000-00000015B2A7}
T{00000000-0000-0000-0000-0000002701BE}
T{00000000-0000-0000-0000-0000002D3ED8}
T{00000000-0000-0000-0000-000000018E32}
T{00000000-0000-0000-0000-00000007936F}
F{00000000-0000-0000-0000-0000000496F9}
T{00000000-0000-0000-0000-00000014DD63}
T{00000000-0000-0000-0000-00000018D027}
T{00000000-0000-0000-0000-00000007C102}
T{00000000-0000-0000-0000-0000000D1941}
T{00000000-0000-0000-0000-0000000C0AE0}
T{00000000-0000-0000-0000-0000000E4C02}
T{00000000-0000-0000-0000-0000000EA30D}
T{00000000-0000-0000-0000-00000004133E}
T{00000000-0000-0000-0000-0000002B4B44}
T{00000000-0000-0000-0000-00000000E7C3}
T{00000000-0000-0000-0000-0000000FD4D9}
T{00000000-0000-0000-0000-0000001EB396}
T{00000000-0000-0000-0000-00000033B3D6}
T{00000000-0000-0000-0000-00000022E947}
T{00000000-0000-0000-0000-00000021BF26}
T{00000000-0000-0000-0000-0000002B38E3}
T{00000000-0000-0000-0000-00000005F74F}
T{00000000-0000-0000-0000-000000049195}
T{00000000-0000-0000-0000-0000001D0EA2}
T{00000000-0000-0000-0000-0000000CDEF1}
T{00000000-0000-0000-0000-000000290B0D}
T{00000000-0000-0000-0000-00000007FC7D}
T{00000000-0000-0000-0000-00000002971C}
T{00000000-0000-0000-0000-00000009F213}
T{00000000-0000-0000-0000-000000017A3B}
T{00000000-0000-0000-0000-0000002B4B44}
T{00000000-0000-0000-0000-000000264084}
T{00000000-0000-0000-0000-0000002FB5A8}
T{00000000-0000-0000-0000-00000001E74C}
T{00000000-0000-0000-0000-0000000AA469}
T{00000000-0000-0000-0000-0000002EFC46}
T{00000000-0000-0000-0000-000000061B03}
T{00000000-0000-0000-0000-00000029C2EF}
T{00000000-0000-0000-0000-0000000ABF5C}
T{00000000-0000-0000-0000-0000000D1F5A}
T{00000000-0000-0000-0000-0000002710FF}
T{00000000-0000-0000-0000-0000003253BF}
F{00000000-0000-0000-0000-0000000BCFC6}
T{00000000-0000-0000-0000-00000031F7C3}
T{00000000-0000-0000-0000-000000167C85}
T{00000000-0000-0000-0000-000000136382}
T{00000000-0000-0000-0000-00000009F7B9}
T{00000000-0000-0000-0000-0000002C928F}
T{00000000-0000-0000-0000-000000299425}
T{00000000-0000-0000-0000-00000016FD2D}
T{00000000-0000-0000-0000-00000013A3A4}
T{00000000-0000-0000-0000-000000165DBF}
T{00000000-0000-0000-0000-0000000C6F2B}
T{00000000-0000-0000-0000-0000000FA26B}
T{00000000-0000-0000-0000-0000001A036D}
T{00000000-0000-0000-0000-00000018D48D}
T{00000000-0000-0000-0000-00000022FEC6}
T{00000000-0000-0000-0000-0000003085E0}
T{00000000-0000-0000-0000-0000002C6554}
T{00000000-0000-0000-0000-0000002710FF}
T{00000000-0000-0000-0000-0000001A39AD}
T{00000000-0000-0000-0000-0000000FAA4C}
T{00000000-0000-0000-0000-00000002971C}
T{00000000-0000-0000-0000-0000000648F6}
T{00000000-0000-0000-0000-00000016D89A}
T{00000000-0000-0000-0000-000000048D09}
T{00000000-0000-0000-0000-00000016B01C}
T{00000000-0000-0000-0000-0000001DCE8D}
T{00000000-0000-0000-0000-00000007697F}
T{00000000-0000-0000-0000-00000000BFB9}
T{00000000-0000-0000-0000-0000002E1F66}
T{00000000-0000-0000-0000-0000001E3943}
T{00000000-0000-0000-0000-0000000FD4D9}
T{00000000-0000-0000-0000-0000002716C8}
T{00000000-0000-0000-0000-0000002E4707}
T{00000000-0000-0000-0000-000000130604}
T{00000000-0000-0000-0000-000000184E89}
T{00000000-0000-0000-0000-0000002BA367}
F{00000000-0000-0000-0000-0000001A5599}
T{00000000-0000-0000-0000-000000299932}
T{00000000-0000-0000-0000-0000001DE519}
T{00000000-0000-0000-0000-000000290B0D}
T{00000000-0000-0000-0000-000000237126}
T{00000000-0000-0000-0000-0000002DB7B0}
T{00000000-0000-0000-0000-00000011E9B8}
T{00000000-0000-0000-0000-0000001817C0}
T{00000000-0000-0000-0000-0000002513A8}
T{00000000-0000-0000-0000-00000016FD2D}
T{00000000-0000-0000-0000-00000005E2FA}
T{00000000-0000-0000-0000-00000001BCF3}
T{00000000-0000-0000-0000-00000025A542}
F{00000000-0000-0000-0000-000000023EC7}
T{00000000-0000-0000-0000-000000329E12}
T{00000000-0000-0000-0000-00000011DA84}
T{00000000-0000-0000-0000-0000001FBC4A}
T{00000000-0000-0000-0000-0000000108B3}
T{00000000-0000-0000-0000-0000002C6554}
T{00000000-0000-0000-0000-000000205C4B}
T{00000000-0000-0000-0000-00000006703C}
T{00000000-0000-0000-0000-0000001BE6D6}
T{00000000-0000-0000-0000-000000023E71}
T{00000000-0000-0000-0000-000000198111}
T{00000000-0000-0000-0000-0000003086A0}
T{00000000-0000-0000-0000-00000007936F}
T{00000000-0000-0000-0000-00000002AAB8}
T{00000000-0000-0000-0000-000000165F44}
T{00000000-0000-0000-0000-00000014E633}
T{00000000-0000-0000-0000-000000030667}
T{00000000-0000-0000-0000-0000001794A3}
T{00000000-0000-0000-0000-0000000FAACF}
T{00000000-0000-0000-0000-0000000C1F8F}
T{00000000-0000-0000-0000-000000222D8F}
T{00000000-0000-0000-0000-000000316545}
T{00000000-0000-0000-0000-0000002D5954}
T{00000000-0000-0000-0000-00000018264F}
T{00000000-0000-0000-0000-0000002836BF}
T{00000000-0000-0000-0000-0000000FEA1B}
T{00000000-0000-0000-0000-00000007ABFD}
T{00000000-0000-0000-0000-00000017F950}
T{00000000-0000-0000-0000-00000007C102}
T{00000000-0000-0000-0000-00000003DD12}
T{00000000-0000-0000-0000-000000061818}
T{00000000-0000-0000-0000-0000001097B8}
T{00000000-0000-0000-0000-000000119F54}
T{00000000-0000-0000-0000-0000000A1C51}
T{00000000-0000-0000-0000-0000001DBEBC}
T{00000000-0000-0000-0000-00000031B682}
T{00000000-0000-0000-0000-0000001E95C6}
T{00000000-0000-0000-0000-0000000890E1}
T{00000000-0000-0000-0000-00000016D4B1}
T{00000000-0000-0000-0000-0000001680DD}
T{00000000-0000-0000-0000-0000002FFA68}
T{00000000-0000-0000-0000-00000000F52C}
T{00000000-0000-0000-0000-0000001E3943}
T{00000000-0000-0000-0000-0000002EFC46}
T{00000000-0000-0000-0000-0000002E92B0}
T{00000000-0000-0000-0000-0000001703E3}
T{00000000-0000-0000-0000-00000019BE66}
T{00000000-0000-0000-0000-0000002EE38F}
T{00000000-0000-0000-0000-000000086E8A}
T{00000000-0000-0000-0000-0000000C838C}
T{00000000-0000-0000-0000-0000002B98FA}
T{00000000-0000-0000-0000-000000178CCB}
T{00000000-0000-0000-0000-0000000B753E}
T{00000000-0000-0000-0000-0000000FDA95}
T{00000000-0000-0000-0000-00000033B3D6}
T{00000000-0000-0000-0000-0000000077BD}
T{00000000-0000-0000-0000-0000001B6479}
T{00000000-0000-0000-0000-00000032A2DE}
T{00000000-0000-0000-0000-0000000FAF3F}
T{00000000-0000-0000-0000-00000029C2EF}
T{00000000-0000-0000-0000-000000187E3A}
T{00000000-0000-0000-0000-0000002B3978}
T{00000000-0000-0000-0000-00000029B99E}
T{00000000-0000-0000-0000-000000290964}
T{00000000-0000-0000-0000-000000218924}
T{00000000-0000-0000-0000-00000015C2BD}
T{00000000-0000-0000-0000-000000249F49}
T{00000000-0000-0000-0000-0000002B4B44}
T{00000000-0000-0000-0000-0000002CAFDF}
T{00000000-0000-0000-0000-0000002E1683}
T{00000000-0000-0000-0000-0000002225A2}
T{00000000-0000-0000-0000-00000000740B}
T{00000000-0000-0000-0000-0000001629D2}
T{00000000-0000-0000-0000-0000001D17FF}
T{00000000-0000-0000-0000-000000097145}
T{00000000-0000-0000-0000-0000002A4BC3}
F{00000000-0000-0000-0000-00000031E96F}
T{00000000-0000-0000-0000-000000023A04}
T{00000000-0000-0000-0000-000000028DD6}
T{00000000-0000-0000-0000-00000029F5A1}
T{00000000-0000-0000-0000-000000316690}
T{00000000-0000-0000-0000-0000003275C3}
T{00000000-0000-0000-0000-00000000F426}
T{00000000-0000-0000-0000-00000029E94B}
T{00000000-0000-0000-0000-00000020C4D2}
T{00000000-0000-0000-0000-0000002655AB}
T{00000000-0000-0000-0000-000000007362}
T{00000000-0000-0000-0000-000000254240}
T{00000000-0000-0000-0000-0000001817C0}
T{00000000-0000-0000-0000-0000002AF553}
T{00000000-0000-0000-0000-000000109298}
T{00000000-0000-0000-0000-0000000BE0B1}
T{00000000-0000-0000-0000-000000105EB1}
T{00000000-0000-0000-0000-00000004DF78}
T{00000000-0000-0000-0000-0000001CD9AB}
T{00000000-0000-0000-0000-0000001D1493}
T{00000000-0000-0000-0000-000000104D8A}
T{00000000-0000-0000-0000-0000000C4E1F}
T{00000000-0000-0000-0000-0000002655AB}
T{00000000-0000-0000-0000-0000000CE38C}
T{00000000-0000-0000-0000-0000000BE0B1}
T{00000000-0000-0000-0000-0000002805D1}
T{00000000-0000-0000-0000-00000004DF78}
T{00000000-0000-0000-0000-00000031DCC0}
T{00000000-0000-0000-0000-000000049ED1}
T{00000000-0000-0000-0000-00000000F2C2}
T{00000000-0000-0000-0000-000000268E75}
T{00000000-0000-0000-0000-000000028DD6}
T{00000000-0000-0000-0000-0000000FDDF4}
T{00000000-0000-0000-0000-0000000C43AC}
T{00000000-0000-0000-0000-000000159546}
T{00000000-0000-0000-0000-0000001A1CA5}
T{00000000-0000-0000-0000-0000000ED1CA}
T{00000000-0000-0000-0000-0000000C4472}
T{00000000-0000-0000-0000-00000022E947}
T{00000000-0000-0000-0000-0000001680DD}
T{00000000-0000-0000-0000-000000270E65}
T{00000000-0000-0000-0000-0000000CF7FF}
T{00000000-0000-0000-0000-00000016DBC5}
T{00000000-0000-0000-0000-0000002A4AC2}
T{00000000-0000-0000-0000-0000000DEEA7}
T{00000000-0000-0000-0000-0000000F92E6}
T{00000000-0000-0000-0000-000000104D8A}
T{00000000-0000-0000-0000-000000004F37}
T{00000000-0000-0000-0000-000000200468}
T{00000000-0000-0000-0000-0000002716C8}
T{00000000-0000-0000-0000-00000001DE16}
T{00000000-0000-0000-0000-0000001A39AD}
T{00000000-0000-0000-0000-000000067F41}
T{00000000-0000-0000-0000-000000287466}
T{00000000-0000-0000-0000-0000000995F8}
F{00000000-0000-0000-0000-0000000310A3}
T{00000000-0000-0000-0000-000000270D4D}
T{00000000-0000-0000-0000-00000030D59E}
T{00000000-0000-0000-0000-000000164DC8}
T{00000000-0000-0000-0000-0000000C70C2}
T{00000000-0000-0000-0000-000000020859}
T{00000000-0000-0000-0000-0000000ADC23}
T{00000000-0000-0000-0000-000000079AC9}
T{00000000-0000-0000-0000-0000001AC8A4}
T{00000000-0000-0000-0000-000000065757}
T{00000000-0000-0000-0000-0000000E70A1}
T{00000000-0000-0000-0000-0000000E4A1E}
T{00000000-0000-0000-0000-000000060BF7}
T{00000000-0000-0000-0000-000000232F65}
T{00000000-0000-0000-0000-0000001A036D}
T{00000000-0000-0000-0000-0000002CA81B}
F{00000000-0000-0000-0000-000000025A62}
T{00000000-0000-0000-0000-0000001A0CB3}
T{00000000-0000-0000-0000-00000026BC4E}
T{00000000-0000-0000-0000-00000001BCF3}
T{00000000-0000-0000-0000-00000008072A}
T{00000000-0000-0000-0000-000000254935}
T{00000000-0000-0000-0000-000000178CE5}
T{00000000-0000-0000-0000-0000001A80C1}
T{00000000-0000-0000-0000-00000029C2EF}
T{00000000-0000-0000-0000-0000000077DB}
T{00000000-0000-0000-0000-000000167F5F}
T{00000000-0000-0000-0000-00000026A0BC}
T{00000000-0000-0000-0000-0000001A5CA2}
T{00000000-0000-0000-0000-0000000A0350}
T{00000000-0000-0000-0000-00000024C09B}
T{00000000-0000-0000-0000-0000002C7A73}
T{00000000-0000-0000-0000-00000019BE66}
T{00000000-0000-0000-0000-0000002B4B44}
T{00000000-0000-0000-0000-000000241392}
T{00000000-0000-0000-0000-00000022221E}
T{00000000-0000-0000-0000-00000028B837}
T{00000000-0000-0000-0000-0000000A0A04}
T{00000000-0000-0000-0000-000000158105}
T{00000000-0000-0000-0000-0000000108B3}
T{00000000-0000-0000-0000-0000000BCB0E}
T{00000000-0000-0000-0000-0000001D05B7}
T{00000000-0000-0000-0000-000000333D98}
T{00000000-0000-0000-0000-0000002631EE}
T{00000000-0000-0000-0000-0000003253BF}
T{00000000-0000-0000-0000-00000027B087}
T{00000000-0000-0000-0000-00000004FBCF}
T{00000000-0000-0000-0000-0000000FDCD4}
T{00000000-0000-0000-0000-00000004FBCF}
T{00000000-0000-0000-0000-000000164DC8}
T{00000000-0000-0000-0000-0000000A232E}
T{00000000-0000-0000-0000-00000015C8F2}
T{00000000-0000-0000-0000-0000002CD371}
T{00000000-0000-0000-0000-0000000CE6CE}
T{00000000-0000-0000-0000-0000002D0034}
F{00000000-0000-0000-0000-000000171E7F}
T{00000000-0000-0000-0000-0000000AB9DD}
T{00000000-0000-0000-0000-00000026CFA0}
T{00000000-0000-0000-0000-0000003334D3}
T{00000000-0000-0000-0000-0000002B38E3}
T{00000000-0000-0000-0000-0000001AEBE7}
F{00000000-0000-0000-0000-00000016331E}
T{00000000-0000-0000-0000-000000025A62}
T{00000000-0000-0000-0000-00000023FF40}
T{00000000-0000-0000-0000-0000002B6CCB}
T{00000000-0000-0000-0000-00000016756C}
T{00000000-0000-0000-0000-000000139C7E}
T{00000000-0000-0000-0000-0000001E4DE0}
T{00000000-0000-0000-0000-0000000C98F9}
T{00000000-0000-0000-0000-0000001A1CFC}
T{00000000-0000-0000-0000-000000167F5F}
T{00000000-0000-0000-0000-00000030FE52}
T{00000000-0000-0000-0000-00000013D4E6}
T{00000000-0000-0000-0000-00000003DD12}
T{00000000-0000-0000-0000-0000002C7855}
T{00000000-0000-0000-0000-0000000D174E}
T{00000000-0000-0000-0000-0000001BE187}
T{00000000-0000-0000-0000-000000220995}
T{00000000-0000-0000-0000-00000032B49D}
T{00000000-0000-0000-0000-0000001FC06F}
T{00000000-0000-0000-0000-0000002482A5}
T{00000000-0000-0000-0000-0000000F0A21}
T{00000000-0000-0000-0000-0000001817C0}
T{00000000-0000-0000-0000-0000000FF4FE}
T{00000000-0000-0000-0000-0000002B4B44}
T{00000000-0000-0000-0000-0000002E35C2}
T{00000000-0000-0000-0000-0000000FB6AA}
T{00000000-0000-0000-0000-0000002F1EA4}
T{00000000-0000-0000-0000-000000157438}
F{00000000-0000-0000-0000-0000000BC199}
T{00000000-0000-0000-0000-0000000D0A5A}
T{00000000-0000-0000-0000-0000000115BC}
T{00000000-0000-0000-0000-000000135FEE}
F{00000000-0000-0000-0000-0000001531F9}
T{00000000-0000-0000-0000-0000000D174E}
T{00000000-0000-0000-0000-0000000F2546}
T{00000000-0000-0000-0000-000000064B2A}
T{00000000-0000-0000-0000-0000003258FD}
T{00000000-0000-0000-0000-0000002579A9}
T{00000000-0000-0000-0000-00000032E620}
T{00000000-0000-0000-0000-000000040787}
T{00000000-0000-0000-0000-0000002754F6}
F{00000000-0000-0000-0000-00000027893E}
T{00000000-0000-0000-0000-00000012206F}
T{00000000-0000-0000-0000-000000262EF2}
T{00000000-0000-0000-0000-0000000C4472}
T{00000000-0000-0000-0000-0000002D0034}
T{00000000-0000-0000-0000-0000000160B6}
T{00000000-0000-0000-0000-00000031F98A}
F{00000000-0000-0000-0000-00000024BF7A}
T{00000000-0000-0000-0000-00000029A138}
T{00000000-0000-0000-0000-00000020CCCA}
T{00000000-0000-0000-0000-0000000EFBD2}
T{00000000-0000-0000-0000-0000003305B7}
T{00000000-0000-0000-0000-0000000ECF7A}
T{00000000-0000-0000-0000-00000026FC87}
T{00000000-0000-0000-0000-000000220937}
T{00000000-0000-0000-0000-00000030EF03}
T{00000000-0000-0000-0000-00000011E062}
T{00000000-0000-0000-0000-00000020026B}
T{00000000-0000-0000-0000-000000171E7F}
T{00000000-0000-0000-0000-0000000B2328}
T{00000000-0000-0000-0000-0000001DCF7D}
T{00000000-0000-0000-0000-000000137926}
T{00000000-0000-0000-0000-0000000FDA60}
T{00000000-0000-0000-0000-0000000F92E6}
T{00000000-0000-0000-0000-000000065757}
T{00000000-0000-0000-0000-000000094F06}
T{00000000-0000-0000-0000-000000248147}
T{00000000-0000-0000-0000-000000178A7B}
T{00000000-0000-0000-0000-000000316730}
T{00000000-0000-0000-0000-00000021D4F3}
T{00000000-0000-0000-0000-00000018D027}
T{00000000-0000-0000-0000-00000032D25A}
