F{00000000-0000-0000-0000-000000039940}
F{00000000-0000-0000-0000-0000002B9CA9}
F{00000000-0000-0000-0000-0000000929D8}
T{00000000-0000-0000-0000-000000087673}
F{00000000-0000-0000-0000-000000039287}
F{00000000-0000-0000-0000-0000002001DC}
F{00000000-0000-0000-0000-0000000A17FA}
F{00000000-0000-0000-0000-0000001A177D}
T{00000000-0000-0000-0000-0000000FBBC4}
F{00000000-0000-0000-0000-0000000B66A6}
F{00000000-0000-0000-0000-00000016DEE7}
F{00000000-0000-0000-0000-0000000358BE}
F{00000000-0000-0000-0000-00000032E65E}
T{00000000-0000-0000-0000-0000000B1BD6}
T{00000000-0000-0000-0000-0000001D500E}
F{00000000-0000-0000-0000-000000106A2C}
F{00000000-0000-0000-0000-000000146BB2}
F{00000000-0000-0000-0000-0000000D0B0E}
F{00000000-0000-0000-0000-0000002FEC1E}
F{00000000-0000-0000-0000-0000002E3AB2}
F{00000000-0000-0000-0000-00000014E04A}
F{00000000-0000-0000-0000-00000022E477}
F{00000000-0000-0000-0000-000000040075}
T{00000000-0000-0000-0000-0000001D398B}
F{00000000-0000-0000-0000-00000002FF57}
F{00000000-0000-0000-0000-0000001A8886}
F{00000000-0000-0000-0000-0000000F4FE6}
F{00000000-0000-0000-0000-00000009BAD7}
F{00000000-0000-0000-0000-0000002B494C}
F{00000000-0000-0000-0000-000000060817}
F{00000000-0000-0000-0000-0000000A2D06}
F{00000000-0000-0000-0000-00000011D6C2}
F{00000000-0000-0000-0000-000000108B3B}
F{00000000-0000-0000-0000-00000027289F}
F{00000000-0000-0000-0000-000000210458}
T{00000000-0000-0000-0000-0000000ABCBF}
F{00000000-0000-0000-0000-0000002F0787}
F{00000000-0000-0000-0000-00000022F0AA}
T{00000000-0000-0000-0000-00000033C0DE}
F{00000000-0000-0000-0000-00000009D428}
F{00000000-0000-0000-0000-000000028B7A}
F{00000000-0000-0000-0000-00000003E599}
F{00000000-0000-0000-0000-00000031EBC3}
F{00000000-0000-0000-0000-00000030694D}
F{00000000-0000-0000-0000-000000020F85}
F{00000000-0000-0000-0000-000000075EAF}
F{00000000-0000-0000-0000-000000222774}
T{00000000-0000-0000-0000-00000016C567}
F{00000000-0000-0000-0000-000000090229}
F{00000000-0000-0000-0000-00000006273D}
F{00000000-0000-0000-0000-000000122CB0}
F{00000000-0000-0000-0000-00000012AF34}
F{00000000-0000-0000-0000-0000000AE099}
F{00000000-0000-0000-0000-00000007E3BE}
F{00000000-0000-0000-0000-000000041967}
T{00000000-0000-0000-0000-0000000C6B65}
F{00000000-0000-0000-0000-00000008179C}
F{00000000-0000-0000-0000-000000019910}
F{00000000-0000-0000-0000-000000061C56}
F{00000000-0000-0000-0000-000000018C66}
F{00000000-0000-0000-0000-00000009F26B}
F{00000000-0000-0000-0000-000000132F5E}
F{00000000-0000-0000-0000-0000002B0555}
F{00000000-0000-0000-0000-00000033629C}
F{00000000-0000-0000-0000-000000099302}
F{00000000-0000-0000-0000-000000062238}
F{00000000-0000-0000-0000-000000011C79}
F{00000000-0000-0000-0000-0000002C418E}
F{00000000-0000-0000-0000-000000304C1E}
F{00000000-0000-0000-0000-000000030FAE}
F{00000000-0000-0000-0000-00000005FF3F}
F{00000000-0000-0000-0000-00000003496E}
F{00000000-0000-0000-0000-000000060468}
F{00000000-0000-0000-0000-0000001278AF}
F{00000000-0000-0000-0000-0000000A8C33}
F{00000000-0000-0000-0000-00000027EFDF}
F{00000000-0000-0000-0000-00000025482D}
F{00000000-0000-0000-0000-0000000567C5}
F{00000000-0000-0000-0000-0000000ABD11}
F{00000000-0000-0000-0000-000000177868}
T{00000000-0000-0000-0000-0000000C5D03}
F{00000000-0000-0000-0000-0000000BBAF7}
F{00000000-0000-0000-0000-0000002D5353}
F{00000000-0000-0000-0000-000000219EFE}
F{00000000-0000-0000-0000-000000046E22}
F{00000000-0000-0000-0000-00000032E6F6}
F{00000000-0000-0000-0000-000000099D5D}
F{00000000-0000-0000-0000-00000025C115}
F{00000000-0000-0000-0000-00000032E859}
F{00000000-0000-0000-0000-000000007910}
F{00000000-0000-0000-0000-0000000604DA}
F{00000000-0000-0000-0000-0000000B1846}
F{00000000-0000-0000-0000-00000022664D}
T{00000000-0000-0000-0000-000000029DB2}
F{00000000-0000-0000-0000-000000041E64}
F{00000000-0000-0000-0000-00000016BA6A}
F{00000000-0000-0000-0000-00000005EE69}
F{00000000-0000-0000-0000-0000001E35CC}
F{00000000-0000-0000-0000-0000002CEF50}
F{00000000-0000-0000-0000-0000001672E1}
T{00000000-0000-0000-0000-00000005942A}
T{00000000-0000-0000-0000-0000000AC938}
T{00000000-0000-0000-0000-0000002C11CF}
T{00000000-0000-0000-0000-00000013A7EA}
T{00000000-0000-0000-0000-0000001287E8}
T{00000000-0000-0000-0000-0000002C5C17}
T{00000000-0000-0000-0000-0000000DEE47}
T{00000000-0000-0000-0000-0000000320BD}
T{00000000-0000-0000-0000-000000105281}
T{00000000-0000-0000-0000-0000000B0FAB}
F{00000000-0000-0000-0000-00000026C27D}
F{00000000-0000-0000-0000-000000213579}
T{00000000-0000-0000-0000-0000001D5827}
T{00000000-0000-0000-0000-0000001FC332}
T{00000000-0000-0000-0000-00000021BF26}
T{00000000-0000-0000-0000-00000004A7E6}
T{00000000-0000-0000-0000-0000000CDD4D}
T{00000000-0000-0000-0000-0000000346B2}
T{00000000-0000-0000-0000-000000006289}
T{00000000-0000-0000-0000-00000013F17D}
T{00000000-0000-0000-0000-000000178759}
T{00000000-0000-0000-0000-000000239361}
T{00000000-0000-0000-0000-0000002350BA}
T{00000000-0000-0000-0000-000000039702}
T{00000000-0000-0000-0000-00000005C4F5}
T{00000000-0000-0000-0000-000000332BAE}
T{00000000-0000-0000-0000-0000001E864C}
F{00000000-0000-0000-0000-0000002499A6}
T{00000000-0000-0000-0000-0000002325E3}
T{00000000-0000-0000-0000-00000028ADFB}
T{00000000-0000-0000-0000-0000002A9E3B}
T{00000000-0000-0000-0000-0000000E7830}
T{00000000-0000-0000-0000-00000000E103}
T{00000000-0000-0000-0000-000000332BAE}
T{00000000-0000-0000-0000-0000000889CB}
T{00000000-0000-0000-0000-000000332CFE}
T{00000000-0000-0000-0000-000000210F79}
T{00000000-0000-0000-0000-0000002390CE}
T{00000000-0000-0000-0000-0000001AAFD0}
T{00000000-0000-0000-0000-000000201EF6}
T{00000000-0000-0000-0000-0000002499A6}
T{00000000-0000-0000-0000-0000002390CE}
T{00000000-0000-0000-0000-000000167C85}
T{00000000-0000-0000-0000-000000209B55}
T{00000000-0000-0000-0000-00000005FB2F}
T{00000000-0000-0000-0000-0000002D0ADD}
T{00000000-0000-0000-0000-0000001AC986}
T{00000000-0000-0000-0000-0000000BC199}
T{00000000-0000-0000-0000-000000316545}
T{00000000-0000-0000-0000-0000000BC199}
F{00000000-0000-0000-0000-00000027893E}
T{00000000-0000-0000-0000-0000000CE6CE}
T{00000000-0000-0000-0000-0000001F1353}
T{00000000-0000-0000-0000-00000009E9E0}
T{00000000-0000-0000-0000-00000024C144}
T{00000000-0000-0000-0000-000000264C56}
T{00000000-0000-0000-0000-000000327C1B}
F{00000000-0000-0000-0000-00000001E23D}
T{00000000-0000-0000-0000-0000000CE6CE}
T{00000000-0000-0000-0000-0000001649D9}
T{00000000-0000-0000-0000-000000145F32}
T{00000000-0000-0000-0000-000000025A62}
T{00000000-0000-0000-0000-0000000CF3B4}
T{00000000-0000-0000-0000-0000000FB2D0}
T{00000000-0000-0000-0000-000000202BD3}
T{00000000-0000-0000-0000-0000001848CF}
T{00000000-0000-0000-0000-0000000F72B6}
T{00000000-0000-0000-0000-0000001739B0}
T{00000000-0000-0000-0000-0000002D8F80}
T{00000000-0000-0000-0000-0000002CABB9}
T{00000000-0000-0000-0000-000000097502}
T{00000000-0000-0000-0000-000000006289}
T{00000000-0000-0000-0000-00000001E74C}
T{00000000-0000-0000-0000-0000000292E2}
T{00000000-0000-0000-0000-000000241392}
T{00000000-0000-0000-0000-0000002350BA}
T{00000000-0000-0000-0000-0000001739B0}
T{00000000-0000-0000-0000-0000000FAEA5}
T{00000000-0000-0000-0000-0000001E864C}
T{00000000-0000-0000-0000-000000095837}
T{00000000-0000-0000-0000-0000002390CE}
T{00000000-0000-0000-0000-00000025439D}
T{00000000-0000-0000-0000-000000299687}
T{00000000-0000-0000-0000-0000000A14F9}
T{00000000-0000-0000-0000-000000322148}
T{00000000-0000-0000-0000-0000000346B2}
T{00000000-0000-0000-0000-000000046E9C}
T{00000000-0000-0000-0000-00000032E5A4}
F{00000000-0000-0000-0000-0000002BDE42}
T{00000000-0000-0000-0000-0000000C5A2F}
T{00000000-0000-0000-0000-000000335971}
T{00000000-0000-0000-0000-0000000665AD}
T{00000000-0000-0000-0000-0000001A5CA2}
T{00000000-0000-0000-0000-0000000B92D3}
T{00000000-0000-0000-0000-0000002ACC91}
T{00000000-0000-0000-0000-0000002CABB9}
T{00000000-0000-0000-0000-00000012756D}
T{00000000-0000-0000-0000-00000005A9EA}
T{00000000-0000-0000-0000-000000029A34}
T{00000000-0000-0000-0000-000000059D2F}
T{00000000-0000-0000-0000-0000002529FE}
T{00000000-0000-0000-0000-0000000ED312}
T{00000000-0000-0000-0000-000000165534}
T{00000000-0000-0000-0000-0000001BF77C}
T{00000000-0000-0000-0000-0000001262D7}
T{00000000-0000-0000-0000-0000002E6E0D}
T{00000000-0000-0000-0000-0000001EB469}
T{00000000-0000-0000-0000-0000002645D9}
T{00000000-0000-0000-0000-00000014D038}
F{00000000-0000-0000-0000-00000026C27D}
T{00000000-0000-0000-0000-0000000078D5}
T{00000000-0000-0000-0000-000000101B79}
T{00000000-0000-0000-0000-0000001064E8}
T{00000000-0000-0000-0000-000000196D74}
T{00000000-0000-0000-0000-00000025E20C}
T{00000000-0000-0000-0000-000000117837}
T{00000000-0000-0000-0000-0000000A0723}
T{00000000-0000-0000-0000-000000101B79}
T{00000000-0000-0000-0000-0000000F2112}
T{00000000-0000-0000-0000-0000002A9E3B}
T{00000000-0000-0000-0000-000000184C86}
T{00000000-0000-0000-0000-0000000DD8B2}
T{00000000-0000-0000-0000-00000006E705}
T{00000000-0000-0000-0000-000000039702}
F{00000000-0000-0000-0000-000000172673}
T{00000000-0000-0000-0000-0000000C6DDD}
T{00000000-0000-0000-0000-0000000B60CE}
T{00000000-0000-0000-0000-00000031243B}
T{00000000-0000-0000-0000-0000002EB627}
T{00000000-0000-0000-0000-0000001744F6}
T{00000000-0000-0000-0000-0000000F1562}
T{00000000-0000-0000-0000-000000330023}
T{00000000-0000-0000-0000-00000013EF88}
T{00000000-0000-0000-0000-0000000C83D2}
T{00000000-0000-0000-0000-0000002C0454}
T{00000000-0000-0000-0000-00000003FD61}
T{00000000-0000-0000-0000-00000016A626}
T{00000000-0000-0000-0000-0000000593A0}
T{00000000-0000-0000-0000-00000020A4CC}
T{00000000-0000-0000-0000-000000090902}
T{00000000-0000-0000-0000-000000029AE8}
T{00000000-0000-0000-0000-0000002997AA}
T{00000000-0000-0000-0000-0000001D3BF2}
T{00000000-0000-0000-0000-00000001E23D}
T{00000000-0000-0000-0000-00000000814D}
T{00000000-0000-0000-0000-00000004C261}
T{00000000-0000-0000-0000-0000002A27DD}
T{00000000-0000-0000-0000-00000005AD98}
T{00000000-0000-0000-0000-000000301D41}
T{00000000-0000-0000-0000-0000002BDE42}
T{00000000-0000-0000-0000-000000034590}
T{00000000-0000-0000-0000-00000010EB5D}
F{00000000-0000-0000-0000-000000228993}
T{00000000-0000-0000-0000-000000134B23}
T{00000000-0000-0000-0000-000000165534}
F{00000000-0000-0000-0000-000000332CFE}
T{00000000-0000-0000-0000-0000002FC20B}
T{00000000-0000-0000-0000-0000002D06C5}
T{00000000-0000-0000-0000-0000000CE6CE}
T{00000000-0000-0000-0000-000000333127}
T{00000000-0000-0000-0000-000000200AAE}
T{00000000-0000-0000-0000-000000238DED}
T{00000000-0000-0000-0000-0000001D05B7}
T{00000000-0000-0000-0000-000000094F06}
T{00000000-0000-0000-0000-000000336848}
T{00000000-0000-0000-0000-00000023FF40}
T{00000000-0000-0000-0000-0000000BDF94}
T{00000000-0000-0000-0000-000000025A62}
T{00000000-0000-0000-0000-00000015AB9D}
T{00000000-0000-0000-0000-000000330023}
T{00000000-0000-0000-0000-000000108BD7}
F{00000000-0000-0000-0000-0000002FF4A5}
T{00000000-0000-0000-0000-0000000B0FEF}
T{00000000-0000-0000-0000-0000000EA30D}
T{00000000-0000-0000-0000-00000004C261}
T{00000000-0000-0000-0000-0000001E2362}
T{00000000-0000-0000-0000-000000039782}
F{00000000-0000-0000-0000-000000250939}
T{00000000-0000-0000-0000-0000001B8F20}
T{00000000-0000-0000-0000-00000032E5A4}
T{00000000-0000-0000-0000-0000001D3BF2}
T{00000000-0000-0000-0000-0000000E773C}
T{00000000-0000-0000-0000-00000033565E}
T{00000000-0000-0000-0000-000000105E29}
T{00000000-0000-0000-0000-000000096C07}
T{00000000-0000-0000-0000-000000299687}
T{00000000-0000-0000-0000-0000001C9465}
T{00000000-0000-0000-0000-0000002D9FD8}
T{00000000-0000-0000-0000-0000001DBEB0}
T{00000000-0000-0000-0000-00000024E8A1}
T{00000000-0000-0000-0000-00000007CC3B}
T{00000000-0000-0000-0000-00000028073D}
T{00000000-0000-0000-0000-000000019DED}
T{00000000-0000-0000-0000-000000270108}
T{00000000-0000-0000-0000-00000032AFCF}
T{00000000-0000-0000-0000-00000028FBBD}
F{00000000-0000-0000-0000-0000001831A7}
T{00000000-0000-0000-0000-000000288489}
T{00000000-0000-0000-0000-000000134930}
T{00000000-0000-0000-0000-000000101B79}
T{00000000-0000-0000-0000-0000001AC986}
T{00000000-0000-0000-0000-00000001FDC6}
T{00000000-0000-0000-0000-00000001BBF4}
T{00000000-0000-0000-0000-0000000A06FB}
T{00000000-0000-0000-0000-000000014FA5}
T{00000000-0000-0000-0000-000000019DED}
T{00000000-0000-0000-0000-0000002D3FCB}
T{00000000-0000-0000-0000-000000137D7D}
T{00000000-0000-0000-0000-00000027BF78}
T{00000000-0000-0000-0000-0000000E56CD}
T{00000000-0000-0000-0000-0000000A5753}
T{00000000-0000-0000-0000-0000002EC376}
T{00000000-0000-0000-0000-0000002821FA}
T{00000000-0000-0000-0000-0000001595DC}
T{00000000-0000-0000-0000-00000031FD22}
T{00000000-0000-0000-0000-0000001BEEF3}
T{00000000-0000-0000-0000-0000000FE302}
T{00000000-0000-0000-0000-00000006B552}
T{00000000-0000-0000-0000-000000038CA4}
T{00000000-0000-0000-0000-00000016B6E6}
T{00000000-0000-0000-0000-000000014A1C}
T{00000000-0000-0000-0000-000000012582}
T{00000000-0000-0000-0000-00000007557D}
T{00000000-0000-0000-0000-0000002B9366}
T{00000000-0000-0000-0000-0000001726C1}
T{00000000-0000-0000-0000-00000016331E}
T{00000000-0000-0000-0000-0000002CABB9}
T{00000000-0000-0000-0000-0000000FB35D}
T{00000000-0000-0000-0000-000000014E5E}
T{00000000-0000-0000-0000-0000000EB9ED}
T{00000000-0000-0000-0000-0000002A43FB}
T{00000000-0000-0000-0000-0000002A63DB}
F{00000000-0000-0000-0000-0000002BA75C}
T{00000000-0000-0000-0000-00000009A12C}
T{00000000-0000-0000-0000-000000108BD7}
T{00000000-0000-0000-0000-00000023BDED}
T{00000000-0000-0000-0000-000000143172}
T{00000000-0000-0000-0000-0000000A3E08}
T{00000000-0000-0000-0000-0000001A5599}
T{00000000-0000-0000-0000-00000003FD61}
T{00000000-0000-0000-0000-000000176E2D}
T{00000000-0000-0000-0000-0000000EA30D}
T{00000000-0000-0000-0000-0000000B2328}
T{00000000-0000-0000-0000-000000216A6E}
T{00000000-0000-0000-0000-000000034A00}
T{00000000-0000-0000-0000-00000001E74C}
T{00000000-0000-0000-0000-0000002A27DD}
T{00000000-0000-0000-0000-0000002A19CC}
T{00000000-0000-0000-0000-00000033518B}
T{00000000-0000-0000-0000-00000009A503}
T{00000000-0000-0000-0000-0000002AE653}
T{00000000-0000-0000-0000-000000166E8F}
T{00000000-0000-0000-0000-000000027CD4}
T{00000000-0000-0000-0000-000000086E8A}
T{00000000-0000-0000-0000-0000002D609F}
T{00000000-0000-0000-0000-0000002B9366}
T{00000000-0000-0000-0000-0000000F84E7}
T{00000000-0000-0000-0000-000000224E20}
T{00000000-0000-0000-0000-000000090902}
T{00000000-0000-0000-0000-000000105C5B}
T{00000000-0000-0000-0000-000000135BF7}
T{00000000-0000-0000-0000-000000014A1C}
T{00000000-0000-0000-0000-0000001831A7}
T{00000000-0000-0000-0000-0000001F98D9}
T{00000000-0000-0000-0000-000000290564}
T{00000000-0000-0000-0000-0000000A8631}
T{00000000-0000-0000-0000-0000001064E8}
T{00000000-0000-0000-0000-0000002350BA}
T{00000000-0000-0000-0000-00000009CB8B}
T{00000000-0000-0000-0000-00000018AFAE}
T{00000000-0000-0000-0000-0000001595DC}
T{00000000-0000-0000-0000-000000303F08}
T{00000000-0000-0000-0000-000000297D08}
T{00000000-0000-0000-0000-00000001B79B}
T{00000000-0000-0000-0000-000000038CA4}
T{00000000-0000-0000-0000-000000224556}
T{00000000-0000-0000-0000-00000032E5A4}
T{00000000-0000-0000-0000-0000000A0723}
T{00000000-0000-0000-0000-000000110471}
T{00000000-0000-0000-0000-00000020C386}
T{00000000-0000-0000-0000-00000003E8D3}
T{00000000-0000-0000-0000-000000097502}
T{00000000-0000-0000-0000-0000001064E8}
T{00000000-0000-0000-0000-00000033ABF6}
T{00000000-0000-0000-0000-000000043B45}
T{00000000-0000-0000-0000-00000015C8F2}
T{00000000-0000-0000-0000-000000101B79}
T{00000000-0000-0000-0000-000000320D6B}
T{00000000-0000-0000-0000-0000000CF7FF}
T{00000000-0000-0000-0000-0000001FBE4B}
T{00000000-0000-0000-0000-00000005FB2F}
T{00000000-0000-0000-0000-0000000D1941}
T{00000000-0000-0000-0000-0000000A0057}
T{00000000-0000-0000-0000-000000027CD4}
T{00000000-0000-0000-0000-00000026C27D}
T{00000000-0000-0000-0000-0000002FE726}
T{00000000-0000-0000-0000-000000184C86}
T{00000000-0000-0000-0000-00000012756D}
T{00000000-0000-0000-0000-000000114497}
T{00000000-0000-0000-0000-0000003116D1}
T{00000000-0000-0000-0000-00000009F2B5}
F{00000000-0000-0000-0000-0000002C0510}
T{00000000-0000-0000-0000-00000032B082}
T{00000000-0000-0000-0000-000000288E61}
T{00000000-0000-0000-0000-0000000B0FEF}
T{00000000-0000-0000-0000-0000000593A0}
T{00000000-0000-0000-0000-000000220937}
T{00000000-0000-0000-0000-00000002B478}
T{00000000-0000-0000-0000-000000067F1B}
T{00000000-0000-0000-0000-0000000CF7FF}
T{00000000-0000-0000-0000-00000028ADFB}
T{00000000-0000-0000-0000-000000335C78}
T{00000000-0000-0000-0000-000000253ACD}
T{00000000-0000-0000-0000-00000027898B}
T{00000000-0000-0000-0000-00000008AE69}
T{00000000-0000-0000-0000-0000002EE5CF}
T{00000000-0000-0000-0000-00000033ABF6}
T{00000000-0000-0000-0000-00000007D743}
T{00000000-0000-0000-0000-0000002B5983}
T{00000000-0000-0000-0000-0000002D609F}
T{00000000-0000-0000-0000-000000213619}
T{00000000-0000-0000-0000-0000000FDCD4}
T{00000000-0000-0000-0000-0000002B5983}
T{00000000-0000-0000-0000-000000130B4B}
T{00000000-0000-0000-0000-0000002E16B1}
T{00000000-0000-0000-0000-000000165534}
T{00000000-0000-0000-0000-00000007C7D7}
T{00000000-0000-0000-0000-0000001024E5}
T{00000000-0000-0000-0000-0000002325E3}
T{00000000-0000-0000-0000-00000005ED38}
T{00000000-0000-0000-0000-0000001797C4}
T{00000000-0000-0000-0000-0000000DD8B2}
T{00000000-0000-0000-0000-0000001AC986}
T{00000000-0000-0000-0000-0000002350BA}
T{00000000-0000-0000-0000-000000164226}
T{00000000-0000-0000-0000-0000000BBB6E}
T{00000000-0000-0000-0000-0000000A1D72}
T{00000000-0000-0000-0000-00000024BF7A}
T{00000000-0000-0000-0000-000000290964}
T{00000000-0000-0000-0000-0000002A7874}
T{00000000-0000-0000-0000-00000024E933}
T{00000000-0000-0000-0000-000000135BF7}
T{00000000-0000-0000-0000-0000002203C2}
T{00000000-0000-0000-0000-00000016CF0A}
T{00000000-0000-0000-0000-00000001E23D}
T{00000000-0000-0000-0000-00000013EF88}
T{00000000-0000-0000-0000-00000001FDC6}
T{00000000-0000-0000-0000-0000000BBB6E}
T{00000000-0000-0000-0000-0000001EA31D}
T{00000000-0000-0000-0000-0000001531F9}
T{00000000-0000-0000-0000-000000100099}
T{00000000-0000-0000-0000-000000011CD5}
T{00000000-0000-0000-0000-000000025A62}
T{00000000-0000-0000-0000-000000094F06}
T{00000000-0000-0000-0000-000000289841}
T{00000000-0000-0000-0000-000000009FD6}
T{00000000-0000-0000-0000-0000002203C2}
T{00000000-0000-0000-0000-0000000D1321}
T{00000000-0000-0000-0000-00000005AD98}
T{00000000-0000-0000-0000-000000297D08}
T{00000000-0000-0000-0000-0000000F84E7}
F{00000000-0000-0000-0000-0000000DAB70}
T{00000000-0000-0000-0000-000000069F05}
T{00000000-0000-0000-0000-000000331AEC}
T{00000000-0000-0000-0000-0000000FDCD4}
T{00000000-0000-0000-0000-0000002BDE42}
T{00000000-0000-0000-0000-00000006FA4F}
T{00000000-0000-0000-0000-0000000B0FAB}
T{00000000-0000-0000-0000-000000046B2D}
T{00000000-0000-0000-0000-0000003116D1}
T{00000000-0000-0000-0000-0000000BC199}
T{00000000-0000-0000-0000-000000069F05}
T{00000000-0000-0000-0000-00000008945C}
T{00000000-0000-0000-0000-000000114497}
T{00000000-0000-0000-0000-0000002B9366}
T{00000000-0000-0000-0000-0000001D3BF2}
T{00000000-0000-0000-0000-00000026AF5F}
T{00000000-0000-0000-0000-0000001016F2}
T{00000000-0000-0000-0000-0000002CE1D9}
T{00000000-0000-0000-0000-0000001797C4}
T{00000000-0000-0000-0000-0000001831A7}
T{00000000-0000-0000-0000-00000031941A}
T{00000000-0000-0000-0000-0000000D1321}
T{00000000-0000-0000-0000-0000002B0433}
T{00000000-0000-0000-0000-0000000BD935}
T{00000000-0000-0000-0000-00000004D92F}
T{00000000-0000-0000-0000-0000001744F6}
T{00000000-0000-0000-0000-00000004C733}
T{00000000-0000-0000-0000-00000000D349}
T{00000000-0000-0000-0000-00000023F0DF}
T{00000000-0000-0000-0000-000000178759}
T{00000000-0000-0000-0000-0000001472F7}
T{00000000-0000-0000-0000-000000327C1B}
T{00000000-0000-0000-0000-0000000CF3B4}
T{00000000-0000-0000-0000-00000027BF78}
T{00000000-0000-0000-0000-0000000A5753}
T{00000000-0000-0000-0000-000000167C85}
T{00000000-0000-0000-0000-00000003ED8C}
T{00000000-0000-0000-0000-0000002A7874}
T{00000000-0000-0000-0000-0000000EEBC6}
T{00000000-0000-0000-0000-0000000B728F}
T{00000000-0000-0000-0000-0000000BDF94}
T{00000000-0000-0000-0000-0000000C8378}
T{00000000-0000-0000-0000-000000299FFC}
T{00000000-0000-0000-0000-0000000AA469}
T{00000000-0000-0000-0000-000000260EFD}
T{00000000-0000-0000-0000-00000016B6E6}
T{00000000-0000-0000-0000-0000002997AA}
T{00000000-0000-0000-0000-0000002BB1E4}
T{00000000-0000-0000-0000-000000212045}
T{00000000-0000-0000-0000-000000134930}
T{00000000-0000-0000-0000-000000239361}
F{00000000-0000-0000-0000-000000007962}
T{00000000-0000-0000-0000-00000000F558}
T{00000000-0000-0000-0000-0000000345B8}
T{00000000-0000-0000-0000-0000002A63DB}
T{00000000-0000-0000-0000-0000002390CE}
T{00000000-0000-0000-0000-00000002C833}
T{00000000-0000-0000-0000-000000243451}
T{00000000-0000-0000-0000-0000002E0556}
T{00000000-0000-0000-0000-0000000B2328}
T{00000000-0000-0000-0000-0000001FC2AF}
T{00000000-0000-0000-0000-00000003FD61}
T{00000000-0000-0000-0000-0000000FA8A2}
T{00000000-0000-0000-0000-0000000D1321}
T{00000000-0000-0000-0000-0000000D648E}
T{00000000-0000-0000-0000-000000172673}
T{00000000-0000-0000-0000-00000022F04D}
T{00000000-0000-0000-0000-0000001A5599}
T{00000000-0000-0000-0000-0000001262D7}
T{00000000-0000-0000-0000-0000002C5C17}
T{00000000-0000-0000-0000-0000001341CE}
T{00000000-0000-0000-0000-00000028FBBD}
T{00000000-0000-0000-0000-0000002CEAAC}
T{00000000-0000-0000-0000-00000031243B}
T{00000000-0000-0000-0000-000000244B87}
T{00000000-0000-0000-0000-00000014D038}
T{00000000-0000-0000-0000-000000137D7D}
T{00000000-0000-0000-0000-00000026A490}
T{00000000-0000-0000-0000-0000002A63DB}
T{00000000-0000-0000-0000-00000007D2AF}
T{00000000-0000-0000-0000-0000002D50CD}
T{00000000-0000-0000-0000-000000327C1B}
T{00000000-0000-0000-0000-0000002E6E0D}
T{00000000-0000-0000-0000-0000000B92D3}
T{00000000-0000-0000-0000-0000002FE726}
F{00000000-0000-0000-0000-000000228993}
F{00000000-0000-0000-0000-00000021E051}
T{00000000-0000-0000-0000-000000027CAC}
T{00000000-0000-0000-0000-00000012D3D4}
T{00000000-0000-0000-0000-000000250A40}
T{00000000-0000-0000-0000-000000034417}
T{00000000-0000-0000-0000-00000023F0DF}
T{00000000-0000-0000-0000-000000039782}
T{00000000-0000-0000-0000-00000007CFFF}
T{00000000-0000-0000-0000-000000271353}
T{00000000-0000-0000-0000-0000002EE5CF}
T{00000000-0000-0000-0000-0000000D1F5A}
T{00000000-0000-0000-0000-00000020C386}
T{00000000-0000-0000-0000-0000001F3690}
T{00000000-0000-0000-0000-00000016FFE0}
T{00000000-0000-0000-0000-0000000A9040}
T{00000000-0000-0000-0000-0000000D2E16}
T{00000000-0000-0000-0000-0000000A0057}
T{00000000-0000-0000-0000-0000002529FE}
T{00000000-0000-0000-0000-000000250A40}
T{00000000-0000-0000-0000-000000213579}
T{00000000-0000-0000-0000-00000000AEC0}
T{00000000-0000-0000-0000-0000002C9AE4}
T{00000000-0000-0000-0000-0000000C6DDD}
T{00000000-0000-0000-0000-0000000CF7FF}
T{00000000-0000-0000-0000-0000000A9040}
T{00000000-0000-0000-0000-0000002ACC91}
T{00000000-0000-0000-0000-000000145F32}
T{00000000-0000-0000-0000-0000000D648E}
T{00000000-0000-0000-0000-0000001EA31D}
