T{00000000-0000-0000-0000-0000000C1C4E}
F{00000000-0000-0000-0000-00000008B383}
T{00000000-0000-0000-0000-00000026A301}
F{00000000-0000-0000-0000-00000004E003}
F{00000000-0000-0000-0000-000000113245}
F{00000000-0000-0000-0000-00000019E23D}
F{00000000-0000-0000-0000-00000012EEF7}
F{00000000-0000-0000-0000-00000004A47F}
F{00000000-0000-0000-0000-00000031F588}
T{00000000-0000-0000-0000-0000000813D7}
T{00000000-0000-0000-0000-00000005382D}
T{00000000-0000-0000-0000-000000275A4F}
F{00000000-0000-0000-0000-0000001746C3}
F{00000000-0000-0000-0000-000000282FCE}
F{00000000-0000-0000-0000-00000018652C}
F{00000000-0000-0000-0000-00000007C25E}
F{00000000-0000-0000-0000-000000251E83}
F{00000000-0000-0000-0000-0000002CAD87}
T{00000000-0000-0000-0000-0000000D2FA0}
F{00000000-0000-0000-0000-0000002137D4}
F{00000000-0000-0000-0000-00000020CF55}
F{00000000-0000-0000-0000-000000049D0E}
F{00000000-0000-0000-0000-0000000928C2}
F{00000000-0000-0000-0000-00000003F093}
F{00000000-0000-0000-0000-00000014FDFF}
F{00000000-0000-0000-0000-00000003B508}
F{00000000-0000-0000-0000-0000002B9CA9}
F{00000000-0000-0000-0000-0000000929D8}
F{00000000-0000-0000-0000-000000039287}
F{00000000-0000-0000-0000-0000002001DC}
F{00000000-0000-0000-0000-0000000A17FA}
F{00000000-0000-0000-0000-0000001A177D}
F{00000000-0000-0000-0000-0000000B66A6}
F{00000000-0000-0000-0000-00000016DEE7}
F{00000000-0000-0000-0000-0000000358BE}
F{00000000-0000-0000-0000-00000032E65E}
F{00000000-0000-0000-0000-000000106A2C}
F{00000000-0000-0000-0000-000000146BB2}
F{00000000-0000-0000-0000-0000002FEC1E}
F{00000000-0000-0000-0000-0000002E3AB2}
F{00000000-0000-0000-0000-00000022E477}
F{00000000-0000-0000-0000-00000002FF57}
F{00000000-0000-0000-0000-0000001A8886}
F{00000000-0000-0000-0000-0000000F4FE6}
F{00000000-0000-0000-0000-00000009BAD7}
F{00000000-0000-0000-0000-000000060817}
F{00000000-0000-0000-0000-00000011D6C2}
F{00000000-0000-0000-0000-000000108B3B}
F{00000000-0000-0000-0000-00000027289F}
F{00000000-0000-0000-0000-0000002F0787}
F{00000000-0000-0000-0000-00000022F0AA}
F{00000000-0000-0000-0000-00000009D428}
F{00000000-0000-0000-0000-000000028B7A}
F{00000000-0000-0000-0000-00000003E599}
F{00000000-0000-0000-0000-00000031EBC3}
F{00000000-0000-0000-0000-00000030694D}
F{00000000-0000-0000-0000-000000020F85}
F{00000000-0000-0000-0000-000000075EAF}
F{00000000-0000-0000-0000-000000222774}
F{00000000-0000-0000-0000-000000090229}
F{00000000-0000-0000-0000-00000006273D}
F{00000000-0000-0000-0000-000000122CB0}
F{00000000-0000-0000-0000-00000012AF34}
F{00000000-0000-0000-0000-0000000AE099}
F{00000000-0000-0000-0000-00000007E3BE}
F{00000000-0000-0000-0000-000000041967}
F{00000000-0000-0000-0000-00000008179C}
F{00000000-0000-0000-0000-000000018C66}
F{00000000-0000-0000-0000-00000009F26B}
T{00000000-0000-0000-0000-000000132F5E}
F{00000000-0000-0000-0000-00000033629C}
F{00000000-0000-0000-0000-000000099302}
F{00000000-0000-0000-0000-000000062238}
F{00000000-0000-0000-0000-000000011C79}
F{00000000-0000-0000-0000-0000002C418E}
F{00000000-0000-0000-0000-000000304C1E}
F{00000000-0000-0000-0000-000000030FAE}
F{00000000-0000-0000-0000-00000005FF3F}
F{00000000-0000-0000-0000-00000003496E}
F{00000000-0000-0000-0000-000000060468}
F{00000000-0000-0000-0000-0000001278AF}
F{00000000-0000-0000-0000-0000000A8C33}
F{00000000-0000-0000-0000-00000027EFDF}
F{00000000-0000-0000-0000-00000025482D}
F{00000000-0000-0000-0000-0000000567C5}
F{00000000-0000-0000-0000-0000000ABD11}
F{00000000-0000-0000-0000-0000000BBAF7}
F{00000000-0000-0000-0000-000000219EFE}
F{00000000-0000-0000-0000-000000046E22}
F{00000000-0000-0000-0000-00000032E6F6}
F{00000000-0000-0000-0000-000000099D5D}
F{00000000-0000-0000-0000-00000032E859}
F{00000000-0000-0000-0000-000000007910}
F{00000000-0000-0000-0000-0000000604DA}
F{00000000-0000-0000-0000-0000000B1846}
T{00000000-0000-0000-0000-00000022664D}
F{00000000-0000-0000-0000-000000041E64}
F{00000000-0000-0000-0000-00000016BA6A}
F{00000000-0000-0000-0000-00000005EE69}
F{00000000-0000-0000-0000-0000001672E1}
F{00000000-0000-0000-0000-0000002D5353}
T{00000000-0000-0000-0000-000000317956}
T{00000000-0000-0000-0000-0000001E85C9}
T{00000000-0000-0000-0000-00000012E26D}
T{00000000-0000-0000-0000-0000000CB9EE}
T{00000000-0000-0000-0000-0000002C6A74}
T{00000000-0000-0000-0000-00000025C115}
T{00000000-0000-0000-0000-000000105EE3}
T{00000000-0000-0000-0000-0000001CDDE7}
F{00000000-0000-0000-0000-000000177868}
T{00000000-0000-0000-0000-00000009D514}
T{00000000-0000-0000-0000-000000196ABC}
T{00000000-0000-0000-0000-000000177868}
T{00000000-0000-0000-0000-0000000E384E}
T{00000000-0000-0000-0000-00000025C115}
T{00000000-0000-0000-0000-0000002FF4A5}
T{00000000-0000-0000-0000-00000016B7BB}
T{00000000-0000-0000-0000-00000025C115}
T{00000000-0000-0000-0000-000000048848}
T{00000000-0000-0000-0000-00000012A959}
T{00000000-0000-0000-0000-00000009D514}
T{00000000-0000-0000-0000-0000000F098A}
T{00000000-0000-0000-0000-000000104584}
T{00000000-0000-0000-0000-000000096D7F}
T{00000000-0000-0000-0000-00000009D514}
T{00000000-0000-0000-0000-00000008338F}
T{00000000-0000-0000-0000-0000000E384E}
F{00000000-0000-0000-0000-0000000A2D06}
T{00000000-0000-0000-0000-000000177868}
T{00000000-0000-0000-0000-00000008338F}
T{00000000-0000-0000-0000-0000002415F2}
T{00000000-0000-0000-0000-0000000292C7}
T{00000000-0000-0000-0000-0000002499A6}
T{00000000-0000-0000-0000-0000001E85C9}
T{00000000-0000-0000-0000-000000105EE3}
T{00000000-0000-0000-0000-0000002D5353}
T{00000000-0000-0000-0000-0000002E3A18}
T{00000000-0000-0000-0000-0000001A4EC5}
T{00000000-0000-0000-0000-0000000292C7}
T{00000000-0000-0000-0000-00000012A959}
F{00000000-0000-0000-0000-00000023F6C0}
T{00000000-0000-0000-0000-0000002D5353}
T{00000000-0000-0000-0000-0000001A4EC5}
T{00000000-0000-0000-0000-0000001FBE4B}
T{00000000-0000-0000-0000-00000003B1C4}
T{00000000-0000-0000-0000-00000016F0D6}
T{00000000-0000-0000-0000-000000177868}
T{00000000-0000-0000-0000-0000000F6FF2}
T{00000000-0000-0000-0000-0000000882A8}
T{00000000-0000-0000-0000-00000025C115}
T{00000000-0000-0000-0000-000000048848}
T{00000000-0000-0000-0000-0000000FC77A}
F{00000000-0000-0000-0000-000000061C56}
T{00000000-0000-0000-0000-000000317956}
T{00000000-0000-0000-0000-000000177868}
T{00000000-0000-0000-0000-000000177868}
T{00000000-0000-0000-0000-00000000A1FA}
T{00000000-0000-0000-0000-0000002E3A18}
T{00000000-0000-0000-0000-00000009A4F4}
T{00000000-0000-0000-0000-00000009A4F4}
T{00000000-0000-0000-0000-0000000292C7}
T{00000000-0000-0000-0000-0000000F6FF2}
T{00000000-0000-0000-0000-00000009D514}
T{00000000-0000-0000-0000-00000009D514}
T{00000000-0000-0000-0000-0000001FBE4B}
T{00000000-0000-0000-0000-00000016B7BB}
T{00000000-0000-0000-0000-0000000E384E}
T{00000000-0000-0000-0000-0000002C11CF}
T{00000000-0000-0000-0000-0000001A4EC5}
T{00000000-0000-0000-0000-00000025C115}
T{00000000-0000-0000-0000-00000004F996}
T{00000000-0000-0000-0000-00000016F0D6}
T{00000000-0000-0000-0000-000000016921}
T{00000000-0000-0000-0000-0000001A4EC5}
T{00000000-0000-0000-0000-0000002D5353}
T{00000000-0000-0000-0000-0000001817FF}
T{00000000-0000-0000-0000-0000002D08BD}
T{00000000-0000-0000-0000-0000002D5353}
T{00000000-0000-0000-0000-00000003ED8C}
T{00000000-0000-0000-0000-0000000E3934}
T{00000000-0000-0000-0000-0000002D5353}
T{00000000-0000-0000-0000-000000202712}
T{00000000-0000-0000-0000-0000002B494C}
T{00000000-0000-0000-0000-0000002499A6}
T{00000000-0000-0000-0000-00000009D514}
T{00000000-0000-0000-0000-0000002D5353}
T{00000000-0000-0000-0000-0000002C11CF}
T{00000000-0000-0000-0000-0000000E3934}
T{00000000-0000-0000-0000-00000025BC9A}
T{00000000-0000-0000-0000-000000096D7F}
T{00000000-0000-0000-0000-000000061C56}
T{00000000-0000-0000-0000-0000000A2D06}
T{00000000-0000-0000-0000-000000048848}
T{00000000-0000-0000-0000-000000202712}
T{00000000-0000-0000-0000-00000003EF81}
T{00000000-0000-0000-0000-00000016F0D6}
T{00000000-0000-0000-0000-0000002D08BD}
T{00000000-0000-0000-0000-000000048848}
T{00000000-0000-0000-0000-0000000A2D06}
T{00000000-0000-0000-0000-0000002D5353}
T{00000000-0000-0000-0000-000000170C73}
T{00000000-0000-0000-0000-00000012E26D}
T{00000000-0000-0000-0000-000000312F10}
T{00000000-0000-0000-0000-000000016921}
T{00000000-0000-0000-0000-000000104584}
T{00000000-0000-0000-0000-0000002C11CF}
T{00000000-0000-0000-0000-00000009D514}
T{00000000-0000-0000-0000-00000004F996}
T{00000000-0000-0000-0000-000000061C56}
T{00000000-0000-0000-0000-000000048848}
T{00000000-0000-0000-0000-00000006D2E9}
T{00000000-0000-0000-0000-000000061C56}
T{00000000-0000-0000-0000-0000000E3934}
T{00000000-0000-0000-0000-00000004F996}
T{00000000-0000-0000-0000-0000000E384E}
T{00000000-0000-0000-0000-00000006CFEC}
T{00000000-0000-0000-0000-00000016B7BB}
T{00000000-0000-0000-0000-0000002B494C}
T{00000000-0000-0000-0000-00000003EF81}
T{00000000-0000-0000-0000-000000202712}
T{00000000-0000-0000-0000-0000001A4EC5}
T{00000000-0000-0000-0000-0000000E3934}
T{00000000-0000-0000-0000-0000002D08BD}
T{00000000-0000-0000-0000-0000002FF4A5}
T{00000000-0000-0000-0000-00000016F0D6}
T{00000000-0000-0000-0000-00000025C115}
T{00000000-0000-0000-0000-0000000A2D06}
T{00000000-0000-0000-0000-000000007962}
T{00000000-0000-0000-0000-0000002D5C1E}
T{00000000-0000-0000-0000-0000002375F5}
T{00000000-0000-0000-0000-00000000A1FA}
T{00000000-0000-0000-0000-00000012A959}
T{00000000-0000-0000-0000-0000002D08BD}
T{00000000-0000-0000-0000-0000000F6FF2}
T{00000000-0000-0000-0000-0000000CB9EE}
T{00000000-0000-0000-0000-0000000F6FF2}
T{00000000-0000-0000-0000-000000250939}
T{00000000-0000-0000-0000-0000000E3934}
T{00000000-0000-0000-0000-00000016F0D6}
T{00000000-0000-0000-0000-00000025BC9A}
T{00000000-0000-0000-0000-00000009D514}
T{00000000-0000-0000-0000-0000000CB9EE}
T{00000000-0000-0000-0000-00000003ED8C}
T{00000000-0000-0000-0000-000000312F10}
T{00000000-0000-0000-0000-00000003EF81}
T{00000000-0000-0000-0000-000000061C56}
T{00000000-0000-0000-0000-000000170C73}
T{00000000-0000-0000-0000-000000084360}
T{00000000-0000-0000-0000-0000000CDD4D}
T{00000000-0000-0000-0000-0000000CDD4D}
T{00000000-0000-0000-0000-00000003ED8C}
T{00000000-0000-0000-0000-0000000A2D06}
T{00000000-0000-0000-0000-00000025C115}
T{00000000-0000-0000-0000-000000084360}
T{00000000-0000-0000-0000-000000016921}
T{00000000-0000-0000-0000-00000009D514}
T{00000000-0000-0000-0000-000000202712}
T{00000000-0000-0000-0000-0000002415F2}
T{00000000-0000-0000-0000-0000002C11CF}
T{00000000-0000-0000-0000-0000000A2D06}
T{00000000-0000-0000-0000-0000002D08BD}
T{00000000-0000-0000-0000-000000105EE3}
T{00000000-0000-0000-0000-0000000A2D06}
T{00000000-0000-0000-0000-0000001A4EC5}
T{00000000-0000-0000-0000-0000000CB9EE}
T{00000000-0000-0000-0000-0000000FC77A}
T{00000000-0000-0000-0000-00000003ED8C}
T{00000000-0000-0000-0000-0000002E3A18}
T{00000000-0000-0000-0000-0000002D5353}
T{00000000-0000-0000-0000-000000061C56}
T{00000000-0000-0000-0000-0000001FBE4B}
T{00000000-0000-0000-0000-000000202712}
T{00000000-0000-0000-0000-0000000882A8}
T{00000000-0000-0000-0000-000000048848}
T{00000000-0000-0000-0000-000000061C56}
T{00000000-0000-0000-0000-000000007962}
T{00000000-0000-0000-0000-000000177868}
T{00000000-0000-0000-0000-0000002D5353}
T{00000000-0000-0000-0000-000000202712}
T{00000000-0000-0000-0000-00000023F6C0}
T{00000000-0000-0000-0000-0000002D08BD}
T{00000000-0000-0000-0000-0000000B81AE}
T{00000000-0000-0000-0000-000000048848}
