F{00000000-0000-0000-0000-0000000D2FA0}
F{00000000-0000-0000-0000-0000002137D4}
F{00000000-0000-0000-0000-00000020CF55}
F{00000000-0000-0000-0000-000000049D0E}
F{00000000-0000-0000-0000-0000000928C2}
F{00000000-0000-0000-0000-000000317956}
F{00000000-0000-0000-0000-00000003F093}
F{00000000-0000-0000-0000-00000014FDFF}
T{00000000-0000-0000-0000-00000016F0D6}
T{00000000-0000-0000-0000-0000001E85C9}
F{00000000-0000-0000-0000-00000003B508}
T{00000000-0000-0000-0000-000000039940}
F{00000000-0000-0000-0000-0000002B9CA9}
F{00000000-0000-0000-0000-0000000929D8}
F{00000000-0000-0000-0000-000000039287}
F{00000000-0000-0000-0000-0000002001DC}
F{00000000-0000-0000-0000-0000000A17FA}
F{00000000-0000-0000-0000-0000001A177D}
F{00000000-0000-0000-0000-0000000B66A6}
F{00000000-0000-0000-0000-00000016DEE7}
F{00000000-0000-0000-0000-0000000358BE}
F{00000000-0000-0000-0000-00000032E65E}
F{00000000-0000-0000-0000-000000106A2C}
F{00000000-0000-0000-0000-000000146BB2}
T{00000000-0000-0000-0000-0000000D0B0E}
F{00000000-0000-0000-0000-0000002FEC1E}
F{00000000-0000-0000-0000-0000002E3AB2}
T{00000000-0000-0000-0000-00000014E04A}
F{00000000-0000-0000-0000-00000022E477}
T{00000000-0000-0000-0000-000000040075}
F{00000000-0000-0000-0000-00000002FF57}
F{00000000-0000-0000-0000-0000001A8886}
F{00000000-0000-0000-0000-0000000F4FE6}
F{00000000-0000-0000-0000-00000009BAD7}
T{00000000-0000-0000-0000-0000002B494C}
F{00000000-0000-0000-0000-000000060817}
F{00000000-0000-0000-0000-0000000A2D06}
F{00000000-0000-0000-0000-00000011D6C2}
F{00000000-0000-0000-0000-000000108B3B}
F{00000000-0000-0000-0000-00000027289F}
T{00000000-0000-0000-0000-000000210458}
F{00000000-0000-0000-0000-0000002F0787}
F{00000000-0000-0000-0000-00000022F0AA}
F{00000000-0000-0000-0000-00000009D428}
F{00000000-0000-0000-0000-000000028B7A}
F{00000000-0000-0000-0000-00000003E599}
F{00000000-0000-0000-0000-00000031EBC3}
F{00000000-0000-0000-0000-00000030694D}
F{00000000-0000-0000-0000-000000020F85}
F{00000000-0000-0000-0000-000000075EAF}
F{00000000-0000-0000-0000-000000222774}
F{00000000-0000-0000-0000-000000090229}
F{00000000-0000-0000-0000-00000006273D}
F{00000000-0000-0000-0000-000000122CB0}
F{00000000-0000-0000-0000-00000012AF34}
F{00000000-0000-0000-0000-0000000AE099}
F{00000000-0000-0000-0000-00000007E3BE}
F{00000000-0000-0000-0000-000000041967}
F{00000000-0000-0000-0000-00000008179C}
T{00000000-0000-0000-0000-000000019910}
F{00000000-0000-0000-0000-000000061C56}
F{00000000-0000-0000-0000-000000018C66}
F{00000000-0000-0000-0000-00000009F26B}
F{00000000-0000-0000-0000-000000132F5E}
T{00000000-0000-0000-0000-0000002B0555}
F{00000000-0000-0000-0000-00000033629C}
F{00000000-0000-0000-0000-000000099302}
F{00000000-0000-0000-0000-000000062238}
F{00000000-0000-0000-0000-000000011C79}
F{00000000-0000-0000-0000-0000002C418E}
F{00000000-0000-0000-0000-000000304C1E}
F{00000000-0000-0000-0000-000000030FAE}
F{00000000-0000-0000-0000-00000005FF3F}
F{00000000-0000-0000-0000-00000003496E}
F{00000000-0000-0000-0000-000000060468}
F{00000000-0000-0000-0000-0000001278AF}
F{00000000-0000-0000-0000-0000000A8C33}
F{00000000-0000-0000-0000-00000027EFDF}
F{00000000-0000-0000-0000-00000025482D}
F{00000000-0000-0000-0000-0000000567C5}
F{00000000-0000-0000-0000-0000000ABD11}
F{00000000-0000-0000-0000-000000177868}
F{00000000-0000-0000-0000-0000000BBAF7}
F{00000000-0000-0000-0000-0000002D5353}
F{00000000-0000-0000-0000-000000219EFE}
F{00000000-0000-0000-0000-000000046E22}
F{00000000-0000-0000-0000-00000032E6F6}
F{00000000-0000-0000-0000-000000099D5D}
F{00000000-0000-0000-0000-00000025C115}
F{00000000-0000-0000-0000-00000032E859}
F{00000000-0000-0000-0000-000000007910}
F{00000000-0000-0000-0000-0000000604DA}
F{00000000-0000-0000-0000-0000000B1846}
F{00000000-0000-0000-0000-00000022664D}
F{00000000-0000-0000-0000-000000041E64}
F{00000000-0000-0000-0000-00000016BA6A}
F{00000000-0000-0000-0000-00000005EE69}
T{00000000-0000-0000-0000-0000001E35CC}
T{00000000-0000-0000-0000-0000002CEF50}
F{00000000-0000-0000-0000-0000001672E1}
F{00000000-0000-0000-0000-000000084360}
T{00000000-0000-0000-0000-00000006308D}
T{00000000-0000-0000-0000-00000002D877}
T{00000000-0000-0000-0000-00000000F1EF}
T{00000000-0000-0000-0000-0000002DAF08}
T{00000000-0000-0000-0000-0000002D5C1E}
T{00000000-0000-0000-0000-000000036030}
T{00000000-0000-0000-0000-000000302165}
T{00000000-0000-0000-0000-0000002E26E2}
F{00000000-0000-0000-0000-0000000DAB70}
T{00000000-0000-0000-0000-000000248A7A}
T{00000000-0000-0000-0000-00000029AD7A}
T{00000000-0000-0000-0000-00000012A959}
T{00000000-0000-0000-0000-000000216A6E}
T{00000000-0000-0000-0000-000000103CF4}
T{00000000-0000-0000-0000-00000023800C}
T{00000000-0000-0000-0000-0000001EB469}
T{00000000-0000-0000-0000-000000292142}
T{00000000-0000-0000-0000-00000007557D}
T{00000000-0000-0000-0000-000000157446}
T{00000000-0000-0000-0000-0000000114A4}
T{00000000-0000-0000-0000-0000002009A1}
T{00000000-0000-0000-0000-0000001AE318}
T{00000000-0000-0000-0000-000000081FC6}
T{00000000-0000-0000-0000-00000033565E}
T{00000000-0000-0000-0000-0000002FAC28}
T{00000000-0000-0000-0000-0000002A319F}
T{00000000-0000-0000-0000-00000006E7FF}
T{00000000-0000-0000-0000-00000016C567}
T{00000000-0000-0000-0000-000000042E57}
T{00000000-0000-0000-0000-00000026BAE5}
T{00000000-0000-0000-0000-0000000A14F9}
T{00000000-0000-0000-0000-0000000C5D03}
T{00000000-0000-0000-0000-00000024AD95}
T{00000000-0000-0000-0000-0000002C85DC}
T{00000000-0000-0000-0000-0000001A5622}
T{00000000-0000-0000-0000-000000306C34}
T{00000000-0000-0000-0000-00000029AD9D}
T{00000000-0000-0000-0000-0000002DF876}
T{00000000-0000-0000-0000-000000263223}
T{00000000-0000-0000-0000-00000027893E}
T{00000000-0000-0000-0000-0000002016D7}
T{00000000-0000-0000-0000-0000000FAACF}
T{00000000-0000-0000-0000-0000002D3F9E}
T{00000000-0000-0000-0000-0000002E31EF}
T{00000000-0000-0000-0000-000000228993}
T{00000000-0000-0000-0000-00000031042E}
T{00000000-0000-0000-0000-00000002F773}
T{00000000-0000-0000-0000-00000019C101}
T{00000000-0000-0000-0000-0000000B1AB9}
T{00000000-0000-0000-0000-000000103CF4}
T{00000000-0000-0000-0000-0000002518E3}
T{00000000-0000-0000-0000-00000019FC64}
F{00000000-0000-0000-0000-00000000F52C}
T{00000000-0000-0000-0000-0000001A5622}
T{00000000-0000-0000-0000-0000000FAFD7}
T{00000000-0000-0000-0000-0000001AEC0B}
T{00000000-0000-0000-0000-00000033565E}
T{00000000-0000-0000-0000-0000002EC40A}
T{00000000-0000-0000-0000-0000002AAAD9}
T{00000000-0000-0000-0000-000000226B1E}
T{00000000-0000-0000-0000-0000002C1AC7}
T{00000000-0000-0000-0000-000000038CA4}
T{00000000-0000-0000-0000-0000000A14F9}
T{00000000-0000-0000-0000-000000172673}
T{00000000-0000-0000-0000-00000004133E}
T{00000000-0000-0000-0000-0000002B3978}
T{00000000-0000-0000-0000-00000029516A}
T{00000000-0000-0000-0000-000000316D5A}
T{00000000-0000-0000-0000-000000324320}
T{00000000-0000-0000-0000-000000030667}
T{00000000-0000-0000-0000-0000000C3EC1}
T{00000000-0000-0000-0000-0000002AA309}
T{00000000-0000-0000-0000-0000002B3978}
T{00000000-0000-0000-0000-0000002D6B9F}
T{00000000-0000-0000-0000-000000292142}
T{00000000-0000-0000-0000-0000003233D9}
T{00000000-0000-0000-0000-000000137837}
T{00000000-0000-0000-0000-0000000CDC59}
T{00000000-0000-0000-0000-0000002BBF67}
T{00000000-0000-0000-0000-0000002EC40A}
T{00000000-0000-0000-0000-000000202767}
T{00000000-0000-0000-0000-0000002BA75C}
T{00000000-0000-0000-0000-00000005AC0E}
T{00000000-0000-0000-0000-000000279364}
T{00000000-0000-0000-0000-0000000CDC59}
T{00000000-0000-0000-0000-0000002BA75C}
T{00000000-0000-0000-0000-000000036030}
T{00000000-0000-0000-0000-0000000917E0}
T{00000000-0000-0000-0000-00000023077D}
T{00000000-0000-0000-0000-0000001FCE00}
T{00000000-0000-0000-0000-00000007CFFF}
T{00000000-0000-0000-0000-0000000917E0}
T{00000000-0000-0000-0000-0000002518E3}
T{00000000-0000-0000-0000-000000302B2D}
T{00000000-0000-0000-0000-000000222415}
T{00000000-0000-0000-0000-0000002BBF67}
T{00000000-0000-0000-0000-000000189604}
T{00000000-0000-0000-0000-0000002DAF08}
T{00000000-0000-0000-0000-000000035E18}
T{00000000-0000-0000-0000-000000318C3C}
T{00000000-0000-0000-0000-0000001CBD99}
T{00000000-0000-0000-0000-0000002067C5}
T{00000000-0000-0000-0000-0000002EF64C}
T{00000000-0000-0000-0000-0000002E26E2}
T{00000000-0000-0000-0000-0000001D9AFE}
T{00000000-0000-0000-0000-000000030667}
T{00000000-0000-0000-0000-00000019FC64}
F{00000000-0000-0000-0000-000000007962}
T{00000000-0000-0000-0000-000000326B0F}
T{00000000-0000-0000-0000-00000009D698}
T{00000000-0000-0000-0000-0000002D6B9F}
T{00000000-0000-0000-0000-0000000F1D41}
T{00000000-0000-0000-0000-000000061B44}
T{00000000-0000-0000-0000-000000172673}
T{00000000-0000-0000-0000-00000017FEEB}
T{00000000-0000-0000-0000-0000002BDE42}
T{00000000-0000-0000-0000-00000021CF71}
T{00000000-0000-0000-0000-0000000FBC67}
T{00000000-0000-0000-0000-00000007A92E}
T{00000000-0000-0000-0000-0000001D9AFE}
T{00000000-0000-0000-0000-00000032E350}
T{00000000-0000-0000-0000-00000021D095}
T{00000000-0000-0000-0000-0000000292E2}
T{00000000-0000-0000-0000-00000021C014}
T{00000000-0000-0000-0000-0000001531F9}
T{00000000-0000-0000-0000-0000002BDE42}
T{00000000-0000-0000-0000-0000000F0C92}
T{00000000-0000-0000-0000-00000023C700}
T{00000000-0000-0000-0000-0000000BCFC6}
T{00000000-0000-0000-0000-0000000C5D03}
T{00000000-0000-0000-0000-000000250A32}
T{00000000-0000-0000-0000-000000005092}
T{00000000-0000-0000-0000-00000016756C}
T{00000000-0000-0000-0000-0000002998DD}
T{00000000-0000-0000-0000-0000001CA6B6}
T{00000000-0000-0000-0000-0000000FC77A}
T{00000000-0000-0000-0000-00000002D6A3}
T{00000000-0000-0000-0000-0000002DF876}
T{00000000-0000-0000-0000-0000000FC6FF}
T{00000000-0000-0000-0000-00000026BAE5}
T{00000000-0000-0000-0000-0000002DB699}
T{00000000-0000-0000-0000-0000000ED5DE}
T{00000000-0000-0000-0000-0000002A2B78}
T{00000000-0000-0000-0000-00000000583D}
T{00000000-0000-0000-0000-00000013181A}
T{00000000-0000-0000-0000-0000000FBC67}
T{00000000-0000-0000-0000-0000000A14F9}
T{00000000-0000-0000-0000-00000026BAE5}
T{00000000-0000-0000-0000-00000026D979}
T{00000000-0000-0000-0000-0000002EB7BA}
T{00000000-0000-0000-0000-00000016A626}
T{00000000-0000-0000-0000-0000000AE6D0}
T{00000000-0000-0000-0000-000000264B34}
T{00000000-0000-0000-0000-0000001D398B}
T{00000000-0000-0000-0000-00000009D698}
T{00000000-0000-0000-0000-000000130B4B}
T{00000000-0000-0000-0000-0000000718CD}
T{00000000-0000-0000-0000-0000002E90E7}
T{00000000-0000-0000-0000-00000029B763}
T{00000000-0000-0000-0000-000000094EAE}
T{00000000-0000-0000-0000-00000005C4F5}
T{00000000-0000-0000-0000-00000005EC0D}
T{00000000-0000-0000-0000-00000009885C}
T{00000000-0000-0000-0000-000000184DB6}
F{00000000-0000-0000-0000-0000000876F9}
T{00000000-0000-0000-0000-0000000778BF}
T{00000000-0000-0000-0000-0000000D0DDB}
T{00000000-0000-0000-0000-00000026A490}
T{00000000-0000-0000-0000-000000318C3C}
T{00000000-0000-0000-0000-0000000949D0}
T{00000000-0000-0000-0000-0000002E26E2}
T{00000000-0000-0000-0000-0000000DAB70}
T{00000000-0000-0000-0000-00000002B751}
T{00000000-0000-0000-0000-0000001D0CB8}
T{00000000-0000-0000-0000-0000002DB699}
T{00000000-0000-0000-0000-0000000718CD}
T{00000000-0000-0000-0000-00000001E23D}
T{00000000-0000-0000-0000-00000028B711}
T{00000000-0000-0000-0000-0000000FBBF4}
T{00000000-0000-0000-0000-0000002C0510}
T{00000000-0000-0000-0000-000000104584}
T{00000000-0000-0000-0000-0000000DAB70}
T{00000000-0000-0000-0000-0000001AC3FD}
T{00000000-0000-0000-0000-000000096DAE}
T{00000000-0000-0000-0000-0000001CBD99}
T{00000000-0000-0000-0000-0000000F1D41}
T{00000000-0000-0000-0000-000000259E3F}
T{00000000-0000-0000-0000-0000002499A6}
T{00000000-0000-0000-0000-000000089465}
T{00000000-0000-0000-0000-0000001A5622}
T{00000000-0000-0000-0000-000000322C12}
T{00000000-0000-0000-0000-0000002653C5}
T{00000000-0000-0000-0000-0000000D024A}
T{00000000-0000-0000-0000-00000000583D}
T{00000000-0000-0000-0000-000000291279}
T{00000000-0000-0000-0000-00000005EC0D}
T{00000000-0000-0000-0000-0000002A8FE5}
T{00000000-0000-0000-0000-000000333ECB}
T{00000000-0000-0000-0000-00000006308D}
T{00000000-0000-0000-0000-00000007D8D9}
T{00000000-0000-0000-0000-0000000B1BD6}
T{00000000-0000-0000-0000-0000001BD3E4}
T{00000000-0000-0000-0000-000000087673}
T{00000000-0000-0000-0000-0000001430A3}
T{00000000-0000-0000-0000-0000000ED5DE}
T{00000000-0000-0000-0000-0000002EC38F}
T{00000000-0000-0000-0000-000000006F18}
F{00000000-0000-0000-0000-000000007962}
T{00000000-0000-0000-0000-0000000A06FB}
T{00000000-0000-0000-0000-000000094832}
T{00000000-0000-0000-0000-00000013867E}
T{00000000-0000-0000-0000-0000002898BE}
T{00000000-0000-0000-0000-0000002B678E}
T{00000000-0000-0000-0000-000000096DAE}
T{00000000-0000-0000-0000-00000024E7DE}
T{00000000-0000-0000-0000-0000002E26E2}
T{00000000-0000-0000-0000-000000061B44}
T{00000000-0000-0000-0000-00000031FD22}
T{00000000-0000-0000-0000-0000001430A3}
T{00000000-0000-0000-0000-000000076186}
F{00000000-0000-0000-0000-00000003982D}
T{00000000-0000-0000-0000-0000003275C3}
T{00000000-0000-0000-0000-00000021E051}
T{00000000-0000-0000-0000-0000001831A7}
T{00000000-0000-0000-0000-0000001AE318}
T{00000000-0000-0000-0000-00000002793F}
T{00000000-0000-0000-0000-00000026A490}
T{00000000-0000-0000-0000-0000002C4823}
T{00000000-0000-0000-0000-00000023077D}
T{00000000-0000-0000-0000-00000006903D}
T{00000000-0000-0000-0000-0000002CEB1D}
T{00000000-0000-0000-0000-0000000A06FB}
T{00000000-0000-0000-0000-0000000FA790}
T{00000000-0000-0000-0000-000000213579}
T{00000000-0000-0000-0000-0000002CEB1D}
T{00000000-0000-0000-0000-0000000D53FE}
T{00000000-0000-0000-0000-000000332CFE}
T{00000000-0000-0000-0000-0000002BDD69}
T{00000000-0000-0000-0000-000000006F18}
T{00000000-0000-0000-0000-0000001BEC3F}
T{00000000-0000-0000-0000-0000000DAB70}
T{00000000-0000-0000-0000-0000000D14C3}
T{00000000-0000-0000-0000-00000032F67F}
T{00000000-0000-0000-0000-00000026A490}
T{00000000-0000-0000-0000-000000137837}
T{00000000-0000-0000-0000-00000032B0AB}
T{00000000-0000-0000-0000-0000000FBC67}
T{00000000-0000-0000-0000-0000000DAB70}
T{00000000-0000-0000-0000-00000010C44E}
F{00000000-0000-0000-0000-00000033C0DE}
T{00000000-0000-0000-0000-0000002DB699}
T{00000000-0000-0000-0000-0000000D53FE}
T{00000000-0000-0000-0000-00000002A492}
T{00000000-0000-0000-0000-0000002A21F8}
T{00000000-0000-0000-0000-0000002BA75C}
T{00000000-0000-0000-0000-0000000882A1}
T{00000000-0000-0000-0000-0000002DF876}
T{00000000-0000-0000-0000-000000007899}
T{00000000-0000-0000-0000-00000010AA99}
T{00000000-0000-0000-0000-0000000DAB70}
T{00000000-0000-0000-0000-00000001E23D}
T{00000000-0000-0000-0000-0000001430A3}
T{00000000-0000-0000-0000-000000248A7A}
T{00000000-0000-0000-0000-000000228993}
T{00000000-0000-0000-0000-0000003275C3}
T{00000000-0000-0000-0000-0000002DB699}
T{00000000-0000-0000-0000-00000019FBEE}
T{00000000-0000-0000-0000-00000029EA62}
T{00000000-0000-0000-0000-0000000CF93D}
T{00000000-0000-0000-0000-0000000E67C9}
T{00000000-0000-0000-0000-0000000949D0}
T{00000000-0000-0000-0000-00000031FCF0}
F{00000000-0000-0000-0000-0000000C6B65}
T{00000000-0000-0000-0000-0000001CA6B6}
T{00000000-0000-0000-0000-000000035E18}
T{00000000-0000-0000-0000-000000290564}
T{00000000-0000-0000-0000-00000027893E}
T{00000000-0000-0000-0000-000000164B7F}
T{00000000-0000-0000-0000-0000001A8042}
T{00000000-0000-0000-0000-000000007899}
T{00000000-0000-0000-0000-00000028EB39}
T{00000000-0000-0000-0000-00000032F67F}
F{00000000-0000-0000-0000-0000002415F2}
T{00000000-0000-0000-0000-0000000ABCBF}
T{00000000-0000-0000-0000-0000002D6B9F}
T{00000000-0000-0000-0000-0000002C9458}
T{00000000-0000-0000-0000-0000000A1852}
T{00000000-0000-0000-0000-0000000BE030}
T{00000000-0000-0000-0000-0000002EC40A}
T{00000000-0000-0000-0000-000000268B62}
T{00000000-0000-0000-0000-0000000B81AE}
T{00000000-0000-0000-0000-0000001397D0}
T{00000000-0000-0000-0000-00000005EC0D}
T{00000000-0000-0000-0000-000000268B62}
T{00000000-0000-0000-0000-000000228993}
T{00000000-0000-0000-0000-0000001F04F1}
T{00000000-0000-0000-0000-000000216A6E}
T{00000000-0000-0000-0000-0000000C5A2F}
T{00000000-0000-0000-0000-0000001CE9EA}
T{00000000-0000-0000-0000-0000000718CD}
T{00000000-0000-0000-0000-0000002E16B1}
T{00000000-0000-0000-0000-00000007557D}
T{00000000-0000-0000-0000-000000189604}
T{00000000-0000-0000-0000-00000000583D}
T{00000000-0000-0000-0000-000000291279}
T{00000000-0000-0000-0000-0000000FC6FF}
T{00000000-0000-0000-0000-00000002793F}
T{00000000-0000-0000-0000-000000178CE5}
T{00000000-0000-0000-0000-000000334357}
T{00000000-0000-0000-0000-00000016BE6E}
T{00000000-0000-0000-0000-0000002EE38F}
T{00000000-0000-0000-0000-0000002BDE42}
T{00000000-0000-0000-0000-0000000ABCBF}
T{00000000-0000-0000-0000-00000026D979}
T{00000000-0000-0000-0000-00000006E7FF}
F{00000000-0000-0000-0000-0000000BCFC6}
T{00000000-0000-0000-0000-0000000A14F9}
T{00000000-0000-0000-0000-00000016C567}
T{00000000-0000-0000-0000-000000235979}
T{00000000-0000-0000-0000-000000291279}
T{00000000-0000-0000-0000-0000000AE6D0}
T{00000000-0000-0000-0000-000000005092}
T{00000000-0000-0000-0000-000000061B44}
T{00000000-0000-0000-0000-0000002A0A1D}
T{00000000-0000-0000-0000-0000001733AD}
T{00000000-0000-0000-0000-0000002A2B78}
T{00000000-0000-0000-0000-00000021D095}
T{00000000-0000-0000-0000-0000002BA75C}
T{00000000-0000-0000-0000-000000316D33}
T{00000000-0000-0000-0000-000000094EAE}
T{00000000-0000-0000-0000-0000002073CF}
T{00000000-0000-0000-0000-0000002C9458}
T{00000000-0000-0000-0000-000000250939}
T{00000000-0000-0000-0000-00000020CCBF}
T{00000000-0000-0000-0000-0000000AE6D0}
T{00000000-0000-0000-0000-0000000F063E}
T{00000000-0000-0000-0000-000000104584}
T{00000000-0000-0000-0000-00000019C101}
T{00000000-0000-0000-0000-000000202767}
T{00000000-0000-0000-0000-000000106389}
T{00000000-0000-0000-0000-0000001F9935}
T{00000000-0000-0000-0000-00000026C27D}
T{00000000-0000-0000-0000-000000318C3C}
T{00000000-0000-0000-0000-00000006308D}
T{00000000-0000-0000-0000-00000032B0AB}
T{00000000-0000-0000-0000-00000001FB86}
T{00000000-0000-0000-0000-000000005092}
T{00000000-0000-0000-0000-000000022FC9}
T{00000000-0000-0000-0000-0000000DAB70}
T{00000000-0000-0000-0000-00000020A907}
T{00000000-0000-0000-0000-0000000659B7}
T{00000000-0000-0000-0000-0000002C45B0}
T{00000000-0000-0000-0000-00000021CF71}
T{00000000-0000-0000-0000-00000006D777}
T{00000000-0000-0000-0000-0000000C6B65}
T{00000000-0000-0000-0000-0000001D500E}
T{00000000-0000-0000-0000-00000030255D}
T{00000000-0000-0000-0000-0000000496F9}
T{00000000-0000-0000-0000-00000007C54C}
T{00000000-0000-0000-0000-00000016A626}
T{00000000-0000-0000-0000-0000000DBCE5}
T{00000000-0000-0000-0000-0000001A5622}
T{00000000-0000-0000-0000-00000028AD47}
T{00000000-0000-0000-0000-0000002DEC30}
T{00000000-0000-0000-0000-0000002AFF72}
T{00000000-0000-0000-0000-0000000949D0}
T{00000000-0000-0000-0000-0000002BBF67}
T{00000000-0000-0000-0000-0000002B99C0}
T{00000000-0000-0000-0000-0000002BDE42}
T{00000000-0000-0000-0000-000000121A2C}
T{00000000-0000-0000-0000-0000000CB9EE}
T{00000000-0000-0000-0000-00000002A492}
T{00000000-0000-0000-0000-0000003134EB}
T{00000000-0000-0000-0000-00000026BAE5}
T{00000000-0000-0000-0000-0000001CA6B6}
T{00000000-0000-0000-0000-000000103CF4}
T{00000000-0000-0000-0000-0000000315B1}
T{00000000-0000-0000-0000-0000001430A3}
T{00000000-0000-0000-0000-0000000BCFC6}
T{00000000-0000-0000-0000-000000332CFE}
T{00000000-0000-0000-0000-00000027D7FB}
T{00000000-0000-0000-0000-0000000B1BD6}
T{00000000-0000-0000-0000-0000001831A7}
T{00000000-0000-0000-0000-0000001CE9EA}
T{00000000-0000-0000-0000-00000002D6A3}
T{00000000-0000-0000-0000-000000332CFE}
T{00000000-0000-0000-0000-0000000B1916}
T{00000000-0000-0000-0000-00000002B751}
T{00000000-0000-0000-0000-00000000F1EF}
T{00000000-0000-0000-0000-00000001E23D}
T{00000000-0000-0000-0000-000000007962}
T{00000000-0000-0000-0000-00000002D877}
T{00000000-0000-0000-0000-0000002BA75C}
T{00000000-0000-0000-0000-0000000C6E22}
T{00000000-0000-0000-0000-000000138F39}
T{00000000-0000-0000-0000-00000003D50D}
T{00000000-0000-0000-0000-0000002A84E1}
T{00000000-0000-0000-0000-000000121A2C}
T{00000000-0000-0000-0000-00000001E23D}
T{00000000-0000-0000-0000-00000011F1AF}
T{00000000-0000-0000-0000-000000164B7F}
T{00000000-0000-0000-0000-0000002DF876}
T{00000000-0000-0000-0000-0000002A8FE5}
T{00000000-0000-0000-0000-00000021C014}
T{00000000-0000-0000-0000-0000002A319F}
T{00000000-0000-0000-0000-0000002BA75C}
T{00000000-0000-0000-0000-000000130B4B}
T{00000000-0000-0000-0000-00000000F52C}
T{00000000-0000-0000-0000-00000023077D}
T{00000000-0000-0000-0000-0000001A8042}
T{00000000-0000-0000-0000-0000003134EB}
T{00000000-0000-0000-0000-000000216A6E}
T{00000000-0000-0000-0000-0000002607ED}
T{00000000-0000-0000-0000-000000264084}
T{00000000-0000-0000-0000-0000001831A7}
T{00000000-0000-0000-0000-0000000FA790}
T{00000000-0000-0000-0000-0000000A1852}
T{00000000-0000-0000-0000-000000278D61}
T{00000000-0000-0000-0000-0000000C5D03}
T{00000000-0000-0000-0000-00000016BE6E}
T{00000000-0000-0000-0000-0000000876F9}
T{00000000-0000-0000-0000-00000002B751}
T{00000000-0000-0000-0000-000000034590}
T{00000000-0000-0000-0000-000000042CBC}
T{00000000-0000-0000-0000-000000184C86}
T{00000000-0000-0000-0000-000000033498}
T{00000000-0000-0000-0000-00000026C27D}
T{00000000-0000-0000-0000-0000002EE38F}
T{00000000-0000-0000-0000-00000018D54C}
T{00000000-0000-0000-0000-0000000DBCE5}
T{00000000-0000-0000-0000-000000184DB6}
T{00000000-0000-0000-0000-00000033C0DE}
T{00000000-0000-0000-0000-0000002C4823}
T{00000000-0000-0000-0000-000000226B1E}
T{00000000-0000-0000-0000-0000000EBA1E}
T{00000000-0000-0000-0000-000000279364}
T{00000000-0000-0000-0000-00000029AD7A}
T{00000000-0000-0000-0000-000000338EAB}
T{00000000-0000-0000-0000-000000213579}
T{00000000-0000-0000-0000-0000002E26E2}
T{00000000-0000-0000-0000-0000000D0DDB}
T{00000000-0000-0000-0000-0000002C45B0}
T{00000000-0000-0000-0000-00000021E051}
T{00000000-0000-0000-0000-0000002C0510}
T{00000000-0000-0000-0000-0000001A5622}
T{00000000-0000-0000-0000-00000021E051}
T{00000000-0000-0000-0000-00000031243B}
T{00000000-0000-0000-0000-00000027D6CB}
T{00000000-0000-0000-0000-0000000FAACF}
T{00000000-0000-0000-0000-0000002910D7}
T{00000000-0000-0000-0000-000000064EFA}
T{00000000-0000-0000-0000-0000000C6B65}
T{00000000-0000-0000-0000-00000026BAE5}
T{00000000-0000-0000-0000-0000001E97E7}
T{00000000-0000-0000-0000-0000000D14C3}
T{00000000-0000-0000-0000-000000046B2D}
T{00000000-0000-0000-0000-0000000E5005}
T{00000000-0000-0000-0000-0000000FBBC4}
T{00000000-0000-0000-0000-000000029DB2}
T{00000000-0000-0000-0000-0000002C9D0E}
T{00000000-0000-0000-0000-0000002B5B30}
T{00000000-0000-0000-0000-00000021E051}
T{00000000-0000-0000-0000-0000000ABCBF}
T{00000000-0000-0000-0000-0000002B678E}
T{00000000-0000-0000-0000-000000087673}
T{00000000-0000-0000-0000-00000007557D}
F{00000000-0000-0000-0000-0000002CCD29}
T{00000000-0000-0000-0000-000000094832}
T{00000000-0000-0000-0000-00000000F52C}
T{00000000-0000-0000-0000-0000001196E0}
T{00000000-0000-0000-0000-0000002BA75C}
T{00000000-0000-0000-0000-000000094EAE}
T{00000000-0000-0000-0000-0000000FA790}
T{00000000-0000-0000-0000-000000279E52}
T{00000000-0000-0000-0000-0000002E90E7}
T{00000000-0000-0000-0000-00000015742E}
T{00000000-0000-0000-0000-0000002A0A1D}
T{00000000-0000-0000-0000-000000332CFE}
T{00000000-0000-0000-0000-0000000778BF}
T{00000000-0000-0000-0000-000000333C09}
T{00000000-0000-0000-0000-000000108E2F}
T{00000000-0000-0000-0000-00000029E4F0}
T{00000000-0000-0000-0000-00000004C251}
T{00000000-0000-0000-0000-00000028EB39}
T{00000000-0000-0000-0000-0000002BDD69}
T{00000000-0000-0000-0000-0000000876F9}
T{00000000-0000-0000-0000-00000007C54C}
T{00000000-0000-0000-0000-000000130B4B}
T{00000000-0000-0000-0000-00000030DC3A}
T{00000000-0000-0000-0000-000000213579}
T{00000000-0000-0000-0000-000000176E2D}
T{00000000-0000-0000-0000-00000031243B}
T{00000000-0000-0000-0000-00000002B751}
T{00000000-0000-0000-0000-00000032B0AB}
T{00000000-0000-0000-0000-0000002A84E1}
T{00000000-0000-0000-0000-0000001831A7}
T{00000000-0000-0000-0000-0000002C45B0}
T{00000000-0000-0000-0000-0000000A1852}
T{00000000-0000-0000-0000-0000002A84E1}
T{00000000-0000-0000-0000-0000002518E3}
T{00000000-0000-0000-0000-00000032D27B}
T{00000000-0000-0000-0000-00000002F773}
T{00000000-0000-0000-0000-00000013078E}
T{00000000-0000-0000-0000-00000015742E}
T{00000000-0000-0000-0000-0000002FD6B4}
T{00000000-0000-0000-0000-00000031A79E}
T{00000000-0000-0000-0000-0000000CB2D4}
T{00000000-0000-0000-0000-00000018D54C}
T{00000000-0000-0000-0000-0000002DF876}
T{00000000-0000-0000-0000-0000001D398B}
T{00000000-0000-0000-0000-00000007C54C}
T{00000000-0000-0000-0000-00000032F67F}
T{00000000-0000-0000-0000-00000026E246}
T{00000000-0000-0000-0000-0000000AE6D0}
T{00000000-0000-0000-0000-0000000FBBC4}
T{00000000-0000-0000-0000-00000026DB9A}
T{00000000-0000-0000-0000-0000000AE6D0}
T{00000000-0000-0000-0000-000000094EAE}
T{00000000-0000-0000-0000-00000002C833}
T{00000000-0000-0000-0000-000000110471}
T{00000000-0000-0000-0000-000000316D33}
T{00000000-0000-0000-0000-0000002B5B30}
T{00000000-0000-0000-0000-000000246345}
T{00000000-0000-0000-0000-000000324320}
T{00000000-0000-0000-0000-0000002AA309}
T{00000000-0000-0000-0000-0000002AAAD9}
T{00000000-0000-0000-0000-00000013E6BD}
T{00000000-0000-0000-0000-00000002F773}
T{00000000-0000-0000-0000-000000033498}
T{00000000-0000-0000-0000-00000027893E}
T{00000000-0000-0000-0000-0000000B60CE}
F{00000000-0000-0000-0000-00000016C567}
T{00000000-0000-0000-0000-0000002027AB}
T{00000000-0000-0000-0000-0000000344B7}
T{00000000-0000-0000-0000-00000026C27D}
T{00000000-0000-0000-0000-00000024D829}
T{00000000-0000-0000-0000-0000000320BD}
T{00000000-0000-0000-0000-00000028AD47}
T{00000000-0000-0000-0000-000000332CFE}
T{00000000-0000-0000-0000-00000011F1AF}
T{00000000-0000-0000-0000-000000176E2D}
T{00000000-0000-0000-0000-00000016C567}
T{00000000-0000-0000-0000-00000016A626}
T{00000000-0000-0000-0000-00000026A490}
T{00000000-0000-0000-0000-0000002513A8}
T{00000000-0000-0000-0000-000000241392}
T{00000000-0000-0000-0000-00000026AD2B}
T{00000000-0000-0000-0000-0000002B3978}
