F{00000000-0000-0000-0000-0000000813D7}
F{00000000-0000-0000-0000-00000005382D}
T{00000000-0000-0000-0000-000000048848}
F{00000000-0000-0000-0000-000000275A4F}
T{00000000-0000-0000-0000-00000009D514}
F{00000000-0000-0000-0000-0000001746C3}
F{00000000-0000-0000-0000-000000282FCE}
F{00000000-0000-0000-0000-00000018652C}
F{00000000-0000-0000-0000-00000007C25E}
F{00000000-0000-0000-0000-000000251E83}
T{00000000-0000-0000-0000-0000000F6FF2}
F{00000000-0000-0000-0000-0000002CAD87}
F{00000000-0000-0000-0000-0000000D2FA0}
F{00000000-0000-0000-0000-0000002137D4}
F{00000000-0000-0000-0000-00000020CF55}
F{00000000-0000-0000-0000-000000049D0E}
F{00000000-0000-0000-0000-0000000928C2}
T{00000000-0000-0000-0000-000000317956}
F{00000000-0000-0000-0000-00000003F093}
F{00000000-0000-0000-0000-00000014FDFF}
F{00000000-0000-0000-0000-00000003B508}
F{00000000-0000-0000-0000-0000002B9CA9}
F{00000000-0000-0000-0000-0000000929D8}
F{00000000-0000-0000-0000-000000039287}
F{00000000-0000-0000-0000-0000002001DC}
F{00000000-0000-0000-0000-0000000A17FA}
F{00000000-0000-0000-0000-0000001A177D}
F{00000000-0000-0000-0000-0000000B66A6}
F{00000000-0000-0000-0000-00000016DEE7}
F{00000000-0000-0000-0000-0000000358BE}
F{00000000-0000-0000-0000-00000032E65E}
F{00000000-0000-0000-0000-000000106A2C}
F{00000000-0000-0000-0000-000000146BB2}
F{00000000-0000-0000-0000-0000002FEC1E}
F{00000000-0000-0000-0000-0000002E3AB2}
F{00000000-0000-0000-0000-00000022E477}
F{00000000-0000-0000-0000-00000002FF57}
F{00000000-0000-0000-0000-0000001A8886}
F{00000000-0000-0000-0000-0000000F4FE6}
F{00000000-0000-0000-0000-00000009BAD7}
F{00000000-0000-0000-0000-000000060817}
T{00000000-0000-0000-0000-0000000A2D06}
F{00000000-0000-0000-0000-00000011D6C2}
F{00000000-0000-0000-0000-000000108B3B}
F{00000000-0000-0000-0000-00000027289F}
F{00000000-0000-0000-0000-0000002F0787}
F{00000000-0000-0000-0000-00000022F0AA}
F{00000000-0000-0000-0000-00000009D428}
F{00000000-0000-0000-0000-000000028B7A}
F{00000000-0000-0000-0000-00000003E599}
F{00000000-0000-0000-0000-00000031EBC3}
F{00000000-0000-0000-0000-00000030694D}
F{00000000-0000-0000-0000-000000020F85}
F{00000000-0000-0000-0000-000000075EAF}
F{00000000-0000-0000-0000-000000222774}
F{00000000-0000-0000-0000-000000090229}
F{00000000-0000-0000-0000-00000006273D}
F{00000000-0000-0000-0000-000000122CB0}
F{00000000-0000-0000-0000-00000012AF34}
F{00000000-0000-0000-0000-0000000AE099}
F{00000000-0000-0000-0000-00000007E3BE}
F{00000000-0000-0000-0000-000000041967}
F{00000000-0000-0000-0000-00000008179C}
T{00000000-0000-0000-0000-000000061C56}
F{00000000-0000-0000-0000-000000018C66}
F{00000000-0000-0000-0000-00000009F26B}
F{00000000-0000-0000-0000-000000132F5E}
F{00000000-0000-0000-0000-00000033629C}
F{00000000-0000-0000-0000-000000099302}
F{00000000-0000-0000-0000-000000062238}
F{00000000-0000-0000-0000-000000011C79}
F{00000000-0000-0000-0000-0000002C418E}
F{00000000-0000-0000-0000-000000304C1E}
F{00000000-0000-0000-0000-000000030FAE}
F{00000000-0000-0000-0000-00000005FF3F}
F{00000000-0000-0000-0000-00000003496E}
F{00000000-0000-0000-0000-000000060468}
F{00000000-0000-0000-0000-0000001278AF}
F{00000000-0000-0000-0000-0000000A8C33}
F{00000000-0000-0000-0000-00000027EFDF}
F{00000000-0000-0000-0000-00000025482D}
F{00000000-0000-0000-0000-0000000567C5}
F{00000000-0000-0000-0000-0000000ABD11}
T{00000000-0000-0000-0000-000000177868}
F{00000000-0000-0000-0000-0000000BBAF7}
T{00000000-0000-0000-0000-0000002D5353}
F{00000000-0000-0000-0000-000000219EFE}
F{00000000-0000-0000-0000-000000046E22}
F{00000000-0000-0000-0000-00000032E6F6}
F{00000000-0000-0000-0000-000000099D5D}
T{00000000-0000-0000-0000-00000025C115}
F{00000000-0000-0000-0000-00000032E859}
F{00000000-0000-0000-0000-000000007910}
F{00000000-0000-0000-0000-0000000604DA}
F{00000000-0000-0000-0000-0000000B1846}
F{00000000-0000-0000-0000-00000022664D}
F{00000000-0000-0000-0000-000000041E64}
F{00000000-0000-0000-0000-00000016BA6A}
F{00000000-0000-0000-0000-00000005EE69}
F{00000000-0000-0000-0000-0000001672E1}
T{00000000-0000-0000-0000-0000002F3C70}
T{00000000-0000-0000-0000-0000000D4BD1}
T{00000000-0000-0000-0000-000000084360}
T{00000000-0000-0000-0000-000000107171}
T{00000000-0000-0000-0000-000000288E61}
T{00000000-0000-0000-0000-0000002BA30F}
T{00000000-0000-0000-0000-000000178E90}
T{00000000-0000-0000-0000-000000331FC2}
T{00000000-0000-0000-0000-0000000A88AD}
T{00000000-0000-0000-0000-0000000D4BD1}
T{00000000-0000-0000-0000-0000002CEF50}
T{00000000-0000-0000-0000-00000003982D}
T{00000000-0000-0000-0000-00000010EB5D}
T{00000000-0000-0000-0000-00000007F5E6}
T{00000000-0000-0000-0000-00000002C3AA}
T{00000000-0000-0000-0000-0000002C1423}
T{00000000-0000-0000-0000-000000008F83}
T{00000000-0000-0000-0000-0000002415F2}
T{00000000-0000-0000-0000-00000014C172}
T{00000000-0000-0000-0000-0000002B183F}
T{00000000-0000-0000-0000-000000019910}
T{00000000-0000-0000-0000-000000039940}
T{00000000-0000-0000-0000-0000002CD4EB}
T{00000000-0000-0000-0000-00000019F4D6}
T{00000000-0000-0000-0000-0000002CEF50}
T{00000000-0000-0000-0000-0000003233D9}
T{00000000-0000-0000-0000-000000040075}
T{00000000-0000-0000-0000-0000002186B7}
T{00000000-0000-0000-0000-0000000D810E}
T{00000000-0000-0000-0000-0000002BA30F}
T{00000000-0000-0000-0000-0000000876F9}
T{00000000-0000-0000-0000-00000014E04A}
T{00000000-0000-0000-0000-00000009A12C}
T{00000000-0000-0000-0000-0000000BD935}
T{00000000-0000-0000-0000-0000002A2688}
T{00000000-0000-0000-0000-0000000D0B0E}
T{00000000-0000-0000-0000-00000016C567}
T{00000000-0000-0000-0000-00000002D739}
T{00000000-0000-0000-0000-0000001196E0}
T{00000000-0000-0000-0000-0000000BE030}
T{00000000-0000-0000-0000-0000000305DE}
T{00000000-0000-0000-0000-000000234DBA}
T{00000000-0000-0000-0000-00000021DCD3}
T{00000000-0000-0000-0000-000000029DB2}
T{00000000-0000-0000-0000-000000077123}
T{00000000-0000-0000-0000-00000021EDF8}
T{00000000-0000-0000-0000-0000001BB360}
T{00000000-0000-0000-0000-0000001A149B}
T{00000000-0000-0000-0000-0000000FB104}
T{00000000-0000-0000-0000-0000000889CB}
T{00000000-0000-0000-0000-0000001A149B}
T{00000000-0000-0000-0000-0000001E35CC}
T{00000000-0000-0000-0000-00000016C567}
T{00000000-0000-0000-0000-0000000CF93D}
T{00000000-0000-0000-0000-00000000F52C}
T{00000000-0000-0000-0000-000000145192}
T{00000000-0000-0000-0000-0000001E35CC}
T{00000000-0000-0000-0000-00000003982D}
T{00000000-0000-0000-0000-00000014C0C0}
T{00000000-0000-0000-0000-00000014E04A}
F{00000000-0000-0000-0000-0000002CCD29}
T{00000000-0000-0000-0000-0000002FE1A5}
T{00000000-0000-0000-0000-0000002FF4A5}
T{00000000-0000-0000-0000-00000033C0DE}
T{00000000-0000-0000-0000-000000093A80}
T{00000000-0000-0000-0000-000000029DB2}
T{00000000-0000-0000-0000-0000000D0B0E}
T{00000000-0000-0000-0000-000000263AA2}
T{00000000-0000-0000-0000-00000007A92E}
T{00000000-0000-0000-0000-000000212045}
T{00000000-0000-0000-0000-0000002CCD29}
T{00000000-0000-0000-0000-0000001626AA}
T{00000000-0000-0000-0000-00000023045E}
T{00000000-0000-0000-0000-000000296B95}
T{00000000-0000-0000-0000-000000331FC2}
T{00000000-0000-0000-0000-000000178E90}
T{00000000-0000-0000-0000-00000013867E}
T{00000000-0000-0000-0000-0000002C7860}
T{00000000-0000-0000-0000-000000210458}
T{00000000-0000-0000-0000-000000055674}
T{00000000-0000-0000-0000-000000042CBC}
T{00000000-0000-0000-0000-0000002B743F}
T{00000000-0000-0000-0000-000000019910}
T{00000000-0000-0000-0000-00000015C4F0}
T{00000000-0000-0000-0000-0000002009A1}
T{00000000-0000-0000-0000-000000019910}
T{00000000-0000-0000-0000-000000296B95}
T{00000000-0000-0000-0000-0000001E35CC}
T{00000000-0000-0000-0000-00000000F52C}
T{00000000-0000-0000-0000-000000298D14}
T{00000000-0000-0000-0000-0000001E35CC}
T{00000000-0000-0000-0000-0000002ECB63}
T{00000000-0000-0000-0000-000000138F39}
T{00000000-0000-0000-0000-0000002F3C70}
T{00000000-0000-0000-0000-00000010557B}
T{00000000-0000-0000-0000-0000001BB360}
T{00000000-0000-0000-0000-00000016F0D6}
T{00000000-0000-0000-0000-000000170C73}
T{00000000-0000-0000-0000-00000002EEBB}
T{00000000-0000-0000-0000-0000002BA30F}
T{00000000-0000-0000-0000-0000000A88AD}
T{00000000-0000-0000-0000-0000000E0FD0}
T{00000000-0000-0000-0000-00000018CC15}
T{00000000-0000-0000-0000-0000000320BD}
T{00000000-0000-0000-0000-0000000313D3}
T{00000000-0000-0000-0000-000000317BF8}
T{00000000-0000-0000-0000-0000000313D3}
T{00000000-0000-0000-0000-00000027D7FB}
T{00000000-0000-0000-0000-000000210458}
T{00000000-0000-0000-0000-0000000F1562}
T{00000000-0000-0000-0000-00000015C4F0}
T{00000000-0000-0000-0000-00000014E04A}
T{00000000-0000-0000-0000-0000000FB104}
T{00000000-0000-0000-0000-000000029DB2}
T{00000000-0000-0000-0000-0000002B512F}
T{00000000-0000-0000-0000-0000001196E0}
T{00000000-0000-0000-0000-0000000889CB}
T{00000000-0000-0000-0000-00000027AA03}
T{00000000-0000-0000-0000-0000002B743F}
T{00000000-0000-0000-0000-00000029F9BB}
T{00000000-0000-0000-0000-0000000704F6}
T{00000000-0000-0000-0000-0000001D500E}
T{00000000-0000-0000-0000-000000089426}
T{00000000-0000-0000-0000-00000008A69D}
T{00000000-0000-0000-0000-00000016331E}
T{00000000-0000-0000-0000-0000000E0FD0}
T{00000000-0000-0000-0000-000000298D14}
T{00000000-0000-0000-0000-0000001FFBE4}
T{00000000-0000-0000-0000-000000019910}
T{00000000-0000-0000-0000-0000000BCFC6}
T{00000000-0000-0000-0000-0000001E35CC}
T{00000000-0000-0000-0000-000000089426}
T{00000000-0000-0000-0000-00000026C1A9}
T{00000000-0000-0000-0000-00000002C3AA}
T{00000000-0000-0000-0000-000000019910}
T{00000000-0000-0000-0000-000000213619}
T{00000000-0000-0000-0000-0000002C61BF}
T{00000000-0000-0000-0000-000000077123}
T{00000000-0000-0000-0000-0000002A43FB}
T{00000000-0000-0000-0000-00000014E04A}
T{00000000-0000-0000-0000-00000022045C}
T{00000000-0000-0000-0000-0000000876F9}
T{00000000-0000-0000-0000-000000301D41}
T{00000000-0000-0000-0000-00000033C0DE}
T{00000000-0000-0000-0000-00000003982D}
T{00000000-0000-0000-0000-000000048F75}
T{00000000-0000-0000-0000-00000016C567}
T{00000000-0000-0000-0000-0000000BD935}
T{00000000-0000-0000-0000-0000002BA30F}
T{00000000-0000-0000-0000-00000021DCD3}
T{00000000-0000-0000-0000-00000016C567}
T{00000000-0000-0000-0000-0000000FEC4B}
T{00000000-0000-0000-0000-0000002998DD}
T{00000000-0000-0000-0000-0000002CCD29}
T{00000000-0000-0000-0000-000000183944}
T{00000000-0000-0000-0000-0000000F1562}
T{00000000-0000-0000-0000-00000007A92E}
T{00000000-0000-0000-0000-000000047CEB}
T{00000000-0000-0000-0000-00000003982D}
T{00000000-0000-0000-0000-0000003233D9}
T{00000000-0000-0000-0000-00000002C3AA}
T{00000000-0000-0000-0000-00000029AD9D}
T{00000000-0000-0000-0000-0000002F51EC}
T{00000000-0000-0000-0000-00000016C567}
T{00000000-0000-0000-0000-0000000C6B65}
T{00000000-0000-0000-0000-000000299932}
T{00000000-0000-0000-0000-00000027AA03}
T{00000000-0000-0000-0000-0000000CF93D}
T{00000000-0000-0000-0000-000000012582}
T{00000000-0000-0000-0000-0000003351B3}
T{00000000-0000-0000-0000-0000002B0555}
T{00000000-0000-0000-0000-00000029F9BB}
T{00000000-0000-0000-0000-00000023045E}
T{00000000-0000-0000-0000-00000033C0DE}
T{00000000-0000-0000-0000-000000039940}
T{00000000-0000-0000-0000-00000003982D}
T{00000000-0000-0000-0000-0000000C6B65}
T{00000000-0000-0000-0000-0000000E0FD0}
T{00000000-0000-0000-0000-000000234DBA}
T{00000000-0000-0000-0000-000000299932}
T{00000000-0000-0000-0000-0000002F7AFF}
T{00000000-0000-0000-0000-0000000313D3}
T{00000000-0000-0000-0000-0000002ECB63}
T{00000000-0000-0000-0000-000000317BF8}
T{00000000-0000-0000-0000-000000084360}
T{00000000-0000-0000-0000-00000016F7DA}
T{00000000-0000-0000-0000-000000299932}
T{00000000-0000-0000-0000-000000007962}
T{00000000-0000-0000-0000-000000213619}
T{00000000-0000-0000-0000-00000033C0DE}
T{00000000-0000-0000-0000-00000005AC0E}
T{00000000-0000-0000-0000-000000157753}
T{00000000-0000-0000-0000-0000000305DE}
T{00000000-0000-0000-0000-000000183944}
T{00000000-0000-0000-0000-00000023F6C0}
T{00000000-0000-0000-0000-00000018CC15}
T{00000000-0000-0000-0000-0000000D0B0E}
T{00000000-0000-0000-0000-00000003C1D9}
T{00000000-0000-0000-0000-0000000315B1}
T{00000000-0000-0000-0000-00000007F5E6}
T{00000000-0000-0000-0000-0000000EBA1E}
T{00000000-0000-0000-0000-0000001FE216}
T{00000000-0000-0000-0000-0000002EEDAE}
T{00000000-0000-0000-0000-0000002B99C0}
T{00000000-0000-0000-0000-000000012582}
T{00000000-0000-0000-0000-000000040075}
T{00000000-0000-0000-0000-000000317BF8}
T{00000000-0000-0000-0000-00000008A69D}
T{00000000-0000-0000-0000-00000016F7DA}
T{00000000-0000-0000-0000-00000003982D}
T{00000000-0000-0000-0000-0000000320BD}
T{00000000-0000-0000-0000-0000000BE030}
T{00000000-0000-0000-0000-000000008F83}
T{00000000-0000-0000-0000-0000002F8208}
T{00000000-0000-0000-0000-000000107171}
T{00000000-0000-0000-0000-0000002FF4A5}
T{00000000-0000-0000-0000-0000000D1941}
T{00000000-0000-0000-0000-000000194740}
T{00000000-0000-0000-0000-0000002BD788}
T{00000000-0000-0000-0000-00000002D739}
T{00000000-0000-0000-0000-000000107171}
T{00000000-0000-0000-0000-000000247411}
T{00000000-0000-0000-0000-0000002B0555}
T{00000000-0000-0000-0000-000000179427}
T{00000000-0000-0000-0000-0000000CDD4D}
T{00000000-0000-0000-0000-00000005ED38}
T{00000000-0000-0000-0000-0000002C0510}
T{00000000-0000-0000-0000-0000000D0B0E}
T{00000000-0000-0000-0000-00000006AFA6}
T{00000000-0000-0000-0000-00000021D0E6}
T{00000000-0000-0000-0000-0000002C61BF}
T{00000000-0000-0000-0000-0000002CCD29}
T{00000000-0000-0000-0000-00000016C567}
T{00000000-0000-0000-0000-00000033C0DE}
T{00000000-0000-0000-0000-00000016C567}
T{00000000-0000-0000-0000-000000040075}
T{00000000-0000-0000-0000-00000029D695}
T{00000000-0000-0000-0000-00000014E04A}
T{00000000-0000-0000-0000-000000029DB2}
T{00000000-0000-0000-0000-0000000313D3}
T{00000000-0000-0000-0000-0000000BCFC6}
T{00000000-0000-0000-0000-0000001FF94D}
T{00000000-0000-0000-0000-00000015C4F0}
T{00000000-0000-0000-0000-0000001E35CC}
T{00000000-0000-0000-0000-0000000F6C2F}
T{00000000-0000-0000-0000-00000006D777}
T{00000000-0000-0000-0000-0000000EBA1E}
T{00000000-0000-0000-0000-00000007A92E}
T{00000000-0000-0000-0000-0000000290BB}
T{00000000-0000-0000-0000-00000033C0DE}
T{00000000-0000-0000-0000-00000016C567}
T{00000000-0000-0000-0000-000000040075}
T{00000000-0000-0000-0000-0000000CE0E2}
T{00000000-0000-0000-0000-0000002F3C70}
T{00000000-0000-0000-0000-0000003233D9}
T{00000000-0000-0000-0000-0000001E35CC}
T{00000000-0000-0000-0000-0000000FEC4B}
T{00000000-0000-0000-0000-0000002EEDAE}
T{00000000-0000-0000-0000-00000019F4D6}
T{00000000-0000-0000-0000-00000009F213}
T{00000000-0000-0000-0000-00000000E103}
T{00000000-0000-0000-0000-000000331C4E}
T{00000000-0000-0000-0000-000000093A80}
T{00000000-0000-0000-0000-0000002FE1A5}
T{00000000-0000-0000-0000-0000000E0FD0}
T{00000000-0000-0000-0000-0000000FEC4B}
T{00000000-0000-0000-0000-000000178E90}
T{00000000-0000-0000-0000-0000000EBA1E}
T{00000000-0000-0000-0000-0000000CE0E2}
T{00000000-0000-0000-0000-00000022F04D}
T{00000000-0000-0000-0000-0000002B494C}
T{00000000-0000-0000-0000-00000005ED38}
T{00000000-0000-0000-0000-000000040075}
T{00000000-0000-0000-0000-000000040075}
T{00000000-0000-0000-0000-00000029AD9D}
T{00000000-0000-0000-0000-00000018CC15}
T{00000000-0000-0000-0000-00000030DC3A}
T{00000000-0000-0000-0000-00000003982D}
T{00000000-0000-0000-0000-0000002C1423}
T{00000000-0000-0000-0000-00000005ED38}
T{00000000-0000-0000-0000-00000016985E}
T{00000000-0000-0000-0000-00000016B7BB}
T{00000000-0000-0000-0000-00000029B99E}
T{00000000-0000-0000-0000-000000157753}
T{00000000-0000-0000-0000-00000019D080}
T{00000000-0000-0000-0000-0000002415F2}
T{00000000-0000-0000-0000-00000014C0C0}
T{00000000-0000-0000-0000-000000210458}
T{00000000-0000-0000-0000-00000002EEBB}
T{00000000-0000-0000-0000-0000000D0B0E}
T{00000000-0000-0000-0000-0000002F51EC}
T{00000000-0000-0000-0000-000000145192}
T{00000000-0000-0000-0000-00000014C172}
T{00000000-0000-0000-0000-0000000320BD}
T{00000000-0000-0000-0000-000000210458}
T{00000000-0000-0000-0000-00000000E103}
T{00000000-0000-0000-0000-000000040075}
T{00000000-0000-0000-0000-0000002CEF50}
T{00000000-0000-0000-0000-00000014E04A}
T{00000000-0000-0000-0000-0000000876F9}
T{00000000-0000-0000-0000-00000018CC15}
T{00000000-0000-0000-0000-0000002ADA7B}
T{00000000-0000-0000-0000-0000000FEC4B}
T{00000000-0000-0000-0000-00000021EDF8}
T{00000000-0000-0000-0000-0000001A5599}
T{00000000-0000-0000-0000-0000000EBA1E}
T{00000000-0000-0000-0000-000000212045}
T{00000000-0000-0000-0000-0000000D810E}
T{00000000-0000-0000-0000-0000000FB104}
T{00000000-0000-0000-0000-0000002F3C70}
T{00000000-0000-0000-0000-00000033947F}
