F{00000000-0000-0000-0000-00000029CB1D}
F{00000000-0000-0000-0000-000000194762}
F{00000000-0000-0000-0000-0000000AE577}
F{00000000-0000-0000-0000-000000289DEC}
F{00000000-0000-0000-0000-00000033AD93}
F{00000000-0000-0000-0000-0000002AD2A1}
F{00000000-0000-0000-0000-00000032A5BB}
F{00000000-0000-0000-0000-000000011C79}
F{00000000-0000-0000-0000-0000000C439B}
F{00000000-0000-0000-0000-000000243B6C}
F{00000000-0000-0000-0000-000000157C8A}
F{00000000-0000-0000-0000-00000022633F}
F{00000000-0000-0000-0000-00000021F6AA}
F{00000000-0000-0000-0000-0000001AF5B8}
T{00000000-0000-0000-0000-000000094B5B}
F{00000000-0000-0000-0000-0000001187A9}
T{00000000-0000-0000-0000-000000243835}
F{00000000-0000-0000-0000-0000001A8886}
F{00000000-0000-0000-0000-00000005C588}
F{00000000-0000-0000-0000-0000000DDF0E}
F{00000000-0000-0000-0000-00000005A714}
F{00000000-0000-0000-0000-00000008AA1A}
T{00000000-0000-0000-0000-0000000FB43F}
F{00000000-0000-0000-0000-00000006524D}
T{00000000-0000-0000-0000-00000014FDF3}
F{00000000-0000-0000-0000-000000245C0C}
F{00000000-0000-0000-0000-0000000604DA}
F{00000000-0000-0000-0000-0000000AFBED}
T{00000000-0000-0000-0000-00000025DC81}
F{00000000-0000-0000-0000-0000000F7D09}
T{00000000-0000-0000-0000-00000019B67A}
F{00000000-0000-0000-0000-00000021E8F6}
F{00000000-0000-0000-0000-000000060468}
F{00000000-0000-0000-0000-0000001297F9}
F{00000000-0000-0000-0000-0000002819B0}
F{00000000-0000-0000-0000-000000122D0D}
F{00000000-0000-0000-0000-000000170474}
F{00000000-0000-0000-0000-0000002DCB69}
T{00000000-0000-0000-0000-00000026C267}
F{00000000-0000-0000-0000-0000000AAEFB}
F{00000000-0000-0000-0000-0000002B8E33}
F{00000000-0000-0000-0000-0000002CDFC9}
F{00000000-0000-0000-0000-0000000C5488}
F{00000000-0000-0000-0000-0000002843CE}
F{00000000-0000-0000-0000-00000020CF55}
F{00000000-0000-0000-0000-000000176A5C}
T{00000000-0000-0000-0000-0000001028EE}
F{00000000-0000-0000-0000-000000180E2E}
F{00000000-0000-0000-0000-000000065030}
F{00000000-0000-0000-0000-00000032E6F6}
F{00000000-0000-0000-0000-000000333EB0}
F{00000000-0000-0000-0000-0000000D16FA}
F{00000000-0000-0000-0000-00000029B017}
F{00000000-0000-0000-0000-000000054FCB}
F{00000000-0000-0000-0000-00000008C1DE}
F{00000000-0000-0000-0000-0000001C6A68}
F{00000000-0000-0000-0000-00000031840C}
T{00000000-0000-0000-0000-0000000EAA83}
F{00000000-0000-0000-0000-000000113C06}
F{00000000-0000-0000-0000-0000002E66CF}
F{00000000-0000-0000-0000-0000001A871A}
F{00000000-0000-0000-0000-00000026F01D}
F{00000000-0000-0000-0000-0000000BB9D4}
F{00000000-0000-0000-0000-000000113245}
F{00000000-0000-0000-0000-00000017BAFF}
F{00000000-0000-0000-0000-0000001FFDD7}
F{00000000-0000-0000-0000-00000023D05D}
F{00000000-0000-0000-0000-000000146BA0}
F{00000000-0000-0000-0000-00000031F0E6}
F{00000000-0000-0000-0000-000000060E54}
F{00000000-0000-0000-0000-0000000CAFE6}
T{00000000-0000-0000-0000-000000122620}
F{00000000-0000-0000-0000-000000197FB6}
F{00000000-0000-0000-0000-00000013BB66}
T{00000000-0000-0000-0000-0000000FEDBA}
F{00000000-0000-0000-0000-0000002137D4}
F{00000000-0000-0000-0000-0000002B054E}
F{00000000-0000-0000-0000-00000032083C}
F{00000000-0000-0000-0000-000000147DA5}
F{00000000-0000-0000-0000-0000001633C3}
F{00000000-0000-0000-0000-0000002E9D5F}
F{00000000-0000-0000-0000-00000019EDAF}
T{00000000-0000-0000-0000-000000261C32}
F{00000000-0000-0000-0000-0000002001DC}
F{00000000-0000-0000-0000-0000000DF706}
F{00000000-0000-0000-0000-0000002FB7BE}
F{00000000-0000-0000-0000-00000027BFF4}
F{00000000-0000-0000-0000-00000007E3BE}
F{00000000-0000-0000-0000-0000001E3797}
F{00000000-0000-0000-0000-000000098996}
F{00000000-0000-0000-0000-0000000ADCC9}
T{00000000-0000-0000-0000-0000000CE1EC}
F{00000000-0000-0000-0000-00000009066B}
F{00000000-0000-0000-0000-00000007C25E}
F{00000000-0000-0000-0000-00000013BFCB}
F{00000000-0000-0000-0000-0000002ECA3E}
F{00000000-0000-0000-0000-0000001FD627}
F{00000000-0000-0000-0000-00000016979A}
T{00000000-0000-0000-0000-00000017BAF8}
F{00000000-0000-0000-0000-000000111B70}
T{00000000-0000-0000-0000-0000000813D7}
T{00000000-0000-0000-0000-0000000813D7}
T{00000000-0000-0000-0000-000000132F5E}
T{00000000-0000-0000-0000-000000275A4F}
T{00000000-0000-0000-0000-000000132F5E}
T{00000000-0000-0000-0000-0000000D2FA0}
T{00000000-0000-0000-0000-00000026D397}
T{00000000-0000-0000-0000-0000000C1C4E}
T{00000000-0000-0000-0000-000000132F5E}
T{00000000-0000-0000-0000-00000005382D}
T{00000000-0000-0000-0000-000000250939}
T{00000000-0000-0000-0000-000000076186}
T{00000000-0000-0000-0000-00000022664D}
T{00000000-0000-0000-0000-00000005382D}
T{00000000-0000-0000-0000-00000005382D}
T{00000000-0000-0000-0000-000000275A4F}
T{00000000-0000-0000-0000-0000000813D7}
T{00000000-0000-0000-0000-0000000813D7}
T{00000000-0000-0000-0000-0000000496F9}
T{00000000-0000-0000-0000-00000026D397}
T{00000000-0000-0000-0000-00000005382D}
T{00000000-0000-0000-0000-0000000D2FA0}
T{00000000-0000-0000-0000-00000026D397}
T{00000000-0000-0000-0000-000000275A4F}
T{00000000-0000-0000-0000-0000000813D7}
T{00000000-0000-0000-0000-000000132F5E}
T{00000000-0000-0000-0000-00000023F6C0}
T{00000000-0000-0000-0000-000000132F5E}
T{00000000-0000-0000-0000-00000023F6C0}
T{00000000-0000-0000-0000-00000005382D}
T{00000000-0000-0000-0000-00000022664D}
T{00000000-0000-0000-0000-0000000D2FA0}
T{00000000-0000-0000-0000-000000275A4F}
T{00000000-0000-0000-0000-000000275A4F}
T{00000000-0000-0000-0000-0000000813D7}
T{00000000-0000-0000-0000-000000275A4F}
T{00000000-0000-0000-0000-000000275A4F}
T{00000000-0000-0000-0000-00000022664D}
T{00000000-0000-0000-0000-0000000D2FA0}
T{00000000-0000-0000-0000-00000005382D}
T{00000000-0000-0000-0000-000000275A4F}
T{00000000-0000-0000-0000-000000132F5E}
T{00000000-0000-0000-0000-0000000D2FA0}
T{00000000-0000-0000-0000-000000132F5E}
T{00000000-0000-0000-0000-000000076186}
T{00000000-0000-0000-0000-00000026A301}
T{00000000-0000-0000-0000-000000076186}
T{00000000-0000-0000-0000-0000000496F9}
T{00000000-0000-0000-0000-000000275A4F}
T{00000000-0000-0000-0000-000000132F5E}
T{00000000-0000-0000-0000-00000022664D}
T{00000000-0000-0000-0000-00000023F6C0}
T{00000000-0000-0000-0000-00000026D397}
T{00000000-0000-0000-0000-00000022664D}
T{00000000-0000-0000-0000-00000026A301}
T{00000000-0000-0000-0000-00000022664D}
T{00000000-0000-0000-0000-00000026D397}
T{00000000-0000-0000-0000-0000000D2FA0}
T{00000000-0000-0000-0000-0000000813D7}
T{00000000-0000-0000-0000-0000000496F9}
T{00000000-0000-0000-0000-0000000813D7}
T{00000000-0000-0000-0000-000000250939}
