F{00000000-0000-0000-0000-00000033C0BE}
F{00000000-0000-0000-0000-00000033AD93}
F{00000000-0000-0000-0000-0000003397F4}
F{00000000-0000-0000-0000-000000336361}
F{00000000-0000-0000-0000-000000333EB0}
F{00000000-0000-0000-0000-00000032E994}
F{00000000-0000-0000-0000-00000032B96F}
T{00000000-0000-0000-0000-00000032B143}
F{00000000-0000-0000-0000-00000032A8DB}
T{00000000-0000-0000-0000-000000329117}
F{00000000-0000-0000-0000-00000032698B}
F{00000000-0000-0000-0000-000000325149}
F{00000000-0000-0000-0000-000000324F3F}
F{00000000-0000-0000-0000-000000324745}
T{00000000-0000-0000-0000-000000321523}
T{00000000-0000-0000-0000-000000321209}
T{00000000-0000-0000-0000-000000320E5F}
T{00000000-0000-0000-0000-000000320D87}
F{00000000-0000-0000-0000-000000320A01}
F{00000000-0000-0000-0000-00000031EFC5}
F{00000000-0000-0000-0000-00000031EE7B}
F{00000000-0000-0000-0000-00000031E8A8}
F{00000000-0000-0000-0000-00000031DB69}
F{00000000-0000-0000-0000-00000031B2AF}
T{00000000-0000-0000-0000-000000317077}
T{00000000-0000-0000-0000-000000310DC9}
T{00000000-0000-0000-0000-00000030E2E5}
T{00000000-0000-0000-0000-00000030D999}
F{00000000-0000-0000-0000-000000309CB6}
T{00000000-0000-0000-0000-0000003057F6}
F{00000000-0000-0000-0000-000000304FF3}
F{00000000-0000-0000-0000-000000304116}
F{00000000-0000-0000-0000-000000303C41}
F{00000000-0000-0000-0000-0000003019AD}
F{00000000-0000-0000-0000-00000032A5BB}
F{00000000-0000-0000-0000-0000002FE035}
F{00000000-0000-0000-0000-0000002FDA95}
F{00000000-0000-0000-0000-0000002FA3FA}
F{00000000-0000-0000-0000-0000002FA358}
F{00000000-0000-0000-0000-0000002FA33C}
F{00000000-0000-0000-0000-0000002F9487}
F{00000000-0000-0000-0000-0000002F70A5}
F{00000000-0000-0000-0000-0000002F6F2F}
T{00000000-0000-0000-0000-00000032EA05}
F{00000000-0000-0000-0000-0000002F6B7B}
T{00000000-0000-0000-0000-0000002F4F87}
T{00000000-0000-0000-0000-0000002F4DB9}
F{00000000-0000-0000-0000-0000002F3FC3}
F{00000000-0000-0000-0000-0000002F3CCC}
F{00000000-0000-0000-0000-0000002F18F4}
F{00000000-0000-0000-0000-0000002EDFFA}
F{00000000-0000-0000-0000-0000003250DF}
F{00000000-0000-0000-0000-0000002EAF33}
F{00000000-0000-0000-0000-0000002EAD0F}
F{00000000-0000-0000-0000-0000002E9D5F}
F{00000000-0000-0000-0000-0000002E66CF}
F{00000000-0000-0000-0000-0000002E4BC1}
F{00000000-0000-0000-0000-0000002E3209}
F{00000000-0000-0000-0000-0000002E314C}
F{00000000-0000-0000-0000-0000002DCB69}
T{00000000-0000-0000-0000-0000002D9FE0}
F{00000000-0000-0000-0000-0000002D8355}
T{00000000-0000-0000-0000-0000002D7348}
F{00000000-0000-0000-0000-0000002E564A}
F{00000000-0000-0000-0000-0000002D5281}
F{00000000-0000-0000-0000-0000002D4F1C}
F{00000000-0000-0000-0000-0000002D4810}
F{00000000-0000-0000-0000-0000002D461D}
T{00000000-0000-0000-0000-0000002D44C5}
F{00000000-0000-0000-0000-0000002D4147}
T{00000000-0000-0000-0000-0000002D3243}
F{00000000-0000-0000-0000-0000002D26FD}
F{00000000-0000-0000-0000-0000002D162B}
F{00000000-0000-0000-0000-0000002CDFC9}
T{00000000-0000-0000-0000-0000002CDE7C}
F{00000000-0000-0000-0000-0000002CDE1F}
F{00000000-0000-0000-0000-0000002CD908}
F{00000000-0000-0000-0000-0000002CD6C8}
F{00000000-0000-0000-0000-0000002CCAFC}
F{00000000-0000-0000-0000-0000002C9942}
F{00000000-0000-0000-0000-0000002C9627}
T{00000000-0000-0000-0000-0000002C95F6}
T{00000000-0000-0000-0000-0000002E0516}
F{00000000-0000-0000-0000-0000002C6D1C}
F{00000000-0000-0000-0000-0000002C6187}
F{00000000-0000-0000-0000-0000002D52FB}
F{00000000-0000-0000-0000-0000002C6153}
F{00000000-0000-0000-0000-00000032FBFC}
F{00000000-0000-0000-0000-0000002C532B}
F{00000000-0000-0000-0000-0000002C51D3}
F{00000000-0000-0000-0000-0000002C4FBE}
F{00000000-0000-0000-0000-0000002C4B21}
F{00000000-0000-0000-0000-0000002D4FE4}
T{00000000-0000-0000-0000-0000002C2346}
F{00000000-0000-0000-0000-0000002BFFD7}
F{00000000-0000-0000-0000-0000002BDF68}
F{00000000-0000-0000-0000-0000002BC06C}
F{00000000-0000-0000-0000-0000002BB56B}
F{00000000-0000-0000-0000-0000002B9ADC}
F{00000000-0000-0000-0000-0000002EE98E}
F{00000000-0000-0000-0000-0000002B7C23}
F{00000000-0000-0000-0000-0000002B7A74}
F{00000000-0000-0000-0000-0000002B79C6}
F{00000000-0000-0000-0000-0000002B60DE}
F{00000000-0000-0000-0000-0000002B5FB9}
F{00000000-0000-0000-0000-0000002CD8A9}
F{00000000-0000-0000-0000-0000002B39CA}
T{00000000-0000-0000-0000-0000002B1799}
F{00000000-0000-0000-0000-0000002B10DC}
F{00000000-0000-0000-0000-0000002B054E}
T{00000000-0000-0000-0000-0000002AF48E}
F{00000000-0000-0000-0000-00000031BA6F}
F{00000000-0000-0000-0000-0000002AD1C2}
F{00000000-0000-0000-0000-0000002AD098}
F{00000000-0000-0000-0000-000000326007}
F{00000000-0000-0000-0000-0000002ABFF5}
F{00000000-0000-0000-0000-0000002AAA36}
T{00000000-0000-0000-0000-0000002AA7BC}
F{00000000-0000-0000-0000-0000002AA779}
F{00000000-0000-0000-0000-0000002A93E5}
T{00000000-0000-0000-0000-0000002A8596}
F{00000000-0000-0000-0000-0000002A02EE}
T{00000000-0000-0000-0000-00000029F741}
F{00000000-0000-0000-0000-0000002ACE76}
F{00000000-0000-0000-0000-00000029E184}
T{00000000-0000-0000-0000-00000029CEAD}
F{00000000-0000-0000-0000-00000029BD67}
T{00000000-0000-0000-0000-000000299B39}
F{00000000-0000-0000-0000-00000031F0E6}
F{00000000-0000-0000-0000-000000295BE6}
F{00000000-0000-0000-0000-000000295BCF}
F{00000000-0000-0000-0000-000000290793}
F{00000000-0000-0000-0000-00000033A574}
F{00000000-0000-0000-0000-0000002EE24C}
F{00000000-0000-0000-0000-00000028CA92}
F{00000000-0000-0000-0000-00000028C84A}
F{00000000-0000-0000-0000-00000028C45E}
F{00000000-0000-0000-0000-00000028C3F4}
F{00000000-0000-0000-0000-00000028BFB0}
F{00000000-0000-0000-0000-00000028A414}
F{00000000-0000-0000-0000-000000289F2F}
F{00000000-0000-0000-0000-000000289ED3}
F{00000000-0000-0000-0000-000000289DEC}
F{00000000-0000-0000-0000-0000002897F9}
F{00000000-0000-0000-0000-000000289795}
F{00000000-0000-0000-0000-0000002893AB}
F{00000000-0000-0000-0000-00000028813D}
F{00000000-0000-0000-0000-000000287CD1}
F{00000000-0000-0000-0000-0000002853F7}
F{00000000-0000-0000-0000-0000002843CE}
F{00000000-0000-0000-0000-000000282C62}
F{00000000-0000-0000-0000-000000281B7B}
F{00000000-0000-0000-0000-00000032016B}
F{00000000-0000-0000-0000-0000002819B0}
F{00000000-0000-0000-0000-0000002ADDAD}
F{00000000-0000-0000-0000-0000002C299F}
F{00000000-0000-0000-0000-00000028017B}
F{00000000-0000-0000-0000-00000027F5B1}
T{00000000-0000-0000-0000-00000027D63F}
F{00000000-0000-0000-0000-00000027D4C7}
F{00000000-0000-0000-0000-00000027BFF4}
F{00000000-0000-0000-0000-0000002796A4}
F{00000000-0000-0000-0000-000000278875}
F{00000000-0000-0000-0000-000000277E2B}
F{00000000-0000-0000-0000-000000275CAC}
F{00000000-0000-0000-0000-000000275B8E}
T{00000000-0000-0000-0000-000000275A11}
T{00000000-0000-0000-0000-0000003032D8}
F{00000000-0000-0000-0000-0000002728DA}
T{00000000-0000-0000-0000-000000271213}
F{00000000-0000-0000-0000-000000270E01}
T{00000000-0000-0000-0000-000000270CC6}
T{00000000-0000-0000-0000-00000027068E}
F{00000000-0000-0000-0000-0000002E0E9F}
T{00000000-0000-0000-0000-00000026F9E1}
F{00000000-0000-0000-0000-0000003025B3}
F{00000000-0000-0000-0000-0000002A08D5}
F{00000000-0000-0000-0000-00000026DB04}
F{00000000-0000-0000-0000-00000026C360}
T{00000000-0000-0000-0000-00000026C272}
T{00000000-0000-0000-0000-00000026C267}
F{00000000-0000-0000-0000-00000026C0C1}
F{00000000-0000-0000-0000-00000026A8E2}
F{00000000-0000-0000-0000-00000026A6D4}
T{00000000-0000-0000-0000-00000026A0D7}
F{00000000-0000-0000-0000-000000269527}
T{00000000-0000-0000-0000-00000026929D}
T{00000000-0000-0000-0000-00000026926F}
F{00000000-0000-0000-0000-0000002651AC}
T{00000000-0000-0000-0000-000000264BA4}
T{00000000-0000-0000-0000-00000026474E}
F{00000000-0000-0000-0000-0000002CACBC}
F{00000000-0000-0000-0000-000000263D12}
F{00000000-0000-0000-0000-000000263C74}
F{00000000-0000-0000-0000-000000273493}
F{00000000-0000-0000-0000-000000263B6B}
F{00000000-0000-0000-0000-000000261C32}
F{00000000-0000-0000-0000-00000032BB6B}
F{00000000-0000-0000-0000-00000025E580}
F{00000000-0000-0000-0000-00000025D9CF}
T{00000000-0000-0000-0000-00000025C2FA}
F{00000000-0000-0000-0000-00000030D202}
T{00000000-0000-0000-0000-000000258539}
F{00000000-0000-0000-0000-0000002536E9}
T{00000000-0000-0000-0000-00000025333F}
F{00000000-0000-0000-0000-000000251BCD}
F{00000000-0000-0000-0000-000000301289}
T{00000000-0000-0000-0000-00000024E9BB}
F{00000000-0000-0000-0000-00000024DE3A}
F{00000000-0000-0000-0000-00000024D577}
T{00000000-0000-0000-0000-00000024D561}
F{00000000-0000-0000-0000-00000024D4B0}
F{00000000-0000-0000-0000-00000024D328}
F{00000000-0000-0000-0000-00000024CD16}
T{00000000-0000-0000-0000-00000024CCE3}
T{00000000-0000-0000-0000-00000024C269}
F{00000000-0000-0000-0000-0000002D47FB}
F{00000000-0000-0000-0000-00000031840C}
F{00000000-0000-0000-0000-00000024BF14}
F{00000000-0000-0000-0000-0000002494C3}
T{00000000-0000-0000-0000-0000002468FF}
F{00000000-0000-0000-0000-0000002467BF}
F{00000000-0000-0000-0000-000000245C0C}
F{00000000-0000-0000-0000-000000245B1C}
F{00000000-0000-0000-0000-000000244890}
F{00000000-0000-0000-0000-000000243F1C}
T{00000000-0000-0000-0000-000000243EBD}
F{00000000-0000-0000-0000-000000243B6C}
F{00000000-0000-0000-0000-0000002433DB}
F{00000000-0000-0000-0000-00000032083C}
T{00000000-0000-0000-0000-00000023EE07}
F{00000000-0000-0000-0000-00000023D0EB}
F{00000000-0000-0000-0000-00000023D05D}
T{00000000-0000-0000-0000-000000238CD3}
T{00000000-0000-0000-0000-00000032DE01}
F{00000000-0000-0000-0000-000000235A71}
F{00000000-0000-0000-0000-0000002337D8}
F{00000000-0000-0000-0000-000000230FED}
F{00000000-0000-0000-0000-00000026F31D}
F{00000000-0000-0000-0000-00000022FB1D}
T{00000000-0000-0000-0000-00000022CD36}
F{00000000-0000-0000-0000-0000002B8E33}
F{00000000-0000-0000-0000-000000231277}
T{00000000-0000-0000-0000-0000002313B8}
T{00000000-0000-0000-0000-000000226B6F}
T{00000000-0000-0000-0000-000000308796}
F{00000000-0000-0000-0000-00000022236F}
F{00000000-0000-0000-0000-000000220F56}
F{00000000-0000-0000-0000-000000254816}
F{00000000-0000-0000-0000-0000002C4EFE}
F{00000000-0000-0000-0000-0000002B43A9}
F{00000000-0000-0000-0000-00000021C1B7}
F{00000000-0000-0000-0000-00000021C14B}
F{00000000-0000-0000-0000-000000218CCC}
F{00000000-0000-0000-0000-00000021868E}
F{00000000-0000-0000-0000-00000021727D}
F{00000000-0000-0000-0000-00000022633F}
F{00000000-0000-0000-0000-000000209D82}
F{00000000-0000-0000-0000-000000209B8E}
T{00000000-0000-0000-0000-0000002078B2}
F{00000000-0000-0000-0000-00000020554E}
F{00000000-0000-0000-0000-00000020548C}
F{00000000-0000-0000-0000-000000219E6D}
T{00000000-0000-0000-0000-000000200CE4}
F{00000000-0000-0000-0000-000000270DC9}
F{00000000-0000-0000-0000-0000002BDEA2}
F{00000000-0000-0000-0000-00000029CB1D}
F{00000000-0000-0000-0000-000000223CFB}
T{00000000-0000-0000-0000-0000001FD627}
F{00000000-0000-0000-0000-0000001FB295}
F{00000000-0000-0000-0000-0000001EEC49}
F{00000000-0000-0000-0000-0000001EE496}
F{00000000-0000-0000-0000-000000220C37}
F{00000000-0000-0000-0000-000000235C6F}
T{00000000-0000-0000-0000-0000001EA0F5}
F{00000000-0000-0000-0000-0000001E7F02}
T{00000000-0000-0000-0000-0000001E7066}
T{00000000-0000-0000-0000-0000001E6816}
F{00000000-0000-0000-0000-0000001E644A}
F{00000000-0000-0000-0000-0000001E37FC}
T{00000000-0000-0000-0000-0000001E3797}
F{00000000-0000-0000-0000-0000001E1D24}
F{00000000-0000-0000-0000-00000032686B}
F{00000000-0000-0000-0000-0000001DC5DF}
F{00000000-0000-0000-0000-0000001DB268}
F{00000000-0000-0000-0000-0000001DB186}
F{00000000-0000-0000-0000-0000002DA425}
T{00000000-0000-0000-0000-0000001D6FB7}
F{00000000-0000-0000-0000-0000001D699A}
F{00000000-0000-0000-0000-0000001D6905}
T{00000000-0000-0000-0000-0000001D3830}
F{00000000-0000-0000-0000-0000001D26F3}
T{00000000-0000-0000-0000-0000002478DD}
F{00000000-0000-0000-0000-0000001CFFF0}
F{00000000-0000-0000-0000-0000001CF590}
T{00000000-0000-0000-0000-0000001CB8EA}
F{00000000-0000-0000-0000-0000001C810C}
F{00000000-0000-0000-0000-0000001C6A68}
F{00000000-0000-0000-0000-0000001C2034}
F{00000000-0000-0000-0000-0000001C1356}
F{00000000-0000-0000-0000-000000264311}
T{00000000-0000-0000-0000-0000002D1103}
T{00000000-0000-0000-0000-0000001C000D}
F{00000000-0000-0000-0000-000000245F5D}
T{00000000-0000-0000-0000-0000001BA878}
F{00000000-0000-0000-0000-0000001B7F5B}
T{00000000-0000-0000-0000-000000243835}
F{00000000-0000-0000-0000-0000001B4BD8}
F{00000000-0000-0000-0000-0000001D30D6}
T{00000000-0000-0000-0000-0000001B2F35}
T{00000000-0000-0000-0000-0000001DBEE4}
F{00000000-0000-0000-0000-0000001AF5B8}
F{00000000-0000-0000-0000-0000001EB0AE}
F{00000000-0000-0000-0000-0000001A891E}
F{00000000-0000-0000-0000-0000001A871A}
F{00000000-0000-0000-0000-0000001A72D1}
F{00000000-0000-0000-0000-0000001A657D}
F{00000000-0000-0000-0000-0000001C7E16}
T{00000000-0000-0000-0000-0000001A5588}
F{00000000-0000-0000-0000-0000001A3526}
F{00000000-0000-0000-0000-0000002167C1}
F{00000000-0000-0000-0000-00000019F30D}
T{00000000-0000-0000-0000-00000019EDAF}
F{00000000-0000-0000-0000-00000019EC18}
F{00000000-0000-0000-0000-00000019E343}
F{00000000-0000-0000-0000-00000019D284}
F{00000000-0000-0000-0000-000000319987}
F{00000000-0000-0000-0000-00000019B791}
F{00000000-0000-0000-0000-00000019B1B2}
F{00000000-0000-0000-0000-000000223AC8}
F{00000000-0000-0000-0000-000000199ECD}
F{00000000-0000-0000-0000-000000197C0B}
T{00000000-0000-0000-0000-00000021F6DF}
F{00000000-0000-0000-0000-000000194762}
F{00000000-0000-0000-0000-0000001935C0}
F{00000000-0000-0000-0000-00000019279C}
F{00000000-0000-0000-0000-000000192034}
F{00000000-0000-0000-0000-00000018D0D7}
F{00000000-0000-0000-0000-0000002C4A8B}
F{00000000-0000-0000-0000-0000001894F4}
F{00000000-0000-0000-0000-0000002AB531}
F{00000000-0000-0000-0000-000000227154}
F{00000000-0000-0000-0000-000000180772}
F{00000000-0000-0000-0000-00000017CD8A}
F{00000000-0000-0000-0000-00000017BAFF}
T{00000000-0000-0000-0000-00000017AE52}
F{00000000-0000-0000-0000-00000017AD17}
F{00000000-0000-0000-0000-0000002A47D9}
F{00000000-0000-0000-0000-000000176A5C}
