F{00000000-0000-0000-0000-000000060468}
F{00000000-0000-0000-0000-0000001278AF}
F{00000000-0000-0000-0000-0000000A8C33}
F{00000000-0000-0000-0000-00000027EFDF}
F{00000000-0000-0000-0000-00000025482D}
F{00000000-0000-0000-0000-0000000567C5}
F{00000000-0000-0000-0000-0000000ABD11}
F{00000000-0000-0000-0000-0000000BBAF7}
F{00000000-0000-0000-0000-000000219EFE}
F{00000000-0000-0000-0000-000000046E22}
F{00000000-0000-0000-0000-00000032E6F6}
F{00000000-0000-0000-0000-000000099D5D}
F{00000000-0000-0000-0000-00000032E859}
F{00000000-0000-0000-0000-000000007910}
F{00000000-0000-0000-0000-0000000604DA}
F{00000000-0000-0000-0000-0000000B1846}
F{00000000-0000-0000-0000-000000041E64}
F{00000000-0000-0000-0000-00000016BA6A}
F{00000000-0000-0000-0000-00000005EE69}
F{00000000-0000-0000-0000-0000001672E1}
F{00000000-0000-0000-0000-0000002C95F6}
T{00000000-0000-0000-0000-0000002D7348}
T{00000000-0000-0000-0000-000000299B39}
T{00000000-0000-0000-0000-00000032DE01}
T{00000000-0000-0000-0000-00000027D63F}
T{00000000-0000-0000-0000-000000122620}
T{00000000-0000-0000-0000-0000002AA7BC}
T{00000000-0000-0000-0000-000000271213}
T{00000000-0000-0000-0000-00000025DC81}
F{00000000-0000-0000-0000-00000024D561}
T{00000000-0000-0000-0000-000000112BA8}
T{00000000-0000-0000-0000-0000002313B8}
T{00000000-0000-0000-0000-0000002D44C5}
T{00000000-0000-0000-0000-0000002C95F6}
T{00000000-0000-0000-0000-00000023EE07}
T{00000000-0000-0000-0000-0000001BA878}
T{00000000-0000-0000-0000-000000200CE4}
T{00000000-0000-0000-0000-00000026926F}
T{00000000-0000-0000-0000-0000002D9FE0}
T{00000000-0000-0000-0000-0000002F4F87}
T{00000000-0000-0000-0000-000000308796}
T{00000000-0000-0000-0000-000000226B6F}
T{00000000-0000-0000-0000-0000001E3797}
T{00000000-0000-0000-0000-0000001028EE}
T{00000000-0000-0000-0000-000000112BA8}
T{00000000-0000-0000-0000-00000027D63F}
T{00000000-0000-0000-0000-00000019EDAF}
T{00000000-0000-0000-0000-0000000FB43F}
T{00000000-0000-0000-0000-000000299B39}
T{00000000-0000-0000-0000-000000270CC6}
T{00000000-0000-0000-0000-000000264BA4}
T{00000000-0000-0000-0000-000000308796}
T{00000000-0000-0000-0000-00000019EDAF}
T{00000000-0000-0000-0000-00000029F741}
T{00000000-0000-0000-0000-0000001D6FB7}
T{00000000-0000-0000-0000-00000024D561}
T{00000000-0000-0000-0000-00000024E9BB}
T{00000000-0000-0000-0000-000000226B6F}
T{00000000-0000-0000-0000-00000030E2E5}
T{00000000-0000-0000-0000-00000024E9BB}
T{00000000-0000-0000-0000-0000002313B8}
T{00000000-0000-0000-0000-000000308796}
T{00000000-0000-0000-0000-0000002D7348}
T{00000000-0000-0000-0000-000000226B6F}
T{00000000-0000-0000-0000-0000000EAA83}
T{00000000-0000-0000-0000-00000019B67A}
T{00000000-0000-0000-0000-000000329117}
T{00000000-0000-0000-0000-00000026C272}
T{00000000-0000-0000-0000-0000001D3830}
T{00000000-0000-0000-0000-000000271213}
T{00000000-0000-0000-0000-00000019EDAF}
T{00000000-0000-0000-0000-000000261C32}
T{00000000-0000-0000-0000-0000001FD627}
T{00000000-0000-0000-0000-000000112BA8}
T{00000000-0000-0000-0000-000000200CE4}
T{00000000-0000-0000-0000-000000261C32}
T{00000000-0000-0000-0000-000000243EBD}
T{00000000-0000-0000-0000-0000001EA0F5}
T{00000000-0000-0000-0000-000000308796}
T{00000000-0000-0000-0000-00000026F9E1}
T{00000000-0000-0000-0000-00000025DC81}
T{00000000-0000-0000-0000-00000025333F}
T{00000000-0000-0000-0000-000000275A11}
T{00000000-0000-0000-0000-000000329117}
T{00000000-0000-0000-0000-000000122620}
T{00000000-0000-0000-0000-000000261C32}
T{00000000-0000-0000-0000-00000024E9BB}
T{00000000-0000-0000-0000-0000002AA7BC}
T{00000000-0000-0000-0000-0000001E7066}
T{00000000-0000-0000-0000-0000002D7348}
T{00000000-0000-0000-0000-0000002313B8}
T{00000000-0000-0000-0000-00000024C269}
T{00000000-0000-0000-0000-000000261C32}
T{00000000-0000-0000-0000-00000021F6DF}
T{00000000-0000-0000-0000-0000000FEDBA}
T{00000000-0000-0000-0000-000000321209}
T{00000000-0000-0000-0000-0000002AF48E}
T{00000000-0000-0000-0000-00000026C272}
T{00000000-0000-0000-0000-0000002D1103}
T{00000000-0000-0000-0000-00000026929D}
T{00000000-0000-0000-0000-00000032B143}
T{00000000-0000-0000-0000-000000321209}
T{00000000-0000-0000-0000-00000030E2E5}
T{00000000-0000-0000-0000-0000002313B8}
T{00000000-0000-0000-0000-000000238CD3}
T{00000000-0000-0000-0000-0000000FEDBA}
T{00000000-0000-0000-0000-0000001D3830}
T{00000000-0000-0000-0000-0000001C000D}
T{00000000-0000-0000-0000-00000019EDAF}
T{00000000-0000-0000-0000-000000122620}
T{00000000-0000-0000-0000-000000308796}
T{00000000-0000-0000-0000-00000024D561}
T{00000000-0000-0000-0000-000000243EBD}
T{00000000-0000-0000-0000-0000002D44C5}
T{00000000-0000-0000-0000-000000243835}
T{00000000-0000-0000-0000-0000000EAA83}
T{00000000-0000-0000-0000-000000271213}
