F{00000000-0000-0000-0000-000000242E7A}
F{00000000-0000-0000-0000-000000170474}
T{00000000-0000-0000-0000-0000002E0516}
F{00000000-0000-0000-0000-00000009042B}
T{00000000-0000-0000-0000-00000014E3DD}
F{00000000-0000-0000-0000-0000001DCCD0}
F{00000000-0000-0000-0000-000000289ED3}
F{00000000-0000-0000-0000-000000197FB6}
F{00000000-0000-0000-0000-00000031ED05}
F{00000000-0000-0000-0000-00000008179C}
T{00000000-0000-0000-0000-0000002478DD}
F{00000000-0000-0000-0000-0000002EE24C}
T{00000000-0000-0000-0000-0000002536E9}
F{00000000-0000-0000-0000-00000013B91E}
F{00000000-0000-0000-0000-0000002B9CA9}
T{00000000-0000-0000-0000-0000001672E1}
F{00000000-0000-0000-0000-00000032BB6B}
F{00000000-0000-0000-0000-00000027068E}
T{00000000-0000-0000-0000-0000000FBC1B}
F{00000000-0000-0000-0000-0000001CF590}
F{00000000-0000-0000-0000-0000002A0033}
F{00000000-0000-0000-0000-0000002F70A5}
T{00000000-0000-0000-0000-0000002EE98E}
F{00000000-0000-0000-0000-0000001AE83E}
F{00000000-0000-0000-0000-00000009066B}
F{00000000-0000-0000-0000-00000031840C}
F{00000000-0000-0000-0000-00000031DB69}
F{00000000-0000-0000-0000-0000002EE25C}
T{00000000-0000-0000-0000-000000197C0B}
F{00000000-0000-0000-0000-00000022633F}
F{00000000-0000-0000-0000-00000033629C}
F{00000000-0000-0000-0000-0000000BB9D4}
F{00000000-0000-0000-0000-0000002C9942}
T{00000000-0000-0000-0000-00000011C1D0}
F{00000000-0000-0000-0000-00000028813D}
F{00000000-0000-0000-0000-0000000567C5}
T{00000000-0000-0000-0000-000000249B7C}
F{00000000-0000-0000-0000-00000028C84A}
F{00000000-0000-0000-0000-00000006273D}
F{00000000-0000-0000-0000-000000254816}
F{00000000-0000-0000-0000-00000031F0E6}
F{00000000-0000-0000-0000-0000002789C7}
F{00000000-0000-0000-0000-0000001894F4}
F{00000000-0000-0000-0000-0000001E3995}
F{00000000-0000-0000-0000-000000018C66}
T{00000000-0000-0000-0000-000000320E5F}
F{00000000-0000-0000-0000-0000000A6DE9}
F{00000000-0000-0000-0000-00000022178C}
F{00000000-0000-0000-0000-0000001AC595}
F{00000000-0000-0000-0000-00000019E343}
F{00000000-0000-0000-0000-0000002C4B21}
F{00000000-0000-0000-0000-0000000A3CCC}
T{00000000-0000-0000-0000-0000002B10DC}
T{00000000-0000-0000-0000-00000026F9E1}
F{00000000-0000-0000-0000-00000022F9B8}
T{00000000-0000-0000-0000-00000018D0D7}
F{00000000-0000-0000-0000-0000002BDF68}
T{00000000-0000-0000-0000-0000001AB774}
F{00000000-0000-0000-0000-0000000A8C33}
F{00000000-0000-0000-0000-0000002B7D45}
F{00000000-0000-0000-0000-0000002AD2A1}
F{00000000-0000-0000-0000-00000005EE69}
F{00000000-0000-0000-0000-000000172688}
T{00000000-0000-0000-0000-00000026853A}
F{00000000-0000-0000-0000-0000002CAD87}
F{00000000-0000-0000-0000-00000009AD92}
T{00000000-0000-0000-0000-0000002CD908}
F{00000000-0000-0000-0000-00000032FBFC}
T{00000000-0000-0000-0000-0000002C2346}
T{00000000-0000-0000-0000-0000001C810C}
F{00000000-0000-0000-0000-0000002E0E9F}
T{00000000-0000-0000-0000-000000169972}
T{00000000-0000-0000-0000-00000022E477}
T{00000000-0000-0000-0000-000000211BF6}
F{00000000-0000-0000-0000-000000146F18}
T{00000000-0000-0000-0000-0000000D0B5F}
F{00000000-0000-0000-0000-0000002EAF33}
F{00000000-0000-0000-0000-00000008AA1A}
F{00000000-0000-0000-0000-00000009E1AA}
F{00000000-0000-0000-0000-0000000AE237}
F{00000000-0000-0000-0000-000000253D59}
T{00000000-0000-0000-0000-000000199CB4}
F{00000000-0000-0000-0000-00000026F31D}
F{00000000-0000-0000-0000-0000000586B3}
F{00000000-0000-0000-0000-0000002F0787}
T{00000000-0000-0000-0000-0000000C1C4E}
F{00000000-0000-0000-0000-0000002FB7BE}
F{00000000-0000-0000-0000-0000001C3DC9}
F{00000000-0000-0000-0000-00000009C55D}
F{00000000-0000-0000-0000-00000022ED6F}
F{00000000-0000-0000-0000-0000000C29E6}
F{00000000-0000-0000-0000-0000000EC5C1}
F{00000000-0000-0000-0000-000000231277}
F{00000000-0000-0000-0000-00000016A5CD}
T{00000000-0000-0000-0000-0000001722BA}
T{00000000-0000-0000-0000-000000275CAC}
T{00000000-0000-0000-0000-00000017A9CA}
F{00000000-0000-0000-0000-0000000C5B68}
F{00000000-0000-0000-0000-000000335CAB}
T{00000000-0000-0000-0000-000000148E71}
F{00000000-0000-0000-0000-00000027EFA5}
F{00000000-0000-0000-0000-00000008B383}
F{00000000-0000-0000-0000-0000000AA748}
F{00000000-0000-0000-0000-00000013C356}
F{00000000-0000-0000-0000-000000303C41}
F{00000000-0000-0000-0000-0000002FA3FA}
T{00000000-0000-0000-0000-0000001CB8EA}
F{00000000-0000-0000-0000-00000017F789}
F{00000000-0000-0000-0000-0000001EA4DD}
T{00000000-0000-0000-0000-000000194762}
T{00000000-0000-0000-0000-00000017AE52}
F{00000000-0000-0000-0000-0000002B8E33}
F{00000000-0000-0000-0000-0000000DF8B1}
T{00000000-0000-0000-0000-0000002CE21D}
T{00000000-0000-0000-0000-0000001CF779}
F{00000000-0000-0000-0000-00000005B55A}
F{00000000-0000-0000-0000-000000324745}
T{00000000-0000-0000-0000-0000001DB74C}
T{00000000-0000-0000-0000-00000019BC13}
F{00000000-0000-0000-0000-00000006E345}
F{00000000-0000-0000-0000-00000020548C}
F{00000000-0000-0000-0000-00000032E994}
F{00000000-0000-0000-0000-0000000782BC}
F{00000000-0000-0000-0000-0000002AA779}
T{00000000-0000-0000-0000-0000001935C0}
F{00000000-0000-0000-0000-0000001A8886}
F{00000000-0000-0000-0000-0000002C4FBE}
F{00000000-0000-0000-0000-0000000CE9C4}
T{00000000-0000-0000-0000-0000001633C3}
F{00000000-0000-0000-0000-00000003B508}
