T{00000000-0000-0000-0000-000000164F59}
F{00000000-0000-0000-0000-000000270DC9}
F{00000000-0000-0000-0000-000000146BB2}
F{00000000-0000-0000-0000-0000002EFB03}
T{00000000-0000-0000-0000-000000154598}
F{00000000-0000-0000-0000-0000000C6827}
T{00000000-0000-0000-0000-0000000B3CBA}
F{00000000-0000-0000-0000-00000027BFF4}
F{00000000-0000-0000-0000-000000269527}
F{00000000-0000-0000-0000-00000007C25E}
T{00000000-0000-0000-0000-000000111B70}
T{00000000-0000-0000-0000-0000000EFBFF}
F{00000000-0000-0000-0000-00000030694D}
F{00000000-0000-0000-0000-0000002C4A8B}
F{00000000-0000-0000-0000-000000333EB0}
F{00000000-0000-0000-0000-000000295694}
F{00000000-0000-0000-0000-0000000DF8B1}
F{00000000-0000-0000-0000-0000002E9D5F}
F{00000000-0000-0000-0000-000000271E97}
F{00000000-0000-0000-0000-0000000DDF0E}
F{00000000-0000-0000-0000-000000060468}
T{00000000-0000-0000-0000-0000001265F4}
F{00000000-0000-0000-0000-00000031F0E6}
F{00000000-0000-0000-0000-0000001D5B1B}
F{00000000-0000-0000-0000-0000000A3CCC}
F{00000000-0000-0000-0000-00000005FF3F}
F{00000000-0000-0000-0000-0000002690A8}
F{00000000-0000-0000-0000-0000000918BA}
T{00000000-0000-0000-0000-00000023C6B1}
F{00000000-0000-0000-0000-000000324F3F}
F{00000000-0000-0000-0000-0000002FE035}
F{00000000-0000-0000-0000-00000009D2DB}
F{00000000-0000-0000-0000-0000000ADF8A}
F{00000000-0000-0000-0000-000000209B8E}
T{00000000-0000-0000-0000-0000002D4795}
F{00000000-0000-0000-0000-0000002FA47F}
F{00000000-0000-0000-0000-0000002B7A74}
F{00000000-0000-0000-0000-000000087468}
T{00000000-0000-0000-0000-0000002D52FB}
F{00000000-0000-0000-0000-0000000970F1}
F{00000000-0000-0000-0000-000000223AC8}
F{00000000-0000-0000-0000-00000028980F}
F{00000000-0000-0000-0000-00000010598A}
F{00000000-0000-0000-0000-00000016DEE7}
F{00000000-0000-0000-0000-0000002F70A5}
F{00000000-0000-0000-0000-0000001B4BD8}
F{00000000-0000-0000-0000-0000003362C8}
F{00000000-0000-0000-0000-00000025D7DD}
T{00000000-0000-0000-0000-0000002B39CA}
F{00000000-0000-0000-0000-000000060817}
F{00000000-0000-0000-0000-00000032FBFC}
F{00000000-0000-0000-0000-0000002E3AB2}
T{00000000-0000-0000-0000-0000002C2346}
F{00000000-0000-0000-0000-0000000DDD88}
F{00000000-0000-0000-0000-00000024D577}
F{00000000-0000-0000-0000-000000220C37}
F{00000000-0000-0000-0000-0000001B7F5B}
F{00000000-0000-0000-0000-0000002AD098}
F{00000000-0000-0000-0000-00000030D202}
F{00000000-0000-0000-0000-000000051894}
F{00000000-0000-0000-0000-0000002C6D1C}
F{00000000-0000-0000-0000-0000002AB719}
F{00000000-0000-0000-0000-0000001249B2}
F{00000000-0000-0000-0000-0000002D4810}
F{00000000-0000-0000-0000-00000011FF45}
F{00000000-0000-0000-0000-000000325149}
F{00000000-0000-0000-0000-00000003E599}
T{00000000-0000-0000-0000-0000002EE98E}
F{00000000-0000-0000-0000-0000000A5792}
F{00000000-0000-0000-0000-00000027289F}
F{00000000-0000-0000-0000-000000303C41}
F{00000000-0000-0000-0000-0000000928C2}
F{00000000-0000-0000-0000-0000001D26F3}
F{00000000-0000-0000-0000-0000002B9ADC}
T{00000000-0000-0000-0000-00000024C269}
T{00000000-0000-0000-0000-000000234D52}
F{00000000-0000-0000-0000-00000009C55D}
F{00000000-0000-0000-0000-000000304FF3}
F{00000000-0000-0000-0000-000000119C07}
F{00000000-0000-0000-0000-0000002ABFF5}
F{00000000-0000-0000-0000-0000002946BB}
F{00000000-0000-0000-0000-000000225920}
F{00000000-0000-0000-0000-0000002F16BE}
F{00000000-0000-0000-0000-0000002361B7}
F{00000000-0000-0000-0000-0000002ADB4F}
F{00000000-0000-0000-0000-00000008E1A8}
F{00000000-0000-0000-0000-0000000D199E}
F{00000000-0000-0000-0000-00000019E343}
F{00000000-0000-0000-0000-0000001DB186}
F{00000000-0000-0000-0000-0000002853F7}
F{00000000-0000-0000-0000-0000001297F9}
F{00000000-0000-0000-0000-00000028C45E}
F{00000000-0000-0000-0000-0000002EDFFA}
T{00000000-0000-0000-0000-000000194762}
T{00000000-0000-0000-0000-00000003F093}
F{00000000-0000-0000-0000-000000180E2E}
F{00000000-0000-0000-0000-0000001E932F}
F{00000000-0000-0000-0000-00000011A66A}
F{00000000-0000-0000-0000-0000002C95F6}
T{00000000-0000-0000-0000-0000001EA0F5}
F{00000000-0000-0000-0000-0000000A4F74}
F{00000000-0000-0000-0000-000000309CB6}
F{00000000-0000-0000-0000-00000032083C}
T{00000000-0000-0000-0000-0000002FA358}
F{00000000-0000-0000-0000-0000000A1C43}
T{00000000-0000-0000-0000-000000209D82}
F{00000000-0000-0000-0000-00000008DF2C}
T{00000000-0000-0000-0000-00000026F56D}
F{00000000-0000-0000-0000-000000138AFA}
F{00000000-0000-0000-0000-0000000FAF71}
F{00000000-0000-0000-0000-0000002CDE1F}
F{00000000-0000-0000-0000-00000013794F}
F{00000000-0000-0000-0000-00000018652C}
T{00000000-0000-0000-0000-0000001464E5}
T{00000000-0000-0000-0000-00000018D090}
F{00000000-0000-0000-0000-00000005EF6E}
F{00000000-0000-0000-0000-0000000567C5}
F{00000000-0000-0000-0000-00000029E184}
F{00000000-0000-0000-0000-0000003250DF}
F{00000000-0000-0000-0000-0000002FD89A}
F{00000000-0000-0000-0000-000000336361}
F{00000000-0000-0000-0000-00000027EFDF}
F{00000000-0000-0000-0000-00000005C588}
T{00000000-0000-0000-0000-0000001FD627}
F{00000000-0000-0000-0000-0000001EB0AE}
F{00000000-0000-0000-0000-000000243B6C}
F{00000000-0000-0000-0000-00000009E1AA}
F{00000000-0000-0000-0000-00000005DB9D}
F{00000000-0000-0000-0000-0000002B4AC5}
T{00000000-0000-0000-0000-00000026926F}
F{00000000-0000-0000-0000-0000001E37FC}
F{00000000-0000-0000-0000-00000029C08B}
F{00000000-0000-0000-0000-00000017F789}
F{00000000-0000-0000-0000-0000002ECA3E}
T{00000000-0000-0000-0000-00000025C2FA}
T{00000000-0000-0000-0000-00000014E3DD}
F{00000000-0000-0000-0000-0000001E6816}
F{00000000-0000-0000-0000-000000278875}
T{00000000-0000-0000-0000-000000164F6F}
F{00000000-0000-0000-0000-0000002C4B7E}
T{00000000-0000-0000-0000-000000251BCD}
T{00000000-0000-0000-0000-0000000FB2AC}
F{00000000-0000-0000-0000-00000013B91E}
F{00000000-0000-0000-0000-0000001187A9}
F{00000000-0000-0000-0000-00000026AE05}
F{00000000-0000-0000-0000-0000001CF590}
F{00000000-0000-0000-0000-000000148332}
F{00000000-0000-0000-0000-000000197FB6}
T{00000000-0000-0000-0000-000000305E4B}
T{00000000-0000-0000-0000-0000000A2AE6}
T{00000000-0000-0000-0000-0000001813D8}
F{00000000-0000-0000-0000-000000235A71}
T{00000000-0000-0000-0000-0000000EFC81}
T{00000000-0000-0000-0000-0000002FB7BE}
T{00000000-0000-0000-0000-00000016AC27}
F{00000000-0000-0000-0000-00000010156C}
F{00000000-0000-0000-0000-00000019B1B2}
T{00000000-0000-0000-0000-00000011F6D5}
T{00000000-0000-0000-0000-0000000A5106}
F{00000000-0000-0000-0000-0000001C78BF}
F{00000000-0000-0000-0000-00000033C0BE}
T{00000000-0000-0000-0000-0000002A8596}
F{00000000-0000-0000-0000-00000006923C}
F{00000000-0000-0000-0000-0000000C0A21}
F{00000000-0000-0000-0000-0000000B1846}
F{00000000-0000-0000-0000-000000282C62}
F{00000000-0000-0000-0000-00000006FA7E}
T{00000000-0000-0000-0000-000000281B7B}
T{00000000-0000-0000-0000-0000001E95A5}
F{00000000-0000-0000-0000-0000002AAA36}
F{00000000-0000-0000-0000-000000088CF0}
F{00000000-0000-0000-0000-00000026A6D4}
T{00000000-0000-0000-0000-00000027068E}
F{00000000-0000-0000-0000-00000022E477}
T{00000000-0000-0000-0000-000000159F8A}
F{00000000-0000-0000-0000-00000031CEB3}
F{00000000-0000-0000-0000-000000113C06}
F{00000000-0000-0000-0000-0000002D8355}
F{00000000-0000-0000-0000-0000001461DB}
F{00000000-0000-0000-0000-0000002001DC}
T{00000000-0000-0000-0000-00000032DE01}
T{00000000-0000-0000-0000-0000002C9627}
F{00000000-0000-0000-0000-0000001EEC49}
F{00000000-0000-0000-0000-0000000657F1}
F{00000000-0000-0000-0000-00000014AEB7}
F{00000000-0000-0000-0000-0000001A8886}
F{00000000-0000-0000-0000-0000000BBBC1}
F{00000000-0000-0000-0000-0000002FEC1E}
F{00000000-0000-0000-0000-00000005F445}
F{00000000-0000-0000-0000-0000000FD54B}
F{00000000-0000-0000-0000-000000219EFE}
F{00000000-0000-0000-0000-00000022ED6F}
F{00000000-0000-0000-0000-000000263D12}
T{00000000-0000-0000-0000-000000287CD1}
F{00000000-0000-0000-0000-0000000FDBD1}
T{00000000-0000-0000-0000-000000184E75}
T{00000000-0000-0000-0000-0000002E9CBC}
F{00000000-0000-0000-0000-0000001713EF}
F{00000000-0000-0000-0000-000000132504}
F{00000000-0000-0000-0000-0000002A02EE}
F{00000000-0000-0000-0000-0000002CDFC9}
F{00000000-0000-0000-0000-00000031840C}
F{00000000-0000-0000-0000-000000177B77}
F{00000000-0000-0000-0000-0000001A3598}
F{00000000-0000-0000-0000-00000006273D}
F{00000000-0000-0000-0000-000000054FCB}
T{00000000-0000-0000-0000-00000022FB1D}
F{00000000-0000-0000-0000-0000001FD913}
F{00000000-0000-0000-0000-00000008C1DE}
F{00000000-0000-0000-0000-000000152F96}
F{00000000-0000-0000-0000-0000000A9F0E}
F{00000000-0000-0000-0000-00000006524D}
F{00000000-0000-0000-0000-000000231277}
T{00000000-0000-0000-0000-000000139F40}
F{00000000-0000-0000-0000-000000138B76}
F{00000000-0000-0000-0000-00000009BAD7}
F{00000000-0000-0000-0000-0000001DE733}
T{00000000-0000-0000-0000-0000001DB74C}
F{00000000-0000-0000-0000-0000002D461D}
T{00000000-0000-0000-0000-0000002AE793}
F{00000000-0000-0000-0000-0000001746B7}
F{00000000-0000-0000-0000-000000147165}
F{00000000-0000-0000-0000-0000000EB1C4}
F{00000000-0000-0000-0000-00000024DE3A}
F{00000000-0000-0000-0000-0000000D4DD9}
F{00000000-0000-0000-0000-000000074466}
F{00000000-0000-0000-0000-00000004E003}
F{00000000-0000-0000-0000-0000000AE099}
T{00000000-0000-0000-0000-000000270CC6}
T{00000000-0000-0000-0000-000000317077}
F{00000000-0000-0000-0000-000000320E5F}
F{00000000-0000-0000-0000-00000009C584}
T{00000000-0000-0000-0000-0000001EA4DD}
F{00000000-0000-0000-0000-00000032686B}
T{00000000-0000-0000-0000-000000302768}
F{00000000-0000-0000-0000-0000002337D8}
F{00000000-0000-0000-0000-0000000A3003}
F{00000000-0000-0000-0000-00000014BCF0}
F{00000000-0000-0000-0000-00000031B2AF}
F{00000000-0000-0000-0000-0000000CA970}
F{00000000-0000-0000-0000-0000001A657D}
T{00000000-0000-0000-0000-0000000FBD3C}
T{00000000-0000-0000-0000-0000002078B2}
T{00000000-0000-0000-0000-00000017A9CA}
F{00000000-0000-0000-0000-0000002D71D6}
T{00000000-0000-0000-0000-0000000FBC1B}
F{00000000-0000-0000-0000-000000273493}
F{00000000-0000-0000-0000-0000002CD6C8}
F{00000000-0000-0000-0000-000000169CBC}
F{00000000-0000-0000-0000-0000001E7F02}
F{00000000-0000-0000-0000-0000001445A3}
T{00000000-0000-0000-0000-00000009AC55}
F{00000000-0000-0000-0000-0000001D699A}
F{00000000-0000-0000-0000-0000000C42D4}
T{00000000-0000-0000-0000-0000002059CA}
F{00000000-0000-0000-0000-00000032698B}
F{00000000-0000-0000-0000-0000002A4809}
F{00000000-0000-0000-0000-0000000A5811}
T{00000000-0000-0000-0000-0000002F3FC3}
F{00000000-0000-0000-0000-00000011D6C2}
F{00000000-0000-0000-0000-000000282FCE}
F{00000000-0000-0000-0000-0000002D4012}
F{00000000-0000-0000-0000-00000016D43B}
F{00000000-0000-0000-0000-00000009E1DD}
F{00000000-0000-0000-0000-000000159560}
T{00000000-0000-0000-0000-0000000DDC55}
T{00000000-0000-0000-0000-00000029CEAD}
T{00000000-0000-0000-0000-0000002D9FE0}
F{00000000-0000-0000-0000-0000002C51D3}
F{00000000-0000-0000-0000-00000005814E}
F{00000000-0000-0000-0000-0000000BBAF7}
F{00000000-0000-0000-0000-0000002E3209}
F{00000000-0000-0000-0000-00000012A9B0}
F{00000000-0000-0000-0000-00000013C356}
T{00000000-0000-0000-0000-0000001C810C}
F{00000000-0000-0000-0000-00000013BFCB}
F{00000000-0000-0000-0000-000000119D7B}
F{00000000-0000-0000-0000-0000000D9506}
F{00000000-0000-0000-0000-000000272805}
F{00000000-0000-0000-0000-000000103C79}
F{00000000-0000-0000-0000-00000007E3BE}
F{00000000-0000-0000-0000-0000001C7E16}
F{00000000-0000-0000-0000-0000002DA425}
F{00000000-0000-0000-0000-0000002CDE7C}
F{00000000-0000-0000-0000-0000002EAD0F}
F{00000000-0000-0000-0000-0000002B60DE}
F{00000000-0000-0000-0000-0000001322C6}
T{00000000-0000-0000-0000-0000002103D8}
T{00000000-0000-0000-0000-00000006E345}
T{00000000-0000-0000-0000-00000019B67A}
T{00000000-0000-0000-0000-0000000DE030}
F{00000000-0000-0000-0000-0000001FFDD7}
F{00000000-0000-0000-0000-000000275B8E}
F{00000000-0000-0000-0000-0000001AE83E}
F{00000000-0000-0000-0000-00000028C84A}
F{00000000-0000-0000-0000-0000000A9334}
F{00000000-0000-0000-0000-0000001DB268}
F{00000000-0000-0000-0000-000000220326}
F{00000000-0000-0000-0000-0000000D9F5F}
F{00000000-0000-0000-0000-000000264311}
F{00000000-0000-0000-0000-0000002D4FE4}
F{00000000-0000-0000-0000-00000019F414}
T{00000000-0000-0000-0000-000000140D32}
F{00000000-0000-0000-0000-0000001D30D6}
F{00000000-0000-0000-0000-0000002B60AE}
F{00000000-0000-0000-0000-0000000BCED8}
T{00000000-0000-0000-0000-0000002FA33C}
T{00000000-0000-0000-0000-000000094B5B}
F{00000000-0000-0000-0000-000000039287}
F{00000000-0000-0000-0000-000000053322}
F{00000000-0000-0000-0000-0000002DC9A5}
T{00000000-0000-0000-0000-000000258539}
F{00000000-0000-0000-0000-00000022633F}
T{00000000-0000-0000-0000-0000002E0516}
F{00000000-0000-0000-0000-00000019279C}
F{00000000-0000-0000-0000-0000000CAFE6}
F{00000000-0000-0000-0000-00000021868E}
F{00000000-0000-0000-0000-00000008CB54}
T{00000000-0000-0000-0000-00000026929D}
T{00000000-0000-0000-0000-00000017AE52}
F{00000000-0000-0000-0000-000000111E00}
T{00000000-0000-0000-0000-00000032E994}
F{00000000-0000-0000-0000-000000304116}
F{00000000-0000-0000-0000-000000060E54}
F{00000000-0000-0000-0000-000000290793}
F{00000000-0000-0000-0000-000000324745}
F{00000000-0000-0000-0000-0000000A6DE9}
F{00000000-0000-0000-0000-00000014AC98}
F{00000000-0000-0000-0000-0000000A2DD3}
F{00000000-0000-0000-0000-0000000ABC61}
F{00000000-0000-0000-0000-00000021C14B}
F{00000000-0000-0000-0000-0000002F9487}
T{00000000-0000-0000-0000-00000032B143}
F{00000000-0000-0000-0000-0000000974BB}
F{00000000-0000-0000-0000-0000002B8F8A}
F{00000000-0000-0000-0000-00000005B38E}
F{00000000-0000-0000-0000-0000001379ED}
T{00000000-0000-0000-0000-0000001023D6}
F{00000000-0000-0000-0000-0000000A17FA}
T{00000000-0000-0000-0000-00000032EA05}
T{00000000-0000-0000-0000-0000001E7066}
F{00000000-0000-0000-0000-00000014B44C}
F{00000000-0000-0000-0000-000000140E50}
T{00000000-0000-0000-0000-0000002CD908}
T{00000000-0000-0000-0000-00000019BC13}
F{00000000-0000-0000-0000-000000210B04}
F{00000000-0000-0000-0000-0000000EF5E7}
F{00000000-0000-0000-0000-00000010215D}
F{00000000-0000-0000-0000-0000001CFFF0}
F{00000000-0000-0000-0000-0000001C3DC9}
F{00000000-0000-0000-0000-00000028017B}
F{00000000-0000-0000-0000-0000002D26FD}
F{00000000-0000-0000-0000-0000001282E8}
F{00000000-0000-0000-0000-000000220F56}
F{00000000-0000-0000-0000-00000021E8F6}
F{00000000-0000-0000-0000-00000026F01D}
F{00000000-0000-0000-0000-000000254816}
F{00000000-0000-0000-0000-000000146F18}
F{00000000-0000-0000-0000-0000000F7D09}
T{00000000-0000-0000-0000-00000011BC6F}
F{00000000-0000-0000-0000-00000006193F}
F{00000000-0000-0000-0000-0000000D16FA}
T{00000000-0000-0000-0000-00000023EE07}
T{00000000-0000-0000-0000-000000320C89}
F{00000000-0000-0000-0000-0000002467BF}
T{00000000-0000-0000-0000-0000000F07A2}
F{00000000-0000-0000-0000-00000005E3F4}
F{00000000-0000-0000-0000-00000031730E}
T{00000000-0000-0000-0000-00000022CD36}
F{00000000-0000-0000-0000-0000001985BE}
F{00000000-0000-0000-0000-00000022F0AA}
T{00000000-0000-0000-0000-000000072837}
F{00000000-0000-0000-0000-0000002FF8E1}
T{00000000-0000-0000-0000-00000028CA92}
F{00000000-0000-0000-0000-0000002651AC}
F{00000000-0000-0000-0000-0000001AF5B8}
F{00000000-0000-0000-0000-00000016D448}
F{00000000-0000-0000-0000-0000002C6187}
F{00000000-0000-0000-0000-00000029B017}
T{00000000-0000-0000-0000-0000000CE4C7}
F{00000000-0000-0000-0000-000000180A8A}
T{00000000-0000-0000-0000-0000001E3797}
F{00000000-0000-0000-0000-0000000F70F3}
F{00000000-0000-0000-0000-000000219E6D}
F{00000000-0000-0000-0000-000000091984}
F{00000000-0000-0000-0000-00000028BFB0}
F{00000000-0000-0000-0000-0000002B20EF}
T{00000000-0000-0000-0000-0000001DBEE4}
F{00000000-0000-0000-0000-00000004A47F}
F{00000000-0000-0000-0000-000000096F27}
F{00000000-0000-0000-0000-0000000A7716}
F{00000000-0000-0000-0000-00000027F5B1}
F{00000000-0000-0000-0000-0000002F18F4}
F{00000000-0000-0000-0000-0000002A08D5}
F{00000000-0000-0000-0000-00000015892F}
F{00000000-0000-0000-0000-0000000ADB6D}
F{00000000-0000-0000-0000-00000031F588}
F{00000000-0000-0000-0000-00000013995B}
F{00000000-0000-0000-0000-0000000D6338}
F{00000000-0000-0000-0000-00000022236F}
F{00000000-0000-0000-0000-00000009AD92}
F{00000000-0000-0000-0000-000000146BA0}
F{00000000-0000-0000-0000-0000001EB22D}
F{00000000-0000-0000-0000-00000032B96F}
F{00000000-0000-0000-0000-000000101515}
T{00000000-0000-0000-0000-0000001B2F35}
T{00000000-0000-0000-0000-00000029F741}
T{00000000-0000-0000-0000-00000012EEF7}
F{00000000-0000-0000-0000-000000289ED3}
T{00000000-0000-0000-0000-000000173168}
F{00000000-0000-0000-0000-0000000E6E55}
F{00000000-0000-0000-0000-0000000EC5C1}
F{00000000-0000-0000-0000-0000001D6905}
F{00000000-0000-0000-0000-000000275063}
F{00000000-0000-0000-0000-00000008AA1A}
T{00000000-0000-0000-0000-00000017574C}
F{00000000-0000-0000-0000-0000002F6B7B}
F{00000000-0000-0000-0000-0000002B7D45}
F{00000000-0000-0000-0000-00000016EE88}
F{00000000-0000-0000-0000-000000165C7D}
F{00000000-0000-0000-0000-000000062FD1}
F{00000000-0000-0000-0000-00000026A8E2}
F{00000000-0000-0000-0000-00000026F31D}
F{00000000-0000-0000-0000-00000032E6F6}
F{00000000-0000-0000-0000-00000006E673}
F{00000000-0000-0000-0000-0000002CACBC}
T{00000000-0000-0000-0000-0000001722BA}
F{00000000-0000-0000-0000-000000270E01}
F{00000000-0000-0000-0000-000000249B7C}
F{00000000-0000-0000-0000-00000022178C}
F{00000000-0000-0000-0000-0000001A5588}
F{00000000-0000-0000-0000-0000000EB1FB}
F{00000000-0000-0000-0000-0000000F9C6B}
F{00000000-0000-0000-0000-000000018C66}
F{00000000-0000-0000-0000-000000261198}
F{00000000-0000-0000-0000-00000030D999}
T{00000000-0000-0000-0000-000000176A5C}
F{00000000-0000-0000-0000-0000002CAD87}
F{00000000-0000-0000-0000-00000005DD33}
F{00000000-0000-0000-0000-0000002C6153}
F{00000000-0000-0000-0000-000000242682}
T{00000000-0000-0000-0000-0000000C134C}
F{00000000-0000-0000-0000-0000000FD49A}
F{00000000-0000-0000-0000-000000172688}
T{00000000-0000-0000-0000-0000001894F4}
F{00000000-0000-0000-0000-000000304C1E}
F{00000000-0000-0000-0000-0000001278AF}
F{00000000-0000-0000-0000-0000002BDF68}
F{00000000-0000-0000-0000-00000009BCC6}
F{00000000-0000-0000-0000-0000001DCCD0}
F{00000000-0000-0000-0000-0000002E314C}
F{00000000-0000-0000-0000-0000000BCE16}
T{00000000-0000-0000-0000-0000001AB774}
F{00000000-0000-0000-0000-0000001056F7}
F{00000000-0000-0000-0000-000000210241}
F{00000000-0000-0000-0000-0000002216E6}
F{00000000-0000-0000-0000-0000000FAF70}
F{00000000-0000-0000-0000-000000289DEC}
T{00000000-0000-0000-0000-0000003032D8}
F{00000000-0000-0000-0000-00000028C3F4}
F{00000000-0000-0000-0000-0000002B9CA9}
F{00000000-0000-0000-0000-0000002D47FB}
F{00000000-0000-0000-0000-000000192034}
F{00000000-0000-0000-0000-00000015BDE3}
F{00000000-0000-0000-0000-0000000BB9D4}
F{00000000-0000-0000-0000-000000030FAE}
F{00000000-0000-0000-0000-0000000BF6B2}
