F{00000000-0000-0000-0000-0000000AB664}
F{00000000-0000-0000-0000-0000002D162B}
F{00000000-0000-0000-0000-0000000928C2}
F{00000000-0000-0000-0000-0000001B7F5B}
T{00000000-0000-0000-0000-0000001813D8}
F{00000000-0000-0000-0000-00000009042B}
F{00000000-0000-0000-0000-0000002BB1FE}
F{00000000-0000-0000-0000-0000002AB719}
F{00000000-0000-0000-0000-00000008E1A8}
F{00000000-0000-0000-0000-0000002BB56B}
T{00000000-0000-0000-0000-000000261198}
F{00000000-0000-0000-0000-00000032E6F6}
F{00000000-0000-0000-0000-0000000DDD88}
F{00000000-0000-0000-0000-00000026F31D}
T{00000000-0000-0000-0000-000000251BCD}
F{00000000-0000-0000-0000-0000002C9942}
T{00000000-0000-0000-0000-000000095572}
F{00000000-0000-0000-0000-00000019EB21}
F{00000000-0000-0000-0000-0000000D9506}
F{00000000-0000-0000-0000-00000009E1AA}
F{00000000-0000-0000-0000-0000001E1D24}
F{00000000-0000-0000-0000-000000335CAB}
T{00000000-0000-0000-0000-0000002B4AC5}
F{00000000-0000-0000-0000-0000000F7D09}
F{00000000-0000-0000-0000-0000000A17FA}
F{00000000-0000-0000-0000-00000029B017}
T{00000000-0000-0000-0000-0000002B1799}
F{00000000-0000-0000-0000-00000017CD8A}
F{00000000-0000-0000-0000-0000000C5B68}
F{00000000-0000-0000-0000-00000013EDBB}
F{00000000-0000-0000-0000-0000003397F4}
T{00000000-0000-0000-0000-0000002E3AB2}
F{00000000-0000-0000-0000-00000005B55A}
T{00000000-0000-0000-0000-000000171D96}
T{00000000-0000-0000-0000-0000002D4FE4}
F{00000000-0000-0000-0000-0000003019AD}
F{00000000-0000-0000-0000-0000000DDF0E}
F{00000000-0000-0000-0000-0000001056F7}
T{00000000-0000-0000-0000-0000001E932F}
T{00000000-0000-0000-0000-0000000A5106}
T{00000000-0000-0000-0000-0000002E9CBC}
F{00000000-0000-0000-0000-0000001461DB}
T{00000000-0000-0000-0000-000000275CAC}
F{00000000-0000-0000-0000-0000002536E9}
F{00000000-0000-0000-0000-0000000A1C43}
T{00000000-0000-0000-0000-000000176A5C}
F{00000000-0000-0000-0000-0000000DEA25}
F{00000000-0000-0000-0000-000000270E01}
F{00000000-0000-0000-0000-00000009BCC6}
F{00000000-0000-0000-0000-000000225920}
F{00000000-0000-0000-0000-000000219EFE}
F{00000000-0000-0000-0000-00000017358C}
F{00000000-0000-0000-0000-000000138AFA}
F{00000000-0000-0000-0000-000000263B6B}
F{00000000-0000-0000-0000-00000022178C}
T{00000000-0000-0000-0000-0000002F4DB9}
T{00000000-0000-0000-0000-000000154598}
F{00000000-0000-0000-0000-0000000D226D}
T{00000000-0000-0000-0000-0000002FB7BE}
F{00000000-0000-0000-0000-00000006524D}
T{00000000-0000-0000-0000-0000000BF6B2}
F{00000000-0000-0000-0000-0000000DF8B1}
F{00000000-0000-0000-0000-00000031E8A8}
F{00000000-0000-0000-0000-000000018C66}
T{00000000-0000-0000-0000-0000000CAFE6}
F{00000000-0000-0000-0000-0000000A3974}
F{00000000-0000-0000-0000-0000000AE447}
F{00000000-0000-0000-0000-0000000C5488}
T{00000000-0000-0000-0000-0000002CE21D}
F{00000000-0000-0000-0000-0000002CCAFC}
F{00000000-0000-0000-0000-0000002AB531}
T{00000000-0000-0000-0000-00000011F6D5}
F{00000000-0000-0000-0000-0000001CFFF0}
F{00000000-0000-0000-0000-00000026DB04}
F{00000000-0000-0000-0000-0000000F9C6B}
F{00000000-0000-0000-0000-000000263D12}
F{00000000-0000-0000-0000-000000098996}
F{00000000-0000-0000-0000-000000148332}
F{00000000-0000-0000-0000-000000220326}
F{00000000-0000-0000-0000-0000000A7628}
F{00000000-0000-0000-0000-00000002FF57}
F{00000000-0000-0000-0000-00000006193F}
T{00000000-0000-0000-0000-00000024D4B0}
F{00000000-0000-0000-0000-0000002D5281}
F{00000000-0000-0000-0000-000000113B7F}
F{00000000-0000-0000-0000-0000002B0488}
T{00000000-0000-0000-0000-0000001265F4}
F{00000000-0000-0000-0000-0000001FFE57}
F{00000000-0000-0000-0000-0000000B1846}
F{00000000-0000-0000-0000-0000003025B3}
F{00000000-0000-0000-0000-00000013794F}
T{00000000-0000-0000-0000-0000000974BB}
F{00000000-0000-0000-0000-0000001E7F02}
F{00000000-0000-0000-0000-0000001B4BD8}
F{00000000-0000-0000-0000-0000001846EB}
T{00000000-0000-0000-0000-000000282C62}
F{00000000-0000-0000-0000-0000001C78BF}
T{00000000-0000-0000-0000-000000164F6F}
F{00000000-0000-0000-0000-0000001746B7}
F{00000000-0000-0000-0000-0000002C4B21}
F{00000000-0000-0000-0000-0000001DC5DF}
F{00000000-0000-0000-0000-000000180E2E}
T{00000000-0000-0000-0000-0000002D461D}
F{00000000-0000-0000-0000-0000002591DD}
T{00000000-0000-0000-0000-00000016BFCF}
F{00000000-0000-0000-0000-000000088CF0}
F{00000000-0000-0000-0000-0000002C6D1C}
F{00000000-0000-0000-0000-00000023C11C}
F{00000000-0000-0000-0000-000000039287}
F{00000000-0000-0000-0000-000000146BB2}
F{00000000-0000-0000-0000-0000002728DA}
F{00000000-0000-0000-0000-0000001D699A}
F{00000000-0000-0000-0000-00000017F789}
F{00000000-0000-0000-0000-000000011C79}
T{00000000-0000-0000-0000-00000018D0D7}
F{00000000-0000-0000-0000-000000242682}
T{00000000-0000-0000-0000-0000002433DB}
F{00000000-0000-0000-0000-0000002A9CF7}
T{00000000-0000-0000-0000-0000002B8B2A}
F{00000000-0000-0000-0000-0000000BBAF7}
F{00000000-0000-0000-0000-000000324F3F}
F{00000000-0000-0000-0000-00000032E49B}
F{00000000-0000-0000-0000-000000055656}
T{00000000-0000-0000-0000-000000317077}
F{00000000-0000-0000-0000-0000000604DA}
F{00000000-0000-0000-0000-000000075EAF}
T{00000000-0000-0000-0000-0000001109EF}
T{00000000-0000-0000-0000-000000271E97}
F{00000000-0000-0000-0000-000000223AC8}
F{00000000-0000-0000-0000-000000125A54}
T{00000000-0000-0000-0000-0000002E4BC1}
F{00000000-0000-0000-0000-00000006D3FA}
F{00000000-0000-0000-0000-0000001278AF}
F{00000000-0000-0000-0000-000000278875}
F{00000000-0000-0000-0000-00000009F26B}
F{00000000-0000-0000-0000-0000000AFBED}
T{00000000-0000-0000-0000-000000165DA6}
F{00000000-0000-0000-0000-00000025E580}
T{00000000-0000-0000-0000-0000000EFC81}
F{00000000-0000-0000-0000-000000049D0E}
T{00000000-0000-0000-0000-00000022ED6F}
T{00000000-0000-0000-0000-0000002AE627}
F{00000000-0000-0000-0000-0000000FC3AA}
T{00000000-0000-0000-0000-00000014FDFF}
T{00000000-0000-0000-0000-000000281B7B}
T{00000000-0000-0000-0000-000000289ED3}
F{00000000-0000-0000-0000-0000001AF208}
F{00000000-0000-0000-0000-000000243B6C}
F{00000000-0000-0000-0000-000000126649}
T{00000000-0000-0000-0000-000000104CF0}
F{00000000-0000-0000-0000-000000119C07}
T{00000000-0000-0000-0000-00000003B508}
T{00000000-0000-0000-0000-000000131CB9}
F{00000000-0000-0000-0000-00000021126B}
