F{00000000-0000-0000-0000-000000099302}
F{00000000-0000-0000-0000-000000210B04}
F{00000000-0000-0000-0000-000000263D12}
F{00000000-0000-0000-0000-0000001445A3}
F{00000000-0000-0000-0000-00000014AC98}
F{00000000-0000-0000-0000-00000031EFC5}
F{00000000-0000-0000-0000-0000002897F9}
F{00000000-0000-0000-0000-0000002591DD}
T{00000000-0000-0000-0000-000000305E4B}
F{00000000-0000-0000-0000-0000002FEC1E}
T{00000000-0000-0000-0000-0000002B1799}
F{00000000-0000-0000-0000-0000001A5588}
F{00000000-0000-0000-0000-00000002FF57}
T{00000000-0000-0000-0000-00000006DF77}
F{00000000-0000-0000-0000-0000000F0E97}
F{00000000-0000-0000-0000-0000000928C2}
T{00000000-0000-0000-0000-0000001E1D24}
T{00000000-0000-0000-0000-0000002A3408}
T{00000000-0000-0000-0000-0000001935C0}
F{00000000-0000-0000-0000-0000001D26F3}
T{00000000-0000-0000-0000-0000000A3974}
F{00000000-0000-0000-0000-00000024DE3A}
F{00000000-0000-0000-0000-0000001CF590}
T{00000000-0000-0000-0000-000000324F3F}
F{00000000-0000-0000-0000-000000132504}
T{00000000-0000-0000-0000-000000264BA4}
T{00000000-0000-0000-0000-0000000FDBD1}
F{00000000-0000-0000-0000-000000065858}
T{00000000-0000-0000-0000-0000002F1F39}
F{00000000-0000-0000-0000-0000002B43A9}
T{00000000-0000-0000-0000-0000002C95F6}
F{00000000-0000-0000-0000-00000031BA6F}
F{00000000-0000-0000-0000-000000060468}
F{00000000-0000-0000-0000-00000022178C}
T{00000000-0000-0000-0000-000000171D96}
F{00000000-0000-0000-0000-0000002ADDAD}
F{00000000-0000-0000-0000-0000001369DE}
T{00000000-0000-0000-0000-0000003057F6}
F{00000000-0000-0000-0000-0000000EB1C4}
F{00000000-0000-0000-0000-000000222A3E}
T{00000000-0000-0000-0000-0000001187A9}
F{00000000-0000-0000-0000-00000023D05D}
F{00000000-0000-0000-0000-00000026DB04}
F{00000000-0000-0000-0000-000000147DA5}
F{00000000-0000-0000-0000-000000289795}
F{00000000-0000-0000-0000-000000243F1C}
T{00000000-0000-0000-0000-00000014E3DD}
F{00000000-0000-0000-0000-000000209B8E}
T{00000000-0000-0000-0000-0000000DE030}
T{00000000-0000-0000-0000-0000000CAFE6}
F{00000000-0000-0000-0000-00000005F445}
F{00000000-0000-0000-0000-0000000AFBED}
T{00000000-0000-0000-0000-000000199CB4}
F{00000000-0000-0000-0000-00000013794F}
F{00000000-0000-0000-0000-00000026C0C1}
F{00000000-0000-0000-0000-000000145CBD}
T{00000000-0000-0000-0000-0000002D4795}
F{00000000-0000-0000-0000-0000002E0E9F}
F{00000000-0000-0000-0000-000000106A2C}
T{00000000-0000-0000-0000-000000289ED3}
T{00000000-0000-0000-0000-0000000C6CB4}
T{00000000-0000-0000-0000-00000030D202}
F{00000000-0000-0000-0000-0000002C6187}
F{00000000-0000-0000-0000-0000002B9ADC}
F{00000000-0000-0000-0000-0000001A3526}
F{00000000-0000-0000-0000-00000031840C}
T{00000000-0000-0000-0000-0000000BF6B2}
T{00000000-0000-0000-0000-000000169972}
F{00000000-0000-0000-0000-0000000D55FC}
F{00000000-0000-0000-0000-0000001CFFF0}
F{00000000-0000-0000-0000-00000026A0D7}
F{00000000-0000-0000-0000-00000025482D}
T{00000000-0000-0000-0000-0000002103D8}
F{00000000-0000-0000-0000-0000002BCF2E}
F{00000000-0000-0000-0000-00000019F30D}
T{00000000-0000-0000-0000-00000023D0EB}
F{00000000-0000-0000-0000-00000015CAE7}
T{00000000-0000-0000-0000-000000211BF6}
F{00000000-0000-0000-0000-00000025D7DD}
F{00000000-0000-0000-0000-0000002BA651}
F{00000000-0000-0000-0000-0000001E3995}
F{00000000-0000-0000-0000-0000002EAF33}
F{00000000-0000-0000-0000-00000017F789}
T{00000000-0000-0000-0000-0000002E3AB2}
T{00000000-0000-0000-0000-00000016F860}
F{00000000-0000-0000-0000-000000270DC9}
F{00000000-0000-0000-0000-0000000AA748}
F{00000000-0000-0000-0000-00000008179C}
T{00000000-0000-0000-0000-0000002FA33C}
F{00000000-0000-0000-0000-00000026A8E2}
F{00000000-0000-0000-0000-0000002BC06C}
F{00000000-0000-0000-0000-000000242682}
F{00000000-0000-0000-0000-000000113B7F}
F{00000000-0000-0000-0000-0000000AB80B}
F{00000000-0000-0000-0000-00000025E580}
F{00000000-0000-0000-0000-00000011A66A}
T{00000000-0000-0000-0000-000000320E5F}
F{00000000-0000-0000-0000-0000003250DF}
T{00000000-0000-0000-0000-0000002A4374}
F{00000000-0000-0000-0000-00000032BB6B}
F{00000000-0000-0000-0000-000000165C7D}
F{00000000-0000-0000-0000-000000062309}
F{00000000-0000-0000-0000-000000295694}
T{00000000-0000-0000-0000-000000333EB0}
T{00000000-0000-0000-0000-0000001BDA94}
F{00000000-0000-0000-0000-00000008B383}
F{00000000-0000-0000-0000-0000001056F7}
T{00000000-0000-0000-0000-00000021F6DF}
F{00000000-0000-0000-0000-0000000970F1}
F{00000000-0000-0000-0000-000000157C8A}
F{00000000-0000-0000-0000-00000011FF45}
F{00000000-0000-0000-0000-000000223CFB}
T{00000000-0000-0000-0000-00000017CD8A}
T{00000000-0000-0000-0000-0000002AE793}
T{00000000-0000-0000-0000-0000001713EF}
F{00000000-0000-0000-0000-0000000E6E55}
F{00000000-0000-0000-0000-00000026E418}
F{00000000-0000-0000-0000-0000000EF5E7}
F{00000000-0000-0000-0000-000000245C0C}
T{00000000-0000-0000-0000-00000033AD93}
F{00000000-0000-0000-0000-0000000586B3}
F{00000000-0000-0000-0000-0000000D1718}
F{00000000-0000-0000-0000-0000002ECA3E}
F{00000000-0000-0000-0000-00000006E673}
F{00000000-0000-0000-0000-00000006FA7E}
F{00000000-0000-0000-0000-00000024D4B0}
T{00000000-0000-0000-0000-0000000D16FA}
F{00000000-0000-0000-0000-00000024D561}
T{00000000-0000-0000-0000-0000002E4BC1}
F{00000000-0000-0000-0000-000000180A8A}
F{00000000-0000-0000-0000-0000002137D4}
T{00000000-0000-0000-0000-00000019B1B2}
F{00000000-0000-0000-0000-000000304C1E}
F{00000000-0000-0000-0000-0000002B9CA9}
T{00000000-0000-0000-0000-0000002ABFF5}
F{00000000-0000-0000-0000-00000005DB9D}
T{00000000-0000-0000-0000-00000003B508}
T{00000000-0000-0000-0000-000000287CD1}
F{00000000-0000-0000-0000-000000184B97}
T{00000000-0000-0000-0000-000000165DA6}
F{00000000-0000-0000-0000-0000002AB531}
F{00000000-0000-0000-0000-000000278875}
T{00000000-0000-0000-0000-0000002977C2}
F{00000000-0000-0000-0000-0000000618DF}
F{00000000-0000-0000-0000-0000000604DA}
T{00000000-0000-0000-0000-0000000DDC55}
F{00000000-0000-0000-0000-00000005EE69}
F{00000000-0000-0000-0000-0000002DCB69}
F{00000000-0000-0000-0000-00000029BD67}
F{00000000-0000-0000-0000-0000001D6905}
F{00000000-0000-0000-0000-00000015BDE3}
T{00000000-0000-0000-0000-000000220326}
T{00000000-0000-0000-0000-000000131CB9}
F{00000000-0000-0000-0000-0000001D3CD0}
T{00000000-0000-0000-0000-000000326007}
F{00000000-0000-0000-0000-0000001249B2}
F{00000000-0000-0000-0000-00000029B017}
T{00000000-0000-0000-0000-000000282C62}
F{00000000-0000-0000-0000-000000099323}
F{00000000-0000-0000-0000-00000028017B}
F{00000000-0000-0000-0000-0000000D0CBC}
F{00000000-0000-0000-0000-0000000ADB6D}
F{00000000-0000-0000-0000-0000002179E5}
T{00000000-0000-0000-0000-0000002F3FC3}
F{00000000-0000-0000-0000-00000011D6C2}
F{00000000-0000-0000-0000-00000029CB1D}
F{00000000-0000-0000-0000-000000155B05}
F{00000000-0000-0000-0000-000000290793}
F{00000000-0000-0000-0000-000000051894}
F{00000000-0000-0000-0000-0000002C76ED}
F{00000000-0000-0000-0000-00000013EDBB}
F{00000000-0000-0000-0000-00000032016B}
F{00000000-0000-0000-0000-0000000DEA25}
T{00000000-0000-0000-0000-0000000B3CBA}
T{00000000-0000-0000-0000-0000002CD908}
F{00000000-0000-0000-0000-00000024BF14}
F{00000000-0000-0000-0000-00000005D234}
T{00000000-0000-0000-0000-00000007DDDE}
F{00000000-0000-0000-0000-00000026432D}
F{00000000-0000-0000-0000-0000002C4B7E}
F{00000000-0000-0000-0000-0000000A9687}
F{00000000-0000-0000-0000-00000024D328}
F{00000000-0000-0000-0000-00000019F414}
F{00000000-0000-0000-0000-00000026908C}
F{00000000-0000-0000-0000-0000000D9506}
F{00000000-0000-0000-0000-000000177B77}
F{00000000-0000-0000-0000-0000002ADB4F}
F{00000000-0000-0000-0000-0000000D4DD9}
F{00000000-0000-0000-0000-000000152F96}
F{00000000-0000-0000-0000-00000009AD92}
T{00000000-0000-0000-0000-00000026474E}
T{00000000-0000-0000-0000-0000002D52FB}
F{00000000-0000-0000-0000-0000000A9334}
F{00000000-0000-0000-0000-00000005C588}
F{00000000-0000-0000-0000-0000000EC5C1}
T{00000000-0000-0000-0000-0000002B4AC5}
F{00000000-0000-0000-0000-0000001B4BD8}
F{00000000-0000-0000-0000-0000000A3BDF}
T{00000000-0000-0000-0000-00000032EA05}
F{00000000-0000-0000-0000-0000002690A8}
F{00000000-0000-0000-0000-000000106746}
T{00000000-0000-0000-0000-000000145890}
T{00000000-0000-0000-0000-0000001BA878}
F{00000000-0000-0000-0000-0000002C4EFE}
F{00000000-0000-0000-0000-0000000BCED8}
T{00000000-0000-0000-0000-00000014FDF3}
F{00000000-0000-0000-0000-00000026A7E0}
F{00000000-0000-0000-0000-00000028CA92}
F{00000000-0000-0000-0000-0000001AE83E}
F{00000000-0000-0000-0000-0000002380FC}
F{00000000-0000-0000-0000-00000009BAD7}
F{00000000-0000-0000-0000-0000000F9C6B}
F{00000000-0000-0000-0000-00000026F56D}
F{00000000-0000-0000-0000-000000271DD9}
F{00000000-0000-0000-0000-00000033C0BE}
T{00000000-0000-0000-0000-00000025C2FA}
F{00000000-0000-0000-0000-00000005FF3F}
F{00000000-0000-0000-0000-0000001DCCD0}
F{00000000-0000-0000-0000-000000007910}
F{00000000-0000-0000-0000-00000015BF2E}
F{00000000-0000-0000-0000-0000002001DC}
F{00000000-0000-0000-0000-00000031F0E6}
T{00000000-0000-0000-0000-0000000A1C43}
T{00000000-0000-0000-0000-000000321523}
T{00000000-0000-0000-0000-0000000A57AE}
T{00000000-0000-0000-0000-0000001E37FC}
T{00000000-0000-0000-0000-0000001109EF}
F{00000000-0000-0000-0000-000000075BEC}
F{00000000-0000-0000-0000-0000002AA866}
T{00000000-0000-0000-0000-000000302768}
T{00000000-0000-0000-0000-0000001DBEE4}
F{00000000-0000-0000-0000-000000060817}
T{00000000-0000-0000-0000-0000000CA970}
F{00000000-0000-0000-0000-0000002FDA95}
F{00000000-0000-0000-0000-000000244890}
F{00000000-0000-0000-0000-000000122CB0}
T{00000000-0000-0000-0000-0000001E932F}
F{00000000-0000-0000-0000-0000000AAF2A}
F{00000000-0000-0000-0000-00000007E3BE}
F{00000000-0000-0000-0000-0000001461DB}
F{00000000-0000-0000-0000-0000002C78DE}
F{00000000-0000-0000-0000-00000010598A}
F{00000000-0000-0000-0000-0000002CACBC}
F{00000000-0000-0000-0000-00000016979A}
T{00000000-0000-0000-0000-00000011E4E1}
F{00000000-0000-0000-0000-00000009BCC6}
T{00000000-0000-0000-0000-000000258539}
F{00000000-0000-0000-0000-000000223AC8}
F{00000000-0000-0000-0000-0000002BDF68}
F{00000000-0000-0000-0000-00000025D9CF}
F{00000000-0000-0000-0000-0000000816AF}
T{00000000-0000-0000-0000-00000026C267}
F{00000000-0000-0000-0000-0000002A4809}
T{00000000-0000-0000-0000-000000275A11}
T{00000000-0000-0000-0000-0000001C810C}
F{00000000-0000-0000-0000-00000013D847}
T{00000000-0000-0000-0000-0000002EDF89}
F{00000000-0000-0000-0000-00000016A5CD}
