T{00000000-0000-0000-0000-000000333EB0}
T{00000000-0000-0000-0000-0000002B8B2A}
F{00000000-0000-0000-0000-0000002ADB4F}
F{00000000-0000-0000-0000-000000324745}
F{00000000-0000-0000-0000-00000011FA5C}
F{00000000-0000-0000-0000-0000002E3209}
T{00000000-0000-0000-0000-0000000EFCB1}
T{00000000-0000-0000-0000-000000138AFA}
F{00000000-0000-0000-0000-00000026432D}
F{00000000-0000-0000-0000-000000222A3E}
F{00000000-0000-0000-0000-0000000970F1}
F{00000000-0000-0000-0000-00000028A414}
F{00000000-0000-0000-0000-0000002728DA}
T{00000000-0000-0000-0000-0000001935C0}
F{00000000-0000-0000-0000-0000000ADF8A}
T{00000000-0000-0000-0000-0000002CE21D}
F{00000000-0000-0000-0000-00000020548C}
T{00000000-0000-0000-0000-0000000FECC1}
F{00000000-0000-0000-0000-00000022178C}
F{00000000-0000-0000-0000-0000001E3995}
F{00000000-0000-0000-0000-000000245B1C}
F{00000000-0000-0000-0000-0000000A57AE}
F{00000000-0000-0000-0000-000000146BB2}
F{00000000-0000-0000-0000-00000009066B}
T{00000000-0000-0000-0000-0000000A3003}
F{00000000-0000-0000-0000-0000002F6F2F}
F{00000000-0000-0000-0000-00000028980F}
F{00000000-0000-0000-0000-00000009C584}
F{00000000-0000-0000-0000-0000001D3CD0}
F{00000000-0000-0000-0000-0000000F4FE6}
F{00000000-0000-0000-0000-000000054FCB}
F{00000000-0000-0000-0000-0000002C4A8B}
F{00000000-0000-0000-0000-000000210D7D}
F{00000000-0000-0000-0000-00000008AA1A}
F{00000000-0000-0000-0000-00000032698B}
F{00000000-0000-0000-0000-000000282FCE}
F{00000000-0000-0000-0000-0000002BFFD7}
F{00000000-0000-0000-0000-0000001FB295}
F{00000000-0000-0000-0000-0000002A47D9}
F{00000000-0000-0000-0000-000000272805}
F{00000000-0000-0000-0000-00000003496E}
T{00000000-0000-0000-0000-00000004A47F}
F{00000000-0000-0000-0000-00000024BF14}
F{00000000-0000-0000-0000-0000000A3D45}
F{00000000-0000-0000-0000-000000063A84}
T{00000000-0000-0000-0000-00000031F588}
F{00000000-0000-0000-0000-000000146BA0}
F{00000000-0000-0000-0000-000000220C37}
T{00000000-0000-0000-0000-000000145890}
F{00000000-0000-0000-0000-000000053322}
F{00000000-0000-0000-0000-00000029CB1D}
T{00000000-0000-0000-0000-0000002A9BF0}
F{00000000-0000-0000-0000-0000002F70A5}
F{00000000-0000-0000-0000-0000000B1E17}
F{00000000-0000-0000-0000-000000269527}
F{00000000-0000-0000-0000-0000002EFB03}
F{00000000-0000-0000-0000-0000000A9687}
T{00000000-0000-0000-0000-0000002D461D}
F{00000000-0000-0000-0000-0000001746C3}
F{00000000-0000-0000-0000-0000000CB200}
F{00000000-0000-0000-0000-0000000604DA}
F{00000000-0000-0000-0000-0000002C418E}
F{00000000-0000-0000-0000-0000002216E6}
T{00000000-0000-0000-0000-0000002A3408}
T{00000000-0000-0000-0000-0000003025B3}
F{00000000-0000-0000-0000-0000000918BA}
T{00000000-0000-0000-0000-0000000D4DD9}
F{00000000-0000-0000-0000-00000032A5BB}
F{00000000-0000-0000-0000-0000002D5281}
F{00000000-0000-0000-0000-0000002BDF68}
F{00000000-0000-0000-0000-0000002C9942}
F{00000000-0000-0000-0000-000000091984}
T{00000000-0000-0000-0000-000000243F1C}
F{00000000-0000-0000-0000-000000065030}
F{00000000-0000-0000-0000-00000006923C}
T{00000000-0000-0000-0000-000000131CB9}
F{00000000-0000-0000-0000-000000099D5D}
F{00000000-0000-0000-0000-0000001E3924}
F{00000000-0000-0000-0000-0000000F9C6B}
F{00000000-0000-0000-0000-000000209B8E}
T{00000000-0000-0000-0000-0000002CDE7C}
T{00000000-0000-0000-0000-0000001B4BD8}
F{00000000-0000-0000-0000-0000002B7A74}
T{00000000-0000-0000-0000-0000002F4DB9}
T{00000000-0000-0000-0000-0000003397F4}
F{00000000-0000-0000-0000-0000002690A8}
F{00000000-0000-0000-0000-0000000B0D42}
F{00000000-0000-0000-0000-0000001846EB}
F{00000000-0000-0000-0000-0000000ADCC9}
F{00000000-0000-0000-0000-000000325149}
T{00000000-0000-0000-0000-000000209D82}
F{00000000-0000-0000-0000-000000020F85}
T{00000000-0000-0000-0000-0000002468FF}
T{00000000-0000-0000-0000-00000014FDFF}
F{00000000-0000-0000-0000-00000022F9B8}
F{00000000-0000-0000-0000-000000295BCF}
F{00000000-0000-0000-0000-00000025D7DD}
T{00000000-0000-0000-0000-00000023D0EB}
F{00000000-0000-0000-0000-000000090229}
F{00000000-0000-0000-0000-00000021C14B}
F{00000000-0000-0000-0000-0000000FAF70}
F{00000000-0000-0000-0000-0000000EB2FC}
F{00000000-0000-0000-0000-0000002A93E5}
F{00000000-0000-0000-0000-00000021E588}
F{00000000-0000-0000-0000-0000001672E1}
T{00000000-0000-0000-0000-000000234D52}
F{00000000-0000-0000-0000-0000000BCE16}
T{00000000-0000-0000-0000-000000281B7B}
T{00000000-0000-0000-0000-00000026908C}
F{00000000-0000-0000-0000-000000270DC9}
T{00000000-0000-0000-0000-0000000A4F74}
F{00000000-0000-0000-0000-00000032B96F}
T{00000000-0000-0000-0000-0000002433DB}
F{00000000-0000-0000-0000-00000031840C}
F{00000000-0000-0000-0000-00000019EC18}
T{00000000-0000-0000-0000-0000002B4AC5}
F{00000000-0000-0000-0000-0000000AAEFB}
T{00000000-0000-0000-0000-0000000A2AE6}
F{00000000-0000-0000-0000-000000041967}
F{00000000-0000-0000-0000-00000005EE69}
F{00000000-0000-0000-0000-00000009BAD7}
F{00000000-0000-0000-0000-0000002691F5}
F{00000000-0000-0000-0000-00000015892F}
F{00000000-0000-0000-0000-0000001EEC49}
F{00000000-0000-0000-0000-000000177B77}
F{00000000-0000-0000-0000-000000223AC8}
F{00000000-0000-0000-0000-0000000E6E55}
F{00000000-0000-0000-0000-0000000AE237}
F{00000000-0000-0000-0000-0000001AF5B8}
F{00000000-0000-0000-0000-00000032E49B}
F{00000000-0000-0000-0000-00000011B6E2}
F{00000000-0000-0000-0000-0000000A6D84}
F{00000000-0000-0000-0000-000000245F5D}
F{00000000-0000-0000-0000-000000263D12}
F{00000000-0000-0000-0000-0000000A5811}
F{00000000-0000-0000-0000-0000001CF590}
F{00000000-0000-0000-0000-000000063398}
T{00000000-0000-0000-0000-00000030694D}
F{00000000-0000-0000-0000-0000001C2034}
T{00000000-0000-0000-0000-0000001E1D24}
F{00000000-0000-0000-0000-000000169CBC}
F{00000000-0000-0000-0000-0000001AE83E}
F{00000000-0000-0000-0000-0000000FBE71}
T{00000000-0000-0000-0000-000000271E97}
T{00000000-0000-0000-0000-000000065080}
F{00000000-0000-0000-0000-0000002897F9}
T{00000000-0000-0000-0000-0000000DDC55}
F{00000000-0000-0000-0000-0000002BDEA2}
T{00000000-0000-0000-0000-0000001746B7}
F{00000000-0000-0000-0000-0000001FFDD7}
T{00000000-0000-0000-0000-0000003057F6}
F{00000000-0000-0000-0000-000000170474}
F{00000000-0000-0000-0000-0000001CFFF0}
F{00000000-0000-0000-0000-0000002B60DE}
F{00000000-0000-0000-0000-00000018652C}
F{00000000-0000-0000-0000-000000126649}
F{00000000-0000-0000-0000-0000002AD13F}
T{00000000-0000-0000-0000-000000171D96}
T{00000000-0000-0000-0000-000000289A95}
F{00000000-0000-0000-0000-00000026E418}
F{00000000-0000-0000-0000-0000001249B2}
T{00000000-0000-0000-0000-000000104CF0}
T{00000000-0000-0000-0000-0000000953A0}
F{00000000-0000-0000-0000-0000002C6D1C}
F{00000000-0000-0000-0000-00000015CAE7}
F{00000000-0000-0000-0000-000000119D7B}
F{00000000-0000-0000-0000-0000000F6E0A}
F{00000000-0000-0000-0000-0000000FB5F9}
F{00000000-0000-0000-0000-00000018025C}
F{00000000-0000-0000-0000-000000219E6D}
F{00000000-0000-0000-0000-0000000FD49A}
F{00000000-0000-0000-0000-0000002361B7}
F{00000000-0000-0000-0000-00000016EF7B}
F{00000000-0000-0000-0000-0000001985BE}
F{00000000-0000-0000-0000-0000000D199E}
F{00000000-0000-0000-0000-0000003032D8}
F{00000000-0000-0000-0000-000000230FED}
F{00000000-0000-0000-0000-00000011D6C2}
F{00000000-0000-0000-0000-0000002A4809}
F{00000000-0000-0000-0000-000000147DA5}
F{00000000-0000-0000-0000-00000032E65E}
F{00000000-0000-0000-0000-000000132504}
F{00000000-0000-0000-0000-000000319937}
F{00000000-0000-0000-0000-000000157C8A}
F{00000000-0000-0000-0000-0000002EAF33}
F{00000000-0000-0000-0000-00000009D428}
T{00000000-0000-0000-0000-0000000A3974}
F{00000000-0000-0000-0000-000000101EB6}
F{00000000-0000-0000-0000-0000001B7F5B}
F{00000000-0000-0000-0000-000000275063}
F{00000000-0000-0000-0000-000000060817}
T{00000000-0000-0000-0000-0000002078B2}
F{00000000-0000-0000-0000-0000000AE447}
F{00000000-0000-0000-0000-00000030D999}
F{00000000-0000-0000-0000-000000245C0C}
F{00000000-0000-0000-0000-0000000E15DD}
F{00000000-0000-0000-0000-000000304FF3}
F{00000000-0000-0000-0000-000000222774}
F{00000000-0000-0000-0000-0000000BD989}
F{00000000-0000-0000-0000-0000000F70F3}
F{00000000-0000-0000-0000-000000106300}
F{00000000-0000-0000-0000-0000000B66A6}
T{00000000-0000-0000-0000-00000023D05D}
F{00000000-0000-0000-0000-00000005EF6E}
T{00000000-0000-0000-0000-0000001713EF}
F{00000000-0000-0000-0000-000000062238}
F{00000000-0000-0000-0000-000000180772}
F{00000000-0000-0000-0000-0000000A9334}
T{00000000-0000-0000-0000-00000019B1B2}
F{00000000-0000-0000-0000-00000022F0AA}
F{00000000-0000-0000-0000-0000002A08D5}
F{00000000-0000-0000-0000-0000002AAA36}
T{00000000-0000-0000-0000-000000169972}
F{00000000-0000-0000-0000-0000001A871A}
F{00000000-0000-0000-0000-0000000A2DD3}
F{00000000-0000-0000-0000-000000146F18}
F{00000000-0000-0000-0000-000000243B6C}
F{00000000-0000-0000-0000-00000033AD93}
F{00000000-0000-0000-0000-00000016BA6A}
T{00000000-0000-0000-0000-0000001CF779}
T{00000000-0000-0000-0000-0000001894F4}
T{00000000-0000-0000-0000-0000001B2F35}
F{00000000-0000-0000-0000-0000001D26F3}
T{00000000-0000-0000-0000-0000000586B3}
F{00000000-0000-0000-0000-000000113C06}
F{00000000-0000-0000-0000-00000026A0D7}
F{00000000-0000-0000-0000-000000046E22}
T{00000000-0000-0000-0000-0000001CB8EA}
F{00000000-0000-0000-0000-0000002796A4}
F{00000000-0000-0000-0000-00000010AB65}
F{00000000-0000-0000-0000-00000029B017}
F{00000000-0000-0000-0000-0000001E644A}
F{00000000-0000-0000-0000-0000002C6153}
T{00000000-0000-0000-0000-0000002C9627}
F{00000000-0000-0000-0000-00000010156C}
T{00000000-0000-0000-0000-0000001F8E5A}
T{00000000-0000-0000-0000-0000000FB2AC}
T{00000000-0000-0000-0000-0000001EA4DD}
T{00000000-0000-0000-0000-000000173168}
F{00000000-0000-0000-0000-0000001A3526}
F{00000000-0000-0000-0000-000000192034}
F{00000000-0000-0000-0000-0000000EF5E7}
F{00000000-0000-0000-0000-00000026A6D4}
F{00000000-0000-0000-0000-000000098996}
F{00000000-0000-0000-0000-000000148332}
F{00000000-0000-0000-0000-0000002AD2A1}
F{00000000-0000-0000-0000-000000152F96}
T{00000000-0000-0000-0000-000000171562}
T{00000000-0000-0000-0000-0000003250DF}
F{00000000-0000-0000-0000-0000002B054E}
F{00000000-0000-0000-0000-0000002179E5}
F{00000000-0000-0000-0000-0000000FAF71}
F{00000000-0000-0000-0000-00000019279C}
F{00000000-0000-0000-0000-000000088CF0}
F{00000000-0000-0000-0000-00000008C1DE}
T{00000000-0000-0000-0000-00000016A5CD}
T{00000000-0000-0000-0000-0000002C4B7E}
T{00000000-0000-0000-0000-000000319987}
F{00000000-0000-0000-0000-0000002CDE1F}
F{00000000-0000-0000-0000-00000017BAF8}
T{00000000-0000-0000-0000-0000002AE627}
F{00000000-0000-0000-0000-000000164F2C}
F{00000000-0000-0000-0000-00000006E062}
F{00000000-0000-0000-0000-00000024DE3A}
F{00000000-0000-0000-0000-00000014652A}
F{00000000-0000-0000-0000-0000002B8E33}
F{00000000-0000-0000-0000-00000013B91E}
T{00000000-0000-0000-0000-00000022ED6F}
F{00000000-0000-0000-0000-0000000D226D}
F{00000000-0000-0000-0000-0000001DE733}
F{00000000-0000-0000-0000-00000022633F}
F{00000000-0000-0000-0000-0000002B7C23}
F{00000000-0000-0000-0000-000000289DEC}
F{00000000-0000-0000-0000-00000024D4B0}
F{00000000-0000-0000-0000-000000277E2B}
F{00000000-0000-0000-0000-0000002CACBC}
T{00000000-0000-0000-0000-000000282C62}
F{00000000-0000-0000-0000-0000001DB268}
T{00000000-0000-0000-0000-0000001BDA94}
F{00000000-0000-0000-0000-00000019F78F}
F{00000000-0000-0000-0000-0000001594FA}
T{00000000-0000-0000-0000-000000320E5F}
F{00000000-0000-0000-0000-0000002B8F8A}
T{00000000-0000-0000-0000-0000000C6CB4}
F{00000000-0000-0000-0000-000000289795}
F{00000000-0000-0000-0000-00000015BDE3}
F{00000000-0000-0000-0000-00000026DB04}
T{00000000-0000-0000-0000-0000000FBC1B}
F{00000000-0000-0000-0000-0000002AB531}
F{00000000-0000-0000-0000-0000002FA47F}
F{00000000-0000-0000-0000-0000001AF208}
F{00000000-0000-0000-0000-000000254816}
F{00000000-0000-0000-0000-0000000D0CBC}
F{00000000-0000-0000-0000-0000000CF7CD}
F{00000000-0000-0000-0000-0000002CAD87}
F{00000000-0000-0000-0000-0000001C78BF}
F{00000000-0000-0000-0000-000000263B6B}
F{00000000-0000-0000-0000-0000002F16BE}
F{00000000-0000-0000-0000-0000001297F9}
T{00000000-0000-0000-0000-000000324F3F}
F{00000000-0000-0000-0000-000000270E01}
T{00000000-0000-0000-0000-00000026474E}
T{00000000-0000-0000-0000-00000011E4E1}
F{00000000-0000-0000-0000-0000000C5B68}
F{00000000-0000-0000-0000-0000001464E5}
F{00000000-0000-0000-0000-0000001C6A68}
F{00000000-0000-0000-0000-000000138B76}
F{00000000-0000-0000-0000-00000009F5AB}
F{00000000-0000-0000-0000-0000002ECA3E}
T{00000000-0000-0000-0000-0000002F1F39}
F{00000000-0000-0000-0000-0000002C299F}
F{00000000-0000-0000-0000-0000000C29E6}
F{00000000-0000-0000-0000-00000017BAF9}
F{00000000-0000-0000-0000-0000002AB719}
F{00000000-0000-0000-0000-00000006193F}
F{00000000-0000-0000-0000-0000002F6B7B}
T{00000000-0000-0000-0000-00000030D202}
F{00000000-0000-0000-0000-0000002591DD}
F{00000000-0000-0000-0000-0000001DCCD0}
T{00000000-0000-0000-0000-00000017BAFF}
F{00000000-0000-0000-0000-0000002843CE}
F{00000000-0000-0000-0000-00000006524D}
T{00000000-0000-0000-0000-0000000DE030}
F{00000000-0000-0000-0000-0000002BB1FE}
F{00000000-0000-0000-0000-0000002494C3}
F{00000000-0000-0000-0000-00000005A714}
F{00000000-0000-0000-0000-00000019F30D}
F{00000000-0000-0000-0000-000000087468}
F{00000000-0000-0000-0000-0000002D4F1C}
F{00000000-0000-0000-0000-00000031EFC5}
F{00000000-0000-0000-0000-00000021C1B7}
T{00000000-0000-0000-0000-0000002EDF89}
F{00000000-0000-0000-0000-0000001E7F02}
F{00000000-0000-0000-0000-0000000AE577}
F{00000000-0000-0000-0000-00000016EE88}
F{00000000-0000-0000-0000-0000000D55FC}
F{00000000-0000-0000-0000-0000002C4EFE}
F{00000000-0000-0000-0000-0000002E314C}
F{00000000-0000-0000-0000-00000031F0E6}
F{00000000-0000-0000-0000-0000000C439B}
T{00000000-0000-0000-0000-0000001DB74C}
T{00000000-0000-0000-0000-00000017574C}
T{00000000-0000-0000-0000-000000320D87}
F{00000000-0000-0000-0000-0000002D71D6}
T{00000000-0000-0000-0000-0000000EFBFF}
F{00000000-0000-0000-0000-0000000ABD11}
F{00000000-0000-0000-0000-00000008179C}
T{00000000-0000-0000-0000-000000242E7A}
F{00000000-0000-0000-0000-00000031B2AF}
F{00000000-0000-0000-0000-000000147165}
T{00000000-0000-0000-0000-000000099323}
F{00000000-0000-0000-0000-000000231277}
T{00000000-0000-0000-0000-000000159F8A}
F{00000000-0000-0000-0000-0000001E6816}
T{00000000-0000-0000-0000-0000000BF6B2}
F{00000000-0000-0000-0000-0000002A9CF7}
F{00000000-0000-0000-0000-00000025E580}
F{00000000-0000-0000-0000-0000002C51D3}
F{00000000-0000-0000-0000-000000099302}
T{00000000-0000-0000-0000-0000002C4B21}
F{00000000-0000-0000-0000-00000027F5B1}
F{00000000-0000-0000-0000-00000011FF45}
F{00000000-0000-0000-0000-00000005B55A}
T{00000000-0000-0000-0000-0000002F3FC3}
F{00000000-0000-0000-0000-00000012AF34}
F{00000000-0000-0000-0000-00000008E1A8}
T{00000000-0000-0000-0000-0000002278EC}
T{00000000-0000-0000-0000-00000007DDDE}
F{00000000-0000-0000-0000-0000002D8355}
F{00000000-0000-0000-0000-0000000BDF18}
F{00000000-0000-0000-0000-0000002C4FBE}
F{00000000-0000-0000-0000-0000002893AB}
F{00000000-0000-0000-0000-0000002F0787}
F{00000000-0000-0000-0000-00000027EFA5}
T{00000000-0000-0000-0000-00000014FDF3}
F{00000000-0000-0000-0000-00000005B38E}
F{00000000-0000-0000-0000-00000023C11C}
F{00000000-0000-0000-0000-000000235C6F}
F{00000000-0000-0000-0000-00000032E859}
F{00000000-0000-0000-0000-00000016DEE7}
T{00000000-0000-0000-0000-000000113B7F}
F{00000000-0000-0000-0000-00000028C84A}
F{00000000-0000-0000-0000-0000000ADB6D}
F{00000000-0000-0000-0000-00000022236F}
T{00000000-0000-0000-0000-0000001AB774}
T{00000000-0000-0000-0000-00000006919F}
F{00000000-0000-0000-0000-00000025D9CF}
F{00000000-0000-0000-0000-00000013BFCB}
F{00000000-0000-0000-0000-000000295BE6}
F{00000000-0000-0000-0000-0000002651AC}
F{00000000-0000-0000-0000-0000002B5FB9}
F{00000000-0000-0000-0000-00000005250C}
F{00000000-0000-0000-0000-0000001D30D6}
F{00000000-0000-0000-0000-0000000EB1FB}
T{00000000-0000-0000-0000-000000055656}
F{00000000-0000-0000-0000-000000106746}
F{00000000-0000-0000-0000-000000181235}
F{00000000-0000-0000-0000-000000113245}
T{00000000-0000-0000-0000-0000002D4FE4}
T{00000000-0000-0000-0000-000000122A70}
F{00000000-0000-0000-0000-000000169EF3}
F{00000000-0000-0000-0000-0000001D5B1B}
F{00000000-0000-0000-0000-0000000C0A21}
T{00000000-0000-0000-0000-0000002ADDAD}
T{00000000-0000-0000-0000-0000002E3AB2}
F{00000000-0000-0000-0000-00000028C45E}
F{00000000-0000-0000-0000-000000180A8A}
T{00000000-0000-0000-0000-0000002B10DC}
T{00000000-0000-0000-0000-000000251BCD}
T{00000000-0000-0000-0000-000000309CB6}
T{00000000-0000-0000-0000-000000199CB4}
F{00000000-0000-0000-0000-0000000EC5C1}
T{00000000-0000-0000-0000-000000305E4B}
T{00000000-0000-0000-0000-00000029CEAD}
F{00000000-0000-0000-0000-00000026F31D}
T{00000000-0000-0000-0000-00000028C3F4}
F{00000000-0000-0000-0000-0000002DA425}
F{00000000-0000-0000-0000-0000002B7D45}
T{00000000-0000-0000-0000-0000000CAFE6}
T{00000000-0000-0000-0000-0000001722BA}
F{00000000-0000-0000-0000-00000031ED05}
F{00000000-0000-0000-0000-00000005C588}
F{00000000-0000-0000-0000-00000032A8DB}
F{00000000-0000-0000-0000-00000005DD33}
F{00000000-0000-0000-0000-00000033C0BE}
T{00000000-0000-0000-0000-000000154598}
T{00000000-0000-0000-0000-000000096F27}
T{00000000-0000-0000-0000-0000002E66CF}
T{00000000-0000-0000-0000-0000000FB43F}
F{00000000-0000-0000-0000-00000026AE05}
F{00000000-0000-0000-0000-00000006FA7E}
F{00000000-0000-0000-0000-000000077309}
F{00000000-0000-0000-0000-00000013BA26}
F{00000000-0000-0000-0000-00000013C356}
F{00000000-0000-0000-0000-0000000B7BDF}
F{00000000-0000-0000-0000-000000125357}
F{00000000-0000-0000-0000-0000000C42D4}
T{00000000-0000-0000-0000-0000001EB1B9}
T{00000000-0000-0000-0000-0000000D1718}
T{00000000-0000-0000-0000-0000002AF48E}
F{00000000-0000-0000-0000-000000111E00}
T{00000000-0000-0000-0000-000000088247}
F{00000000-0000-0000-0000-000000053A0F}
T{00000000-0000-0000-0000-0000001E932F}
F{00000000-0000-0000-0000-000000110D6E}
F{00000000-0000-0000-0000-0000000EB1C4}
F{00000000-0000-0000-0000-000000336361}
T{00000000-0000-0000-0000-0000001265F4}
F{00000000-0000-0000-0000-00000016D43B}
T{00000000-0000-0000-0000-00000017A9CA}
F{00000000-0000-0000-0000-00000020554E}
F{00000000-0000-0000-0000-000000106A2C}
F{00000000-0000-0000-0000-000000165C7D}
F{00000000-0000-0000-0000-0000002ACE76}
F{00000000-0000-0000-0000-00000029BD67}
F{00000000-0000-0000-0000-000000128BA6}
F{00000000-0000-0000-0000-0000000FC3AA}
F{00000000-0000-0000-0000-0000000D9F5F}
F{00000000-0000-0000-0000-0000002B43A9}
F{00000000-0000-0000-0000-0000002D4012}
F{00000000-0000-0000-0000-0000001A177D}
F{00000000-0000-0000-0000-00000032BB6B}
F{00000000-0000-0000-0000-0000002FD89A}
T{00000000-0000-0000-0000-000000094B5B}
F{00000000-0000-0000-0000-000000180E2E}
F{00000000-0000-0000-0000-0000002EAD0F}
T{00000000-0000-0000-0000-00000020D2B2}
F{00000000-0000-0000-0000-00000024CCE3}
F{00000000-0000-0000-0000-0000000DDD88}
F{00000000-0000-0000-0000-0000000FD54B}
F{00000000-0000-0000-0000-0000002E0E9F}
T{00000000-0000-0000-0000-0000000928C2}
T{00000000-0000-0000-0000-00000011BC6F}
F{00000000-0000-0000-0000-00000015BF2E}
F{00000000-0000-0000-0000-0000002337D8}
F{00000000-0000-0000-0000-00000014AEB7}
T{00000000-0000-0000-0000-00000011C1D0}
T{00000000-0000-0000-0000-000000242682}
T{00000000-0000-0000-0000-0000001E95A5}
F{00000000-0000-0000-0000-000000267BC2}
F{00000000-0000-0000-0000-00000009F26B}
T{00000000-0000-0000-0000-0000002478DD}
F{00000000-0000-0000-0000-00000031CEB3}
F{00000000-0000-0000-0000-0000001C7E16}
F{00000000-0000-0000-0000-00000026C0C1}
F{00000000-0000-0000-0000-000000171CAA}
F{00000000-0000-0000-0000-0000001FD913}
F{00000000-0000-0000-0000-00000028D056}
F{00000000-0000-0000-0000-00000009C55D}
F{00000000-0000-0000-0000-000000177B49}
T{00000000-0000-0000-0000-000000321523}
F{00000000-0000-0000-0000-0000000A6DE9}
F{00000000-0000-0000-0000-000000235A71}
F{00000000-0000-0000-0000-0000001028EE}
F{00000000-0000-0000-0000-00000017AD17}
F{00000000-0000-0000-0000-0000000A0913}
F{00000000-0000-0000-0000-000000128932}
F{00000000-0000-0000-0000-0000000DA5C4}
T{00000000-0000-0000-0000-000000111B70}
F{00000000-0000-0000-0000-0000000816AF}
T{00000000-0000-0000-0000-00000003B508}
F{00000000-0000-0000-0000-0000001322C6}
T{00000000-0000-0000-0000-0000002AE793}
T{00000000-0000-0000-0000-000000261198}
