F{00000000-0000-0000-0000-0000001B7F5B}
T{00000000-0000-0000-0000-0000000A1C43}
T{00000000-0000-0000-0000-000000164F2C}
T{00000000-0000-0000-0000-000000140D32}
F{00000000-0000-0000-0000-0000002D71D6}
T{00000000-0000-0000-0000-00000016F860}
F{00000000-0000-0000-0000-0000002591DD}
F{00000000-0000-0000-0000-0000001EE496}
F{00000000-0000-0000-0000-00000021868E}
F{00000000-0000-0000-0000-0000001EB22D}
T{00000000-0000-0000-0000-0000003250DF}
F{00000000-0000-0000-0000-00000011D6C2}
F{00000000-0000-0000-0000-00000027F5B1}
F{00000000-0000-0000-0000-000000059899}
F{00000000-0000-0000-0000-000000222774}
T{00000000-0000-0000-0000-0000000928C2}
T{00000000-0000-0000-0000-0000002C4A8B}
F{00000000-0000-0000-0000-00000024D561}
F{00000000-0000-0000-0000-000000146BB2}
F{00000000-0000-0000-0000-00000013B91E}
F{00000000-0000-0000-0000-0000003362C8}
F{00000000-0000-0000-0000-0000001FFE57}
F{00000000-0000-0000-0000-0000000A9687}
F{00000000-0000-0000-0000-0000000DDD88}
T{00000000-0000-0000-0000-0000002FA33C}
F{00000000-0000-0000-0000-0000002C418E}
F{00000000-0000-0000-0000-0000002494C3}
F{00000000-0000-0000-0000-000000223CFB}
F{00000000-0000-0000-0000-0000002380FC}
F{00000000-0000-0000-0000-000000289795}
T{00000000-0000-0000-0000-0000001672E1}
F{00000000-0000-0000-0000-000000106300}
F{00000000-0000-0000-0000-0000002B60DE}
T{00000000-0000-0000-0000-0000002C4FBE}
F{00000000-0000-0000-0000-00000013C356}
F{00000000-0000-0000-0000-00000005B38E}
F{00000000-0000-0000-0000-00000032698B}
F{00000000-0000-0000-0000-0000000CE9C4}
T{00000000-0000-0000-0000-0000000C134C}
F{00000000-0000-0000-0000-00000032E49B}
F{00000000-0000-0000-0000-0000002B7D45}
T{00000000-0000-0000-0000-000000065080}
F{00000000-0000-0000-0000-0000001DE733}
T{00000000-0000-0000-0000-000000098996}
T{00000000-0000-0000-0000-0000002C4B21}
T{00000000-0000-0000-0000-0000002977C2}
T{00000000-0000-0000-0000-000000210D7D}
T{00000000-0000-0000-0000-0000002D52FB}
F{00000000-0000-0000-0000-0000001282E8}
F{00000000-0000-0000-0000-00000013794F}
F{00000000-0000-0000-0000-00000010598A}
F{00000000-0000-0000-0000-000000101EB6}
T{00000000-0000-0000-0000-0000002D4FE4}
F{00000000-0000-0000-0000-00000005F445}
F{00000000-0000-0000-0000-00000011FF45}
F{00000000-0000-0000-0000-0000002B8E33}
T{00000000-0000-0000-0000-00000033C0BE}
F{00000000-0000-0000-0000-0000002337D8}
T{00000000-0000-0000-0000-0000002C4B7E}
T{00000000-0000-0000-0000-00000004A47F}
F{00000000-0000-0000-0000-0000002DC9A5}
F{00000000-0000-0000-0000-0000002E564A}
T{00000000-0000-0000-0000-0000000D0B5F}
F{00000000-0000-0000-0000-0000000EB2FC}
F{00000000-0000-0000-0000-000000270E01}
F{00000000-0000-0000-0000-0000000A6D84}
F{00000000-0000-0000-0000-0000001E3924}
F{00000000-0000-0000-0000-000000245F5D}
T{00000000-0000-0000-0000-0000002EDF89}
F{00000000-0000-0000-0000-0000002AB531}
F{00000000-0000-0000-0000-0000000A0913}
T{00000000-0000-0000-0000-0000000EE00F}
F{00000000-0000-0000-0000-0000000BB9D4}
F{00000000-0000-0000-0000-0000000DEA25}
F{00000000-0000-0000-0000-0000000A3D45}
F{00000000-0000-0000-0000-000000219EFE}
F{00000000-0000-0000-0000-0000002F9487}
F{00000000-0000-0000-0000-0000000B66A6}
T{00000000-0000-0000-0000-000000173168}
T{00000000-0000-0000-0000-00000009F5AB}
T{00000000-0000-0000-0000-00000009AC55}
T{00000000-0000-0000-0000-000000234D52}
F{00000000-0000-0000-0000-0000000F70F3}
F{00000000-0000-0000-0000-0000002F3CCC}
T{00000000-0000-0000-0000-00000033A574}
F{00000000-0000-0000-0000-00000019F414}
F{00000000-0000-0000-0000-0000000EB1FB}
F{00000000-0000-0000-0000-000000152F96}
F{00000000-0000-0000-0000-0000001746B7}
T{00000000-0000-0000-0000-000000333EB0}
T{00000000-0000-0000-0000-00000032A8DB}
F{00000000-0000-0000-0000-00000031B2AF}
T{00000000-0000-0000-0000-00000017BAF9}
T{00000000-0000-0000-0000-0000000A57AE}
T{00000000-0000-0000-0000-0000002D461D}
T{00000000-0000-0000-0000-00000030694D}
F{00000000-0000-0000-0000-0000002E3209}
F{00000000-0000-0000-0000-0000001297F9}
F{00000000-0000-0000-0000-00000013BB66}
T{00000000-0000-0000-0000-0000000586B3}
F{00000000-0000-0000-0000-0000002137D4}
T{00000000-0000-0000-0000-0000002ABFF5}
T{00000000-0000-0000-0000-00000027BFF4}
F{00000000-0000-0000-0000-00000024D4B0}
F{00000000-0000-0000-0000-000000053A0F}
F{00000000-0000-0000-0000-0000001C2034}
F{00000000-0000-0000-0000-00000022E477}
T{00000000-0000-0000-0000-000000275CAC}
F{00000000-0000-0000-0000-00000018025C}
F{00000000-0000-0000-0000-00000010156C}
F{00000000-0000-0000-0000-00000019F30D}
T{00000000-0000-0000-0000-0000000D977B}
F{00000000-0000-0000-0000-000000119D7B}
F{00000000-0000-0000-0000-0000000816AF}
F{00000000-0000-0000-0000-0000000A6DE9}
T{00000000-0000-0000-0000-0000000FBD3C}
F{00000000-0000-0000-0000-00000026C0C1}
F{00000000-0000-0000-0000-000000336361}
T{00000000-0000-0000-0000-0000001EEC49}
T{00000000-0000-0000-0000-0000000C6CB4}
F{00000000-0000-0000-0000-0000000CF7F5}
F{00000000-0000-0000-0000-000000225920}
F{00000000-0000-0000-0000-0000000604DA}
F{00000000-0000-0000-0000-0000001DB186}
F{00000000-0000-0000-0000-00000027EFDF}
F{00000000-0000-0000-0000-0000000C42D4}
F{00000000-0000-0000-0000-0000001DC5DF}
F{00000000-0000-0000-0000-000000184B97}
F{00000000-0000-0000-0000-0000000FAF71}
F{00000000-0000-0000-0000-00000008C1DE}
F{00000000-0000-0000-0000-0000002ACE76}
F{00000000-0000-0000-0000-000000049D0E}
T{00000000-0000-0000-0000-00000011BC6F}
F{00000000-0000-0000-0000-000000304FF3}
F{00000000-0000-0000-0000-0000001AC595}
F{00000000-0000-0000-0000-000000083C07}
T{00000000-0000-0000-0000-000000147DA5}
F{00000000-0000-0000-0000-0000000D9506}
F{00000000-0000-0000-0000-0000002B0488}
F{00000000-0000-0000-0000-000000295694}
F{00000000-0000-0000-0000-0000000AE237}
T{00000000-0000-0000-0000-000000125357}
T{00000000-0000-0000-0000-0000002D26FD}
F{00000000-0000-0000-0000-00000031840C}
F{00000000-0000-0000-0000-0000001EB0AE}
F{00000000-0000-0000-0000-00000009C55D}
F{00000000-0000-0000-0000-00000009042B}
T{00000000-0000-0000-0000-0000002D3243}
F{00000000-0000-0000-0000-00000014AC98}
F{00000000-0000-0000-0000-00000032686B}
T{00000000-0000-0000-0000-0000001C000D}
F{00000000-0000-0000-0000-00000009D2DB}
F{00000000-0000-0000-0000-00000025482D}
F{00000000-0000-0000-0000-0000002AA779}
T{00000000-0000-0000-0000-00000028A414}
F{00000000-0000-0000-0000-000000137696}
F{00000000-0000-0000-0000-000000155B05}
T{00000000-0000-0000-0000-0000000BCED8}
F{00000000-0000-0000-0000-00000028E78F}
F{00000000-0000-0000-0000-000000180772}
F{00000000-0000-0000-0000-0000000F7D09}
F{00000000-0000-0000-0000-000000051894}
F{00000000-0000-0000-0000-000000263B6B}
F{00000000-0000-0000-0000-0000000DF8B1}
F{00000000-0000-0000-0000-0000000BBAE5}
F{00000000-0000-0000-0000-00000011A66A}
F{00000000-0000-0000-0000-000000111E00}
T{00000000-0000-0000-0000-0000002EE98E}
F{00000000-0000-0000-0000-0000000AAF2A}
F{00000000-0000-0000-0000-00000005A714}
F{00000000-0000-0000-0000-0000000FAF70}
F{00000000-0000-0000-0000-0000000BBBC1}
T{00000000-0000-0000-0000-0000002EAF33}
F{00000000-0000-0000-0000-00000006273D}
F{00000000-0000-0000-0000-00000029C08B}
T{00000000-0000-0000-0000-00000016A5CD}
F{00000000-0000-0000-0000-000000028B7A}
F{00000000-0000-0000-0000-0000002ECA3E}
F{00000000-0000-0000-0000-00000005DD33}
F{00000000-0000-0000-0000-000000218CCC}
F{00000000-0000-0000-0000-00000026DB04}
F{00000000-0000-0000-0000-0000002B39CA}
F{00000000-0000-0000-0000-000000271DD9}
F{00000000-0000-0000-0000-0000002D4F1C}
F{00000000-0000-0000-0000-0000002F16BE}
F{00000000-0000-0000-0000-000000272805}
F{00000000-0000-0000-0000-000000104CF0}
F{00000000-0000-0000-0000-000000170474}
F{00000000-0000-0000-0000-0000000AB664}
F{00000000-0000-0000-0000-00000024DE3A}
F{00000000-0000-0000-0000-000000039287}
F{00000000-0000-0000-0000-00000003496E}
T{00000000-0000-0000-0000-00000017CD8A}
F{00000000-0000-0000-0000-00000006923C}
T{00000000-0000-0000-0000-00000016BFCF}
F{00000000-0000-0000-0000-000000062309}
F{00000000-0000-0000-0000-0000002BA651}
F{00000000-0000-0000-0000-00000029B017}
F{00000000-0000-0000-0000-00000028017B}
F{00000000-0000-0000-0000-00000024CD16}
