F{00000000-0000-0000-0000-0000002ADB4F}
F{00000000-0000-0000-0000-0000000EB1FB}
F{00000000-0000-0000-0000-00000013BB66}
F{00000000-0000-0000-0000-00000013EDBB}
F{00000000-0000-0000-0000-000000088CF0}
F{00000000-0000-0000-0000-0000002C4147}
F{00000000-0000-0000-0000-00000022236F}
F{00000000-0000-0000-0000-000000223CFB}
T{00000000-0000-0000-0000-0000000FFB82}
F{00000000-0000-0000-0000-0000002591DD}
F{00000000-0000-0000-0000-0000000ADF8A}
F{00000000-0000-0000-0000-000000028B7A}
T{00000000-0000-0000-0000-000000146BB2}
F{00000000-0000-0000-0000-0000001BA8D0}
F{00000000-0000-0000-0000-000000099D5D}
F{00000000-0000-0000-0000-000000125A54}
F{00000000-0000-0000-0000-0000002B0488}
T{00000000-0000-0000-0000-0000000FB2AC}
T{00000000-0000-0000-0000-00000018D090}
F{00000000-0000-0000-0000-0000000A6D84}
F{00000000-0000-0000-0000-0000002EE24C}
F{00000000-0000-0000-0000-00000006524D}
F{00000000-0000-0000-0000-000000099302}
F{00000000-0000-0000-0000-0000000A17FA}
F{00000000-0000-0000-0000-0000002EE25C}
F{00000000-0000-0000-0000-0000000FBE71}
F{00000000-0000-0000-0000-0000002690A8}
T{00000000-0000-0000-0000-0000002E9D5F}
T{00000000-0000-0000-0000-0000000B7BDF}
T{00000000-0000-0000-0000-00000023D05D}
F{00000000-0000-0000-0000-0000002B9CA9}
F{00000000-0000-0000-0000-0000002179E5}
F{00000000-0000-0000-0000-0000002F18F4}
F{00000000-0000-0000-0000-000000111E00}
T{00000000-0000-0000-0000-0000000CF7EE}
F{00000000-0000-0000-0000-00000010AB65}
F{00000000-0000-0000-0000-000000230FED}
F{00000000-0000-0000-0000-000000140E50}
T{00000000-0000-0000-0000-00000011E4E1}
F{00000000-0000-0000-0000-0000002361B7}
T{00000000-0000-0000-0000-0000000EE00F}
F{00000000-0000-0000-0000-0000002B7C23}
T{00000000-0000-0000-0000-0000000A57AE}
F{00000000-0000-0000-0000-00000005B55A}
T{00000000-0000-0000-0000-0000000CA970}
T{00000000-0000-0000-0000-00000011F6D5}
F{00000000-0000-0000-0000-0000000CE9C4}
F{00000000-0000-0000-0000-0000002D8355}
F{00000000-0000-0000-0000-00000011A66A}
T{00000000-0000-0000-0000-0000002FA358}
