T{00000000-0000-0000-0000-000000310DC9}
T{00000000-0000-0000-0000-00000010AB65}
F{00000000-0000-0000-0000-00000024D328}
T{00000000-0000-0000-0000-0000002EAF33}
F{00000000-0000-0000-0000-00000010598A}
F{00000000-0000-0000-0000-0000000782BC}
T{00000000-0000-0000-0000-0000001E37FC}
T{00000000-0000-0000-0000-0000000EFBFF}
T{00000000-0000-0000-0000-000000065080}
F{00000000-0000-0000-0000-00000015CAE7}
T{00000000-0000-0000-0000-0000002468FF}
F{00000000-0000-0000-0000-0000002CACBC}
T{00000000-0000-0000-0000-000000310DC9}
T{00000000-0000-0000-0000-00000010AB65}
T{00000000-0000-0000-0000-00000024D328}
T{00000000-0000-0000-0000-0000002EAF33}
F{00000000-0000-0000-0000-00000010598A}
T{00000000-0000-0000-0000-0000000782BC}
T{00000000-0000-0000-0000-0000001E37FC}
T{00000000-0000-0000-0000-0000000EFBFF}
T{00000000-0000-0000-0000-000000065080}
T{00000000-0000-0000-0000-00000015CAE7}
T{00000000-0000-0000-0000-0000002468FF}
F{00000000-0000-0000-0000-0000002CACBC}
F{00000000-0000-0000-0000-000000243F1C}
F{00000000-0000-0000-0000-000000155B05}
F{00000000-0000-0000-0000-0000002AAA36}
F{00000000-0000-0000-0000-0000002EFB03}
T{00000000-0000-0000-0000-000000131767}
F{00000000-0000-0000-0000-0000000358BE}
F{00000000-0000-0000-0000-0000001D30D6}
F{00000000-0000-0000-0000-00000011D6C2}
T{00000000-0000-0000-0000-000000140D32}
T{00000000-0000-0000-0000-0000000A3974}
F{00000000-0000-0000-0000-00000013D847}
F{00000000-0000-0000-0000-0000000C0A21}
F{00000000-0000-0000-0000-00000013C356}
T{00000000-0000-0000-0000-00000019BC13}
F{00000000-0000-0000-0000-0000001985BE}
T{00000000-0000-0000-0000-0000000918BA}
T{00000000-0000-0000-0000-000000272805}
F{00000000-0000-0000-0000-00000019EB21}
F{00000000-0000-0000-0000-00000014B44C}
T{00000000-0000-0000-0000-0000000A1C43}
T{00000000-0000-0000-0000-000000243F1C}
T{00000000-0000-0000-0000-000000155B05}
T{00000000-0000-0000-0000-0000002AAA36}
T{00000000-0000-0000-0000-0000002EFB03}
T{00000000-0000-0000-0000-000000131767}
F{00000000-0000-0000-0000-0000000358BE}
F{00000000-0000-0000-0000-0000001D30D6}
F{00000000-0000-0000-0000-00000011D6C2}
T{00000000-0000-0000-0000-000000140D32}
T{00000000-0000-0000-0000-0000000A3974}
F{00000000-0000-0000-0000-00000013D847}
F{00000000-0000-0000-0000-0000000C0A21}
F{00000000-0000-0000-0000-00000013C356}
T{00000000-0000-0000-0000-00000019BC13}
T{00000000-0000-0000-0000-0000001985BE}
T{00000000-0000-0000-0000-0000000918BA}
T{00000000-0000-0000-0000-000000272805}
F{00000000-0000-0000-0000-00000019EB21}
F{00000000-0000-0000-0000-00000014B44C}
T{00000000-0000-0000-0000-0000000A1C43}
F{00000000-0000-0000-0000-000000192C47}
F{00000000-0000-0000-0000-0000002E314C}
T{00000000-0000-0000-0000-00000027068E}
F{00000000-0000-0000-0000-00000013EDBB}
F{00000000-0000-0000-0000-000000103C79}
F{00000000-0000-0000-0000-00000008179C}
F{00000000-0000-0000-0000-0000000D3A09}
T{00000000-0000-0000-0000-0000001EE496}
F{00000000-0000-0000-0000-00000026A8E2}
F{00000000-0000-0000-0000-0000000A9F0E}
F{00000000-0000-0000-0000-000000225920}
F{00000000-0000-0000-0000-0000001CF590}
F{00000000-0000-0000-0000-0000001E644A}
F{00000000-0000-0000-0000-000000088CF0}
T{00000000-0000-0000-0000-000000220326}
F{00000000-0000-0000-0000-0000001CFFF0}
F{00000000-0000-0000-0000-00000009066B}
F{00000000-0000-0000-0000-0000000EC5C1}
F{00000000-0000-0000-0000-0000002A08D5}
F{00000000-0000-0000-0000-0000002B7C23}
F{00000000-0000-0000-0000-000000192C47}
F{00000000-0000-0000-0000-0000002E314C}
T{00000000-0000-0000-0000-00000027068E}
F{00000000-0000-0000-0000-00000013EDBB}
F{00000000-0000-0000-0000-000000103C79}
F{00000000-0000-0000-0000-00000008179C}
T{00000000-0000-0000-0000-0000000D3A09}
T{00000000-0000-0000-0000-0000001EE496}
F{00000000-0000-0000-0000-00000026A8E2}
F{00000000-0000-0000-0000-0000000A9F0E}
F{00000000-0000-0000-0000-000000225920}
T{00000000-0000-0000-0000-0000001CF590}
T{00000000-0000-0000-0000-0000001E644A}
F{00000000-0000-0000-0000-000000088CF0}
T{00000000-0000-0000-0000-000000220326}
F{00000000-0000-0000-0000-0000001CFFF0}
F{00000000-0000-0000-0000-00000009066B}
T{00000000-0000-0000-0000-0000000EC5C1}
F{00000000-0000-0000-0000-0000002A08D5}
F{00000000-0000-0000-0000-0000002B7C23}
F{00000000-0000-0000-0000-0000001D5B1B}
T{00000000-0000-0000-0000-0000001E3924}
F{00000000-0000-0000-0000-00000016D43B}
F{00000000-0000-0000-0000-00000009D2DB}
F{00000000-0000-0000-0000-000000011C79}
T{00000000-0000-0000-0000-0000000974BB}
T{00000000-0000-0000-0000-0000000EFCB1}
F{00000000-0000-0000-0000-00000013794F}
T{00000000-0000-0000-0000-000000184E75}
F{00000000-0000-0000-0000-00000017F789}
T{00000000-0000-0000-0000-000000289F2F}
F{00000000-0000-0000-0000-000000060817}
F{00000000-0000-0000-0000-0000001DE733}
