T{00000000-0000-0000-0000-000000164F2C}
T{00000000-0000-0000-0000-000000099D5D}
F{00000000-0000-0000-0000-000000104CF0}
F{00000000-0000-0000-0000-0000001DCCD0}
F{00000000-0000-0000-0000-000000099302}
T{00000000-0000-0000-0000-0000000A6D84}
T{00000000-0000-0000-0000-0000002059CA}
F{00000000-0000-0000-0000-000000128932}
T{00000000-0000-0000-0000-00000004A47F}
F{00000000-0000-0000-0000-0000000A2DD3}
T{00000000-0000-0000-0000-0000000B7BDF}
T{00000000-0000-0000-0000-0000001BA8D0}
F{00000000-0000-0000-0000-0000002E2FA0}
T{00000000-0000-0000-0000-000000325149}
F{00000000-0000-0000-0000-000000111E00}
F{00000000-0000-0000-0000-0000001C1356}
F{00000000-0000-0000-0000-00000028C84A}
F{00000000-0000-0000-0000-00000016D448}
T{00000000-0000-0000-0000-0000002B39CA}
F{00000000-0000-0000-0000-00000006E673}
T{00000000-0000-0000-0000-000000164F2C}
T{00000000-0000-0000-0000-000000099D5D}
T{00000000-0000-0000-0000-000000104CF0}
F{00000000-0000-0000-0000-0000001DCCD0}
T{00000000-0000-0000-0000-000000099302}
T{00000000-0000-0000-0000-0000000A6D84}
T{00000000-0000-0000-0000-0000002059CA}
F{00000000-0000-0000-0000-000000128932}
T{00000000-0000-0000-0000-00000004A47F}
F{00000000-0000-0000-0000-0000000A2DD3}
T{00000000-0000-0000-0000-0000000B7BDF}
T{00000000-0000-0000-0000-0000001BA8D0}
T{00000000-0000-0000-0000-0000002E2FA0}
T{00000000-0000-0000-0000-000000325149}
T{00000000-0000-0000-0000-000000111E00}
T{00000000-0000-0000-0000-0000001C1356}
T{00000000-0000-0000-0000-00000028C84A}
F{00000000-0000-0000-0000-00000016D448}
T{00000000-0000-0000-0000-0000002B39CA}
F{00000000-0000-0000-0000-00000006E673}
F{00000000-0000-0000-0000-00000031730E}
F{00000000-0000-0000-0000-0000001B7F5B}
F{00000000-0000-0000-0000-000000028B7A}
F{00000000-0000-0000-0000-0000000EF5E7}
F{00000000-0000-0000-0000-000000113245}
F{00000000-0000-0000-0000-0000000DA5C4}
F{00000000-0000-0000-0000-00000024CD16}
F{00000000-0000-0000-0000-000000088CF0}
T{00000000-0000-0000-0000-0000002CDE7C}
F{00000000-0000-0000-0000-0000002B79C6}
F{00000000-0000-0000-0000-000000254816}
F{00000000-0000-0000-0000-0000001A177D}
F{00000000-0000-0000-0000-0000000AFBED}
F{00000000-0000-0000-0000-0000001249B2}
F{00000000-0000-0000-0000-00000025482D}
F{00000000-0000-0000-0000-00000019E343}
F{00000000-0000-0000-0000-0000003011F7}
F{00000000-0000-0000-0000-0000000CB200}
T{00000000-0000-0000-0000-0000002F18F4}
F{00000000-0000-0000-0000-00000032FBFC}
F{00000000-0000-0000-0000-00000031730E}
T{00000000-0000-0000-0000-0000001B7F5B}
T{00000000-0000-0000-0000-000000028B7A}
T{00000000-0000-0000-0000-0000000EF5E7}
T{00000000-0000-0000-0000-000000113245}
F{00000000-0000-0000-0000-0000000DA5C4}
T{00000000-0000-0000-0000-00000024CD16}
T{00000000-0000-0000-0000-000000088CF0}
T{00000000-0000-0000-0000-0000002CDE7C}
T{00000000-0000-0000-0000-0000002B79C6}
F{00000000-0000-0000-0000-000000254816}
F{00000000-0000-0000-0000-0000001A177D}
F{00000000-0000-0000-0000-0000000AFBED}
T{00000000-0000-0000-0000-0000001249B2}
F{00000000-0000-0000-0000-00000025482D}
T{00000000-0000-0000-0000-00000019E343}
T{00000000-0000-0000-0000-0000003011F7}
T{00000000-0000-0000-0000-0000000CB200}
T{00000000-0000-0000-0000-0000002F18F4}
F{00000000-0000-0000-0000-00000032FBFC}
F{00000000-0000-0000-0000-000000020F85}
F{00000000-0000-0000-0000-00000016DEE7}
T{00000000-0000-0000-0000-00000006D3FA}
T{00000000-0000-0000-0000-00000026F01D}
T{00000000-0000-0000-0000-0000001B4BD8}
F{00000000-0000-0000-0000-00000029B017}
F{00000000-0000-0000-0000-0000002C532B}
T{00000000-0000-0000-0000-0000002F4F87}
T{00000000-0000-0000-0000-000000261198}
F{00000000-0000-0000-0000-000000304116}
F{00000000-0000-0000-0000-00000026C360}
F{00000000-0000-0000-0000-0000000F9C6B}
F{00000000-0000-0000-0000-00000024D4B0}
F{00000000-0000-0000-0000-000000152F96}
F{00000000-0000-0000-0000-0000002897F9}
F{00000000-0000-0000-0000-0000002DA425}
F{00000000-0000-0000-0000-0000002FA3FA}
T{00000000-0000-0000-0000-0000001EE12B}
F{00000000-0000-0000-0000-0000001985BE}
F{00000000-0000-0000-0000-000000295694}
T{00000000-0000-0000-0000-000000020F85}
T{00000000-0000-0000-0000-00000016DEE7}
T{00000000-0000-0000-0000-00000006D3FA}
T{00000000-0000-0000-0000-00000026F01D}
T{00000000-0000-0000-0000-0000001B4BD8}
T{00000000-0000-0000-0000-00000029B017}
F{00000000-0000-0000-0000-0000002C532B}
T{00000000-0000-0000-0000-0000002F4F87}
T{00000000-0000-0000-0000-000000261198}
F{00000000-0000-0000-0000-000000304116}
F{00000000-0000-0000-0000-00000026C360}
F{00000000-0000-0000-0000-0000000F9C6B}
F{00000000-0000-0000-0000-00000024D4B0}
F{00000000-0000-0000-0000-000000152F96}
F{00000000-0000-0000-0000-0000002897F9}
F{00000000-0000-0000-0000-0000002DA425}
T{00000000-0000-0000-0000-0000002FA3FA}
T{00000000-0000-0000-0000-0000001EE12B}
T{00000000-0000-0000-0000-0000001985BE}
T{00000000-0000-0000-0000-000000295694}
F{00000000-0000-0000-0000-00000024BF14}
F{00000000-0000-0000-0000-0000003019AD}
T{00000000-0000-0000-0000-000000211BF6}
F{00000000-0000-0000-0000-00000021C1B7}
F{00000000-0000-0000-0000-0000002E314C}
T{00000000-0000-0000-0000-000000289F2F}
T{00000000-0000-0000-0000-00000023D05D}
F{00000000-0000-0000-0000-00000031EFC5}
F{00000000-0000-0000-0000-0000002BDEA2}
T{00000000-0000-0000-0000-00000025333F}
F{00000000-0000-0000-0000-0000002B5FB9}
T{00000000-0000-0000-0000-000000007910}
T{00000000-0000-0000-0000-00000030694D}
F{00000000-0000-0000-0000-0000000B07ED}
T{00000000-0000-0000-0000-00000031EE7B}
T{00000000-0000-0000-0000-00000033C0BE}
F{00000000-0000-0000-0000-00000032083C}
T{00000000-0000-0000-0000-000000095572}
F{00000000-0000-0000-0000-0000001278AF}
F{00000000-0000-0000-0000-000000053A0F}
F{00000000-0000-0000-0000-00000024BF14}
F{00000000-0000-0000-0000-0000003019AD}
T{00000000-0000-0000-0000-000000211BF6}
F{00000000-0000-0000-0000-00000021C1B7}
F{00000000-0000-0000-0000-0000002E314C}
T{00000000-0000-0000-0000-000000289F2F}
T{00000000-0000-0000-0000-00000023D05D}
T{00000000-0000-0000-0000-00000031EFC5}
F{00000000-0000-0000-0000-0000002BDEA2}
T{00000000-0000-0000-0000-00000025333F}
T{00000000-0000-0000-0000-0000002B5FB9}
T{00000000-0000-0000-0000-000000007910}
T{00000000-0000-0000-0000-00000030694D}
F{00000000-0000-0000-0000-0000000B07ED}
T{00000000-0000-0000-0000-00000031EE7B}
T{00000000-0000-0000-0000-00000033C0BE}
T{00000000-0000-0000-0000-00000032083C}
T{00000000-0000-0000-0000-000000095572}
F{00000000-0000-0000-0000-0000001278AF}
T{00000000-0000-0000-0000-000000053A0F}
F{00000000-0000-0000-0000-00000010598A}
F{00000000-0000-0000-0000-0000002B20EF}
F{00000000-0000-0000-0000-0000000FD49A}
F{00000000-0000-0000-0000-0000000BCE16}
T{00000000-0000-0000-0000-0000000F07A2}
F{00000000-0000-0000-0000-0000000E15DD}
F{00000000-0000-0000-0000-0000002591DD}
F{00000000-0000-0000-0000-0000000A7628}
F{00000000-0000-0000-0000-00000024D328}
F{00000000-0000-0000-0000-00000018652C}
F{00000000-0000-0000-0000-000000113C06}
T{00000000-0000-0000-0000-000000159F8A}
F{00000000-0000-0000-0000-00000031DB69}
F{00000000-0000-0000-0000-000000197FB6}
F{00000000-0000-0000-0000-0000001A3526}
T{00000000-0000-0000-0000-00000028C3F4}
F{00000000-0000-0000-0000-000000253D59}
F{00000000-0000-0000-0000-000000319987}
F{00000000-0000-0000-0000-00000021868E}
T{00000000-0000-0000-0000-0000003397F4}
T{00000000-0000-0000-0000-00000010598A}
T{00000000-0000-0000-0000-0000002B20EF}
F{00000000-0000-0000-0000-0000000FD49A}
F{00000000-0000-0000-0000-0000000BCE16}
T{00000000-0000-0000-0000-0000000F07A2}
T{00000000-0000-0000-0000-0000000E15DD}
T{00000000-0000-0000-0000-0000002591DD}
F{00000000-0000-0000-0000-0000000A7628}
F{00000000-0000-0000-0000-00000024D328}
F{00000000-0000-0000-0000-00000018652C}
F{00000000-0000-0000-0000-000000113C06}
T{00000000-0000-0000-0000-000000159F8A}
F{00000000-0000-0000-0000-00000031DB69}
T{00000000-0000-0000-0000-000000197FB6}
T{00000000-0000-0000-0000-0000001A3526}
T{00000000-0000-0000-0000-00000028C3F4}
F{00000000-0000-0000-0000-000000253D59}
T{00000000-0000-0000-0000-000000319987}
F{00000000-0000-0000-0000-00000021868E}
T{00000000-0000-0000-0000-0000003397F4}
F{00000000-0000-0000-0000-0000002946BB}
F{00000000-0000-0000-0000-0000001D6905}
F{00000000-0000-0000-0000-0000002B9ADC}
F{00000000-0000-0000-0000-00000003F093}
T{00000000-0000-0000-0000-0000000D977B}
F{00000000-0000-0000-0000-00000029C08B}
F{00000000-0000-0000-0000-00000002FF57}
T{00000000-0000-0000-0000-0000000E3964}
F{00000000-0000-0000-0000-000000030FAE}
T{00000000-0000-0000-0000-00000031F588}
F{00000000-0000-0000-0000-00000016EF7B}
F{00000000-0000-0000-0000-0000002EE24C}
F{00000000-0000-0000-0000-00000003E599}
F{00000000-0000-0000-0000-00000028E78F}
T{00000000-0000-0000-0000-00000006923C}
F{00000000-0000-0000-0000-0000000B1846}
F{00000000-0000-0000-0000-00000032E994}
F{00000000-0000-0000-0000-000000155B05}
T{00000000-0000-0000-0000-000000145890}
T{00000000-0000-0000-0000-000000122A70}
T{00000000-0000-0000-0000-0000002946BB}
F{00000000-0000-0000-0000-0000001D6905}
F{00000000-0000-0000-0000-0000002B9ADC}
T{00000000-0000-0000-0000-00000003F093}
T{00000000-0000-0000-0000-0000000D977B}
T{00000000-0000-0000-0000-00000029C08B}
T{00000000-0000-0000-0000-00000002FF57}
T{00000000-0000-0000-0000-0000000E3964}
T{00000000-0000-0000-0000-000000030FAE}
T{00000000-0000-0000-0000-00000031F588}
T{00000000-0000-0000-0000-00000016EF7B}
F{00000000-0000-0000-0000-0000002EE24C}
T{00000000-0000-0000-0000-00000003E599}
T{00000000-0000-0000-0000-00000028E78F}
T{00000000-0000-0000-0000-00000006923C}
T{00000000-0000-0000-0000-0000000B1846}
F{00000000-0000-0000-0000-00000032E994}
T{00000000-0000-0000-0000-000000155B05}
T{00000000-0000-0000-0000-000000145890}
T{00000000-0000-0000-0000-000000122A70}
F{00000000-0000-0000-0000-0000002A4809}
T{00000000-0000-0000-0000-000000125357}
F{00000000-0000-0000-0000-0000002361B7}
F{00000000-0000-0000-0000-0000001CFFF0}
T{00000000-0000-0000-0000-000000164F59}
T{00000000-0000-0000-0000-0000000CF7EE}
T{00000000-0000-0000-0000-0000001713EF}
F{00000000-0000-0000-0000-000000146C13}
F{00000000-0000-0000-0000-0000002B60AE}
F{00000000-0000-0000-0000-0000000BBAE5}
T{00000000-0000-0000-0000-0000001A657D}
F{00000000-0000-0000-0000-0000002C299F}
T{00000000-0000-0000-0000-0000002103D8}
F{00000000-0000-0000-0000-00000004E003}
F{00000000-0000-0000-0000-00000016979A}
T{00000000-0000-0000-0000-000000302768}
F{00000000-0000-0000-0000-0000002CCAFC}
T{00000000-0000-0000-0000-00000023D0EB}
T{00000000-0000-0000-0000-00000016A5CD}
F{00000000-0000-0000-0000-00000024DE3A}
T{00000000-0000-0000-0000-0000002A4809}
T{00000000-0000-0000-0000-000000125357}
F{00000000-0000-0000-0000-0000002361B7}
F{00000000-0000-0000-0000-0000001CFFF0}
T{00000000-0000-0000-0000-000000164F59}
T{00000000-0000-0000-0000-0000000CF7EE}
T{00000000-0000-0000-0000-0000001713EF}
F{00000000-0000-0000-0000-000000146C13}
F{00000000-0000-0000-0000-0000002B60AE}
F{00000000-0000-0000-0000-0000000BBAE5}
T{00000000-0000-0000-0000-0000001A657D}
F{00000000-0000-0000-0000-0000002C299F}
T{00000000-0000-0000-0000-0000002103D8}
T{00000000-0000-0000-0000-00000004E003}
F{00000000-0000-0000-0000-00000016979A}
T{00000000-0000-0000-0000-000000302768}
F{00000000-0000-0000-0000-0000002CCAFC}
T{00000000-0000-0000-0000-00000023D0EB}
T{00000000-0000-0000-0000-00000016A5CD}
T{00000000-0000-0000-0000-00000024DE3A}
T{00000000-0000-0000-0000-0000000FFB82}
T{00000000-0000-0000-0000-0000001E1D24}
T{00000000-0000-0000-0000-0000000CA970}
F{00000000-0000-0000-0000-00000031EBC3}
F{00000000-0000-0000-0000-000000065030}
F{00000000-0000-0000-0000-000000324745}
F{00000000-0000-0000-0000-00000006193F}
F{00000000-0000-0000-0000-0000002F9487}
T{00000000-0000-0000-0000-0000002C9627}
T{00000000-0000-0000-0000-0000001672E1}
F{00000000-0000-0000-0000-0000002A02EE}
F{00000000-0000-0000-0000-00000006FA7E}
F{00000000-0000-0000-0000-000000157C8A}
F{00000000-0000-0000-0000-00000013D847}
F{00000000-0000-0000-0000-0000001E3924}
F{00000000-0000-0000-0000-0000002B9CA9}
T{00000000-0000-0000-0000-000000138AFA}
F{00000000-0000-0000-0000-00000013BB66}
F{00000000-0000-0000-0000-0000002EE25C}
F{00000000-0000-0000-0000-00000009042B}
T{00000000-0000-0000-0000-0000000FFB82}
T{00000000-0000-0000-0000-0000001E1D24}
T{00000000-0000-0000-0000-0000000CA970}
T{00000000-0000-0000-0000-00000031EBC3}
T{00000000-0000-0000-0000-000000065030}
F{00000000-0000-0000-0000-000000324745}
F{00000000-0000-0000-0000-00000006193F}
T{00000000-0000-0000-0000-0000002F9487}
T{00000000-0000-0000-0000-0000002C9627}
T{00000000-0000-0000-0000-0000001672E1}
F{00000000-0000-0000-0000-0000002A02EE}
F{00000000-0000-0000-0000-00000006FA7E}
F{00000000-0000-0000-0000-000000157C8A}
F{00000000-0000-0000-0000-00000013D847}
T{00000000-0000-0000-0000-0000001E3924}
F{00000000-0000-0000-0000-0000002B9CA9}
T{00000000-0000-0000-0000-000000138AFA}
F{00000000-0000-0000-0000-00000013BB66}
F{00000000-0000-0000-0000-0000002EE25C}
T{00000000-0000-0000-0000-00000009042B}
F{00000000-0000-0000-0000-00000027D4C7}
F{00000000-0000-0000-0000-000000223CFB}
F{00000000-0000-0000-0000-000000177B49}
T{00000000-0000-0000-0000-0000001EA4DD}
F{00000000-0000-0000-0000-00000022236F}
F{00000000-0000-0000-0000-000000210241}
F{00000000-0000-0000-0000-0000000D0CBC}
F{00000000-0000-0000-0000-00000032016B}
T{00000000-0000-0000-0000-00000012A9B0}
T{00000000-0000-0000-0000-000000320E5F}
T{00000000-0000-0000-0000-0000001CF590}
F{00000000-0000-0000-0000-000000289DEC}
T{00000000-0000-0000-0000-00000026A0D7}
F{00000000-0000-0000-0000-0000002C76ED}
F{00000000-0000-0000-0000-000000119D7B}
F{00000000-0000-0000-0000-00000015CAE7}
T{00000000-0000-0000-0000-000000049D0E}
F{00000000-0000-0000-0000-0000000DEA25}
T{00000000-0000-0000-0000-0000000A57AE}
F{00000000-0000-0000-0000-0000002789C7}
T{00000000-0000-0000-0000-00000027D4C7}
T{00000000-0000-0000-0000-000000223CFB}
T{00000000-0000-0000-0000-000000177B49}
T{00000000-0000-0000-0000-0000001EA4DD}
T{00000000-0000-0000-0000-00000022236F}
F{00000000-0000-0000-0000-000000210241}
F{00000000-0000-0000-0000-0000000D0CBC}
F{00000000-0000-0000-0000-00000032016B}
T{00000000-0000-0000-0000-00000012A9B0}
T{00000000-0000-0000-0000-000000320E5F}
T{00000000-0000-0000-0000-0000001CF590}
T{00000000-0000-0000-0000-000000289DEC}
T{00000000-0000-0000-0000-00000026A0D7}
F{00000000-0000-0000-0000-0000002C76ED}
T{00000000-0000-0000-0000-000000119D7B}
F{00000000-0000-0000-0000-00000015CAE7}
T{00000000-0000-0000-0000-000000049D0E}
T{00000000-0000-0000-0000-0000000DEA25}
T{00000000-0000-0000-0000-0000000A57AE}
F{00000000-0000-0000-0000-0000002789C7}
F{00000000-0000-0000-0000-0000002F70A5}
T{00000000-0000-0000-0000-00000006E345}
F{00000000-0000-0000-0000-0000002EDFFA}
F{00000000-0000-0000-0000-0000000B1E17}
F{00000000-0000-0000-0000-0000002B60DE}
F{00000000-0000-0000-0000-000000243F1C}
F{00000000-0000-0000-0000-00000009BCBD}
F{00000000-0000-0000-0000-0000000D6338}
T{00000000-0000-0000-0000-0000002C4147}
T{00000000-0000-0000-0000-00000009E1AA}
F{00000000-0000-0000-0000-0000002AD098}
F{00000000-0000-0000-0000-000000059899}
F{00000000-0000-0000-0000-0000002A0033}
F{00000000-0000-0000-0000-00000019F414}
F{00000000-0000-0000-0000-00000007C25E}
F{00000000-0000-0000-0000-0000002BB1FE}
T{00000000-0000-0000-0000-000000309CB6}
F{00000000-0000-0000-0000-000000165C7D}
F{00000000-0000-0000-0000-000000235C6F}
T{00000000-0000-0000-0000-0000002E4BC1}
F{00000000-0000-0000-0000-0000002F70A5}
T{00000000-0000-0000-0000-00000006E345}
F{00000000-0000-0000-0000-0000002EDFFA}
T{00000000-0000-0000-0000-0000000B1E17}
F{00000000-0000-0000-0000-0000002B60DE}
T{00000000-0000-0000-0000-000000243F1C}
F{00000000-0000-0000-0000-00000009BCBD}
F{00000000-0000-0000-0000-0000000D6338}
T{00000000-0000-0000-0000-0000002C4147}
T{00000000-0000-0000-0000-00000009E1AA}
F{00000000-0000-0000-0000-0000002AD098}
T{00000000-0000-0000-0000-000000059899}
F{00000000-0000-0000-0000-0000002A0033}
F{00000000-0000-0000-0000-00000019F414}
F{00000000-0000-0000-0000-00000007C25E}
T{00000000-0000-0000-0000-0000002BB1FE}
T{00000000-0000-0000-0000-000000309CB6}
T{00000000-0000-0000-0000-000000165C7D}
F{00000000-0000-0000-0000-000000235C6F}
T{00000000-0000-0000-0000-0000002E4BC1}
F{00000000-0000-0000-0000-000000062309}
F{00000000-0000-0000-0000-000000074466}
T{00000000-0000-0000-0000-0000000B96A0}
T{00000000-0000-0000-0000-000000210D7D}
F{00000000-0000-0000-0000-00000014652A}
F{00000000-0000-0000-0000-000000245F5D}
T{00000000-0000-0000-0000-0000000CE1EC}
F{00000000-0000-0000-0000-0000000AAF2A}
F{00000000-0000-0000-0000-000000170474}
F{00000000-0000-0000-0000-0000000A17FA}
F{00000000-0000-0000-0000-00000031E8A8}
T{00000000-0000-0000-0000-0000001F8E5A}
F{00000000-0000-0000-0000-00000019D284}
F{00000000-0000-0000-0000-000000271DD9}
F{00000000-0000-0000-0000-0000001DB186}
T{00000000-0000-0000-0000-0000002F1F39}
T{00000000-0000-0000-0000-0000002ABFF5}
F{00000000-0000-0000-0000-000000146BB2}
F{00000000-0000-0000-0000-0000002D47FB}
F{00000000-0000-0000-0000-00000019F78F}
F{00000000-0000-0000-0000-000000062309}
T{00000000-0000-0000-0000-000000074466}
T{00000000-0000-0000-0000-0000000B96A0}
T{00000000-0000-0000-0000-000000210D7D}
F{00000000-0000-0000-0000-00000014652A}
F{00000000-0000-0000-0000-000000245F5D}
T{00000000-0000-0000-0000-0000000CE1EC}
F{00000000-0000-0000-0000-0000000AAF2A}
T{00000000-0000-0000-0000-000000170474}
T{00000000-0000-0000-0000-0000000A17FA}
T{00000000-0000-0000-0000-00000031E8A8}
T{00000000-0000-0000-0000-0000001F8E5A}
F{00000000-0000-0000-0000-00000019D284}
T{00000000-0000-0000-0000-000000271DD9}
T{00000000-0000-0000-0000-0000001DB186}
T{00000000-0000-0000-0000-0000002F1F39}
T{00000000-0000-0000-0000-0000002ABFF5}
T{00000000-0000-0000-0000-000000146BB2}
F{00000000-0000-0000-0000-0000002D47FB}
F{00000000-0000-0000-0000-00000019F78F}
F{00000000-0000-0000-0000-000000301289}
F{00000000-0000-0000-0000-000000018C66}
T{00000000-0000-0000-0000-0000000C42D4}
F{00000000-0000-0000-0000-0000000AA748}
T{00000000-0000-0000-0000-0000002B8B2A}
F{00000000-0000-0000-0000-0000002380FC}
F{00000000-0000-0000-0000-0000002F3CCC}
F{00000000-0000-0000-0000-00000032686B}
F{00000000-0000-0000-0000-0000000D55FC}
F{00000000-0000-0000-0000-00000026853A}
F{00000000-0000-0000-0000-000000087468}
T{00000000-0000-0000-0000-00000019B1B2}
F{00000000-0000-0000-0000-0000001633C3}
T{00000000-0000-0000-0000-0000000D0B5F}
F{00000000-0000-0000-0000-000000220F56}
F{00000000-0000-0000-0000-0000002FF8E1}
F{00000000-0000-0000-0000-0000002819B0}
F{00000000-0000-0000-0000-00000005DD33}
T{00000000-0000-0000-0000-0000000A3003}
T{00000000-0000-0000-0000-0000000FDBD1}
F{00000000-0000-0000-0000-000000301289}
F{00000000-0000-0000-0000-000000018C66}
T{00000000-0000-0000-0000-0000000C42D4}
T{00000000-0000-0000-0000-0000000AA748}
T{00000000-0000-0000-0000-0000002B8B2A}
T{00000000-0000-0000-0000-0000002380FC}
T{00000000-0000-0000-0000-0000002F3CCC}
T{00000000-0000-0000-0000-00000032686B}
T{00000000-0000-0000-0000-0000000D55FC}
T{00000000-0000-0000-0000-00000026853A}
F{00000000-0000-0000-0000-000000087468}
T{00000000-0000-0000-0000-00000019B1B2}
T{00000000-0000-0000-0000-0000001633C3}
T{00000000-0000-0000-0000-0000000D0B5F}
F{00000000-0000-0000-0000-000000220F56}
F{00000000-0000-0000-0000-0000002FF8E1}
F{00000000-0000-0000-0000-0000002819B0}
T{00000000-0000-0000-0000-00000005DD33}
T{00000000-0000-0000-0000-0000000A3003}
T{00000000-0000-0000-0000-0000000FDBD1}
T{00000000-0000-0000-0000-00000028A414}
F{00000000-0000-0000-0000-000000171CAA}
F{00000000-0000-0000-0000-0000002D5281}
F{00000000-0000-0000-0000-0000000C5B68}
F{00000000-0000-0000-0000-00000009D2DB}
F{00000000-0000-0000-0000-0000001AE83E}
T{00000000-0000-0000-0000-000000243B6C}
T{00000000-0000-0000-0000-0000002B7A74}
F{00000000-0000-0000-0000-00000011D6C2}
F{00000000-0000-0000-0000-000000106746}
F{00000000-0000-0000-0000-0000002A93E5}
F{00000000-0000-0000-0000-0000001A72D1}
T{00000000-0000-0000-0000-0000002B10DC}
F{00000000-0000-0000-0000-0000001A871A}
T{00000000-0000-0000-0000-000000271E97}
F{00000000-0000-0000-0000-00000014AEB7}
F{00000000-0000-0000-0000-0000000E6E55}
F{00000000-0000-0000-0000-00000015892F}
F{00000000-0000-0000-0000-0000000B0D42}
F{00000000-0000-0000-0000-0000000BDF18}
T{00000000-0000-0000-0000-00000028A414}
F{00000000-0000-0000-0000-000000171CAA}
F{00000000-0000-0000-0000-0000002D5281}
T{00000000-0000-0000-0000-0000000C5B68}
F{00000000-0000-0000-0000-00000009D2DB}
F{00000000-0000-0000-0000-0000001AE83E}
T{00000000-0000-0000-0000-000000243B6C}
T{00000000-0000-0000-0000-0000002B7A74}
T{00000000-0000-0000-0000-00000011D6C2}
T{00000000-0000-0000-0000-000000106746}
F{00000000-0000-0000-0000-0000002A93E5}
T{00000000-0000-0000-0000-0000001A72D1}
T{00000000-0000-0000-0000-0000002B10DC}
T{00000000-0000-0000-0000-0000001A871A}
T{00000000-0000-0000-0000-000000271E97}
F{00000000-0000-0000-0000-00000014AEB7}
F{00000000-0000-0000-0000-0000000E6E55}
F{00000000-0000-0000-0000-00000015892F}
F{00000000-0000-0000-0000-0000000B0D42}
F{00000000-0000-0000-0000-0000000BDF18}
F{00000000-0000-0000-0000-00000008179C}
F{00000000-0000-0000-0000-000000063398}
F{00000000-0000-0000-0000-0000002C4EFE}
F{00000000-0000-0000-0000-0000002CDE1F}
F{00000000-0000-0000-0000-000000267BC2}
F{00000000-0000-0000-0000-000000242E7A}
F{00000000-0000-0000-0000-000000320A01}
F{00000000-0000-0000-0000-0000000FD54B}
F{00000000-0000-0000-0000-000000275B8E}
F{00000000-0000-0000-0000-0000000D226D}
F{00000000-0000-0000-0000-000000263D12}
F{00000000-0000-0000-0000-0000001D30D6}
T{00000000-0000-0000-0000-00000009C584}
F{00000000-0000-0000-0000-00000025E580}
F{00000000-0000-0000-0000-00000006E062}
T{00000000-0000-0000-0000-00000033AD93}
F{00000000-0000-0000-0000-0000001DC5DF}
F{00000000-0000-0000-0000-00000021727D}
F{00000000-0000-0000-0000-000000222774}
T{00000000-0000-0000-0000-00000019E23D}
T{00000000-0000-0000-0000-00000008179C}
T{00000000-0000-0000-0000-000000063398}
F{00000000-0000-0000-0000-0000002C4EFE}
F{00000000-0000-0000-0000-0000002CDE1F}
F{00000000-0000-0000-0000-000000267BC2}
T{00000000-0000-0000-0000-000000242E7A}
F{00000000-0000-0000-0000-000000320A01}
F{00000000-0000-0000-0000-0000000FD54B}
F{00000000-0000-0000-0000-000000275B8E}
T{00000000-0000-0000-0000-0000000D226D}
F{00000000-0000-0000-0000-000000263D12}
T{00000000-0000-0000-0000-0000001D30D6}
T{00000000-0000-0000-0000-00000009C584}
F{00000000-0000-0000-0000-00000025E580}
F{00000000-0000-0000-0000-00000006E062}
T{00000000-0000-0000-0000-00000033AD93}
T{00000000-0000-0000-0000-0000001DC5DF}
T{00000000-0000-0000-0000-00000021727D}
F{00000000-0000-0000-0000-000000222774}
T{00000000-0000-0000-0000-00000019E23D}
