F{00000000-0000-0000-0000-0000001EB0AE}
F{00000000-0000-0000-0000-0000002A93E5}
F{00000000-0000-0000-0000-00000032A5BB}
F{00000000-0000-0000-0000-00000005814E}
F{00000000-0000-0000-0000-00000013D847}
F{00000000-0000-0000-0000-000000030FAE}
F{00000000-0000-0000-0000-00000022633F}
F{00000000-0000-0000-0000-000000169EF3}
T{00000000-0000-0000-0000-00000018D0D7}
F{00000000-0000-0000-0000-00000016979A}
T{00000000-0000-0000-0000-00000031E8A8}
F{00000000-0000-0000-0000-000000263B6B}
F{00000000-0000-0000-0000-0000000AE099}
T{00000000-0000-0000-0000-000000119D7B}
T{00000000-0000-0000-0000-00000022FB1D}
F{00000000-0000-0000-0000-0000000F70F3}
T{00000000-0000-0000-0000-0000001EB0AE}
F{00000000-0000-0000-0000-0000002A93E5}
F{00000000-0000-0000-0000-00000032A5BB}
T{00000000-0000-0000-0000-00000005814E}
F{00000000-0000-0000-0000-00000013D847}
T{00000000-0000-0000-0000-000000030FAE}
T{00000000-0000-0000-0000-00000022633F}
T{00000000-0000-0000-0000-000000169EF3}
T{00000000-0000-0000-0000-00000018D0D7}
F{00000000-0000-0000-0000-00000016979A}
T{00000000-0000-0000-0000-00000031E8A8}
T{00000000-0000-0000-0000-000000263B6B}
F{00000000-0000-0000-0000-0000000AE099}
T{00000000-0000-0000-0000-000000119D7B}
T{00000000-0000-0000-0000-00000022FB1D}
T{00000000-0000-0000-0000-0000000F70F3}
F{00000000-0000-0000-0000-00000021126B}
F{00000000-0000-0000-0000-000000275063}
F{00000000-0000-0000-0000-0000000A7716}
T{00000000-0000-0000-0000-0000002A4809}
F{00000000-0000-0000-0000-00000027EFA5}
F{00000000-0000-0000-0000-0000000FAF71}
F{00000000-0000-0000-0000-000000101515}
T{00000000-0000-0000-0000-000000192034}
F{00000000-0000-0000-0000-0000000A0913}
F{00000000-0000-0000-0000-0000000AAF2A}
T{00000000-0000-0000-0000-0000001D3CD0}
F{00000000-0000-0000-0000-0000000A8C33}
T{00000000-0000-0000-0000-0000001846EB}
T{00000000-0000-0000-0000-000000087468}
F{00000000-0000-0000-0000-0000002D4F1C}
T{00000000-0000-0000-0000-0000000FB5F9}
F{00000000-0000-0000-0000-00000006FA7E}
F{00000000-0000-0000-0000-00000014B44C}
F{00000000-0000-0000-0000-0000000618DF}
F{00000000-0000-0000-0000-0000002AB719}
T{00000000-0000-0000-0000-00000021126B}
F{00000000-0000-0000-0000-000000275063}
T{00000000-0000-0000-0000-0000000A7716}
T{00000000-0000-0000-0000-0000002A4809}
F{00000000-0000-0000-0000-00000027EFA5}
F{00000000-0000-0000-0000-0000000FAF71}
F{00000000-0000-0000-0000-000000101515}
T{00000000-0000-0000-0000-000000192034}
T{00000000-0000-0000-0000-0000000A0913}
F{00000000-0000-0000-0000-0000000AAF2A}
T{00000000-0000-0000-0000-0000001D3CD0}
T{00000000-0000-0000-0000-0000000A8C33}
T{00000000-0000-0000-0000-0000001846EB}
T{00000000-0000-0000-0000-000000087468}
F{00000000-0000-0000-0000-0000002D4F1C}
T{00000000-0000-0000-0000-0000000FB5F9}
T{00000000-0000-0000-0000-00000006FA7E}
T{00000000-0000-0000-0000-00000014B44C}
F{00000000-0000-0000-0000-0000000618DF}
F{00000000-0000-0000-0000-0000002AB719}
F{00000000-0000-0000-0000-000000146BA0}
T{00000000-0000-0000-0000-000000320C89}
F{00000000-0000-0000-0000-0000002494C3}
F{00000000-0000-0000-0000-0000002C4FBE}
F{00000000-0000-0000-0000-0000000F7D09}
F{00000000-0000-0000-0000-0000001E6816}
T{00000000-0000-0000-0000-0000000FA4C1}
T{00000000-0000-0000-0000-000000074466}
F{00000000-0000-0000-0000-000000103C79}
F{00000000-0000-0000-0000-000000108B3B}
T{00000000-0000-0000-0000-000000020F85}
F{00000000-0000-0000-0000-00000031CEB3}
T{00000000-0000-0000-0000-00000019F414}
F{00000000-0000-0000-0000-00000032E859}
F{00000000-0000-0000-0000-00000010215D}
T{00000000-0000-0000-0000-00000010AB65}
F{00000000-0000-0000-0000-0000000F9C6B}
F{00000000-0000-0000-0000-0000000CE9C4}
F{00000000-0000-0000-0000-00000009BAD7}
F{00000000-0000-0000-0000-0000002AAA36}
F{00000000-0000-0000-0000-000000146BA0}
T{00000000-0000-0000-0000-000000320C89}
F{00000000-0000-0000-0000-0000002494C3}
T{00000000-0000-0000-0000-0000002C4FBE}
F{00000000-0000-0000-0000-0000000F7D09}
T{00000000-0000-0000-0000-0000001E6816}
T{00000000-0000-0000-0000-0000000FA4C1}
T{00000000-0000-0000-0000-000000074466}
F{00000000-0000-0000-0000-000000103C79}
F{00000000-0000-0000-0000-000000108B3B}
T{00000000-0000-0000-0000-000000020F85}
T{00000000-0000-0000-0000-00000031CEB3}
T{00000000-0000-0000-0000-00000019F414}
F{00000000-0000-0000-0000-00000032E859}
F{00000000-0000-0000-0000-00000010215D}
T{00000000-0000-0000-0000-00000010AB65}
T{00000000-0000-0000-0000-0000000F9C6B}
T{00000000-0000-0000-0000-0000000CE9C4}
F{00000000-0000-0000-0000-00000009BAD7}
T{00000000-0000-0000-0000-0000002AAA36}
F{00000000-0000-0000-0000-00000013995B}
F{00000000-0000-0000-0000-00000032E994}
F{00000000-0000-0000-0000-00000015892F}
F{00000000-0000-0000-0000-00000032FBFC}
F{00000000-0000-0000-0000-0000001AE83E}
F{00000000-0000-0000-0000-0000002C76ED}
F{00000000-0000-0000-0000-000000267BC2}
F{00000000-0000-0000-0000-00000022E477}
F{00000000-0000-0000-0000-0000002B9ADC}
F{00000000-0000-0000-0000-00000021868E}
T{00000000-0000-0000-0000-0000002E9CBC}
F{00000000-0000-0000-0000-0000000EB2FC}
T{00000000-0000-0000-0000-000000106746}
F{00000000-0000-0000-0000-00000016EE88}
T{00000000-0000-0000-0000-00000017BAFF}
F{00000000-0000-0000-0000-00000019B791}
F{00000000-0000-0000-0000-0000001A871A}
F{00000000-0000-0000-0000-000000320A01}
F{00000000-0000-0000-0000-000000251E83}
F{00000000-0000-0000-0000-0000001278AF}
F{00000000-0000-0000-0000-00000013995B}
T{00000000-0000-0000-0000-00000032E994}
F{00000000-0000-0000-0000-00000015892F}
F{00000000-0000-0000-0000-00000032FBFC}
T{00000000-0000-0000-0000-0000001AE83E}
T{00000000-0000-0000-0000-0000002C76ED}
F{00000000-0000-0000-0000-000000267BC2}
T{00000000-0000-0000-0000-00000022E477}
T{00000000-0000-0000-0000-0000002B9ADC}
T{00000000-0000-0000-0000-00000021868E}
T{00000000-0000-0000-0000-0000002E9CBC}
F{00000000-0000-0000-0000-0000000EB2FC}
T{00000000-0000-0000-0000-000000106746}
F{00000000-0000-0000-0000-00000016EE88}
T{00000000-0000-0000-0000-00000017BAFF}
T{00000000-0000-0000-0000-00000019B791}
T{00000000-0000-0000-0000-0000001A871A}
F{00000000-0000-0000-0000-000000320A01}
F{00000000-0000-0000-0000-000000251E83}
F{00000000-0000-0000-0000-0000001278AF}
F{00000000-0000-0000-0000-0000002C4EFE}
T{00000000-0000-0000-0000-000000325149}
T{00000000-0000-0000-0000-00000024CD16}
T{00000000-0000-0000-0000-0000000BF69D}
F{00000000-0000-0000-0000-0000002853F7}
F{00000000-0000-0000-0000-000000220C37}
F{00000000-0000-0000-0000-0000002CDFC9}
F{00000000-0000-0000-0000-0000002C6187}
F{00000000-0000-0000-0000-00000020548C}
T{00000000-0000-0000-0000-000000197FB6}
T{00000000-0000-0000-0000-000000059899}
T{00000000-0000-0000-0000-0000002380FC}
F{00000000-0000-0000-0000-0000001A8B13}
T{00000000-0000-0000-0000-0000002E66CF}
F{00000000-0000-0000-0000-0000001379ED}
F{00000000-0000-0000-0000-00000023C11C}
F{00000000-0000-0000-0000-0000002A02EE}
F{00000000-0000-0000-0000-0000002AA866}
T{00000000-0000-0000-0000-0000000E3964}
F{00000000-0000-0000-0000-0000001187A9}
T{00000000-0000-0000-0000-0000002C4EFE}
T{00000000-0000-0000-0000-000000325149}
T{00000000-0000-0000-0000-00000024CD16}
T{00000000-0000-0000-0000-0000000BF69D}
F{00000000-0000-0000-0000-0000002853F7}
F{00000000-0000-0000-0000-000000220C37}
F{00000000-0000-0000-0000-0000002CDFC9}
F{00000000-0000-0000-0000-0000002C6187}
F{00000000-0000-0000-0000-00000020548C}
T{00000000-0000-0000-0000-000000197FB6}
T{00000000-0000-0000-0000-000000059899}
T{00000000-0000-0000-0000-0000002380FC}
T{00000000-0000-0000-0000-0000001A8B13}
T{00000000-0000-0000-0000-0000002E66CF}
F{00000000-0000-0000-0000-0000001379ED}
T{00000000-0000-0000-0000-00000023C11C}
T{00000000-0000-0000-0000-0000002A02EE}
F{00000000-0000-0000-0000-0000002AA866}
T{00000000-0000-0000-0000-0000000E3964}
T{00000000-0000-0000-0000-0000001187A9}
F{00000000-0000-0000-0000-00000024D4B0}
T{00000000-0000-0000-0000-000000244890}
T{00000000-0000-0000-0000-000000238CD3}
F{00000000-0000-0000-0000-00000029E184}
F{00000000-0000-0000-0000-0000001AF5B8}
F{00000000-0000-0000-0000-00000006E062}
F{00000000-0000-0000-0000-00000032B96F}
T{00000000-0000-0000-0000-0000002A9BF0}
T{00000000-0000-0000-0000-00000019E343}
F{00000000-0000-0000-0000-0000002D162B}
F{00000000-0000-0000-0000-00000009066B}
T{00000000-0000-0000-0000-0000002AE627}
T{00000000-0000-0000-0000-0000000928C2}
F{00000000-0000-0000-0000-0000000BBAF7}
F{00000000-0000-0000-0000-0000000D3A09}
F{00000000-0000-0000-0000-000000222774}
F{00000000-0000-0000-0000-0000002BDEA2}
F{00000000-0000-0000-0000-00000005C588}
F{00000000-0000-0000-0000-000000336361}
T{00000000-0000-0000-0000-000000243B6C}
T{00000000-0000-0000-0000-00000024D4B0}
T{00000000-0000-0000-0000-000000244890}
T{00000000-0000-0000-0000-000000238CD3}
F{00000000-0000-0000-0000-00000029E184}
T{00000000-0000-0000-0000-0000001AF5B8}
F{00000000-0000-0000-0000-00000006E062}
F{00000000-0000-0000-0000-00000032B96F}
T{00000000-0000-0000-0000-0000002A9BF0}
T{00000000-0000-0000-0000-00000019E343}
T{00000000-0000-0000-0000-0000002D162B}
F{00000000-0000-0000-0000-00000009066B}
T{00000000-0000-0000-0000-0000002AE627}
T{00000000-0000-0000-0000-0000000928C2}
T{00000000-0000-0000-0000-0000000BBAF7}
T{00000000-0000-0000-0000-0000000D3A09}
F{00000000-0000-0000-0000-000000222774}
F{00000000-0000-0000-0000-0000002BDEA2}
F{00000000-0000-0000-0000-00000005C588}
F{00000000-0000-0000-0000-000000336361}
T{00000000-0000-0000-0000-000000243B6C}
F{00000000-0000-0000-0000-00000021E588}
F{00000000-0000-0000-0000-000000147165}
F{00000000-0000-0000-0000-00000032686B}
F{00000000-0000-0000-0000-0000002AD1C2}
F{00000000-0000-0000-0000-0000002691F5}
F{00000000-0000-0000-0000-0000002FA47F}
T{00000000-0000-0000-0000-00000027BFF4}
F{00000000-0000-0000-0000-00000022F0AA}
T{00000000-0000-0000-0000-0000002A4374}
F{00000000-0000-0000-0000-0000002A08D5}
T{00000000-0000-0000-0000-0000002E2FA0}
F{00000000-0000-0000-0000-00000002FF57}
T{00000000-0000-0000-0000-000000099D5D}
F{00000000-0000-0000-0000-000000152F96}
F{00000000-0000-0000-0000-0000001D5B1B}
T{00000000-0000-0000-0000-0000001E3924}
F{00000000-0000-0000-0000-0000003032D8}
T{00000000-0000-0000-0000-0000001BDA94}
F{00000000-0000-0000-0000-000000099302}
F{00000000-0000-0000-0000-000000138B76}
T{00000000-0000-0000-0000-00000021E588}
F{00000000-0000-0000-0000-000000147165}
T{00000000-0000-0000-0000-00000032686B}
T{00000000-0000-0000-0000-0000002AD1C2}
F{00000000-0000-0000-0000-0000002691F5}
T{00000000-0000-0000-0000-0000002FA47F}
T{00000000-0000-0000-0000-00000027BFF4}
T{00000000-0000-0000-0000-00000022F0AA}
T{00000000-0000-0000-0000-0000002A4374}
F{00000000-0000-0000-0000-0000002A08D5}
T{00000000-0000-0000-0000-0000002E2FA0}
T{00000000-0000-0000-0000-00000002FF57}
T{00000000-0000-0000-0000-000000099D5D}
F{00000000-0000-0000-0000-000000152F96}
F{00000000-0000-0000-0000-0000001D5B1B}
T{00000000-0000-0000-0000-0000001E3924}
T{00000000-0000-0000-0000-0000003032D8}
T{00000000-0000-0000-0000-0000001BDA94}
T{00000000-0000-0000-0000-000000099302}
F{00000000-0000-0000-0000-000000138B76}
T{00000000-0000-0000-0000-000000148E71}
F{00000000-0000-0000-0000-0000000A3CCC}
T{00000000-0000-0000-0000-0000001DC5DF}
T{00000000-0000-0000-0000-0000000586B3}
T{00000000-0000-0000-0000-0000001CF779}
T{00000000-0000-0000-0000-00000009AD92}
T{00000000-0000-0000-0000-0000000DF8B1}
T{00000000-0000-0000-0000-0000001985BE}
F{00000000-0000-0000-0000-0000002651AC}
T{00000000-0000-0000-0000-0000001633C3}
F{00000000-0000-0000-0000-0000000FBE71}
F{00000000-0000-0000-0000-00000006919F}
F{00000000-0000-0000-0000-00000011FA5C}
F{00000000-0000-0000-0000-00000028813D}
T{00000000-0000-0000-0000-0000000D1718}
F{00000000-0000-0000-0000-000000041967}
F{00000000-0000-0000-0000-0000000970F1}
T{00000000-0000-0000-0000-000000287CD1}
F{00000000-0000-0000-0000-0000002179E5}
T{00000000-0000-0000-0000-0000003250DF}
T{00000000-0000-0000-0000-000000148E71}
F{00000000-0000-0000-0000-0000000A3CCC}
T{00000000-0000-0000-0000-0000001DC5DF}
T{00000000-0000-0000-0000-0000000586B3}
T{00000000-0000-0000-0000-0000001CF779}
T{00000000-0000-0000-0000-00000009AD92}
T{00000000-0000-0000-0000-0000000DF8B1}
T{00000000-0000-0000-0000-0000001985BE}
F{00000000-0000-0000-0000-0000002651AC}
T{00000000-0000-0000-0000-0000001633C3}
F{00000000-0000-0000-0000-0000000FBE71}
T{00000000-0000-0000-0000-00000006919F}
F{00000000-0000-0000-0000-00000011FA5C}
T{00000000-0000-0000-0000-00000028813D}
T{00000000-0000-0000-0000-0000000D1718}
T{00000000-0000-0000-0000-000000041967}
F{00000000-0000-0000-0000-0000000970F1}
T{00000000-0000-0000-0000-000000287CD1}
T{00000000-0000-0000-0000-0000002179E5}
T{00000000-0000-0000-0000-0000003250DF}
F{00000000-0000-0000-0000-00000028980F}
F{00000000-0000-0000-0000-0000002AD2A1}
F{00000000-0000-0000-0000-0000002001DC}
F{00000000-0000-0000-0000-00000012AF34}
F{00000000-0000-0000-0000-000000126649}
F{00000000-0000-0000-0000-0000002B60DE}
F{00000000-0000-0000-0000-000000106A2C}
T{00000000-0000-0000-0000-0000000CF7F5}
F{00000000-0000-0000-0000-0000002591DD}
F{00000000-0000-0000-0000-0000000BD989}
F{00000000-0000-0000-0000-000000146C13}
F{00000000-0000-0000-0000-00000024D328}
F{00000000-0000-0000-0000-0000002ACE76}
F{00000000-0000-0000-0000-0000000AB664}
F{00000000-0000-0000-0000-00000009C55D}
T{00000000-0000-0000-0000-00000026A0D7}
F{00000000-0000-0000-0000-00000022F9B8}
F{00000000-0000-0000-0000-00000007DDDE}
T{00000000-0000-0000-0000-0000001A657D}
F{00000000-0000-0000-0000-00000006524D}
F{00000000-0000-0000-0000-00000028980F}
T{00000000-0000-0000-0000-0000002AD2A1}
F{00000000-0000-0000-0000-0000002001DC}
F{00000000-0000-0000-0000-00000012AF34}
T{00000000-0000-0000-0000-000000126649}
T{00000000-0000-0000-0000-0000002B60DE}
F{00000000-0000-0000-0000-000000106A2C}
T{00000000-0000-0000-0000-0000000CF7F5}
T{00000000-0000-0000-0000-0000002591DD}
F{00000000-0000-0000-0000-0000000BD989}
T{00000000-0000-0000-0000-000000146C13}
T{00000000-0000-0000-0000-00000024D328}
F{00000000-0000-0000-0000-0000002ACE76}
F{00000000-0000-0000-0000-0000000AB664}
T{00000000-0000-0000-0000-00000009C55D}
T{00000000-0000-0000-0000-00000026A0D7}
F{00000000-0000-0000-0000-00000022F9B8}
T{00000000-0000-0000-0000-00000007DDDE}
T{00000000-0000-0000-0000-0000001A657D}
T{00000000-0000-0000-0000-00000006524D}
F{00000000-0000-0000-0000-00000016BA6A}
F{00000000-0000-0000-0000-00000026C0C1}
F{00000000-0000-0000-0000-0000000C29E6}
F{00000000-0000-0000-0000-0000001B7F5B}
F{00000000-0000-0000-0000-00000029CB1D}
T{00000000-0000-0000-0000-0000002C51D3}
F{00000000-0000-0000-0000-00000020CF55}
T{00000000-0000-0000-0000-000000146BB2}
F{00000000-0000-0000-0000-000000113C06}
F{00000000-0000-0000-0000-00000005EF6E}
F{00000000-0000-0000-0000-000000269527}
T{00000000-0000-0000-0000-0000002ADDAD}
F{00000000-0000-0000-0000-000000263D12}
F{00000000-0000-0000-0000-0000000A3D45}
T{00000000-0000-0000-0000-0000002CD8A9}
T{00000000-0000-0000-0000-00000009AC55}
F{00000000-0000-0000-0000-00000016DEE7}
T{00000000-0000-0000-0000-000000289A95}
F{00000000-0000-0000-0000-0000000B0D42}
F{00000000-0000-0000-0000-000000146F18}
F{00000000-0000-0000-0000-00000016BA6A}
F{00000000-0000-0000-0000-00000026C0C1}
F{00000000-0000-0000-0000-0000000C29E6}
T{00000000-0000-0000-0000-0000001B7F5B}
F{00000000-0000-0000-0000-00000029CB1D}
T{00000000-0000-0000-0000-0000002C51D3}
T{00000000-0000-0000-0000-00000020CF55}
T{00000000-0000-0000-0000-000000146BB2}
F{00000000-0000-0000-0000-000000113C06}
F{00000000-0000-0000-0000-00000005EF6E}
F{00000000-0000-0000-0000-000000269527}
T{00000000-0000-0000-0000-0000002ADDAD}
F{00000000-0000-0000-0000-000000263D12}
T{00000000-0000-0000-0000-0000000A3D45}
T{00000000-0000-0000-0000-0000002CD8A9}
T{00000000-0000-0000-0000-00000009AC55}
T{00000000-0000-0000-0000-00000016DEE7}
T{00000000-0000-0000-0000-000000289A95}
T{00000000-0000-0000-0000-0000000B0D42}
F{00000000-0000-0000-0000-000000146F18}
F{00000000-0000-0000-0000-0000002AD098}
T{00000000-0000-0000-0000-00000017574C}
F{00000000-0000-0000-0000-000000098996}
F{00000000-0000-0000-0000-0000001282E8}
F{00000000-0000-0000-0000-000000225920}
F{00000000-0000-0000-0000-0000000A5B30}
F{00000000-0000-0000-0000-000000253D59}
F{00000000-0000-0000-0000-00000026DB04}
T{00000000-0000-0000-0000-00000016F860}
T{00000000-0000-0000-0000-000000139F40}
F{00000000-0000-0000-0000-000000301289}
T{00000000-0000-0000-0000-000000249B7C}
T{00000000-0000-0000-0000-0000000EF5E7}
F{00000000-0000-0000-0000-0000003362C8}
F{00000000-0000-0000-0000-0000002137D4}
F{00000000-0000-0000-0000-0000003025B3}
F{00000000-0000-0000-0000-000000273493}
T{00000000-0000-0000-0000-00000028C84A}
F{00000000-0000-0000-0000-000000199ECD}
F{00000000-0000-0000-0000-0000001D6905}
F{00000000-0000-0000-0000-0000002AD098}
T{00000000-0000-0000-0000-00000017574C}
F{00000000-0000-0000-0000-000000098996}
F{00000000-0000-0000-0000-0000001282E8}
T{00000000-0000-0000-0000-000000225920}
F{00000000-0000-0000-0000-0000000A5B30}
T{00000000-0000-0000-0000-000000253D59}
F{00000000-0000-0000-0000-00000026DB04}
T{00000000-0000-0000-0000-00000016F860}
T{00000000-0000-0000-0000-000000139F40}
T{00000000-0000-0000-0000-000000301289}
T{00000000-0000-0000-0000-000000249B7C}
T{00000000-0000-0000-0000-0000000EF5E7}
F{00000000-0000-0000-0000-0000003362C8}
T{00000000-0000-0000-0000-0000002137D4}
T{00000000-0000-0000-0000-0000003025B3}
F{00000000-0000-0000-0000-000000273493}
T{00000000-0000-0000-0000-00000028C84A}
T{00000000-0000-0000-0000-000000199ECD}
F{00000000-0000-0000-0000-0000001D6905}
T{00000000-0000-0000-0000-0000000A4F74}
F{00000000-0000-0000-0000-0000002CD6C8}
F{00000000-0000-0000-0000-0000002CDE1F}
F{00000000-0000-0000-0000-0000002B9CA9}
F{00000000-0000-0000-0000-0000000A5792}
T{00000000-0000-0000-0000-000000165DA6}
F{00000000-0000-0000-0000-0000000E15DD}
