F{00000000-0000-0000-0000-0000000BBAF7}
F{00000000-0000-0000-0000-00000005EE69}
F{00000000-0000-0000-0000-0000000F3587}
T{00000000-0000-0000-0000-0000000BBAF7}
T{00000000-0000-0000-0000-00000005EE69}
T{00000000-0000-0000-0000-0000000F3587}
T{00000000-0000-0000-0000-00000031EE7B}
T{00000000-0000-0000-0000-0000000B96A0}
F{00000000-0000-0000-0000-000000251E83}
T{00000000-0000-0000-0000-0000001D3CD0}
T{00000000-0000-0000-0000-0000001A8B13}
F{00000000-0000-0000-0000-000000111E00}
F{00000000-0000-0000-0000-00000032A8DB}
F{00000000-0000-0000-0000-00000008DF2C}
T{00000000-0000-0000-0000-000000249B7C}
F{00000000-0000-0000-0000-0000001AF5B8}
F{00000000-0000-0000-0000-0000001AF208}
F{00000000-0000-0000-0000-0000003019AD}
T{00000000-0000-0000-0000-00000006919F}
T{00000000-0000-0000-0000-00000016AC27}
F{00000000-0000-0000-0000-0000002AB719}
F{00000000-0000-0000-0000-0000000CF7CD}
F{00000000-0000-0000-0000-0000001DB186}
T{00000000-0000-0000-0000-000000113245}
F{00000000-0000-0000-0000-0000001FD913}
F{00000000-0000-0000-0000-00000006DF77}
T{00000000-0000-0000-0000-00000031EE7B}
T{00000000-0000-0000-0000-0000000B96A0}
T{00000000-0000-0000-0000-000000251E83}
T{00000000-0000-0000-0000-0000001D3CD0}
T{00000000-0000-0000-0000-0000001A8B13}
T{00000000-0000-0000-0000-000000111E00}
T{00000000-0000-0000-0000-00000032A8DB}
F{00000000-0000-0000-0000-00000008DF2C}
T{00000000-0000-0000-0000-000000249B7C}
T{00000000-0000-0000-0000-0000001AF5B8}
F{00000000-0000-0000-0000-0000001AF208}
F{00000000-0000-0000-0000-0000003019AD}
T{00000000-0000-0000-0000-00000006919F}
T{00000000-0000-0000-0000-00000016AC27}
F{00000000-0000-0000-0000-0000002AB719}
F{00000000-0000-0000-0000-0000000CF7CD}
T{00000000-0000-0000-0000-0000001DB186}
T{00000000-0000-0000-0000-000000113245}
F{00000000-0000-0000-0000-0000001FD913}
T{00000000-0000-0000-0000-00000006DF77}
T{00000000-0000-0000-0000-00000031EFC5}
T{00000000-0000-0000-0000-0000000EFC81}
F{00000000-0000-0000-0000-000000119C07}
T{00000000-0000-0000-0000-0000002AAA36}
F{00000000-0000-0000-0000-0000000B0D42}
F{00000000-0000-0000-0000-00000016979A}
F{00000000-0000-0000-0000-0000001379ED}
F{00000000-0000-0000-0000-0000001C3DC9}
T{00000000-0000-0000-0000-000000243F1C}
F{00000000-0000-0000-0000-0000001FFDD7}
F{00000000-0000-0000-0000-0000000B1846}
F{00000000-0000-0000-0000-000000270E01}
T{00000000-0000-0000-0000-00000020D2B2}
F{00000000-0000-0000-0000-0000000AAEFB}
T{00000000-0000-0000-0000-0000001464E5}
T{00000000-0000-0000-0000-0000002946BB}
T{00000000-0000-0000-0000-0000003025B3}
F{00000000-0000-0000-0000-0000002A47D9}
F{00000000-0000-0000-0000-0000000EC264}
F{00000000-0000-0000-0000-000000030FAE}
T{00000000-0000-0000-0000-00000031EFC5}
T{00000000-0000-0000-0000-0000000EFC81}
T{00000000-0000-0000-0000-000000119C07}
T{00000000-0000-0000-0000-0000002AAA36}
F{00000000-0000-0000-0000-0000000B0D42}
F{00000000-0000-0000-0000-00000016979A}
F{00000000-0000-0000-0000-0000001379ED}
T{00000000-0000-0000-0000-0000001C3DC9}
T{00000000-0000-0000-0000-000000243F1C}
F{00000000-0000-0000-0000-0000001FFDD7}
T{00000000-0000-0000-0000-0000000B1846}
F{00000000-0000-0000-0000-000000270E01}
T{00000000-0000-0000-0000-00000020D2B2}
F{00000000-0000-0000-0000-0000000AAEFB}
F{00000000-0000-0000-0000-0000001464E5}
T{00000000-0000-0000-0000-0000002946BB}
T{00000000-0000-0000-0000-0000003025B3}
T{00000000-0000-0000-0000-0000002A47D9}
T{00000000-0000-0000-0000-0000000EC264}
T{00000000-0000-0000-0000-000000030FAE}
T{00000000-0000-0000-0000-0000000EFCB1}
T{00000000-0000-0000-0000-0000002C4147}
F{00000000-0000-0000-0000-0000002ADB4F}
F{00000000-0000-0000-0000-00000019D284}
F{00000000-0000-0000-0000-000000110D6E}
F{00000000-0000-0000-0000-00000020548C}
F{00000000-0000-0000-0000-0000000BD989}
F{00000000-0000-0000-0000-0000002EFB03}
F{00000000-0000-0000-0000-00000021C1B7}
T{00000000-0000-0000-0000-0000001A72D1}
F{00000000-0000-0000-0000-00000013BFCB}
T{00000000-0000-0000-0000-0000000E15DD}
F{00000000-0000-0000-0000-0000000E6E55}
T{00000000-0000-0000-0000-000000320D87}
F{00000000-0000-0000-0000-00000011C1D0}
F{00000000-0000-0000-0000-0000000A9687}
F{00000000-0000-0000-0000-000000146BA0}
F{00000000-0000-0000-0000-0000002DC9A5}
T{00000000-0000-0000-0000-0000000FB5F9}
F{00000000-0000-0000-0000-00000013BB66}
T{00000000-0000-0000-0000-0000000EFCB1}
T{00000000-0000-0000-0000-0000002C4147}
F{00000000-0000-0000-0000-0000002ADB4F}
T{00000000-0000-0000-0000-00000019D284}
T{00000000-0000-0000-0000-000000110D6E}
F{00000000-0000-0000-0000-00000020548C}
F{00000000-0000-0000-0000-0000000BD989}
T{00000000-0000-0000-0000-0000002EFB03}
F{00000000-0000-0000-0000-00000021C1B7}
T{00000000-0000-0000-0000-0000001A72D1}
F{00000000-0000-0000-0000-00000013BFCB}
T{00000000-0000-0000-0000-0000000E15DD}
T{00000000-0000-0000-0000-0000000E6E55}
T{00000000-0000-0000-0000-000000320D87}
T{00000000-0000-0000-0000-00000011C1D0}
F{00000000-0000-0000-0000-0000000A9687}
F{00000000-0000-0000-0000-000000146BA0}
F{00000000-0000-0000-0000-0000002DC9A5}
T{00000000-0000-0000-0000-0000000FB5F9}
F{00000000-0000-0000-0000-00000013BB66}
T{00000000-0000-0000-0000-00000007DDDE}
F{00000000-0000-0000-0000-0000001A891E}
F{00000000-0000-0000-0000-0000002B7D45}
F{00000000-0000-0000-0000-0000000AAF2A}
T{00000000-0000-0000-0000-0000001E6816}
T{00000000-0000-0000-0000-000000242682}
F{00000000-0000-0000-0000-0000002843CE}
F{00000000-0000-0000-0000-000000146F18}
F{00000000-0000-0000-0000-0000002A02EE}
T{00000000-0000-0000-0000-0000000CB200}
F{00000000-0000-0000-0000-0000000DF706}
T{00000000-0000-0000-0000-00000019F414}
F{00000000-0000-0000-0000-000000083C07}
T{00000000-0000-0000-0000-0000002FA358}
F{00000000-0000-0000-0000-000000171CAA}
T{00000000-0000-0000-0000-000000072837}
F{00000000-0000-0000-0000-0000002D4147}
F{00000000-0000-0000-0000-0000002E0E9F}
F{00000000-0000-0000-0000-00000003E599}
T{00000000-0000-0000-0000-0000000953A0}
T{00000000-0000-0000-0000-00000007DDDE}
F{00000000-0000-0000-0000-0000001A891E}
F{00000000-0000-0000-0000-0000002B7D45}
F{00000000-0000-0000-0000-0000000AAF2A}
T{00000000-0000-0000-0000-0000001E6816}
T{00000000-0000-0000-0000-000000242682}
F{00000000-0000-0000-0000-0000002843CE}
T{00000000-0000-0000-0000-000000146F18}
T{00000000-0000-0000-0000-0000002A02EE}
T{00000000-0000-0000-0000-0000000CB200}
F{00000000-0000-0000-0000-0000000DF706}
T{00000000-0000-0000-0000-00000019F414}
T{00000000-0000-0000-0000-000000083C07}
T{00000000-0000-0000-0000-0000002FA358}
F{00000000-0000-0000-0000-000000171CAA}
T{00000000-0000-0000-0000-000000072837}
F{00000000-0000-0000-0000-0000002D4147}
F{00000000-0000-0000-0000-0000002E0E9F}
T{00000000-0000-0000-0000-00000003E599}
T{00000000-0000-0000-0000-0000000953A0}
F{00000000-0000-0000-0000-00000008AA1A}
F{00000000-0000-0000-0000-000000210B04}
F{00000000-0000-0000-0000-000000222A3E}
T{00000000-0000-0000-0000-0000000FD54B}
F{00000000-0000-0000-0000-00000005A714}
F{00000000-0000-0000-0000-0000002467BF}
T{00000000-0000-0000-0000-0000001024B9}
F{00000000-0000-0000-0000-000000113B7F}
F{00000000-0000-0000-0000-000000101515}
T{00000000-0000-0000-0000-0000001D5B1B}
F{00000000-0000-0000-0000-0000002B9CA9}
F{00000000-0000-0000-0000-00000008C1DE}
F{00000000-0000-0000-0000-00000017358C}
F{00000000-0000-0000-0000-000000235A71}
F{00000000-0000-0000-0000-000000128BA6}
T{00000000-0000-0000-0000-0000002CD6C8}
F{00000000-0000-0000-0000-00000026F31D}
F{00000000-0000-0000-0000-00000010598A}
T{00000000-0000-0000-0000-00000008E1A8}
F{00000000-0000-0000-0000-0000001187A9}
F{00000000-0000-0000-0000-00000008AA1A}
F{00000000-0000-0000-0000-000000210B04}
T{00000000-0000-0000-0000-000000222A3E}
T{00000000-0000-0000-0000-0000000FD54B}
T{00000000-0000-0000-0000-00000005A714}
F{00000000-0000-0000-0000-0000002467BF}
T{00000000-0000-0000-0000-0000001024B9}
T{00000000-0000-0000-0000-000000113B7F}
T{00000000-0000-0000-0000-000000101515}
T{00000000-0000-0000-0000-0000001D5B1B}
T{00000000-0000-0000-0000-0000002B9CA9}
T{00000000-0000-0000-0000-00000008C1DE}
F{00000000-0000-0000-0000-00000017358C}
T{00000000-0000-0000-0000-000000235A71}
T{00000000-0000-0000-0000-000000128BA6}
T{00000000-0000-0000-0000-0000002CD6C8}
T{00000000-0000-0000-0000-00000026F31D}
T{00000000-0000-0000-0000-00000010598A}
T{00000000-0000-0000-0000-00000008E1A8}
T{00000000-0000-0000-0000-0000001187A9}
T{00000000-0000-0000-0000-0000001E644A}
F{00000000-0000-0000-0000-00000026A8E2}
F{00000000-0000-0000-0000-0000000FC3AA}
F{00000000-0000-0000-0000-000000271DD9}
F{00000000-0000-0000-0000-000000152F96}
F{00000000-0000-0000-0000-0000002CDE1F}
F{00000000-0000-0000-0000-00000007C25E}
F{00000000-0000-0000-0000-0000000AE577}
F{00000000-0000-0000-0000-00000019EB21}
F{00000000-0000-0000-0000-000000282FCE}
F{00000000-0000-0000-0000-0000000FBE71}
F{00000000-0000-0000-0000-000000324F3F}
F{00000000-0000-0000-0000-0000000AE447}
F{00000000-0000-0000-0000-00000014B44C}
T{00000000-0000-0000-0000-00000022ED6F}
T{00000000-0000-0000-0000-00000009AD92}
F{00000000-0000-0000-0000-0000001C7E16}
F{00000000-0000-0000-0000-000000096F27}
F{00000000-0000-0000-0000-000000122CB0}
F{00000000-0000-0000-0000-0000002819B0}
T{00000000-0000-0000-0000-0000001E644A}
T{00000000-0000-0000-0000-00000026A8E2}
T{00000000-0000-0000-0000-0000000FC3AA}
T{00000000-0000-0000-0000-000000271DD9}
T{00000000-0000-0000-0000-000000152F96}
F{00000000-0000-0000-0000-0000002CDE1F}
F{00000000-0000-0000-0000-00000007C25E}
T{00000000-0000-0000-0000-0000000AE577}
F{00000000-0000-0000-0000-00000019EB21}
F{00000000-0000-0000-0000-000000282FCE}
F{00000000-0000-0000-0000-0000000FBE71}
T{00000000-0000-0000-0000-000000324F3F}
F{00000000-0000-0000-0000-0000000AE447}
T{00000000-0000-0000-0000-00000014B44C}
T{00000000-0000-0000-0000-00000022ED6F}
T{00000000-0000-0000-0000-00000009AD92}
F{00000000-0000-0000-0000-0000001C7E16}
T{00000000-0000-0000-0000-000000096F27}
F{00000000-0000-0000-0000-000000122CB0}
F{00000000-0000-0000-0000-0000002819B0}
F{00000000-0000-0000-0000-00000026DB04}
F{00000000-0000-0000-0000-00000032686B}
F{00000000-0000-0000-0000-0000000EFCD0}
F{00000000-0000-0000-0000-000000169CBC}
T{00000000-0000-0000-0000-00000014FDFF}
F{00000000-0000-0000-0000-0000002B8E33}
F{00000000-0000-0000-0000-000000304116}
T{00000000-0000-0000-0000-000000192034}
T{00000000-0000-0000-0000-0000002C51D3}
F{00000000-0000-0000-0000-000000062FD1}
T{00000000-0000-0000-0000-0000001E95A5}
F{00000000-0000-0000-0000-000000289ED3}
F{00000000-0000-0000-0000-00000005EF6E}
T{00000000-0000-0000-0000-0000000A3D45}
F{00000000-0000-0000-0000-0000002BB56B}
F{00000000-0000-0000-0000-00000032016B}
T{00000000-0000-0000-0000-000000319937}
T{00000000-0000-0000-0000-00000021727D}
F{00000000-0000-0000-0000-0000000C5488}
T{00000000-0000-0000-0000-0000000D4DD9}
F{00000000-0000-0000-0000-00000026DB04}
T{00000000-0000-0000-0000-00000032686B}
T{00000000-0000-0000-0000-0000000EFCD0}
F{00000000-0000-0000-0000-000000169CBC}
T{00000000-0000-0000-0000-00000014FDFF}
F{00000000-0000-0000-0000-0000002B8E33}
F{00000000-0000-0000-0000-000000304116}
T{00000000-0000-0000-0000-000000192034}
T{00000000-0000-0000-0000-0000002C51D3}
F{00000000-0000-0000-0000-000000062FD1}
T{00000000-0000-0000-0000-0000001E95A5}
T{00000000-0000-0000-0000-000000289ED3}
F{00000000-0000-0000-0000-00000005EF6E}
T{00000000-0000-0000-0000-0000000A3D45}
F{00000000-0000-0000-0000-0000002BB56B}
F{00000000-0000-0000-0000-00000032016B}
T{00000000-0000-0000-0000-000000319937}
T{00000000-0000-0000-0000-00000021727D}
F{00000000-0000-0000-0000-0000000C5488}
T{00000000-0000-0000-0000-0000000D4DD9}
F{00000000-0000-0000-0000-00000009BCBD}
F{00000000-0000-0000-0000-0000000ABC61}
F{00000000-0000-0000-0000-00000009BAD7}
T{00000000-0000-0000-0000-00000031F0E6}
T{00000000-0000-0000-0000-0000002337D8}
F{00000000-0000-0000-0000-0000001322C6}
T{00000000-0000-0000-0000-00000011B6E2}
T{00000000-0000-0000-0000-0000001EB0AE}
F{00000000-0000-0000-0000-000000324745}
F{00000000-0000-0000-0000-0000001D699A}
T{00000000-0000-0000-0000-0000001C6A68}
F{00000000-0000-0000-0000-0000002F70A5}
F{00000000-0000-0000-0000-00000013C356}
T{00000000-0000-0000-0000-0000001028EE}
F{00000000-0000-0000-0000-0000002A08D5}
T{00000000-0000-0000-0000-00000006FA7E}
F{00000000-0000-0000-0000-0000002D4810}
F{00000000-0000-0000-0000-0000002EDFFA}
T{00000000-0000-0000-0000-0000002D26FD}
T{00000000-0000-0000-0000-00000024DE3A}
T{00000000-0000-0000-0000-00000009BCBD}
F{00000000-0000-0000-0000-0000000ABC61}
F{00000000-0000-0000-0000-00000009BAD7}
T{00000000-0000-0000-0000-00000031F0E6}
T{00000000-0000-0000-0000-0000002337D8}
T{00000000-0000-0000-0000-0000001322C6}
T{00000000-0000-0000-0000-00000011B6E2}
T{00000000-0000-0000-0000-0000001EB0AE}
F{00000000-0000-0000-0000-000000324745}
F{00000000-0000-0000-0000-0000001D699A}
T{00000000-0000-0000-0000-0000001C6A68}
T{00000000-0000-0000-0000-0000002F70A5}
F{00000000-0000-0000-0000-00000013C356}
T{00000000-0000-0000-0000-0000001028EE}
F{00000000-0000-0000-0000-0000002A08D5}
T{00000000-0000-0000-0000-00000006FA7E}
T{00000000-0000-0000-0000-0000002D4810}
F{00000000-0000-0000-0000-0000002EDFFA}
T{00000000-0000-0000-0000-0000002D26FD}
T{00000000-0000-0000-0000-00000024DE3A}
F{00000000-0000-0000-0000-0000000FECC1}
