T{00000000-0000-0000-0000-0000002D4795}
T{00000000-0000-0000-0000-0000000EC264}
F{00000000-0000-0000-0000-0000001C7E16}
F{00000000-0000-0000-0000-0000002FDA95}
F{00000000-0000-0000-0000-0000003019AD}
F{00000000-0000-0000-0000-00000031ED05}
F{00000000-0000-0000-0000-00000028980F}
F{00000000-0000-0000-0000-00000032FBFC}
T{00000000-0000-0000-0000-000000087468}
T{00000000-0000-0000-0000-0000002D4795}
T{00000000-0000-0000-0000-0000000EC264}
T{00000000-0000-0000-0000-0000001C7E16}
T{00000000-0000-0000-0000-0000002FDA95}
F{00000000-0000-0000-0000-0000003019AD}
T{00000000-0000-0000-0000-00000031ED05}
T{00000000-0000-0000-0000-00000028980F}
T{00000000-0000-0000-0000-00000032FBFC}
T{00000000-0000-0000-0000-000000087468}
F{00000000-0000-0000-0000-00000019279C}
F{00000000-0000-0000-0000-00000031EBC3}
F{00000000-0000-0000-0000-0000002C78DE}
F{00000000-0000-0000-0000-000000125A54}
F{00000000-0000-0000-0000-0000002A08D5}
T{00000000-0000-0000-0000-000000049D0E}
F{00000000-0000-0000-0000-00000013BB66}
T{00000000-0000-0000-0000-0000002AD098}
T{00000000-0000-0000-0000-0000002D8355}
F{00000000-0000-0000-0000-00000024D4B0}
F{00000000-0000-0000-0000-0000002AA779}
F{00000000-0000-0000-0000-00000009042B}
F{00000000-0000-0000-0000-000000171CAA}
F{00000000-0000-0000-0000-000000164F6F}
T{00000000-0000-0000-0000-00000026F31D}
F{00000000-0000-0000-0000-0000002361B7}
T{00000000-0000-0000-0000-000000030FAE}
F{00000000-0000-0000-0000-00000021E8F6}
F{00000000-0000-0000-0000-000000108B3B}
F{00000000-0000-0000-0000-00000013BFCB}
T{00000000-0000-0000-0000-00000019279C}
T{00000000-0000-0000-0000-00000031EBC3}
T{00000000-0000-0000-0000-0000002C78DE}
F{00000000-0000-0000-0000-000000125A54}
T{00000000-0000-0000-0000-0000002A08D5}
T{00000000-0000-0000-0000-000000049D0E}
F{00000000-0000-0000-0000-00000013BB66}
T{00000000-0000-0000-0000-0000002AD098}
T{00000000-0000-0000-0000-0000002D8355}
T{00000000-0000-0000-0000-00000024D4B0}
T{00000000-0000-0000-0000-0000002AA779}
T{00000000-0000-0000-0000-00000009042B}
F{00000000-0000-0000-0000-000000171CAA}
T{00000000-0000-0000-0000-000000164F6F}
T{00000000-0000-0000-0000-00000026F31D}
F{00000000-0000-0000-0000-0000002361B7}
T{00000000-0000-0000-0000-000000030FAE}
T{00000000-0000-0000-0000-00000021E8F6}
F{00000000-0000-0000-0000-000000108B3B}
F{00000000-0000-0000-0000-00000013BFCB}
T{00000000-0000-0000-0000-000000320A01}
F{00000000-0000-0000-0000-0000002AA866}
T{00000000-0000-0000-0000-0000002B9ADC}
F{00000000-0000-0000-0000-000000269527}
F{00000000-0000-0000-0000-00000019F30D}
F{00000000-0000-0000-0000-0000002C299F}
F{00000000-0000-0000-0000-0000001C3DC9}
T{00000000-0000-0000-0000-0000002337D8}
F{00000000-0000-0000-0000-0000000A9687}
T{00000000-0000-0000-0000-0000000A0871}
F{00000000-0000-0000-0000-0000002B8F8A}
T{00000000-0000-0000-0000-000000171562}
F{00000000-0000-0000-0000-0000000D226D}
F{00000000-0000-0000-0000-00000028D056}
F{00000000-0000-0000-0000-0000002A93E5}
T{00000000-0000-0000-0000-00000017AD17}
T{00000000-0000-0000-0000-000000319937}
T{00000000-0000-0000-0000-0000000CF7F5}
T{00000000-0000-0000-0000-0000002C95F6}
T{00000000-0000-0000-0000-0000000C42D4}
T{00000000-0000-0000-0000-000000320A01}
F{00000000-0000-0000-0000-0000002AA866}
T{00000000-0000-0000-0000-0000002B9ADC}
T{00000000-0000-0000-0000-000000269527}
T{00000000-0000-0000-0000-00000019F30D}
F{00000000-0000-0000-0000-0000002C299F}
T{00000000-0000-0000-0000-0000001C3DC9}
T{00000000-0000-0000-0000-0000002337D8}
F{00000000-0000-0000-0000-0000000A9687}
T{00000000-0000-0000-0000-0000000A0871}
T{00000000-0000-0000-0000-0000002B8F8A}
T{00000000-0000-0000-0000-000000171562}
T{00000000-0000-0000-0000-0000000D226D}
F{00000000-0000-0000-0000-00000028D056}
F{00000000-0000-0000-0000-0000002A93E5}
T{00000000-0000-0000-0000-00000017AD17}
T{00000000-0000-0000-0000-000000319937}
T{00000000-0000-0000-0000-0000000CF7F5}
T{00000000-0000-0000-0000-0000002C95F6}
T{00000000-0000-0000-0000-0000000C42D4}
F{00000000-0000-0000-0000-0000000B0D42}
F{00000000-0000-0000-0000-000000251E83}
F{00000000-0000-0000-0000-00000022F0AA}
T{00000000-0000-0000-0000-000000295694}
T{00000000-0000-0000-0000-00000010598A}
F{00000000-0000-0000-0000-000000324745}
T{00000000-0000-0000-0000-0000001746B7}
F{00000000-0000-0000-0000-00000032016B}
T{00000000-0000-0000-0000-000000244890}
F{00000000-0000-0000-0000-00000006193F}
F{00000000-0000-0000-0000-0000000BBBC1}
F{00000000-0000-0000-0000-00000026A6D4}
F{00000000-0000-0000-0000-00000024D577}
F{00000000-0000-0000-0000-0000001369DE}
F{00000000-0000-0000-0000-00000020CF55}
F{00000000-0000-0000-0000-00000009D2DB}
F{00000000-0000-0000-0000-0000000A5792}
T{00000000-0000-0000-0000-0000002B60DE}
F{00000000-0000-0000-0000-0000000A5811}
F{00000000-0000-0000-0000-0000002F6B7B}
F{00000000-0000-0000-0000-0000000B0D42}
T{00000000-0000-0000-0000-000000251E83}
T{00000000-0000-0000-0000-00000022F0AA}
T{00000000-0000-0000-0000-000000295694}
T{00000000-0000-0000-0000-00000010598A}
F{00000000-0000-0000-0000-000000324745}
T{00000000-0000-0000-0000-0000001746B7}
F{00000000-0000-0000-0000-00000032016B}
T{00000000-0000-0000-0000-000000244890}
F{00000000-0000-0000-0000-00000006193F}
F{00000000-0000-0000-0000-0000000BBBC1}
T{00000000-0000-0000-0000-00000026A6D4}
F{00000000-0000-0000-0000-00000024D577}
F{00000000-0000-0000-0000-0000001369DE}
T{00000000-0000-0000-0000-00000020CF55}
T{00000000-0000-0000-0000-00000009D2DB}
T{00000000-0000-0000-0000-0000000A5792}
T{00000000-0000-0000-0000-0000002B60DE}
F{00000000-0000-0000-0000-0000000A5811}
T{00000000-0000-0000-0000-0000002F6B7B}
F{00000000-0000-0000-0000-000000335CAB}
F{00000000-0000-0000-0000-000000245B1C}
T{00000000-0000-0000-0000-000000055656}
F{00000000-0000-0000-0000-0000000DA5C4}
F{00000000-0000-0000-0000-0000001E3995}
F{00000000-0000-0000-0000-000000062238}
T{00000000-0000-0000-0000-00000003F093}
F{00000000-0000-0000-0000-0000000A8C33}
F{00000000-0000-0000-0000-000000106A2C}
F{00000000-0000-0000-0000-0000002BDEA2}
T{00000000-0000-0000-0000-00000016BFCF}
F{00000000-0000-0000-0000-00000008B383}
F{00000000-0000-0000-0000-000000289DEC}
F{00000000-0000-0000-0000-0000000BDF18}
T{00000000-0000-0000-0000-0000000A5106}
F{00000000-0000-0000-0000-000000159560}
F{00000000-0000-0000-0000-000000065030}
F{00000000-0000-0000-0000-00000013EDBB}
T{00000000-0000-0000-0000-000000324F3F}
T{00000000-0000-0000-0000-000000119C07}
F{00000000-0000-0000-0000-000000335CAB}
F{00000000-0000-0000-0000-000000245B1C}
T{00000000-0000-0000-0000-000000055656}
T{00000000-0000-0000-0000-0000000DA5C4}
T{00000000-0000-0000-0000-0000001E3995}
T{00000000-0000-0000-0000-000000062238}
T{00000000-0000-0000-0000-00000003F093}
T{00000000-0000-0000-0000-0000000A8C33}
F{00000000-0000-0000-0000-000000106A2C}
T{00000000-0000-0000-0000-0000002BDEA2}
T{00000000-0000-0000-0000-00000016BFCF}
F{00000000-0000-0000-0000-00000008B383}
T{00000000-0000-0000-0000-000000289DEC}
F{00000000-0000-0000-0000-0000000BDF18}
T{00000000-0000-0000-0000-0000000A5106}
F{00000000-0000-0000-0000-000000159560}
T{00000000-0000-0000-0000-000000065030}
F{00000000-0000-0000-0000-00000013EDBB}
T{00000000-0000-0000-0000-000000324F3F}
T{00000000-0000-0000-0000-000000119C07}
F{00000000-0000-0000-0000-0000002A9640}
T{00000000-0000-0000-0000-0000000D55FC}
F{00000000-0000-0000-0000-000000041E64}
F{00000000-0000-0000-0000-00000026C0C1}
F{00000000-0000-0000-0000-000000218CCC}
F{00000000-0000-0000-0000-0000002D5281}
F{00000000-0000-0000-0000-00000026AE05}
T{00000000-0000-0000-0000-0000000A2AE6}
F{00000000-0000-0000-0000-00000029B017}
F{00000000-0000-0000-0000-00000031B2AF}
F{00000000-0000-0000-0000-000000018C66}
F{00000000-0000-0000-0000-000000077309}
F{00000000-0000-0000-0000-000000157C8A}
F{00000000-0000-0000-0000-0000002AD1C2}
F{00000000-0000-0000-0000-00000007C25E}
F{00000000-0000-0000-0000-0000000929D8}
T{00000000-0000-0000-0000-00000009BCC6}
F{00000000-0000-0000-0000-000000106300}
F{00000000-0000-0000-0000-0000002BA651}
F{00000000-0000-0000-0000-00000031DB69}
T{00000000-0000-0000-0000-0000002A9640}
T{00000000-0000-0000-0000-0000000D55FC}
F{00000000-0000-0000-0000-000000041E64}
F{00000000-0000-0000-0000-00000026C0C1}
F{00000000-0000-0000-0000-000000218CCC}
T{00000000-0000-0000-0000-0000002D5281}
T{00000000-0000-0000-0000-00000026AE05}
T{00000000-0000-0000-0000-0000000A2AE6}
T{00000000-0000-0000-0000-00000029B017}
T{00000000-0000-0000-0000-00000031B2AF}
T{00000000-0000-0000-0000-000000018C66}
F{00000000-0000-0000-0000-000000077309}
T{00000000-0000-0000-0000-000000157C8A}
T{00000000-0000-0000-0000-0000002AD1C2}
T{00000000-0000-0000-0000-00000007C25E}
T{00000000-0000-0000-0000-0000000929D8}
T{00000000-0000-0000-0000-00000009BCC6}
T{00000000-0000-0000-0000-000000106300}
T{00000000-0000-0000-0000-0000002BA651}
F{00000000-0000-0000-0000-00000031DB69}
F{00000000-0000-0000-0000-0000002AD2A1}
F{00000000-0000-0000-0000-0000002536E9}
