F{00000000-0000-0000-0000-000000152F96}
F{00000000-0000-0000-0000-000000209B8E}
F{00000000-0000-0000-0000-0000000AE577}
F{00000000-0000-0000-0000-0000002E3209}
F{00000000-0000-0000-0000-00000024BF14}
T{00000000-0000-0000-0000-00000004E003}
T{00000000-0000-0000-0000-0000002B79C6}
F{00000000-0000-0000-0000-0000002ECA3E}
F{00000000-0000-0000-0000-0000000DA5C4}
F{00000000-0000-0000-0000-0000002FF8E1}
F{00000000-0000-0000-0000-000000128932}
F{00000000-0000-0000-0000-0000002CACBC}
F{00000000-0000-0000-0000-000000210B04}
F{00000000-0000-0000-0000-00000014652A}
F{00000000-0000-0000-0000-00000027289F}
F{00000000-0000-0000-0000-0000002897F9}
T{00000000-0000-0000-0000-00000005814E}
F{00000000-0000-0000-0000-000000152F96}
T{00000000-0000-0000-0000-000000209B8E}
F{00000000-0000-0000-0000-0000000AE577}
T{00000000-0000-0000-0000-0000002E3209}
F{00000000-0000-0000-0000-00000024BF14}
T{00000000-0000-0000-0000-00000004E003}
T{00000000-0000-0000-0000-0000002B79C6}
T{00000000-0000-0000-0000-0000002ECA3E}
F{00000000-0000-0000-0000-0000000DA5C4}
F{00000000-0000-0000-0000-0000002FF8E1}
F{00000000-0000-0000-0000-000000128932}
F{00000000-0000-0000-0000-0000002CACBC}
F{00000000-0000-0000-0000-000000210B04}
F{00000000-0000-0000-0000-00000014652A}
T{00000000-0000-0000-0000-00000027289F}
F{00000000-0000-0000-0000-0000002897F9}
T{00000000-0000-0000-0000-00000005814E}
F{00000000-0000-0000-0000-00000019EC18}
F{00000000-0000-0000-0000-0000000CE9C4}
F{00000000-0000-0000-0000-00000029BD67}
T{00000000-0000-0000-0000-00000005DD33}
F{00000000-0000-0000-0000-000000244890}
T{00000000-0000-0000-0000-0000000D16FA}
T{00000000-0000-0000-0000-000000184E75}
F{00000000-0000-0000-0000-00000026908C}
T{00000000-0000-0000-0000-00000026F01D}
F{00000000-0000-0000-0000-00000009BAD7}
F{00000000-0000-0000-0000-00000015892F}
T{00000000-0000-0000-0000-0000000FA4C1}
F{00000000-0000-0000-0000-00000005E3F4}
F{00000000-0000-0000-0000-0000001A177D}
F{00000000-0000-0000-0000-0000001A5588}
F{00000000-0000-0000-0000-000000181235}
T{00000000-0000-0000-0000-0000002728DA}
F{00000000-0000-0000-0000-00000017F789}
F{00000000-0000-0000-0000-000000137696}
F{00000000-0000-0000-0000-00000032FBFC}
F{00000000-0000-0000-0000-00000019EC18}
T{00000000-0000-0000-0000-0000000CE9C4}
T{00000000-0000-0000-0000-00000029BD67}
T{00000000-0000-0000-0000-00000005DD33}
F{00000000-0000-0000-0000-000000244890}
T{00000000-0000-0000-0000-0000000D16FA}
T{00000000-0000-0000-0000-000000184E75}
T{00000000-0000-0000-0000-00000026908C}
T{00000000-0000-0000-0000-00000026F01D}
F{00000000-0000-0000-0000-00000009BAD7}
F{00000000-0000-0000-0000-00000015892F}
T{00000000-0000-0000-0000-0000000FA4C1}
T{00000000-0000-0000-0000-00000005E3F4}
T{00000000-0000-0000-0000-0000001A177D}
T{00000000-0000-0000-0000-0000001A5588}
F{00000000-0000-0000-0000-000000181235}
T{00000000-0000-0000-0000-0000002728DA}
T{00000000-0000-0000-0000-00000017F789}
F{00000000-0000-0000-0000-000000137696}
F{00000000-0000-0000-0000-00000032FBFC}
F{00000000-0000-0000-0000-00000017358C}
F{00000000-0000-0000-0000-0000000D199E}
T{00000000-0000-0000-0000-0000002278EC}
F{00000000-0000-0000-0000-000000110D6E}
T{00000000-0000-0000-0000-000000253D59}
F{00000000-0000-0000-0000-000000122D0D}
T{00000000-0000-0000-0000-00000018025C}
T{00000000-0000-0000-0000-0000002D162B}
F{00000000-0000-0000-0000-0000002651AC}
F{00000000-0000-0000-0000-00000009C55D}
F{00000000-0000-0000-0000-0000000A3CCC}
T{00000000-0000-0000-0000-00000018D090}
F{00000000-0000-0000-0000-00000006FA7E}
F{00000000-0000-0000-0000-0000002FE035}
F{00000000-0000-0000-0000-0000000A3BDF}
T{00000000-0000-0000-0000-0000002A3408}
T{00000000-0000-0000-0000-0000000D3A09}
F{00000000-0000-0000-0000-000000324F3F}
F{00000000-0000-0000-0000-000000148332}
F{00000000-0000-0000-0000-0000001D5B1B}
F{00000000-0000-0000-0000-00000017358C}
T{00000000-0000-0000-0000-0000000D199E}
T{00000000-0000-0000-0000-0000002278EC}
T{00000000-0000-0000-0000-000000110D6E}
T{00000000-0000-0000-0000-000000253D59}
F{00000000-0000-0000-0000-000000122D0D}
T{00000000-0000-0000-0000-00000018025C}
T{00000000-0000-0000-0000-0000002D162B}
F{00000000-0000-0000-0000-0000002651AC}
T{00000000-0000-0000-0000-00000009C55D}
T{00000000-0000-0000-0000-0000000A3CCC}
T{00000000-0000-0000-0000-00000018D090}
T{00000000-0000-0000-0000-00000006FA7E}
F{00000000-0000-0000-0000-0000002FE035}
T{00000000-0000-0000-0000-0000000A3BDF}
T{00000000-0000-0000-0000-0000002A3408}
T{00000000-0000-0000-0000-0000000D3A09}
T{00000000-0000-0000-0000-000000324F3F}
F{00000000-0000-0000-0000-000000148332}
T{00000000-0000-0000-0000-0000001D5B1B}
F{00000000-0000-0000-0000-000000289ED3}
F{00000000-0000-0000-0000-0000002CDFC9}
F{00000000-0000-0000-0000-0000002C6D1C}
T{00000000-0000-0000-0000-0000000A0871}
T{00000000-0000-0000-0000-00000022E477}
F{00000000-0000-0000-0000-0000003362C8}
F{00000000-0000-0000-0000-000000018C66}
T{00000000-0000-0000-0000-0000000BCED8}
F{00000000-0000-0000-0000-0000001DCCD0}
T{00000000-0000-0000-0000-000000169EF3}
T{00000000-0000-0000-0000-00000008179C}
T{00000000-0000-0000-0000-0000002137D4}
T{00000000-0000-0000-0000-000000111B70}
F{00000000-0000-0000-0000-000000275B8E}
F{00000000-0000-0000-0000-000000245B1C}
T{00000000-0000-0000-0000-00000033AD93}
F{00000000-0000-0000-0000-00000014AC98}
F{00000000-0000-0000-0000-00000032E6F6}
F{00000000-0000-0000-0000-00000011B6E2}
F{00000000-0000-0000-0000-0000002796A4}
T{00000000-0000-0000-0000-000000289ED3}
F{00000000-0000-0000-0000-0000002CDFC9}
T{00000000-0000-0000-0000-0000002C6D1C}
T{00000000-0000-0000-0000-0000000A0871}
T{00000000-0000-0000-0000-00000022E477}
F{00000000-0000-0000-0000-0000003362C8}
T{00000000-0000-0000-0000-000000018C66}
T{00000000-0000-0000-0000-0000000BCED8}
F{00000000-0000-0000-0000-0000001DCCD0}
T{00000000-0000-0000-0000-000000169EF3}
T{00000000-0000-0000-0000-00000008179C}
T{00000000-0000-0000-0000-0000002137D4}
T{00000000-0000-0000-0000-000000111B70}
F{00000000-0000-0000-0000-000000275B8E}
F{00000000-0000-0000-0000-000000245B1C}
T{00000000-0000-0000-0000-00000033AD93}
F{00000000-0000-0000-0000-00000014AC98}
F{00000000-0000-0000-0000-00000032E6F6}
T{00000000-0000-0000-0000-00000011B6E2}
T{00000000-0000-0000-0000-0000002796A4}
F{00000000-0000-0000-0000-000000320A01}
F{00000000-0000-0000-0000-0000000E15DD}
T{00000000-0000-0000-0000-00000015BF2E}
F{00000000-0000-0000-0000-0000002CD6C8}
F{00000000-0000-0000-0000-000000219EFE}
F{00000000-0000-0000-0000-0000000AE237}
F{00000000-0000-0000-0000-0000002690A8}
F{00000000-0000-0000-0000-0000002AD098}
T{00000000-0000-0000-0000-0000000C134C}
F{00000000-0000-0000-0000-00000009E1DD}
F{00000000-0000-0000-0000-00000032A5BB}
F{00000000-0000-0000-0000-000000170474}
T{00000000-0000-0000-0000-00000006D3FA}
F{00000000-0000-0000-0000-00000010156C}
F{00000000-0000-0000-0000-00000019D284}
T{00000000-0000-0000-0000-0000002A8596}
T{00000000-0000-0000-0000-00000012A9B0}
T{00000000-0000-0000-0000-0000002433DB}
T{00000000-0000-0000-0000-000000054FCB}
F{00000000-0000-0000-0000-0000001AC595}
T{00000000-0000-0000-0000-000000320A01}
T{00000000-0000-0000-0000-0000000E15DD}
T{00000000-0000-0000-0000-00000015BF2E}
T{00000000-0000-0000-0000-0000002CD6C8}
T{00000000-0000-0000-0000-000000219EFE}
T{00000000-0000-0000-0000-0000000AE237}
T{00000000-0000-0000-0000-0000002690A8}
T{00000000-0000-0000-0000-0000002AD098}
T{00000000-0000-0000-0000-0000000C134C}
T{00000000-0000-0000-0000-00000009E1DD}
T{00000000-0000-0000-0000-00000032A5BB}
T{00000000-0000-0000-0000-000000170474}
T{00000000-0000-0000-0000-00000006D3FA}
T{00000000-0000-0000-0000-00000010156C}
F{00000000-0000-0000-0000-00000019D284}
T{00000000-0000-0000-0000-0000002A8596}
T{00000000-0000-0000-0000-00000012A9B0}
T{00000000-0000-0000-0000-0000002433DB}
T{00000000-0000-0000-0000-000000054FCB}
F{00000000-0000-0000-0000-0000001AC595}
T{00000000-0000-0000-0000-0000003011F7}
F{00000000-0000-0000-0000-00000032BB6B}
F{00000000-0000-0000-0000-00000015BDE3}
F{00000000-0000-0000-0000-0000002E0E9F}
F{00000000-0000-0000-0000-0000001DB268}
F{00000000-0000-0000-0000-0000002A9CF7}
T{00000000-0000-0000-0000-0000000EE00F}
T{00000000-0000-0000-0000-000000099302}
F{00000000-0000-0000-0000-0000002FA47F}
F{00000000-0000-0000-0000-00000007E3BE}
F{00000000-0000-0000-0000-00000011D6C2}
F{00000000-0000-0000-0000-000000063398}
T{00000000-0000-0000-0000-000000088247}
T{00000000-0000-0000-0000-00000023C6B1}
F{00000000-0000-0000-0000-000000077309}
F{00000000-0000-0000-0000-000000278875}
F{00000000-0000-0000-0000-0000002467BF}
F{00000000-0000-0000-0000-0000000A17FA}
T{00000000-0000-0000-0000-0000003032D8}
F{00000000-0000-0000-0000-0000002F16BE}
T{00000000-0000-0000-0000-0000003011F7}
F{00000000-0000-0000-0000-00000032BB6B}
F{00000000-0000-0000-0000-00000015BDE3}
F{00000000-0000-0000-0000-0000002E0E9F}
F{00000000-0000-0000-0000-0000001DB268}
F{00000000-0000-0000-0000-0000002A9CF7}
T{00000000-0000-0000-0000-0000000EE00F}
T{00000000-0000-0000-0000-000000099302}
T{00000000-0000-0000-0000-0000002FA47F}
T{00000000-0000-0000-0000-00000007E3BE}
T{00000000-0000-0000-0000-00000011D6C2}
T{00000000-0000-0000-0000-000000063398}
T{00000000-0000-0000-0000-000000088247}
T{00000000-0000-0000-0000-00000023C6B1}
F{00000000-0000-0000-0000-000000077309}
F{00000000-0000-0000-0000-000000278875}
F{00000000-0000-0000-0000-0000002467BF}
T{00000000-0000-0000-0000-0000000A17FA}
T{00000000-0000-0000-0000-0000003032D8}
T{00000000-0000-0000-0000-0000002F16BE}
F{00000000-0000-0000-0000-00000025482D}
T{00000000-0000-0000-0000-0000002C4A8B}
F{00000000-0000-0000-0000-00000012AF34}
