F{00000000-0000-0000-0000-000000227154}
T{00000000-0000-0000-0000-0000000F6E0A}
F{00000000-0000-0000-0000-0000000EFCD0}
F{00000000-0000-0000-0000-00000022236F}
F{00000000-0000-0000-0000-0000000AE447}
F{00000000-0000-0000-0000-000000271DD9}
T{00000000-0000-0000-0000-0000002B20EF}
T{00000000-0000-0000-0000-000000018C66}
F{00000000-0000-0000-0000-00000024CCE3}
T{00000000-0000-0000-0000-00000026AE05}
T{00000000-0000-0000-0000-0000002AD1C2}
F{00000000-0000-0000-0000-000000245F5D}
F{00000000-0000-0000-0000-0000000D9F5F}
F{00000000-0000-0000-0000-000000062309}
F{00000000-0000-0000-0000-00000024D4B0}
F{00000000-0000-0000-0000-00000014652A}
F{00000000-0000-0000-0000-000000227154}
T{00000000-0000-0000-0000-0000000F6E0A}
T{00000000-0000-0000-0000-0000000EFCD0}
T{00000000-0000-0000-0000-00000022236F}
T{00000000-0000-0000-0000-0000000AE447}
T{00000000-0000-0000-0000-000000271DD9}
T{00000000-0000-0000-0000-0000002B20EF}
T{00000000-0000-0000-0000-000000018C66}
T{00000000-0000-0000-0000-00000024CCE3}
T{00000000-0000-0000-0000-00000026AE05}
T{00000000-0000-0000-0000-0000002AD1C2}
F{00000000-0000-0000-0000-000000245F5D}
F{00000000-0000-0000-0000-0000000D9F5F}
F{00000000-0000-0000-0000-000000062309}
F{00000000-0000-0000-0000-00000024D4B0}
T{00000000-0000-0000-0000-00000014652A}
T{00000000-0000-0000-0000-0000001028EE}
F{00000000-0000-0000-0000-0000002167C1}
T{00000000-0000-0000-0000-0000000782BC}
F{00000000-0000-0000-0000-00000026A7E0}
F{00000000-0000-0000-0000-00000022178C}
F{00000000-0000-0000-0000-00000028D056}
F{00000000-0000-0000-0000-000000125A54}
T{00000000-0000-0000-0000-0000000F70F3}
T{00000000-0000-0000-0000-00000012AF34}
T{00000000-0000-0000-0000-00000023C11C}
F{00000000-0000-0000-0000-00000032BB6B}
F{00000000-0000-0000-0000-000000122D0D}
F{00000000-0000-0000-0000-0000000ADB6D}
T{00000000-0000-0000-0000-0000001594FA}
F{00000000-0000-0000-0000-000000209B8E}
F{00000000-0000-0000-0000-000000103C79}
F{00000000-0000-0000-0000-0000000E6E55}
T{00000000-0000-0000-0000-00000026A8E2}
F{00000000-0000-0000-0000-0000000F0E97}
F{00000000-0000-0000-0000-000000267BC2}
T{00000000-0000-0000-0000-0000001028EE}
F{00000000-0000-0000-0000-0000002167C1}
T{00000000-0000-0000-0000-0000000782BC}
F{00000000-0000-0000-0000-00000026A7E0}
F{00000000-0000-0000-0000-00000022178C}
F{00000000-0000-0000-0000-00000028D056}
F{00000000-0000-0000-0000-000000125A54}
T{00000000-0000-0000-0000-0000000F70F3}
T{00000000-0000-0000-0000-00000012AF34}
T{00000000-0000-0000-0000-00000023C11C}
T{00000000-0000-0000-0000-00000032BB6B}
F{00000000-0000-0000-0000-000000122D0D}
F{00000000-0000-0000-0000-0000000ADB6D}
T{00000000-0000-0000-0000-0000001594FA}
T{00000000-0000-0000-0000-000000209B8E}
T{00000000-0000-0000-0000-000000103C79}
T{00000000-0000-0000-0000-0000000E6E55}
T{00000000-0000-0000-0000-00000026A8E2}
F{00000000-0000-0000-0000-0000000F0E97}
T{00000000-0000-0000-0000-000000267BC2}
T{00000000-0000-0000-0000-000000270DC9}
F{00000000-0000-0000-0000-00000028017B}
T{00000000-0000-0000-0000-00000029B017}
F{00000000-0000-0000-0000-0000002A47D9}
T{00000000-0000-0000-0000-0000000974BB}
F{00000000-0000-0000-0000-0000002DC9A5}
T{00000000-0000-0000-0000-00000032698B}
F{00000000-0000-0000-0000-000000245C0C}
F{00000000-0000-0000-0000-0000001E3995}
F{00000000-0000-0000-0000-00000011FF45}
F{00000000-0000-0000-0000-00000014AC98}
T{00000000-0000-0000-0000-0000002C6187}
F{00000000-0000-0000-0000-00000006E673}
T{00000000-0000-0000-0000-00000008E1A8}
T{00000000-0000-0000-0000-00000033629C}
F{00000000-0000-0000-0000-0000002CDFC9}
F{00000000-0000-0000-0000-0000000ADCC9}
F{00000000-0000-0000-0000-000000254816}
F{00000000-0000-0000-0000-000000335CAB}
T{00000000-0000-0000-0000-000000197C0B}
T{00000000-0000-0000-0000-000000270DC9}
T{00000000-0000-0000-0000-00000028017B}
T{00000000-0000-0000-0000-00000029B017}
T{00000000-0000-0000-0000-0000002A47D9}
T{00000000-0000-0000-0000-0000000974BB}
T{00000000-0000-0000-0000-0000002DC9A5}
T{00000000-0000-0000-0000-00000032698B}
F{00000000-0000-0000-0000-000000245C0C}
F{00000000-0000-0000-0000-0000001E3995}
T{00000000-0000-0000-0000-00000011FF45}
T{00000000-0000-0000-0000-00000014AC98}
T{00000000-0000-0000-0000-0000002C6187}
T{00000000-0000-0000-0000-00000006E673}
T{00000000-0000-0000-0000-00000008E1A8}
T{00000000-0000-0000-0000-00000033629C}
F{00000000-0000-0000-0000-0000002CDFC9}
T{00000000-0000-0000-0000-0000000ADCC9}
T{00000000-0000-0000-0000-000000254816}
F{00000000-0000-0000-0000-000000335CAB}
T{00000000-0000-0000-0000-000000197C0B}
T{00000000-0000-0000-0000-000000128BA6}
F{00000000-0000-0000-0000-000000062238}
F{00000000-0000-0000-0000-0000001FD913}
F{00000000-0000-0000-0000-0000000A7716}
F{00000000-0000-0000-0000-00000013EDBB}
T{00000000-0000-0000-0000-00000008CB54}
T{00000000-0000-0000-0000-0000001894F4}
T{00000000-0000-0000-0000-0000001D30D6}
F{00000000-0000-0000-0000-000000245B1C}
F{00000000-0000-0000-0000-000000263D12}
F{00000000-0000-0000-0000-0000001A3598}
F{00000000-0000-0000-0000-00000005250C}
F{00000000-0000-0000-0000-0000002BCF2E}
F{00000000-0000-0000-0000-0000002BFFD7}
T{00000000-0000-0000-0000-000000096F27}
F{00000000-0000-0000-0000-00000011D6C2}
F{00000000-0000-0000-0000-0000002C76ED}
F{00000000-0000-0000-0000-000000007910}
F{00000000-0000-0000-0000-0000001369DE}
T{00000000-0000-0000-0000-0000000FAF70}
T{00000000-0000-0000-0000-000000128BA6}
T{00000000-0000-0000-0000-000000062238}
F{00000000-0000-0000-0000-0000001FD913}
T{00000000-0000-0000-0000-0000000A7716}
F{00000000-0000-0000-0000-00000013EDBB}
T{00000000-0000-0000-0000-00000008CB54}
T{00000000-0000-0000-0000-0000001894F4}
T{00000000-0000-0000-0000-0000001D30D6}
F{00000000-0000-0000-0000-000000245B1C}
F{00000000-0000-0000-0000-000000263D12}
T{00000000-0000-0000-0000-0000001A3598}
F{00000000-0000-0000-0000-00000005250C}
T{00000000-0000-0000-0000-0000002BCF2E}
F{00000000-0000-0000-0000-0000002BFFD7}
T{00000000-0000-0000-0000-000000096F27}
T{00000000-0000-0000-0000-00000011D6C2}
F{00000000-0000-0000-0000-0000002C76ED}
T{00000000-0000-0000-0000-000000007910}
F{00000000-0000-0000-0000-0000001369DE}
T{00000000-0000-0000-0000-0000000FAF70}
F{00000000-0000-0000-0000-00000005A714}
F{00000000-0000-0000-0000-0000001FFE57}
T{00000000-0000-0000-0000-0000002690A8}
F{00000000-0000-0000-0000-0000002D4F1C}
T{00000000-0000-0000-0000-000000242E7A}
F{00000000-0000-0000-0000-0000000BDF18}
F{00000000-0000-0000-0000-0000001282E8}
F{00000000-0000-0000-0000-0000000A2DD3}
F{00000000-0000-0000-0000-00000031840C}
F{00000000-0000-0000-0000-000000219E6D}
F{00000000-0000-0000-0000-000000289795}
T{00000000-0000-0000-0000-00000031B2AF}
F{00000000-0000-0000-0000-0000002216E6}
T{00000000-0000-0000-0000-000000110D6E}
F{00000000-0000-0000-0000-00000032E6F6}
F{00000000-0000-0000-0000-000000060468}
T{00000000-0000-0000-0000-0000000DEA25}
F{00000000-0000-0000-0000-000000304116}
F{00000000-0000-0000-0000-0000002A02EE}
F{00000000-0000-0000-0000-00000013C356}
T{00000000-0000-0000-0000-00000005A714}
T{00000000-0000-0000-0000-0000001FFE57}
T{00000000-0000-0000-0000-0000002690A8}
F{00000000-0000-0000-0000-0000002D4F1C}
T{00000000-0000-0000-0000-000000242E7A}
F{00000000-0000-0000-0000-0000000BDF18}
F{00000000-0000-0000-0000-0000001282E8}
T{00000000-0000-0000-0000-0000000A2DD3}
F{00000000-0000-0000-0000-00000031840C}
T{00000000-0000-0000-0000-000000219E6D}
T{00000000-0000-0000-0000-000000289795}
T{00000000-0000-0000-0000-00000031B2AF}
F{00000000-0000-0000-0000-0000002216E6}
T{00000000-0000-0000-0000-000000110D6E}
F{00000000-0000-0000-0000-00000032E6F6}
F{00000000-0000-0000-0000-000000060468}
T{00000000-0000-0000-0000-0000000DEA25}
F{00000000-0000-0000-0000-000000304116}
T{00000000-0000-0000-0000-0000002A02EE}
F{00000000-0000-0000-0000-00000013C356}
T{00000000-0000-0000-0000-000000104CF0}
T{00000000-0000-0000-0000-000000140E50}
F{00000000-0000-0000-0000-0000002819B0}
F{00000000-0000-0000-0000-00000013D847}
F{00000000-0000-0000-0000-000000223CFB}
F{00000000-0000-0000-0000-00000024D577}
F{00000000-0000-0000-0000-00000011A66A}
F{00000000-0000-0000-0000-0000002B60AE}
F{00000000-0000-0000-0000-0000000C439B}
T{00000000-0000-0000-0000-0000001AE83E}
T{00000000-0000-0000-0000-0000002591DD}
F{00000000-0000-0000-0000-00000009E1DD}
F{00000000-0000-0000-0000-000000053A0F}
F{00000000-0000-0000-0000-000000083C07}
T{00000000-0000-0000-0000-000000272805}
F{00000000-0000-0000-0000-00000015892F}
F{00000000-0000-0000-0000-0000002D71D6}
T{00000000-0000-0000-0000-0000002CD8A9}
F{00000000-0000-0000-0000-000000157C8A}
F{00000000-0000-0000-0000-0000002D4012}
T{00000000-0000-0000-0000-000000104CF0}
T{00000000-0000-0000-0000-000000140E50}
F{00000000-0000-0000-0000-0000002819B0}
F{00000000-0000-0000-0000-00000013D847}
F{00000000-0000-0000-0000-000000223CFB}
F{00000000-0000-0000-0000-00000024D577}
F{00000000-0000-0000-0000-00000011A66A}
F{00000000-0000-0000-0000-0000002B60AE}
T{00000000-0000-0000-0000-0000000C439B}
T{00000000-0000-0000-0000-0000001AE83E}
T{00000000-0000-0000-0000-0000002591DD}
T{00000000-0000-0000-0000-00000009E1DD}
T{00000000-0000-0000-0000-000000053A0F}
F{00000000-0000-0000-0000-000000083C07}
T{00000000-0000-0000-0000-000000272805}
T{00000000-0000-0000-0000-00000015892F}
F{00000000-0000-0000-0000-0000002D71D6}
T{00000000-0000-0000-0000-0000002CD8A9}
T{00000000-0000-0000-0000-000000157C8A}
T{00000000-0000-0000-0000-0000002D4012}
