T{00000000-0000-0000-0000-000000170474}
T{00000000-0000-0000-0000-000000170474}
T{00000000-0000-0000-0000-000000244890}
F{00000000-0000-0000-0000-000000220F56}
F{00000000-0000-0000-0000-0000000ADB6D}
F{00000000-0000-0000-0000-0000002F16BE}
F{00000000-0000-0000-0000-0000000A9F0E}
T{00000000-0000-0000-0000-00000022F0AA}
F{00000000-0000-0000-0000-000000171CAA}
F{00000000-0000-0000-0000-0000001AE83E}
T{00000000-0000-0000-0000-00000005E3F4}
T{00000000-0000-0000-0000-0000001EE12B}
F{00000000-0000-0000-0000-000000180A8A}
F{00000000-0000-0000-0000-00000033629C}
T{00000000-0000-0000-0000-0000000FBD3C}
T{00000000-0000-0000-0000-0000002EFB03}
F{00000000-0000-0000-0000-0000001369DE}
F{00000000-0000-0000-0000-00000026A6D4}
F{00000000-0000-0000-0000-0000002897F9}
T{00000000-0000-0000-0000-0000002F6B7B}
T{00000000-0000-0000-0000-00000033A574}
F{00000000-0000-0000-0000-0000001A1862}
T{00000000-0000-0000-0000-000000244890}
F{00000000-0000-0000-0000-000000220F56}
T{00000000-0000-0000-0000-0000000ADB6D}
T{00000000-0000-0000-0000-0000002F16BE}
F{00000000-0000-0000-0000-0000000A9F0E}
T{00000000-0000-0000-0000-00000022F0AA}
F{00000000-0000-0000-0000-000000171CAA}
T{00000000-0000-0000-0000-0000001AE83E}
T{00000000-0000-0000-0000-00000005E3F4}
T{00000000-0000-0000-0000-0000001EE12B}
T{00000000-0000-0000-0000-000000180A8A}
F{00000000-0000-0000-0000-00000033629C}
T{00000000-0000-0000-0000-0000000FBD3C}
T{00000000-0000-0000-0000-0000002EFB03}
F{00000000-0000-0000-0000-0000001369DE}
T{00000000-0000-0000-0000-00000026A6D4}
T{00000000-0000-0000-0000-0000002897F9}
T{00000000-0000-0000-0000-0000002F6B7B}
T{00000000-0000-0000-0000-00000033A574}
T{00000000-0000-0000-0000-0000001A1862}
F{00000000-0000-0000-0000-00000026A8E2}
T{00000000-0000-0000-0000-000000209D82}
F{00000000-0000-0000-0000-00000026C360}
F{00000000-0000-0000-0000-0000001AF5B8}
T{00000000-0000-0000-0000-00000029BD67}
T{00000000-0000-0000-0000-00000020CF55}
F{00000000-0000-0000-0000-00000014B44C}
F{00000000-0000-0000-0000-000000192C47}
F{00000000-0000-0000-0000-0000002C6153}
F{00000000-0000-0000-0000-00000006193F}
T{00000000-0000-0000-0000-000000176A5C}
F{00000000-0000-0000-0000-0000000DDD88}
F{00000000-0000-0000-0000-0000002DC9A5}
T{00000000-0000-0000-0000-0000001109EF}
F{00000000-0000-0000-0000-0000000AE099}
F{00000000-0000-0000-0000-0000000FBE71}
T{00000000-0000-0000-0000-000000319987}
F{00000000-0000-0000-0000-0000002AB719}
F{00000000-0000-0000-0000-0000000BBAF7}
F{00000000-0000-0000-0000-00000031DB69}
T{00000000-0000-0000-0000-00000026A8E2}
T{00000000-0000-0000-0000-000000209D82}
F{00000000-0000-0000-0000-00000026C360}
T{00000000-0000-0000-0000-0000001AF5B8}
T{00000000-0000-0000-0000-00000029BD67}
T{00000000-0000-0000-0000-00000020CF55}
T{00000000-0000-0000-0000-00000014B44C}
T{00000000-0000-0000-0000-000000192C47}
F{00000000-0000-0000-0000-0000002C6153}
T{00000000-0000-0000-0000-00000006193F}
T{00000000-0000-0000-0000-000000176A5C}
F{00000000-0000-0000-0000-0000000DDD88}
F{00000000-0000-0000-0000-0000002DC9A5}
T{00000000-0000-0000-0000-0000001109EF}
F{00000000-0000-0000-0000-0000000AE099}
F{00000000-0000-0000-0000-0000000FBE71}
T{00000000-0000-0000-0000-000000319987}
T{00000000-0000-0000-0000-0000002AB719}
T{00000000-0000-0000-0000-0000000BBAF7}
T{00000000-0000-0000-0000-00000031DB69}
F{00000000-0000-0000-0000-0000001A891E}
F{00000000-0000-0000-0000-00000032016B}
F{00000000-0000-0000-0000-0000000A6DE9}
T{00000000-0000-0000-0000-0000002D8355}
F{00000000-0000-0000-0000-000000223CFB}
F{00000000-0000-0000-0000-0000002D4F1C}
F{00000000-0000-0000-0000-0000000AFBED}
T{00000000-0000-0000-0000-0000000A4F74}
F{00000000-0000-0000-0000-00000014652A}
F{00000000-0000-0000-0000-000000336361}
F{00000000-0000-0000-0000-00000006273D}
F{00000000-0000-0000-0000-0000000ADF8A}
F{00000000-0000-0000-0000-0000001DE733}
F{00000000-0000-0000-0000-0000001AC595}
T{00000000-0000-0000-0000-0000002E564A}
T{00000000-0000-0000-0000-00000011C1D0}
F{00000000-0000-0000-0000-000000275B8E}
F{00000000-0000-0000-0000-0000002BB56B}
F{00000000-0000-0000-0000-0000002C9942}
T{00000000-0000-0000-0000-000000063398}
F{00000000-0000-0000-0000-0000001A891E}
F{00000000-0000-0000-0000-00000032016B}
T{00000000-0000-0000-0000-0000000A6DE9}
T{00000000-0000-0000-0000-0000002D8355}
F{00000000-0000-0000-0000-000000223CFB}
F{00000000-0000-0000-0000-0000002D4F1C}
T{00000000-0000-0000-0000-0000000AFBED}
T{00000000-0000-0000-0000-0000000A4F74}
T{00000000-0000-0000-0000-00000014652A}
F{00000000-0000-0000-0000-000000336361}
F{00000000-0000-0000-0000-00000006273D}
F{00000000-0000-0000-0000-0000000ADF8A}
F{00000000-0000-0000-0000-0000001DE733}
F{00000000-0000-0000-0000-0000001AC595}
T{00000000-0000-0000-0000-0000002E564A}
T{00000000-0000-0000-0000-00000011C1D0}
F{00000000-0000-0000-0000-000000275B8E}
F{00000000-0000-0000-0000-0000002BB56B}
F{00000000-0000-0000-0000-0000002C9942}
T{00000000-0000-0000-0000-000000063398}
F{00000000-0000-0000-0000-00000008CB54}
F{00000000-0000-0000-0000-000000103C79}
T{00000000-0000-0000-0000-00000028980F}
F{00000000-0000-0000-0000-00000024D328}
F{00000000-0000-0000-0000-00000025482D}
F{00000000-0000-0000-0000-00000016EF7B}
T{00000000-0000-0000-0000-0000000A3BDF}
F{00000000-0000-0000-0000-0000001D26F3}
F{00000000-0000-0000-0000-000000128932}
T{00000000-0000-0000-0000-0000001C1356}
F{00000000-0000-0000-0000-00000016979A}
F{00000000-0000-0000-0000-0000001594FA}
T{00000000-0000-0000-0000-00000009BCC6}
F{00000000-0000-0000-0000-00000013BFCB}
F{00000000-0000-0000-0000-0000000618DF}
F{00000000-0000-0000-0000-0000002536E9}
T{00000000-0000-0000-0000-00000022CD36}
F{00000000-0000-0000-0000-00000009D2DB}
T{00000000-0000-0000-0000-0000001BA8D0}
F{00000000-0000-0000-0000-0000002651AC}
T{00000000-0000-0000-0000-00000008CB54}
F{00000000-0000-0000-0000-000000103C79}
T{00000000-0000-0000-0000-00000028980F}
T{00000000-0000-0000-0000-00000024D328}
T{00000000-0000-0000-0000-00000025482D}
T{00000000-0000-0000-0000-00000016EF7B}
T{00000000-0000-0000-0000-0000000A3BDF}
F{00000000-0000-0000-0000-0000001D26F3}
T{00000000-0000-0000-0000-000000128932}
T{00000000-0000-0000-0000-0000001C1356}
T{00000000-0000-0000-0000-00000016979A}
T{00000000-0000-0000-0000-0000001594FA}
T{00000000-0000-0000-0000-00000009BCC6}
F{00000000-0000-0000-0000-00000013BFCB}
T{00000000-0000-0000-0000-0000000618DF}
T{00000000-0000-0000-0000-0000002536E9}
T{00000000-0000-0000-0000-00000022CD36}
T{00000000-0000-0000-0000-00000009D2DB}
T{00000000-0000-0000-0000-0000001BA8D0}
F{00000000-0000-0000-0000-0000002651AC}
F{00000000-0000-0000-0000-0000000AE577}
F{00000000-0000-0000-0000-0000002789C7}
F{00000000-0000-0000-0000-0000002BDF68}
F{00000000-0000-0000-0000-000000039287}
F{00000000-0000-0000-0000-0000002494C3}
F{00000000-0000-0000-0000-00000006E062}
F{00000000-0000-0000-0000-00000022178C}
T{00000000-0000-0000-0000-0000002B7A74}
T{00000000-0000-0000-0000-0000002ECA3E}
F{00000000-0000-0000-0000-000000148332}
F{00000000-0000-0000-0000-00000015892F}
T{00000000-0000-0000-0000-0000001249B2}
F{00000000-0000-0000-0000-0000001461DB}
T{00000000-0000-0000-0000-00000019279C}
T{00000000-0000-0000-0000-0000001846EB}
F{00000000-0000-0000-0000-0000002B20EF}
T{00000000-0000-0000-0000-0000001813D8}
F{00000000-0000-0000-0000-000000091984}
F{00000000-0000-0000-0000-000000111E00}
F{00000000-0000-0000-0000-00000005EF6E}
T{00000000-0000-0000-0000-0000000AE577}
F{00000000-0000-0000-0000-0000002789C7}
F{00000000-0000-0000-0000-0000002BDF68}
F{00000000-0000-0000-0000-000000039287}
T{00000000-0000-0000-0000-0000002494C3}
F{00000000-0000-0000-0000-00000006E062}
F{00000000-0000-0000-0000-00000022178C}
T{00000000-0000-0000-0000-0000002B7A74}
T{00000000-0000-0000-0000-0000002ECA3E}
F{00000000-0000-0000-0000-000000148332}
F{00000000-0000-0000-0000-00000015892F}
T{00000000-0000-0000-0000-0000001249B2}
F{00000000-0000-0000-0000-0000001461DB}
T{00000000-0000-0000-0000-00000019279C}
T{00000000-0000-0000-0000-0000001846EB}
T{00000000-0000-0000-0000-0000002B20EF}
T{00000000-0000-0000-0000-0000001813D8}
F{00000000-0000-0000-0000-000000091984}
T{00000000-0000-0000-0000-000000111E00}
T{00000000-0000-0000-0000-00000005EF6E}
T{00000000-0000-0000-0000-0000001C6A68}
F{00000000-0000-0000-0000-000000122D0D}
F{00000000-0000-0000-0000-00000026AE05}
F{00000000-0000-0000-0000-0000002D4147}
T{00000000-0000-0000-0000-00000002FF57}
T{00000000-0000-0000-0000-00000017CD8A}
F{00000000-0000-0000-0000-0000002591DD}
T{00000000-0000-0000-0000-0000001A5588}
F{00000000-0000-0000-0000-00000032698B}
F{00000000-0000-0000-0000-000000060817}
F{00000000-0000-0000-0000-00000009D428}
T{00000000-0000-0000-0000-000000251E83}
F{00000000-0000-0000-0000-000000169CBC}
F{00000000-0000-0000-0000-0000000FECC1}
F{00000000-0000-0000-0000-0000000D9506}
F{00000000-0000-0000-0000-0000000B1E17}
T{00000000-0000-0000-0000-0000000DA5C4}
F{00000000-0000-0000-0000-0000002C299F}
F{00000000-0000-0000-0000-0000002EE24C}
F{00000000-0000-0000-0000-0000000BDF18}
T{00000000-0000-0000-0000-0000001C6A68}
F{00000000-0000-0000-0000-000000122D0D}
T{00000000-0000-0000-0000-00000026AE05}
F{00000000-0000-0000-0000-0000002D4147}
T{00000000-0000-0000-0000-00000002FF57}
T{00000000-0000-0000-0000-00000017CD8A}
T{00000000-0000-0000-0000-0000002591DD}
T{00000000-0000-0000-0000-0000001A5588}
T{00000000-0000-0000-0000-00000032698B}
F{00000000-0000-0000-0000-000000060817}
T{00000000-0000-0000-0000-00000009D428}
T{00000000-0000-0000-0000-000000251E83}
T{00000000-0000-0000-0000-000000169CBC}
T{00000000-0000-0000-0000-0000000FECC1}
F{00000000-0000-0000-0000-0000000D9506}
F{00000000-0000-0000-0000-0000000B1E17}
T{00000000-0000-0000-0000-0000000DA5C4}
F{00000000-0000-0000-0000-0000002C299F}
T{00000000-0000-0000-0000-0000002EE24C}
T{00000000-0000-0000-0000-0000000BDF18}
F{00000000-0000-0000-0000-00000011FA5C}
T{00000000-0000-0000-0000-00000009C584}
F{00000000-0000-0000-0000-00000005250C}
F{00000000-0000-0000-0000-00000032E65E}
F{00000000-0000-0000-0000-0000002FA47F}
F{00000000-0000-0000-0000-0000000F6E0A}
F{00000000-0000-0000-0000-00000005B55A}
F{00000000-0000-0000-0000-0000000AE447}
F{00000000-0000-0000-0000-000000282FCE}
T{00000000-0000-0000-0000-000000147DA5}
F{00000000-0000-0000-0000-0000002AD2A1}
F{00000000-0000-0000-0000-0000003362C8}
F{00000000-0000-0000-0000-000000041E64}
F{00000000-0000-0000-0000-000000304116}
F{00000000-0000-0000-0000-00000009D63B}
F{00000000-0000-0000-0000-000000137696}
F{00000000-0000-0000-0000-0000002C6187}
T{00000000-0000-0000-0000-0000000D226D}
F{00000000-0000-0000-0000-0000001445A3}
F{00000000-0000-0000-0000-0000001FFDD7}
T{00000000-0000-0000-0000-00000011FA5C}
T{00000000-0000-0000-0000-00000009C584}
F{00000000-0000-0000-0000-00000005250C}
F{00000000-0000-0000-0000-00000032E65E}
F{00000000-0000-0000-0000-0000002FA47F}
T{00000000-0000-0000-0000-0000000F6E0A}
T{00000000-0000-0000-0000-00000005B55A}
T{00000000-0000-0000-0000-0000000AE447}
F{00000000-0000-0000-0000-000000282FCE}
T{00000000-0000-0000-0000-000000147DA5}
T{00000000-0000-0000-0000-0000002AD2A1}
T{00000000-0000-0000-0000-0000003362C8}
T{00000000-0000-0000-0000-000000041E64}
T{00000000-0000-0000-0000-000000304116}
T{00000000-0000-0000-0000-00000009D63B}
T{00000000-0000-0000-0000-000000137696}
T{00000000-0000-0000-0000-0000002C6187}
T{00000000-0000-0000-0000-0000000D226D}
T{00000000-0000-0000-0000-0000001445A3}
F{00000000-0000-0000-0000-0000001FFDD7}
T{00000000-0000-0000-0000-0000000A6D84}
F{00000000-0000-0000-0000-0000002C418E}
T{00000000-0000-0000-0000-00000031F0E6}
T{00000000-0000-0000-0000-00000031CEB3}
T{00000000-0000-0000-0000-0000000DDF0E}
T{00000000-0000-0000-0000-0000001746B7}
F{00000000-0000-0000-0000-00000026C0C1}
F{00000000-0000-0000-0000-0000000A5B30}
F{00000000-0000-0000-0000-0000002216E6}
F{00000000-0000-0000-0000-0000000782BC}
F{00000000-0000-0000-0000-0000002ADB4F}
F{00000000-0000-0000-0000-000000245C0C}
F{00000000-0000-0000-0000-0000000604DA}
T{00000000-0000-0000-0000-0000002F70A5}
F{00000000-0000-0000-0000-0000001AF208}
F{00000000-0000-0000-0000-0000000C5488}
T{00000000-0000-0000-0000-00000016DEE7}
T{00000000-0000-0000-0000-00000026F56D}
F{00000000-0000-0000-0000-00000025E580}
F{00000000-0000-0000-0000-0000002BA651}
T{00000000-0000-0000-0000-0000000A6D84}
F{00000000-0000-0000-0000-0000002C418E}
T{00000000-0000-0000-0000-00000031F0E6}
T{00000000-0000-0000-0000-00000031CEB3}
T{00000000-0000-0000-0000-0000000DDF0E}
T{00000000-0000-0000-0000-0000001746B7}
F{00000000-0000-0000-0000-00000026C0C1}
F{00000000-0000-0000-0000-0000000A5B30}
F{00000000-0000-0000-0000-0000002216E6}
T{00000000-0000-0000-0000-0000000782BC}
F{00000000-0000-0000-0000-0000002ADB4F}
F{00000000-0000-0000-0000-000000245C0C}
F{00000000-0000-0000-0000-0000000604DA}
T{00000000-0000-0000-0000-0000002F70A5}
F{00000000-0000-0000-0000-0000001AF208}
F{00000000-0000-0000-0000-0000000C5488}
T{00000000-0000-0000-0000-00000016DEE7}
T{00000000-0000-0000-0000-00000026F56D}
F{00000000-0000-0000-0000-00000025E580}
T{00000000-0000-0000-0000-0000002BA651}
F{00000000-0000-0000-0000-0000001D6905}
T{00000000-0000-0000-0000-000000270E01}
T{00000000-0000-0000-0000-0000000CE4C7}
F{00000000-0000-0000-0000-000000210241}
F{00000000-0000-0000-0000-000000245F5D}
T{00000000-0000-0000-0000-000000101515}
T{00000000-0000-0000-0000-0000002C4B21}
F{00000000-0000-0000-0000-000000113C06}
T{00000000-0000-0000-0000-0000001A177D}
T{00000000-0000-0000-0000-0000000DF8B1}
F{00000000-0000-0000-0000-0000002CCAFC}
T{00000000-0000-0000-0000-000000289DEC}
F{00000000-0000-0000-0000-000000263D12}
F{00000000-0000-0000-0000-000000077309}
F{00000000-0000-0000-0000-0000001464E5}
F{00000000-0000-0000-0000-00000013B91E}
T{00000000-0000-0000-0000-00000015BF2E}
T{00000000-0000-0000-0000-0000000918BA}
F{00000000-0000-0000-0000-00000022F9B8}
F{00000000-0000-0000-0000-00000016D43B}
T{00000000-0000-0000-0000-0000001D6905}
T{00000000-0000-0000-0000-000000270E01}
T{00000000-0000-0000-0000-0000000CE4C7}
T{00000000-0000-0000-0000-000000210241}
F{00000000-0000-0000-0000-000000245F5D}
T{00000000-0000-0000-0000-000000101515}
T{00000000-0000-0000-0000-0000002C4B21}
T{00000000-0000-0000-0000-000000113C06}
T{00000000-0000-0000-0000-0000001A177D}
T{00000000-0000-0000-0000-0000000DF8B1}
T{00000000-0000-0000-0000-0000002CCAFC}
T{00000000-0000-0000-0000-000000289DEC}
F{00000000-0000-0000-0000-000000263D12}
F{00000000-0000-0000-0000-000000077309}
T{00000000-0000-0000-0000-0000001464E5}
F{00000000-0000-0000-0000-00000013B91E}
T{00000000-0000-0000-0000-00000015BF2E}
T{00000000-0000-0000-0000-0000000918BA}
T{00000000-0000-0000-0000-00000022F9B8}
T{00000000-0000-0000-0000-00000016D43B}
F{00000000-0000-0000-0000-000000011C79}
T{00000000-0000-0000-0000-0000002977C2}
F{00000000-0000-0000-0000-000000277E2B}
T{00000000-0000-0000-0000-0000002E3209}
F{00000000-0000-0000-0000-00000009BAD7}
F{00000000-0000-0000-0000-000000289ED3}
F{00000000-0000-0000-0000-000000110D6E}
F{00000000-0000-0000-0000-00000028CA92}
F{00000000-0000-0000-0000-000000053A0F}
F{00000000-0000-0000-0000-0000002AA866}
F{00000000-0000-0000-0000-0000001322C6}
F{00000000-0000-0000-0000-0000000970F1}
F{00000000-0000-0000-0000-000000290793}
F{00000000-0000-0000-0000-0000002CAD87}
F{00000000-0000-0000-0000-0000000AAF2A}
F{00000000-0000-0000-0000-00000032BB6B}
F{00000000-0000-0000-0000-000000301289}
F{00000000-0000-0000-0000-000000060E54}
F{00000000-0000-0000-0000-000000222774}
T{00000000-0000-0000-0000-0000000A8C33}
T{00000000-0000-0000-0000-000000011C79}
T{00000000-0000-0000-0000-0000002977C2}
F{00000000-0000-0000-0000-000000277E2B}
T{00000000-0000-0000-0000-0000002E3209}
T{00000000-0000-0000-0000-00000009BAD7}
T{00000000-0000-0000-0000-000000289ED3}
T{00000000-0000-0000-0000-000000110D6E}
T{00000000-0000-0000-0000-00000028CA92}
F{00000000-0000-0000-0000-000000053A0F}
F{00000000-0000-0000-0000-0000002AA866}
T{00000000-0000-0000-0000-0000001322C6}
F{00000000-0000-0000-0000-0000000970F1}
F{00000000-0000-0000-0000-000000290793}
F{00000000-0000-0000-0000-0000002CAD87}
F{00000000-0000-0000-0000-0000000AAF2A}
F{00000000-0000-0000-0000-00000032BB6B}
T{00000000-0000-0000-0000-000000301289}
T{00000000-0000-0000-0000-000000060E54}
F{00000000-0000-0000-0000-000000222774}
T{00000000-0000-0000-0000-0000000A8C33}
F{00000000-0000-0000-0000-000000177B49}
F{00000000-0000-0000-0000-000000242709}
F{00000000-0000-0000-0000-0000000FD49A}
F{00000000-0000-0000-0000-0000002B60AE}
F{00000000-0000-0000-0000-0000002BDEA2}
F{00000000-0000-0000-0000-00000031840C}
T{00000000-0000-0000-0000-00000017AD17}
F{00000000-0000-0000-0000-0000002D47FB}
F{00000000-0000-0000-0000-0000000ABC61}
F{00000000-0000-0000-0000-0000002728DA}
F{00000000-0000-0000-0000-0000001DB268}
F{00000000-0000-0000-0000-0000002167C1}
F{00000000-0000-0000-0000-0000000BB9D4}
T{00000000-0000-0000-0000-0000001746C3}
F{00000000-0000-0000-0000-00000019D284}
F{00000000-0000-0000-0000-0000002DA425}
T{00000000-0000-0000-0000-0000000A17FA}
F{00000000-0000-0000-0000-000000254816}
F{00000000-0000-0000-0000-00000017358C}
F{00000000-0000-0000-0000-0000000F70F3}
T{00000000-0000-0000-0000-000000177B49}
F{00000000-0000-0000-0000-000000242709}
T{00000000-0000-0000-0000-0000000FD49A}
F{00000000-0000-0000-0000-0000002B60AE}
T{00000000-0000-0000-0000-0000002BDEA2}
F{00000000-0000-0000-0000-00000031840C}
T{00000000-0000-0000-0000-00000017AD17}
T{00000000-0000-0000-0000-0000002D47FB}
F{00000000-0000-0000-0000-0000000ABC61}
T{00000000-0000-0000-0000-0000002728DA}
F{00000000-0000-0000-0000-0000001DB268}
F{00000000-0000-0000-0000-0000002167C1}
F{00000000-0000-0000-0000-0000000BB9D4}
T{00000000-0000-0000-0000-0000001746C3}
T{00000000-0000-0000-0000-00000019D284}
F{00000000-0000-0000-0000-0000002DA425}
T{00000000-0000-0000-0000-0000000A17FA}
T{00000000-0000-0000-0000-000000254816}
T{00000000-0000-0000-0000-00000017358C}
T{00000000-0000-0000-0000-0000000F70F3}
F{00000000-0000-0000-0000-00000014BCF0}
F{00000000-0000-0000-0000-0000000BBAE5}
F{00000000-0000-0000-0000-0000000A2DD3}
F{00000000-0000-0000-0000-0000000BD989}
F{00000000-0000-0000-0000-0000002A0033}
F{00000000-0000-0000-0000-000000098996}
F{00000000-0000-0000-0000-00000032FBFC}
F{00000000-0000-0000-0000-0000000A5811}
F{00000000-0000-0000-0000-0000002B054E}
F{00000000-0000-0000-0000-000000219E6D}
T{00000000-0000-0000-0000-00000005D234}
F{00000000-0000-0000-0000-00000020554E}
F{00000000-0000-0000-0000-000000106A2C}
F{00000000-0000-0000-0000-0000000DEA25}
F{00000000-0000-0000-0000-0000002C4EFE}
F{00000000-0000-0000-0000-00000011A66A}
F{00000000-0000-0000-0000-0000002EE25C}
T{00000000-0000-0000-0000-0000000A9687}
F{00000000-0000-0000-0000-000000219EFE}
T{00000000-0000-0000-0000-00000021E588}
F{00000000-0000-0000-0000-00000014BCF0}
F{00000000-0000-0000-0000-0000000BBAE5}
F{00000000-0000-0000-0000-0000000A2DD3}
F{00000000-0000-0000-0000-0000000BD989}
F{00000000-0000-0000-0000-0000002A0033}
F{00000000-0000-0000-0000-000000098996}
T{00000000-0000-0000-0000-00000032FBFC}
F{00000000-0000-0000-0000-0000000A5811}
F{00000000-0000-0000-0000-0000002B054E}
F{00000000-0000-0000-0000-000000219E6D}
T{00000000-0000-0000-0000-00000005D234}
T{00000000-0000-0000-0000-00000020554E}
F{00000000-0000-0000-0000-000000106A2C}
T{00000000-0000-0000-0000-0000000DEA25}
F{00000000-0000-0000-0000-0000002C4EFE}
F{00000000-0000-0000-0000-00000011A66A}
F{00000000-0000-0000-0000-0000002EE25C}
T{00000000-0000-0000-0000-0000000A9687}
T{00000000-0000-0000-0000-000000219EFE}
T{00000000-0000-0000-0000-00000021E588}
T{00000000-0000-0000-0000-0000002F18F4}
T{00000000-0000-0000-0000-0000002A08D5}
F{00000000-0000-0000-0000-0000002B43A9}
F{00000000-0000-0000-0000-0000002C74C9}
F{00000000-0000-0000-0000-0000002E314C}
T{00000000-0000-0000-0000-0000000FD54B}
T{00000000-0000-0000-0000-0000000AA748}
T{00000000-0000-0000-0000-00000010156C}
T{00000000-0000-0000-0000-00000026853A}
F{00000000-0000-0000-0000-0000001894F4}
F{00000000-0000-0000-0000-000000155B05}
F{00000000-0000-0000-0000-00000021868E}
F{00000000-0000-0000-0000-0000000ABD11}
F{00000000-0000-0000-0000-0000002C78DE}
F{00000000-0000-0000-0000-0000002FDA95}
F{00000000-0000-0000-0000-00000028BFB0}
F{00000000-0000-0000-0000-00000022236F}
F{00000000-0000-0000-0000-0000000C29E6}
F{00000000-0000-0000-0000-000000146C13}
F{00000000-0000-0000-0000-00000029C08B}
T{00000000-0000-0000-0000-0000002F18F4}
T{00000000-0000-0000-0000-0000002A08D5}
T{00000000-0000-0000-0000-0000002B43A9}
F{00000000-0000-0000-0000-0000002C74C9}
F{00000000-0000-0000-0000-0000002E314C}
T{00000000-0000-0000-0000-0000000FD54B}
T{00000000-0000-0000-0000-0000000AA748}
T{00000000-0000-0000-0000-00000010156C}
T{00000000-0000-0000-0000-00000026853A}
T{00000000-0000-0000-0000-0000001894F4}
T{00000000-0000-0000-0000-000000155B05}
T{00000000-0000-0000-0000-00000021868E}
T{00000000-0000-0000-0000-0000000ABD11}
F{00000000-0000-0000-0000-0000002C78DE}
T{00000000-0000-0000-0000-0000002FDA95}
F{00000000-0000-0000-0000-00000028BFB0}
F{00000000-0000-0000-0000-00000022236F}
F{00000000-0000-0000-0000-0000000C29E6}
T{00000000-0000-0000-0000-000000146C13}
T{00000000-0000-0000-0000-00000029C08B}
T{00000000-0000-0000-0000-00000012AF34}
F{00000000-0000-0000-0000-0000001C7E16}
T{00000000-0000-0000-0000-000000180772}
T{00000000-0000-0000-0000-0000000C6827}
T{00000000-0000-0000-0000-0000001024B9}
F{00000000-0000-0000-0000-000000303C41}
F{00000000-0000-0000-0000-0000000ADCC9}
F{00000000-0000-0000-0000-00000026DB04}
F{00000000-0000-0000-0000-0000002CDE1F}
F{00000000-0000-0000-0000-0000001FB295}
T{00000000-0000-0000-0000-00000019E23D}
F{00000000-0000-0000-0000-0000000FAF70}
F{00000000-0000-0000-0000-00000016BA6A}
F{00000000-0000-0000-0000-0000002C76ED}
F{00000000-0000-0000-0000-0000002361B7}
F{00000000-0000-0000-0000-0000002FEC1E}
F{00000000-0000-0000-0000-0000000F9C6B}
F{00000000-0000-0000-0000-000000278875}
F{00000000-0000-0000-0000-000000218CCC}
F{00000000-0000-0000-0000-0000002001DC}
T{00000000-0000-0000-0000-00000012AF34}
F{00000000-0000-0000-0000-0000001C7E16}
T{00000000-0000-0000-0000-000000180772}
T{00000000-0000-0000-0000-0000000C6827}
T{00000000-0000-0000-0000-0000001024B9}
F{00000000-0000-0000-0000-000000303C41}
T{00000000-0000-0000-0000-0000000ADCC9}
F{00000000-0000-0000-0000-00000026DB04}
T{00000000-0000-0000-0000-0000002CDE1F}
T{00000000-0000-0000-0000-0000001FB295}
T{00000000-0000-0000-0000-00000019E23D}
T{00000000-0000-0000-0000-0000000FAF70}
F{00000000-0000-0000-0000-00000016BA6A}
F{00000000-0000-0000-0000-0000002C76ED}
F{00000000-0000-0000-0000-0000002361B7}
F{00000000-0000-0000-0000-0000002FEC1E}
T{00000000-0000-0000-0000-0000000F9C6B}
F{00000000-0000-0000-0000-000000278875}
T{00000000-0000-0000-0000-000000218CCC}
F{00000000-0000-0000-0000-0000002001DC}
F{00000000-0000-0000-0000-0000001056F7}
T{00000000-0000-0000-0000-0000000F7D09}
T{00000000-0000-0000-0000-0000002B8F8A}
T{00000000-0000-0000-0000-00000009042B}
F{00000000-0000-0000-0000-0000000EB2FC}
T{00000000-0000-0000-0000-000000065030}
F{00000000-0000-0000-0000-00000026E418}
T{00000000-0000-0000-0000-000000222A3E}
F{00000000-0000-0000-0000-00000025D7DD}
T{00000000-0000-0000-0000-0000002D4810}
F{00000000-0000-0000-0000-00000022633F}
F{00000000-0000-0000-0000-0000002BB1FE}
F{00000000-0000-0000-0000-0000000A9334}
F{00000000-0000-0000-0000-0000000B0D42}
F{00000000-0000-0000-0000-0000001B7F5B}
T{00000000-0000-0000-0000-0000000BF69D}
F{00000000-0000-0000-0000-000000053322}
T{00000000-0000-0000-0000-00000028E78F}
T{00000000-0000-0000-0000-000000270DC9}
F{00000000-0000-0000-0000-0000002A9CF7}
F{00000000-0000-0000-0000-0000001056F7}
T{00000000-0000-0000-0000-0000000F7D09}
T{00000000-0000-0000-0000-0000002B8F8A}
T{00000000-0000-0000-0000-00000009042B}
T{00000000-0000-0000-0000-0000000EB2FC}
T{00000000-0000-0000-0000-000000065030}
F{00000000-0000-0000-0000-00000026E418}
T{00000000-0000-0000-0000-000000222A3E}
F{00000000-0000-0000-0000-00000025D7DD}
T{00000000-0000-0000-0000-0000002D4810}
T{00000000-0000-0000-0000-00000022633F}
F{00000000-0000-0000-0000-0000002BB1FE}
F{00000000-0000-0000-0000-0000000A9334}
F{00000000-0000-0000-0000-0000000B0D42}
T{00000000-0000-0000-0000-0000001B7F5B}
T{00000000-0000-0000-0000-0000000BF69D}
T{00000000-0000-0000-0000-000000053322}
T{00000000-0000-0000-0000-00000028E78F}
F{00000000-0000-0000-0000-000000270DC9}
F{00000000-0000-0000-0000-0000002A9CF7}
F{00000000-0000-0000-0000-00000016D448}
F{00000000-0000-0000-0000-0000002FD89A}
F{00000000-0000-0000-0000-000000263C74}
F{00000000-0000-0000-0000-00000024D561}
F{00000000-0000-0000-0000-00000031730E}
F{00000000-0000-0000-0000-0000001023D6}
T{00000000-0000-0000-0000-0000002C4B7E}
F{00000000-0000-0000-0000-00000021E8F6}
F{00000000-0000-0000-0000-00000019EB21}
