F{00000000-0000-0000-0000-000000180E2E}
F{00000000-0000-0000-0000-000000220F56}
T{00000000-0000-0000-0000-00000007E3BE}
F{00000000-0000-0000-0000-0000000D9F5F}
T{00000000-0000-0000-0000-00000028CA92}
F{00000000-0000-0000-0000-00000005EF6E}
F{00000000-0000-0000-0000-0000000ADF8A}
F{00000000-0000-0000-0000-0000002789C7}
F{00000000-0000-0000-0000-00000009A044}
F{00000000-0000-0000-0000-0000000970F1}
F{00000000-0000-0000-0000-000000223AC8}
F{00000000-0000-0000-0000-0000002DA425}
F{00000000-0000-0000-0000-0000000A0913}
T{00000000-0000-0000-0000-000000180E2E}
T{00000000-0000-0000-0000-000000220F56}
T{00000000-0000-0000-0000-00000007E3BE}
T{00000000-0000-0000-0000-0000000D9F5F}
T{00000000-0000-0000-0000-00000028CA92}
T{00000000-0000-0000-0000-00000005EF6E}
F{00000000-0000-0000-0000-0000000ADF8A}
F{00000000-0000-0000-0000-0000002789C7}
T{00000000-0000-0000-0000-00000009A044}
F{00000000-0000-0000-0000-0000000970F1}
F{00000000-0000-0000-0000-000000223AC8}
T{00000000-0000-0000-0000-0000002DA425}
T{00000000-0000-0000-0000-0000000A0913}
F{00000000-0000-0000-0000-000000169CBC}
F{00000000-0000-0000-0000-0000001AC595}
F{00000000-0000-0000-0000-0000000618DF}
T{00000000-0000-0000-0000-0000000AFBED}
F{00000000-0000-0000-0000-0000000567C5}
F{00000000-0000-0000-0000-0000002FEC1E}
T{00000000-0000-0000-0000-0000002F16BE}
F{00000000-0000-0000-0000-00000008AA1A}
T{00000000-0000-0000-0000-0000002BDF68}
F{00000000-0000-0000-0000-0000002BDEA2}
F{00000000-0000-0000-0000-0000002819B0}
T{00000000-0000-0000-0000-0000002C4FBE}
F{00000000-0000-0000-0000-00000006193F}
T{00000000-0000-0000-0000-0000002494C3}
F{00000000-0000-0000-0000-00000032E65E}
T{00000000-0000-0000-0000-00000026908C}
F{00000000-0000-0000-0000-00000026A6D4}
F{00000000-0000-0000-0000-000000062309}
F{00000000-0000-0000-0000-000000263D12}
T{00000000-0000-0000-0000-00000005B55A}
T{00000000-0000-0000-0000-000000169CBC}
F{00000000-0000-0000-0000-0000001AC595}
T{00000000-0000-0000-0000-0000000618DF}
T{00000000-0000-0000-0000-0000000AFBED}
F{00000000-0000-0000-0000-0000000567C5}
F{00000000-0000-0000-0000-0000002FEC1E}
T{00000000-0000-0000-0000-0000002F16BE}
F{00000000-0000-0000-0000-00000008AA1A}
T{00000000-0000-0000-0000-0000002BDF68}
T{00000000-0000-0000-0000-0000002BDEA2}
T{00000000-0000-0000-0000-0000002819B0}
T{00000000-0000-0000-0000-0000002C4FBE}
F{00000000-0000-0000-0000-00000006193F}
T{00000000-0000-0000-0000-0000002494C3}
F{00000000-0000-0000-0000-00000032E65E}
T{00000000-0000-0000-0000-00000026908C}
T{00000000-0000-0000-0000-00000026A6D4}
F{00000000-0000-0000-0000-000000062309}
T{00000000-0000-0000-0000-000000263D12}
T{00000000-0000-0000-0000-00000005B55A}
F{00000000-0000-0000-0000-0000000B07ED}
F{00000000-0000-0000-0000-000000138B76}
T{00000000-0000-0000-0000-000000131767}
F{00000000-0000-0000-0000-0000000A9334}
F{00000000-0000-0000-0000-000000273493}
F{00000000-0000-0000-0000-0000000BCE16}
T{00000000-0000-0000-0000-0000001EB1B9}
F{00000000-0000-0000-0000-0000001DB186}
F{00000000-0000-0000-0000-00000026C0C1}
T{00000000-0000-0000-0000-0000001B7F5B}
F{00000000-0000-0000-0000-000000108B3B}
F{00000000-0000-0000-0000-0000001282E8}
F{00000000-0000-0000-0000-0000003019AD}
F{00000000-0000-0000-0000-00000015CAE7}
T{00000000-0000-0000-0000-0000002B7C23}
F{00000000-0000-0000-0000-000000146BA0}
F{00000000-0000-0000-0000-00000032016B}
F{00000000-0000-0000-0000-000000245B1C}
F{00000000-0000-0000-0000-000000060E54}
F{00000000-0000-0000-0000-00000008DF2C}
F{00000000-0000-0000-0000-0000000B07ED}
T{00000000-0000-0000-0000-000000138B76}
T{00000000-0000-0000-0000-000000131767}
F{00000000-0000-0000-0000-0000000A9334}
T{00000000-0000-0000-0000-000000273493}
T{00000000-0000-0000-0000-0000000BCE16}
T{00000000-0000-0000-0000-0000001EB1B9}
F{00000000-0000-0000-0000-0000001DB186}
F{00000000-0000-0000-0000-00000026C0C1}
T{00000000-0000-0000-0000-0000001B7F5B}
F{00000000-0000-0000-0000-000000108B3B}
F{00000000-0000-0000-0000-0000001282E8}
F{00000000-0000-0000-0000-0000003019AD}
T{00000000-0000-0000-0000-00000015CAE7}
T{00000000-0000-0000-0000-0000002B7C23}
T{00000000-0000-0000-0000-000000146BA0}
F{00000000-0000-0000-0000-00000032016B}
T{00000000-0000-0000-0000-000000245B1C}
T{00000000-0000-0000-0000-000000060E54}
F{00000000-0000-0000-0000-00000008DF2C}
T{00000000-0000-0000-0000-0000002728DA}
T{00000000-0000-0000-0000-0000000F7D09}
T{00000000-0000-0000-0000-000000289ED3}
F{00000000-0000-0000-0000-0000000F9C6B}
T{00000000-0000-0000-0000-00000024CCE3}
F{00000000-0000-0000-0000-000000122CB0}
F{00000000-0000-0000-0000-00000031ED05}
F{00000000-0000-0000-0000-000000245C0C}
T{00000000-0000-0000-0000-0000002D4012}
F{00000000-0000-0000-0000-00000009E1AA}
T{00000000-0000-0000-0000-000000301289}
F{00000000-0000-0000-0000-0000000B1E17}
F{00000000-0000-0000-0000-000000304FF3}
F{00000000-0000-0000-0000-000000063A84}
F{00000000-0000-0000-0000-0000000F0E97}
F{00000000-0000-0000-0000-00000024D561}
F{00000000-0000-0000-0000-00000013B91E}
T{00000000-0000-0000-0000-00000011D6C2}
F{00000000-0000-0000-0000-0000002FA47F}
F{00000000-0000-0000-0000-000000235C6F}
T{00000000-0000-0000-0000-0000002728DA}
T{00000000-0000-0000-0000-0000000F7D09}
T{00000000-0000-0000-0000-000000289ED3}
F{00000000-0000-0000-0000-0000000F9C6B}
T{00000000-0000-0000-0000-00000024CCE3}
F{00000000-0000-0000-0000-000000122CB0}
T{00000000-0000-0000-0000-00000031ED05}
T{00000000-0000-0000-0000-000000245C0C}
T{00000000-0000-0000-0000-0000002D4012}
T{00000000-0000-0000-0000-00000009E1AA}
T{00000000-0000-0000-0000-000000301289}
F{00000000-0000-0000-0000-0000000B1E17}
F{00000000-0000-0000-0000-000000304FF3}
F{00000000-0000-0000-0000-000000063A84}
T{00000000-0000-0000-0000-0000000F0E97}
T{00000000-0000-0000-0000-00000024D561}
F{00000000-0000-0000-0000-00000013B91E}
T{00000000-0000-0000-0000-00000011D6C2}
F{00000000-0000-0000-0000-0000002FA47F}
F{00000000-0000-0000-0000-000000235C6F}
T{00000000-0000-0000-0000-000000113C06}
F{00000000-0000-0000-0000-00000009D63B}
F{00000000-0000-0000-0000-0000001FFE57}
T{00000000-0000-0000-0000-00000013BB66}
T{00000000-0000-0000-0000-0000001445A3}
T{00000000-0000-0000-0000-00000021E8F6}
F{00000000-0000-0000-0000-000000148332}
T{00000000-0000-0000-0000-00000017BAF8}
F{00000000-0000-0000-0000-0000002C4EFE}
F{00000000-0000-0000-0000-0000002DCB69}
T{00000000-0000-0000-0000-0000000C6827}
F{00000000-0000-0000-0000-0000002F0787}
F{00000000-0000-0000-0000-000000245F5D}
F{00000000-0000-0000-0000-000000171CAA}
F{00000000-0000-0000-0000-0000002BB1FE}
T{00000000-0000-0000-0000-00000009C55D}
T{00000000-0000-0000-0000-0000001C3DC9}
T{00000000-0000-0000-0000-00000012EEF7}
F{00000000-0000-0000-0000-0000000604DA}
F{00000000-0000-0000-0000-0000002A93E5}
T{00000000-0000-0000-0000-000000113C06}
T{00000000-0000-0000-0000-00000009D63B}
T{00000000-0000-0000-0000-0000001FFE57}
T{00000000-0000-0000-0000-00000013BB66}
T{00000000-0000-0000-0000-0000001445A3}
T{00000000-0000-0000-0000-00000021E8F6}
F{00000000-0000-0000-0000-000000148332}
T{00000000-0000-0000-0000-00000017BAF8}
F{00000000-0000-0000-0000-0000002C4EFE}
T{00000000-0000-0000-0000-0000002DCB69}
T{00000000-0000-0000-0000-0000000C6827}
F{00000000-0000-0000-0000-0000002F0787}
F{00000000-0000-0000-0000-000000245F5D}
T{00000000-0000-0000-0000-000000171CAA}
T{00000000-0000-0000-0000-0000002BB1FE}
T{00000000-0000-0000-0000-00000009C55D}
T{00000000-0000-0000-0000-0000001C3DC9}
T{00000000-0000-0000-0000-00000012EEF7}
F{00000000-0000-0000-0000-0000000604DA}
F{00000000-0000-0000-0000-0000002A93E5}
F{00000000-0000-0000-0000-00000014AEB7}
F{00000000-0000-0000-0000-00000026DB04}
F{00000000-0000-0000-0000-000000263B6B}
T{00000000-0000-0000-0000-00000006923C}
T{00000000-0000-0000-0000-000000147165}
F{00000000-0000-0000-0000-0000000C5B68}
F{00000000-0000-0000-0000-0000001DB268}
T{00000000-0000-0000-0000-0000000A6DE9}
T{00000000-0000-0000-0000-000000099323}
F{00000000-0000-0000-0000-0000000C5488}
F{00000000-0000-0000-0000-000000335CAB}
F{00000000-0000-0000-0000-0000000A5811}
F{00000000-0000-0000-0000-00000019D284}
F{00000000-0000-0000-0000-0000001FD913}
T{00000000-0000-0000-0000-0000000FECC1}
F{00000000-0000-0000-0000-00000019EC18}
T{00000000-0000-0000-0000-000000242709}
F{00000000-0000-0000-0000-0000002216E6}
F{00000000-0000-0000-0000-00000032A5BB}
T{00000000-0000-0000-0000-00000028017B}
F{00000000-0000-0000-0000-00000014AEB7}
T{00000000-0000-0000-0000-00000026DB04}
T{00000000-0000-0000-0000-000000263B6B}
T{00000000-0000-0000-0000-00000006923C}
T{00000000-0000-0000-0000-000000147165}
T{00000000-0000-0000-0000-0000000C5B68}
F{00000000-0000-0000-0000-0000001DB268}
T{00000000-0000-0000-0000-0000000A6DE9}
T{00000000-0000-0000-0000-000000099323}
F{00000000-0000-0000-0000-0000000C5488}
T{00000000-0000-0000-0000-000000335CAB}
F{00000000-0000-0000-0000-0000000A5811}
T{00000000-0000-0000-0000-00000019D284}
F{00000000-0000-0000-0000-0000001FD913}
T{00000000-0000-0000-0000-0000000FECC1}
T{00000000-0000-0000-0000-00000019EC18}
T{00000000-0000-0000-0000-000000242709}
F{00000000-0000-0000-0000-0000002216E6}
T{00000000-0000-0000-0000-00000032A5BB}
T{00000000-0000-0000-0000-00000028017B}
T{00000000-0000-0000-0000-000000269527}
F{00000000-0000-0000-0000-0000000EB1FB}
F{00000000-0000-0000-0000-000000227154}
F{00000000-0000-0000-0000-0000001369DE}
T{00000000-0000-0000-0000-0000002E564A}
F{00000000-0000-0000-0000-0000002CACBC}
F{00000000-0000-0000-0000-000000304116}
F{00000000-0000-0000-0000-0000002B60AE}
F{00000000-0000-0000-0000-0000002C418E}
F{00000000-0000-0000-0000-0000000D199E}
F{00000000-0000-0000-0000-000000122D0D}
F{00000000-0000-0000-0000-000000106A2C}
F{00000000-0000-0000-0000-00000026C360}
T{00000000-0000-0000-0000-00000014B44C}
F{00000000-0000-0000-0000-00000016BA6A}
F{00000000-0000-0000-0000-00000014BCF0}
F{00000000-0000-0000-0000-00000032A8DB}
T{00000000-0000-0000-0000-0000002F9487}
F{00000000-0000-0000-0000-00000016979A}
T{00000000-0000-0000-0000-00000020554E}
T{00000000-0000-0000-0000-000000269527}
T{00000000-0000-0000-0000-0000000EB1FB}
T{00000000-0000-0000-0000-000000227154}
F{00000000-0000-0000-0000-0000001369DE}
T{00000000-0000-0000-0000-0000002E564A}
T{00000000-0000-0000-0000-0000002CACBC}
T{00000000-0000-0000-0000-000000304116}
T{00000000-0000-0000-0000-0000002B60AE}
F{00000000-0000-0000-0000-0000002C418E}
F{00000000-0000-0000-0000-0000000D199E}
F{00000000-0000-0000-0000-000000122D0D}
F{00000000-0000-0000-0000-000000106A2C}
F{00000000-0000-0000-0000-00000026C360}
T{00000000-0000-0000-0000-00000014B44C}
F{00000000-0000-0000-0000-00000016BA6A}
F{00000000-0000-0000-0000-00000014BCF0}
T{00000000-0000-0000-0000-00000032A8DB}
T{00000000-0000-0000-0000-0000002F9487}
F{00000000-0000-0000-0000-00000016979A}
T{00000000-0000-0000-0000-00000020554E}
T{00000000-0000-0000-0000-000000113B7F}
T{00000000-0000-0000-0000-00000009D2DB}
T{00000000-0000-0000-0000-00000018025C}
F{00000000-0000-0000-0000-0000002D71D6}
F{00000000-0000-0000-0000-000000165C7D}
T{00000000-0000-0000-0000-000000041E64}
F{00000000-0000-0000-0000-00000013995B}
F{00000000-0000-0000-0000-00000016EE88}
F{00000000-0000-0000-0000-00000011A66A}
F{00000000-0000-0000-0000-0000002853F7}
T{00000000-0000-0000-0000-00000016D43B}
F{00000000-0000-0000-0000-0000000AAF2A}
T{00000000-0000-0000-0000-00000008C1DE}
F{00000000-0000-0000-0000-0000002001DC}
T{00000000-0000-0000-0000-0000002AD2A1}
F{00000000-0000-0000-0000-00000005FF3F}
T{00000000-0000-0000-0000-000000267BC2}
F{00000000-0000-0000-0000-00000031840C}
T{00000000-0000-0000-0000-0000002179E5}
F{00000000-0000-0000-0000-0000000DF706}
T{00000000-0000-0000-0000-000000113B7F}
T{00000000-0000-0000-0000-00000009D2DB}
T{00000000-0000-0000-0000-00000018025C}
T{00000000-0000-0000-0000-0000002D71D6}
F{00000000-0000-0000-0000-000000165C7D}
T{00000000-0000-0000-0000-000000041E64}
F{00000000-0000-0000-0000-00000013995B}
T{00000000-0000-0000-0000-00000016EE88}
F{00000000-0000-0000-0000-00000011A66A}
T{00000000-0000-0000-0000-0000002853F7}
T{00000000-0000-0000-0000-00000016D43B}
F{00000000-0000-0000-0000-0000000AAF2A}
T{00000000-0000-0000-0000-00000008C1DE}
T{00000000-0000-0000-0000-0000002001DC}
T{00000000-0000-0000-0000-0000002AD2A1}
T{00000000-0000-0000-0000-00000005FF3F}
T{00000000-0000-0000-0000-000000267BC2}
T{00000000-0000-0000-0000-00000031840C}
T{00000000-0000-0000-0000-0000002179E5}
T{00000000-0000-0000-0000-0000000DF706}
F{00000000-0000-0000-0000-000000062238}
F{00000000-0000-0000-0000-0000002FF8E1}
F{00000000-0000-0000-0000-00000026A7E0}
F{00000000-0000-0000-0000-0000000CE9C4}
F{00000000-0000-0000-0000-0000000AE447}
F{00000000-0000-0000-0000-0000000C0A21}
F{00000000-0000-0000-0000-000000060817}
T{00000000-0000-0000-0000-0000002536E9}
F{00000000-0000-0000-0000-00000019EB21}
F{00000000-0000-0000-0000-0000000BD989}
F{00000000-0000-0000-0000-0000002843CE}
F{00000000-0000-0000-0000-0000002FE035}
F{00000000-0000-0000-0000-0000002D4F1C}
F{00000000-0000-0000-0000-0000002A47D9}
T{00000000-0000-0000-0000-000000157C8A}
T{00000000-0000-0000-0000-000000254816}
F{00000000-0000-0000-0000-00000011FA5C}
F{00000000-0000-0000-0000-0000000929D8}
F{00000000-0000-0000-0000-0000002ACE76}
F{00000000-0000-0000-0000-000000218CCC}
T{00000000-0000-0000-0000-000000062238}
T{00000000-0000-0000-0000-0000002FF8E1}
F{00000000-0000-0000-0000-00000026A7E0}
T{00000000-0000-0000-0000-0000000CE9C4}
F{00000000-0000-0000-0000-0000000AE447}
F{00000000-0000-0000-0000-0000000C0A21}
T{00000000-0000-0000-0000-000000060817}
T{00000000-0000-0000-0000-0000002536E9}
T{00000000-0000-0000-0000-00000019EB21}
T{00000000-0000-0000-0000-0000000BD989}
F{00000000-0000-0000-0000-0000002843CE}
F{00000000-0000-0000-0000-0000002FE035}
T{00000000-0000-0000-0000-0000002D4F1C}
T{00000000-0000-0000-0000-0000002A47D9}
T{00000000-0000-0000-0000-000000157C8A}
T{00000000-0000-0000-0000-000000254816}
F{00000000-0000-0000-0000-00000011FA5C}
F{00000000-0000-0000-0000-0000000929D8}
F{00000000-0000-0000-0000-0000002ACE76}
T{00000000-0000-0000-0000-000000218CCC}
T{00000000-0000-0000-0000-000000180772}
F{00000000-0000-0000-0000-0000002AA866}
F{00000000-0000-0000-0000-00000011FF45}
F{00000000-0000-0000-0000-0000002ADB4F}
F{00000000-0000-0000-0000-00000006E673}
F{00000000-0000-0000-0000-00000009D454}
F{00000000-0000-0000-0000-0000002893AB}
T{00000000-0000-0000-0000-00000025E580}
F{00000000-0000-0000-0000-0000002E0E9F}
F{00000000-0000-0000-0000-00000022178C}
F{00000000-0000-0000-0000-0000000BBAE5}
F{00000000-0000-0000-0000-0000000A5B30}
T{00000000-0000-0000-0000-000000210241}
F{00000000-0000-0000-0000-0000002361B7}
T{00000000-0000-0000-0000-0000000DDF0E}
T{00000000-0000-0000-0000-00000032686B}
T{00000000-0000-0000-0000-000000111E00}
T{00000000-0000-0000-0000-00000033629C}
T{00000000-0000-0000-0000-00000009F5AB}
F{00000000-0000-0000-0000-00000029CB1D}
T{00000000-0000-0000-0000-000000180772}
F{00000000-0000-0000-0000-0000002AA866}
T{00000000-0000-0000-0000-00000011FF45}
T{00000000-0000-0000-0000-0000002ADB4F}
F{00000000-0000-0000-0000-00000006E673}
F{00000000-0000-0000-0000-00000009D454}
F{00000000-0000-0000-0000-0000002893AB}
T{00000000-0000-0000-0000-00000025E580}
F{00000000-0000-0000-0000-0000002E0E9F}
T{00000000-0000-0000-0000-00000022178C}
T{00000000-0000-0000-0000-0000000BBAE5}
T{00000000-0000-0000-0000-0000000A5B30}
T{00000000-0000-0000-0000-000000210241}
T{00000000-0000-0000-0000-0000002361B7}
T{00000000-0000-0000-0000-0000000DDF0E}
T{00000000-0000-0000-0000-00000032686B}
T{00000000-0000-0000-0000-000000111E00}
T{00000000-0000-0000-0000-00000033629C}
T{00000000-0000-0000-0000-00000009F5AB}
T{00000000-0000-0000-0000-00000029CB1D}
F{00000000-0000-0000-0000-0000000BDF18}
F{00000000-0000-0000-0000-0000000BBBC1}
T{00000000-0000-0000-0000-000000289795}
T{00000000-0000-0000-0000-000000140E50}
F{00000000-0000-0000-0000-0000001D6905}
F{00000000-0000-0000-0000-000000028B7A}
F{00000000-0000-0000-0000-00000030D999}
F{00000000-0000-0000-0000-00000014652A}
F{00000000-0000-0000-0000-0000000A5792}
F{00000000-0000-0000-0000-0000001AF208}
F{00000000-0000-0000-0000-0000002897F9}
F{00000000-0000-0000-0000-000000060468}
F{00000000-0000-0000-0000-000000125A54}
T{00000000-0000-0000-0000-0000002EE24C}
F{00000000-0000-0000-0000-00000013D847}
F{00000000-0000-0000-0000-000000223CFB}
T{00000000-0000-0000-0000-000000155B05}
T{00000000-0000-0000-0000-0000002B43A9}
F{00000000-0000-0000-0000-0000002A9CF7}
T{00000000-0000-0000-0000-00000031DB69}
F{00000000-0000-0000-0000-0000000BDF18}
F{00000000-0000-0000-0000-0000000BBBC1}
T{00000000-0000-0000-0000-000000289795}
T{00000000-0000-0000-0000-000000140E50}
T{00000000-0000-0000-0000-0000001D6905}
T{00000000-0000-0000-0000-000000028B7A}
T{00000000-0000-0000-0000-00000030D999}
T{00000000-0000-0000-0000-00000014652A}
F{00000000-0000-0000-0000-0000000A5792}
F{00000000-0000-0000-0000-0000001AF208}
T{00000000-0000-0000-0000-0000002897F9}
F{00000000-0000-0000-0000-000000060468}
T{00000000-0000-0000-0000-000000125A54}
T{00000000-0000-0000-0000-0000002EE24C}
F{00000000-0000-0000-0000-00000013D847}
F{00000000-0000-0000-0000-000000223CFB}
T{00000000-0000-0000-0000-000000155B05}
T{00000000-0000-0000-0000-0000002B43A9}
T{00000000-0000-0000-0000-0000002A9CF7}
T{00000000-0000-0000-0000-00000031DB69}
F{00000000-0000-0000-0000-000000278875}
F{00000000-0000-0000-0000-000000231277}
F{00000000-0000-0000-0000-00000027D4C7}
T{00000000-0000-0000-0000-000000011C79}
F{00000000-0000-0000-0000-0000000AE099}
F{00000000-0000-0000-0000-00000032E6F6}
F{00000000-0000-0000-0000-0000000F4FE6}
T{00000000-0000-0000-0000-000000103C79}
T{00000000-0000-0000-0000-0000000C439B}
F{00000000-0000-0000-0000-0000002C299F}
F{00000000-0000-0000-0000-00000015892F}
F{00000000-0000-0000-0000-0000002BCF2E}
F{00000000-0000-0000-0000-000000220C37}
F{00000000-0000-0000-0000-0000000ADB6D}
F{00000000-0000-0000-0000-00000010215D}
F{00000000-0000-0000-0000-0000001C7E16}
F{00000000-0000-0000-0000-000000083C07}
F{00000000-0000-0000-0000-00000013BA26}
F{00000000-0000-0000-0000-00000009D428}
F{00000000-0000-0000-0000-0000002D4147}
F{00000000-0000-0000-0000-000000278875}
F{00000000-0000-0000-0000-000000231277}
T{00000000-0000-0000-0000-00000027D4C7}
T{00000000-0000-0000-0000-000000011C79}
F{00000000-0000-0000-0000-0000000AE099}
F{00000000-0000-0000-0000-00000032E6F6}
F{00000000-0000-0000-0000-0000000F4FE6}
T{00000000-0000-0000-0000-000000103C79}
T{00000000-0000-0000-0000-0000000C439B}
F{00000000-0000-0000-0000-0000002C299F}
T{00000000-0000-0000-0000-00000015892F}
T{00000000-0000-0000-0000-0000002BCF2E}
F{00000000-0000-0000-0000-000000220C37}
F{00000000-0000-0000-0000-0000000ADB6D}
F{00000000-0000-0000-0000-00000010215D}
T{00000000-0000-0000-0000-0000001C7E16}
T{00000000-0000-0000-0000-000000083C07}
F{00000000-0000-0000-0000-00000013BA26}
F{00000000-0000-0000-0000-00000009D428}
F{00000000-0000-0000-0000-0000002D4147}
F{00000000-0000-0000-0000-00000024BF14}
F{00000000-0000-0000-0000-00000022633F}
F{00000000-0000-0000-0000-00000009E1DD}
F{00000000-0000-0000-0000-0000000FBE71}
F{00000000-0000-0000-0000-0000002CDE1F}
F{00000000-0000-0000-0000-0000001297F9}
F{00000000-0000-0000-0000-0000000AE237}
F{00000000-0000-0000-0000-000000091984}
F{00000000-0000-0000-0000-000000270E01}
T{00000000-0000-0000-0000-00000016D448}
F{00000000-0000-0000-0000-000000336361}
F{00000000-0000-0000-0000-00000013EDBB}
F{00000000-0000-0000-0000-000000132504}
T{00000000-0000-0000-0000-0000002CCAFC}
F{00000000-0000-0000-0000-00000025D7DD}
F{00000000-0000-0000-0000-0000000358BE}
F{00000000-0000-0000-0000-0000000DDD88}
F{00000000-0000-0000-0000-0000002AA779}
T{00000000-0000-0000-0000-0000001746C3}
F{00000000-0000-0000-0000-00000024D4B0}
F{00000000-0000-0000-0000-00000024BF14}
T{00000000-0000-0000-0000-00000022633F}
T{00000000-0000-0000-0000-00000009E1DD}
T{00000000-0000-0000-0000-0000000FBE71}
T{00000000-0000-0000-0000-0000002CDE1F}
T{00000000-0000-0000-0000-0000001297F9}
T{00000000-0000-0000-0000-0000000AE237}
T{00000000-0000-0000-0000-000000091984}
T{00000000-0000-0000-0000-000000270E01}
T{00000000-0000-0000-0000-00000016D448}
F{00000000-0000-0000-0000-000000336361}
F{00000000-0000-0000-0000-00000013EDBB}
F{00000000-0000-0000-0000-000000132504}
T{00000000-0000-0000-0000-0000002CCAFC}
F{00000000-0000-0000-0000-00000025D7DD}
F{00000000-0000-0000-0000-0000000358BE}
F{00000000-0000-0000-0000-0000000DDD88}
T{00000000-0000-0000-0000-0000002AA779}
T{00000000-0000-0000-0000-0000001746C3}
T{00000000-0000-0000-0000-00000024D4B0}
T{00000000-0000-0000-0000-00000009BCBD}
F{00000000-0000-0000-0000-00000029C08B}
F{00000000-0000-0000-0000-0000002EE25C}
F{00000000-0000-0000-0000-0000001021AA}
T{00000000-0000-0000-0000-0000002B5FB9}
F{00000000-0000-0000-0000-0000000F3587}
F{00000000-0000-0000-0000-000000230FED}
F{00000000-0000-0000-0000-00000032BB6B}
F{00000000-0000-0000-0000-0000002796A4}
F{00000000-0000-0000-0000-000000077309}
F{00000000-0000-0000-0000-00000013C356}
T{00000000-0000-0000-0000-000000199ECD}
F{00000000-0000-0000-0000-00000007C25E}
F{00000000-0000-0000-0000-0000002167C1}
T{00000000-0000-0000-0000-00000021868E}
F{00000000-0000-0000-0000-0000002C6D1C}
T{00000000-0000-0000-0000-00000017BA07}
T{00000000-0000-0000-0000-0000000A3CCC}
F{00000000-0000-0000-0000-0000002D5281}
T{00000000-0000-0000-0000-0000001EE496}
T{00000000-0000-0000-0000-00000009BCBD}
T{00000000-0000-0000-0000-00000029C08B}
T{00000000-0000-0000-0000-0000002EE25C}
T{00000000-0000-0000-0000-0000001021AA}
T{00000000-0000-0000-0000-0000002B5FB9}
T{00000000-0000-0000-0000-0000000F3587}
T{00000000-0000-0000-0000-000000230FED}
F{00000000-0000-0000-0000-00000032BB6B}
T{00000000-0000-0000-0000-0000002796A4}
F{00000000-0000-0000-0000-000000077309}
F{00000000-0000-0000-0000-00000013C356}
T{00000000-0000-0000-0000-000000199ECD}
T{00000000-0000-0000-0000-00000007C25E}
F{00000000-0000-0000-0000-0000002167C1}
T{00000000-0000-0000-0000-00000021868E}
F{00000000-0000-0000-0000-0000002C6D1C}
T{00000000-0000-0000-0000-00000017BA07}
T{00000000-0000-0000-0000-0000000A3CCC}
F{00000000-0000-0000-0000-0000002D5281}
T{00000000-0000-0000-0000-0000001EE496}
T{00000000-0000-0000-0000-0000001FB295}
F{00000000-0000-0000-0000-0000002651AC}
F{00000000-0000-0000-0000-000000098996}
F{00000000-0000-0000-0000-0000002CDFC9}
F{00000000-0000-0000-0000-00000017358C}
F{00000000-0000-0000-0000-000000277E2B}
T{00000000-0000-0000-0000-0000002A9640}
F{00000000-0000-0000-0000-00000024D577}
F{00000000-0000-0000-0000-00000031730E}
T{00000000-0000-0000-0000-000000219EFE}
F{00000000-0000-0000-0000-00000020548C}
T{00000000-0000-0000-0000-000000270DC9}
T{00000000-0000-0000-0000-000000164F6F}
T{00000000-0000-0000-0000-000000007910}
F{00000000-0000-0000-0000-000000282FCE}
T{00000000-0000-0000-0000-0000001D6FB7}
F{00000000-0000-0000-0000-00000021F6AA}
F{00000000-0000-0000-0000-00000031EBC3}
F{00000000-0000-0000-0000-0000002B9CA9}
F{00000000-0000-0000-0000-0000000C29E6}
T{00000000-0000-0000-0000-0000001FB295}
T{00000000-0000-0000-0000-0000002651AC}
T{00000000-0000-0000-0000-000000098996}
F{00000000-0000-0000-0000-0000002CDFC9}
F{00000000-0000-0000-0000-00000017358C}
F{00000000-0000-0000-0000-000000277E2B}
T{00000000-0000-0000-0000-0000002A9640}
F{00000000-0000-0000-0000-00000024D577}
T{00000000-0000-0000-0000-00000031730E}
T{00000000-0000-0000-0000-000000219EFE}
T{00000000-0000-0000-0000-00000020548C}
T{00000000-0000-0000-0000-000000270DC9}
T{00000000-0000-0000-0000-000000164F6F}
T{00000000-0000-0000-0000-000000007910}
T{00000000-0000-0000-0000-000000282FCE}
T{00000000-0000-0000-0000-0000001D6FB7}
F{00000000-0000-0000-0000-00000021F6AA}
T{00000000-0000-0000-0000-00000031EBC3}
F{00000000-0000-0000-0000-0000002B9CA9}
T{00000000-0000-0000-0000-0000000C29E6}
F{00000000-0000-0000-0000-000000152F96}
F{00000000-0000-0000-0000-0000002C532B}
T{00000000-0000-0000-0000-00000005D234}
F{00000000-0000-0000-0000-0000000E6E55}
F{00000000-0000-0000-0000-000000222774}
F{00000000-0000-0000-0000-0000002B7D45}
T{00000000-0000-0000-0000-00000026F56D}
F{00000000-0000-0000-0000-000000225920}
F{00000000-0000-0000-0000-00000005250C}
F{00000000-0000-0000-0000-000000145CBD}
T{00000000-0000-0000-0000-0000002FDA95}
F{00000000-0000-0000-0000-0000002B0488}
F{00000000-0000-0000-0000-0000002EDFFA}
F{00000000-0000-0000-0000-0000001D26F3}
F{00000000-0000-0000-0000-0000002C78DE}
T{00000000-0000-0000-0000-0000002AB719}
F{00000000-0000-0000-0000-0000002DC9A5}
F{00000000-0000-0000-0000-0000002C9942}
F{00000000-0000-0000-0000-00000009BAD7}
F{00000000-0000-0000-0000-000000263C74}
T{00000000-0000-0000-0000-000000152F96}
T{00000000-0000-0000-0000-0000002C532B}
T{00000000-0000-0000-0000-00000005D234}
T{00000000-0000-0000-0000-0000000E6E55}
F{00000000-0000-0000-0000-000000222774}
F{00000000-0000-0000-0000-0000002B7D45}
T{00000000-0000-0000-0000-00000026F56D}
F{00000000-0000-0000-0000-000000225920}
F{00000000-0000-0000-0000-00000005250C}
F{00000000-0000-0000-0000-000000145CBD}
T{00000000-0000-0000-0000-0000002FDA95}
F{00000000-0000-0000-0000-0000002B0488}
T{00000000-0000-0000-0000-0000002EDFFA}
F{00000000-0000-0000-0000-0000001D26F3}
T{00000000-0000-0000-0000-0000002C78DE}
T{00000000-0000-0000-0000-0000002AB719}
T{00000000-0000-0000-0000-0000002DC9A5}
F{00000000-0000-0000-0000-0000002C9942}
T{00000000-0000-0000-0000-00000009BAD7}
F{00000000-0000-0000-0000-000000263C74}
F{00000000-0000-0000-0000-0000001D699A}
F{00000000-0000-0000-0000-0000001AF5B8}
F{00000000-0000-0000-0000-000000137696}
F{00000000-0000-0000-0000-000000275B8E}
T{00000000-0000-0000-0000-0000002D3243}
T{00000000-0000-0000-0000-0000002C4A8B}
T{00000000-0000-0000-0000-0000001023D6}
F{00000000-0000-0000-0000-00000013BFCB}
F{00000000-0000-0000-0000-000000192C47}
