T{00000000-0000-0000-0000-00000005EE69}
F{00000000-0000-0000-0000-0000000FC3AA}
T{00000000-0000-0000-0000-00000005EE69}
T{00000000-0000-0000-0000-0000000FC3AA}
F{00000000-0000-0000-0000-0000000ABD11}
F{00000000-0000-0000-0000-0000002EE24C}
T{00000000-0000-0000-0000-00000021E8F6}
T{00000000-0000-0000-0000-00000005A714}
F{00000000-0000-0000-0000-00000028D056}
F{00000000-0000-0000-0000-00000013EDBB}
F{00000000-0000-0000-0000-0000002AB719}
F{00000000-0000-0000-0000-00000025E580}
F{00000000-0000-0000-0000-0000002C532B}
F{00000000-0000-0000-0000-000000230FED}
F{00000000-0000-0000-0000-0000002A9640}
F{00000000-0000-0000-0000-000000225920}
F{00000000-0000-0000-0000-0000002796A4}
T{00000000-0000-0000-0000-000000054FCB}
T{00000000-0000-0000-0000-0000000ADCC9}
F{00000000-0000-0000-0000-0000001FB295}
F{00000000-0000-0000-0000-0000000A2DD3}
F{00000000-0000-0000-0000-00000026A7E0}
F{00000000-0000-0000-0000-00000032A5BB}
F{00000000-0000-0000-0000-0000000C29E6}
T{00000000-0000-0000-0000-0000000ABD11}
T{00000000-0000-0000-0000-0000002EE24C}
T{00000000-0000-0000-0000-00000021E8F6}
T{00000000-0000-0000-0000-00000005A714}
F{00000000-0000-0000-0000-00000028D056}
F{00000000-0000-0000-0000-00000013EDBB}
T{00000000-0000-0000-0000-0000002AB719}
T{00000000-0000-0000-0000-00000025E580}
T{00000000-0000-0000-0000-0000002C532B}
T{00000000-0000-0000-0000-000000230FED}
T{00000000-0000-0000-0000-0000002A9640}
F{00000000-0000-0000-0000-000000225920}
F{00000000-0000-0000-0000-0000002796A4}
T{00000000-0000-0000-0000-000000054FCB}
T{00000000-0000-0000-0000-0000000ADCC9}
T{00000000-0000-0000-0000-0000001FB295}
T{00000000-0000-0000-0000-0000000A2DD3}
F{00000000-0000-0000-0000-00000026A7E0}
T{00000000-0000-0000-0000-00000032A5BB}
T{00000000-0000-0000-0000-0000000C29E6}
F{00000000-0000-0000-0000-0000002C9942}
F{00000000-0000-0000-0000-000000269527}
F{00000000-0000-0000-0000-000000147165}
F{00000000-0000-0000-0000-0000002B7C23}
F{00000000-0000-0000-0000-0000000A3CCC}
T{00000000-0000-0000-0000-00000025482D}
T{00000000-0000-0000-0000-00000006524D}
F{00000000-0000-0000-0000-000000088CF0}
F{00000000-0000-0000-0000-0000000BB9D4}
T{00000000-0000-0000-0000-000000106300}
F{00000000-0000-0000-0000-000000222774}
T{00000000-0000-0000-0000-00000024D328}
F{00000000-0000-0000-0000-0000002BDF68}
F{00000000-0000-0000-0000-0000001C78BF}
F{00000000-0000-0000-0000-000000169CBC}
F{00000000-0000-0000-0000-0000002BFFD7}
F{00000000-0000-0000-0000-0000000BBAF7}
F{00000000-0000-0000-0000-00000025D7DD}
F{00000000-0000-0000-0000-00000006E673}
F{00000000-0000-0000-0000-0000001A871A}
F{00000000-0000-0000-0000-0000002C9942}
T{00000000-0000-0000-0000-000000269527}
T{00000000-0000-0000-0000-000000147165}
T{00000000-0000-0000-0000-0000002B7C23}
T{00000000-0000-0000-0000-0000000A3CCC}
T{00000000-0000-0000-0000-00000025482D}
T{00000000-0000-0000-0000-00000006524D}
T{00000000-0000-0000-0000-000000088CF0}
F{00000000-0000-0000-0000-0000000BB9D4}
T{00000000-0000-0000-0000-000000106300}
T{00000000-0000-0000-0000-000000222774}
T{00000000-0000-0000-0000-00000024D328}
T{00000000-0000-0000-0000-0000002BDF68}
F{00000000-0000-0000-0000-0000001C78BF}
F{00000000-0000-0000-0000-000000169CBC}
F{00000000-0000-0000-0000-0000002BFFD7}
T{00000000-0000-0000-0000-0000000BBAF7}
F{00000000-0000-0000-0000-00000025D7DD}
T{00000000-0000-0000-0000-00000006E673}
T{00000000-0000-0000-0000-0000001A871A}
