F{00000000-0000-0000-0000-0000002FEC1E}
T{00000000-0000-0000-0000-0000002FEC1E}
F{00000000-0000-0000-0000-0000002A9CF7}
T{00000000-0000-0000-0000-000000146BA0}
F{00000000-0000-0000-0000-0000000BDF18}
F{00000000-0000-0000-0000-0000000AAEFB}
F{00000000-0000-0000-0000-000000137696}
F{00000000-0000-0000-0000-0000000ADB6D}
F{00000000-0000-0000-0000-0000000BD989}
F{00000000-0000-0000-0000-00000014BCF0}
F{00000000-0000-0000-0000-0000002C299F}
F{00000000-0000-0000-0000-0000002B0488}
F{00000000-0000-0000-0000-000000053A0F}
F{00000000-0000-0000-0000-00000019F30D}
F{00000000-0000-0000-0000-0000002B39CA}
T{00000000-0000-0000-0000-0000002897F9}
F{00000000-0000-0000-0000-00000022178C}
F{00000000-0000-0000-0000-000000053322}
T{00000000-0000-0000-0000-00000009E1AA}
F{00000000-0000-0000-0000-0000000EC5C1}
T{00000000-0000-0000-0000-00000009D63B}
F{00000000-0000-0000-0000-00000029E184}
T{00000000-0000-0000-0000-0000002A9CF7}
T{00000000-0000-0000-0000-000000146BA0}
F{00000000-0000-0000-0000-0000000BDF18}
F{00000000-0000-0000-0000-0000000AAEFB}
T{00000000-0000-0000-0000-000000137696}
F{00000000-0000-0000-0000-0000000ADB6D}
T{00000000-0000-0000-0000-0000000BD989}
T{00000000-0000-0000-0000-00000014BCF0}
F{00000000-0000-0000-0000-0000002C299F}
F{00000000-0000-0000-0000-0000002B0488}
T{00000000-0000-0000-0000-000000053A0F}
T{00000000-0000-0000-0000-00000019F30D}
T{00000000-0000-0000-0000-0000002B39CA}
T{00000000-0000-0000-0000-0000002897F9}
T{00000000-0000-0000-0000-00000022178C}
T{00000000-0000-0000-0000-000000053322}
T{00000000-0000-0000-0000-00000009E1AA}
T{00000000-0000-0000-0000-0000000EC5C1}
T{00000000-0000-0000-0000-00000009D63B}
F{00000000-0000-0000-0000-00000029E184}
T{00000000-0000-0000-0000-00000024D4B0}
T{00000000-0000-0000-0000-000000242709}
F{00000000-0000-0000-0000-00000016979A}
T{00000000-0000-0000-0000-00000016D448}
F{00000000-0000-0000-0000-00000032B96F}
T{00000000-0000-0000-0000-00000011FF45}
F{00000000-0000-0000-0000-0000000ABD11}
F{00000000-0000-0000-0000-000000245B1C}
F{00000000-0000-0000-0000-000000263D12}
T{00000000-0000-0000-0000-00000019EB21}
F{00000000-0000-0000-0000-000000304FF3}
F{00000000-0000-0000-0000-0000000F9C6B}
F{00000000-0000-0000-0000-0000000B0D42}
F{00000000-0000-0000-0000-000000271DD9}
T{00000000-0000-0000-0000-00000026A6D4}
F{00000000-0000-0000-0000-000000060468}
F{00000000-0000-0000-0000-0000002001DC}
F{00000000-0000-0000-0000-0000000EB1C4}
F{00000000-0000-0000-0000-000000222774}
T{00000000-0000-0000-0000-00000013BFCB}
T{00000000-0000-0000-0000-00000024D4B0}
T{00000000-0000-0000-0000-000000242709}
T{00000000-0000-0000-0000-00000016979A}
T{00000000-0000-0000-0000-00000016D448}
F{00000000-0000-0000-0000-00000032B96F}
T{00000000-0000-0000-0000-00000011FF45}
T{00000000-0000-0000-0000-0000000ABD11}
T{00000000-0000-0000-0000-000000245B1C}
F{00000000-0000-0000-0000-000000263D12}
T{00000000-0000-0000-0000-00000019EB21}
F{00000000-0000-0000-0000-000000304FF3}
T{00000000-0000-0000-0000-0000000F9C6B}
F{00000000-0000-0000-0000-0000000B0D42}
T{00000000-0000-0000-0000-000000271DD9}
T{00000000-0000-0000-0000-00000026A6D4}
F{00000000-0000-0000-0000-000000060468}
T{00000000-0000-0000-0000-0000002001DC}
T{00000000-0000-0000-0000-0000000EB1C4}
T{00000000-0000-0000-0000-000000222774}
T{00000000-0000-0000-0000-00000013BFCB}
T{00000000-0000-0000-0000-000000152F96}
F{00000000-0000-0000-0000-000000077309}
F{00000000-0000-0000-0000-0000001AF5B8}
F{00000000-0000-0000-0000-00000013BA26}
F{00000000-0000-0000-0000-000000169CBC}
F{00000000-0000-0000-0000-0000002B7D45}
F{00000000-0000-0000-0000-0000000BBAE5}
F{00000000-0000-0000-0000-0000002CACBC}
F{00000000-0000-0000-0000-00000006193F}
F{00000000-0000-0000-0000-00000011FA5C}
F{00000000-0000-0000-0000-0000002FE035}
F{00000000-0000-0000-0000-000000324745}
F{00000000-0000-0000-0000-00000005FF3F}
F{00000000-0000-0000-0000-00000032E6F6}
F{00000000-0000-0000-0000-0000002D71D6}
F{00000000-0000-0000-0000-00000024D561}
F{00000000-0000-0000-0000-0000001282E8}
F{00000000-0000-0000-0000-0000000BCE16}
F{00000000-0000-0000-0000-00000032FBFC}
F{00000000-0000-0000-0000-000000060817}
T{00000000-0000-0000-0000-000000152F96}
F{00000000-0000-0000-0000-000000077309}
T{00000000-0000-0000-0000-0000001AF5B8}
F{00000000-0000-0000-0000-00000013BA26}
T{00000000-0000-0000-0000-000000169CBC}
F{00000000-0000-0000-0000-0000002B7D45}
F{00000000-0000-0000-0000-0000000BBAE5}
F{00000000-0000-0000-0000-0000002CACBC}
T{00000000-0000-0000-0000-00000006193F}
T{00000000-0000-0000-0000-00000011FA5C}
T{00000000-0000-0000-0000-0000002FE035}
F{00000000-0000-0000-0000-000000324745}
T{00000000-0000-0000-0000-00000005FF3F}
T{00000000-0000-0000-0000-00000032E6F6}
T{00000000-0000-0000-0000-0000002D71D6}
T{00000000-0000-0000-0000-00000024D561}
F{00000000-0000-0000-0000-0000001282E8}
T{00000000-0000-0000-0000-0000000BCE16}
F{00000000-0000-0000-0000-00000032FBFC}
F{00000000-0000-0000-0000-000000060817}
T{00000000-0000-0000-0000-0000002BB1FE}
F{00000000-0000-0000-0000-0000000DF706}
F{00000000-0000-0000-0000-0000002843CE}
F{00000000-0000-0000-0000-00000008B383}
F{00000000-0000-0000-0000-0000000ADF8A}
F{00000000-0000-0000-0000-0000002651AC}
F{00000000-0000-0000-0000-00000031BA6F}
F{00000000-0000-0000-0000-00000025D7DD}
F{00000000-0000-0000-0000-0000003019AD}
F{00000000-0000-0000-0000-0000002167C1}
F{00000000-0000-0000-0000-0000001FFDD7}
F{00000000-0000-0000-0000-0000002A0033}
F{00000000-0000-0000-0000-0000001FD913}
F{00000000-0000-0000-0000-000000223AC8}
F{00000000-0000-0000-0000-0000000A2DD3}
T{00000000-0000-0000-0000-00000022633F}
F{00000000-0000-0000-0000-0000001A891E}
T{00000000-0000-0000-0000-000000088CF0}
T{00000000-0000-0000-0000-0000000A0913}
F{00000000-0000-0000-0000-000000125A54}
T{00000000-0000-0000-0000-0000002BB1FE}
T{00000000-0000-0000-0000-0000000DF706}
F{00000000-0000-0000-0000-0000002843CE}
F{00000000-0000-0000-0000-00000008B383}
F{00000000-0000-0000-0000-0000000ADF8A}
F{00000000-0000-0000-0000-0000002651AC}
F{00000000-0000-0000-0000-00000031BA6F}
F{00000000-0000-0000-0000-00000025D7DD}
F{00000000-0000-0000-0000-0000003019AD}
T{00000000-0000-0000-0000-0000002167C1}
T{00000000-0000-0000-0000-0000001FFDD7}
F{00000000-0000-0000-0000-0000002A0033}
F{00000000-0000-0000-0000-0000001FD913}
F{00000000-0000-0000-0000-000000223AC8}
F{00000000-0000-0000-0000-0000000A2DD3}
T{00000000-0000-0000-0000-00000022633F}
F{00000000-0000-0000-0000-0000001A891E}
T{00000000-0000-0000-0000-000000088CF0}
T{00000000-0000-0000-0000-0000000A0913}
T{00000000-0000-0000-0000-000000125A54}
F{00000000-0000-0000-0000-000000180A8A}
F{00000000-0000-0000-0000-0000000929D8}
F{00000000-0000-0000-0000-0000002D4F1C}
F{00000000-0000-0000-0000-00000032A5BB}
F{00000000-0000-0000-0000-00000026C0C1}
F{00000000-0000-0000-0000-0000003362C8}
F{00000000-0000-0000-0000-00000016EE88}
F{00000000-0000-0000-0000-000000304116}
F{00000000-0000-0000-0000-0000002C74C9}
F{00000000-0000-0000-0000-00000032E65E}
F{00000000-0000-0000-0000-0000000D0CBC}
F{00000000-0000-0000-0000-000000132504}
F{00000000-0000-0000-0000-000000106A2C}
T{00000000-0000-0000-0000-000000060E54}
T{00000000-0000-0000-0000-0000002819B0}
T{00000000-0000-0000-0000-0000001322C6}
T{00000000-0000-0000-0000-0000000EFCD0}
T{00000000-0000-0000-0000-000000091984}
T{00000000-0000-0000-0000-0000002BCF2E}
T{00000000-0000-0000-0000-0000001C7E16}
T{00000000-0000-0000-0000-000000180A8A}
T{00000000-0000-0000-0000-0000000929D8}
T{00000000-0000-0000-0000-0000002D4F1C}
T{00000000-0000-0000-0000-00000032A5BB}
F{00000000-0000-0000-0000-00000026C0C1}
T{00000000-0000-0000-0000-0000003362C8}
T{00000000-0000-0000-0000-00000016EE88}
F{00000000-0000-0000-0000-000000304116}
F{00000000-0000-0000-0000-0000002C74C9}
F{00000000-0000-0000-0000-00000032E65E}
F{00000000-0000-0000-0000-0000000D0CBC}
F{00000000-0000-0000-0000-000000132504}
F{00000000-0000-0000-0000-000000106A2C}
T{00000000-0000-0000-0000-000000060E54}
T{00000000-0000-0000-0000-0000002819B0}
T{00000000-0000-0000-0000-0000001322C6}
T{00000000-0000-0000-0000-0000000EFCD0}
T{00000000-0000-0000-0000-000000091984}
T{00000000-0000-0000-0000-0000002BCF2E}
T{00000000-0000-0000-0000-0000001C7E16}
F{00000000-0000-0000-0000-000000275B8E}
F{00000000-0000-0000-0000-00000026DB04}
F{00000000-0000-0000-0000-0000000AAF2A}
F{00000000-0000-0000-0000-0000000FBE71}
T{00000000-0000-0000-0000-0000000A9687}
F{00000000-0000-0000-0000-0000000A5B30}
F{00000000-0000-0000-0000-0000002789C7}
T{00000000-0000-0000-0000-00000015892F}
F{00000000-0000-0000-0000-0000002216E6}
F{00000000-0000-0000-0000-000000230FED}
F{00000000-0000-0000-0000-0000000AB664}
T{00000000-0000-0000-0000-0000002ACE76}
F{00000000-0000-0000-0000-0000002ADB4F}
F{00000000-0000-0000-0000-0000002FA3FA}
F{00000000-0000-0000-0000-0000002B054E}
F{00000000-0000-0000-0000-000000336361}
F{00000000-0000-0000-0000-00000010215D}
F{00000000-0000-0000-0000-0000000D9506}
F{00000000-0000-0000-0000-00000009D454}
F{00000000-0000-0000-0000-00000005250C}
F{00000000-0000-0000-0000-000000275B8E}
T{00000000-0000-0000-0000-00000026DB04}
F{00000000-0000-0000-0000-0000000AAF2A}
T{00000000-0000-0000-0000-0000000FBE71}
T{00000000-0000-0000-0000-0000000A9687}
T{00000000-0000-0000-0000-0000000A5B30}
T{00000000-0000-0000-0000-0000002789C7}
T{00000000-0000-0000-0000-00000015892F}
T{00000000-0000-0000-0000-0000002216E6}
T{00000000-0000-0000-0000-000000230FED}
F{00000000-0000-0000-0000-0000000AB664}
T{00000000-0000-0000-0000-0000002ACE76}
F{00000000-0000-0000-0000-0000002ADB4F}
T{00000000-0000-0000-0000-0000002FA3FA}
F{00000000-0000-0000-0000-0000002B054E}
F{00000000-0000-0000-0000-000000336361}
F{00000000-0000-0000-0000-00000010215D}
F{00000000-0000-0000-0000-0000000D9506}
F{00000000-0000-0000-0000-00000009D454}
F{00000000-0000-0000-0000-00000005250C}
F{00000000-0000-0000-0000-000000138B76}
F{00000000-0000-0000-0000-0000000BB9D4}
F{00000000-0000-0000-0000-00000021F6AA}
F{00000000-0000-0000-0000-00000024D577}
F{00000000-0000-0000-0000-0000002C76ED}
F{00000000-0000-0000-0000-0000002D5281}
F{00000000-0000-0000-0000-0000002BB56B}
T{00000000-0000-0000-0000-00000030D202}
F{00000000-0000-0000-0000-000000282FCE}
F{00000000-0000-0000-0000-0000000FC3AA}
F{00000000-0000-0000-0000-0000001AF208}
T{00000000-0000-0000-0000-0000002C418E}
F{00000000-0000-0000-0000-000000165C7D}
F{00000000-0000-0000-0000-000000263C74}
T{00000000-0000-0000-0000-000000273493}
F{00000000-0000-0000-0000-00000013BB66}
F{00000000-0000-0000-0000-0000002691F5}
T{00000000-0000-0000-0000-0000000FAF71}
F{00000000-0000-0000-0000-0000000BBBC1}
F{00000000-0000-0000-0000-0000001D26F3}
F{00000000-0000-0000-0000-000000138B76}
F{00000000-0000-0000-0000-0000000BB9D4}
T{00000000-0000-0000-0000-00000021F6AA}
F{00000000-0000-0000-0000-00000024D577}
F{00000000-0000-0000-0000-0000002C76ED}
T{00000000-0000-0000-0000-0000002D5281}
T{00000000-0000-0000-0000-0000002BB56B}
T{00000000-0000-0000-0000-00000030D202}
T{00000000-0000-0000-0000-000000282FCE}
T{00000000-0000-0000-0000-0000000FC3AA}
F{00000000-0000-0000-0000-0000001AF208}
T{00000000-0000-0000-0000-0000002C418E}
T{00000000-0000-0000-0000-000000165C7D}
F{00000000-0000-0000-0000-000000263C74}
T{00000000-0000-0000-0000-000000273493}
T{00000000-0000-0000-0000-00000013BB66}
F{00000000-0000-0000-0000-0000002691F5}
T{00000000-0000-0000-0000-0000000FAF71}
T{00000000-0000-0000-0000-0000000BBBC1}
T{00000000-0000-0000-0000-0000001D26F3}
F{00000000-0000-0000-0000-0000000AE577}
F{00000000-0000-0000-0000-00000003496E}
F{00000000-0000-0000-0000-000000090229}
T{00000000-0000-0000-0000-0000000EB1FB}
T{00000000-0000-0000-0000-000000126649}
F{00000000-0000-0000-0000-00000013EDBB}
F{00000000-0000-0000-0000-000000209B8E}
F{00000000-0000-0000-0000-00000026A7E0}
F{00000000-0000-0000-0000-000000122CB0}
F{00000000-0000-0000-0000-000000231277}
F{00000000-0000-0000-0000-0000000AE447}
T{00000000-0000-0000-0000-000000270E01}
F{00000000-0000-0000-0000-0000000AE099}
F{00000000-0000-0000-0000-00000032BB6B}
T{00000000-0000-0000-0000-00000019D284}
F{00000000-0000-0000-0000-0000002DC9A5}
F{00000000-0000-0000-0000-0000000CE9C4}
T{00000000-0000-0000-0000-0000001023D6}
F{00000000-0000-0000-0000-00000016BA6A}
F{00000000-0000-0000-0000-0000001379ED}
T{00000000-0000-0000-0000-0000000AE577}
F{00000000-0000-0000-0000-00000003496E}
F{00000000-0000-0000-0000-000000090229}
T{00000000-0000-0000-0000-0000000EB1FB}
T{00000000-0000-0000-0000-000000126649}
F{00000000-0000-0000-0000-00000013EDBB}
F{00000000-0000-0000-0000-000000209B8E}
F{00000000-0000-0000-0000-00000026A7E0}
F{00000000-0000-0000-0000-000000122CB0}
T{00000000-0000-0000-0000-000000231277}
F{00000000-0000-0000-0000-0000000AE447}
T{00000000-0000-0000-0000-000000270E01}
T{00000000-0000-0000-0000-0000000AE099}
T{00000000-0000-0000-0000-00000032BB6B}
T{00000000-0000-0000-0000-00000019D284}
T{00000000-0000-0000-0000-0000002DC9A5}
T{00000000-0000-0000-0000-0000000CE9C4}
T{00000000-0000-0000-0000-0000001023D6}
F{00000000-0000-0000-0000-00000016BA6A}
F{00000000-0000-0000-0000-0000001379ED}
F{00000000-0000-0000-0000-000000223CFB}
F{00000000-0000-0000-0000-00000014AC98}
F{00000000-0000-0000-0000-00000029CB1D}
F{00000000-0000-0000-0000-00000014AEB7}
F{00000000-0000-0000-0000-00000026C360}
F{00000000-0000-0000-0000-00000014652A}
F{00000000-0000-0000-0000-0000002FA47F}
T{00000000-0000-0000-0000-00000032A8DB}
F{00000000-0000-0000-0000-000000181235}
F{00000000-0000-0000-0000-000000171CAA}
T{00000000-0000-0000-0000-0000000C5B68}
T{00000000-0000-0000-0000-0000001A871A}
F{00000000-0000-0000-0000-000000039287}
T{00000000-0000-0000-0000-00000017BAF9}
F{00000000-0000-0000-0000-000000177B49}
F{00000000-0000-0000-0000-0000001369DE}
T{00000000-0000-0000-0000-0000000A7716}
T{00000000-0000-0000-0000-000000263B6B}
T{00000000-0000-0000-0000-0000000AE237}
F{00000000-0000-0000-0000-00000024BF14}
F{00000000-0000-0000-0000-000000223CFB}
T{00000000-0000-0000-0000-00000014AC98}
T{00000000-0000-0000-0000-00000029CB1D}
T{00000000-0000-0000-0000-00000014AEB7}
F{00000000-0000-0000-0000-00000026C360}
T{00000000-0000-0000-0000-00000014652A}
F{00000000-0000-0000-0000-0000002FA47F}
T{00000000-0000-0000-0000-00000032A8DB}
F{00000000-0000-0000-0000-000000181235}
F{00000000-0000-0000-0000-000000171CAA}
T{00000000-0000-0000-0000-0000000C5B68}
T{00000000-0000-0000-0000-0000001A871A}
T{00000000-0000-0000-0000-000000039287}
T{00000000-0000-0000-0000-00000017BAF9}
T{00000000-0000-0000-0000-000000177B49}
T{00000000-0000-0000-0000-0000001369DE}
T{00000000-0000-0000-0000-0000000A7716}
T{00000000-0000-0000-0000-000000263B6B}
T{00000000-0000-0000-0000-0000000AE237}
F{00000000-0000-0000-0000-00000024BF14}
T{00000000-0000-0000-0000-000000028B7A}
F{00000000-0000-0000-0000-000000148332}
T{00000000-0000-0000-0000-00000015CAE7}
F{00000000-0000-0000-0000-00000015BDE3}
T{00000000-0000-0000-0000-0000002E9D5F}
F{00000000-0000-0000-0000-000000303C41}
F{00000000-0000-0000-0000-0000000DDD88}
F{00000000-0000-0000-0000-0000001056F7}
F{00000000-0000-0000-0000-0000002D4147}
F{00000000-0000-0000-0000-0000002BA651}
F{00000000-0000-0000-0000-00000013B91E}
F{00000000-0000-0000-0000-0000002EE25C}
F{00000000-0000-0000-0000-000000083C07}
F{00000000-0000-0000-0000-0000000C5488}
T{00000000-0000-0000-0000-0000002853F7}
F{00000000-0000-0000-0000-00000029C08B}
T{00000000-0000-0000-0000-00000031EBC3}
F{00000000-0000-0000-0000-0000001DB268}
F{00000000-0000-0000-0000-00000013C356}
F{00000000-0000-0000-0000-00000009E1DD}
T{00000000-0000-0000-0000-000000028B7A}
F{00000000-0000-0000-0000-000000148332}
T{00000000-0000-0000-0000-00000015CAE7}
F{00000000-0000-0000-0000-00000015BDE3}
T{00000000-0000-0000-0000-0000002E9D5F}
F{00000000-0000-0000-0000-000000303C41}
T{00000000-0000-0000-0000-0000000DDD88}
F{00000000-0000-0000-0000-0000001056F7}
F{00000000-0000-0000-0000-0000002D4147}
T{00000000-0000-0000-0000-0000002BA651}
F{00000000-0000-0000-0000-00000013B91E}
T{00000000-0000-0000-0000-0000002EE25C}
T{00000000-0000-0000-0000-000000083C07}
F{00000000-0000-0000-0000-0000000C5488}
T{00000000-0000-0000-0000-0000002853F7}
T{00000000-0000-0000-0000-00000029C08B}
T{00000000-0000-0000-0000-00000031EBC3}
F{00000000-0000-0000-0000-0000001DB268}
F{00000000-0000-0000-0000-00000013C356}
T{00000000-0000-0000-0000-00000009E1DD}
F{00000000-0000-0000-0000-000000122D0D}
F{00000000-0000-0000-0000-0000002C532B}
T{00000000-0000-0000-0000-00000031ED05}
T{00000000-0000-0000-0000-0000002BDEA2}
F{00000000-0000-0000-0000-0000000CF7CD}
F{00000000-0000-0000-0000-0000002E314C}
F{00000000-0000-0000-0000-000000192C47}
F{00000000-0000-0000-0000-00000031840C}
F{00000000-0000-0000-0000-0000000567C5}
F{00000000-0000-0000-0000-0000001E3995}
T{00000000-0000-0000-0000-00000017BA07}
F{00000000-0000-0000-0000-00000028813D}
F{00000000-0000-0000-0000-00000027D4C7}
F{00000000-0000-0000-0000-0000002D47FB}
T{00000000-0000-0000-0000-0000001187A9}
F{00000000-0000-0000-0000-0000001FFE57}
F{00000000-0000-0000-0000-0000000C29E6}
T{00000000-0000-0000-0000-0000000E6E55}
T{00000000-0000-0000-0000-00000019EC18}
T{00000000-0000-0000-0000-00000022F9B8}
F{00000000-0000-0000-0000-000000122D0D}
T{00000000-0000-0000-0000-0000002C532B}
T{00000000-0000-0000-0000-00000031ED05}
T{00000000-0000-0000-0000-0000002BDEA2}
F{00000000-0000-0000-0000-0000000CF7CD}
F{00000000-0000-0000-0000-0000002E314C}
T{00000000-0000-0000-0000-000000192C47}
F{00000000-0000-0000-0000-00000031840C}
F{00000000-0000-0000-0000-0000000567C5}
T{00000000-0000-0000-0000-0000001E3995}
T{00000000-0000-0000-0000-00000017BA07}
T{00000000-0000-0000-0000-00000028813D}
T{00000000-0000-0000-0000-00000027D4C7}
T{00000000-0000-0000-0000-0000002D47FB}
T{00000000-0000-0000-0000-0000001187A9}
T{00000000-0000-0000-0000-0000001FFE57}
T{00000000-0000-0000-0000-0000000C29E6}
T{00000000-0000-0000-0000-0000000E6E55}
T{00000000-0000-0000-0000-00000019EC18}
T{00000000-0000-0000-0000-00000022F9B8}
F{00000000-0000-0000-0000-000000290793}
F{00000000-0000-0000-0000-00000009066B}
T{00000000-0000-0000-0000-00000017BAF8}
F{00000000-0000-0000-0000-0000001DCCD0}
F{00000000-0000-0000-0000-0000000358BE}
F{00000000-0000-0000-0000-000000235C6F}
T{00000000-0000-0000-0000-00000031730E}
T{00000000-0000-0000-0000-0000002AA779}
T{00000000-0000-0000-0000-000000227154}
F{00000000-0000-0000-0000-000000210B04}
F{00000000-0000-0000-0000-000000108B3B}
F{00000000-0000-0000-0000-0000002A93E5}
F{00000000-0000-0000-0000-00000011A66A}
F{00000000-0000-0000-0000-0000000604DA}
T{00000000-0000-0000-0000-000000146C13}
F{00000000-0000-0000-0000-0000000B1E17}
F{00000000-0000-0000-0000-00000008AA1A}
F{00000000-0000-0000-0000-000000128932}
F{00000000-0000-0000-0000-00000006E673}
F{00000000-0000-0000-0000-0000002DA425}
T{00000000-0000-0000-0000-000000290793}
F{00000000-0000-0000-0000-00000009066B}
T{00000000-0000-0000-0000-00000017BAF8}
F{00000000-0000-0000-0000-0000001DCCD0}
F{00000000-0000-0000-0000-0000000358BE}
F{00000000-0000-0000-0000-000000235C6F}
T{00000000-0000-0000-0000-00000031730E}
T{00000000-0000-0000-0000-0000002AA779}
T{00000000-0000-0000-0000-000000227154}
F{00000000-0000-0000-0000-000000210B04}
F{00000000-0000-0000-0000-000000108B3B}
T{00000000-0000-0000-0000-0000002A93E5}
F{00000000-0000-0000-0000-00000011A66A}
F{00000000-0000-0000-0000-0000000604DA}
T{00000000-0000-0000-0000-000000146C13}
F{00000000-0000-0000-0000-0000000B1E17}
F{00000000-0000-0000-0000-00000008AA1A}
F{00000000-0000-0000-0000-000000128932}
F{00000000-0000-0000-0000-00000006E673}
F{00000000-0000-0000-0000-0000002DA425}
F{00000000-0000-0000-0000-0000000970F1}
F{00000000-0000-0000-0000-00000008DF2C}
F{00000000-0000-0000-0000-00000013995B}
F{00000000-0000-0000-0000-0000001D699A}
T{00000000-0000-0000-0000-0000001D6905}
T{00000000-0000-0000-0000-0000002A02EE}
F{00000000-0000-0000-0000-00000028D056}
F{00000000-0000-0000-0000-00000032016B}
T{00000000-0000-0000-0000-0000002C78DE}
F{00000000-0000-0000-0000-0000001278AF}
F{00000000-0000-0000-0000-0000000D9F5F}
T{00000000-0000-0000-0000-0000000F0E97}
F{00000000-0000-0000-0000-00000009A044}
F{00000000-0000-0000-0000-0000000FD49A}
F{00000000-0000-0000-0000-000000063A84}
T{00000000-0000-0000-0000-00000030D999}
F{00000000-0000-0000-0000-0000002AA866}
F{00000000-0000-0000-0000-0000000A5811}
F{00000000-0000-0000-0000-00000009D428}
F{00000000-0000-0000-0000-0000002F0787}
F{00000000-0000-0000-0000-0000000970F1}
F{00000000-0000-0000-0000-00000008DF2C}
F{00000000-0000-0000-0000-00000013995B}
T{00000000-0000-0000-0000-0000001D699A}
T{00000000-0000-0000-0000-0000001D6905}
T{00000000-0000-0000-0000-0000002A02EE}
F{00000000-0000-0000-0000-00000028D056}
T{00000000-0000-0000-0000-00000032016B}
T{00000000-0000-0000-0000-0000002C78DE}
F{00000000-0000-0000-0000-0000001278AF}
F{00000000-0000-0000-0000-0000000D9F5F}
T{00000000-0000-0000-0000-0000000F0E97}
F{00000000-0000-0000-0000-00000009A044}
F{00000000-0000-0000-0000-0000000FD49A}
T{00000000-0000-0000-0000-000000063A84}
T{00000000-0000-0000-0000-00000030D999}
F{00000000-0000-0000-0000-0000002AA866}
F{00000000-0000-0000-0000-0000000A5811}
F{00000000-0000-0000-0000-00000009D428}
F{00000000-0000-0000-0000-0000002F0787}
F{00000000-0000-0000-0000-0000001021AA}
F{00000000-0000-0000-0000-0000002796A4}
F{00000000-0000-0000-0000-0000002CDE1F}
F{00000000-0000-0000-0000-00000013D847}
F{00000000-0000-0000-0000-0000002CDFC9}
F{00000000-0000-0000-0000-0000000D6338}
F{00000000-0000-0000-0000-0000001AC595}
F{00000000-0000-0000-0000-0000000D199E}
T{00000000-0000-0000-0000-000000098996}
F{00000000-0000-0000-0000-000000220F56}
F{00000000-0000-0000-0000-0000001DE733}
F{00000000-0000-0000-0000-0000001A8886}
F{00000000-0000-0000-0000-000000245F5D}
F{00000000-0000-0000-0000-00000003E599}
T{00000000-0000-0000-0000-000000218CCC}
F{00000000-0000-0000-0000-0000002EAD0F}
F{00000000-0000-0000-0000-000000278875}
F{00000000-0000-0000-0000-0000000A9334}
F{00000000-0000-0000-0000-0000000A9F0E}
F{00000000-0000-0000-0000-00000022236F}
F{00000000-0000-0000-0000-0000001021AA}
F{00000000-0000-0000-0000-0000002796A4}
T{00000000-0000-0000-0000-0000002CDE1F}
F{00000000-0000-0000-0000-00000013D847}
F{00000000-0000-0000-0000-0000002CDFC9}
F{00000000-0000-0000-0000-0000000D6338}
F{00000000-0000-0000-0000-0000001AC595}
F{00000000-0000-0000-0000-0000000D199E}
F{00000000-0000-0000-0000-000000098996}
F{00000000-0000-0000-0000-000000220F56}
F{00000000-0000-0000-0000-0000001DE733}
T{00000000-0000-0000-0000-0000001A8886}
F{00000000-0000-0000-0000-000000245F5D}
T{00000000-0000-0000-0000-00000003E599}
T{00000000-0000-0000-0000-000000218CCC}
T{00000000-0000-0000-0000-0000002EAD0F}
F{00000000-0000-0000-0000-000000278875}
F{00000000-0000-0000-0000-0000000A9334}
T{00000000-0000-0000-0000-0000000A9F0E}
F{00000000-0000-0000-0000-00000022236F}
F{00000000-0000-0000-0000-0000002C9942}
