F{00000000-0000-0000-0000-00000026A7E0}
F{00000000-0000-0000-0000-000000210B04}
T{00000000-0000-0000-0000-00000009D428}
F{00000000-0000-0000-0000-00000032BB6B}
F{00000000-0000-0000-0000-0000002ADB4F}
F{00000000-0000-0000-0000-000000277E2B}
F{00000000-0000-0000-0000-00000011A66A}
F{00000000-0000-0000-0000-0000000A9334}
F{00000000-0000-0000-0000-0000001282E8}
F{00000000-0000-0000-0000-0000000BBAE5}
F{00000000-0000-0000-0000-0000001278AF}
F{00000000-0000-0000-0000-000000223AC8}
F{00000000-0000-0000-0000-0000002CDFC9}
F{00000000-0000-0000-0000-00000024BF14}
F{00000000-0000-0000-0000-00000026A7E0}
T{00000000-0000-0000-0000-000000210B04}
T{00000000-0000-0000-0000-00000009D428}
T{00000000-0000-0000-0000-00000032BB6B}
T{00000000-0000-0000-0000-0000002ADB4F}
F{00000000-0000-0000-0000-000000277E2B}
T{00000000-0000-0000-0000-00000011A66A}
T{00000000-0000-0000-0000-0000000A9334}
F{00000000-0000-0000-0000-0000001282E8}
T{00000000-0000-0000-0000-0000000BBAE5}
F{00000000-0000-0000-0000-0000001278AF}
T{00000000-0000-0000-0000-000000223AC8}
T{00000000-0000-0000-0000-0000002CDFC9}
T{00000000-0000-0000-0000-00000024BF14}
F{00000000-0000-0000-0000-00000008AA1A}
F{00000000-0000-0000-0000-00000026C360}
F{00000000-0000-0000-0000-000000220F56}
T{00000000-0000-0000-0000-0000002FE035}
T{00000000-0000-0000-0000-0000002B39CA}
F{00000000-0000-0000-0000-000000231277}
F{00000000-0000-0000-0000-0000002F0787}
F{00000000-0000-0000-0000-0000000F4FE6}
F{00000000-0000-0000-0000-0000000DDD88}
F{00000000-0000-0000-0000-0000002BB56B}
T{00000000-0000-0000-0000-00000013794F}
F{00000000-0000-0000-0000-000000062309}
F{00000000-0000-0000-0000-0000002CACBC}
T{00000000-0000-0000-0000-0000000BBAF7}
F{00000000-0000-0000-0000-00000031BA6F}
T{00000000-0000-0000-0000-000000171CAA}
F{00000000-0000-0000-0000-000000304FF3}
F{00000000-0000-0000-0000-0000000A5811}
F{00000000-0000-0000-0000-000000263C74}
F{00000000-0000-0000-0000-000000132504}
F{00000000-0000-0000-0000-00000008AA1A}
F{00000000-0000-0000-0000-00000026C360}
T{00000000-0000-0000-0000-000000220F56}
T{00000000-0000-0000-0000-0000002FE035}
T{00000000-0000-0000-0000-0000002B39CA}
T{00000000-0000-0000-0000-000000231277}
F{00000000-0000-0000-0000-0000002F0787}
T{00000000-0000-0000-0000-0000000F4FE6}
T{00000000-0000-0000-0000-0000000DDD88}
T{00000000-0000-0000-0000-0000002BB56B}
T{00000000-0000-0000-0000-00000013794F}
T{00000000-0000-0000-0000-000000062309}
T{00000000-0000-0000-0000-0000002CACBC}
T{00000000-0000-0000-0000-0000000BBAF7}
T{00000000-0000-0000-0000-00000031BA6F}
T{00000000-0000-0000-0000-000000171CAA}
F{00000000-0000-0000-0000-000000304FF3}
F{00000000-0000-0000-0000-0000000A5811}
F{00000000-0000-0000-0000-000000263C74}
F{00000000-0000-0000-0000-000000132504}
F{00000000-0000-0000-0000-0000002E0E9F}
F{00000000-0000-0000-0000-0000000970F1}
F{00000000-0000-0000-0000-000000063A84}
F{00000000-0000-0000-0000-0000002FEC1E}
T{00000000-0000-0000-0000-000000271DD9}
F{00000000-0000-0000-0000-000000263D12}
F{00000000-0000-0000-0000-0000000D0CBC}
F{00000000-0000-0000-0000-0000001DE733}
F{00000000-0000-0000-0000-0000002C76ED}
F{00000000-0000-0000-0000-0000000AB664}
F{00000000-0000-0000-0000-0000002C4EFE}
T{00000000-0000-0000-0000-00000007C25E}
F{00000000-0000-0000-0000-00000028D056}
T{00000000-0000-0000-0000-00000014AC98}
F{00000000-0000-0000-0000-0000000567C5}
F{00000000-0000-0000-0000-00000016BA6A}
F{00000000-0000-0000-0000-000000245F5D}
F{00000000-0000-0000-0000-0000001AF208}
F{00000000-0000-0000-0000-0000002843CE}
F{00000000-0000-0000-0000-0000000CF7CD}
F{00000000-0000-0000-0000-0000002E0E9F}
F{00000000-0000-0000-0000-0000000970F1}
T{00000000-0000-0000-0000-000000063A84}
F{00000000-0000-0000-0000-0000002FEC1E}
T{00000000-0000-0000-0000-000000271DD9}
T{00000000-0000-0000-0000-000000263D12}
F{00000000-0000-0000-0000-0000000D0CBC}
T{00000000-0000-0000-0000-0000001DE733}
F{00000000-0000-0000-0000-0000002C76ED}
F{00000000-0000-0000-0000-0000000AB664}
T{00000000-0000-0000-0000-0000002C4EFE}
T{00000000-0000-0000-0000-00000007C25E}
F{00000000-0000-0000-0000-00000028D056}
T{00000000-0000-0000-0000-00000014AC98}
F{00000000-0000-0000-0000-0000000567C5}
F{00000000-0000-0000-0000-00000016BA6A}
F{00000000-0000-0000-0000-000000245F5D}
F{00000000-0000-0000-0000-0000001AF208}
F{00000000-0000-0000-0000-0000002843CE}
F{00000000-0000-0000-0000-0000000CF7CD}
F{00000000-0000-0000-0000-000000219E6D}
T{00000000-0000-0000-0000-0000002BA651}
F{00000000-0000-0000-0000-0000000AAEFB}
F{00000000-0000-0000-0000-0000000D6338}
F{00000000-0000-0000-0000-0000001379ED}
T{00000000-0000-0000-0000-00000022178C}
F{00000000-0000-0000-0000-000000336361}
T{00000000-0000-0000-0000-00000013BB66}
F{00000000-0000-0000-0000-0000000B0D42}
T{00000000-0000-0000-0000-000000060817}
T{00000000-0000-0000-0000-000000128932}
F{00000000-0000-0000-0000-000000245C0C}
F{00000000-0000-0000-0000-0000003019AD}
F{00000000-0000-0000-0000-00000013995B}
F{00000000-0000-0000-0000-0000002FA47F}
F{00000000-0000-0000-0000-0000000AAF2A}
F{00000000-0000-0000-0000-0000002216E6}
T{00000000-0000-0000-0000-0000002D47FB}
F{00000000-0000-0000-0000-0000002691F5}
F{00000000-0000-0000-0000-000000278875}
F{00000000-0000-0000-0000-000000219E6D}
T{00000000-0000-0000-0000-0000002BA651}
F{00000000-0000-0000-0000-0000000AAEFB}
T{00000000-0000-0000-0000-0000000D6338}
T{00000000-0000-0000-0000-0000001379ED}
T{00000000-0000-0000-0000-00000022178C}
T{00000000-0000-0000-0000-000000336361}
T{00000000-0000-0000-0000-00000013BB66}
T{00000000-0000-0000-0000-0000000B0D42}
T{00000000-0000-0000-0000-000000060817}
T{00000000-0000-0000-0000-000000128932}
T{00000000-0000-0000-0000-000000245C0C}
F{00000000-0000-0000-0000-0000003019AD}
T{00000000-0000-0000-0000-00000013995B}
F{00000000-0000-0000-0000-0000002FA47F}
F{00000000-0000-0000-0000-0000000AAF2A}
T{00000000-0000-0000-0000-0000002216E6}
T{00000000-0000-0000-0000-0000002D47FB}
F{00000000-0000-0000-0000-0000002691F5}
F{00000000-0000-0000-0000-000000278875}
F{00000000-0000-0000-0000-00000031840C}
F{00000000-0000-0000-0000-000000090229}
T{00000000-0000-0000-0000-0000002CAD87}
F{00000000-0000-0000-0000-0000002D4F1C}
F{00000000-0000-0000-0000-0000002B9CA9}
F{00000000-0000-0000-0000-0000002B0488}
T{00000000-0000-0000-0000-00000010215D}
T{00000000-0000-0000-0000-0000002B054E}
F{00000000-0000-0000-0000-0000000A2DD3}
F{00000000-0000-0000-0000-0000000B1E17}
F{00000000-0000-0000-0000-0000002B60AE}
F{00000000-0000-0000-0000-0000002789C7}
F{00000000-0000-0000-0000-000000122CB0}
F{00000000-0000-0000-0000-0000002A0033}
T{00000000-0000-0000-0000-0000000929D8}
T{00000000-0000-0000-0000-0000002DA425}
T{00000000-0000-0000-0000-00000026DB04}
F{00000000-0000-0000-0000-0000002167C1}
F{00000000-0000-0000-0000-00000032E65E}
F{00000000-0000-0000-0000-0000001D26F3}
T{00000000-0000-0000-0000-00000031840C}
T{00000000-0000-0000-0000-000000090229}
T{00000000-0000-0000-0000-0000002CAD87}
T{00000000-0000-0000-0000-0000002D4F1C}
T{00000000-0000-0000-0000-0000002B9CA9}
T{00000000-0000-0000-0000-0000002B0488}
T{00000000-0000-0000-0000-00000010215D}
T{00000000-0000-0000-0000-0000002B054E}
T{00000000-0000-0000-0000-0000000A2DD3}
F{00000000-0000-0000-0000-0000000B1E17}
F{00000000-0000-0000-0000-0000002B60AE}
T{00000000-0000-0000-0000-0000002789C7}
F{00000000-0000-0000-0000-000000122CB0}
F{00000000-0000-0000-0000-0000002A0033}
T{00000000-0000-0000-0000-0000000929D8}
T{00000000-0000-0000-0000-0000002DA425}
T{00000000-0000-0000-0000-00000026DB04}
F{00000000-0000-0000-0000-0000002167C1}
F{00000000-0000-0000-0000-00000032E65E}
T{00000000-0000-0000-0000-0000001D26F3}
F{00000000-0000-0000-0000-0000002C9942}
T{00000000-0000-0000-0000-0000000EB2FC}
F{00000000-0000-0000-0000-00000009066B}
F{00000000-0000-0000-0000-0000002D4147}
T{00000000-0000-0000-0000-0000000ADB6D}
F{00000000-0000-0000-0000-0000002C74C9}
T{00000000-0000-0000-0000-00000009D454}
F{00000000-0000-0000-0000-00000029E184}
T{00000000-0000-0000-0000-00000003E599}
F{00000000-0000-0000-0000-00000013B91E}
T{00000000-0000-0000-0000-000000235C6F}
F{00000000-0000-0000-0000-0000002E314C}
F{00000000-0000-0000-0000-00000005250C}
F{00000000-0000-0000-0000-00000006193F}
T{00000000-0000-0000-0000-0000000AE099}
F{00000000-0000-0000-0000-0000000604DA}
F{00000000-0000-0000-0000-0000001FD913}
F{00000000-0000-0000-0000-000000223CFB}
F{00000000-0000-0000-0000-00000008DF2C}
F{00000000-0000-0000-0000-0000002C299F}
T{00000000-0000-0000-0000-0000002C9942}
T{00000000-0000-0000-0000-0000000EB2FC}
F{00000000-0000-0000-0000-00000009066B}
T{00000000-0000-0000-0000-0000002D4147}
T{00000000-0000-0000-0000-0000000ADB6D}
F{00000000-0000-0000-0000-0000002C74C9}
T{00000000-0000-0000-0000-00000009D454}
T{00000000-0000-0000-0000-00000029E184}
T{00000000-0000-0000-0000-00000003E599}
F{00000000-0000-0000-0000-00000013B91E}
T{00000000-0000-0000-0000-000000235C6F}
F{00000000-0000-0000-0000-0000002E314C}
T{00000000-0000-0000-0000-00000005250C}
T{00000000-0000-0000-0000-00000006193F}
T{00000000-0000-0000-0000-0000000AE099}
F{00000000-0000-0000-0000-0000000604DA}
T{00000000-0000-0000-0000-0000001FD913}
T{00000000-0000-0000-0000-000000223CFB}
F{00000000-0000-0000-0000-00000008DF2C}
T{00000000-0000-0000-0000-0000002C299F}
F{00000000-0000-0000-0000-0000002361B7}
F{00000000-0000-0000-0000-000000303C41}
F{00000000-0000-0000-0000-00000013BA26}
T{00000000-0000-0000-0000-000000335CAB}
F{00000000-0000-0000-0000-000000324745}
F{00000000-0000-0000-0000-0000002AA866}
F{00000000-0000-0000-0000-00000032016B}
F{00000000-0000-0000-0000-00000015BDE3}
T{00000000-0000-0000-0000-000000304116}
F{00000000-0000-0000-0000-000000108B3B}
F{00000000-0000-0000-0000-00000013C356}
F{00000000-0000-0000-0000-000000148332}
F{00000000-0000-0000-0000-0000000D199E}
F{00000000-0000-0000-0000-0000000B07ED}
F{00000000-0000-0000-0000-00000032B96F}
T{00000000-0000-0000-0000-0000002A47D9}
T{00000000-0000-0000-0000-00000017358C}
F{00000000-0000-0000-0000-00000006E673}
F{00000000-0000-0000-0000-0000000C5488}
T{00000000-0000-0000-0000-0000001297F9}
T{00000000-0000-0000-0000-0000002361B7}
T{00000000-0000-0000-0000-000000303C41}
F{00000000-0000-0000-0000-00000013BA26}
T{00000000-0000-0000-0000-000000335CAB}
T{00000000-0000-0000-0000-000000324745}
F{00000000-0000-0000-0000-0000002AA866}
F{00000000-0000-0000-0000-00000032016B}
F{00000000-0000-0000-0000-00000015BDE3}
T{00000000-0000-0000-0000-000000304116}
F{00000000-0000-0000-0000-000000108B3B}
T{00000000-0000-0000-0000-00000013C356}
F{00000000-0000-0000-0000-000000148332}
F{00000000-0000-0000-0000-0000000D199E}
F{00000000-0000-0000-0000-0000000B07ED}
F{00000000-0000-0000-0000-00000032B96F}
T{00000000-0000-0000-0000-0000002A47D9}
T{00000000-0000-0000-0000-00000017358C}
F{00000000-0000-0000-0000-00000006E673}
T{00000000-0000-0000-0000-0000000C5488}
T{00000000-0000-0000-0000-0000001297F9}
F{00000000-0000-0000-0000-0000001056F7}
T{00000000-0000-0000-0000-0000000A5792}
F{00000000-0000-0000-0000-00000013EDBB}
F{00000000-0000-0000-0000-00000013D847}
F{00000000-0000-0000-0000-00000032E6F6}
T{00000000-0000-0000-0000-000000106A2C}
F{00000000-0000-0000-0000-0000002BFFD7}
F{00000000-0000-0000-0000-00000026C0C1}
T{00000000-0000-0000-0000-0000002CDE1F}
T{00000000-0000-0000-0000-000000209B8E}
T{00000000-0000-0000-0000-0000001DB186}
T{00000000-0000-0000-0000-000000138B76}
F{00000000-0000-0000-0000-00000025D7DD}
T{00000000-0000-0000-0000-0000002EDFFA}
F{00000000-0000-0000-0000-0000000FD49A}
F{00000000-0000-0000-0000-00000014AEB7}
F{00000000-0000-0000-0000-0000000BB9D4}
F{00000000-0000-0000-0000-0000002A93E5}
F{00000000-0000-0000-0000-000000275B8E}
T{00000000-0000-0000-0000-000000245B1C}
F{00000000-0000-0000-0000-0000001056F7}
T{00000000-0000-0000-0000-0000000A5792}
F{00000000-0000-0000-0000-00000013EDBB}
F{00000000-0000-0000-0000-00000013D847}
F{00000000-0000-0000-0000-00000032E6F6}
T{00000000-0000-0000-0000-000000106A2C}
T{00000000-0000-0000-0000-0000002BFFD7}
F{00000000-0000-0000-0000-00000026C0C1}
T{00000000-0000-0000-0000-0000002CDE1F}
T{00000000-0000-0000-0000-000000209B8E}
T{00000000-0000-0000-0000-0000001DB186}
T{00000000-0000-0000-0000-000000138B76}
F{00000000-0000-0000-0000-00000025D7DD}
F{00000000-0000-0000-0000-0000002EDFFA}
F{00000000-0000-0000-0000-0000000FD49A}
T{00000000-0000-0000-0000-00000014AEB7}
F{00000000-0000-0000-0000-0000000BB9D4}
T{00000000-0000-0000-0000-0000002A93E5}
T{00000000-0000-0000-0000-000000275B8E}
T{00000000-0000-0000-0000-000000245B1C}
T{00000000-0000-0000-0000-000000106A2C}
F{00000000-0000-0000-0000-00000032B96F}
F{00000000-0000-0000-0000-00000026C0C1}
F{00000000-0000-0000-0000-00000011A66A}
F{00000000-0000-0000-0000-000000303C41}
F{00000000-0000-0000-0000-0000001056F7}
F{00000000-0000-0000-0000-000000277E2B}
F{00000000-0000-0000-0000-0000002F0787}
F{00000000-0000-0000-0000-0000002843CE}
F{00000000-0000-0000-0000-00000013EDBB}
F{00000000-0000-0000-0000-000000263C74}
F{00000000-0000-0000-0000-0000000604DA}
F{00000000-0000-0000-0000-000000304FF3}
F{00000000-0000-0000-0000-00000008AA1A}
F{00000000-0000-0000-0000-00000008DF2C}
F{00000000-0000-0000-0000-0000002C9942}
T{00000000-0000-0000-0000-0000002CDFC9}
F{00000000-0000-0000-0000-0000000CF7CD}
F{00000000-0000-0000-0000-00000032E65E}
F{00000000-0000-0000-0000-000000336361}
F{00000000-0000-0000-0000-0000002BFFD7}
F{00000000-0000-0000-0000-000000108B3B}
F{00000000-0000-0000-0000-00000009066B}
F{00000000-0000-0000-0000-0000000AB664}
F{00000000-0000-0000-0000-0000000AAEFB}
F{00000000-0000-0000-0000-0000000567C5}
T{00000000-0000-0000-0000-000000090229}
F{00000000-0000-0000-0000-000000122CB0}
F{00000000-0000-0000-0000-0000002D4147}
T{00000000-0000-0000-0000-000000275B8E}
F{00000000-0000-0000-0000-00000028D056}
F{00000000-0000-0000-0000-000000148332}
F{00000000-0000-0000-0000-0000002AA866}
F{00000000-0000-0000-0000-00000015BDE3}
T{00000000-0000-0000-0000-0000000F4FE6}
F{00000000-0000-0000-0000-00000024BF14}
F{00000000-0000-0000-0000-0000001379ED}
F{00000000-0000-0000-0000-0000003019AD}
T{00000000-0000-0000-0000-00000013995B}
F{00000000-0000-0000-0000-00000029E184}
F{00000000-0000-0000-0000-0000002691F5}
F{00000000-0000-0000-0000-000000132504}
F{00000000-0000-0000-0000-00000016BA6A}
F{00000000-0000-0000-0000-00000013BA26}
F{00000000-0000-0000-0000-0000001282E8}
F{00000000-0000-0000-0000-0000002A0033}
F{00000000-0000-0000-0000-00000031BA6F}
F{00000000-0000-0000-0000-00000025D7DD}
F{00000000-0000-0000-0000-0000000AAF2A}
F{00000000-0000-0000-0000-0000002C74C9}
T{00000000-0000-0000-0000-000000062309}
F{00000000-0000-0000-0000-00000026C360}
F{00000000-0000-0000-0000-0000002E314C}
F{00000000-0000-0000-0000-0000002E0E9F}
F{00000000-0000-0000-0000-000000223AC8}
F{00000000-0000-0000-0000-00000013D847}
F{00000000-0000-0000-0000-0000001278AF}
T{00000000-0000-0000-0000-0000002CAD87}
F{00000000-0000-0000-0000-0000000D0CBC}
F{00000000-0000-0000-0000-0000000970F1}
F{00000000-0000-0000-0000-000000278875}
T{00000000-0000-0000-0000-0000000D6338}
T{00000000-0000-0000-0000-000000210B04}
T{00000000-0000-0000-0000-000000222434}
T{00000000-0000-0000-0000-000000141F4F}
T{00000000-0000-0000-0000-000000333277}
T{00000000-0000-0000-0000-0000001579E0}
T{00000000-0000-0000-0000-0000003053C8}
T{00000000-0000-0000-0000-00000000E405}
T{00000000-0000-0000-0000-000000326D54}
T{00000000-0000-0000-0000-000000275CB8}
T{00000000-0000-0000-0000-0000002ECC14}
T{00000000-0000-0000-0000-000000091F10}
T{00000000-0000-0000-0000-0000000F0495}
T{00000000-0000-0000-0000-0000002892F7}
T{00000000-0000-0000-0000-00000011B276}
T{00000000-0000-0000-0000-00000032E57F}
T{00000000-0000-0000-0000-0000001D5AD6}
T{00000000-0000-0000-0000-000000122E88}
T{00000000-0000-0000-0000-00000024296B}
T{00000000-0000-0000-0000-0000002FC3D8}
T{00000000-0000-0000-0000-00000026195A}
T{00000000-0000-0000-0000-000000289E7A}
T{00000000-0000-0000-0000-000000265BB6}
T{00000000-0000-0000-0000-0000001DBF7D}
T{00000000-0000-0000-0000-0000002FA1D4}
T{00000000-0000-0000-0000-00000002AFE6}
T{00000000-0000-0000-0000-00000005394F}
T{00000000-0000-0000-0000-0000000BF913}
T{00000000-0000-0000-0000-00000012A78D}
T{00000000-0000-0000-0000-0000001818B0}
T{00000000-0000-0000-0000-00000032AD40}
T{00000000-0000-0000-0000-0000000E96D9}
T{00000000-0000-0000-0000-00000023B257}
T{00000000-0000-0000-0000-0000001987B5}
T{00000000-0000-0000-0000-000000274F31}
T{00000000-0000-0000-0000-0000000CE209}
T{00000000-0000-0000-0000-000000155322}
T{00000000-0000-0000-0000-000000259C4C}
T{00000000-0000-0000-0000-00000029631A}
T{00000000-0000-0000-0000-00000006DB00}
T{00000000-0000-0000-0000-0000000FA4B3}
T{00000000-0000-0000-0000-0000001B1CC2}
T{00000000-0000-0000-0000-000000170039}
T{00000000-0000-0000-0000-000000008C7C}
T{00000000-0000-0000-0000-000000137A5B}
T{00000000-0000-0000-0000-0000000FA768}
T{00000000-0000-0000-0000-00000010F98C}
T{00000000-0000-0000-0000-0000002B25E1}
T{00000000-0000-0000-0000-0000002F7ECA}
T{00000000-0000-0000-0000-00000025E0BE}
T{00000000-0000-0000-0000-00000030FFAB}
T{00000000-0000-0000-0000-00000000E324}
T{00000000-0000-0000-0000-00000016B9B3}
T{00000000-0000-0000-0000-0000002E4CBC}
T{00000000-0000-0000-0000-00000013E733}
T{00000000-0000-0000-0000-0000000296BC}
T{00000000-0000-0000-0000-0000000349AE}
T{00000000-0000-0000-0000-00000032E413}
T{00000000-0000-0000-0000-000000171C2F}
T{00000000-0000-0000-0000-000000265E2E}
T{00000000-0000-0000-0000-0000000AAC87}
T{00000000-0000-0000-0000-0000002ADAF8}
T{00000000-0000-0000-0000-0000002DABEA}
T{00000000-0000-0000-0000-0000002A7AE1}
T{00000000-0000-0000-0000-0000000840E9}
T{00000000-0000-0000-0000-0000002D073A}
T{00000000-0000-0000-0000-0000001AC033}
T{00000000-0000-0000-0000-00000002DE79}
T{00000000-0000-0000-0000-0000002EC37B}
T{00000000-0000-0000-0000-00000030E1FC}
T{00000000-0000-0000-0000-000000212064}
T{00000000-0000-0000-0000-000000170E83}
T{00000000-0000-0000-0000-0000001C6616}
T{00000000-0000-0000-0000-0000001BC924}
T{00000000-0000-0000-0000-0000001EED11}
T{00000000-0000-0000-0000-000000218333}
T{00000000-0000-0000-0000-000000335C46}
T{00000000-0000-0000-0000-0000002A7A85}
T{00000000-0000-0000-0000-0000001DC985}
T{00000000-0000-0000-0000-0000001366D8}
T{00000000-0000-0000-0000-00000023B6EB}
T{00000000-0000-0000-0000-00000010EEFB}
T{00000000-0000-0000-0000-0000000AE1E0}
T{00000000-0000-0000-0000-000000182131}
T{00000000-0000-0000-0000-000000210D9F}
T{00000000-0000-0000-0000-000000332B46}
T{00000000-0000-0000-0000-000000247885}
T{00000000-0000-0000-0000-000000138954}
T{00000000-0000-0000-0000-000000205269}
T{00000000-0000-0000-0000-000000129A38}
T{00000000-0000-0000-0000-0000003062C5}
T{00000000-0000-0000-0000-000000002A6D}
T{00000000-0000-0000-0000-0000000FA7D1}
T{00000000-0000-0000-0000-0000000B74D4}
T{00000000-0000-0000-0000-0000000D41C8}
T{00000000-0000-0000-0000-000000283290}
T{00000000-0000-0000-0000-00000007E9F2}
T{00000000-0000-0000-0000-000000266752}
T{00000000-0000-0000-0000-0000000FE49E}
T{00000000-0000-0000-0000-00000002DA37}
T{00000000-0000-0000-0000-000000066E27}
T{00000000-0000-0000-0000-0000000F09BC}
T{00000000-0000-0000-0000-0000002D2D23}
T{00000000-0000-0000-0000-000000202124}
T{00000000-0000-0000-0000-00000002BB0D}
T{00000000-0000-0000-0000-00000004A5D9}
T{00000000-0000-0000-0000-000000122EA0}
T{00000000-0000-0000-0000-0000001771DC}
T{00000000-0000-0000-0000-00000006F94E}
T{00000000-0000-0000-0000-00000029169E}
T{00000000-0000-0000-0000-00000032AF95}
T{00000000-0000-0000-0000-0000000360C8}
T{00000000-0000-0000-0000-00000001FA50}
T{00000000-0000-0000-0000-00000005C5D6}
T{00000000-0000-0000-0000-0000001EB38B}
T{00000000-0000-0000-0000-000000071831}
T{00000000-0000-0000-0000-0000000E4264}
T{00000000-0000-0000-0000-000000232A87}
T{00000000-0000-0000-0000-0000000B1764}
T{00000000-0000-0000-0000-0000001D9D0E}
T{00000000-0000-0000-0000-00000009308F}
T{00000000-0000-0000-0000-0000001FAE7B}
T{00000000-0000-0000-0000-000000232284}
T{00000000-0000-0000-0000-000000083408}
T{00000000-0000-0000-0000-0000000445F0}
T{00000000-0000-0000-0000-0000001027A2}
T{00000000-0000-0000-0000-000000202A48}
T{00000000-0000-0000-0000-000000109F0A}
T{00000000-0000-0000-0000-0000000FA7A4}
T{00000000-0000-0000-0000-0000000BF333}
T{00000000-0000-0000-0000-00000033AE67}
T{00000000-0000-0000-0000-00000030BCFD}
