T{00000000-0000-0000-0000-00000005250C}
T{00000000-0000-0000-0000-0000002CACBC}
F{00000000-0000-0000-0000-00000032B96F}
F{00000000-0000-0000-0000-0000000BB9D4}
F{00000000-0000-0000-0000-0000000AB664}
F{00000000-0000-0000-0000-0000001AF208}
F{00000000-0000-0000-0000-0000002D4147}
F{00000000-0000-0000-0000-00000028D056}
F{00000000-0000-0000-0000-0000002C9942}
F{00000000-0000-0000-0000-0000002216E6}
T{00000000-0000-0000-0000-00000016BA6A}
F{00000000-0000-0000-0000-00000008AA1A}
F{00000000-0000-0000-0000-000000219E6D}
F{00000000-0000-0000-0000-0000001282E8}
T{00000000-0000-0000-0000-000000210B04}
T{00000000-0000-0000-0000-0000002A93E5}
F{00000000-0000-0000-0000-0000002D4F1C}
T{00000000-0000-0000-0000-0000002C299F}
F{00000000-0000-0000-0000-00000011A66A}
T{00000000-0000-0000-0000-00000005250C}
T{00000000-0000-0000-0000-0000002CACBC}
F{00000000-0000-0000-0000-00000032B96F}
F{00000000-0000-0000-0000-0000000BB9D4}
F{00000000-0000-0000-0000-0000000AB664}
F{00000000-0000-0000-0000-0000001AF208}
F{00000000-0000-0000-0000-0000002D4147}
F{00000000-0000-0000-0000-00000028D056}
T{00000000-0000-0000-0000-0000002C9942}
F{00000000-0000-0000-0000-0000002216E6}
T{00000000-0000-0000-0000-00000016BA6A}
T{00000000-0000-0000-0000-00000008AA1A}
F{00000000-0000-0000-0000-000000219E6D}
F{00000000-0000-0000-0000-0000001282E8}
T{00000000-0000-0000-0000-000000210B04}
T{00000000-0000-0000-0000-0000002A93E5}
F{00000000-0000-0000-0000-0000002D4F1C}
T{00000000-0000-0000-0000-0000002C299F}
T{00000000-0000-0000-0000-00000011A66A}
T{00000000-0000-0000-0000-0000000970F1}
T{00000000-0000-0000-0000-0000001D26F3}
F{00000000-0000-0000-0000-000000223AC8}
F{00000000-0000-0000-0000-0000000AAF2A}
F{00000000-0000-0000-0000-00000006193F}
T{00000000-0000-0000-0000-0000002B0488}
F{00000000-0000-0000-0000-00000008DF2C}
F{00000000-0000-0000-0000-00000013BA26}
F{00000000-0000-0000-0000-0000002E0E9F}
F{00000000-0000-0000-0000-0000000D199E}
T{00000000-0000-0000-0000-0000000A9334}
F{00000000-0000-0000-0000-0000002CDE1F}
F{00000000-0000-0000-0000-0000000604DA}
F{00000000-0000-0000-0000-00000025D7DD}
F{00000000-0000-0000-0000-000000304FF3}
F{00000000-0000-0000-0000-0000000567C5}
F{00000000-0000-0000-0000-0000002167C1}
T{00000000-0000-0000-0000-00000032BB6B}
F{00000000-0000-0000-0000-0000001379ED}
T{00000000-0000-0000-0000-000000231277}
T{00000000-0000-0000-0000-0000000970F1}
T{00000000-0000-0000-0000-0000001D26F3}
F{00000000-0000-0000-0000-000000223AC8}
T{00000000-0000-0000-0000-0000000AAF2A}
F{00000000-0000-0000-0000-00000006193F}
T{00000000-0000-0000-0000-0000002B0488}
F{00000000-0000-0000-0000-00000008DF2C}
F{00000000-0000-0000-0000-00000013BA26}
F{00000000-0000-0000-0000-0000002E0E9F}
F{00000000-0000-0000-0000-0000000D199E}
T{00000000-0000-0000-0000-0000000A9334}
T{00000000-0000-0000-0000-0000002CDE1F}
F{00000000-0000-0000-0000-0000000604DA}
F{00000000-0000-0000-0000-00000025D7DD}
F{00000000-0000-0000-0000-000000304FF3}
T{00000000-0000-0000-0000-0000000567C5}
F{00000000-0000-0000-0000-0000002167C1}
T{00000000-0000-0000-0000-00000032BB6B}
T{00000000-0000-0000-0000-0000001379ED}
T{00000000-0000-0000-0000-000000231277}
T{00000000-0000-0000-0000-000000090229}
T{00000000-0000-0000-0000-00000031BA6F}
F{00000000-0000-0000-0000-0000000FD49A}
F{00000000-0000-0000-0000-0000002C74C9}
T{00000000-0000-0000-0000-00000024BF14}
F{00000000-0000-0000-0000-0000000AAEFB}
F{00000000-0000-0000-0000-000000108B3B}
T{00000000-0000-0000-0000-0000000C5488}
F{00000000-0000-0000-0000-00000013995B}
T{00000000-0000-0000-0000-000000063A84}
F{00000000-0000-0000-0000-00000013B91E}
F{00000000-0000-0000-0000-0000002A0033}
F{00000000-0000-0000-0000-0000002691F5}
T{00000000-0000-0000-0000-0000002B9CA9}
F{00000000-0000-0000-0000-0000000A5811}
F{00000000-0000-0000-0000-000000122CB0}
F{00000000-0000-0000-0000-0000002FA47F}
F{00000000-0000-0000-0000-0000002C76ED}
F{00000000-0000-0000-0000-000000275B8E}
F{00000000-0000-0000-0000-0000002CDFC9}
T{00000000-0000-0000-0000-000000090229}
T{00000000-0000-0000-0000-00000031BA6F}
F{00000000-0000-0000-0000-0000000FD49A}
F{00000000-0000-0000-0000-0000002C74C9}
T{00000000-0000-0000-0000-00000024BF14}
T{00000000-0000-0000-0000-0000000AAEFB}
F{00000000-0000-0000-0000-000000108B3B}
T{00000000-0000-0000-0000-0000000C5488}
F{00000000-0000-0000-0000-00000013995B}
T{00000000-0000-0000-0000-000000063A84}
T{00000000-0000-0000-0000-00000013B91E}
F{00000000-0000-0000-0000-0000002A0033}
T{00000000-0000-0000-0000-0000002691F5}
T{00000000-0000-0000-0000-0000002B9CA9}
T{00000000-0000-0000-0000-0000000A5811}
F{00000000-0000-0000-0000-000000122CB0}
T{00000000-0000-0000-0000-0000002FA47F}
F{00000000-0000-0000-0000-0000002C76ED}
T{00000000-0000-0000-0000-000000275B8E}
F{00000000-0000-0000-0000-0000002CDFC9}
F{00000000-0000-0000-0000-0000002843CE}
T{00000000-0000-0000-0000-00000014AEB7}
F{00000000-0000-0000-0000-00000013D847}
F{00000000-0000-0000-0000-000000336361}
T{00000000-0000-0000-0000-0000002C4EFE}
F{00000000-0000-0000-0000-000000148332}
T{00000000-0000-0000-0000-0000000B07ED}
F{00000000-0000-0000-0000-0000000CF7CD}
F{00000000-0000-0000-0000-00000009066B}
F{00000000-0000-0000-0000-00000013EDBB}
T{00000000-0000-0000-0000-0000000BBAE5}
T{00000000-0000-0000-0000-0000003019AD}
T{00000000-0000-0000-0000-0000001FD913}
T{00000000-0000-0000-0000-0000000A2DD3}
F{00000000-0000-0000-0000-0000002E314C}
F{00000000-0000-0000-0000-0000002FEC1E}
T{00000000-0000-0000-0000-0000000ADB6D}
F{00000000-0000-0000-0000-00000015BDE3}
T{00000000-0000-0000-0000-000000223CFB}
F{00000000-0000-0000-0000-0000001056F7}
F{00000000-0000-0000-0000-0000002843CE}
T{00000000-0000-0000-0000-00000014AEB7}
T{00000000-0000-0000-0000-00000013D847}
F{00000000-0000-0000-0000-000000336361}
T{00000000-0000-0000-0000-0000002C4EFE}
T{00000000-0000-0000-0000-000000148332}
T{00000000-0000-0000-0000-0000000B07ED}
F{00000000-0000-0000-0000-0000000CF7CD}
F{00000000-0000-0000-0000-00000009066B}
F{00000000-0000-0000-0000-00000013EDBB}
T{00000000-0000-0000-0000-0000000BBAE5}
T{00000000-0000-0000-0000-0000003019AD}
T{00000000-0000-0000-0000-0000001FD913}
T{00000000-0000-0000-0000-0000000A2DD3}
F{00000000-0000-0000-0000-0000002E314C}
F{00000000-0000-0000-0000-0000002FEC1E}
T{00000000-0000-0000-0000-0000000ADB6D}
F{00000000-0000-0000-0000-00000015BDE3}
T{00000000-0000-0000-0000-000000223CFB}
F{00000000-0000-0000-0000-0000001056F7}
T{00000000-0000-0000-0000-000000263D12}
T{00000000-0000-0000-0000-000000245C0C}
F{00000000-0000-0000-0000-00000026A7E0}
F{00000000-0000-0000-0000-00000006E673}
F{00000000-0000-0000-0000-0000002361B7}
F{00000000-0000-0000-0000-000000132504}
T{00000000-0000-0000-0000-0000002789C7}
F{00000000-0000-0000-0000-0000002AA866}
T{00000000-0000-0000-0000-000000220F56}
T{00000000-0000-0000-0000-00000032E6F6}
T{00000000-0000-0000-0000-000000062309}
F{00000000-0000-0000-0000-0000002B60AE}
F{00000000-0000-0000-0000-0000001278AF}
T{00000000-0000-0000-0000-0000002FE035}
F{00000000-0000-0000-0000-0000000B1E17}
T{00000000-0000-0000-0000-000000324745}
T{00000000-0000-0000-0000-0000002ADB4F}
T{00000000-0000-0000-0000-0000002EDFFA}
T{00000000-0000-0000-0000-0000000DDD88}
F{00000000-0000-0000-0000-000000277E2B}
T{00000000-0000-0000-0000-000000263D12}
T{00000000-0000-0000-0000-000000245C0C}
F{00000000-0000-0000-0000-00000026A7E0}
F{00000000-0000-0000-0000-00000006E673}
T{00000000-0000-0000-0000-0000002361B7}
F{00000000-0000-0000-0000-000000132504}
T{00000000-0000-0000-0000-0000002789C7}
T{00000000-0000-0000-0000-0000002AA866}
T{00000000-0000-0000-0000-000000220F56}
T{00000000-0000-0000-0000-00000032E6F6}
T{00000000-0000-0000-0000-000000062309}
T{00000000-0000-0000-0000-0000002B60AE}
F{00000000-0000-0000-0000-0000001278AF}
T{00000000-0000-0000-0000-0000002FE035}
F{00000000-0000-0000-0000-0000000B1E17}
T{00000000-0000-0000-0000-000000324745}
T{00000000-0000-0000-0000-0000002ADB4F}
T{00000000-0000-0000-0000-0000002EDFFA}
T{00000000-0000-0000-0000-0000000DDD88}
F{00000000-0000-0000-0000-000000277E2B}
T{00000000-0000-0000-0000-0000001DE733}
F{00000000-0000-0000-0000-00000026C360}
F{00000000-0000-0000-0000-000000303C41}
F{00000000-0000-0000-0000-00000032016B}
T{00000000-0000-0000-0000-00000013C356}
T{00000000-0000-0000-0000-00000031840C}
F{00000000-0000-0000-0000-000000245F5D}
T{00000000-0000-0000-0000-0000000B0D42}
T{00000000-0000-0000-0000-0000000D6338}
F{00000000-0000-0000-0000-00000026C0C1}
F{00000000-0000-0000-0000-00000029E184}
F{00000000-0000-0000-0000-0000002F0787}
T{00000000-0000-0000-0000-0000000F4FE6}
F{00000000-0000-0000-0000-000000278875}
F{00000000-0000-0000-0000-0000000D0CBC}
T{00000000-0000-0000-0000-000000060817}
T{00000000-0000-0000-0000-000000171CAA}
F{00000000-0000-0000-0000-0000002BFFD7}
F{00000000-0000-0000-0000-000000263C74}
T{00000000-0000-0000-0000-0000002BB56B}
T{00000000-0000-0000-0000-0000001DE733}
F{00000000-0000-0000-0000-00000026C360}
F{00000000-0000-0000-0000-000000303C41}
T{00000000-0000-0000-0000-00000032016B}
T{00000000-0000-0000-0000-00000013C356}
T{00000000-0000-0000-0000-00000031840C}
F{00000000-0000-0000-0000-000000245F5D}
T{00000000-0000-0000-0000-0000000B0D42}
T{00000000-0000-0000-0000-0000000D6338}
F{00000000-0000-0000-0000-00000026C0C1}
F{00000000-0000-0000-0000-00000029E184}
F{00000000-0000-0000-0000-0000002F0787}
T{00000000-0000-0000-0000-0000000F4FE6}
T{00000000-0000-0000-0000-000000278875}
T{00000000-0000-0000-0000-0000000D0CBC}
T{00000000-0000-0000-0000-000000060817}
T{00000000-0000-0000-0000-000000171CAA}
T{00000000-0000-0000-0000-0000002BFFD7}
T{00000000-0000-0000-0000-000000263C74}
T{00000000-0000-0000-0000-0000002BB56B}
F{00000000-0000-0000-0000-00000008DF2C}
T{00000000-0000-0000-0000-0000003019AD}
T{00000000-0000-0000-0000-0000000D0CBC}
F{00000000-0000-0000-0000-000000108B3B}
F{00000000-0000-0000-0000-00000026C0C1}
F{00000000-0000-0000-0000-00000009066B}
F{00000000-0000-0000-0000-0000001278AF}
F{00000000-0000-0000-0000-0000001282E8}
T{00000000-0000-0000-0000-00000008AA1A}
F{00000000-0000-0000-0000-0000002AA866}
T{00000000-0000-0000-0000-00000016BA6A}
T{00000000-0000-0000-0000-000000263C74}
F{00000000-0000-0000-0000-000000148332}
T{00000000-0000-0000-0000-00000032B96F}
F{00000000-0000-0000-0000-00000028D056}
F{00000000-0000-0000-0000-0000002E0E9F}
F{00000000-0000-0000-0000-0000002691F5}
F{00000000-0000-0000-0000-00000025D7DD}
F{00000000-0000-0000-0000-0000000CF7CD}
F{00000000-0000-0000-0000-0000002843CE}
T{00000000-0000-0000-0000-0000000AAEFB}
T{00000000-0000-0000-0000-0000000970F1}
F{00000000-0000-0000-0000-000000122CB0}
F{00000000-0000-0000-0000-0000002C74C9}
F{00000000-0000-0000-0000-0000002A0033}
F{00000000-0000-0000-0000-0000000604DA}
F{00000000-0000-0000-0000-0000001056F7}
F{00000000-0000-0000-0000-000000277E2B}
F{00000000-0000-0000-0000-000000132504}
F{00000000-0000-0000-0000-000000278875}
F{00000000-0000-0000-0000-0000002E314C}
F{00000000-0000-0000-0000-0000000567C5}
F{00000000-0000-0000-0000-000000304FF3}
F{00000000-0000-0000-0000-00000013BA26}
F{00000000-0000-0000-0000-0000000AAF2A}
F{00000000-0000-0000-0000-0000000AB664}
F{00000000-0000-0000-0000-00000026C360}
F{00000000-0000-0000-0000-00000013EDBB}
F{00000000-0000-0000-0000-0000002F0787}
F{00000000-0000-0000-0000-00000015BDE3}
F{00000000-0000-0000-0000-00000013D847}
T{00000000-0000-0000-0000-000000253CAB}
T{00000000-0000-0000-0000-0000003244F3}
T{00000000-0000-0000-0000-0000002A4C0B}
T{00000000-0000-0000-0000-000000119E20}
T{00000000-0000-0000-0000-0000000DAC95}
T{00000000-0000-0000-0000-000000027CAD}
T{00000000-0000-0000-0000-00000029BCB7}
T{00000000-0000-0000-0000-0000002CE45A}
F{00000000-0000-0000-0000-000000253960}
T{00000000-0000-0000-0000-0000002FF3C4}
T{00000000-0000-0000-0000-00000032FABB}
T{00000000-0000-0000-0000-0000002F5553}
T{00000000-0000-0000-0000-000000259C8D}
T{00000000-0000-0000-0000-00000020F52B}
T{00000000-0000-0000-0000-0000002B1FB1}
T{00000000-0000-0000-0000-000000105E82}
T{00000000-0000-0000-0000-0000000F1694}
T{00000000-0000-0000-0000-00000031F8CE}
T{00000000-0000-0000-0000-00000010C4BF}
T{00000000-0000-0000-0000-000000075977}
T{00000000-0000-0000-0000-000000157E17}
T{00000000-0000-0000-0000-00000021E439}
T{00000000-0000-0000-0000-000000325ECE}
T{00000000-0000-0000-0000-0000000554DA}
T{00000000-0000-0000-0000-0000000DA78A}
T{00000000-0000-0000-0000-0000000BF8F2}
T{00000000-0000-0000-0000-00000009EF12}
T{00000000-0000-0000-0000-00000003973E}
T{00000000-0000-0000-0000-0000000D8B86}
T{00000000-0000-0000-0000-000000322082}
