T{00000000-0000-0000-0000-000000053322}
F{00000000-0000-0000-0000-0000000C5488}
F{00000000-0000-0000-0000-0000000D0CBC}
F{00000000-0000-0000-0000-0000002FF8E1}
F{00000000-0000-0000-0000-0000000AAEFB}
F{00000000-0000-0000-0000-000000222774}
F{00000000-0000-0000-0000-0000000FD49A}
T{00000000-0000-0000-0000-00000014652A}
F{00000000-0000-0000-0000-00000003496E}
F{00000000-0000-0000-0000-0000000929D8}
F{00000000-0000-0000-0000-000000090229}
T{00000000-0000-0000-0000-00000029C08B}
F{00000000-0000-0000-0000-0000002B9CA9}
F{00000000-0000-0000-0000-0000002BB56B}
F{00000000-0000-0000-0000-000000106A2C}
F{00000000-0000-0000-0000-00000005EF6E}
T{00000000-0000-0000-0000-0000002C532B}
F{00000000-0000-0000-0000-00000032FBFC}
T{00000000-0000-0000-0000-000000053322}
T{00000000-0000-0000-0000-0000000C5488}
F{00000000-0000-0000-0000-0000000D0CBC}
T{00000000-0000-0000-0000-0000002FF8E1}
F{00000000-0000-0000-0000-0000000AAEFB}
T{00000000-0000-0000-0000-000000222774}
F{00000000-0000-0000-0000-0000000FD49A}
T{00000000-0000-0000-0000-00000014652A}
T{00000000-0000-0000-0000-00000003496E}
F{00000000-0000-0000-0000-0000000929D8}
F{00000000-0000-0000-0000-000000090229}
T{00000000-0000-0000-0000-00000029C08B}
F{00000000-0000-0000-0000-0000002B9CA9}
F{00000000-0000-0000-0000-0000002BB56B}
F{00000000-0000-0000-0000-000000106A2C}
T{00000000-0000-0000-0000-00000005EF6E}
T{00000000-0000-0000-0000-0000002C532B}
T{00000000-0000-0000-0000-00000032FBFC}
F{00000000-0000-0000-0000-000000132504}
F{00000000-0000-0000-0000-00000026A7E0}
T{00000000-0000-0000-0000-0000002C418E}
F{00000000-0000-0000-0000-0000002FA47F}
F{00000000-0000-0000-0000-00000024BF14}
T{00000000-0000-0000-0000-0000001FFDD7}
F{00000000-0000-0000-0000-000000231277}
F{00000000-0000-0000-0000-00000032E859}
T{00000000-0000-0000-0000-0000002D71D6}
F{00000000-0000-0000-0000-000000223CFB}
F{00000000-0000-0000-0000-00000014BCF0}
F{00000000-0000-0000-0000-0000000C0A21}
T{00000000-0000-0000-0000-0000002CACBC}
T{00000000-0000-0000-0000-000000083C07}
F{00000000-0000-0000-0000-000000148332}
F{00000000-0000-0000-0000-0000000AE447}
F{00000000-0000-0000-0000-0000001DB186}
F{00000000-0000-0000-0000-0000002361B7}
F{00000000-0000-0000-0000-0000001DE733}
F{00000000-0000-0000-0000-0000000BCE16}
F{00000000-0000-0000-0000-000000132504}
T{00000000-0000-0000-0000-00000026A7E0}
T{00000000-0000-0000-0000-0000002C418E}
F{00000000-0000-0000-0000-0000002FA47F}
F{00000000-0000-0000-0000-00000024BF14}
T{00000000-0000-0000-0000-0000001FFDD7}
F{00000000-0000-0000-0000-000000231277}
T{00000000-0000-0000-0000-00000032E859}
T{00000000-0000-0000-0000-0000002D71D6}
F{00000000-0000-0000-0000-000000223CFB}
T{00000000-0000-0000-0000-00000014BCF0}
T{00000000-0000-0000-0000-0000000C0A21}
T{00000000-0000-0000-0000-0000002CACBC}
T{00000000-0000-0000-0000-000000083C07}
F{00000000-0000-0000-0000-000000148332}
T{00000000-0000-0000-0000-0000000AE447}
T{00000000-0000-0000-0000-0000001DB186}
T{00000000-0000-0000-0000-0000002361B7}
F{00000000-0000-0000-0000-0000001DE733}
T{00000000-0000-0000-0000-0000000BCE16}
T{00000000-0000-0000-0000-0000000EB1C4}
F{00000000-0000-0000-0000-00000022236F}
T{00000000-0000-0000-0000-00000009A044}
F{00000000-0000-0000-0000-0000002691F5}
F{00000000-0000-0000-0000-0000001A3598}
F{00000000-0000-0000-0000-0000001297F9}
F{00000000-0000-0000-0000-000000245B1C}
F{00000000-0000-0000-0000-000000245C0C}
F{00000000-0000-0000-0000-00000009D454}
T{00000000-0000-0000-0000-0000000A5B30}
F{00000000-0000-0000-0000-0000002216E6}
T{00000000-0000-0000-0000-000000060468}
F{00000000-0000-0000-0000-00000008AA1A}
F{00000000-0000-0000-0000-00000009066B}
T{00000000-0000-0000-0000-0000000F9C6B}
T{00000000-0000-0000-0000-0000002651AC}
F{00000000-0000-0000-0000-0000000A9F0E}
F{00000000-0000-0000-0000-00000006193F}
T{00000000-0000-0000-0000-00000024D561}
F{00000000-0000-0000-0000-0000002A0033}
T{00000000-0000-0000-0000-0000000EB1C4}
T{00000000-0000-0000-0000-00000022236F}
T{00000000-0000-0000-0000-00000009A044}
F{00000000-0000-0000-0000-0000002691F5}
T{00000000-0000-0000-0000-0000001A3598}
T{00000000-0000-0000-0000-0000001297F9}
T{00000000-0000-0000-0000-000000245B1C}
F{00000000-0000-0000-0000-000000245C0C}
F{00000000-0000-0000-0000-00000009D454}
T{00000000-0000-0000-0000-0000000A5B30}
F{00000000-0000-0000-0000-0000002216E6}
T{00000000-0000-0000-0000-000000060468}
F{00000000-0000-0000-0000-00000008AA1A}
F{00000000-0000-0000-0000-00000009066B}
T{00000000-0000-0000-0000-0000000F9C6B}
T{00000000-0000-0000-0000-0000002651AC}
T{00000000-0000-0000-0000-0000000A9F0E}
F{00000000-0000-0000-0000-00000006193F}
T{00000000-0000-0000-0000-00000024D561}
F{00000000-0000-0000-0000-0000002A0033}
F{00000000-0000-0000-0000-000000245F5D}
T{00000000-0000-0000-0000-000000098996}
T{00000000-0000-0000-0000-0000002FA3FA}
F{00000000-0000-0000-0000-0000002B0488}
F{00000000-0000-0000-0000-000000219E6D}
T{00000000-0000-0000-0000-000000177B49}
T{00000000-0000-0000-0000-000000192C47}
T{00000000-0000-0000-0000-00000009BAD7}
T{00000000-0000-0000-0000-000000125A54}
T{00000000-0000-0000-0000-0000001464E5}
F{00000000-0000-0000-0000-0000002A9CF7}
F{00000000-0000-0000-0000-0000001AF208}
F{00000000-0000-0000-0000-00000031BA6F}
F{00000000-0000-0000-0000-000000180E2E}
F{00000000-0000-0000-0000-0000000F3587}
T{00000000-0000-0000-0000-0000000AE577}
T{00000000-0000-0000-0000-00000022178C}
F{00000000-0000-0000-0000-0000002167C1}
F{00000000-0000-0000-0000-0000002C299F}
T{00000000-0000-0000-0000-00000027D4C7}
F{00000000-0000-0000-0000-000000245F5D}
T{00000000-0000-0000-0000-000000098996}
T{00000000-0000-0000-0000-0000002FA3FA}
F{00000000-0000-0000-0000-0000002B0488}
F{00000000-0000-0000-0000-000000219E6D}
T{00000000-0000-0000-0000-000000177B49}
T{00000000-0000-0000-0000-000000192C47}
T{00000000-0000-0000-0000-00000009BAD7}
T{00000000-0000-0000-0000-000000125A54}
T{00000000-0000-0000-0000-0000001464E5}
T{00000000-0000-0000-0000-0000002A9CF7}
T{00000000-0000-0000-0000-0000001AF208}
F{00000000-0000-0000-0000-00000031BA6F}
T{00000000-0000-0000-0000-000000180E2E}
T{00000000-0000-0000-0000-0000000F3587}
T{00000000-0000-0000-0000-0000000AE577}
F{00000000-0000-0000-0000-00000022178C}
F{00000000-0000-0000-0000-0000002167C1}
T{00000000-0000-0000-0000-0000002C299F}
T{00000000-0000-0000-0000-00000027D4C7}
T{00000000-0000-0000-0000-0000000BDF18}
F{00000000-0000-0000-0000-0000002789C7}
F{00000000-0000-0000-0000-0000002F0787}
T{00000000-0000-0000-0000-0000000D9506}
T{00000000-0000-0000-0000-0000000EC5C1}
F{00000000-0000-0000-0000-0000000D9F5F}
F{00000000-0000-0000-0000-0000001FD913}
F{00000000-0000-0000-0000-0000000A5792}
F{00000000-0000-0000-0000-0000002C76ED}
F{00000000-0000-0000-0000-00000013995B}
F{00000000-0000-0000-0000-0000002C9942}
F{00000000-0000-0000-0000-0000002D47FB}
F{00000000-0000-0000-0000-0000002CAD87}
T{00000000-0000-0000-0000-00000019F30D}
F{00000000-0000-0000-0000-00000013B91E}
F{00000000-0000-0000-0000-000000077309}
F{00000000-0000-0000-0000-00000005250C}
F{00000000-0000-0000-0000-00000026C360}
F{00000000-0000-0000-0000-0000002EDFFA}
F{00000000-0000-0000-0000-000000210B04}
T{00000000-0000-0000-0000-0000000BDF18}
F{00000000-0000-0000-0000-0000002789C7}
F{00000000-0000-0000-0000-0000002F0787}
T{00000000-0000-0000-0000-0000000D9506}
T{00000000-0000-0000-0000-0000000EC5C1}
T{00000000-0000-0000-0000-0000000D9F5F}
T{00000000-0000-0000-0000-0000001FD913}
T{00000000-0000-0000-0000-0000000A5792}
T{00000000-0000-0000-0000-0000002C76ED}
F{00000000-0000-0000-0000-00000013995B}
F{00000000-0000-0000-0000-0000002C9942}
F{00000000-0000-0000-0000-0000002D47FB}
F{00000000-0000-0000-0000-0000002CAD87}
T{00000000-0000-0000-0000-00000019F30D}
F{00000000-0000-0000-0000-00000013B91E}
T{00000000-0000-0000-0000-000000077309}
T{00000000-0000-0000-0000-00000005250C}
F{00000000-0000-0000-0000-00000026C360}
T{00000000-0000-0000-0000-0000002EDFFA}
F{00000000-0000-0000-0000-000000210B04}
T{00000000-0000-0000-0000-0000000FBE71}
T{00000000-0000-0000-0000-000000180A8A}
F{00000000-0000-0000-0000-00000032E65E}
F{00000000-0000-0000-0000-0000002FE035}
F{00000000-0000-0000-0000-0000001369DE}
F{00000000-0000-0000-0000-000000304FF3}
F{00000000-0000-0000-0000-0000002843CE}
F{00000000-0000-0000-0000-00000010215D}
T{00000000-0000-0000-0000-0000000C29E6}
F{00000000-0000-0000-0000-0000000970F1}
F{00000000-0000-0000-0000-0000000AE099}
T{00000000-0000-0000-0000-000000230FED}
F{00000000-0000-0000-0000-0000001A891E}
F{00000000-0000-0000-0000-0000001DCCD0}
F{00000000-0000-0000-0000-000000336361}
F{00000000-0000-0000-0000-0000002DCB69}
F{00000000-0000-0000-0000-0000000BBAE5}
F{00000000-0000-0000-0000-0000002A93E5}
T{00000000-0000-0000-0000-0000000CE9C4}
T{00000000-0000-0000-0000-0000000ABD11}
T{00000000-0000-0000-0000-0000000FBE71}
T{00000000-0000-0000-0000-000000180A8A}
F{00000000-0000-0000-0000-00000032E65E}
F{00000000-0000-0000-0000-0000002FE035}
T{00000000-0000-0000-0000-0000001369DE}
F{00000000-0000-0000-0000-000000304FF3}
F{00000000-0000-0000-0000-0000002843CE}
F{00000000-0000-0000-0000-00000010215D}
T{00000000-0000-0000-0000-0000000C29E6}
F{00000000-0000-0000-0000-0000000970F1}
T{00000000-0000-0000-0000-0000000AE099}
T{00000000-0000-0000-0000-000000230FED}
T{00000000-0000-0000-0000-0000001A891E}
T{00000000-0000-0000-0000-0000001DCCD0}
F{00000000-0000-0000-0000-000000336361}
T{00000000-0000-0000-0000-0000002DCB69}
T{00000000-0000-0000-0000-0000000BBAE5}
T{00000000-0000-0000-0000-0000002A93E5}
T{00000000-0000-0000-0000-0000000CE9C4}
T{00000000-0000-0000-0000-0000000ABD11}
F{00000000-0000-0000-0000-000000128932}
T{00000000-0000-0000-0000-000000169CBC}
F{00000000-0000-0000-0000-00000008B383}
T{00000000-0000-0000-0000-00000016979A}
F{00000000-0000-0000-0000-0000000BD989}
T{00000000-0000-0000-0000-000000282FCE}
F{00000000-0000-0000-0000-000000122D0D}
F{00000000-0000-0000-0000-00000031840C}
F{00000000-0000-0000-0000-0000001021AA}
F{00000000-0000-0000-0000-0000000B07ED}
F{00000000-0000-0000-0000-0000002D4147}
T{00000000-0000-0000-0000-0000001AF5B8}
F{00000000-0000-0000-0000-0000001056F7}
F{00000000-0000-0000-0000-00000009D428}
F{00000000-0000-0000-0000-00000011A66A}
F{00000000-0000-0000-0000-000000138B76}
F{00000000-0000-0000-0000-00000013794F}
F{00000000-0000-0000-0000-0000000604DA}
T{00000000-0000-0000-0000-000000039287}
T{00000000-0000-0000-0000-0000002DC9A5}
T{00000000-0000-0000-0000-000000128932}
T{00000000-0000-0000-0000-000000169CBC}
F{00000000-0000-0000-0000-00000008B383}
T{00000000-0000-0000-0000-00000016979A}
T{00000000-0000-0000-0000-0000000BD989}
T{00000000-0000-0000-0000-000000282FCE}
T{00000000-0000-0000-0000-000000122D0D}
F{00000000-0000-0000-0000-00000031840C}
T{00000000-0000-0000-0000-0000001021AA}
F{00000000-0000-0000-0000-0000000B07ED}
F{00000000-0000-0000-0000-0000002D4147}
T{00000000-0000-0000-0000-0000001AF5B8}
F{00000000-0000-0000-0000-0000001056F7}
F{00000000-0000-0000-0000-00000009D428}
F{00000000-0000-0000-0000-00000011A66A}
F{00000000-0000-0000-0000-000000138B76}
T{00000000-0000-0000-0000-00000013794F}
F{00000000-0000-0000-0000-0000000604DA}
T{00000000-0000-0000-0000-000000039287}
T{00000000-0000-0000-0000-0000002DC9A5}
T{00000000-0000-0000-0000-00000013BFCB}
F{00000000-0000-0000-0000-0000000B1E17}
T{00000000-0000-0000-0000-0000000FAF71}
F{00000000-0000-0000-0000-00000032B96F}
F{00000000-0000-0000-0000-0000002D4F1C}
F{00000000-0000-0000-0000-0000001AC595}
F{00000000-0000-0000-0000-0000000F4FE6}
F{00000000-0000-0000-0000-00000032BB6B}
T{00000000-0000-0000-0000-00000016EE88}
F{00000000-0000-0000-0000-00000024D577}
F{00000000-0000-0000-0000-0000000ADF8A}
T{00000000-0000-0000-0000-00000032A5BB}
F{00000000-0000-0000-0000-0000002B60AE}
F{00000000-0000-0000-0000-000000225920}
F{00000000-0000-0000-0000-00000013C356}
F{00000000-0000-0000-0000-0000000B0D42}
F{00000000-0000-0000-0000-0000000A5811}
F{00000000-0000-0000-0000-0000000BBAF7}
F{00000000-0000-0000-0000-0000002ACE76}
F{00000000-0000-0000-0000-0000002CDFC9}
T{00000000-0000-0000-0000-00000013BFCB}
F{00000000-0000-0000-0000-0000000B1E17}
T{00000000-0000-0000-0000-0000000FAF71}
F{00000000-0000-0000-0000-00000032B96F}
F{00000000-0000-0000-0000-0000002D4F1C}
F{00000000-0000-0000-0000-0000001AC595}
F{00000000-0000-0000-0000-0000000F4FE6}
F{00000000-0000-0000-0000-00000032BB6B}
T{00000000-0000-0000-0000-00000016EE88}
T{00000000-0000-0000-0000-00000024D577}
T{00000000-0000-0000-0000-0000000ADF8A}
T{00000000-0000-0000-0000-00000032A5BB}
F{00000000-0000-0000-0000-0000002B60AE}
F{00000000-0000-0000-0000-000000225920}
T{00000000-0000-0000-0000-00000013C356}
F{00000000-0000-0000-0000-0000000B0D42}
T{00000000-0000-0000-0000-0000000A5811}
T{00000000-0000-0000-0000-0000000BBAF7}
T{00000000-0000-0000-0000-0000002ACE76}
F{00000000-0000-0000-0000-0000002CDFC9}
F{00000000-0000-0000-0000-00000029CB1D}
T{00000000-0000-0000-0000-0000001E3995}
F{00000000-0000-0000-0000-000000290793}
F{00000000-0000-0000-0000-0000002B7D45}
F{00000000-0000-0000-0000-0000000FC3AA}
F{00000000-0000-0000-0000-00000013D847}
F{00000000-0000-0000-0000-0000000358BE}
F{00000000-0000-0000-0000-00000016BA6A}
F{00000000-0000-0000-0000-0000000ADB6D}
F{00000000-0000-0000-0000-00000013BB66}
T{00000000-0000-0000-0000-0000001D699A}
T{00000000-0000-0000-0000-0000002796A4}
F{00000000-0000-0000-0000-0000002AA866}
F{00000000-0000-0000-0000-0000002C4EFE}
T{00000000-0000-0000-0000-0000001A8886}
F{00000000-0000-0000-0000-0000002B054E}
F{00000000-0000-0000-0000-000000275B8E}
T{00000000-0000-0000-0000-000000165C7D}
F{00000000-0000-0000-0000-0000002E314C}
F{00000000-0000-0000-0000-000000324745}
T{00000000-0000-0000-0000-00000029CB1D}
T{00000000-0000-0000-0000-0000001E3995}
T{00000000-0000-0000-0000-000000290793}
T{00000000-0000-0000-0000-0000002B7D45}
T{00000000-0000-0000-0000-0000000FC3AA}
F{00000000-0000-0000-0000-00000013D847}
T{00000000-0000-0000-0000-0000000358BE}
F{00000000-0000-0000-0000-00000016BA6A}
T{00000000-0000-0000-0000-0000000ADB6D}
T{00000000-0000-0000-0000-00000013BB66}
T{00000000-0000-0000-0000-0000001D699A}
T{00000000-0000-0000-0000-0000002796A4}
F{00000000-0000-0000-0000-0000002AA866}
T{00000000-0000-0000-0000-0000002C4EFE}
T{00000000-0000-0000-0000-0000001A8886}
T{00000000-0000-0000-0000-0000002B054E}
F{00000000-0000-0000-0000-000000275B8E}
T{00000000-0000-0000-0000-000000165C7D}
F{00000000-0000-0000-0000-0000002E314C}
T{00000000-0000-0000-0000-000000324745}
F{00000000-0000-0000-0000-0000001282E8}
T{00000000-0000-0000-0000-00000016EF7B}
T{00000000-0000-0000-0000-0000002EAD0F}
T{00000000-0000-0000-0000-0000002001DC}
T{00000000-0000-0000-0000-000000137696}
F{00000000-0000-0000-0000-00000025D7DD}
F{00000000-0000-0000-0000-0000002C6D1C}
T{00000000-0000-0000-0000-000000062238}
F{00000000-0000-0000-0000-00000029E184}
F{00000000-0000-0000-0000-000000303C41}
F{00000000-0000-0000-0000-0000002ADB4F}
F{00000000-0000-0000-0000-000000263C74}
F{00000000-0000-0000-0000-0000000CF7CD}
T{00000000-0000-0000-0000-00000005FF3F}
F{00000000-0000-0000-0000-000000063A84}
F{00000000-0000-0000-0000-000000122CB0}
T{00000000-0000-0000-0000-0000003362C8}
T{00000000-0000-0000-0000-000000304116}
T{00000000-0000-0000-0000-00000009E1DD}
F{00000000-0000-0000-0000-0000000A2DD3}
F{00000000-0000-0000-0000-0000001282E8}
T{00000000-0000-0000-0000-00000016EF7B}
T{00000000-0000-0000-0000-0000002EAD0F}
T{00000000-0000-0000-0000-0000002001DC}
T{00000000-0000-0000-0000-000000137696}
F{00000000-0000-0000-0000-00000025D7DD}
T{00000000-0000-0000-0000-0000002C6D1C}
T{00000000-0000-0000-0000-000000062238}
F{00000000-0000-0000-0000-00000029E184}
F{00000000-0000-0000-0000-000000303C41}
F{00000000-0000-0000-0000-0000002ADB4F}
F{00000000-0000-0000-0000-000000263C74}
F{00000000-0000-0000-0000-0000000CF7CD}
T{00000000-0000-0000-0000-00000005FF3F}
F{00000000-0000-0000-0000-000000063A84}
F{00000000-0000-0000-0000-000000122CB0}
T{00000000-0000-0000-0000-0000003362C8}
T{00000000-0000-0000-0000-000000304116}
T{00000000-0000-0000-0000-00000009E1DD}
F{00000000-0000-0000-0000-0000000A2DD3}
T{00000000-0000-0000-0000-00000026DB04}
