T{00000000-0000-0000-0000-00000032FBFC}
T{00000000-0000-0000-0000-0000000BCE16}
T{00000000-0000-0000-0000-00000009D428}
T{00000000-0000-0000-0000-000000060468}
F{00000000-0000-0000-0000-00000006193F}
T{00000000-0000-0000-0000-00000032FBFC}
T{00000000-0000-0000-0000-0000000BCE16}
T{00000000-0000-0000-0000-00000009D428}
T{00000000-0000-0000-0000-000000060468}
T{00000000-0000-0000-0000-00000006193F}
T{00000000-0000-0000-0000-0000002FF8E1}
T{00000000-0000-0000-0000-0000002796A4}
F{00000000-0000-0000-0000-0000002691F5}
F{00000000-0000-0000-0000-000000335CAB}
T{00000000-0000-0000-0000-00000005EF6E}
T{00000000-0000-0000-0000-00000014BCF0}
F{00000000-0000-0000-0000-0000000EB2FC}
F{00000000-0000-0000-0000-0000002D4147}
T{00000000-0000-0000-0000-0000000C0A21}
F{00000000-0000-0000-0000-000000122CB0}
F{00000000-0000-0000-0000-0000002ADB4F}
F{00000000-0000-0000-0000-0000001D26F3}
F{00000000-0000-0000-0000-0000002FEC1E}
F{00000000-0000-0000-0000-0000000B0D42}
F{00000000-0000-0000-0000-00000009D454}
F{00000000-0000-0000-0000-0000002C9942}
F{00000000-0000-0000-0000-00000013EDBB}
T{00000000-0000-0000-0000-000000122D0D}
F{00000000-0000-0000-0000-0000002D4F1C}
F{00000000-0000-0000-0000-000000304FF3}
T{00000000-0000-0000-0000-0000002FF8E1}
T{00000000-0000-0000-0000-0000002796A4}
F{00000000-0000-0000-0000-0000002691F5}
T{00000000-0000-0000-0000-000000335CAB}
T{00000000-0000-0000-0000-00000005EF6E}
T{00000000-0000-0000-0000-00000014BCF0}
T{00000000-0000-0000-0000-0000000EB2FC}
F{00000000-0000-0000-0000-0000002D4147}
T{00000000-0000-0000-0000-0000000C0A21}
F{00000000-0000-0000-0000-000000122CB0}
F{00000000-0000-0000-0000-0000002ADB4F}
T{00000000-0000-0000-0000-0000001D26F3}
F{00000000-0000-0000-0000-0000002FEC1E}
T{00000000-0000-0000-0000-0000000B0D42}
T{00000000-0000-0000-0000-00000009D454}
F{00000000-0000-0000-0000-0000002C9942}
F{00000000-0000-0000-0000-00000013EDBB}
T{00000000-0000-0000-0000-000000122D0D}
T{00000000-0000-0000-0000-0000002D4F1C}
F{00000000-0000-0000-0000-000000304FF3}
F{00000000-0000-0000-0000-0000000C5488}
F{00000000-0000-0000-0000-000000245C0C}
T{00000000-0000-0000-0000-0000000D9F5F}
F{00000000-0000-0000-0000-00000014AEB7}
F{00000000-0000-0000-0000-0000000AAF2A}
T{00000000-0000-0000-0000-000000290793}
F{00000000-0000-0000-0000-0000002E314C}
T{00000000-0000-0000-0000-00000024D577}
F{00000000-0000-0000-0000-0000002B60AE}
T{00000000-0000-0000-0000-00000009A044}
F{00000000-0000-0000-0000-000000219E6D}
T{00000000-0000-0000-0000-000000077309}
F{00000000-0000-0000-0000-0000002F0787}
T{00000000-0000-0000-0000-0000001369DE}
T{00000000-0000-0000-0000-0000000A2DD3}
F{00000000-0000-0000-0000-000000263D12}
F{00000000-0000-0000-0000-00000029E184}
T{00000000-0000-0000-0000-0000000D9506}
F{00000000-0000-0000-0000-00000013D847}
F{00000000-0000-0000-0000-0000002216E6}
T{00000000-0000-0000-0000-0000000C5488}
T{00000000-0000-0000-0000-000000245C0C}
T{00000000-0000-0000-0000-0000000D9F5F}
F{00000000-0000-0000-0000-00000014AEB7}
F{00000000-0000-0000-0000-0000000AAF2A}
T{00000000-0000-0000-0000-000000290793}
F{00000000-0000-0000-0000-0000002E314C}
T{00000000-0000-0000-0000-00000024D577}
F{00000000-0000-0000-0000-0000002B60AE}
T{00000000-0000-0000-0000-00000009A044}
F{00000000-0000-0000-0000-000000219E6D}
T{00000000-0000-0000-0000-000000077309}
F{00000000-0000-0000-0000-0000002F0787}
T{00000000-0000-0000-0000-0000001369DE}
T{00000000-0000-0000-0000-0000000A2DD3}
F{00000000-0000-0000-0000-000000263D12}
F{00000000-0000-0000-0000-00000029E184}
T{00000000-0000-0000-0000-0000000D9506}
F{00000000-0000-0000-0000-00000013D847}
F{00000000-0000-0000-0000-0000002216E6}
T{00000000-0000-0000-0000-00000003496E}
T{00000000-0000-0000-0000-000000138B76}
F{00000000-0000-0000-0000-000000148332}
T{00000000-0000-0000-0000-00000032E859}
F{00000000-0000-0000-0000-00000032016B}
F{00000000-0000-0000-0000-0000002C74C9}
F{00000000-0000-0000-0000-00000007C25E}
F{00000000-0000-0000-0000-000000060817}
T{00000000-0000-0000-0000-0000001021AA}
F{00000000-0000-0000-0000-000000108B3B}
F{00000000-0000-0000-0000-0000002A0033}
F{00000000-0000-0000-0000-0000000D0CBC}
F{00000000-0000-0000-0000-0000000D6338}
F{00000000-0000-0000-0000-0000000BBAE5}
F{00000000-0000-0000-0000-00000008AA1A}
F{00000000-0000-0000-0000-0000002FE035}
F{00000000-0000-0000-0000-000000245F5D}
F{00000000-0000-0000-0000-0000000F4FE6}
F{00000000-0000-0000-0000-00000032BB6B}
F{00000000-0000-0000-0000-0000002B054E}
T{00000000-0000-0000-0000-00000003496E}
T{00000000-0000-0000-0000-000000138B76}
F{00000000-0000-0000-0000-000000148332}
T{00000000-0000-0000-0000-00000032E859}
F{00000000-0000-0000-0000-00000032016B}
F{00000000-0000-0000-0000-0000002C74C9}
T{00000000-0000-0000-0000-00000007C25E}
F{00000000-0000-0000-0000-000000060817}
T{00000000-0000-0000-0000-0000001021AA}
F{00000000-0000-0000-0000-000000108B3B}
F{00000000-0000-0000-0000-0000002A0033}
F{00000000-0000-0000-0000-0000000D0CBC}
F{00000000-0000-0000-0000-0000000D6338}
T{00000000-0000-0000-0000-0000000BBAE5}
F{00000000-0000-0000-0000-00000008AA1A}
F{00000000-0000-0000-0000-0000002FE035}
T{00000000-0000-0000-0000-000000245F5D}
F{00000000-0000-0000-0000-0000000F4FE6}
F{00000000-0000-0000-0000-00000032BB6B}
T{00000000-0000-0000-0000-0000002B054E}
F{00000000-0000-0000-0000-000000220F56}
F{00000000-0000-0000-0000-0000001056F7}
T{00000000-0000-0000-0000-0000000BBBC1}
F{00000000-0000-0000-0000-0000000B07ED}
T{00000000-0000-0000-0000-00000029CB1D}
F{00000000-0000-0000-0000-0000002C299F}
F{00000000-0000-0000-0000-00000017358C}
T{00000000-0000-0000-0000-0000000BD989}
F{00000000-0000-0000-0000-0000000AAEFB}
F{00000000-0000-0000-0000-00000011A66A}
F{00000000-0000-0000-0000-000000106A2C}
F{00000000-0000-0000-0000-000000275B8E}
F{00000000-0000-0000-0000-00000015BDE3}
F{00000000-0000-0000-0000-00000031BA6F}
T{00000000-0000-0000-0000-0000001DCCD0}
T{00000000-0000-0000-0000-000000098996}
T{00000000-0000-0000-0000-0000001FFE57}
T{00000000-0000-0000-0000-0000002B7D45}
F{00000000-0000-0000-0000-0000000BB9D4}
F{00000000-0000-0000-0000-000000171CAA}
T{00000000-0000-0000-0000-000000220F56}
F{00000000-0000-0000-0000-0000001056F7}
T{00000000-0000-0000-0000-0000000BBBC1}
T{00000000-0000-0000-0000-0000000B07ED}
T{00000000-0000-0000-0000-00000029CB1D}
T{00000000-0000-0000-0000-0000002C299F}
T{00000000-0000-0000-0000-00000017358C}
T{00000000-0000-0000-0000-0000000BD989}
F{00000000-0000-0000-0000-0000000AAEFB}
F{00000000-0000-0000-0000-00000011A66A}
F{00000000-0000-0000-0000-000000106A2C}
F{00000000-0000-0000-0000-000000275B8E}
F{00000000-0000-0000-0000-00000015BDE3}
F{00000000-0000-0000-0000-00000031BA6F}
T{00000000-0000-0000-0000-0000001DCCD0}
T{00000000-0000-0000-0000-000000098996}
T{00000000-0000-0000-0000-0000001FFE57}
T{00000000-0000-0000-0000-0000002B7D45}
T{00000000-0000-0000-0000-0000000BB9D4}
F{00000000-0000-0000-0000-000000171CAA}
F{00000000-0000-0000-0000-0000002BB56B}
T{00000000-0000-0000-0000-0000002ACE76}
F{00000000-0000-0000-0000-00000013995B}
T{00000000-0000-0000-0000-0000000DF706}
F{00000000-0000-0000-0000-000000303C41}
T{00000000-0000-0000-0000-0000000358BE}
T{00000000-0000-0000-0000-0000000929D8}
T{00000000-0000-0000-0000-0000002B0488}
F{00000000-0000-0000-0000-00000031840C}
T{00000000-0000-0000-0000-0000002D5281}
F{00000000-0000-0000-0000-0000002CAD87}
F{00000000-0000-0000-0000-0000002CDE1F}
T{00000000-0000-0000-0000-0000001A3598}
F{00000000-0000-0000-0000-00000026C0C1}
T{00000000-0000-0000-0000-0000002EE25C}
F{00000000-0000-0000-0000-0000002789C7}
T{00000000-0000-0000-0000-00000011FA5C}
F{00000000-0000-0000-0000-0000001FD913}
F{00000000-0000-0000-0000-0000001379ED}
F{00000000-0000-0000-0000-0000002B9CA9}
F{00000000-0000-0000-0000-0000002BB56B}
T{00000000-0000-0000-0000-0000002ACE76}
F{00000000-0000-0000-0000-00000013995B}
T{00000000-0000-0000-0000-0000000DF706}
F{00000000-0000-0000-0000-000000303C41}
T{00000000-0000-0000-0000-0000000358BE}
T{00000000-0000-0000-0000-0000000929D8}
T{00000000-0000-0000-0000-0000002B0488}
T{00000000-0000-0000-0000-00000031840C}
T{00000000-0000-0000-0000-0000002D5281}
F{00000000-0000-0000-0000-0000002CAD87}
F{00000000-0000-0000-0000-0000002CDE1F}
T{00000000-0000-0000-0000-0000001A3598}
F{00000000-0000-0000-0000-00000026C0C1}
T{00000000-0000-0000-0000-0000002EE25C}
F{00000000-0000-0000-0000-0000002789C7}
T{00000000-0000-0000-0000-00000011FA5C}
F{00000000-0000-0000-0000-0000001FD913}
F{00000000-0000-0000-0000-0000001379ED}
F{00000000-0000-0000-0000-0000002B9CA9}
F{00000000-0000-0000-0000-000000278875}
F{00000000-0000-0000-0000-0000000AE099}
T{00000000-0000-0000-0000-00000022178C}
F{00000000-0000-0000-0000-0000001278AF}
F{00000000-0000-0000-0000-0000001282E8}
T{00000000-0000-0000-0000-00000028813D}
F{00000000-0000-0000-0000-000000245B1C}
T{00000000-0000-0000-0000-000000180E2E}
F{00000000-0000-0000-0000-0000002EDFFA}
F{00000000-0000-0000-0000-00000026A7E0}
T{00000000-0000-0000-0000-0000002A9CF7}
F{00000000-0000-0000-0000-00000032E6F6}
F{00000000-0000-0000-0000-00000013C356}
T{00000000-0000-0000-0000-0000002DA425}
T{00000000-0000-0000-0000-0000000ADF8A}
T{00000000-0000-0000-0000-00000022236F}
F{00000000-0000-0000-0000-00000032B96F}
F{00000000-0000-0000-0000-0000002167C1}
T{00000000-0000-0000-0000-0000002651AC}
F{00000000-0000-0000-0000-0000002FA47F}
F{00000000-0000-0000-0000-000000278875}
T{00000000-0000-0000-0000-0000000AE099}
T{00000000-0000-0000-0000-00000022178C}
F{00000000-0000-0000-0000-0000001278AF}
F{00000000-0000-0000-0000-0000001282E8}
T{00000000-0000-0000-0000-00000028813D}
T{00000000-0000-0000-0000-000000245B1C}
T{00000000-0000-0000-0000-000000180E2E}
T{00000000-0000-0000-0000-0000002EDFFA}
F{00000000-0000-0000-0000-00000026A7E0}
T{00000000-0000-0000-0000-0000002A9CF7}
F{00000000-0000-0000-0000-00000032E6F6}
T{00000000-0000-0000-0000-00000013C356}
T{00000000-0000-0000-0000-0000002DA425}
T{00000000-0000-0000-0000-0000000ADF8A}
T{00000000-0000-0000-0000-00000022236F}
F{00000000-0000-0000-0000-00000032B96F}
F{00000000-0000-0000-0000-0000002167C1}
T{00000000-0000-0000-0000-0000002651AC}
F{00000000-0000-0000-0000-0000002FA47F}
F{00000000-0000-0000-0000-0000000970F1}
F{00000000-0000-0000-0000-000000063A84}
F{00000000-0000-0000-0000-0000000DDD88}
T{00000000-0000-0000-0000-00000010215D}
T{00000000-0000-0000-0000-0000000F3587}
F{00000000-0000-0000-0000-00000013B91E}
T{00000000-0000-0000-0000-0000002D47FB}
T{00000000-0000-0000-0000-0000000BDF18}
T{00000000-0000-0000-0000-0000000A9F0E}
F{00000000-0000-0000-0000-0000002BFFD7}
F{00000000-0000-0000-0000-00000013794F}
F{00000000-0000-0000-0000-00000013BA26}
T{00000000-0000-0000-0000-000000222774}
T{00000000-0000-0000-0000-0000000AE447}
T{00000000-0000-0000-0000-000000053A0F}
F{00000000-0000-0000-0000-00000028D056}
F{00000000-0000-0000-0000-000000223AC8}
F{00000000-0000-0000-0000-000000304116}
F{00000000-0000-0000-0000-00000008DF2C}
T{00000000-0000-0000-0000-0000001A891E}
F{00000000-0000-0000-0000-0000000970F1}
T{00000000-0000-0000-0000-000000063A84}
T{00000000-0000-0000-0000-0000000DDD88}
T{00000000-0000-0000-0000-00000010215D}
T{00000000-0000-0000-0000-0000000F3587}
T{00000000-0000-0000-0000-00000013B91E}
T{00000000-0000-0000-0000-0000002D47FB}
T{00000000-0000-0000-0000-0000000BDF18}
T{00000000-0000-0000-0000-0000000A9F0E}
F{00000000-0000-0000-0000-0000002BFFD7}
T{00000000-0000-0000-0000-00000013794F}
F{00000000-0000-0000-0000-00000013BA26}
T{00000000-0000-0000-0000-000000222774}
T{00000000-0000-0000-0000-0000000AE447}
T{00000000-0000-0000-0000-000000053A0F}
F{00000000-0000-0000-0000-00000028D056}
F{00000000-0000-0000-0000-000000223AC8}
T{00000000-0000-0000-0000-000000304116}
F{00000000-0000-0000-0000-00000008DF2C}
T{00000000-0000-0000-0000-0000001A891E}
F{00000000-0000-0000-0000-0000000A9334}
F{00000000-0000-0000-0000-0000002CDFC9}
F{00000000-0000-0000-0000-0000001DE733}
F{00000000-0000-0000-0000-00000032E65E}
F{00000000-0000-0000-0000-000000209B8E}
F{00000000-0000-0000-0000-0000002843CE}
F{00000000-0000-0000-0000-000000235C6F}
F{00000000-0000-0000-0000-0000001DB186}
F{00000000-0000-0000-0000-0000001AF208}
T{00000000-0000-0000-0000-00000021F6AA}
T{00000000-0000-0000-0000-0000002DCB69}
F{00000000-0000-0000-0000-0000000FD49A}
F{00000000-0000-0000-0000-0000002BA651}
F{00000000-0000-0000-0000-000000263C74}
T{00000000-0000-0000-0000-0000000FC3AA}
F{00000000-0000-0000-0000-000000336361}
T{00000000-0000-0000-0000-0000002C6D1C}
F{00000000-0000-0000-0000-0000000CF7CD}
T{00000000-0000-0000-0000-0000000618DF}
F{00000000-0000-0000-0000-0000002CACBC}
T{00000000-0000-0000-0000-0000000A9334}
F{00000000-0000-0000-0000-0000002CDFC9}
T{00000000-0000-0000-0000-0000001DE733}
F{00000000-0000-0000-0000-00000032E65E}
T{00000000-0000-0000-0000-000000209B8E}
F{00000000-0000-0000-0000-0000002843CE}
T{00000000-0000-0000-0000-000000235C6F}
T{00000000-0000-0000-0000-0000001DB186}
F{00000000-0000-0000-0000-0000001AF208}
T{00000000-0000-0000-0000-00000021F6AA}
T{00000000-0000-0000-0000-0000002DCB69}
T{00000000-0000-0000-0000-0000000FD49A}
T{00000000-0000-0000-0000-0000002BA651}
F{00000000-0000-0000-0000-000000263C74}
T{00000000-0000-0000-0000-0000000FC3AA}
F{00000000-0000-0000-0000-000000336361}
T{00000000-0000-0000-0000-0000002C6D1C}
F{00000000-0000-0000-0000-0000000CF7CD}
T{00000000-0000-0000-0000-0000000618DF}
F{00000000-0000-0000-0000-0000002CACBC}
F{00000000-0000-0000-0000-0000002361B7}
F{00000000-0000-0000-0000-0000000ADB6D}
T{00000000-0000-0000-0000-0000000BBAF7}
T{00000000-0000-0000-0000-00000003E599}
F{00000000-0000-0000-0000-000000210B04}
