F{00000000-0000-0000-0000-0000000AAF2A}
F{00000000-0000-0000-0000-0000002A0033}
F{00000000-0000-0000-0000-0000001282E8}
T{00000000-0000-0000-0000-000000304FF3}
F{00000000-0000-0000-0000-00000032B96F}
F{00000000-0000-0000-0000-0000002B60AE}
F{00000000-0000-0000-0000-0000000CF7CD}
F{00000000-0000-0000-0000-0000001056F7}
F{00000000-0000-0000-0000-0000002FEC1E}
F{00000000-0000-0000-0000-000000277E2B}
F{00000000-0000-0000-0000-0000002E314C}
F{00000000-0000-0000-0000-00000029E184}
T{00000000-0000-0000-0000-00000006193F}
F{00000000-0000-0000-0000-000000132504}
F{00000000-0000-0000-0000-0000000BB9D4}
F{00000000-0000-0000-0000-00000013B91E}
F{00000000-0000-0000-0000-00000013BA26}
F{00000000-0000-0000-0000-0000000AAEFB}
F{00000000-0000-0000-0000-0000002843CE}
F{00000000-0000-0000-0000-0000000AAF2A}
F{00000000-0000-0000-0000-0000002A0033}
F{00000000-0000-0000-0000-0000001282E8}
T{00000000-0000-0000-0000-000000304FF3}
T{00000000-0000-0000-0000-00000032B96F}
F{00000000-0000-0000-0000-0000002B60AE}
T{00000000-0000-0000-0000-0000000CF7CD}
F{00000000-0000-0000-0000-0000001056F7}
T{00000000-0000-0000-0000-0000002FEC1E}
F{00000000-0000-0000-0000-000000277E2B}
F{00000000-0000-0000-0000-0000002E314C}
F{00000000-0000-0000-0000-00000029E184}
T{00000000-0000-0000-0000-00000006193F}
F{00000000-0000-0000-0000-000000132504}
F{00000000-0000-0000-0000-0000000BB9D4}
F{00000000-0000-0000-0000-00000013B91E}
F{00000000-0000-0000-0000-00000013BA26}
F{00000000-0000-0000-0000-0000000AAEFB}
F{00000000-0000-0000-0000-0000002843CE}
F{00000000-0000-0000-0000-00000028D056}
F{00000000-0000-0000-0000-0000002691F5}
T{00000000-0000-0000-0000-000000148332}
T{00000000-0000-0000-0000-0000000D199E}
F{00000000-0000-0000-0000-000000122CB0}
F{00000000-0000-0000-0000-0000002F0787}
F{00000000-0000-0000-0000-0000002167C1}
F{00000000-0000-0000-0000-0000002C76ED}
F{00000000-0000-0000-0000-00000013EDBB}
F{00000000-0000-0000-0000-000000219E6D}
F{00000000-0000-0000-0000-00000026A7E0}
F{00000000-0000-0000-0000-000000336361}
F{00000000-0000-0000-0000-0000001AF208}
F{00000000-0000-0000-0000-000000223AC8}
F{00000000-0000-0000-0000-0000002C74C9}
F{00000000-0000-0000-0000-00000013D847}
F{00000000-0000-0000-0000-00000026C0C1}
T{00000000-0000-0000-0000-0000000B1E17}
F{00000000-0000-0000-0000-00000015BDE3}
T{00000000-0000-0000-0000-00000026C360}
F{00000000-0000-0000-0000-00000028D056}
F{00000000-0000-0000-0000-0000002691F5}
T{00000000-0000-0000-0000-000000148332}
T{00000000-0000-0000-0000-0000000D199E}
F{00000000-0000-0000-0000-000000122CB0}
F{00000000-0000-0000-0000-0000002F0787}
T{00000000-0000-0000-0000-0000002167C1}
F{00000000-0000-0000-0000-0000002C76ED}
F{00000000-0000-0000-0000-00000013EDBB}
T{00000000-0000-0000-0000-000000219E6D}
F{00000000-0000-0000-0000-00000026A7E0}
F{00000000-0000-0000-0000-000000336361}
F{00000000-0000-0000-0000-0000001AF208}
T{00000000-0000-0000-0000-000000223AC8}
F{00000000-0000-0000-0000-0000002C74C9}
F{00000000-0000-0000-0000-00000013D847}
T{00000000-0000-0000-0000-00000026C0C1}
T{00000000-0000-0000-0000-0000000B1E17}
F{00000000-0000-0000-0000-00000015BDE3}
T{00000000-0000-0000-0000-00000026C360}
F{00000000-0000-0000-0000-0000002AA866}
F{00000000-0000-0000-0000-000000108B3B}
F{00000000-0000-0000-0000-0000002D4147}
F{00000000-0000-0000-0000-0000002CDFC9}
F{00000000-0000-0000-0000-0000000604DA}
T{00000000-0000-0000-0000-0000002BFFD7}
F{00000000-0000-0000-0000-0000000D0CBC}
F{00000000-0000-0000-0000-00000025D7DD}
F{00000000-0000-0000-0000-0000002D4F1C}
F{00000000-0000-0000-0000-0000001278AF}
F{00000000-0000-0000-0000-0000002216E6}
F{00000000-0000-0000-0000-0000000A5811}
F{00000000-0000-0000-0000-000000278875}
F{00000000-0000-0000-0000-00000013995B}
T{00000000-0000-0000-0000-0000002361B7}
T{00000000-0000-0000-0000-0000000567C5}
F{00000000-0000-0000-0000-000000245F5D}
F{00000000-0000-0000-0000-0000002E0E9F}
F{00000000-0000-0000-0000-00000009066B}
F{00000000-0000-0000-0000-00000006E673}
T{00000000-0000-0000-0000-0000002AA866}
F{00000000-0000-0000-0000-000000108B3B}
F{00000000-0000-0000-0000-0000002D4147}
F{00000000-0000-0000-0000-0000002CDFC9}
F{00000000-0000-0000-0000-0000000604DA}
T{00000000-0000-0000-0000-0000002BFFD7}
T{00000000-0000-0000-0000-0000000D0CBC}
F{00000000-0000-0000-0000-00000025D7DD}
F{00000000-0000-0000-0000-0000002D4F1C}
F{00000000-0000-0000-0000-0000001278AF}
T{00000000-0000-0000-0000-0000002216E6}
F{00000000-0000-0000-0000-0000000A5811}
F{00000000-0000-0000-0000-000000278875}
F{00000000-0000-0000-0000-00000013995B}
T{00000000-0000-0000-0000-0000002361B7}
T{00000000-0000-0000-0000-0000000567C5}
T{00000000-0000-0000-0000-000000245F5D}
F{00000000-0000-0000-0000-0000002E0E9F}
F{00000000-0000-0000-0000-00000009066B}
T{00000000-0000-0000-0000-00000006E673}
F{00000000-0000-0000-0000-000000122CB0}
F{00000000-0000-0000-0000-0000002843CE}
F{00000000-0000-0000-0000-000000132504}
F{00000000-0000-0000-0000-00000013EDBB}
F{00000000-0000-0000-0000-0000002F0787}
F{00000000-0000-0000-0000-000000304FF3}
F{00000000-0000-0000-0000-0000002E314C}
F{00000000-0000-0000-0000-0000001278AF}
F{00000000-0000-0000-0000-00000028D056}
F{00000000-0000-0000-0000-000000277E2B}
F{00000000-0000-0000-0000-0000000604DA}
F{00000000-0000-0000-0000-0000000CF7CD}
F{00000000-0000-0000-0000-0000002A0033}
F{00000000-0000-0000-0000-0000001056F7}
F{00000000-0000-0000-0000-0000001282E8}
F{00000000-0000-0000-0000-000000108B3B}
F{00000000-0000-0000-0000-0000002E0E9F}
F{00000000-0000-0000-0000-00000009066B}
F{00000000-0000-0000-0000-00000025D7DD}
T{00000000-0000-0000-0000-000000163440}
T{00000000-0000-0000-0000-00000017E663}
T{00000000-0000-0000-0000-00000019603B}
T{00000000-0000-0000-0000-000000282BD0}
T{00000000-0000-0000-0000-0000000E38AD}
T{00000000-0000-0000-0000-00000032E4D5}
T{00000000-0000-0000-0000-0000002F8F4A}
T{00000000-0000-0000-0000-00000013D4AE}
T{00000000-0000-0000-0000-000000086B51}
T{00000000-0000-0000-0000-000000090D66}
T{00000000-0000-0000-0000-0000002A8313}
T{00000000-0000-0000-0000-0000002A8531}
T{00000000-0000-0000-0000-000000169E5F}
T{00000000-0000-0000-0000-0000002ECCD4}
T{00000000-0000-0000-0000-000000171396}
T{00000000-0000-0000-0000-000000015FC7}
T{00000000-0000-0000-0000-000000226CD1}
T{00000000-0000-0000-0000-000000019236}
T{00000000-0000-0000-0000-00000014D989}
T{00000000-0000-0000-0000-00000033245B}
T{00000000-0000-0000-0000-0000002E0997}
T{00000000-0000-0000-0000-00000000CC8F}
T{00000000-0000-0000-0000-000000276E31}
T{00000000-0000-0000-0000-000000336743}
T{00000000-0000-0000-0000-00000023F83A}
T{00000000-0000-0000-0000-00000026611E}
T{00000000-0000-0000-0000-0000002C60BC}
T{00000000-0000-0000-0000-0000002CFE90}
T{00000000-0000-0000-0000-00000020B0E5}
T{00000000-0000-0000-0000-000000133301}
T{00000000-0000-0000-0000-000000238FCF}
T{00000000-0000-0000-0000-0000000124D4}
T{00000000-0000-0000-0000-000000048743}
T{00000000-0000-0000-0000-0000000CC211}
T{00000000-0000-0000-0000-0000002C1B8A}
T{00000000-0000-0000-0000-00000031F8C0}
T{00000000-0000-0000-0000-00000029E4DD}
T{00000000-0000-0000-0000-00000029DF30}
T{00000000-0000-0000-0000-00000003668E}
T{00000000-0000-0000-0000-000000080B29}
T{00000000-0000-0000-0000-0000002DC2FA}
T{00000000-0000-0000-0000-0000000AD8D3}
T{00000000-0000-0000-0000-000000083BCE}
T{00000000-0000-0000-0000-00000029B45D}
T{00000000-0000-0000-0000-00000004CD16}
T{00000000-0000-0000-0000-00000029B0B6}
T{00000000-0000-0000-0000-0000002CD9CB}
T{00000000-0000-0000-0000-00000004857A}
T{00000000-0000-0000-0000-00000019F7DE}
T{00000000-0000-0000-0000-00000032B38C}
T{00000000-0000-0000-0000-000000145C77}
T{00000000-0000-0000-0000-0000001B86E1}
T{00000000-0000-0000-0000-000000020671}
T{00000000-0000-0000-0000-00000010A260}
T{00000000-0000-0000-0000-0000001593A2}
T{00000000-0000-0000-0000-000000134138}
T{00000000-0000-0000-0000-00000012F492}
T{00000000-0000-0000-0000-000000049EE2}
T{00000000-0000-0000-0000-00000001C0DA}
T{00000000-0000-0000-0000-000000103F45}
T{00000000-0000-0000-0000-0000002EBBF8}
T{00000000-0000-0000-0000-000000199CE5}
T{00000000-0000-0000-0000-0000000C498D}
T{00000000-0000-0000-0000-0000002461C3}
T{00000000-0000-0000-0000-0000002553E5}
T{00000000-0000-0000-0000-00000024956C}
T{00000000-0000-0000-0000-0000001EA9F1}
T{00000000-0000-0000-0000-0000001FC2E5}
T{00000000-0000-0000-0000-00000026030F}
T{00000000-0000-0000-0000-0000001AAC6D}
T{00000000-0000-0000-0000-0000002FDBA4}
T{00000000-0000-0000-0000-0000000290CC}
T{00000000-0000-0000-0000-000000263A5F}
T{00000000-0000-0000-0000-000000265B79}
T{00000000-0000-0000-0000-0000001D36F1}
T{00000000-0000-0000-0000-0000000DAF33}
T{00000000-0000-0000-0000-0000000BBDBF}
T{00000000-0000-0000-0000-000000294121}
T{00000000-0000-0000-0000-000000144EAF}
T{00000000-0000-0000-0000-00000022362F}
T{00000000-0000-0000-0000-0000003136C1}
T{00000000-0000-0000-0000-0000000E641C}
T{00000000-0000-0000-0000-000000278538}
T{00000000-0000-0000-0000-0000001441F5}
T{00000000-0000-0000-0000-00000001A081}
T{00000000-0000-0000-0000-00000005FEC5}
T{00000000-0000-0000-0000-000000002050}
T{00000000-0000-0000-0000-00000003D38D}
T{00000000-0000-0000-0000-0000001E8634}
T{00000000-0000-0000-0000-0000001FE575}
T{00000000-0000-0000-0000-0000002ECC93}
T{00000000-0000-0000-0000-0000002099FA}
T{00000000-0000-0000-0000-00000008A7D5}
T{00000000-0000-0000-0000-00000020F108}
T{00000000-0000-0000-0000-000000031C4F}
T{00000000-0000-0000-0000-0000000AF7F1}
T{00000000-0000-0000-0000-00000010DFF6}
T{00000000-0000-0000-0000-0000000316F0}
T{00000000-0000-0000-0000-00000011E7AD}
T{00000000-0000-0000-0000-0000001023C0}
T{00000000-0000-0000-0000-0000001A8051}
T{00000000-0000-0000-0000-000000106A56}
T{00000000-0000-0000-0000-00000029A3FF}
T{00000000-0000-0000-0000-0000002C1AFE}
T{00000000-0000-0000-0000-00000000B4E0}
T{00000000-0000-0000-0000-00000008AB1F}
T{00000000-0000-0000-0000-000000029C3C}
T{00000000-0000-0000-0000-0000001F2BCD}
T{00000000-0000-0000-0000-000000119719}
T{00000000-0000-0000-0000-0000000E6457}
