F{00000000-0000-0000-0000-0000000D199E}
F{00000000-0000-0000-0000-000000278875}
F{00000000-0000-0000-0000-0000002CDFC9}
F{00000000-0000-0000-0000-00000013EDBB}
F{00000000-0000-0000-0000-0000002D4147}
T{00000000-0000-0000-0000-00000006E673}
F{00000000-0000-0000-0000-0000000AAF2A}
T{00000000-0000-0000-0000-0000002AA866}
T{00000000-0000-0000-0000-0000002167C1}
F{00000000-0000-0000-0000-00000015BDE3}
F{00000000-0000-0000-0000-0000002691F5}
F{00000000-0000-0000-0000-00000028D056}
F{00000000-0000-0000-0000-00000029E184}
F{00000000-0000-0000-0000-0000002F0787}
F{00000000-0000-0000-0000-0000000D199E}
F{00000000-0000-0000-0000-000000278875}
F{00000000-0000-0000-0000-0000002CDFC9}
F{00000000-0000-0000-0000-00000013EDBB}
F{00000000-0000-0000-0000-0000002D4147}
T{00000000-0000-0000-0000-00000006E673}
T{00000000-0000-0000-0000-0000000AAF2A}
T{00000000-0000-0000-0000-0000002AA866}
T{00000000-0000-0000-0000-0000002167C1}
F{00000000-0000-0000-0000-00000015BDE3}
F{00000000-0000-0000-0000-0000002691F5}
T{00000000-0000-0000-0000-00000028D056}
T{00000000-0000-0000-0000-00000029E184}
F{00000000-0000-0000-0000-0000002F0787}
F{00000000-0000-0000-0000-0000002A0033}
F{00000000-0000-0000-0000-0000002E0E9F}
F{00000000-0000-0000-0000-000000122CB0}
T{00000000-0000-0000-0000-000000245F5D}
F{00000000-0000-0000-0000-00000026A7E0}
F{00000000-0000-0000-0000-0000002843CE}
F{00000000-0000-0000-0000-0000002B60AE}
T{00000000-0000-0000-0000-0000002BFFD7}
F{00000000-0000-0000-0000-00000025D7DD}
F{00000000-0000-0000-0000-0000000BB9D4}
F{00000000-0000-0000-0000-0000001282E8}
F{00000000-0000-0000-0000-0000000CF7CD}
F{00000000-0000-0000-0000-000000223AC8}
T{00000000-0000-0000-0000-0000000AAEFB}
T{00000000-0000-0000-0000-000000219E6D}
T{00000000-0000-0000-0000-00000032B96F}
T{00000000-0000-0000-0000-00000013995B}
F{00000000-0000-0000-0000-00000026C0C1}
F{00000000-0000-0000-0000-000000304FF3}
F{00000000-0000-0000-0000-0000001278AF}
F{00000000-0000-0000-0000-0000002A0033}
F{00000000-0000-0000-0000-0000002E0E9F}
F{00000000-0000-0000-0000-000000122CB0}
T{00000000-0000-0000-0000-000000245F5D}
F{00000000-0000-0000-0000-00000026A7E0}
F{00000000-0000-0000-0000-0000002843CE}
F{00000000-0000-0000-0000-0000002B60AE}
T{00000000-0000-0000-0000-0000002BFFD7}
F{00000000-0000-0000-0000-00000025D7DD}
T{00000000-0000-0000-0000-0000000BB9D4}
F{00000000-0000-0000-0000-0000001282E8}
T{00000000-0000-0000-0000-0000000CF7CD}
T{00000000-0000-0000-0000-000000223AC8}
T{00000000-0000-0000-0000-0000000AAEFB}
T{00000000-0000-0000-0000-000000219E6D}
T{00000000-0000-0000-0000-00000032B96F}
T{00000000-0000-0000-0000-00000013995B}
T{00000000-0000-0000-0000-00000026C0C1}
F{00000000-0000-0000-0000-000000304FF3}
T{00000000-0000-0000-0000-0000001278AF}
T{00000000-0000-0000-0000-00000009066B}
F{00000000-0000-0000-0000-000000336361}
F{00000000-0000-0000-0000-0000000604DA}
T{00000000-0000-0000-0000-0000002FEC1E}
F{00000000-0000-0000-0000-0000001056F7}
F{00000000-0000-0000-0000-0000002D4F1C}
F{00000000-0000-0000-0000-00000013B91E}
F{00000000-0000-0000-0000-000000132504}
T{00000000-0000-0000-0000-0000002216E6}
F{00000000-0000-0000-0000-000000277E2B}
F{00000000-0000-0000-0000-000000108B3B}
T{00000000-0000-0000-0000-00000013BA26}
T{00000000-0000-0000-0000-00000026C360}
F{00000000-0000-0000-0000-0000002C74C9}
F{00000000-0000-0000-0000-0000002E314C}
F{00000000-0000-0000-0000-00000013D847}
F{00000000-0000-0000-0000-0000000D0CBC}
F{00000000-0000-0000-0000-0000001AF208}
F{00000000-0000-0000-0000-0000002C76ED}
F{00000000-0000-0000-0000-0000000A5811}
T{00000000-0000-0000-0000-00000009066B}
T{00000000-0000-0000-0000-000000336361}
F{00000000-0000-0000-0000-0000000604DA}
T{00000000-0000-0000-0000-0000002FEC1E}
F{00000000-0000-0000-0000-0000001056F7}
F{00000000-0000-0000-0000-0000002D4F1C}
F{00000000-0000-0000-0000-00000013B91E}
F{00000000-0000-0000-0000-000000132504}
T{00000000-0000-0000-0000-0000002216E6}
F{00000000-0000-0000-0000-000000277E2B}
F{00000000-0000-0000-0000-000000108B3B}
T{00000000-0000-0000-0000-00000013BA26}
T{00000000-0000-0000-0000-00000026C360}
F{00000000-0000-0000-0000-0000002C74C9}
F{00000000-0000-0000-0000-0000002E314C}
F{00000000-0000-0000-0000-00000013D847}
F{00000000-0000-0000-0000-0000000D0CBC}
F{00000000-0000-0000-0000-0000001AF208}
T{00000000-0000-0000-0000-0000002C76ED}
F{00000000-0000-0000-0000-0000000A5811}
F{00000000-0000-0000-0000-000000122CB0}
F{00000000-0000-0000-0000-0000001282E8}
F{00000000-0000-0000-0000-0000001056F7}
F{00000000-0000-0000-0000-0000002843CE}
