F{00000000-0000-0000-0000-00000013EDBB}
T{00000000-0000-0000-0000-000000253960}
F{00000000-0000-0000-0000-00000013BA26}
F{00000000-0000-0000-0000-000000303C41}
F{00000000-0000-0000-0000-000000304FF3}
F{00000000-0000-0000-0000-00000013B91E}
F{00000000-0000-0000-0000-0000000A5811}
T{00000000-0000-0000-0000-00000011A66A}
F{00000000-0000-0000-0000-0000000CF7CD}
F{00000000-0000-0000-0000-0000000B1E17}
F{00000000-0000-0000-0000-0000000D0CBC}
F{00000000-0000-0000-0000-0000000AAEFB}
F{00000000-0000-0000-0000-000000336361}
T{00000000-0000-0000-0000-00000032E6F6}
F{00000000-0000-0000-0000-00000032016B}
T{00000000-0000-0000-0000-0000002FA47F}
T{00000000-0000-0000-0000-0000002EDFFA}
F{00000000-0000-0000-0000-0000001056F7}
F{00000000-0000-0000-0000-00000013EDBB}
T{00000000-0000-0000-0000-000000253960}
F{00000000-0000-0000-0000-00000013BA26}
T{00000000-0000-0000-0000-000000303C41}
F{00000000-0000-0000-0000-000000304FF3}
F{00000000-0000-0000-0000-00000013B91E}
F{00000000-0000-0000-0000-0000000A5811}
T{00000000-0000-0000-0000-00000011A66A}
F{00000000-0000-0000-0000-0000000CF7CD}
F{00000000-0000-0000-0000-0000000B1E17}
F{00000000-0000-0000-0000-0000000D0CBC}
T{00000000-0000-0000-0000-0000000AAEFB}
F{00000000-0000-0000-0000-000000336361}
T{00000000-0000-0000-0000-00000032E6F6}
T{00000000-0000-0000-0000-00000032016B}
T{00000000-0000-0000-0000-0000002FA47F}
T{00000000-0000-0000-0000-0000002EDFFA}
F{00000000-0000-0000-0000-0000001056F7}
T{00000000-0000-0000-0000-0000000AB664}
F{00000000-0000-0000-0000-0000002E314C}
F{00000000-0000-0000-0000-0000001278AF}
T{00000000-0000-0000-0000-000000223AC8}
T{00000000-0000-0000-0000-0000000FD49A}
F{00000000-0000-0000-0000-000000245F5D}
F{00000000-0000-0000-0000-0000002CDFC9}
F{00000000-0000-0000-0000-0000001282E8}
F{00000000-0000-0000-0000-0000002167C1}
T{00000000-0000-0000-0000-00000008AA1A}
F{00000000-0000-0000-0000-00000026C360}
F{00000000-0000-0000-0000-000000132504}
F{00000000-0000-0000-0000-000000219E6D}
F{00000000-0000-0000-0000-00000008DF2C}
F{00000000-0000-0000-0000-0000002B60AE}
F{00000000-0000-0000-0000-0000000BB9D4}
F{00000000-0000-0000-0000-0000002C74C9}
T{00000000-0000-0000-0000-0000002C9942}
F{00000000-0000-0000-0000-0000000D199E}
T{00000000-0000-0000-0000-00000024BF14}
T{00000000-0000-0000-0000-0000000AB664}
