T{00000000-0000-0000-0000-00000008DF2C}
T{00000000-0000-0000-0000-0000002C74C9}
T{00000000-0000-0000-0000-0000000B1E17}
F{00000000-0000-0000-0000-0000000604DA}
F{00000000-0000-0000-0000-000000277E2B}
T{00000000-0000-0000-0000-000000275B8E}
F{00000000-0000-0000-0000-0000000CF7CD}
F{00000000-0000-0000-0000-00000015BDE3}
F{00000000-0000-0000-0000-00000025D7DD}
F{00000000-0000-0000-0000-00000013BA26}
F{00000000-0000-0000-0000-0000000A5811}
F{00000000-0000-0000-0000-0000002E314C}
T{00000000-0000-0000-0000-00000008DF2C}
T{00000000-0000-0000-0000-0000002C74C9}
T{00000000-0000-0000-0000-0000000B1E17}
F{00000000-0000-0000-0000-0000000604DA}
F{00000000-0000-0000-0000-000000277E2B}
T{00000000-0000-0000-0000-000000275B8E}
F{00000000-0000-0000-0000-0000000CF7CD}
T{00000000-0000-0000-0000-00000015BDE3}
F{00000000-0000-0000-0000-00000025D7DD}
T{00000000-0000-0000-0000-00000013BA26}
F{00000000-0000-0000-0000-0000000A5811}
F{00000000-0000-0000-0000-0000002E314C}
F{00000000-0000-0000-0000-0000002843CE}
F{00000000-0000-0000-0000-0000000D199E}
F{00000000-0000-0000-0000-0000002CDFC9}
T{00000000-0000-0000-0000-0000000AB664}
T{00000000-0000-0000-0000-000000253960}
F{00000000-0000-0000-0000-000000132504}
F{00000000-0000-0000-0000-0000002216E6}
T{00000000-0000-0000-0000-0000001379ED}
F{00000000-0000-0000-0000-000000278875}
F{00000000-0000-0000-0000-00000032B96F}
T{00000000-0000-0000-0000-00000006193F}
F{00000000-0000-0000-0000-0000002C76ED}
F{00000000-0000-0000-0000-0000000AAF2A}
F{00000000-0000-0000-0000-000000108B3B}
F{00000000-0000-0000-0000-0000002B60AE}
F{00000000-0000-0000-0000-0000001282E8}
F{00000000-0000-0000-0000-00000026A7E0}
F{00000000-0000-0000-0000-0000002167C1}
T{00000000-0000-0000-0000-000000263C74}
F{00000000-0000-0000-0000-0000002691F5}
F{00000000-0000-0000-0000-0000002843CE}
F{00000000-0000-0000-0000-0000000D199E}
F{00000000-0000-0000-0000-0000002CDFC9}
T{00000000-0000-0000-0000-0000000AB664}
T{00000000-0000-0000-0000-000000253960}
F{00000000-0000-0000-0000-000000132504}
F{00000000-0000-0000-0000-0000002216E6}
T{00000000-0000-0000-0000-0000001379ED}
F{00000000-0000-0000-0000-000000278875}
T{00000000-0000-0000-0000-00000032B96F}
T{00000000-0000-0000-0000-00000006193F}
F{00000000-0000-0000-0000-0000002C76ED}
F{00000000-0000-0000-0000-0000000AAF2A}
F{00000000-0000-0000-0000-000000108B3B}
F{00000000-0000-0000-0000-0000002B60AE}
F{00000000-0000-0000-0000-0000001282E8}
F{00000000-0000-0000-0000-00000026A7E0}
T{00000000-0000-0000-0000-0000002167C1}
T{00000000-0000-0000-0000-000000263C74}
T{00000000-0000-0000-0000-0000002691F5}
F{00000000-0000-0000-0000-00000026C360}
F{00000000-0000-0000-0000-00000029E184}
F{00000000-0000-0000-0000-000000219E6D}
F{00000000-0000-0000-0000-0000002D4F1C}
F{00000000-0000-0000-0000-0000002BFFD7}
T{00000000-0000-0000-0000-0000002C9942}
F{00000000-0000-0000-0000-0000002F0787}
T{00000000-0000-0000-0000-0000000567C5}
F{00000000-0000-0000-0000-00000028D056}
F{00000000-0000-0000-0000-0000002361B7}
F{00000000-0000-0000-0000-0000002D4147}
T{00000000-0000-0000-0000-0000000FD49A}
F{00000000-0000-0000-0000-0000001056F7}
F{00000000-0000-0000-0000-0000002AA866}
T{00000000-0000-0000-0000-0000002CDE1F}
F{00000000-0000-0000-0000-0000001278AF}
F{00000000-0000-0000-0000-0000000D0CBC}
F{00000000-0000-0000-0000-00000006E673}
F{00000000-0000-0000-0000-0000000BB9D4}
F{00000000-0000-0000-0000-0000002FEC1E}
T{00000000-0000-0000-0000-00000026C360}
F{00000000-0000-0000-0000-00000029E184}
T{00000000-0000-0000-0000-000000219E6D}
F{00000000-0000-0000-0000-0000002D4F1C}
F{00000000-0000-0000-0000-0000002BFFD7}
T{00000000-0000-0000-0000-0000002C9942}
F{00000000-0000-0000-0000-0000002F0787}
T{00000000-0000-0000-0000-0000000567C5}
F{00000000-0000-0000-0000-00000028D056}
T{00000000-0000-0000-0000-0000002361B7}
F{00000000-0000-0000-0000-0000002D4147}
T{00000000-0000-0000-0000-0000000FD49A}
F{00000000-0000-0000-0000-0000001056F7}
F{00000000-0000-0000-0000-0000002AA866}
T{00000000-0000-0000-0000-0000002CDE1F}
F{00000000-0000-0000-0000-0000001278AF}
F{00000000-0000-0000-0000-0000000D0CBC}
F{00000000-0000-0000-0000-00000006E673}
F{00000000-0000-0000-0000-0000000BB9D4}
F{00000000-0000-0000-0000-0000002FEC1E}
F{00000000-0000-0000-0000-000000304FF3}
T{00000000-0000-0000-0000-000000303C41}
T{00000000-0000-0000-0000-0000000B07ED}
F{00000000-0000-0000-0000-0000002E0E9F}
F{00000000-0000-0000-0000-000000336361}
T{00000000-0000-0000-0000-000000223AC8}
F{00000000-0000-0000-0000-00000013B91E}
F{00000000-0000-0000-0000-0000000AAEFB}
F{00000000-0000-0000-0000-00000009066B}
T{00000000-0000-0000-0000-00000031BA6F}
F{00000000-0000-0000-0000-00000013995B}
F{00000000-0000-0000-0000-0000001AF208}
F{00000000-0000-0000-0000-0000002A0033}
F{00000000-0000-0000-0000-000000245F5D}
F{00000000-0000-0000-0000-00000013EDBB}
T{00000000-0000-0000-0000-00000032016B}
F{00000000-0000-0000-0000-00000013D847}
F{00000000-0000-0000-0000-00000026C0C1}
F{00000000-0000-0000-0000-000000148332}
F{00000000-0000-0000-0000-000000122CB0}
F{00000000-0000-0000-0000-000000304FF3}
T{00000000-0000-0000-0000-000000303C41}
T{00000000-0000-0000-0000-0000000B07ED}
F{00000000-0000-0000-0000-0000002E0E9F}
F{00000000-0000-0000-0000-000000336361}
F{00000000-0000-0000-0000-000000223AC8}
F{00000000-0000-0000-0000-00000013B91E}
F{00000000-0000-0000-0000-0000000AAEFB}
F{00000000-0000-0000-0000-00000009066B}
T{00000000-0000-0000-0000-00000031BA6F}
F{00000000-0000-0000-0000-00000013995B}
F{00000000-0000-0000-0000-0000001AF208}
F{00000000-0000-0000-0000-0000002A0033}
T{00000000-0000-0000-0000-000000245F5D}
F{00000000-0000-0000-0000-00000013EDBB}
T{00000000-0000-0000-0000-00000032016B}
F{00000000-0000-0000-0000-00000013D847}
T{00000000-0000-0000-0000-00000026C0C1}
T{00000000-0000-0000-0000-000000148332}
F{00000000-0000-0000-0000-000000122CB0}
F{00000000-0000-0000-0000-00000025D7DD}
F{00000000-0000-0000-0000-000000108B3B}
F{00000000-0000-0000-0000-0000002E314C}
F{00000000-0000-0000-0000-00000009066B}
F{00000000-0000-0000-0000-000000277E2B}
F{00000000-0000-0000-0000-0000002F0787}
F{00000000-0000-0000-0000-000000132504}
F{00000000-0000-0000-0000-0000002C74C9}
T{00000000-0000-0000-0000-00000008DF2C}
F{00000000-0000-0000-0000-000000122CB0}
F{00000000-0000-0000-0000-000000304FF3}
F{00000000-0000-0000-0000-0000000604DA}
F{00000000-0000-0000-0000-0000001056F7}
F{00000000-0000-0000-0000-00000026C360}
F{00000000-0000-0000-0000-00000015BDE3}
F{00000000-0000-0000-0000-00000026C0C1}
T{00000000-0000-0000-0000-00000013BA26}
F{00000000-0000-0000-0000-0000002E0E9F}
F{00000000-0000-0000-0000-0000002A0033}
F{00000000-0000-0000-0000-0000000CF7CD}
F{00000000-0000-0000-0000-0000002843CE}
F{00000000-0000-0000-0000-00000028D056}
F{00000000-0000-0000-0000-0000001278AF}
F{00000000-0000-0000-0000-0000001282E8}
F{00000000-0000-0000-0000-00000013EDBB}
T{00000000-0000-0000-0000-0000002157C5}
T{00000000-0000-0000-0000-0000002F5359}
T{00000000-0000-0000-0000-000000097D94}
T{00000000-0000-0000-0000-000000178CFF}
T{00000000-0000-0000-0000-0000001C2198}
T{00000000-0000-0000-0000-0000001D3D6A}
T{00000000-0000-0000-0000-0000002416A6}
T{00000000-0000-0000-0000-00000031E4BF}
T{00000000-0000-0000-0000-0000002FBA0A}
T{00000000-0000-0000-0000-0000000D3D3C}
T{00000000-0000-0000-0000-0000002DB481}
T{00000000-0000-0000-0000-0000001DCEC2}
T{00000000-0000-0000-0000-0000000D9C20}
T{00000000-0000-0000-0000-00000012B1D2}
T{00000000-0000-0000-0000-000000163172}
T{00000000-0000-0000-0000-0000001BAE84}
T{00000000-0000-0000-0000-0000002A84E7}
T{00000000-0000-0000-0000-0000002F5A0A}
T{00000000-0000-0000-0000-00000010AB19}
T{00000000-0000-0000-0000-0000000B08BD}
T{00000000-0000-0000-0000-000000178789}
T{00000000-0000-0000-0000-0000000C9E7C}
T{00000000-0000-0000-0000-0000000D99AD}
T{00000000-0000-0000-0000-0000001A8EBD}
T{00000000-0000-0000-0000-00000020C017}
T{00000000-0000-0000-0000-00000021050F}
T{00000000-0000-0000-0000-00000010B8D8}
T{00000000-0000-0000-0000-000000173265}
T{00000000-0000-0000-0000-000000130A01}
T{00000000-0000-0000-0000-00000006343D}
T{00000000-0000-0000-0000-0000000A9AE5}
T{00000000-0000-0000-0000-000000022F81}
T{00000000-0000-0000-0000-0000000E0FE9}
T{00000000-0000-0000-0000-0000002F22C8}
T{00000000-0000-0000-0000-0000002D26B3}
T{00000000-0000-0000-0000-0000000FBEBA}
T{00000000-0000-0000-0000-00000021D06D}
T{00000000-0000-0000-0000-000000251884}
T{00000000-0000-0000-0000-00000009748A}
T{00000000-0000-0000-0000-0000002A7A55}
T{00000000-0000-0000-0000-0000002F005C}
T{00000000-0000-0000-0000-0000000FC474}
