F{00000000-0000-0000-0000-0000001AF208}
F{00000000-0000-0000-0000-00000026A7E0}
F{00000000-0000-0000-0000-0000002843CE}
F{00000000-0000-0000-0000-000000277E2B}
T{00000000-0000-0000-0000-0000001AF208}
T{00000000-0000-0000-0000-00000026A7E0}
T{00000000-0000-0000-0000-0000002843CE}
F{00000000-0000-0000-0000-000000277E2B}
F{00000000-0000-0000-0000-000000108B3B}
F{00000000-0000-0000-0000-00000025D7DD}
F{00000000-0000-0000-0000-0000002A0033}
F{00000000-0000-0000-0000-00000013B91E}
F{00000000-0000-0000-0000-0000001056F7}
F{00000000-0000-0000-0000-00000013EDBB}
F{00000000-0000-0000-0000-0000002B60AE}
F{00000000-0000-0000-0000-0000000604DA}
T{00000000-0000-0000-0000-0000002D4F1C}
F{00000000-0000-0000-0000-000000132504}
F{00000000-0000-0000-0000-00000013D847}
F{00000000-0000-0000-0000-0000000A5811}
F{00000000-0000-0000-0000-000000122CB0}
F{00000000-0000-0000-0000-0000002E314C}
F{00000000-0000-0000-0000-0000002E0E9F}
F{00000000-0000-0000-0000-0000002F0787}
F{00000000-0000-0000-0000-0000002CDFC9}
F{00000000-0000-0000-0000-000000278875}
F{00000000-0000-0000-0000-0000001282E8}
F{00000000-0000-0000-0000-0000002D4147}
F{00000000-0000-0000-0000-000000108B3B}
F{00000000-0000-0000-0000-00000025D7DD}
F{00000000-0000-0000-0000-0000002A0033}
F{00000000-0000-0000-0000-00000013B91E}
F{00000000-0000-0000-0000-0000001056F7}
F{00000000-0000-0000-0000-00000013EDBB}
F{00000000-0000-0000-0000-0000002B60AE}
F{00000000-0000-0000-0000-0000000604DA}
T{00000000-0000-0000-0000-0000002D4F1C}
F{00000000-0000-0000-0000-000000132504}
T{00000000-0000-0000-0000-00000013D847}
