F{00000000-0000-0000-0000-0000002A0033}
F{00000000-0000-0000-0000-0000001AF208}
F{00000000-0000-0000-0000-0000000A5811}
T{00000000-0000-0000-0000-0000002A0033}
T{00000000-0000-0000-0000-0000001AF208}
T{00000000-0000-0000-0000-0000000A5811}
T{00000000-0000-0000-0000-000000304FF3}
F{00000000-0000-0000-0000-00000029E184}
F{00000000-0000-0000-0000-0000002843CE}
F{00000000-0000-0000-0000-000000278875}
T{00000000-0000-0000-0000-00000024CE98}
T{00000000-0000-0000-0000-0000001734A4}
T{00000000-0000-0000-0000-00000016D577}
T{00000000-0000-0000-0000-00000015BDE3}
F{00000000-0000-0000-0000-00000026A7E0}
F{00000000-0000-0000-0000-00000013EDBB}
T{00000000-0000-0000-0000-0000002A0033}
T{00000000-0000-0000-0000-0000001CFA3F}
T{00000000-0000-0000-0000-0000000AFFEF}
T{00000000-0000-0000-0000-0000000A5811}
T{00000000-0000-0000-0000-0000001AF208}
T{00000000-0000-0000-0000-0000002C76ED}
F{00000000-0000-0000-0000-000000108B3B}
T{00000000-0000-0000-0000-0000002F0787}
T{00000000-0000-0000-0000-00000000F5F7}
T{00000000-0000-0000-0000-0000001278AF}
T{00000000-0000-0000-0000-00000028EC62}
T{00000000-0000-0000-0000-00000032B0D0}
T{00000000-0000-0000-0000-00000002B53F}
T{00000000-0000-0000-0000-0000001A46E2}
T{00000000-0000-0000-0000-00000001C6D5}
T{00000000-0000-0000-0000-000000119542}
T{00000000-0000-0000-0000-00000001CA77}
T{00000000-0000-0000-0000-00000001CA95}
T{00000000-0000-0000-0000-0000001B3763}
T{00000000-0000-0000-0000-000000311085}
T{00000000-0000-0000-0000-000000119449}
T{00000000-0000-0000-0000-00000030C1CC}
T{00000000-0000-0000-0000-000000109298}
T{00000000-0000-0000-0000-000000339E52}
T{00000000-0000-0000-0000-000000094999}
T{00000000-0000-0000-0000-00000011906B}
T{00000000-0000-0000-0000-000000065156}
T{00000000-0000-0000-0000-000000118C64}
T{00000000-0000-0000-0000-00000024CEA5}
T{00000000-0000-0000-0000-000000116FCB}
T{00000000-0000-0000-0000-00000011834D}
F{00000000-0000-0000-0000-0000000C34F2}
T{00000000-0000-0000-0000-0000001173B9}
T{00000000-0000-0000-0000-00000001EC73}
T{00000000-0000-0000-0000-000000335DC2}
T{00000000-0000-0000-0000-000000335DBD}
T{00000000-0000-0000-0000-000000063A02}
T{00000000-0000-0000-0000-0000001198E7}
T{00000000-0000-0000-0000-000000043569}
T{00000000-0000-0000-0000-00000016DBC5}
T{00000000-0000-0000-0000-00000011F82B}
T{00000000-0000-0000-0000-0000000B2465}
T{00000000-0000-0000-0000-0000003294C5}
T{00000000-0000-0000-0000-0000000A4849}
T{00000000-0000-0000-0000-0000002122E5}
T{00000000-0000-0000-0000-000000116F7E}
T{00000000-0000-0000-0000-00000001ECA7}
T{00000000-0000-0000-0000-00000016ABED}
T{00000000-0000-0000-0000-0000003334D3}
T{00000000-0000-0000-0000-0000002961D2}
T{00000000-0000-0000-0000-000000116C2F}
T{00000000-0000-0000-0000-00000020C7D6}
T{00000000-0000-0000-0000-000000158FA3}
T{00000000-0000-0000-0000-0000000A544B}
T{00000000-0000-0000-0000-000000115F88}
T{00000000-0000-0000-0000-000000259F1C}
T{00000000-0000-0000-0000-000000331555}
T{00000000-0000-0000-0000-000000061B03}
T{00000000-0000-0000-0000-000000330CF3}
T{00000000-0000-0000-0000-00000003F4DF}
T{00000000-0000-0000-0000-000000068F47}
T{00000000-0000-0000-0000-0000003305B7}
T{00000000-0000-0000-0000-0000003302FC}
T{00000000-0000-0000-0000-00000032FA21}
T{00000000-0000-0000-0000-0000002F4A5C}
T{00000000-0000-0000-0000-00000029E94B}
T{00000000-0000-0000-0000-00000032F8DF}
T{00000000-0000-0000-0000-00000032F8C0}
T{00000000-0000-0000-0000-000000295FD1}
T{00000000-0000-0000-0000-00000032F5D9}
F{00000000-0000-0000-0000-00000032F43E}
T{00000000-0000-0000-0000-00000032E9B7}
T{00000000-0000-0000-0000-00000032E620}
T{00000000-0000-0000-0000-00000009F7B9}
T{00000000-0000-0000-0000-0000001EF5AC}
T{00000000-0000-0000-0000-0000000949E1}
T{00000000-0000-0000-0000-000000020859}
T{00000000-0000-0000-0000-0000002C132A}
T{00000000-0000-0000-0000-000000021873}
T{00000000-0000-0000-0000-000000158105}
T{00000000-0000-0000-0000-0000000D974F}
T{00000000-0000-0000-0000-00000032D25A}
T{00000000-0000-0000-0000-00000029EC77}
T{00000000-0000-0000-0000-00000032C032}
T{00000000-0000-0000-0000-000000035E0B}
T{00000000-0000-0000-0000-000000229D83}
F{00000000-0000-0000-0000-0000001F2CC1}
T{00000000-0000-0000-0000-0000001DD229}
T{00000000-0000-0000-0000-0000001D17FF}
T{00000000-0000-0000-0000-00000032B0A7}
T{00000000-0000-0000-0000-000000111DA3}
T{00000000-0000-0000-0000-000000021EAE}
F{00000000-0000-0000-0000-0000002ADD6F}
T{00000000-0000-0000-0000-000000110E5B}
T{00000000-0000-0000-0000-00000032A88C}
T{00000000-0000-0000-0000-0000001432F3}
T{00000000-0000-0000-0000-00000032A359}
T{00000000-0000-0000-0000-00000032A2DE}
T{00000000-0000-0000-0000-00000008CC60}
T{00000000-0000-0000-0000-00000032A1D1}
T{00000000-0000-0000-0000-0000002FFF7B}
T{00000000-0000-0000-0000-000000329CCA}
T{00000000-0000-0000-0000-00000005EAE7}
T{00000000-0000-0000-0000-00000032998D}
T{00000000-0000-0000-0000-0000000FC2D8}
T{00000000-0000-0000-0000-000000022FA7}
T{00000000-0000-0000-0000-000000154185}
T{00000000-0000-0000-0000-0000001B5405}
T{00000000-0000-0000-0000-0000003276E5}
T{00000000-0000-0000-0000-00000010F58D}
T{00000000-0000-0000-0000-000000326DB4}
T{00000000-0000-0000-0000-00000013A9AD}
T{00000000-0000-0000-0000-00000011A03A}
T{00000000-0000-0000-0000-000000022FB5}
T{00000000-0000-0000-0000-00000015A7C6}
T{00000000-0000-0000-0000-00000026E6D2}
F{00000000-0000-0000-0000-0000002F9D8A}
T{00000000-0000-0000-0000-0000003258FD}
T{00000000-0000-0000-0000-000000325504}
T{00000000-0000-0000-0000-000000325445}
T{00000000-0000-0000-0000-00000010EFAA}
T{00000000-0000-0000-0000-0000000A6FED}
T{00000000-0000-0000-0000-000000324F12}
F{00000000-0000-0000-0000-0000000FD4D9}
T{00000000-0000-0000-0000-00000032379E}
T{00000000-0000-0000-0000-0000000A74B2}
T{00000000-0000-0000-0000-00000026E8AA}
T{00000000-0000-0000-0000-00000010E228}
T{00000000-0000-0000-0000-0000001FBAF0}
T{00000000-0000-0000-0000-0000003229F7}
T{00000000-0000-0000-0000-0000003226FF}
T{00000000-0000-0000-0000-0000000A7724}
T{00000000-0000-0000-0000-00000024A84D}
T{00000000-0000-0000-0000-000000022FDF}
T{00000000-0000-0000-0000-0000002EFC46}
T{00000000-0000-0000-0000-00000010DF30}
T{00000000-0000-0000-0000-000000321513}
T{00000000-0000-0000-0000-0000000A845B}
T{00000000-0000-0000-0000-00000018264F}
T{00000000-0000-0000-0000-00000021B9AD}
T{00000000-0000-0000-0000-00000009601D}
T{00000000-0000-0000-0000-0000000CE18C}
T{00000000-0000-0000-0000-0000003203FE}
T{00000000-0000-0000-0000-0000003203C7}
T{00000000-0000-0000-0000-000000023A04}
T{00000000-0000-0000-0000-00000031FF23}
T{00000000-0000-0000-0000-0000000A857A}
T{00000000-0000-0000-0000-00000031F98A}
T{00000000-0000-0000-0000-0000000AA806}
T{00000000-0000-0000-0000-000000053FE4}
T{00000000-0000-0000-0000-00000010C45A}
T{00000000-0000-0000-0000-00000010C11C}
T{00000000-0000-0000-0000-00000031E96F}
T{00000000-0000-0000-0000-00000010BC8E}
T{00000000-0000-0000-0000-00000031DCC0}
T{00000000-0000-0000-0000-0000002131BD}
T{00000000-0000-0000-0000-00000031DB1D}
T{00000000-0000-0000-0000-00000010B048}
T{00000000-0000-0000-0000-00000004667E}
T{00000000-0000-0000-0000-000000080077}
T{00000000-0000-0000-0000-0000002F4D0B}
T{00000000-0000-0000-0000-00000010AC7D}
T{00000000-0000-0000-0000-0000000A896C}
T{00000000-0000-0000-0000-000000317998}
T{00000000-0000-0000-0000-00000010ABC6}
F{00000000-0000-0000-0000-000000023EC7}
T{00000000-0000-0000-0000-0000000A7095}
T{00000000-0000-0000-0000-00000031572B}
T{00000000-0000-0000-0000-00000006007B}
T{00000000-0000-0000-0000-000000314BB4}
T{00000000-0000-0000-0000-00000010AB12}
T{00000000-0000-0000-0000-0000000383AB}
T{00000000-0000-0000-0000-0000003149A8}
T{00000000-0000-0000-0000-0000002429DA}
T{00000000-0000-0000-0000-0000003142C0}
T{00000000-0000-0000-0000-000000313C16}
T{00000000-0000-0000-0000-000000024B82}
T{00000000-0000-0000-0000-000000026CA8}
T{00000000-0000-0000-0000-00000009747B}
T{00000000-0000-0000-0000-000000027825}
T{00000000-0000-0000-0000-00000010AA94}
T{00000000-0000-0000-0000-0000000DEB1C}
T{00000000-0000-0000-0000-0000000F92E6}
T{00000000-0000-0000-0000-0000000D5073}
T{00000000-0000-0000-0000-0000002B5A9A}
T{00000000-0000-0000-0000-00000016ADC0}
T{00000000-0000-0000-0000-0000001097B8}
T{00000000-0000-0000-0000-00000031211F}
T{00000000-0000-0000-0000-0000002EEF35}
T{00000000-0000-0000-0000-000000330894}
T{00000000-0000-0000-0000-000000311155}
T{00000000-0000-0000-0000-0000003110A0}
T{00000000-0000-0000-0000-0000002C8ED7}
T{00000000-0000-0000-0000-00000010927E}
T{00000000-0000-0000-0000-0000001FECF2}
T{00000000-0000-0000-0000-00000031078D}
T{00000000-0000-0000-0000-0000003106ED}
T{00000000-0000-0000-0000-000000109228}
T{00000000-0000-0000-0000-00000030FE52}
T{00000000-0000-0000-0000-00000030EF03}
T{00000000-0000-0000-0000-00000013D4E6}
T{00000000-0000-0000-0000-00000030E635}
T{00000000-0000-0000-0000-0000000F9EC8}
T{00000000-0000-0000-0000-00000030DFCF}
T{00000000-0000-0000-0000-0000000AFACB}
T{00000000-0000-0000-0000-0000000DBCB6}
T{00000000-0000-0000-0000-0000001FE497}
T{00000000-0000-0000-0000-00000030D59E}
T{00000000-0000-0000-0000-00000030D493}
T{00000000-0000-0000-0000-00000030D483}
T{00000000-0000-0000-0000-00000030BFB1}
T{00000000-0000-0000-0000-0000001B52D9}
T{00000000-0000-0000-0000-00000030AD9D}
T{00000000-0000-0000-0000-0000000278EE}
T{00000000-0000-0000-0000-0000002F41B7}
T{00000000-0000-0000-0000-00000031F7C3}
T{00000000-0000-0000-0000-000000309BAE}
T{00000000-0000-0000-0000-000000309351}
T{00000000-0000-0000-0000-0000003086A0}
T{00000000-0000-0000-0000-000000107224}
T{00000000-0000-0000-0000-0000003085E0}
T{00000000-0000-0000-0000-000000306AD7}
T{00000000-0000-0000-0000-000000335CDF}
T{00000000-0000-0000-0000-000000106D7C}
T{00000000-0000-0000-0000-000000305FA5}
T{00000000-0000-0000-0000-00000010AC53}
T{00000000-0000-0000-0000-000000276853}
T{00000000-0000-0000-0000-000000304479}
T{00000000-0000-0000-0000-0000001DE2E1}
T{00000000-0000-0000-0000-0000000982BD}
T{00000000-0000-0000-0000-0000001062A3}
T{00000000-0000-0000-0000-000000028DD6}
T{00000000-0000-0000-0000-000000106266}
T{00000000-0000-0000-0000-0000001A6636}
T{00000000-0000-0000-0000-000000105EA9}
T{00000000-0000-0000-0000-000000028813}
T{00000000-0000-0000-0000-000000273384}
T{00000000-0000-0000-0000-0000000451DA}
T{00000000-0000-0000-0000-0000003005DD}
T{00000000-0000-0000-0000-0000000AAAD8}
T{00000000-0000-0000-0000-00000017176B}
T{00000000-0000-0000-0000-00000011331A}
T{00000000-0000-0000-0000-000000258070}
T{00000000-0000-0000-0000-0000000F17DD}
T{00000000-0000-0000-0000-00000003C757}
T{00000000-0000-0000-0000-0000002ADE75}
T{00000000-0000-0000-0000-0000000AABBA}
T{00000000-0000-0000-0000-0000002FD962}
T{00000000-0000-0000-0000-0000002FD8B5}
T{00000000-0000-0000-0000-0000002FD432}
T{00000000-0000-0000-0000-000000104AF3}
T{00000000-0000-0000-0000-0000002FC5A9}
T{00000000-0000-0000-0000-0000002FC356}
T{00000000-0000-0000-0000-000000179654}
T{00000000-0000-0000-0000-00000019A61D}
T{00000000-0000-0000-0000-0000002FBB20}
T{00000000-0000-0000-0000-0000002FB5A8}
T{00000000-0000-0000-0000-000000028DA7}
T{00000000-0000-0000-0000-00000017DCB4}
T{00000000-0000-0000-0000-00000020026B}
T{00000000-0000-0000-0000-00000022F19E}
T{00000000-0000-0000-0000-0000000AB8FC}
T{00000000-0000-0000-0000-0000000ABEBE}
T{00000000-0000-0000-0000-0000002F9A2C}
T{00000000-0000-0000-0000-00000007C102}
T{00000000-0000-0000-0000-0000002F994B}
T{00000000-0000-0000-0000-0000001030F6}
T{00000000-0000-0000-0000-0000000FA326}
T{00000000-0000-0000-0000-0000000ABF5C}
T{00000000-0000-0000-0000-0000002F7F9E}
T{00000000-0000-0000-0000-0000002F7EE6}
T{00000000-0000-0000-0000-000000028FB1}
T{00000000-0000-0000-0000-0000000B01FE}
T{00000000-0000-0000-0000-0000001024F5}
T{00000000-0000-0000-0000-000000210B2F}
T{00000000-0000-0000-0000-0000002F6EB0}
T{00000000-0000-0000-0000-000000335DAB}
T{00000000-0000-0000-0000-000000215AF9}
T{00000000-0000-0000-0000-0000002F6564}
T{00000000-0000-0000-0000-0000002F609B}
T{00000000-0000-0000-0000-0000000AC358}
T{00000000-0000-0000-0000-0000002F5968}
T{00000000-0000-0000-0000-00000007ABFD}
T{00000000-0000-0000-0000-0000000CFF86}
T{00000000-0000-0000-0000-000000101F0A}
T{00000000-0000-0000-0000-00000032B49D}
T{00000000-0000-0000-0000-00000030ADFE}
T{00000000-0000-0000-0000-000000165F44}
T{00000000-0000-0000-0000-0000002F4ABD}
T{00000000-0000-0000-0000-000000090B1E}
T{00000000-0000-0000-0000-0000002F45CC}
T{00000000-0000-0000-0000-0000002F44F5}
T{00000000-0000-0000-0000-000000100841}
T{00000000-0000-0000-0000-0000000FEA1B}
T{00000000-0000-0000-0000-0000002F27D4}
T{00000000-0000-0000-0000-0000000FE25B}
T{00000000-0000-0000-0000-00000002971C}
T{00000000-0000-0000-0000-00000031B682}
T{00000000-0000-0000-0000-0000002F1EA4}
T{00000000-0000-0000-0000-0000000FDDF4}
T{00000000-0000-0000-0000-0000002F168B}
T{00000000-0000-0000-0000-0000002F095B}
T{00000000-0000-0000-0000-0000002F01A0}
T{00000000-0000-0000-0000-00000022672C}
T{00000000-0000-0000-0000-00000002EF74}
T{00000000-0000-0000-0000-000000303D82}
T{00000000-0000-0000-0000-0000000AFFEF}
T{00000000-0000-0000-0000-000000029865}
T{00000000-0000-0000-0000-0000002EEE63}
T{00000000-0000-0000-0000-000000159546}
T{00000000-0000-0000-0000-0000000FDCC9}
T{00000000-0000-0000-0000-0000000FDB9E}
T{00000000-0000-0000-0000-0000002EE583}
