F{00000000-0000-0000-0000-00000015BDE3}
F{00000000-0000-0000-0000-0000002B60AE}
F{00000000-0000-0000-0000-0000000604DA}
F{00000000-0000-0000-0000-0000002C74C9}
F{00000000-0000-0000-0000-000000277E2B}
F{00000000-0000-0000-0000-000000108B3B}
F{00000000-0000-0000-0000-0000002F0787}
F{00000000-0000-0000-0000-00000025D7DD}
F{00000000-0000-0000-0000-000000122CB0}
F{00000000-0000-0000-0000-00000013EDBB}
F{00000000-0000-0000-0000-0000001282E8}
F{00000000-0000-0000-0000-0000001056F7}
F{00000000-0000-0000-0000-0000002E314C}
F{00000000-0000-0000-0000-000000278875}
F{00000000-0000-0000-0000-00000015BDE3}
F{00000000-0000-0000-0000-0000002B60AE}
F{00000000-0000-0000-0000-0000000604DA}
F{00000000-0000-0000-0000-0000002C74C9}
F{00000000-0000-0000-0000-000000277E2B}
F{00000000-0000-0000-0000-000000108B3B}
F{00000000-0000-0000-0000-0000002F0787}
T{00000000-0000-0000-0000-00000025D7DD}
T{00000000-0000-0000-0000-000000122CB0}
F{00000000-0000-0000-0000-00000013EDBB}
F{00000000-0000-0000-0000-0000001282E8}
F{00000000-0000-0000-0000-0000001056F7}
F{00000000-0000-0000-0000-0000002E314C}
F{00000000-0000-0000-0000-000000278875}
T{00000000-0000-0000-0000-000000336361}
F{00000000-0000-0000-0000-000000304FF3}
F{00000000-0000-0000-0000-0000002E314C}
F{00000000-0000-0000-0000-0000002D4147}
T{00000000-0000-0000-0000-0000002CDFC9}
F{00000000-0000-0000-0000-00000029E184}
F{00000000-0000-0000-0000-0000002843CE}
F{00000000-0000-0000-0000-000000278875}
F{00000000-0000-0000-0000-000000277E2B}
F{00000000-0000-0000-0000-0000002E0E9F}
T{00000000-0000-0000-0000-000000331358}
T{00000000-0000-0000-0000-00000015BDE3}
T{00000000-0000-0000-0000-00000025D7DD}
F{00000000-0000-0000-0000-00000026A7E0}
F{00000000-0000-0000-0000-0000002B60AE}
F{00000000-0000-0000-0000-00000013EDBB}
F{00000000-0000-0000-0000-0000001056F7}
F{00000000-0000-0000-0000-0000002A0033}
T{00000000-0000-0000-0000-0000000D199E}
T{00000000-0000-0000-0000-0000000D0CBC}
T{00000000-0000-0000-0000-0000000CF7CD}
T{00000000-0000-0000-0000-0000002691F5}
F{00000000-0000-0000-0000-0000001282E8}
T{00000000-0000-0000-0000-0000000AAF2A}
F{00000000-0000-0000-0000-0000000A5811}
T{00000000-0000-0000-0000-0000002F8588}
F{00000000-0000-0000-0000-00000021B897}
F{00000000-0000-0000-0000-0000002C74C9}
F{00000000-0000-0000-0000-0000001AF208}
T{00000000-0000-0000-0000-00000013995B}
T{00000000-0000-0000-0000-0000000AAEFB}
F{00000000-0000-0000-0000-0000002C76ED}
F{00000000-0000-0000-0000-00000028D056}
F{00000000-0000-0000-0000-0000000CF2D0}
F{00000000-0000-0000-0000-000000108B3B}
F{00000000-0000-0000-0000-0000002F0787}
T{00000000-0000-0000-0000-000000122CB0}
F{00000000-0000-0000-0000-0000001278AF}
T{00000000-0000-0000-0000-0000000604DA}
F{00000000-0000-0000-0000-000000004F77}
F{00000000-0000-0000-0000-0000001056F7}
F{00000000-0000-0000-0000-0000002E314C}
F{00000000-0000-0000-0000-0000000604DA}
T{00000000-0000-0000-0000-00000025D7DD}
F{00000000-0000-0000-0000-000000277E2B}
F{00000000-0000-0000-0000-000000122CB0}
F{00000000-0000-0000-0000-0000002F0787}
F{00000000-0000-0000-0000-000000108B3B}
F{00000000-0000-0000-0000-0000001282E8}
F{00000000-0000-0000-0000-00000013EDBB}
T{00000000-0000-0000-0000-0000002DEED3}
T{00000000-0000-0000-0000-0000002A2AB0}
T{00000000-0000-0000-0000-0000002999CD}
T{00000000-0000-0000-0000-0000002B300E}
T{00000000-0000-0000-0000-00000017C301}
T{00000000-0000-0000-0000-00000016A6B0}
T{00000000-0000-0000-0000-0000002A7E57}
T{00000000-0000-0000-0000-0000001017BE}
T{00000000-0000-0000-0000-00000016BB86}
T{00000000-0000-0000-0000-0000000CE2E6}
T{00000000-0000-0000-0000-0000002CC5D5}
T{00000000-0000-0000-0000-0000002AA531}
T{00000000-0000-0000-0000-0000002AE35F}
T{00000000-0000-0000-0000-00000000A78C}
T{00000000-0000-0000-0000-0000002C004C}
T{00000000-0000-0000-0000-000000096134}
T{00000000-0000-0000-0000-000000066E0B}
T{00000000-0000-0000-0000-0000000683EE}
T{00000000-0000-0000-0000-0000000ED171}
T{00000000-0000-0000-0000-00000029715F}
T{00000000-0000-0000-0000-000000104E06}
T{00000000-0000-0000-0000-0000002BFB21}
T{00000000-0000-0000-0000-0000000605DC}
T{00000000-0000-0000-0000-00000029B94D}
T{00000000-0000-0000-0000-0000002D40DB}
T{00000000-0000-0000-0000-00000029D045}
T{00000000-0000-0000-0000-00000016B471}
T{00000000-0000-0000-0000-0000002CE461}
T{00000000-0000-0000-0000-0000001E30D2}
T{00000000-0000-0000-0000-0000001D429F}
T{00000000-0000-0000-0000-0000002EC31F}
T{00000000-0000-0000-0000-0000000FE05D}
T{00000000-0000-0000-0000-000000180B82}
T{00000000-0000-0000-0000-0000002CA2D2}
T{00000000-0000-0000-0000-0000002B4180}
T{00000000-0000-0000-0000-000000010757}
T{00000000-0000-0000-0000-00000022AD41}
T{00000000-0000-0000-0000-0000002A9BBC}
T{00000000-0000-0000-0000-0000002D2AC0}
T{00000000-0000-0000-0000-00000022C95C}
T{00000000-0000-0000-0000-00000009B5EF}
T{00000000-0000-0000-0000-0000001078BD}
T{00000000-0000-0000-0000-0000002B4638}
T{00000000-0000-0000-0000-0000000E47F1}
T{00000000-0000-0000-0000-000000213D22}
T{00000000-0000-0000-0000-0000000778B0}
T{00000000-0000-0000-0000-0000001CE65E}
T{00000000-0000-0000-0000-00000006BD1D}
T{00000000-0000-0000-0000-0000000BB3AF}
T{00000000-0000-0000-0000-0000000436E0}
T{00000000-0000-0000-0000-00000029A4EE}
T{00000000-0000-0000-0000-00000015C54F}
T{00000000-0000-0000-0000-0000001DC511}
T{00000000-0000-0000-0000-0000002C4782}
T{00000000-0000-0000-0000-0000002E00E8}
T{00000000-0000-0000-0000-0000000E5740}
T{00000000-0000-0000-0000-0000000596BA}
T{00000000-0000-0000-0000-000000097A42}
T{00000000-0000-0000-0000-0000002FDA09}
T{00000000-0000-0000-0000-00000028AD24}
T{00000000-0000-0000-0000-000000287F15}
T{00000000-0000-0000-0000-00000015A379}
T{00000000-0000-0000-0000-00000023BA05}
T{00000000-0000-0000-0000-00000028313B}
T{00000000-0000-0000-0000-00000027F2E1}
T{00000000-0000-0000-0000-000000153FE7}
T{00000000-0000-0000-0000-00000001B078}
T{00000000-0000-0000-0000-0000001592B6}
T{00000000-0000-0000-0000-000000296AE2}
T{00000000-0000-0000-0000-00000030EF01}
T{00000000-0000-0000-0000-0000002C8F43}
T{00000000-0000-0000-0000-0000002CEAF2}
T{00000000-0000-0000-0000-0000001C351B}
T{00000000-0000-0000-0000-00000001C17E}
T{00000000-0000-0000-0000-0000002915C5}
T{00000000-0000-0000-0000-0000002CEE7E}
T{00000000-0000-0000-0000-00000026B65C}
T{00000000-0000-0000-0000-0000002696A1}
T{00000000-0000-0000-0000-00000007563C}
T{00000000-0000-0000-0000-000000269141}
T{00000000-0000-0000-0000-000000102C2D}
T{00000000-0000-0000-0000-0000000F65A0}
T{00000000-0000-0000-0000-000000339EDE}
T{00000000-0000-0000-0000-00000013C73C}
T{00000000-0000-0000-0000-000000023C7A}
T{00000000-0000-0000-0000-00000013B3CF}
T{00000000-0000-0000-0000-00000026405C}
T{00000000-0000-0000-0000-00000009A50F}
T{00000000-0000-0000-0000-0000002B295A}
T{00000000-0000-0000-0000-000000077AAC}
T{00000000-0000-0000-0000-000000245263}
T{00000000-0000-0000-0000-00000025B12E}
T{00000000-0000-0000-0000-0000002CE0CE}
T{00000000-0000-0000-0000-000000255F34}
T{00000000-0000-0000-0000-000000253952}
T{00000000-0000-0000-0000-00000017E1A7}
T{00000000-0000-0000-0000-00000013734D}
T{00000000-0000-0000-0000-000000234D60}
T{00000000-0000-0000-0000-0000002B5FAB}
T{00000000-0000-0000-0000-000000335A24}
T{00000000-0000-0000-0000-0000002ECBCF}
T{00000000-0000-0000-0000-0000001711FF}
T{00000000-0000-0000-0000-00000032A318}
T{00000000-0000-0000-0000-000000089D5E}
T{00000000-0000-0000-0000-0000001313A8}
T{00000000-0000-0000-0000-000000067170}
T{00000000-0000-0000-0000-00000002DABF}
T{00000000-0000-0000-0000-000000165B31}
T{00000000-0000-0000-0000-0000002DB79C}
T{00000000-0000-0000-0000-00000017F15A}
T{00000000-0000-0000-0000-000000259614}
T{00000000-0000-0000-0000-000000034E63}
T{00000000-0000-0000-0000-0000000A45A2}
T{00000000-0000-0000-0000-000000036D8E}
T{00000000-0000-0000-0000-0000000CF969}
T{00000000-0000-0000-0000-0000002362F4}
T{00000000-0000-0000-0000-0000002D3FC2}
T{00000000-0000-0000-0000-0000001FC635}
T{00000000-0000-0000-0000-0000002F8163}
T{00000000-0000-0000-0000-00000023477C}
T{00000000-0000-0000-0000-00000002F36B}
T{00000000-0000-0000-0000-0000001DA41E}
T{00000000-0000-0000-0000-0000002AC51F}
T{00000000-0000-0000-0000-0000001CB8AD}
T{00000000-0000-0000-0000-0000002AC1AE}
T{00000000-0000-0000-0000-0000000589A0}
T{00000000-0000-0000-0000-0000000BB6CF}
T{00000000-0000-0000-0000-0000001D7821}
T{00000000-0000-0000-0000-000000084476}
T{00000000-0000-0000-0000-0000002CEC45}
T{00000000-0000-0000-0000-000000073E44}
T{00000000-0000-0000-0000-00000033489E}
T{00000000-0000-0000-0000-0000001D6058}
T{00000000-0000-0000-0000-000000329F91}
T{00000000-0000-0000-0000-00000032A2A3}
T{00000000-0000-0000-0000-000000329FF6}
T{00000000-0000-0000-0000-0000001D5C71}
T{00000000-0000-0000-0000-000000327220}
T{00000000-0000-0000-0000-0000002B3883}
T{00000000-0000-0000-0000-0000002ABE89}
T{00000000-0000-0000-0000-0000002596A5}
T{00000000-0000-0000-0000-00000023767B}
T{00000000-0000-0000-0000-0000001E4D43}
T{00000000-0000-0000-0000-0000003369E7}
T{00000000-0000-0000-0000-0000001FC5AC}
T{00000000-0000-0000-0000-0000002CE190}
T{00000000-0000-0000-0000-000000011590}
T{00000000-0000-0000-0000-00000029EA94}
T{00000000-0000-0000-0000-00000016CF3F}
T{00000000-0000-0000-0000-00000007C603}
T{00000000-0000-0000-0000-0000002CDE61}
T{00000000-0000-0000-0000-0000001D2479}
T{00000000-0000-0000-0000-00000023902B}
T{00000000-0000-0000-0000-000000069ECE}
T{00000000-0000-0000-0000-00000006ADAA}
T{00000000-0000-0000-0000-0000000DB001}
T{00000000-0000-0000-0000-0000001D0E71}
T{00000000-0000-0000-0000-000000053718}
T{00000000-0000-0000-0000-0000001178D3}
T{00000000-0000-0000-0000-000000241421}
T{00000000-0000-0000-0000-000000170C39}
T{00000000-0000-0000-0000-0000000D860F}
T{00000000-0000-0000-0000-00000031849E}
T{00000000-0000-0000-0000-000000321BEE}
T{00000000-0000-0000-0000-0000001CEA25}
T{00000000-0000-0000-0000-0000000AA83A}
T{00000000-0000-0000-0000-0000001AC6FB}
T{00000000-0000-0000-0000-000000102010}
T{00000000-0000-0000-0000-000000173628}
T{00000000-0000-0000-0000-000000232E02}
T{00000000-0000-0000-0000-0000001C8C14}
T{00000000-0000-0000-0000-00000009C51B}
T{00000000-0000-0000-0000-00000031FFCB}
T{00000000-0000-0000-0000-000000299970}
T{00000000-0000-0000-0000-0000001C775B}
T{00000000-0000-0000-0000-0000002AA350}
T{00000000-0000-0000-0000-00000018C01E}
T{00000000-0000-0000-0000-0000000BC483}
T{00000000-0000-0000-0000-000000167B86}
T{00000000-0000-0000-0000-00000015C89F}
T{00000000-0000-0000-0000-00000021B897}
T{00000000-0000-0000-0000-0000001C3954}
T{00000000-0000-0000-0000-00000031B1F2}
T{00000000-0000-0000-0000-000000265D9E}
T{00000000-0000-0000-0000-0000000EBEFB}
T{00000000-0000-0000-0000-000000073543}
T{00000000-0000-0000-0000-00000009C0DD}
T{00000000-0000-0000-0000-00000006CB6D}
T{00000000-0000-0000-0000-0000002A99EC}
T{00000000-0000-0000-0000-00000019D15A}
T{00000000-0000-0000-0000-00000027E1C4}
T{00000000-0000-0000-0000-0000002A7A74}
T{00000000-0000-0000-0000-0000002A974A}
T{00000000-0000-0000-0000-0000000ED03A}
F{00000000-0000-0000-0000-0000000619EB}
T{00000000-0000-0000-0000-0000000745FA}
T{00000000-0000-0000-0000-0000000C3F5A}
T{00000000-0000-0000-0000-0000002C9077}
T{00000000-0000-0000-0000-0000003130EC}
T{00000000-0000-0000-0000-0000000402D2}
T{00000000-0000-0000-0000-0000002C8C0F}
T{00000000-0000-0000-0000-000000098390}
T{00000000-0000-0000-0000-0000002C8977}
T{00000000-0000-0000-0000-00000016ADF2}
T{00000000-0000-0000-0000-0000002074A7}
T{00000000-0000-0000-0000-0000001DD2E8}
T{00000000-0000-0000-0000-0000002B171F}
T{00000000-0000-0000-0000-00000017E29D}
T{00000000-0000-0000-0000-000000310C14}
T{00000000-0000-0000-0000-0000002C8143}
T{00000000-0000-0000-0000-0000002A8E01}
T{00000000-0000-0000-0000-0000000EFDF8}
T{00000000-0000-0000-0000-0000000ECC6E}
T{00000000-0000-0000-0000-0000000B9736}
T{00000000-0000-0000-0000-000000248A07}
T{00000000-0000-0000-0000-0000002D418B}
T{00000000-0000-0000-0000-0000000FD34A}
T{00000000-0000-0000-0000-0000000BC9F5}
T{00000000-0000-0000-0000-00000030DFA8}
T{00000000-0000-0000-0000-000000225F00}
T{00000000-0000-0000-0000-00000030D8FB}
T{00000000-0000-0000-0000-00000007687C}
T{00000000-0000-0000-0000-0000001DB7B7}
T{00000000-0000-0000-0000-0000001D7871}
T{00000000-0000-0000-0000-0000000EEC20}
T{00000000-0000-0000-0000-000000335229}
T{00000000-0000-0000-0000-000000194C2C}
T{00000000-0000-0000-0000-0000001055DF}
T{00000000-0000-0000-0000-00000016A760}
T{00000000-0000-0000-0000-000000268FB4}
T{00000000-0000-0000-0000-00000000B535}
T{00000000-0000-0000-0000-00000009A86F}
T{00000000-0000-0000-0000-00000010277E}
T{00000000-0000-0000-0000-0000001B6F03}
T{00000000-0000-0000-0000-00000007865D}
