T{00000000-0000-0000-0000-0000000AFFEF}
F{00000000-0000-0000-0000-00000029E184}
F{00000000-0000-0000-0000-000000278875}
T{00000000-0000-0000-0000-000000304FF3}
T{00000000-0000-0000-0000-00000029E184}
F{00000000-0000-0000-0000-0000000C34F2}
T{00000000-0000-0000-0000-00000026A7E0}
T{00000000-0000-0000-0000-00000024CE98}
T{00000000-0000-0000-0000-00000015BDE3}
F{00000000-0000-0000-0000-0000002F0787}
T{00000000-0000-0000-0000-000000304FF3}
F{00000000-0000-0000-0000-0000000FD4D9}
T{00000000-0000-0000-0000-00000029E184}
T{00000000-0000-0000-0000-000000304FF3}
T{00000000-0000-0000-0000-0000002F9D8A}
F{00000000-0000-0000-0000-0000001AF208}
T{00000000-0000-0000-0000-0000002ADD6F}
T{00000000-0000-0000-0000-00000026A7E0}
T{00000000-0000-0000-0000-0000000C34F2}
T{00000000-0000-0000-0000-0000001F2CC1}
T{00000000-0000-0000-0000-0000002C76ED}
T{00000000-0000-0000-0000-0000002843CE}
F{00000000-0000-0000-0000-000000278875}
T{00000000-0000-0000-0000-000000304FF3}
T{00000000-0000-0000-0000-000000023EC7}
T{00000000-0000-0000-0000-0000002C76ED}
T{00000000-0000-0000-0000-00000024CE98}
T{00000000-0000-0000-0000-00000015BDE3}
F{00000000-0000-0000-0000-00000013EDBB}
T{00000000-0000-0000-0000-00000026A7E0}
T{00000000-0000-0000-0000-0000000A5811}
T{00000000-0000-0000-0000-0000001F2CC1}
F{00000000-0000-0000-0000-00000029E184}
T{00000000-0000-0000-0000-00000013EDBB}
F{00000000-0000-0000-0000-0000002A0033}
T{00000000-0000-0000-0000-0000002ADD6F}
T{00000000-0000-0000-0000-0000002F0787}
T{00000000-0000-0000-0000-0000002F0787}
T{00000000-0000-0000-0000-00000032F43E}
F{00000000-0000-0000-0000-000000278875}
T{00000000-0000-0000-0000-0000000FD4D9}
T{00000000-0000-0000-0000-0000001AF208}
T{00000000-0000-0000-0000-0000000FD4D9}
T{00000000-0000-0000-0000-0000001AF208}
T{00000000-0000-0000-0000-00000015BDE3}
T{00000000-0000-0000-0000-00000029E184}
T{00000000-0000-0000-0000-0000000A5811}
T{00000000-0000-0000-0000-00000015BDE3}
T{00000000-0000-0000-0000-000000278875}
T{00000000-0000-0000-0000-0000000C34F2}
T{00000000-0000-0000-0000-000000278875}
T{00000000-0000-0000-0000-0000000AFFEF}
T{00000000-0000-0000-0000-0000002F9D8A}
T{00000000-0000-0000-0000-00000029E184}
T{00000000-0000-0000-0000-0000000FD4D9}
T{00000000-0000-0000-0000-0000000C34F2}
T{00000000-0000-0000-0000-00000013EDBB}
T{00000000-0000-0000-0000-0000000A5811}
T{00000000-0000-0000-0000-0000002F9D8A}
T{00000000-0000-0000-0000-00000032F43E}
T{00000000-0000-0000-0000-0000002F9D8A}
T{00000000-0000-0000-0000-0000002ADD6F}
T{00000000-0000-0000-0000-00000029E184}
T{00000000-0000-0000-0000-00000013EDBB}
T{00000000-0000-0000-0000-00000024CE98}
T{00000000-0000-0000-0000-000000278875}
T{00000000-0000-0000-0000-0000002C76ED}
T{00000000-0000-0000-0000-000000278875}
T{00000000-0000-0000-0000-0000000C34F2}
T{00000000-0000-0000-0000-0000001F2CC1}
T{00000000-0000-0000-0000-0000000A5811}
T{00000000-0000-0000-0000-000000304FF3}
T{00000000-0000-0000-0000-000000108B3B}
T{00000000-0000-0000-0000-00000026A7E0}
F{00000000-0000-0000-0000-0000002A0033}
T{00000000-0000-0000-0000-0000000FD4D9}
T{00000000-0000-0000-0000-00000026A7E0}
