F{00000000-0000-0000-0000-00000025D7DD}
F{00000000-0000-0000-0000-000000108B3B}
F{00000000-0000-0000-0000-000000278875}
F{00000000-0000-0000-0000-000000277E2B}
F{00000000-0000-0000-0000-0000002D4147}
F{00000000-0000-0000-0000-0000001282E8}
F{00000000-0000-0000-0000-0000001056F7}
F{00000000-0000-0000-0000-00000015BDE3}
F{00000000-0000-0000-0000-000000122CB0}
F{00000000-0000-0000-0000-00000013EDBB}
F{00000000-0000-0000-0000-0000002CDFC9}
F{00000000-0000-0000-0000-0000000604DA}
F{00000000-0000-0000-0000-0000002F0787}
F{00000000-0000-0000-0000-0000002E314C}
F{00000000-0000-0000-0000-0000002B60AE}
F{00000000-0000-0000-0000-00000025D7DD}
F{00000000-0000-0000-0000-000000108B3B}
F{00000000-0000-0000-0000-000000278875}
F{00000000-0000-0000-0000-000000277E2B}
T{00000000-0000-0000-0000-0000002D4147}
F{00000000-0000-0000-0000-0000001282E8}
F{00000000-0000-0000-0000-0000001056F7}
F{00000000-0000-0000-0000-00000015BDE3}
F{00000000-0000-0000-0000-000000122CB0}
F{00000000-0000-0000-0000-00000013EDBB}
T{00000000-0000-0000-0000-0000002CDFC9}
F{00000000-0000-0000-0000-0000000604DA}
F{00000000-0000-0000-0000-0000002F0787}
F{00000000-0000-0000-0000-0000002E314C}
F{00000000-0000-0000-0000-0000002B60AE}
F{00000000-0000-0000-0000-000000336361}
T{00000000-0000-0000-0000-000000304FF3}
F{00000000-0000-0000-0000-0000002E314C}
T{00000000-0000-0000-0000-0000002D4147}
T{00000000-0000-0000-0000-0000002CDFC9}
F{00000000-0000-0000-0000-00000029E184}
T{00000000-0000-0000-0000-0000002843CE}
F{00000000-0000-0000-0000-000000278875}
F{00000000-0000-0000-0000-000000277E2B}
F{00000000-0000-0000-0000-0000002E0E9F}
T{00000000-0000-0000-0000-00000026C0C1}
T{00000000-0000-0000-0000-000000223AC8}
F{00000000-0000-0000-0000-00000015BDE3}
F{00000000-0000-0000-0000-00000025D7DD}
F{00000000-0000-0000-0000-00000026A7E0}
T{00000000-0000-0000-0000-00000013D847}
T{00000000-0000-0000-0000-000000132504}
F{00000000-0000-0000-0000-0000002B60AE}
F{00000000-0000-0000-0000-00000013EDBB}
F{00000000-0000-0000-0000-0000001056F7}
F{00000000-0000-0000-0000-0000002A0033}
F{00000000-0000-0000-0000-0000000D199E}
F{00000000-0000-0000-0000-0000000D0CBC}
F{00000000-0000-0000-0000-0000000CF7CD}
T{00000000-0000-0000-0000-0000002691F5}
T{00000000-0000-0000-0000-0000000BB9D4}
F{00000000-0000-0000-0000-0000001282E8}
T{00000000-0000-0000-0000-0000000AAF2A}
F{00000000-0000-0000-0000-0000000A5811}
F{00000000-0000-0000-0000-0000002C74C9}
T{00000000-0000-0000-0000-00000009066B}
F{00000000-0000-0000-0000-0000001AF208}
F{00000000-0000-0000-0000-00000013995B}
F{00000000-0000-0000-0000-0000000AAEFB}
F{00000000-0000-0000-0000-0000002C76ED}
F{00000000-0000-0000-0000-00000028D056}
F{00000000-0000-0000-0000-000000108B3B}
F{00000000-0000-0000-0000-0000002F0787}
F{00000000-0000-0000-0000-000000122CB0}
F{00000000-0000-0000-0000-0000001278AF}
F{00000000-0000-0000-0000-0000000604DA}
F{00000000-0000-0000-0000-0000001056F7}
F{00000000-0000-0000-0000-0000002E314C}
F{00000000-0000-0000-0000-00000013EDBB}
F{00000000-0000-0000-0000-000000108B3B}
F{00000000-0000-0000-0000-0000000604DA}
F{00000000-0000-0000-0000-00000025D7DD}
F{00000000-0000-0000-0000-0000002F0787}
F{00000000-0000-0000-0000-0000001282E8}
F{00000000-0000-0000-0000-000000277E2B}
F{00000000-0000-0000-0000-000000122CB0}
T{00000000-0000-0000-0000-00000019B1D7}
T{00000000-0000-0000-0000-0000000CBC5A}
T{00000000-0000-0000-0000-00000030E9C9}
T{00000000-0000-0000-0000-0000000AAA3F}
T{00000000-0000-0000-0000-00000010CCD9}
T{00000000-0000-0000-0000-0000001676A2}
T{00000000-0000-0000-0000-00000020076D}
T{00000000-0000-0000-0000-0000000C1E73}
T{00000000-0000-0000-0000-0000000CEF83}
T{00000000-0000-0000-0000-0000000D0E55}
T{00000000-0000-0000-0000-00000010C98E}
T{00000000-0000-0000-0000-0000002D0993}
T{00000000-0000-0000-0000-0000000515FA}
T{00000000-0000-0000-0000-00000030D8E6}
T{00000000-0000-0000-0000-0000000C465E}
T{00000000-0000-0000-0000-0000002D0022}
T{00000000-0000-0000-0000-0000001EA743}
T{00000000-0000-0000-0000-0000001C1115}
T{00000000-0000-0000-0000-000000103CB0}
T{00000000-0000-0000-0000-00000025FF03}
T{00000000-0000-0000-0000-000000104E8B}
T{00000000-0000-0000-0000-00000004976E}
T{00000000-0000-0000-0000-000000138E8B}
T{00000000-0000-0000-0000-00000006C895}
T{00000000-0000-0000-0000-000000200ABC}
T{00000000-0000-0000-0000-00000023DAE9}
T{00000000-0000-0000-0000-00000027FC21}
T{00000000-0000-0000-0000-000000179984}
T{00000000-0000-0000-0000-0000000C9242}
T{00000000-0000-0000-0000-000000208B0E}
T{00000000-0000-0000-0000-0000000E55CB}
T{00000000-0000-0000-0000-0000002B18A4}
T{00000000-0000-0000-0000-0000000CF417}
T{00000000-0000-0000-0000-0000002A7E7B}
T{00000000-0000-0000-0000-00000022E1A7}
T{00000000-0000-0000-0000-00000014A365}
T{00000000-0000-0000-0000-0000000101CA}
T{00000000-0000-0000-0000-00000025396E}
T{00000000-0000-0000-0000-00000013EB82}
T{00000000-0000-0000-0000-000000269616}
T{00000000-0000-0000-0000-00000021E310}
T{00000000-0000-0000-0000-000000180941}
T{00000000-0000-0000-0000-00000024A4E7}
T{00000000-0000-0000-0000-000000091B4B}
T{00000000-0000-0000-0000-0000000C1EF0}
T{00000000-0000-0000-0000-0000000E4A01}
T{00000000-0000-0000-0000-00000030C362}
T{00000000-0000-0000-0000-0000001491E0}
T{00000000-0000-0000-0000-00000031AEB2}
T{00000000-0000-0000-0000-0000000F169B}
T{00000000-0000-0000-0000-000000123030}
T{00000000-0000-0000-0000-0000000C1C18}
T{00000000-0000-0000-0000-000000135494}
T{00000000-0000-0000-0000-00000026BCC4}
T{00000000-0000-0000-0000-000000007934}
T{00000000-0000-0000-0000-0000001DBA67}
T{00000000-0000-0000-0000-0000002D041D}
T{00000000-0000-0000-0000-000000021EB8}
T{00000000-0000-0000-0000-000000153777}
T{00000000-0000-0000-0000-0000001841F3}
T{00000000-0000-0000-0000-00000020FE66}
T{00000000-0000-0000-0000-00000000E734}
T{00000000-0000-0000-0000-000000148E09}
T{00000000-0000-0000-0000-0000001D5258}
T{00000000-0000-0000-0000-000000245EB4}
T{00000000-0000-0000-0000-00000026813F}
T{00000000-0000-0000-0000-0000002751AF}
T{00000000-0000-0000-0000-0000002C8BEF}
T{00000000-0000-0000-0000-0000003134FD}
T{00000000-0000-0000-0000-00000027F64D}
T{00000000-0000-0000-0000-000000238AC5}
T{00000000-0000-0000-0000-000000089818}
T{00000000-0000-0000-0000-00000031411F}
T{00000000-0000-0000-0000-000000126939}
T{00000000-0000-0000-0000-00000032746C}
T{00000000-0000-0000-0000-00000032A5FE}
T{00000000-0000-0000-0000-0000000BABDA}
T{00000000-0000-0000-0000-00000029F5E5}
T{00000000-0000-0000-0000-000000010AAA}
T{00000000-0000-0000-0000-000000299934}
T{00000000-0000-0000-0000-0000000278BF}
T{00000000-0000-0000-0000-0000001E4CB1}
T{00000000-0000-0000-0000-000000022B3B}
T{00000000-0000-0000-0000-00000000DB3C}
T{00000000-0000-0000-0000-000000239333}
T{00000000-0000-0000-0000-0000000A743F}
T{00000000-0000-0000-0000-00000028BC29}
T{00000000-0000-0000-0000-0000001EFA4A}
T{00000000-0000-0000-0000-000000093C0F}
T{00000000-0000-0000-0000-00000033C127}
T{00000000-0000-0000-0000-0000000413C0}
T{00000000-0000-0000-0000-00000033AE9F}
T{00000000-0000-0000-0000-00000033AE7C}
T{00000000-0000-0000-0000-00000009228F}
T{00000000-0000-0000-0000-0000002A893B}
T{00000000-0000-0000-0000-00000005D00D}
T{00000000-0000-0000-0000-0000001C27D4}
T{00000000-0000-0000-0000-000000339822}
T{00000000-0000-0000-0000-0000002F7940}
T{00000000-0000-0000-0000-0000003394A4}
T{00000000-0000-0000-0000-000000044074}
T{00000000-0000-0000-0000-0000000D66A3}
T{00000000-0000-0000-0000-000000096DFC}
T{00000000-0000-0000-0000-0000001A9985}
T{00000000-0000-0000-0000-000000047342}
T{00000000-0000-0000-0000-000000335ECE}
T{00000000-0000-0000-0000-00000026C4A8}
F{00000000-0000-0000-0000-00000021B897}
T{00000000-0000-0000-0000-00000026597F}
T{00000000-0000-0000-0000-00000024E12A}
T{00000000-0000-0000-0000-00000016E022}
T{00000000-0000-0000-0000-0000000F4E23}
T{00000000-0000-0000-0000-000000335636}
T{00000000-0000-0000-0000-000000335262}
T{00000000-0000-0000-0000-0000000BAC45}
T{00000000-0000-0000-0000-00000024DA4C}
T{00000000-0000-0000-0000-0000002BBA2E}
T{00000000-0000-0000-0000-0000000F4992}
T{00000000-0000-0000-0000-00000033397C}
T{00000000-0000-0000-0000-000000097699}
T{00000000-0000-0000-0000-000000047CD3}
T{00000000-0000-0000-0000-00000030C0DD}
T{00000000-0000-0000-0000-000000121E50}
T{00000000-0000-0000-0000-000000098DB8}
T{00000000-0000-0000-0000-0000002CE1B8}
T{00000000-0000-0000-0000-00000024B25B}
T{00000000-0000-0000-0000-00000015C837}
T{00000000-0000-0000-0000-000000047EE1}
T{00000000-0000-0000-0000-000000089BE8}
T{00000000-0000-0000-0000-00000004808D}
T{00000000-0000-0000-0000-0000002485D0}
T{00000000-0000-0000-0000-000000048144}
T{00000000-0000-0000-0000-000000330CDF}
T{00000000-0000-0000-0000-0000001F3681}
T{00000000-0000-0000-0000-00000009964D}
T{00000000-0000-0000-0000-0000003300DB}
T{00000000-0000-0000-0000-0000000F5AF9}
T{00000000-0000-0000-0000-00000007E95A}
T{00000000-0000-0000-0000-00000011FAAD}
F{00000000-0000-0000-0000-0000002F8588}
T{00000000-0000-0000-0000-0000000F2076}
T{00000000-0000-0000-0000-00000024C02B}
F{00000000-0000-0000-0000-0000000CF2D0}
T{00000000-0000-0000-0000-00000011608D}
T{00000000-0000-0000-0000-0000001B8C6D}
T{00000000-0000-0000-0000-0000000CEE35}
T{00000000-0000-0000-0000-00000032E3F3}
T{00000000-0000-0000-0000-00000032DF90}
T{00000000-0000-0000-0000-00000032DE4B}
T{00000000-0000-0000-0000-00000032DD9E}
T{00000000-0000-0000-0000-00000032D98E}
T{00000000-0000-0000-0000-00000009A733}
T{00000000-0000-0000-0000-000000282B4D}
T{00000000-0000-0000-0000-00000032D11A}
T{00000000-0000-0000-0000-000000048DD6}
T{00000000-0000-0000-0000-00000032BF45}
T{00000000-0000-0000-0000-00000032BEB2}
T{00000000-0000-0000-0000-0000000F4599}
T{00000000-0000-0000-0000-0000001B796B}
T{00000000-0000-0000-0000-00000009D671}
T{00000000-0000-0000-0000-0000000F1109}
T{00000000-0000-0000-0000-0000001B6B37}
T{00000000-0000-0000-0000-00000009B3FA}
T{00000000-0000-0000-0000-0000001D850A}
T{00000000-0000-0000-0000-0000000E7808}
T{00000000-0000-0000-0000-00000009BBA0}
T{00000000-0000-0000-0000-0000000C9126}
T{00000000-0000-0000-0000-00000009BE27}
T{00000000-0000-0000-0000-000000120F28}
T{00000000-0000-0000-0000-000000249EBF}
T{00000000-0000-0000-0000-00000004ADEE}
T{00000000-0000-0000-0000-0000000D2613}
T{00000000-0000-0000-0000-000000329B21}
T{00000000-0000-0000-0000-0000001B51E5}
T{00000000-0000-0000-0000-0000000F01B1}
T{00000000-0000-0000-0000-000000248B49}
T{00000000-0000-0000-0000-0000001B3997}
T{00000000-0000-0000-0000-00000019A06B}
T{00000000-0000-0000-0000-00000024876F}
T{00000000-0000-0000-0000-0000002480A3}
T{00000000-0000-0000-0000-000000301C8E}
T{00000000-0000-0000-0000-00000009D4EF}
T{00000000-0000-0000-0000-00000032649C}
T{00000000-0000-0000-0000-00000032624F}
T{00000000-0000-0000-0000-00000005A43C}
T{00000000-0000-0000-0000-0000002477C7}
T{00000000-0000-0000-0000-00000009D688}
T{00000000-0000-0000-0000-0000000BA52D}
T{00000000-0000-0000-0000-0000000BDAE1}
T{00000000-0000-0000-0000-000000104730}
T{00000000-0000-0000-0000-000000245FF5}
T{00000000-0000-0000-0000-000000245D0C}
T{00000000-0000-0000-0000-000000271B02}
T{00000000-0000-0000-0000-0000000C38FB}
T{00000000-0000-0000-0000-0000001AC280}
T{00000000-0000-0000-0000-000000323153}
T{00000000-0000-0000-0000-0000000A936C}
T{00000000-0000-0000-0000-0000000C58D5}
T{00000000-0000-0000-0000-0000001AB262}
T{00000000-0000-0000-0000-000000230376}
T{00000000-0000-0000-0000-000000153FDF}
T{00000000-0000-0000-0000-0000002449C9}
T{00000000-0000-0000-0000-000000321B4A}
T{00000000-0000-0000-0000-0000000ED481}
T{00000000-0000-0000-0000-0000000D0108}
T{00000000-0000-0000-0000-00000009E39E}
T{00000000-0000-0000-0000-0000001AACFF}
T{00000000-0000-0000-0000-0000002443AD}
T{00000000-0000-0000-0000-000000320CD6}
T{00000000-0000-0000-0000-00000011D8AC}
T{00000000-0000-0000-0000-0000001AAC57}
T{00000000-0000-0000-0000-0000001A902F}
T{00000000-0000-0000-0000-000000061020}
T{00000000-0000-0000-0000-00000023EBA1}
T{00000000-0000-0000-0000-00000011D5A2}
T{00000000-0000-0000-0000-0000000D3BC0}
T{00000000-0000-0000-0000-000000281D15}
T{00000000-0000-0000-0000-00000026489E}
T{00000000-0000-0000-0000-00000023B888}
T{00000000-0000-0000-0000-0000002F7E3D}
T{00000000-0000-0000-0000-0000000BDB9E}
T{00000000-0000-0000-0000-000000100F68}
T{00000000-0000-0000-0000-0000002106DF}
T{00000000-0000-0000-0000-000000167EFD}
T{00000000-0000-0000-0000-000000238FEB}
T{00000000-0000-0000-0000-0000003372DD}
T{00000000-0000-0000-0000-00000032AC91}
T{00000000-0000-0000-0000-0000000CC879}
T{00000000-0000-0000-0000-000000140CF2}
T{00000000-0000-0000-0000-000000118960}
T{00000000-0000-0000-0000-00000011BB02}
T{00000000-0000-0000-0000-000000316644}
T{00000000-0000-0000-0000-00000031640E}
T{00000000-0000-0000-0000-0000000A367D}
T{00000000-0000-0000-0000-0000002378AD}
T{00000000-0000-0000-0000-000000211054}
T{00000000-0000-0000-0000-0000002C1301}
T{00000000-0000-0000-0000-0000001A5518}
T{00000000-0000-0000-0000-000000052190}
T{00000000-0000-0000-0000-0000000CF399}
T{00000000-0000-0000-0000-00000011215C}
T{00000000-0000-0000-0000-0000001A51BE}
T{00000000-0000-0000-0000-000000313A84}
T{00000000-0000-0000-0000-0000003137FA}
T{00000000-0000-0000-0000-00000027788D}
T{00000000-0000-0000-0000-000000130738}
T{00000000-0000-0000-0000-00000011AA6D}
T{00000000-0000-0000-0000-00000011A9C4}
T{00000000-0000-0000-0000-0000002031C8}
T{00000000-0000-0000-0000-000000312624}
T{00000000-0000-0000-0000-00000029E7C7}
T{00000000-0000-0000-0000-0000001719E9}
T{00000000-0000-0000-0000-00000010AA73}
T{00000000-0000-0000-0000-00000022C044}
T{00000000-0000-0000-0000-00000000E673}
T{00000000-0000-0000-0000-00000014A2CB}
T{00000000-0000-0000-0000-000000311004}
T{00000000-0000-0000-0000-0000001EC473}
T{00000000-0000-0000-0000-000000119FB4}
T{00000000-0000-0000-0000-00000009EEF6}
T{00000000-0000-0000-0000-0000000A23F2}
T{00000000-0000-0000-0000-00000006E9D8}
T{00000000-0000-0000-0000-00000022B6B6}
T{00000000-0000-0000-0000-00000032DB22}
T{00000000-0000-0000-0000-00000019EF0C}
T{00000000-0000-0000-0000-00000019EE3F}
T{00000000-0000-0000-0000-000000055B71}
T{00000000-0000-0000-0000-00000004404D}
T{00000000-0000-0000-0000-00000013AEDD}
T{00000000-0000-0000-0000-0000002D9CFD}
T{00000000-0000-0000-0000-00000006BD98}
T{00000000-0000-0000-0000-00000022A2D7}
T{00000000-0000-0000-0000-0000002DD7C9}
T{00000000-0000-0000-0000-00000030BCBF}
T{00000000-0000-0000-0000-00000019D5F5}
T{00000000-0000-0000-0000-0000000C25D6}
T{00000000-0000-0000-0000-000000243433}
T{00000000-0000-0000-0000-00000019D2DF}
T{00000000-0000-0000-0000-000000049748}
T{00000000-0000-0000-0000-0000000667EE}
T{00000000-0000-0000-0000-0000000D2E41}
T{00000000-0000-0000-0000-000000308665}
T{00000000-0000-0000-0000-00000005C480}
T{00000000-0000-0000-0000-000000087E59}
T{00000000-0000-0000-0000-000000306463}
T{00000000-0000-0000-0000-00000015B60D}
T{00000000-0000-0000-0000-000000198A61}
T{00000000-0000-0000-0000-0000002B17AA}
T{00000000-0000-0000-0000-0000000567E6}
T{00000000-0000-0000-0000-0000001A6729}
T{00000000-0000-0000-0000-00000007718A}
T{00000000-0000-0000-0000-00000019A437}
T{00000000-0000-0000-0000-000000118322}
F{00000000-0000-0000-0000-000000004F77}
T{00000000-0000-0000-0000-00000011734E}
T{00000000-0000-0000-0000-000000058EAC}
T{00000000-0000-0000-0000-000000177BC0}
T{00000000-0000-0000-0000-000000308473}
T{00000000-0000-0000-0000-0000003017AE}
T{00000000-0000-0000-0000-0000002247F0}
T{00000000-0000-0000-0000-00000006CE94}
T{00000000-0000-0000-0000-000000116F14}
T{00000000-0000-0000-0000-0000002FE8E0}
T{00000000-0000-0000-0000-0000000A747D}
T{00000000-0000-0000-0000-00000000513B}
T{00000000-0000-0000-0000-00000031D4E2}
T{00000000-0000-0000-0000-00000020ED18}
T{00000000-0000-0000-0000-000000272309}
T{00000000-0000-0000-0000-0000000A6CD0}
T{00000000-0000-0000-0000-00000005A937}
T{00000000-0000-0000-0000-000000116200}
T{00000000-0000-0000-0000-0000002FCCCD}
T{00000000-0000-0000-0000-00000005B6A7}
T{00000000-0000-0000-0000-0000001976B9}
T{00000000-0000-0000-0000-0000001347F9}
T{00000000-0000-0000-0000-000000107092}
T{00000000-0000-0000-0000-0000000DAA4F}
T{00000000-0000-0000-0000-0000002FB05B}
T{00000000-0000-0000-0000-00000021F9DF}
T{00000000-0000-0000-0000-00000000EC9E}
T{00000000-0000-0000-0000-0000002EF799}
T{00000000-0000-0000-0000-00000021F999}
T{00000000-0000-0000-0000-0000002F9AF9}
T{00000000-0000-0000-0000-0000002027E6}
T{00000000-0000-0000-0000-0000002F9A20}
T{00000000-0000-0000-0000-00000005BFDB}
T{00000000-0000-0000-0000-0000002F83F5}
T{00000000-0000-0000-0000-00000021E377}
T{00000000-0000-0000-0000-00000020BB1F}
T{00000000-0000-0000-0000-00000011267B}
T{00000000-0000-0000-0000-00000016FB0E}
T{00000000-0000-0000-0000-0000001EB17F}
T{00000000-0000-0000-0000-00000000E507}
T{00000000-0000-0000-0000-0000000A7843}
T{00000000-0000-0000-0000-00000026E2D2}
T{00000000-0000-0000-0000-0000000DF350}
T{00000000-0000-0000-0000-000000213C92}
T{00000000-0000-0000-0000-000000111BB4}
T{00000000-0000-0000-0000-0000001E617C}
T{00000000-0000-0000-0000-00000005E0A5}
T{00000000-0000-0000-0000-0000001BE854}
T{00000000-0000-0000-0000-0000002F5813}
T{00000000-0000-0000-0000-00000020279E}
T{00000000-0000-0000-0000-00000032E508}
T{00000000-0000-0000-0000-00000031AA57}
T{00000000-0000-0000-0000-00000005E440}
T{00000000-0000-0000-0000-00000025956D}
T{00000000-0000-0000-0000-00000023E5B8}
T{00000000-0000-0000-0000-00000010F4D3}
T{00000000-0000-0000-0000-000000192209}
T{00000000-0000-0000-0000-000000174513}
T{00000000-0000-0000-0000-0000002667D3}
T{00000000-0000-0000-0000-000000216AE1}
T{00000000-0000-0000-0000-000000216892}
T{00000000-0000-0000-0000-00000005EC6A}
T{00000000-0000-0000-0000-00000017B691}
T{00000000-0000-0000-0000-000000005C5C}
T{00000000-0000-0000-0000-000000215EDC}
T{00000000-0000-0000-0000-0000002AC4EE}
T{00000000-0000-0000-0000-000000005CDD}
T{00000000-0000-0000-0000-000000131C90}
T{00000000-0000-0000-0000-00000007BDF6}
T{00000000-0000-0000-0000-0000002DD1AB}
T{00000000-0000-0000-0000-00000010E1B3}
T{00000000-0000-0000-0000-00000010E0E2}
T{00000000-0000-0000-0000-000000213BFB}
T{00000000-0000-0000-0000-0000002EF826}
T{00000000-0000-0000-0000-0000000D2101}
T{00000000-0000-0000-0000-00000010DFFC}
T{00000000-0000-0000-0000-0000002EE799}
T{00000000-0000-0000-0000-00000018CAB9}
T{00000000-0000-0000-0000-00000018C2C3}
T{00000000-0000-0000-0000-00000000C36A}
T{00000000-0000-0000-0000-00000018C216}
F{00000000-0000-0000-0000-000000331358}
T{00000000-0000-0000-0000-0000002F8823}
T{00000000-0000-0000-0000-000000006FB6}
T{00000000-0000-0000-0000-0000002ED048}
T{00000000-0000-0000-0000-00000005F722}
T{00000000-0000-0000-0000-0000001BFE67}
T{00000000-0000-0000-0000-0000000A908A}
T{00000000-0000-0000-0000-00000010CF8A}
T{00000000-0000-0000-0000-0000002DE457}
T{00000000-0000-0000-0000-0000001F3390}
T{00000000-0000-0000-0000-0000002EE02D}
T{00000000-0000-0000-0000-0000002102FE}
T{00000000-0000-0000-0000-00000020FF19}
T{00000000-0000-0000-0000-00000010C82D}
T{00000000-0000-0000-0000-0000001FBDD3}
T{00000000-0000-0000-0000-0000000C9116}
T{00000000-0000-0000-0000-00000005F78E}
T{00000000-0000-0000-0000-000000042D20}
T{00000000-0000-0000-0000-00000030B4B6}
T{00000000-0000-0000-0000-0000002EB24D}
T{00000000-0000-0000-0000-0000000ECF97}
T{00000000-0000-0000-0000-0000000277F6}
T{00000000-0000-0000-0000-00000018401E}
T{00000000-0000-0000-0000-000000183D46}
T{00000000-0000-0000-0000-00000010B567}
T{00000000-0000-0000-0000-000000301E2B}
T{00000000-0000-0000-0000-0000000A9CAE}
T{00000000-0000-0000-0000-000000183804}
T{00000000-0000-0000-0000-0000000C25CA}
T{00000000-0000-0000-0000-0000002E9416}
T{00000000-0000-0000-0000-0000000E8860}
T{00000000-0000-0000-0000-00000020413D}
T{00000000-0000-0000-0000-0000000817F6}
T{00000000-0000-0000-0000-000000303383}
T{00000000-0000-0000-0000-00000025A498}
T{00000000-0000-0000-0000-00000010D742}
T{00000000-0000-0000-0000-0000002E6EC8}
T{00000000-0000-0000-0000-0000002E6EA3}
T{00000000-0000-0000-0000-00000022F6CF}
T{00000000-0000-0000-0000-00000020B4A2}
T{00000000-0000-0000-0000-0000000DD911}
T{00000000-0000-0000-0000-000000222C51}
T{00000000-0000-0000-0000-000000289E91}
T{00000000-0000-0000-0000-0000001AEBA7}
T{00000000-0000-0000-0000-0000002E4C9E}
T{00000000-0000-0000-0000-00000017FFEF}
T{00000000-0000-0000-0000-000000060586}
T{00000000-0000-0000-0000-0000001D1E66}
T{00000000-0000-0000-0000-000000060D38}
T{00000000-0000-0000-0000-00000020979D}
T{00000000-0000-0000-0000-000000208E07}
T{00000000-0000-0000-0000-0000002088FF}
T{00000000-0000-0000-0000-0000001153E3}
T{00000000-0000-0000-0000-000000044748}
T{00000000-0000-0000-0000-00000006343F}
T{00000000-0000-0000-0000-0000001094D2}
T{00000000-0000-0000-0000-00000021B769}
T{00000000-0000-0000-0000-0000002B9C7A}
T{00000000-0000-0000-0000-00000021D6AC}
T{00000000-0000-0000-0000-000000108C87}
