F{00000000-0000-0000-0000-000000278875}
T{00000000-0000-0000-0000-00000013EDBB}
F{00000000-0000-0000-0000-000000108B3B}
T{00000000-0000-0000-0000-000000277E2B}
F{00000000-0000-0000-0000-0000001282E8}
F{00000000-0000-0000-0000-000000278875}
T{00000000-0000-0000-0000-00000013EDBB}
F{00000000-0000-0000-0000-000000108B3B}
T{00000000-0000-0000-0000-000000277E2B}
F{00000000-0000-0000-0000-0000001282E8}
F{00000000-0000-0000-0000-000000304FF3}
T{00000000-0000-0000-0000-0000002E314C}
T{00000000-0000-0000-0000-0000002D4147}
F{00000000-0000-0000-0000-00000029E184}
T{00000000-0000-0000-0000-000000336480}
F{00000000-0000-0000-0000-0000002843CE}
T{00000000-0000-0000-0000-000000278875}
T{00000000-0000-0000-0000-000000277E2B}
T{00000000-0000-0000-0000-0000002E0E9F}
F{00000000-0000-0000-0000-00000015BDE3}
F{00000000-0000-0000-0000-00000026A7E0}
T{00000000-0000-0000-0000-00000013EDBB}
F{00000000-0000-0000-0000-0000002A0033}
F{00000000-0000-0000-0000-0000001282E8}
F{00000000-0000-0000-0000-0000000A5811}
T{00000000-0000-0000-0000-000000096AB9}
F{00000000-0000-0000-0000-0000001AF208}
F{00000000-0000-0000-0000-0000002C76ED}
T{00000000-0000-0000-0000-00000028D056}
T{00000000-0000-0000-0000-0000000CF2D0}
T{00000000-0000-0000-0000-000000047883}
T{00000000-0000-0000-0000-000000108B3B}
F{00000000-0000-0000-0000-0000002F0787}
T{00000000-0000-0000-0000-000000122CB0}
T{00000000-0000-0000-0000-000000073239}
T{00000000-0000-0000-0000-0000001278AF}
T{00000000-0000-0000-0000-0000000619EB}
T{00000000-0000-0000-0000-0000000604DA}
F{00000000-0000-0000-0000-0000001282E8}
F{00000000-0000-0000-0000-00000013EDBB}
T{00000000-0000-0000-0000-000000277E2B}
F{00000000-0000-0000-0000-000000108B3B}
T{00000000-0000-0000-0000-0000002175CB}
T{00000000-0000-0000-0000-000000224180}
T{00000000-0000-0000-0000-000000101326}
T{00000000-0000-0000-0000-0000000880A8}
T{00000000-0000-0000-0000-0000002F2C6C}
F{00000000-0000-0000-0000-0000001CFA3F}
T{00000000-0000-0000-0000-0000000056FC}
T{00000000-0000-0000-0000-000000042023}
T{00000000-0000-0000-0000-000000005759}
T{00000000-0000-0000-0000-00000000C38B}
T{00000000-0000-0000-0000-000000238718}
T{00000000-0000-0000-0000-0000000BAA3C}
T{00000000-0000-0000-0000-000000089278}
T{00000000-0000-0000-0000-0000000CE2D3}
T{00000000-0000-0000-0000-000000006F5E}
T{00000000-0000-0000-0000-0000001DBB5A}
T{00000000-0000-0000-0000-00000008B88E}
T{00000000-0000-0000-0000-00000027E298}
T{00000000-0000-0000-0000-00000027CDE9}
T{00000000-0000-0000-0000-00000006655D}
T{00000000-0000-0000-0000-000000336929}
T{00000000-0000-0000-0000-0000002A3C87}
T{00000000-0000-0000-0000-000000002330}
T{00000000-0000-0000-0000-0000002788AF}
T{00000000-0000-0000-0000-00000011402E}
T{00000000-0000-0000-0000-00000001EC85}
T{00000000-0000-0000-0000-000000223456}
T{00000000-0000-0000-0000-0000000B3CE8}
T{00000000-0000-0000-0000-0000000BAC0E}
T{00000000-0000-0000-0000-000000017375}
T{00000000-0000-0000-0000-00000026E46B}
T{00000000-0000-0000-0000-000000140CAE}
T{00000000-0000-0000-0000-00000014A097}
T{00000000-0000-0000-0000-0000000B0FB5}
T{00000000-0000-0000-0000-0000000871CA}
T{00000000-0000-0000-0000-00000017940F}
T{00000000-0000-0000-0000-00000019ED05}
T{00000000-0000-0000-0000-000000177755}
T{00000000-0000-0000-0000-000000176DC3}
T{00000000-0000-0000-0000-0000002C005F}
T{00000000-0000-0000-0000-000000175FEF}
T{00000000-0000-0000-0000-0000001D339F}
F{00000000-0000-0000-0000-0000001734A4}
T{00000000-0000-0000-0000-00000026B0CD}
T{00000000-0000-0000-0000-00000026AF6A}
T{00000000-0000-0000-0000-000000202DD5}
T{00000000-0000-0000-0000-000000268E0C}
T{00000000-0000-0000-0000-000000268158}
T{00000000-0000-0000-0000-000000268135}
T{00000000-0000-0000-0000-00000016FB99}
T{00000000-0000-0000-0000-00000016FAD3}
T{00000000-0000-0000-0000-000000270882}
T{00000000-0000-0000-0000-00000016E1D9}
T{00000000-0000-0000-0000-000000241984}
T{00000000-0000-0000-0000-00000016E093}
T{00000000-0000-0000-0000-00000026516B}
T{00000000-0000-0000-0000-0000001D22D2}
T{00000000-0000-0000-0000-000000264B7B}
F{00000000-0000-0000-0000-00000016D577}
T{00000000-0000-0000-0000-000000333365}
T{00000000-0000-0000-0000-0000001EA021}
T{00000000-0000-0000-0000-0000002640E9}
T{00000000-0000-0000-0000-00000026877E}
T{00000000-0000-0000-0000-000000262957}
T{00000000-0000-0000-0000-00000003D1A9}
T{00000000-0000-0000-0000-000000260226}
T{00000000-0000-0000-0000-0000002600DA}
T{00000000-0000-0000-0000-00000025F6AD}
T{00000000-0000-0000-0000-000000336480}
T{00000000-0000-0000-0000-00000025DEF8}
T{00000000-0000-0000-0000-00000025CC06}
T{00000000-0000-0000-0000-00000025B464}
T{00000000-0000-0000-0000-00000025AECA}
T{00000000-0000-0000-0000-0000001F133A}
T{00000000-0000-0000-0000-0000000C020D}
T{00000000-0000-0000-0000-0000002558AA}
T{00000000-0000-0000-0000-0000000CE641}
T{00000000-0000-0000-0000-000000062B7E}
T{00000000-0000-0000-0000-0000001186FF}
T{00000000-0000-0000-0000-000000182C02}
T{00000000-0000-0000-0000-0000002A43DB}
T{00000000-0000-0000-0000-00000011B26F}
T{00000000-0000-0000-0000-000000063D05}
T{00000000-0000-0000-0000-00000011A8BF}
T{00000000-0000-0000-0000-000000288328}
T{00000000-0000-0000-0000-00000023D51A}
T{00000000-0000-0000-0000-0000001ECB6E}
T{00000000-0000-0000-0000-000000275699}
T{00000000-0000-0000-0000-00000029B805}
T{00000000-0000-0000-0000-0000001C6675}
T{00000000-0000-0000-0000-00000013A8F9}
T{00000000-0000-0000-0000-0000002A9162}
T{00000000-0000-0000-0000-00000032F66F}
T{00000000-0000-0000-0000-00000017E399}
T{00000000-0000-0000-0000-000000191AFB}
T{00000000-0000-0000-0000-0000002FD349}
T{00000000-0000-0000-0000-0000000AFD1F}
T{00000000-0000-0000-0000-0000000F705B}
T{00000000-0000-0000-0000-0000002CE8EB}
T{00000000-0000-0000-0000-0000000B178F}
T{00000000-0000-0000-0000-0000001FAFBC}
T{00000000-0000-0000-0000-00000015C974}
T{00000000-0000-0000-0000-0000002CE1D1}
T{00000000-0000-0000-0000-00000032D262}
T{00000000-0000-0000-0000-0000002A0D85}
T{00000000-0000-0000-0000-0000000719B7}
T{00000000-0000-0000-0000-000000115D63}
T{00000000-0000-0000-0000-0000000B7C18}
T{00000000-0000-0000-0000-00000032BB22}
T{00000000-0000-0000-0000-000000114F6A}
T{00000000-0000-0000-0000-0000000490FD}
T{00000000-0000-0000-0000-00000015C0FA}
T{00000000-0000-0000-0000-00000028200A}
T{00000000-0000-0000-0000-0000001940D5}
T{00000000-0000-0000-0000-0000002C58D3}
T{00000000-0000-0000-0000-00000003CC86}
T{00000000-0000-0000-0000-00000030EAAF}
T{00000000-0000-0000-0000-000000096187}
T{00000000-0000-0000-0000-0000002CAA9B}
T{00000000-0000-0000-0000-000000074F13}
T{00000000-0000-0000-0000-000000077716}
T{00000000-0000-0000-0000-00000007A5F8}
T{00000000-0000-0000-0000-00000010F71F}
T{00000000-0000-0000-0000-000000320CC9}
T{00000000-0000-0000-0000-0000001E3272}
T{00000000-0000-0000-0000-000000202AA1}
T{00000000-0000-0000-0000-0000002E9D90}
T{00000000-0000-0000-0000-0000001351B9}
T{00000000-0000-0000-0000-00000018CE0C}
T{00000000-0000-0000-0000-00000015A9E4}
T{00000000-0000-0000-0000-0000002FA016}
T{00000000-0000-0000-0000-00000020C352}
T{00000000-0000-0000-0000-00000007E058}
T{00000000-0000-0000-0000-0000002448D1}
T{00000000-0000-0000-0000-0000000066F9}
T{00000000-0000-0000-0000-0000000CFC71}
T{00000000-0000-0000-0000-000000246168}
T{00000000-0000-0000-0000-00000030629C}
T{00000000-0000-0000-0000-00000018B369}
T{00000000-0000-0000-0000-000000203F45}
T{00000000-0000-0000-0000-0000003232BF}
T{00000000-0000-0000-0000-0000000D9CC7}
T{00000000-0000-0000-0000-00000027B41E}
T{00000000-0000-0000-0000-000000158C39}
T{00000000-0000-0000-0000-00000023E466}
T{00000000-0000-0000-0000-000000059FB2}
T{00000000-0000-0000-0000-00000023DB2C}
T{00000000-0000-0000-0000-0000001DAC3B}
T{00000000-0000-0000-0000-0000000334A5}
T{00000000-0000-0000-0000-0000002C49B6}
T{00000000-0000-0000-0000-0000000F0D62}
T{00000000-0000-0000-0000-00000011A8E9}
T{00000000-0000-0000-0000-00000000711B}
T{00000000-0000-0000-0000-0000002C6F6B}
T{00000000-0000-0000-0000-0000002C298F}
T{00000000-0000-0000-0000-000000277A60}
T{00000000-0000-0000-0000-000000275F5A}
T{00000000-0000-0000-0000-000000110742}
T{00000000-0000-0000-0000-0000002C167F}
T{00000000-0000-0000-0000-0000003265F7}
T{00000000-0000-0000-0000-0000001D5E09}
T{00000000-0000-0000-0000-00000012E6A2}
T{00000000-0000-0000-0000-0000001E2F87}
T{00000000-0000-0000-0000-0000000EE373}
T{00000000-0000-0000-0000-0000002493E1}
T{00000000-0000-0000-0000-0000002332F0}
T{00000000-0000-0000-0000-000000314A2B}
T{00000000-0000-0000-0000-0000002CA011}
T{00000000-0000-0000-0000-0000001D3B91}
T{00000000-0000-0000-0000-0000001D3B40}
T{00000000-0000-0000-0000-0000000B9A00}
T{00000000-0000-0000-0000-0000000EE1FB}
T{00000000-0000-0000-0000-000000153712}
T{00000000-0000-0000-0000-000000086203}
T{00000000-0000-0000-0000-00000012A5C2}
T{00000000-0000-0000-0000-0000003126C8}
T{00000000-0000-0000-0000-0000002F5979}
T{00000000-0000-0000-0000-0000003113B2}
T{00000000-0000-0000-0000-00000007F070}
T{00000000-0000-0000-0000-0000001B61CC}
T{00000000-0000-0000-0000-000000195B1E}
T{00000000-0000-0000-0000-000000007902}
T{00000000-0000-0000-0000-0000001922AA}
T{00000000-0000-0000-0000-00000008C61B}
T{00000000-0000-0000-0000-000000007021}
T{00000000-0000-0000-0000-0000002B6D6F}
T{00000000-0000-0000-0000-00000000757C}
T{00000000-0000-0000-0000-00000023FA22}
T{00000000-0000-0000-0000-000000043346}
T{00000000-0000-0000-0000-00000026E25F}
T{00000000-0000-0000-0000-000000092A50}
T{00000000-0000-0000-0000-00000028DF07}
T{00000000-0000-0000-0000-0000002B5E98}
T{00000000-0000-0000-0000-0000001ABD3E}
T{00000000-0000-0000-0000-0000002B5962}
T{00000000-0000-0000-0000-0000002708AF}
T{00000000-0000-0000-0000-000000008196}
T{00000000-0000-0000-0000-000000206540}
T{00000000-0000-0000-0000-0000001C767C}
T{00000000-0000-0000-0000-000000268E64}
T{00000000-0000-0000-0000-00000027CCB1}
T{00000000-0000-0000-0000-00000007A90A}
T{00000000-0000-0000-0000-00000000B6BA}
T{00000000-0000-0000-0000-00000016F8D3}
T{00000000-0000-0000-0000-0000001C3E74}
T{00000000-0000-0000-0000-00000012EA56}
T{00000000-0000-0000-0000-0000000964BD}
T{00000000-0000-0000-0000-0000002B3402}
T{00000000-0000-0000-0000-000000296A75}
T{00000000-0000-0000-0000-000000023D58}
T{00000000-0000-0000-0000-000000044B81}
T{00000000-0000-0000-0000-000000009735}
T{00000000-0000-0000-0000-00000028F0C2}
T{00000000-0000-0000-0000-0000002B2399}
T{00000000-0000-0000-0000-000000123631}
T{00000000-0000-0000-0000-000000070FFB}
T{00000000-0000-0000-0000-0000001C2119}
T{00000000-0000-0000-0000-000000302A71}
T{00000000-0000-0000-0000-00000004864B}
T{00000000-0000-0000-0000-00000000A5A9}
T{00000000-0000-0000-0000-0000000EAFD9}
T{00000000-0000-0000-0000-00000020A982}
T{00000000-0000-0000-0000-0000000D8BEA}
T{00000000-0000-0000-0000-000000184757}
T{00000000-0000-0000-0000-00000003AD15}
T{00000000-0000-0000-0000-00000000F3F5}
T{00000000-0000-0000-0000-0000003069FA}
T{00000000-0000-0000-0000-0000001A7342}
T{00000000-0000-0000-0000-00000022DEDC}
T{00000000-0000-0000-0000-0000002AEFB3}
T{00000000-0000-0000-0000-000000054993}
T{00000000-0000-0000-0000-0000000BC544}
T{00000000-0000-0000-0000-00000026BB52}
T{00000000-0000-0000-0000-000000104887}
T{00000000-0000-0000-0000-000000171FF1}
T{00000000-0000-0000-0000-0000000AC79A}
T{00000000-0000-0000-0000-0000000C1231}
T{00000000-0000-0000-0000-000000247E6A}
T{00000000-0000-0000-0000-00000021E0C8}
T{00000000-0000-0000-0000-0000001229E1}
T{00000000-0000-0000-0000-0000001F2D3C}
T{00000000-0000-0000-0000-000000048B95}
T{00000000-0000-0000-0000-0000002442CE}
T{00000000-0000-0000-0000-0000002DA8DC}
T{00000000-0000-0000-0000-0000001BD339}
T{00000000-0000-0000-0000-0000000EDA14}
T{00000000-0000-0000-0000-000000147D0B}
T{00000000-0000-0000-0000-0000001BC8A9}
F{00000000-0000-0000-0000-00000000F5F7}
T{00000000-0000-0000-0000-00000022CD7A}
T{00000000-0000-0000-0000-00000008AD28}
T{00000000-0000-0000-0000-0000000BFA99}
T{00000000-0000-0000-0000-00000010DE93}
T{00000000-0000-0000-0000-000000152BA5}
T{00000000-0000-0000-0000-0000000134DD}
T{00000000-0000-0000-0000-0000000E64AE}
T{00000000-0000-0000-0000-000000240013}
T{00000000-0000-0000-0000-000000175759}
T{00000000-0000-0000-0000-000000167D8F}
T{00000000-0000-0000-0000-0000002F719E}
T{00000000-0000-0000-0000-0000001A9841}
T{00000000-0000-0000-0000-00000030E621}
T{00000000-0000-0000-0000-00000013F4AB}
T{00000000-0000-0000-0000-0000002FD32B}
T{00000000-0000-0000-0000-0000001A63ED}
T{00000000-0000-0000-0000-00000033ADB2}
T{00000000-0000-0000-0000-00000026788B}
T{00000000-0000-0000-0000-00000009C0B8}
T{00000000-0000-0000-0000-000000212CBD}
T{00000000-0000-0000-0000-0000000A535F}
T{00000000-0000-0000-0000-0000000A55A2}
T{00000000-0000-0000-0000-000000020342}
T{00000000-0000-0000-0000-0000000FBB2F}
T{00000000-0000-0000-0000-00000023D1EE}
T{00000000-0000-0000-0000-000000291868}
T{00000000-0000-0000-0000-000000209A2F}
T{00000000-0000-0000-0000-00000028C1E1}
T{00000000-0000-0000-0000-00000016E162}
T{00000000-0000-0000-0000-0000001FAC99}
T{00000000-0000-0000-0000-000000265352}
T{00000000-0000-0000-0000-0000002804AC}
T{00000000-0000-0000-0000-0000001B520B}
T{00000000-0000-0000-0000-0000000515AC}
T{00000000-0000-0000-0000-00000004A8C3}
T{00000000-0000-0000-0000-0000002512F9}
T{00000000-0000-0000-0000-000000335E40}
T{00000000-0000-0000-0000-000000051CC8}
T{00000000-0000-0000-0000-000000101990}
T{00000000-0000-0000-0000-00000011EAE1}
T{00000000-0000-0000-0000-000000264A9A}
T{00000000-0000-0000-0000-000000210F05}
T{00000000-0000-0000-0000-0000001007FB}
T{00000000-0000-0000-0000-000000319FB1}
T{00000000-0000-0000-0000-00000016D079}
T{00000000-0000-0000-0000-0000002D53FA}
T{00000000-0000-0000-0000-00000032FFA7}
T{00000000-0000-0000-0000-000000171C5C}
T{00000000-0000-0000-0000-000000029041}
T{00000000-0000-0000-0000-0000002A1FAE}
T{00000000-0000-0000-0000-000000187E45}
T{00000000-0000-0000-0000-000000204483}
T{00000000-0000-0000-0000-0000001797A0}
T{00000000-0000-0000-0000-0000002AC137}
T{00000000-0000-0000-0000-00000001C181}
T{00000000-0000-0000-0000-0000002F4C88}
T{00000000-0000-0000-0000-00000002D1B7}
T{00000000-0000-0000-0000-000000036272}
T{00000000-0000-0000-0000-0000003328D0}
T{00000000-0000-0000-0000-00000029F71D}
T{00000000-0000-0000-0000-0000002C86AD}
T{00000000-0000-0000-0000-00000020AE43}
T{00000000-0000-0000-0000-0000002E7223}
T{00000000-0000-0000-0000-00000009CEC6}
T{00000000-0000-0000-0000-00000021F873}
T{00000000-0000-0000-0000-000000028E4A}
T{00000000-0000-0000-0000-0000002EBB16}
T{00000000-0000-0000-0000-0000002EBA82}
T{00000000-0000-0000-0000-0000002F225F}
T{00000000-0000-0000-0000-000000029872}
T{00000000-0000-0000-0000-00000016D726}
T{00000000-0000-0000-0000-0000001FBD21}
T{00000000-0000-0000-0000-00000029D550}
T{00000000-0000-0000-0000-0000002341E9}
T{00000000-0000-0000-0000-0000000555AD}
T{00000000-0000-0000-0000-000000066FBC}
T{00000000-0000-0000-0000-000000057DF4}
