F{00000000-0000-0000-0000-000000278875}
F{00000000-0000-0000-0000-00000013EDBB}
F{00000000-0000-0000-0000-000000277E2B}
F{00000000-0000-0000-0000-0000001282E8}
F{00000000-0000-0000-0000-000000108B3B}
T{00000000-0000-0000-0000-0000002E314C}
F{00000000-0000-0000-0000-000000278875}
F{00000000-0000-0000-0000-00000013EDBB}
F{00000000-0000-0000-0000-000000277E2B}
F{00000000-0000-0000-0000-0000001282E8}
F{00000000-0000-0000-0000-000000108B3B}
F{00000000-0000-0000-0000-0000002E314C}
T{00000000-0000-0000-0000-000000336361}
F{00000000-0000-0000-0000-000000304FF3}
T{00000000-0000-0000-0000-0000002E314C}
T{00000000-0000-0000-0000-0000002D4147}
F{00000000-0000-0000-0000-00000029E184}
F{00000000-0000-0000-0000-0000002843CE}
F{00000000-0000-0000-0000-000000278875}
F{00000000-0000-0000-0000-000000277E2B}
T{00000000-0000-0000-0000-0000002E0E9F}
T{00000000-0000-0000-0000-000000331358}
F{00000000-0000-0000-0000-00000015BDE3}
F{00000000-0000-0000-0000-00000026A7E0}
T{00000000-0000-0000-0000-0000002B60AE}
F{00000000-0000-0000-0000-00000013EDBB}
F{00000000-0000-0000-0000-0000002A0033}
T{00000000-0000-0000-0000-0000000D199E}
T{00000000-0000-0000-0000-0000000D0CBC}
T{00000000-0000-0000-0000-0000000CF7CD}
F{00000000-0000-0000-0000-0000001282E8}
F{00000000-0000-0000-0000-0000000A5811}
T{00000000-0000-0000-0000-0000002F8588}
T{00000000-0000-0000-0000-00000021B897}
T{00000000-0000-0000-0000-000000096AB9}
F{00000000-0000-0000-0000-0000001AF208}
T{00000000-0000-0000-0000-00000013995B}
T{00000000-0000-0000-0000-0000000AAEFB}
F{00000000-0000-0000-0000-0000002C76ED}
T{00000000-0000-0000-0000-00000028D056}
T{00000000-0000-0000-0000-0000000CF2D0}
T{00000000-0000-0000-0000-000000047883}
F{00000000-0000-0000-0000-000000108B3B}
F{00000000-0000-0000-0000-0000002F0787}
T{00000000-0000-0000-0000-000000122CB0}
T{00000000-0000-0000-0000-000000073239}
F{00000000-0000-0000-0000-0000001278AF}
T{00000000-0000-0000-0000-0000000619EB}
T{00000000-0000-0000-0000-0000000604DA}
T{00000000-0000-0000-0000-000000004F77}
F{00000000-0000-0000-0000-000000108B3B}
F{00000000-0000-0000-0000-000000277E2B}
F{00000000-0000-0000-0000-00000013EDBB}
T{00000000-0000-0000-0000-0000002E314C}
F{00000000-0000-0000-0000-0000001282E8}
T{00000000-0000-0000-0000-00000018185E}
T{00000000-0000-0000-0000-000000007635}
T{00000000-0000-0000-0000-00000008C15C}
T{00000000-0000-0000-0000-00000025DA28}
T{00000000-0000-0000-0000-00000024B7A0}
T{00000000-0000-0000-0000-0000000DBAAE}
T{00000000-0000-0000-0000-000000096AB9}
T{00000000-0000-0000-0000-000000162B36}
T{00000000-0000-0000-0000-0000000076E1}
T{00000000-0000-0000-0000-00000016B0D0}
T{00000000-0000-0000-0000-000000121ED0}
T{00000000-0000-0000-0000-00000026FF1F}
T{00000000-0000-0000-0000-00000021D2CE}
T{00000000-0000-0000-0000-0000001BF05D}
T{00000000-0000-0000-0000-00000032CFC1}
T{00000000-0000-0000-0000-00000009BA24}
T{00000000-0000-0000-0000-000000103150}
T{00000000-0000-0000-0000-0000000D89F1}
T{00000000-0000-0000-0000-000000071854}
T{00000000-0000-0000-0000-00000029D6D2}
T{00000000-0000-0000-0000-00000017998A}
T{00000000-0000-0000-0000-00000016276F}
T{00000000-0000-0000-0000-0000001A610C}
T{00000000-0000-0000-0000-0000000BADAB}
T{00000000-0000-0000-0000-0000002E6F08}
T{00000000-0000-0000-0000-0000002D479F}
T{00000000-0000-0000-0000-000000169FF1}
T{00000000-0000-0000-0000-000000169E95}
T{00000000-0000-0000-0000-0000000D202C}
T{00000000-0000-0000-0000-000000161791}
F{00000000-0000-0000-0000-000000336480}
T{00000000-0000-0000-0000-00000008C84F}
T{00000000-0000-0000-0000-000000321A59}
T{00000000-0000-0000-0000-0000002950B5}
T{00000000-0000-0000-0000-000000209A9C}
T{00000000-0000-0000-0000-00000020F58D}
T{00000000-0000-0000-0000-00000008CA13}
T{00000000-0000-0000-0000-000000158CBF}
T{00000000-0000-0000-0000-0000000C5558}
T{00000000-0000-0000-0000-0000001685A8}
T{00000000-0000-0000-0000-00000015C5C4}
T{00000000-0000-0000-0000-000000168372}
T{00000000-0000-0000-0000-000000284AAF}
T{00000000-0000-0000-0000-0000000F4D41}
T{00000000-0000-0000-0000-000000163CED}
T{00000000-0000-0000-0000-00000029A720}
T{00000000-0000-0000-0000-0000002D569C}
T{00000000-0000-0000-0000-0000000CC274}
T{00000000-0000-0000-0000-000000047387}
T{00000000-0000-0000-0000-0000001D9E77}
T{00000000-0000-0000-0000-000000293FB6}
T{00000000-0000-0000-0000-000000007ED1}
T{00000000-0000-0000-0000-0000000A1FDC}
T{00000000-0000-0000-0000-0000000CE2E3}
T{00000000-0000-0000-0000-0000000D9181}
T{00000000-0000-0000-0000-0000000917E9}
T{00000000-0000-0000-0000-000000008092}
T{00000000-0000-0000-0000-0000000E02EA}
T{00000000-0000-0000-0000-0000001674D4}
T{00000000-0000-0000-0000-0000001AC384}
T{00000000-0000-0000-0000-0000001674C5}
T{00000000-0000-0000-0000-000000032390}
T{00000000-0000-0000-0000-0000001EB335}
T{00000000-0000-0000-0000-000000047883}
T{00000000-0000-0000-0000-00000017A924}
T{00000000-0000-0000-0000-0000002D40A9}
T{00000000-0000-0000-0000-0000002D2C17}
T{00000000-0000-0000-0000-00000028CD69}
T{00000000-0000-0000-0000-0000002998ED}
T{00000000-0000-0000-0000-0000000FA0B1}
T{00000000-0000-0000-0000-0000002FB021}
T{00000000-0000-0000-0000-00000031433A}
T{00000000-0000-0000-0000-00000019B600}
T{00000000-0000-0000-0000-0000002904BF}
T{00000000-0000-0000-0000-0000000BDB51}
T{00000000-0000-0000-0000-000000325701}
T{00000000-0000-0000-0000-0000001B7160}
T{00000000-0000-0000-0000-000000320CA0}
T{00000000-0000-0000-0000-000000072ADD}
T{00000000-0000-0000-0000-000000304874}
T{00000000-0000-0000-0000-0000000CEA36}
T{00000000-0000-0000-0000-0000000FC070}
T{00000000-0000-0000-0000-00000015B9C6}
T{00000000-0000-0000-0000-0000001003FD}
T{00000000-0000-0000-0000-00000029954B}
T{00000000-0000-0000-0000-00000029037D}
T{00000000-0000-0000-0000-00000029031D}
T{00000000-0000-0000-0000-0000002836C7}
T{00000000-0000-0000-0000-0000001799C4}
T{00000000-0000-0000-0000-00000028893B}
T{00000000-0000-0000-0000-000000287D11}
T{00000000-0000-0000-0000-0000000F6E47}
T{00000000-0000-0000-0000-0000000BBFFC}
T{00000000-0000-0000-0000-000000073239}
T{00000000-0000-0000-0000-0000001637A1}
T{00000000-0000-0000-0000-000000297CCA}
T{00000000-0000-0000-0000-0000000F3E8F}
T{00000000-0000-0000-0000-00000016354C}
T{00000000-0000-0000-0000-00000006D342}
T{00000000-0000-0000-0000-00000015A7B3}
T{00000000-0000-0000-0000-00000010CDB8}
T{00000000-0000-0000-0000-00000012F709}
T{00000000-0000-0000-0000-000000281C90}
T{00000000-0000-0000-0000-0000002D0AAD}
T{00000000-0000-0000-0000-00000027FBA0}
T{00000000-0000-0000-0000-00000027F104}
T{00000000-0000-0000-0000-00000027ED8D}
T{00000000-0000-0000-0000-00000005FB8C}
T{00000000-0000-0000-0000-00000027D088}
T{00000000-0000-0000-0000-0000000F09A9}
T{00000000-0000-0000-0000-00000008F05A}
T{00000000-0000-0000-0000-000000062468}
T{00000000-0000-0000-0000-000000234D27}
T{00000000-0000-0000-0000-00000033D7BF}
T{00000000-0000-0000-0000-0000002FD1BE}
T{00000000-0000-0000-0000-000000278C6E}
T{00000000-0000-0000-0000-0000002DC1E2}
T{00000000-0000-0000-0000-000000248725}
T{00000000-0000-0000-0000-0000002776AA}
T{00000000-0000-0000-0000-000000276115}
T{00000000-0000-0000-0000-000000063DF8}
T{00000000-0000-0000-0000-000000275A7C}
T{00000000-0000-0000-0000-000000244D19}
T{00000000-0000-0000-0000-000000274E03}
T{00000000-0000-0000-0000-0000001A8288}
T{00000000-0000-0000-0000-0000002732DB}
T{00000000-0000-0000-0000-000000271B24}
T{00000000-0000-0000-0000-000000088B56}
T{00000000-0000-0000-0000-000000067B4D}
T{00000000-0000-0000-0000-00000027D9C7}
T{00000000-0000-0000-0000-000000145EF4}
T{00000000-0000-0000-0000-0000000EE209}
T{00000000-0000-0000-0000-000000270868}
T{00000000-0000-0000-0000-0000002E6557}
T{00000000-0000-0000-0000-00000024128D}
T{00000000-0000-0000-0000-00000005046B}
T{00000000-0000-0000-0000-0000002D3CE4}
T{00000000-0000-0000-0000-00000030F48F}
T{00000000-0000-0000-0000-00000026F9FE}
T{00000000-0000-0000-0000-000000073689}
T{00000000-0000-0000-0000-00000030BE75}
T{00000000-0000-0000-0000-00000025DD4B}
T{00000000-0000-0000-0000-00000026EA0C}
T{00000000-0000-0000-0000-00000026E65F}
T{00000000-0000-0000-0000-0000000B736B}
T{00000000-0000-0000-0000-0000002C657F}
T{00000000-0000-0000-0000-00000027140B}
T{00000000-0000-0000-0000-00000026DF67}
T{00000000-0000-0000-0000-000000172C6C}
T{00000000-0000-0000-0000-0000002A8A95}
T{00000000-0000-0000-0000-00000029FE0E}
T{00000000-0000-0000-0000-0000002B9E84}
T{00000000-0000-0000-0000-00000007BD53}
T{00000000-0000-0000-0000-00000007BDBE}
T{00000000-0000-0000-0000-00000007BFFC}
T{00000000-0000-0000-0000-00000018AC8B}
T{00000000-0000-0000-0000-00000007EAC2}
T{00000000-0000-0000-0000-00000026C135}
T{00000000-0000-0000-0000-0000002704B0}
T{00000000-0000-0000-0000-00000026C0F5}
T{00000000-0000-0000-0000-00000007F078}
T{00000000-0000-0000-0000-00000026C0F2}
T{00000000-0000-0000-0000-000000083265}
T{00000000-0000-0000-0000-000000083454}
T{00000000-0000-0000-0000-000000179989}
T{00000000-0000-0000-0000-000000335C2A}
T{00000000-0000-0000-0000-00000021FD36}
T{00000000-0000-0000-0000-0000001C2719}
T{00000000-0000-0000-0000-00000026B8E3}
T{00000000-0000-0000-0000-00000026B745}
T{00000000-0000-0000-0000-00000026B724}
