T{00000000-0000-0000-0000-000000108B3B}
T{00000000-0000-0000-0000-000000023EC7}
T{00000000-0000-0000-0000-0000002A0033}
T{00000000-0000-0000-0000-0000002A0033}
T{00000000-0000-0000-0000-0000001AF208}
T{00000000-0000-0000-0000-0000002F0787}
T{00000000-0000-0000-0000-000000108B3B}
T{00000000-0000-0000-0000-0000001AF208}
T{00000000-0000-0000-0000-0000001AF208}
T{00000000-0000-0000-0000-0000002F0787}
T{00000000-0000-0000-0000-0000002F0787}
T{00000000-0000-0000-0000-00000032F43E}
T{00000000-0000-0000-0000-000000023EC7}
T{00000000-0000-0000-0000-000000108B3B}
T{00000000-0000-0000-0000-0000002A0033}
T{00000000-0000-0000-0000-0000002F0787}
T{00000000-0000-0000-0000-0000002F0787}
T{00000000-0000-0000-0000-0000002A0033}
T{00000000-0000-0000-0000-000000108B3B}
F{00000000-0000-0000-0000-0000002843CE}
T{00000000-0000-0000-0000-00000032F43E}
T{00000000-0000-0000-0000-0000002843CE}
T{00000000-0000-0000-0000-000000023EC7}
T{00000000-0000-0000-0000-0000002A0033}
T{00000000-0000-0000-0000-0000002F0787}
T{00000000-0000-0000-0000-0000002A0033}
T{00000000-0000-0000-0000-0000001AF208}
T{00000000-0000-0000-0000-0000002F0787}
T{00000000-0000-0000-0000-0000002F0787}
T{00000000-0000-0000-0000-0000002A0033}
