F{00000000-0000-0000-0000-000000277E2B}
F{00000000-0000-0000-0000-000000108B3B}
F{00000000-0000-0000-0000-0000001282E8}
F{00000000-0000-0000-0000-00000013EDBB}
F{00000000-0000-0000-0000-0000002B60AE}
F{00000000-0000-0000-0000-000000278875}
F{00000000-0000-0000-0000-0000002F0787}
F{00000000-0000-0000-0000-0000002E314C}
F{00000000-0000-0000-0000-0000001056F7}
T{00000000-0000-0000-0000-0000002C74C9}
F{00000000-0000-0000-0000-000000277E2B}
F{00000000-0000-0000-0000-000000108B3B}
F{00000000-0000-0000-0000-0000001282E8}
F{00000000-0000-0000-0000-00000013EDBB}
T{00000000-0000-0000-0000-0000002B60AE}
F{00000000-0000-0000-0000-000000278875}
T{00000000-0000-0000-0000-0000002F0787}
F{00000000-0000-0000-0000-0000002E314C}
T{00000000-0000-0000-0000-0000001056F7}
T{00000000-0000-0000-0000-0000002C74C9}
T{00000000-0000-0000-0000-000000336361}
F{00000000-0000-0000-0000-000000304FF3}
F{00000000-0000-0000-0000-0000002E314C}
T{00000000-0000-0000-0000-0000002D4147}
F{00000000-0000-0000-0000-00000029E184}
F{00000000-0000-0000-0000-0000002843CE}
F{00000000-0000-0000-0000-000000278875}
F{00000000-0000-0000-0000-000000277E2B}
T{00000000-0000-0000-0000-0000002E0E9F}
T{00000000-0000-0000-0000-000000331358}
T{00000000-0000-0000-0000-00000015BDE3}
F{00000000-0000-0000-0000-00000026A7E0}
T{00000000-0000-0000-0000-0000002B60AE}
F{00000000-0000-0000-0000-00000013EDBB}
T{00000000-0000-0000-0000-0000001056F7}
F{00000000-0000-0000-0000-0000002A0033}
T{00000000-0000-0000-0000-0000000D199E}
T{00000000-0000-0000-0000-0000000D0CBC}
T{00000000-0000-0000-0000-0000000CF7CD}
F{00000000-0000-0000-0000-0000001282E8}
F{00000000-0000-0000-0000-0000000A5811}
T{00000000-0000-0000-0000-0000002F8588}
T{00000000-0000-0000-0000-00000021B897}
T{00000000-0000-0000-0000-0000002C74C9}
F{00000000-0000-0000-0000-0000001AF208}
T{00000000-0000-0000-0000-00000013995B}
T{00000000-0000-0000-0000-0000000AAEFB}
F{00000000-0000-0000-0000-0000002C76ED}
T{00000000-0000-0000-0000-00000028D056}
T{00000000-0000-0000-0000-0000000CF2D0}
F{00000000-0000-0000-0000-000000108B3B}
T{00000000-0000-0000-0000-0000002F0787}
F{00000000-0000-0000-0000-000000122CB0}
F{00000000-0000-0000-0000-0000001278AF}
T{00000000-0000-0000-0000-0000000619EB}
T{00000000-0000-0000-0000-0000000604DA}
T{00000000-0000-0000-0000-000000004F77}
F{00000000-0000-0000-0000-0000001282E8}
F{00000000-0000-0000-0000-000000277E2B}
F{00000000-0000-0000-0000-0000002F0787}
F{00000000-0000-0000-0000-00000013EDBB}
T{00000000-0000-0000-0000-0000001056F7}
F{00000000-0000-0000-0000-000000108B3B}
F{00000000-0000-0000-0000-0000002E314C}
T{00000000-0000-0000-0000-00000025AC9A}
T{00000000-0000-0000-0000-0000002A35AF}
T{00000000-0000-0000-0000-0000000C384A}
T{00000000-0000-0000-0000-0000002E3764}
T{00000000-0000-0000-0000-00000026E9AB}
T{00000000-0000-0000-0000-0000000C260D}
T{00000000-0000-0000-0000-000000218033}
T{00000000-0000-0000-0000-0000001F2715}
T{00000000-0000-0000-0000-0000002878A4}
T{00000000-0000-0000-0000-00000015C3EB}
T{00000000-0000-0000-0000-00000026C3A1}
T{00000000-0000-0000-0000-000000313A87}
T{00000000-0000-0000-0000-000000264DFA}
T{00000000-0000-0000-0000-00000019DE58}
T{00000000-0000-0000-0000-000000036147}
T{00000000-0000-0000-0000-000000212DB9}
T{00000000-0000-0000-0000-00000006AE10}
T{00000000-0000-0000-0000-00000030E03F}
T{00000000-0000-0000-0000-0000000C46A9}
T{00000000-0000-0000-0000-000000047EDA}
T{00000000-0000-0000-0000-0000001EB327}
T{00000000-0000-0000-0000-000000289AFD}
T{00000000-0000-0000-0000-000000289E1B}
T{00000000-0000-0000-0000-000000004F77}
T{00000000-0000-0000-0000-00000027C499}
T{00000000-0000-0000-0000-000000132CC8}
T{00000000-0000-0000-0000-000000310C67}
T{00000000-0000-0000-0000-000000132CBD}
T{00000000-0000-0000-0000-00000001DDFD}
T{00000000-0000-0000-0000-0000001EA4B5}
T{00000000-0000-0000-0000-000000048C21}
T{00000000-0000-0000-0000-0000002C7FB4}
T{00000000-0000-0000-0000-000000298E29}
T{00000000-0000-0000-0000-000000269160}
T{00000000-0000-0000-0000-0000002BDE7D}
T{00000000-0000-0000-0000-0000002D5D95}
T{00000000-0000-0000-0000-0000002B3718}
T{00000000-0000-0000-0000-00000011DFE7}
T{00000000-0000-0000-0000-00000027E6AB}
T{00000000-0000-0000-0000-00000013B0E8}
T{00000000-0000-0000-0000-00000008D9E4}
T{00000000-0000-0000-0000-0000001670BF}
T{00000000-0000-0000-0000-000000287BCD}
T{00000000-0000-0000-0000-000000145AD6}
T{00000000-0000-0000-0000-000000145B0B}
T{00000000-0000-0000-0000-0000000AA8E8}
T{00000000-0000-0000-0000-0000001E31B8}
T{00000000-0000-0000-0000-0000000CEFAA}
T{00000000-0000-0000-0000-0000002F9B55}
T{00000000-0000-0000-0000-000000078BEA}
T{00000000-0000-0000-0000-00000008ACCD}
T{00000000-0000-0000-0000-0000000E6285}
T{00000000-0000-0000-0000-000000279620}
T{00000000-0000-0000-0000-0000002B18B3}
T{00000000-0000-0000-0000-000000257885}
T{00000000-0000-0000-0000-0000001434A7}
T{00000000-0000-0000-0000-0000002B18A2}
T{00000000-0000-0000-0000-0000001C2743}
T{00000000-0000-0000-0000-000000247253}
T{00000000-0000-0000-0000-00000008A894}
T{00000000-0000-0000-0000-000000011BFD}
T{00000000-0000-0000-0000-00000007D581}
T{00000000-0000-0000-0000-0000002D4489}
T{00000000-0000-0000-0000-000000011409}
T{00000000-0000-0000-0000-000000148D13}
T{00000000-0000-0000-0000-0000000675A8}
T{00000000-0000-0000-0000-000000010D53}
T{00000000-0000-0000-0000-00000012ADAD}
T{00000000-0000-0000-0000-00000017361A}
T{00000000-0000-0000-0000-0000002B3C5D}
T{00000000-0000-0000-0000-000000022EF5}
T{00000000-0000-0000-0000-0000000B008B}
T{00000000-0000-0000-0000-000000296ED6}
T{00000000-0000-0000-0000-00000012A5F0}
T{00000000-0000-0000-0000-000000298366}
T{00000000-0000-0000-0000-0000002E0B34}
T{00000000-0000-0000-0000-00000020588C}
T{00000000-0000-0000-0000-0000000488E5}
T{00000000-0000-0000-0000-0000002984B0}
T{00000000-0000-0000-0000-00000005A762}
T{00000000-0000-0000-0000-0000002137BA}
T{00000000-0000-0000-0000-0000002D1D3A}
T{00000000-0000-0000-0000-000000265F80}
T{00000000-0000-0000-0000-0000002D1D1E}
T{00000000-0000-0000-0000-000000029D4F}
T{00000000-0000-0000-0000-00000001A16F}
T{00000000-0000-0000-0000-000000149239}
T{00000000-0000-0000-0000-000000138351}
T{00000000-0000-0000-0000-0000002B9EFF}
T{00000000-0000-0000-0000-000000257A83}
T{00000000-0000-0000-0000-0000001EEB68}
T{00000000-0000-0000-0000-0000000EEA2B}
T{00000000-0000-0000-0000-0000001DBD6C}
T{00000000-0000-0000-0000-000000094A6A}
T{00000000-0000-0000-0000-00000030E2CD}
T{00000000-0000-0000-0000-00000014B181}
T{00000000-0000-0000-0000-000000114493}
T{00000000-0000-0000-0000-0000000C434F}
T{00000000-0000-0000-0000-0000002C45AB}
T{00000000-0000-0000-0000-00000020FDC0}
T{00000000-0000-0000-0000-00000001100A}
T{00000000-0000-0000-0000-0000003364DF}
T{00000000-0000-0000-0000-00000028434E}
T{00000000-0000-0000-0000-0000002B1782}
T{00000000-0000-0000-0000-0000002C3038}
T{00000000-0000-0000-0000-00000007EFDF}
T{00000000-0000-0000-0000-00000000E67B}
T{00000000-0000-0000-0000-0000001997CF}
T{00000000-0000-0000-0000-000000319D12}
T{00000000-0000-0000-0000-000000072F4D}
T{00000000-0000-0000-0000-0000002A0EC1}
T{00000000-0000-0000-0000-0000002EC39C}
T{00000000-0000-0000-0000-000000295C17}
T{00000000-0000-0000-0000-0000003240D2}
T{00000000-0000-0000-0000-0000002A7405}
T{00000000-0000-0000-0000-000000234AE5}
T{00000000-0000-0000-0000-00000025191C}
T{00000000-0000-0000-0000-0000000E22D2}
T{00000000-0000-0000-0000-000000136075}
T{00000000-0000-0000-0000-000000254683}
T{00000000-0000-0000-0000-00000011FFC3}
T{00000000-0000-0000-0000-0000000B648C}
T{00000000-0000-0000-0000-000000010D41}
T{00000000-0000-0000-0000-00000026B62B}
T{00000000-0000-0000-0000-000000156412}
T{00000000-0000-0000-0000-00000008C59A}
T{00000000-0000-0000-0000-000000040EE1}
T{00000000-0000-0000-0000-000000027909}
T{00000000-0000-0000-0000-0000000A8ACB}
T{00000000-0000-0000-0000-00000003D178}
T{00000000-0000-0000-0000-000000263A78}
T{00000000-0000-0000-0000-0000002D33C8}
T{00000000-0000-0000-0000-00000008ECD0}
T{00000000-0000-0000-0000-0000001D836C}
T{00000000-0000-0000-0000-00000033E0FB}
T{00000000-0000-0000-0000-0000001ADB89}
T{00000000-0000-0000-0000-00000000C956}
T{00000000-0000-0000-0000-000000144108}
T{00000000-0000-0000-0000-000000259D97}
T{00000000-0000-0000-0000-00000002B5B2}
T{00000000-0000-0000-0000-000000238E03}
T{00000000-0000-0000-0000-00000033AE79}
T{00000000-0000-0000-0000-00000009E7DF}
T{00000000-0000-0000-0000-000000014DAB}
T{00000000-0000-0000-0000-000000081226}
T{00000000-0000-0000-0000-00000006EF8B}
T{00000000-0000-0000-0000-000000234DA8}
T{00000000-0000-0000-0000-0000000D5E13}
T{00000000-0000-0000-0000-0000000642F7}
T{00000000-0000-0000-0000-0000000ED33E}
T{00000000-0000-0000-0000-00000023DB4E}
T{00000000-0000-0000-0000-00000009C51A}
T{00000000-0000-0000-0000-000000259880}
T{00000000-0000-0000-0000-00000009CD12}
T{00000000-0000-0000-0000-00000030F9B8}
T{00000000-0000-0000-0000-000000335D62}
T{00000000-0000-0000-0000-000000183CD1}
T{00000000-0000-0000-0000-0000001DDA57}
T{00000000-0000-0000-0000-00000013E076}
T{00000000-0000-0000-0000-00000013DF2B}
T{00000000-0000-0000-0000-000000021549}
T{00000000-0000-0000-0000-0000001899BB}
T{00000000-0000-0000-0000-00000013D465}
T{00000000-0000-0000-0000-000000334D03}
T{00000000-0000-0000-0000-0000002AD55C}
T{00000000-0000-0000-0000-000000016858}
T{00000000-0000-0000-0000-00000013C027}
T{00000000-0000-0000-0000-00000022B80B}
T{00000000-0000-0000-0000-00000003457B}
T{00000000-0000-0000-0000-0000002DB274}
T{00000000-0000-0000-0000-000000016E5C}
T{00000000-0000-0000-0000-00000007C577}
T{00000000-0000-0000-0000-00000013B0F8}
T{00000000-0000-0000-0000-000000238E15}
T{00000000-0000-0000-0000-00000033172F}
T{00000000-0000-0000-0000-000000331151}
T{00000000-0000-0000-0000-0000000316DE}
T{00000000-0000-0000-0000-0000003355E8}
T{00000000-0000-0000-0000-0000000120E8}
T{00000000-0000-0000-0000-000000144E9C}
T{00000000-0000-0000-0000-00000013AEB7}
T{00000000-0000-0000-0000-00000013A90F}
T{00000000-0000-0000-0000-00000015815F}
T{00000000-0000-0000-0000-00000032FFD9}
T{00000000-0000-0000-0000-00000021EE06}
T{00000000-0000-0000-0000-0000002558D5}
T{00000000-0000-0000-0000-0000002A8A45}
T{00000000-0000-0000-0000-0000002E4C7F}
T{00000000-0000-0000-0000-00000025451E}
T{00000000-0000-0000-0000-00000032A3F7}
T{00000000-0000-0000-0000-00000026C1DF}
T{00000000-0000-0000-0000-000000018540}
T{00000000-0000-0000-0000-000000018226}
T{00000000-0000-0000-0000-0000002CEB47}
T{00000000-0000-0000-0000-00000007D33F}
T{00000000-0000-0000-0000-000000200778}
T{00000000-0000-0000-0000-0000001AF95D}
T{00000000-0000-0000-0000-000000219530}
T{00000000-0000-0000-0000-000000223B9B}
T{00000000-0000-0000-0000-000000098EE4}
T{00000000-0000-0000-0000-00000022384A}
T{00000000-0000-0000-0000-000000039743}
T{00000000-0000-0000-0000-0000002E9321}
T{00000000-0000-0000-0000-00000001C192}
T{00000000-0000-0000-0000-0000001389B0}
T{00000000-0000-0000-0000-000000043636}
T{00000000-0000-0000-0000-000000118E88}
T{00000000-0000-0000-0000-0000001A7825}
T{00000000-0000-0000-0000-00000009D784}
T{00000000-0000-0000-0000-0000002BD465}
T{00000000-0000-0000-0000-000000019835}
T{00000000-0000-0000-0000-0000000C4BCF}
T{00000000-0000-0000-0000-0000000CDF99}
T{00000000-0000-0000-0000-000000138851}
T{00000000-0000-0000-0000-000000022F92}
T{00000000-0000-0000-0000-0000000594F5}
T{00000000-0000-0000-0000-00000001A51B}
T{00000000-0000-0000-0000-0000003290C5}
T{00000000-0000-0000-0000-000000327A68}
T{00000000-0000-0000-0000-0000000E9B91}
T{00000000-0000-0000-0000-0000001DD31C}
T{00000000-0000-0000-0000-000000137DBB}
T{00000000-0000-0000-0000-000000294238}
T{00000000-0000-0000-0000-000000080ACA}
T{00000000-0000-0000-0000-00000021D56B}
T{00000000-0000-0000-0000-0000000ED126}
T{00000000-0000-0000-0000-000000325BB2}
T{00000000-0000-0000-0000-000000325A85}
T{00000000-0000-0000-0000-00000001A8F4}
T{00000000-0000-0000-0000-00000001AF3C}
T{00000000-0000-0000-0000-0000001838E3}
T{00000000-0000-0000-0000-00000024C9E0}
T{00000000-0000-0000-0000-00000021CAE8}
T{00000000-0000-0000-0000-00000013754A}
T{00000000-0000-0000-0000-000000051787}
T{00000000-0000-0000-0000-00000008C464}
T{00000000-0000-0000-0000-000000219172}
T{00000000-0000-0000-0000-0000000ADBDD}
T{00000000-0000-0000-0000-00000015A245}
T{00000000-0000-0000-0000-00000000E493}
T{00000000-0000-0000-0000-00000019F108}
T{00000000-0000-0000-0000-00000001B531}
T{00000000-0000-0000-0000-0000000E83C9}
T{00000000-0000-0000-0000-0000001573FA}
T{00000000-0000-0000-0000-00000014E7E7}
T{00000000-0000-0000-0000-0000002006F3}
T{00000000-0000-0000-0000-0000001B9F31}
T{00000000-0000-0000-0000-0000000E7925}
T{00000000-0000-0000-0000-000000154021}
T{00000000-0000-0000-0000-00000029C14F}
T{00000000-0000-0000-0000-0000000A0707}
T{00000000-0000-0000-0000-000000250969}
T{00000000-0000-0000-0000-00000002A506}
T{00000000-0000-0000-0000-0000001733BD}
T{00000000-0000-0000-0000-000000244EBD}
T{00000000-0000-0000-0000-00000025478C}
T{00000000-0000-0000-0000-00000020C34D}
T{00000000-0000-0000-0000-000000212706}
T{00000000-0000-0000-0000-0000000BB0DD}
T{00000000-0000-0000-0000-0000000307B5}
T{00000000-0000-0000-0000-0000000A8D18}
T{00000000-0000-0000-0000-0000002A19C4}
T{00000000-0000-0000-0000-000000336793}
T{00000000-0000-0000-0000-00000010567B}
T{00000000-0000-0000-0000-00000001C4BB}
T{00000000-0000-0000-0000-0000000FD663}
T{00000000-0000-0000-0000-00000026A1C7}
T{00000000-0000-0000-0000-00000026BDC4}
T{00000000-0000-0000-0000-00000005EA80}
T{00000000-0000-0000-0000-000000028823}
T{00000000-0000-0000-0000-0000000FFF9F}
T{00000000-0000-0000-0000-00000000EF5D}
T{00000000-0000-0000-0000-000000335F4A}
T{00000000-0000-0000-0000-0000000B7EF9}
T{00000000-0000-0000-0000-0000003156F8}
T{00000000-0000-0000-0000-000000118DFD}
T{00000000-0000-0000-0000-000000314A39}
T{00000000-0000-0000-0000-000000152BE0}
T{00000000-0000-0000-0000-000000150067}
T{00000000-0000-0000-0000-0000003148A3}
F{00000000-0000-0000-0000-000000096AB9}
T{00000000-0000-0000-0000-000000132EF8}
T{00000000-0000-0000-0000-00000029E569}
T{00000000-0000-0000-0000-0000003137D0}
T{00000000-0000-0000-0000-00000031312C}
T{00000000-0000-0000-0000-000000039E0B}
T{00000000-0000-0000-0000-000000132581}
T{00000000-0000-0000-0000-00000014FABD}
T{00000000-0000-0000-0000-00000001EC7F}
T{00000000-0000-0000-0000-0000000B09BA}
T{00000000-0000-0000-0000-00000014E663}
T{00000000-0000-0000-0000-0000000290AA}
T{00000000-0000-0000-0000-00000001FA64}
T{00000000-0000-0000-0000-0000002F0451}
T{00000000-0000-0000-0000-0000002327EC}
T{00000000-0000-0000-0000-000000207E34}
T{00000000-0000-0000-0000-0000000E648B}
T{00000000-0000-0000-0000-0000000C3ED6}
T{00000000-0000-0000-0000-000000207578}
T{00000000-0000-0000-0000-0000000C4B59}
T{00000000-0000-0000-0000-0000002041C0}
T{00000000-0000-0000-0000-00000012FC02}
T{00000000-0000-0000-0000-00000024A8BF}
T{00000000-0000-0000-0000-0000000203C2}
T{00000000-0000-0000-0000-0000001D50D9}
T{00000000-0000-0000-0000-000000201333}
T{00000000-0000-0000-0000-0000002F5139}
T{00000000-0000-0000-0000-00000012E0D1}
T{00000000-0000-0000-0000-0000002A8563}
T{00000000-0000-0000-0000-0000000A11FC}
T{00000000-0000-0000-0000-00000012D597}
T{00000000-0000-0000-0000-00000024C26F}
T{00000000-0000-0000-0000-00000030AA26}
T{00000000-0000-0000-0000-0000002902FC}
T{00000000-0000-0000-0000-0000000224D0}
T{00000000-0000-0000-0000-0000000ABEEA}
T{00000000-0000-0000-0000-0000002005AF}
T{00000000-0000-0000-0000-000000200384}
T{00000000-0000-0000-0000-000000146E07}
T{00000000-0000-0000-0000-0000002EB3BB}
T{00000000-0000-0000-0000-0000000E131D}
T{00000000-0000-0000-0000-0000000C4D94}
T{00000000-0000-0000-0000-0000000C435F}
T{00000000-0000-0000-0000-00000020C357}
T{00000000-0000-0000-0000-0000001298D6}
T{00000000-0000-0000-0000-000000022FC1}
T{00000000-0000-0000-0000-00000000F30D}
T{00000000-0000-0000-0000-000000301FD1}
T{00000000-0000-0000-0000-0000000E581C}
T{00000000-0000-0000-0000-00000014E39F}
T{00000000-0000-0000-0000-00000028C70F}
T{00000000-0000-0000-0000-000000197A47}
T{00000000-0000-0000-0000-00000031BD5D}
T{00000000-0000-0000-0000-0000001B8CDE}
T{00000000-0000-0000-0000-0000001FBE25}
T{00000000-0000-0000-0000-00000002783A}
T{00000000-0000-0000-0000-000000027841}
T{00000000-0000-0000-0000-00000000F403}
T{00000000-0000-0000-0000-0000001D391D}
T{00000000-0000-0000-0000-00000026535B}
T{00000000-0000-0000-0000-000000246145}
T{00000000-0000-0000-0000-000000059444}
T{00000000-0000-0000-0000-00000000F4CC}
T{00000000-0000-0000-0000-0000000278DB}
T{00000000-0000-0000-0000-0000000A2984}
T{00000000-0000-0000-0000-0000001F9A3A}
T{00000000-0000-0000-0000-0000002FBEF4}
T{00000000-0000-0000-0000-00000030EF6D}
T{00000000-0000-0000-0000-0000002BD8DA}
T{00000000-0000-0000-0000-0000001F7136}
T{00000000-0000-0000-0000-0000000D8D4F}
T{00000000-0000-0000-0000-0000001F1C74}
T{00000000-0000-0000-0000-0000002F9E2D}
T{00000000-0000-0000-0000-000000030110}
T{00000000-0000-0000-0000-0000001F1366}
T{00000000-0000-0000-0000-00000014B92C}
T{00000000-0000-0000-0000-000000010730}
T{00000000-0000-0000-0000-0000000E4AA8}
T{00000000-0000-0000-0000-00000024A9F3}
T{00000000-0000-0000-0000-00000002CB18}
T{00000000-0000-0000-0000-0000001493AF}
T{00000000-0000-0000-0000-0000001EFADF}
T{00000000-0000-0000-0000-0000002F7CFB}
T{00000000-0000-0000-0000-0000000C225D}
T{00000000-0000-0000-0000-0000000CBB3D}
T{00000000-0000-0000-0000-0000001ECDCC}
T{00000000-0000-0000-0000-0000001ECBD7}
T{00000000-0000-0000-0000-000000335C69}
T{00000000-0000-0000-0000-000000028BEA}
T{00000000-0000-0000-0000-0000002B507A}
T{00000000-0000-0000-0000-000000157E00}
T{00000000-0000-0000-0000-000000249146}
T{00000000-0000-0000-0000-0000001EAB7A}
T{00000000-0000-0000-0000-0000001AE2F6}
T{00000000-0000-0000-0000-00000009BBDA}
T{00000000-0000-0000-0000-0000002E2FFD}
T{00000000-0000-0000-0000-0000001EA2B9}
T{00000000-0000-0000-0000-0000002F463E}
T{00000000-0000-0000-0000-0000001021B6}
T{00000000-0000-0000-0000-000000249080}
T{00000000-0000-0000-0000-000000029296}
T{00000000-0000-0000-0000-0000002F3F28}
T{00000000-0000-0000-0000-0000001E9DB7}
T{00000000-0000-0000-0000-0000002F2324}
T{00000000-0000-0000-0000-000000030506}
T{00000000-0000-0000-0000-0000001E9031}
T{00000000-0000-0000-0000-000000148F7C}
T{00000000-0000-0000-0000-0000001E891C}
T{00000000-0000-0000-0000-000000310E30}
T{00000000-0000-0000-0000-0000001E806D}
T{00000000-0000-0000-0000-0000001E7765}
T{00000000-0000-0000-0000-0000002EFD08}
T{00000000-0000-0000-0000-0000002EFC5F}
T{00000000-0000-0000-0000-0000002E2D07}
T{00000000-0000-0000-0000-0000000E33A8}
T{00000000-0000-0000-0000-0000002EEC74}
T{00000000-0000-0000-0000-000000287893}
T{00000000-0000-0000-0000-00000002974E}
T{00000000-0000-0000-0000-000000148E3F}
T{00000000-0000-0000-0000-0000001204AC}
T{00000000-0000-0000-0000-0000000C5C8E}
T{00000000-0000-0000-0000-000000270A5A}
T{00000000-0000-0000-0000-0000000F94B1}
T{00000000-0000-0000-0000-0000001069BB}
T{00000000-0000-0000-0000-000000234BEA}
T{00000000-0000-0000-0000-0000000C76C8}
T{00000000-0000-0000-0000-00000011FE7F}
T{00000000-0000-0000-0000-0000002C5DB2}
T{00000000-0000-0000-0000-0000001C2EBF}
T{00000000-0000-0000-0000-0000002EC3A1}
T{00000000-0000-0000-0000-0000001E0592}
T{00000000-0000-0000-0000-0000002EC06A}
T{00000000-0000-0000-0000-000000098DC1}
T{00000000-0000-0000-0000-000000105E37}
T{00000000-0000-0000-0000-000000146786}
T{00000000-0000-0000-0000-0000002EB569}
T{00000000-0000-0000-0000-000000305281}
T{00000000-0000-0000-0000-0000001DD965}
T{00000000-0000-0000-0000-000000191C5B}
T{00000000-0000-0000-0000-0000001ECF46}
T{00000000-0000-0000-0000-0000001DD148}
T{00000000-0000-0000-0000-000000296716}
T{00000000-0000-0000-0000-0000000A8CE4}
T{00000000-0000-0000-0000-000000029BA2}
T{00000000-0000-0000-0000-00000011EAA7}
T{00000000-0000-0000-0000-0000002582A3}
T{00000000-0000-0000-0000-00000026D480}
T{00000000-0000-0000-0000-0000001DC35A}
T{00000000-0000-0000-0000-0000001D498E}
T{00000000-0000-0000-0000-00000028A15F}
T{00000000-0000-0000-0000-0000000127F6}
T{00000000-0000-0000-0000-000000059DC9}
T{00000000-0000-0000-0000-0000000A8EF8}
T{00000000-0000-0000-0000-0000000E2CE3}
T{00000000-0000-0000-0000-00000011E97B}
T{00000000-0000-0000-0000-0000002768FA}
T{00000000-0000-0000-0000-00000011E7D4}
T{00000000-0000-0000-0000-00000002C34C}
T{00000000-0000-0000-0000-000000012E4C}
T{00000000-0000-0000-0000-000000081045}
T{00000000-0000-0000-0000-0000002881CE}
T{00000000-0000-0000-0000-0000000A911B}
T{00000000-0000-0000-0000-000000234BC3}
T{00000000-0000-0000-0000-0000002A20EB}
T{00000000-0000-0000-0000-000000065CA1}
T{00000000-0000-0000-0000-000000013112}
T{00000000-0000-0000-0000-00000002C6FB}
T{00000000-0000-0000-0000-0000002E383E}
T{00000000-0000-0000-0000-0000000131D3}
T{00000000-0000-0000-0000-00000023E2AE}
T{00000000-0000-0000-0000-00000026DA2B}
T{00000000-0000-0000-0000-0000002E21D7}
T{00000000-0000-0000-0000-00000023BD41}
T{00000000-0000-0000-0000-00000011DB6D}
T{00000000-0000-0000-0000-000000253AA6}
T{00000000-0000-0000-0000-000000043F01}
T{00000000-0000-0000-0000-0000002E06A7}
T{00000000-0000-0000-0000-0000002E03A5}
T{00000000-0000-0000-0000-0000002E02A6}
T{00000000-0000-0000-0000-000000144E4D}
T{00000000-0000-0000-0000-00000002D5B9}
T{00000000-0000-0000-0000-0000000E2008}
T{00000000-0000-0000-0000-0000000C879D}
T{00000000-0000-0000-0000-00000009A3CE}
T{00000000-0000-0000-0000-000000243055}
T{00000000-0000-0000-0000-000000244987}
T{00000000-0000-0000-0000-00000016F385}
T{00000000-0000-0000-0000-00000020C0E0}
T{00000000-0000-0000-0000-0000003150EC}
T{00000000-0000-0000-0000-0000000E1D57}
T{00000000-0000-0000-0000-0000000F181F}
T{00000000-0000-0000-0000-000000282223}
T{00000000-0000-0000-0000-0000000BD680}
T{00000000-0000-0000-0000-0000001A9959}
F{00000000-0000-0000-0000-000000073239}
T{00000000-0000-0000-0000-00000002F86D}
T{00000000-0000-0000-0000-0000001442CD}
T{00000000-0000-0000-0000-0000000E1C7F}
T{00000000-0000-0000-0000-00000011B46F}
T{00000000-0000-0000-0000-0000000E1B31}
T{00000000-0000-0000-0000-000000118DE1}
T{00000000-0000-0000-0000-0000002D612E}
T{00000000-0000-0000-0000-00000016D764}
T{00000000-0000-0000-0000-0000000E5C4D}
T{00000000-0000-0000-0000-0000000C27A3}
T{00000000-0000-0000-0000-0000000F94A1}
T{00000000-0000-0000-0000-0000001F07B8}
T{00000000-0000-0000-0000-0000001A1AEA}
T{00000000-0000-0000-0000-000000148F29}
T{00000000-0000-0000-0000-0000001C7ADD}
T{00000000-0000-0000-0000-00000009EAD5}
T{00000000-0000-0000-0000-0000000AAB15}
T{00000000-0000-0000-0000-0000001D0401}
T{00000000-0000-0000-0000-0000000E1D19}
T{00000000-0000-0000-0000-000000119488}
T{00000000-0000-0000-0000-0000002D348F}
T{00000000-0000-0000-0000-0000000324C9}
T{00000000-0000-0000-0000-0000001FE8A0}
T{00000000-0000-0000-0000-0000002D2D1F}
T{00000000-0000-0000-0000-0000002CD81B}
T{00000000-0000-0000-0000-000000101BF4}
T{00000000-0000-0000-0000-0000002D0C18}
T{00000000-0000-0000-0000-000000167113}
T{00000000-0000-0000-0000-0000000ABF57}
T{00000000-0000-0000-0000-000000104231}
T{00000000-0000-0000-0000-0000000955DC}
T{00000000-0000-0000-0000-0000000E0F36}
T{00000000-0000-0000-0000-000000144EA0}
T{00000000-0000-0000-0000-000000106331}
T{00000000-0000-0000-0000-00000009A75C}
T{00000000-0000-0000-0000-0000002CE150}
T{00000000-0000-0000-0000-000000033B08}
T{00000000-0000-0000-0000-0000001BF1B8}
T{00000000-0000-0000-0000-0000001E13B9}
T{00000000-0000-0000-0000-000000116A55}
T{00000000-0000-0000-0000-000000034649}
T{00000000-0000-0000-0000-00000003484A}
T{00000000-0000-0000-0000-0000000DFA11}
T{00000000-0000-0000-0000-000000225F56}
T{00000000-0000-0000-0000-0000002CA500}
T{00000000-0000-0000-0000-00000011565E}
T{00000000-0000-0000-0000-00000011450A}
T{00000000-0000-0000-0000-00000013C022}
T{00000000-0000-0000-0000-0000000AEE23}
T{00000000-0000-0000-0000-0000000394D7}
T{00000000-0000-0000-0000-00000009F92A}
T{00000000-0000-0000-0000-00000005BD19}
T{00000000-0000-0000-0000-0000001B65DD}
T{00000000-0000-0000-0000-0000000E0F50}
T{00000000-0000-0000-0000-0000002C7EF2}
T{00000000-0000-0000-0000-00000007A97A}
T{00000000-0000-0000-0000-0000000C3A58}
T{00000000-0000-0000-0000-00000006E5CD}
T{00000000-0000-0000-0000-0000001CEFCE}
T{00000000-0000-0000-0000-0000001B3908}
T{00000000-0000-0000-0000-000000168925}
T{00000000-0000-0000-0000-0000000C8E35}
T{00000000-0000-0000-0000-00000005ECC1}
T{00000000-0000-0000-0000-00000003C8CB}
T{00000000-0000-0000-0000-00000003C048}
T{00000000-0000-0000-0000-0000000FD726}
T{00000000-0000-0000-0000-0000000AF4A6}
T{00000000-0000-0000-0000-0000002C4D02}
T{00000000-0000-0000-0000-00000003C95D}
T{00000000-0000-0000-0000-0000000FCF8B}
T{00000000-0000-0000-0000-00000008595A}
T{00000000-0000-0000-0000-00000003DC07}
T{00000000-0000-0000-0000-0000002C28C3}
T{00000000-0000-0000-0000-0000000FC78E}
T{00000000-0000-0000-0000-0000002C217E}
T{00000000-0000-0000-0000-000000332B33}
T{00000000-0000-0000-0000-0000001C3847}
T{00000000-0000-0000-0000-0000002C06EF}
T{00000000-0000-0000-0000-0000002C06BA}
T{00000000-0000-0000-0000-00000003F9FA}
T{00000000-0000-0000-0000-0000001E3540}
T{00000000-0000-0000-0000-00000012D86F}
T{00000000-0000-0000-0000-0000001937CB}
T{00000000-0000-0000-0000-00000005A0C6}
T{00000000-0000-0000-0000-0000002BD229}
T{00000000-0000-0000-0000-0000002BCFBB}
T{00000000-0000-0000-0000-0000001EF83E}
T{00000000-0000-0000-0000-000000060995}
T{00000000-0000-0000-0000-000000042C50}
T{00000000-0000-0000-0000-0000000DECB9}
T{00000000-0000-0000-0000-0000002BAC1F}
T{00000000-0000-0000-0000-0000000FBF69}
T{00000000-0000-0000-0000-0000001AACA7}
F{00000000-0000-0000-0000-000000047883}
T{00000000-0000-0000-0000-0000002B8DD1}
T{00000000-0000-0000-0000-0000002B7E3E}
T{00000000-0000-0000-0000-00000010A9BD}
T{00000000-0000-0000-0000-0000002B7A82}
T{00000000-0000-0000-0000-000000277686}
T{00000000-0000-0000-0000-0000001323D1}
T{00000000-0000-0000-0000-000000203417}
T{00000000-0000-0000-0000-00000021BDD3}
F{00000000-0000-0000-0000-0000000CF2D0}
T{00000000-0000-0000-0000-0000000D4145}
T{00000000-0000-0000-0000-0000002E41D2}
T{00000000-0000-0000-0000-0000001A0E4E}
T{00000000-0000-0000-0000-0000002B51DE}
T{00000000-0000-0000-0000-000000260F69}
T{00000000-0000-0000-0000-0000002DD42D}
T{00000000-0000-0000-0000-0000002B42AB}
T{00000000-0000-0000-0000-0000002C7BFD}
T{00000000-0000-0000-0000-000000234DCB}
T{00000000-0000-0000-0000-000000049F92}
T{00000000-0000-0000-0000-000000208A65}
T{00000000-0000-0000-0000-00000014BE69}
T{00000000-0000-0000-0000-00000004A91F}
T{00000000-0000-0000-0000-00000018B2B3}
T{00000000-0000-0000-0000-00000030C823}
T{00000000-0000-0000-0000-000000052FAB}
T{00000000-0000-0000-0000-000000335BCA}
T{00000000-0000-0000-0000-000000236411}
T{00000000-0000-0000-0000-0000001A4030}
T{00000000-0000-0000-0000-00000008911A}
T{00000000-0000-0000-0000-0000000B1140}
T{00000000-0000-0000-0000-0000002AF877}
T{00000000-0000-0000-0000-000000331FF1}
T{00000000-0000-0000-0000-0000001C666C}
T{00000000-0000-0000-0000-0000002ADBEC}
T{00000000-0000-0000-0000-00000007FC83}
T{00000000-0000-0000-0000-0000002AD855}
T{00000000-0000-0000-0000-0000000FB32B}
T{00000000-0000-0000-0000-0000001048EA}
T{00000000-0000-0000-0000-0000001717A2}
T{00000000-0000-0000-0000-0000000535EC}
T{00000000-0000-0000-0000-00000019A0E0}
T{00000000-0000-0000-0000-00000023DA6C}
T{00000000-0000-0000-0000-0000002FBA45}
T{00000000-0000-0000-0000-000000213B74}
T{00000000-0000-0000-0000-000000054162}
T{00000000-0000-0000-0000-00000005C199}
T{00000000-0000-0000-0000-0000001C41EA}
T{00000000-0000-0000-0000-0000002E9EED}
T{00000000-0000-0000-0000-00000024139A}
T{00000000-0000-0000-0000-0000001C4BDC}
T{00000000-0000-0000-0000-000000197A9A}
T{00000000-0000-0000-0000-00000005694B}
T{00000000-0000-0000-0000-000000197969}
T{00000000-0000-0000-0000-0000001A5D10}
T{00000000-0000-0000-0000-0000000EF72B}
T{00000000-0000-0000-0000-0000000597D0}
T{00000000-0000-0000-0000-000000140A73}
T{00000000-0000-0000-0000-000000059B96}
T{00000000-0000-0000-0000-0000000DFAF5}
T{00000000-0000-0000-0000-0000001956DB}
T{00000000-0000-0000-0000-00000010C93B}
T{00000000-0000-0000-0000-000000195134}
T{00000000-0000-0000-0000-0000000B8F76}
T{00000000-0000-0000-0000-00000005AA52}
T{00000000-0000-0000-0000-0000003171C7}
T{00000000-0000-0000-0000-00000009AFDF}
T{00000000-0000-0000-0000-0000002A7743}
T{00000000-0000-0000-0000-0000002A74E0}
T{00000000-0000-0000-0000-0000002AE708}
T{00000000-0000-0000-0000-00000019484E}
T{00000000-0000-0000-0000-0000000B2186}
T{00000000-0000-0000-0000-0000000FE70A}
T{00000000-0000-0000-0000-00000005E083}
T{00000000-0000-0000-0000-0000000B2A43}
T{00000000-0000-0000-0000-000000323AEC}
T{00000000-0000-0000-0000-0000002AF5A1}
T{00000000-0000-0000-0000-00000020F484}
T{00000000-0000-0000-0000-0000002A3BC9}
T{00000000-0000-0000-0000-00000012B2B2}
T{00000000-0000-0000-0000-00000011EAB7}
T{00000000-0000-0000-0000-000000321D26}
T{00000000-0000-0000-0000-0000002A1E41}
T{00000000-0000-0000-0000-0000000DE13D}
T{00000000-0000-0000-0000-0000000FDD08}
T{00000000-0000-0000-0000-0000001916C0}
T{00000000-0000-0000-0000-00000019161C}
T{00000000-0000-0000-0000-000000111F8E}
T{00000000-0000-0000-0000-00000018D14D}
T{00000000-0000-0000-0000-0000001174B7}
T{00000000-0000-0000-0000-0000000B6B56}
T{00000000-0000-0000-0000-0000002B47F4}
T{00000000-0000-0000-0000-0000001C8E42}
T{00000000-0000-0000-0000-000000077E9F}
