F{00000000-0000-0000-0000-00000026A7E0}
F{00000000-0000-0000-0000-00000029E184}
T{00000000-0000-0000-0000-0000001282E8}
T{00000000-0000-0000-0000-00000026A7E0}
T{00000000-0000-0000-0000-00000029E184}
T{00000000-0000-0000-0000-0000001282E8}
T{00000000-0000-0000-0000-000000304FF3}
T{00000000-0000-0000-0000-00000029E184}
T{00000000-0000-0000-0000-000000336480}
F{00000000-0000-0000-0000-0000002843CE}
T{00000000-0000-0000-0000-000000278875}
T{00000000-0000-0000-0000-0000001734A4}
T{00000000-0000-0000-0000-00000016D577}
T{00000000-0000-0000-0000-00000015BDE3}
T{00000000-0000-0000-0000-00000026A7E0}
F{00000000-0000-0000-0000-00000013EDBB}
F{00000000-0000-0000-0000-0000002A0033}
T{00000000-0000-0000-0000-0000001CFA3F}
T{00000000-0000-0000-0000-0000001282E8}
F{00000000-0000-0000-0000-0000000A5811}
F{00000000-0000-0000-0000-0000001AF208}
T{00000000-0000-0000-0000-0000002C76ED}
T{00000000-0000-0000-0000-0000000CF2D0}
F{00000000-0000-0000-0000-000000108B3B}
T{00000000-0000-0000-0000-0000002F0787}
T{00000000-0000-0000-0000-000000122CB0}
T{00000000-0000-0000-0000-00000000F5F7}
T{00000000-0000-0000-0000-0000001278AF}
T{00000000-0000-0000-0000-0000001282E8}
T{00000000-0000-0000-0000-00000016D577}
T{00000000-0000-0000-0000-0000001734A4}
T{00000000-0000-0000-0000-0000001CFA3F}
T{00000000-0000-0000-0000-0000002B3095}
T{00000000-0000-0000-0000-00000020EE51}
T{00000000-0000-0000-0000-0000002E1CB0}
T{00000000-0000-0000-0000-00000009E7CA}
T{00000000-0000-0000-0000-0000000A0AB0}
T{00000000-0000-0000-0000-00000000F5F7}
T{00000000-0000-0000-0000-0000001480CF}
T{00000000-0000-0000-0000-00000016CAB5}
T{00000000-0000-0000-0000-0000000FBAC1}
T{00000000-0000-0000-0000-000000315F1A}
T{00000000-0000-0000-0000-000000196798}
T{00000000-0000-0000-0000-0000002E3B0B}
T{00000000-0000-0000-0000-0000002627FA}
T{00000000-0000-0000-0000-000000031B83}
T{00000000-0000-0000-0000-000000297A3C}
T{00000000-0000-0000-0000-00000030858D}
T{00000000-0000-0000-0000-000000032BCD}
T{00000000-0000-0000-0000-0000002E2D1A}
T{00000000-0000-0000-0000-00000028544E}
T{00000000-0000-0000-0000-000000326D67}
T{00000000-0000-0000-0000-000000032C44}
T{00000000-0000-0000-0000-0000001A534C}
T{00000000-0000-0000-0000-0000000D513E}
T{00000000-0000-0000-0000-000000033818}
T{00000000-0000-0000-0000-0000001FFC00}
T{00000000-0000-0000-0000-000000034EC9}
T{00000000-0000-0000-0000-0000001388C0}
T{00000000-0000-0000-0000-00000026D8E3}
T{00000000-0000-0000-0000-000000333DDA}
T{00000000-0000-0000-0000-0000001A7F93}
T{00000000-0000-0000-0000-0000001719BD}
T{00000000-0000-0000-0000-000000034329}
T{00000000-0000-0000-0000-00000027B864}
T{00000000-0000-0000-0000-0000002D536B}
T{00000000-0000-0000-0000-000000168037}
T{00000000-0000-0000-0000-00000026ED6A}
T{00000000-0000-0000-0000-00000020680E}
T{00000000-0000-0000-0000-0000000B38BF}
T{00000000-0000-0000-0000-000000119F4A}
T{00000000-0000-0000-0000-000000037C4F}
T{00000000-0000-0000-0000-00000030D97F}
T{00000000-0000-0000-0000-00000011927D}
T{00000000-0000-0000-0000-0000000A1515}
T{00000000-0000-0000-0000-00000021EDD4}
T{00000000-0000-0000-0000-0000000AAC42}
T{00000000-0000-0000-0000-000000048C72}
T{00000000-0000-0000-0000-0000000C455E}
T{00000000-0000-0000-0000-0000001974CD}
T{00000000-0000-0000-0000-00000005E8C5}
T{00000000-0000-0000-0000-0000001778E3}
T{00000000-0000-0000-0000-0000002443C7}
T{00000000-0000-0000-0000-00000009D20A}
T{00000000-0000-0000-0000-000000299CC4}
T{00000000-0000-0000-0000-00000033E209}
T{00000000-0000-0000-0000-00000026C499}
T{00000000-0000-0000-0000-00000033DDF4}
T{00000000-0000-0000-0000-00000033C6A6}
T{00000000-0000-0000-0000-00000018B61C}
T{00000000-0000-0000-0000-00000018B371}
T{00000000-0000-0000-0000-00000033AF04}
T{00000000-0000-0000-0000-0000000EBF05}
T{00000000-0000-0000-0000-0000000FD6F4}
T{00000000-0000-0000-0000-00000018B304}
T{00000000-0000-0000-0000-00000018ADDC}
T{00000000-0000-0000-0000-00000033A9DE}
T{00000000-0000-0000-0000-000000339F1B}
T{00000000-0000-0000-0000-0000000B1219}
T{00000000-0000-0000-0000-00000018AD71}
T{00000000-0000-0000-0000-00000018A7BE}
T{00000000-0000-0000-0000-00000023BB1D}
T{00000000-0000-0000-0000-0000001A2594}
T{00000000-0000-0000-0000-0000003365C2}
T{00000000-0000-0000-0000-0000001882B4}
T{00000000-0000-0000-0000-0000003361CE}
T{00000000-0000-0000-0000-000000336110}
T{00000000-0000-0000-0000-0000000C838C}
T{00000000-0000-0000-0000-0000002E2B72}
T{00000000-0000-0000-0000-0000000D2954}
T{00000000-0000-0000-0000-00000018B027}
T{00000000-0000-0000-0000-00000016D89A}
F{00000000-0000-0000-0000-0000000AFFEF}
T{00000000-0000-0000-0000-0000003359F8}
T{00000000-0000-0000-0000-000000105622}
T{00000000-0000-0000-0000-000000329E12}
T{00000000-0000-0000-0000-000000183C86}
T{00000000-0000-0000-0000-0000000AF780}
T{00000000-0000-0000-0000-0000001837E2}
F{00000000-0000-0000-0000-00000024CE98}
T{00000000-0000-0000-0000-0000001830EA}
T{00000000-0000-0000-0000-0000002A865F}
T{00000000-0000-0000-0000-000000333529}
T{00000000-0000-0000-0000-000000183058}
T{00000000-0000-0000-0000-000000182B26}
T{00000000-0000-0000-0000-0000001E4D51}
T{00000000-0000-0000-0000-000000332365}
T{00000000-0000-0000-0000-000000332107}
T{00000000-0000-0000-0000-0000000ADC23}
T{00000000-0000-0000-0000-000000270B88}
T{00000000-0000-0000-0000-0000000AD714}
T{00000000-0000-0000-0000-0000001817C0}
