T{00000000-0000-0000-0000-0000002843CE}
T{00000000-0000-0000-0000-00000021855A}
T{00000000-0000-0000-0000-000000090872}
T{00000000-0000-0000-0000-0000000AC34F}
T{00000000-0000-0000-0000-00000001A4B8}
T{00000000-0000-0000-0000-00000002D6CE}
T{00000000-0000-0000-0000-000000334A1E}
T{00000000-0000-0000-0000-000000167F15}
T{00000000-0000-0000-0000-0000000977BA}
T{00000000-0000-0000-0000-000000029272}
T{00000000-0000-0000-0000-000000010ABD}
T{00000000-0000-0000-0000-00000022FC35}
T{00000000-0000-0000-0000-000000125F54}
T{00000000-0000-0000-0000-0000002B59AA}
T{00000000-0000-0000-0000-00000021DB21}
T{00000000-0000-0000-0000-0000002301DA}
T{00000000-0000-0000-0000-00000013E506}
T{00000000-0000-0000-0000-00000006DA0D}
T{00000000-0000-0000-0000-000000216A40}
T{00000000-0000-0000-0000-0000001D1F02}
T{00000000-0000-0000-0000-000000028B01}
T{00000000-0000-0000-0000-00000002EB21}
T{00000000-0000-0000-0000-0000002BB78A}
T{00000000-0000-0000-0000-000000032A81}
T{00000000-0000-0000-0000-000000135FB9}
T{00000000-0000-0000-0000-000000069126}
T{00000000-0000-0000-0000-000000076840}
T{00000000-0000-0000-0000-0000000804CA}
T{00000000-0000-0000-0000-000000147F5A}
T{00000000-0000-0000-0000-000000097636}
T{00000000-0000-0000-0000-000000244DB6}
T{00000000-0000-0000-0000-000000047CB1}
T{00000000-0000-0000-0000-0000002655A0}
T{00000000-0000-0000-0000-0000002654B2}
T{00000000-0000-0000-0000-00000000A0DB}
T{00000000-0000-0000-0000-000000048DA0}
T{00000000-0000-0000-0000-000000215BF5}
T{00000000-0000-0000-0000-0000003355D6}
T{00000000-0000-0000-0000-000000031925}
T{00000000-0000-0000-0000-0000001BAAE6}
T{00000000-0000-0000-0000-000000199A5F}
T{00000000-0000-0000-0000-00000005FDCA}
T{00000000-0000-0000-0000-0000002B6DAE}
T{00000000-0000-0000-0000-0000002EB572}
T{00000000-0000-0000-0000-000000321595}
T{00000000-0000-0000-0000-0000001CF128}
T{00000000-0000-0000-0000-00000022D4F8}
T{00000000-0000-0000-0000-000000011B19}
T{00000000-0000-0000-0000-0000002B6616}
T{00000000-0000-0000-0000-000000148746}
T{00000000-0000-0000-0000-000000027944}
T{00000000-0000-0000-0000-000000171C5D}
T{00000000-0000-0000-0000-0000001C7B17}
T{00000000-0000-0000-0000-000000318867}
T{00000000-0000-0000-0000-0000002D0A1C}
T{00000000-0000-0000-0000-000000088D2F}
T{00000000-0000-0000-0000-000000313FDF}
T{00000000-0000-0000-0000-0000001EA2C0}
T{00000000-0000-0000-0000-000000156961}
T{00000000-0000-0000-0000-00000006A340}
T{00000000-0000-0000-0000-0000000FD935}
T{00000000-0000-0000-0000-0000000B8D46}
T{00000000-0000-0000-0000-0000002DC1A8}
T{00000000-0000-0000-0000-0000000334EF}
F{00000000-0000-0000-0000-00000008DE54}
T{00000000-0000-0000-0000-0000002350CC}
T{00000000-0000-0000-0000-000000033697}
T{00000000-0000-0000-0000-0000002F81C4}
T{00000000-0000-0000-0000-00000000B029}
T{00000000-0000-0000-0000-0000000592AC}
T{00000000-0000-0000-0000-000000268175}
T{00000000-0000-0000-0000-000000248FB1}
T{00000000-0000-0000-0000-0000002A6EF1}
T{00000000-0000-0000-0000-0000001DD373}
T{00000000-0000-0000-0000-000000091CFD}
T{00000000-0000-0000-0000-000000138055}
T{00000000-0000-0000-0000-000000152DBE}
T{00000000-0000-0000-0000-00000020F530}
T{00000000-0000-0000-0000-00000001A038}
T{00000000-0000-0000-0000-0000000213AC}
T{00000000-0000-0000-0000-00000000C66B}
T{00000000-0000-0000-0000-0000001C7100}
T{00000000-0000-0000-0000-00000009DB7E}
T{00000000-0000-0000-0000-000000091C36}
T{00000000-0000-0000-0000-0000002B1349}
T{00000000-0000-0000-0000-00000000C85C}
T{00000000-0000-0000-0000-000000074C2A}
T{00000000-0000-0000-0000-0000001C43DD}
T{00000000-0000-0000-0000-0000002802D9}
T{00000000-0000-0000-0000-000000013379}
T{00000000-0000-0000-0000-00000009BB9B}
T{00000000-0000-0000-0000-000000213B13}
T{00000000-0000-0000-0000-0000001CF90F}
T{00000000-0000-0000-0000-0000000CE287}
T{00000000-0000-0000-0000-000000033A9F}
T{00000000-0000-0000-0000-00000017083A}
T{00000000-0000-0000-0000-0000002ADED6}
T{00000000-0000-0000-0000-00000004CC8A}
T{00000000-0000-0000-0000-00000030E6F7}
T{00000000-0000-0000-0000-00000025D734}
T{00000000-0000-0000-0000-000000330CF4}
T{00000000-0000-0000-0000-00000006F9C6}
T{00000000-0000-0000-0000-00000009F821}
T{00000000-0000-0000-0000-0000001BB7B5}
T{00000000-0000-0000-0000-00000020BA87}
T{00000000-0000-0000-0000-000000028E2D}
T{00000000-0000-0000-0000-00000012B2DC}
T{00000000-0000-0000-0000-0000001D9FF4}
T{00000000-0000-0000-0000-0000002ACA97}
T{00000000-0000-0000-0000-00000025D311}
T{00000000-0000-0000-0000-000000138989}
T{00000000-0000-0000-0000-00000025D2A9}
T{00000000-0000-0000-0000-000000065A6C}
T{00000000-0000-0000-0000-0000000D8138}
T{00000000-0000-0000-0000-0000002C0FA0}
T{00000000-0000-0000-0000-00000000DE8C}
T{00000000-0000-0000-0000-00000023D28B}
T{00000000-0000-0000-0000-0000002AB7DF}
T{00000000-0000-0000-0000-000000251942}
T{00000000-0000-0000-0000-0000001713CD}
T{00000000-0000-0000-0000-000000139551}
T{00000000-0000-0000-0000-0000001445D8}
T{00000000-0000-0000-0000-0000000914D8}
T{00000000-0000-0000-0000-0000000EBD37}
T{00000000-0000-0000-0000-0000000E546D}
T{00000000-0000-0000-0000-000000209AD2}
T{00000000-0000-0000-0000-0000001BB200}
T{00000000-0000-0000-0000-0000002A9F2E}
T{00000000-0000-0000-0000-000000043FA8}
T{00000000-0000-0000-0000-000000287886}
T{00000000-0000-0000-0000-00000013A82E}
T{00000000-0000-0000-0000-00000004CEEF}
T{00000000-0000-0000-0000-00000013A8DC}
T{00000000-0000-0000-0000-0000002736F1}
T{00000000-0000-0000-0000-00000013152B}
T{00000000-0000-0000-0000-00000033D857}
T{00000000-0000-0000-0000-0000000231D2}
T{00000000-0000-0000-0000-0000002A8567}
T{00000000-0000-0000-0000-000000258366}
T{00000000-0000-0000-0000-0000001675CD}
T{00000000-0000-0000-0000-0000002A84DF}
T{00000000-0000-0000-0000-000000237F3D}
T{00000000-0000-0000-0000-0000002A7B4E}
T{00000000-0000-0000-0000-0000002A7AD4}
T{00000000-0000-0000-0000-00000007B89D}
T{00000000-0000-0000-0000-0000002088CF}
T{00000000-0000-0000-0000-000000257932}
T{00000000-0000-0000-0000-0000002578FB}
T{00000000-0000-0000-0000-0000002D1AA3}
T{00000000-0000-0000-0000-0000000CE303}
T{00000000-0000-0000-0000-0000000DA58A}
T{00000000-0000-0000-0000-0000002A7318}
T{00000000-0000-0000-0000-00000017158F}
T{00000000-0000-0000-0000-00000013ECB4}
T{00000000-0000-0000-0000-0000001AACEE}
T{00000000-0000-0000-0000-00000013FDB8}
T{00000000-0000-0000-0000-00000017183E}
T{00000000-0000-0000-0000-00000008A1FF}
T{00000000-0000-0000-0000-00000014930C}
T{00000000-0000-0000-0000-000000018F25}
T{00000000-0000-0000-0000-000000048DE2}
F{00000000-0000-0000-0000-000000047517}
T{00000000-0000-0000-0000-000000038939}
T{00000000-0000-0000-0000-0000001C284A}
T{00000000-0000-0000-0000-000000201F5D}
T{00000000-0000-0000-0000-0000001D9DB3}
T{00000000-0000-0000-0000-000000019710}
T{00000000-0000-0000-0000-000000146E62}
T{00000000-0000-0000-0000-00000022473F}
T{00000000-0000-0000-0000-000000174B17}
T{00000000-0000-0000-0000-0000000BE0B8}
T{00000000-0000-0000-0000-00000008D824}
T{00000000-0000-0000-0000-00000000EDFF}
T{00000000-0000-0000-0000-000000148FFB}
T{00000000-0000-0000-0000-0000000BAB2E}
T{00000000-0000-0000-0000-00000014929E}
T{00000000-0000-0000-0000-0000002A10C0}
T{00000000-0000-0000-0000-00000011BF00}
T{00000000-0000-0000-0000-000000200B10}
T{00000000-0000-0000-0000-0000002E0398}
T{00000000-0000-0000-0000-000000063526}
T{00000000-0000-0000-0000-00000001079B}
T{00000000-0000-0000-0000-0000001929A1}
T{00000000-0000-0000-0000-000000038CB9}
T{00000000-0000-0000-0000-00000008B3F6}
T{00000000-0000-0000-0000-0000000C5C6D}
T{00000000-0000-0000-0000-00000001A04A}
T{00000000-0000-0000-0000-00000029EB16}
T{00000000-0000-0000-0000-0000000FA82D}
T{00000000-0000-0000-0000-00000027A92A}
T{00000000-0000-0000-0000-0000000D97A8}
T{00000000-0000-0000-0000-0000001C4B1C}
T{00000000-0000-0000-0000-0000002E037C}
T{00000000-0000-0000-0000-0000000CA14E}
T{00000000-0000-0000-0000-00000027899E}
T{00000000-0000-0000-0000-0000000EF66F}
T{00000000-0000-0000-0000-0000000C4A02}
T{00000000-0000-0000-0000-000000200A89}
T{00000000-0000-0000-0000-00000001A851}
T{00000000-0000-0000-0000-0000000C367E}
T{00000000-0000-0000-0000-00000012E67F}
T{00000000-0000-0000-0000-00000029C979}
T{00000000-0000-0000-0000-0000000FE3AE}
T{00000000-0000-0000-0000-0000000C1DCA}
T{00000000-0000-0000-0000-0000003080F1}
T{00000000-0000-0000-0000-0000000C17BA}
T{00000000-0000-0000-0000-00000004E57A}
T{00000000-0000-0000-0000-000000175010}
T{00000000-0000-0000-0000-00000004EB9D}
T{00000000-0000-0000-0000-000000163148}
T{00000000-0000-0000-0000-0000000EBEF6}
T{00000000-0000-0000-0000-0000001111EB}
T{00000000-0000-0000-0000-0000000CD9B2}
T{00000000-0000-0000-0000-00000030BA69}
T{00000000-0000-0000-0000-00000005ED27}
T{00000000-0000-0000-0000-0000000EBF01}
T{00000000-0000-0000-0000-00000010AD5B}
T{00000000-0000-0000-0000-0000000F0447}
T{00000000-0000-0000-0000-000000243AA3}
