T{00000000-0000-0000-0000-0000002843CE}
T{00000000-0000-0000-0000-000000047517}
T{00000000-0000-0000-0000-00000008DE54}
T{00000000-0000-0000-0000-0000001BCC51}
T{00000000-0000-0000-0000-00000003CDE0}
T{00000000-0000-0000-0000-000000004AB4}
T{00000000-0000-0000-0000-0000002A3E51}
T{00000000-0000-0000-0000-0000002518B0}
T{00000000-0000-0000-0000-00000015B5F2}
T{00000000-0000-0000-0000-00000025E244}
T{00000000-0000-0000-0000-00000016554C}
T{00000000-0000-0000-0000-00000006C6BE}
T{00000000-0000-0000-0000-0000002737FC}
T{00000000-0000-0000-0000-000000122427}
T{00000000-0000-0000-0000-00000014A3DF}
T{00000000-0000-0000-0000-0000001C7B47}
T{00000000-0000-0000-0000-0000000B1084}
T{00000000-0000-0000-0000-0000001C8BC0}
T{00000000-0000-0000-0000-0000001CF32C}
T{00000000-0000-0000-0000-000000263391}
T{00000000-0000-0000-0000-000000048FF1}
T{00000000-0000-0000-0000-0000001C8F02}
T{00000000-0000-0000-0000-0000002E2FAF}
T{00000000-0000-0000-0000-00000005D69A}
T{00000000-0000-0000-0000-0000001DA94C}
T{00000000-0000-0000-0000-0000002006F9}
T{00000000-0000-0000-0000-0000001842C4}
T{00000000-0000-0000-0000-00000017C277}
T{00000000-0000-0000-0000-00000015A631}
T{00000000-0000-0000-0000-000000010D04}
T{00000000-0000-0000-0000-000000277E96}
T{00000000-0000-0000-0000-00000010420C}
T{00000000-0000-0000-0000-00000025CA59}
T{00000000-0000-0000-0000-00000029F9DC}
T{00000000-0000-0000-0000-0000002E9EE7}
T{00000000-0000-0000-0000-000000165983}
T{00000000-0000-0000-0000-00000025BC0D}
T{00000000-0000-0000-0000-0000000C2DA1}
T{00000000-0000-0000-0000-000000122E7A}
T{00000000-0000-0000-0000-0000000DD4ED}
T{00000000-0000-0000-0000-000000165C49}
T{00000000-0000-0000-0000-0000002217F8}
T{00000000-0000-0000-0000-000000166870}
T{00000000-0000-0000-0000-0000002211D5}
T{00000000-0000-0000-0000-000000006185}
T{00000000-0000-0000-0000-00000004F2C0}
T{00000000-0000-0000-0000-0000001AEF13}
T{00000000-0000-0000-0000-00000020FF69}
T{00000000-0000-0000-0000-0000002F9618}
T{00000000-0000-0000-0000-0000001AF87C}
T{00000000-0000-0000-0000-0000001B6B44}
T{00000000-0000-0000-0000-000000005195}
T{00000000-0000-0000-0000-0000002CF09F}
T{00000000-0000-0000-0000-0000001AC3C9}
T{00000000-0000-0000-0000-0000000304B6}
T{00000000-0000-0000-0000-00000029D3E1}
T{00000000-0000-0000-0000-0000000FB28B}
T{00000000-0000-0000-0000-000000167230}
T{00000000-0000-0000-0000-00000003152B}
T{00000000-0000-0000-0000-000000005550}
T{00000000-0000-0000-0000-000000167244}
T{00000000-0000-0000-0000-00000004C492}
T{00000000-0000-0000-0000-0000002205A3}
T{00000000-0000-0000-0000-0000002204A2}
T{00000000-0000-0000-0000-000000209AAF}
T{00000000-0000-0000-0000-0000001B01CB}
T{00000000-0000-0000-0000-000000006802}
T{00000000-0000-0000-0000-0000000FF60F}
T{00000000-0000-0000-0000-00000023DCAB}
T{00000000-0000-0000-0000-000000260634}
T{00000000-0000-0000-0000-0000001D431B}
T{00000000-0000-0000-0000-00000029B301}
T{00000000-0000-0000-0000-0000001398AA}
T{00000000-0000-0000-0000-000000040FA5}
T{00000000-0000-0000-0000-000000234B41}
T{00000000-0000-0000-0000-000000093395}
T{00000000-0000-0000-0000-000000094458}
T{00000000-0000-0000-0000-000000087B29}
T{00000000-0000-0000-0000-000000240ED2}
T{00000000-0000-0000-0000-00000021EADC}
T{00000000-0000-0000-0000-00000026C688}
T{00000000-0000-0000-0000-000000124F32}
T{00000000-0000-0000-0000-00000021E6D0}
T{00000000-0000-0000-0000-00000004BE70}
T{00000000-0000-0000-0000-000000069FDF}
T{00000000-0000-0000-0000-000000048343}
T{00000000-0000-0000-0000-00000008FF28}
T{00000000-0000-0000-0000-0000001B2068}
T{00000000-0000-0000-0000-0000001A5377}
T{00000000-0000-0000-0000-0000002553EB}
T{00000000-0000-0000-0000-000000167340}
T{00000000-0000-0000-0000-000000007938}
T{00000000-0000-0000-0000-000000299A46}
T{00000000-0000-0000-0000-00000000604F}
T{00000000-0000-0000-0000-000000171858}
T{00000000-0000-0000-0000-000000107C63}
F{00000000-0000-0000-0000-0000000CAFAA}
T{00000000-0000-0000-0000-0000001C5FFE}
T{00000000-0000-0000-0000-0000002709AF}
T{00000000-0000-0000-0000-0000001FE7ED}
F{00000000-0000-0000-0000-00000026F535}
T{00000000-0000-0000-0000-000000271B41}
T{00000000-0000-0000-0000-0000002998F7}
T{00000000-0000-0000-0000-0000000062F0}
T{00000000-0000-0000-0000-0000001ABA49}
T{00000000-0000-0000-0000-0000000D08E5}
T{00000000-0000-0000-0000-000000006D7B}
T{00000000-0000-0000-0000-000000320036}
T{00000000-0000-0000-0000-000000049E60}
T{00000000-0000-0000-0000-000000209262}
T{00000000-0000-0000-0000-000000254425}
T{00000000-0000-0000-0000-0000001260DA}
T{00000000-0000-0000-0000-00000017143E}
T{00000000-0000-0000-0000-0000000F1793}
T{00000000-0000-0000-0000-000000179990}
T{00000000-0000-0000-0000-0000001B5C70}
T{00000000-0000-0000-0000-000000137E88}
T{00000000-0000-0000-0000-00000021DDE9}
T{00000000-0000-0000-0000-00000030292D}
T{00000000-0000-0000-0000-00000002BAC9}
T{00000000-0000-0000-0000-000000298396}
T{00000000-0000-0000-0000-0000001E3028}
T{00000000-0000-0000-0000-00000001B323}
T{00000000-0000-0000-0000-00000024C2C4}
T{00000000-0000-0000-0000-00000021D538}
T{00000000-0000-0000-0000-0000000FD379}
T{00000000-0000-0000-0000-00000020C7F6}
T{00000000-0000-0000-0000-0000002FBC82}
T{00000000-0000-0000-0000-00000008F299}
T{00000000-0000-0000-0000-0000001FDB97}
T{00000000-0000-0000-0000-000000127E82}
T{00000000-0000-0000-0000-000000128102}
T{00000000-0000-0000-0000-00000008E0F9}
T{00000000-0000-0000-0000-0000001C27C6}
T{00000000-0000-0000-0000-000000233D90}
T{00000000-0000-0000-0000-000000296564}
T{00000000-0000-0000-0000-0000000478C7}
T{00000000-0000-0000-0000-000000037C08}
T{00000000-0000-0000-0000-000000031320}
T{00000000-0000-0000-0000-0000001BA81F}
T{00000000-0000-0000-0000-000000292878}
T{00000000-0000-0000-0000-0000002BA127}
T{00000000-0000-0000-0000-000000031362}
T{00000000-0000-0000-0000-00000024E792}
T{00000000-0000-0000-0000-00000014868B}
T{00000000-0000-0000-0000-000000291F5A}
T{00000000-0000-0000-0000-00000008C51B}
T{00000000-0000-0000-0000-00000018D66F}
T{00000000-0000-0000-0000-00000012D2A3}
T{00000000-0000-0000-0000-0000001CAAF4}
T{00000000-0000-0000-0000-000000292162}
T{00000000-0000-0000-0000-0000001D9AAB}
T{00000000-0000-0000-0000-00000012E04C}
T{00000000-0000-0000-0000-0000000CEF32}
T{00000000-0000-0000-0000-0000000D9F8F}
T{00000000-0000-0000-0000-00000025217B}
T{00000000-0000-0000-0000-0000000BA9FB}
T{00000000-0000-0000-0000-00000020EE6C}
T{00000000-0000-0000-0000-0000000126A8}
T{00000000-0000-0000-0000-000000324146}
T{00000000-0000-0000-0000-00000012FB9E}
T{00000000-0000-0000-0000-00000019AD8A}
T{00000000-0000-0000-0000-0000000821BC}
T{00000000-0000-0000-0000-0000002E262E}
T{00000000-0000-0000-0000-00000025A6CD}
T{00000000-0000-0000-0000-000000193212}
T{00000000-0000-0000-0000-0000002E6EF4}
T{00000000-0000-0000-0000-000000220B3D}
T{00000000-0000-0000-0000-0000001EA08F}
T{00000000-0000-0000-0000-000000207653}
T{00000000-0000-0000-0000-0000000ED444}
T{00000000-0000-0000-0000-00000028EF2F}
T{00000000-0000-0000-0000-00000028EEF1}
T{00000000-0000-0000-0000-00000021A404}
T{00000000-0000-0000-0000-00000000B68C}
T{00000000-0000-0000-0000-00000007124A}
T{00000000-0000-0000-0000-0000000D48EA}
T{00000000-0000-0000-0000-0000001B54CC}
T{00000000-0000-0000-0000-00000031A88B}
T{00000000-0000-0000-0000-0000000316C7}
T{00000000-0000-0000-0000-0000000D8AD8}
T{00000000-0000-0000-0000-00000028CCE8}
T{00000000-0000-0000-0000-00000008A962}
T{00000000-0000-0000-0000-000000167D88}
T{00000000-0000-0000-0000-000000213B22}
T{00000000-0000-0000-0000-00000009D67F}
T{00000000-0000-0000-0000-0000002E40E3}
T{00000000-0000-0000-0000-0000000F020F}
T{00000000-0000-0000-0000-000000167FC3}
T{00000000-0000-0000-0000-0000001DA2CE}
T{00000000-0000-0000-0000-00000028C612}
T{00000000-0000-0000-0000-00000022CDC0}
T{00000000-0000-0000-0000-0000001945E2}
T{00000000-0000-0000-0000-0000002E00AF}
T{00000000-0000-0000-0000-0000000323EB}
T{00000000-0000-0000-0000-0000001346D0}
T{00000000-0000-0000-0000-00000028B011}
T{00000000-0000-0000-0000-00000005A978}
T{00000000-0000-0000-0000-000000134721}
T{00000000-0000-0000-0000-000000321648}
T{00000000-0000-0000-0000-000000008C68}
T{00000000-0000-0000-0000-0000002ED088}
T{00000000-0000-0000-0000-0000001B5C93}
T{00000000-0000-0000-0000-0000001681B3}
T{00000000-0000-0000-0000-0000001A143C}
T{00000000-0000-0000-0000-000000067730}
T{00000000-0000-0000-0000-000000166874}
T{00000000-0000-0000-0000-000000083D43}
T{00000000-0000-0000-0000-0000000096E3}
T{00000000-0000-0000-0000-0000002D5BA3}
T{00000000-0000-0000-0000-000000194787}
T{00000000-0000-0000-0000-00000019B2C9}
T{00000000-0000-0000-0000-0000001C6F76}
T{00000000-0000-0000-0000-0000002D7157}
T{00000000-0000-0000-0000-00000016A724}
T{00000000-0000-0000-0000-0000002995E2}
T{00000000-0000-0000-0000-000000298C1E}
T{00000000-0000-0000-0000-0000000526D0}
T{00000000-0000-0000-0000-0000001363C8}
T{00000000-0000-0000-0000-00000029A5E0}
T{00000000-0000-0000-0000-00000024E76B}
T{00000000-0000-0000-0000-0000001C4442}
T{00000000-0000-0000-0000-00000028988B}
T{00000000-0000-0000-0000-000000194966}
T{00000000-0000-0000-0000-0000001919B7}
T{00000000-0000-0000-0000-000000246908}
T{00000000-0000-0000-0000-00000020F2D8}
T{00000000-0000-0000-0000-000000288A42}
T{00000000-0000-0000-0000-00000000ACA6}
T{00000000-0000-0000-0000-00000008DE54}
T{00000000-0000-0000-0000-00000004F5F1}
T{00000000-0000-0000-0000-00000024DC13}
T{00000000-0000-0000-0000-0000001FE649}
T{00000000-0000-0000-0000-000000066024}
T{00000000-0000-0000-0000-00000000AF9B}
T{00000000-0000-0000-0000-0000000FC907}
T{00000000-0000-0000-0000-0000002B8A51}
T{00000000-0000-0000-0000-0000000E3A6D}
T{00000000-0000-0000-0000-0000000F6F30}
T{00000000-0000-0000-0000-0000001372CE}
T{00000000-0000-0000-0000-0000000D333F}
T{00000000-0000-0000-0000-0000000F1799}
T{00000000-0000-0000-0000-0000000669F7}
T{00000000-0000-0000-0000-00000016A7DB}
T{00000000-0000-0000-0000-0000001972CE}
T{00000000-0000-0000-0000-000000287843}
F{00000000-0000-0000-0000-000000285C2A}
T{00000000-0000-0000-0000-0000001B6EF6}
T{00000000-0000-0000-0000-00000030E904}
T{00000000-0000-0000-0000-00000000B512}
T{00000000-0000-0000-0000-000000270979}
T{00000000-0000-0000-0000-00000001C250}
T{00000000-0000-0000-0000-0000000811FB}
T{00000000-0000-0000-0000-000000080D3D}
T{00000000-0000-0000-0000-000000283F32}
T{00000000-0000-0000-0000-0000002836F3}
T{00000000-0000-0000-0000-000000269292}
T{00000000-0000-0000-0000-000000086695}
T{00000000-0000-0000-0000-00000000BB92}
T{00000000-0000-0000-0000-0000000F16A3}
T{00000000-0000-0000-0000-0000000B207D}
T{00000000-0000-0000-0000-00000024C99F}
T{00000000-0000-0000-0000-00000007F1FD}
T{00000000-0000-0000-0000-00000024C85E}
T{00000000-0000-0000-0000-00000003FB24}
T{00000000-0000-0000-0000-00000012A6B9}
T{00000000-0000-0000-0000-00000024C2E5}
T{00000000-0000-0000-0000-00000007F0B1}
T{00000000-0000-0000-0000-00000018AEF2}
T{00000000-0000-0000-0000-00000007F0A5}
T{00000000-0000-0000-0000-000000138983}
T{00000000-0000-0000-0000-00000033931C}
T{00000000-0000-0000-0000-00000006634F}
T{00000000-0000-0000-0000-000000282AB5}
T{00000000-0000-0000-0000-00000000C8EC}
T{00000000-0000-0000-0000-0000002D3412}
T{00000000-0000-0000-0000-00000019ED9F}
T{00000000-0000-0000-0000-0000002267C9}
T{00000000-0000-0000-0000-0000001FA947}
T{00000000-0000-0000-0000-0000002F42E0}
T{00000000-0000-0000-0000-0000000DB941}
T{00000000-0000-0000-0000-0000001DC846}
T{00000000-0000-0000-0000-00000019A9D7}
T{00000000-0000-0000-0000-0000000EE0FB}
T{00000000-0000-0000-0000-000000281EF9}
F{00000000-0000-0000-0000-0000001EA152}
T{00000000-0000-0000-0000-000000040A67}
T{00000000-0000-0000-0000-000000339597}
F{00000000-0000-0000-0000-00000000D30C}
T{00000000-0000-0000-0000-0000001FB306}
T{00000000-0000-0000-0000-00000008CBD3}
T{00000000-0000-0000-0000-00000016B4C3}
T{00000000-0000-0000-0000-000000142AFA}
T{00000000-0000-0000-0000-0000001C287C}
T{00000000-0000-0000-0000-000000281B23}
T{00000000-0000-0000-0000-0000000A6741}
F{00000000-0000-0000-0000-0000001B5DFD}
T{00000000-0000-0000-0000-0000001D11C1}
T{00000000-0000-0000-0000-000000040F4E}
T{00000000-0000-0000-0000-000000215348}
T{00000000-0000-0000-0000-00000028049F}
T{00000000-0000-0000-0000-00000007CA58}
T{00000000-0000-0000-0000-0000001F248A}
T{00000000-0000-0000-0000-000000248370}
T{00000000-0000-0000-0000-00000016C483}
T{00000000-0000-0000-0000-00000005B5E6}
T{00000000-0000-0000-0000-0000000411D2}
T{00000000-0000-0000-0000-00000007E567}
T{00000000-0000-0000-0000-0000002EDF9D}
T{00000000-0000-0000-0000-000000306354}
T{00000000-0000-0000-0000-0000002ED065}
F{00000000-0000-0000-0000-00000020AC91}
T{00000000-0000-0000-0000-0000002389C9}
T{00000000-0000-0000-0000-0000002ECDE4}
T{00000000-0000-0000-0000-0000002404ED}
T{00000000-0000-0000-0000-00000024B6F2}
T{00000000-0000-0000-0000-0000002ECC1F}
T{00000000-0000-0000-0000-00000024B515}
T{00000000-0000-0000-0000-00000024AB7D}
T{00000000-0000-0000-0000-00000027ED77}
T{00000000-0000-0000-0000-0000002EC345}
T{00000000-0000-0000-0000-00000000E3FE}
T{00000000-0000-0000-0000-0000002B25A6}
T{00000000-0000-0000-0000-00000024A6E0}
T{00000000-0000-0000-0000-0000000FD6BB}
T{00000000-0000-0000-0000-00000027D4EC}
T{00000000-0000-0000-0000-0000000C18FD}
T{00000000-0000-0000-0000-0000000D1C66}
T{00000000-0000-0000-0000-0000000A09D9}
T{00000000-0000-0000-0000-0000002EB124}
T{00000000-0000-0000-0000-0000000BF87B}
T{00000000-0000-0000-0000-0000000DB9CC}
T{00000000-0000-0000-0000-0000000CF806}
T{00000000-0000-0000-0000-00000027C73E}
F{00000000-0000-0000-0000-00000024A6D8}
T{00000000-0000-0000-0000-0000002E94D3}
T{00000000-0000-0000-0000-0000000E10E2}
T{00000000-0000-0000-0000-0000002E94C2}
T{00000000-0000-0000-0000-000000108FAF}
T{00000000-0000-0000-0000-0000002E9332}
T{00000000-0000-0000-0000-00000008C511}
T{00000000-0000-0000-0000-0000000D8FFD}
T{00000000-0000-0000-0000-00000027B09F}
T{00000000-0000-0000-0000-0000002834B4}
T{00000000-0000-0000-0000-0000002E8886}
T{00000000-0000-0000-0000-0000002E6FAE}
T{00000000-0000-0000-0000-000000335746}
T{00000000-0000-0000-0000-000000181874}
T{00000000-0000-0000-0000-00000027AF4C}
T{00000000-0000-0000-0000-00000013FACD}
T{00000000-0000-0000-0000-0000002E66A0}
T{00000000-0000-0000-0000-0000002E5658}
T{00000000-0000-0000-0000-0000002E5009}
T{00000000-0000-0000-0000-0000001E232F}
T{00000000-0000-0000-0000-00000024A1FF}
T{00000000-0000-0000-0000-0000002E4BCD}
T{00000000-0000-0000-0000-00000009E6E1}
T{00000000-0000-0000-0000-0000002E4BA1}
T{00000000-0000-0000-0000-0000002E4B95}
T{00000000-0000-0000-0000-0000001DBCDA}
T{00000000-0000-0000-0000-000000079AEC}
T{00000000-0000-0000-0000-00000027A869}
T{00000000-0000-0000-0000-00000027A2FF}
T{00000000-0000-0000-0000-00000028F5E5}
T{00000000-0000-0000-0000-000000153085}
T{00000000-0000-0000-0000-0000002429C2}
T{00000000-0000-0000-0000-0000001FE50F}
T{00000000-0000-0000-0000-000000278ECA}
T{00000000-0000-0000-0000-00000005C078}
T{00000000-0000-0000-0000-0000002E0FBD}
T{00000000-0000-0000-0000-0000001986D9}
T{00000000-0000-0000-0000-0000002E0958}
T{00000000-0000-0000-0000-0000001F9DE7}
T{00000000-0000-0000-0000-00000030E71C}
T{00000000-0000-0000-0000-000000248FFC}
T{00000000-0000-0000-0000-000000059063}
T{00000000-0000-0000-0000-0000001C26F2}
T{00000000-0000-0000-0000-000000051289}
T{00000000-0000-0000-0000-0000000D48CA}
T{00000000-0000-0000-0000-0000001DCD3B}
T{00000000-0000-0000-0000-0000002DFEE2}
T{00000000-0000-0000-0000-00000023E404}
T{00000000-0000-0000-0000-0000001731F1}
T{00000000-0000-0000-0000-000000049349}
T{00000000-0000-0000-0000-000000275B47}
T{00000000-0000-0000-0000-0000000F3CC2}
T{00000000-0000-0000-0000-00000031AC68}
T{00000000-0000-0000-0000-000000061CA1}
T{00000000-0000-0000-0000-0000001CCEE4}
F{00000000-0000-0000-0000-00000007523C}
T{00000000-0000-0000-0000-000000198DC4}
T{00000000-0000-0000-0000-000000096475}
T{00000000-0000-0000-0000-00000019A0AC}
T{00000000-0000-0000-0000-00000027350B}
T{00000000-0000-0000-0000-000000198C66}
T{00000000-0000-0000-0000-000000246745}
T{00000000-0000-0000-0000-00000011116B}
T{00000000-0000-0000-0000-0000001CE3D2}
T{00000000-0000-0000-0000-0000002D98E1}
T{00000000-0000-0000-0000-000000173984}
F{00000000-0000-0000-0000-000000144245}
T{00000000-0000-0000-0000-0000002112EC}
T{00000000-0000-0000-0000-0000002D666D}
T{00000000-0000-0000-0000-000000271E52}
T{00000000-0000-0000-0000-0000002C0B69}
T{00000000-0000-0000-0000-0000002D5C97}
T{00000000-0000-0000-0000-0000001F8853}
T{00000000-0000-0000-0000-0000002C18B7}
T{00000000-0000-0000-0000-00000017437D}
T{00000000-0000-0000-0000-0000002D5502}
T{00000000-0000-0000-0000-0000001CF86E}
T{00000000-0000-0000-0000-00000014467D}
T{00000000-0000-0000-0000-0000000CE0CB}
T{00000000-0000-0000-0000-000000270F6A}
T{00000000-0000-0000-0000-000000037E74}
T{00000000-0000-0000-0000-0000002D4E8E}
T{00000000-0000-0000-0000-000000078C7B}
T{00000000-0000-0000-0000-0000000786FE}
T{00000000-0000-0000-0000-00000014523B}
T{00000000-0000-0000-0000-0000000F1842}
T{00000000-0000-0000-0000-0000002D42E4}
T{00000000-0000-0000-0000-00000030EAB3}
T{00000000-0000-0000-0000-0000001E3D9C}
T{00000000-0000-0000-0000-0000000FB0A9}
T{00000000-0000-0000-0000-000000102549}
T{00000000-0000-0000-0000-000000176874}
T{00000000-0000-0000-0000-00000028C379}
T{00000000-0000-0000-0000-000000039869}
T{00000000-0000-0000-0000-000000145F7B}
F{00000000-0000-0000-0000-000000270476}
T{00000000-0000-0000-0000-00000024280C}
T{00000000-0000-0000-0000-000000148E33}
T{00000000-0000-0000-0000-0000002C7819}
T{00000000-0000-0000-0000-00000019BEF5}
T{00000000-0000-0000-0000-000000240263}
T{00000000-0000-0000-0000-000000075A7C}
T{00000000-0000-0000-0000-0000002401EB}
T{00000000-0000-0000-0000-00000019D25D}
T{00000000-0000-0000-0000-0000000751DF}
T{00000000-0000-0000-0000-0000001188A6}
F{00000000-0000-0000-0000-0000002D02F7}
T{00000000-0000-0000-0000-00000029C630}
T{00000000-0000-0000-0000-000000045B32}
T{00000000-0000-0000-0000-0000002CF0AB}
T{00000000-0000-0000-0000-0000000EBF6D}
T{00000000-0000-0000-0000-00000023E3D8}
T{00000000-0000-0000-0000-0000000EB019}
T{00000000-0000-0000-0000-00000026EF3E}
T{00000000-0000-0000-0000-0000001D7268}
T{00000000-0000-0000-0000-0000002CE877}
T{00000000-0000-0000-0000-0000002CE4BA}
T{00000000-0000-0000-0000-0000001C71D0}
T{00000000-0000-0000-0000-00000025E10A}
T{00000000-0000-0000-0000-0000000483B8}
T{00000000-0000-0000-0000-0000001442EE}
F{00000000-0000-0000-0000-00000026E850}
T{00000000-0000-0000-0000-000000124D22}
T{00000000-0000-0000-0000-0000001F126B}
T{00000000-0000-0000-0000-0000001C724C}
T{00000000-0000-0000-0000-00000023DAD3}
T{00000000-0000-0000-0000-000000074E1E}
T{00000000-0000-0000-0000-0000002A8151}
T{00000000-0000-0000-0000-000000184086}
T{00000000-0000-0000-0000-00000014CFCB}
T{00000000-0000-0000-0000-00000026E110}
T{00000000-0000-0000-0000-00000019F0CD}
T{00000000-0000-0000-0000-0000002CC4A3}
T{00000000-0000-0000-0000-0000000CE0A1}
T{00000000-0000-0000-0000-00000026E010}
T{00000000-0000-0000-0000-0000001793D4}
T{00000000-0000-0000-0000-00000020A68D}
T{00000000-0000-0000-0000-00000026DCDA}
T{00000000-0000-0000-0000-0000001B9E27}
T{00000000-0000-0000-0000-0000000342F8}
T{00000000-0000-0000-0000-00000005FD98}
T{00000000-0000-0000-0000-0000000396B7}
T{00000000-0000-0000-0000-000000048F9B}
T{00000000-0000-0000-0000-000000179479}
F{00000000-0000-0000-0000-000000071C8B}
T{00000000-0000-0000-0000-00000014DCEA}
T{00000000-0000-0000-0000-00000026D675}
T{00000000-0000-0000-0000-0000002C9209}
T{00000000-0000-0000-0000-00000026D438}
T{00000000-0000-0000-0000-0000001BACFF}
T{00000000-0000-0000-0000-0000002C8C3A}
T{00000000-0000-0000-0000-0000001BC70F}
T{00000000-0000-0000-0000-00000026D0AA}
T{00000000-0000-0000-0000-00000026928C}
T{00000000-0000-0000-0000-00000014E349}
T{00000000-0000-0000-0000-0000002C83BE}
T{00000000-0000-0000-0000-00000031D0F9}
T{00000000-0000-0000-0000-000000209A73}
T{00000000-0000-0000-0000-0000000B7B36}
T{00000000-0000-0000-0000-00000005FC80}
T{00000000-0000-0000-0000-00000021A1E0}
T{00000000-0000-0000-0000-0000002C7474}
T{00000000-0000-0000-0000-0000002C6D5A}
T{00000000-0000-0000-0000-0000001E284F}
T{00000000-0000-0000-0000-0000002C6C38}
T{00000000-0000-0000-0000-000000215905}
T{00000000-0000-0000-0000-0000001D0B46}
T{00000000-0000-0000-0000-0000002C6839}
T{00000000-0000-0000-0000-000000285B6E}
T{00000000-0000-0000-0000-00000014FCA7}
T{00000000-0000-0000-0000-00000015042D}
T{00000000-0000-0000-0000-000000311293}
T{00000000-0000-0000-0000-000000237D40}
T{00000000-0000-0000-0000-0000000E2183}
T{00000000-0000-0000-0000-000000153C95}
T{00000000-0000-0000-0000-000000260E71}
T{00000000-0000-0000-0000-000000039837}
T{00000000-0000-0000-0000-000000154294}
T{00000000-0000-0000-0000-00000030DA81}
T{00000000-0000-0000-0000-0000000FC893}
T{00000000-0000-0000-0000-00000010D0F9}
T{00000000-0000-0000-0000-0000002C34AF}
T{00000000-0000-0000-0000-000000155819}
T{00000000-0000-0000-0000-0000001D17C3}
T{00000000-0000-0000-0000-00000026BC12}
T{00000000-0000-0000-0000-0000000D34BE}
T{00000000-0000-0000-0000-000000155977}
T{00000000-0000-0000-0000-0000001CFD2A}
T{00000000-0000-0000-0000-0000000349E5}
T{00000000-0000-0000-0000-0000001076A3}
T{00000000-0000-0000-0000-000000087BAA}
T{00000000-0000-0000-0000-000000029B2E}
T{00000000-0000-0000-0000-0000002BF553}
T{00000000-0000-0000-0000-00000001E845}
T{00000000-0000-0000-0000-00000019922D}
T{00000000-0000-0000-0000-00000002A54C}
T{00000000-0000-0000-0000-00000006FC1D}
T{00000000-0000-0000-0000-0000000120E0}
T{00000000-0000-0000-0000-0000000565FB}
T{00000000-0000-0000-0000-0000001A3F28}
T{00000000-0000-0000-0000-0000002BE48B}
T{00000000-0000-0000-0000-0000001A5C09}
T{00000000-0000-0000-0000-0000001986F5}
T{00000000-0000-0000-0000-0000001DCB72}
T{00000000-0000-0000-0000-00000026AFE4}
T{00000000-0000-0000-0000-000000034A4D}
T{00000000-0000-0000-0000-0000002C013B}
T{00000000-0000-0000-0000-000000231DCD}
T{00000000-0000-0000-0000-00000023CDFE}
T{00000000-0000-0000-0000-0000002BE590}
T{00000000-0000-0000-0000-0000002D7120}
T{00000000-0000-0000-0000-0000001BF7CE}
T{00000000-0000-0000-0000-0000002BC16C}
T{00000000-0000-0000-0000-000000269DFE}
T{00000000-0000-0000-0000-00000026725A}
T{00000000-0000-0000-0000-0000001567B6}
T{00000000-0000-0000-0000-000000269D7B}
T{00000000-0000-0000-0000-0000000129E4}
T{00000000-0000-0000-0000-0000001A6C45}
T{00000000-0000-0000-0000-00000006E7DA}
T{00000000-0000-0000-0000-000000156985}
T{00000000-0000-0000-0000-0000002B99FD}
T{00000000-0000-0000-0000-00000017DBE5}
T{00000000-0000-0000-0000-00000017DECB}
T{00000000-0000-0000-0000-0000001575D7}
T{00000000-0000-0000-0000-00000017E650}
T{00000000-0000-0000-0000-0000000FA8D5}
T{00000000-0000-0000-0000-000000035670}
T{00000000-0000-0000-0000-00000011693B}
T{00000000-0000-0000-0000-000000158C73}
T{00000000-0000-0000-0000-0000002E9470}
T{00000000-0000-0000-0000-00000025A45B}
T{00000000-0000-0000-0000-0000001EA34E}
T{00000000-0000-0000-0000-0000002471BA}
T{00000000-0000-0000-0000-0000002CAB28}
T{00000000-0000-0000-0000-00000022F2AA}
T{00000000-0000-0000-0000-0000002B6478}
T{00000000-0000-0000-0000-000000290452}
T{00000000-0000-0000-0000-000000159F9E}
T{00000000-0000-0000-0000-0000000B83A6}
T{00000000-0000-0000-0000-00000022451C}
T{00000000-0000-0000-0000-000000118143}
T{00000000-0000-0000-0000-00000015ABCA}
T{00000000-0000-0000-0000-000000323BCC}
T{00000000-0000-0000-0000-0000001384B6}
T{00000000-0000-0000-0000-00000022D855}
T{00000000-0000-0000-0000-0000000A1BAA}
T{00000000-0000-0000-0000-00000016771A}
T{00000000-0000-0000-0000-00000026B116}
T{00000000-0000-0000-0000-0000000DA2B8}
T{00000000-0000-0000-0000-0000001D05EC}
T{00000000-0000-0000-0000-00000003B877}
T{00000000-0000-0000-0000-000000238A83}
T{00000000-0000-0000-0000-0000002B36D6}
T{00000000-0000-0000-0000-0000002F8ADD}
T{00000000-0000-0000-0000-00000005942E}
T{00000000-0000-0000-0000-00000032212E}
T{00000000-0000-0000-0000-00000029694F}
T{00000000-0000-0000-0000-0000002B25BF}
T{00000000-0000-0000-0000-000000215580}
T{00000000-0000-0000-0000-0000002D5CCB}
T{00000000-0000-0000-0000-0000000F0CB2}
T{00000000-0000-0000-0000-000000145A1B}
T{00000000-0000-0000-0000-00000002CD7A}
T{00000000-0000-0000-0000-00000015C0BA}
T{00000000-0000-0000-0000-0000002D0A6E}
T{00000000-0000-0000-0000-000000299C69}
T{00000000-0000-0000-0000-00000005F59D}
T{00000000-0000-0000-0000-00000022B6AF}
T{00000000-0000-0000-0000-0000000BD634}
T{00000000-0000-0000-0000-000000051120}
T{00000000-0000-0000-0000-00000022B68D}
T{00000000-0000-0000-0000-000000264AE2}
T{00000000-0000-0000-0000-00000015C458}
T{00000000-0000-0000-0000-00000022B23B}
T{00000000-0000-0000-0000-00000019EF1D}
T{00000000-0000-0000-0000-0000002647D6}
T{00000000-0000-0000-0000-000000320D14}
T{00000000-0000-0000-0000-000000146C39}
T{00000000-0000-0000-0000-0000002A9841}
T{00000000-0000-0000-0000-0000002AD8E4}
F{00000000-0000-0000-0000-0000000BF8B3}
T{00000000-0000-0000-0000-0000000160AC}
T{00000000-0000-0000-0000-000000229D0D}
T{00000000-0000-0000-0000-0000002CAE37}
T{00000000-0000-0000-0000-00000006D12C}
T{00000000-0000-0000-0000-0000001BF8EE}
T{00000000-0000-0000-0000-000000229474}
T{00000000-0000-0000-0000-0000002AC78C}
T{00000000-0000-0000-0000-0000002AC73D}
T{00000000-0000-0000-0000-0000001E66B8}
T{00000000-0000-0000-0000-0000002AC2E1}
T{00000000-0000-0000-0000-0000000D8E6B}
T{00000000-0000-0000-0000-00000016209C}
T{00000000-0000-0000-0000-0000000165C2}
T{00000000-0000-0000-0000-0000001C6221}
T{00000000-0000-0000-0000-0000002AB29C}
T{00000000-0000-0000-0000-0000001C1200}
T{00000000-0000-0000-0000-000000263B02}
T{00000000-0000-0000-0000-0000000C98C0}
T{00000000-0000-0000-0000-000000162E8D}
T{00000000-0000-0000-0000-0000000DA228}
T{00000000-0000-0000-0000-000000227862}
T{00000000-0000-0000-0000-00000030EB33}
T{00000000-0000-0000-0000-000000227286}
T{00000000-0000-0000-0000-0000001C1F9A}
T{00000000-0000-0000-0000-00000021DFC6}
T{00000000-0000-0000-0000-000000263180}
T{00000000-0000-0000-0000-00000005450B}
T{00000000-0000-0000-0000-00000014C193}
T{00000000-0000-0000-0000-0000002628D3}
T{00000000-0000-0000-0000-00000029AAEE}
T{00000000-0000-0000-0000-0000002AE3DC}
T{00000000-0000-0000-0000-0000002D706C}
T{00000000-0000-0000-0000-00000004983B}
T{00000000-0000-0000-0000-0000001EF69C}
T{00000000-0000-0000-0000-00000016359A}
T{00000000-0000-0000-0000-000000225D1B}
T{00000000-0000-0000-0000-00000021E781}
T{00000000-0000-0000-0000-000000260E68}
T{00000000-0000-0000-0000-0000001AB44C}
T{00000000-0000-0000-0000-000000047517}
T{00000000-0000-0000-0000-00000005DA1A}
T{00000000-0000-0000-0000-000000118F02}
T{00000000-0000-0000-0000-0000001CBD07}
T{00000000-0000-0000-0000-0000001EC930}
T{00000000-0000-0000-0000-0000002A73DD}
T{00000000-0000-0000-0000-000000163919}
T{00000000-0000-0000-0000-00000003C9E7}
T{00000000-0000-0000-0000-0000002C5C7E}
T{00000000-0000-0000-0000-00000002E84E}
T{00000000-0000-0000-0000-00000025FA54}
T{00000000-0000-0000-0000-0000002A48E1}
T{00000000-0000-0000-0000-000000165109}
T{00000000-0000-0000-0000-0000000F9D10}
T{00000000-0000-0000-0000-000000244AD3}
T{00000000-0000-0000-0000-00000013FE4D}
T{00000000-0000-0000-0000-00000027DC15}
T{00000000-0000-0000-0000-0000002D904D}
T{00000000-0000-0000-0000-0000001171C0}
T{00000000-0000-0000-0000-0000001ABB7B}
T{00000000-0000-0000-0000-00000011E234}
T{00000000-0000-0000-0000-00000021D053}
T{00000000-0000-0000-0000-00000016D55D}
T{00000000-0000-0000-0000-00000011E025}
T{00000000-0000-0000-0000-0000001045DC}
T{00000000-0000-0000-0000-00000011D4C2}
T{00000000-0000-0000-0000-00000029C6E0}
T{00000000-0000-0000-0000-00000011D496}
T{00000000-0000-0000-0000-00000011D265}
T{00000000-0000-0000-0000-00000011C7E3}
T{00000000-0000-0000-0000-0000002246FE}
T{00000000-0000-0000-0000-000000094B97}
T{00000000-0000-0000-0000-00000011BAB8}
T{00000000-0000-0000-0000-00000020F376}
T{00000000-0000-0000-0000-0000001D28F2}
T{00000000-0000-0000-0000-00000011B25C}
T{00000000-0000-0000-0000-000000176DAA}
T{00000000-0000-0000-0000-000000193CDB}
T{00000000-0000-0000-0000-00000011A9FB}
T{00000000-0000-0000-0000-000000094F35}
T{00000000-0000-0000-0000-000000316671}
T{00000000-0000-0000-0000-00000020CB01}
T{00000000-0000-0000-0000-00000009E6FA}
T{00000000-0000-0000-0000-000000096470}
T{00000000-0000-0000-0000-0000000E46CE}
T{00000000-0000-0000-0000-000000096B1A}
T{00000000-0000-0000-0000-000000171E94}
T{00000000-0000-0000-0000-0000002E0F9F}
T{00000000-0000-0000-0000-00000009754B}
T{00000000-0000-0000-0000-0000000982BB}
T{00000000-0000-0000-0000-0000001BF328}
T{00000000-0000-0000-0000-000000321C54}
T{00000000-0000-0000-0000-00000009C0BF}
T{00000000-0000-0000-0000-00000009A203}
T{00000000-0000-0000-0000-00000009A4DD}
T{00000000-0000-0000-0000-00000016EF73}
T{00000000-0000-0000-0000-00000009BD2B}
T{00000000-0000-0000-0000-00000009C0D7}
T{00000000-0000-0000-0000-0000001042F6}
T{00000000-0000-0000-0000-000000272702}
T{00000000-0000-0000-0000-00000022DC3A}
T{00000000-0000-0000-0000-00000009D68E}
T{00000000-0000-0000-0000-000000119F47}
T{00000000-0000-0000-0000-0000001BF99C}
T{00000000-0000-0000-0000-00000031B8D1}
T{00000000-0000-0000-0000-0000001D24DE}
T{00000000-0000-0000-0000-0000000C54CA}
T{00000000-0000-0000-0000-0000001053EF}
T{00000000-0000-0000-0000-000000248EB2}
T{00000000-0000-0000-0000-0000000B0FC2}
T{00000000-0000-0000-0000-0000001AC8CA}
T{00000000-0000-0000-0000-0000000A17A4}
T{00000000-0000-0000-0000-0000001DB905}
T{00000000-0000-0000-0000-0000000A17CD}
T{00000000-0000-0000-0000-00000014BF21}
T{00000000-0000-0000-0000-000000154A0A}
T{00000000-0000-0000-0000-0000000A2413}
T{00000000-0000-0000-0000-0000000D01B6}
T{00000000-0000-0000-0000-0000000A29A1}
T{00000000-0000-0000-0000-0000000FD67C}
T{00000000-0000-0000-0000-0000003356C0}
T{00000000-0000-0000-0000-0000001654C1}
T{00000000-0000-0000-0000-0000000FD308}
T{00000000-0000-0000-0000-0000000FD129}
T{00000000-0000-0000-0000-000000183729}
T{00000000-0000-0000-0000-000000270659}
T{00000000-0000-0000-0000-00000021F16D}
T{00000000-0000-0000-0000-0000002AA390}
F{00000000-0000-0000-0000-00000020BD3C}
T{00000000-0000-0000-0000-0000000FBAFA}
T{00000000-0000-0000-0000-0000000FBAB5}
T{00000000-0000-0000-0000-0000001BB187}
T{00000000-0000-0000-0000-0000000FAFFA}
T{00000000-0000-0000-0000-00000018B7E4}
T{00000000-0000-0000-0000-0000000F6DC7}
T{00000000-0000-0000-0000-0000000F5F95}
T{00000000-0000-0000-0000-0000001142A0}
T{00000000-0000-0000-0000-00000012A962}
T{00000000-0000-0000-0000-0000000F45D2}
T{00000000-0000-0000-0000-0000000F3FCF}
T{00000000-0000-0000-0000-000000213A88}
T{00000000-0000-0000-0000-0000000B6BCD}
T{00000000-0000-0000-0000-00000024B486}
T{00000000-0000-0000-0000-0000001B3DCD}
T{00000000-0000-0000-0000-000000113553}
T{00000000-0000-0000-0000-00000010661B}
T{00000000-0000-0000-0000-000000225A5F}
T{00000000-0000-0000-0000-0000000F121F}
T{00000000-0000-0000-0000-0000000B7E95}
T{00000000-0000-0000-0000-0000000D2C9C}
T{00000000-0000-0000-0000-0000001BD2AC}
T{00000000-0000-0000-0000-00000019C3F6}
T{00000000-0000-0000-0000-00000028DA76}
T{00000000-0000-0000-0000-0000001FF9F1}
T{00000000-0000-0000-0000-00000027D16D}
T{00000000-0000-0000-0000-0000001F2EF0}
T{00000000-0000-0000-0000-0000002B1A3D}
T{00000000-0000-0000-0000-0000000BAE5B}
T{00000000-0000-0000-0000-000000310E8E}
T{00000000-0000-0000-0000-0000001E8093}
T{00000000-0000-0000-0000-0000001B9E6D}
T{00000000-0000-0000-0000-00000017704A}
T{00000000-0000-0000-0000-0000002A0704}
T{00000000-0000-0000-0000-0000002D8997}
T{00000000-0000-0000-0000-0000002B5A2A}
T{00000000-0000-0000-0000-0000000BD0B4}
T{00000000-0000-0000-0000-0000002B1BE0}
T{00000000-0000-0000-0000-00000022CD5A}
F{00000000-0000-0000-0000-0000000D279A}
T{00000000-0000-0000-0000-00000026BEA4}
T{00000000-0000-0000-0000-0000000EAF21}
T{00000000-0000-0000-0000-0000000EAC65}
T{00000000-0000-0000-0000-0000001F136D}
F{00000000-0000-0000-0000-0000000E75F6}
T{00000000-0000-0000-0000-0000000BF71F}
T{00000000-0000-0000-0000-0000000BF91D}
T{00000000-0000-0000-0000-0000000E59DA}
T{00000000-0000-0000-0000-0000000C2619}
T{00000000-0000-0000-0000-0000000C3934}
T{00000000-0000-0000-0000-0000000E47AD}
T{00000000-0000-0000-0000-0000000E32F3}
T{00000000-0000-0000-0000-000000226AB6}
T{00000000-0000-0000-0000-000000216DE4}
T{00000000-0000-0000-0000-0000000E1FB0}
T{00000000-0000-0000-0000-0000000C4E30}
T{00000000-0000-0000-0000-0000000C55BF}
T{00000000-0000-0000-0000-0000002BDCEA}
T{00000000-0000-0000-0000-0000000DF4F9}
T{00000000-0000-0000-0000-0000000DF1C1}
T{00000000-0000-0000-0000-0000001AC169}
T{00000000-0000-0000-0000-0000000DF116}
T{00000000-0000-0000-0000-0000000E16E4}
T{00000000-0000-0000-0000-0000002319BF}
T{00000000-0000-0000-0000-0000002861E4}
T{00000000-0000-0000-0000-00000018CD3C}
T{00000000-0000-0000-0000-0000000DC09C}
T{00000000-0000-0000-0000-0000000CCDAC}
T{00000000-0000-0000-0000-000000004DA9}
T{00000000-0000-0000-0000-0000001A0E82}
T{00000000-0000-0000-0000-00000000B649}
T{00000000-0000-0000-0000-00000000D9CC}
T{00000000-0000-0000-0000-0000000A9994}
T{00000000-0000-0000-0000-0000000029E2}
T{00000000-0000-0000-0000-0000001B3E7C}
T{00000000-0000-0000-0000-00000033476B}
T{00000000-0000-0000-0000-0000000CE2DB}
T{00000000-0000-0000-0000-0000002B18BA}
T{00000000-0000-0000-0000-0000000071AA}
T{00000000-0000-0000-0000-00000006ACFB}
T{00000000-0000-0000-0000-000000105F74}
T{00000000-0000-0000-0000-000000006C45}
T{00000000-0000-0000-0000-00000018A5AE}
T{00000000-0000-0000-0000-000000004029}
T{00000000-0000-0000-0000-0000000062A7}
T{00000000-0000-0000-0000-00000000253E}
T{00000000-0000-0000-0000-000000004049}
T{00000000-0000-0000-0000-00000029FC3C}
T{00000000-0000-0000-0000-0000001AF722}
T{00000000-0000-0000-0000-00000000A029}
T{00000000-0000-0000-0000-000000218F1C}
T{00000000-0000-0000-0000-0000001129BA}
T{00000000-0000-0000-0000-000000001EE5}
T{00000000-0000-0000-0000-00000001DE16}
T{00000000-0000-0000-0000-0000000D024A}
T{00000000-0000-0000-0000-000000018E32}
T{00000000-0000-0000-0000-0000002EE5CF}
T{00000000-0000-0000-0000-00000000E7C3}
T{00000000-0000-0000-0000-0000002EE38F}
T{00000000-0000-0000-0000-00000000E103}
T{00000000-0000-0000-0000-0000002EDDCB}
T{00000000-0000-0000-0000-0000002ED01C}
T{00000000-0000-0000-0000-0000003309DE}
T{00000000-0000-0000-0000-000000325B65}
T{00000000-0000-0000-0000-00000000E36B}
T{00000000-0000-0000-0000-0000002EC38F}
T{00000000-0000-0000-0000-00000001195F}
T{00000000-0000-0000-0000-000000088596}
T{00000000-0000-0000-0000-0000002EB7BA}
T{00000000-0000-0000-0000-0000002EB627}
T{00000000-0000-0000-0000-00000000E7E4}
T{00000000-0000-0000-0000-00000021C57A}
T{00000000-0000-0000-0000-0000002E991A}
F{00000000-0000-0000-0000-000000220995}
T{00000000-0000-0000-0000-000000306C34}
T{00000000-0000-0000-0000-0000002E92B0}
T{00000000-0000-0000-0000-0000002E9142}
T{00000000-0000-0000-0000-0000002E90E7}
T{00000000-0000-0000-0000-0000002E8EE3}
T{00000000-0000-0000-0000-0000002E6E0D}
T{00000000-0000-0000-0000-000000067F1B}
T{00000000-0000-0000-0000-0000000345B8}
T{00000000-0000-0000-0000-000000011CD5}
T{00000000-0000-0000-0000-00000032FCF7}
T{00000000-0000-0000-0000-0000000F0A21}
T{00000000-0000-0000-0000-0000002E26E2}
T{00000000-0000-0000-0000-0000000D810E}
T{00000000-0000-0000-0000-0000002E1A4D}
T{00000000-0000-0000-0000-00000000F1EF}
T{00000000-0000-0000-0000-0000002E4CC1}
T{00000000-0000-0000-0000-000000034417}
T{00000000-0000-0000-0000-0000002E0556}
T{00000000-0000-0000-0000-0000001739B0}
T{00000000-0000-0000-0000-00000000F2C2}
T{00000000-0000-0000-0000-0000002E01AF}
F{00000000-0000-0000-0000-0000001BA4AF}
T{00000000-0000-0000-0000-0000002DF876}
F{00000000-0000-0000-0000-00000031720F}
T{00000000-0000-0000-0000-0000002DEEA9}
T{00000000-0000-0000-0000-0000002DD910}
T{00000000-0000-0000-0000-0000002C45B0}
T{00000000-0000-0000-0000-0000002DC50B}
T{00000000-0000-0000-0000-0000002DB934}
T{00000000-0000-0000-0000-0000002DB7B0}
T{00000000-0000-0000-0000-0000002DB699}
T{00000000-0000-0000-0000-0000002DB47C}
T{00000000-0000-0000-0000-0000002DAF08}
T{00000000-0000-0000-0000-0000000506B7}
T{00000000-0000-0000-0000-0000000D58E1}
T{00000000-0000-0000-0000-0000000A0A04}
T{00000000-0000-0000-0000-0000002D8F80}
T{00000000-0000-0000-0000-0000001167B8}
T{00000000-0000-0000-0000-0000002D59C0}
T{00000000-0000-0000-0000-0000002D5954}
T{00000000-0000-0000-0000-00000013E943}
T{00000000-0000-0000-0000-0000002D50CD}
T{00000000-0000-0000-0000-000000103047}
T{00000000-0000-0000-0000-0000002D4345}
T{00000000-0000-0000-0000-00000005500A}
T{00000000-0000-0000-0000-00000000F426}
T{00000000-0000-0000-0000-0000002B5B30}
T{00000000-0000-0000-0000-0000002D3F9E}
T{00000000-0000-0000-0000-0000002D3E8C}
T{00000000-0000-0000-0000-0000002D3CBB}
T{00000000-0000-0000-0000-0000001626AA}
T{00000000-0000-0000-0000-000000049195}
F{00000000-0000-0000-0000-000000101B79}
T{00000000-0000-0000-0000-000000306361}
T{00000000-0000-0000-0000-00000023DA46}
T{00000000-0000-0000-0000-00000000F52C}
T{00000000-0000-0000-0000-00000000F558}
T{00000000-0000-0000-0000-0000002D06C5}
T{00000000-0000-0000-0000-00000009E11D}
T{00000000-0000-0000-0000-0000002CF075}
T{00000000-0000-0000-0000-0000002CEE5F}
T{00000000-0000-0000-0000-0000002CEAAC}
T{00000000-0000-0000-0000-00000008072A}
T{00000000-0000-0000-0000-00000026B6F2}
T{00000000-0000-0000-0000-0000001595DC}
T{00000000-0000-0000-0000-0000000F1562}
F{00000000-0000-0000-0000-0000000108B3}
F{00000000-0000-0000-0000-00000016D8EC}
T{00000000-0000-0000-0000-00000010FA68}
T{00000000-0000-0000-0000-0000002CD371}
T{00000000-0000-0000-0000-0000002CC8D4}
F{00000000-0000-0000-0000-00000014DA5C}
T{00000000-0000-0000-0000-0000002CAFDF}
T{00000000-0000-0000-0000-0000002D517B}
T{00000000-0000-0000-0000-0000002CA95A}
T{00000000-0000-0000-0000-000000311C12}
T{00000000-0000-0000-0000-0000002CA81B}
T{00000000-0000-0000-0000-000000199840}
T{00000000-0000-0000-0000-0000001FCE00}
T{00000000-0000-0000-0000-0000002C9D0E}
T{00000000-0000-0000-0000-00000006D67D}
T{00000000-0000-0000-0000-00000023BDED}
F{00000000-0000-0000-0000-0000002C9458}
T{00000000-0000-0000-0000-000000059D2F}
T{00000000-0000-0000-0000-0000002007A4}
F{00000000-0000-0000-0000-00000009C060}
T{00000000-0000-0000-0000-0000000A8631}
T{00000000-0000-0000-0000-000000318CBC}
T{00000000-0000-0000-0000-0000000114A4}
T{00000000-0000-0000-0000-00000033947F}
T{00000000-0000-0000-0000-000000040787}
T{00000000-0000-0000-0000-0000002C7860}
T{00000000-0000-0000-0000-0000002C7855}
T{00000000-0000-0000-0000-0000000CE0E2}
T{00000000-0000-0000-0000-0000002C69FD}
T{00000000-0000-0000-0000-0000002C61BF}
T{00000000-0000-0000-0000-0000002C5C17}
T{00000000-0000-0000-0000-0000002C5567}
T{00000000-0000-0000-0000-0000000114A7}
T{00000000-0000-0000-0000-0000000BCA0B}
T{00000000-0000-0000-0000-00000003193E}
T{00000000-0000-0000-0000-00000015C2BD}
T{00000000-0000-0000-0000-0000000115BC}
T{00000000-0000-0000-0000-0000000CBD5A}
T{00000000-0000-0000-0000-0000000A232E}
T{00000000-0000-0000-0000-00000026EE19}
T{00000000-0000-0000-0000-0000002C1AC7}
T{00000000-0000-0000-0000-0000002C18D1}
T{00000000-0000-0000-0000-00000002D877}
T{00000000-0000-0000-0000-00000005C4F5}
T{00000000-0000-0000-0000-0000002C0510}
T{00000000-0000-0000-0000-000000076690}
T{00000000-0000-0000-0000-0000002BF918}
T{00000000-0000-0000-0000-0000002BE2E7}
T{00000000-0000-0000-0000-0000002BE19E}
F{00000000-0000-0000-0000-000000012582}
T{00000000-0000-0000-0000-0000002BDE42}
T{00000000-0000-0000-0000-0000002E16B1}
T{00000000-0000-0000-0000-0000002BDD69}
T{00000000-0000-0000-0000-0000002BD788}
T{00000000-0000-0000-0000-00000001271F}
F{00000000-0000-0000-0000-000000243F02}
T{00000000-0000-0000-0000-0000002EC40A}
T{00000000-0000-0000-0000-0000002BBF67}
T{00000000-0000-0000-0000-0000002BB1E4}
T{00000000-0000-0000-0000-0000002BA9D5}
T{00000000-0000-0000-0000-000000031C04}
T{00000000-0000-0000-0000-0000002B99C0}
T{00000000-0000-0000-0000-0000000FB6AA}
T{00000000-0000-0000-0000-00000010557B}
F{00000000-0000-0000-0000-0000001831A7}
T{00000000-0000-0000-0000-0000001EA7C7}
T{00000000-0000-0000-0000-0000002B6CCB}
T{00000000-0000-0000-0000-0000002B678E}
F{00000000-0000-0000-0000-0000002B0555}
F{00000000-0000-0000-0000-000000271353}
T{00000000-0000-0000-0000-0000002B5983}
T{00000000-0000-0000-0000-00000007C7D7}
T{00000000-0000-0000-0000-0000002B52C4}
T{00000000-0000-0000-0000-0000002B512F}
T{00000000-0000-0000-0000-000000318C3C}
T{00000000-0000-0000-0000-0000002B454C}
T{00000000-0000-0000-0000-0000000344B7}
F{00000000-0000-0000-0000-0000002C4823}
T{00000000-0000-0000-0000-0000002B38E3}
T{00000000-0000-0000-0000-00000012D3D4}
T{00000000-0000-0000-0000-000000014A1C}
T{00000000-0000-0000-0000-000000049ED1}
T{00000000-0000-0000-0000-0000002B2A3E}
T{00000000-0000-0000-0000-00000002991C}
T{00000000-0000-0000-0000-000000137837}
T{00000000-0000-0000-0000-000000335C78}
T{00000000-0000-0000-0000-000000014DE2}
T{00000000-0000-0000-0000-00000010DEFA}
T{00000000-0000-0000-0000-000000328F7B}
F{00000000-0000-0000-0000-0000002AE653}
T{00000000-0000-0000-0000-000000014EC4}
T{00000000-0000-0000-0000-0000002B11D4}
T{00000000-0000-0000-0000-0000001024E5}
T{00000000-0000-0000-0000-0000002B0433}
T{00000000-0000-0000-0000-000000014FA5}
T{00000000-0000-0000-0000-0000002AF038}
T{00000000-0000-0000-0000-0000002AE355}
T{00000000-0000-0000-0000-0000000A9245}
T{00000000-0000-0000-0000-0000002ADA7B}
T{00000000-0000-0000-0000-000000226B1E}
T{00000000-0000-0000-0000-0000002AD75B}
T{00000000-0000-0000-0000-0000002ACD62}
T{00000000-0000-0000-0000-0000002AC878}
T{00000000-0000-0000-0000-0000000160B6}
F{00000000-0000-0000-0000-0000002CABB9}
T{00000000-0000-0000-0000-0000000F2462}
T{00000000-0000-0000-0000-0000002AAF34}
T{00000000-0000-0000-0000-0000002AAAD9}
F{00000000-0000-0000-0000-000000125376}
T{00000000-0000-0000-0000-0000002AA309}
T{00000000-0000-0000-0000-00000023077D}
T{00000000-0000-0000-0000-0000002A9E3B}
F{00000000-0000-0000-0000-00000033627A}
T{00000000-0000-0000-0000-000000017A3B}
T{00000000-0000-0000-0000-000000017C1A}
T{00000000-0000-0000-0000-0000000D1941}
T{00000000-0000-0000-0000-0000002A8FE5}
T{00000000-0000-0000-0000-00000005F74F}
F{00000000-0000-0000-0000-0000000802A5}
T{00000000-0000-0000-0000-00000016D4B1}
T{00000000-0000-0000-0000-00000005942A}
T{00000000-0000-0000-0000-0000000CF3B4}
T{00000000-0000-0000-0000-0000002A7874}
F{00000000-0000-0000-0000-000000018FBC}
F{00000000-0000-0000-0000-00000033B3D6}
T{00000000-0000-0000-0000-0000002A6596}
T{00000000-0000-0000-0000-00000001DFF8}
T{00000000-0000-0000-0000-0000002A48F9}
T{00000000-0000-0000-0000-0000002A48F5}
F{00000000-0000-0000-0000-000000267D6D}
T{00000000-0000-0000-0000-0000002A43FB}
T{00000000-0000-0000-0000-00000009C50C}
T{00000000-0000-0000-0000-000000019910}
T{00000000-0000-0000-0000-0000002A2781}
T{00000000-0000-0000-0000-0000002A2688}
T{00000000-0000-0000-0000-0000002A21F8}
F{00000000-0000-0000-0000-000000019B30}
F{00000000-0000-0000-0000-000000077D94}
T{00000000-0000-0000-0000-0000002A19CC}
T{00000000-0000-0000-0000-00000002EEBB}
T{00000000-0000-0000-0000-000000019DED}
T{00000000-0000-0000-0000-0000002A00DE}
T{00000000-0000-0000-0000-00000029F9BB}
T{00000000-0000-0000-0000-00000011A575}
T{00000000-0000-0000-0000-00000029F5A1}
T{00000000-0000-0000-0000-000000029B90}
T{00000000-0000-0000-0000-00000029EA62}
T{00000000-0000-0000-0000-00000029E4F0}
F{00000000-0000-0000-0000-000000078B95}
T{00000000-0000-0000-0000-0000001D0CB8}
T{00000000-0000-0000-0000-00000022E843}
T{00000000-0000-0000-0000-0000001E2362}
T{00000000-0000-0000-0000-00000029BB50}
T{00000000-0000-0000-0000-00000029BB26}
T{00000000-0000-0000-0000-00000029B99E}
T{00000000-0000-0000-0000-00000029B95B}
T{00000000-0000-0000-0000-000000042E57}
T{00000000-0000-0000-0000-00000029B763}
F{00000000-0000-0000-0000-0000000C6B65}
T{00000000-0000-0000-0000-00000029B243}
T{00000000-0000-0000-0000-0000002F5A60}
T{00000000-0000-0000-0000-000000316545}
T{00000000-0000-0000-0000-00000029AF83}
T{00000000-0000-0000-0000-00000029AD9D}
T{00000000-0000-0000-0000-00000029AD7A}
F{00000000-0000-0000-0000-00000001AAB3}
T{00000000-0000-0000-0000-00000001B1A2}
T{00000000-0000-0000-0000-0000002716C8}
T{00000000-0000-0000-0000-0000002BDE07}
F{00000000-0000-0000-0000-000000038479}
T{00000000-0000-0000-0000-0000002998DD}
T{00000000-0000-0000-0000-0000000346B7}
T{00000000-0000-0000-0000-000000299425}
T{00000000-0000-0000-0000-000000298D14}
T{00000000-0000-0000-0000-00000001B108}
F{00000000-0000-0000-0000-00000031941A}
F{00000000-0000-0000-0000-0000000A14F9}
T{00000000-0000-0000-0000-0000000ED161}
T{00000000-0000-0000-0000-000000096C41}
T{00000000-0000-0000-0000-0000002D3FCA}
T{00000000-0000-0000-0000-000000292142}
F{00000000-0000-0000-0000-000000039877}
T{00000000-0000-0000-0000-000000291279}
T{00000000-0000-0000-0000-000000290B0D}
T{00000000-0000-0000-0000-00000001BBF4}
T{00000000-0000-0000-0000-00000001BCF3}
T{00000000-0000-0000-0000-00000028FBBD}
T{00000000-0000-0000-0000-00000028F298}
T{00000000-0000-0000-0000-0000000AE6D0}
T{00000000-0000-0000-0000-00000028EC87}
T{00000000-0000-0000-0000-00000028EB39}
T{00000000-0000-0000-0000-00000028E747}
T{00000000-0000-0000-0000-00000002A492}
T{00000000-0000-0000-0000-000000100D87}
T{00000000-0000-0000-0000-00000028B711}
T{00000000-0000-0000-0000-00000028B072}
T{00000000-0000-0000-0000-00000028ADFB}
T{00000000-0000-0000-0000-000000331AF9}
T{00000000-0000-0000-0000-00000028AD47}
T{00000000-0000-0000-0000-0000002DEE42}
T{00000000-0000-0000-0000-000000200AAE}
T{00000000-0000-0000-0000-0000002AD8C9}
T{00000000-0000-0000-0000-0000000861C3}
T{00000000-0000-0000-0000-00000031670E}
T{00000000-0000-0000-0000-0000002898BE}
T{00000000-0000-0000-0000-00000013181A}
T{00000000-0000-0000-0000-0000001DC328}
T{00000000-0000-0000-0000-000000241292}
T{00000000-0000-0000-0000-000000288489}
T{00000000-0000-0000-0000-000000086E8A}
F{00000000-0000-0000-0000-00000031A5D4}
T{00000000-0000-0000-0000-0000001FACE7}
T{00000000-0000-0000-0000-000000287862}
T{00000000-0000-0000-0000-0000000D9C87}
T{00000000-0000-0000-0000-0000002CD4EB}
F{00000000-0000-0000-0000-00000001C42B}
T{00000000-0000-0000-0000-0000002836BF}
T{00000000-0000-0000-0000-00000028335F}
T{00000000-0000-0000-0000-0000001B8F20}
T{00000000-0000-0000-0000-00000022221E}
T{00000000-0000-0000-0000-0000000CE30D}
T{00000000-0000-0000-0000-0000002B4B44}
T{00000000-0000-0000-0000-0000002821FA}
T{00000000-0000-0000-0000-0000002E9779}
T{00000000-0000-0000-0000-000000281EFC}
T{00000000-0000-0000-0000-00000028CBAD}
T{00000000-0000-0000-0000-0000000A24D0}
T{00000000-0000-0000-0000-00000029A138}
T{00000000-0000-0000-0000-00000013EF88}
T{00000000-0000-0000-0000-00000028073D}
T{00000000-0000-0000-0000-0000002805D1}
F{00000000-0000-0000-0000-00000016C567}
T{00000000-0000-0000-0000-00000002D6A3}
T{00000000-0000-0000-0000-0000002A2B78}
F{00000000-0000-0000-0000-0000002BA75C}
F{00000000-0000-0000-0000-00000001E23D}
T{00000000-0000-0000-0000-0000000346B2}
T{00000000-0000-0000-0000-00000027F196}
T{00000000-0000-0000-0000-00000001FB86}
T{00000000-0000-0000-0000-00000001FDC6}
T{00000000-0000-0000-0000-000000279E52}
T{00000000-0000-0000-0000-00000027D7FB}
T{00000000-0000-0000-0000-0000002BA30F}
T{00000000-0000-0000-0000-000000238DED}
T{00000000-0000-0000-0000-000000290564}
T{00000000-0000-0000-0000-00000027AD7A}
T{00000000-0000-0000-0000-00000027AA03}
T{00000000-0000-0000-0000-000000279F08}
T{00000000-0000-0000-0000-0000000CE38C}
T{00000000-0000-0000-0000-000000278D61}
T{00000000-0000-0000-0000-0000000FBC67}
T{00000000-0000-0000-0000-000000287466}
T{00000000-0000-0000-0000-00000027893E}
T{00000000-0000-0000-0000-0000002C0454}
T{00000000-0000-0000-0000-00000002D739}
T{00000000-0000-0000-0000-00000029D695}
T{00000000-0000-0000-0000-000000022FC9}
T{00000000-0000-0000-0000-000000046B2D}
T{00000000-0000-0000-0000-0000000D1321}
T{00000000-0000-0000-0000-00000015C4F0}
T{00000000-0000-0000-0000-0000002754F6}
T{00000000-0000-0000-0000-00000006AFA6}
F{00000000-0000-0000-0000-0000000A5753}
T{00000000-0000-0000-0000-000000273789}
T{00000000-0000-0000-0000-00000002793F}
T{00000000-0000-0000-0000-000000273294}
T{00000000-0000-0000-0000-000000027CAC}
T{00000000-0000-0000-0000-0000002710FF}
T{00000000-0000-0000-0000-000000270E59}
T{00000000-0000-0000-0000-0000000D93FC}
T{00000000-0000-0000-0000-000000270D4D}
T{00000000-0000-0000-0000-000000027CD4}
T{00000000-0000-0000-0000-000000270685}
T{00000000-0000-0000-0000-000000279364}
T{00000000-0000-0000-0000-0000002701BE}
T{00000000-0000-0000-0000-000000270108}
T{00000000-0000-0000-0000-000000334357}
F{00000000-0000-0000-0000-0000002390CE}
T{00000000-0000-0000-0000-00000033C0DE}
T{00000000-0000-0000-0000-00000026F0BD}
T{00000000-0000-0000-0000-0000002D0133}
T{00000000-0000-0000-0000-00000026F097}
T{00000000-0000-0000-0000-00000027D6CB}
T{00000000-0000-0000-0000-0000002F7AFF}
F{00000000-0000-0000-0000-000000046E9C}
T{00000000-0000-0000-0000-00000002B478}
T{00000000-0000-0000-0000-00000026E11D}
T{00000000-0000-0000-0000-0000000290BB}
T{00000000-0000-0000-0000-00000026E10D}
T{00000000-0000-0000-0000-0000000292E2}
T{00000000-0000-0000-0000-00000026DB9A}
T{00000000-0000-0000-0000-00000026D979}
T{00000000-0000-0000-0000-00000026D7AA}
T{00000000-0000-0000-0000-000000316D5A}
T{00000000-0000-0000-0000-000000029A34}
T{00000000-0000-0000-0000-00000026CFA0}
T{00000000-0000-0000-0000-00000026CBC8}
T{00000000-0000-0000-0000-000000029AE8}
F{00000000-0000-0000-0000-00000026C27D}
T{00000000-0000-0000-0000-0000001D9AFE}
T{00000000-0000-0000-0000-00000032088E}
F{00000000-0000-0000-0000-0000002FDFCF}
T{00000000-0000-0000-0000-0000000ABCBF}
T{00000000-0000-0000-0000-00000026BE73}
T{00000000-0000-0000-0000-00000026BC4E}
T{00000000-0000-0000-0000-0000002E31B8}
T{00000000-0000-0000-0000-00000026BAE5}
T{00000000-0000-0000-0000-000000210458}
T{00000000-0000-0000-0000-00000014E633}
F{00000000-0000-0000-0000-00000006CBEB}
F{00000000-0000-0000-0000-00000002AAB8}
T{00000000-0000-0000-0000-00000026B585}
T{00000000-0000-0000-0000-0000000648F6}
T{00000000-0000-0000-0000-00000026AF5F}
F{00000000-0000-0000-0000-00000002B751}
T{00000000-0000-0000-0000-00000026A0BC}
T{00000000-0000-0000-0000-00000026993A}
T{00000000-0000-0000-0000-0000000D0DDB}
T{00000000-0000-0000-0000-000000035E18}
T{00000000-0000-0000-0000-00000026864F}
T{00000000-0000-0000-0000-0000002DEC30}
T{00000000-0000-0000-0000-000000267527}
T{00000000-0000-0000-0000-00000026601E}
T{00000000-0000-0000-0000-00000002C3AA}
T{00000000-0000-0000-0000-000000253DA3}
T{00000000-0000-0000-0000-00000009D30D}
T{00000000-0000-0000-0000-000000044047}
T{00000000-0000-0000-0000-0000002655AB}
T{00000000-0000-0000-0000-0000002653C5}
T{00000000-0000-0000-0000-00000002C833}
T{00000000-0000-0000-0000-00000016816A}
T{00000000-0000-0000-0000-00000028B988}
T{00000000-0000-0000-0000-000000216801}
T{00000000-0000-0000-0000-000000090902}
T{00000000-0000-0000-0000-000000264B34}
T{00000000-0000-0000-0000-00000002D109}
T{00000000-0000-0000-0000-0000002645D9}
T{00000000-0000-0000-0000-0000002644FE}
F{00000000-0000-0000-0000-000000165EB8}
T{00000000-0000-0000-0000-00000013CEC9}
T{00000000-0000-0000-0000-0000002BA367}
T{00000000-0000-0000-0000-000000263B63}
T{00000000-0000-0000-0000-0000002C6BF5}
T{00000000-0000-0000-0000-000000263535}
T{00000000-0000-0000-0000-000000263223}
T{00000000-0000-0000-0000-0000002631EE}
T{00000000-0000-0000-0000-000000262EF2}
T{00000000-0000-0000-0000-00000002D585}
T{00000000-0000-0000-0000-00000026173B}
T{00000000-0000-0000-0000-000000260EFD}
T{00000000-0000-0000-0000-0000002607ED}
T{00000000-0000-0000-0000-0000002C9AE4}
T{00000000-0000-0000-0000-0000000889CB}
T{00000000-0000-0000-0000-000000199FC0}
T{00000000-0000-0000-0000-00000025F272}
T{00000000-0000-0000-0000-00000025E20C}
T{00000000-0000-0000-0000-0000002350BA}
T{00000000-0000-0000-0000-00000002EF9A}
T{00000000-0000-0000-0000-00000002F773}
T{00000000-0000-0000-0000-0000001D398B}
F{00000000-0000-0000-0000-000000040075}
T{00000000-0000-0000-0000-000000248637}
F{00000000-0000-0000-0000-00000025B34A}
T{00000000-0000-0000-0000-00000025B19E}
T{00000000-0000-0000-0000-0000001BD3E4}
T{00000000-0000-0000-0000-0000000C6AB3}
T{00000000-0000-0000-0000-000000259E3F}
T{00000000-0000-0000-0000-00000007A92E}
T{00000000-0000-0000-0000-00000022045C}
T{00000000-0000-0000-0000-0000000305DE}
T{00000000-0000-0000-0000-000000259726}
T{00000000-0000-0000-0000-000000030667}
T{00000000-0000-0000-0000-0000001341CE}
T{00000000-0000-0000-0000-000000257ED2}
T{00000000-0000-0000-0000-0000002579A9}
T{00000000-0000-0000-0000-00000006E705}
T{00000000-0000-0000-0000-000000030982}
T{00000000-0000-0000-0000-000000254EB3}
T{00000000-0000-0000-0000-0000000434A2}
T{00000000-0000-0000-0000-0000002067C5}
T{00000000-0000-0000-0000-000000254240}
T{00000000-0000-0000-0000-000000253E30}
T{00000000-0000-0000-0000-00000007CC3B}
T{00000000-0000-0000-0000-00000007278E}
T{00000000-0000-0000-0000-000000253ACD}
T{00000000-0000-0000-0000-0000000310A3}
T{00000000-0000-0000-0000-0000000B0E59}
T{00000000-0000-0000-0000-0000002AE431}
T{00000000-0000-0000-0000-000000113C40}
T{00000000-0000-0000-0000-0000000315B1}
T{00000000-0000-0000-0000-0000000BF856}
F{00000000-0000-0000-0000-00000014E04A}
T{00000000-0000-0000-0000-0000002518E3}
T{00000000-0000-0000-0000-000000250A40}
T{00000000-0000-0000-0000-000000250A32}
T{00000000-0000-0000-0000-000000272ACA}
T{00000000-0000-0000-0000-0000000D0B0E}
T{00000000-0000-0000-0000-00000024E8D0}
T{00000000-0000-0000-0000-00000024E7DE}
T{00000000-0000-0000-0000-00000008E332}
T{00000000-0000-0000-0000-0000001FF94D}
T{00000000-0000-0000-0000-000000033498}
T{00000000-0000-0000-0000-0000000AA469}
T{00000000-0000-0000-0000-0000001D500E}
T{00000000-0000-0000-0000-0000002D3FCB}
T{00000000-0000-0000-0000-0000000506BF}
T{00000000-0000-0000-0000-000000034590}
T{00000000-0000-0000-0000-0000000C6E22}
T{00000000-0000-0000-0000-00000024C144}
T{00000000-0000-0000-0000-0000001727F6}
T{00000000-0000-0000-0000-00000024C09B}
T{00000000-0000-0000-0000-0000000B1BD6}
T{00000000-0000-0000-0000-000000033863}
F{00000000-0000-0000-0000-0000002009A1}
T{00000000-0000-0000-0000-00000024BFD8}
T{00000000-0000-0000-0000-0000002FE1A5}
T{00000000-0000-0000-0000-00000024BF48}
