T{00000000-0000-0000-0000-0000002D02F7}
T{00000000-0000-0000-0000-0000002C9458}
T{00000000-0000-0000-0000-00000031A5D4}
T{00000000-0000-0000-0000-000000285C2A}
F{00000000-0000-0000-0000-000000270476}
T{00000000-0000-0000-0000-00000026E850}
T{00000000-0000-0000-0000-00000026C27D}
T{00000000-0000-0000-0000-00000025B34A}
T{00000000-0000-0000-0000-00000026F535}
T{00000000-0000-0000-0000-00000024A6D8}
F{00000000-0000-0000-0000-000000144245}
T{00000000-0000-0000-0000-00000020BD3C}
T{00000000-0000-0000-0000-0000000E75F6}
T{00000000-0000-0000-0000-0000000D279A}
T{00000000-0000-0000-0000-0000001EA152}
T{00000000-0000-0000-0000-000000071C8B}
F{00000000-0000-0000-0000-0000000BF8B3}
T{00000000-0000-0000-0000-00000007523C}
T{00000000-0000-0000-0000-0000002009A1}
T{00000000-0000-0000-0000-00000014E04A}
T{00000000-0000-0000-0000-000000040075}
T{00000000-0000-0000-0000-000000165EB8}
T{00000000-0000-0000-0000-00000002B751}
T{00000000-0000-0000-0000-00000002AAB8}
T{00000000-0000-0000-0000-00000006CBEB}
T{00000000-0000-0000-0000-0000002FDFCF}
T{00000000-0000-0000-0000-000000046E9C}
F{00000000-0000-0000-0000-0000002390CE}
T{00000000-0000-0000-0000-0000000A5753}
T{00000000-0000-0000-0000-00000001E23D}
T{00000000-0000-0000-0000-0000002BA75C}
T{00000000-0000-0000-0000-00000016C567}
T{00000000-0000-0000-0000-00000001C42B}
F{00000000-0000-0000-0000-000000039877}
T{00000000-0000-0000-0000-0000000A14F9}
T{00000000-0000-0000-0000-00000031941A}
T{00000000-0000-0000-0000-000000038479}
T{00000000-0000-0000-0000-00000001AAB3}
T{00000000-0000-0000-0000-0000000C6B65}
T{00000000-0000-0000-0000-000000078B95}
T{00000000-0000-0000-0000-000000077D94}
F{00000000-0000-0000-0000-000000019B30}
F{00000000-0000-0000-0000-000000267D6D}
T{00000000-0000-0000-0000-00000033B3D6}
T{00000000-0000-0000-0000-000000018FBC}
T{00000000-0000-0000-0000-000000047517}
F{00000000-0000-0000-0000-0000000802A5}
T{00000000-0000-0000-0000-00000033627A}
T{00000000-0000-0000-0000-000000125376}
F{00000000-0000-0000-0000-0000002CABB9}
T{00000000-0000-0000-0000-0000002AE653}
F{00000000-0000-0000-0000-0000002C4823}
F{00000000-0000-0000-0000-000000271353}
F{00000000-0000-0000-0000-0000002B0555}
T{00000000-0000-0000-0000-0000001831A7}
F{00000000-0000-0000-0000-000000243F02}
F{00000000-0000-0000-0000-000000012582}
T{00000000-0000-0000-0000-00000009C060}
F{00000000-0000-0000-0000-00000014DA5C}
F{00000000-0000-0000-0000-00000016D8EC}
T{00000000-0000-0000-0000-0000000108B3}
F{00000000-0000-0000-0000-000000101B79}
F{00000000-0000-0000-0000-00000031720F}
T{00000000-0000-0000-0000-0000001BA4AF}
T{00000000-0000-0000-0000-000000220995}
T{00000000-0000-0000-0000-00000020AC91}
T{00000000-0000-0000-0000-0000001B5DFD}
T{00000000-0000-0000-0000-00000000D30C}
T{00000000-0000-0000-0000-00000008DE54}
T{00000000-0000-0000-0000-0000000CAFAA}
T{00000000-0000-0000-0000-0000000CAFAA}
T{00000000-0000-0000-0000-00000007523C}
T{00000000-0000-0000-0000-0000000D279A}
T{00000000-0000-0000-0000-00000026E850}
T{00000000-0000-0000-0000-0000002D02F7}
T{00000000-0000-0000-0000-00000020BD3C}
T{00000000-0000-0000-0000-000000285C2A}
T{00000000-0000-0000-0000-000000171E7F}
T{00000000-0000-0000-0000-000000119E8F}
T{00000000-0000-0000-0000-0000000689A3}
T{00000000-0000-0000-0000-00000031A727}
T{00000000-0000-0000-0000-000000171CEF}
T{00000000-0000-0000-0000-0000001362D5}
T{00000000-0000-0000-0000-000000209B55}
T{00000000-0000-0000-0000-0000001D05B7}
T{00000000-0000-0000-0000-0000001D0EA2}
T{00000000-0000-0000-0000-000000126161}
T{00000000-0000-0000-0000-0000000A1D72}
T{00000000-0000-0000-0000-0000000A2146}
T{00000000-0000-0000-0000-000000098503}
T{00000000-0000-0000-0000-0000001D1E7E}
T{00000000-0000-0000-0000-000000336848}
T{00000000-0000-0000-0000-000000318A4E}
T{00000000-0000-0000-0000-0000000FDA60}
T{00000000-0000-0000-0000-0000001262D7}
T{00000000-0000-0000-0000-0000000A244A}
T{00000000-0000-0000-0000-0000000EFBD2}
T{00000000-0000-0000-0000-000000069F05}
T{00000000-0000-0000-0000-00000008AE69}
T{00000000-0000-0000-0000-000000187E87}
T{00000000-0000-0000-0000-00000011659A}
T{00000000-0000-0000-0000-00000029E8B4}
T{00000000-0000-0000-0000-0000001064E8}
T{00000000-0000-0000-0000-0000001D3BAA}
T{00000000-0000-0000-0000-0000001703E3}
T{00000000-0000-0000-0000-00000016FD2D}
T{00000000-0000-0000-0000-0000000F2546}
T{00000000-0000-0000-0000-00000033518B}
T{00000000-0000-0000-0000-0000000DEEA7}
T{00000000-0000-0000-0000-0000000F9D31}
T{00000000-0000-0000-0000-00000006D98C}
F{00000000-0000-0000-0000-000000137926}
T{00000000-0000-0000-0000-00000006DFFB}
T{00000000-0000-0000-0000-000000333127}
T{00000000-0000-0000-0000-0000000BE0B1}
T{00000000-0000-0000-0000-000000244B87}
T{00000000-0000-0000-0000-0000001D5827}
T{00000000-0000-0000-0000-0000000FA8A2}
T{00000000-0000-0000-0000-0000000CE6CE}
T{00000000-0000-0000-0000-000000126400}
T{00000000-0000-0000-0000-0000002529FE}
T{00000000-0000-0000-0000-0000000C5C77}
T{00000000-0000-0000-0000-00000016D6F1}
T{00000000-0000-0000-0000-00000017F950}
T{00000000-0000-0000-0000-000000105C5B}
T{00000000-0000-0000-0000-0000000E4A06}
T{00000000-0000-0000-0000-0000002A63DB}
T{00000000-0000-0000-0000-00000014196D}
T{00000000-0000-0000-0000-000000330023}
T{00000000-0000-0000-0000-00000009779C}
T{00000000-0000-0000-0000-00000029229E}
T{00000000-0000-0000-0000-000000331AEC}
T{00000000-0000-0000-0000-00000016CF0A}
T{00000000-0000-0000-0000-000000105281}
T{00000000-0000-0000-0000-00000011AAE4}
T{00000000-0000-0000-0000-0000000DEE47}
T{00000000-0000-0000-0000-0000001DA545}
T{00000000-0000-0000-0000-00000016C3F8}
T{00000000-0000-0000-0000-0000000E1586}
F{00000000-0000-0000-0000-00000016BEDB}
T{00000000-0000-0000-0000-000000299FFC}
T{00000000-0000-0000-0000-0000001DB5F0}
T{00000000-0000-0000-0000-0000000A0057}
T{00000000-0000-0000-0000-00000012206F}
T{00000000-0000-0000-0000-000000116328}
T{00000000-0000-0000-0000-0000002A275F}
T{00000000-0000-0000-0000-0000000B2328}
T{00000000-0000-0000-0000-00000016B6E6}
T{00000000-0000-0000-0000-0000000E47CE}
F{00000000-0000-0000-0000-00000025B204}
T{00000000-0000-0000-0000-0000000DD8B2}
T{00000000-0000-0000-0000-00000008945C}
T{00000000-0000-0000-0000-00000011BF80}
T{00000000-0000-0000-0000-00000032AFCF}
T{00000000-0000-0000-0000-000000208FFA}
T{00000000-0000-0000-0000-00000006FA4F}
T{00000000-0000-0000-0000-0000001DDAC8}
T{00000000-0000-0000-0000-0000001DDA89}
T{00000000-0000-0000-0000-000000306589}
T{00000000-0000-0000-0000-00000016B01C}
T{00000000-0000-0000-0000-00000024A6D8}
T{00000000-0000-0000-0000-0000001DDEB2}
T{00000000-0000-0000-0000-00000016A7D2}
T{00000000-0000-0000-0000-00000011BF9A}
T{00000000-0000-0000-0000-000000270476}
T{00000000-0000-0000-0000-0000000FA0F7}
F{00000000-0000-0000-0000-0000002B98FA}
T{00000000-0000-0000-0000-00000032E5A4}
T{00000000-0000-0000-0000-000000180C32}
T{00000000-0000-0000-0000-000000327C1B}
T{00000000-0000-0000-0000-0000001E33D1}
T{00000000-0000-0000-0000-00000011D39D}
T{00000000-0000-0000-0000-0000002C7A73}
T{00000000-0000-0000-0000-00000008978C}
T{00000000-0000-0000-0000-0000002203C2}
T{00000000-0000-0000-0000-0000001E85DF}
T{00000000-0000-0000-0000-000000215FCE}
T{00000000-0000-0000-0000-0000000BDF94}
T{00000000-0000-0000-0000-0000002B448D}
T{00000000-0000-0000-0000-00000016E14D}
T{00000000-0000-0000-0000-000000135FEE}
T{00000000-0000-0000-0000-000000254935}
T{00000000-0000-0000-0000-00000033A0BA}
T{00000000-0000-0000-0000-0000001E95C6}
T{00000000-0000-0000-0000-0000001691CB}
T{00000000-0000-0000-0000-000000097502}
T{00000000-0000-0000-0000-000000290964}
T{00000000-0000-0000-0000-00000030FBFF}
T{00000000-0000-0000-0000-0000000B728F}
T{00000000-0000-0000-0000-00000012642B}
T{00000000-0000-0000-0000-0000001287E8}
T{00000000-0000-0000-0000-0000002E1683}
T{00000000-0000-0000-0000-000000135E20}
T{00000000-0000-0000-0000-000000322148}
T{00000000-0000-0000-0000-0000000F167E}
T{00000000-0000-0000-0000-0000002325E3}
T{00000000-0000-0000-0000-000000243451}
T{00000000-0000-0000-0000-0000002F2476}
T{00000000-0000-0000-0000-00000014455B}
T{00000000-0000-0000-0000-000000071C8B}
T{00000000-0000-0000-0000-000000135BF7}
T{00000000-0000-0000-0000-00000011E062}
T{00000000-0000-0000-0000-0000001ED6E0}
T{00000000-0000-0000-0000-000000072BEA}
T{00000000-0000-0000-0000-0000000B73A1}
T{00000000-0000-0000-0000-0000001F00C0}
T{00000000-0000-0000-0000-000000167F5F}
T{00000000-0000-0000-0000-000000247BB0}
T{00000000-0000-0000-0000-0000001F0AC9}
T{00000000-0000-0000-0000-000000141B56}
T{00000000-0000-0000-0000-0000001B2F2F}
T{00000000-0000-0000-0000-0000000CE301}
T{00000000-0000-0000-0000-0000001F147E}
T{00000000-0000-0000-0000-000000330872}
T{00000000-0000-0000-0000-0000001357CB}
T{00000000-0000-0000-0000-000000207457}
T{00000000-0000-0000-0000-0000000AC938}
T{00000000-0000-0000-0000-00000024D927}
T{00000000-0000-0000-0000-0000001F3690}
T{00000000-0000-0000-0000-0000001E864C}
T{00000000-0000-0000-0000-000000284842}
T{00000000-0000-0000-0000-0000001F98D9}
T{00000000-0000-0000-0000-000000335971}
T{00000000-0000-0000-0000-0000000E76FF}
T{00000000-0000-0000-0000-0000002482A5}
T{00000000-0000-0000-0000-00000011E78D}
T{00000000-0000-0000-0000-0000002D40BC}
T{00000000-0000-0000-0000-0000001C3443}
T{00000000-0000-0000-0000-000000167274}
T{00000000-0000-0000-0000-0000000D648E}
T{00000000-0000-0000-0000-0000001A39AD}
T{00000000-0000-0000-0000-00000013500B}
T{00000000-0000-0000-0000-000000134B23}
T{00000000-0000-0000-0000-000000134930}
F{00000000-0000-0000-0000-0000000F84E7}
T{00000000-0000-0000-0000-00000007697F}
T{00000000-0000-0000-0000-0000000C46EE}
T{00000000-0000-0000-0000-0000000D0A5A}
T{00000000-0000-0000-0000-000000166475}
T{00000000-0000-0000-0000-00000022E947}
T{00000000-0000-0000-0000-000000165DBF}
T{00000000-0000-0000-0000-00000028B837}
T{00000000-0000-0000-0000-0000001FA5E4}
T{00000000-0000-0000-0000-0000001FC332}
T{00000000-0000-0000-0000-0000001D7F60}
T{00000000-0000-0000-0000-0000002997AA}
T{00000000-0000-0000-0000-0000001847C3}
T{00000000-0000-0000-0000-0000001FAE7E}
T{00000000-0000-0000-0000-00000016D6FB}
T{00000000-0000-0000-0000-0000000778E0}
T{00000000-0000-0000-0000-0000001DBEBC}
T{00000000-0000-0000-0000-000000164DC8}
T{00000000-0000-0000-0000-000000164C4C}
T{00000000-0000-0000-0000-0000001FBB96}
T{00000000-0000-0000-0000-0000001649D9}
T{00000000-0000-0000-0000-0000001FC06F}
T{00000000-0000-0000-0000-000000164208}
T{00000000-0000-0000-0000-0000001FC2AF}
T{00000000-0000-0000-0000-0000000FE302}
T{00000000-0000-0000-0000-0000002B6C6B}
T{00000000-0000-0000-0000-00000028EF0B}
T{00000000-0000-0000-0000-000000104D8A}
T{00000000-0000-0000-0000-0000002D0ADD}
T{00000000-0000-0000-0000-000000314CA8}
T{00000000-0000-0000-0000-0000001FC5FB}
T{00000000-0000-0000-0000-00000011E9B8}
T{00000000-0000-0000-0000-00000008B735}
T{00000000-0000-0000-0000-0000001DBEB0}
T{00000000-0000-0000-0000-0000001FDBA8}
T{00000000-0000-0000-0000-000000165534}
T{00000000-0000-0000-0000-0000000FA6A6}
T{00000000-0000-0000-0000-000000096C07}
T{00000000-0000-0000-0000-0000000E5E8A}
T{00000000-0000-0000-0000-0000002EC376}
T{00000000-0000-0000-0000-000000167516}
T{00000000-0000-0000-0000-0000000CDEF1}
T{00000000-0000-0000-0000-000000200331}
T{00000000-0000-0000-0000-0000001629D2}
T{00000000-0000-0000-0000-00000011EA07}
T{00000000-0000-0000-0000-000000202FBE}
T{00000000-0000-0000-0000-0000000D8B5B}
T{00000000-0000-0000-0000-000000214637}
T{00000000-0000-0000-0000-000000200AD1}
T{00000000-0000-0000-0000-00000007936F}
T{00000000-0000-0000-0000-00000015C8F2}
T{00000000-0000-0000-0000-00000032B082}
T{00000000-0000-0000-0000-0000001D3BF2}
T{00000000-0000-0000-0000-00000032C384}
T{00000000-0000-0000-0000-000000079AC9}
T{00000000-0000-0000-0000-000000201EF6}
T{00000000-0000-0000-0000-000000095837}
T{00000000-0000-0000-0000-0000002028EE}
F{00000000-0000-0000-0000-000000132C5C}
T{00000000-0000-0000-0000-000000314AA2}
T{00000000-0000-0000-0000-0000001328AC}
T{00000000-0000-0000-0000-0000000D1A2C}
T{00000000-0000-0000-0000-000000320D6B}
T{00000000-0000-0000-0000-00000011EAD5}
T{00000000-0000-0000-0000-00000015C112}
T{00000000-0000-0000-0000-0000000D2E16}
T{00000000-0000-0000-0000-0000000BC15F}
T{00000000-0000-0000-0000-000000136382}
T{00000000-0000-0000-0000-0000000BD5EC}
T{00000000-0000-0000-0000-0000002A27DD}
T{00000000-0000-0000-0000-0000002FE726}
T{00000000-0000-0000-0000-0000000F1F59}
T{00000000-0000-0000-0000-00000007A926}
T{00000000-0000-0000-0000-00000011EEBE}
F{00000000-0000-0000-0000-0000000BC199}
T{00000000-0000-0000-0000-000000332BAE}
T{00000000-0000-0000-0000-0000001F1353}
F{00000000-0000-0000-0000-0000000C0AE0}
T{00000000-0000-0000-0000-0000002CE1D9}
T{00000000-0000-0000-0000-00000020A4CC}
T{00000000-0000-0000-0000-00000032EAE8}
T{00000000-0000-0000-0000-0000002FC20B}
T{00000000-0000-0000-0000-00000011EFD7}
T{00000000-0000-0000-0000-00000015B2A7}
T{00000000-0000-0000-0000-00000020AB9B}
T{00000000-0000-0000-0000-0000001D2101}
T{00000000-0000-0000-0000-000000094F06}
T{00000000-0000-0000-0000-00000020C386}
T{00000000-0000-0000-0000-0000000E773C}
T{00000000-0000-0000-0000-00000007C0C0}
T{00000000-0000-0000-0000-00000015AB9D}
F{00000000-0000-0000-0000-000000097145}
T{00000000-0000-0000-0000-000000127764}
T{00000000-0000-0000-0000-00000007D0B3}
T{00000000-0000-0000-0000-000000094D3E}
T{00000000-0000-0000-0000-00000007D2AF}
T{00000000-0000-0000-0000-00000020C4D2}
T{00000000-0000-0000-0000-00000020C4D7}
T{00000000-0000-0000-0000-00000015A7A1}
T{00000000-0000-0000-0000-0000000C70C2}
T{00000000-0000-0000-0000-0000000E1624}
T{00000000-0000-0000-0000-00000020CA98}
T{00000000-0000-0000-0000-0000000899F4}
T{00000000-0000-0000-0000-00000020F379}
F{00000000-0000-0000-0000-00000021056F}
T{00000000-0000-0000-0000-0000002734C4}
T{00000000-0000-0000-0000-0000001726C1}
F{00000000-0000-0000-0000-000000210D1D}
T{00000000-0000-0000-0000-00000008AE60}
T{00000000-0000-0000-0000-000000224301}
T{00000000-0000-0000-0000-000000210F79}
T{00000000-0000-0000-0000-0000001680DD}
T{00000000-0000-0000-0000-0000001EA152}
T{00000000-0000-0000-0000-0000000ED1CA}
T{00000000-0000-0000-0000-0000000FAA12}
T{00000000-0000-0000-0000-0000002159DF}
T{00000000-0000-0000-0000-00000024E933}
T{00000000-0000-0000-0000-000000333D98}
T{00000000-0000-0000-0000-000000205C4B}
T{00000000-0000-0000-0000-00000009E1BD}
T{00000000-0000-0000-0000-00000029E2F7}
T{00000000-0000-0000-0000-000000216360}
T{00000000-0000-0000-0000-000000130604}
T{00000000-0000-0000-0000-000000157DBE}
T{00000000-0000-0000-0000-00000007E169}
T{00000000-0000-0000-0000-000000310439}
T{00000000-0000-0000-0000-0000002168E5}
T{00000000-0000-0000-0000-00000007E9CC}
F{00000000-0000-0000-0000-0000000E70A1}
T{00000000-0000-0000-0000-00000015781E}
T{00000000-0000-0000-0000-0000001577FA}
T{00000000-0000-0000-0000-00000012B193}
T{00000000-0000-0000-0000-000000120E6F}
T{00000000-0000-0000-0000-000000093E76}
T{00000000-0000-0000-0000-00000009CB8B}
T{00000000-0000-0000-0000-000000157438}
T{00000000-0000-0000-0000-0000001A80C1}
T{00000000-0000-0000-0000-0000000ECD5A}
T{00000000-0000-0000-0000-00000025B34A}
T{00000000-0000-0000-0000-000000042BB4}
T{00000000-0000-0000-0000-0000000E12C5}
T{00000000-0000-0000-0000-00000018D48D}
T{00000000-0000-0000-0000-000000218924}
T{00000000-0000-0000-0000-00000021C834}
T{00000000-0000-0000-0000-00000029FB23}
T{00000000-0000-0000-0000-00000004440B}
F{00000000-0000-0000-0000-00000015621C}
T{00000000-0000-0000-0000-00000018D027}
T{00000000-0000-0000-0000-00000026CC61}
T{00000000-0000-0000-0000-00000021D238}
T{00000000-0000-0000-0000-0000002A4AC2}
T{00000000-0000-0000-0000-000000248147}
T{00000000-0000-0000-0000-000000137D7D}
T{00000000-0000-0000-0000-00000023F0DF}
T{00000000-0000-0000-0000-00000012EA12}
T{00000000-0000-0000-0000-00000004DF78}
F{00000000-0000-0000-0000-0000001226E2}
T{00000000-0000-0000-0000-0000000936A7}
T{00000000-0000-0000-0000-000000249F49}
T{00000000-0000-0000-0000-0000001FBC4A}
T{00000000-0000-0000-0000-00000004565F}
T{00000000-0000-0000-0000-00000021F0C7}
T{00000000-0000-0000-0000-000000249E86}
T{00000000-0000-0000-0000-00000021F631}
T{00000000-0000-0000-0000-0000000C4E1F}
T{00000000-0000-0000-0000-00000008BBE4}
T{00000000-0000-0000-0000-00000007FC7D}
F{00000000-0000-0000-0000-00000000740B}
T{00000000-0000-0000-0000-000000105E29}
T{00000000-0000-0000-0000-0000001BE6D6}
T{00000000-0000-0000-0000-00000012235C}
T{00000000-0000-0000-0000-000000092F5A}
T{00000000-0000-0000-0000-000000080458}
T{00000000-0000-0000-0000-00000009D5B6}
T{00000000-0000-0000-0000-000000220937}
T{00000000-0000-0000-0000-0000002A1003}
T{00000000-0000-0000-0000-000000100099}
T{00000000-0000-0000-0000-000000270693}
T{00000000-0000-0000-0000-00000013E545}
T{00000000-0000-0000-0000-00000016FAD2}
T{00000000-0000-0000-0000-0000000E4F3E}
T{00000000-0000-0000-0000-000000023E71}
T{00000000-0000-0000-0000-0000000E56CD}
T{00000000-0000-0000-0000-0000000A0843}
F{00000000-0000-0000-0000-000000064615}
T{00000000-0000-0000-0000-0000000FEB93}
T{00000000-0000-0000-0000-000000057797}
T{00000000-0000-0000-0000-000000314C0E}
T{00000000-0000-0000-0000-0000001684A9}
T{00000000-0000-0000-0000-00000001B79B}
T{00000000-0000-0000-0000-0000000BE9B6}
T{00000000-0000-0000-0000-0000002DB4F7}
T{00000000-0000-0000-0000-000000048D09}
T{00000000-0000-0000-0000-000000153AC4}
T{00000000-0000-0000-0000-00000000AEC0}
T{00000000-0000-0000-0000-00000023FF40}
T{00000000-0000-0000-0000-000000291679}
T{00000000-0000-0000-0000-000000004CAA}
T{00000000-0000-0000-0000-00000005AD98}
T{00000000-0000-0000-0000-00000029F7D6}
T{00000000-0000-0000-0000-00000027BF78}
T{00000000-0000-0000-0000-0000001533CE}
T{00000000-0000-0000-0000-0000000B92D3}
T{00000000-0000-0000-0000-0000000E2192}
T{00000000-0000-0000-0000-00000011FD04}
T{00000000-0000-0000-0000-0000000FA26B}
T{00000000-0000-0000-0000-0000001016F2}
T{00000000-0000-0000-0000-0000002BD718}
T{00000000-0000-0000-0000-00000013567B}
T{00000000-0000-0000-0000-0000001532EA}
T{00000000-0000-0000-0000-0000001DA755}
T{00000000-0000-0000-0000-000000153240}
T{00000000-0000-0000-0000-000000004F37}
T{00000000-0000-0000-0000-000000152F2F}
T{00000000-0000-0000-0000-0000000DB39E}
T{00000000-0000-0000-0000-00000022712E}
T{00000000-0000-0000-0000-0000002963C2}
T{00000000-0000-0000-0000-000000031801}
T{00000000-0000-0000-0000-000000008BC5}
T{00000000-0000-0000-0000-000000097ED7}
T{00000000-0000-0000-0000-0000000D2039}
T{00000000-0000-0000-0000-00000026F535}
T{00000000-0000-0000-0000-00000001A534}
T{00000000-0000-0000-0000-00000004A7E6}
T{00000000-0000-0000-0000-00000009D32C}
T{00000000-0000-0000-0000-0000000055B9}
T{00000000-0000-0000-0000-00000009D7F9}
T{00000000-0000-0000-0000-000000178A7B}
F{00000000-0000-0000-0000-0000002C99F1}
T{00000000-0000-0000-0000-0000000D80FB}
T{00000000-0000-0000-0000-00000002D9EA}
T{00000000-0000-0000-0000-0000000FC983}
F{00000000-0000-0000-0000-0000000B6F8C}
T{00000000-0000-0000-0000-00000004C733}
T{00000000-0000-0000-0000-0000000077DB}
T{00000000-0000-0000-0000-000000164226}
T{00000000-0000-0000-0000-0000000EE1D3}
T{00000000-0000-0000-0000-0000000A9040}
T{00000000-0000-0000-0000-000000264C56}
T{00000000-0000-0000-0000-00000004CE31}
T{00000000-0000-0000-0000-000000030294}
T{00000000-0000-0000-0000-0000000DE85C}
T{00000000-0000-0000-0000-0000002D0034}
T{00000000-0000-0000-0000-00000004D2CD}
T{00000000-0000-0000-0000-00000001E74C}
T{00000000-0000-0000-0000-00000027B087}
T{00000000-0000-0000-0000-000000043B45}
T{00000000-0000-0000-0000-00000004727B}
T{00000000-0000-0000-0000-000000273331}
T{00000000-0000-0000-0000-00000004D92F}
T{00000000-0000-0000-0000-000000006289}
T{00000000-0000-0000-0000-000000039782}
T{00000000-0000-0000-0000-00000004DB4B}
T{00000000-0000-0000-0000-0000002D609F}
T{00000000-0000-0000-0000-0000000CDCC0}
T{00000000-0000-0000-0000-0000000FDA95}
T{00000000-0000-0000-0000-0000000C3652}
T{00000000-0000-0000-0000-000000171022}
T{00000000-0000-0000-0000-0000002FFA68}
T{00000000-0000-0000-0000-0000000F1AE8}
T{00000000-0000-0000-0000-00000011BBB3}
T{00000000-0000-0000-0000-00000002CDA0}
T{00000000-0000-0000-0000-000000007362}
T{00000000-0000-0000-0000-00000020CCCA}
T{00000000-0000-0000-0000-0000000A1C51}
T{00000000-0000-0000-0000-0000000305DF}
T{00000000-0000-0000-0000-0000000C83D2}
T{00000000-0000-0000-0000-00000014DD63}
T{00000000-0000-0000-0000-0000000077BD}
T{00000000-0000-0000-0000-0000002225A2}
T{00000000-0000-0000-0000-000000054F25}
T{00000000-0000-0000-0000-0000000078D5}
T{00000000-0000-0000-0000-0000000F4027}
T{00000000-0000-0000-0000-0000001445FC}
T{00000000-0000-0000-0000-0000000C98F9}
T{00000000-0000-0000-0000-000000073B05}
T{00000000-0000-0000-0000-0000000079BC}
T{00000000-0000-0000-0000-00000004F061}
T{00000000-0000-0000-0000-000000184E89}
T{00000000-0000-0000-0000-00000014D038}
T{00000000-0000-0000-0000-000000223B03}
T{00000000-0000-0000-0000-0000000FD5BA}
T{00000000-0000-0000-0000-00000025E04E}
T{00000000-0000-0000-0000-000000007AE4}
T{00000000-0000-0000-0000-0000001B5D7A}
T{00000000-0000-0000-0000-00000000F531}
T{00000000-0000-0000-0000-0000002EEF68}
T{00000000-0000-0000-0000-00000029C2EF}
T{00000000-0000-0000-0000-000000008111}
T{00000000-0000-0000-0000-0000000D1180}
T{00000000-0000-0000-0000-00000007F049}
T{00000000-0000-0000-0000-00000000814D}
T{00000000-0000-0000-0000-000000237126}
T{00000000-0000-0000-0000-0000000D1F5A}
T{00000000-0000-0000-0000-000000037D12}
T{00000000-0000-0000-0000-00000016FFE0}
F{00000000-0000-0000-0000-0000000FCF04}
T{00000000-0000-0000-0000-00000004FBCF}
F{00000000-0000-0000-0000-00000013BD56}
T{00000000-0000-0000-0000-0000000081B9}
T{00000000-0000-0000-0000-00000022D7B6}
T{00000000-0000-0000-0000-0000002D64C3}
T{00000000-0000-0000-0000-000000050381}
T{00000000-0000-0000-0000-0000001B2E80}
T{00000000-0000-0000-0000-000000191DB0}
T{00000000-0000-0000-0000-00000009F457}
T{00000000-0000-0000-0000-00000010D06B}
T{00000000-0000-0000-0000-0000000081C6}
T{00000000-0000-0000-0000-000000199875}
T{00000000-0000-0000-0000-000000149694}
T{00000000-0000-0000-0000-000000081A30}
T{00000000-0000-0000-0000-000000056E6D}
T{00000000-0000-0000-0000-000000009FD6}
T{00000000-0000-0000-0000-000000224556}
T{00000000-0000-0000-0000-0000000C4472}
T{00000000-0000-0000-0000-0000000FD50F}
T{00000000-0000-0000-0000-000000270E65}
F{00000000-0000-0000-0000-000000010A7C}
T{00000000-0000-0000-0000-0000002ACC91}
