T{00000000-0000-0000-0000-0000002D02F7}
T{00000000-0000-0000-0000-0000002C9458}
T{00000000-0000-0000-0000-00000031A5D4}
T{00000000-0000-0000-0000-000000285C2A}
T{00000000-0000-0000-0000-000000270476}
T{00000000-0000-0000-0000-00000026E850}
T{00000000-0000-0000-0000-00000026C27D}
T{00000000-0000-0000-0000-00000025B34A}
T{00000000-0000-0000-0000-00000026F535}
T{00000000-0000-0000-0000-00000024A6D8}
T{00000000-0000-0000-0000-000000210D1D}
T{00000000-0000-0000-0000-00000025B204}
T{00000000-0000-0000-0000-00000016BEDB}
T{00000000-0000-0000-0000-00000015621C}
T{00000000-0000-0000-0000-000000144245}
T{00000000-0000-0000-0000-000000137926}
F{00000000-0000-0000-0000-000000132C5C}
T{00000000-0000-0000-0000-0000001226E2}
T{00000000-0000-0000-0000-00000020BD3C}
F{00000000-0000-0000-0000-0000000F84E7}
T{00000000-0000-0000-0000-0000000E75F6}
T{00000000-0000-0000-0000-0000000D279A}
T{00000000-0000-0000-0000-00000021056F}
T{00000000-0000-0000-0000-0000000BC199}
T{00000000-0000-0000-0000-0000002B98FA}
T{00000000-0000-0000-0000-0000000C0AE0}
T{00000000-0000-0000-0000-0000001EA152}
T{00000000-0000-0000-0000-000000097145}
T{00000000-0000-0000-0000-000000071C8B}
T{00000000-0000-0000-0000-0000000BF8B3}
T{00000000-0000-0000-0000-0000000B6F8C}
T{00000000-0000-0000-0000-00000007523C}
T{00000000-0000-0000-0000-0000002009A1}
T{00000000-0000-0000-0000-00000014E04A}
T{00000000-0000-0000-0000-000000040075}
T{00000000-0000-0000-0000-000000165EB8}
T{00000000-0000-0000-0000-00000002B751}
T{00000000-0000-0000-0000-00000002AAB8}
T{00000000-0000-0000-0000-00000006CBEB}
T{00000000-0000-0000-0000-0000002FDFCF}
T{00000000-0000-0000-0000-000000046E9C}
T{00000000-0000-0000-0000-0000002390CE}
T{00000000-0000-0000-0000-0000000A5753}
T{00000000-0000-0000-0000-00000001E23D}
T{00000000-0000-0000-0000-0000002BA75C}
T{00000000-0000-0000-0000-00000016C567}
T{00000000-0000-0000-0000-00000001C42B}
T{00000000-0000-0000-0000-000000039877}
T{00000000-0000-0000-0000-0000000A14F9}
T{00000000-0000-0000-0000-00000031941A}
T{00000000-0000-0000-0000-000000038479}
T{00000000-0000-0000-0000-00000001AAB3}
T{00000000-0000-0000-0000-0000000C6B65}
T{00000000-0000-0000-0000-000000078B95}
T{00000000-0000-0000-0000-000000077D94}
F{00000000-0000-0000-0000-000000019B30}
F{00000000-0000-0000-0000-000000267D6D}
T{00000000-0000-0000-0000-00000033B3D6}
T{00000000-0000-0000-0000-000000018FBC}
T{00000000-0000-0000-0000-0000000802A5}
T{00000000-0000-0000-0000-00000033627A}
T{00000000-0000-0000-0000-000000125376}
T{00000000-0000-0000-0000-0000002CABB9}
T{00000000-0000-0000-0000-0000002AE653}
T{00000000-0000-0000-0000-0000002C4823}
F{00000000-0000-0000-0000-000000271353}
F{00000000-0000-0000-0000-0000002B0555}
T{00000000-0000-0000-0000-0000001831A7}
F{00000000-0000-0000-0000-000000243F02}
F{00000000-0000-0000-0000-000000012582}
T{00000000-0000-0000-0000-00000009C060}
T{00000000-0000-0000-0000-00000014DA5C}
F{00000000-0000-0000-0000-00000016D8EC}
T{00000000-0000-0000-0000-0000000108B3}
T{00000000-0000-0000-0000-000000101B79}
T{00000000-0000-0000-0000-00000031720F}
T{00000000-0000-0000-0000-0000001BA4AF}
T{00000000-0000-0000-0000-000000220995}
T{00000000-0000-0000-0000-00000020AC91}
T{00000000-0000-0000-0000-0000001B5DFD}
T{00000000-0000-0000-0000-00000000D30C}
F{00000000-0000-0000-0000-000000010A7C}
F{00000000-0000-0000-0000-00000013BD56}
F{00000000-0000-0000-0000-0000000FCF04}
F{00000000-0000-0000-0000-0000000CAFAA}
T{00000000-0000-0000-0000-0000002C99F1}
F{00000000-0000-0000-0000-000000064615}
F{00000000-0000-0000-0000-00000000740B}
T{00000000-0000-0000-0000-0000000E70A1}
T{00000000-0000-0000-0000-0000000BF8B3}
T{00000000-0000-0000-0000-000000144245}
T{00000000-0000-0000-0000-0000000FA774}
T{00000000-0000-0000-0000-000000316690}
T{00000000-0000-0000-0000-00000009D499}
T{00000000-0000-0000-0000-000000176E2D}
T{00000000-0000-0000-0000-0000002B9366}
T{00000000-0000-0000-0000-0000002A0A1D}
T{00000000-0000-0000-0000-000000178759}
T{00000000-0000-0000-0000-0000002C5463}
F{00000000-0000-0000-0000-00000009D224}
T{00000000-0000-0000-0000-000000178C55}
T{00000000-0000-0000-0000-00000016F7DA}
T{00000000-0000-0000-0000-0000000FF4FE}
T{00000000-0000-0000-0000-000000178CE5}
T{00000000-0000-0000-0000-000000096DAE}
T{00000000-0000-0000-0000-0000000ED312}
T{00000000-0000-0000-0000-00000012B243}
T{00000000-0000-0000-0000-0000000BCFC6}
T{00000000-0000-0000-0000-0000000BE030}
T{00000000-0000-0000-0000-0000000C3EC1}
T{00000000-0000-0000-0000-0000001794A3}
T{00000000-0000-0000-0000-00000017972C}
T{00000000-0000-0000-0000-00000022F04D}
T{00000000-0000-0000-0000-000000333ECB}
T{00000000-0000-0000-0000-000000106389}
T{00000000-0000-0000-0000-0000001797C4}
T{00000000-0000-0000-0000-00000016331E}
T{00000000-0000-0000-0000-00000017B9E1}
T{00000000-0000-0000-0000-000000048F75}
T{00000000-0000-0000-0000-000000187E3A}
T{00000000-0000-0000-0000-00000033565E}
T{00000000-0000-0000-0000-0000000C0AE0}
T{00000000-0000-0000-0000-000000103CF4}
T{00000000-0000-0000-0000-0000003351B3}
T{00000000-0000-0000-0000-00000017EF5B}
T{00000000-0000-0000-0000-00000009D698}
T{00000000-0000-0000-0000-00000017FEEB}
T{00000000-0000-0000-0000-000000239361}
T{00000000-0000-0000-0000-00000006FAE4}
T{00000000-0000-0000-0000-00000009D787}
T{00000000-0000-0000-0000-00000029516A}
T{00000000-0000-0000-0000-000000041749}
T{00000000-0000-0000-0000-0000001D04D5}
T{00000000-0000-0000-0000-0000001CBD99}
T{00000000-0000-0000-0000-000000331FC2}
T{00000000-0000-0000-0000-000000331C4E}
T{00000000-0000-0000-0000-000000166E8F}
T{00000000-0000-0000-0000-0000000CF933}
T{00000000-0000-0000-0000-0000000CB2D4}
T{00000000-0000-0000-0000-0000002EF64C}
T{00000000-0000-0000-0000-0000001848CF}
T{00000000-0000-0000-0000-0000000ECF7A}
T{00000000-0000-0000-0000-000000184DB6}
T{00000000-0000-0000-0000-000000202BD3}
T{00000000-0000-0000-0000-0000002EEDAE}
T{00000000-0000-0000-0000-000000235CB9}
T{00000000-0000-0000-0000-000000253FE0}
T{00000000-0000-0000-0000-0000000C3E02}
T{00000000-0000-0000-0000-000000332DE4}
T{00000000-0000-0000-0000-0000002B2F81}
T{00000000-0000-0000-0000-00000018CC15}
T{00000000-0000-0000-0000-0000002B9112}
T{00000000-0000-0000-0000-0000000D4BD1}
T{00000000-0000-0000-0000-0000001D0611}
T{00000000-0000-0000-0000-0000000BCB0E}
T{00000000-0000-0000-0000-000000194740}
T{00000000-0000-0000-0000-0000002A4BC3}
T{00000000-0000-0000-0000-0000000B6F8C}
T{00000000-0000-0000-0000-0000002910D7}
T{00000000-0000-0000-0000-000000164B7F}
T{00000000-0000-0000-0000-00000032D27B}
T{00000000-0000-0000-0000-0000002D6B9F}
T{00000000-0000-0000-0000-0000000949D0}
T{00000000-0000-0000-0000-000000194F60}
T{00000000-0000-0000-0000-00000021EDF8}
T{00000000-0000-0000-0000-000000107171}
T{00000000-0000-0000-0000-0000000FDB15}
T{00000000-0000-0000-0000-000000196C61}
T{00000000-0000-0000-0000-000000196D74}
T{00000000-0000-0000-0000-000000299932}
T{00000000-0000-0000-0000-0000002EFFA9}
T{00000000-0000-0000-0000-0000000F0C92}
T{00000000-0000-0000-0000-000000198111}
T{00000000-0000-0000-0000-0000000CF93D}
T{00000000-0000-0000-0000-000000093A80}
T{00000000-0000-0000-0000-0000000FC8A7}
T{00000000-0000-0000-0000-000000108BD7}
T{00000000-0000-0000-0000-00000019A2B6}
T{00000000-0000-0000-0000-00000024E8A1}
T{00000000-0000-0000-0000-0000002C928F}
T{00000000-0000-0000-0000-00000009E3D7}
T{00000000-0000-0000-0000-00000020B34E}
T{00000000-0000-0000-0000-000000157446}
T{00000000-0000-0000-0000-00000023045E}
T{00000000-0000-0000-0000-000000042789}
F{00000000-0000-0000-0000-000000132C5C}
T{00000000-0000-0000-0000-0000002CCD29}
F{00000000-0000-0000-0000-0000002B0555}
T{00000000-0000-0000-0000-00000019A599}
T{00000000-0000-0000-0000-00000009E9E0}
T{00000000-0000-0000-0000-0000003275C3}
T{00000000-0000-0000-0000-00000016BE6E}
T{00000000-0000-0000-0000-000000326B0F}
T{00000000-0000-0000-0000-00000019BE66}
T{00000000-0000-0000-0000-00000019C00E}
T{00000000-0000-0000-0000-0000001CA6B6}
T{00000000-0000-0000-0000-00000024BF7A}
T{00000000-0000-0000-0000-00000015621C}
T{00000000-0000-0000-0000-0000000CDC59}
T{00000000-0000-0000-0000-000000119F54}
T{00000000-0000-0000-0000-00000019C101}
T{00000000-0000-0000-0000-00000009BB4C}
T{00000000-0000-0000-0000-000000333C09}
T{00000000-0000-0000-0000-00000023C700}
T{00000000-0000-0000-0000-00000033ABF6}
T{00000000-0000-0000-0000-0000002089E6}
T{00000000-0000-0000-0000-0000003233D9}
T{00000000-0000-0000-0000-0000002A1E60}
T{00000000-0000-0000-0000-00000024D829}
T{00000000-0000-0000-0000-000000322C12}
T{00000000-0000-0000-0000-00000009F213}
T{00000000-0000-0000-0000-00000009F2B5}
T{00000000-0000-0000-0000-000000271353}
T{00000000-0000-0000-0000-0000002B743F}
F{00000000-0000-0000-0000-0000000BBB6E}
T{00000000-0000-0000-0000-000000091B3D}
T{00000000-0000-0000-0000-0000001E4DE0}
T{00000000-0000-0000-0000-00000027898B}
T{00000000-0000-0000-0000-00000016756C}
T{00000000-0000-0000-0000-000000051510}
T{00000000-0000-0000-0000-00000019F4D6}
T{00000000-0000-0000-0000-00000019FC64}
T{00000000-0000-0000-0000-0000001A036D}
T{00000000-0000-0000-0000-0000000C9F3E}
T{00000000-0000-0000-0000-0000000A854F}
T{00000000-0000-0000-0000-0000000FB35D}
T{00000000-0000-0000-0000-0000001A149B}
T{00000000-0000-0000-0000-00000031FCF0}
T{00000000-0000-0000-0000-00000009F415}
T{00000000-0000-0000-0000-0000002F8174}
T{00000000-0000-0000-0000-0000001A1CFC}
T{00000000-0000-0000-0000-00000009A503}
T{00000000-0000-0000-0000-00000017FF51}
T{00000000-0000-0000-0000-0000002E1F66}
T{00000000-0000-0000-0000-0000001BEC3F}
T{00000000-0000-0000-0000-0000001A5599}
T{00000000-0000-0000-0000-0000001A5622}
T{00000000-0000-0000-0000-0000002073CF}
T{00000000-0000-0000-0000-0000001C62BB}
T{00000000-0000-0000-0000-0000002ECB26}
T{00000000-0000-0000-0000-0000000A06FB}
T{00000000-0000-0000-0000-0000001BBE21}
T{00000000-0000-0000-0000-00000031A79E}
T{00000000-0000-0000-0000-000000317BF8}
T{00000000-0000-0000-0000-0000001A640F}
T{00000000-0000-0000-0000-000000268E75}
T{00000000-0000-0000-0000-000000312E16}
T{00000000-0000-0000-0000-0000002C6554}
T{00000000-0000-0000-0000-00000014C0C0}
T{00000000-0000-0000-0000-0000000FAFD7}
T{00000000-0000-0000-0000-00000014C172}
T{00000000-0000-0000-0000-0000000A0723}
T{00000000-0000-0000-0000-0000000FB2D0}
T{00000000-0000-0000-0000-0000001AAF38}
T{00000000-0000-0000-0000-000000178CCB}
T{00000000-0000-0000-0000-0000001AAFD0}
T{00000000-0000-0000-0000-0000000FB104}
T{00000000-0000-0000-0000-0000001AB478}
T{00000000-0000-0000-0000-000000330FA2}
T{00000000-0000-0000-0000-000000051F73}
T{00000000-0000-0000-0000-00000018AFAE}
T{00000000-0000-0000-0000-0000003134EB}
T{00000000-0000-0000-0000-0000001AC8A4}
T{00000000-0000-0000-0000-0000001AE318}
T{00000000-0000-0000-0000-00000016985E}
T{00000000-0000-0000-0000-0000001AEBE7}
T{00000000-0000-0000-0000-0000001196E0}
T{00000000-0000-0000-0000-00000031243B}
T{00000000-0000-0000-0000-0000000BDC46}
T{00000000-0000-0000-0000-0000002B0739}
T{00000000-0000-0000-0000-0000002AFF72}
T{00000000-0000-0000-0000-0000000BFB25}
T{00000000-0000-0000-0000-0000002ECB63}
T{00000000-0000-0000-0000-000000052240}
T{00000000-0000-0000-0000-0000000EC5E2}
T{00000000-0000-0000-0000-0000000FAACF}
T{00000000-0000-0000-0000-0000002CEB1D}
T{00000000-0000-0000-0000-000000067F41}
T{00000000-0000-0000-0000-000000235979}
T{00000000-0000-0000-0000-0000001B6479}
T{00000000-0000-0000-0000-0000002F3C70}
T{00000000-0000-0000-0000-000000263AA2}
T{00000000-0000-0000-0000-00000010AA99}
T{00000000-0000-0000-0000-000000296B95}
F{00000000-0000-0000-0000-0000000BD935}
T{00000000-0000-0000-0000-000000148BEA}
T{00000000-0000-0000-0000-000000105EB1}
T{00000000-0000-0000-0000-0000001B8900}
T{00000000-0000-0000-0000-0000002CF029}
T{00000000-0000-0000-0000-0000000A0350}
T{00000000-0000-0000-0000-0000000A1852}
T{00000000-0000-0000-0000-00000030C798}
T{00000000-0000-0000-0000-00000016A626}
T{00000000-0000-0000-0000-0000000DBFA9}
T{00000000-0000-0000-0000-0000001E97E7}
T{00000000-0000-0000-0000-000000145F32}
T{00000000-0000-0000-0000-0000001BB360}
T{00000000-0000-0000-0000-0000001243DE}
T{00000000-0000-0000-0000-0000000FA790}
T{00000000-0000-0000-0000-000000089426}
T{00000000-0000-0000-0000-0000002FA1EE}
T{00000000-0000-0000-0000-000000232F65}
T{00000000-0000-0000-0000-0000001BDAF9}
T{00000000-0000-0000-0000-0000001BDF33}
T{00000000-0000-0000-0000-0000001BE187}
T{00000000-0000-0000-0000-0000001BEEF3}
T{00000000-0000-0000-0000-0000001BF2AC}
T{00000000-0000-0000-0000-0000000D174E}
T{00000000-0000-0000-0000-000000200468}
T{00000000-0000-0000-0000-0000001BF5AF}
T{00000000-0000-0000-0000-0000001E8FF3}
T{00000000-0000-0000-0000-000000302B2D}
T{00000000-0000-0000-0000-000000289841}
T{00000000-0000-0000-0000-000000302165}
T{00000000-0000-0000-0000-000000316730}
T{00000000-0000-0000-0000-000000301D41}
F{00000000-0000-0000-0000-000000053E0D}
T{00000000-0000-0000-0000-00000009A12C}
T{00000000-0000-0000-0000-00000021D4F3}
T{00000000-0000-0000-0000-0000001C07B2}
T{00000000-0000-0000-0000-0000002B183F}
T{00000000-0000-0000-0000-0000000C9895}
T{00000000-0000-0000-0000-00000022E20C}
T{00000000-0000-0000-0000-0000002C4823}
T{00000000-0000-0000-0000-00000008A69D}
T{00000000-0000-0000-0000-0000001C2C6B}
T{00000000-0000-0000-0000-00000021DCD3}
T{00000000-0000-0000-0000-000000338EAB}
T{00000000-0000-0000-0000-0000001A5CA2}
F{00000000-0000-0000-0000-0000000F84E7}
T{00000000-0000-0000-0000-0000001472F7}
T{00000000-0000-0000-0000-0000001F007B}
T{00000000-0000-0000-0000-000000122FE5}
T{00000000-0000-0000-0000-000000146CB4}
T{00000000-0000-0000-0000-0000000995F8}
T{00000000-0000-0000-0000-000000130B4B}
T{00000000-0000-0000-0000-000000325592}
T{00000000-0000-0000-0000-000000146195}
T{00000000-0000-0000-0000-00000005ED38}
T{00000000-0000-0000-0000-000000324320}
T{00000000-0000-0000-0000-000000089465}
T{00000000-0000-0000-0000-000000201834}
T{00000000-0000-0000-0000-000000297D08}
T{00000000-0000-0000-0000-000000222D8F}
T{00000000-0000-0000-0000-000000216A6E}
T{00000000-0000-0000-0000-000000099440}
T{00000000-0000-0000-0000-0000000B60CE}
T{00000000-0000-0000-0000-00000013950A}
T{00000000-0000-0000-0000-0000001C9465}
T{00000000-0000-0000-0000-0000002F8208}
T{00000000-0000-0000-0000-0000001C2ED2}
T{00000000-0000-0000-0000-0000001253E9}
T{00000000-0000-0000-0000-000000055674}
T{00000000-0000-0000-0000-0000001CE9EA}
T{00000000-0000-0000-0000-0000000719C9}
T{00000000-0000-0000-0000-0000002F51EC}
T{00000000-0000-0000-0000-00000027F124}
T{00000000-0000-0000-0000-000000165DB9}
T{00000000-0000-0000-0000-00000016BEDB}
T{00000000-0000-0000-0000-00000009885C}
T{00000000-0000-0000-0000-0000001A0CB3}
T{00000000-0000-0000-0000-0000001744F6}
T{00000000-0000-0000-0000-00000032B0AB}
T{00000000-0000-0000-0000-0000002C85DC}
T{00000000-0000-0000-0000-0000000D14C3}
T{00000000-0000-0000-0000-0000000890E1}
T{00000000-0000-0000-0000-000000067C53}
T{00000000-0000-0000-0000-00000010C44E}
T{00000000-0000-0000-0000-0000001BF77C}
T{00000000-0000-0000-0000-0000000B1916}
T{00000000-0000-0000-0000-00000026AD2B}
T{00000000-0000-0000-0000-00000010EB5D}
T{00000000-0000-0000-0000-0000000E70A1}
T{00000000-0000-0000-0000-0000000E5005}
T{00000000-0000-0000-0000-0000002CF090}
T{00000000-0000-0000-0000-000000058349}
T{00000000-0000-0000-0000-00000013C018}
T{00000000-0000-0000-0000-0000000DBCE5}
T{00000000-0000-0000-0000-000000167C85}
T{00000000-0000-0000-0000-0000000CF7FF}
T{00000000-0000-0000-0000-0000000D5EC4}
T{00000000-0000-0000-0000-0000002027AB}
T{00000000-0000-0000-0000-0000002419AD}
T{00000000-0000-0000-0000-00000014388F}
T{00000000-0000-0000-0000-000000143172}
T{00000000-0000-0000-0000-0000001430A3}
T{00000000-0000-0000-0000-0000001226E2}
T{00000000-0000-0000-0000-0000001059F3}
T{00000000-0000-0000-0000-00000025B204}
T{00000000-0000-0000-0000-00000007D8D9}
T{00000000-0000-0000-0000-00000007C54C}
T{00000000-0000-0000-0000-0000002A319F}
T{00000000-0000-0000-0000-00000023800C}
T{00000000-0000-0000-0000-000000097145}
T{00000000-0000-0000-0000-0000000E6441}
T{00000000-0000-0000-0000-00000007F5E6}
T{00000000-0000-0000-0000-0000000F063E}
T{00000000-0000-0000-0000-00000031FD22}
T{00000000-0000-0000-0000-0000002FD6B4}
T{00000000-0000-0000-0000-0000002CABB9}
T{00000000-0000-0000-0000-000000178E90}
T{00000000-0000-0000-0000-000000121A2C}
T{00000000-0000-0000-0000-0000000FEC4B}
T{00000000-0000-0000-0000-0000001733AD}
T{00000000-0000-0000-0000-0000002D9FD8}
T{00000000-0000-0000-0000-000000114497}
T{00000000-0000-0000-0000-0000000802A5}
T{00000000-0000-0000-0000-0000000593A0}
T{00000000-0000-0000-0000-00000030255D}
T{00000000-0000-0000-0000-000000047CEB}
T{00000000-0000-0000-0000-000000166F37}
T{00000000-0000-0000-0000-000000145192}
T{00000000-0000-0000-0000-00000013FE32}
T{00000000-0000-0000-0000-0000000E67C9}
T{00000000-0000-0000-0000-00000007557D}
T{00000000-0000-0000-0000-000000325644}
T{00000000-0000-0000-0000-0000000C8378}
T{00000000-0000-0000-0000-0000000E7830}
T{00000000-0000-0000-0000-00000015742E}
T{00000000-0000-0000-0000-00000007D743}
T{00000000-0000-0000-0000-00000009551A}
F{00000000-0000-0000-0000-000000267D6D}
T{00000000-0000-0000-0000-000000019B30}
T{00000000-0000-0000-0000-00000013078E}
T{00000000-0000-0000-0000-00000032E350}
T{00000000-0000-0000-0000-0000001CD9AB}
T{00000000-0000-0000-0000-00000011F1AF}
T{00000000-0000-0000-0000-00000015E1CE}
T{00000000-0000-0000-0000-00000032A94B}
T{00000000-0000-0000-0000-0000000EB9ED}
T{00000000-0000-0000-0000-000000213619}
T{00000000-0000-0000-0000-000000039877}
T{00000000-0000-0000-0000-0000001FFBE4}
T{00000000-0000-0000-0000-000000184C86}
T{00000000-0000-0000-0000-0000001F9935}
T{00000000-0000-0000-0000-00000021CF71}
T{00000000-0000-0000-0000-000000141B67}
T{00000000-0000-0000-0000-00000013F17D}
F{00000000-0000-0000-0000-0000000EBF2A}
T{00000000-0000-0000-0000-000000189604}
T{00000000-0000-0000-0000-00000022D505}
T{00000000-0000-0000-0000-0000000718CD}
T{00000000-0000-0000-0000-00000019FBEE}
F{00000000-0000-0000-0000-00000021E051}
T{00000000-0000-0000-0000-000000071984}
T{00000000-0000-0000-0000-0000002B98FA}
T{00000000-0000-0000-0000-0000001D7D61}
T{00000000-0000-0000-0000-0000000704F6}
T{00000000-0000-0000-0000-00000006E7FF}
T{00000000-0000-0000-0000-0000000A88AD}
T{00000000-0000-0000-0000-000000110471}
T{00000000-0000-0000-0000-000000173418}
T{00000000-0000-0000-0000-0000001531F9}
T{00000000-0000-0000-0000-00000005A9EA}
T{00000000-0000-0000-0000-0000001FE216}
T{00000000-0000-0000-0000-00000025905F}
T{00000000-0000-0000-0000-0000001AC3FD}
T{00000000-0000-0000-0000-000000246345}
T{00000000-0000-0000-0000-0000000EBA1E}
T{00000000-0000-0000-0000-0000001A145E}
T{00000000-0000-0000-0000-000000117837}
T{00000000-0000-0000-0000-0000001DCE8D}
T{00000000-0000-0000-0000-00000026C1A9}
T{00000000-0000-0000-0000-00000005AC0E}
T{00000000-0000-0000-0000-00000013D5B6}
T{00000000-0000-0000-0000-000000202767}
T{00000000-0000-0000-0000-000000077123}
T{00000000-0000-0000-0000-0000002D65F5}
T{00000000-0000-0000-0000-00000006903D}
T{00000000-0000-0000-0000-0000000EA30D}
T{00000000-0000-0000-0000-00000006D777}
T{00000000-0000-0000-0000-0000000EA8F4}
T{00000000-0000-0000-0000-00000026E246}
T{00000000-0000-0000-0000-0000002390CE}
T{00000000-0000-0000-0000-0000001EB396}
T{00000000-0000-0000-0000-0000000EA96F}
T{00000000-0000-0000-0000-00000006805A}
T{00000000-0000-0000-0000-0000001E918D}
T{00000000-0000-0000-0000-000000072EE7}
T{00000000-0000-0000-0000-0000001450FF}
T{00000000-0000-0000-0000-000000157753}
T{00000000-0000-0000-0000-000000071997}
T{00000000-0000-0000-0000-00000020CCBF}
T{00000000-0000-0000-0000-000000067499}
T{00000000-0000-0000-0000-0000000FDCD4}
T{00000000-0000-0000-0000-00000022389C}
T{00000000-0000-0000-0000-00000020A907}
T{00000000-0000-0000-0000-000000210D1D}
T{00000000-0000-0000-0000-000000060BF7}
T{00000000-0000-0000-0000-0000000D2841}
T{00000000-0000-0000-0000-00000030D245}
T{00000000-0000-0000-0000-000000212045}
T{00000000-0000-0000-0000-0000000C6F2B}
T{00000000-0000-0000-0000-0000000BC9C5}
T{00000000-0000-0000-0000-00000006B552}
T{00000000-0000-0000-0000-00000006703C}
T{00000000-0000-0000-0000-0000002186B7}
T{00000000-0000-0000-0000-0000000665AD}
T{00000000-0000-0000-0000-0000000D53FE}
T{00000000-0000-0000-0000-0000001A12AD}
T{00000000-0000-0000-0000-00000021C014}
T{00000000-0000-0000-0000-0000000BC199}
T{00000000-0000-0000-0000-00000026FC5A}
T{00000000-0000-0000-0000-00000021D095}
T{00000000-0000-0000-0000-0000001397D0}
T{00000000-0000-0000-0000-00000021D0E6}
T{00000000-0000-0000-0000-00000012756D}
F{00000000-0000-0000-0000-000000264084}
F{00000000-0000-0000-0000-0000000659B7}
T{00000000-0000-0000-0000-0000003253BF}
T{00000000-0000-0000-0000-0000000F2112}
T{00000000-0000-0000-0000-0000000FFD54}
T{00000000-0000-0000-0000-000000065757}
T{00000000-0000-0000-0000-000000077EEC}
T{00000000-0000-0000-0000-00000005FB2F}
T{00000000-0000-0000-0000-000000222415}
T{00000000-0000-0000-0000-000000064EFA}
T{00000000-0000-0000-0000-0000000F6C2F}
T{00000000-0000-0000-0000-0000001AC986}
T{00000000-0000-0000-0000-000000064B2A}
T{00000000-0000-0000-0000-000000224E20}
T{00000000-0000-0000-0000-0000000A3E08}
T{00000000-0000-0000-0000-0000002AF553}
T{00000000-0000-0000-0000-00000013A7EA}
T{00000000-0000-0000-0000-000000226C34}
T{00000000-0000-0000-0000-000000137DC8}
T{00000000-0000-0000-0000-000000228993}
T{00000000-0000-0000-0000-00000032CD2B}
T{00000000-0000-0000-0000-00000026FC87}
T{00000000-0000-0000-0000-00000032F67F}
T{00000000-0000-0000-0000-0000001AEC0B}
T{00000000-0000-0000-0000-0000001DBAF5}
T{00000000-0000-0000-0000-000000243449}
T{00000000-0000-0000-0000-0000000B0FAB}
T{00000000-0000-0000-0000-00000013A3A4}
T{00000000-0000-0000-0000-0000001C5F34}
T{00000000-0000-0000-0000-0000000ED5DE}
T{00000000-0000-0000-0000-0000001DCF7D}
F{00000000-0000-0000-0000-0000000C43AC}
T{00000000-0000-0000-0000-000000138FE7}
T{00000000-0000-0000-0000-00000022FEC6}
T{00000000-0000-0000-0000-0000000B0FEF}
T{00000000-0000-0000-0000-000000139C7E}
T{00000000-0000-0000-0000-00000005E2FA}
T{00000000-0000-0000-0000-00000023387D}
T{00000000-0000-0000-0000-000000234DBA}
T{00000000-0000-0000-0000-0000002375BD}
T{00000000-0000-0000-0000-0000000FAEA5}
T{00000000-0000-0000-0000-000000138F39}
T{00000000-0000-0000-0000-000000213579}
T{00000000-0000-0000-0000-0000002A84E1}
T{00000000-0000-0000-0000-000000247411}
T{00000000-0000-0000-0000-000000034A00}
T{00000000-0000-0000-0000-0000002A4B82}
T{00000000-0000-0000-0000-00000003584C}
T{00000000-0000-0000-0000-0000000B1AB9}
T{00000000-0000-0000-0000-00000023C2C4}
T{00000000-0000-0000-0000-0000000EEBC6}
T{00000000-0000-0000-0000-00000005EC0D}
T{00000000-0000-0000-0000-000000036030}
T{00000000-0000-0000-0000-00000023CA7A}
T{00000000-0000-0000-0000-00000019FBC7}
T{00000000-0000-0000-0000-00000023CF03}
T{00000000-0000-0000-0000-00000004C251}
T{00000000-0000-0000-0000-0000002E31EF}
T{00000000-0000-0000-0000-00000006308D}
T{00000000-0000-0000-0000-0000002E062F}
F{00000000-0000-0000-0000-00000000740B}
T{00000000-0000-0000-0000-0000000F1D41}
T{00000000-0000-0000-0000-000000268B62}
T{00000000-0000-0000-0000-000000316D33}
F{00000000-0000-0000-0000-0000002CEF50}
T{00000000-0000-0000-0000-00000030D226}
T{00000000-0000-0000-0000-00000003C1D9}
F{00000000-0000-0000-0000-0000001E35CC}
T{00000000-0000-0000-0000-0000000FBBC4}
F{00000000-0000-0000-0000-000000332CFE}
T{00000000-0000-0000-0000-00000019D080}
T{00000000-0000-0000-0000-00000013897B}
T{00000000-0000-0000-0000-000000007899}
T{00000000-0000-0000-0000-000000138934}
T{00000000-0000-0000-0000-000000064615}
T{00000000-0000-0000-0000-000000138862}
T{00000000-0000-0000-0000-00000024AD95}
T{00000000-0000-0000-0000-0000000B753E}
T{00000000-0000-0000-0000-0000001EA31D}
