T{00000000-0000-0000-0000-0000002C9458}
T{00000000-0000-0000-0000-00000031A5D4}
T{00000000-0000-0000-0000-000000270476}
T{00000000-0000-0000-0000-00000026C27D}
T{00000000-0000-0000-0000-000000210D1D}
T{00000000-0000-0000-0000-00000025B204}
T{00000000-0000-0000-0000-00000016BEDB}
T{00000000-0000-0000-0000-00000015621C}
T{00000000-0000-0000-0000-000000144245}
T{00000000-0000-0000-0000-000000137926}
T{00000000-0000-0000-0000-000000132C5C}
T{00000000-0000-0000-0000-0000001226E2}
T{00000000-0000-0000-0000-00000021E051}
T{00000000-0000-0000-0000-0000000F84E7}
T{00000000-0000-0000-0000-000000264084}
T{00000000-0000-0000-0000-0000000EBF2A}
T{00000000-0000-0000-0000-0000000E75F6}
T{00000000-0000-0000-0000-00000021056F}
T{00000000-0000-0000-0000-0000000C43AC}
T{00000000-0000-0000-0000-0000000BD935}
T{00000000-0000-0000-0000-0000000BC199}
T{00000000-0000-0000-0000-00000009D224}
T{00000000-0000-0000-0000-0000002B98FA}
T{00000000-0000-0000-0000-0000000C0AE0}
T{00000000-0000-0000-0000-0000000BBB6E}
T{00000000-0000-0000-0000-000000097145}
T{00000000-0000-0000-0000-0000000659B7}
T{00000000-0000-0000-0000-0000000BF8B3}
F{00000000-0000-0000-0000-000000053E0D}
T{00000000-0000-0000-0000-0000000B6F8C}
T{00000000-0000-0000-0000-0000002009A1}
T{00000000-0000-0000-0000-00000014E04A}
T{00000000-0000-0000-0000-000000040075}
T{00000000-0000-0000-0000-000000165EB8}
T{00000000-0000-0000-0000-00000002B751}
T{00000000-0000-0000-0000-00000002AAB8}
T{00000000-0000-0000-0000-00000006CBEB}
T{00000000-0000-0000-0000-0000002FDFCF}
T{00000000-0000-0000-0000-000000046E9C}
T{00000000-0000-0000-0000-0000002390CE}
T{00000000-0000-0000-0000-0000000A5753}
T{00000000-0000-0000-0000-00000001E23D}
T{00000000-0000-0000-0000-0000002BA75C}
T{00000000-0000-0000-0000-00000016C567}
F{00000000-0000-0000-0000-00000001C42B}
T{00000000-0000-0000-0000-000000039877}
T{00000000-0000-0000-0000-0000000A14F9}
T{00000000-0000-0000-0000-00000031941A}
T{00000000-0000-0000-0000-000000038479}
T{00000000-0000-0000-0000-00000001AAB3}
T{00000000-0000-0000-0000-0000000C6B65}
T{00000000-0000-0000-0000-000000078B95}
T{00000000-0000-0000-0000-000000077D94}
T{00000000-0000-0000-0000-000000019B30}
T{00000000-0000-0000-0000-000000267D6D}
T{00000000-0000-0000-0000-00000033B3D6}
T{00000000-0000-0000-0000-000000018FBC}
T{00000000-0000-0000-0000-0000000802A5}
T{00000000-0000-0000-0000-00000033627A}
T{00000000-0000-0000-0000-000000125376}
T{00000000-0000-0000-0000-0000002CABB9}
T{00000000-0000-0000-0000-0000002AE653}
T{00000000-0000-0000-0000-0000002C4823}
T{00000000-0000-0000-0000-000000271353}
T{00000000-0000-0000-0000-0000002B0555}
T{00000000-0000-0000-0000-0000001831A7}
F{00000000-0000-0000-0000-000000243F02}
F{00000000-0000-0000-0000-000000012582}
T{00000000-0000-0000-0000-00000009C060}
T{00000000-0000-0000-0000-00000014DA5C}
F{00000000-0000-0000-0000-00000016D8EC}
T{00000000-0000-0000-0000-0000000108B3}
T{00000000-0000-0000-0000-000000101B79}
T{00000000-0000-0000-0000-00000031720F}
T{00000000-0000-0000-0000-0000001BA4AF}
T{00000000-0000-0000-0000-000000220995}
T{00000000-0000-0000-0000-00000020AC91}
T{00000000-0000-0000-0000-0000001B5DFD}
T{00000000-0000-0000-0000-00000000D30C}
T{00000000-0000-0000-0000-000000010A7C}
T{00000000-0000-0000-0000-00000013BD56}
T{00000000-0000-0000-0000-0000000FCF04}
T{00000000-0000-0000-0000-0000000CAFAA}
T{00000000-0000-0000-0000-0000002C99F1}
T{00000000-0000-0000-0000-000000064615}
F{00000000-0000-0000-0000-000000332CFE}
F{00000000-0000-0000-0000-0000001E35CC}
F{00000000-0000-0000-0000-0000002CEF50}
F{00000000-0000-0000-0000-00000000740B}
T{00000000-0000-0000-0000-0000000E70A1}
T{00000000-0000-0000-0000-000000014E5E}
T{00000000-0000-0000-0000-0000000FAF3F}
T{00000000-0000-0000-0000-000000039702}
T{00000000-0000-0000-0000-00000025439D}
T{00000000-0000-0000-0000-00000025A69A}
T{00000000-0000-0000-0000-0000000FAA4C}
T{00000000-0000-0000-0000-00000010F40D}
T{00000000-0000-0000-0000-00000003DF47}
T{00000000-0000-0000-0000-000000061818}
F{00000000-0000-0000-0000-00000000D3F0}
T{00000000-0000-0000-0000-000000050019}
T{00000000-0000-0000-0000-0000002D2924}
T{00000000-0000-0000-0000-000000138472}
T{00000000-0000-0000-0000-0000000F84E7}
T{00000000-0000-0000-0000-00000016A7C2}
T{00000000-0000-0000-0000-0000001DE519}
T{00000000-0000-0000-0000-000000053E0D}
T{00000000-0000-0000-0000-00000000740B}
T{00000000-0000-0000-0000-0000003116D1}
T{00000000-0000-0000-0000-000000064AF0}
T{00000000-0000-0000-0000-000000025A62}
T{00000000-0000-0000-0000-0000001E3943}
T{00000000-0000-0000-0000-0000001D56BB}
T{00000000-0000-0000-0000-00000003F625}
T{00000000-0000-0000-0000-000000132C5C}
T{00000000-0000-0000-0000-00000021BF26}
T{00000000-0000-0000-0000-000000244C0B}
T{00000000-0000-0000-0000-0000000C6DDD}
T{00000000-0000-0000-0000-000000243F02}
T{00000000-0000-0000-0000-000000299687}
T{00000000-0000-0000-0000-00000004C261}
T{00000000-0000-0000-0000-0000000EBF2A}
T{00000000-0000-0000-0000-0000000C43AC}
T{00000000-0000-0000-0000-0000002E35C2}
T{00000000-0000-0000-0000-0000000EF6AD}
T{00000000-0000-0000-0000-00000030B526}
T{00000000-0000-0000-0000-00000009D224}
T{00000000-0000-0000-0000-0000000278E6}
T{00000000-0000-0000-0000-0000002BF197}
T{00000000-0000-0000-0000-0000000E4C02}
T{00000000-0000-0000-0000-00000025A542}
T{00000000-0000-0000-0000-0000000F72B6}
T{00000000-0000-0000-0000-00000000BFB9}
T{00000000-0000-0000-0000-000000039812}
T{00000000-0000-0000-0000-0000001C2990}
T{00000000-0000-0000-0000-0000001A1CA5}
T{00000000-0000-0000-0000-000000267D6D}
T{00000000-0000-0000-0000-000000010A7C}
T{00000000-0000-0000-0000-0000002FB157}
T{00000000-0000-0000-0000-00000000B981}
T{00000000-0000-0000-0000-0000000C1F8F}
T{00000000-0000-0000-0000-00000011DA84}
T{00000000-0000-0000-0000-00000003FD61}
T{00000000-0000-0000-0000-000000031168}
T{00000000-0000-0000-0000-000000134077}
T{00000000-0000-0000-0000-00000000D349}
T{00000000-0000-0000-0000-0000001D1493}
T{00000000-0000-0000-0000-00000003DD12}
T{00000000-0000-0000-0000-0000000E4A1E}
F{00000000-0000-0000-0000-0000002E4707}
T{00000000-0000-0000-0000-00000003969F}
T{00000000-0000-0000-0000-0000002E5619}
T{00000000-0000-0000-0000-00000013BD56}
T{00000000-0000-0000-0000-0000000AB9DD}
T{00000000-0000-0000-0000-0000000BBB6E}
T{00000000-0000-0000-0000-00000003E8D3}
T{00000000-0000-0000-0000-0000002DF413}
T{00000000-0000-0000-0000-00000016D8EC}
T{00000000-0000-0000-0000-000000303F08}
T{00000000-0000-0000-0000-000000086CA1}
T{00000000-0000-0000-0000-0000002D3ED8}
T{00000000-0000-0000-0000-000000054373}
T{00000000-0000-0000-0000-0000000FCF04}
T{00000000-0000-0000-0000-0000000C4AFF}
T{00000000-0000-0000-0000-00000007E00A}
F{00000000-0000-0000-0000-0000000320BD}
T{00000000-0000-0000-0000-000000264084}
T{00000000-0000-0000-0000-00000007CFFF}
T{00000000-0000-0000-0000-00000018D54C}
T{00000000-0000-0000-0000-000000108E2F}
T{00000000-0000-0000-0000-000000005092}
T{00000000-0000-0000-0000-0000000DAB70}
T{00000000-0000-0000-0000-0000002513A8}
T{00000000-0000-0000-0000-000000183944}
T{00000000-0000-0000-0000-0000000E0FD0}
T{00000000-0000-0000-0000-000000094EAE}
T{00000000-0000-0000-0000-000000006F18}
F{00000000-0000-0000-0000-0000000C5D03}
T{00000000-0000-0000-0000-00000003982D}
T{00000000-0000-0000-0000-000000042CBC}
F{00000000-0000-0000-0000-0000000876F9}
F{00000000-0000-0000-0000-000000039940}
T{00000000-0000-0000-0000-000000081FC6}
T{00000000-0000-0000-0000-0000000882A1}
T{00000000-0000-0000-0000-000000094832}
T{00000000-0000-0000-0000-0000000FBBF4}
T{00000000-0000-0000-0000-000000008F83}
T{00000000-0000-0000-0000-00000003D50D}
T{00000000-0000-0000-0000-0000001EB469}
T{00000000-0000-0000-0000-000000038CA4}
T{00000000-0000-0000-0000-000000179427}
T{00000000-0000-0000-0000-0000002FAC28}
T{00000000-0000-0000-0000-000000241392}
T{00000000-0000-0000-0000-0000001F04F1}
F{00000000-0000-0000-0000-000000029DB2}
T{00000000-0000-0000-0000-000000087673}
T{00000000-0000-0000-0000-00000030DC3A}
F{00000000-0000-0000-0000-0000002CEF50}
T{00000000-0000-0000-0000-0000000FC6FF}
T{00000000-0000-0000-0000-0000000778BF}
T{00000000-0000-0000-0000-00000000583D}
T{00000000-0000-0000-0000-00000021E051}
T{00000000-0000-0000-0000-0000002C1423}
T{00000000-0000-0000-0000-0000001A8042}
F{00000000-0000-0000-0000-00000026A490}
T{00000000-0000-0000-0000-0000001E35CC}
T{00000000-0000-0000-0000-0000002B0555}
T{00000000-0000-0000-0000-00000013867E}
T{00000000-0000-0000-0000-000000332CFE}
F{00000000-0000-0000-0000-000000172673}
T{00000000-0000-0000-0000-000000248A7A}
T{00000000-0000-0000-0000-00000004133E}
T{00000000-0000-0000-0000-0000000BD935}
F{00000000-0000-0000-0000-000000012582}
T{00000000-0000-0000-0000-0000002016D7}
T{00000000-0000-0000-0000-0000002B3978}
T{00000000-0000-0000-0000-0000000C5A2F}
T{00000000-0000-0000-0000-00000013E6BD}
T{00000000-0000-0000-0000-0000000659B7}
T{00000000-0000-0000-0000-000000288E61}
T{00000000-0000-0000-0000-000000061B44}
T{00000000-0000-0000-0000-0000000313D3}
T{00000000-0000-0000-0000-0000000917E0}
T{00000000-0000-0000-0000-00000031042E}
T{00000000-0000-0000-0000-000000132F5E}
T{00000000-0000-0000-0000-000000196ABC}
T{00000000-0000-0000-0000-000000317956}
T{00000000-0000-0000-0000-000000016921}
T{00000000-0000-0000-0000-0000002375F5}
T{00000000-0000-0000-0000-00000003ED8C}
T{00000000-0000-0000-0000-0000001CDDE7}
T{00000000-0000-0000-0000-00000003EF81}
T{00000000-0000-0000-0000-000000061C56}
T{00000000-0000-0000-0000-0000000F098A}
T{00000000-0000-0000-0000-000000312F10}
T{00000000-0000-0000-0000-00000026D397}
T{00000000-0000-0000-0000-0000001A4EC5}
F{00000000-0000-0000-0000-00000022664D}
T{00000000-0000-0000-0000-00000025BC9A}
T{00000000-0000-0000-0000-00000016F0D6}
T{00000000-0000-0000-0000-0000001E85C9}
T{00000000-0000-0000-0000-00000006CFEC}
T{00000000-0000-0000-0000-00000026A301}
T{00000000-0000-0000-0000-0000000292C7}
T{00000000-0000-0000-0000-0000002C11CF}
T{00000000-0000-0000-0000-0000002FF4A5}
T{00000000-0000-0000-0000-000000007962}
T{00000000-0000-0000-0000-0000000CB9EE}
T{00000000-0000-0000-0000-00000025C115}
T{00000000-0000-0000-0000-000000104584}
T{00000000-0000-0000-0000-0000000B81AE}
F{00000000-0000-0000-0000-0000000A2D06}
T{00000000-0000-0000-0000-000000202712}
T{00000000-0000-0000-0000-0000002D5353}
T{00000000-0000-0000-0000-00000006D2E9}
T{00000000-0000-0000-0000-00000000A1FA}
F{00000000-0000-0000-0000-000000177868}
F{00000000-0000-0000-0000-0000002E3A18}
T{00000000-0000-0000-0000-0000001817FF}
T{00000000-0000-0000-0000-000000170C73}
F{00000000-0000-0000-0000-0000002415F2}
T{00000000-0000-0000-0000-0000002B494C}
T{00000000-0000-0000-0000-00000016B7BB}
T{00000000-0000-0000-0000-0000002499A6}
T{00000000-0000-0000-0000-000000096D7F}
T{00000000-0000-0000-0000-00000008338F}
T{00000000-0000-0000-0000-0000000E3934}
T{00000000-0000-0000-0000-0000000E384E}
T{00000000-0000-0000-0000-000000250939}
T{00000000-0000-0000-0000-00000004F996}
T{00000000-0000-0000-0000-00000012E26D}
T{00000000-0000-0000-0000-00000023F6C0}
T{00000000-0000-0000-0000-00000009A4F4}
T{00000000-0000-0000-0000-000000105EE3}
T{00000000-0000-0000-0000-0000002D08BD}
T{00000000-0000-0000-0000-000000084360}
T{00000000-0000-0000-0000-0000000FC77A}
F{00000000-0000-0000-0000-0000000813D7}
T{00000000-0000-0000-0000-0000002C6A74}
F{00000000-0000-0000-0000-000000076186}
T{00000000-0000-0000-0000-00000005382D}
T{00000000-0000-0000-0000-000000048848}
T{00000000-0000-0000-0000-00000003B1C4}
F{00000000-0000-0000-0000-000000275A4F}
T{00000000-0000-0000-0000-00000012A959}
T{00000000-0000-0000-0000-0000000882A8}
T{00000000-0000-0000-0000-0000001FBE4B}
T{00000000-0000-0000-0000-00000009D514}
T{00000000-0000-0000-0000-0000002D5C1E}
T{00000000-0000-0000-0000-0000000CDD4D}
T{00000000-0000-0000-0000-0000000F6FF2}
T{00000000-0000-0000-0000-0000000D2FA0}
T{00000000-0000-0000-0000-0000000496F9}
T{00000000-0000-0000-0000-00000025DC81}
T{00000000-0000-0000-0000-000000122620}
T{00000000-0000-0000-0000-000000299B39}
F{00000000-0000-0000-0000-00000027D63F}
T{00000000-0000-0000-0000-0000002D44C5}
T{00000000-0000-0000-0000-00000026F9E1}
T{00000000-0000-0000-0000-0000002D7348}
T{00000000-0000-0000-0000-0000001D3830}
T{00000000-0000-0000-0000-000000308796}
T{00000000-0000-0000-0000-000000112BA8}
T{00000000-0000-0000-0000-0000002D1103}
T{00000000-0000-0000-0000-0000000C1C4E}
T{00000000-0000-0000-0000-00000030E2E5}
T{00000000-0000-0000-0000-0000002313B8}
T{00000000-0000-0000-0000-0000000EAA83}
T{00000000-0000-0000-0000-000000200CE4}
T{00000000-0000-0000-0000-000000321209}
T{00000000-0000-0000-0000-000000271213}
T{00000000-0000-0000-0000-00000019EDAF}
T{00000000-0000-0000-0000-000000329117}
T{00000000-0000-0000-0000-00000026C272}
T{00000000-0000-0000-0000-000000226B6F}
F{00000000-0000-0000-0000-000000261C32}
F{00000000-0000-0000-0000-000000243EBD}
T{00000000-0000-0000-0000-000000243835}
T{00000000-0000-0000-0000-0000000FEDBA}
F{00000000-0000-0000-0000-00000024E9BB}
T{00000000-0000-0000-0000-0000002AA7BC}
T{00000000-0000-0000-0000-00000026929D}
T{00000000-0000-0000-0000-0000001FD627}
T{00000000-0000-0000-0000-00000032B143}
T{00000000-0000-0000-0000-00000019B67A}
T{00000000-0000-0000-0000-000000270CC6}
T{00000000-0000-0000-0000-00000017AE52}
T{00000000-0000-0000-0000-0000002D9FE0}
T{00000000-0000-0000-0000-0000001EA0F5}
T{00000000-0000-0000-0000-00000023EE07}
T{00000000-0000-0000-0000-000000194762}
T{00000000-0000-0000-0000-0000002C2346}
T{00000000-0000-0000-0000-00000024C269}
T{00000000-0000-0000-0000-00000032DE01}
T{00000000-0000-0000-0000-0000001E3797}
T{00000000-0000-0000-0000-00000029F741}
T{00000000-0000-0000-0000-0000001E7066}
F{00000000-0000-0000-0000-0000002E0516}
T{00000000-0000-0000-0000-00000026926F}
T{00000000-0000-0000-0000-0000002AF48E}
T{00000000-0000-0000-0000-00000029CEAD}
T{00000000-0000-0000-0000-0000002F4DB9}
T{00000000-0000-0000-0000-000000258539}
T{00000000-0000-0000-0000-0000000FBC1B}
T{00000000-0000-0000-0000-0000002F3FC3}
F{00000000-0000-0000-0000-00000003B508}
T{00000000-0000-0000-0000-0000001CB8EA}
T{00000000-0000-0000-0000-0000002FB7BE}
T{00000000-0000-0000-0000-0000000DE030}
F{00000000-0000-0000-0000-0000000CAFE6}
T{00000000-0000-0000-0000-0000001C810C}
T{00000000-0000-0000-0000-0000001935C0}
T{00000000-0000-0000-0000-00000025C2FA}
T{00000000-0000-0000-0000-0000003057F6}
T{00000000-0000-0000-0000-000000317077}
T{00000000-0000-0000-0000-0000002CD908}
T{00000000-0000-0000-0000-000000305E4B}
T{00000000-0000-0000-0000-0000001DB74C}
T{00000000-0000-0000-0000-000000131CB9}
T{00000000-0000-0000-0000-0000002CE21D}
T{00000000-0000-0000-0000-00000021F6DF}
T{00000000-0000-0000-0000-000000275A11}
T{00000000-0000-0000-0000-0000001265F4}
T{00000000-0000-0000-0000-00000026474E}
T{00000000-0000-0000-0000-0000000FB43F}
T{00000000-0000-0000-0000-00000014E3DD}
T{00000000-0000-0000-0000-0000002078B2}
T{00000000-0000-0000-0000-000000264BA4}
T{00000000-0000-0000-0000-00000014FDF3}
T{00000000-0000-0000-0000-000000321523}
T{00000000-0000-0000-0000-0000001722BA}
T{00000000-0000-0000-0000-0000001BA878}
T{00000000-0000-0000-0000-0000002B1799}
T{00000000-0000-0000-0000-000000171D96}
T{00000000-0000-0000-0000-0000002E3AB2}
T{00000000-0000-0000-0000-0000002AE793}
T{00000000-0000-0000-0000-000000281B7B}
T{00000000-0000-0000-0000-0000000DDC55}
T{00000000-0000-0000-0000-000000199CB4}
T{00000000-0000-0000-0000-00000026C267}
T{00000000-0000-0000-0000-0000001AB774}
T{00000000-0000-0000-0000-0000001B2F35}
T{00000000-0000-0000-0000-000000169972}
T{00000000-0000-0000-0000-0000001DBEE4}
T{00000000-0000-0000-0000-00000017A9CA}
T{00000000-0000-0000-0000-000000154598}
T{00000000-0000-0000-0000-0000000BF6B2}
F{00000000-0000-0000-0000-00000032EA05}
T{00000000-0000-0000-0000-0000001E932F}
T{00000000-0000-0000-0000-0000002B4AC5}
T{00000000-0000-0000-0000-000000094B5B}
T{00000000-0000-0000-0000-000000251BCD}
F{00000000-0000-0000-0000-000000282C62}
T{00000000-0000-0000-0000-0000002478DD}
T{00000000-0000-0000-0000-00000011BC6F}
T{00000000-0000-0000-0000-0000002EDF89}
T{00000000-0000-0000-0000-000000234D52}
T{00000000-0000-0000-0000-0000002D4FE4}
T{00000000-0000-0000-0000-0000001C000D}
T{00000000-0000-0000-0000-0000002FA33C}
T{00000000-0000-0000-0000-000000275CAC}
T{00000000-0000-0000-0000-000000173168}
F{00000000-0000-0000-0000-000000333EB0}
T{00000000-0000-0000-0000-0000002EE98E}
T{00000000-0000-0000-0000-0000000C6CB4}
T{00000000-0000-0000-0000-0000002D52FB}
T{00000000-0000-0000-0000-0000002D461D}
T{00000000-0000-0000-0000-000000065080}
T{00000000-0000-0000-0000-0000003397F4}
T{00000000-0000-0000-0000-000000125357}
T{00000000-0000-0000-0000-0000002CDE7C}
T{00000000-0000-0000-0000-00000023D05D}
T{00000000-0000-0000-0000-0000002E4BC1}
T{00000000-0000-0000-0000-00000006E345}
T{00000000-0000-0000-0000-000000164F2C}
T{00000000-0000-0000-0000-000000140D32}
T{00000000-0000-0000-0000-000000271E97}
T{00000000-0000-0000-0000-000000122A70}
