T{00000000-0000-0000-0000-000000333EB0}
T{00000000-0000-0000-0000-00000032EA05}
T{00000000-0000-0000-0000-0000002E3A18}
T{00000000-0000-0000-0000-0000002E0516}
T{00000000-0000-0000-0000-000000282C62}
T{00000000-0000-0000-0000-00000027D63F}
T{00000000-0000-0000-0000-000000261C32}
T{00000000-0000-0000-0000-00000024E9BB}
F{00000000-0000-0000-0000-0000002415F2}
T{00000000-0000-0000-0000-000000137926}
T{00000000-0000-0000-0000-000000132C5C}
T{00000000-0000-0000-0000-00000021E051}
T{00000000-0000-0000-0000-0000000F84E7}
T{00000000-0000-0000-0000-000000264084}
T{00000000-0000-0000-0000-0000000EBF2A}
T{00000000-0000-0000-0000-00000021056F}
T{00000000-0000-0000-0000-0000000C43AC}
T{00000000-0000-0000-0000-0000000BD935}
T{00000000-0000-0000-0000-000000243EBD}
T{00000000-0000-0000-0000-00000009D224}
T{00000000-0000-0000-0000-0000000BBB6E}
T{00000000-0000-0000-0000-0000000CAFE6}
T{00000000-0000-0000-0000-0000000659B7}
T{00000000-0000-0000-0000-000000053E0D}
F{00000000-0000-0000-0000-0000000813D7}
T{00000000-0000-0000-0000-000000076186}
T{00000000-0000-0000-0000-000000275A4F}
T{00000000-0000-0000-0000-0000002E4707}
T{00000000-0000-0000-0000-00000003B508}
T{00000000-0000-0000-0000-000000039940}
F{00000000-0000-0000-0000-0000000A2D06}
F{00000000-0000-0000-0000-00000001C42B}
T{00000000-0000-0000-0000-000000019B30}
T{00000000-0000-0000-0000-000000267D6D}
T{00000000-0000-0000-0000-000000271353}
T{00000000-0000-0000-0000-0000002B0555}
T{00000000-0000-0000-0000-000000243F02}
F{00000000-0000-0000-0000-000000012582}
T{00000000-0000-0000-0000-00000014DA5C}
T{00000000-0000-0000-0000-00000016D8EC}
T{00000000-0000-0000-0000-000000101B79}
T{00000000-0000-0000-0000-00000031720F}
F{00000000-0000-0000-0000-00000000D3F0}
T{00000000-0000-0000-0000-000000177868}
F{00000000-0000-0000-0000-0000000C5D03}
T{00000000-0000-0000-0000-000000010A7C}
T{00000000-0000-0000-0000-00000013BD56}
T{00000000-0000-0000-0000-0000000FCF04}
T{00000000-0000-0000-0000-000000172673}
F{00000000-0000-0000-0000-0000000876F9}
F{00000000-0000-0000-0000-00000022664D}
T{00000000-0000-0000-0000-0000000CAFAA}
F{00000000-0000-0000-0000-000000029DB2}
F{00000000-0000-0000-0000-00000026A490}
T{00000000-0000-0000-0000-0000002C99F1}
F{00000000-0000-0000-0000-0000000320BD}
T{00000000-0000-0000-0000-000000064615}
T{00000000-0000-0000-0000-000000332CFE}
T{00000000-0000-0000-0000-0000001E35CC}
F{00000000-0000-0000-0000-0000002CEF50}
T{00000000-0000-0000-0000-00000000740B}
F{00000000-0000-0000-0000-0000000876F9}
T{00000000-0000-0000-0000-0000002E4707}
T{00000000-0000-0000-0000-000000039940}
F{00000000-0000-0000-0000-00000000D3F0}
F{00000000-0000-0000-0000-0000000C5D03}
T{00000000-0000-0000-0000-000000029DB2}
T{00000000-0000-0000-0000-0000002CEF50}
T{00000000-0000-0000-0000-0000000320BD}
T{00000000-0000-0000-0000-000000012582}
T{00000000-0000-0000-0000-00000026A490}
T{00000000-0000-0000-0000-000000172673}
T{00000000-0000-0000-0000-0000002415F2}
T{00000000-0000-0000-0000-0000002E3A18}
T{00000000-0000-0000-0000-0000000A2D06}
T{00000000-0000-0000-0000-000000177868}
T{00000000-0000-0000-0000-00000022664D}
T{00000000-0000-0000-0000-000000275A4F}
T{00000000-0000-0000-0000-000000076186}
T{00000000-0000-0000-0000-0000000813D7}
T{00000000-0000-0000-0000-00000024E9BB}
T{00000000-0000-0000-0000-000000261C32}
T{00000000-0000-0000-0000-00000027D63F}
T{00000000-0000-0000-0000-000000243EBD}
T{00000000-0000-0000-0000-0000002E0516}
T{00000000-0000-0000-0000-00000032EA05}
T{00000000-0000-0000-0000-0000000CAFE6}
T{00000000-0000-0000-0000-00000003B508}
T{00000000-0000-0000-0000-000000282C62}
T{00000000-0000-0000-0000-00000011F6D5}
T{00000000-0000-0000-0000-00000011E4E1}
F{00000000-0000-0000-0000-0000002EAF33}
T{00000000-0000-0000-0000-0000001E37FC}
T{00000000-0000-0000-0000-000000220326}
T{00000000-0000-0000-0000-00000019BC13}
T{00000000-0000-0000-0000-0000000EFBFF}
F{00000000-0000-0000-0000-0000000A1C43}
T{00000000-0000-0000-0000-0000000A3974}
T{00000000-0000-0000-0000-000000333EB0}
T{00000000-0000-0000-0000-0000000FB2AC}
T{00000000-0000-0000-0000-0000002468FF}
T{00000000-0000-0000-0000-000000310DC9}
T{00000000-0000-0000-0000-00000027068E}
F{00000000-0000-0000-0000-000000099D5D}
T{00000000-0000-0000-0000-000000238CD3}
T{00000000-0000-0000-0000-000000059899}
T{00000000-0000-0000-0000-00000033C0BE}
T{00000000-0000-0000-0000-00000028C84A}
T{00000000-0000-0000-0000-000000145890}
T{00000000-0000-0000-0000-0000000A57AE}
T{00000000-0000-0000-0000-0000002A4374}
T{00000000-0000-0000-0000-00000028C3F4}
T{00000000-0000-0000-0000-0000002AE627}
T{00000000-0000-0000-0000-00000018D0D7}
F{00000000-0000-0000-0000-0000000EF5E7}
T{00000000-0000-0000-0000-0000002ABFF5}
F{00000000-0000-0000-0000-00000010AB65}
T{00000000-0000-0000-0000-0000000CF7EE}
T{00000000-0000-0000-0000-0000001E1D24}
F{00000000-0000-0000-0000-00000009AC55}
T{00000000-0000-0000-0000-000000164F59}
T{00000000-0000-0000-0000-0000001CF779}
T{00000000-0000-0000-0000-00000023D0EB}
T{00000000-0000-0000-0000-00000026A0D7}
T{00000000-0000-0000-0000-0000001BDA94}
T{00000000-0000-0000-0000-000000309CB6}
T{00000000-0000-0000-0000-0000002E9CBC}
T{00000000-0000-0000-0000-000000159F8A}
F{00000000-0000-0000-0000-0000003250DF}
F{00000000-0000-0000-0000-0000000F07A2}
T{00000000-0000-0000-0000-00000025333F}
T{00000000-0000-0000-0000-000000261198}
T{00000000-0000-0000-0000-00000028A414}
T{00000000-0000-0000-0000-00000030694D}
F{00000000-0000-0000-0000-0000001DC5DF}
T{00000000-0000-0000-0000-0000002A9BF0}
F{00000000-0000-0000-0000-000000074466}
T{00000000-0000-0000-0000-0000000D0B5F}
F{00000000-0000-0000-0000-0000001B4BD8}
T{00000000-0000-0000-0000-000000289A95}
F{00000000-0000-0000-0000-0000001672E1}
F{00000000-0000-0000-0000-0000002E2FA0}
T{00000000-0000-0000-0000-0000000CE1EC}
F{00000000-0000-0000-0000-000000020F85}
F{00000000-0000-0000-0000-000000289F2F}
T{00000000-0000-0000-0000-0000000586B3}
T{00000000-0000-0000-0000-0000001E3924}
T{00000000-0000-0000-0000-000000302768}
T{00000000-0000-0000-0000-0000000B7BDF}
T{00000000-0000-0000-0000-0000001633C3}
T{00000000-0000-0000-0000-0000000FFB82}
T{00000000-0000-0000-0000-0000001713EF}
T{00000000-0000-0000-0000-00000016F860}
T{00000000-0000-0000-0000-0000002B10DC}
T{00000000-0000-0000-0000-0000002F1F39}
T{00000000-0000-0000-0000-0000000A3003}
T{00000000-0000-0000-0000-00000019B1B2}
F{00000000-0000-0000-0000-0000000928C2}
T{00000000-0000-0000-0000-000000139F40}
T{00000000-0000-0000-0000-0000002ADDAD}
F{00000000-0000-0000-0000-0000002380FC}
F{00000000-0000-0000-0000-0000000FDBD1}
T{00000000-0000-0000-0000-0000001EA4DD}
T{00000000-0000-0000-0000-000000210D7D}
T{00000000-0000-0000-0000-0000002B8B2A}
T{00000000-0000-0000-0000-0000000D977B}
F{00000000-0000-0000-0000-0000001985BE}
T{00000000-0000-0000-0000-00000024CD16}
T{00000000-0000-0000-0000-0000002A4809}
T{00000000-0000-0000-0000-00000027BFF4}
T{00000000-0000-0000-0000-00000017574C}
T{00000000-0000-0000-0000-000000325149}
T{00000000-0000-0000-0000-000000165DA6}
T{00000000-0000-0000-0000-000000211BF6}
F{00000000-0000-0000-0000-0000001CF590}
T{00000000-0000-0000-0000-000000095572}
T{00000000-0000-0000-0000-00000004A47F}
T{00000000-0000-0000-0000-000000320E5F}
T{00000000-0000-0000-0000-00000017BAFF}
T{00000000-0000-0000-0000-0000001A657D}
F{00000000-0000-0000-0000-000000146BB2}
T{00000000-0000-0000-0000-000000138AFA}
T{00000000-0000-0000-0000-0000001F8E5A}
F{00000000-0000-0000-0000-00000031E8A8}
T{00000000-0000-0000-0000-00000019E343}
T{00000000-0000-0000-0000-0000002059CA}
T{00000000-0000-0000-0000-0000002F4F87}
T{00000000-0000-0000-0000-0000002C9627}
T{00000000-0000-0000-0000-000000148E71}
T{00000000-0000-0000-0000-0000000E3964}
F{00000000-0000-0000-0000-000000106746}
T{00000000-0000-0000-0000-0000002103D8}
T{00000000-0000-0000-0000-00000022FB1D}
F{00000000-0000-0000-0000-000000197FB6}
T{00000000-0000-0000-0000-0000000CA970}
T{00000000-0000-0000-0000-000000320C89}
T{00000000-0000-0000-0000-00000016A5CD}
T{00000000-0000-0000-0000-00000031F588}
T{00000000-0000-0000-0000-0000002E66CF}
F{00000000-0000-0000-0000-0000000D1718}
T{00000000-0000-0000-0000-000000119D7B}
F{00000000-0000-0000-0000-000000243B6C}
T{00000000-0000-0000-0000-000000287CD1}
T{00000000-0000-0000-0000-0000001E644A}
T{00000000-0000-0000-0000-0000002D26FD}
T{00000000-0000-0000-0000-00000012A9B0}
T{00000000-0000-0000-0000-00000033AD93}
T{00000000-0000-0000-0000-0000001D3CD0}
T{00000000-0000-0000-0000-000000169EF3}
T{00000000-0000-0000-0000-000000111B70}
T{00000000-0000-0000-0000-0000000D4DD9}
T{00000000-0000-0000-0000-0000001A8B13}
F{00000000-0000-0000-0000-000000243F1C}
T{00000000-0000-0000-0000-0000000CB200}
T{00000000-0000-0000-0000-000000184E75}
T{00000000-0000-0000-0000-0000000BCED8}
F{00000000-0000-0000-0000-0000002A3408}
T{00000000-0000-0000-0000-0000001E6816}
T{00000000-0000-0000-0000-00000024DE3A}
T{00000000-0000-0000-0000-00000023C6B1}
F{00000000-0000-0000-0000-0000002B79C6}
T{00000000-0000-0000-0000-0000000FA4C1}
T{00000000-0000-0000-0000-000000072837}
T{00000000-0000-0000-0000-0000002433DB}
F{00000000-0000-0000-0000-0000002946BB}
T{00000000-0000-0000-0000-00000016AC27}
T{00000000-0000-0000-0000-000000249B7C}
T{00000000-0000-0000-0000-000000320D87}
F{00000000-0000-0000-0000-00000021727D}
T{00000000-0000-0000-0000-0000000EFCB1}
T{00000000-0000-0000-0000-00000006919F}
F{00000000-0000-0000-0000-0000002137D4}
T{00000000-0000-0000-0000-00000005DD33}
T{00000000-0000-0000-0000-0000000FB5F9}
F{00000000-0000-0000-0000-0000001D5B1B}
T{00000000-0000-0000-0000-0000000B96A0}
T{00000000-0000-0000-0000-0000003025B3}
F{00000000-0000-0000-0000-000000253D59}
T{00000000-0000-0000-0000-000000242682}
T{00000000-0000-0000-0000-0000003032D8}
T{00000000-0000-0000-0000-0000000EFC81}
T{00000000-0000-0000-0000-0000001E95A5}
T{00000000-0000-0000-0000-0000002A8596}
