F{00000000-0000-0000-0000-00000006FA7E}
F{00000000-0000-0000-0000-0000000C29E6}
F{00000000-0000-0000-0000-000000018C66}
F{00000000-0000-0000-0000-0000000E15DD}
F{00000000-0000-0000-0000-0000002B60DE}
T{00000000-0000-0000-0000-00000003496E}
T{00000000-0000-0000-0000-000000060468}
F{00000000-0000-0000-0000-000000222774}
F{00000000-0000-0000-0000-0000001FFE57}
F{00000000-0000-0000-0000-0000002C418E}
F{00000000-0000-0000-0000-0000000358BE}
F{00000000-0000-0000-0000-00000005EF6E}
T{00000000-0000-0000-0000-0000002CD6C8}
F{00000000-0000-0000-0000-00000025E580}
F{00000000-0000-0000-0000-0000002591DD}
F{00000000-0000-0000-0000-00000008C1DE}
F{00000000-0000-0000-0000-00000029C08B}
T{00000000-0000-0000-0000-000000320A01}
F{00000000-0000-0000-0000-00000005EE69}
T{00000000-0000-0000-0000-00000006FA7E}
T{00000000-0000-0000-0000-0000000C29E6}
T{00000000-0000-0000-0000-000000018C66}
T{00000000-0000-0000-0000-0000000E15DD}
T{00000000-0000-0000-0000-0000002B60DE}
T{00000000-0000-0000-0000-00000003496E}
T{00000000-0000-0000-0000-000000060468}
T{00000000-0000-0000-0000-000000222774}
F{00000000-0000-0000-0000-0000001FFE57}
F{00000000-0000-0000-0000-0000002C418E}
F{00000000-0000-0000-0000-0000000358BE}
T{00000000-0000-0000-0000-00000005EF6E}
T{00000000-0000-0000-0000-0000002CD6C8}
F{00000000-0000-0000-0000-00000025E580}
F{00000000-0000-0000-0000-0000002591DD}
T{00000000-0000-0000-0000-00000008C1DE}
F{00000000-0000-0000-0000-00000029C08B}
T{00000000-0000-0000-0000-000000320A01}
F{00000000-0000-0000-0000-00000005EE69}
T{00000000-0000-0000-0000-000000146C13}
T{00000000-0000-0000-0000-00000003496E}
T{00000000-0000-0000-0000-000000222774}
T{00000000-0000-0000-0000-000000148332}
T{00000000-0000-0000-0000-00000009E1AA}
T{00000000-0000-0000-0000-000000138B76}
T{00000000-0000-0000-0000-0000000618DF}
F{00000000-0000-0000-0000-0000002167C1}
F{00000000-0000-0000-0000-0000000BBAF7}
T{00000000-0000-0000-0000-00000032E859}
T{00000000-0000-0000-0000-000000077309}
T{00000000-0000-0000-0000-0000000A9334}
T{00000000-0000-0000-0000-000000169CBC}
T{00000000-0000-0000-0000-0000001369DE}
F{00000000-0000-0000-0000-0000002C418E}
F{00000000-0000-0000-0000-000000171CAA}
T{00000000-0000-0000-0000-00000005EF6E}
T{00000000-0000-0000-0000-0000000BBBC1}
T{00000000-0000-0000-0000-000000125A54}
T{00000000-0000-0000-0000-0000002361B7}
T{00000000-0000-0000-0000-0000002CAD87}
T{00000000-0000-0000-0000-00000020CF55}
T{00000000-0000-0000-0000-00000006193F}
F{00000000-0000-0000-0000-0000000E15DD}
T{00000000-0000-0000-0000-0000001DB186}
T{00000000-0000-0000-0000-0000000A7716}
F{00000000-0000-0000-0000-0000002A93E5}
T{00000000-0000-0000-0000-0000000A5792}
T{00000000-0000-0000-0000-0000000D3A09}
T{00000000-0000-0000-0000-000000263C74}
T{00000000-0000-0000-0000-00000009D2DB}
T{00000000-0000-0000-0000-0000002897F9}
T{00000000-0000-0000-0000-00000014AEB7}
T{00000000-0000-0000-0000-0000001D26F3}
T{00000000-0000-0000-0000-0000000A2DD3}
T{00000000-0000-0000-0000-00000032B96F}
T{00000000-0000-0000-0000-000000303C41}
F{00000000-0000-0000-0000-00000011A66A}
F{00000000-0000-0000-0000-0000002ADB4F}
F{00000000-0000-0000-0000-0000002B60AE}
T{00000000-0000-0000-0000-0000000F4FE6}
F{00000000-0000-0000-0000-0000002D4F1C}
T{00000000-0000-0000-0000-0000001A891E}
T{00000000-0000-0000-0000-000000219E6D}
T{00000000-0000-0000-0000-0000000A9F0E}
F{00000000-0000-0000-0000-000000062238}
T{00000000-0000-0000-0000-000000063A84}
T{00000000-0000-0000-0000-0000000EF5E7}
T{00000000-0000-0000-0000-000000272805}
T{00000000-0000-0000-0000-00000012AF34}
T{00000000-0000-0000-0000-00000032E6F6}
F{00000000-0000-0000-0000-0000000970F1}
T{00000000-0000-0000-0000-000000083408}
T{00000000-0000-0000-0000-00000013BB66}
T{00000000-0000-0000-0000-000000209B8E}
T{00000000-0000-0000-0000-00000007E3BE}
T{00000000-0000-0000-0000-00000032016B}
F{00000000-0000-0000-0000-0000002B60DE}
T{00000000-0000-0000-0000-00000024D4B0}
T{00000000-0000-0000-0000-0000002B7C23}
T{00000000-0000-0000-0000-0000000840E9}
T{00000000-0000-0000-0000-0000000A0871}
T{00000000-0000-0000-0000-00000019EB21}
T{00000000-0000-0000-0000-000000254816}
F{00000000-0000-0000-0000-000000245B1C}
T{00000000-0000-0000-0000-0000000CE9C4}
T{00000000-0000-0000-0000-000000324F3F}
T{00000000-0000-0000-0000-0000002BB1FE}
T{00000000-0000-0000-0000-0000000C29E6}
T{00000000-0000-0000-0000-00000008C1DE}
T{00000000-0000-0000-0000-0000002AB719}
T{00000000-0000-0000-0000-00000013B91E}
T{00000000-0000-0000-0000-000000295694}
T{00000000-0000-0000-0000-00000010215D}
T{00000000-0000-0000-0000-0000002AD098}
T{00000000-0000-0000-0000-000000128932}
T{00000000-0000-0000-0000-0000001021AA}
T{00000000-0000-0000-0000-0000002BA651}
T{00000000-0000-0000-0000-000000152F96}
F{00000000-0000-0000-0000-0000002C4EFE}
T{00000000-0000-0000-0000-0000000876F9}
F{00000000-0000-0000-0000-00000029C08B}
T{00000000-0000-0000-0000-0000002C78DE}
F{00000000-0000-0000-0000-0000002A9CF7}
T{00000000-0000-0000-0000-0000002001DC}
T{00000000-0000-0000-0000-00000025482D}
T{00000000-0000-0000-0000-000000111E00}
T{00000000-0000-0000-0000-00000014652A}
T{00000000-0000-0000-0000-0000000ADF8A}
T{00000000-0000-0000-0000-0000000AE099}
F{00000000-0000-0000-0000-00000024D328}
T{00000000-0000-0000-0000-00000011D6C2}
T{00000000-0000-0000-0000-00000010598A}
T{00000000-0000-0000-0000-000000245C0C}
T{00000000-0000-0000-0000-000000087468}
T{00000000-0000-0000-0000-0000001AF5B8}
T{00000000-0000-0000-0000-0000000DDD88}
T{00000000-0000-0000-0000-0000000EB2FC}
F{00000000-0000-0000-0000-000000020F85}
T{00000000-0000-0000-0000-0000002FA47F}
T{00000000-0000-0000-0000-0000000929D8}
T{00000000-0000-0000-0000-000000053322}
T{00000000-0000-0000-0000-0000000B0D42}
T{00000000-0000-0000-0000-00000014BCF0}
T{00000000-0000-0000-0000-0000000A8C33}
F{00000000-0000-0000-0000-00000022F9B8}
F{00000000-0000-0000-0000-0000001379ED}
T{00000000-0000-0000-0000-00000031840C}
T{00000000-0000-0000-0000-0000002B9CA9}
T{00000000-0000-0000-0000-000000028B7A}
F{00000000-0000-0000-0000-0000001FD913}
T{00000000-0000-0000-0000-000000177B49}
T{00000000-0000-0000-0000-0000000C5488}
F{00000000-0000-0000-0000-0000000BBAE5}
F{00000000-0000-0000-0000-00000009D454}
F{00000000-0000-0000-0000-0000000C5B68}
T{00000000-0000-0000-0000-00000026A490}
F{00000000-0000-0000-0000-00000025E580}
T{00000000-0000-0000-0000-000000320A01}
T{00000000-0000-0000-0000-000000304116}
T{00000000-0000-0000-0000-000000060468}
T{00000000-0000-0000-0000-0000000AB664}
F{00000000-0000-0000-0000-0000002FEC1E}
T{00000000-0000-0000-0000-0000001B4BD8}
T{00000000-0000-0000-0000-00000022236F}
T{00000000-0000-0000-0000-0000001297F9}
T{00000000-0000-0000-0000-0000002AA866}
T{00000000-0000-0000-0000-0000000B1E17}
F{00000000-0000-0000-0000-00000016BA6A}
T{00000000-0000-0000-0000-00000007C25E}
T{00000000-0000-0000-0000-0000002591DD}
T{00000000-0000-0000-0000-000000235C6F}
T{00000000-0000-0000-0000-00000003E599}
F{00000000-0000-0000-0000-0000000E6E55}
T{00000000-0000-0000-0000-0000001C7E16}
T{00000000-0000-0000-0000-00000014AC98}
T{00000000-0000-0000-0000-00000013C356}
T{00000000-0000-0000-0000-0000002D4795}
T{00000000-0000-0000-0000-0000002EDFFA}
T{00000000-0000-0000-0000-0000002CEF50}
F{00000000-0000-0000-0000-0000000C0A21}
T{00000000-0000-0000-0000-00000004A5D9}
T{00000000-0000-0000-0000-00000009A044}
F{00000000-0000-0000-0000-00000008AA1A}
T{00000000-0000-0000-0000-00000021F6AA}
T{00000000-0000-0000-0000-000000030FAE}
F{00000000-0000-0000-0000-0000000FD49A}
T{00000000-0000-0000-0000-000000106A2C}
T{00000000-0000-0000-0000-000000029DB2}
F{00000000-0000-0000-0000-0000000358BE}
F{00000000-0000-0000-0000-00000016979A}
T{00000000-0000-0000-0000-00000026DB04}
T{00000000-0000-0000-0000-0000000D9F5F}
T{00000000-0000-0000-0000-0000000DA78A}
F{00000000-0000-0000-0000-000000018C66}
T{00000000-0000-0000-0000-0000001464E5}
F{00000000-0000-0000-0000-000000012582}
F{00000000-0000-0000-0000-00000005250C}
T{00000000-0000-0000-0000-0000002BDF68}
T{00000000-0000-0000-0000-00000009D428}
T{00000000-0000-0000-0000-00000009BAD7}
T{00000000-0000-0000-0000-0000000F3587}
F{00000000-0000-0000-0000-000000220F56}
T{00000000-0000-0000-0000-00000005FF3F}
F{00000000-0000-0000-0000-0000001DE733}
F{00000000-0000-0000-0000-00000005EE69}
T{00000000-0000-0000-0000-0000001AE83E}
T{00000000-0000-0000-0000-0000002CD6C8}
T{00000000-0000-0000-0000-00000026F01D}
F{00000000-0000-0000-0000-00000008DF2C}
T{00000000-0000-0000-0000-0000002789C7}
T{00000000-0000-0000-0000-000000146BA0}
T{00000000-0000-0000-0000-0000002216E6}
T{00000000-0000-0000-0000-00000031ED05}
F{00000000-0000-0000-0000-0000000B07ED}
T{00000000-0000-0000-0000-0000000ADB6D}
T{00000000-0000-0000-0000-000000245F5D}
F{00000000-0000-0000-0000-0000002380FC}
F{00000000-0000-0000-0000-0000001FFE57}
T{00000000-0000-0000-0000-00000026C360}
F{00000000-0000-0000-0000-000000137696}
F{00000000-0000-0000-0000-00000006E673}
T{00000000-0000-0000-0000-00000028CA92}
T{00000000-0000-0000-0000-000000335CAB}
F{00000000-0000-0000-0000-00000024BF14}
T{00000000-0000-0000-0000-000000099302}
T{00000000-0000-0000-0000-0000001E3995}
T{00000000-0000-0000-0000-0000002EE25C}
F{00000000-0000-0000-0000-00000024D577}
F{00000000-0000-0000-0000-00000006FA7E}
T{00000000-0000-0000-0000-0000000E15DD}
T{00000000-0000-0000-0000-00000006FA7E}
T{00000000-0000-0000-0000-0000002CD6C8}
T{00000000-0000-0000-0000-000000320A01}
F{00000000-0000-0000-0000-0000002B60DE}
T{00000000-0000-0000-0000-0000002591DD}
