F{00000000-0000-0000-0000-00000032B96F}
T{00000000-0000-0000-0000-000000324F3F}
T{00000000-0000-0000-0000-000000324745}
F{00000000-0000-0000-0000-000000320A01}
T{00000000-0000-0000-0000-00000031B2AF}
T{00000000-0000-0000-0000-000000304116}
T{00000000-0000-0000-0000-000000303C41}
T{00000000-0000-0000-0000-00000032A5BB}
T{00000000-0000-0000-0000-0000002FE035}
T{00000000-0000-0000-0000-0000002FA3FA}
T{00000000-0000-0000-0000-0000002F70A5}
T{00000000-0000-0000-0000-0000002F6B7B}
T{00000000-0000-0000-0000-0000002EDFFA}
T{00000000-0000-0000-0000-0000002DCB69}
F{00000000-0000-0000-0000-0000002D4F1C}
T{00000000-0000-0000-0000-0000002D4810}
T{00000000-0000-0000-0000-0000002D162B}
T{00000000-0000-0000-0000-0000002CDE1F}
T{00000000-0000-0000-0000-0000002CD9CB}
F{00000000-0000-0000-0000-0000002CD6C8}
T{00000000-0000-0000-0000-0000002C9942}
T{00000000-0000-0000-0000-0000002C6D1C}
T{00000000-0000-0000-0000-0000002C6187}
T{00000000-0000-0000-0000-00000032FBFC}
T{00000000-0000-0000-0000-0000002C532B}
T{00000000-0000-0000-0000-0000002BFFD7}
F{00000000-0000-0000-0000-0000002BDF68}
T{00000000-0000-0000-0000-0000002B9ADC}
T{00000000-0000-0000-0000-0000002B7C23}
F{00000000-0000-0000-0000-0000002B60DE}
T{00000000-0000-0000-0000-0000002B5FB9}
T{00000000-0000-0000-0000-0000002B054E}
T{00000000-0000-0000-0000-00000031BA6F}
T{00000000-0000-0000-0000-0000002AD1C2}
T{00000000-0000-0000-0000-0000002AD098}
T{00000000-0000-0000-0000-0000002AAA36}
F{00000000-0000-0000-0000-0000002A93E5}
T{00000000-0000-0000-0000-0000002A02EE}
T{00000000-0000-0000-0000-0000002ACE76}
T{00000000-0000-0000-0000-000000290793}
T{00000000-0000-0000-0000-0000002EE24C}
T{00000000-0000-0000-0000-00000028CA92}
T{00000000-0000-0000-0000-000000289ED3}
T{00000000-0000-0000-0000-0000002897F9}
T{00000000-0000-0000-0000-000000289795}
T{00000000-0000-0000-0000-000000282FCE}
T{00000000-0000-0000-0000-00000032016B}
T{00000000-0000-0000-0000-0000002819B0}
T{00000000-0000-0000-0000-0000002C299F}
T{00000000-0000-0000-0000-00000028017B}
T{00000000-0000-0000-0000-00000027D4C7}
T{00000000-0000-0000-0000-0000002796A4}
T{00000000-0000-0000-0000-000000275B8E}
T{00000000-0000-0000-0000-0000002728DA}
T{00000000-0000-0000-0000-000000270E01}
T{00000000-0000-0000-0000-0000002A08D5}
T{00000000-0000-0000-0000-00000026DB04}
T{00000000-0000-0000-0000-00000026C360}
T{00000000-0000-0000-0000-00000026A8E2}
T{00000000-0000-0000-0000-00000026A6D4}
T{00000000-0000-0000-0000-0000002651AC}
T{00000000-0000-0000-0000-0000002CACBC}
T{00000000-0000-0000-0000-000000263D12}
T{00000000-0000-0000-0000-000000263C74}
T{00000000-0000-0000-0000-000000273493}
T{00000000-0000-0000-0000-000000263B6B}
T{00000000-0000-0000-0000-00000032BB6B}
F{00000000-0000-0000-0000-00000025E580}
T{00000000-0000-0000-0000-00000030D202}
T{00000000-0000-0000-0000-0000002536E9}
T{00000000-0000-0000-0000-00000024D577}
T{00000000-0000-0000-0000-00000024D4B0}
T{00000000-0000-0000-0000-00000024D328}
F{00000000-0000-0000-0000-00000031840C}
F{00000000-0000-0000-0000-00000024BF14}
T{00000000-0000-0000-0000-000000245C0C}
T{00000000-0000-0000-0000-000000230FED}
T{00000000-0000-0000-0000-000000231277}
T{00000000-0000-0000-0000-00000022236F}
F{00000000-0000-0000-0000-000000220F56}
T{00000000-0000-0000-0000-000000254816}
F{00000000-0000-0000-0000-0000002C4EFE}
T{00000000-0000-0000-0000-0000002B43A9}
T{00000000-0000-0000-0000-000000218CCC}
T{00000000-0000-0000-0000-00000022633F}
F{00000000-0000-0000-0000-000000209B8E}
T{00000000-0000-0000-0000-00000020554E}
F{00000000-0000-0000-0000-000000219E6D}
T{00000000-0000-0000-0000-000000270DC9}
T{00000000-0000-0000-0000-0000002BDEA2}
T{00000000-0000-0000-0000-00000029CB1D}
T{00000000-0000-0000-0000-000000223CFB}
T{00000000-0000-0000-0000-0000001FB295}
T{00000000-0000-0000-0000-0000001EE496}
T{00000000-0000-0000-0000-000000235C6F}
F{00000000-0000-0000-0000-0000001DB186}
T{00000000-0000-0000-0000-0000002DA425}
T{00000000-0000-0000-0000-0000001D699A}
T{00000000-0000-0000-0000-0000001D26F3}
T{00000000-0000-0000-0000-0000001C6A68}
T{00000000-0000-0000-0000-000000243B6C}
T{00000000-0000-0000-0000-000000245F5D}
T{00000000-0000-0000-0000-0000001B7F5B}
T{00000000-0000-0000-0000-0000001B4BD8}
T{00000000-0000-0000-0000-0000001D30D6}
T{00000000-0000-0000-0000-0000001AF5B8}
T{00000000-0000-0000-0000-0000001EB0AE}
F{00000000-0000-0000-0000-0000001A891E}
T{00000000-0000-0000-0000-0000001A871A}
T{00000000-0000-0000-0000-0000001C7E16}
T{00000000-0000-0000-0000-0000001A5588}
F{00000000-0000-0000-0000-0000002167C1}
T{00000000-0000-0000-0000-00000019D284}
T{00000000-0000-0000-0000-000000197C0B}
T{00000000-0000-0000-0000-000000227154}
T{00000000-0000-0000-0000-000000180772}
T{00000000-0000-0000-0000-0000002A47D9}
F{00000000-0000-0000-0000-000000171CAA}
T{00000000-0000-0000-0000-000000170474}
T{00000000-0000-0000-0000-00000016EF7B}
T{00000000-0000-0000-0000-00000016EE88}
T{00000000-0000-0000-0000-0000002D4795}
T{00000000-0000-0000-0000-00000016979A}
T{00000000-0000-0000-0000-00000019F414}
F{00000000-0000-0000-0000-0000001DE733}
T{00000000-0000-0000-0000-000000319937}
T{00000000-0000-0000-0000-000000242709}
T{00000000-0000-0000-0000-00000015892F}
T{00000000-0000-0000-0000-000000157C8A}
T{00000000-0000-0000-0000-000000169CBC}
T{00000000-0000-0000-0000-00000014BCF0}
T{00000000-0000-0000-0000-00000014B44C}
T{00000000-0000-0000-0000-00000014AC98}
F{00000000-0000-0000-0000-000000148332}
T{00000000-0000-0000-0000-00000014AEB7}
T{00000000-0000-0000-0000-000000138B76}
T{00000000-0000-0000-0000-0000002EE25C}
F{00000000-0000-0000-0000-00000013C356}
T{00000000-0000-0000-0000-00000013794F}
F{00000000-0000-0000-0000-000000137696}
T{00000000-0000-0000-0000-0000001369DE}
F{00000000-0000-0000-0000-0000001FD913}
T{00000000-0000-0000-0000-0000001322C6}
F{00000000-0000-0000-0000-000000125A54}
T{00000000-0000-0000-0000-000000122D0D}
T{00000000-0000-0000-0000-00000023C11C}
T{00000000-0000-0000-0000-000000180A8A}
T{00000000-0000-0000-0000-00000011FA5C}
T{00000000-0000-0000-0000-00000013BB66}
T{00000000-0000-0000-0000-0000002768FA}
T{00000000-0000-0000-0000-0000001FFDD7}
F{00000000-0000-0000-0000-0000002B60AE}
F{00000000-0000-0000-0000-00000011A66A}
T{00000000-0000-0000-0000-000000119C07}
T{00000000-0000-0000-0000-0000001187A9}
F{00000000-0000-0000-0000-0000001FFE57}
T{00000000-0000-0000-0000-000000113C06}
F{00000000-0000-0000-0000-000000111E00}
T{00000000-0000-0000-0000-000000165C7D}
T{00000000-0000-0000-0000-000000335CAB}
T{00000000-0000-0000-0000-000000242E7A}
T{00000000-0000-0000-0000-000000109F0A}
T{00000000-0000-0000-0000-0000001024B9}
T{00000000-0000-0000-0000-000000101515}
T{00000000-0000-0000-0000-000000147165}
F{00000000-0000-0000-0000-0000000FD49A}
T{00000000-0000-0000-0000-0000000FC3AA}
T{00000000-0000-0000-0000-0000000FBE71}
T{00000000-0000-0000-0000-0000000FAF70}
T{00000000-0000-0000-0000-0000002FA47F}
F{00000000-0000-0000-0000-0000000F3587}
T{00000000-0000-0000-0000-00000031730E}
T{00000000-0000-0000-0000-0000000EFCD0}
F{00000000-0000-0000-0000-0000000EF5E7}
T{00000000-0000-0000-0000-00000022178C}
T{00000000-0000-0000-0000-0000000EC5C1}
T{00000000-0000-0000-0000-0000000EC264}
T{00000000-0000-0000-0000-0000000EB2FC}
T{00000000-0000-0000-0000-0000000EB1C4}
F{00000000-0000-0000-0000-0000000E6E55}
T{00000000-0000-0000-0000-000000103C79}
