T{00000000-0000-0000-0000-000000333EB0}
T{00000000-0000-0000-0000-00000031E8A8}
T{00000000-0000-0000-0000-00000032EA05}
T{00000000-0000-0000-0000-0000003250DF}
T{00000000-0000-0000-0000-0000002EAF33}
T{00000000-0000-0000-0000-0000002E3A18}
T{00000000-0000-0000-0000-0000002E0516}
T{00000000-0000-0000-0000-0000002B79C6}
T{00000000-0000-0000-0000-000000289F2F}
T{00000000-0000-0000-0000-000000282C62}
T{00000000-0000-0000-0000-00000027D63F}
T{00000000-0000-0000-0000-000000261C32}
T{00000000-0000-0000-0000-00000024E9BB}
T{00000000-0000-0000-0000-0000002415F2}
T{00000000-0000-0000-0000-00000021727D}
T{00000000-0000-0000-0000-0000001DC5DF}
T{00000000-0000-0000-0000-0000001CF590}
F{00000000-0000-0000-0000-000000243B6C}
T{00000000-0000-0000-0000-0000001B4BD8}
T{00000000-0000-0000-0000-0000001985BE}
T{00000000-0000-0000-0000-0000001D5B1B}
T{00000000-0000-0000-0000-0000000FDBD1}
T{00000000-0000-0000-0000-000000253D59}
T{00000000-0000-0000-0000-000000197FB6}
T{00000000-0000-0000-0000-0000002A3408}
T{00000000-0000-0000-0000-0000000F07A2}
F{00000000-0000-0000-0000-0000000EF5E7}
T{00000000-0000-0000-0000-0000000D1718}
T{00000000-0000-0000-0000-00000010AB65}
T{00000000-0000-0000-0000-0000002E2FA0}
T{00000000-0000-0000-0000-000000243EBD}
T{00000000-0000-0000-0000-0000000A1C43}
T{00000000-0000-0000-0000-000000106746}
F{00000000-0000-0000-0000-0000002946BB}
T{00000000-0000-0000-0000-00000009AC55}
T{00000000-0000-0000-0000-0000000CAFE6}
T{00000000-0000-0000-0000-000000074466}
T{00000000-0000-0000-0000-000000053E0D}
F{00000000-0000-0000-0000-0000002380FC}
T{00000000-0000-0000-0000-0000000813D7}
T{00000000-0000-0000-0000-000000076186}
T{00000000-0000-0000-0000-000000275A4F}
T{00000000-0000-0000-0000-0000002137D4}
T{00000000-0000-0000-0000-0000000928C2}
T{00000000-0000-0000-0000-0000002E4707}
T{00000000-0000-0000-0000-00000003B508}
T{00000000-0000-0000-0000-000000039940}
T{00000000-0000-0000-0000-000000146BB2}
T{00000000-0000-0000-0000-0000000A2D06}
F{00000000-0000-0000-0000-000000243F1C}
F{00000000-0000-0000-0000-000000020F85}
T{00000000-0000-0000-0000-00000001C42B}
T{00000000-0000-0000-0000-000000243F02}
F{00000000-0000-0000-0000-000000012582}
T{00000000-0000-0000-0000-00000016D8EC}
F{00000000-0000-0000-0000-00000000D3F0}
T{00000000-0000-0000-0000-000000177868}
F{00000000-0000-0000-0000-0000000C5D03}
T{00000000-0000-0000-0000-000000172673}
F{00000000-0000-0000-0000-000000099D5D}
F{00000000-0000-0000-0000-0000000876F9}
T{00000000-0000-0000-0000-00000022664D}
T{00000000-0000-0000-0000-0000000CAFAA}
F{00000000-0000-0000-0000-000000029DB2}
F{00000000-0000-0000-0000-00000026A490}
T{00000000-0000-0000-0000-0000000320BD}
T{00000000-0000-0000-0000-000000332CFE}
T{00000000-0000-0000-0000-0000001E35CC}
F{00000000-0000-0000-0000-0000002CEF50}
F{00000000-0000-0000-0000-0000001672E1}
T{00000000-0000-0000-0000-00000000740B}
T{00000000-0000-0000-0000-00000000D3F0}
T{00000000-0000-0000-0000-0000000876F9}
T{00000000-0000-0000-0000-0000000C5D03}
T{00000000-0000-0000-0000-0000000A1C43}
T{00000000-0000-0000-0000-0000002EAF33}
T{00000000-0000-0000-0000-0000000F07A2}
T{00000000-0000-0000-0000-000000106746}
T{00000000-0000-0000-0000-0000000FDBD1}
T{00000000-0000-0000-0000-0000000928C2}
T{00000000-0000-0000-0000-000000099D5D}
T{00000000-0000-0000-0000-0000002E2FA0}
T{00000000-0000-0000-0000-00000009AC55}
T{00000000-0000-0000-0000-0000000D1718}
T{00000000-0000-0000-0000-00000010AB65}
T{00000000-0000-0000-0000-000000020F85}
T{00000000-0000-0000-0000-000000074466}
T{00000000-0000-0000-0000-0000001DC5DF}
T{00000000-0000-0000-0000-000000197FB6}
T{00000000-0000-0000-0000-0000001B4BD8}
T{00000000-0000-0000-0000-0000002380FC}
T{00000000-0000-0000-0000-000000243B6C}
T{00000000-0000-0000-0000-0000001CF590}
F{00000000-0000-0000-0000-0000000EF5E7}
T{00000000-0000-0000-0000-0000001672E1}
T{00000000-0000-0000-0000-0000003250DF}
T{00000000-0000-0000-0000-0000001985BE}
T{00000000-0000-0000-0000-00000031E8A8}
T{00000000-0000-0000-0000-000000289F2F}
T{00000000-0000-0000-0000-000000146BB2}
F{00000000-0000-0000-0000-000000324F3F}
T{00000000-0000-0000-0000-00000026F31D}
T{00000000-0000-0000-0000-0000000A5106}
T{00000000-0000-0000-0000-00000006D3FA}
T{00000000-0000-0000-0000-0000000D16FA}
F{00000000-0000-0000-0000-0000000A0871}
T{00000000-0000-0000-0000-000000192034}
T{00000000-0000-0000-0000-0000002A3408}
T{00000000-0000-0000-0000-00000021727D}
F{00000000-0000-0000-0000-000000119C07}
T{00000000-0000-0000-0000-0000002946BB}
F{00000000-0000-0000-0000-0000000E15DD}
T{00000000-0000-0000-0000-0000003011F7}
T{00000000-0000-0000-0000-00000022ED6F}
F{00000000-0000-0000-0000-000000319937}
T{00000000-0000-0000-0000-0000000953A0}
F{00000000-0000-0000-0000-00000026F01D}
T{00000000-0000-0000-0000-0000000C134C}
T{00000000-0000-0000-0000-0000001A72D1}
T{00000000-0000-0000-0000-0000002C4147}
T{00000000-0000-0000-0000-00000020D2B2}
F{00000000-0000-0000-0000-0000002B60DE}
T{00000000-0000-0000-0000-00000005814E}
T{00000000-0000-0000-0000-0000000A2AE6}
T{00000000-0000-0000-0000-00000022E477}
T{00000000-0000-0000-0000-0000000D55FC}
T{00000000-0000-0000-0000-00000011B6E2}
T{00000000-0000-0000-0000-0000001D5B1B}
T{00000000-0000-0000-0000-000000253D59}
F{00000000-0000-0000-0000-0000000EE00F}
F{00000000-0000-0000-0000-000000030FAE}
F{00000000-0000-0000-0000-000000295694}
F{00000000-0000-0000-0000-0000000EC264}
T{00000000-0000-0000-0000-000000088247}
T{00000000-0000-0000-0000-00000018D090}
F{00000000-0000-0000-0000-0000000D3A09}
T{00000000-0000-0000-0000-0000002B79C6}
F{00000000-0000-0000-0000-00000008179C}
T{00000000-0000-0000-0000-000000113245}
T{00000000-0000-0000-0000-0000002FA358}
T{00000000-0000-0000-0000-0000000A3D45}
T{00000000-0000-0000-0000-000000171562}
T{00000000-0000-0000-0000-00000016BFCF}
T{00000000-0000-0000-0000-00000007DDDE}
T{00000000-0000-0000-0000-0000002337D8}
T{00000000-0000-0000-0000-00000004E003}
F{00000000-0000-0000-0000-0000002B9ADC}
F{00000000-0000-0000-0000-0000002D4795}
T{00000000-0000-0000-0000-0000002278EC}
F{00000000-0000-0000-0000-0000001EB0AE}
T{00000000-0000-0000-0000-00000014FDFF}
F{00000000-0000-0000-0000-000000087468}
F{00000000-0000-0000-0000-0000000C42D4}
F{00000000-0000-0000-0000-00000019F414}
T{00000000-0000-0000-0000-0000002C95F6}
T{00000000-0000-0000-0000-00000003F093}
T{00000000-0000-0000-0000-0000000CF7F5}
F{00000000-0000-0000-0000-0000002AAA36}
T{00000000-0000-0000-0000-000000049D0E}
F{00000000-0000-0000-0000-00000006FA7E}
F{00000000-0000-0000-0000-000000099302}
T{00000000-0000-0000-0000-0000002137D4}
F{00000000-0000-0000-0000-00000010598A}
F{00000000-0000-0000-0000-0000002CD6C8}
T{00000000-0000-0000-0000-0000002C51D3}
F{00000000-0000-0000-0000-0000002AD098}
T{00000000-0000-0000-0000-00000009AD92}
F{00000000-0000-0000-0000-000000320A01}
T{00000000-0000-0000-0000-00000031EFC5}
T{00000000-0000-0000-0000-00000031EE7B}
T{00000000-0000-0000-0000-000000055656}
T{00000000-0000-0000-0000-000000243F1C}
F{00000000-0000-0000-0000-0000002D162B}
T{00000000-0000-0000-0000-0000002B7A74}
T{00000000-0000-0000-0000-00000026853A}
F{00000000-0000-0000-0000-000000101515}
F{00000000-0000-0000-0000-0000000A8C33}
T{00000000-0000-0000-0000-0000001594FA}
F{00000000-0000-0000-0000-0000001249B2}
T{00000000-0000-0000-0000-0000000F6E0A}
F{00000000-0000-0000-0000-0000000FAF70}
T{00000000-0000-0000-0000-00000029BD67}
T{00000000-0000-0000-0000-0000001EE12B}
T{00000000-0000-0000-0000-0000001C1356}
T{00000000-0000-0000-0000-0000002CD8A9}
F{00000000-0000-0000-0000-00000009042B}
T{00000000-0000-0000-0000-0000000DEA25}
T{00000000-0000-0000-0000-00000026AE05}
T{00000000-0000-0000-0000-000000147DA5}
F{00000000-0000-0000-0000-0000002A08D5}
T{00000000-0000-0000-0000-00000009C584}
T{00000000-0000-0000-0000-0000000974BB}
F{00000000-0000-0000-0000-00000008CB54}
F{00000000-0000-0000-0000-00000016DEE7}
T{00000000-0000-0000-0000-0000002977C2}
T{00000000-0000-0000-0000-0000000A3BDF}
F{00000000-0000-0000-0000-0000001A5588}
T{00000000-0000-0000-0000-00000019E23D}
F{00000000-0000-0000-0000-0000001024B9}
F{00000000-0000-0000-0000-0000002591DD}
T{00000000-0000-0000-0000-0000000FBD3C}
T{00000000-0000-0000-0000-00000015BF2E}
T{00000000-0000-0000-0000-0000000D226D}
F{00000000-0000-0000-0000-00000021E588}
T{00000000-0000-0000-0000-00000011C1D0}
T{00000000-0000-0000-0000-000000209D82}
F{00000000-0000-0000-0000-000000242E7A}
T{00000000-0000-0000-0000-0000002C4B7E}
T{00000000-0000-0000-0000-000000222A3E}
F{00000000-0000-0000-0000-000000170474}
T{00000000-0000-0000-0000-0000001028EE}
F{00000000-0000-0000-0000-0000002C6187}
F{00000000-0000-0000-0000-0000000A6D84}
T{00000000-0000-0000-0000-000000096F27}
T{00000000-0000-0000-0000-00000017CD8A}
T{00000000-0000-0000-0000-0000002E3209}
T{00000000-0000-0000-0000-0000001A177D}
F{00000000-0000-0000-0000-0000002EFB03}
T{00000000-0000-0000-0000-0000000A17FA}
T{00000000-0000-0000-0000-0000002ECA3E}
F{00000000-0000-0000-0000-000000251E83}
T{00000000-0000-0000-0000-00000017AD17}
F{00000000-0000-0000-0000-00000023C11C}
F{00000000-0000-0000-0000-0000002F70A5}
T{00000000-0000-0000-0000-000000319987}
T{00000000-0000-0000-0000-000000065030}
T{00000000-0000-0000-0000-000000104CF0}
T{00000000-0000-0000-0000-0000000782BC}
F{00000000-0000-0000-0000-0000002F6B7B}
T{00000000-0000-0000-0000-0000001846EB}
T{00000000-0000-0000-0000-00000019279C}
F{00000000-0000-0000-0000-000000018C66}
F{00000000-0000-0000-0000-00000026A8E2}
T{00000000-0000-0000-0000-000000063398}
T{00000000-0000-0000-0000-0000001BA8D0}
T{00000000-0000-0000-0000-000000128BA6}
F{00000000-0000-0000-0000-00000005E3F4}
F{00000000-0000-0000-0000-0000000F70F3}
F{00000000-0000-0000-0000-000000110D6E}
T{00000000-0000-0000-0000-0000000FD54B}
T{00000000-0000-0000-0000-0000002690A8}
F{00000000-0000-0000-0000-0000000AA748}
T{00000000-0000-0000-0000-00000031CEB3}
T{00000000-0000-0000-0000-0000000A4F74}
T{00000000-0000-0000-0000-00000032698B}
T{00000000-0000-0000-0000-0000000DF8B1}
F{00000000-0000-0000-0000-000000197C0B}
T{00000000-0000-0000-0000-0000000CE4C7}
T{00000000-0000-0000-0000-0000002C4B21}
F{00000000-0000-0000-0000-00000028980F}
T{00000000-0000-0000-0000-000000289DEC}
F{00000000-0000-0000-0000-0000001D30D6}
T{00000000-0000-0000-0000-0000000BF69D}
F{00000000-0000-0000-0000-00000020CF55}
T{00000000-0000-0000-0000-0000002F18F4}
F{00000000-0000-0000-0000-00000012AF34}
F{00000000-0000-0000-0000-00000009BCC6}
T{00000000-0000-0000-0000-0000001109EF}
F{00000000-0000-0000-0000-000000244890}
T{00000000-0000-0000-0000-00000028E78F}
F{00000000-0000-0000-0000-000000272805}
F{00000000-0000-0000-0000-0000002B20EF}
T{00000000-0000-0000-0000-00000022CD36}
F{00000000-0000-0000-0000-0000001C6A68}
F{00000000-0000-0000-0000-0000002AD1C2}
F{00000000-0000-0000-0000-00000029B017}
T{00000000-0000-0000-0000-0000001746B7}
T{00000000-0000-0000-0000-000000176A5C}
F{00000000-0000-0000-0000-00000031B2AF}
T{00000000-0000-0000-0000-0000001894F4}
T{00000000-0000-0000-0000-00000010156C}
F{00000000-0000-0000-0000-00000022F0AA}
T{00000000-0000-0000-0000-00000033A574}
F{00000000-0000-0000-0000-0000000DA5C4}
T{00000000-0000-0000-0000-00000002FF57}
F{00000000-0000-0000-0000-0000002D4810}
T{00000000-0000-0000-0000-0000001813D8}
T{00000000-0000-0000-0000-00000031F0E6}
T{00000000-0000-0000-0000-0000002B8F8A}
T{00000000-0000-0000-0000-0000000918BA}
F{00000000-0000-0000-0000-0000001AE83E}
T{00000000-0000-0000-0000-00000008E1A8}
T{00000000-0000-0000-0000-0000002D8355}
T{00000000-0000-0000-0000-0000001746C3}
F{00000000-0000-0000-0000-000000270DC9}
T{00000000-0000-0000-0000-00000009C55D}
T{00000000-0000-0000-0000-0000001C3DC9}
T{00000000-0000-0000-0000-0000002494C3}
T{00000000-0000-0000-0000-0000002A9640}
F{00000000-0000-0000-0000-0000002B5FB9}
F{00000000-0000-0000-0000-00000020554E}
T{00000000-0000-0000-0000-00000012EEF7}
F{00000000-0000-0000-0000-0000002AB719}
F{00000000-0000-0000-0000-0000002B7C23}
T{00000000-0000-0000-0000-0000002D3243}
T{00000000-0000-0000-0000-000000131767}
T{00000000-0000-0000-0000-000000011C79}
F{00000000-0000-0000-0000-0000002B43A9}
F{00000000-0000-0000-0000-0000000A6DE9}
F{00000000-0000-0000-0000-00000006923C}
F{00000000-0000-0000-0000-00000033629C}
T{00000000-0000-0000-0000-000000164F6F}
T{00000000-0000-0000-0000-0000002D4012}
F{00000000-0000-0000-0000-00000006524D}
F{00000000-0000-0000-0000-0000002BDF68}
F{00000000-0000-0000-0000-0000000C439B}
F{00000000-0000-0000-0000-00000009D2DB}
F{00000000-0000-0000-0000-000000103C79}
T{00000000-0000-0000-0000-00000016D43B}
F{00000000-0000-0000-0000-000000210241}
F{00000000-0000-0000-0000-000000113C06}
T{00000000-0000-0000-0000-00000005B55A}
T{00000000-0000-0000-0000-000000269527}
T{00000000-0000-0000-0000-000000199ECD}
T{00000000-0000-0000-0000-000000113B7F}
F{00000000-0000-0000-0000-000000254816}
F{00000000-0000-0000-0000-00000005A714}
F{00000000-0000-0000-0000-000000111E00}
F{00000000-0000-0000-0000-00000025482D}
F{00000000-0000-0000-0000-00000007E3BE}
T{00000000-0000-0000-0000-0000002C4FBE}
F{00000000-0000-0000-0000-0000001B7F5B}
T{00000000-0000-0000-0000-000000054FCB}
T{00000000-0000-0000-0000-00000009BCBD}
F{00000000-0000-0000-0000-000000041E64}
T{00000000-0000-0000-0000-000000099323}
F{00000000-0000-0000-0000-000000289795}
F{00000000-0000-0000-0000-0000000ADCC9}
T{00000000-0000-0000-0000-0000002CCAFC}
T{00000000-0000-0000-0000-00000026F56D}
F{00000000-0000-0000-0000-00000025E580}
T{00000000-0000-0000-0000-00000021868E}
F{00000000-0000-0000-0000-000000007910}
F{00000000-0000-0000-0000-00000028017B}
F{00000000-0000-0000-0000-0000001EE496}
F{00000000-0000-0000-0000-000000289ED3}
T{00000000-0000-0000-0000-0000002FDA95}
T{00000000-0000-0000-0000-0000000AFBED}
F{00000000-0000-0000-0000-00000008C1DE}
F{00000000-0000-0000-0000-0000002536E9}
T{00000000-0000-0000-0000-0000000FECC1}
F{00000000-0000-0000-0000-00000028CA92}
F{00000000-0000-0000-0000-0000002EE24C}
T{00000000-0000-0000-0000-0000001D6FB7}
F{00000000-0000-0000-0000-00000014B44C}
T{00000000-0000-0000-0000-00000005D234}
F{00000000-0000-0000-0000-00000011D6C2}
F{00000000-0000-0000-0000-0000000A3CCC}
F{00000000-0000-0000-0000-00000024D328}
T{00000000-0000-0000-0000-0000000F7D09}
F{00000000-0000-0000-0000-000000106300}
F{00000000-0000-0000-0000-00000018025C}
T{00000000-0000-0000-0000-00000024CCE3}
T{00000000-0000-0000-0000-0000000DDF0E}
T{00000000-0000-0000-0000-0000001445A3}
T{00000000-0000-0000-0000-0000002E564A}
T{00000000-0000-0000-0000-0000001EB1B9}
T{00000000-0000-0000-0000-000000155B05}
T{00000000-0000-0000-0000-00000009F5AB}
T{00000000-0000-0000-0000-000000140E50}
T{00000000-0000-0000-0000-0000002C4A8B}
F{00000000-0000-0000-0000-000000219EFE}
F{00000000-0000-0000-0000-000000180772}
T{00000000-0000-0000-0000-00000032686B}
F{00000000-0000-0000-0000-0000001FB295}
T{00000000-0000-0000-0000-00000026908C}
F{00000000-0000-0000-0000-0000002728DA}
F{00000000-0000-0000-0000-0000002AD2A1}
T{00000000-0000-0000-0000-00000031DB69}
F{00000000-0000-0000-0000-00000005EE69}
T{00000000-0000-0000-0000-000000301289}
F{00000000-0000-0000-0000-0000002F16BE}
T{00000000-0000-0000-0000-0000000C6827}
T{00000000-0000-0000-0000-0000002F9487}
T{00000000-0000-0000-0000-000000267BC2}
T{00000000-0000-0000-0000-00000021E8F6}
F{00000000-0000-0000-0000-000000157C8A}
F{00000000-0000-0000-0000-000000147165}
F{00000000-0000-0000-0000-0000002179E5}
T{00000000-0000-0000-0000-0000000FAF71}
F{00000000-0000-0000-0000-000000270E01}
T{00000000-0000-0000-0000-0000001023D6}
F{00000000-0000-0000-0000-0000000AE237}
F{00000000-0000-0000-0000-0000000AE577}
F{00000000-0000-0000-0000-0000000BD989}
F{00000000-0000-0000-0000-000000192C47}
F{00000000-0000-0000-0000-0000002BDEA2}
F{00000000-0000-0000-0000-000000098996}
F{00000000-0000-0000-0000-000000060468}
F{00000000-0000-0000-0000-00000029CB1D}
F{00000000-0000-0000-0000-0000001021AA}
F{00000000-0000-0000-0000-0000001A891E}
F{00000000-0000-0000-0000-0000001A871A}
F{00000000-0000-0000-0000-00000003496E}
F{00000000-0000-0000-0000-000000242709}
F{00000000-0000-0000-0000-00000005FF3F}
T{00000000-0000-0000-0000-000000126649}
F{00000000-0000-0000-0000-00000015892F}
T{00000000-0000-0000-0000-0000002AA779}
F{00000000-0000-0000-0000-0000002D71D6}
F{00000000-0000-0000-0000-000000169CBC}
T{00000000-0000-0000-0000-0000002BCF2E}
F{00000000-0000-0000-0000-0000000FC3AA}
T{00000000-0000-0000-0000-0000000AE447}
F{00000000-0000-0000-0000-0000002A02EE}
F{00000000-0000-0000-0000-0000001C7E16}
F{00000000-0000-0000-0000-0000000FBE71}
F{00000000-0000-0000-0000-000000146BA0}
F{00000000-0000-0000-0000-000000177B49}
F{00000000-0000-0000-0000-00000014BCF0}
F{00000000-0000-0000-0000-0000002ACE76}
F{00000000-0000-0000-0000-0000001322C6}
F{00000000-0000-0000-0000-0000000F0E97}
F{00000000-0000-0000-0000-000000088CF0}
F{00000000-0000-0000-0000-0000000BDF18}
T{00000000-0000-0000-0000-00000017BA07}
F{00000000-0000-0000-0000-0000001E3995}
F{00000000-0000-0000-0000-0000000CE9C4}
T{00000000-0000-0000-0000-000000091984}
F{00000000-0000-0000-0000-0000001D699A}
T{00000000-0000-0000-0000-0000001D6905}
F{00000000-0000-0000-0000-0000002C418E}
F{00000000-0000-0000-0000-000000290793}
T{00000000-0000-0000-0000-00000019F30D}
F{00000000-0000-0000-0000-0000000D9F5F}
F{00000000-0000-0000-0000-000000062238}
F{00000000-0000-0000-0000-00000022F9B8}
T{00000000-0000-0000-0000-0000003362C8}
F{00000000-0000-0000-0000-0000000C29E6}
F{00000000-0000-0000-0000-0000000BBBC1}
F{00000000-0000-0000-0000-0000000F3587}
F{00000000-0000-0000-0000-00000021F6AA}
T{00000000-0000-0000-0000-00000019EC18}
T{00000000-0000-0000-0000-00000009D63B}
F{00000000-0000-0000-0000-00000029C08B}
F{00000000-0000-0000-0000-0000002897F9}
F{00000000-0000-0000-0000-00000019D284}
T{00000000-0000-0000-0000-00000013BFCB}
F{00000000-0000-0000-0000-0000001DCCD0}
T{00000000-0000-0000-0000-00000028813D}
F{00000000-0000-0000-0000-0000001464E5}
F{00000000-0000-0000-0000-00000009A044}
T{00000000-0000-0000-0000-0000002B7D45}
F{00000000-0000-0000-0000-00000031730E}
F{00000000-0000-0000-0000-0000000BCE16}
T{00000000-0000-0000-0000-00000032A8DB}
T{00000000-0000-0000-0000-0000002853F7}
F{00000000-0000-0000-0000-000000282FCE}
F{00000000-0000-0000-0000-00000026A6D4}
F{00000000-0000-0000-0000-0000002EE25C}
F{00000000-0000-0000-0000-00000009E1AA}
F{00000000-0000-0000-0000-0000002819B0}
F{00000000-0000-0000-0000-00000032E859}
F{00000000-0000-0000-0000-0000000EC5C1}
F{00000000-0000-0000-0000-0000000EFCD0}
F{00000000-0000-0000-0000-00000027D4C7}
F{00000000-0000-0000-0000-000000137696}
T{00000000-0000-0000-0000-00000009E1DD}
F{00000000-0000-0000-0000-0000002796A4}
F{00000000-0000-0000-0000-0000001369DE}
T{00000000-0000-0000-0000-0000000ABD11}
F{00000000-0000-0000-0000-0000001AF5B8}
F{00000000-0000-0000-0000-0000000DF706}
F{00000000-0000-0000-0000-0000002651AC}
F{00000000-0000-0000-0000-000000125A54}
F{00000000-0000-0000-0000-000000222774}
T{00000000-0000-0000-0000-00000031EBC3}
F{00000000-0000-0000-0000-000000273493}
F{00000000-0000-0000-0000-000000263B6B}
F{00000000-0000-0000-0000-000000122D0D}
F{00000000-0000-0000-0000-000000028B7A}
F{00000000-0000-0000-0000-000000180A8A}
F{00000000-0000-0000-0000-0000000EB1C4}
T{00000000-0000-0000-0000-00000011FF45}
F{00000000-0000-0000-0000-0000000C0A21}
F{00000000-0000-0000-0000-00000011FA5C}
F{00000000-0000-0000-0000-0000000F9C6B}
F{00000000-0000-0000-0000-00000009BAD7}
F{00000000-0000-0000-0000-00000030D202}
T{00000000-0000-0000-0000-00000030D999}
F{00000000-0000-0000-0000-0000001A8886}
F{00000000-0000-0000-0000-000000227154}
F{00000000-0000-0000-0000-000000146C13}
F{00000000-0000-0000-0000-0000001FFDD7}
F{00000000-0000-0000-0000-0000000358BE}
F{00000000-0000-0000-0000-00000032A5BB}
F{00000000-0000-0000-0000-0000002FA3FA}
F{00000000-0000-0000-0000-0000002001DC}
T{00000000-0000-0000-0000-000000039287}
F{00000000-0000-0000-0000-00000024D577}
T{00000000-0000-0000-0000-00000024D561}
F{00000000-0000-0000-0000-00000024D4B0}
T{00000000-0000-0000-0000-0000002EAD0F}
T{00000000-0000-0000-0000-0000002E9D5F}
F{00000000-0000-0000-0000-0000000E6E55}
F{00000000-0000-0000-0000-0000001187A9}
F{00000000-0000-0000-0000-0000000A5B30}
T{00000000-0000-0000-0000-00000016D448}
T{00000000-0000-0000-0000-00000017BAF9}
F{00000000-0000-0000-0000-0000001FFE57}
F{00000000-0000-0000-0000-00000005EF6E}
F{00000000-0000-0000-0000-00000016EF7B}
F{00000000-0000-0000-0000-00000016EE88}
F{00000000-0000-0000-0000-000000053322}
T{00000000-0000-0000-0000-000000053A0F}
F{00000000-0000-0000-0000-0000002DCB69}
F{00000000-0000-0000-0000-0000000A7716}
F{00000000-0000-0000-0000-0000002A9CF7}
F{00000000-0000-0000-0000-000000230FED}
F{00000000-0000-0000-0000-00000019EB21}
F{00000000-0000-0000-0000-0000000EB1FB}
T{00000000-0000-0000-0000-0000002D5281}
T{00000000-0000-0000-0000-0000000A9687}
F{00000000-0000-0000-0000-0000002FF8E1}
F{00000000-0000-0000-0000-00000014652A}
F{00000000-0000-0000-0000-00000016979A}
F{00000000-0000-0000-0000-0000000A9F0E}
T{00000000-0000-0000-0000-0000000D9506}
T{00000000-0000-0000-0000-000000083C07}
F{00000000-0000-0000-0000-00000022236F}
T{00000000-0000-0000-0000-00000017BAF8}
F{00000000-0000-0000-0000-000000152F96}
F{00000000-0000-0000-0000-0000002DC9A5}
F{00000000-0000-0000-0000-000000165C7D}
F{00000000-0000-0000-0000-00000031ED05}
F{00000000-0000-0000-0000-0000002BB1FE}
F{00000000-0000-0000-0000-000000218CCC}
T{00000000-0000-0000-0000-000000060E54}
F{00000000-0000-0000-0000-0000002C6D1C}
F{00000000-0000-0000-0000-0000000618DF}
F{00000000-0000-0000-0000-00000032FBFC}
F{00000000-0000-0000-0000-0000002C532B}
F{00000000-0000-0000-0000-00000022633F}
F{00000000-0000-0000-0000-000000077309}
F{00000000-0000-0000-0000-0000000ADF8A}
T{00000000-0000-0000-0000-0000000A0913}
F{00000000-0000-0000-0000-0000000C5B68}
T{00000000-0000-0000-0000-00000015CAE7}
F{00000000-0000-0000-0000-000000180E2E}
F{00000000-0000-0000-0000-0000001A3598}
F{00000000-0000-0000-0000-0000002C78DE}
T{00000000-0000-0000-0000-0000001AC033}
T{00000000-0000-0000-0000-00000013E733}
F{00000000-0000-0000-0000-000000128932}
T{00000000-0000-0000-0000-0000000FA4B3}
T{00000000-0000-0000-0000-000000205269}
T{00000000-0000-0000-0000-000000091F10}
F{00000000-0000-0000-0000-0000002DA425}
T{00000000-0000-0000-0000-00000000E324}
T{00000000-0000-0000-0000-00000017358C}
T{00000000-0000-0000-0000-000000333277}
T{00000000-0000-0000-0000-00000010F98C}
F{00000000-0000-0000-0000-0000001FD913}
F{00000000-0000-0000-0000-0000000A2DD3}
T{00000000-0000-0000-0000-000000335C46}
T{00000000-0000-0000-0000-0000000BF8F2}
T{00000000-0000-0000-0000-00000009308F}
F{00000000-0000-0000-0000-00000004A5D9}
T{00000000-0000-0000-0000-0000000BF333}
F{00000000-0000-0000-0000-0000000BBAE5}
T{00000000-0000-0000-0000-000000332B46}
F{00000000-0000-0000-0000-00000026DB04}
F{00000000-0000-0000-0000-0000000DDD88}
F{00000000-0000-0000-0000-00000022178C}
T{00000000-0000-0000-0000-000000259C8D}
T{00000000-0000-0000-0000-0000001D5AD6}
T{00000000-0000-0000-0000-0000002CE45A}
F{00000000-0000-0000-0000-00000013BB66}
F{00000000-0000-0000-0000-0000000F4FE6}
T{00000000-0000-0000-0000-000000060817}
T{00000000-0000-0000-0000-00000016B9B3}
T{00000000-0000-0000-0000-00000030FFAB}
T{00000000-0000-0000-0000-0000000349AE}
T{00000000-0000-0000-0000-000000325ECE}
T{00000000-0000-0000-0000-0000000554DA}
T{00000000-0000-0000-0000-0000002FA1D4}
T{00000000-0000-0000-0000-0000002ECC14}
T{00000000-0000-0000-0000-00000024296B}
F{00000000-0000-0000-0000-00000009D454}
T{00000000-0000-0000-0000-000000141F4F}
T{00000000-0000-0000-0000-00000012A78D}
F{00000000-0000-0000-0000-0000001D26F3}
F{00000000-0000-0000-0000-0000000DA78A}
T{00000000-0000-0000-0000-00000032AF95}
T{00000000-0000-0000-0000-00000032AD40}
T{00000000-0000-0000-0000-000000232284}
T{00000000-0000-0000-0000-000000075977}
T{00000000-0000-0000-0000-000000129A38}
T{00000000-0000-0000-0000-00000002DE79}
T{00000000-0000-0000-0000-0000001771DC}
T{00000000-0000-0000-0000-0000000B74D4}
T{00000000-0000-0000-0000-0000001987B5}
T{00000000-0000-0000-0000-00000002DA37}
T{00000000-0000-0000-0000-00000025E0BE}
T{00000000-0000-0000-0000-000000271DD9}
T{00000000-0000-0000-0000-000000266752}
T{00000000-0000-0000-0000-000000326D54}
F{00000000-0000-0000-0000-0000000970F1}
F{00000000-0000-0000-0000-00000032BB6B}
T{00000000-0000-0000-0000-00000002AFE6}
T{00000000-0000-0000-0000-00000023B6EB}
T{00000000-0000-0000-0000-00000005C5D6}
F{00000000-0000-0000-0000-0000000C5488}
T{00000000-0000-0000-0000-00000020F52B}
T{00000000-0000-0000-0000-00000030E1FC}
T{00000000-0000-0000-0000-0000002EC37B}
T{00000000-0000-0000-0000-0000000AAC87}
T{00000000-0000-0000-0000-0000000AE1E0}
F{00000000-0000-0000-0000-00000005250C}
F{00000000-0000-0000-0000-0000002789C7}
T{00000000-0000-0000-0000-0000002D073A}
T{00000000-0000-0000-0000-000000122E88}
F{00000000-0000-0000-0000-0000002ADB4F}
T{00000000-0000-0000-0000-0000002E4CBC}
T{00000000-0000-0000-0000-000000202124}
T{00000000-0000-0000-0000-0000000D8B86}
F{00000000-0000-0000-0000-0000000EB2FC}
T{00000000-0000-0000-0000-0000002BB56B}
T{00000000-0000-0000-0000-0000000D6338}
T{00000000-0000-0000-0000-000000066E27}
T{00000000-0000-0000-0000-0000001027A2}
T{00000000-0000-0000-0000-0000000296BC}
F{00000000-0000-0000-0000-00000010215D}
F{00000000-0000-0000-0000-000000209B8E}
F{00000000-0000-0000-0000-000000109F0A}
F{00000000-0000-0000-0000-0000001DE733}
T{00000000-0000-0000-0000-0000000E4264}
T{00000000-0000-0000-0000-00000032E413}
T{00000000-0000-0000-0000-00000010C4BF}
F{00000000-0000-0000-0000-000000245C0C}
T{00000000-0000-0000-0000-000000171C2F}
F{00000000-0000-0000-0000-000000171CAA}
T{00000000-0000-0000-0000-000000289E7A}
T{00000000-0000-0000-0000-0000000DAC95}
T{00000000-0000-0000-0000-000000232A87}
T{00000000-0000-0000-0000-000000210B04}
F{00000000-0000-0000-0000-00000014AEB7}
T{00000000-0000-0000-0000-0000002DABEA}
F{00000000-0000-0000-0000-00000009D428}
F{00000000-0000-0000-0000-0000000A5792}
T{00000000-0000-0000-0000-0000002892F7}
F{00000000-0000-0000-0000-0000002C4EFE}
T{00000000-0000-0000-0000-000000202A48}
T{00000000-0000-0000-0000-00000021E439}
T{00000000-0000-0000-0000-0000000F1694}
T{00000000-0000-0000-0000-00000000E405}
T{00000000-0000-0000-0000-00000005394F}
T{00000000-0000-0000-0000-00000026195A}
T{00000000-0000-0000-0000-000000027CAD}
F{00000000-0000-0000-0000-0000001297F9}
T{00000000-0000-0000-0000-00000033AE67}
F{00000000-0000-0000-0000-00000003E599}
T{00000000-0000-0000-0000-0000002B39CA}
T{00000000-0000-0000-0000-0000000CE209}
T{00000000-0000-0000-0000-000000062309}
T{00000000-0000-0000-0000-00000023B257}
T{00000000-0000-0000-0000-000000138954}
T{00000000-0000-0000-0000-000000002A6D}
T{00000000-0000-0000-0000-0000000F09BC}
T{00000000-0000-0000-0000-0000002B25E1}
T{00000000-0000-0000-0000-0000000E96D9}
F{00000000-0000-0000-0000-00000007C25E}
T{00000000-0000-0000-0000-000000119E20}
T{00000000-0000-0000-0000-000000283290}
T{00000000-0000-0000-0000-0000002B1FB1}
F{00000000-0000-0000-0000-000000083408}
F{00000000-0000-0000-0000-000000223CFB}
F{00000000-0000-0000-0000-00000016BA6A}
T{00000000-0000-0000-0000-00000029631A}
T{00000000-0000-0000-0000-0000000FE49E}
T{00000000-0000-0000-0000-000000182131}
T{00000000-0000-0000-0000-0000000F0495}
F{00000000-0000-0000-0000-0000002B054E}
T{00000000-0000-0000-0000-00000032FABB}
F{00000000-0000-0000-0000-000000263D12}
F{00000000-0000-0000-0000-0000002CACBC}
T{00000000-0000-0000-0000-000000157E17}
T{00000000-0000-0000-0000-0000000FA768}
F{00000000-0000-0000-0000-000000138B76}
T{00000000-0000-0000-0000-00000031F8CE}
T{00000000-0000-0000-0000-000000275CB8}
F{00000000-0000-0000-0000-000000335CAB}
F{00000000-0000-0000-0000-00000013C356}
T{00000000-0000-0000-0000-0000000445F0}
F{00000000-0000-0000-0000-0000002C299F}
T{00000000-0000-0000-0000-0000001579E0}
T{00000000-0000-0000-0000-00000030BCFD}
F{00000000-0000-0000-0000-00000031840C}
F{00000000-0000-0000-0000-0000002BA651}
T{00000000-0000-0000-0000-0000002B0488}
T{00000000-0000-0000-0000-0000002D47FB}
T{00000000-0000-0000-0000-0000000B1764}
T{00000000-0000-0000-0000-0000001C6616}
T{00000000-0000-0000-0000-000000008C7C}
F{00000000-0000-0000-0000-0000002CAD87}
T{00000000-0000-0000-0000-0000001FAE7B}
T{00000000-0000-0000-0000-000000090229}
T{00000000-0000-0000-0000-000000274F31}
T{00000000-0000-0000-0000-00000001FA50}
T{00000000-0000-0000-0000-00000009EF12}
T{00000000-0000-0000-0000-000000071831}
T{00000000-0000-0000-0000-000000137A5B}
T{00000000-0000-0000-0000-0000002A7AE1}
F{00000000-0000-0000-0000-00000013794F}
T{00000000-0000-0000-0000-000000170039}
T{00000000-0000-0000-0000-00000011B276}
T{00000000-0000-0000-0000-0000002D2D23}
T{00000000-0000-0000-0000-0000002F5553}
F{00000000-0000-0000-0000-0000000BBAF7}
F{00000000-0000-0000-0000-000000063A84}
F{00000000-0000-0000-0000-0000002A47D9}
T{00000000-0000-0000-0000-00000002BB0D}
F{00000000-0000-0000-0000-0000002A93E5}
F{00000000-0000-0000-0000-0000000A9334}
T{00000000-0000-0000-0000-0000001BC924}
T{00000000-0000-0000-0000-000000322082}
T{00000000-0000-0000-0000-000000212064}
T{00000000-0000-0000-0000-00000029169E}
T{00000000-0000-0000-0000-0000000D41C8}
F{00000000-0000-0000-0000-0000000AE099}
F{00000000-0000-0000-0000-0000002B9CA9}
T{00000000-0000-0000-0000-000000122EA0}
T{00000000-0000-0000-0000-0000001EED11}
T{00000000-0000-0000-0000-0000002A7A85}
F{00000000-0000-0000-0000-0000000929D8}
T{00000000-0000-0000-0000-00000003973E}
F{00000000-0000-0000-0000-0000000840E9}
T{00000000-0000-0000-0000-0000002F7ECA}
T{00000000-0000-0000-0000-000000170E83}
T{00000000-0000-0000-0000-000000265BB6}
T{00000000-0000-0000-0000-00000007E9F2}
T{00000000-0000-0000-0000-0000002A4C0B}
T{00000000-0000-0000-0000-0000001DBF7D}
T{00000000-0000-0000-0000-0000001EB38B}
F{00000000-0000-0000-0000-000000235C6F}
T{00000000-0000-0000-0000-0000000360C8}
T{00000000-0000-0000-0000-000000247885}
T{00000000-0000-0000-0000-00000006DB00}
T{00000000-0000-0000-0000-0000002FC3D8}
F{00000000-0000-0000-0000-000000245B1C}
T{00000000-0000-0000-0000-000000265E2E}
T{00000000-0000-0000-0000-0000001D9D0E}
T{00000000-0000-0000-0000-000000222434}
T{00000000-0000-0000-0000-000000259C4C}
T{00000000-0000-0000-0000-0000001B1CC2}
T{00000000-0000-0000-0000-0000001366D8}
T{00000000-0000-0000-0000-00000032E57F}
T{00000000-0000-0000-0000-00000010EEFB}
F{00000000-0000-0000-0000-0000000B0D42}
T{00000000-0000-0000-0000-000000210D9F}
F{00000000-0000-0000-0000-000000324745}
T{00000000-0000-0000-0000-0000000BF913}
T{00000000-0000-0000-0000-0000002ADAF8}
T{00000000-0000-0000-0000-0000003053C8}
F{00000000-0000-0000-0000-000000231277}
F{00000000-0000-0000-0000-00000014AC98}
T{00000000-0000-0000-0000-000000105E82}
F{00000000-0000-0000-0000-0000002FE035}
T{00000000-0000-0000-0000-00000006F94E}
T{00000000-0000-0000-0000-0000002FF3C4}
F{00000000-0000-0000-0000-000000220F56}
T{00000000-0000-0000-0000-000000253CAB}
T{00000000-0000-0000-0000-000000218333}
T{00000000-0000-0000-0000-0000003019AD}
T{00000000-0000-0000-0000-0000001818B0}
T{00000000-0000-0000-0000-0000000FA7A4}
F{00000000-0000-0000-0000-000000106A2C}
T{00000000-0000-0000-0000-00000029BCB7}
T{00000000-0000-0000-0000-0000001DC985}
F{00000000-0000-0000-0000-000000304116}
T{00000000-0000-0000-0000-0000000FA7D1}
F{00000000-0000-0000-0000-0000000ADB6D}
T{00000000-0000-0000-0000-0000003244F3}
T{00000000-0000-0000-0000-000000155322}
T{00000000-0000-0000-0000-0000003062C5}
F{00000000-0000-0000-0000-0000001DB186}
T{00000000-0000-0000-0000-0000002A84E7}
T{00000000-0000-0000-0000-00000020C017}
T{00000000-0000-0000-0000-00000031E4BF}
T{00000000-0000-0000-0000-0000002157C5}
T{00000000-0000-0000-0000-000000133301}
T{00000000-0000-0000-0000-0000002099FA}
F{00000000-0000-0000-0000-0000002216E6}
T{00000000-0000-0000-0000-00000001A081}
T{00000000-0000-0000-0000-00000019603B}
T{00000000-0000-0000-0000-0000000DAF33}
F{00000000-0000-0000-0000-0000002167C1}
T{00000000-0000-0000-0000-000000130A01}
T{00000000-0000-0000-0000-0000000124D4}
T{00000000-0000-0000-0000-00000019F7DE}
F{00000000-0000-0000-0000-00000026C360}
T{00000000-0000-0000-0000-000000134138}
T{00000000-0000-0000-0000-00000012F492}
T{00000000-0000-0000-0000-00000032E4D5}
T{00000000-0000-0000-0000-0000002F8F4A}
T{00000000-0000-0000-0000-00000004857A}
F{00000000-0000-0000-0000-0000002AA866}
F{00000000-0000-0000-0000-00000032B96F}
T{00000000-0000-0000-0000-000000015FC7}
T{00000000-0000-0000-0000-0000001DCEC2}
T{00000000-0000-0000-0000-00000026611E}
T{00000000-0000-0000-0000-000000294121}
T{00000000-0000-0000-0000-000000238FCF}
F{00000000-0000-0000-0000-0000002BFFD7}
T{00000000-0000-0000-0000-0000002E0997}
T{00000000-0000-0000-0000-0000001C2198}
F{00000000-0000-0000-0000-0000001379ED}
T{00000000-0000-0000-0000-0000002416A6}
T{00000000-0000-0000-0000-000000169E5F}
T{00000000-0000-0000-0000-0000002EBBF8}
T{00000000-0000-0000-0000-00000004CD16}
T{00000000-0000-0000-0000-00000020B0E5}
T{00000000-0000-0000-0000-000000049EE2}
T{00000000-0000-0000-0000-0000001593A2}
T{00000000-0000-0000-0000-000000226CD1}
T{00000000-0000-0000-0000-00000024956C}
F{00000000-0000-0000-0000-000000219E6D}
T{00000000-0000-0000-0000-00000010AB19}
T{00000000-0000-0000-0000-0000002D26B3}
F{00000000-0000-0000-0000-0000002C9942}
T{00000000-0000-0000-0000-00000010B8D8}
T{00000000-0000-0000-0000-000000048743}
T{00000000-0000-0000-0000-0000000D3D3C}
T{00000000-0000-0000-0000-0000000AF7F1}
T{00000000-0000-0000-0000-0000002ECC93}
T{00000000-0000-0000-0000-0000002ECCD4}
T{00000000-0000-0000-0000-0000002F5359}
F{00000000-0000-0000-0000-0000000AB664}
T{00000000-0000-0000-0000-000000080B29}
F{00000000-0000-0000-0000-00000011A66A}
T{00000000-0000-0000-0000-0000001FE575}
T{00000000-0000-0000-0000-00000010A260}
T{00000000-0000-0000-0000-0000000E0FE9}
F{00000000-0000-0000-0000-00000006E673}
F{00000000-0000-0000-0000-00000024BF14}
T{00000000-0000-0000-0000-0000001FC2E5}
F{00000000-0000-0000-0000-0000002EDFFA}
F{00000000-0000-0000-0000-00000031BA6F}
T{00000000-0000-0000-0000-0000000D9C20}
T{00000000-0000-0000-0000-00000020F108}
T{00000000-0000-0000-0000-0000001D36F1}
T{00000000-0000-0000-0000-0000002F005C}
T{00000000-0000-0000-0000-000000086B51}
T{00000000-0000-0000-0000-000000178789}
T{00000000-0000-0000-0000-0000002F22C8}
T{00000000-0000-0000-0000-000000251884}
T{00000000-0000-0000-0000-000000178CFF}
T{00000000-0000-0000-0000-00000022362F}
T{00000000-0000-0000-0000-00000009748A}
T{00000000-0000-0000-0000-00000005FEC5}
T{00000000-0000-0000-0000-0000002F5A0A}
F{00000000-0000-0000-0000-0000000FD49A}
T{00000000-0000-0000-0000-00000003D38D}
T{00000000-0000-0000-0000-00000008A7D5}
T{00000000-0000-0000-0000-0000002A8531}
F{00000000-0000-0000-0000-0000000B07ED}
T{00000000-0000-0000-0000-0000002A8313}
T{00000000-0000-0000-0000-00000011E7AD}
T{00000000-0000-0000-0000-0000000C498D}
T{00000000-0000-0000-0000-0000001E8634}
T{00000000-0000-0000-0000-0000001EA9F1}
T{00000000-0000-0000-0000-0000000B08BD}
T{00000000-0000-0000-0000-0000000CC211}
T{00000000-0000-0000-0000-0000000FC474}
T{00000000-0000-0000-0000-000000083BCE}
F{00000000-0000-0000-0000-0000002361B7}
T{00000000-0000-0000-0000-00000014D989}
T{00000000-0000-0000-0000-0000000FBEBA}
T{00000000-0000-0000-0000-00000008AB1F}
T{00000000-0000-0000-0000-0000000E641C}
T{00000000-0000-0000-0000-00000021050F}
T{00000000-0000-0000-0000-00000021D06D}
F{00000000-0000-0000-0000-00000008DF2C}
T{00000000-0000-0000-0000-0000002553E5}
T{00000000-0000-0000-0000-00000010DFF6}
F{00000000-0000-0000-0000-00000008AA1A}
F{00000000-0000-0000-0000-000000303C41}
T{00000000-0000-0000-0000-000000020671}
T{00000000-0000-0000-0000-0000000AD8D3}
T{00000000-0000-0000-0000-000000253960}
T{00000000-0000-0000-0000-0000001441F5}
T{00000000-0000-0000-0000-0000002A7A55}
T{00000000-0000-0000-0000-0000000290CC}
T{00000000-0000-0000-0000-000000263A5F}
T{00000000-0000-0000-0000-0000002C60BC}
T{00000000-0000-0000-0000-000000103F45}
T{00000000-0000-0000-0000-0000003136C1}
T{00000000-0000-0000-0000-0000001BAE84}
T{00000000-0000-0000-0000-000000090D66}
T{00000000-0000-0000-0000-0000001A8051}
F{00000000-0000-0000-0000-000000263C74}
T{00000000-0000-0000-0000-0000002FDBA4}
T{00000000-0000-0000-0000-000000031C4F}
T{00000000-0000-0000-0000-00000033245B}
T{00000000-0000-0000-0000-0000002CFE90}
T{00000000-0000-0000-0000-0000002DC2FA}
T{00000000-0000-0000-0000-0000000D99AD}
T{00000000-0000-0000-0000-0000002FBA0A}
T{00000000-0000-0000-0000-00000031F8C0}
F{00000000-0000-0000-0000-00000032016B}
T{00000000-0000-0000-0000-00000013D4AE}
T{00000000-0000-0000-0000-00000003668E}
T{00000000-0000-0000-0000-000000022F81}
T{00000000-0000-0000-0000-0000002461C3}
T{00000000-0000-0000-0000-000000173265}
T{00000000-0000-0000-0000-0000002C1B8A}
T{00000000-0000-0000-0000-00000029E4DD}
F{00000000-0000-0000-0000-0000002FEC1E}
T{00000000-0000-0000-0000-0000000BBDBF}
T{00000000-0000-0000-0000-00000006343D}
T{00000000-0000-0000-0000-0000001D3D6A}
F{00000000-0000-0000-0000-0000002CD9CB}
T{00000000-0000-0000-0000-0000002C1AFE}
F{00000000-0000-0000-0000-000000245F5D}
T{00000000-0000-0000-0000-000000276E31}
F{00000000-0000-0000-0000-00000032E6F6}
F{00000000-0000-0000-0000-00000006193F}
T{00000000-0000-0000-0000-000000336743}
T{00000000-0000-0000-0000-000000029C3C}
T{00000000-0000-0000-0000-00000029B45D}
T{00000000-0000-0000-0000-00000029A3FF}
T{00000000-0000-0000-0000-000000119719}
T{00000000-0000-0000-0000-0000000E6457}
T{00000000-0000-0000-0000-000000002050}
F{00000000-0000-0000-0000-0000000B1E17}
T{00000000-0000-0000-0000-000000144EAF}
T{00000000-0000-0000-0000-0000000316F0}
T{00000000-0000-0000-0000-0000001F2BCD}
T{00000000-0000-0000-0000-0000001023C0}
T{00000000-0000-0000-0000-0000001B86E1}
T{00000000-0000-0000-0000-000000199CE5}
T{00000000-0000-0000-0000-0000000E38AD}
T{00000000-0000-0000-0000-0000000A9AE5}
T{00000000-0000-0000-0000-00000026030F}
T{00000000-0000-0000-0000-00000023F83A}
F{00000000-0000-0000-0000-0000002FA47F}
T{00000000-0000-0000-0000-00000029DF30}
T{00000000-0000-0000-0000-000000282BD0}
T{00000000-0000-0000-0000-000000145C77}
T{00000000-0000-0000-0000-00000000B4E0}
T{00000000-0000-0000-0000-0000000C9E7C}
T{00000000-0000-0000-0000-000000163172}
T{00000000-0000-0000-0000-000000265B79}
T{00000000-0000-0000-0000-000000163440}
T{00000000-0000-0000-0000-000000097D94}
T{00000000-0000-0000-0000-000000278538}
T{00000000-0000-0000-0000-00000012B1D2}
T{00000000-0000-0000-0000-0000001AAC6D}
T{00000000-0000-0000-0000-00000001C0DA}
F{00000000-0000-0000-0000-000000275B8E}
T{00000000-0000-0000-0000-00000032B38C}
T{00000000-0000-0000-0000-00000029B0B6}
T{00000000-0000-0000-0000-000000106A56}
T{00000000-0000-0000-0000-000000171396}
T{00000000-0000-0000-0000-0000001A8EBD}
T{00000000-0000-0000-0000-000000019236}
T{00000000-0000-0000-0000-0000002DB481}
T{00000000-0000-0000-0000-0000000567C5}
F{00000000-0000-0000-0000-000000148332}
T{00000000-0000-0000-0000-00000000CC8F}
F{00000000-0000-0000-0000-0000002CDE1F}
T{00000000-0000-0000-0000-00000017E663}
F{00000000-0000-0000-0000-00000013B91E}
T{00000000-0000-0000-0000-00000013BA26}
F{00000000-0000-0000-0000-0000002D4F1C}
T{00000000-0000-0000-0000-00000033E209}
T{00000000-0000-0000-0000-00000033E0FB}
T{00000000-0000-0000-0000-00000033DDF4}
T{00000000-0000-0000-0000-00000033C6A6}
T{00000000-0000-0000-0000-00000033C127}
T{00000000-0000-0000-0000-0000001204AC}
T{00000000-0000-0000-0000-00000033AF04}
T{00000000-0000-0000-0000-00000033AE9F}
T{00000000-0000-0000-0000-00000033AE7C}
T{00000000-0000-0000-0000-00000033AE79}
T{00000000-0000-0000-0000-000000234BEA}
T{00000000-0000-0000-0000-00000033A9DE}
T{00000000-0000-0000-0000-000000339F1B}
T{00000000-0000-0000-0000-00000011FE7F}
T{00000000-0000-0000-0000-000000339822}
T{00000000-0000-0000-0000-00000011FAAD}
T{00000000-0000-0000-0000-0000003394A4}
T{00000000-0000-0000-0000-00000023D1EE}
T{00000000-0000-0000-0000-0000003365C2}
T{00000000-0000-0000-0000-000000336361}
T{00000000-0000-0000-0000-0000003361CE}
T{00000000-0000-0000-0000-000000336110}
T{00000000-0000-0000-0000-000000335ECE}
T{00000000-0000-0000-0000-000000335E40}
T{00000000-0000-0000-0000-00000011EAE1}
T{00000000-0000-0000-0000-00000011EAA7}
T{00000000-0000-0000-0000-000000335D62}
T{00000000-0000-0000-0000-0000003359F8}
T{00000000-0000-0000-0000-0000001D850A}
T{00000000-0000-0000-0000-000000335636}
T{00000000-0000-0000-0000-000000335262}
T{00000000-0000-0000-0000-0000001D498E}
T{00000000-0000-0000-0000-00000011E97B}
T{00000000-0000-0000-0000-000000334D03}
F{00000000-0000-0000-0000-0000002768FA}
T{00000000-0000-0000-0000-00000033397C}
T{00000000-0000-0000-0000-000000333529}
T{00000000-0000-0000-0000-00000011E7D4}
T{00000000-0000-0000-0000-00000011DB6D}
T{00000000-0000-0000-0000-000000332365}
T{00000000-0000-0000-0000-000000332107}
F{00000000-0000-0000-0000-0000002B60AE}
T{00000000-0000-0000-0000-00000011D8AC}
T{00000000-0000-0000-0000-00000033172F}
T{00000000-0000-0000-0000-00000011D5A2}
T{00000000-0000-0000-0000-000000331151}
T{00000000-0000-0000-0000-0000003150EC}
T{00000000-0000-0000-0000-0000003355E8}
T{00000000-0000-0000-0000-000000330CDF}
T{00000000-0000-0000-0000-00000011BB02}
T{00000000-0000-0000-0000-00000011B46F}
T{00000000-0000-0000-0000-0000003300DB}
T{00000000-0000-0000-0000-00000011B26F}
T{00000000-0000-0000-0000-00000032FFD9}
T{00000000-0000-0000-0000-00000011AA6D}
T{00000000-0000-0000-0000-0000001F07B8}
T{00000000-0000-0000-0000-00000032F66F}
T{00000000-0000-0000-0000-00000011A9C4}
T{00000000-0000-0000-0000-0000001A1AEA}
T{00000000-0000-0000-0000-0000001719E9}
T{00000000-0000-0000-0000-000000119FB4}
T{00000000-0000-0000-0000-00000032E3F3}
T{00000000-0000-0000-0000-00000032DF90}
T{00000000-0000-0000-0000-00000032DE4B}
T{00000000-0000-0000-0000-00000032DD9E}
T{00000000-0000-0000-0000-00000032D98E}
T{00000000-0000-0000-0000-000000119488}
T{00000000-0000-0000-0000-00000032D262}
T{00000000-0000-0000-0000-00000013AEDD}
T{00000000-0000-0000-0000-00000032D11A}
T{00000000-0000-0000-0000-00000011927D}
T{00000000-0000-0000-0000-00000032BF45}
T{00000000-0000-0000-0000-00000032BEB2}
T{00000000-0000-0000-0000-00000032BB22}
T{00000000-0000-0000-0000-000000167113}
T{00000000-0000-0000-0000-000000118322}
T{00000000-0000-0000-0000-000000144EA0}
T{00000000-0000-0000-0000-00000011734E}
T{00000000-0000-0000-0000-00000032A5FE}
T{00000000-0000-0000-0000-000000116F14}
T{00000000-0000-0000-0000-000000116A55}
T{00000000-0000-0000-0000-00000032A2A3}
T{00000000-0000-0000-0000-000000116200}
T{00000000-0000-0000-0000-000000329FF6}
T{00000000-0000-0000-0000-000000115D63}
T{00000000-0000-0000-0000-000000329B21}
T{00000000-0000-0000-0000-00000011565E}
T{00000000-0000-0000-0000-000000114F6A}
T{00000000-0000-0000-0000-0000003290C5}
T{00000000-0000-0000-0000-00000011450A}
T{00000000-0000-0000-0000-000000327A68}
T{00000000-0000-0000-0000-00000011267B}
