F{00000000-0000-0000-0000-0000000EF5E7}
T{00000000-0000-0000-0000-0000000EF5E7}
T{00000000-0000-0000-0000-00000032B96F}
T{00000000-0000-0000-0000-000000324F3F}
T{00000000-0000-0000-0000-000000324745}
F{00000000-0000-0000-0000-000000320A01}
T{00000000-0000-0000-0000-000000304116}
T{00000000-0000-0000-0000-000000303C41}
T{00000000-0000-0000-0000-00000032A5BB}
T{00000000-0000-0000-0000-0000002FE035}
T{00000000-0000-0000-0000-0000002F6B7B}
T{00000000-0000-0000-0000-0000002EDFFA}
T{00000000-0000-0000-0000-0000002D4F1C}
T{00000000-0000-0000-0000-0000002CDE1F}
T{00000000-0000-0000-0000-0000002CD9CB}
F{00000000-0000-0000-0000-0000002CD6C8}
T{00000000-0000-0000-0000-0000002C9942}
T{00000000-0000-0000-0000-0000002C532B}
T{00000000-0000-0000-0000-0000002BFFD7}
F{00000000-0000-0000-0000-0000002BDF68}
T{00000000-0000-0000-0000-0000002B7C23}
F{00000000-0000-0000-0000-0000002B60DE}
T{00000000-0000-0000-0000-0000002B054E}
T{00000000-0000-0000-0000-00000031BA6F}
T{00000000-0000-0000-0000-0000002AD098}
T{00000000-0000-0000-0000-0000002AAA36}
F{00000000-0000-0000-0000-0000002A93E5}
T{00000000-0000-0000-0000-0000002A02EE}
T{00000000-0000-0000-0000-0000002ACE76}
T{00000000-0000-0000-0000-00000028CA92}
T{00000000-0000-0000-0000-0000002897F9}
T{00000000-0000-0000-0000-00000032016B}
T{00000000-0000-0000-0000-0000002C299F}
T{00000000-0000-0000-0000-0000002796A4}
T{00000000-0000-0000-0000-000000275B8E}
T{00000000-0000-0000-0000-00000026DB04}
T{00000000-0000-0000-0000-00000026C360}
T{00000000-0000-0000-0000-00000026A6D4}
T{00000000-0000-0000-0000-0000002CACBC}
T{00000000-0000-0000-0000-000000263D12}
T{00000000-0000-0000-0000-000000263C74}
T{00000000-0000-0000-0000-000000263B6B}
T{00000000-0000-0000-0000-00000032BB6B}
F{00000000-0000-0000-0000-00000025E580}
T{00000000-0000-0000-0000-00000024D577}
T{00000000-0000-0000-0000-00000024D4B0}
T{00000000-0000-0000-0000-00000024D328}
F{00000000-0000-0000-0000-00000031840C}
F{00000000-0000-0000-0000-00000024BF14}
T{00000000-0000-0000-0000-000000245C0C}
T{00000000-0000-0000-0000-000000231277}
T{00000000-0000-0000-0000-00000022236F}
F{00000000-0000-0000-0000-000000220F56}
T{00000000-0000-0000-0000-000000254816}
F{00000000-0000-0000-0000-0000002C4EFE}
T{00000000-0000-0000-0000-000000209B8E}
T{00000000-0000-0000-0000-000000219E6D}
T{00000000-0000-0000-0000-0000002BDEA2}
T{00000000-0000-0000-0000-000000223CFB}
T{00000000-0000-0000-0000-000000235C6F}
T{00000000-0000-0000-0000-0000001DB186}
T{00000000-0000-0000-0000-0000002DA425}
T{00000000-0000-0000-0000-0000001D699A}
T{00000000-0000-0000-0000-0000001D26F3}
T{00000000-0000-0000-0000-000000245F5D}
T{00000000-0000-0000-0000-0000001B4BD8}
T{00000000-0000-0000-0000-0000001AF5B8}
T{00000000-0000-0000-0000-0000001A891E}
T{00000000-0000-0000-0000-0000001C7E16}
F{00000000-0000-0000-0000-0000002167C1}
T{00000000-0000-0000-0000-000000227154}
T{00000000-0000-0000-0000-000000180772}
T{00000000-0000-0000-0000-0000002A47D9}
F{00000000-0000-0000-0000-000000171CAA}
T{00000000-0000-0000-0000-00000016EF7B}
T{00000000-0000-0000-0000-0000002D4795}
T{00000000-0000-0000-0000-00000016979A}
F{00000000-0000-0000-0000-0000001DE733}
T{00000000-0000-0000-0000-000000169CBC}
T{00000000-0000-0000-0000-00000014BCF0}
T{00000000-0000-0000-0000-00000014AC98}
T{00000000-0000-0000-0000-000000148332}
T{00000000-0000-0000-0000-00000014AEB7}
T{00000000-0000-0000-0000-000000138B76}
T{00000000-0000-0000-0000-0000002EE25C}
T{00000000-0000-0000-0000-00000013C356}
T{00000000-0000-0000-0000-00000013794F}
T{00000000-0000-0000-0000-000000137696}
F{00000000-0000-0000-0000-0000001369DE}
F{00000000-0000-0000-0000-0000001FD913}
F{00000000-0000-0000-0000-000000125A54}
T{00000000-0000-0000-0000-000000122D0D}
T{00000000-0000-0000-0000-000000180A8A}
T{00000000-0000-0000-0000-00000013BB66}
T{00000000-0000-0000-0000-0000002768FA}
F{00000000-0000-0000-0000-0000002B60AE}
F{00000000-0000-0000-0000-00000011A66A}
F{00000000-0000-0000-0000-0000001FFE57}
T{00000000-0000-0000-0000-000000111E00}
T{00000000-0000-0000-0000-000000165C7D}
T{00000000-0000-0000-0000-000000335CAB}
T{00000000-0000-0000-0000-000000109F0A}
T{00000000-0000-0000-0000-0000000FD49A}
T{00000000-0000-0000-0000-0000000FC3AA}
T{00000000-0000-0000-0000-0000002FA47F}
T{00000000-0000-0000-0000-0000000F3587}
F{00000000-0000-0000-0000-0000000EF5E7}
T{00000000-0000-0000-0000-00000022178C}
T{00000000-0000-0000-0000-0000000EB2FC}
T{00000000-0000-0000-0000-0000000EB1C4}
F{00000000-0000-0000-0000-0000000E6E55}
T{00000000-0000-0000-0000-000000103C79}
T{00000000-0000-0000-0000-00000014652A}
F{00000000-0000-0000-0000-0000000E15DD}
T{00000000-0000-0000-0000-000000244890}
T{00000000-0000-0000-0000-0000000DDD88}
T{00000000-0000-0000-0000-0000000DA78A}
T{00000000-0000-0000-0000-000000146C13}
F{00000000-0000-0000-0000-0000002591DD}
T{00000000-0000-0000-0000-00000013B91E}
T{00000000-0000-0000-0000-0000001A3598}
T{00000000-0000-0000-0000-000000272805}
T{00000000-0000-0000-0000-0000000EE00F}
T{00000000-0000-0000-0000-0000001AE83E}
T{00000000-0000-0000-0000-00000029B017}
F{00000000-0000-0000-0000-0000001379ED}
T{00000000-0000-0000-0000-0000000C5B68}
T{00000000-0000-0000-0000-0000000C5488}
T{00000000-0000-0000-0000-0000000C439B}
T{00000000-0000-0000-0000-0000000C42D4}
T{00000000-0000-0000-0000-0000002F16BE}
F{00000000-0000-0000-0000-0000000C0A21}
T{00000000-0000-0000-0000-00000021F6AA}
T{00000000-0000-0000-0000-000000146BA0}
F{00000000-0000-0000-0000-0000002216E6}
T{00000000-0000-0000-0000-0000000BD989}
T{00000000-0000-0000-0000-0000000BCE16}
T{00000000-0000-0000-0000-0000001DCCD0}
F{00000000-0000-0000-0000-0000000BBBC1}
T{00000000-0000-0000-0000-0000000BBAE5}
F{00000000-0000-0000-0000-0000000CE9C4}
T{00000000-0000-0000-0000-0000000B1E17}
T{00000000-0000-0000-0000-0000000F70F3}
T{00000000-0000-0000-0000-0000000B0D42}
F{00000000-0000-0000-0000-0000000B07ED}
T{00000000-0000-0000-0000-0000000AE577}
T{00000000-0000-0000-0000-0000000AE237}
T{00000000-0000-0000-0000-0000000ADF8A}
T{00000000-0000-0000-0000-0000000ADCC9}
T{00000000-0000-0000-0000-0000000ADB6D}
T{00000000-0000-0000-0000-0000002DC9A5}
T{00000000-0000-0000-0000-000000152F96}
F{00000000-0000-0000-0000-0000000AB664}
F{00000000-0000-0000-0000-0000001297F9}
T{00000000-0000-0000-0000-0000000AA748}
T{00000000-0000-0000-0000-0000000A9F0E}
F{00000000-0000-0000-0000-0000000A9334}
F{00000000-0000-0000-0000-0000002A9CF7}
T{00000000-0000-0000-0000-0000000A7716}
T{00000000-0000-0000-0000-0000000A6DE9}
T{00000000-0000-0000-0000-0000000A6D84}
T{00000000-0000-0000-0000-0000000A5B30}
F{00000000-0000-0000-0000-0000000A5792}
T{00000000-0000-0000-0000-0000000A3CCC}
T{00000000-0000-0000-0000-0000002AD2A1}
T{00000000-0000-0000-0000-0000000A2DD3}
T{00000000-0000-0000-0000-0000000A0871}
T{00000000-0000-0000-0000-0000002BA651}
T{00000000-0000-0000-0000-0000000DF706}
T{00000000-0000-0000-0000-00000009E1AA}
F{00000000-0000-0000-0000-0000002AA866}
F{00000000-0000-0000-0000-00000009D454}
F{00000000-0000-0000-0000-0000000C29E6}
F{00000000-0000-0000-0000-000000177B49}
T{00000000-0000-0000-0000-00000009D2DB}
T{00000000-0000-0000-0000-00000009BCC6}
T{00000000-0000-0000-0000-00000009A044}
T{00000000-0000-0000-0000-0000001464E5}
F{00000000-0000-0000-0000-00000029C08B}
F{00000000-0000-0000-0000-0000000970F1}
T{00000000-0000-0000-0000-0000002946BB}
T{00000000-0000-0000-0000-00000022F9B8}
T{00000000-0000-0000-0000-00000026F01D}
T{00000000-0000-0000-0000-0000000D9F5F}
T{00000000-0000-0000-0000-0000000DA5C4}
T{00000000-0000-0000-0000-000000128932}
T{00000000-0000-0000-0000-0000001E3995}
F{00000000-0000-0000-0000-00000008DF2C}
F{00000000-0000-0000-0000-00000008C1DE}
T{00000000-0000-0000-0000-0000000BDF18}
F{00000000-0000-0000-0000-00000008AA1A}
T{00000000-0000-0000-0000-000000295694}
T{00000000-0000-0000-0000-000000088CF0}
T{00000000-0000-0000-0000-0000000F0E97}
F{00000000-0000-0000-0000-0000002361B7}
T{00000000-0000-0000-0000-00000018025C}
T{00000000-0000-0000-0000-0000000D3A09}
T{00000000-0000-0000-0000-0000000840E9}
T{00000000-0000-0000-0000-000000087468}
T{00000000-0000-0000-0000-000000110D6E}
T{00000000-0000-0000-0000-0000002D71D6}
T{00000000-0000-0000-0000-0000002179E5}
F{00000000-0000-0000-0000-00000006FA7E}
F{00000000-0000-0000-0000-00000006E673}
T{00000000-0000-0000-0000-0000001021AA}
T{00000000-0000-0000-0000-000000098996}
T{00000000-0000-0000-0000-000000192C47}
T{00000000-0000-0000-0000-0000002C78DE}
T{00000000-0000-0000-0000-00000021E588}
T{00000000-0000-0000-0000-000000180E2E}
F{00000000-0000-0000-0000-0000002ADB4F}
T{00000000-0000-0000-0000-00000006524D}
T{00000000-0000-0000-0000-000000210241}
T{00000000-0000-0000-0000-000000063A84}
T{00000000-0000-0000-0000-000000077309}
T{00000000-0000-0000-0000-00000006193F}
T{00000000-0000-0000-0000-000000106300}
T{00000000-0000-0000-0000-0000000618DF}
T{00000000-0000-0000-0000-0000002B20EF}
F{00000000-0000-0000-0000-0000002BB1FE}
T{00000000-0000-0000-0000-00000031ED05}
T{00000000-0000-0000-0000-0000002EFB03}
T{00000000-0000-0000-0000-00000005E3F4}
T{00000000-0000-0000-0000-00000008CB54}
T{00000000-0000-0000-0000-0000001249B2}
T{00000000-0000-0000-0000-00000028980F}
T{00000000-0000-0000-0000-0000002789C7}
T{00000000-0000-0000-0000-0000002AB719}
T{00000000-0000-0000-0000-0000002FF8E1}
T{00000000-0000-0000-0000-00000009042B}
T{00000000-0000-0000-0000-0000000EB1FB}
T{00000000-0000-0000-0000-00000019EB21}
T{00000000-0000-0000-0000-00000005A714}
F{00000000-0000-0000-0000-000000053322}
F{00000000-0000-0000-0000-00000005250C}
F{00000000-0000-0000-0000-0000002380FC}
T{00000000-0000-0000-0000-00000006923C}
F{00000000-0000-0000-0000-00000005EF6E}
T{00000000-0000-0000-0000-00000010215D}
T{00000000-0000-0000-0000-00000007C25E}
T{00000000-0000-0000-0000-000000251E83}
T{00000000-0000-0000-0000-00000010598A}
T{00000000-0000-0000-0000-0000002CAD87}
T{00000000-0000-0000-0000-00000020CF55}
T{00000000-0000-0000-0000-0000002B9CA9}
F{00000000-0000-0000-0000-0000000929D8}
T{00000000-0000-0000-0000-0000002001DC}
T{00000000-0000-0000-0000-00000016DEE7}
F{00000000-0000-0000-0000-0000000358BE}
F{00000000-0000-0000-0000-000000106A2C}
F{00000000-0000-0000-0000-0000002FEC1E}
T{00000000-0000-0000-0000-00000004A5D9}
T{00000000-0000-0000-0000-0000001A8886}
T{00000000-0000-0000-0000-0000000F4FE6}
T{00000000-0000-0000-0000-00000009BAD7}
T{00000000-0000-0000-0000-0000000F9C6B}
T{00000000-0000-0000-0000-00000011D6C2}
T{00000000-0000-0000-0000-00000022F0AA}
F{00000000-0000-0000-0000-00000009D428}
T{00000000-0000-0000-0000-000000028B7A}
T{00000000-0000-0000-0000-00000003E599}
T{00000000-0000-0000-0000-000000243F1C}
F{00000000-0000-0000-0000-000000020F85}
F{00000000-0000-0000-0000-000000222774}
T{00000000-0000-0000-0000-00000001C42B}
T{00000000-0000-0000-0000-00000012AF34}
F{00000000-0000-0000-0000-0000000AE099}
T{00000000-0000-0000-0000-00000007E3BE}
T{00000000-0000-0000-0000-00000008179C}
F{00000000-0000-0000-0000-000000018C66}
T{00000000-0000-0000-0000-00000033629C}
T{00000000-0000-0000-0000-000000099302}
F{00000000-0000-0000-0000-000000012582}
F{00000000-0000-0000-0000-000000062238}
F{00000000-0000-0000-0000-0000002C418E}
F{00000000-0000-0000-0000-000000030FAE}
T{00000000-0000-0000-0000-00000005FF3F}
F{00000000-0000-0000-0000-00000003496E}
F{00000000-0000-0000-0000-000000060468}
T{00000000-0000-0000-0000-0000000A8C33}
T{00000000-0000-0000-0000-00000000D3F0}
F{00000000-0000-0000-0000-00000025482D}
F{00000000-0000-0000-0000-000000245B1C}
T{00000000-0000-0000-0000-0000000C5D03}
F{00000000-0000-0000-0000-0000000BBAF7}
T{00000000-0000-0000-0000-000000219EFE}
T{00000000-0000-0000-0000-00000032E6F6}
T{00000000-0000-0000-0000-000000099D5D}
T{00000000-0000-0000-0000-00000032E859}
T{00000000-0000-0000-0000-000000007910}
F{00000000-0000-0000-0000-0000000876F9}
T{00000000-0000-0000-0000-000000029DB2}
T{00000000-0000-0000-0000-00000026A490}
T{00000000-0000-0000-0000-000000041E64}
F{00000000-0000-0000-0000-00000016BA6A}
T{00000000-0000-0000-0000-000000083408}
F{00000000-0000-0000-0000-00000005EE69}
T{00000000-0000-0000-0000-0000002CEF50}
T{00000000-0000-0000-0000-0000001672E1}
T{00000000-0000-0000-0000-00000026F01D}
T{00000000-0000-0000-0000-0000000EF5E7}
F{00000000-0000-0000-0000-0000000E15DD}
T{00000000-0000-0000-0000-000000030FAE}
T{00000000-0000-0000-0000-0000000A8C33}
F{00000000-0000-0000-0000-000000320A01}
F{00000000-0000-0000-0000-0000002CD6C8}
F{00000000-0000-0000-0000-0000002B60DE}
F{00000000-0000-0000-0000-00000006FA7E}
F{00000000-0000-0000-0000-00000025E580}
F{00000000-0000-0000-0000-000000111E00}
F{00000000-0000-0000-0000-000000018C66}
T{00000000-0000-0000-0000-00000009D2DB}
F{00000000-0000-0000-0000-00000008C1DE}
T{00000000-0000-0000-0000-0000002BDF68}
T{00000000-0000-0000-0000-00000011D6C2}
F{00000000-0000-0000-0000-00000005EE69}
T{00000000-0000-0000-0000-0000002AB719}
F{00000000-0000-0000-0000-0000002591DD}
T{00000000-0000-0000-0000-000000028B7A}
T{00000000-0000-0000-0000-0000000E6E55}
T{00000000-0000-0000-0000-0000000A7716}
T{00000000-0000-0000-0000-0000000C5B68}
F{00000000-0000-0000-0000-0000002BB1FE}
F{00000000-0000-0000-0000-000000060468}
F{00000000-0000-0000-0000-00000003496E}
F{00000000-0000-0000-0000-0000000AE099}
F{00000000-0000-0000-0000-0000002A9CF7}
T{00000000-0000-0000-0000-00000021F6AA}
F{00000000-0000-0000-0000-000000062238}
T{00000000-0000-0000-0000-00000014652A}
F{00000000-0000-0000-0000-00000029C08B}
F{00000000-0000-0000-0000-000000106A2C}
F{00000000-0000-0000-0000-000000222774}
T{00000000-0000-0000-0000-000000177B49}
T{00000000-0000-0000-0000-000000125A54}
T{00000000-0000-0000-0000-00000004A5D9}
F{00000000-0000-0000-0000-0000000C29E6}
F{00000000-0000-0000-0000-0000002C418E}
F{00000000-0000-0000-0000-0000000358BE}
T{00000000-0000-0000-0000-0000002001DC}
T{00000000-0000-0000-0000-0000001297F9}
F{00000000-0000-0000-0000-0000001DB186}
F{00000000-0000-0000-0000-00000005EF6E}
T{00000000-0000-0000-0000-00000009D428}
