F{00000000-0000-0000-0000-00000011A66A}
F{00000000-0000-0000-0000-00000024BF14}
T{00000000-0000-0000-0000-000000062238}
F{00000000-0000-0000-0000-000000220F56}
F{00000000-0000-0000-0000-0000002167C1}
F{00000000-0000-0000-0000-0000002C4EFE}
F{00000000-0000-0000-0000-000000171CAA}
F{00000000-0000-0000-0000-00000029C08B}
F{00000000-0000-0000-0000-0000002A9CF7}
F{00000000-0000-0000-0000-00000005EE69}
F{00000000-0000-0000-0000-0000001FD913}
F{00000000-0000-0000-0000-0000002B60AE}
F{00000000-0000-0000-0000-0000000358BE}
T{00000000-0000-0000-0000-0000001DE733}
F{00000000-0000-0000-0000-0000001FFE57}
F{00000000-0000-0000-0000-0000002C418E}
F{00000000-0000-0000-0000-0000000C0A21}
F{00000000-0000-0000-0000-0000002A93E5}
F{00000000-0000-0000-0000-00000025E580}
F{00000000-0000-0000-0000-00000011A66A}
T{00000000-0000-0000-0000-00000024BF14}
T{00000000-0000-0000-0000-000000062238}
T{00000000-0000-0000-0000-000000220F56}
F{00000000-0000-0000-0000-0000002167C1}
T{00000000-0000-0000-0000-0000002C4EFE}
T{00000000-0000-0000-0000-000000171CAA}
F{00000000-0000-0000-0000-00000029C08B}
F{00000000-0000-0000-0000-0000002A9CF7}
F{00000000-0000-0000-0000-00000005EE69}
T{00000000-0000-0000-0000-0000001FD913}
T{00000000-0000-0000-0000-0000002B60AE}
T{00000000-0000-0000-0000-0000000358BE}
T{00000000-0000-0000-0000-0000001DE733}
T{00000000-0000-0000-0000-0000001FFE57}
F{00000000-0000-0000-0000-0000002C418E}
T{00000000-0000-0000-0000-0000000C0A21}
T{00000000-0000-0000-0000-0000002A93E5}
F{00000000-0000-0000-0000-00000025E580}
F{00000000-0000-0000-0000-0000002ADB4F}
T{00000000-0000-0000-0000-0000000929D8}
T{00000000-0000-0000-0000-0000001DE733}
T{00000000-0000-0000-0000-00000009D428}
T{00000000-0000-0000-0000-0000002BB1FE}
T{00000000-0000-0000-0000-000000171CAA}
F{00000000-0000-0000-0000-0000000EF5E7}
T{00000000-0000-0000-0000-0000001A891E}
T{00000000-0000-0000-0000-0000000A0871}
T{00000000-0000-0000-0000-000000106A2C}
T{00000000-0000-0000-0000-00000032E859}
T{00000000-0000-0000-0000-0000002D4F1C}
T{00000000-0000-0000-0000-00000032B96F}
T{00000000-0000-0000-0000-000000177B49}
F{00000000-0000-0000-0000-0000000B07ED}
F{00000000-0000-0000-0000-00000025E580}
F{00000000-0000-0000-0000-0000002C418E}
T{00000000-0000-0000-0000-0000000AB664}
T{00000000-0000-0000-0000-00000006FA7E}
F{00000000-0000-0000-0000-000000245B1C}
T{00000000-0000-0000-0000-000000030FAE}
T{00000000-0000-0000-0000-0000000BBBC1}
T{00000000-0000-0000-0000-00000029C08B}
T{00000000-0000-0000-0000-0000001369DE}
T{00000000-0000-0000-0000-000000063A84}
T{00000000-0000-0000-0000-0000002C4EFE}
T{00000000-0000-0000-0000-0000000FD49A}
T{00000000-0000-0000-0000-000000137696}
T{00000000-0000-0000-0000-0000000A5792}
T{00000000-0000-0000-0000-0000000BBAE5}
T{00000000-0000-0000-0000-00000025482D}
T{00000000-0000-0000-0000-0000001FD913}
T{00000000-0000-0000-0000-000000020F85}
T{00000000-0000-0000-0000-0000000AE099}
F{00000000-0000-0000-0000-0000002167C1}
T{00000000-0000-0000-0000-0000002BDF68}
T{00000000-0000-0000-0000-0000000F4FE6}
T{00000000-0000-0000-0000-000000053322}
T{00000000-0000-0000-0000-000000125A54}
T{00000000-0000-0000-0000-0000002591DD}
T{00000000-0000-0000-0000-00000008C1DE}
F{00000000-0000-0000-0000-00000008AA1A}
T{00000000-0000-0000-0000-00000009A044}
T{00000000-0000-0000-0000-0000000C29E6}
F{00000000-0000-0000-0000-00000008DF2C}
F{00000000-0000-0000-0000-00000009D454}
F{00000000-0000-0000-0000-00000006E673}
F{00000000-0000-0000-0000-00000011A66A}
F{00000000-0000-0000-0000-0000002B60DE}
F{00000000-0000-0000-0000-00000016979A}
T{00000000-0000-0000-0000-00000022F9B8}
T{00000000-0000-0000-0000-0000002FEC1E}
F{00000000-0000-0000-0000-00000005250C}
T{00000000-0000-0000-0000-000000219E6D}
F{00000000-0000-0000-0000-0000000970F1}
F{00000000-0000-0000-0000-00000024D577}
F{00000000-0000-0000-0000-00000005EE69}
T{00000000-0000-0000-0000-00000013B91E}
F{00000000-0000-0000-0000-0000002A9CF7}
T{00000000-0000-0000-0000-0000001297F9}
T{00000000-0000-0000-0000-0000000618DF}
T{00000000-0000-0000-0000-00000026A490}
T{00000000-0000-0000-0000-00000005EF6E}
F{00000000-0000-0000-0000-000000222774}
T{00000000-0000-0000-0000-0000000E15DD}
F{00000000-0000-0000-0000-000000220F56}
T{00000000-0000-0000-0000-00000032E6F6}
T{00000000-0000-0000-0000-0000000358BE}
T{00000000-0000-0000-0000-0000002361B7}
T{00000000-0000-0000-0000-000000111E00}
T{00000000-0000-0000-0000-0000000876F9}
F{00000000-0000-0000-0000-000000062238}
T{00000000-0000-0000-0000-0000002B60AE}
T{00000000-0000-0000-0000-000000148332}
T{00000000-0000-0000-0000-0000000F3587}
T{00000000-0000-0000-0000-0000002AA866}
T{00000000-0000-0000-0000-0000001DB186}
F{00000000-0000-0000-0000-000000018C66}
T{00000000-0000-0000-0000-0000000C5B68}
T{00000000-0000-0000-0000-000000209B8E}
F{00000000-0000-0000-0000-0000000BBAF7}
T{00000000-0000-0000-0000-00000024BF14}
T{00000000-0000-0000-0000-0000002216E6}
F{00000000-0000-0000-0000-0000001379ED}
T{00000000-0000-0000-0000-00000024D328}
F{00000000-0000-0000-0000-000000012582}
T{00000000-0000-0000-0000-0000000A9334}
F{00000000-0000-0000-0000-00000016BA6A}
F{00000000-0000-0000-0000-0000001FFE57}
T{00000000-0000-0000-0000-0000000C0A21}
T{00000000-0000-0000-0000-0000000CE9C4}
T{00000000-0000-0000-0000-0000002A93E5}
T{00000000-0000-0000-0000-00000031840C}
F{00000000-0000-0000-0000-0000002380FC}
T{00000000-0000-0000-0000-00000013C356}
T{00000000-0000-0000-0000-0000000E6E55}
T{00000000-0000-0000-0000-000000077309}
T{00000000-0000-0000-0000-0000000DDD88}
T{00000000-0000-0000-0000-00000005EE69}
F{00000000-0000-0000-0000-00000025E580}
F{00000000-0000-0000-0000-0000002C418E}
T{00000000-0000-0000-0000-00000009D454}
T{00000000-0000-0000-0000-000000062238}
T{00000000-0000-0000-0000-0000000BBAF7}
T{00000000-0000-0000-0000-00000029C08B}
T{00000000-0000-0000-0000-000000245B1C}
T{00000000-0000-0000-0000-0000000C0A21}
F{00000000-0000-0000-0000-0000001FFE57}
T{00000000-0000-0000-0000-0000002A9CF7}
T{00000000-0000-0000-0000-0000000358BE}
T{00000000-0000-0000-0000-0000001FD913}
T{00000000-0000-0000-0000-0000002A93E5}
F{00000000-0000-0000-0000-0000000970F1}
F{00000000-0000-0000-0000-00000008AA1A}
F{00000000-0000-0000-0000-00000024BF14}
T{00000000-0000-0000-0000-00000011A66A}
T{00000000-0000-0000-0000-000000220F56}
T{00000000-0000-0000-0000-0000002C4EFE}
F{00000000-0000-0000-0000-00000005250C}
T{00000000-0000-0000-0000-000000171CAA}
F{00000000-0000-0000-0000-0000002ADB4F}
T{00000000-0000-0000-0000-0000001DE733}
F{00000000-0000-0000-0000-00000016BA6A}
F{00000000-0000-0000-0000-00000008DF2C}
T{00000000-0000-0000-0000-0000002FEC1E}
T{00000000-0000-0000-0000-0000002167C1}
T{00000000-0000-0000-0000-0000001379ED}
T{00000000-0000-0000-0000-0000000B07ED}
F{00000000-0000-0000-0000-00000006E673}
T{00000000-0000-0000-0000-00000026C3A1}
T{00000000-0000-0000-0000-00000031433A}
T{00000000-0000-0000-0000-000000320CA0}
T{00000000-0000-0000-0000-000000072ADD}
T{00000000-0000-0000-0000-000000304874}
T{00000000-0000-0000-0000-00000000B6BA}
T{00000000-0000-0000-0000-000000335DC2}
T{00000000-0000-0000-0000-000000335DBD}
T{00000000-0000-0000-0000-0000001003FD}
T{00000000-0000-0000-0000-000000296A75}
T{00000000-0000-0000-0000-0000000589A0}
T{00000000-0000-0000-0000-0000002596A5}
T{00000000-0000-0000-0000-00000023767B}
T{00000000-0000-0000-0000-000000023D58}
T{00000000-0000-0000-0000-00000016CF3F}
T{00000000-0000-0000-0000-0000000EBF05}
T{00000000-0000-0000-0000-000000089818}
T{00000000-0000-0000-0000-000000009735}
T{00000000-0000-0000-0000-0000000D860F}
T{00000000-0000-0000-0000-0000001E4CB1}
T{00000000-0000-0000-0000-0000003334D3}
T{00000000-0000-0000-0000-000000114493}
T{00000000-0000-0000-0000-00000031849E}
T{00000000-0000-0000-0000-00000000A5A9}
T{00000000-0000-0000-0000-00000020A982}
T{00000000-0000-0000-0000-00000009C51B}
T{00000000-0000-0000-0000-00000006D342}
T{00000000-0000-0000-0000-00000000A78C}
T{00000000-0000-0000-0000-000000331555}
T{00000000-0000-0000-0000-000000330CF3}
T{00000000-0000-0000-0000-00000006CB6D}
T{00000000-0000-0000-0000-0000000D8BEA}
T{00000000-0000-0000-0000-0000003305B7}
T{00000000-0000-0000-0000-0000003302FC}
T{00000000-0000-0000-0000-0000000619EB}
T{00000000-0000-0000-0000-00000008DF2C}
T{00000000-0000-0000-0000-0000000EF5E7}
T{00000000-0000-0000-0000-00000024D577}
T{00000000-0000-0000-0000-000000018C66}
T{00000000-0000-0000-0000-0000002B60DE}
T{00000000-0000-0000-0000-00000005EE69}
T{00000000-0000-0000-0000-000000222774}
T{00000000-0000-0000-0000-00000016979A}
T{00000000-0000-0000-0000-000000111BB4}
T{00000000-0000-0000-0000-0000001FFE57}
F{00000000-0000-0000-0000-0000002ADB4F}
T{00000000-0000-0000-0000-0000002380FC}
T{00000000-0000-0000-0000-00000024BF14}
T{00000000-0000-0000-0000-000000301C8E}
T{00000000-0000-0000-0000-0000002C1301}
T{00000000-0000-0000-0000-00000009BBA0}
T{00000000-0000-0000-0000-00000000E673}
T{00000000-0000-0000-0000-0000001491E0}
T{00000000-0000-0000-0000-00000014A2CB}
T{00000000-0000-0000-0000-0000000BDB9E}
T{00000000-0000-0000-0000-0000001EC473}
T{00000000-0000-0000-0000-000000126939}
T{00000000-0000-0000-0000-00000009EEF6}
T{00000000-0000-0000-0000-00000006E9D8}
F{00000000-0000-0000-0000-0000001FFE57}
T{00000000-0000-0000-0000-00000024D577}
T{00000000-0000-0000-0000-00000005EE69}
T{00000000-0000-0000-0000-0000002B60DE}
T{00000000-0000-0000-0000-000000111BB4}
T{00000000-0000-0000-0000-0000002ADB4F}
T{00000000-0000-0000-0000-000000018C66}
T{00000000-0000-0000-0000-0000002A893B}
T{00000000-0000-0000-0000-000000306463}
T{00000000-0000-0000-0000-0000001F3681}
T{00000000-0000-0000-0000-0000000101CA}
F{00000000-0000-0000-0000-00000009066B}
T{00000000-0000-0000-0000-000000321B4A}
T{00000000-0000-0000-0000-000000211054}
T{00000000-0000-0000-0000-00000000E734}
T{00000000-0000-0000-0000-000000100F68}
T{00000000-0000-0000-0000-0000000BB9D4}
T{00000000-0000-0000-0000-00000029E7C7}
T{00000000-0000-0000-0000-00000009964D}
T{00000000-0000-0000-0000-00000022E1A7}
T{00000000-0000-0000-0000-000000320CD6}
T{00000000-0000-0000-0000-0000000BAC45}
T{00000000-0000-0000-0000-0000002EF826}
T{00000000-0000-0000-0000-000000118960}
T{00000000-0000-0000-0000-000000138E8B}
T{00000000-0000-0000-0000-000000021EB8}
T{00000000-0000-0000-0000-0000002EE799}
T{00000000-0000-0000-0000-000000180941}
T{00000000-0000-0000-0000-00000004404D}
T{00000000-0000-0000-0000-0000000D3BC0}
T{00000000-0000-0000-0000-000000308473}
T{00000000-0000-0000-0000-0000003017AE}
T{00000000-0000-0000-0000-0000001F3390}
T{00000000-0000-0000-0000-00000000DB3C}
T{00000000-0000-0000-0000-00000027FC21}
T{00000000-0000-0000-0000-000000198A61}
T{00000000-0000-0000-0000-0000002FE8E0}
T{00000000-0000-0000-0000-000000132504}
T{00000000-0000-0000-0000-0000001A6729}
T{00000000-0000-0000-0000-00000007718A}
T{00000000-0000-0000-0000-00000032746C}
T{00000000-0000-0000-0000-0000000E55CB}
T{00000000-0000-0000-0000-0000001BE854}
T{00000000-0000-0000-0000-000000093C0F}
T{00000000-0000-0000-0000-000000177BC0}
T{00000000-0000-0000-0000-0000002ED048}
T{00000000-0000-0000-0000-00000006C895}
T{00000000-0000-0000-0000-00000031AEB2}
T{00000000-0000-0000-0000-0000000F169B}
T{00000000-0000-0000-0000-00000006CE94}
T{00000000-0000-0000-0000-0000000D66A3}
T{00000000-0000-0000-0000-0000002FCCCD}
T{00000000-0000-0000-0000-00000000513B}
T{00000000-0000-0000-0000-0000000BABDA}
T{00000000-0000-0000-0000-0000000A6CD0}
T{00000000-0000-0000-0000-00000008AA1A}
T{00000000-0000-0000-0000-000000012582}
T{00000000-0000-0000-0000-0000000970F1}
T{00000000-0000-0000-0000-00000006E673}
T{00000000-0000-0000-0000-00000025E580}
F{00000000-0000-0000-0000-0000002C418E}
F{00000000-0000-0000-0000-00000008DF2C}
T{00000000-0000-0000-0000-00000005250C}
F{00000000-0000-0000-0000-00000016BA6A}
F{00000000-0000-0000-0000-0000002ADB4F}
T{00000000-0000-0000-0000-00000008AA1A}
T{00000000-0000-0000-0000-000000012582}
T{00000000-0000-0000-0000-0000000970F1}
T{00000000-0000-0000-0000-00000006E673}
F{00000000-0000-0000-0000-00000025E580}
T{00000000-0000-0000-0000-0000002C418E}
F{00000000-0000-0000-0000-00000008DF2C}
T{00000000-0000-0000-0000-00000005250C}
F{00000000-0000-0000-0000-00000016BA6A}
F{00000000-0000-0000-0000-0000002ADB4F}
T{00000000-0000-0000-0000-0000001369DE}
T{00000000-0000-0000-0000-0000000AE099}
T{00000000-0000-0000-0000-0000000BBAF7}
T{00000000-0000-0000-0000-00000025482D}
T{00000000-0000-0000-0000-0000000BBBC1}
T{00000000-0000-0000-0000-0000000EF5E7}
T{00000000-0000-0000-0000-0000002AA866}
T{00000000-0000-0000-0000-00000031840C}
F{00000000-0000-0000-0000-0000002B60DE}
T{00000000-0000-0000-0000-0000000929D8}
T{00000000-0000-0000-0000-0000002A9CF7}
T{00000000-0000-0000-0000-0000002FEC1E}
T{00000000-0000-0000-0000-000000222774}
T{00000000-0000-0000-0000-0000001DB186}
T{00000000-0000-0000-0000-000000012582}
T{00000000-0000-0000-0000-0000000A9334}
T{00000000-0000-0000-0000-000000137696}
T{00000000-0000-0000-0000-000000106A2C}
T{00000000-0000-0000-0000-0000002C418E}
F{00000000-0000-0000-0000-000000018C66}
T{00000000-0000-0000-0000-0000000A5792}
T{00000000-0000-0000-0000-0000000AB664}
T{00000000-0000-0000-0000-0000002BB1FE}
T{00000000-0000-0000-0000-00000022F9B8}
F{00000000-0000-0000-0000-0000001FFE57}
T{00000000-0000-0000-0000-00000008AA1A}
T{00000000-0000-0000-0000-0000000E15DD}
T{00000000-0000-0000-0000-00000024BF14}
T{00000000-0000-0000-0000-0000000CE9C4}
T{00000000-0000-0000-0000-00000005250C}
T{00000000-0000-0000-0000-0000002361B7}
T{00000000-0000-0000-0000-0000000970F1}
F{00000000-0000-0000-0000-00000016BA6A}
T{00000000-0000-0000-0000-0000000BBAE5}
T{00000000-0000-0000-0000-00000016979A}
T{00000000-0000-0000-0000-000000220F56}
T{00000000-0000-0000-0000-000000062238}
T{00000000-0000-0000-0000-0000001379ED}
T{00000000-0000-0000-0000-00000011A66A}
F{00000000-0000-0000-0000-0000002ADB4F}
T{00000000-0000-0000-0000-0000000876F9}
T{00000000-0000-0000-0000-0000000B07ED}
T{00000000-0000-0000-0000-0000000E6E55}
T{00000000-0000-0000-0000-0000002167C1}
T{00000000-0000-0000-0000-0000002D4F1C}
T{00000000-0000-0000-0000-000000020F85}
T{00000000-0000-0000-0000-00000005EE69}
T{00000000-0000-0000-0000-00000009D454}
T{00000000-0000-0000-0000-00000025E580}
T{00000000-0000-0000-0000-000000111E00}
T{00000000-0000-0000-0000-000000245B1C}
F{00000000-0000-0000-0000-00000024D577}
T{00000000-0000-0000-0000-0000002B60AE}
F{00000000-0000-0000-0000-0000002380FC}
T{00000000-0000-0000-0000-00000006E673}
T{00000000-0000-0000-0000-00000006FA7E}
T{00000000-0000-0000-0000-0000000C5B68}
T{00000000-0000-0000-0000-0000000FD49A}
T{00000000-0000-0000-0000-00000029C08B}
T{00000000-0000-0000-0000-00000024D328}
F{00000000-0000-0000-0000-00000008DF2C}
T{00000000-0000-0000-0000-000000053322}
T{00000000-0000-0000-0000-0000002216E6}
T{00000000-0000-0000-0000-00000025E580}
T{00000000-0000-0000-0000-0000002C418E}
T{00000000-0000-0000-0000-00000008AA1A}
T{00000000-0000-0000-0000-0000000970F1}
T{00000000-0000-0000-0000-00000005250C}
T{00000000-0000-0000-0000-0000002ADB4F}
F{00000000-0000-0000-0000-00000016BA6A}
T{00000000-0000-0000-0000-00000006E673}
T{00000000-0000-0000-0000-00000008DF2C}
T{00000000-0000-0000-0000-0000000056FC}
T{00000000-0000-0000-0000-00000000EC9E}
T{00000000-0000-0000-0000-0000002EF799}
T{00000000-0000-0000-0000-000000005759}
T{00000000-0000-0000-0000-00000000E507}
T{00000000-0000-0000-0000-0000000DF350}
F{00000000-0000-0000-0000-000000111BB4}
T{00000000-0000-0000-0000-0000001E617C}
T{00000000-0000-0000-0000-0000002788AF}
T{00000000-0000-0000-0000-00000001EC85}
T{00000000-0000-0000-0000-000000339E52}
T{00000000-0000-0000-0000-00000023E5B8}
T{00000000-0000-0000-0000-000000223456}
T{00000000-0000-0000-0000-000000005C5C}
T{00000000-0000-0000-0000-00000007C603}
T{00000000-0000-0000-0000-0000002AC4EE}
T{00000000-0000-0000-0000-000000005CDD}
T{00000000-0000-0000-0000-000000131C90}
T{00000000-0000-0000-0000-0000000B3CE8}
T{00000000-0000-0000-0000-0000000D2101}
T{00000000-0000-0000-0000-00000000C36A}
T{00000000-0000-0000-0000-000000006FB6}
T{00000000-0000-0000-0000-000000042023}
T{00000000-0000-0000-0000-0000001FBDD3}
T{00000000-0000-0000-0000-00000011402E}
T{00000000-0000-0000-0000-000000042D20}
T{00000000-0000-0000-0000-00000016BA6A}
F{00000000-0000-0000-0000-0000002380FC}
T{00000000-0000-0000-0000-00000016BA6A}
T{00000000-0000-0000-0000-0000002380FC}
T{00000000-0000-0000-0000-0000002ADB4F}
T{00000000-0000-0000-0000-000000062238}
T{00000000-0000-0000-0000-000000245B1C}
T{00000000-0000-0000-0000-0000001379ED}
T{00000000-0000-0000-0000-0000002167C1}
T{00000000-0000-0000-0000-000000111BB4}
T{00000000-0000-0000-0000-00000024D328}
T{00000000-0000-0000-0000-000000222774}
T{00000000-0000-0000-0000-000000220F56}
T{00000000-0000-0000-0000-0000002A9CF7}
T{00000000-0000-0000-0000-0000000BBAE5}
T{00000000-0000-0000-0000-00000024BF14}
T{00000000-0000-0000-0000-000000137696}
T{00000000-0000-0000-0000-00000011A66A}
T{00000000-0000-0000-0000-0000002D4F1C}
F{00000000-0000-0000-0000-00000005EE69}
T{00000000-0000-0000-0000-00000025E580}
T{00000000-0000-0000-0000-000000018C66}
T{00000000-0000-0000-0000-0000000EF5E7}
T{00000000-0000-0000-0000-00000016979A}
T{00000000-0000-0000-0000-00000009D454}
T{00000000-0000-0000-0000-00000022F9B8}
T{00000000-0000-0000-0000-00000016BA6A}
T{00000000-0000-0000-0000-000000020F85}
F{00000000-0000-0000-0000-0000001FFE57}
T{00000000-0000-0000-0000-0000000FD49A}
T{00000000-0000-0000-0000-0000000E6E55}
T{00000000-0000-0000-0000-0000002380FC}
T{00000000-0000-0000-0000-0000002B60DE}
T{00000000-0000-0000-0000-0000000BBAF7}
T{00000000-0000-0000-0000-0000000C5B68}
T{00000000-0000-0000-0000-00000008DF2C}
F{00000000-0000-0000-0000-00000024D577}
T{00000000-0000-0000-0000-0000000B07ED}
T{00000000-0000-0000-0000-00000016BA6A}
T{00000000-0000-0000-0000-000000282B4D}
T{00000000-0000-0000-0000-0000000A743F}
T{00000000-0000-0000-0000-00000020413D}
T{00000000-0000-0000-0000-0000002F9AF9}
T{00000000-0000-0000-0000-0000002DD7C9}
T{00000000-0000-0000-0000-000000049748}
T{00000000-0000-0000-0000-0000000667EE}
T{00000000-0000-0000-0000-0000000C1C18}
T{00000000-0000-0000-0000-0000002F9A20}
T{00000000-0000-0000-0000-00000005C480}
T{00000000-0000-0000-0000-000000087E59}
T{00000000-0000-0000-0000-0000003372DD}
T{00000000-0000-0000-0000-0000002ADB4F}
T{00000000-0000-0000-0000-00000009066B}
T{00000000-0000-0000-0000-0000001FFE57}
T{00000000-0000-0000-0000-0000001AEBA7}
T{00000000-0000-0000-0000-000000311004}
T{00000000-0000-0000-0000-0000002751AF}
T{00000000-0000-0000-0000-0000000F4992}
T{00000000-0000-0000-0000-0000000CC879}
T{00000000-0000-0000-0000-000000153FDF}
T{00000000-0000-0000-0000-0000000817F6}
T{00000000-0000-0000-0000-0000000CEF83}
T{00000000-0000-0000-0000-0000000DAA4F}
T{00000000-0000-0000-0000-0000000C1E73}
T{00000000-0000-0000-0000-00000021B769}
T{00000000-0000-0000-0000-00000031AA57}
T{00000000-0000-0000-0000-000000222C51}
T{00000000-0000-0000-0000-00000005E440}
T{00000000-0000-0000-0000-000000060586}
T{00000000-0000-0000-0000-00000005EC6A}
T{00000000-0000-0000-0000-00000024B25B}
T{00000000-0000-0000-0000-00000027F64D}
T{00000000-0000-0000-0000-00000030E9C9}
T{00000000-0000-0000-0000-000000301E2B}
T{00000000-0000-0000-0000-0000000F4599}
T{00000000-0000-0000-0000-0000002B9C7A}
T{00000000-0000-0000-0000-0000000F01B1}
T{00000000-0000-0000-0000-000000060D38}
T{00000000-0000-0000-0000-00000025FF03}
T{00000000-0000-0000-0000-0000002F5813}
T{00000000-0000-0000-0000-00000007BDF6}
T{00000000-0000-0000-0000-0000001D1E66}
T{00000000-0000-0000-0000-000000007934}
T{00000000-0000-0000-0000-0000002E9416}
T{00000000-0000-0000-0000-00000032E508}
T{00000000-0000-0000-0000-0000000C9126}
T{00000000-0000-0000-0000-00000026BCC4}
T{00000000-0000-0000-0000-0000000ECF97}
T{00000000-0000-0000-0000-0000000F2076}
T{00000000-0000-0000-0000-0000000277F6}
T{00000000-0000-0000-0000-0000000BDAE1}
T{00000000-0000-0000-0000-00000030BCBF}
F{00000000-0000-0000-0000-00000013D847}
T{00000000-0000-0000-0000-00000030C362}
T{00000000-0000-0000-0000-00000032649C}
T{00000000-0000-0000-0000-00000032624F}
T{00000000-0000-0000-0000-0000000D2E41}
T{00000000-0000-0000-0000-000000010AAA}
T{00000000-0000-0000-0000-00000005F722}
T{00000000-0000-0000-0000-00000014A365}
T{00000000-0000-0000-0000-0000000CBC5A}
T{00000000-0000-0000-0000-0000000E4A01}
T{00000000-0000-0000-0000-0000002FB05B}
T{00000000-0000-0000-0000-000000308665}
T{00000000-0000-0000-0000-0000001BFE67}
T{00000000-0000-0000-0000-0000002D0993}
T{00000000-0000-0000-0000-0000000F5AF9}
T{00000000-0000-0000-0000-0000002D9CFD}
T{00000000-0000-0000-0000-000000313A84}
T{00000000-0000-0000-0000-0000003137FA}
T{00000000-0000-0000-0000-000000323153}
T{00000000-0000-0000-0000-000000107092}
T{00000000-0000-0000-0000-0000003134FD}
T{00000000-0000-0000-0000-000000130738}
T{00000000-0000-0000-0000-000000135494}
T{00000000-0000-0000-0000-0000002D0022}
T{00000000-0000-0000-0000-0000000ED481}
F{00000000-0000-0000-0000-00000026C0C1}
T{00000000-0000-0000-0000-000000312624}
T{00000000-0000-0000-0000-0000002F83F5}
T{00000000-0000-0000-0000-0000000F1109}
T{00000000-0000-0000-0000-0000002E4C9E}
T{00000000-0000-0000-0000-000000269616}
T{00000000-0000-0000-0000-00000030B4B6}
T{00000000-0000-0000-0000-000000289E91}
T{00000000-0000-0000-0000-0000002EB24D}
T{00000000-0000-0000-0000-00000020076D}
T{00000000-0000-0000-0000-00000032DB22}
T{00000000-0000-0000-0000-000000096DFC}
T{00000000-0000-0000-0000-000000097699}
T{00000000-0000-0000-0000-000000098DB8}
T{00000000-0000-0000-0000-000000299934}
T{00000000-0000-0000-0000-0000002485D0}
T{00000000-0000-0000-0000-00000011608D}
T{00000000-0000-0000-0000-00000010CCD9}
T{00000000-0000-0000-0000-00000031D4E2}
T{00000000-0000-0000-0000-0000000CEE35}
T{00000000-0000-0000-0000-0000000C25D6}
T{00000000-0000-0000-0000-00000009A733}
T{00000000-0000-0000-0000-000000271B02}
T{00000000-0000-0000-0000-00000009B3FA}
T{00000000-0000-0000-0000-00000026597F}
T{00000000-0000-0000-0000-00000024E12A}
T{00000000-0000-0000-0000-00000024DA4C}
T{00000000-0000-0000-0000-00000030C0DD}
T{00000000-0000-0000-0000-0000002CE1B8}
T{00000000-0000-0000-0000-0000000E7808}
T{00000000-0000-0000-0000-00000009BE27}
T{00000000-0000-0000-0000-0000000D2613}
T{00000000-0000-0000-0000-00000024C02B}
T{00000000-0000-0000-0000-0000000C1EF0}
T{00000000-0000-0000-0000-000000022B3B}
T{00000000-0000-0000-0000-000000230376}
T{00000000-0000-0000-0000-00000005EE69}
T{00000000-0000-0000-0000-00000024D577}
T{00000000-0000-0000-0000-0000002ADB4F}
T{00000000-0000-0000-0000-0000001FFE57}
T{00000000-0000-0000-0000-00000009066B}
T{00000000-0000-0000-0000-0000000DD911}
T{00000000-0000-0000-0000-00000015C837}
T{00000000-0000-0000-0000-000000245EB4}
T{00000000-0000-0000-0000-0000001153E3}
T{00000000-0000-0000-0000-000000044748}
T{00000000-0000-0000-0000-000000121E50}
T{00000000-0000-0000-0000-000000316644}
T{00000000-0000-0000-0000-00000031640E}
T{00000000-0000-0000-0000-0000000E8860}
T{00000000-0000-0000-0000-00000005F78E}
T{00000000-0000-0000-0000-0000002E6EC8}
T{00000000-0000-0000-0000-0000002E6EA3}
T{00000000-0000-0000-0000-0000002C8BEF}
T{00000000-0000-0000-0000-00000021D6AC}
T{00000000-0000-0000-0000-00000006343F}
T{00000000-0000-0000-0000-000000123030}
