T{00000000-0000-0000-0000-00000024D577}
T{00000000-0000-0000-0000-00000026C0C1}
T{00000000-0000-0000-0000-000000018C66}
T{00000000-0000-0000-0000-00000013D847}
T{00000000-0000-0000-0000-000000111BB4}
T{00000000-0000-0000-0000-0000002B60DE}
T{00000000-0000-0000-0000-00000009066B}
T{00000000-0000-0000-0000-0000002380FC}
T{00000000-0000-0000-0000-00000005EE69}
T{00000000-0000-0000-0000-00000008DF2C}
F{00000000-0000-0000-0000-0000001FFE57}
T{00000000-0000-0000-0000-00000028EC62}
T{00000000-0000-0000-0000-000000070FFB}
T{00000000-0000-0000-0000-00000004864B}
T{00000000-0000-0000-0000-00000016E1D9}
T{00000000-0000-0000-0000-00000016E162}
T{00000000-0000-0000-0000-000000241984}
T{00000000-0000-0000-0000-00000016E093}
T{00000000-0000-0000-0000-000000174513}
T{00000000-0000-0000-0000-0000001D22D2}
T{00000000-0000-0000-0000-00000016D577}
T{00000000-0000-0000-0000-00000007E95A}
T{00000000-0000-0000-0000-0000000CF2D0}
T{00000000-0000-0000-0000-000000048B95}
T{00000000-0000-0000-0000-000000333365}
T{00000000-0000-0000-0000-00000016D079}
T{00000000-0000-0000-0000-0000001EA021}
T{00000000-0000-0000-0000-0000002131BD}
T{00000000-0000-0000-0000-00000026877E}
T{00000000-0000-0000-0000-0000000A896C}
T{00000000-0000-0000-0000-00000022C95C}
T{00000000-0000-0000-0000-0000001DBA67}
T{00000000-0000-0000-0000-0000002E41D2}
T{00000000-0000-0000-0000-000000048DD6}
T{00000000-0000-0000-0000-0000000A8CE4}
T{00000000-0000-0000-0000-00000016BB86}
T{00000000-0000-0000-0000-0000002DD42D}
T{00000000-0000-0000-0000-00000009D671}
T{00000000-0000-0000-0000-000000191AFB}
T{00000000-0000-0000-0000-0000002C7BFD}
T{00000000-0000-0000-0000-0000000A8EF8}
T{00000000-0000-0000-0000-0000002B5FAB}
T{00000000-0000-0000-0000-0000001BF05D}
T{00000000-0000-0000-0000-000000049F92}
T{00000000-0000-0000-0000-00000016B471}
T{00000000-0000-0000-0000-00000016B0D0}
T{00000000-0000-0000-0000-0000000DEB1C}
T{00000000-0000-0000-0000-00000016ADF2}
T{00000000-0000-0000-0000-0000000A908A}
T{00000000-0000-0000-0000-0000000E131D}
T{00000000-0000-0000-0000-00000016A760}
T{00000000-0000-0000-0000-000000321A59}
T{00000000-0000-0000-0000-0000000D5073}
T{00000000-0000-0000-0000-00000016A6B0}
T{00000000-0000-0000-0000-000000120F28}
T{00000000-0000-0000-0000-00000020F58D}
T{00000000-0000-0000-0000-00000014BE69}
T{00000000-0000-0000-0000-000000169FF1}
T{00000000-0000-0000-0000-000000169E95}
T{00000000-0000-0000-0000-0000002B18A4}
T{00000000-0000-0000-0000-00000004A91F}
T{00000000-0000-0000-0000-0000000A911B}
T{00000000-0000-0000-0000-00000004ADEE}
T{00000000-0000-0000-0000-00000019A06B}
T{00000000-0000-0000-0000-00000028544E}
T{00000000-0000-0000-0000-0000000C9116}
T{00000000-0000-0000-0000-00000018B2B3}
T{00000000-0000-0000-0000-00000032F8DF}
T{00000000-0000-0000-0000-00000032F8C0}
T{00000000-0000-0000-0000-0000001685A8}
T{00000000-0000-0000-0000-00000032F5D9}
T{00000000-0000-0000-0000-00000005A43C}
T{00000000-0000-0000-0000-00000032E9B7}
T{00000000-0000-0000-0000-00000032E620}
T{00000000-0000-0000-0000-000000168372}
T{00000000-0000-0000-0000-000000284AAF}
T{00000000-0000-0000-0000-0000001719BD}
T{00000000-0000-0000-0000-0000000F9EC8}
T{00000000-0000-0000-0000-0000000A9CAE}
T{00000000-0000-0000-0000-0000000FA0B1}
T{00000000-0000-0000-0000-000000168037}
T{00000000-0000-0000-0000-0000000DBCB6}
T{00000000-0000-0000-0000-00000032D25A}
T{00000000-0000-0000-0000-0000000BD680}
T{00000000-0000-0000-0000-00000032C032}
T{00000000-0000-0000-0000-0000000F17DD}
T{00000000-0000-0000-0000-000000104730}
T{00000000-0000-0000-0000-000000167B86}
T{00000000-0000-0000-0000-0000001676A2}
T{00000000-0000-0000-0000-0000000AFACB}
T{00000000-0000-0000-0000-00000032B0A7}
T{00000000-0000-0000-0000-0000000C58D5}
T{00000000-0000-0000-0000-0000001674D4}
T{00000000-0000-0000-0000-0000001AC384}
T{00000000-0000-0000-0000-0000001674C5}
T{00000000-0000-0000-0000-00000032A88C}
T{00000000-0000-0000-0000-0000002F41B7}
T{00000000-0000-0000-0000-00000032A359}
T{00000000-0000-0000-0000-00000032A2DE}
T{00000000-0000-0000-0000-000000265D9E}
T{00000000-0000-0000-0000-00000032A1D1}
T{00000000-0000-0000-0000-000000052FAB}
T{00000000-0000-0000-0000-000000329CCA}
T{00000000-0000-0000-0000-0000000BFA99}
T{00000000-0000-0000-0000-00000032998D}
T{00000000-0000-0000-0000-00000016D764}
T{00000000-0000-0000-0000-0000000F705B}
T{00000000-0000-0000-0000-000000335BCA}
T{00000000-0000-0000-0000-0000001670BF}
T{00000000-0000-0000-0000-0000003276E5}
T{00000000-0000-0000-0000-0000001A4030}
T{00000000-0000-0000-0000-000000326DB4}
T{00000000-0000-0000-0000-00000010AC53}
T{00000000-0000-0000-0000-000000325701}
T{00000000-0000-0000-0000-0000000F6E47}
T{00000000-0000-0000-0000-0000001A6636}
T{00000000-0000-0000-0000-000000325BB2}
T{00000000-0000-0000-0000-000000325A85}
T{00000000-0000-0000-0000-0000003258FD}
T{00000000-0000-0000-0000-000000325504}
T{00000000-0000-0000-0000-000000325445}
T{00000000-0000-0000-0000-0000000D0E55}
T{00000000-0000-0000-0000-00000008911A}
T{00000000-0000-0000-0000-000000324F12}
T{00000000-0000-0000-0000-0000001A63ED}
T{00000000-0000-0000-0000-00000032379E}
T{00000000-0000-0000-0000-0000000CF399}
T{00000000-0000-0000-0000-0000003232BF}
T{00000000-0000-0000-0000-00000012F709}
T{00000000-0000-0000-0000-0000000F4E23}
T{00000000-0000-0000-0000-0000003229F7}
T{00000000-0000-0000-0000-0000003226FF}
T{00000000-0000-0000-0000-00000033ADB2}
T{00000000-0000-0000-0000-00000030858D}
T{00000000-0000-0000-0000-000000321BEE}
T{00000000-0000-0000-0000-000000273384}
T{00000000-0000-0000-0000-0000000F4D41}
T{00000000-0000-0000-0000-000000321513}
T{00000000-0000-0000-0000-000000061020}
T{00000000-0000-0000-0000-00000026405C}
T{00000000-0000-0000-0000-0000000F94A1}
T{00000000-0000-0000-0000-0000000DB001}
T{00000000-0000-0000-0000-0000001637A1}
T{00000000-0000-0000-0000-0000003203FE}
T{00000000-0000-0000-0000-0000003203C7}
T{00000000-0000-0000-0000-00000031FFCB}
T{00000000-0000-0000-0000-00000031FF23}
T{00000000-0000-0000-0000-0000001B7160}
T{00000000-0000-0000-0000-00000031F98A}
T{00000000-0000-0000-0000-0000000C225D}
T{00000000-0000-0000-0000-00000016354C}
T{00000000-0000-0000-0000-0000000C25CA}
T{00000000-0000-0000-0000-0000001C666C}
T{00000000-0000-0000-0000-00000031E96F}
T{00000000-0000-0000-0000-000000313A87}
T{00000000-0000-0000-0000-00000031DCC0}
T{00000000-0000-0000-0000-0000000515AC}
T{00000000-0000-0000-0000-00000031DB1D}
T{00000000-0000-0000-0000-000000281D15}
T{00000000-0000-0000-0000-00000007FC83}
T{00000000-0000-0000-0000-00000031B1F2}
T{00000000-0000-0000-0000-0000000AA8E8}
T{00000000-0000-0000-0000-000000162B36}
T{00000000-0000-0000-0000-0000000AAAD8}
T{00000000-0000-0000-0000-000000317998}
T{00000000-0000-0000-0000-0000000515FA}
T{00000000-0000-0000-0000-00000017E399}
T{00000000-0000-0000-0000-0000000F3E8F}
T{00000000-0000-0000-0000-00000031572B}
T{00000000-0000-0000-0000-0000003156F8}
T{00000000-0000-0000-0000-000000314BB4}
T{00000000-0000-0000-0000-000000314A39}
T{00000000-0000-0000-0000-000000314A2B}
T{00000000-0000-0000-0000-0000003149A8}
T{00000000-0000-0000-0000-0000003148A3}
T{00000000-0000-0000-0000-0000003142C0}
T{00000000-0000-0000-0000-000000313C16}
T{00000000-0000-0000-0000-00000016276F}
T{00000000-0000-0000-0000-0000000AAB15}
T{00000000-0000-0000-0000-0000003137D0}
T{00000000-0000-0000-0000-000000161791}
T{00000000-0000-0000-0000-00000011331A}
T{00000000-0000-0000-0000-00000031312C}
T{00000000-0000-0000-0000-0000003130EC}
T{00000000-0000-0000-0000-00000026489E}
T{00000000-0000-0000-0000-0000003126C8}
T{00000000-0000-0000-0000-00000015C974}
T{00000000-0000-0000-0000-000000258070}
T{00000000-0000-0000-0000-00000031211F}
T{00000000-0000-0000-0000-0000003113B2}
T{00000000-0000-0000-0000-000000330894}
T{00000000-0000-0000-0000-000000311155}
T{00000000-0000-0000-0000-0000003110A0}
T{00000000-0000-0000-0000-0000000C9242}
T{00000000-0000-0000-0000-00000015C5C4}
T{00000000-0000-0000-0000-000000310C14}
T{00000000-0000-0000-0000-00000031078D}
T{00000000-0000-0000-0000-0000003106ED}
T{00000000-0000-0000-0000-0000000AABBA}
T{00000000-0000-0000-0000-00000030FE52}
T{00000000-0000-0000-0000-00000030EF03}
T{00000000-0000-0000-0000-0000001937CB}
T{00000000-0000-0000-0000-00000030E635}
T{00000000-0000-0000-0000-00000015C3EB}
T{00000000-0000-0000-0000-00000030DFCF}
T{00000000-0000-0000-0000-00000030DFA8}
T{00000000-0000-0000-0000-000000179654}
T{00000000-0000-0000-0000-00000030D8FB}
T{00000000-0000-0000-0000-00000030D59E}
T{00000000-0000-0000-0000-00000030D493}
T{00000000-0000-0000-0000-00000030D483}
T{00000000-0000-0000-0000-00000030BFB1}
T{00000000-0000-0000-0000-000000051CC8}
