F{00000000-0000-0000-0000-0000001FFE57}
F{00000000-0000-0000-0000-000000223AC8}
T{00000000-0000-0000-0000-00000012B2DC}
T{00000000-0000-0000-0000-000000098EE4}
F{00000000-0000-0000-0000-000000304FF3}
T{00000000-0000-0000-0000-00000031F7C3}
T{00000000-0000-0000-0000-00000013D847}
T{00000000-0000-0000-0000-00000026C0C1}
T{00000000-0000-0000-0000-000000223AC8}
T{00000000-0000-0000-0000-0000001D836C}
T{00000000-0000-0000-0000-000000118C64}
T{00000000-0000-0000-0000-000000244D19}
T{00000000-0000-0000-0000-00000011834D}
T{00000000-0000-0000-0000-0000001A8288}
T{00000000-0000-0000-0000-0000000B008B}
T{00000000-0000-0000-0000-0000001173B9}
T{00000000-0000-0000-0000-00000016DBC5}
T{00000000-0000-0000-0000-000000275699}
T{00000000-0000-0000-0000-00000029B805}
T{00000000-0000-0000-0000-000000116F7E}
F{00000000-0000-0000-0000-0000002C76ED}
T{00000000-0000-0000-0000-000000200384}
T{00000000-0000-0000-0000-0000002961D2}
T{00000000-0000-0000-0000-000000088B56}
T{00000000-0000-0000-0000-0000001FFC00}
T{00000000-0000-0000-0000-000000084476}
T{00000000-0000-0000-0000-000000067B4D}
T{00000000-0000-0000-0000-000000116C2F}
T{00000000-0000-0000-0000-000000073E44}
T{00000000-0000-0000-0000-0000000683EE}
T{00000000-0000-0000-0000-0000003369E7}
T{00000000-0000-0000-0000-0000001E13B9}
T{00000000-0000-0000-0000-0000001FC635}
T{00000000-0000-0000-0000-000000069ECE}
T{00000000-0000-0000-0000-000000115F88}
T{00000000-0000-0000-0000-000000259F1C}
T{00000000-0000-0000-0000-0000000AAEFB}
T{00000000-0000-0000-0000-0000001EF5AC}
T{00000000-0000-0000-0000-00000006ADAA}
T{00000000-0000-0000-0000-000000213D22}
T{00000000-0000-0000-0000-00000006BD1D}
T{00000000-0000-0000-0000-0000001178D3}
T{00000000-0000-0000-0000-0000001FBE25}
T{00000000-0000-0000-0000-00000029EC77}
T{00000000-0000-0000-0000-000000170C39}
T{00000000-0000-0000-0000-00000027D9C7}
F{00000000-0000-0000-0000-00000013995B}
T{00000000-0000-0000-0000-0000001FAC99}
T{00000000-0000-0000-0000-000000246145}
T{00000000-0000-0000-0000-0000000CE2E6}
T{00000000-0000-0000-0000-00000013A8F9}
T{00000000-0000-0000-0000-00000013C022}
T{00000000-0000-0000-0000-000000111DA3}
T{00000000-0000-0000-0000-0000001F9A3A}
T{00000000-0000-0000-0000-0000002E6557}
T{00000000-0000-0000-0000-000000110E5B}
T{00000000-0000-0000-0000-000000295C17}
T{00000000-0000-0000-0000-0000001F7136}
T{00000000-0000-0000-0000-0000001432F3}
T{00000000-0000-0000-0000-0000001F1C74}
T{00000000-0000-0000-0000-00000024128D}
T{00000000-0000-0000-0000-0000001F1366}
T{00000000-0000-0000-0000-0000001F133A}
T{00000000-0000-0000-0000-0000002D3CE4}
T{00000000-0000-0000-0000-00000023477C}
T{00000000-0000-0000-0000-00000024A9F3}
T{00000000-0000-0000-0000-00000018C01E}
T{00000000-0000-0000-0000-000000154185}
T{00000000-0000-0000-0000-0000001EFADF}
T{00000000-0000-0000-0000-0000001B5405}
T{00000000-0000-0000-0000-00000010F58D}
T{00000000-0000-0000-0000-00000015C89F}
T{00000000-0000-0000-0000-0000001ECDCC}
T{00000000-0000-0000-0000-0000001ECBD7}
T{00000000-0000-0000-0000-0000001ECB6E}
T{00000000-0000-0000-0000-0000001CEFCE}
T{00000000-0000-0000-0000-0000002B507A}
T{00000000-0000-0000-0000-00000011A03A}
T{00000000-0000-0000-0000-00000010EFAA}
T{00000000-0000-0000-0000-00000013EDBB}
T{00000000-0000-0000-0000-0000001EAB7A}
T{00000000-0000-0000-0000-0000002FD349}
T{00000000-0000-0000-0000-0000000719B7}
T{00000000-0000-0000-0000-0000000EBEFB}
T{00000000-0000-0000-0000-0000001EA2B9}
T{00000000-0000-0000-0000-00000026E8AA}
T{00000000-0000-0000-0000-00000010E228}
T{00000000-0000-0000-0000-000000073543}
T{00000000-0000-0000-0000-0000001E9DB7}
T{00000000-0000-0000-0000-00000009C0DD}
T{00000000-0000-0000-0000-0000001E9031}
T{00000000-0000-0000-0000-000000073689}
T{00000000-0000-0000-0000-0000001E891C}
T{00000000-0000-0000-0000-000000310C67}
T{00000000-0000-0000-0000-0000000745FA}
T{00000000-0000-0000-0000-0000001E806D}
T{00000000-0000-0000-0000-0000001E7765}
T{00000000-0000-0000-0000-0000000C3F5A}
T{00000000-0000-0000-0000-00000010DF30}
T{00000000-0000-0000-0000-0000001C3847}
T{00000000-0000-0000-0000-00000030BE75}
T{00000000-0000-0000-0000-0000002999CD}
T{00000000-0000-0000-0000-0000002B171F}
T{00000000-0000-0000-0000-00000025DD4B}
T{00000000-0000-0000-0000-000000074F13}
T{00000000-0000-0000-0000-00000010C45A}
T{00000000-0000-0000-0000-0000001E3272}
T{00000000-0000-0000-0000-0000001E31B8}
T{00000000-0000-0000-0000-0000001E30D2}
T{00000000-0000-0000-0000-0000003265F7}
T{00000000-0000-0000-0000-00000010C11C}
T{00000000-0000-0000-0000-00000010BC8E}
T{00000000-0000-0000-0000-0000002C5DB2}
T{00000000-0000-0000-0000-0000000EFDF8}
T{00000000-0000-0000-0000-000000247253}
T{00000000-0000-0000-0000-0000001E0592}
T{00000000-0000-0000-0000-0000001E2F87}
T{00000000-0000-0000-0000-00000010B048}
T{00000000-0000-0000-0000-00000010AC7D}
T{00000000-0000-0000-0000-000000248A07}
T{00000000-0000-0000-0000-0000001DD965}
T{00000000-0000-0000-0000-000000246168}
T{00000000-0000-0000-0000-00000007687C}
T{00000000-0000-0000-0000-0000001DD148}
T{00000000-0000-0000-0000-00000010ABC6}
T{00000000-0000-0000-0000-0000001DB7B7}
T{00000000-0000-0000-0000-000000077716}
T{00000000-0000-0000-0000-00000010AB12}
T{00000000-0000-0000-0000-0000000778B0}
T{00000000-0000-0000-0000-0000001DC511}
T{00000000-0000-0000-0000-00000026D480}
T{00000000-0000-0000-0000-0000001DC35A}
T{00000000-0000-0000-0000-0000001DBD6C}
T{00000000-0000-0000-0000-000000172C6C}
T{00000000-0000-0000-0000-00000010AA94}
T{00000000-0000-0000-0000-00000010A9BD}
T{00000000-0000-0000-0000-000000268FB4}
T{00000000-0000-0000-0000-0000001DAC3B}
T{00000000-0000-0000-0000-00000010277E}
T{00000000-0000-0000-0000-0000001DA41E}
T{00000000-0000-0000-0000-0000001097B8}
T{00000000-0000-0000-0000-00000007865D}
T{00000000-0000-0000-0000-0000002EEF35}
T{00000000-0000-0000-0000-00000010927E}
T{00000000-0000-0000-0000-0000001D7821}
T{00000000-0000-0000-0000-000000109228}
T{00000000-0000-0000-0000-00000007A5F8}
T{00000000-0000-0000-0000-000000195B1E}
T{00000000-0000-0000-0000-00000007BD53}
T{00000000-0000-0000-0000-000000260F69}
T{00000000-0000-0000-0000-00000033489E}
T{00000000-0000-0000-0000-0000001D6058}
T{00000000-0000-0000-0000-0000001D5E09}
T{00000000-0000-0000-0000-0000001078BD}
T{00000000-0000-0000-0000-0000001D5C71}
T{00000000-0000-0000-0000-000000107224}
T{00000000-0000-0000-0000-00000007BDBE}
T{00000000-0000-0000-0000-000000106D7C}
T{00000000-0000-0000-0000-00000007BFFC}
T{00000000-0000-0000-0000-00000010F71F}
T{00000000-0000-0000-0000-000000320CC9}
T{00000000-0000-0000-0000-0000001D429F}
T{00000000-0000-0000-0000-00000018AC8B}
T{00000000-0000-0000-0000-0000002A43DB}
T{00000000-0000-0000-0000-0000001D3B91}
T{00000000-0000-0000-0000-0000001D3B40}
T{00000000-0000-0000-0000-000000276853}
T{00000000-0000-0000-0000-0000002D2AC0}
T{00000000-0000-0000-0000-0000001D2479}
T{00000000-0000-0000-0000-00000023902B}
T{00000000-0000-0000-0000-0000001062A3}
T{00000000-0000-0000-0000-000000106266}
T{00000000-0000-0000-0000-00000007E058}
T{00000000-0000-0000-0000-00000009B5EF}
T{00000000-0000-0000-0000-0000001D0E71}
T{00000000-0000-0000-0000-000000105EA9}
T{00000000-0000-0000-0000-0000001EF83E}
F{00000000-0000-0000-0000-0000001056F7}
T{00000000-0000-0000-0000-00000007EAC2}
F{00000000-0000-0000-0000-0000001CFA3F}
T{00000000-0000-0000-0000-0000000DECB9}
T{00000000-0000-0000-0000-0000001CEA25}
T{00000000-0000-0000-0000-00000007F078}
T{00000000-0000-0000-0000-000000104E06}
T{00000000-0000-0000-0000-000000327220}
T{00000000-0000-0000-0000-000000104AF3}
T{00000000-0000-0000-0000-0000001048EA}
T{00000000-0000-0000-0000-00000017DCB4}
T{00000000-0000-0000-0000-000000104887}
T{00000000-0000-0000-0000-0000001C8C14}
T{00000000-0000-0000-0000-00000022F19E}
T{00000000-0000-0000-0000-0000001CE65E}
T{00000000-0000-0000-0000-000000083265}
T{00000000-0000-0000-0000-0000001F2D3C}
T{00000000-0000-0000-0000-000000083454}
T{00000000-0000-0000-0000-0000001C7ADD}
T{00000000-0000-0000-0000-0000001C775B}
T{00000000-0000-0000-0000-00000021FD36}
T{00000000-0000-0000-0000-0000000E5740}
T{00000000-0000-0000-0000-0000001AACA7}
T{00000000-0000-0000-0000-0000001C2719}
T{00000000-0000-0000-0000-0000001C3E74}
T{00000000-0000-0000-0000-0000000871CA}
T{00000000-0000-0000-0000-0000000880A8}
T{00000000-0000-0000-0000-0000001C3954}
T{00000000-0000-0000-0000-0000002AE35F}
T{00000000-0000-0000-0000-0000002804AC}
T{00000000-0000-0000-0000-000000089278}
T{00000000-0000-0000-0000-00000011A8E9}
