T{00000000-0000-0000-0000-000000223AC8}
T{00000000-0000-0000-0000-000000098EE4}
F{00000000-0000-0000-0000-0000001FFE57}
T{00000000-0000-0000-0000-0000002C76ED}
T{00000000-0000-0000-0000-00000012B2DC}
T{00000000-0000-0000-0000-00000013995B}
T{00000000-0000-0000-0000-00000031F7C3}
T{00000000-0000-0000-0000-0000001CFA3F}
F{00000000-0000-0000-0000-0000001056F7}
T{00000000-0000-0000-0000-000000304FF3}
T{00000000-0000-0000-0000-0000002EB3BB}
F{00000000-0000-0000-0000-0000000CEA36}
T{00000000-0000-0000-0000-0000000A74B2}
T{00000000-0000-0000-0000-0000000ED33E}
T{00000000-0000-0000-0000-00000030C1CC}
T{00000000-0000-0000-0000-0000001C351B}
T{00000000-0000-0000-0000-000000183CD1}
T{00000000-0000-0000-0000-000000268E64}
T{00000000-0000-0000-0000-0000002F5979}
T{00000000-0000-0000-0000-0000001FBAF0}
T{00000000-0000-0000-0000-000000094999}
T{00000000-0000-0000-0000-0000000A7724}
T{00000000-0000-0000-0000-000000118DFD}
T{00000000-0000-0000-0000-0000001DD2E8}
T{00000000-0000-0000-0000-00000023E466}
T{00000000-0000-0000-0000-00000014B92C}
T{00000000-0000-0000-0000-00000023E2AE}
T{00000000-0000-0000-0000-00000023DB2C}
T{00000000-0000-0000-0000-000000065156}
T{00000000-0000-0000-0000-0000002F4C88}
T{00000000-0000-0000-0000-00000024CEA5}
T{00000000-0000-0000-0000-0000000ED126}
T{00000000-0000-0000-0000-00000019B600}
T{00000000-0000-0000-0000-0000001493AF}
T{00000000-0000-0000-0000-00000001DDFD}
T{00000000-0000-0000-0000-00000024A84D}
T{00000000-0000-0000-0000-000000149239}
T{00000000-0000-0000-0000-0000000ECC6E}
T{00000000-0000-0000-0000-000000335C69}
T{00000000-0000-0000-0000-000000148F7C}
T{00000000-0000-0000-0000-000000116FCB}
T{00000000-0000-0000-0000-000000310E30}
T{00000000-0000-0000-0000-000000148E3F}
T{00000000-0000-0000-0000-000000238E03}
T{00000000-0000-0000-0000-0000000A845B}
T{00000000-0000-0000-0000-000000148D13}
T{00000000-0000-0000-0000-0000000C34F2}
T{00000000-0000-0000-0000-000000039E0B}
T{00000000-0000-0000-0000-00000001EC73}
T{00000000-0000-0000-0000-000000147D0B}
T{00000000-0000-0000-0000-000000234DA8}
T{00000000-0000-0000-0000-000000063A02}
T{00000000-0000-0000-0000-0000000CEFAA}
T{00000000-0000-0000-0000-0000001198E7}
T{00000000-0000-0000-0000-0000002332F0}
T{00000000-0000-0000-0000-000000146786}
F{00000000-0000-0000-0000-00000026A7E0}
T{00000000-0000-0000-0000-000000043569}
T{00000000-0000-0000-0000-00000001EC7F}
T{00000000-0000-0000-0000-00000018264F}
T{00000000-0000-0000-0000-00000011F82B}
T{00000000-0000-0000-0000-000000145B0B}
T{00000000-0000-0000-0000-000000145AD6}
T{00000000-0000-0000-0000-0000000B2465}
T{00000000-0000-0000-0000-0000000B09BA}
T{00000000-0000-0000-0000-00000002D1B7}
T{00000000-0000-0000-0000-00000021B9AD}
F{00000000-0000-0000-0000-0000002122E5}
T{00000000-0000-0000-0000-00000001ECA7}
T{00000000-0000-0000-0000-00000026DA2B}
T{00000000-0000-0000-0000-00000022B80B}
T{00000000-0000-0000-0000-000000144E4D}
T{00000000-0000-0000-0000-0000000CE18C}
T{00000000-0000-0000-0000-000000204483}
T{00000000-0000-0000-0000-000000171C5C}
T{00000000-0000-0000-0000-00000016ABED}
T{00000000-0000-0000-0000-00000020C7D6}
T{00000000-0000-0000-0000-0000002708AF}
T{00000000-0000-0000-0000-0000001442CD}
T{00000000-0000-0000-0000-00000001FA64}
T{00000000-0000-0000-0000-00000011DFE7}
T{00000000-0000-0000-0000-000000144108}
T{00000000-0000-0000-0000-0000002C86AD}
T{00000000-0000-0000-0000-0000002F0451}
T{00000000-0000-0000-0000-00000028DF07}
T{00000000-0000-0000-0000-0000002327EC}
T{00000000-0000-0000-0000-000000061B03}
T{00000000-0000-0000-0000-000000218033}
T{00000000-0000-0000-0000-00000003F4DF}
T{00000000-0000-0000-0000-000000068F47}
T{00000000-0000-0000-0000-00000032FA21}
T{00000000-0000-0000-0000-0000000A857A}
T{00000000-0000-0000-0000-00000029E94B}
T{00000000-0000-0000-0000-00000019DE58}
T{00000000-0000-0000-0000-0000000203C2}
T{00000000-0000-0000-0000-00000023DB4E}
T{00000000-0000-0000-0000-00000020026B}
T{00000000-0000-0000-0000-0000000AAC42}
T{00000000-0000-0000-0000-000000223B9B}
T{00000000-0000-0000-0000-000000295FD1}
T{00000000-0000-0000-0000-00000022384A}
T{00000000-0000-0000-0000-0000001480CF}
F{00000000-0000-0000-0000-0000000AAF2A}
T{00000000-0000-0000-0000-00000013E076}
T{00000000-0000-0000-0000-00000013DF2B}
T{00000000-0000-0000-0000-00000009F7B9}
T{00000000-0000-0000-0000-00000007563C}
T{00000000-0000-0000-0000-00000013D465}
T{00000000-0000-0000-0000-0000000949E1}
T{00000000-0000-0000-0000-00000013C73C}
T{00000000-0000-0000-0000-00000013C027}
T{00000000-0000-0000-0000-000000036272}
T{00000000-0000-0000-0000-000000020859}
T{00000000-0000-0000-0000-000000021873}
T{00000000-0000-0000-0000-00000013B3CF}
T{00000000-0000-0000-0000-00000013B0F8}
T{00000000-0000-0000-0000-0000002006F3}
T{00000000-0000-0000-0000-00000013B0E8}
T{00000000-0000-0000-0000-00000026ED6A}
T{00000000-0000-0000-0000-00000020680E}
T{00000000-0000-0000-0000-000000144E9C}
T{00000000-0000-0000-0000-00000013AEB7}
T{00000000-0000-0000-0000-00000013A90F}
T{00000000-0000-0000-0000-0000002D0AAD}
T{00000000-0000-0000-0000-00000021E0C8}
T{00000000-0000-0000-0000-0000000AB8FC}
T{00000000-0000-0000-0000-00000021D56B}
T{00000000-0000-0000-0000-0000002E4C7F}
T{00000000-0000-0000-0000-000000279620}
T{00000000-0000-0000-0000-00000032A3F7}
T{00000000-0000-0000-0000-000000102C2D}
T{00000000-0000-0000-0000-000000035E0B}
T{00000000-0000-0000-0000-00000021CAE8}
T{00000000-0000-0000-0000-0000001C2743}
T{00000000-0000-0000-0000-000000229D83}
T{00000000-0000-0000-0000-0000000ABEBE}
T{00000000-0000-0000-0000-000000219172}
T{00000000-0000-0000-0000-0000001F2CC1}
T{00000000-0000-0000-0000-0000000FA326}
T{00000000-0000-0000-0000-0000001DD229}
T{00000000-0000-0000-0000-000000021EAE}
T{00000000-0000-0000-0000-0000002A8563}
T{00000000-0000-0000-0000-0000000224D0}
T{00000000-0000-0000-0000-0000000ABEEA}
T{00000000-0000-0000-0000-0000001389B0}
T{00000000-0000-0000-0000-0000002ADD6F}
T{00000000-0000-0000-0000-0000000ABF57}
T{00000000-0000-0000-0000-0000001A7825}
T{00000000-0000-0000-0000-0000000EAFD9}
T{00000000-0000-0000-0000-0000002005AF}
T{00000000-0000-0000-0000-0000000F65A0}
T{00000000-0000-0000-0000-00000008CC60}
T{00000000-0000-0000-0000-00000005EAE7}
T{00000000-0000-0000-0000-000000022EF5}
T{00000000-0000-0000-0000-000000138851}
T{00000000-0000-0000-0000-0000002CE0CE}
T{00000000-0000-0000-0000-00000020588C}
T{00000000-0000-0000-0000-000000022FA7}
T{00000000-0000-0000-0000-00000020C357}
F{00000000-0000-0000-0000-000000212706}
T{00000000-0000-0000-0000-000000022FB5}
T{00000000-0000-0000-0000-000000138351}
T{00000000-0000-0000-0000-00000015A7C6}
T{00000000-0000-0000-0000-000000210F05}
T{00000000-0000-0000-0000-00000026E6D2}
T{00000000-0000-0000-0000-0000000ABF5C}
T{00000000-0000-0000-0000-000000137DBB}
T{00000000-0000-0000-0000-0000002F9D8A}
F{00000000-0000-0000-0000-0000000FD4D9}
T{00000000-0000-0000-0000-000000022FC1}
T{00000000-0000-0000-0000-000000029D4F}
T{00000000-0000-0000-0000-00000017E1A7}
T{00000000-0000-0000-0000-00000023D51A}
T{00000000-0000-0000-0000-00000013754A}
T{00000000-0000-0000-0000-0000001ADB89}
T{00000000-0000-0000-0000-00000013734D}
T{00000000-0000-0000-0000-000000022FDF}
F{00000000-0000-0000-0000-0000000CF7CD}
T{00000000-0000-0000-0000-00000019F108}
T{00000000-0000-0000-0000-00000020AE43}
T{00000000-0000-0000-0000-0000002EFC46}
T{00000000-0000-0000-0000-000000335DAB}
T{00000000-0000-0000-0000-00000029E569}
T{00000000-0000-0000-0000-0000001573FA}
T{00000000-0000-0000-0000-0000000AC358}
T{00000000-0000-0000-0000-0000001FAFBC}
T{00000000-0000-0000-0000-000000136075}
T{00000000-0000-0000-0000-0000000EEA2B}
T{00000000-0000-0000-0000-000000215AF9}
T{00000000-0000-0000-0000-00000009601D}
T{00000000-0000-0000-0000-00000032B49D}
T{00000000-0000-0000-0000-00000020FDC0}
T{00000000-0000-0000-0000-00000026C1DF}
T{00000000-0000-0000-0000-0000000AD714}
T{00000000-0000-0000-0000-0000002CEB47}
T{00000000-0000-0000-0000-000000207E34}
T{00000000-0000-0000-0000-000000270B88}
T{00000000-0000-0000-0000-0000000ADC23}
T{00000000-0000-0000-0000-000000207578}
T{00000000-0000-0000-0000-000000225F56}
T{00000000-0000-0000-0000-0000002041C0}
T{00000000-0000-0000-0000-0000000E9B91}
T{00000000-0000-0000-0000-000000023A04}
T{00000000-0000-0000-0000-0000000AA806}
T{00000000-0000-0000-0000-000000053FE4}
T{00000000-0000-0000-0000-00000020EE51}
T{00000000-0000-0000-0000-000000336793}
T{00000000-0000-0000-0000-000000201333}
T{00000000-0000-0000-0000-000000257885}
T{00000000-0000-0000-0000-0000001351B9}
T{00000000-0000-0000-0000-00000011A8BF}
T{00000000-0000-0000-0000-0000000AEE23}
T{00000000-0000-0000-0000-0000000AF4A6}
T{00000000-0000-0000-0000-0000002ECBCF}
T{00000000-0000-0000-0000-00000020C352}
T{00000000-0000-0000-0000-0000000E83C9}
T{00000000-0000-0000-0000-0000002448D1}
T{00000000-0000-0000-0000-0000001E4D51}
F{00000000-0000-0000-0000-0000001282E8}
T{00000000-0000-0000-0000-00000004667E}
T{00000000-0000-0000-0000-000000023C7A}
T{00000000-0000-0000-0000-000000080077}
T{00000000-0000-0000-0000-0000000E7925}
T{00000000-0000-0000-0000-00000032A318}
T{00000000-0000-0000-0000-000000132EF8}
T{00000000-0000-0000-0000-000000132CC8}
T{00000000-0000-0000-0000-000000304FF3}
T{00000000-0000-0000-0000-000000132CBD}
T{00000000-0000-0000-0000-0000002F4D0B}
T{00000000-0000-0000-0000-0000002A865F}
T{00000000-0000-0000-0000-000000132581}
T{00000000-0000-0000-0000-0000001EEB68}
T{00000000-0000-0000-0000-0000000A7095}
T{00000000-0000-0000-0000-00000006007B}
T{00000000-0000-0000-0000-0000000383AB}
T{00000000-0000-0000-0000-0000001313A8}
T{00000000-0000-0000-0000-0000002429DA}
T{00000000-0000-0000-0000-000000024B82}
T{00000000-0000-0000-0000-0000000AF780}
T{00000000-0000-0000-0000-000000329E12}
T{00000000-0000-0000-0000-0000000AFD1F}
T{00000000-0000-0000-0000-00000012FC02}
T{00000000-0000-0000-0000-000000291868}
T{00000000-0000-0000-0000-00000009A50F}
T{00000000-0000-0000-0000-000000026CA8}
T{00000000-0000-0000-0000-00000017F15A}
T{00000000-0000-0000-0000-0000001007FB}
T{00000000-0000-0000-0000-00000012E6A2}
T{00000000-0000-0000-0000-00000012E0D1}
T{00000000-0000-0000-0000-00000009747B}
T{00000000-0000-0000-0000-0000000E648B}
T{00000000-0000-0000-0000-00000012D597}
T{00000000-0000-0000-0000-000000105622}
T{00000000-0000-0000-0000-0000002902FC}
T{00000000-0000-0000-0000-000000027825}
T{00000000-0000-0000-0000-000000197A47}
T{00000000-0000-0000-0000-00000012ADAD}
T{00000000-0000-0000-0000-00000002783A}
T{00000000-0000-0000-0000-000000027841}
T{00000000-0000-0000-0000-000000146E07}
T{00000000-0000-0000-0000-00000012A5F0}
T{00000000-0000-0000-0000-00000012A5C2}
T{00000000-0000-0000-0000-0000001DDA57}
T{00000000-0000-0000-0000-0000001D391D}
F{00000000-0000-0000-0000-00000024A8BF}
T{00000000-0000-0000-0000-0000000F92E6}
T{00000000-0000-0000-0000-0000001298D6}
T{00000000-0000-0000-0000-0000002B5A9A}
T{00000000-0000-0000-0000-0000000E6285}
T{00000000-0000-0000-0000-0000000AFFEF}
T{00000000-0000-0000-0000-000000165B31}
T{00000000-0000-0000-0000-00000016D89A}
T{00000000-0000-0000-0000-00000028C70F}
T{00000000-0000-0000-0000-0000001EB327}
T{00000000-0000-0000-0000-00000030E2CD}
T{00000000-0000-0000-0000-00000031BD5D}
T{00000000-0000-0000-0000-0000002EC39C}
T{00000000-0000-0000-0000-00000016ADC0}
T{00000000-0000-0000-0000-000000059444}
T{00000000-0000-0000-0000-0000000E581C}
T{00000000-0000-0000-0000-00000011FFC3}
T{00000000-0000-0000-0000-000000234DCB}
T{00000000-0000-0000-0000-000000206540}
T{00000000-0000-0000-0000-00000016D726}
T{00000000-0000-0000-0000-0000000C434F}
T{00000000-0000-0000-0000-000000236411}
T{00000000-0000-0000-0000-000000077AAC}
T{00000000-0000-0000-0000-0000002DB79C}
T{00000000-0000-0000-0000-0000000278DB}
T{00000000-0000-0000-0000-0000000D2954}
T{00000000-0000-0000-0000-0000000A2984}
T{00000000-0000-0000-0000-000000123631}
T{00000000-0000-0000-0000-0000002FD1BE}
T{00000000-0000-0000-0000-0000002BD8DA}
T{00000000-0000-0000-0000-0000002C8ED7}
T{00000000-0000-0000-0000-000000245263}
T{00000000-0000-0000-0000-0000000D8D4F}
T{00000000-0000-0000-0000-0000001FECF2}
T{00000000-0000-0000-0000-0000000CFC71}
T{00000000-0000-0000-0000-00000013D4E6}
T{00000000-0000-0000-0000-0000001FE497}
T{00000000-0000-0000-0000-000000030110}
T{00000000-0000-0000-0000-0000000E4AA8}
T{00000000-0000-0000-0000-000000238E15}
T{00000000-0000-0000-0000-0000001B52D9}
T{00000000-0000-0000-0000-0000000278EE}
T{00000000-0000-0000-0000-000000027909}
T{00000000-0000-0000-0000-0000001229E1}
T{00000000-0000-0000-0000-0000002E2B72}
T{00000000-0000-0000-0000-0000000CBB3D}
T{00000000-0000-0000-0000-0000000C838C}
T{00000000-0000-0000-0000-0000001B9F31}
T{00000000-0000-0000-0000-000000335CDF}
T{00000000-0000-0000-0000-0000001DE2E1}
T{00000000-0000-0000-0000-0000000C3ED6}
T{00000000-0000-0000-0000-0000000982BD}
T{00000000-0000-0000-0000-0000001A2594}
T{00000000-0000-0000-0000-000000028DD6}
T{00000000-0000-0000-0000-000000028813}
T{00000000-0000-0000-0000-0000000451DA}
T{00000000-0000-0000-0000-0000000B1140}
T{00000000-0000-0000-0000-00000017176B}
T{00000000-0000-0000-0000-0000000675A8}
T{00000000-0000-0000-0000-00000003C757}
T{00000000-0000-0000-0000-000000028BEA}
T{00000000-0000-0000-0000-0000002ADE75}
T{00000000-0000-0000-0000-00000019A61D}
T{00000000-0000-0000-0000-0000000E2CE3}
T{00000000-0000-0000-0000-0000000B1219}
T{00000000-0000-0000-0000-000000028DA7}
T{00000000-0000-0000-0000-0000002A20EB}
T{00000000-0000-0000-0000-0000000E22D2}
T{00000000-0000-0000-0000-0000000C384A}
T{00000000-0000-0000-0000-00000007C102}
T{00000000-0000-0000-0000-000000028E4A}
T{00000000-0000-0000-0000-0000001AE2F6}
T{00000000-0000-0000-0000-00000009BBDA}
F{00000000-0000-0000-0000-0000000D199E}
T{00000000-0000-0000-0000-000000196798}
T{00000000-0000-0000-0000-0000000E2008}
T{00000000-0000-0000-0000-000000028FB1}
