T{00000000-0000-0000-0000-0000001CFA3F}
T{00000000-0000-0000-0000-0000000FD4D9}
T{00000000-0000-0000-0000-00000012B2DC}
T{00000000-0000-0000-0000-0000000CF7CD}
T{00000000-0000-0000-0000-000000098EE4}
F{00000000-0000-0000-0000-0000001056F7}
T{00000000-0000-0000-0000-000000304FF3}
F{00000000-0000-0000-0000-00000026A7E0}
T{00000000-0000-0000-0000-000000212706}
F{00000000-0000-0000-0000-0000001282E8}
T{00000000-0000-0000-0000-0000000AAF2A}
T{00000000-0000-0000-0000-00000013995B}
T{00000000-0000-0000-0000-00000024A8BF}
T{00000000-0000-0000-0000-0000002C76ED}
F{00000000-0000-0000-0000-0000000CEA36}
T{00000000-0000-0000-0000-000000223AC8}
T{00000000-0000-0000-0000-00000031F7C3}
F{00000000-0000-0000-0000-0000000D199E}
F{00000000-0000-0000-0000-0000001FFE57}
T{00000000-0000-0000-0000-0000002122E5}
T{00000000-0000-0000-0000-0000002B42AB}
T{00000000-0000-0000-0000-00000003C048}
T{00000000-0000-0000-0000-000000209A9C}
T{00000000-0000-0000-0000-000000158CBF}
T{00000000-0000-0000-0000-0000000A1515}
T{00000000-0000-0000-0000-0000002362F4}
T{00000000-0000-0000-0000-00000032B0D0}
T{00000000-0000-0000-0000-000000278C6E}
T{00000000-0000-0000-0000-0000000FDDF4}
T{00000000-0000-0000-0000-00000003C95D}
F{00000000-0000-0000-0000-000000278875}
F{00000000-0000-0000-0000-000000277E2B}
T{00000000-0000-0000-0000-000000277A60}
T{00000000-0000-0000-0000-0000002C7FB4}
T{00000000-0000-0000-0000-0000002776AA}
T{00000000-0000-0000-0000-000000276115}
T{00000000-0000-0000-0000-000000275F5A}
T{00000000-0000-0000-0000-000000158C39}
T{00000000-0000-0000-0000-0000000FCF8B}
T{00000000-0000-0000-0000-00000008595A}
T{00000000-0000-0000-0000-000000275A7C}
T{00000000-0000-0000-0000-00000003DC07}
T{00000000-0000-0000-0000-00000015815F}
T{00000000-0000-0000-0000-0000000FC78E}
T{00000000-0000-0000-0000-0000000E1B31}
T{00000000-0000-0000-0000-000000274E03}
T{00000000-0000-0000-0000-000000234AE5}
T{00000000-0000-0000-0000-000000048C72}
T{00000000-0000-0000-0000-00000003F9FA}
T{00000000-0000-0000-0000-0000002732DB}
T{00000000-0000-0000-0000-0000001E3540}
T{00000000-0000-0000-0000-00000012D86F}
T{00000000-0000-0000-0000-0000000C455E}
T{00000000-0000-0000-0000-000000271B24}
T{00000000-0000-0000-0000-0000000FE05D}
T{00000000-0000-0000-0000-00000005A0C6}
T{00000000-0000-0000-0000-0000001974CD}
T{00000000-0000-0000-0000-000000060995}
T{00000000-0000-0000-0000-000000042C50}
T{00000000-0000-0000-0000-00000012B2B2}
T{00000000-0000-0000-0000-0000000FE25B}
T{00000000-0000-0000-0000-000000156412}
T{00000000-0000-0000-0000-000000270868}
T{00000000-0000-0000-0000-000000043346}
T{00000000-0000-0000-0000-0000000FBF69}
T{00000000-0000-0000-0000-000000044B81}
T{00000000-0000-0000-0000-000000047883}
T{00000000-0000-0000-0000-0000000FEA1B}
T{00000000-0000-0000-0000-000000145EF4}
T{00000000-0000-0000-0000-00000030F48F}
F{00000000-0000-0000-0000-0000002E0E9F}
T{00000000-0000-0000-0000-00000026F9FE}
T{00000000-0000-0000-0000-000000101BF4}
T{00000000-0000-0000-0000-000000277686}
T{00000000-0000-0000-0000-0000001323D1}
T{00000000-0000-0000-0000-000000100841}
T{00000000-0000-0000-0000-000000154021}
T{00000000-0000-0000-0000-000000153FE7}
T{00000000-0000-0000-0000-0000001797A0}
T{00000000-0000-0000-0000-0000001B61CC}
T{00000000-0000-0000-0000-00000026EA0C}
T{00000000-0000-0000-0000-00000026FF1F}
T{00000000-0000-0000-0000-00000026E9AB}
T{00000000-0000-0000-0000-000000203417}
T{00000000-0000-0000-0000-00000026E65F}
T{00000000-0000-0000-0000-000000153712}
T{00000000-0000-0000-0000-00000026E25F}
T{00000000-0000-0000-0000-0000000FB32B}
T{00000000-0000-0000-0000-000000187E45}
T{00000000-0000-0000-0000-0000002C657F}
T{00000000-0000-0000-0000-0000002E7223}
T{00000000-0000-0000-0000-0000000535EC}
T{00000000-0000-0000-0000-00000027140B}
T{00000000-0000-0000-0000-00000026DF67}
T{00000000-0000-0000-0000-00000023DA6C}
T{00000000-0000-0000-0000-000000213B74}
T{00000000-0000-0000-0000-000000054162}
T{00000000-0000-0000-0000-0000000555AD}
T{00000000-0000-0000-0000-000000152BE0}
T{00000000-0000-0000-0000-00000029D6D2}
T{00000000-0000-0000-0000-00000029FE0E}
T{00000000-0000-0000-0000-00000030EF01}
T{00000000-0000-0000-0000-0000001017BE}
T{00000000-0000-0000-0000-000000150067}
T{00000000-0000-0000-0000-00000008C59A}
T{00000000-0000-0000-0000-0000002CEE7E}
T{00000000-0000-0000-0000-00000005C199}
T{00000000-0000-0000-0000-0000002A7E57}
T{00000000-0000-0000-0000-00000014FABD}
T{00000000-0000-0000-0000-00000008C61B}
T{00000000-0000-0000-0000-00000014E663}
T{00000000-0000-0000-0000-00000008C84F}
F{00000000-0000-0000-0000-00000025D7DD}
T{00000000-0000-0000-0000-0000001C41EA}
T{00000000-0000-0000-0000-0000001C2119}
T{00000000-0000-0000-0000-00000026C135}
T{00000000-0000-0000-0000-0000002704B0}
T{00000000-0000-0000-0000-00000026C0F5}
T{00000000-0000-0000-0000-00000008CA13}
T{00000000-0000-0000-0000-0000002FBA45}
T{00000000-0000-0000-0000-00000008D9E4}
T{00000000-0000-0000-0000-00000026C0F2}
T{00000000-0000-0000-0000-0000001A7342}
T{00000000-0000-0000-0000-0000002E9EED}
T{00000000-0000-0000-0000-0000000BB6CF}
T{00000000-0000-0000-0000-00000016F8D3}
T{00000000-0000-0000-0000-00000005694B}
T{00000000-0000-0000-0000-000000057DF4}
T{00000000-0000-0000-0000-0000000EF72B}
T{00000000-0000-0000-0000-0000000C46A9}
T{00000000-0000-0000-0000-00000026BB52}
T{00000000-0000-0000-0000-0000000597D0}
T{00000000-0000-0000-0000-00000026B8E3}
T{00000000-0000-0000-0000-00000026B745}
T{00000000-0000-0000-0000-00000026B724}
T{00000000-0000-0000-0000-00000026B65C}
T{00000000-0000-0000-0000-00000017C301}
T{00000000-0000-0000-0000-0000000E0F36}
T{00000000-0000-0000-0000-00000026B62B}
T{00000000-0000-0000-0000-0000000C5558}
T{00000000-0000-0000-0000-000000319D12}
T{00000000-0000-0000-0000-000000059B96}
T{00000000-0000-0000-0000-00000026B0CD}
T{00000000-0000-0000-0000-00000030E03F}
T{00000000-0000-0000-0000-0000003069FA}
T{00000000-0000-0000-0000-0000001C6675}
T{00000000-0000-0000-0000-000000163CED}
T{00000000-0000-0000-0000-00000026AF6A}
T{00000000-0000-0000-0000-0000000DFAF5}
T{00000000-0000-0000-0000-000000287BCD}
T{00000000-0000-0000-0000-0000000DFA11}
T{00000000-0000-0000-0000-00000010C93B}
T{00000000-0000-0000-0000-0000002D569C}
T{00000000-0000-0000-0000-0000000B8F76}
T{00000000-0000-0000-0000-0000002443C7}
T{00000000-0000-0000-0000-0000001BF1B8}
T{00000000-0000-0000-0000-0000000B2186}
T{00000000-0000-0000-0000-000000111F8E}
T{00000000-0000-0000-0000-0000000C020D}
T{00000000-0000-0000-0000-0000002696A1}
T{00000000-0000-0000-0000-000000321D26}
T{00000000-0000-0000-0000-0000000D5E13}
T{00000000-0000-0000-0000-0000001BD339}
T{00000000-0000-0000-0000-000000269160}
T{00000000-0000-0000-0000-000000269141}
T{00000000-0000-0000-0000-000000268E0C}
T{00000000-0000-0000-0000-0000000917E9}
T{00000000-0000-0000-0000-00000030E621}
T{00000000-0000-0000-0000-0000001174B7}
T{00000000-0000-0000-0000-000000077E9F}
T{00000000-0000-0000-0000-000000268158}
T{00000000-0000-0000-0000-000000268135}
T{00000000-0000-0000-0000-00000026788B}
T{00000000-0000-0000-0000-0000001BC8A9}
T{00000000-0000-0000-0000-0000002558AA}
T{00000000-0000-0000-0000-0000001E4D43}
T{00000000-0000-0000-0000-0000002D3FC2}
T{00000000-0000-0000-0000-0000000C8E35}
T{00000000-0000-0000-0000-000000270882}
T{00000000-0000-0000-0000-00000005FB8C}
T{00000000-0000-0000-0000-0000000B2A43}
T{00000000-0000-0000-0000-0000000CE641}
T{00000000-0000-0000-0000-00000026C499}
T{00000000-0000-0000-0000-0000000C879D}
F{00000000-0000-0000-0000-0000001056F7}
T{00000000-0000-0000-0000-00000029D045}
T{00000000-0000-0000-0000-000000265352}
T{00000000-0000-0000-0000-0000000C260D}
T{00000000-0000-0000-0000-0000000F09A9}
T{00000000-0000-0000-0000-00000026516B}
T{00000000-0000-0000-0000-000000264DFA}
T{00000000-0000-0000-0000-00000017A924}
T{00000000-0000-0000-0000-00000023BD41}
T{00000000-0000-0000-0000-000000264B7B}
T{00000000-0000-0000-0000-0000001AF95D}
T{00000000-0000-0000-0000-0000000FD726}
T{00000000-0000-0000-0000-000000339EDE}
T{00000000-0000-0000-0000-000000062B7E}
T{00000000-0000-0000-0000-000000294238}
T{00000000-0000-0000-0000-000000092A50}
T{00000000-0000-0000-0000-00000010CDB8}
T{00000000-0000-0000-0000-000000264A9A}
T{00000000-0000-0000-0000-0000001B6F03}
T{00000000-0000-0000-0000-000000182C02}
T{00000000-0000-0000-0000-0000000C76C8}
T{00000000-0000-0000-0000-0000000ADBDD}
