T{00000000-0000-0000-0000-0000001FFE57}
T{00000000-0000-0000-0000-0000001FFE57}
T{00000000-0000-0000-0000-00000013995B}
T{00000000-0000-0000-0000-00000026A7E0}
T{00000000-0000-0000-0000-0000000CF7CD}
T{00000000-0000-0000-0000-0000002C76ED}
T{00000000-0000-0000-0000-0000002122E5}
T{00000000-0000-0000-0000-0000001CFA3F}
T{00000000-0000-0000-0000-0000000AAF2A}
F{00000000-0000-0000-0000-000000278875}
F{00000000-0000-0000-0000-000000277E2B}
T{00000000-0000-0000-0000-0000000CEA36}
T{00000000-0000-0000-0000-0000001FFE57}
F{00000000-0000-0000-0000-0000000D199E}
T{00000000-0000-0000-0000-00000024A8BF}
F{00000000-0000-0000-0000-0000001056F7}
F{00000000-0000-0000-0000-00000025D7DD}
F{00000000-0000-0000-0000-0000001282E8}
T{00000000-0000-0000-0000-0000000FD4D9}
F{00000000-0000-0000-0000-0000002E0E9F}
T{00000000-0000-0000-0000-000000212706}
T{00000000-0000-0000-0000-0000001778E3}
T{00000000-0000-0000-0000-0000001FBD21}
T{00000000-0000-0000-0000-0000002A0EC1}
F{00000000-0000-0000-0000-0000001056F7}
T{00000000-0000-0000-0000-0000001ECF46}
T{00000000-0000-0000-0000-0000000488E5}
T{00000000-0000-0000-0000-0000000B9A00}
T{00000000-0000-0000-0000-000000029BA2}
T{00000000-0000-0000-0000-00000029F71D}
T{00000000-0000-0000-0000-000000335A24}
T{00000000-0000-0000-0000-00000016F385}
T{00000000-0000-0000-0000-0000002582A3}
T{00000000-0000-0000-0000-00000029EA94}
T{00000000-0000-0000-0000-00000028A15F}
T{00000000-0000-0000-0000-000000066FBC}
T{00000000-0000-0000-0000-00000002C34C}
F{00000000-0000-0000-0000-00000029E184}
T{00000000-0000-0000-0000-0000000CC274}
T{00000000-0000-0000-0000-0000002B47F4}
T{00000000-0000-0000-0000-00000029D550}
T{00000000-0000-0000-0000-00000016CAB5}
T{00000000-0000-0000-0000-000000081045}
T{00000000-0000-0000-0000-0000002881CE}
T{00000000-0000-0000-0000-00000019A0E0}
T{00000000-0000-0000-0000-000000244EBD}
T{00000000-0000-0000-0000-000000234BC3}
T{00000000-0000-0000-0000-000000175759}
T{00000000-0000-0000-0000-000000065CA1}
T{00000000-0000-0000-0000-00000029B94D}
T{00000000-0000-0000-0000-0000000A0AB0}
T{00000000-0000-0000-0000-00000002C6FB}
T{00000000-0000-0000-0000-0000000BDB51}
T{00000000-0000-0000-0000-000000089D5E}
T{00000000-0000-0000-0000-000000336480}
T{00000000-0000-0000-0000-00000024139A}
T{00000000-0000-0000-0000-000000253AA6}
T{00000000-0000-0000-0000-000000197A9A}
T{00000000-0000-0000-0000-000000040EE1}
T{00000000-0000-0000-0000-000000197969}
T{00000000-0000-0000-0000-00000029A720}
T{00000000-0000-0000-0000-00000029A4EE}
T{00000000-0000-0000-0000-000000299CC4}
T{00000000-0000-0000-0000-0000000A11FC}
T{00000000-0000-0000-0000-000000118E88}
T{00000000-0000-0000-0000-000000299970}
T{00000000-0000-0000-0000-0000000A55A2}
F{00000000-0000-0000-0000-0000001282E8}
T{00000000-0000-0000-0000-0000002998ED}
T{00000000-0000-0000-0000-000000043F01}
T{00000000-0000-0000-0000-00000008ECD0}
T{00000000-0000-0000-0000-00000029954B}
T{00000000-0000-0000-0000-00000002D5B9}
T{00000000-0000-0000-0000-00000009D784}
T{00000000-0000-0000-0000-0000002984B0}
T{00000000-0000-0000-0000-0000001956DB}
T{00000000-0000-0000-0000-000000298366}
T{00000000-0000-0000-0000-000000297CCA}
T{00000000-0000-0000-0000-0000001DD31C}
T{00000000-0000-0000-0000-000000297A3C}
T{00000000-0000-0000-0000-00000029715F}
T{00000000-0000-0000-0000-000000296ED6}
T{00000000-0000-0000-0000-000000195134}
T{00000000-0000-0000-0000-0000002950B5}
T{00000000-0000-0000-0000-00000002DABF}
T{00000000-0000-0000-0000-000000293FB6}
F{00000000-0000-0000-0000-0000000A5811}
T{00000000-0000-0000-0000-000000244987}
T{00000000-0000-0000-0000-00000020C0E0}
T{00000000-0000-0000-0000-0000002915C5}
F{00000000-0000-0000-0000-0000002C74C9}
T{00000000-0000-0000-0000-0000001055DF}
F{00000000-0000-0000-0000-00000019484E}
T{00000000-0000-0000-0000-0000002904BF}
T{00000000-0000-0000-0000-00000029037D}
T{00000000-0000-0000-0000-00000029031D}
T{00000000-0000-0000-0000-0000000A544B}
T{00000000-0000-0000-0000-0000000F181F}
T{00000000-0000-0000-0000-000000047EDA}
T{00000000-0000-0000-0000-00000028F0C2}
T{00000000-0000-0000-0000-00000032CFC1}
T{00000000-0000-0000-0000-0000001A9959}
T{00000000-0000-0000-0000-0000000FBAC1}
T{00000000-0000-0000-0000-000000157E00}
T{00000000-0000-0000-0000-0000002A0D85}
T{00000000-0000-0000-0000-0000001940D5}
T{00000000-0000-0000-0000-00000002F86D}
T{00000000-0000-0000-0000-0000002D2C17}
T{00000000-0000-0000-0000-00000028CD69}
T{00000000-0000-0000-0000-0000000A535F}
T{00000000-0000-0000-0000-000000335229}
T{00000000-0000-0000-0000-0000002B18B3}
T{00000000-0000-0000-0000-0000000E1D57}
T{00000000-0000-0000-0000-00000026E46B}
T{00000000-0000-0000-0000-0000002175CB}
T{00000000-0000-0000-0000-0000001EA4B5}
T{00000000-0000-0000-0000-000000225F00}
F{00000000-0000-0000-0000-00000025D7DD}
T{00000000-0000-0000-0000-0000000490FD}
T{00000000-0000-0000-0000-000000118DE1}
T{00000000-0000-0000-0000-0000001916C0}
T{00000000-0000-0000-0000-00000003CC86}
T{00000000-0000-0000-0000-00000028AD24}
T{00000000-0000-0000-0000-00000019161C}
T{00000000-0000-0000-0000-00000030EAAF}
T{00000000-0000-0000-0000-000000096187}
T{00000000-0000-0000-0000-0000001D17FF}
T{00000000-0000-0000-0000-000000289E1B}
T{00000000-0000-0000-0000-00000003D1A9}
T{00000000-0000-0000-0000-00000018D14D}
T{00000000-0000-0000-0000-000000289AFD}
T{00000000-0000-0000-0000-00000027CDE9}
T{00000000-0000-0000-0000-0000000E5C4D}
T{00000000-0000-0000-0000-0000000C27A3}
T{00000000-0000-0000-0000-0000000CE2E3}
T{00000000-0000-0000-0000-000000315F1A}
T{00000000-0000-0000-0000-00000018CE0C}
T{00000000-0000-0000-0000-000000148F29}
T{00000000-0000-0000-0000-000000078BEA}
T{00000000-0000-0000-0000-00000028893B}
T{00000000-0000-0000-0000-000000336929}
T{00000000-0000-0000-0000-000000288328}
T{00000000-0000-0000-0000-00000009EAD5}
T{00000000-0000-0000-0000-0000000BC9F5}
T{00000000-0000-0000-0000-000000287F15}
T{00000000-0000-0000-0000-000000287D11}
T{00000000-0000-0000-0000-000000335C2A}
T{00000000-0000-0000-0000-0000002878A4}
T{00000000-0000-0000-0000-0000002627FA}
T{00000000-0000-0000-0000-000000031B83}
T{00000000-0000-0000-0000-000000331358}
T{00000000-0000-0000-0000-00000018B61C}
T{00000000-0000-0000-0000-00000018B371}
T{00000000-0000-0000-0000-00000018B369}
T{00000000-0000-0000-0000-00000028434E}
T{00000000-0000-0000-0000-0000002A3C87}
T{00000000-0000-0000-0000-000000203F45}
T{00000000-0000-0000-0000-0000002836C7}
T{00000000-0000-0000-0000-00000012EA56}
T{00000000-0000-0000-0000-000000002330}
T{00000000-0000-0000-0000-0000002FA016}
T{00000000-0000-0000-0000-00000028313B}
T{00000000-0000-0000-0000-0000000066F9}
T{00000000-0000-0000-0000-00000018B304}
T{00000000-0000-0000-0000-00000018ADDC}
T{00000000-0000-0000-0000-00000017E29D}
T{00000000-0000-0000-0000-00000014A097}
T{00000000-0000-0000-0000-00000028200A}
T{00000000-0000-0000-0000-00000018AD71}
T{00000000-0000-0000-0000-00000030629C}
T{00000000-0000-0000-0000-00000018A7BE}
T{00000000-0000-0000-0000-00000023BB1D}
T{00000000-0000-0000-0000-000000281C90}
T{00000000-0000-0000-0000-0000001D0401}
T{00000000-0000-0000-0000-0000001882B4}
T{00000000-0000-0000-0000-0000000E1D19}
T{00000000-0000-0000-0000-0000000324C9}
T{00000000-0000-0000-0000-00000000C38B}
T{00000000-0000-0000-0000-000000238718}
T{00000000-0000-0000-0000-0000001FE8A0}
T{00000000-0000-0000-0000-00000018B027}
T{00000000-0000-0000-0000-0000002CD81B}
T{00000000-0000-0000-0000-0000000E1C7F}
T{00000000-0000-0000-0000-000000004F77}
T{00000000-0000-0000-0000-000000104231}
T{00000000-0000-0000-0000-00000027FBA0}
T{00000000-0000-0000-0000-000000059FB2}
T{00000000-0000-0000-0000-0000001DBB5A}
T{00000000-0000-0000-0000-00000027F2E1}
T{00000000-0000-0000-0000-000000032BCD}
T{00000000-0000-0000-0000-00000027F104}
T{00000000-0000-0000-0000-00000027ED8D}
T{00000000-0000-0000-0000-0000000BC544}
T{00000000-0000-0000-0000-00000027E6AB}
T{00000000-0000-0000-0000-000000183C86}
T{00000000-0000-0000-0000-0000000BB0DD}
T{00000000-0000-0000-0000-0000000334A5}
T{00000000-0000-0000-0000-0000001838E3}
T{00000000-0000-0000-0000-00000027D088}
T{00000000-0000-0000-0000-0000001837E2}
T{00000000-0000-0000-0000-00000027C499}
T{00000000-0000-0000-0000-00000024CE98}
T{00000000-0000-0000-0000-0000001830EA}
T{00000000-0000-0000-0000-00000027B41E}
T{00000000-0000-0000-0000-00000006655D}
T{00000000-0000-0000-0000-00000000711B}
T{00000000-0000-0000-0000-0000002C6F6B}
T{00000000-0000-0000-0000-000000032C44}
T{00000000-0000-0000-0000-000000140CAE}
T{00000000-0000-0000-0000-000000183058}
T{00000000-0000-0000-0000-000000101326}
T{00000000-0000-0000-0000-000000182B26}
T{00000000-0000-0000-0000-000000259614}
T{00000000-0000-0000-0000-0000000955DC}
T{00000000-0000-0000-0000-0000000964BD}
T{00000000-0000-0000-0000-000000110742}
T{00000000-0000-0000-0000-000000086203}
T{00000000-0000-0000-0000-00000027E298}
F{00000000-0000-0000-0000-000000278875}
F{00000000-0000-0000-0000-000000277E2B}
T{00000000-0000-0000-0000-000000033818}
T{00000000-0000-0000-0000-000000034EC9}
T{00000000-0000-0000-0000-0000001817C0}
T{00000000-0000-0000-0000-000000096AB9}
T{00000000-0000-0000-0000-000000106331}
T{00000000-0000-0000-0000-000000017375}
T{00000000-0000-0000-0000-00000009A75C}
T{00000000-0000-0000-0000-0000003240D2}
T{00000000-0000-0000-0000-000000224180}
T{00000000-0000-0000-0000-0000002E1CB0}
T{00000000-0000-0000-0000-00000007F070}
T{00000000-0000-0000-0000-000000033B08}
T{00000000-0000-0000-0000-0000000C435F}
T{00000000-0000-0000-0000-000000282223}
T{00000000-0000-0000-0000-0000002CA011}
T{00000000-0000-0000-0000-0000001388C0}
T{00000000-0000-0000-0000-0000002F2C6C}
T{00000000-0000-0000-0000-000000006F5E}
T{00000000-0000-0000-0000-000000034329}
T{00000000-0000-0000-0000-0000002B9E84}
T{00000000-0000-0000-0000-000000007902}
T{00000000-0000-0000-0000-00000015C0FA}
T{00000000-0000-0000-0000-0000000B7C18}
T{00000000-0000-0000-0000-0000000ED03A}
T{00000000-0000-0000-0000-000000034649}
T{00000000-0000-0000-0000-0000001922AA}
T{00000000-0000-0000-0000-0000000BC483}
T{00000000-0000-0000-0000-0000000D974F}
T{00000000-0000-0000-0000-00000003484A}
T{00000000-0000-0000-0000-000000034E63}
T{00000000-0000-0000-0000-000000007021}
T{00000000-0000-0000-0000-000000184757}
T{00000000-0000-0000-0000-0000000A45A2}
T{00000000-0000-0000-0000-0000002A8A95}
T{00000000-0000-0000-0000-00000000757C}
T{00000000-0000-0000-0000-0000000A8ACB}
T{00000000-0000-0000-0000-0000002074A7}
F{00000000-0000-0000-0000-0000002E0E9F}
T{00000000-0000-0000-0000-000000179989}
T{00000000-0000-0000-0000-00000027B864}
T{00000000-0000-0000-0000-0000002D536B}
T{00000000-0000-0000-0000-000000173628}
T{00000000-0000-0000-0000-000000007635}
T{00000000-0000-0000-0000-00000025DA28}
T{00000000-0000-0000-0000-00000023FA22}
F{00000000-0000-0000-0000-0000000D0CBC}
T{00000000-0000-0000-0000-000000036147}
T{00000000-0000-0000-0000-000000119F4A}
T{00000000-0000-0000-0000-0000000B736B}
T{00000000-0000-0000-0000-00000017940F}
T{00000000-0000-0000-0000-0000000BBFFC}
F{00000000-0000-0000-0000-00000015BDE3}
T{00000000-0000-0000-0000-00000022DEDC}
T{00000000-0000-0000-0000-00000015B9C6}
T{00000000-0000-0000-0000-0000000076E1}
T{00000000-0000-0000-0000-000000036D8E}
T{00000000-0000-0000-0000-000000037C4F}
T{00000000-0000-0000-0000-00000030D97F}
T{00000000-0000-0000-0000-000000329F91}
T{00000000-0000-0000-0000-0000001ABD3E}
T{00000000-0000-0000-0000-0000001717A2}
F{00000000-0000-0000-0000-0000000604DA}
T{00000000-0000-0000-0000-0000000394D7}
T{00000000-0000-0000-0000-00000021B897}
T{00000000-0000-0000-0000-00000019ED05}
T{00000000-0000-0000-0000-00000021D2CE}
T{00000000-0000-0000-0000-00000009F92A}
T{00000000-0000-0000-0000-0000002442CE}
T{00000000-0000-0000-0000-00000005BD19}
T{00000000-0000-0000-0000-000000008196}
T{00000000-0000-0000-0000-0000001186FF}
T{00000000-0000-0000-0000-00000009BA24}
T{00000000-0000-0000-0000-0000000D89F1}
T{00000000-0000-0000-0000-000000071854}
T{00000000-0000-0000-0000-000000177755}
T{00000000-0000-0000-0000-0000000E0F50}
T{00000000-0000-0000-0000-00000007A97A}
T{00000000-0000-0000-0000-0000002E6F08}
T{00000000-0000-0000-0000-0000000CF969}
T{00000000-0000-0000-0000-00000021EDD4}
T{00000000-0000-0000-0000-000000176DC3}
T{00000000-0000-0000-0000-0000002D479F}
T{00000000-0000-0000-0000-0000000C3A58}
T{00000000-0000-0000-0000-0000002C005F}
T{00000000-0000-0000-0000-0000003294C5}
T{00000000-0000-0000-0000-000000175FEF}
T{00000000-0000-0000-0000-0000001C767C}
T{00000000-0000-0000-0000-000000047387}
T{00000000-0000-0000-0000-000000007ED1}
T{00000000-0000-0000-0000-0000000A1FDC}
T{00000000-0000-0000-0000-0000000B0FB5}
T{00000000-0000-0000-0000-0000002F8163}
T{00000000-0000-0000-0000-0000001D339F}
T{00000000-0000-0000-0000-000000008092}
T{00000000-0000-0000-0000-000000032390}
T{00000000-0000-0000-0000-0000001EB335}
T{00000000-0000-0000-0000-0000000CE2D3}
T{00000000-0000-0000-0000-0000002493E1}
T{00000000-0000-0000-0000-00000006E5CD}
F{00000000-0000-0000-0000-000000212CBD}
T{00000000-0000-0000-0000-00000007A90A}
T{00000000-0000-0000-0000-000000158FA3}
T{00000000-0000-0000-0000-0000000BB3AF}
T{00000000-0000-0000-0000-0000002FB021}
T{00000000-0000-0000-0000-00000005046B}
T{00000000-0000-0000-0000-00000019D15A}
T{00000000-0000-0000-0000-0000000D202C}
T{00000000-0000-0000-0000-00000024B7A0}
T{00000000-0000-0000-0000-0000002E0B34}
T{00000000-0000-0000-0000-00000017361A}
T{00000000-0000-0000-0000-0000001734A4}
T{00000000-0000-0000-0000-0000002F9B55}
T{00000000-0000-0000-0000-00000008ACCD}
T{00000000-0000-0000-0000-000000098390}
T{00000000-0000-0000-0000-00000005ECC1}
T{00000000-0000-0000-0000-00000008B88E}
T{00000000-0000-0000-0000-0000001799C4}
T{00000000-0000-0000-0000-00000003C8CB}
T{00000000-0000-0000-0000-00000018185E}
T{00000000-0000-0000-0000-0000000DBAAE}
T{00000000-0000-0000-0000-0000002D418B}
T{00000000-0000-0000-0000-000000194C2C}
T{00000000-0000-0000-0000-000000171FF1}
T{00000000-0000-0000-0000-000000109298}
T{00000000-0000-0000-0000-000000121ED0}
T{00000000-0000-0000-0000-000000098DC1}
T{00000000-0000-0000-0000-00000008C15C}
T{00000000-0000-0000-0000-00000000B535}
F{00000000-0000-0000-0000-00000028D056}
T{00000000-0000-0000-0000-00000008F05A}
T{00000000-0000-0000-0000-000000158105}
T{00000000-0000-0000-0000-0000002B4180}
T{00000000-0000-0000-0000-000000096134}
T{00000000-0000-0000-0000-000000066E0B}
T{00000000-0000-0000-0000-00000011906B}
T{00000000-0000-0000-0000-00000026A7E0}
T{00000000-0000-0000-0000-000000062468}
T{00000000-0000-0000-0000-0000001C8E42}
T{00000000-0000-0000-0000-000000296716}
T{00000000-0000-0000-0000-00000015A9E4}
T{00000000-0000-0000-0000-000000103150}
T{00000000-0000-0000-0000-000000202AA1}
T{00000000-0000-0000-0000-000000331FF1}
T{00000000-0000-0000-0000-000000202DD5}
T{00000000-0000-0000-0000-000000234D27}
T{00000000-0000-0000-0000-0000001A610C}
T{00000000-0000-0000-0000-00000003AD15}
T{00000000-0000-0000-0000-0000002F8588}
T{00000000-0000-0000-0000-00000033D7BF}
F{00000000-0000-0000-0000-0000002640E9}
T{00000000-0000-0000-0000-000000119449}
T{00000000-0000-0000-0000-0000002AC137}
T{00000000-0000-0000-0000-00000000F3F5}
T{00000000-0000-0000-0000-00000000C956}
T{00000000-0000-0000-0000-0000002AD55C}
T{00000000-0000-0000-0000-0000001711FF}
T{00000000-0000-0000-0000-0000000316DE}
T{00000000-0000-0000-0000-0000002D4489}
T{00000000-0000-0000-0000-00000009A3CE}
T{00000000-0000-0000-0000-000000063D05}
T{00000000-0000-0000-0000-0000001F2715}
T{00000000-0000-0000-0000-0000002DC1E2}
T{00000000-0000-0000-0000-0000002E314C}
T{00000000-0000-0000-0000-0000002E2D1A}
T{00000000-0000-0000-0000-000000262957}
T{00000000-0000-0000-0000-0000002E21D7}
T{00000000-0000-0000-0000-0000000120E8}
T{00000000-0000-0000-0000-00000021EE06}
T{00000000-0000-0000-0000-0000001C4BDC}
T{00000000-0000-0000-0000-0000002A8A45}
T{00000000-0000-0000-0000-000000054993}
T{00000000-0000-0000-0000-0000002E06A7}
T{00000000-0000-0000-0000-0000002FD32B}
T{00000000-0000-0000-0000-0000002E03A5}
T{00000000-0000-0000-0000-0000002E02A6}
T{00000000-0000-0000-0000-000000333DDA}
T{00000000-0000-0000-0000-00000015A7B3}
T{00000000-0000-0000-0000-0000002E00E8}
T{00000000-0000-0000-0000-0000000B6B56}
T{00000000-0000-0000-0000-00000016FB99}
T{00000000-0000-0000-0000-0000002DEED3}
T{00000000-0000-0000-0000-0000002B295A}
T{00000000-0000-0000-0000-000000260226}
T{00000000-0000-0000-0000-00000015C54F}
T{00000000-0000-0000-0000-0000002600DA}
T{00000000-0000-0000-0000-00000016FAD3}
T{00000000-0000-0000-0000-00000025F6AD}
