T{00000000-0000-0000-0000-0000001056F7}
T{00000000-0000-0000-0000-0000001056F7}
F{00000000-0000-0000-0000-0000002C74C9}
F{00000000-0000-0000-0000-000000212CBD}
T{00000000-0000-0000-0000-0000000CEA36}
F{00000000-0000-0000-0000-00000028D056}
F{00000000-0000-0000-0000-000000278875}
T{00000000-0000-0000-0000-00000024A8BF}
T{00000000-0000-0000-0000-0000000FD4D9}
F{00000000-0000-0000-0000-0000002640E9}
T{00000000-0000-0000-0000-00000019484E}
F{00000000-0000-0000-0000-0000000D199E}
T{00000000-0000-0000-0000-000000212706}
T{00000000-0000-0000-0000-0000000AAF2A}
F{00000000-0000-0000-0000-0000001282E8}
F{00000000-0000-0000-0000-0000002E0E9F}
T{00000000-0000-0000-0000-0000000CF7CD}
F{00000000-0000-0000-0000-00000025D7DD}
F{00000000-0000-0000-0000-0000000D0CBC}
T{00000000-0000-0000-0000-0000002122E5}
T{00000000-0000-0000-0000-0000001056F7}
F{00000000-0000-0000-0000-00000029E184}
F{00000000-0000-0000-0000-00000015BDE3}
T{00000000-0000-0000-0000-0000000604DA}
T{00000000-0000-0000-0000-00000026A7E0}
F{00000000-0000-0000-0000-000000277E2B}
T{00000000-0000-0000-0000-0000000A5811}
T{00000000-0000-0000-0000-0000002AEFB3}
T{00000000-0000-0000-0000-0000001D9E77}
T{00000000-0000-0000-0000-0000000FFF9F}
T{00000000-0000-0000-0000-0000002ADBEC}
T{00000000-0000-0000-0000-000000067170}
T{00000000-0000-0000-0000-00000026D8E3}
T{00000000-0000-0000-0000-0000002AD855}
T{00000000-0000-0000-0000-00000002F36B}
T{00000000-0000-0000-0000-0000000FDB9E}
F{00000000-0000-0000-0000-0000000D9181}
T{00000000-0000-0000-0000-0000000FDCC9}
T{00000000-0000-0000-0000-0000001282E8}
T{00000000-0000-0000-0000-00000025DEF8}
T{00000000-0000-0000-0000-000000019835}
T{00000000-0000-0000-0000-0000001A5D10}
T{00000000-0000-0000-0000-0000002AC51F}
T{00000000-0000-0000-0000-0000000C4BCF}
T{00000000-0000-0000-0000-0000002AC1AE}
T{00000000-0000-0000-0000-00000025CC06}
T{00000000-0000-0000-0000-0000002ABE89}
T{00000000-0000-0000-0000-00000005A762}
F{00000000-0000-0000-0000-00000025D7DD}
T{00000000-0000-0000-0000-0000000CDF99}
T{00000000-0000-0000-0000-00000025B464}
F{00000000-0000-0000-0000-000000265F80}
T{00000000-0000-0000-0000-000000022F92}
T{00000000-0000-0000-0000-00000009C0B8}
T{00000000-0000-0000-0000-0000002AA531}
T{00000000-0000-0000-0000-0000002AA350}
T{00000000-0000-0000-0000-00000025B12E}
T{00000000-0000-0000-0000-00000025AECA}
T{00000000-0000-0000-0000-0000000A0707}
T{00000000-0000-0000-0000-0000002A9BBC}
T{00000000-0000-0000-0000-0000002A99EC}
T{00000000-0000-0000-0000-0000002A974A}
T{00000000-0000-0000-0000-00000025AC9A}
T{00000000-0000-0000-0000-00000001A16F}
T{00000000-0000-0000-0000-0000002A8E01}
T{00000000-0000-0000-0000-000000259D97}
T{00000000-0000-0000-0000-000000159546}
T{00000000-0000-0000-0000-000000259880}
T{00000000-0000-0000-0000-00000001A51B}
T{00000000-0000-0000-0000-000000257A83}
T{00000000-0000-0000-0000-0000002B3095}
T{00000000-0000-0000-0000-0000000E02EA}
F{00000000-0000-0000-0000-0000003171C7}
T{00000000-0000-0000-0000-000000278875}
F{00000000-0000-0000-0000-000000277E2B}
T{00000000-0000-0000-0000-0000002A7743}
T{00000000-0000-0000-0000-0000002A74E0}
T{00000000-0000-0000-0000-0000002A7405}
T{00000000-0000-0000-0000-0000002A7A74}
T{00000000-0000-0000-0000-00000027E1C4}
T{00000000-0000-0000-0000-000000080ACA}
T{00000000-0000-0000-0000-0000000FDD08}
T{00000000-0000-0000-0000-000000255F34}
T{00000000-0000-0000-0000-0000002558D5}
T{00000000-0000-0000-0000-00000009C51A}
T{00000000-0000-0000-0000-000000323AEC}
T{00000000-0000-0000-0000-0000002AF5A1}
F{00000000-0000-0000-0000-0000000D0CBC}
T{00000000-0000-0000-0000-000000020342}
T{00000000-0000-0000-0000-0000002A3BC9}
T{00000000-0000-0000-0000-0000002A2AB0}
T{00000000-0000-0000-0000-000000254683}
T{00000000-0000-0000-0000-00000032FFA7}
T{00000000-0000-0000-0000-00000025451E}
T{00000000-0000-0000-0000-00000001A8F4}
T{00000000-0000-0000-0000-0000002A1FAE}
T{00000000-0000-0000-0000-0000002A1E41}
T{00000000-0000-0000-0000-00000022AD41}
T{00000000-0000-0000-0000-0000001B65DD}
T{00000000-0000-0000-0000-000000209A2F}
T{00000000-0000-0000-0000-0000002E9321}
T{00000000-0000-0000-0000-00000001AF3C}
T{00000000-0000-0000-0000-0000002BD465}
T{00000000-0000-0000-0000-000000212CBD}
T{00000000-0000-0000-0000-000000263A78}
T{00000000-0000-0000-0000-000000253952}
T{00000000-0000-0000-0000-00000008C464}
T{00000000-0000-0000-0000-00000001B078}
T{00000000-0000-0000-0000-0000001B520B}
T{00000000-0000-0000-0000-0000001592B6}
T{00000000-0000-0000-0000-00000015A245}
F{00000000-0000-0000-0000-0000002C74C9}
T{00000000-0000-0000-0000-0000001021B6}
T{00000000-0000-0000-0000-00000029E184}
T{00000000-0000-0000-0000-0000002DA8DC}
T{00000000-0000-0000-0000-0000001B3908}
T{00000000-0000-0000-0000-00000025191C}
T{00000000-0000-0000-0000-00000001B531}
T{00000000-0000-0000-0000-00000023BA05}
T{00000000-0000-0000-0000-0000002512F9}
T{00000000-0000-0000-0000-00000004A8C3}
T{00000000-0000-0000-0000-000000319FB1}
T{00000000-0000-0000-0000-0000002D612E}
T{00000000-0000-0000-0000-0000002D5D95}
T{00000000-0000-0000-0000-0000000A5811}
F{00000000-0000-0000-0000-0000002E0E9F}
T{00000000-0000-0000-0000-00000029C14F}
T{00000000-0000-0000-0000-0000002C132A}
T{00000000-0000-0000-0000-000000250969}
T{00000000-0000-0000-0000-0000002D53FA}
T{00000000-0000-0000-0000-00000002A506}
T{00000000-0000-0000-0000-0000001733BD}
T{00000000-0000-0000-0000-0000002CEAF2}
F{00000000-0000-0000-0000-0000002691F5}
T{00000000-0000-0000-0000-00000025478C}
T{00000000-0000-0000-0000-00000003D178}
T{00000000-0000-0000-0000-00000020C34D}
T{00000000-0000-0000-0000-00000001C17E}
T{00000000-0000-0000-0000-0000000C4D94}
T{00000000-0000-0000-0000-0000002D33C8}
F{00000000-0000-0000-0000-0000002D4147}
T{00000000-0000-0000-0000-000000326D67}
T{00000000-0000-0000-0000-0000002D40DB}
T{00000000-0000-0000-0000-00000021F873}
T{00000000-0000-0000-0000-000000029041}
T{00000000-0000-0000-0000-0000000307B5}
T{00000000-0000-0000-0000-0000002D348F}
T{00000000-0000-0000-0000-00000001C181}
T{00000000-0000-0000-0000-000000140A73}
T{00000000-0000-0000-0000-0000002D2D1F}
F{00000000-0000-0000-0000-000000122CB0}
T{00000000-0000-0000-0000-0000002A35AF}
T{00000000-0000-0000-0000-0000002D1D3A}
T{00000000-0000-0000-0000-0000002D1D1E}
T{00000000-0000-0000-0000-0000002341E9}
T{00000000-0000-0000-0000-0000002D0C18}
T{00000000-0000-0000-0000-0000000C4B59}
T{00000000-0000-0000-0000-00000001C4BB}
T{00000000-0000-0000-0000-00000002B53F}
T{00000000-0000-0000-0000-0000000FD663}
T{00000000-0000-0000-0000-0000002F5139}
T{00000000-0000-0000-0000-00000024C26F}
T{00000000-0000-0000-0000-0000002A9162}
T{00000000-0000-0000-0000-00000009CD12}
T{00000000-0000-0000-0000-0000001A7F93}
T{00000000-0000-0000-0000-0000002CEC45}
F{00000000-0000-0000-0000-0000001056F7}
T{00000000-0000-0000-0000-0000002CE8EB}
T{00000000-0000-0000-0000-0000002F4A5C}
T{00000000-0000-0000-0000-00000026A1C7}
T{00000000-0000-0000-0000-0000002CE461}
T{00000000-0000-0000-0000-0000002CE1D1}
T{00000000-0000-0000-0000-0000002CE190}
T{00000000-0000-0000-0000-0000002CE150}
F{00000000-0000-0000-0000-0000002CDFC9}
T{00000000-0000-0000-0000-00000015A379}
T{00000000-0000-0000-0000-0000002CDE61}
T{00000000-0000-0000-0000-00000009CEC6}
T{00000000-0000-0000-0000-0000001A46E2}
T{00000000-0000-0000-0000-00000001C6D5}
T{00000000-0000-0000-0000-000000335F4A}
T{00000000-0000-0000-0000-0000000A4849}
T{00000000-0000-0000-0000-0000000B7EF9}
T{00000000-0000-0000-0000-0000000BADAB}
T{00000000-0000-0000-0000-0000002CC5D5}
T{00000000-0000-0000-0000-00000001CA77}
T{00000000-0000-0000-0000-00000006AE10}
T{00000000-0000-0000-0000-0000002CAA9B}
T{00000000-0000-0000-0000-00000001CA95}
T{00000000-0000-0000-0000-00000030EF6D}
T{00000000-0000-0000-0000-0000000B01FE}
T{00000000-0000-0000-0000-0000002CA500}
T{00000000-0000-0000-0000-0000002EC31F}
T{00000000-0000-0000-0000-0000002CA2D2}
T{00000000-0000-0000-0000-0000002E2FFD}
T{00000000-0000-0000-0000-0000002E9D90}
T{00000000-0000-0000-0000-0000002C58D3}
T{00000000-0000-0000-0000-00000021BDD3}
T{00000000-0000-0000-0000-0000001A534C}
T{00000000-0000-0000-0000-0000002F225F}
T{00000000-0000-0000-0000-0000000BAC0E}
T{00000000-0000-0000-0000-0000002C9077}
T{00000000-0000-0000-0000-0000002C8F43}
T{00000000-0000-0000-0000-000000029296}
T{00000000-0000-0000-0000-0000002C8C0F}
T{00000000-0000-0000-0000-0000000BAA3C}
T{00000000-0000-0000-0000-0000002C8977}
T{00000000-0000-0000-0000-00000014E7E7}
T{00000000-0000-0000-0000-000000249146}
T{00000000-0000-0000-0000-0000002C8143}
T{00000000-0000-0000-0000-000000249080}
T{00000000-0000-0000-0000-0000002C7EF2}
T{00000000-0000-0000-0000-0000001A0E4E}
T{00000000-0000-0000-0000-00000009D20A}
T{00000000-0000-0000-0000-00000007ABFD}
T{00000000-0000-0000-0000-0000002E2D07}
T{00000000-0000-0000-0000-0000000CFF86}
T{00000000-0000-0000-0000-000000270A5A}
T{00000000-0000-0000-0000-000000030506}
T{00000000-0000-0000-0000-000000298E29}
F{00000000-0000-0000-0000-000000090B1E}
T{00000000-0000-0000-0000-000000208A65}
T{00000000-0000-0000-0000-00000002971C}
T{00000000-0000-0000-0000-00000022672C}
T{00000000-0000-0000-0000-0000003328D0}
T{00000000-0000-0000-0000-00000002EF74}
T{00000000-0000-0000-0000-000000287893}
T{00000000-0000-0000-0000-00000002974E}
T{00000000-0000-0000-0000-000000029865}
T{00000000-0000-0000-0000-0000002C4D02}
T{00000000-0000-0000-0000-00000005EA80}
T{00000000-0000-0000-0000-0000002C49B6}
T{00000000-0000-0000-0000-0000002C4782}
T{00000000-0000-0000-0000-0000002C45AB}
T{00000000-0000-0000-0000-000000029872}
T{00000000-0000-0000-0000-00000009A86F}
T{00000000-0000-0000-0000-0000002C3038}
T{00000000-0000-0000-0000-0000002C298F}
T{00000000-0000-0000-0000-0000002C28C3}
T{00000000-0000-0000-0000-0000000B648C}
T{00000000-0000-0000-0000-0000002C217E}
T{00000000-0000-0000-0000-0000001069BB}
T{00000000-0000-0000-0000-000000332B33}
T{00000000-0000-0000-0000-0000001A9841}
T{00000000-0000-0000-0000-000000311085}
T{00000000-0000-0000-0000-0000002C167F}
T{00000000-0000-0000-0000-0000002C06EF}
F{00000000-0000-0000-0000-0000002C06BA}
T{00000000-0000-0000-0000-0000001B3763}
T{00000000-0000-0000-0000-0000002C004C}
T{00000000-0000-0000-0000-000000234D60}
T{00000000-0000-0000-0000-0000002BFB21}
T{00000000-0000-0000-0000-000000119542}
F{00000000-0000-0000-0000-00000015BDE3}
F{00000000-0000-0000-0000-0000000D199E}
T{00000000-0000-0000-0000-0000001C2EBF}
T{00000000-0000-0000-0000-00000007D581}
T{00000000-0000-0000-0000-0000002BDE7D}
T{00000000-0000-0000-0000-0000000EE1FB}
T{00000000-0000-0000-0000-0000000604DA}
T{00000000-0000-0000-0000-0000000EE209}
F{00000000-0000-0000-0000-0000000AC79A}
T{00000000-0000-0000-0000-0000002BD229}
T{00000000-0000-0000-0000-0000002BCFBB}
T{00000000-0000-0000-0000-000000018226}
T{00000000-0000-0000-0000-00000007D33F}
F{00000000-0000-0000-0000-0000001278AF}
T{00000000-0000-0000-0000-000000200778}
T{00000000-0000-0000-0000-0000000E47F1}
T{00000000-0000-0000-0000-0000000EE373}
T{00000000-0000-0000-0000-0000002BAC1F}
T{00000000-0000-0000-0000-0000000436E0}
T{00000000-0000-0000-0000-0000002B9EFF}
T{00000000-0000-0000-0000-0000000EEC20}
T{00000000-0000-0000-0000-0000002137BA}
T{00000000-0000-0000-0000-0000001B8CDE}
T{00000000-0000-0000-0000-0000002B8DD1}
T{00000000-0000-0000-0000-0000000594F5}
T{00000000-0000-0000-0000-0000002B7E3E}
T{00000000-0000-0000-0000-0000000F0D62}
T{00000000-0000-0000-0000-0000002B7A82}
T{00000000-0000-0000-0000-00000014B181}
T{00000000-0000-0000-0000-00000024C9E0}
T{00000000-0000-0000-0000-0000000C1231}
T{00000000-0000-0000-0000-0000002B3883}
T{00000000-0000-0000-0000-000000051787}
F{00000000-0000-0000-0000-00000028D056}
T{00000000-0000-0000-0000-0000002B6D6F}
T{00000000-0000-0000-0000-000000010D41}
T{00000000-0000-0000-0000-0000000B178F}
T{00000000-0000-0000-0000-00000017998A}
F{00000000-0000-0000-0000-0000002640E9}
T{00000000-0000-0000-0000-0000000D513E}
T{00000000-0000-0000-0000-0000000FD6F4}
T{00000000-0000-0000-0000-0000002B5E98}
T{00000000-0000-0000-0000-0000000FBB2F}
T{00000000-0000-0000-0000-0000002B5962}
T{00000000-0000-0000-0000-00000000E493}
T{00000000-0000-0000-0000-000000072F4D}
T{00000000-0000-0000-0000-0000002B51DE}
T{00000000-0000-0000-0000-0000001997CF}
T{00000000-0000-0000-0000-0000002B4638}
T{00000000-0000-0000-0000-0000000A8D18}
T{00000000-0000-0000-0000-000000168925}
T{00000000-0000-0000-0000-0000002B3C5D}
T{00000000-0000-0000-0000-000000296AE2}
T{00000000-0000-0000-0000-0000000D9CC7}
T{00000000-0000-0000-0000-0000002B3718}
T{00000000-0000-0000-0000-0000000C5C8E}
T{00000000-0000-0000-0000-0000002B3402}
F{00000000-0000-0000-0000-0000002B300E}
T{00000000-0000-0000-0000-00000009E7CA}
T{00000000-0000-0000-0000-0000002A19C4}
T{00000000-0000-0000-0000-00000010567B}
T{00000000-0000-0000-0000-00000030C823}
F{00000000-0000-0000-0000-0000002B2399}
T{00000000-0000-0000-0000-0000000B38BF}
T{00000000-0000-0000-0000-00000019484E}
T{00000000-0000-0000-0000-0000002B18A2}
T{00000000-0000-0000-0000-0000000FC070}
T{00000000-0000-0000-0000-00000027CCB1}
T{00000000-0000-0000-0000-0000002B1782}
T{00000000-0000-0000-0000-00000000E67B}
F{00000000-0000-0000-0000-00000007EFDF}
T{00000000-0000-0000-0000-00000026BDC4}
T{00000000-0000-0000-0000-000000248725}
T{00000000-0000-0000-0000-000000063DF8}
T{00000000-0000-0000-0000-0000001D7871}
T{00000000-0000-0000-0000-0000000FD34A}
T{00000000-0000-0000-0000-0000002AF877}
T{00000000-0000-0000-0000-000000028823}
T{00000000-0000-0000-0000-00000014E39F}
T{00000000-0000-0000-0000-0000002C6839}
