F{00000000-0000-0000-0000-0000002E0E9F}
F{00000000-0000-0000-0000-000000277E2B}
F{00000000-0000-0000-0000-0000000D199E}
F{00000000-0000-0000-0000-00000025D7DD}
T{00000000-0000-0000-0000-0000002E0E9F}
F{00000000-0000-0000-0000-000000277E2B}
F{00000000-0000-0000-0000-0000000D199E}
F{00000000-0000-0000-0000-00000025D7DD}
T{00000000-0000-0000-0000-0000002B300E}
T{00000000-0000-0000-0000-0000003171C7}
T{00000000-0000-0000-0000-0000002640E9}
T{00000000-0000-0000-0000-0000002C06BA}
T{00000000-0000-0000-0000-00000025D7DD}
F{00000000-0000-0000-0000-0000002CDFC9}
F{00000000-0000-0000-0000-0000002691F5}
F{00000000-0000-0000-0000-000000278875}
F{00000000-0000-0000-0000-0000001282E8}
T{00000000-0000-0000-0000-0000002E0E9F}
F{00000000-0000-0000-0000-0000001056F7}
T{00000000-0000-0000-0000-0000000D9181}
T{00000000-0000-0000-0000-0000000AC79A}
F{00000000-0000-0000-0000-000000122CB0}
T{00000000-0000-0000-0000-0000000604DA}
F{00000000-0000-0000-0000-000000277E2B}
T{00000000-0000-0000-0000-0000000D199E}
T{00000000-0000-0000-0000-000000265F80}
T{00000000-0000-0000-0000-00000019484E}
T{00000000-0000-0000-0000-00000007EFDF}
T{00000000-0000-0000-0000-0000002C74C9}
T{00000000-0000-0000-0000-0000000CEA36}
T{00000000-0000-0000-0000-000000090B1E}
F{00000000-0000-0000-0000-0000001278AF}
F{00000000-0000-0000-0000-00000015BDE3}
F{00000000-0000-0000-0000-0000002B2399}
T{00000000-0000-0000-0000-000000212CBD}
T{00000000-0000-0000-0000-00000029E184}
F{00000000-0000-0000-0000-0000002D4147}
F{00000000-0000-0000-0000-0000000D0CBC}
T{00000000-0000-0000-0000-00000028D056}
T{00000000-0000-0000-0000-0000000A5811}
F{00000000-0000-0000-0000-000000122CB0}
F{00000000-0000-0000-0000-0000001278AF}
T{00000000-0000-0000-0000-000000090B1E}
F{00000000-0000-0000-0000-0000002D4147}
T{00000000-0000-0000-0000-00000007EFDF}
F{00000000-0000-0000-0000-00000015BDE3}
F{00000000-0000-0000-0000-0000002CDFC9}
F{00000000-0000-0000-0000-0000000D0CBC}
T{00000000-0000-0000-0000-0000003171C7}
T{00000000-0000-0000-0000-0000002C06BA}
T{00000000-0000-0000-0000-0000002B300E}
T{00000000-0000-0000-0000-000000265F80}
T{00000000-0000-0000-0000-0000002B2399}
T{00000000-0000-0000-0000-0000000AC79A}
T{00000000-0000-0000-0000-00000028D056}
F{00000000-0000-0000-0000-000000277E2B}
T{00000000-0000-0000-0000-0000002E0E9F}
T{00000000-0000-0000-0000-0000002640E9}
F{00000000-0000-0000-0000-0000002691F5}
T{00000000-0000-0000-0000-0000002C74C9}
T{00000000-0000-0000-0000-0000000D199E}
T{00000000-0000-0000-0000-0000000D9181}
T{00000000-0000-0000-0000-00000025D7DD}
T{00000000-0000-0000-0000-00000017143E}
T{00000000-0000-0000-0000-000000137E88}
T{00000000-0000-0000-0000-00000002BAC9}
T{00000000-0000-0000-0000-0000000FD379}
T{00000000-0000-0000-0000-0000002BA367}
T{00000000-0000-0000-0000-00000020C7F6}
T{00000000-0000-0000-0000-0000002FBC82}
T{00000000-0000-0000-0000-000000037C08}
T{00000000-0000-0000-0000-00000009E6E1}
T{00000000-0000-0000-0000-000000090872}
T{00000000-0000-0000-0000-0000002BA127}
T{00000000-0000-0000-0000-0000000AC34F}
T{00000000-0000-0000-0000-00000001A4B8}
T{00000000-0000-0000-0000-0000000CEF32}
T{00000000-0000-0000-0000-000000334A1E}
T{00000000-0000-0000-0000-0000002834B4}
T{00000000-0000-0000-0000-00000014868B}
T{00000000-0000-0000-0000-0000000BA9FB}
T{00000000-0000-0000-0000-0000000126A8}
T{00000000-0000-0000-0000-0000000821BC}
T{00000000-0000-0000-0000-0000001F9DE7}
T{00000000-0000-0000-0000-000000167F15}
T{00000000-0000-0000-0000-00000022FC35}
T{00000000-0000-0000-0000-00000011D4C2}
T{00000000-0000-0000-0000-0000002E0F9F}
T{00000000-0000-0000-0000-000000125F54}
T{00000000-0000-0000-0000-0000002B59AA}
T{00000000-0000-0000-0000-00000000B68C}
T{00000000-0000-0000-0000-000000213B22}
T{00000000-0000-0000-0000-00000009A203}
T{00000000-0000-0000-0000-000000155819}
T{00000000-0000-0000-0000-0000000F020F}
T{00000000-0000-0000-0000-0000000323EB}
T{00000000-0000-0000-0000-000000321648}
T{00000000-0000-0000-0000-00000019D25D}
T{00000000-0000-0000-0000-0000000E46CE}
T{00000000-0000-0000-0000-000000008C68}
T{00000000-0000-0000-0000-0000002301DA}
T{00000000-0000-0000-0000-00000013E506}
T{00000000-0000-0000-0000-00000017083A}
T{00000000-0000-0000-0000-000000028B01}
T{00000000-0000-0000-0000-0000001A143C}
T{00000000-0000-0000-0000-00000002EB21}
T{00000000-0000-0000-0000-0000002BDCEA}
T{00000000-0000-0000-0000-0000000096E3}
T{00000000-0000-0000-0000-00000019BEF5}
T{00000000-0000-0000-0000-00000000A0DB}
T{00000000-0000-0000-0000-000000299C69}
T{00000000-0000-0000-0000-000000155977}
T{00000000-0000-0000-0000-0000002EB572}
T{00000000-0000-0000-0000-0000001C6F76}
F{00000000-0000-0000-0000-00000032F43E}
F{00000000-0000-0000-0000-0000001CF128}
T{00000000-0000-0000-0000-000000108FAF}
T{00000000-0000-0000-0000-000000148746}
T{00000000-0000-0000-0000-0000002D0A1C}
T{00000000-0000-0000-0000-0000001919B7}
T{00000000-0000-0000-0000-0000000FD935}
T{00000000-0000-0000-0000-00000000ACA6}
T{00000000-0000-0000-0000-0000002DC1A8}
T{00000000-0000-0000-0000-0000000D2C9C}
T{00000000-0000-0000-0000-00000004F5F1}
T{00000000-0000-0000-0000-0000001F126B}
T{00000000-0000-0000-0000-000000066024}
T{00000000-0000-0000-0000-00000016554C}
T{00000000-0000-0000-0000-00000000AF9B}
T{00000000-0000-0000-0000-00000000B029}
T{00000000-0000-0000-0000-0000002A6EF1}
T{00000000-0000-0000-0000-000000152DBE}
T{00000000-0000-0000-0000-00000000B512}
T{00000000-0000-0000-0000-000000096B1A}
T{00000000-0000-0000-0000-00000009C0BF}
T{00000000-0000-0000-0000-000000086695}
T{00000000-0000-0000-0000-00000000BB92}
T{00000000-0000-0000-0000-0000000213AC}
T{00000000-0000-0000-0000-000000209AAF}
T{00000000-0000-0000-0000-00000000C66B}
T{00000000-0000-0000-0000-0000001398AA}
T{00000000-0000-0000-0000-0000001567B6}
T{00000000-0000-0000-0000-00000012A6B9}
T{00000000-0000-0000-0000-0000000478C7}
T{00000000-0000-0000-0000-00000000C85C}
T{00000000-0000-0000-0000-00000018AEF2}
T{00000000-0000-0000-0000-0000002D3412}
T{00000000-0000-0000-0000-0000001CF90F}
T{00000000-0000-0000-0000-00000000C8EC}
T{00000000-0000-0000-0000-00000011E025}
T{00000000-0000-0000-0000-00000019ED9F}
T{00000000-0000-0000-0000-00000007E567}
T{00000000-0000-0000-0000-00000016D55D}
T{00000000-0000-0000-0000-0000000CE287}
T{00000000-0000-0000-0000-00000011E234}
T{00000000-0000-0000-0000-00000030E6F7}
T{00000000-0000-0000-0000-0000000EE0FB}
T{00000000-0000-0000-0000-00000009F821}
T{00000000-0000-0000-0000-00000017E650}
T{00000000-0000-0000-0000-0000000BF87B}
T{00000000-0000-0000-0000-00000008E0F9}
T{00000000-0000-0000-0000-0000000A09D9}
T{00000000-0000-0000-0000-0000000F1842}
T{00000000-0000-0000-0000-00000001DE16}
T{00000000-0000-0000-0000-0000002C7819}
T{00000000-0000-0000-0000-0000000D024A}
T{00000000-0000-0000-0000-0000000483B8}
T{00000000-0000-0000-0000-00000021E781}
T{00000000-0000-0000-0000-0000000CE0A1}
T{00000000-0000-0000-0000-0000000D333F}
T{00000000-0000-0000-0000-00000007CA58}
T{00000000-0000-0000-0000-000000048F9B}
T{00000000-0000-0000-0000-000000028E2D}
T{00000000-0000-0000-0000-0000001EC930}
T{00000000-0000-0000-0000-000000018E32}
T{00000000-0000-0000-0000-000000248370}
T{00000000-0000-0000-0000-00000000DE8C}
T{00000000-0000-0000-0000-0000001ABB7B}
T{00000000-0000-0000-0000-00000000E7C3}
T{00000000-0000-0000-0000-00000000E103}
T{00000000-0000-0000-0000-0000002404ED}
T{00000000-0000-0000-0000-0000002D904D}
T{00000000-0000-0000-0000-0000003309DE}
T{00000000-0000-0000-0000-00000000E36B}
T{00000000-0000-0000-0000-00000017DECB}
T{00000000-0000-0000-0000-00000000E3FE}
T{00000000-0000-0000-0000-0000001445D8}
T{00000000-0000-0000-0000-00000027DC15}
T{00000000-0000-0000-0000-00000001195F}
T{00000000-0000-0000-0000-000000088596}
T{00000000-0000-0000-0000-000000043FA8}
T{00000000-0000-0000-0000-0000000C18FD}
T{00000000-0000-0000-0000-00000000E7E4}
T{00000000-0000-0000-0000-0000002736F1}
T{00000000-0000-0000-0000-000000335746}
T{00000000-0000-0000-0000-000000181874}
T{00000000-0000-0000-0000-0000001E232F}
T{00000000-0000-0000-0000-000000067F1B}
T{00000000-0000-0000-0000-00000033D857}
T{00000000-0000-0000-0000-00000013FE4D}
T{00000000-0000-0000-0000-00000008D824}
T{00000000-0000-0000-0000-000000142AFA}
T{00000000-0000-0000-0000-00000017DBE5}
T{00000000-0000-0000-0000-000000321C54}
T{00000000-0000-0000-0000-0000000345B8}
T{00000000-0000-0000-0000-000000244AD3}
T{00000000-0000-0000-0000-0000000DF4F9}
T{00000000-0000-0000-0000-0000001EA08F}
T{00000000-0000-0000-0000-000000076840}
T{00000000-0000-0000-0000-0000001B5C70}
T{00000000-0000-0000-0000-000000048DA0}
T{00000000-0000-0000-0000-000000011CD5}
T{00000000-0000-0000-0000-0000001BAAE6}
T{00000000-0000-0000-0000-0000002D7120}
T{00000000-0000-0000-0000-0000000FC907}
T{00000000-0000-0000-0000-00000019A0AC}
T{00000000-0000-0000-0000-0000000DF1C1}
T{00000000-0000-0000-0000-0000001AC169}
T{00000000-0000-0000-0000-000000122427}
T{00000000-0000-0000-0000-0000002F42E0}
T{00000000-0000-0000-0000-000000156985}
T{00000000-0000-0000-0000-000000049349}
T{00000000-0000-0000-0000-00000008CBD3}
T{00000000-0000-0000-0000-000000153085}
T{00000000-0000-0000-0000-0000000F0A21}
T{00000000-0000-0000-0000-000000198DC4}
T{00000000-0000-0000-0000-0000001CF32C}
T{00000000-0000-0000-0000-0000000D810E}
T{00000000-0000-0000-0000-0000000B8D46}
T{00000000-0000-0000-0000-0000001575D7}
T{00000000-0000-0000-0000-00000000F1EF}
T{00000000-0000-0000-0000-000000049E60}
T{00000000-0000-0000-0000-0000000DF116}
T{00000000-0000-0000-0000-000000034417}
T{00000000-0000-0000-0000-0000001739B0}
T{00000000-0000-0000-0000-00000009BB9B}
T{00000000-0000-0000-0000-000000213B13}
T{00000000-0000-0000-0000-0000001C26F2}
T{00000000-0000-0000-0000-00000000F2C2}
T{00000000-0000-0000-0000-0000002E2FAF}
T{00000000-0000-0000-0000-000000122E7A}
T{00000000-0000-0000-0000-000000096475}
T{00000000-0000-0000-0000-0000000506B7}
T{00000000-0000-0000-0000-0000001AC3C9}
T{00000000-0000-0000-0000-0000002ACA97}
T{00000000-0000-0000-0000-0000000D58E1}
T{00000000-0000-0000-0000-0000001E3D9C}
T{00000000-0000-0000-0000-000000124F32}
T{00000000-0000-0000-0000-00000004C492}
T{00000000-0000-0000-0000-0000001260DA}
T{00000000-0000-0000-0000-0000000A0A04}
T{00000000-0000-0000-0000-0000001167B8}
T{00000000-0000-0000-0000-000000179990}
T{00000000-0000-0000-0000-000000287886}
T{00000000-0000-0000-0000-0000002C0B69}
T{00000000-0000-0000-0000-00000013E943}
T{00000000-0000-0000-0000-0000001986D9}
T{00000000-0000-0000-0000-00000004CEEF}
T{00000000-0000-0000-0000-00000023CDFE}
T{00000000-0000-0000-0000-000000103047}
T{00000000-0000-0000-0000-0000001FE50F}
T{00000000-0000-0000-0000-0000000F3CC2}
T{00000000-0000-0000-0000-000000158C73}
T{00000000-0000-0000-0000-00000005500A}
T{00000000-0000-0000-0000-0000000DB941}
T{00000000-0000-0000-0000-00000000F426}
T{00000000-0000-0000-0000-0000002B5B30}
T{00000000-0000-0000-0000-00000005B5E6}
F{00000000-0000-0000-0000-000000039869}
T{00000000-0000-0000-0000-0000001626AA}
T{00000000-0000-0000-0000-0000001E3028}
T{00000000-0000-0000-0000-000000127E82}
T{00000000-0000-0000-0000-000000128102}
T{00000000-0000-0000-0000-00000019B2C9}
T{00000000-0000-0000-0000-0000002389C9}
T{00000000-0000-0000-0000-000000049195}
T{00000000-0000-0000-0000-000000306361}
T{00000000-0000-0000-0000-00000025A45B}
T{00000000-0000-0000-0000-00000008F299}
T{00000000-0000-0000-0000-00000023DA46}
T{00000000-0000-0000-0000-00000000F52C}
T{00000000-0000-0000-0000-0000002D0A6E}
T{00000000-0000-0000-0000-00000022DC3A}
T{00000000-0000-0000-0000-00000000F558}
T{00000000-0000-0000-0000-00000029C630}
T{00000000-0000-0000-0000-00000009E11D}
T{00000000-0000-0000-0000-0000000EB019}
T{00000000-0000-0000-0000-0000001D7268}
T{00000000-0000-0000-0000-0000001C71D0}
T{00000000-0000-0000-0000-00000029A5E0}
T{00000000-0000-0000-0000-00000008072A}
T{00000000-0000-0000-0000-00000026B6F2}
T{00000000-0000-0000-0000-000000159F9E}
T{00000000-0000-0000-0000-0000001DC846}
T{00000000-0000-0000-0000-0000000CA14E}
T{00000000-0000-0000-0000-0000001595DC}
T{00000000-0000-0000-0000-00000004E57A}
T{00000000-0000-0000-0000-000000233D90}
T{00000000-0000-0000-0000-0000000F1562}
T{00000000-0000-0000-0000-00000010FA68}
T{00000000-0000-0000-0000-0000002D517B}
T{00000000-0000-0000-0000-00000004EB9D}
T{00000000-0000-0000-0000-000000199840}
T{00000000-0000-0000-0000-0000001111EB}
T{00000000-0000-0000-0000-000000272702}
T{00000000-0000-0000-0000-0000001DD373}
T{00000000-0000-0000-0000-0000000342F8}
T{00000000-0000-0000-0000-0000001FCE00}
T{00000000-0000-0000-0000-00000024E792}
T{00000000-0000-0000-0000-00000006D67D}
T{00000000-0000-0000-0000-0000002E00AF}
T{00000000-0000-0000-0000-00000023BDED}
T{00000000-0000-0000-0000-00000012D2A3}
T{00000000-0000-0000-0000-0000000F0CB2}
T{00000000-0000-0000-0000-000000059D2F}
T{00000000-0000-0000-0000-0000002007A4}
T{00000000-0000-0000-0000-0000000A8631}
T{00000000-0000-0000-0000-000000318CBC}
T{00000000-0000-0000-0000-0000000114A4}
T{00000000-0000-0000-0000-00000012E04C}
F{00000000-0000-0000-0000-000000040787}
T{00000000-0000-0000-0000-0000001986F5}
T{00000000-0000-0000-0000-0000000FC893}
T{00000000-0000-0000-0000-0000000114A7}
T{00000000-0000-0000-0000-0000000BCA0B}
T{00000000-0000-0000-0000-00000003193E}
T{00000000-0000-0000-0000-00000020EE6C}
T{00000000-0000-0000-0000-00000015C2BD}
T{00000000-0000-0000-0000-0000000115BC}
T{00000000-0000-0000-0000-0000001FF94D}
T{00000000-0000-0000-0000-000000270979}
T{00000000-0000-0000-0000-00000012FB9E}
T{00000000-0000-0000-0000-0000000CBD5A}
T{00000000-0000-0000-0000-00000007F0A5}
T{00000000-0000-0000-0000-000000118F02}
T{00000000-0000-0000-0000-000000051120}
T{00000000-0000-0000-0000-0000000A232E}
T{00000000-0000-0000-0000-0000002E9470}
T{00000000-0000-0000-0000-0000001CFD2A}
T{00000000-0000-0000-0000-0000000349E5}
T{00000000-0000-0000-0000-0000001972CE}
T{00000000-0000-0000-0000-00000019922D}
T{00000000-0000-0000-0000-000000051289}
T{00000000-0000-0000-0000-00000026EE19}
T{00000000-0000-0000-0000-00000002D877}
T{00000000-0000-0000-0000-00000007F0B1}
T{00000000-0000-0000-0000-00000033931C}
T{00000000-0000-0000-0000-00000018CD3C}
T{00000000-0000-0000-0000-00000017C277}
T{00000000-0000-0000-0000-00000001E845}
T{00000000-0000-0000-0000-0000001DBCDA}
T{00000000-0000-0000-0000-0000002EE5CF}
T{00000000-0000-0000-0000-000000176874}
T{00000000-0000-0000-0000-0000002EE38F}
T{00000000-0000-0000-0000-00000005C4F5}
T{00000000-0000-0000-0000-0000002EDF9D}
T{00000000-0000-0000-0000-0000002EDDCB}
T{00000000-0000-0000-0000-0000002ED065}
T{00000000-0000-0000-0000-0000000120E0}
T{00000000-0000-0000-0000-0000002ED01C}
T{00000000-0000-0000-0000-0000002ECDE4}
T{00000000-0000-0000-0000-000000076690}
T{00000000-0000-0000-0000-00000001271F}
T{00000000-0000-0000-0000-0000002ECC1F}
F{00000000-0000-0000-0000-000000325B65}
T{00000000-0000-0000-0000-00000026725A}
T{00000000-0000-0000-0000-0000002EC38F}
T{00000000-0000-0000-0000-0000002EC345}
T{00000000-0000-0000-0000-00000016A724}
T{00000000-0000-0000-0000-0000001A3F28}
T{00000000-0000-0000-0000-0000000D34BE}
T{00000000-0000-0000-0000-0000002EB7BA}
T{00000000-0000-0000-0000-0000002EB627}
T{00000000-0000-0000-0000-0000001042F6}
T{00000000-0000-0000-0000-0000000DC09C}
T{00000000-0000-0000-0000-0000000129E4}
T{00000000-0000-0000-0000-0000002EB124}
T{00000000-0000-0000-0000-000000031C04}
T{00000000-0000-0000-0000-0000000FB6AA}
T{00000000-0000-0000-0000-00000010557B}
T{00000000-0000-0000-0000-0000002E991A}
T{00000000-0000-0000-0000-00000019AD8A}
T{00000000-0000-0000-0000-0000002E94D3}
T{00000000-0000-0000-0000-000000306C34}
T{00000000-0000-0000-0000-0000002E94C2}
F{00000000-0000-0000-0000-0000002A0033}
T{00000000-0000-0000-0000-0000002E9332}
T{00000000-0000-0000-0000-0000002E92B0}
T{00000000-0000-0000-0000-0000002E9142}
T{00000000-0000-0000-0000-0000002E90E7}
T{00000000-0000-0000-0000-0000002E8EE3}
T{00000000-0000-0000-0000-0000002E8886}
T{00000000-0000-0000-0000-0000002E6FAE}
T{00000000-0000-0000-0000-0000000F1793}
T{00000000-0000-0000-0000-0000001EA7C7}
T{00000000-0000-0000-0000-0000002E6E0D}
T{00000000-0000-0000-0000-0000001EA34E}
T{00000000-0000-0000-0000-0000002E66A0}
T{00000000-0000-0000-0000-0000002E5658}
T{00000000-0000-0000-0000-0000002E5009}
T{00000000-0000-0000-0000-00000007C7D7}
T{00000000-0000-0000-0000-0000002F81C4}
T{00000000-0000-0000-0000-0000002E4BCD}
T{00000000-0000-0000-0000-0000001384B6}
T{00000000-0000-0000-0000-0000002E4BA1}
T{00000000-0000-0000-0000-0000002E4B95}
T{00000000-0000-0000-0000-00000007F1FD}
T{00000000-0000-0000-0000-000000318C3C}
T{00000000-0000-0000-0000-0000000D48CA}
T{00000000-0000-0000-0000-00000032FCF7}
T{00000000-0000-0000-0000-0000000344B7}
T{00000000-0000-0000-0000-0000000914D8}
T{00000000-0000-0000-0000-00000012D3D4}
T{00000000-0000-0000-0000-0000002E26E2}
T{00000000-0000-0000-0000-0000001D9DB3}
T{00000000-0000-0000-0000-0000002E1A4D}
T{00000000-0000-0000-0000-0000002E0FBD}
T{00000000-0000-0000-0000-000000014A1C}
T{00000000-0000-0000-0000-0000002E0958}
T{00000000-0000-0000-0000-0000002E4CC1}
T{00000000-0000-0000-0000-00000020F2D8}
T{00000000-0000-0000-0000-0000002E0556}
T{00000000-0000-0000-0000-00000015ABCA}
T{00000000-0000-0000-0000-0000000526D0}
T{00000000-0000-0000-0000-000000207653}
T{00000000-0000-0000-0000-0000002E01AF}
T{00000000-0000-0000-0000-0000001D05EC}
T{00000000-0000-0000-0000-0000002DFEE2}
T{00000000-0000-0000-0000-0000002DF876}
T{00000000-0000-0000-0000-000000049ED1}
T{00000000-0000-0000-0000-0000002DEEA9}
T{00000000-0000-0000-0000-0000002DD910}
T{00000000-0000-0000-0000-00000002991C}
T{00000000-0000-0000-0000-00000031AC68}
T{00000000-0000-0000-0000-0000002DC50B}
T{00000000-0000-0000-0000-0000002DB934}
T{00000000-0000-0000-0000-0000002DB7B0}
T{00000000-0000-0000-0000-0000002DB699}
T{00000000-0000-0000-0000-000000137837}
T{00000000-0000-0000-0000-0000002DB47C}
T{00000000-0000-0000-0000-0000002DAF08}
T{00000000-0000-0000-0000-000000014DE2}
T{00000000-0000-0000-0000-0000001ABA49}
T{00000000-0000-0000-0000-00000010DEFA}
T{00000000-0000-0000-0000-0000000CF806}
T{00000000-0000-0000-0000-0000002D98E1}
T{00000000-0000-0000-0000-0000002D8F80}
T{00000000-0000-0000-0000-000000014EC4}
T{00000000-0000-0000-0000-0000001024E5}
T{00000000-0000-0000-0000-0000002D666D}
T{00000000-0000-0000-0000-000000014FA5}
T{00000000-0000-0000-0000-0000002E037C}
T{00000000-0000-0000-0000-0000002D5C97}
T{00000000-0000-0000-0000-00000019EF1D}
T{00000000-0000-0000-0000-0000002D59C0}
T{00000000-0000-0000-0000-0000002D5954}
T{00000000-0000-0000-0000-0000002D5502}
T{00000000-0000-0000-0000-0000000A9245}
T{00000000-0000-0000-0000-000000146C39}
T{00000000-0000-0000-0000-000000226B1E}
T{00000000-0000-0000-0000-0000002D50CD}
T{00000000-0000-0000-0000-0000002E40E3}
T{00000000-0000-0000-0000-0000002D4E8E}
T{00000000-0000-0000-0000-0000000160AC}
T{00000000-0000-0000-0000-0000000160B6}
T{00000000-0000-0000-0000-0000000165C2}
T{00000000-0000-0000-0000-0000002D4345}
T{00000000-0000-0000-0000-0000002D42E4}
T{00000000-0000-0000-0000-0000000DD4ED}
T{00000000-0000-0000-0000-0000002D3F9E}
T{00000000-0000-0000-0000-0000002D3E8C}
T{00000000-0000-0000-0000-0000002D3CBB}
T{00000000-0000-0000-0000-0000001346D0}
T{00000000-0000-0000-0000-0000000F2462}
T{00000000-0000-0000-0000-00000023077D}
T{00000000-0000-0000-0000-0000001AB44C}
T{00000000-0000-0000-0000-000000017A3B}
T{00000000-0000-0000-0000-000000017C1A}
T{00000000-0000-0000-0000-0000000D1941}
T{00000000-0000-0000-0000-0000002AE3DC}
T{00000000-0000-0000-0000-00000004983B}
T{00000000-0000-0000-0000-000000134721}
T{00000000-0000-0000-0000-00000021DB21}
T{00000000-0000-0000-0000-00000005F74F}
T{00000000-0000-0000-0000-0000002D06C5}
T{00000000-0000-0000-0000-0000002B8A51}
T{00000000-0000-0000-0000-000000285B6E}
T{00000000-0000-0000-0000-00000016D4B1}
T{00000000-0000-0000-0000-0000002CF0AB}
T{00000000-0000-0000-0000-0000002CF075}
T{00000000-0000-0000-0000-0000002CEE5F}
T{00000000-0000-0000-0000-0000001EF69C}
T{00000000-0000-0000-0000-0000002CEAAC}
T{00000000-0000-0000-0000-00000005450B}
T{00000000-0000-0000-0000-0000002CE877}
T{00000000-0000-0000-0000-0000002CE4BA}
T{00000000-0000-0000-0000-00000005942A}
T{00000000-0000-0000-0000-00000021D053}
T{00000000-0000-0000-0000-0000000DA2B8}
T{00000000-0000-0000-0000-0000000CF3B4}
T{00000000-0000-0000-0000-0000001CBD07}
T{00000000-0000-0000-0000-000000080D3D}
T{00000000-0000-0000-0000-00000001DFF8}
T{00000000-0000-0000-0000-00000022473F}
T{00000000-0000-0000-0000-00000009C50C}
F{00000000-0000-0000-0000-000000019910}
T{00000000-0000-0000-0000-0000002CD371}
T{00000000-0000-0000-0000-00000014A3DF}
T{00000000-0000-0000-0000-0000002CC8D4}
T{00000000-0000-0000-0000-00000002EEBB}
T{00000000-0000-0000-0000-0000002CC4A3}
T{00000000-0000-0000-0000-0000002CAFDF}
T{00000000-0000-0000-0000-000000194966}
T{00000000-0000-0000-0000-0000002CA95A}
T{00000000-0000-0000-0000-000000311C12}
T{00000000-0000-0000-0000-0000002CA81B}
T{00000000-0000-0000-0000-000000135FB9}
T{00000000-0000-0000-0000-00000006DA0D}
T{00000000-0000-0000-0000-000000147F5A}
T{00000000-0000-0000-0000-0000002C9D0E}
