F{00000000-0000-0000-0000-0000002D4147}
T{00000000-0000-0000-0000-000000122CB0}
F{00000000-0000-0000-0000-0000002CDFC9}
T{00000000-0000-0000-0000-0000002D4147}
T{00000000-0000-0000-0000-000000122CB0}
T{00000000-0000-0000-0000-0000002CDFC9}
F{00000000-0000-0000-0000-00000025D7DD}
T{00000000-0000-0000-0000-0000002B2399}
T{00000000-0000-0000-0000-0000000DEE47}
F{00000000-0000-0000-0000-0000001056F7}
F{00000000-0000-0000-0000-000000122CB0}
F{00000000-0000-0000-0000-0000002CDFC9}
T{00000000-0000-0000-0000-0000001C7B17}
T{00000000-0000-0000-0000-0000002691F5}
T{00000000-0000-0000-0000-0000001278AF}
T{00000000-0000-0000-0000-0000001C43DD}
T{00000000-0000-0000-0000-0000000D0DDB}
F{00000000-0000-0000-0000-0000000D199E}
T{00000000-0000-0000-0000-000000040787}
T{00000000-0000-0000-0000-000000039869}
T{00000000-0000-0000-0000-00000032F43E}
T{00000000-0000-0000-0000-000000264C56}
T{00000000-0000-0000-0000-0000000077BD}
T{00000000-0000-0000-0000-00000033C0DE}
T{00000000-0000-0000-0000-00000002A54C}
T{00000000-0000-0000-0000-0000000411D2}
F{00000000-0000-0000-0000-0000002A0033}
F{00000000-0000-0000-0000-000000278875}
T{00000000-0000-0000-0000-000000325B65}
T{00000000-0000-0000-0000-000000299A46}
T{00000000-0000-0000-0000-0000001CF128}
T{00000000-0000-0000-0000-00000022E947}
F{00000000-0000-0000-0000-0000002D4147}
T{00000000-0000-0000-0000-000000044047}
F{00000000-0000-0000-0000-0000002F0787}
F{00000000-0000-0000-0000-000000108B3B}
T{00000000-0000-0000-0000-0000001282E8}
T{00000000-0000-0000-0000-000000062FD1}
T{00000000-0000-0000-0000-000000019910}
F{00000000-0000-0000-0000-000000023EC7}
T{00000000-0000-0000-0000-0000000F7B7F}
F{00000000-0000-0000-0000-0000002D4147}
T{00000000-0000-0000-0000-000000122CB0}
F{00000000-0000-0000-0000-0000002CDFC9}
T{00000000-0000-0000-0000-00000014BF21}
T{00000000-0000-0000-0000-000000291279}
T{00000000-0000-0000-0000-0000002ACC91}
T{00000000-0000-0000-0000-000000290B0D}
T{00000000-0000-0000-0000-000000224556}
T{00000000-0000-0000-0000-000000096470}
T{00000000-0000-0000-0000-000000223B03}
T{00000000-0000-0000-0000-0000000C70C2}
T{00000000-0000-0000-0000-00000029FC3C}
T{00000000-0000-0000-0000-0000002225A2}
T{00000000-0000-0000-0000-00000022712E}
T{00000000-0000-0000-0000-00000008945C}
T{00000000-0000-0000-0000-0000002D5BA3}
T{00000000-0000-0000-0000-0000001AF722}
T{00000000-0000-0000-0000-0000002217F8}
T{00000000-0000-0000-0000-0000002211D5}
T{00000000-0000-0000-0000-00000028FBBD}
T{00000000-0000-0000-0000-00000028F298}
T{00000000-0000-0000-0000-000000091C36}
T{00000000-0000-0000-0000-000000220937}
T{00000000-0000-0000-0000-0000002205A3}
T{00000000-0000-0000-0000-0000002204A2}
T{00000000-0000-0000-0000-00000000A029}
T{00000000-0000-0000-0000-000000218F1C}
T{00000000-0000-0000-0000-00000028EF2F}
T{00000000-0000-0000-0000-00000028EEF1}
T{00000000-0000-0000-0000-00000028EC87}
T{00000000-0000-0000-0000-00000021F631}
T{00000000-0000-0000-0000-0000001577FA}
T{00000000-0000-0000-0000-00000021F0C7}
T{00000000-0000-0000-0000-00000028EB39}
T{00000000-0000-0000-0000-0000000D1C66}
T{00000000-0000-0000-0000-00000021EADC}
T{00000000-0000-0000-0000-00000021E6D0}
T{00000000-0000-0000-0000-0000001129BA}
T{00000000-0000-0000-0000-000000067730}
T{00000000-0000-0000-0000-00000028CCE8}
T{00000000-0000-0000-0000-00000009D5B6}
T{00000000-0000-0000-0000-0000001BF328}
T{00000000-0000-0000-0000-00000015781E}
T{00000000-0000-0000-0000-000000001EE5}
T{00000000-0000-0000-0000-00000021DDE9}
T{00000000-0000-0000-0000-00000028C612}
T{00000000-0000-0000-0000-00000028B711}
T{00000000-0000-0000-0000-0000002734C4}
T{00000000-0000-0000-0000-0000000C4E30}
T{00000000-0000-0000-0000-00000021D538}
T{00000000-0000-0000-0000-00000028B072}
T{00000000-0000-0000-0000-00000021D238}
T{00000000-0000-0000-0000-00000012235C}
T{00000000-0000-0000-0000-0000000C4A02}
T{00000000-0000-0000-0000-00000028ADFB}
T{00000000-0000-0000-0000-000000331AF9}
T{00000000-0000-0000-0000-00000028AD47}
T{00000000-0000-0000-0000-00000026CC61}
T{00000000-0000-0000-0000-0000000C46EE}
T{00000000-0000-0000-0000-0000000DA228}
T{00000000-0000-0000-0000-0000002DEE42}
T{00000000-0000-0000-0000-0000000C3934}
T{00000000-0000-0000-0000-000000094B97}
T{00000000-0000-0000-0000-0000002AD8C9}
T{00000000-0000-0000-0000-0000000C367E}
T{00000000-0000-0000-0000-00000021C834}
T{00000000-0000-0000-0000-0000000EBD37}
T{00000000-0000-0000-0000-00000021A404}
T{00000000-0000-0000-0000-0000000FAA12}
T{00000000-0000-0000-0000-0000002CE1D9}
T{00000000-0000-0000-0000-000000218924}
T{00000000-0000-0000-0000-00000031670E}
T{00000000-0000-0000-0000-0000002898BE}
T{00000000-0000-0000-0000-0000000C2619}
T{00000000-0000-0000-0000-00000015B5F2}
T{00000000-0000-0000-0000-0000000C1DCA}
T{00000000-0000-0000-0000-0000002995E2}
T{00000000-0000-0000-0000-00000028988B}
T{00000000-0000-0000-0000-00000021855A}
T{00000000-0000-0000-0000-000000310439}
T{00000000-0000-0000-0000-00000008978C}
T{00000000-0000-0000-0000-0000000C17BA}
T{00000000-0000-0000-0000-000000288A42}
T{00000000-0000-0000-0000-000000288489}
T{00000000-0000-0000-0000-000000216A40}
T{00000000-0000-0000-0000-0000002168E5}
T{00000000-0000-0000-0000-000000163148}
T{00000000-0000-0000-0000-000000098503}
T{00000000-0000-0000-0000-0000000F9D31}
T{00000000-0000-0000-0000-00000009DB7E}
T{00000000-0000-0000-0000-000000216360}
T{00000000-0000-0000-0000-0000000BF91D}
T{00000000-0000-0000-0000-00000029E2F7}
T{00000000-0000-0000-0000-0000000C98F9}
T{00000000-0000-0000-0000-0000000E76FF}
T{00000000-0000-0000-0000-0000000FDA60}
T{00000000-0000-0000-0000-00000024C2C4}
T{00000000-0000-0000-0000-00000009C0D7}
T{00000000-0000-0000-0000-000000287862}
T{00000000-0000-0000-0000-000000215BF5}
T{00000000-0000-0000-0000-000000287843}
T{00000000-0000-0000-0000-00000030E904}
T{00000000-0000-0000-0000-0000000BF71F}
F{00000000-0000-0000-0000-0000002843CE}
T{00000000-0000-0000-0000-0000002159DF}
T{00000000-0000-0000-0000-0000000982BB}
T{00000000-0000-0000-0000-000000283F32}
T{00000000-0000-0000-0000-0000002836F3}
T{00000000-0000-0000-0000-0000000689A3}
T{00000000-0000-0000-0000-0000002836BF}
T{00000000-0000-0000-0000-00000028335F}
T{00000000-0000-0000-0000-0000000C5C77}
T{00000000-0000-0000-0000-000000321595}
T{00000000-0000-0000-0000-00000012206F}
T{00000000-0000-0000-0000-0000000D9F8F}
T{00000000-0000-0000-0000-000000215348}
T{00000000-0000-0000-0000-0000000FB28B}
T{00000000-0000-0000-0000-0000002B4B44}
T{00000000-0000-0000-0000-000000282AB5}
T{00000000-0000-0000-0000-0000002821FA}
T{00000000-0000-0000-0000-0000002E9779}
T{00000000-0000-0000-0000-000000281EFC}
T{00000000-0000-0000-0000-000000281EF9}
T{00000000-0000-0000-0000-00000028CBAD}
T{00000000-0000-0000-0000-000000318867}
T{00000000-0000-0000-0000-00000029A138}
T{00000000-0000-0000-0000-000000157DBE}
T{00000000-0000-0000-0000-000000281B23}
T{00000000-0000-0000-0000-00000028073D}
T{00000000-0000-0000-0000-0000002805D1}
T{00000000-0000-0000-0000-000000205C4B}
T{00000000-0000-0000-0000-00000009BD2B}
T{00000000-0000-0000-0000-0000000BDF94}
T{00000000-0000-0000-0000-0000002B448D}
T{00000000-0000-0000-0000-00000028049F}
T{00000000-0000-0000-0000-0000001F136D}
T{00000000-0000-0000-0000-0000000CE301}
T{00000000-0000-0000-0000-00000026BEA4}
T{00000000-0000-0000-0000-0000000899F4}
T{00000000-0000-0000-0000-0000000BD5EC}
T{00000000-0000-0000-0000-00000008A1FF}
T{00000000-0000-0000-0000-000000210F79}
T{00000000-0000-0000-0000-00000009E1BD}
T{00000000-0000-0000-0000-000000333D98}
T{00000000-0000-0000-0000-00000022CD5A}
T{00000000-0000-0000-0000-000000091CFD}
T{00000000-0000-0000-0000-0000000BD0B4}
T{00000000-0000-0000-0000-000000069126}
T{00000000-0000-0000-0000-00000027F196}
T{00000000-0000-0000-0000-00000030EB33}
T{00000000-0000-0000-0000-00000027ED77}
T{00000000-0000-0000-0000-0000002D8997}
T{00000000-0000-0000-0000-0000000A17CD}
T{00000000-0000-0000-0000-00000027D7FB}
T{00000000-0000-0000-0000-0000000D9C87}
T{00000000-0000-0000-0000-00000027D4EC}
T{00000000-0000-0000-0000-00000008A962}
T{00000000-0000-0000-0000-00000017704A}
T{00000000-0000-0000-0000-000000069F05}
T{00000000-0000-0000-0000-00000027C73E}
T{00000000-0000-0000-0000-0000001B9E6D}
T{00000000-0000-0000-0000-00000008AE69}
T{00000000-0000-0000-0000-0000000BC15F}
T{00000000-0000-0000-0000-00000009779C}
T{00000000-0000-0000-0000-0000000C98C0}
T{00000000-0000-0000-0000-00000020CCCA}
T{00000000-0000-0000-0000-00000027B09F}
T{00000000-0000-0000-0000-000000290564}
T{00000000-0000-0000-0000-00000027AF4C}
T{00000000-0000-0000-0000-0000002B5A2A}
T{00000000-0000-0000-0000-0000000D1A2C}
T{00000000-0000-0000-0000-0000000D2E16}
T{00000000-0000-0000-0000-00000027AD7A}
T{00000000-0000-0000-0000-00000027AA03}
T{00000000-0000-0000-0000-000000137D7D}
T{00000000-0000-0000-0000-00000027A869}
T{00000000-0000-0000-0000-00000027A2FF}
T{00000000-0000-0000-0000-0000002AA390}
T{00000000-0000-0000-0000-000000279F08}
T{00000000-0000-0000-0000-000000093E76}
T{00000000-0000-0000-0000-0000000BAE5B}
T{00000000-0000-0000-0000-0000000ECD5A}
T{00000000-0000-0000-0000-0000001F2EF0}
T{00000000-0000-0000-0000-000000278ECA}
T{00000000-0000-0000-0000-000000278D61}
T{00000000-0000-0000-0000-00000011659A}
T{00000000-0000-0000-0000-000000249E86}
T{00000000-0000-0000-0000-000000287466}
T{00000000-0000-0000-0000-0000000D48EA}
T{00000000-0000-0000-0000-00000007E169}
T{00000000-0000-0000-0000-00000027893E}
T{00000000-0000-0000-0000-0000000ED444}
T{00000000-0000-0000-0000-0000001FA947}
T{00000000-0000-0000-0000-00000006D12C}
T{00000000-0000-0000-0000-0000001DB905}
T{00000000-0000-0000-0000-00000011693B}
T{00000000-0000-0000-0000-00000028B011}
T{00000000-0000-0000-0000-00000020F530}
T{00000000-0000-0000-0000-0000002CAE37}
T{00000000-0000-0000-0000-0000000BD634}
T{00000000-0000-0000-0000-000000224301}
T{00000000-0000-0000-0000-000000193CDB}
T{00000000-0000-0000-0000-000000275B47}
T{00000000-0000-0000-0000-0000000E4A06}
T{00000000-0000-0000-0000-0000000D648E}
T{00000000-0000-0000-0000-0000000D80FB}
T{00000000-0000-0000-0000-00000006D98C}
T{00000000-0000-0000-0000-0000002754F6}
T{00000000-0000-0000-0000-0000000D0A5A}
T{00000000-0000-0000-0000-0000000A17A4}
T{00000000-0000-0000-0000-0000000D8138}
T{00000000-0000-0000-0000-00000006DFFB}
T{00000000-0000-0000-0000-000000273789}
T{00000000-0000-0000-0000-0000000D8AD8}
T{00000000-0000-0000-0000-00000027350B}
T{00000000-0000-0000-0000-00000020F379}
T{00000000-0000-0000-0000-0000002D0ADD}
T{00000000-0000-0000-0000-0000000BE0B1}
T{00000000-0000-0000-0000-0000000411D2}
T{00000000-0000-0000-0000-000000273294}
T{00000000-0000-0000-0000-0000000D8B5B}
T{00000000-0000-0000-0000-000000271E52}
T{00000000-0000-0000-0000-0000002710FF}
T{00000000-0000-0000-0000-00000027D16D}
T{00000000-0000-0000-0000-000000270F6A}
T{00000000-0000-0000-0000-00000017F950}
T{00000000-0000-0000-0000-000000270E59}
T{00000000-0000-0000-0000-00000008AE60}
T{00000000-0000-0000-0000-0000001BD3E4}
T{00000000-0000-0000-0000-00000030EAB3}
T{00000000-0000-0000-0000-0000000D8E6B}
T{00000000-0000-0000-0000-000000270D4D}
T{00000000-0000-0000-0000-00000020CA98}
T{00000000-0000-0000-0000-0000001FF9F1}
T{00000000-0000-0000-0000-0000000F16A3}
T{00000000-0000-0000-0000-00000020C4D7}
T{00000000-0000-0000-0000-00000020C4D2}
T{00000000-0000-0000-0000-000000330CF4}
T{00000000-0000-0000-0000-00000020C386}
T{00000000-0000-0000-0000-0000001BD2AC}
T{00000000-0000-0000-0000-000000104D8A}
T{00000000-0000-0000-0000-0000000B7E95}
T{00000000-0000-0000-0000-000000187E87}
T{00000000-0000-0000-0000-000000316671}
T{00000000-0000-0000-0000-00000011A9FB}
T{00000000-0000-0000-0000-000000270685}
T{00000000-0000-0000-0000-00000014196D}
T{00000000-0000-0000-0000-000000176DAA}
T{00000000-0000-0000-0000-00000011AAE4}
T{00000000-0000-0000-0000-00000011B25C}
T{00000000-0000-0000-0000-00000020BA87}
T{00000000-0000-0000-0000-000000279364}
T{00000000-0000-0000-0000-0000002701BE}
T{00000000-0000-0000-0000-0000001D28F2}
T{00000000-0000-0000-0000-00000011BAB8}
T{00000000-0000-0000-0000-000000270108}
T{00000000-0000-0000-0000-00000011BF80}
T{00000000-0000-0000-0000-00000011BF9A}
T{00000000-0000-0000-0000-00000020AB9B}
T{00000000-0000-0000-0000-0000002246FE}
T{00000000-0000-0000-0000-000000215580}
T{00000000-0000-0000-0000-00000011C7E3}
T{00000000-0000-0000-0000-00000011D265}
T{00000000-0000-0000-0000-00000007E9CC}
T{00000000-0000-0000-0000-00000011D39D}
T{00000000-0000-0000-0000-00000011D496}
T{00000000-0000-0000-0000-00000020A68D}
T{00000000-0000-0000-0000-0000000E1586}
T{00000000-0000-0000-0000-00000026F0BD}
T{00000000-0000-0000-0000-00000020A4CC}
T{00000000-0000-0000-0000-00000029C6E0}
T{00000000-0000-0000-0000-0000002F2476}
T{00000000-0000-0000-0000-0000000ED1CA}
T{00000000-0000-0000-0000-0000000B73A1}
T{00000000-0000-0000-0000-0000000B728F}
T{00000000-0000-0000-0000-0000002D0133}
T{00000000-0000-0000-0000-00000011E062}
T{00000000-0000-0000-0000-00000026928C}
T{00000000-0000-0000-0000-0000000B6BCD}
T{00000000-0000-0000-0000-00000026F097}
T{00000000-0000-0000-0000-000000141B56}
T{00000000-0000-0000-0000-000000213A88}
T{00000000-0000-0000-0000-00000024D927}
T{00000000-0000-0000-0000-0000001E864C}
T{00000000-0000-0000-0000-00000026EF3E}
T{00000000-0000-0000-0000-00000011E78D}
T{00000000-0000-0000-0000-00000011E9B8}
T{00000000-0000-0000-0000-00000026E11D}
T{00000000-0000-0000-0000-000000209AD2}
T{00000000-0000-0000-0000-00000011EA07}
T{00000000-0000-0000-0000-00000026E110}
T{00000000-0000-0000-0000-000000209A73}
T{00000000-0000-0000-0000-00000011EAD5}
T{00000000-0000-0000-0000-00000012A962}
T{00000000-0000-0000-0000-00000011EEBE}
T{00000000-0000-0000-0000-000000290452}
T{00000000-0000-0000-0000-00000011EFD7}
T{00000000-0000-0000-0000-00000026E10D}
T{00000000-0000-0000-0000-0000001142A0}
T{00000000-0000-0000-0000-000000180C32}
T{00000000-0000-0000-0000-000000120E6F}
