T{00000000-0000-0000-0000-00000032E49B}
F{00000000-0000-0000-0000-000000084ED6}
T{00000000-0000-0000-0000-00000020FD4E}
T{00000000-0000-0000-0000-000000017947}
F{00000000-0000-0000-0000-0000000D0CBC}
T{00000000-0000-0000-0000-0000000A7628}
T{00000000-0000-0000-0000-0000000C213B}
T{00000000-0000-0000-0000-0000000150F8}
F{00000000-0000-0000-0000-0000000EB163}
T{00000000-0000-0000-0000-000000246041}
T{00000000-0000-0000-0000-0000000F7B7F}
T{00000000-0000-0000-0000-000000277DA7}
F{00000000-0000-0000-0000-0000001D0920}
T{00000000-0000-0000-0000-0000002FCF52}
F{00000000-0000-0000-0000-00000015BDE3}
T{00000000-0000-0000-0000-00000002EAED}
F{00000000-0000-0000-0000-000000277E2B}
T{00000000-0000-0000-0000-00000032E49B}
T{00000000-0000-0000-0000-000000084ED6}
T{00000000-0000-0000-0000-00000020FD4E}
T{00000000-0000-0000-0000-000000017947}
T{00000000-0000-0000-0000-0000000D0CBC}
T{00000000-0000-0000-0000-0000000A7628}
T{00000000-0000-0000-0000-0000000C213B}
T{00000000-0000-0000-0000-0000000150F8}
T{00000000-0000-0000-0000-0000000EB163}
T{00000000-0000-0000-0000-000000246041}
F{00000000-0000-0000-0000-0000000F7B7F}
T{00000000-0000-0000-0000-000000277DA7}
T{00000000-0000-0000-0000-0000001D0920}
T{00000000-0000-0000-0000-0000002FCF52}
T{00000000-0000-0000-0000-00000015BDE3}
T{00000000-0000-0000-0000-00000002EAED}
T{00000000-0000-0000-0000-000000277E2B}
T{00000000-0000-0000-0000-00000016F7F0}
T{00000000-0000-0000-0000-0000002430BA}
T{00000000-0000-0000-0000-00000008B0FA}
T{00000000-0000-0000-0000-00000016F15A}
T{00000000-0000-0000-0000-000000225920}
T{00000000-0000-0000-0000-000000049056}
F{00000000-0000-0000-0000-0000001728B3}
F{00000000-0000-0000-0000-00000021EC42}
T{00000000-0000-0000-0000-0000000FF9B8}
F{00000000-0000-0000-0000-000000062FD1}
T{00000000-0000-0000-0000-0000002A7FFF}
T{00000000-0000-0000-0000-00000023B9AA}
T{00000000-0000-0000-0000-000000166667}
T{00000000-0000-0000-0000-0000000D3E8E}
F{00000000-0000-0000-0000-0000002C7785}
T{00000000-0000-0000-0000-0000002B4DA3}
T{00000000-0000-0000-0000-0000001B9D01}
F{00000000-0000-0000-0000-00000031C58E}
T{00000000-0000-0000-0000-00000019B2A8}
T{00000000-0000-0000-0000-000000043C66}
T{00000000-0000-0000-0000-00000016F7F0}
T{00000000-0000-0000-0000-0000002430BA}
T{00000000-0000-0000-0000-00000008B0FA}
T{00000000-0000-0000-0000-00000016F15A}
T{00000000-0000-0000-0000-000000225920}
T{00000000-0000-0000-0000-000000049056}
T{00000000-0000-0000-0000-0000001728B3}
T{00000000-0000-0000-0000-00000021EC42}
T{00000000-0000-0000-0000-0000000FF9B8}
F{00000000-0000-0000-0000-000000062FD1}
T{00000000-0000-0000-0000-0000002A7FFF}
T{00000000-0000-0000-0000-00000023B9AA}
T{00000000-0000-0000-0000-000000166667}
T{00000000-0000-0000-0000-0000000D3E8E}
T{00000000-0000-0000-0000-0000002C7785}
T{00000000-0000-0000-0000-0000002B4DA3}
T{00000000-0000-0000-0000-0000001B9D01}
T{00000000-0000-0000-0000-00000031C58E}
T{00000000-0000-0000-0000-00000019B2A8}
T{00000000-0000-0000-0000-000000043C66}
F{00000000-0000-0000-0000-0000000D199E}
T{00000000-0000-0000-0000-000000277E2B}
T{00000000-0000-0000-0000-0000001B9D01}
T{00000000-0000-0000-0000-00000016F7F0}
T{00000000-0000-0000-0000-0000002C7785}
F{00000000-0000-0000-0000-000000062FD1}
T{00000000-0000-0000-0000-00000021EC42}
T{00000000-0000-0000-0000-0000001728B3}
T{00000000-0000-0000-0000-00000015BDE3}
T{00000000-0000-0000-0000-0000000150F8}
T{00000000-0000-0000-0000-0000002C74C9}
T{00000000-0000-0000-0000-0000002FCF52}
T{00000000-0000-0000-0000-0000002C06BA}
T{00000000-0000-0000-0000-000000049056}
T{00000000-0000-0000-0000-00000023B9AA}
T{00000000-0000-0000-0000-00000028D056}
F{00000000-0000-0000-0000-0000001282E8}
F{00000000-0000-0000-0000-000000325B65}
F{00000000-0000-0000-0000-00000025D7DD}
T{00000000-0000-0000-0000-000000019910}
F{00000000-0000-0000-0000-000000040787}
F{00000000-0000-0000-0000-0000002D4147}
F{00000000-0000-0000-0000-0000002B2399}
T{00000000-0000-0000-0000-000000265F80}
F{00000000-0000-0000-0000-0000002691F5}
T{00000000-0000-0000-0000-00000007EFDF}
T{00000000-0000-0000-0000-00000002EAED}
T{00000000-0000-0000-0000-0000000D0CBC}
T{00000000-0000-0000-0000-00000032F43E}
F{00000000-0000-0000-0000-0000001278AF}
F{00000000-0000-0000-0000-0000002A0033}
T{00000000-0000-0000-0000-000000084ED6}
T{00000000-0000-0000-0000-0000000D3E8E}
T{00000000-0000-0000-0000-0000003171C7}
T{00000000-0000-0000-0000-000000017947}
T{00000000-0000-0000-0000-000000090B1E}
F{00000000-0000-0000-0000-0000000F7B7F}
T{00000000-0000-0000-0000-00000032E49B}
T{00000000-0000-0000-0000-000000246041}
T{00000000-0000-0000-0000-0000001CF128}
T{00000000-0000-0000-0000-000000043C66}
F{00000000-0000-0000-0000-0000001056F7}
T{00000000-0000-0000-0000-0000000A7628}
T{00000000-0000-0000-0000-0000000EB163}
T{00000000-0000-0000-0000-000000039869}
T{00000000-0000-0000-0000-00000019B2A8}
T{00000000-0000-0000-0000-00000029E184}
T{00000000-0000-0000-0000-0000002B4DA3}
T{00000000-0000-0000-0000-00000016F15A}
T{00000000-0000-0000-0000-0000000C213B}
T{00000000-0000-0000-0000-0000000D9181}
T{00000000-0000-0000-0000-00000020FD4E}
T{00000000-0000-0000-0000-0000000AC79A}
T{00000000-0000-0000-0000-0000002B300E}
T{00000000-0000-0000-0000-00000008B0FA}
T{00000000-0000-0000-0000-0000002430BA}
F{00000000-0000-0000-0000-000000278875}
F{00000000-0000-0000-0000-000000122CB0}
T{00000000-0000-0000-0000-000000166667}
T{00000000-0000-0000-0000-000000277DA7}
T{00000000-0000-0000-0000-0000001D0920}
T{00000000-0000-0000-0000-0000002A7FFF}
T{00000000-0000-0000-0000-000000225920}
F{00000000-0000-0000-0000-0000002CDFC9}
T{00000000-0000-0000-0000-000000212CBD}
T{00000000-0000-0000-0000-0000000FF9B8}
T{00000000-0000-0000-0000-0000002640E9}
T{00000000-0000-0000-0000-00000031C58E}
T{00000000-0000-0000-0000-000000166667}
T{00000000-0000-0000-0000-000000246041}
T{00000000-0000-0000-0000-00000031C58E}
T{00000000-0000-0000-0000-000000062FD1}
T{00000000-0000-0000-0000-0000001B9D01}
T{00000000-0000-0000-0000-00000016F7F0}
T{00000000-0000-0000-0000-0000000C213B}
T{00000000-0000-0000-0000-0000002430BA}
T{00000000-0000-0000-0000-0000000A7628}
T{00000000-0000-0000-0000-00000032E49B}
T{00000000-0000-0000-0000-0000001728B3}
T{00000000-0000-0000-0000-000000277DA7}
T{00000000-0000-0000-0000-00000021EC42}
T{00000000-0000-0000-0000-00000016F15A}
T{00000000-0000-0000-0000-0000002B4DA3}
T{00000000-0000-0000-0000-0000000D3E8E}
T{00000000-0000-0000-0000-0000000150F8}
T{00000000-0000-0000-0000-000000017947}
T{00000000-0000-0000-0000-0000002A7FFF}
T{00000000-0000-0000-0000-0000000F7B7F}
T{00000000-0000-0000-0000-00000002EAED}
T{00000000-0000-0000-0000-0000002FCF52}
T{00000000-0000-0000-0000-00000008B0FA}
T{00000000-0000-0000-0000-0000000FF9B8}
T{00000000-0000-0000-0000-000000084ED6}
T{00000000-0000-0000-0000-0000001D0920}
T{00000000-0000-0000-0000-000000043C66}
T{00000000-0000-0000-0000-000000049056}
T{00000000-0000-0000-0000-00000019B2A8}
T{00000000-0000-0000-0000-0000002C7785}
T{00000000-0000-0000-0000-00000020FD4E}
T{00000000-0000-0000-0000-00000023B9AA}
T{00000000-0000-0000-0000-0000000EB163}
T{00000000-0000-0000-0000-000000225920}
T{00000000-0000-0000-0000-00000015BDE3}
T{00000000-0000-0000-0000-0000000D0CBC}
T{00000000-0000-0000-0000-0000001278AF}
T{00000000-0000-0000-0000-000000277E2B}
F{00000000-0000-0000-0000-000000122CB0}
F{00000000-0000-0000-0000-0000002D4147}
T{00000000-0000-0000-0000-0000002691F5}
F{00000000-0000-0000-0000-0000002CDFC9}
T{00000000-0000-0000-0000-00000028E747}
T{00000000-0000-0000-0000-000000088D2F}
T{00000000-0000-0000-0000-00000006634F}
T{00000000-0000-0000-0000-00000020CB01}
T{00000000-0000-0000-0000-000000065A6C}
T{00000000-0000-0000-0000-000000119E8F}
T{00000000-0000-0000-0000-000000243451}
T{00000000-0000-0000-0000-0000000EBEF6}
T{00000000-0000-0000-0000-0000000A6741}
T{00000000-0000-0000-0000-0000000FD6BB}
T{00000000-0000-0000-0000-0000001E95C6}
T{00000000-0000-0000-0000-000000171C5D}
T{00000000-0000-0000-0000-0000000E10E2}
T{00000000-0000-0000-0000-0000000D8FFD}
T{00000000-0000-0000-0000-0000001DCD3B}
T{00000000-0000-0000-0000-0000001E85DF}
T{00000000-0000-0000-0000-000000336848}
T{00000000-0000-0000-0000-00000006A340}
T{00000000-0000-0000-0000-00000023E3D8}
T{00000000-0000-0000-0000-000000061CA1}
T{00000000-0000-0000-0000-000000198C66}
T{00000000-0000-0000-0000-0000000FB0A9}
T{00000000-0000-0000-0000-000000313FDF}
T{00000000-0000-0000-0000-0000001188A6}
T{00000000-0000-0000-0000-00000005FD98}
T{00000000-0000-0000-0000-00000005FC80}
T{00000000-0000-0000-0000-000000323BCC}
T{00000000-0000-0000-0000-0000001E33D1}
T{00000000-0000-0000-0000-00000032212E}
T{00000000-0000-0000-0000-00000005F59D}
T{00000000-0000-0000-0000-000000320D14}
T{00000000-0000-0000-0000-00000029AAEE}
T{00000000-0000-0000-0000-00000033518B}
T{00000000-0000-0000-0000-00000005DA1A}
T{00000000-0000-0000-0000-0000002518B0}
T{00000000-0000-0000-0000-00000005D69A}
T{00000000-0000-0000-0000-0000002E9EE7}
T{00000000-0000-0000-0000-00000020FF69}
T{00000000-0000-0000-0000-000000333127}
T{00000000-0000-0000-0000-00000023DCAB}
T{00000000-0000-0000-0000-0000001D9AAB}
T{00000000-0000-0000-0000-0000001DDEB2}
T{00000000-0000-0000-0000-0000001DDA89}
T{00000000-0000-0000-0000-00000005A978}
T{00000000-0000-0000-0000-0000002D7157}
T{00000000-0000-0000-0000-000000208FFA}
T{00000000-0000-0000-0000-0000000E3A6D}
T{00000000-0000-0000-0000-0000000B207D}
T{00000000-0000-0000-0000-00000008C511}
T{00000000-0000-0000-0000-000000059063}
T{00000000-0000-0000-0000-000000102549}
T{00000000-0000-0000-0000-000000184086}
T{00000000-0000-0000-0000-0000001D9FF4}
T{00000000-0000-0000-0000-000000330023}
T{00000000-0000-0000-0000-0000000565FB}
T{00000000-0000-0000-0000-000000244DB6}
T{00000000-0000-0000-0000-0000000C4472}
T{00000000-0000-0000-0000-000000191DB0}
T{00000000-0000-0000-0000-0000001B2E80}
T{00000000-0000-0000-0000-00000032F43E}
T{00000000-0000-0000-0000-0000001DB5F0}
T{00000000-0000-0000-0000-000000299FFC}
T{00000000-0000-0000-0000-000000050381}
T{00000000-0000-0000-0000-00000022D7B6}
T{00000000-0000-0000-0000-0000001DA545}
T{00000000-0000-0000-0000-00000004FBCF}
T{00000000-0000-0000-0000-00000029229E}
T{00000000-0000-0000-0000-00000004F061}
T{00000000-0000-0000-0000-0000002D609F}
T{00000000-0000-0000-0000-00000004DB4B}
T{00000000-0000-0000-0000-00000004D92F}
T{00000000-0000-0000-0000-00000004D2CD}
T{00000000-0000-0000-0000-0000002D0034}
T{00000000-0000-0000-0000-0000002A63DB}
T{00000000-0000-0000-0000-00000004CE31}
T{00000000-0000-0000-0000-00000004C733}
T{00000000-0000-0000-0000-000000178A7B}
T{00000000-0000-0000-0000-00000009D7F9}
T{00000000-0000-0000-0000-00000009D32C}
T{00000000-0000-0000-0000-00000032AFCF}
T{00000000-0000-0000-0000-0000002529FE}
T{00000000-0000-0000-0000-00000004A7E6}
T{00000000-0000-0000-0000-00000013567B}
T{00000000-0000-0000-0000-0000001016F2}
T{00000000-0000-0000-0000-0000000E2192}
T{00000000-0000-0000-0000-0000001D5827}
T{00000000-0000-0000-0000-000000291679}
T{00000000-0000-0000-0000-0000001D431B}
T{00000000-0000-0000-0000-000000048D09}
T{00000000-0000-0000-0000-0000001D3BAA}
T{00000000-0000-0000-0000-00000029E8B4}
T{00000000-0000-0000-0000-00000016FAD2}
T{00000000-0000-0000-0000-000000270693}
T{00000000-0000-0000-0000-000000105E29}
T{00000000-0000-0000-0000-0000000C4E1F}
T{00000000-0000-0000-0000-000000327C1B}
T{00000000-0000-0000-0000-00000004565F}
T{00000000-0000-0000-0000-0000001FBC4A}
T{00000000-0000-0000-0000-000000318A4E}
T{00000000-0000-0000-0000-0000001D1E7E}
T{00000000-0000-0000-0000-0000001D17C3}
T{00000000-0000-0000-0000-0000001D0EA2}
T{00000000-0000-0000-0000-00000004DF78}
T{00000000-0000-0000-0000-0000001D0B46}
T{00000000-0000-0000-0000-00000005942E}
T{00000000-0000-0000-0000-0000001D05B7}
T{00000000-0000-0000-0000-0000001CF86E}
T{00000000-0000-0000-0000-00000018D027}
T{00000000-0000-0000-0000-00000031A727}
T{00000000-0000-0000-0000-00000004440B}
T{00000000-0000-0000-0000-00000007FC7D}
T{00000000-0000-0000-0000-0000001CE3D2}
T{00000000-0000-0000-0000-0000001CCEE4}
T{00000000-0000-0000-0000-000000087BAA}
T{00000000-0000-0000-0000-0000001CAAF4}
T{00000000-0000-0000-0000-00000018D48D}
T{00000000-0000-0000-0000-0000001C8F02}
T{00000000-0000-0000-0000-000000042BB4}
T{00000000-0000-0000-0000-0000000B7B36}
T{00000000-0000-0000-0000-0000001C8BC0}
T{00000000-0000-0000-0000-000000322148}
T{00000000-0000-0000-0000-00000031D0F9}
T{00000000-0000-0000-0000-0000002C5C7E}
F{00000000-0000-0000-0000-0000001C7B17}
T{00000000-0000-0000-0000-0000001442EE}
T{00000000-0000-0000-0000-00000005C078}
T{00000000-0000-0000-0000-0000002A9841}
T{00000000-0000-0000-0000-0000001C7100}
T{00000000-0000-0000-0000-0000002429C2}
F{00000000-0000-0000-0000-0000001C43DD}
F{00000000-0000-0000-0000-0000000411D2}
T{00000000-0000-0000-0000-000000040F4E}
T{00000000-0000-0000-0000-000000040A67}
T{00000000-0000-0000-0000-00000003FB24}
T{00000000-0000-0000-0000-000000324146}
T{00000000-0000-0000-0000-0000002D1AA3}
T{00000000-0000-0000-0000-0000001C287C}
T{00000000-0000-0000-0000-0000001C284A}
T{00000000-0000-0000-0000-0000000B1084}
T{00000000-0000-0000-0000-0000001C27C6}
T{00000000-0000-0000-0000-00000003CDE0}
T{00000000-0000-0000-0000-00000021DFC6}
T{00000000-0000-0000-0000-0000001C1F9A}
T{00000000-0000-0000-0000-0000001C6221}
T{00000000-0000-0000-0000-0000001C1200}
T{00000000-0000-0000-0000-0000002F8ADD}
T{00000000-0000-0000-0000-00000003B877}
T{00000000-0000-0000-0000-0000000B83A6}
T{00000000-0000-0000-0000-000000039837}
T{00000000-0000-0000-0000-00000005ED27}
T{00000000-0000-0000-0000-0000000396B7}
T{00000000-0000-0000-0000-00000027899E}
T{00000000-0000-0000-0000-0000001BF8EE}
T{00000000-0000-0000-0000-0000001BF7CE}
T{00000000-0000-0000-0000-000000038CB9}
T{00000000-0000-0000-0000-0000000EBF6D}
T{00000000-0000-0000-0000-000000045B32}
T{00000000-0000-0000-0000-0000000BE0B8}
T{00000000-0000-0000-0000-000000038939}
T{00000000-0000-0000-0000-000000037E74}
T{00000000-0000-0000-0000-00000007B89D}
T{00000000-0000-0000-0000-00000023E404}
T{00000000-0000-0000-0000-00000013152B}
T{00000000-0000-0000-0000-0000000E546D}
T{00000000-0000-0000-0000-00000006F9C6}
T{00000000-0000-0000-0000-00000004CC8A}
T{00000000-0000-0000-0000-0000001BC70F}
T{00000000-0000-0000-0000-0000001BB7B5}
T{00000000-0000-0000-0000-000000033A9F}
T{00000000-0000-0000-0000-0000001BB200}
T{00000000-0000-0000-0000-0000001BACFF}
T{00000000-0000-0000-0000-000000033863}
T{00000000-0000-0000-0000-0000001B9E27}
T{00000000-0000-0000-0000-0000000B1BD6}
T{00000000-0000-0000-0000-0000001727F6}
T{00000000-0000-0000-0000-0000000C6E22}
T{00000000-0000-0000-0000-000000034590}
T{00000000-0000-0000-0000-00000030E71C}
T{00000000-0000-0000-0000-0000000506BF}
T{00000000-0000-0000-0000-0000001F248A}
T{00000000-0000-0000-0000-000000113553}
T{00000000-0000-0000-0000-00000010661B}
T{00000000-0000-0000-0000-0000001B6EF6}
T{00000000-0000-0000-0000-0000001D500E}
T{00000000-0000-0000-0000-0000001064E8}
T{00000000-0000-0000-0000-000000033697}
T{00000000-0000-0000-0000-0000000334EF}
T{00000000-0000-0000-0000-0000000AA469}
T{00000000-0000-0000-0000-000000033498}
T{00000000-0000-0000-0000-0000001B5C93}
T{00000000-0000-0000-0000-0000001B54CC}
T{00000000-0000-0000-0000-000000156961}
T{00000000-0000-0000-0000-00000008E332}
T{00000000-0000-0000-0000-0000000D0B0E}
T{00000000-0000-0000-0000-00000005FDCA}
T{00000000-0000-0000-0000-000000105C5B}
T{00000000-0000-0000-0000-000000031925}
T{00000000-0000-0000-0000-0000000316C7}
T{00000000-0000-0000-0000-0000001B2068}
T{00000000-0000-0000-0000-000000331AEC}
T{00000000-0000-0000-0000-0000001B01CB}
T{00000000-0000-0000-0000-000000105281}
T{00000000-0000-0000-0000-0000001AF87C}
T{00000000-0000-0000-0000-0000000BF856}
T{00000000-0000-0000-0000-0000001AEF13}
T{00000000-0000-0000-0000-0000000315B1}
T{00000000-0000-0000-0000-000000113C40}
T{00000000-0000-0000-0000-000000031362}
T{00000000-0000-0000-0000-000000031320}
T{00000000-0000-0000-0000-0000000B0E59}
T{00000000-0000-0000-0000-0000000310A3}
T{00000000-0000-0000-0000-00000007278E}
T{00000000-0000-0000-0000-00000007CC3B}
T{00000000-0000-0000-0000-0000002067C5}
T{00000000-0000-0000-0000-0000000434A2}
T{00000000-0000-0000-0000-000000030982}
T{00000000-0000-0000-0000-000000048343}
T{00000000-0000-0000-0000-0000002325E3}
T{00000000-0000-0000-0000-00000004BE70}
T{00000000-0000-0000-0000-00000006E705}
T{00000000-0000-0000-0000-0000001AACEE}
T{00000000-0000-0000-0000-0000001341CE}
T{00000000-0000-0000-0000-000000030667}
T{00000000-0000-0000-0000-000000335971}
T{00000000-0000-0000-0000-0000000305DE}
T{00000000-0000-0000-0000-00000022045C}
T{00000000-0000-0000-0000-00000007A92E}
T{00000000-0000-0000-0000-0000000304B6}
T{00000000-0000-0000-0000-0000001A6C45}
T{00000000-0000-0000-0000-0000000C6AB3}
T{00000000-0000-0000-0000-0000002C013B}
T{00000000-0000-0000-0000-0000002FE726}
T{00000000-0000-0000-0000-000000248637}
T{00000000-0000-0000-0000-0000001D398B}
T{00000000-0000-0000-0000-00000002F773}
T{00000000-0000-0000-0000-000000048FF1}
T{00000000-0000-0000-0000-0000001A5C09}
T{00000000-0000-0000-0000-00000002EF9A}
T{00000000-0000-0000-0000-0000002350BA}
T{00000000-0000-0000-0000-0000000F9D10}
T{00000000-0000-0000-0000-00000002E84E}
T{00000000-0000-0000-0000-000000199FC0}
T{00000000-0000-0000-0000-0000002FC20B}
T{00000000-0000-0000-0000-00000003C9E7}
T{00000000-0000-0000-0000-0000001F1353}
T{00000000-0000-0000-0000-0000000889CB}
T{00000000-0000-0000-0000-00000002D585}
T{00000000-0000-0000-0000-00000014C193}
T{00000000-0000-0000-0000-0000002C6BF5}
T{00000000-0000-0000-0000-0000001E66B8}
T{00000000-0000-0000-0000-00000013CEC9}
T{00000000-0000-0000-0000-00000002D109}
T{00000000-0000-0000-0000-000000090902}
T{00000000-0000-0000-0000-00000024E933}
T{00000000-0000-0000-0000-0000002BF553}
T{00000000-0000-0000-0000-000000216801}
T{00000000-0000-0000-0000-00000028B988}
T{00000000-0000-0000-0000-00000016816A}
T{00000000-0000-0000-0000-00000002CD7A}
T{00000000-0000-0000-0000-00000002C833}
T{00000000-0000-0000-0000-000000311293}
T{00000000-0000-0000-0000-00000019F0CD}
T{00000000-0000-0000-0000-00000029694F}
F{00000000-0000-0000-0000-000000044047}
T{00000000-0000-0000-0000-00000009D30D}
T{00000000-0000-0000-0000-000000253DA3}
T{00000000-0000-0000-0000-0000000FDA95}
T{00000000-0000-0000-0000-0000000FD67C}
T{00000000-0000-0000-0000-00000002C3AA}
T{00000000-0000-0000-0000-0000003356C0}
T{00000000-0000-0000-0000-0000000FD5BA}
T{00000000-0000-0000-0000-00000016771A}
T{00000000-0000-0000-0000-0000001654C1}
T{00000000-0000-0000-0000-00000010D06B}
T{00000000-0000-0000-0000-0000000FD50F}
T{00000000-0000-0000-0000-0000000A1BAA}
T{00000000-0000-0000-0000-000000118143}
T{00000000-0000-0000-0000-00000022451C}
T{00000000-0000-0000-0000-0000002CAB28}
T{00000000-0000-0000-0000-0000000FD308}
T{00000000-0000-0000-0000-0000000FD129}
T{00000000-0000-0000-0000-000000035E18}
F{00000000-0000-0000-0000-0000000D0DDB}
T{00000000-0000-0000-0000-000000035670}
T{00000000-0000-0000-0000-00000006E7DA}
T{00000000-0000-0000-0000-000000183729}
F{00000000-0000-0000-0000-000000108B3B}
T{00000000-0000-0000-0000-000000270659}
T{00000000-0000-0000-0000-000000034A4D}
T{00000000-0000-0000-0000-0000000648F6}
F{00000000-0000-0000-0000-00000002A54C}
T{00000000-0000-0000-0000-00000021F16D}
T{00000000-0000-0000-0000-00000014E633}
T{00000000-0000-0000-0000-000000210458}
T{00000000-0000-0000-0000-000000029B2E}
T{00000000-0000-0000-0000-0000001076A3}
T{00000000-0000-0000-0000-00000010D0F9}
T{00000000-0000-0000-0000-0000000ABCBF}
F{00000000-0000-0000-0000-0000002F0787}
T{00000000-0000-0000-0000-0000001D9AFE}
T{00000000-0000-0000-0000-0000001E284F}
T{00000000-0000-0000-0000-000000029AE8}
T{00000000-0000-0000-0000-0000000FBAFA}
T{00000000-0000-0000-0000-0000000FBAB5}
T{00000000-0000-0000-0000-000000029A34}
T{00000000-0000-0000-0000-0000001BB187}
T{00000000-0000-0000-0000-0000000292E2}
T{00000000-0000-0000-0000-0000000290BB}
T{00000000-0000-0000-0000-00000002B478}
T{00000000-0000-0000-0000-0000002F7AFF}
T{00000000-0000-0000-0000-00000027D6CB}
F{00000000-0000-0000-0000-00000033C0DE}
T{00000000-0000-0000-0000-0000000FAFFA}
T{00000000-0000-0000-0000-000000325B65}
T{00000000-0000-0000-0000-000000334357}
T{00000000-0000-0000-0000-000000027CD4}
T{00000000-0000-0000-0000-000000027CAC}
T{00000000-0000-0000-0000-00000002793F}
T{00000000-0000-0000-0000-0000000FA8A2}
T{00000000-0000-0000-0000-000000194787}
T{00000000-0000-0000-0000-00000006AFA6}
T{00000000-0000-0000-0000-00000015C4F0}
T{00000000-0000-0000-0000-0000000D1321}
T{00000000-0000-0000-0000-000000046B2D}
T{00000000-0000-0000-0000-0000001945E2}
F{00000000-0000-0000-0000-000000023EC7}
T{00000000-0000-0000-0000-000000022FC9}
T{00000000-0000-0000-0000-000000193212}
T{00000000-0000-0000-0000-0000001929A1}
T{00000000-0000-0000-0000-00000029D695}
T{00000000-0000-0000-0000-00000002D739}
T{00000000-0000-0000-0000-00000023D28B}
T{00000000-0000-0000-0000-0000001A39AD}
T{00000000-0000-0000-0000-0000002C0454}
T{00000000-0000-0000-0000-00000018B7E4}
T{00000000-0000-0000-0000-00000018D66F}
T{00000000-0000-0000-0000-0000000FBC67}
T{00000000-0000-0000-0000-0000002BA30F}
T{00000000-0000-0000-0000-000000165534}
T{00000000-0000-0000-0000-000000238DED}
T{00000000-0000-0000-0000-000000279E52}
T{00000000-0000-0000-0000-00000001FDC6}
T{00000000-0000-0000-0000-00000001FB86}
T{00000000-0000-0000-0000-0000000346B2}
T{00000000-0000-0000-0000-0000000F6DC7}
T{00000000-0000-0000-0000-0000000F5F95}
T{00000000-0000-0000-0000-0000002A2B78}
T{00000000-0000-0000-0000-00000002D6A3}
T{00000000-0000-0000-0000-00000013EF88}
T{00000000-0000-0000-0000-0000000A24D0}
T{00000000-0000-0000-0000-0000002267C9}
T{00000000-0000-0000-0000-00000022221E}
T{00000000-0000-0000-0000-0000000F45D2}
T{00000000-0000-0000-0000-00000030FBFF}
T{00000000-0000-0000-0000-0000000F4027}
T{00000000-0000-0000-0000-0000000F3FCF}
T{00000000-0000-0000-0000-0000001B8F20}
T{00000000-0000-0000-0000-00000001C250}
T{00000000-0000-0000-0000-0000002CD4EB}
T{00000000-0000-0000-0000-0000000F1799}
T{00000000-0000-0000-0000-0000001FACE7}
T{00000000-0000-0000-0000-000000086E8A}
T{00000000-0000-0000-0000-00000024B486}
T{00000000-0000-0000-0000-000000241292}
T{00000000-0000-0000-0000-0000001B3DCD}
T{00000000-0000-0000-0000-0000001DC328}
T{00000000-0000-0000-0000-0000000861C3}
T{00000000-0000-0000-0000-000000225A5F}
T{00000000-0000-0000-0000-0000000F1F59}
T{00000000-0000-0000-0000-000000200AAE}
T{00000000-0000-0000-0000-00000009D67F}
T{00000000-0000-0000-0000-0000000F121F}
T{00000000-0000-0000-0000-000000100D87}
T{00000000-0000-0000-0000-0000001847C3}
T{00000000-0000-0000-0000-0000002997AA}
T{00000000-0000-0000-0000-00000002A492}
T{00000000-0000-0000-0000-0000000AE6D0}
T{00000000-0000-0000-0000-00000014455B}
T{00000000-0000-0000-0000-000000220B3D}
T{00000000-0000-0000-0000-0000002E262E}
T{00000000-0000-0000-0000-00000001BCF3}
T{00000000-0000-0000-0000-00000019C3F6}
T{00000000-0000-0000-0000-00000001BBF4}
T{00000000-0000-0000-0000-0000001BA81F}
T{00000000-0000-0000-0000-000000096C41}
T{00000000-0000-0000-0000-0000000ED161}
T{00000000-0000-0000-0000-00000028DA76}
T{00000000-0000-0000-0000-0000000EFBD2}
T{00000000-0000-0000-0000-00000030BA69}
T{00000000-0000-0000-0000-00000001B323}
T{00000000-0000-0000-0000-00000001B108}
T{00000000-0000-0000-0000-00000030292D}
T{00000000-0000-0000-0000-0000000346B7}
T{00000000-0000-0000-0000-0000002B1A3D}
T{00000000-0000-0000-0000-0000002716C8}
T{00000000-0000-0000-0000-00000001B1A2}
T{00000000-0000-0000-0000-000000310E8E}
T{00000000-0000-0000-0000-0000000FE3AE}
T{00000000-0000-0000-0000-00000008FF28}
T{00000000-0000-0000-0000-0000001E8093}
T{00000000-0000-0000-0000-000000093395}
T{00000000-0000-0000-0000-0000002F5A60}
T{00000000-0000-0000-0000-00000001A851}
T{00000000-0000-0000-0000-000000042E57}
T{00000000-0000-0000-0000-0000001E2362}
T{00000000-0000-0000-0000-0000001C4B1C}
T{00000000-0000-0000-0000-00000021A1E0}
T{00000000-0000-0000-0000-00000022E843}
T{00000000-0000-0000-0000-0000002A0704}
T{00000000-0000-0000-0000-0000001D0CB8}
T{00000000-0000-0000-0000-000000179479}
T{00000000-0000-0000-0000-0000002F9618}
T{00000000-0000-0000-0000-0000001793D4}
T{00000000-0000-0000-0000-0000001C724C}
T{00000000-0000-0000-0000-00000025E10A}
T{00000000-0000-0000-0000-00000001A04A}
T{00000000-0000-0000-0000-0000000F0447}
T{00000000-0000-0000-0000-000000029B90}
T{00000000-0000-0000-0000-00000011A575}
T{00000000-0000-0000-0000-000000019DED}
T{00000000-0000-0000-0000-00000010AD5B}
T{00000000-0000-0000-0000-000000019910}
T{00000000-0000-0000-0000-000000047517}
T{00000000-0000-0000-0000-00000029FB23}
T{00000000-0000-0000-0000-000000040787}
T{00000000-0000-0000-0000-000000039869}
T{00000000-0000-0000-0000-00000008DE54}
T{00000000-0000-0000-0000-0000000EBF01}
T{00000000-0000-0000-0000-0000002B1BE0}
T{00000000-0000-0000-0000-0000001CF128}
T{00000000-0000-0000-0000-000000009FD6}
T{00000000-0000-0000-0000-000000056E6D}
T{00000000-0000-0000-0000-000000081A30}
T{00000000-0000-0000-0000-000000175010}
T{00000000-0000-0000-0000-00000016209C}
T{00000000-0000-0000-0000-000000174B17}
T{00000000-0000-0000-0000-00000017437D}
T{00000000-0000-0000-0000-000000173984}
T{00000000-0000-0000-0000-000000199875}
T{00000000-0000-0000-0000-0000000081C6}
T{00000000-0000-0000-0000-00000009F457}
T{00000000-0000-0000-0000-0000000EAF21}
T{00000000-0000-0000-0000-0000002D64C3}
T{00000000-0000-0000-0000-0000000081B9}
T{00000000-0000-0000-0000-0000001731F1}
T{00000000-0000-0000-0000-00000012E67F}
T{00000000-0000-0000-0000-0000000EAC65}
T{00000000-0000-0000-0000-000000171E7F}
T{00000000-0000-0000-0000-000000037D12}
T{00000000-0000-0000-0000-0000000D1F5A}
T{00000000-0000-0000-0000-000000171CEF}
T{00000000-0000-0000-0000-000000237126}
T{00000000-0000-0000-0000-000000209B55}
T{00000000-0000-0000-0000-00000000814D}
T{00000000-0000-0000-0000-00000007F049}
T{00000000-0000-0000-0000-00000017183E}
T{00000000-0000-0000-0000-00000017158F}
T{00000000-0000-0000-0000-0000000D1180}
T{00000000-0000-0000-0000-000000008111}
T{00000000-0000-0000-0000-0000002EEF68}
T{00000000-0000-0000-0000-00000000F531}
T{00000000-0000-0000-0000-0000001713CD}
T{00000000-0000-0000-0000-000000007AE4}
T{00000000-0000-0000-0000-00000025E04E}
T{00000000-0000-0000-0000-000000184E89}
T{00000000-0000-0000-0000-0000000079BC}
T{00000000-0000-0000-0000-000000073B05}
T{00000000-0000-0000-0000-0000000078D5}
T{00000000-0000-0000-0000-0000001703E3}
T{00000000-0000-0000-0000-00000016FD2D}
T{00000000-0000-0000-0000-000000054F25}
F{00000000-0000-0000-0000-0000000077BD}
T{00000000-0000-0000-0000-0000000C83D2}
T{00000000-0000-0000-0000-0000000305DF}
T{00000000-0000-0000-0000-0000000A1C51}
T{00000000-0000-0000-0000-0000002C9209}
T{00000000-0000-0000-0000-000000007362}
T{00000000-0000-0000-0000-00000002CDA0}
T{00000000-0000-0000-0000-0000002C8C3A}
T{00000000-0000-0000-0000-00000011BBB3}
T{00000000-0000-0000-0000-0000000F1AE8}
T{00000000-0000-0000-0000-00000016D6F1}
T{00000000-0000-0000-0000-0000002FFA68}
T{00000000-0000-0000-0000-0000002C83BE}
T{00000000-0000-0000-0000-000000171022}
T{00000000-0000-0000-0000-00000033947F}
T{00000000-0000-0000-0000-0000000EF66F}
T{00000000-0000-0000-0000-0000002C7860}
T{00000000-0000-0000-0000-0000002C7855}
T{00000000-0000-0000-0000-0000002C7474}
T{00000000-0000-0000-0000-0000002C6D5A}
T{00000000-0000-0000-0000-0000000C3652}
T{00000000-0000-0000-0000-0000002C6C38}
T{00000000-0000-0000-0000-000000209262}
T{00000000-0000-0000-0000-0000002C69FD}
T{00000000-0000-0000-0000-0000000CDCC0}
T{00000000-0000-0000-0000-0000002C61BF}
T{00000000-0000-0000-0000-000000039782}
T{00000000-0000-0000-0000-0000000E59DA}
T{00000000-0000-0000-0000-0000002C5C17}
T{00000000-0000-0000-0000-0000002C5567}
T{00000000-0000-0000-0000-00000016CF0A}
T{00000000-0000-0000-0000-000000006D7B}
T{00000000-0000-0000-0000-00000016C483}
T{00000000-0000-0000-0000-0000000062F0}
T{00000000-0000-0000-0000-00000016C3F8}
T{00000000-0000-0000-0000-000000271B41}
T{00000000-0000-0000-0000-000000006289}
T{00000000-0000-0000-0000-0000001D11C1}
T{00000000-0000-0000-0000-0000002C34AF}
T{00000000-0000-0000-0000-0000002709AF}
T{00000000-0000-0000-0000-000000107C63}
T{00000000-0000-0000-0000-000000171858}
T{00000000-0000-0000-0000-0000002A275F}
T{00000000-0000-0000-0000-00000000604F}
T{00000000-0000-0000-0000-00000016B6E6}
T{00000000-0000-0000-0000-0000000E47CE}
T{00000000-0000-0000-0000-00000016B4C3}
T{00000000-0000-0000-0000-0000002C1AC7}
T{00000000-0000-0000-0000-0000002C18D1}
T{00000000-0000-0000-0000-0000000E47AD}
T{00000000-0000-0000-0000-000000306589}
T{00000000-0000-0000-0000-000000273331}
T{00000000-0000-0000-0000-0000002C0510}
T{00000000-0000-0000-0000-00000016B01C}
T{00000000-0000-0000-0000-000000007938}
T{00000000-0000-0000-0000-00000016A7DB}
T{00000000-0000-0000-0000-0000002BF918}
T{00000000-0000-0000-0000-0000002BE48B}
T{00000000-0000-0000-0000-0000002BE2E7}
T{00000000-0000-0000-0000-0000002BE19E}
T{00000000-0000-0000-0000-00000016A7D2}
T{00000000-0000-0000-0000-0000000E32F3}
T{00000000-0000-0000-0000-0000002BDE42}
T{00000000-0000-0000-0000-0000002E16B1}
T{00000000-0000-0000-0000-0000002BDD69}
T{00000000-0000-0000-0000-0000002BD788}
T{00000000-0000-0000-0000-000000254935}
T{00000000-0000-0000-0000-00000004727B}
T{00000000-0000-0000-0000-0000002EC40A}
T{00000000-0000-0000-0000-0000002BC16C}
T{00000000-0000-0000-0000-0000002BBF67}
T{00000000-0000-0000-0000-0000002BB78A}
T{00000000-0000-0000-0000-0000001A5377}
T{00000000-0000-0000-0000-0000002BB1E4}
T{00000000-0000-0000-0000-000000043B45}
T{00000000-0000-0000-0000-0000002BA9D5}
T{00000000-0000-0000-0000-000000069FDF}
T{00000000-0000-0000-0000-00000027B087}
T{00000000-0000-0000-0000-0000002B99FD}
T{00000000-0000-0000-0000-0000002B99C0}
T{00000000-0000-0000-0000-00000026C688}
T{00000000-0000-0000-0000-000000226AB6}
T{00000000-0000-0000-0000-000000216DE4}
T{00000000-0000-0000-0000-00000016E14D}
T{00000000-0000-0000-0000-00000001E74C}
T{00000000-0000-0000-0000-0000000E1FB0}
T{00000000-0000-0000-0000-000000240ED2}
T{00000000-0000-0000-0000-0000001691CB}
T{00000000-0000-0000-0000-0000002B6DAE}
T{00000000-0000-0000-0000-000000087B29}
T{00000000-0000-0000-0000-0000002B6CCB}
T{00000000-0000-0000-0000-0000002B678E}
T{00000000-0000-0000-0000-0000002B6616}
T{00000000-0000-0000-0000-0000002B6478}
T{00000000-0000-0000-0000-0000000FA82D}
T{00000000-0000-0000-0000-000000094458}
T{00000000-0000-0000-0000-000000030294}
T{00000000-0000-0000-0000-0000002B5983}
T{00000000-0000-0000-0000-000000040FA5}
F{00000000-0000-0000-0000-000000264C56}
T{00000000-0000-0000-0000-0000002B52C4}
T{00000000-0000-0000-0000-0000001681B3}
T{00000000-0000-0000-0000-0000002B512F}
T{00000000-0000-0000-0000-0000000E1624}
T{00000000-0000-0000-0000-0000002B454C}
T{00000000-0000-0000-0000-0000001DA2CE}
T{00000000-0000-0000-0000-00000022CDC0}
T{00000000-0000-0000-0000-000000167FC3}
T{00000000-0000-0000-0000-0000002B38E3}
T{00000000-0000-0000-0000-000000167F5F}
T{00000000-0000-0000-0000-0000002B36D6}
T{00000000-0000-0000-0000-000000167D88}
T{00000000-0000-0000-0000-0000001726C1}
T{00000000-0000-0000-0000-0000002B2A3E}
T{00000000-0000-0000-0000-000000260634}
T{00000000-0000-0000-0000-0000002B25BF}
T{00000000-0000-0000-0000-00000025A6CD}
T{00000000-0000-0000-0000-0000000FF60F}
T{00000000-0000-0000-0000-000000335C78}
T{00000000-0000-0000-0000-0000000E12C5}
T{00000000-0000-0000-0000-000000006802}
T{00000000-0000-0000-0000-0000000A9040}
T{00000000-0000-0000-0000-000000328F7B}
T{00000000-0000-0000-0000-0000000EE1D3}
T{00000000-0000-0000-0000-0000002B1349}
T{00000000-0000-0000-0000-0000002B11D4}
T{00000000-0000-0000-0000-000000167340}
T{00000000-0000-0000-0000-000000164226}
T{00000000-0000-0000-0000-0000002B0433}
T{00000000-0000-0000-0000-000000167274}
T{00000000-0000-0000-0000-000000167244}
T{00000000-0000-0000-0000-0000002AF038}
T{00000000-0000-0000-0000-0000000077DB}
T{00000000-0000-0000-0000-0000002AE355}
T{00000000-0000-0000-0000-0000002ADED6}
T{00000000-0000-0000-0000-000000167230}
T{00000000-0000-0000-0000-0000002ADA7B}
T{00000000-0000-0000-0000-0000002AD8E4}
T{00000000-0000-0000-0000-0000000FC983}
T{00000000-0000-0000-0000-000000005550}
T{00000000-0000-0000-0000-0000002AD75B}
T{00000000-0000-0000-0000-00000003152B}
T{00000000-0000-0000-0000-000000166870}
T{00000000-0000-0000-0000-0000002ACD62}
T{00000000-0000-0000-0000-0000002AC878}
T{00000000-0000-0000-0000-0000002AC78C}
T{00000000-0000-0000-0000-0000002AC73D}
T{00000000-0000-0000-0000-00000002D9EA}
T{00000000-0000-0000-0000-0000002AC2E1}
T{00000000-0000-0000-0000-000000166475}
F{00000000-0000-0000-0000-00000022E947}
T{00000000-0000-0000-0000-000000165DBF}
T{00000000-0000-0000-0000-0000002AB7DF}
T{00000000-0000-0000-0000-0000002AB29C}
T{00000000-0000-0000-0000-0000002AAF34}
T{00000000-0000-0000-0000-0000002AAAD9}
T{00000000-0000-0000-0000-000000005195}
T{00000000-0000-0000-0000-0000001B6B44}
T{00000000-0000-0000-0000-000000165C49}
T{00000000-0000-0000-0000-000000165983}
T{00000000-0000-0000-0000-000000165109}
T{00000000-0000-0000-0000-0000002AA309}
T{00000000-0000-0000-0000-0000002A9F2E}
T{00000000-0000-0000-0000-0000002A9E3B}
T{00000000-0000-0000-0000-0000000055B9}
T{00000000-0000-0000-0000-00000001A534}
T{00000000-0000-0000-0000-000000164DC8}
T{00000000-0000-0000-0000-000000164C4C}
T{00000000-0000-0000-0000-0000002A8FE5}
T{00000000-0000-0000-0000-00000004F2C0}
T{00000000-0000-0000-0000-0000001649D9}
T{00000000-0000-0000-0000-0000002A8567}
T{00000000-0000-0000-0000-000000164208}
T{00000000-0000-0000-0000-0000002A84DF}
T{00000000-0000-0000-0000-000000163919}
T{00000000-0000-0000-0000-0000002A7B4E}
T{00000000-0000-0000-0000-0000002A7AD4}
T{00000000-0000-0000-0000-000000006185}
T{00000000-0000-0000-0000-00000028EF0B}
T{00000000-0000-0000-0000-0000002A7874}
T{00000000-0000-0000-0000-00000016359A}
T{00000000-0000-0000-0000-0000000D2039}
T{00000000-0000-0000-0000-0000002D706C}
T{00000000-0000-0000-0000-0000002A73DD}
T{00000000-0000-0000-0000-0000002A7318}
T{00000000-0000-0000-0000-0000002A6596}
T{00000000-0000-0000-0000-000000097ED7}
T{00000000-0000-0000-0000-0000002A48F9}
T{00000000-0000-0000-0000-0000002A48F5}
T{00000000-0000-0000-0000-0000002A48E1}
F{00000000-0000-0000-0000-0000000DEE47}
T{00000000-0000-0000-0000-000000008BC5}
T{00000000-0000-0000-0000-0000002A43FB}
T{00000000-0000-0000-0000-0000002A3E51}
T{00000000-0000-0000-0000-0000000C2DA1}
T{00000000-0000-0000-0000-000000031801}
T{00000000-0000-0000-0000-0000002A2781}
T{00000000-0000-0000-0000-000000162E8D}
T{00000000-0000-0000-0000-0000002A2688}
T{00000000-0000-0000-0000-0000002A21F8}
T{00000000-0000-0000-0000-00000010420C}
T{00000000-0000-0000-0000-0000002EC376}
T{00000000-0000-0000-0000-0000002A19CC}
T{00000000-0000-0000-0000-0000002A10C0}
T{00000000-0000-0000-0000-0000000DE85C}
T{00000000-0000-0000-0000-0000002963C2}
T{00000000-0000-0000-0000-0000002A00DE}
T{00000000-0000-0000-0000-00000029F9DC}
T{00000000-0000-0000-0000-00000029F9BB}
T{00000000-0000-0000-0000-0000001629D2}
T{00000000-0000-0000-0000-000000010D04}
T{00000000-0000-0000-0000-00000029F5A1}
T{00000000-0000-0000-0000-00000015A631}
T{00000000-0000-0000-0000-00000029EB16}
T{00000000-0000-0000-0000-000000214637}
T{00000000-0000-0000-0000-00000029EA62}
T{00000000-0000-0000-0000-00000029E4F0}
T{00000000-0000-0000-0000-0000000DB39E}
T{00000000-0000-0000-0000-0000001842C4}
T{00000000-0000-0000-0000-00000015C8F2}
T{00000000-0000-0000-0000-0000001D3BF2}
T{00000000-0000-0000-0000-000000004F37}
T{00000000-0000-0000-0000-00000029D3E1}
T{00000000-0000-0000-0000-00000015C458}
T{00000000-0000-0000-0000-00000029C979}
T{00000000-0000-0000-0000-000000314AA2}
T{00000000-0000-0000-0000-00000029BB50}
T{00000000-0000-0000-0000-00000029BB26}
T{00000000-0000-0000-0000-00000029B99E}
T{00000000-0000-0000-0000-00000029B95B}
T{00000000-0000-0000-0000-0000001DA94C}
T{00000000-0000-0000-0000-00000029B763}
T{00000000-0000-0000-0000-00000015C112}
T{00000000-0000-0000-0000-00000029B301}
T{00000000-0000-0000-0000-00000029B243}
T{00000000-0000-0000-0000-0000002BD718}
T{00000000-0000-0000-0000-000000263391}
T{00000000-0000-0000-0000-000000316545}
T{00000000-0000-0000-0000-00000029AF83}
T{00000000-0000-0000-0000-00000029AD9D}
T{00000000-0000-0000-0000-00000029AD7A}
T{00000000-0000-0000-0000-0000000DD8B2}
T{00000000-0000-0000-0000-00000015C0BA}
T{00000000-0000-0000-0000-00000011FD04}
T{00000000-0000-0000-0000-0000000B92D3}
F{00000000-0000-0000-0000-000000299A46}
T{00000000-0000-0000-0000-0000001C7B47}
T{00000000-0000-0000-0000-0000002BDE07}
T{00000000-0000-0000-0000-0000002998F7}
T{00000000-0000-0000-0000-00000032EAE8}
T{00000000-0000-0000-0000-000000320036}
T{00000000-0000-0000-0000-0000002998DD}
F{00000000-0000-0000-0000-0000002A0033}
T{00000000-0000-0000-0000-000000299425}
T{00000000-0000-0000-0000-000000298D14}
T{00000000-0000-0000-0000-00000015B2A7}
