F{00000000-0000-0000-0000-0000002D4147}
F{00000000-0000-0000-0000-00000033C0DE}
T{00000000-0000-0000-0000-0000000077BD}
F{00000000-0000-0000-0000-0000000DEE47}
T{00000000-0000-0000-0000-0000000D0DDB}
F{00000000-0000-0000-0000-00000025D7DD}
T{00000000-0000-0000-0000-00000022E947}
F{00000000-0000-0000-0000-0000001056F7}
F{00000000-0000-0000-0000-0000001C43DD}
T{00000000-0000-0000-0000-000000122CB0}
T{00000000-0000-0000-0000-000000044047}
T{00000000-0000-0000-0000-0000001278AF}
F{00000000-0000-0000-0000-0000002843CE}
T{00000000-0000-0000-0000-0000002691F5}
T{00000000-0000-0000-0000-000000325B65}
T{00000000-0000-0000-0000-000000023EC7}
F{00000000-0000-0000-0000-0000002F0787}
F{00000000-0000-0000-0000-000000108B3B}
T{00000000-0000-0000-0000-0000000411D2}
T{00000000-0000-0000-0000-000000062FD1}
T{00000000-0000-0000-0000-0000002B2399}
T{00000000-0000-0000-0000-000000264C56}
T{00000000-0000-0000-0000-0000001C7B17}
F{00000000-0000-0000-0000-0000002CDFC9}
T{00000000-0000-0000-0000-0000001282E8}
F{00000000-0000-0000-0000-0000002A0033}
T{00000000-0000-0000-0000-000000299A46}
F{00000000-0000-0000-0000-0000000D199E}
T{00000000-0000-0000-0000-000000040787}
T{00000000-0000-0000-0000-0000000F7B7F}
T{00000000-0000-0000-0000-00000002A54C}
F{00000000-0000-0000-0000-000000278875}
T{00000000-0000-0000-0000-000000284842}
T{00000000-0000-0000-0000-00000027BF78}
T{00000000-0000-0000-0000-0000003355D6}
T{00000000-0000-0000-0000-00000024C2E5}
T{00000000-0000-0000-0000-000000074E1E}
T{00000000-0000-0000-0000-000000092F5A}
T{00000000-0000-0000-0000-000000259E3F}
T{00000000-0000-0000-0000-0000001680DD}
T{00000000-0000-0000-0000-000000124D22}
T{00000000-0000-0000-0000-0000002802D9}
T{00000000-0000-0000-0000-0000001262D7}
T{00000000-0000-0000-0000-0000000751DF}
T{00000000-0000-0000-0000-000000296564}
T{00000000-0000-0000-0000-000000138989}
T{00000000-0000-0000-0000-00000024E8D0}
T{00000000-0000-0000-0000-000000126400}
T{00000000-0000-0000-0000-0000000936A7}
T{00000000-0000-0000-0000-0000002D3FCA}
T{00000000-0000-0000-0000-00000023F0DF}
T{00000000-0000-0000-0000-000000075A7C}
T{00000000-0000-0000-0000-000000259726}
T{00000000-0000-0000-0000-0000001C3443}
T{00000000-0000-0000-0000-00000024E7DE}
T{00000000-0000-0000-0000-00000024BF48}
T{00000000-0000-0000-0000-000000135E20}
T{00000000-0000-0000-0000-0000002644FE}
T{00000000-0000-0000-0000-00000007697F}
T{00000000-0000-0000-0000-000000258366}
T{00000000-0000-0000-0000-0000002350CC}
T{00000000-0000-0000-0000-00000025217B}
T{00000000-0000-0000-0000-000000130604}
T{00000000-0000-0000-0000-0000002401EB}
T{00000000-0000-0000-0000-00000008BBE4}
T{00000000-0000-0000-0000-0000001FC332}
T{00000000-0000-0000-0000-000000257ED2}
T{00000000-0000-0000-0000-00000016D6FB}
T{00000000-0000-0000-0000-0000002579A9}
T{00000000-0000-0000-0000-000000247BB0}
T{00000000-0000-0000-0000-0000001FC06F}
T{00000000-0000-0000-0000-000000257932}
T{00000000-0000-0000-0000-00000022B23B}
T{00000000-0000-0000-0000-0000000778E0}
T{00000000-0000-0000-0000-00000012642B}
T{00000000-0000-0000-0000-0000002628D3}
T{00000000-0000-0000-0000-00000022B68D}
T{00000000-0000-0000-0000-0000002B25A6}
T{00000000-0000-0000-0000-0000001DBEBC}
T{00000000-0000-0000-0000-000000292878}
T{00000000-0000-0000-0000-00000026E010}
T{00000000-0000-0000-0000-000000263B63}
T{00000000-0000-0000-0000-0000001FC2AF}
T{00000000-0000-0000-0000-000000292142}
T{00000000-0000-0000-0000-00000008B735}
T{00000000-0000-0000-0000-0000000C5C6D}
T{00000000-0000-0000-0000-0000000FA6A6}
T{00000000-0000-0000-0000-0000000786FE}
T{00000000-0000-0000-0000-000000291F5A}
T{00000000-0000-0000-0000-000000248147}
T{00000000-0000-0000-0000-000000167516}
T{00000000-0000-0000-0000-000000078C7B}
T{00000000-0000-0000-0000-00000007936F}
T{00000000-0000-0000-0000-0000002ED088}
T{00000000-0000-0000-0000-00000011116B}
T{00000000-0000-0000-0000-00000032B082}
T{00000000-0000-0000-0000-00000022B6AF}
T{00000000-0000-0000-0000-000000231DCD}
T{00000000-0000-0000-0000-00000026DCDA}
F{00000000-0000-0000-0000-00000026DB9A}
T{00000000-0000-0000-0000-000000138983}
T{00000000-0000-0000-0000-000000079AC9}
T{00000000-0000-0000-0000-0000002B6C6B}
T{00000000-0000-0000-0000-0000003080F1}
T{00000000-0000-0000-0000-0000001B2F2F}
T{00000000-0000-0000-0000-000000079AEC}
T{00000000-0000-0000-0000-0000002482A5}
T{00000000-0000-0000-0000-000000136382}
T{00000000-0000-0000-0000-0000002E6EF4}
T{00000000-0000-0000-0000-0000002A27DD}
T{00000000-0000-0000-0000-000000135BF7}
T{00000000-0000-0000-0000-00000007A926}
T{00000000-0000-0000-0000-0000001D7F60}
T{00000000-0000-0000-0000-00000026D979}
T{00000000-0000-0000-0000-0000001D2101}
T{00000000-0000-0000-0000-00000024C144}
T{00000000-0000-0000-0000-00000026D7AA}
T{00000000-0000-0000-0000-0000002631EE}
T{00000000-0000-0000-0000-0000002D5CCB}
T{00000000-0000-0000-0000-0000002578FB}
T{00000000-0000-0000-0000-00000026D675}
T{00000000-0000-0000-0000-00000026D438}
T{00000000-0000-0000-0000-000000207457}
T{00000000-0000-0000-0000-000000316D5A}
T{00000000-0000-0000-0000-00000009A4DD}
T{00000000-0000-0000-0000-00000026D0AA}
T{00000000-0000-0000-0000-0000000E773C}
T{00000000-0000-0000-0000-0000001FC5FB}
T{00000000-0000-0000-0000-00000007C0C0}
T{00000000-0000-0000-0000-00000026CFA0}
F{00000000-0000-0000-0000-0000001AF208}
T{00000000-0000-0000-0000-00000026CBC8}
T{00000000-0000-0000-0000-00000026864F}
T{00000000-0000-0000-0000-0000000FE302}
T{00000000-0000-0000-0000-000000332BAE}
T{00000000-0000-0000-0000-0000001FDB97}
T{00000000-0000-0000-0000-0000000CE6CE}
T{00000000-0000-0000-0000-000000095837}
T{00000000-0000-0000-0000-0000002DEC30}
T{00000000-0000-0000-0000-0000000A0057}
T{00000000-0000-0000-0000-00000020F376}
T{00000000-0000-0000-0000-00000007D0B3}
T{00000000-0000-0000-0000-0000001FDBA8}
T{00000000-0000-0000-0000-00000007D2AF}
T{00000000-0000-0000-0000-00000024BFD8}
T{00000000-0000-0000-0000-000000263B02}
T{00000000-0000-0000-0000-000000264B34}
T{00000000-0000-0000-0000-000000253ACD}
T{00000000-0000-0000-0000-000000094D3E}
T{00000000-0000-0000-0000-000000264AE2}
T{00000000-0000-0000-0000-0000002A0033}
T{00000000-0000-0000-0000-0000001FE7ED}
T{00000000-0000-0000-0000-000000234B41}
T{00000000-0000-0000-0000-0000002553EB}
T{00000000-0000-0000-0000-000000096C07}
T{00000000-0000-0000-0000-00000019A9D7}
T{00000000-0000-0000-0000-000000171E94}
T{00000000-0000-0000-0000-00000012EA12}
T{00000000-0000-0000-0000-000000330872}
T{00000000-0000-0000-0000-000000254EB3}
T{00000000-0000-0000-0000-00000009CB8B}
T{00000000-0000-0000-0000-00000032088E}
T{00000000-0000-0000-0000-000000200331}
T{00000000-0000-0000-0000-000000270E65}
T{00000000-0000-0000-0000-000000166874}
T{00000000-0000-0000-0000-0000002A4AC2}
T{00000000-0000-0000-0000-000000238A83}
T{00000000-0000-0000-0000-000000249F49}
T{00000000-0000-0000-0000-000000339597}
T{00000000-0000-0000-0000-0000000F6F30}
T{00000000-0000-0000-0000-0000001357CB}
T{00000000-0000-0000-0000-00000026B116}
T{00000000-0000-0000-0000-00000030DA81}
T{00000000-0000-0000-0000-0000002647D6}
T{00000000-0000-0000-0000-000000080458}
T{00000000-0000-0000-0000-000000127764}
T{00000000-0000-0000-0000-00000026BE73}
T{00000000-0000-0000-0000-0000000DEEA7}
T{00000000-0000-0000-0000-00000023DAD3}
T{00000000-0000-0000-0000-000000267527}
T{00000000-0000-0000-0000-0000000FA26B}
T{00000000-0000-0000-0000-00000015A7A1}
T{00000000-0000-0000-0000-0000000DB9CC}
T{00000000-0000-0000-0000-0000002518E3}
T{00000000-0000-0000-0000-000000277E96}
T{00000000-0000-0000-0000-00000022D855}
T{00000000-0000-0000-0000-0000000811FB}
T{00000000-0000-0000-0000-0000002006F9}
T{00000000-0000-0000-0000-0000000DA58A}
T{00000000-0000-0000-0000-00000026BC4E}
T{00000000-0000-0000-0000-00000026BC12}
T{00000000-0000-0000-0000-000000202FBE}
T{00000000-0000-0000-0000-000000200A89}
T{00000000-0000-0000-0000-00000015AB9D}
T{00000000-0000-0000-0000-0000001FE649}
T{00000000-0000-0000-0000-000000116328}
T{00000000-0000-0000-0000-00000031A88B}
T{00000000-0000-0000-0000-000000139551}
T{00000000-0000-0000-0000-0000000D93FC}
T{00000000-0000-0000-0000-0000002E31B8}
T{00000000-0000-0000-0000-000000200AD1}
T{00000000-0000-0000-0000-0000000D08E5}
T{00000000-0000-0000-0000-00000032C384}
T{00000000-0000-0000-0000-000000248FFC}
T{00000000-0000-0000-0000-00000026BAE5}
F{00000000-0000-0000-0000-00000021C57A}
T{00000000-0000-0000-0000-000000138055}
T{00000000-0000-0000-0000-0000002D3FCB}
T{00000000-0000-0000-0000-0000000CE0E2}
T{00000000-0000-0000-0000-0000002BE590}
T{00000000-0000-0000-0000-000000298C1E}
T{00000000-0000-0000-0000-000000200B10}
T{00000000-0000-0000-0000-000000292162}
F{00000000-0000-0000-0000-0000002843CE}
T{00000000-0000-0000-0000-00000024A6E0}
T{00000000-0000-0000-0000-0000002D40BC}
F{00000000-0000-0000-0000-00000016EF73}
T{00000000-0000-0000-0000-00000026601E}
T{00000000-0000-0000-0000-000000094F06}
T{00000000-0000-0000-0000-00000026B585}
T{00000000-0000-0000-0000-000000263180}
T{00000000-0000-0000-0000-000000237D40}
T{00000000-0000-0000-0000-00000024DC13}
T{00000000-0000-0000-0000-0000001287E8}
T{00000000-0000-0000-0000-00000026AFE4}
T{00000000-0000-0000-0000-0000001DBEB0}
T{00000000-0000-0000-0000-000000094F35}
T{00000000-0000-0000-0000-00000016FFE0}
T{00000000-0000-0000-0000-00000026AF5F}
T{00000000-0000-0000-0000-0000002FE1A5}
T{00000000-0000-0000-0000-00000013181A}
T{00000000-0000-0000-0000-000000314CA8}
T{00000000-0000-0000-0000-0000002645D9}
T{00000000-0000-0000-0000-000000083D43}
T{00000000-0000-0000-0000-00000013500B}
T{00000000-0000-0000-0000-000000254425}
T{00000000-0000-0000-0000-000000254240}
T{00000000-0000-0000-0000-0000000C55BF}
T{00000000-0000-0000-0000-0000000D97A8}
T{00000000-0000-0000-0000-00000022F2AA}
T{00000000-0000-0000-0000-0000001328AC}
T{00000000-0000-0000-0000-000000201EF6}
T{00000000-0000-0000-0000-00000026A0BC}
T{00000000-0000-0000-0000-000000201F5D}
T{00000000-0000-0000-0000-000000263535}
T{00000000-0000-0000-0000-000000269DFE}
T{00000000-0000-0000-0000-000000243AA3}
T{00000000-0000-0000-0000-0000000CE303}
T{00000000-0000-0000-0000-000000269D7B}
T{00000000-0000-0000-0000-0000001372CE}
T{00000000-0000-0000-0000-0000002655AB}
T{00000000-0000-0000-0000-000000263223}
T{00000000-0000-0000-0000-0000002028EE}
T{00000000-0000-0000-0000-0000002655A0}
T{00000000-0000-0000-0000-00000026993A}
T{00000000-0000-0000-0000-0000002654B2}
T{00000000-0000-0000-0000-0000000CE30D}
T{00000000-0000-0000-0000-0000000669F7}
T{00000000-0000-0000-0000-0000002653C5}
T{00000000-0000-0000-0000-000000134B23}
T{00000000-0000-0000-0000-000000126161}
T{00000000-0000-0000-0000-000000253E30}
T{00000000-0000-0000-0000-000000134930}
T{00000000-0000-0000-0000-000000262EF2}
T{00000000-0000-0000-0000-000000320D6B}
T{00000000-0000-0000-0000-0000002088CF}
T{00000000-0000-0000-0000-0000002AE431}
T{00000000-0000-0000-0000-00000008C51B}
T{00000000-0000-0000-0000-000000298396}
T{00000000-0000-0000-0000-0000001362D5}
T{00000000-0000-0000-0000-00000024A1FF}
T{00000000-0000-0000-0000-0000000CE38C}
T{00000000-0000-0000-0000-00000024C85E}
T{00000000-0000-0000-0000-000000145A1B}
T{00000000-0000-0000-0000-00000024E76B}
T{00000000-0000-0000-0000-0000000FA0F7}
T{00000000-0000-0000-0000-00000009E6FA}
T{00000000-0000-0000-0000-000000250A40}
T{00000000-0000-0000-0000-00000026173B}
T{00000000-0000-0000-0000-000000260EFD}
T{00000000-0000-0000-0000-0000001C4442}
T{00000000-0000-0000-0000-000000240263}
T{00000000-0000-0000-0000-000000260E68}
T{00000000-0000-0000-0000-0000002607ED}
T{00000000-0000-0000-0000-0000001363C8}
T{00000000-0000-0000-0000-0000000E5E8A}
T{00000000-0000-0000-0000-0000002C9AE4}
T{00000000-0000-0000-0000-00000009754B}
T{00000000-0000-0000-0000-0000002C7A73}
T{00000000-0000-0000-0000-00000024AB7D}
T{00000000-0000-0000-0000-00000024280C}
T{00000000-0000-0000-0000-00000028C379}
T{00000000-0000-0000-0000-000000250A32}
T{00000000-0000-0000-0000-00000024B515}
T{00000000-0000-0000-0000-00000033A0BA}
T{00000000-0000-0000-0000-000000097502}
T{00000000-0000-0000-0000-0000001EA2C0}
T{00000000-0000-0000-0000-00000025FA54}
T{00000000-0000-0000-0000-000000244B87}
T{00000000-0000-0000-0000-0000001C5FFE}
T{00000000-0000-0000-0000-000000135FEE}
T{00000000-0000-0000-0000-00000028B837}
T{00000000-0000-0000-0000-00000025F272}
T{00000000-0000-0000-0000-00000025E244}
T{00000000-0000-0000-0000-0000000B2328}
T{00000000-0000-0000-0000-00000025E20C}
T{00000000-0000-0000-0000-0000002C18B7}
T{00000000-0000-0000-0000-000000272ACA}
T{00000000-0000-0000-0000-00000006FA4F}
T{00000000-0000-0000-0000-0000001DDAC8}
T{00000000-0000-0000-0000-0000000FA8D5}
T{00000000-0000-0000-0000-00000025D311}
T{00000000-0000-0000-0000-0000001DCB72}
T{00000000-0000-0000-0000-000000225D1B}
T{00000000-0000-0000-0000-00000006FC1D}
T{00000000-0000-0000-0000-00000025D2A9}
T{00000000-0000-0000-0000-00000032E5A4}
T{00000000-0000-0000-0000-000000260E71}
T{00000000-0000-0000-0000-0000002203C2}
T{00000000-0000-0000-0000-0000001171C0}
T{00000000-0000-0000-0000-000000215FCE}
T{00000000-0000-0000-0000-000000290964}
T{00000000-0000-0000-0000-0000000E2183}
T{00000000-0000-0000-0000-000000246745}
T{00000000-0000-0000-0000-0000000F167E}
T{00000000-0000-0000-0000-00000025CA59}
T{00000000-0000-0000-0000-000000246908}
T{00000000-0000-0000-0000-000000215905}
T{00000000-0000-0000-0000-000000227286}
T{00000000-0000-0000-0000-00000024C09B}
T{00000000-0000-0000-0000-00000025BC0D}
T{00000000-0000-0000-0000-000000227862}
T{00000000-0000-0000-0000-00000012B193}
F{00000000-0000-0000-0000-0000002471BA}
T{00000000-0000-0000-0000-000000072BEA}
T{00000000-0000-0000-0000-0000002E1683}
T{00000000-0000-0000-0000-00000025B19E}
T{00000000-0000-0000-0000-000000229474}
T{00000000-0000-0000-0000-000000251942}
T{00000000-0000-0000-0000-00000024B6F2}
T{00000000-0000-0000-0000-0000001045DC}
T{00000000-0000-0000-0000-0000000AC938}
T{00000000-0000-0000-0000-00000024C99F}
T{00000000-0000-0000-0000-0000002CF09F}
T{00000000-0000-0000-0000-000000306354}
T{00000000-0000-0000-0000-000000229D0D}
T{00000000-0000-0000-0000-000000269292}
T{00000000-0000-0000-0000-0000001FBB96}
T{00000000-0000-0000-0000-0000001FB306}
T{00000000-0000-0000-0000-0000001FAE7E}
T{00000000-0000-0000-0000-0000001FA5E4}
T{00000000-0000-0000-0000-00000013A82E}
T{00000000-0000-0000-0000-0000001F98D9}
T{00000000-0000-0000-0000-00000013A8DC}
T{00000000-0000-0000-0000-000000237F3D}
T{00000000-0000-0000-0000-0000001F3690}
T{00000000-0000-0000-0000-0000001F147E}
T{00000000-0000-0000-0000-0000001F0AC9}
T{00000000-0000-0000-0000-0000001F00C0}
T{00000000-0000-0000-0000-00000013ECB4}
T{00000000-0000-0000-0000-0000001ED6E0}
T{00000000-0000-0000-0000-00000013FACD}
T{00000000-0000-0000-0000-00000013FDB8}
T{00000000-0000-0000-0000-00000028F5E5}
T{00000000-0000-0000-0000-0000002112EC}
T{00000000-0000-0000-0000-0000001F8853}
T{00000000-0000-0000-0000-0000001445FC}
T{00000000-0000-0000-0000-00000014467D}
T{00000000-0000-0000-0000-00000014523B}
T{00000000-0000-0000-0000-000000145F7B}
T{00000000-0000-0000-0000-000000146E62}
T{00000000-0000-0000-0000-00000009D68E}
T{00000000-0000-0000-0000-000000119F47}
T{00000000-0000-0000-0000-000000148E33}
T{00000000-0000-0000-0000-000000148FFB}
T{00000000-0000-0000-0000-00000014929E}
T{00000000-0000-0000-0000-0000001BF99C}
T{00000000-0000-0000-0000-00000031B8D1}
T{00000000-0000-0000-0000-000000149694}
T{00000000-0000-0000-0000-0000002A8151}
T{00000000-0000-0000-0000-00000029C2EF}
T{00000000-0000-0000-0000-0000001D24DE}
T{00000000-0000-0000-0000-00000014CFCB}
T{00000000-0000-0000-0000-0000001B5D7A}
T{00000000-0000-0000-0000-00000014D038}
T{00000000-0000-0000-0000-0000000C54CA}
T{00000000-0000-0000-0000-0000001053EF}
F{00000000-0000-0000-0000-00000014DCEA}
T{00000000-0000-0000-0000-00000014DD63}
T{00000000-0000-0000-0000-00000014E349}
T{00000000-0000-0000-0000-00000014FCA7}
T{00000000-0000-0000-0000-00000015042D}
T{00000000-0000-0000-0000-000000152F2F}
T{00000000-0000-0000-0000-000000248EB2}
T{00000000-0000-0000-0000-000000153240}
T{00000000-0000-0000-0000-0000001DA755}
T{00000000-0000-0000-0000-0000001532EA}
T{00000000-0000-0000-0000-0000001533CE}
T{00000000-0000-0000-0000-00000029F7D6}
T{00000000-0000-0000-0000-0000000B0FC2}
T{00000000-0000-0000-0000-000000153AC4}
T{00000000-0000-0000-0000-000000153C95}
T{00000000-0000-0000-0000-0000001AC8CA}
T{00000000-0000-0000-0000-000000154294}
T{00000000-0000-0000-0000-0000001BE6D6}
T{00000000-0000-0000-0000-000000154A0A}
T{00000000-0000-0000-0000-0000000A1D72}
T{00000000-0000-0000-0000-0000000A2146}
T{00000000-0000-0000-0000-0000000A2413}
T{00000000-0000-0000-0000-0000000A244A}
T{00000000-0000-0000-0000-0000001A80C1}
T{00000000-0000-0000-0000-0000000D01B6}
T{00000000-0000-0000-0000-000000157438}
T{00000000-0000-0000-0000-0000000A29A1}
T{00000000-0000-0000-0000-0000000F2546}
T{00000000-0000-0000-0000-0000000E16E4}
T{00000000-0000-0000-0000-0000002319BF}
T{00000000-0000-0000-0000-0000002861E4}
T{00000000-0000-0000-0000-0000000CCDAC}
T{00000000-0000-0000-0000-0000000CD9B2}
T{00000000-0000-0000-0000-0000000CDEF1}
T{00000000-0000-0000-0000-0000002C45B0}
T{00000000-0000-0000-0000-0000000CE0CB}
T{00000000-0000-0000-0000-00000007124A}
F{00000000-0000-0000-0000-000000108B3B}
T{00000000-0000-0000-0000-0000002F0787}
T{00000000-0000-0000-0000-000000023EC7}
T{00000000-0000-0000-0000-00000005AD98}
T{00000000-0000-0000-0000-0000002737FC}
T{00000000-0000-0000-0000-00000006C6BE}
T{00000000-0000-0000-0000-000000004CAA}
T{00000000-0000-0000-0000-00000023FF40}
T{00000000-0000-0000-0000-00000000AEC0}
T{00000000-0000-0000-0000-000000004AB4}
T{00000000-0000-0000-0000-0000002DB4F7}
T{00000000-0000-0000-0000-0000001BCC51}
T{00000000-0000-0000-0000-0000000BE9B6}
T{00000000-0000-0000-0000-000000004DA9}
T{00000000-0000-0000-0000-0000001A0E82}
T{00000000-0000-0000-0000-00000000B649}
T{00000000-0000-0000-0000-00000001B79B}
T{00000000-0000-0000-0000-00000000D9CC}
T{00000000-0000-0000-0000-0000001684A9}
T{00000000-0000-0000-0000-000000314C0E}
T{00000000-0000-0000-0000-000000057797}
T{00000000-0000-0000-0000-0000000A9994}
T{00000000-0000-0000-0000-0000000029E2}
T{00000000-0000-0000-0000-0000001B3E7C}
T{00000000-0000-0000-0000-00000033476B}
T{00000000-0000-0000-0000-0000000FEB93}
T{00000000-0000-0000-0000-0000000CE2DB}
T{00000000-0000-0000-0000-0000002B18BA}
T{00000000-0000-0000-0000-000000105F74}
T{00000000-0000-0000-0000-00000006ACFB}
T{00000000-0000-0000-0000-0000000071AA}
T{00000000-0000-0000-0000-0000000A0843}
T{00000000-0000-0000-0000-0000000E56CD}
T{00000000-0000-0000-0000-000000023E71}
T{00000000-0000-0000-0000-000000006C45}
T{00000000-0000-0000-0000-0000000E4F3E}
T{00000000-0000-0000-0000-00000018A5AE}
T{00000000-0000-0000-0000-00000013E545}
T{00000000-0000-0000-0000-000000004029}
T{00000000-0000-0000-0000-0000000062A7}
T{00000000-0000-0000-0000-00000000253E}
T{00000000-0000-0000-0000-000000100099}
T{00000000-0000-0000-0000-0000002A1003}
T{00000000-0000-0000-0000-000000004049}
T{00000000-0000-0000-0000-000000148BEA}
T{00000000-0000-0000-0000-000000065757}
T{00000000-0000-0000-0000-00000016985E}
T{00000000-0000-0000-0000-0000001397D0}
T{00000000-0000-0000-0000-00000021D0E6}
T{00000000-0000-0000-0000-0000000FFD54}
T{00000000-0000-0000-0000-0000003253BF}
T{00000000-0000-0000-0000-000000235979}
T{00000000-0000-0000-0000-0000002D02F7}
T{00000000-0000-0000-0000-00000012756D}
T{00000000-0000-0000-0000-00000026FC5A}
T{00000000-0000-0000-0000-000000178CE5}
T{00000000-0000-0000-0000-0000000BFB25}
T{00000000-0000-0000-0000-0000000665AD}
T{00000000-0000-0000-0000-00000006703C}
T{00000000-0000-0000-0000-00000006B552}
T{00000000-0000-0000-0000-00000024BF7A}
T{00000000-0000-0000-0000-000000178C55}
T{00000000-0000-0000-0000-0000000CF93D}
T{00000000-0000-0000-0000-0000001D7D61}
T{00000000-0000-0000-0000-000000247411}
T{00000000-0000-0000-0000-000000173418}
T{00000000-0000-0000-0000-00000030D245}
T{00000000-0000-0000-0000-000000184C86}
T{00000000-0000-0000-0000-000000067499}
T{00000000-0000-0000-0000-00000015742E}
T{00000000-0000-0000-0000-0000001450FF}
T{00000000-0000-0000-0000-00000027898B}
T{00000000-0000-0000-0000-00000032E350}
F{00000000-0000-0000-0000-00000007557D}
T{00000000-0000-0000-0000-000000072EE7}
T{00000000-0000-0000-0000-00000026E850}
T{00000000-0000-0000-0000-00000006805A}
T{00000000-0000-0000-0000-000000106389}
T{00000000-0000-0000-0000-0000001EB396}
T{00000000-0000-0000-0000-0000001196E0}
T{00000000-0000-0000-0000-00000033565E}
T{00000000-0000-0000-0000-0000001FFBE4}
T{00000000-0000-0000-0000-0000003351B3}
T{00000000-0000-0000-0000-00000023800C}
T{00000000-0000-0000-0000-0000001E4DE0}
T{00000000-0000-0000-0000-000000331FC2}
T{00000000-0000-0000-0000-00000026E246}
T{00000000-0000-0000-0000-00000006903D}
T{00000000-0000-0000-0000-000000331C4E}
T{00000000-0000-0000-0000-000000077123}
T{00000000-0000-0000-0000-00000031FD22}
T{00000000-0000-0000-0000-00000026FC87}
T{00000000-0000-0000-0000-0000002C5463}
T{00000000-0000-0000-0000-000000117837}
T{00000000-0000-0000-0000-00000024D829}
T{00000000-0000-0000-0000-0000002089E6}
T{00000000-0000-0000-0000-0000002D6B9F}
T{00000000-0000-0000-0000-000000121A2C}
T{00000000-0000-0000-0000-00000032D27B}
T{00000000-0000-0000-0000-000000107171}
F{00000000-0000-0000-0000-000000108BD7}
T{00000000-0000-0000-0000-000000222415}
T{00000000-0000-0000-0000-00000032F67F}
T{00000000-0000-0000-0000-0000002B9366}
T{00000000-0000-0000-0000-000000178E90}
T{00000000-0000-0000-0000-0000000F063E}
T{00000000-0000-0000-0000-00000019C101}
T{00000000-0000-0000-0000-0000001BEC3F}
T{00000000-0000-0000-0000-00000019C00E}
T{00000000-0000-0000-0000-00000019BE66}
T{00000000-0000-0000-0000-0000000B0FEF}
T{00000000-0000-0000-0000-000000176E2D}
T{00000000-0000-0000-0000-000000296B95}
T{00000000-0000-0000-0000-000000130B4B}
T{00000000-0000-0000-0000-0000003275C3}
T{00000000-0000-0000-0000-000000326B0F}
T{00000000-0000-0000-0000-00000019A599}
T{00000000-0000-0000-0000-0000002C928F}
T{00000000-0000-0000-0000-0000001531F9}
T{00000000-0000-0000-0000-00000017B9E1}
T{00000000-0000-0000-0000-00000010AA99}
T{00000000-0000-0000-0000-00000024E8A1}
T{00000000-0000-0000-0000-0000002C85DC}
T{00000000-0000-0000-0000-00000006E7FF}
T{00000000-0000-0000-0000-0000000949D0}
T{00000000-0000-0000-0000-000000091B3D}
T{00000000-0000-0000-0000-00000019A2B6}
T{00000000-0000-0000-0000-00000013C018}
T{00000000-0000-0000-0000-00000007C54C}
T{00000000-0000-0000-0000-0000001FE216}
T{00000000-0000-0000-0000-000000096DAE}
T{00000000-0000-0000-0000-000000243449}
T{00000000-0000-0000-0000-000000145F32}
T{00000000-0000-0000-0000-000000224E20}
T{00000000-0000-0000-0000-000000316690}
T{00000000-0000-0000-0000-0000003233D9}
T{00000000-0000-0000-0000-00000007D8D9}
T{00000000-0000-0000-0000-000000322C12}
T{00000000-0000-0000-0000-000000198111}
T{00000000-0000-0000-0000-0000001EA152}
T{00000000-0000-0000-0000-00000026F535}
T{00000000-0000-0000-0000-0000000704F6}
T{00000000-0000-0000-0000-0000002AF553}
T{00000000-0000-0000-0000-0000001744F6}
T{00000000-0000-0000-0000-00000031FCF0}
T{00000000-0000-0000-0000-0000002027AB}
T{00000000-0000-0000-0000-00000032B0AB}
T{00000000-0000-0000-0000-000000196D74}
T{00000000-0000-0000-0000-000000196C61}
T{00000000-0000-0000-0000-000000178759}
T{00000000-0000-0000-0000-00000010EB5D}
T{00000000-0000-0000-0000-00000019FBEE}
T{00000000-0000-0000-0000-0000000718CD}
T{00000000-0000-0000-0000-000000189604}
T{00000000-0000-0000-0000-00000033ABF6}
T{00000000-0000-0000-0000-000000139C7E}
T{00000000-0000-0000-0000-00000011F1AF}
T{00000000-0000-0000-0000-00000031A79E}
T{00000000-0000-0000-0000-000000317BF8}
T{00000000-0000-0000-0000-000000226C34}
T{00000000-0000-0000-0000-000000194F60}
T{00000000-0000-0000-0000-0000002A4BC3}
T{00000000-0000-0000-0000-000000071C8B}
T{00000000-0000-0000-0000-000000194740}
T{00000000-0000-0000-0000-0000003134EB}
T{00000000-0000-0000-0000-0000001C2ED2}
T{00000000-0000-0000-0000-000000228993}
T{00000000-0000-0000-0000-0000002FD6B4}
T{00000000-0000-0000-0000-00000025B34A}
T{00000000-0000-0000-0000-00000031243B}
T{00000000-0000-0000-0000-00000013950A}
T{00000000-0000-0000-0000-0000000B0FAB}
T{00000000-0000-0000-0000-0000000B1AB9}
T{00000000-0000-0000-0000-000000093A80}
T{00000000-0000-0000-0000-0000001D0611}
T{00000000-0000-0000-0000-00000013078E}
T{00000000-0000-0000-0000-0000002D9FD8}
T{00000000-0000-0000-0000-000000222D8F}
T{00000000-0000-0000-0000-00000032CD2B}
T{00000000-0000-0000-0000-000000122FE5}
T{00000000-0000-0000-0000-0000002B9112}
T{00000000-0000-0000-0000-0000000D14C3}
T{00000000-0000-0000-0000-000000338EAB}
T{00000000-0000-0000-0000-00000018CC15}
T{00000000-0000-0000-0000-000000138F39}
T{00000000-0000-0000-0000-0000000BCFC6}
T{00000000-0000-0000-0000-000000332DE4}
T{00000000-0000-0000-0000-000000114497}
T{00000000-0000-0000-0000-00000025905F}
T{00000000-0000-0000-0000-00000013A3A4}
T{00000000-0000-0000-0000-0000001243DE}
T{00000000-0000-0000-0000-0000000CF7FF}
T{00000000-0000-0000-0000-0000001DCE8D}
T{00000000-0000-0000-0000-0000001DBAF5}
T{00000000-0000-0000-0000-00000013A7EA}
T{00000000-0000-0000-0000-00000022F04D}
T{00000000-0000-0000-0000-0000001CA6B6}
T{00000000-0000-0000-0000-00000022D505}
T{00000000-0000-0000-0000-0000001F9935}
T{00000000-0000-0000-0000-0000002F51EC}
T{00000000-0000-0000-0000-000000202767}
T{00000000-0000-0000-0000-000000302B2D}
T{00000000-0000-0000-0000-000000302165}
T{00000000-0000-0000-0000-000000301D41}
T{00000000-0000-0000-0000-00000013D5B6}
T{00000000-0000-0000-0000-00000016331E}
T{00000000-0000-0000-0000-00000010C44E}
T{00000000-0000-0000-0000-00000022FEC6}
T{00000000-0000-0000-0000-00000021EDF8}
T{00000000-0000-0000-0000-0000000BCB0E}
T{00000000-0000-0000-0000-000000165DB9}
T{00000000-0000-0000-0000-0000000FDB15}
T{00000000-0000-0000-0000-00000013FE32}
T{00000000-0000-0000-0000-00000030255D}
T{00000000-0000-0000-0000-0000000BC9C5}
T{00000000-0000-0000-0000-0000002A319F}
T{00000000-0000-0000-0000-0000001D04D5}
T{00000000-0000-0000-0000-0000001430A3}
T{00000000-0000-0000-0000-000000143172}
T{00000000-0000-0000-0000-00000014388F}
T{00000000-0000-0000-0000-0000000C3EC1}
T{00000000-0000-0000-0000-00000015E1CE}
T{00000000-0000-0000-0000-0000002CF090}
T{00000000-0000-0000-0000-0000000FA790}
T{00000000-0000-0000-0000-0000000FAACF}
T{00000000-0000-0000-0000-00000030D226}
T{00000000-0000-0000-0000-0000000FB104}
T{00000000-0000-0000-0000-00000009D499}
T{00000000-0000-0000-0000-00000027F124}
T{00000000-0000-0000-0000-0000000CF933}
T{00000000-0000-0000-0000-000000297D08}
T{00000000-0000-0000-0000-000000146195}
T{00000000-0000-0000-0000-000000146CB4}
T{00000000-0000-0000-0000-0000000FB2D0}
T{00000000-0000-0000-0000-000000202BD3}
T{00000000-0000-0000-0000-00000009D698}
T{00000000-0000-0000-0000-0000001472F7}
T{00000000-0000-0000-0000-00000014C172}
T{00000000-0000-0000-0000-0000001A5CA2}
T{00000000-0000-0000-0000-00000009D787}
T{00000000-0000-0000-0000-000000184DB6}
T{00000000-0000-0000-0000-0000002F8208}
T{00000000-0000-0000-0000-000000246345}
T{00000000-0000-0000-0000-0000000FB35D}
T{00000000-0000-0000-0000-000000119F54}
T{00000000-0000-0000-0000-0000001E97E7}
T{00000000-0000-0000-0000-00000013897B}
T{00000000-0000-0000-0000-000000138862}
T{00000000-0000-0000-0000-0000001A0CB3}
T{00000000-0000-0000-0000-0000001848CF}
T{00000000-0000-0000-0000-0000001797C4}
T{00000000-0000-0000-0000-0000002EFFA9}
T{00000000-0000-0000-0000-00000009BB4C}
T{00000000-0000-0000-0000-00000023387D}
T{00000000-0000-0000-0000-00000009E3D7}
T{00000000-0000-0000-0000-00000020B34E}
T{00000000-0000-0000-0000-0000002CCD29}
T{00000000-0000-0000-0000-000000166E8F}
T{00000000-0000-0000-0000-0000001CE9EA}
T{00000000-0000-0000-0000-000000234DBA}
T{00000000-0000-0000-0000-00000009E9E0}
T{00000000-0000-0000-0000-0000001C9465}
T{00000000-0000-0000-0000-00000016BE6E}
T{00000000-0000-0000-0000-000000201834}
T{00000000-0000-0000-0000-00000023C700}
T{00000000-0000-0000-0000-00000020BD3C}
T{00000000-0000-0000-0000-0000001EA31D}
T{00000000-0000-0000-0000-0000002B183F}
T{00000000-0000-0000-0000-00000009F213}
T{00000000-0000-0000-0000-00000009F2B5}
T{00000000-0000-0000-0000-0000000F6C2F}
T{00000000-0000-0000-0000-00000021DCD3}
T{00000000-0000-0000-0000-0000001C2C6B}
T{00000000-0000-0000-0000-00000009F415}
T{00000000-0000-0000-0000-0000000D53FE}
T{00000000-0000-0000-0000-0000001253E9}
T{00000000-0000-0000-0000-0000000A06FB}
T{00000000-0000-0000-0000-00000014C0C0}
T{00000000-0000-0000-0000-0000002073CF}
T{00000000-0000-0000-0000-0000000FDCD4}
T{00000000-0000-0000-0000-0000001C07B2}
T{00000000-0000-0000-0000-000000289841}
T{00000000-0000-0000-0000-000000187E3A}
T{00000000-0000-0000-0000-0000000A0723}
T{00000000-0000-0000-0000-0000001BF5AF}
T{00000000-0000-0000-0000-0000001BF2AC}
T{00000000-0000-0000-0000-000000253FE0}
T{00000000-0000-0000-0000-0000001BEEF3}
T{00000000-0000-0000-0000-0000001BE187}
T{00000000-0000-0000-0000-0000001BDF33}
T{00000000-0000-0000-0000-0000001BDAF9}
T{00000000-0000-0000-0000-0000000FC8A7}
T{00000000-0000-0000-0000-000000232F65}
T{00000000-0000-0000-0000-0000002FA1EE}
T{00000000-0000-0000-0000-0000002A1E60}
T{00000000-0000-0000-0000-000000178CCB}
T{00000000-0000-0000-0000-0000001BB360}
T{00000000-0000-0000-0000-0000000BDC46}
T{00000000-0000-0000-0000-0000002ECB63}
T{00000000-0000-0000-0000-0000002CEB1D}
T{00000000-0000-0000-0000-0000002A0A1D}
T{00000000-0000-0000-0000-0000001B8900}
T{00000000-0000-0000-0000-0000002B743F}
T{00000000-0000-0000-0000-000000164B7F}
T{00000000-0000-0000-0000-00000005ED38}
T{00000000-0000-0000-0000-000000167C85}
T{00000000-0000-0000-0000-0000002910D7}
T{00000000-0000-0000-0000-0000002D65F5}
T{00000000-0000-0000-0000-0000002F3C70}
T{00000000-0000-0000-0000-000000263AA2}
T{00000000-0000-0000-0000-0000001B6479}
T{00000000-0000-0000-0000-0000000A1852}
T{00000000-0000-0000-0000-0000002375BD}
T{00000000-0000-0000-0000-0000002E31EF}
T{00000000-0000-0000-0000-000000216A6E}
T{00000000-0000-0000-0000-00000016A626}
T{00000000-0000-0000-0000-00000020CCBF}
T{00000000-0000-0000-0000-000000089465}
T{00000000-0000-0000-0000-0000001AEBE7}
T{00000000-0000-0000-0000-0000001AE318}
T{00000000-0000-0000-0000-0000001AC8A4}
T{00000000-0000-0000-0000-0000001AB478}
T{00000000-0000-0000-0000-0000001AAFD0}
T{00000000-0000-0000-0000-0000001AAF38}
T{00000000-0000-0000-0000-0000000A854F}
T{00000000-0000-0000-0000-00000020A907}
T{00000000-0000-0000-0000-000000324320}
T{00000000-0000-0000-0000-0000002C6554}
T{00000000-0000-0000-0000-00000008A69D}
T{00000000-0000-0000-0000-00000009A503}
T{00000000-0000-0000-0000-00000005FB2F}
T{00000000-0000-0000-0000-000000312E16}
T{00000000-0000-0000-0000-0000001A640F}
T{00000000-0000-0000-0000-0000001C62BB}
T{00000000-0000-0000-0000-00000026AD2B}
T{00000000-0000-0000-0000-0000001A5622}
T{00000000-0000-0000-0000-0000001A5599}
T{00000000-0000-0000-0000-0000002E1F66}
T{00000000-0000-0000-0000-000000157446}
T{00000000-0000-0000-0000-0000001A149B}
T{00000000-0000-0000-0000-0000001A036D}
T{00000000-0000-0000-0000-00000019FC64}
T{00000000-0000-0000-0000-00000019F4D6}
T{00000000-0000-0000-0000-0000000F2112}
T{00000000-0000-0000-0000-0000000FEC4B}
T{00000000-0000-0000-0000-0000000C6F2B}
T{00000000-0000-0000-0000-0000000C8378}
T{00000000-0000-0000-0000-0000001059F3}
T{00000000-0000-0000-0000-0000001F007B}
T{00000000-0000-0000-0000-0000001A145E}
T{00000000-0000-0000-0000-0000000C9895}
T{00000000-0000-0000-0000-0000000C9F3E}
T{00000000-0000-0000-0000-000000145192}
T{00000000-0000-0000-0000-0000000ED312}
T{00000000-0000-0000-0000-000000212045}
T{00000000-0000-0000-0000-0000000ECF7A}
T{00000000-0000-0000-0000-0000002F8174}
T{00000000-0000-0000-0000-00000017FF51}
T{00000000-0000-0000-0000-0000000EC5E2}
T{00000000-0000-0000-0000-0000002A4B82}
T{00000000-0000-0000-0000-000000325644}
T{00000000-0000-0000-0000-0000000EBA1E}
T{00000000-0000-0000-0000-000000235CB9}
T{00000000-0000-0000-0000-0000001AC986}
T{00000000-0000-0000-0000-0000000CB2D4}
T{00000000-0000-0000-0000-00000022389C}
T{00000000-0000-0000-0000-0000000EA96F}
T{00000000-0000-0000-0000-0000000EA8F4}
T{00000000-0000-0000-0000-0000000EA30D}
T{00000000-0000-0000-0000-0000001AC3FD}
T{00000000-0000-0000-0000-00000032A94B}
T{00000000-0000-0000-0000-0000001CD9AB}
T{00000000-0000-0000-0000-0000000E7830}
T{00000000-0000-0000-0000-0000000E67C9}
T{00000000-0000-0000-0000-0000000E6441}
T{00000000-0000-0000-0000-0000002419AD}
T{00000000-0000-0000-0000-0000000E5005}
T{00000000-0000-0000-0000-00000029516A}
T{00000000-0000-0000-0000-00000007D743}
T{00000000-0000-0000-0000-0000002AFF72}
T{00000000-0000-0000-0000-0000000FAFD7}
T{00000000-0000-0000-0000-00000016F7DA}
T{00000000-0000-0000-0000-000000268E75}
T{00000000-0000-0000-0000-0000002B2F81}
T{00000000-0000-0000-0000-00000005EC0D}
T{00000000-0000-0000-0000-00000005E2FA}
T{00000000-0000-0000-0000-000000138FE7}
T{00000000-0000-0000-0000-0000001DCF7D}
T{00000000-0000-0000-0000-000000077EEC}
T{00000000-0000-0000-0000-0000001A12AD}
T{00000000-0000-0000-0000-0000000D2841}
T{00000000-0000-0000-0000-000000060BF7}
T{00000000-0000-0000-0000-000000071997}
T{00000000-0000-0000-0000-000000157753}
T{00000000-0000-0000-0000-0000001E918D}
T{00000000-0000-0000-0000-00000006D777}
T{00000000-0000-0000-0000-00000005AC0E}
T{00000000-0000-0000-0000-00000026C1A9}
T{00000000-0000-0000-0000-00000005A9EA}
T{00000000-0000-0000-0000-000000110471}
T{00000000-0000-0000-0000-000000071984}
T{00000000-0000-0000-0000-00000013F17D}
T{00000000-0000-0000-0000-000000141B67}
T{00000000-0000-0000-0000-00000009551A}
T{00000000-0000-0000-0000-000000166F37}
T{00000000-0000-0000-0000-0000000593A0}
T{00000000-0000-0000-0000-00000007F5E6}
T{00000000-0000-0000-0000-000000058349}
T{00000000-0000-0000-0000-0000001BF77C}
T{00000000-0000-0000-0000-000000067C53}
T{00000000-0000-0000-0000-0000000890E1}
T{00000000-0000-0000-0000-00000009885C}
T{00000000-0000-0000-0000-0000000719C9}
T{00000000-0000-0000-0000-000000055674}
T{00000000-0000-0000-0000-0000000B60CE}
T{00000000-0000-0000-0000-000000325592}
T{00000000-0000-0000-0000-00000022E20C}
T{00000000-0000-0000-0000-000000316730}
T{00000000-0000-0000-0000-0000001E8FF3}
T{00000000-0000-0000-0000-000000200468}
T{00000000-0000-0000-0000-000000089426}
T{00000000-0000-0000-0000-0000000A0350}
T{00000000-0000-0000-0000-000000067F41}
T{00000000-0000-0000-0000-000000052240}
T{00000000-0000-0000-0000-0000002B0739}
T{00000000-0000-0000-0000-00000018AFAE}
T{00000000-0000-0000-0000-000000051F73}
T{00000000-0000-0000-0000-000000330FA2}
T{00000000-0000-0000-0000-0000001BBE21}
T{00000000-0000-0000-0000-000000051510}
T{00000000-0000-0000-0000-000000333C09}
T{00000000-0000-0000-0000-0000000CDC59}
T{00000000-0000-0000-0000-00000023045E}
T{00000000-0000-0000-0000-0000000F0C92}
T{00000000-0000-0000-0000-0000002EEDAE}
T{00000000-0000-0000-0000-0000001CBD99}
T{00000000-0000-0000-0000-0000001A1CFC}
T{00000000-0000-0000-0000-000000048F75}
T{00000000-0000-0000-0000-000000333ECB}
T{00000000-0000-0000-0000-00000021CF71}
T{00000000-0000-0000-0000-00000007523C}
T{00000000-0000-0000-0000-000000047CEB}
T{00000000-0000-0000-0000-0000001733AD}
T{00000000-0000-0000-0000-0000000B1916}
T{00000000-0000-0000-0000-0000002ECB26}
T{00000000-0000-0000-0000-000000042789}
T{00000000-0000-0000-0000-000000299932}
T{00000000-0000-0000-0000-0000000C3E02}
T{00000000-0000-0000-0000-000000041749}
T{00000000-0000-0000-0000-00000006FAE4}
T{00000000-0000-0000-0000-000000138934}
T{00000000-0000-0000-0000-0000000FF4FE}
T{00000000-0000-0000-0000-0000000FA774}
T{00000000-0000-0000-0000-0000000B753E}
T{00000000-0000-0000-0000-0000000FBBC4}
T{00000000-0000-0000-0000-0000002E062F}
T{00000000-0000-0000-0000-00000004C251}
T{00000000-0000-0000-0000-00000019FBC7}
F{00000000-0000-0000-0000-000000036030}
T{00000000-0000-0000-0000-0000000EEBC6}
T{00000000-0000-0000-0000-00000003584C}
T{00000000-0000-0000-0000-000000034A00}
T{00000000-0000-0000-0000-0000000FAEA5}
T{00000000-0000-0000-0000-0000000D174E}
T{00000000-0000-0000-0000-00000009A12C}
T{00000000-0000-0000-0000-0000000DBFA9}
T{00000000-0000-0000-0000-0000000D279A}
T{00000000-0000-0000-0000-000000213619}
T{00000000-0000-0000-0000-00000021D4F3}
T{00000000-0000-0000-0000-00000017972C}
T{00000000-0000-0000-0000-00000024AD95}
T{00000000-0000-0000-0000-0000000BE030}
T{00000000-0000-0000-0000-000000285C2A}
T{00000000-0000-0000-0000-0000000D4BD1}
T{00000000-0000-0000-0000-0000002EF64C}
T{00000000-0000-0000-0000-000000239361}
T{00000000-0000-0000-0000-0000000D5EC4}
T{00000000-0000-0000-0000-00000012B243}
T{00000000-0000-0000-0000-000000103CF4}
T{00000000-0000-0000-0000-00000006308D}
T{00000000-0000-0000-0000-0000001794A3}
T{00000000-0000-0000-0000-0000000A88AD}
T{00000000-0000-0000-0000-000000213579}
T{00000000-0000-0000-0000-0000000ED5DE}
T{00000000-0000-0000-0000-0000000DBCE5}
T{00000000-0000-0000-0000-0000001C5F34}
T{00000000-0000-0000-0000-0000001AEC0B}
T{00000000-0000-0000-0000-00000023C2C4}
T{00000000-0000-0000-0000-00000017FEEB}
T{00000000-0000-0000-0000-0000002A84E1}
T{00000000-0000-0000-0000-000000007899}
T{00000000-0000-0000-0000-00000023CA7A}
T{00000000-0000-0000-0000-00000017EF5B}
T{00000000-0000-0000-0000-00000030C798}
T{00000000-0000-0000-0000-000000137DC8}
T{00000000-0000-0000-0000-00000019D080}
T{00000000-0000-0000-0000-00000024A6D8}
T{00000000-0000-0000-0000-0000000A3E08}
T{00000000-0000-0000-0000-000000064B2A}
T{00000000-0000-0000-0000-0000000995F8}
T{00000000-0000-0000-0000-00000016756C}
T{00000000-0000-0000-0000-0000002CF029}
T{00000000-0000-0000-0000-0000000EB9ED}
T{00000000-0000-0000-0000-000000064EFA}
T{00000000-0000-0000-0000-000000099440}
T{00000000-0000-0000-0000-00000003C1D9}
T{00000000-0000-0000-0000-0000002186B7}
T{00000000-0000-0000-0000-00000021C014}
T{00000000-0000-0000-0000-00000023CF03}
T{00000000-0000-0000-0000-000000316D33}
T{00000000-0000-0000-0000-00000021D095}
T{00000000-0000-0000-0000-000000105EB1}
T{00000000-0000-0000-0000-000000268B62}
T{00000000-0000-0000-0000-0000000F1D41}
T{00000000-0000-0000-0000-0000002CD8A9}
F{00000000-0000-0000-0000-000000074466}
T{00000000-0000-0000-0000-0000002F18F4}
T{00000000-0000-0000-0000-000000113B7F}
T{00000000-0000-0000-0000-00000011450A}
T{00000000-0000-0000-0000-000000114F6A}
T{00000000-0000-0000-0000-0000002B39CA}
T{00000000-0000-0000-0000-00000011565E}
T{00000000-0000-0000-0000-000000115D63}
T{00000000-0000-0000-0000-000000122E88}
T{00000000-0000-0000-0000-0000002B25E1}
T{00000000-0000-0000-0000-0000001E932F}
T{00000000-0000-0000-0000-0000002B1FB1}
T{00000000-0000-0000-0000-0000002B1799}
F{00000000-0000-0000-0000-0000000CAFE6}
T{00000000-0000-0000-0000-000000116200}
T{00000000-0000-0000-0000-0000002B10DC}
F{00000000-0000-0000-0000-000000116A55}
T{00000000-0000-0000-0000-0000002AF48E}
T{00000000-0000-0000-0000-00000008A7D5}
T{00000000-0000-0000-0000-000000116F14}
F{00000000-0000-0000-0000-00000021E051}
T{00000000-0000-0000-0000-00000011734E}
T{00000000-0000-0000-0000-000000144EA0}
F{00000000-0000-0000-0000-0000000782BC}
T{00000000-0000-0000-0000-00000011E7AD}
T{00000000-0000-0000-0000-0000002ABFF5}
T{00000000-0000-0000-0000-0000002AA7BC}
T{00000000-0000-0000-0000-0000002AA779}
T{00000000-0000-0000-0000-00000009AC55}
T{00000000-0000-0000-0000-000000118322}
T{00000000-0000-0000-0000-0000002A8596}
T{00000000-0000-0000-0000-0000002A8531}
T{00000000-0000-0000-0000-0000002A8313}
T{00000000-0000-0000-0000-0000000D1718}
T{00000000-0000-0000-0000-000000167113}
T{00000000-0000-0000-0000-00000011927D}
T{00000000-0000-0000-0000-0000002A7A85}
T{00000000-0000-0000-0000-0000002AE627}
T{00000000-0000-0000-0000-0000002A9640}
T{00000000-0000-0000-0000-00000013AEDD}
F{00000000-0000-0000-0000-000000097145}
T{00000000-0000-0000-0000-0000002A4C0B}
T{00000000-0000-0000-0000-000000170E83}
T{00000000-0000-0000-0000-00000007DDDE}
T{00000000-0000-0000-0000-000000119488}
T{00000000-0000-0000-0000-0000000BD935}
T{00000000-0000-0000-0000-00000007E9F2}
T{00000000-0000-0000-0000-000000119FB4}
T{00000000-0000-0000-0000-0000000BF69D}
T{00000000-0000-0000-0000-00000021E8F6}
F{00000000-0000-0000-0000-0000002BCF2E}
T{00000000-0000-0000-0000-00000029F741}
T{00000000-0000-0000-0000-0000000E0FE9}
T{00000000-0000-0000-0000-0000000FA768}
T{00000000-0000-0000-0000-0000001719E9}
T{00000000-0000-0000-0000-00000029E4DD}
T{00000000-0000-0000-0000-0000000CF7EE}
T{00000000-0000-0000-0000-00000029DF30}
T{00000000-0000-0000-0000-000000276E31}
T{00000000-0000-0000-0000-0000001A1AEA}
T{00000000-0000-0000-0000-00000029CEAD}
T{00000000-0000-0000-0000-0000001DB74C}
T{00000000-0000-0000-0000-00000029BD67}
T{00000000-0000-0000-0000-00000008338F}
T{00000000-0000-0000-0000-00000011A9C4}
T{00000000-0000-0000-0000-0000001F07B8}
T{00000000-0000-0000-0000-00000011AA6D}
