T{00000000-0000-0000-0000-0000001056F7}
T{00000000-0000-0000-0000-0000001056F7}
T{00000000-0000-0000-0000-000000108BD7}
F{00000000-0000-0000-0000-000000108B3B}
T{00000000-0000-0000-0000-000000036030}
F{00000000-0000-0000-0000-00000002A54C}
T{00000000-0000-0000-0000-000000074466}
T{00000000-0000-0000-0000-000000122CB0}
T{00000000-0000-0000-0000-0000000077BD}
T{00000000-0000-0000-0000-00000022E947}
T{00000000-0000-0000-0000-0000000782BC}
T{00000000-0000-0000-0000-00000007557D}
T{00000000-0000-0000-0000-0000001056F7}
T{00000000-0000-0000-0000-00000021E051}
F{00000000-0000-0000-0000-00000025D7DD}
T{00000000-0000-0000-0000-0000002BCF2E}
T{00000000-0000-0000-0000-0000000CAFE6}
T{00000000-0000-0000-0000-0000001C43DD}
T{00000000-0000-0000-0000-00000014DCEA}
T{00000000-0000-0000-0000-00000033C0DE}
T{00000000-0000-0000-0000-0000001282E8}
T{00000000-0000-0000-0000-00000021C57A}
F{00000000-0000-0000-0000-0000000D199E}
T{00000000-0000-0000-0000-000000097145}
T{00000000-0000-0000-0000-0000000DEE47}
T{00000000-0000-0000-0000-000000044047}
T{00000000-0000-0000-0000-00000016EF73}
T{00000000-0000-0000-0000-000000023EC7}
T{00000000-0000-0000-0000-00000026DB9A}
T{00000000-0000-0000-0000-0000001AF208}
T{00000000-0000-0000-0000-000000299A46}
F{00000000-0000-0000-0000-0000002D4147}
F{00000000-0000-0000-0000-0000002843CE}
T{00000000-0000-0000-0000-000000264C56}
F{00000000-0000-0000-0000-0000002CDFC9}
T{00000000-0000-0000-0000-0000002B2399}
T{00000000-0000-0000-0000-000000116A55}
T{00000000-0000-0000-0000-0000002471BA}
T{00000000-0000-0000-0000-0000002F0787}
T{00000000-0000-0000-0000-0000001C7B17}
F{00000000-0000-0000-0000-0000002A0033}
T{00000000-0000-0000-0000-000000278875}
T{00000000-0000-0000-0000-0000000D0DDB}
T{00000000-0000-0000-0000-0000002471BA}
F{00000000-0000-0000-0000-000000108B3B}
T{00000000-0000-0000-0000-0000001AF208}
T{00000000-0000-0000-0000-0000002843CE}
T{00000000-0000-0000-0000-00000014DCEA}
T{00000000-0000-0000-0000-00000016EF73}
T{00000000-0000-0000-0000-00000021C57A}
T{00000000-0000-0000-0000-00000026DB9A}
T{00000000-0000-0000-0000-000000108BD7}
T{00000000-0000-0000-0000-000000036030}
T{00000000-0000-0000-0000-00000007557D}
T{00000000-0000-0000-0000-00000033E209}
T{00000000-0000-0000-0000-00000033E0FB}
T{00000000-0000-0000-0000-00000033DDF4}
T{00000000-0000-0000-0000-00000033C6A6}
T{00000000-0000-0000-0000-00000033C127}
F{00000000-0000-0000-0000-00000033C0BE}
T{00000000-0000-0000-0000-00000033AF04}
T{00000000-0000-0000-0000-00000033AE9F}
T{00000000-0000-0000-0000-00000033AE7C}
T{00000000-0000-0000-0000-00000033AE79}
T{00000000-0000-0000-0000-00000033AD93}
T{00000000-0000-0000-0000-00000033A9DE}
T{00000000-0000-0000-0000-000000339F1B}
F{00000000-0000-0000-0000-000000164F2C}
T{00000000-0000-0000-0000-000000339822}
T{00000000-0000-0000-0000-0000003394A4}
F{00000000-0000-0000-0000-0000002B7D45}
T{00000000-0000-0000-0000-0000003365C2}
F{00000000-0000-0000-0000-000000336361}
T{00000000-0000-0000-0000-0000003361CE}
T{00000000-0000-0000-0000-000000336110}
T{00000000-0000-0000-0000-000000335ECE}
T{00000000-0000-0000-0000-000000335E40}
T{00000000-0000-0000-0000-00000023EE07}
T{00000000-0000-0000-0000-0000000E75F6}
T{00000000-0000-0000-0000-000000335D62}
T{00000000-0000-0000-0000-000000335C46}
T{00000000-0000-0000-0000-0000003359F8}
T{00000000-0000-0000-0000-000000084360}
T{00000000-0000-0000-0000-000000335636}
T{00000000-0000-0000-0000-000000335262}
T{00000000-0000-0000-0000-0000000AE447}
T{00000000-0000-0000-0000-00000019B1B2}
T{00000000-0000-0000-0000-000000334D03}
T{00000000-0000-0000-0000-000000333EB0}
T{00000000-0000-0000-0000-00000033397C}
T{00000000-0000-0000-0000-000000333529}
T{00000000-0000-0000-0000-0000000CDD4D}
F{00000000-0000-0000-0000-000000243F02}
T{00000000-0000-0000-0000-000000332B46}
T{00000000-0000-0000-0000-000000332365}
T{00000000-0000-0000-0000-000000332107}
T{00000000-0000-0000-0000-00000013D4AE}
T{00000000-0000-0000-0000-0000000349AE}
T{00000000-0000-0000-0000-00000033172F}
T{00000000-0000-0000-0000-000000220995}
T{00000000-0000-0000-0000-000000331151}
F{00000000-0000-0000-0000-000000319987}
T{00000000-0000-0000-0000-0000003355E8}
T{00000000-0000-0000-0000-000000330CDF}
T{00000000-0000-0000-0000-0000000BF8F2}
F{00000000-0000-0000-0000-00000023D0EB}
T{00000000-0000-0000-0000-0000003300DB}
T{00000000-0000-0000-0000-0000002157C5}
T{00000000-0000-0000-0000-00000032FFD9}
T{00000000-0000-0000-0000-00000023D05D}
T{00000000-0000-0000-0000-0000002A3408}
T{00000000-0000-0000-0000-00000032F66F}
T{00000000-0000-0000-0000-0000000CB200}
F{00000000-0000-0000-0000-000000126649}
T{00000000-0000-0000-0000-000000199CB4}
T{00000000-0000-0000-0000-0000003397F4}
T{00000000-0000-0000-0000-00000032E4D5}
T{00000000-0000-0000-0000-00000032E3F3}
T{00000000-0000-0000-0000-00000032DF90}
T{00000000-0000-0000-0000-00000032DE4B}
T{00000000-0000-0000-0000-00000032DD9E}
T{00000000-0000-0000-0000-00000032D98E}
T{00000000-0000-0000-0000-0000000554DA}
T{00000000-0000-0000-0000-00000032D262}
T{00000000-0000-0000-0000-00000014E3DD}
T{00000000-0000-0000-0000-00000032D11A}
T{00000000-0000-0000-0000-00000030E1FC}
T{00000000-0000-0000-0000-00000032BF45}
T{00000000-0000-0000-0000-00000032BEB2}
T{00000000-0000-0000-0000-00000032BB22}
T{00000000-0000-0000-0000-00000020AC91}
T{00000000-0000-0000-0000-00000032B143}
T{00000000-0000-0000-0000-00000023B6EB}
T{00000000-0000-0000-0000-00000012A959}
T{00000000-0000-0000-0000-00000032AF95}
T{00000000-0000-0000-0000-00000032AD40}
F{00000000-0000-0000-0000-00000032A8DB}
T{00000000-0000-0000-0000-00000000E324}
T{00000000-0000-0000-0000-00000032A5FE}
T{00000000-0000-0000-0000-000000320C89}
T{00000000-0000-0000-0000-00000019E343}
T{00000000-0000-0000-0000-00000032A2A3}
T{00000000-0000-0000-0000-000000238FCF}
T{00000000-0000-0000-0000-000000329FF6}
F{00000000-0000-0000-0000-00000019EC18}
T{00000000-0000-0000-0000-000000329B21}
T{00000000-0000-0000-0000-000000238CD3}
T{00000000-0000-0000-0000-000000329117}
T{00000000-0000-0000-0000-0000003290C5}
T{00000000-0000-0000-0000-0000000C498D}
T{00000000-0000-0000-0000-000000327A68}
F{00000000-0000-0000-0000-000000106746}
T{00000000-0000-0000-0000-0000001831A7}
T{00000000-0000-0000-0000-00000019EDAF}
T{00000000-0000-0000-0000-000000088247}
T{00000000-0000-0000-0000-00000032698B}
T{00000000-0000-0000-0000-00000032DE01}
T{00000000-0000-0000-0000-0000000FBC1B}
T{00000000-0000-0000-0000-00000031E4BF}
T{00000000-0000-0000-0000-00000010F40D}
T{00000000-0000-0000-0000-000000234D52}
T{00000000-0000-0000-0000-000000242682}
T{00000000-0000-0000-0000-0000002337D8}
T{00000000-0000-0000-0000-000000325149}
T{00000000-0000-0000-0000-0000001B5DFD}
T{00000000-0000-0000-0000-00000025A69A}
T{00000000-0000-0000-0000-00000025439D}
T{00000000-0000-0000-0000-00000019F30D}
T{00000000-0000-0000-0000-000000039702}
T{00000000-0000-0000-0000-000000232A87}
T{00000000-0000-0000-0000-000000232284}
T{00000000-0000-0000-0000-00000000D349}
T{00000000-0000-0000-0000-0000000A9AE5}
T{00000000-0000-0000-0000-000000080B29}
F{00000000-0000-0000-0000-00000026F31D}
T{00000000-0000-0000-0000-000000322082}
F{00000000-0000-0000-0000-00000009E1DD}
T{00000000-0000-0000-0000-00000022FB1D}
T{00000000-0000-0000-0000-000000321523}
T{00000000-0000-0000-0000-000000303F08}
T{00000000-0000-0000-0000-000000321209}
F{00000000-0000-0000-0000-000000320E5F}
T{00000000-0000-0000-0000-000000320D87}
T{00000000-0000-0000-0000-00000032B38C}
T{00000000-0000-0000-0000-00000000D30C}
T{00000000-0000-0000-0000-00000019F7DE}
T{00000000-0000-0000-0000-000000264084}
T{00000000-0000-0000-0000-00000022CD36}
F{00000000-0000-0000-0000-0000001594FA}
T{00000000-0000-0000-0000-0000000882A8}
F{00000000-0000-0000-0000-0000001A4EC5}
T{00000000-0000-0000-0000-00000031F8CE}
T{00000000-0000-0000-0000-00000031F8C0}
T{00000000-0000-0000-0000-00000031EFC5}
T{00000000-0000-0000-0000-00000031EE7B}
T{00000000-0000-0000-0000-000000086CA1}
F{00000000-0000-0000-0000-00000031E8A8}
T{00000000-0000-0000-0000-00000000CC8F}
T{00000000-0000-0000-0000-00000031DB69}
F{00000000-0000-0000-0000-0000002D3ED8}
T{00000000-0000-0000-0000-000000054373}
T{00000000-0000-0000-0000-000000184E75}
T{00000000-0000-0000-0000-0000000E3934}
T{00000000-0000-0000-0000-00000009EF12}
T{00000000-0000-0000-0000-0000000C6CB4}
T{00000000-0000-0000-0000-0000000313D3}
T{00000000-0000-0000-0000-0000001A657D}
T{00000000-0000-0000-0000-000000317077}
T{00000000-0000-0000-0000-0000000567C5}
T{00000000-0000-0000-0000-0000000E384E}
T{00000000-0000-0000-0000-0000001DBF7D}
T{00000000-0000-0000-0000-0000000D99AD}
T{00000000-0000-0000-0000-00000009F5AB}
T{00000000-0000-0000-0000-0000000EFC81}
T{00000000-0000-0000-0000-0000000DDF0E}
F{00000000-0000-0000-0000-0000001A72D1}
T{00000000-0000-0000-0000-0000000C4AFF}
T{00000000-0000-0000-0000-00000010B8D8}
F{00000000-0000-0000-0000-0000003011F7}
T{00000000-0000-0000-0000-0000001DC5DF}
T{00000000-0000-0000-0000-00000007E00A}
F{00000000-0000-0000-0000-0000002313B8}
T{00000000-0000-0000-0000-000000226B6F}
T{00000000-0000-0000-0000-0000001E95A5}
T{00000000-0000-0000-0000-00000018D54C}
T{00000000-0000-0000-0000-00000020C017}
T{00000000-0000-0000-0000-000000312F10}
T{00000000-0000-0000-0000-000000308796}
T{00000000-0000-0000-0000-000000205269}
F{00000000-0000-0000-0000-0000002B0555}
T{00000000-0000-0000-0000-0000001E3924}
T{00000000-0000-0000-0000-0000001AC033}
T{00000000-0000-0000-0000-000000169972}
T{00000000-0000-0000-0000-0000000FBEBA}
T{00000000-0000-0000-0000-0000001366D8}
T{00000000-0000-0000-0000-000000019236}
T{00000000-0000-0000-0000-000000310DC9}
T{00000000-0000-0000-0000-000000050019}
T{00000000-0000-0000-0000-0000000FBD3C}
T{00000000-0000-0000-0000-0000001AB774}
T{00000000-0000-0000-0000-00000030FFAB}
T{00000000-0000-0000-0000-0000000ABD11}
T{00000000-0000-0000-0000-0000002C11CF}
T{00000000-0000-0000-0000-00000014FDF3}
T{00000000-0000-0000-0000-0000000AF7F1}
T{00000000-0000-0000-0000-00000030E2E5}
T{00000000-0000-0000-0000-000000325ECE}
T{00000000-0000-0000-0000-000000064AF0}
T{00000000-0000-0000-0000-00000030D999}
T{00000000-0000-0000-0000-0000001DC985}
T{00000000-0000-0000-0000-0000000FB5F9}
T{00000000-0000-0000-0000-0000002FA1D4}
T{00000000-0000-0000-0000-000000171396}
T{00000000-0000-0000-0000-0000001DBEE4}
T{00000000-0000-0000-0000-0000001D56BB}
F{00000000-0000-0000-0000-000000271353}
T{00000000-0000-0000-0000-0000002C4823}
T{00000000-0000-0000-0000-000000309CB6}
T{00000000-0000-0000-0000-0000000496F9}
T{00000000-0000-0000-0000-000000132F5E}
T{00000000-0000-0000-0000-0000002F8F4A}
T{00000000-0000-0000-0000-0000002AE653}
T{00000000-0000-0000-0000-000000299687}
T{00000000-0000-0000-0000-00000004857A}
T{00000000-0000-0000-0000-000000015FC7}
T{00000000-0000-0000-0000-000000253D59}
T{00000000-0000-0000-0000-0000003062C5}
T{00000000-0000-0000-0000-000000075977}
T{00000000-0000-0000-0000-0000003057F6}
F{00000000-0000-0000-0000-0000002CABB9}
T{00000000-0000-0000-0000-000000125376}
T{00000000-0000-0000-0000-0000000EF6AD}
T{00000000-0000-0000-0000-0000000278E6}
T{00000000-0000-0000-0000-00000000BFB9}
T{00000000-0000-0000-0000-000000016921}
T{00000000-0000-0000-0000-0000001B1CC2}
T{00000000-0000-0000-0000-00000033627A}
T{00000000-0000-0000-0000-0000002553E5}
T{00000000-0000-0000-0000-0000003019AD}
F{00000000-0000-0000-0000-00000025B204}
T{00000000-0000-0000-0000-0000001EED11}
T{00000000-0000-0000-0000-00000002DE79}
T{00000000-0000-0000-0000-0000002FF4A5}
T{00000000-0000-0000-0000-0000002FF3C4}
T{00000000-0000-0000-0000-00000021E439}
F{00000000-0000-0000-0000-000000177868}
T{00000000-0000-0000-0000-00000006DB00}
T{00000000-0000-0000-0000-0000002FB157}
T{00000000-0000-0000-0000-0000002FDBA4}
T{00000000-0000-0000-0000-0000002FDA95}
T{00000000-0000-0000-0000-000000018FBC}
F{00000000-0000-0000-0000-00000033B3D6}
T{00000000-0000-0000-0000-0000001CDDE7}
T{00000000-0000-0000-0000-0000001B2F35}
T{00000000-0000-0000-0000-0000001771DC}
F{00000000-0000-0000-0000-000000061C56}
T{00000000-0000-0000-0000-0000002DF413}
F{00000000-0000-0000-0000-000000267D6D}
T{00000000-0000-0000-0000-000000019B30}
T{00000000-0000-0000-0000-000000077D94}
T{00000000-0000-0000-0000-00000000B981}
T{00000000-0000-0000-0000-0000000C1F8F}
T{00000000-0000-0000-0000-0000002FA358}
T{00000000-0000-0000-0000-0000002FA33C}
T{00000000-0000-0000-0000-0000000B74D4}
T{00000000-0000-0000-0000-00000003FD61}
T{00000000-0000-0000-0000-00000002DA37}
T{00000000-0000-0000-0000-0000002016D7}
T{00000000-0000-0000-0000-00000025BC9A}
F{00000000-0000-0000-0000-0000002F9487}
T{00000000-0000-0000-0000-000000122EA0}
T{00000000-0000-0000-0000-000000178CFF}
F{00000000-0000-0000-0000-000000078B95}
T{00000000-0000-0000-0000-0000000917E0}
T{00000000-0000-0000-0000-0000002F7ECA}
F{00000000-0000-0000-0000-0000000C6B65}
F{00000000-0000-0000-0000-00000001AAB3}
T{00000000-0000-0000-0000-0000002B3978}
T{00000000-0000-0000-0000-00000010AB19}
T{00000000-0000-0000-0000-00000032EA05}
T{00000000-0000-0000-0000-000000031168}
F{00000000-0000-0000-0000-000000038479}
T{00000000-0000-0000-0000-0000000BF913}
T{00000000-0000-0000-0000-0000002F5A0A}
F{00000000-0000-0000-0000-00000031941A}
T{00000000-0000-0000-0000-00000015621C}
T{00000000-0000-0000-0000-0000002F5553}
T{00000000-0000-0000-0000-000000103F45}
T{00000000-0000-0000-0000-0000002F4F87}
T{00000000-0000-0000-0000-0000000A14F9}
T{00000000-0000-0000-0000-0000002F4DB9}
T{00000000-0000-0000-0000-000000039877}
T{00000000-0000-0000-0000-00000001C0DA}
T{00000000-0000-0000-0000-000000134077}
T{00000000-0000-0000-0000-00000000B4E0}
T{00000000-0000-0000-0000-0000002F3FC3}
T{00000000-0000-0000-0000-0000000FAF3F}
T{00000000-0000-0000-0000-00000002BB0D}
T{00000000-0000-0000-0000-000000090229}
T{00000000-0000-0000-0000-0000002F22C8}
T{00000000-0000-0000-0000-0000001FAE7B}
T{00000000-0000-0000-0000-00000016C567}
T{00000000-0000-0000-0000-0000000A1C43}
F{00000000-0000-0000-0000-0000002BA75C}
T{00000000-0000-0000-0000-00000001E23D}
T{00000000-0000-0000-0000-0000001579E0}
T{00000000-0000-0000-0000-0000002F005C}
F{00000000-0000-0000-0000-00000030694D}
T{00000000-0000-0000-0000-000000173265}
T{00000000-0000-0000-0000-000000022F81}
T{00000000-0000-0000-0000-0000000FAA4C}
F{00000000-0000-0000-0000-00000031EBC3}
F{00000000-0000-0000-0000-00000029169E}
T{00000000-0000-0000-0000-000000014E5E}
T{00000000-0000-0000-0000-0000001D498E}
T{00000000-0000-0000-0000-0000000E96D9}
T{00000000-0000-0000-0000-0000001D850A}
T{00000000-0000-0000-0000-0000003116D1}
T{00000000-0000-0000-0000-00000011EAA7}
T{00000000-0000-0000-0000-000000274F31}
T{00000000-0000-0000-0000-00000011EAE1}
T{00000000-0000-0000-0000-000000157E17}
T{00000000-0000-0000-0000-000000104CF0}
T{00000000-0000-0000-0000-0000000D41C8}
T{00000000-0000-0000-0000-0000002ECCD4}
T{00000000-0000-0000-0000-0000002ECC93}
T{00000000-0000-0000-0000-00000011F6D5}
T{00000000-0000-0000-0000-0000002103D8}
F{00000000-0000-0000-0000-000000025A62}
T{00000000-0000-0000-0000-00000023D1EE}
F{00000000-0000-0000-0000-0000001E3943}
T{00000000-0000-0000-0000-0000000A5753}
T{00000000-0000-0000-0000-000000027CAD}
T{00000000-0000-0000-0000-0000001023C0}
T{00000000-0000-0000-0000-00000011FAAD}
F{00000000-0000-0000-0000-0000002390CE}
T{00000000-0000-0000-0000-0000000C9E7C}
T{00000000-0000-0000-0000-000000119E20}
T{00000000-0000-0000-0000-0000003250DF}
T{00000000-0000-0000-0000-00000011FE7F}
F{00000000-0000-0000-0000-0000002EAF33}
T{00000000-0000-0000-0000-0000002EAD0F}
F{00000000-0000-0000-0000-0000002E9D5F}
T{00000000-0000-0000-0000-000000234BEA}
T{00000000-0000-0000-0000-000000243835}
T{00000000-0000-0000-0000-00000011FF45}
T{00000000-0000-0000-0000-000000336743}
T{00000000-0000-0000-0000-0000001204AC}
T{00000000-0000-0000-0000-00000021BF26}
T{00000000-0000-0000-0000-0000000D226D}
T{00000000-0000-0000-0000-0000000BF6B2}
F{00000000-0000-0000-0000-00000011B6E2}
F{00000000-0000-0000-0000-0000001226E2}
T{00000000-0000-0000-0000-000000046E9C}
T{00000000-0000-0000-0000-00000000A1FA}
T{00000000-0000-0000-0000-0000000E0FD0}
T{00000000-0000-0000-0000-00000026F56D}
F{00000000-0000-0000-0000-00000021868E}
T{00000000-0000-0000-0000-000000122A70}
T{00000000-0000-0000-0000-0000002E66CF}
T{00000000-0000-0000-0000-0000002C4B7E}
T{00000000-0000-0000-0000-00000023C6B1}
T{00000000-0000-0000-0000-00000001FA50}
T{00000000-0000-0000-0000-0000002E4CBC}
T{00000000-0000-0000-0000-00000004C261}
T{00000000-0000-0000-0000-0000002BF197}
T{00000000-0000-0000-0000-0000002E4BC1}
T{00000000-0000-0000-0000-0000000BF333}
T{00000000-0000-0000-0000-0000002D5353}
T{00000000-0000-0000-0000-0000000292C7}
T{00000000-0000-0000-0000-0000002E3A18}
T{00000000-0000-0000-0000-0000000F72B6}
T{00000000-0000-0000-0000-000000155B05}
T{00000000-0000-0000-0000-0000002E3209}
T{00000000-0000-0000-0000-0000000296BC}
T{00000000-0000-0000-0000-000000243EBD}
T{00000000-0000-0000-0000-0000001EE12B}
T{00000000-0000-0000-0000-000000178789}
T{00000000-0000-0000-0000-000000241392}
F{00000000-0000-0000-0000-00000021727D}
T{00000000-0000-0000-0000-0000002E0997}
T{00000000-0000-0000-0000-00000006CFEC}
T{00000000-0000-0000-0000-0000002A9BF0}
T{00000000-0000-0000-0000-0000002375F5}
T{00000000-0000-0000-0000-000000125357}
F{00000000-0000-0000-0000-0000002FDFCF}
T{00000000-0000-0000-0000-000000094832}
T{00000000-0000-0000-0000-0000002ECA3E}
T{00000000-0000-0000-0000-00000006CBEB}
T{00000000-0000-0000-0000-00000020F108}
T{00000000-0000-0000-0000-0000001B86E1}
T{00000000-0000-0000-0000-0000000FA7A4}
T{00000000-0000-0000-0000-00000002AAB8}
T{00000000-0000-0000-0000-000000333277}
T{00000000-0000-0000-0000-0000002EC37B}
T{00000000-0000-0000-0000-0000001C2990}
F{00000000-0000-0000-0000-00000032686B}
T{00000000-0000-0000-0000-0000001265F4}
T{00000000-0000-0000-0000-0000001BA878}
T{00000000-0000-0000-0000-00000002AFE6}
T{00000000-0000-0000-0000-0000002DB481}
T{00000000-0000-0000-0000-00000002B751}
T{00000000-0000-0000-0000-0000000E6457}
T{00000000-0000-0000-0000-0000002DABEA}
T{00000000-0000-0000-0000-0000001A1CA5}
T{00000000-0000-0000-0000-0000002D9FE0}
F{00000000-0000-0000-0000-0000000CA970}
T{00000000-0000-0000-0000-000000128BA6}
F{00000000-0000-0000-0000-0000000A2D06}
T{00000000-0000-0000-0000-0000002D8355}
T{00000000-0000-0000-0000-0000002D7348}
T{00000000-0000-0000-0000-000000129A38}
T{00000000-0000-0000-0000-00000029BCB7}
T{00000000-0000-0000-0000-00000003668E}
F{00000000-0000-0000-0000-000000060817}
F{00000000-0000-0000-0000-0000002E564A}
F{00000000-0000-0000-0000-000000010A7C}
T{00000000-0000-0000-0000-00000012A78D}
T{00000000-0000-0000-0000-00000012A9B0}
T{00000000-0000-0000-0000-0000002B494C}
T{00000000-0000-0000-0000-0000002D52FB}
T{00000000-0000-0000-0000-0000002D5281}
T{00000000-0000-0000-0000-00000024296B}
T{00000000-0000-0000-0000-000000029C3C}
T{00000000-0000-0000-0000-0000000FBBF4}
T{00000000-0000-0000-0000-000000008F83}
T{00000000-0000-0000-0000-0000002D461D}
T{00000000-0000-0000-0000-0000002D44C5}
T{00000000-0000-0000-0000-000000008C7C}
T{00000000-0000-0000-0000-000000165EB8}
T{00000000-0000-0000-0000-00000003ED8C}
T{00000000-0000-0000-0000-00000017574C}
T{00000000-0000-0000-0000-000000179427}
T{00000000-0000-0000-0000-00000002FF57}
T{00000000-0000-0000-0000-0000002EDF89}
T{00000000-0000-0000-0000-00000012F492}
T{00000000-0000-0000-0000-000000134138}
T{00000000-0000-0000-0000-0000002D3243}
T{00000000-0000-0000-0000-0000002D2D23}
T{00000000-0000-0000-0000-000000040075}
T{00000000-0000-0000-0000-0000002D26FD}
T{00000000-0000-0000-0000-0000002D26B3}
T{00000000-0000-0000-0000-0000000FA4C1}
T{00000000-0000-0000-0000-000000130A01}
T{00000000-0000-0000-0000-0000001C6616}
F{00000000-0000-0000-0000-00000022E477}
T{00000000-0000-0000-0000-000000197FB6}
T{00000000-0000-0000-0000-0000002D08BD}
T{00000000-0000-0000-0000-000000131767}
T{00000000-0000-0000-0000-00000013BD56}
T{00000000-0000-0000-0000-0000001E1D24}
T{00000000-0000-0000-0000-0000002CFE90}
T{00000000-0000-0000-0000-000000131CB9}
F{00000000-0000-0000-0000-0000000FCF04}
T{00000000-0000-0000-0000-000000218333}
T{00000000-0000-0000-0000-0000000B81AE}
F{00000000-0000-0000-0000-000000132C5C}
T{00000000-0000-0000-0000-0000001A8EBD}
T{00000000-0000-0000-0000-00000014E04A}
F{00000000-0000-0000-0000-0000002E3AB2}
T{00000000-0000-0000-0000-0000000316F0}
T{00000000-0000-0000-0000-000000133301}
F{00000000-0000-0000-0000-000000172673}
T{00000000-0000-0000-0000-0000000BCED8}
F{00000000-0000-0000-0000-0000000F84E7}
T{00000000-0000-0000-0000-0000002CDE7C}
T{00000000-0000-0000-0000-000000031C4F}
F{00000000-0000-0000-0000-00000025C115}
F{00000000-0000-0000-0000-0000000CB9EE}
T{00000000-0000-0000-0000-0000002CD908}
F{00000000-0000-0000-0000-000000007962}
F{00000000-0000-0000-0000-000000146BB2}
T{00000000-0000-0000-0000-0000002CCAFC}
T{00000000-0000-0000-0000-0000000FA7D1}
T{00000000-0000-0000-0000-00000007CFFF}
T{00000000-0000-0000-0000-000000112BA8}
T{00000000-0000-0000-0000-0000000E38AD}
F{00000000-0000-0000-0000-0000000E70A1}
T{00000000-0000-0000-0000-0000002A84E7}
T{00000000-0000-0000-0000-00000013E733}
T{00000000-0000-0000-0000-0000000BBDBF}
T{00000000-0000-0000-0000-0000000882A1}
F{00000000-0000-0000-0000-0000000BC199}
F{00000000-0000-0000-0000-0000001D9D0E}
T{00000000-0000-0000-0000-000000202124}
T{00000000-0000-0000-0000-0000002009A1}
T{00000000-0000-0000-0000-0000002461C3}
T{00000000-0000-0000-0000-0000002C9627}
T{00000000-0000-0000-0000-0000002C95F6}
T{00000000-0000-0000-0000-0000002C9458}
T{00000000-0000-0000-0000-000000288E61}
T{00000000-0000-0000-0000-00000009A4F4}
T{00000000-0000-0000-0000-0000001A8B13}
T{00000000-0000-0000-0000-00000006F94E}
T{00000000-0000-0000-0000-0000001D36F1}
T{00000000-0000-0000-0000-0000002E2FA0}
T{00000000-0000-0000-0000-0000002E0516}
T{00000000-0000-0000-0000-0000002FBA0A}
T{00000000-0000-0000-0000-000000006F18}
F{00000000-0000-0000-0000-00000022664D}
T{00000000-0000-0000-0000-0000000360C8}
F{00000000-0000-0000-0000-0000001A177D}
T{00000000-0000-0000-0000-0000000CAFAA}
T{00000000-0000-0000-0000-000000210D9F}
T{00000000-0000-0000-0000-00000025A542}
T{00000000-0000-0000-0000-000000094EAE}
T{00000000-0000-0000-0000-0000000778BF}
T{00000000-0000-0000-0000-0000000A17FA}
T{00000000-0000-0000-0000-0000002C6A74}
T{00000000-0000-0000-0000-0000002DC2FA}
T{00000000-0000-0000-0000-000000294121}
T{00000000-0000-0000-0000-000000038CA4}
T{00000000-0000-0000-0000-00000000583D}
T{00000000-0000-0000-0000-00000013E6BD}
T{00000000-0000-0000-0000-00000021E051}
T{00000000-0000-0000-0000-0000001D1493}
T{00000000-0000-0000-0000-0000001F04F1}
T{00000000-0000-0000-0000-0000002C51D3}
T{00000000-0000-0000-0000-0000002C4FBE}
T{00000000-0000-0000-0000-000000145C77}
T{00000000-0000-0000-0000-0000002C4B21}
T{00000000-0000-0000-0000-0000000E4A1E}
F{00000000-0000-0000-0000-000000039287}
T{00000000-0000-0000-0000-00000003969F}
T{00000000-0000-0000-0000-0000002D2924}
T{00000000-0000-0000-0000-0000002D4FE4}
T{00000000-0000-0000-0000-0000001E8634}
T{00000000-0000-0000-0000-000000210D1D}
T{00000000-0000-0000-0000-00000030DC3A}
T{00000000-0000-0000-0000-0000002C2346}
T{00000000-0000-0000-0000-000000137926}
T{00000000-0000-0000-0000-0000002C1AFE}
T{00000000-0000-0000-0000-0000002FAC28}
T{00000000-0000-0000-0000-000000165DA6}
T{00000000-0000-0000-0000-00000003973E}
T{00000000-0000-0000-0000-000000137A5B}
T{00000000-0000-0000-0000-000000087673}
T{00000000-0000-0000-0000-00000030B526}
T{00000000-0000-0000-0000-000000116A55}
F{00000000-0000-0000-0000-0000001C000D}
T{00000000-0000-0000-0000-0000001EB469}
T{00000000-0000-0000-0000-0000002E35C2}
T{00000000-0000-0000-0000-0000000D3D3C}
T{00000000-0000-0000-0000-0000002C99F1}
T{00000000-0000-0000-0000-0000000F0495}
T{00000000-0000-0000-0000-0000000C43AC}
T{00000000-0000-0000-0000-0000002D1103}
T{00000000-0000-0000-0000-00000029A3FF}
T{00000000-0000-0000-0000-000000039812}
T{00000000-0000-0000-0000-00000003982D}
T{00000000-0000-0000-0000-000000042CBC}
T{00000000-0000-0000-0000-000000039940}
T{00000000-0000-0000-0000-0000000E4C02}
F{00000000-0000-0000-0000-0000002C1423}
T{00000000-0000-0000-0000-000000105E82}
T{00000000-0000-0000-0000-000000289E7A}
T{00000000-0000-0000-0000-0000001DE519}
T{00000000-0000-0000-0000-00000010AB65}
F{00000000-0000-0000-0000-0000002BB56B}
T{00000000-0000-0000-0000-00000003B1C4}
T{00000000-0000-0000-0000-000000138472}
T{00000000-0000-0000-0000-0000003136C1}
T{00000000-0000-0000-0000-00000013867E}
T{00000000-0000-0000-0000-000000005092}
T{00000000-0000-0000-0000-0000001A8042}
T{00000000-0000-0000-0000-00000011267B}
T{00000000-0000-0000-0000-00000003B508}
T{00000000-0000-0000-0000-0000002EE98E}
T{00000000-0000-0000-0000-0000000AB9DD}
T{00000000-0000-0000-0000-0000000320BD}
T{00000000-0000-0000-0000-0000002513A8}
F{00000000-0000-0000-0000-0000002B7A74}
T{00000000-0000-0000-0000-0000002B79C6}
F{00000000-0000-0000-0000-000000119D7B}
T{00000000-0000-0000-0000-0000002AE793}
T{00000000-0000-0000-0000-0000000F098A}
T{00000000-0000-0000-0000-0000000F7D09}
T{00000000-0000-0000-0000-000000244C0B}
T{00000000-0000-0000-0000-00000016A7C2}
T{00000000-0000-0000-0000-000000111B70}
T{00000000-0000-0000-0000-00000003D38D}
T{00000000-0000-0000-0000-0000000290CC}
T{00000000-0000-0000-0000-00000003D50D}
T{00000000-0000-0000-0000-0000001E85C9}
T{00000000-0000-0000-0000-00000016F0D6}
T{00000000-0000-0000-0000-00000017BA07}
T{00000000-0000-0000-0000-00000003DD12}
T{00000000-0000-0000-0000-00000003DF47}
T{00000000-0000-0000-0000-0000001109EF}
T{00000000-0000-0000-0000-0000001AAC6D}
T{00000000-0000-0000-0000-000000138AFA}
T{00000000-0000-0000-0000-00000010F98C}
T{00000000-0000-0000-0000-00000014FDFF}
T{00000000-0000-0000-0000-000000002A6D}
T{00000000-0000-0000-0000-000000176A5C}
T{00000000-0000-0000-0000-00000003E8D3}
F{00000000-0000-0000-0000-000000064615}
T{00000000-0000-0000-0000-0000002E4707}
F{00000000-0000-0000-0000-0000001985BE}
T{00000000-0000-0000-0000-00000011DA84}
T{00000000-0000-0000-0000-000000081FC6}
F{00000000-0000-0000-0000-0000000F6E0A}
T{00000000-0000-0000-0000-00000003EF81}
F{00000000-0000-0000-0000-000000139F40}
T{00000000-0000-0000-0000-00000020F52B}
F{00000000-0000-0000-0000-00000003F093}
T{00000000-0000-0000-0000-000000251884}
T{00000000-0000-0000-0000-00000003F625}
F{00000000-0000-0000-0000-0000000DAB70}
T{00000000-0000-0000-0000-000000317956}
T{00000000-0000-0000-0000-0000000B96A0}
T{00000000-0000-0000-0000-00000005FEC5}
T{00000000-0000-0000-0000-00000010EEFB}
T{00000000-0000-0000-0000-000000108E2F}
F{00000000-0000-0000-0000-000000332CFE}
F{00000000-0000-0000-0000-0000000928C2}
T{00000000-0000-0000-0000-000000302768}
F{00000000-0000-0000-0000-0000001E35CC}
T{00000000-0000-0000-0000-00000031042E}
F{00000000-0000-0000-0000-0000002E5619}
T{00000000-0000-0000-0000-00000004133E}
T{00000000-0000-0000-0000-000000049D0E}
T{00000000-0000-0000-0000-0000000AD8D3}
T{00000000-0000-0000-0000-000000086B51}
F{00000000-0000-0000-0000-0000002137D4}
T{00000000-0000-0000-0000-000000020671}
T{00000000-0000-0000-0000-0000000D2FA0}
T{00000000-0000-0000-0000-00000000E405}
T{00000000-0000-0000-0000-00000023F83A}
T{00000000-0000-0000-0000-00000018D090}
T{00000000-0000-0000-0000-000000002050}
T{00000000-0000-0000-0000-0000000445F0}
T{00000000-0000-0000-0000-0000000F6FF2}
F{00000000-0000-0000-0000-0000001746C3}
T{00000000-0000-0000-0000-000000048743}
T{00000000-0000-0000-0000-00000033AE67}
T{00000000-0000-0000-0000-00000009D514}
F{00000000-0000-0000-0000-000000275A4F}
T{00000000-0000-0000-0000-00000010C4BF}
T{00000000-0000-0000-0000-000000048848}
T{00000000-0000-0000-0000-00000005382D}
T{00000000-0000-0000-0000-0000000B7BDF}
T{00000000-0000-0000-0000-0000002433DB}
T{00000000-0000-0000-0000-000000076186}
T{00000000-0000-0000-0000-000000226CD1}
T{00000000-0000-0000-0000-0000001593A2}
F{00000000-0000-0000-0000-0000000813D7}
F{00000000-0000-0000-0000-00000013BA26}
F{00000000-0000-0000-0000-00000013BFCB}
T{00000000-0000-0000-0000-0000000A2AE6}
F{00000000-0000-0000-0000-00000031F588}
T{00000000-0000-0000-0000-000000049EE2}
T{00000000-0000-0000-0000-00000004A47F}
T{00000000-0000-0000-0000-00000012EEF7}
F{00000000-0000-0000-0000-0000000802A5}
F{00000000-0000-0000-0000-0000000B6F8C}
T{00000000-0000-0000-0000-00000004CD16}
T{00000000-0000-0000-0000-0000002EBBF8}
T{00000000-0000-0000-0000-00000019E23D}
F{00000000-0000-0000-0000-000000113245}
F{00000000-0000-0000-0000-00000004E003}
T{00000000-0000-0000-0000-00000012E26D}
T{00000000-0000-0000-0000-00000004F996}
T{00000000-0000-0000-0000-0000001746B7}
T{00000000-0000-0000-0000-00000026A301}
