F{00000000-0000-0000-0000-000000108B3B}
T{00000000-0000-0000-0000-000000108B3B}
F{00000000-0000-0000-0000-0000001A4EC5}
T{00000000-0000-0000-0000-0000002D4147}
F{00000000-0000-0000-0000-000000332CFE}
T{00000000-0000-0000-0000-00000030694D}
T{00000000-0000-0000-0000-000000243F02}
T{00000000-0000-0000-0000-000000139F40}
F{00000000-0000-0000-0000-0000002CDFC9}
F{00000000-0000-0000-0000-000000177868}
T{00000000-0000-0000-0000-0000002390CE}
T{00000000-0000-0000-0000-00000021C57A}
F{00000000-0000-0000-0000-00000032686B}
F{00000000-0000-0000-0000-000000007962}
T{00000000-0000-0000-0000-00000033C0DE}
F{00000000-0000-0000-0000-000000060817}
F{00000000-0000-0000-0000-000000113245}
T{00000000-0000-0000-0000-0000002BCF2E}
F{00000000-0000-0000-0000-00000025D7DD}
T{00000000-0000-0000-0000-00000014DCEA}
F{00000000-0000-0000-0000-0000000F84E7}
T{00000000-0000-0000-0000-0000001D9D0E}
T{00000000-0000-0000-0000-00000023D0EB}
T{00000000-0000-0000-0000-000000106746}
T{00000000-0000-0000-0000-0000001E3943}
T{00000000-0000-0000-0000-000000119D7B}
T{00000000-0000-0000-0000-000000078B95}
F{00000000-0000-0000-0000-000000336361}
F{00000000-0000-0000-0000-000000010A7C}
F{00000000-0000-0000-0000-00000019EC18}
F{00000000-0000-0000-0000-000000039287}
T{00000000-0000-0000-0000-0000001746C3}
F{00000000-0000-0000-0000-000000146BB2}
T{00000000-0000-0000-0000-0000000B6F8C}
T{00000000-0000-0000-0000-0000003011F7}
T{00000000-0000-0000-0000-00000016EF73}
T{00000000-0000-0000-0000-000000116A55}
T{00000000-0000-0000-0000-0000000FCF04}
T{00000000-0000-0000-0000-0000001C43DD}
F{00000000-0000-0000-0000-0000002B7A74}
T{00000000-0000-0000-0000-00000003F093}
T{00000000-0000-0000-0000-000000271353}
T{00000000-0000-0000-0000-0000001C000D}
F{00000000-0000-0000-0000-00000022664D}
F{00000000-0000-0000-0000-000000108B3B}
T{00000000-0000-0000-0000-000000074466}
F{00000000-0000-0000-0000-0000000BC199}
F{00000000-0000-0000-0000-000000132C5C}
T{00000000-0000-0000-0000-0000002E5619}
T{00000000-0000-0000-0000-00000031941A}
T{00000000-0000-0000-0000-00000022E477}
T{00000000-0000-0000-0000-0000002471BA}
T{00000000-0000-0000-0000-0000000DAB70}
T{00000000-0000-0000-0000-0000001226E2}
T{00000000-0000-0000-0000-0000000782BC}
T{00000000-0000-0000-0000-000000319987}
T{00000000-0000-0000-0000-0000002FDFCF}
T{00000000-0000-0000-0000-0000001A72D1}
F{00000000-0000-0000-0000-0000002B0555}
T{00000000-0000-0000-0000-00000031EBC3}
T{00000000-0000-0000-0000-00000002A54C}
T{00000000-0000-0000-0000-0000002CABB9}
T{00000000-0000-0000-0000-0000000E70A1}
T{00000000-0000-0000-0000-000000126649}
T{00000000-0000-0000-0000-000000064615}
T{00000000-0000-0000-0000-0000000CA970}
T{00000000-0000-0000-0000-00000013BFCB}
T{00000000-0000-0000-0000-00000013BA26}
T{00000000-0000-0000-0000-0000002E9D5F}
F{00000000-0000-0000-0000-000000172673}
T{00000000-0000-0000-0000-00000007557D}
F{00000000-0000-0000-0000-0000001985BE}
T{00000000-0000-0000-0000-00000032A8DB}
T{00000000-0000-0000-0000-0000002D3ED8}
T{00000000-0000-0000-0000-000000320E5F}
T{00000000-0000-0000-0000-00000021E051}
F{00000000-0000-0000-0000-00000011B6E2}
T{00000000-0000-0000-0000-0000000F6E0A}
T{00000000-0000-0000-0000-0000002BA75C}
F{00000000-0000-0000-0000-00000026F31D}
T{00000000-0000-0000-0000-0000002B7D45}
T{00000000-0000-0000-0000-00000004E003}
T{00000000-0000-0000-0000-0000000DEE47}
F{00000000-0000-0000-0000-0000000928C2}
T{00000000-0000-0000-0000-00000025C115}
T{00000000-0000-0000-0000-0000001E35CC}
T{00000000-0000-0000-0000-00000033B3D6}
T{00000000-0000-0000-0000-0000002E3AB2}
T{00000000-0000-0000-0000-000000267D6D}
T{00000000-0000-0000-0000-0000002F0787}
T{00000000-0000-0000-0000-00000029169E}
T{00000000-0000-0000-0000-0000002F9487}
T{00000000-0000-0000-0000-00000033C0BE}
T{00000000-0000-0000-0000-00000021727D}
F{00000000-0000-0000-0000-00000025B204}
T{00000000-0000-0000-0000-000000038479}
T{00000000-0000-0000-0000-0000001AF208}
T{00000000-0000-0000-0000-0000000813D7}
T{00000000-0000-0000-0000-0000002A0033}
T{00000000-0000-0000-0000-000000275A4F}
T{00000000-0000-0000-0000-000000036030}
T{00000000-0000-0000-0000-00000001AAB3}
F{00000000-0000-0000-0000-0000000802A5}
T{00000000-0000-0000-0000-0000000C6B65}
F{00000000-0000-0000-0000-0000002137D4}
F{00000000-0000-0000-0000-0000002E564A}
T{00000000-0000-0000-0000-0000001594FA}
T{00000000-0000-0000-0000-0000000CAFE6}
T{00000000-0000-0000-0000-000000108BD7}
F{00000000-0000-0000-0000-000000025A62}
T{00000000-0000-0000-0000-00000031F588}
T{00000000-0000-0000-0000-000000278875}
T{00000000-0000-0000-0000-000000097145}
T{00000000-0000-0000-0000-00000009E1DD}
T{00000000-0000-0000-0000-00000021868E}
F{00000000-0000-0000-0000-0000002C1423}
T{00000000-0000-0000-0000-000000061C56}
T{00000000-0000-0000-0000-0000001A177D}
T{00000000-0000-0000-0000-0000002BB56B}
T{00000000-0000-0000-0000-00000031E8A8}
T{00000000-0000-0000-0000-0000002EAF33}
T{00000000-0000-0000-0000-000000164F2C}
F{00000000-0000-0000-0000-0000000CB9EE}
F{00000000-0000-0000-0000-0000002843CE}
T{00000000-0000-0000-0000-00000026DB9A}
T{00000000-0000-0000-0000-0000002313B8}
T{00000000-0000-0000-0000-0000000A2D06}
F{00000000-0000-0000-0000-0000000D199E}
T{00000000-0000-0000-0000-000000108B3B}
T{00000000-0000-0000-0000-000000275A11}
T{00000000-0000-0000-0000-0000001226E2}
T{00000000-0000-0000-0000-00000025C115}
F{00000000-0000-0000-0000-000000025A62}
F{00000000-0000-0000-0000-000000275CAC}
T{00000000-0000-0000-0000-0000002BA75C}
T{00000000-0000-0000-0000-0000002390CE}
T{00000000-0000-0000-0000-0000000DDC55}
T{00000000-0000-0000-0000-00000025C2FA}
T{00000000-0000-0000-0000-0000002D3ED8}
T{00000000-0000-0000-0000-000000164F2C}
T{00000000-0000-0000-0000-0000000BF8B3}
T{00000000-0000-0000-0000-00000026926F}
T{00000000-0000-0000-0000-0000002CE21D}
T{00000000-0000-0000-0000-0000002CABB9}
T{00000000-0000-0000-0000-0000001BA4AF}
T{00000000-0000-0000-0000-000000183944}
T{00000000-0000-0000-0000-00000026929D}
T{00000000-0000-0000-0000-000000270476}
T{00000000-0000-0000-0000-000000061C56}
T{00000000-0000-0000-0000-000000104584}
T{00000000-0000-0000-0000-0000000802A5}
T{00000000-0000-0000-0000-0000000FC77A}
T{00000000-0000-0000-0000-0000000108B3}
T{00000000-0000-0000-0000-000000270CC6}
T{00000000-0000-0000-0000-000000299B39}
T{00000000-0000-0000-0000-0000002B4AC5}
T{00000000-0000-0000-0000-0000002E3AB2}
T{00000000-0000-0000-0000-000000078B95}
T{00000000-0000-0000-0000-0000002FDFCF}
T{00000000-0000-0000-0000-000000264BA4}
T{00000000-0000-0000-0000-0000000DAB70}
T{00000000-0000-0000-0000-00000031A5D4}
T{00000000-0000-0000-0000-000000105EE3}
T{00000000-0000-0000-0000-0000000C6B65}
T{00000000-0000-0000-0000-00000001AAB3}
F{00000000-0000-0000-0000-000000281B7B}
T{00000000-0000-0000-0000-000000038479}
T{00000000-0000-0000-0000-000000305E4B}
T{00000000-0000-0000-0000-000000154598}
T{00000000-0000-0000-0000-000000250939}
T{00000000-0000-0000-0000-0000002E5619}
T{00000000-0000-0000-0000-00000033B3D6}
T{00000000-0000-0000-0000-00000023F6C0}
T{00000000-0000-0000-0000-0000000E70A1}
T{00000000-0000-0000-0000-000000251BCD}
T{00000000-0000-0000-0000-00000031941A}
T{00000000-0000-0000-0000-0000000FC6FF}
T{00000000-0000-0000-0000-00000017A9CA}
T{00000000-0000-0000-0000-00000026C267}
T{00000000-0000-0000-0000-00000026C272}
T{00000000-0000-0000-0000-00000026C27D}
F{00000000-0000-0000-0000-000000144245}
T{00000000-0000-0000-0000-0000001E3943}
T{00000000-0000-0000-0000-00000009C060}
T{00000000-0000-0000-0000-000000258539}
T{00000000-0000-0000-0000-00000026F9E1}
T{00000000-0000-0000-0000-00000026474E}
T{00000000-0000-0000-0000-000000271213}
