T{00000000-0000-0000-0000-00000013794F}
F{00000000-0000-0000-0000-0000000D9F5F}
T{00000000-0000-0000-0000-000000007910}
F{00000000-0000-0000-0000-000000063A84}
T{00000000-0000-0000-0000-0000001D5B1B}
T{00000000-0000-0000-0000-0000002D4810}
F{00000000-0000-0000-0000-00000014B44C}
T{00000000-0000-0000-0000-000000088CF0}
F{00000000-0000-0000-0000-000000147165}
F{00000000-0000-0000-0000-000000029DB2}
T{00000000-0000-0000-0000-00000005FF3F}
T{00000000-0000-0000-0000-0000001DCCD0}
T{00000000-0000-0000-0000-0000000EFCB1}
F{00000000-0000-0000-0000-0000002AD098}
F{00000000-0000-0000-0000-00000011D6C2}
F{00000000-0000-0000-0000-000000271DD9}
T{00000000-0000-0000-0000-00000019279C}
F{00000000-0000-0000-0000-0000001D26F3}
T{00000000-0000-0000-0000-0000000ADF8A}
T{00000000-0000-0000-0000-0000002ADB4F}
T{00000000-0000-0000-0000-0000002A4809}
F{00000000-0000-0000-0000-00000011A66A}
F{00000000-0000-0000-0000-00000024D561}
T{00000000-0000-0000-0000-00000027068E}
T{00000000-0000-0000-0000-0000002843CE}
T{00000000-0000-0000-0000-000000271DD9}
F{00000000-0000-0000-0000-000000245F5D}
F{00000000-0000-0000-0000-00000016EE88}
F{00000000-0000-0000-0000-00000013C356}
F{00000000-0000-0000-0000-00000031BA6F}
F{00000000-0000-0000-0000-0000002897F9}
F{00000000-0000-0000-0000-0000002C532B}
T{00000000-0000-0000-0000-0000001AF5B8}
T{00000000-0000-0000-0000-00000032FBFC}
T{00000000-0000-0000-0000-0000002167C1}
F{00000000-0000-0000-0000-000000270DC9}
F{00000000-0000-0000-0000-0000000876F9}
F{00000000-0000-0000-0000-00000009BAD7}
T{00000000-0000-0000-0000-000000219E6D}
F{00000000-0000-0000-0000-000000169CBC}
T{00000000-0000-0000-0000-0000000A8C33}
T{00000000-0000-0000-0000-000000060817}
T{00000000-0000-0000-0000-0000002789C7}
F{00000000-0000-0000-0000-00000007C25E}
T{00000000-0000-0000-0000-0000000AE099}
T{00000000-0000-0000-0000-0000000928C2}
F{00000000-0000-0000-0000-0000002EDFFA}
T{00000000-0000-0000-0000-000000028B7A}
T{00000000-0000-0000-0000-00000014652A}
F{00000000-0000-0000-0000-000000110D6E}
T{00000000-0000-0000-0000-00000008179C}
F{00000000-0000-0000-0000-00000028980F}
T{00000000-0000-0000-0000-0000002FA47F}
F{00000000-0000-0000-0000-0000002DA425}
T{00000000-0000-0000-0000-000000099D5D}
F{00000000-0000-0000-0000-00000025E580}
F{00000000-0000-0000-0000-00000026C360}
T{00000000-0000-0000-0000-0000002C418E}
F{00000000-0000-0000-0000-0000002001DC}
F{00000000-0000-0000-0000-00000022236F}
F{00000000-0000-0000-0000-0000002D4147}
F{00000000-0000-0000-0000-0000000BB9D4}
F{00000000-0000-0000-0000-0000001672E1}
T{00000000-0000-0000-0000-000000139F40}
F{00000000-0000-0000-0000-0000001A891E}
F{00000000-0000-0000-0000-000000245F5D}
F{00000000-0000-0000-0000-0000000FAF70}
T{00000000-0000-0000-0000-0000002B7C23}
T{00000000-0000-0000-0000-0000000BBAE5}
T{00000000-0000-0000-0000-0000002D47FB}
T{00000000-0000-0000-0000-000000180A8A}
T{00000000-0000-0000-0000-00000016EF7B}
F{00000000-0000-0000-0000-00000003496E}
F{00000000-0000-0000-0000-0000002A93E5}
F{00000000-0000-0000-0000-000000125A54}
T{00000000-0000-0000-0000-0000002A02EE}
T{00000000-0000-0000-0000-0000000EFCB1}
F{00000000-0000-0000-0000-000000243F02}
F{00000000-0000-0000-0000-0000001AE83E}
T{00000000-0000-0000-0000-0000002EDFFA}
T{00000000-0000-0000-0000-00000028C84A}
T{00000000-0000-0000-0000-0000002A08D5}
F{00000000-0000-0000-0000-000000245B1C}
F{00000000-0000-0000-0000-00000025B204}
T{00000000-0000-0000-0000-0000002167C1}
T{00000000-0000-0000-0000-00000029B017}
F{00000000-0000-0000-0000-0000000C42D4}
F{00000000-0000-0000-0000-0000000A9334}
F{00000000-0000-0000-0000-000000110D6E}
F{00000000-0000-0000-0000-0000001379ED}
T{00000000-0000-0000-0000-0000001E3995}
T{00000000-0000-0000-0000-0000000C5A2F}
F{00000000-0000-0000-0000-000000020F85}
T{00000000-0000-0000-0000-00000014652A}
T{00000000-0000-0000-0000-000000020F85}
T{00000000-0000-0000-0000-000000332CFE}
T{00000000-0000-0000-0000-0000002C4EFE}
T{00000000-0000-0000-0000-00000015BF2E}
T{00000000-0000-0000-0000-0000000A2DD3}
F{00000000-0000-0000-0000-0000001322C6}
F{00000000-0000-0000-0000-00000026DB04}
T{00000000-0000-0000-0000-0000002B7D45}
T{00000000-0000-0000-0000-00000022236F}
T{00000000-0000-0000-0000-0000000EB1FB}
T{00000000-0000-0000-0000-0000002591DD}
F{00000000-0000-0000-0000-0000002C299F}
T{00000000-0000-0000-0000-00000016DEE7}
T{00000000-0000-0000-0000-0000002843CE}
T{00000000-0000-0000-0000-000000177B49}
F{00000000-0000-0000-0000-000000147165}
F{00000000-0000-0000-0000-0000002494C3}
F{00000000-0000-0000-0000-0000000A3CCC}
T{00000000-0000-0000-0000-0000002DCB69}
T{00000000-0000-0000-0000-00000012AF34}
F{00000000-0000-0000-0000-000000303C41}
F{00000000-0000-0000-0000-000000245F5D}
T{00000000-0000-0000-0000-0000002A4809}
T{00000000-0000-0000-0000-00000009C584}
F{00000000-0000-0000-0000-000000335CAB}
T{00000000-0000-0000-0000-0000001AF5B8}
T{00000000-0000-0000-0000-000000053E0D}
T{00000000-0000-0000-0000-000000010A7C}
T{00000000-0000-0000-0000-0000000FBE71}
F{00000000-0000-0000-0000-00000005250C}
T{00000000-0000-0000-0000-0000001672E1}
F{00000000-0000-0000-0000-0000000C0A21}
F{00000000-0000-0000-0000-000000324745}
T{00000000-0000-0000-0000-0000001249B2}
T{00000000-0000-0000-0000-0000002B0488}
F{00000000-0000-0000-0000-0000000C5D03}
T{00000000-0000-0000-0000-00000008179C}
T{00000000-0000-0000-0000-000000335CAB}
F{00000000-0000-0000-0000-00000001C42B}
F{00000000-0000-0000-0000-00000013B91E}
T{00000000-0000-0000-0000-0000001D30D6}
T{00000000-0000-0000-0000-0000002843CE}
F{00000000-0000-0000-0000-00000011A66A}
F{00000000-0000-0000-0000-0000002D4147}
T{00000000-0000-0000-0000-0000000ADF8A}
T{00000000-0000-0000-0000-000000028B7A}
F{00000000-0000-0000-0000-0000000BC199}
T{00000000-0000-0000-0000-0000002B0555}
F{00000000-0000-0000-0000-00000031840C}
F{00000000-0000-0000-0000-0000000C29E6}
T{00000000-0000-0000-0000-000000148332}
F{00000000-0000-0000-0000-0000001DE733}
T{00000000-0000-0000-0000-0000000F70F3}
F{00000000-0000-0000-0000-0000000FD49A}
T{00000000-0000-0000-0000-00000012AF34}
T{00000000-0000-0000-0000-0000001379ED}
F{00000000-0000-0000-0000-00000011A66A}
T{00000000-0000-0000-0000-00000032FBFC}
T{00000000-0000-0000-0000-0000001EE496}
T{00000000-0000-0000-0000-000000157C8A}
T{00000000-0000-0000-0000-000000098996}
F{00000000-0000-0000-0000-0000000AB664}
T{00000000-0000-0000-0000-0000002D4810}
T{00000000-0000-0000-0000-0000002EE24C}
F{00000000-0000-0000-0000-0000002DA425}
T{00000000-0000-0000-0000-0000002494C3}
T{00000000-0000-0000-0000-000000053E0D}
T{00000000-0000-0000-0000-0000000DDD88}
F{00000000-0000-0000-0000-0000002651AC}
T{00000000-0000-0000-0000-00000014AC98}
F{00000000-0000-0000-0000-00000013BB66}
T{00000000-0000-0000-0000-0000002494C3}
T{00000000-0000-0000-0000-000000267D6D}
T{00000000-0000-0000-0000-00000031B2AF}
T{00000000-0000-0000-0000-0000002ACE76}
T{00000000-0000-0000-0000-0000002B7D45}
T{00000000-0000-0000-0000-0000002C6D1C}
T{00000000-0000-0000-0000-000000028B7A}
T{00000000-0000-0000-0000-0000002179E5}
T{00000000-0000-0000-0000-000000132504}
T{00000000-0000-0000-0000-0000000F84E7}
T{00000000-0000-0000-0000-0000001AE83E}
F{00000000-0000-0000-0000-00000008AA1A}
T{00000000-0000-0000-0000-00000001C42B}
F{00000000-0000-0000-0000-0000003362C8}
F{00000000-0000-0000-0000-00000022178C}
T{00000000-0000-0000-0000-000000132C5C}
T{00000000-0000-0000-0000-0000002FF8E1}
T{00000000-0000-0000-0000-000000336361}
T{00000000-0000-0000-0000-000000219E6D}
F{00000000-0000-0000-0000-000000165C7D}
T{00000000-0000-0000-0000-0000000A3CCC}
F{00000000-0000-0000-0000-000000263B6B}
F{00000000-0000-0000-0000-000000147165}
T{00000000-0000-0000-0000-0000000EB1FB}
T{00000000-0000-0000-0000-000000245B1C}
T{00000000-0000-0000-0000-00000019D284}
T{00000000-0000-0000-0000-0000002D4810}
T{00000000-0000-0000-0000-000000332CFE}
T{00000000-0000-0000-0000-000000165C7D}
F{00000000-0000-0000-0000-00000024DE3A}
F{00000000-0000-0000-0000-0000002897F9}
T{00000000-0000-0000-0000-00000021727D}
T{00000000-0000-0000-0000-000000119D7B}
F{00000000-0000-0000-0000-0000002FEC1E}
T{00000000-0000-0000-0000-000000030FAE}
F{00000000-0000-0000-0000-000000243B6C}
F{00000000-0000-0000-0000-0000002EE25C}
T{00000000-0000-0000-0000-000000244890}
