T{00000000-0000-0000-0000-00000024CD16}
F{00000000-0000-0000-0000-0000002AB719}
F{00000000-0000-0000-0000-0000000A5B30}
F{00000000-0000-0000-0000-0000002216E6}
F{00000000-0000-0000-0000-00000032B96F}
F{00000000-0000-0000-0000-0000000DDD88}
T{00000000-0000-0000-0000-000000113C06}
F{00000000-0000-0000-0000-0000000C439B}
F{00000000-0000-0000-0000-0000001672E1}
T{00000000-0000-0000-0000-000000267D6D}
T{00000000-0000-0000-0000-000000010A7C}
T{00000000-0000-0000-0000-0000002499A6}
T{00000000-0000-0000-0000-00000008179C}
T{00000000-0000-0000-0000-00000026F31D}
F{00000000-0000-0000-0000-0000002494C3}
T{00000000-0000-0000-0000-00000007E3BE}
T{00000000-0000-0000-0000-0000003334D3}
T{00000000-0000-0000-0000-0000002ADB4F}
F{00000000-0000-0000-0000-00000031ED05}
F{00000000-0000-0000-0000-00000026C360}
F{00000000-0000-0000-0000-00000013BB66}
T{00000000-0000-0000-0000-0000000DF706}
F{00000000-0000-0000-0000-00000005A714}
F{00000000-0000-0000-0000-000000222774}
T{00000000-0000-0000-0000-0000001A5588}
F{00000000-0000-0000-0000-00000031B2AF}
T{00000000-0000-0000-0000-00000026A8E2}
F{00000000-0000-0000-0000-0000001D30D6}
F{00000000-0000-0000-0000-00000024D4B0}
F{00000000-0000-0000-0000-0000002FF8E1}
T{00000000-0000-0000-0000-0000000EC264}
F{00000000-0000-0000-0000-000000170474}
F{00000000-0000-0000-0000-000000223CFB}
F{00000000-0000-0000-0000-000000128932}
T{00000000-0000-0000-0000-0000001A8886}
T{00000000-0000-0000-0000-0000001DCCD0}
F{00000000-0000-0000-0000-000000275B8E}
F{00000000-0000-0000-0000-0000001E644A}
F{00000000-0000-0000-0000-0000002C4EFE}
F{00000000-0000-0000-0000-0000000C5488}
F{00000000-0000-0000-0000-00000013B91E}
F{00000000-0000-0000-0000-00000009D428}
F{00000000-0000-0000-0000-0000000A8C33}
T{00000000-0000-0000-0000-00000026F31D}
F{00000000-0000-0000-0000-00000005EF6E}
T{00000000-0000-0000-0000-0000001FFDD7}
T{00000000-0000-0000-0000-00000012AF34}
F{00000000-0000-0000-0000-00000005FF3F}
F{00000000-0000-0000-0000-0000001369DE}
F{00000000-0000-0000-0000-000000012582}
T{00000000-0000-0000-0000-0000002536E9}
T{00000000-0000-0000-0000-0000002B5FB9}
T{00000000-0000-0000-0000-0000000D6338}
T{00000000-0000-0000-0000-000000242E7A}
T{00000000-0000-0000-0000-0000000918BA}
F{00000000-0000-0000-0000-000000028B7A}
F{00000000-0000-0000-0000-0000000B0D42}
T{00000000-0000-0000-0000-000000290793}
F{00000000-0000-0000-0000-00000008AA1A}
T{00000000-0000-0000-0000-0000002CACBC}
T{00000000-0000-0000-0000-0000001464E5}
F{00000000-0000-0000-0000-00000025E580}
T{00000000-0000-0000-0000-0000002F16BE}
F{00000000-0000-0000-0000-00000016D8EC}
F{00000000-0000-0000-0000-0000000D0B5F}
F{00000000-0000-0000-0000-0000001369DE}
T{00000000-0000-0000-0000-00000019279C}
F{00000000-0000-0000-0000-000000171CAA}
F{00000000-0000-0000-0000-000000227154}
F{00000000-0000-0000-0000-0000000BDF18}
T{00000000-0000-0000-0000-0000002536E9}
T{00000000-0000-0000-0000-000000275B8E}
F{00000000-0000-0000-0000-00000026C360}
T{00000000-0000-0000-0000-0000000EB2FC}
T{00000000-0000-0000-0000-00000028813D}
T{00000000-0000-0000-0000-0000001369DE}
F{00000000-0000-0000-0000-000000060468}
F{00000000-0000-0000-0000-000000029DB2}
F{00000000-0000-0000-0000-00000024BF14}
F{00000000-0000-0000-0000-0000000F84E7}
F{00000000-0000-0000-0000-0000000D9F5F}
T{00000000-0000-0000-0000-000000088CF0}
F{00000000-0000-0000-0000-0000002A02EE}
F{00000000-0000-0000-0000-0000000A7716}
F{00000000-0000-0000-0000-0000000A5792}
T{00000000-0000-0000-0000-000000275B8E}
T{00000000-0000-0000-0000-00000007E3BE}
T{00000000-0000-0000-0000-000000180772}
F{00000000-0000-0000-0000-000000148332}
F{00000000-0000-0000-0000-0000002C299F}
F{00000000-0000-0000-0000-0000000358BE}
T{00000000-0000-0000-0000-00000023D0EB}
F{00000000-0000-0000-0000-0000002C418E}
F{00000000-0000-0000-0000-000000244890}
F{00000000-0000-0000-0000-000000219EFE}
F{00000000-0000-0000-0000-0000002B60AE}
F{00000000-0000-0000-0000-00000011A66A}
F{00000000-0000-0000-0000-0000000EC5C1}
T{00000000-0000-0000-0000-0000002A02EE}
F{00000000-0000-0000-0000-0000001187A9}
F{00000000-0000-0000-0000-0000000EFCB1}
T{00000000-0000-0000-0000-0000001B7F5B}
F{00000000-0000-0000-0000-00000013B91E}
T{00000000-0000-0000-0000-0000002B7A74}
F{00000000-0000-0000-0000-000000012582}
F{00000000-0000-0000-0000-0000001187A9}
T{00000000-0000-0000-0000-000000263C74}
T{00000000-0000-0000-0000-000000290793}
T{00000000-0000-0000-0000-000000180E2E}
F{00000000-0000-0000-0000-000000132504}
F{00000000-0000-0000-0000-00000006193F}
T{00000000-0000-0000-0000-000000301289}
F{00000000-0000-0000-0000-000000152F96}
F{00000000-0000-0000-0000-000000219E6D}
F{00000000-0000-0000-0000-0000002FEC1E}
T{00000000-0000-0000-0000-000000289795}
T{00000000-0000-0000-0000-0000001894F4}
F{00000000-0000-0000-0000-0000001A3598}
T{00000000-0000-0000-0000-0000000D6338}
T{00000000-0000-0000-0000-000000251E83}
F{00000000-0000-0000-0000-0000002B9ADC}
T{00000000-0000-0000-0000-00000005EF6E}
T{00000000-0000-0000-0000-000000230FED}
T{00000000-0000-0000-0000-00000006923C}
F{00000000-0000-0000-0000-000000146BA0}
T{00000000-0000-0000-0000-000000137696}
F{00000000-0000-0000-0000-0000000FD49A}
F{00000000-0000-0000-0000-000000110D6E}
T{00000000-0000-0000-0000-0000002B9CA9}
F{00000000-0000-0000-0000-000000108B3B}
T{00000000-0000-0000-0000-0000002C418E}
T{00000000-0000-0000-0000-000000180E2E}
F{00000000-0000-0000-0000-00000025B204}
F{00000000-0000-0000-0000-00000014652A}
F{00000000-0000-0000-0000-000000220F56}
T{00000000-0000-0000-0000-00000005E3F4}
F{00000000-0000-0000-0000-0000002FA47F}
F{00000000-0000-0000-0000-0000002C9942}
T{00000000-0000-0000-0000-000000275B8E}
T{00000000-0000-0000-0000-00000005A714}
F{00000000-0000-0000-0000-0000000ADF8A}
F{00000000-0000-0000-0000-000000146BA0}
T{00000000-0000-0000-0000-000000281B7B}
F{00000000-0000-0000-0000-0000001AF5B8}
F{00000000-0000-0000-0000-0000002591DD}
F{00000000-0000-0000-0000-000000146BA0}
T{00000000-0000-0000-0000-0000000659B7}
F{00000000-0000-0000-0000-00000014AC98}
F{00000000-0000-0000-0000-0000000D0B5F}
F{00000000-0000-0000-0000-0000002CAD87}
T{00000000-0000-0000-0000-00000029CB1D}
F{00000000-0000-0000-0000-00000025E580}
F{00000000-0000-0000-0000-000000303C41}
F{00000000-0000-0000-0000-0000000D3A09}
T{00000000-0000-0000-0000-0000000840E9}
T{00000000-0000-0000-0000-0000002690A8}
F{00000000-0000-0000-0000-0000002C9942}
F{00000000-0000-0000-0000-0000001021AA}
T{00000000-0000-0000-0000-0000002946BB}
T{00000000-0000-0000-0000-000000126649}
T{00000000-0000-0000-0000-00000005A714}
F{00000000-0000-0000-0000-000000106A2C}
T{00000000-0000-0000-0000-0000001FB295}
T{00000000-0000-0000-0000-000000041E64}
T{00000000-0000-0000-0000-000000010A7C}
T{00000000-0000-0000-0000-0000000ADB6D}
F{00000000-0000-0000-0000-0000002CD6C8}
F{00000000-0000-0000-0000-0000002361B7}
T{00000000-0000-0000-0000-00000031B2AF}
T{00000000-0000-0000-0000-00000028813D}
F{00000000-0000-0000-0000-000000231277}
T{00000000-0000-0000-0000-000000012582}
T{00000000-0000-0000-0000-000000119C07}
F{00000000-0000-0000-0000-000000210241}
T{00000000-0000-0000-0000-0000002313B8}
F{00000000-0000-0000-0000-00000006524D}
T{00000000-0000-0000-0000-0000000EB2FC}
F{00000000-0000-0000-0000-00000032B96F}
F{00000000-0000-0000-0000-0000002BA651}
T{00000000-0000-0000-0000-0000002A47D9}
T{00000000-0000-0000-0000-000000146BA0}
T{00000000-0000-0000-0000-0000001985BE}
T{00000000-0000-0000-0000-0000000DA5C4}
F{00000000-0000-0000-0000-00000022664D}
F{00000000-0000-0000-0000-00000022236F}
F{00000000-0000-0000-0000-0000000C29E6}
F{00000000-0000-0000-0000-00000009042B}
F{00000000-0000-0000-0000-0000000AE099}
F{00000000-0000-0000-0000-0000000A9334}
T{00000000-0000-0000-0000-000000113C06}
F{00000000-0000-0000-0000-000000270E01}
T{00000000-0000-0000-0000-000000304116}
T{00000000-0000-0000-0000-00000031EBC3}
T{00000000-0000-0000-0000-00000003F093}
T{00000000-0000-0000-0000-0000002361B7}
T{00000000-0000-0000-0000-000000231277}
F{00000000-0000-0000-0000-0000002AB719}
F{00000000-0000-0000-0000-0000000C5D03}
T{00000000-0000-0000-0000-0000001A3598}
T{00000000-0000-0000-0000-0000002A4809}
T{00000000-0000-0000-0000-000000200CE4}
T{00000000-0000-0000-0000-0000002137D4}
F{00000000-0000-0000-0000-000000030FAE}
T{00000000-0000-0000-0000-0000002A08D5}
F{00000000-0000-0000-0000-00000011FA5C}
F{00000000-0000-0000-0000-0000000F3587}
F{00000000-0000-0000-0000-0000000358BE}
F{00000000-0000-0000-0000-000000137696}
F{00000000-0000-0000-0000-000000220F56}
F{00000000-0000-0000-0000-0000000EB1FB}
T{00000000-0000-0000-0000-000000273493}
T{00000000-0000-0000-0000-00000031EBC3}
F{00000000-0000-0000-0000-0000001C7E16}
F{00000000-0000-0000-0000-00000029C08B}
T{00000000-0000-0000-0000-0000002D4012}
T{00000000-0000-0000-0000-0000000DDD88}
F{00000000-0000-0000-0000-000000245C0C}
T{00000000-0000-0000-0000-000000012582}
F{00000000-0000-0000-0000-00000024D328}
T{00000000-0000-0000-0000-0000002B9CA9}
T{00000000-0000-0000-0000-0000002D4012}
T{00000000-0000-0000-0000-000000109F0A}
F{00000000-0000-0000-0000-000000146C13}
T{00000000-0000-0000-0000-000000192C47}
F{00000000-0000-0000-0000-00000024D328}
F{00000000-0000-0000-0000-000000060468}
F{00000000-0000-0000-0000-0000002A9CF7}
F{00000000-0000-0000-0000-0000002A93E5}
F{00000000-0000-0000-0000-0000000BDF18}
F{00000000-0000-0000-0000-00000032B96F}
T{00000000-0000-0000-0000-00000026F01D}
F{00000000-0000-0000-0000-0000002C299F}
T{00000000-0000-0000-0000-0000002F16BE}
F{00000000-0000-0000-0000-000000270E01}
T{00000000-0000-0000-0000-0000000918BA}
F{00000000-0000-0000-0000-00000009BAD7}
F{00000000-0000-0000-0000-000000110D6E}
F{00000000-0000-0000-0000-0000002819B0}
F{00000000-0000-0000-0000-000000235C6F}
T{00000000-0000-0000-0000-0000002216E6}
T{00000000-0000-0000-0000-000000200CE4}
F{00000000-0000-0000-0000-00000013B91E}
T{00000000-0000-0000-0000-000000219EFE}
F{00000000-0000-0000-0000-0000001E644A}
T{00000000-0000-0000-0000-0000002BA651}
F{00000000-0000-0000-0000-00000016D8EC}
T{00000000-0000-0000-0000-0000002C418E}
F{00000000-0000-0000-0000-0000002591DD}
T{00000000-0000-0000-0000-000000177B49}
F{00000000-0000-0000-0000-0000002CAD87}
T{00000000-0000-0000-0000-00000024CD16}
T{00000000-0000-0000-0000-0000002FF8E1}
T{00000000-0000-0000-0000-000000041E64}
T{00000000-0000-0000-0000-0000000DA5C4}
T{00000000-0000-0000-0000-0000002216E6}
F{00000000-0000-0000-0000-0000002CDE1F}
T{00000000-0000-0000-0000-000000218CCC}
T{00000000-0000-0000-0000-0000002EFB03}
T{00000000-0000-0000-0000-00000029CB1D}
F{00000000-0000-0000-0000-000000062238}
T{00000000-0000-0000-0000-0000002AD1C2}
T{00000000-0000-0000-0000-000000263C74}
T{00000000-0000-0000-0000-00000019279C}
F{00000000-0000-0000-0000-00000027D4C7}
T{00000000-0000-0000-0000-00000014AC98}
F{00000000-0000-0000-0000-0000002CACBC}
F{00000000-0000-0000-0000-0000002DC9A5}
T{00000000-0000-0000-0000-00000007E3BE}
F{00000000-0000-0000-0000-00000020CF55}
F{00000000-0000-0000-0000-00000011A66A}
F{00000000-0000-0000-0000-000000165C7D}
F{00000000-0000-0000-0000-0000000EFCD0}
F{00000000-0000-0000-0000-0000002D47FB}
F{00000000-0000-0000-0000-0000000358BE}
T{00000000-0000-0000-0000-000000088CF0}
F{00000000-0000-0000-0000-000000303C41}
T{00000000-0000-0000-0000-0000000DA5C4}
T{00000000-0000-0000-0000-00000009BCC6}
F{00000000-0000-0000-0000-0000001C7E16}
F{00000000-0000-0000-0000-0000002C299F}
T{00000000-0000-0000-0000-0000000840E9}
F{00000000-0000-0000-0000-0000001D30D6}
T{00000000-0000-0000-0000-0000000A5B30}
F{00000000-0000-0000-0000-00000011A66A}
T{00000000-0000-0000-0000-000000109F0A}
F{00000000-0000-0000-0000-0000001187A9}
F{00000000-0000-0000-0000-00000020554E}
T{00000000-0000-0000-0000-0000000AFBED}
T{00000000-0000-0000-0000-00000024D4B0}
T{00000000-0000-0000-0000-0000001FFDD7}
F{00000000-0000-0000-0000-00000029C08B}
F{00000000-0000-0000-0000-00000024BF14}
F{00000000-0000-0000-0000-0000002167C1}
F{00000000-0000-0000-0000-000000222774}
T{00000000-0000-0000-0000-0000002499A6}
T{00000000-0000-0000-0000-00000024D328}
T{00000000-0000-0000-0000-0000000AE577}
T{00000000-0000-0000-0000-000000064615}
F{00000000-0000-0000-0000-0000000BD989}
T{00000000-0000-0000-0000-00000031EBC3}
T{00000000-0000-0000-0000-0000002CAD87}
F{00000000-0000-0000-0000-00000019D284}
T{00000000-0000-0000-0000-000000172673}
F{00000000-0000-0000-0000-000000336361}
T{00000000-0000-0000-0000-000000083C07}
F{00000000-0000-0000-0000-00000025D7DD}
T{00000000-0000-0000-0000-00000006193F}
F{00000000-0000-0000-0000-0000001379ED}
F{00000000-0000-0000-0000-0000000ADF8A}
T{00000000-0000-0000-0000-0000002B8F8A}
F{00000000-0000-0000-0000-000000303C41}
F{00000000-0000-0000-0000-0000000FAF70}
F{00000000-0000-0000-0000-00000009BAD7}
F{00000000-0000-0000-0000-000000060468}
F{00000000-0000-0000-0000-0000000970F1}
T{00000000-0000-0000-0000-00000003F093}
T{00000000-0000-0000-0000-0000001FFDD7}
T{00000000-0000-0000-0000-0000000EC5C1}
T{00000000-0000-0000-0000-0000000D0B5F}
T{00000000-0000-0000-0000-0000000BDF18}
T{00000000-0000-0000-0000-0000001746C3}
F{00000000-0000-0000-0000-00000005FF3F}
T{00000000-0000-0000-0000-000000269527}
T{00000000-0000-0000-0000-00000009042B}
F{00000000-0000-0000-0000-0000002DC9A5}
T{00000000-0000-0000-0000-000000219EFE}
F{00000000-0000-0000-0000-0000002D4147}
T{00000000-0000-0000-0000-0000002536E9}
T{00000000-0000-0000-0000-0000002313B8}
F{00000000-0000-0000-0000-00000024BF14}
F{00000000-0000-0000-0000-0000002494C3}
F{00000000-0000-0000-0000-000000263D12}
F{00000000-0000-0000-0000-0000000C5D03}
T{00000000-0000-0000-0000-0000002DCB69}
T{00000000-0000-0000-0000-0000002853F7}
T{00000000-0000-0000-0000-0000002216E6}
T{00000000-0000-0000-0000-0000002728DA}
F{00000000-0000-0000-0000-0000001464E5}
T{00000000-0000-0000-0000-0000002499A6}
T{00000000-0000-0000-0000-00000024BF14}
T{00000000-0000-0000-0000-0000001D5B1B}
T{00000000-0000-0000-0000-000000098996}
F{00000000-0000-0000-0000-00000014BCF0}
T{00000000-0000-0000-0000-000000064615}
F{00000000-0000-0000-0000-000000007910}
