F{00000000-0000-0000-0000-00000025D7DD}
F{00000000-0000-0000-0000-0000002CDFC9}
F{00000000-0000-0000-0000-0000000D199E}
F{00000000-0000-0000-0000-00000025D7DD}
T{00000000-0000-0000-0000-0000002CDFC9}
F{00000000-0000-0000-0000-0000000D199E}
T{00000000-0000-0000-0000-000000139F40}
F{00000000-0000-0000-0000-000000025A62}
T{00000000-0000-0000-0000-000000319987}
T{00000000-0000-0000-0000-000000243F02}
T{00000000-0000-0000-0000-0000002137D4}
F{00000000-0000-0000-0000-0000000BC199}
T{00000000-0000-0000-0000-00000001AAB3}
T{00000000-0000-0000-0000-00000033C0BE}
T{00000000-0000-0000-0000-000000038479}
T{00000000-0000-0000-0000-0000000CA970}
T{00000000-0000-0000-0000-0000000F6E0A}
F{00000000-0000-0000-0000-000000332CFE}
T{00000000-0000-0000-0000-0000002CABB9}
T{00000000-0000-0000-0000-00000022E477}
T{00000000-0000-0000-0000-00000031941A}
T{00000000-0000-0000-0000-0000002FDFCF}
T{00000000-0000-0000-0000-000000320E5F}
T{00000000-0000-0000-0000-0000002390CE}
T{00000000-0000-0000-0000-000000061C56}
T{00000000-0000-0000-0000-00000002A54C}
F{00000000-0000-0000-0000-000000172673}
T{00000000-0000-0000-0000-00000032A8DB}
T{00000000-0000-0000-0000-00000031E8A8}
T{00000000-0000-0000-0000-00000029169E}
T{00000000-0000-0000-0000-0000002BB56B}
F{00000000-0000-0000-0000-000000132C5C}
T{00000000-0000-0000-0000-00000031EBC3}
T{00000000-0000-0000-0000-000000119D7B}
T{00000000-0000-0000-0000-00000030694D}
T{00000000-0000-0000-0000-000000271353}
T{00000000-0000-0000-0000-000000097145}
T{00000000-0000-0000-0000-00000011B6E2}
T{00000000-0000-0000-0000-00000004E003}
F{00000000-0000-0000-0000-000000010A7C}
T{00000000-0000-0000-0000-0000000FCF04}
F{00000000-0000-0000-0000-000000144245}
T{00000000-0000-0000-0000-00000019EC18}
T{00000000-0000-0000-0000-0000000E70A1}
T{00000000-0000-0000-0000-000000064615}
T{00000000-0000-0000-0000-00000033B3D6}
T{00000000-0000-0000-0000-000000074466}
T{00000000-0000-0000-0000-000000113245}
F{00000000-0000-0000-0000-00000026F31D}
T{00000000-0000-0000-0000-0000001985BE}
T{00000000-0000-0000-0000-000000275A4F}
T{00000000-0000-0000-0000-0000003011F7}
T{00000000-0000-0000-0000-0000000CB9EE}
T{00000000-0000-0000-0000-0000002843CE}
T{00000000-0000-0000-0000-0000000DEE47}
F{00000000-0000-0000-0000-00000025D7DD}
F{00000000-0000-0000-0000-000000336361}
T{00000000-0000-0000-0000-0000000A2D06}
T{00000000-0000-0000-0000-000000177868}
T{00000000-0000-0000-0000-0000000C6B65}
T{00000000-0000-0000-0000-0000000CAFE6}
T{00000000-0000-0000-0000-0000002CDFC9}
T{00000000-0000-0000-0000-000000039287}
T{00000000-0000-0000-0000-0000001746C3}
T{00000000-0000-0000-0000-0000001E35CC}
T{00000000-0000-0000-0000-0000000B6F8C}
F{00000000-0000-0000-0000-0000002B7A74}
T{00000000-0000-0000-0000-0000001C000D}
T{00000000-0000-0000-0000-000000164F2C}
T{00000000-0000-0000-0000-0000002B7D45}
T{00000000-0000-0000-0000-000000267D6D}
T{00000000-0000-0000-0000-000000078B95}
T{00000000-0000-0000-0000-0000000D199E}
T{00000000-0000-0000-0000-00000009E1DD}
T{00000000-0000-0000-0000-0000000813D7}
T{00000000-0000-0000-0000-00000013BA26}
T{00000000-0000-0000-0000-000000106746}
F{00000000-0000-0000-0000-0000002B0555}
F{00000000-0000-0000-0000-000000007962}
T{00000000-0000-0000-0000-0000000802A5}
T{00000000-0000-0000-0000-0000000782BC}
T{00000000-0000-0000-0000-00000003F093}
T{00000000-0000-0000-0000-0000002E5619}
T{00000000-0000-0000-0000-0000001D9D0E}
T{00000000-0000-0000-0000-00000025C115}
T{00000000-0000-0000-0000-000000126649}
F{00000000-0000-0000-0000-00000025B204}
T{00000000-0000-0000-0000-0000002A0033}
F{00000000-0000-0000-0000-00000022664D}
T{00000000-0000-0000-0000-0000002D3ED8}
T{00000000-0000-0000-0000-000000275CAC}
F{00000000-0000-0000-0000-000000146BB2}
T{00000000-0000-0000-0000-00000031F588}
T{00000000-0000-0000-0000-000000281B7B}
T{00000000-0000-0000-0000-0000001A177D}
T{00000000-0000-0000-0000-00000021727D}
T{00000000-0000-0000-0000-000000278875}
T{00000000-0000-0000-0000-00000021868E}
T{00000000-0000-0000-0000-0000002BCF2E}
T{00000000-0000-0000-0000-0000002EAF33}
T{00000000-0000-0000-0000-0000002F9487}
T{00000000-0000-0000-0000-0000001A4EC5}
T{00000000-0000-0000-0000-0000001C43DD}
T{00000000-0000-0000-0000-0000002E3AB2}
F{00000000-0000-0000-0000-000000060817}
T{00000000-0000-0000-0000-0000001226E2}
T{00000000-0000-0000-0000-0000001A72D1}
T{00000000-0000-0000-0000-0000002313B8}
F{00000000-0000-0000-0000-0000002C1423}
F{00000000-0000-0000-0000-0000002D4147}
T{00000000-0000-0000-0000-0000001E3943}
T{00000000-0000-0000-0000-00000033C0DE}
T{00000000-0000-0000-0000-0000002E9D5F}
T{00000000-0000-0000-0000-0000002E564A}
T{00000000-0000-0000-0000-0000002BA75C}
F{00000000-0000-0000-0000-0000000F84E7}
T{00000000-0000-0000-0000-00000013BFCB}
T{00000000-0000-0000-0000-0000000DAB70}
T{00000000-0000-0000-0000-00000023D0EB}
F{00000000-0000-0000-0000-0000000928C2}
T{00000000-0000-0000-0000-0000001594FA}
F{00000000-0000-0000-0000-000000108B3B}
T{00000000-0000-0000-0000-00000032686B}
T{00000000-0000-0000-0000-0000000CB9EE}
T{00000000-0000-0000-0000-00000022ED6F}
T{00000000-0000-0000-0000-000000172673}
T{00000000-0000-0000-0000-000000091F10}
T{00000000-0000-0000-0000-0000000FB43F}
F{00000000-0000-0000-0000-000000010A7C}
T{00000000-0000-0000-0000-000000066E27}
T{00000000-0000-0000-0000-0000001D5AD6}
F{00000000-0000-0000-0000-000000025A62}
T{00000000-0000-0000-0000-0000002CE45A}
F{00000000-0000-0000-0000-0000000FAF71}
T{00000000-0000-0000-0000-0000000586B3}
T{00000000-0000-0000-0000-0000000D8B86}
T{00000000-0000-0000-0000-000000177868}
T{00000000-0000-0000-0000-000000169E5F}
T{00000000-0000-0000-0000-0000000F1694}
T{00000000-0000-0000-0000-00000016A5CD}
F{00000000-0000-0000-0000-0000002A4809}
F{00000000-0000-0000-0000-000000336361}
T{00000000-0000-0000-0000-00000005DD33}
T{00000000-0000-0000-0000-0000001813D8}
T{00000000-0000-0000-0000-0000002977C2}
T{00000000-0000-0000-0000-000000253CAB}
T{00000000-0000-0000-0000-00000016B7BB}
T{00000000-0000-0000-0000-000000106A56}
T{00000000-0000-0000-0000-00000016B9B3}
T{00000000-0000-0000-0000-0000002C4147}
T{00000000-0000-0000-0000-00000001A081}
T{00000000-0000-0000-0000-00000033245B}
T{00000000-0000-0000-0000-00000031720F}
T{00000000-0000-0000-0000-00000021D06D}
T{00000000-0000-0000-0000-00000019603B}
F{00000000-0000-0000-0000-000000101B79}
T{00000000-0000-0000-0000-0000000DAF33}
T{00000000-0000-0000-0000-00000029B45D}
T{00000000-0000-0000-0000-000000253960}
T{00000000-0000-0000-0000-0000001BDA94}
T{00000000-0000-0000-0000-0000001D3830}
T{00000000-0000-0000-0000-00000029B0B6}
F{00000000-0000-0000-0000-00000016D8EC}
T{00000000-0000-0000-0000-000000194762}
F{00000000-0000-0000-0000-00000016BEDB}
T{00000000-0000-0000-0000-00000014DA5C}
T{00000000-0000-0000-0000-0000000EBF2A}
T{00000000-0000-0000-0000-00000025333F}
T{00000000-0000-0000-0000-0000000124D4}
F{00000000-0000-0000-0000-000000011C79}
T{00000000-0000-0000-0000-0000000A9687}
F{00000000-0000-0000-0000-0000002690A8}
T{00000000-0000-0000-0000-00000016BFCF}
F{00000000-0000-0000-0000-0000002B0555}
T{00000000-0000-0000-0000-0000003053C8}
T{00000000-0000-0000-0000-0000001C3DC9}
T{00000000-0000-0000-0000-000000202712}
T{00000000-0000-0000-0000-000000259C4C}
T{00000000-0000-0000-0000-00000032E57F}
T{00000000-0000-0000-0000-0000000FE49E}
T{00000000-0000-0000-0000-0000000E4264}
T{00000000-0000-0000-0000-0000002FC3D8}
T{00000000-0000-0000-0000-0000002D073A}
T{00000000-0000-0000-0000-0000000E641C}
T{00000000-0000-0000-0000-000000170039}
T{00000000-0000-0000-0000-00000031F0E6}
T{00000000-0000-0000-0000-0000001BAE84}
T{00000000-0000-0000-0000-00000026853A}
T{00000000-0000-0000-0000-0000001846EB}
F{00000000-0000-0000-0000-000000301289}
T{00000000-0000-0000-0000-000000249B7C}
T{00000000-0000-0000-0000-000000083BCE}
T{00000000-0000-0000-0000-00000016D43B}
T{00000000-0000-0000-0000-00000011B6E2}
T{00000000-0000-0000-0000-0000002478DD}
F{00000000-0000-0000-0000-000000060817}
T{00000000-0000-0000-0000-00000024E9BB}
T{00000000-0000-0000-0000-0000000F09BC}
T{00000000-0000-0000-0000-0000000F07A2}
T{00000000-0000-0000-0000-0000001CF590}
T{00000000-0000-0000-0000-000000059899}
T{00000000-0000-0000-0000-00000019EC18}
T{00000000-0000-0000-0000-000000146BB2}
T{00000000-0000-0000-0000-00000033A574}
F{00000000-0000-0000-0000-00000024DE3A}
T{00000000-0000-0000-0000-000000094B5B}
T{00000000-0000-0000-0000-000000039287}
T{00000000-0000-0000-0000-0000000A57AE}
T{00000000-0000-0000-0000-0000000928C2}
F{00000000-0000-0000-0000-00000024D561}
T{00000000-0000-0000-0000-0000002137D4}
T{00000000-0000-0000-0000-000000147DA5}
T{00000000-0000-0000-0000-0000001CB8EA}
F{00000000-0000-0000-0000-00000024CD16}
T{00000000-0000-0000-0000-000000199CE5}
T{00000000-0000-0000-0000-00000024CCE3}
T{00000000-0000-0000-0000-00000026D397}
T{00000000-0000-0000-0000-00000006D2E9}
T{00000000-0000-0000-0000-0000000DE030}
T{00000000-0000-0000-0000-00000006D3FA}
F{00000000-0000-0000-0000-00000028C84A}
T{00000000-0000-0000-0000-000000113245}
F{00000000-0000-0000-0000-0000000EFCB1}
T{00000000-0000-0000-0000-00000028C3F4}
F{00000000-0000-0000-0000-0000000F84E7}
T{00000000-0000-0000-0000-00000021F6DF}
T{00000000-0000-0000-0000-00000017BAF9}
T{00000000-0000-0000-0000-0000001027A2}
T{00000000-0000-0000-0000-00000024C269}
T{00000000-0000-0000-0000-0000001CF779}
T{00000000-0000-0000-0000-00000011B26F}
T{00000000-0000-0000-0000-00000028A414}
T{00000000-0000-0000-0000-000000289F2F}
T{00000000-0000-0000-0000-0000000EFBFF}
T{00000000-0000-0000-0000-00000011B276}
T{00000000-0000-0000-0000-000000182131}
F{00000000-0000-0000-0000-0000002D47FB}
T{00000000-0000-0000-0000-00000011B46F}
F{00000000-0000-0000-0000-000000289DEC}
T{00000000-0000-0000-0000-00000006E345}
T{00000000-0000-0000-0000-0000000D9C20}
T{00000000-0000-0000-0000-00000031CEB3}
T{00000000-0000-0000-0000-0000001C810C}
T{00000000-0000-0000-0000-00000011BB02}
T{00000000-0000-0000-0000-000000170C73}
T{00000000-0000-0000-0000-00000030BCFD}
T{00000000-0000-0000-0000-0000002892F7}
T{00000000-0000-0000-0000-0000001713EF}
T{00000000-0000-0000-0000-00000011BC6F}
T{00000000-0000-0000-0000-0000001023D6}
T{00000000-0000-0000-0000-0000000CE4C7}
T{00000000-0000-0000-0000-000000210D7D}
F{00000000-0000-0000-0000-00000028813D}
T{00000000-0000-0000-0000-0000002A4374}
T{00000000-0000-0000-0000-0000000FB2AC}
T{00000000-0000-0000-0000-0000003150EC}
T{00000000-0000-0000-0000-000000287CD1}
T{00000000-0000-0000-0000-00000032E413}
T{00000000-0000-0000-0000-0000000C1C4E}
T{00000000-0000-0000-0000-000000171562}
T{00000000-0000-0000-0000-0000000DF8B1}
T{00000000-0000-0000-0000-00000011D5A2}
T{00000000-0000-0000-0000-000000282BD0}
F{00000000-0000-0000-0000-0000002853F7}
T{00000000-0000-0000-0000-00000012B1D2}
T{00000000-0000-0000-0000-0000002FB7BE}
T{00000000-0000-0000-0000-0000000D977B}
F{00000000-0000-0000-0000-0000000D9506}
T{00000000-0000-0000-0000-0000001EB1B9}
T{00000000-0000-0000-0000-00000010156C}
T{00000000-0000-0000-0000-0000000B1764}
T{00000000-0000-0000-0000-00000011D8AC}
T{00000000-0000-0000-0000-000000140D32}
T{00000000-0000-0000-0000-00000016D448}
T{00000000-0000-0000-0000-000000283290}
T{00000000-0000-0000-0000-00000011DB6D}
T{00000000-0000-0000-0000-00000026908C}
T{00000000-0000-0000-0000-00000023B257}
T{00000000-0000-0000-0000-000000282C62}
T{00000000-0000-0000-0000-000000171C2F}
T{00000000-0000-0000-0000-000000171D96}
F{00000000-0000-0000-0000-0000001D5B1B}
T{00000000-0000-0000-0000-000000096D7F}
T{00000000-0000-0000-0000-000000209D82}
T{00000000-0000-0000-0000-000000122620}
T{00000000-0000-0000-0000-00000009AD92}
F{00000000-0000-0000-0000-0000000BC199}
T{00000000-0000-0000-0000-00000011E4E1}
T{00000000-0000-0000-0000-000000281B7B}
T{00000000-0000-0000-0000-0000000EAA83}
T{00000000-0000-0000-0000-00000017358C}
T{00000000-0000-0000-0000-0000001722BA}
T{00000000-0000-0000-0000-0000002ADDAD}
T{00000000-0000-0000-0000-000000222A3E}
T{00000000-0000-0000-0000-00000011E7D4}
T{00000000-0000-0000-0000-00000006919F}
F{00000000-0000-0000-0000-0000002499A6}
T{00000000-0000-0000-0000-00000024956C}
T{00000000-0000-0000-0000-0000002B7A74}
T{00000000-0000-0000-0000-00000011E97B}
F{00000000-0000-0000-0000-0000002494C3}
T{00000000-0000-0000-0000-0000002ADAF8}
T{00000000-0000-0000-0000-00000009308F}
T{00000000-0000-0000-0000-000000196ABC}
T{00000000-0000-0000-0000-0000002078B2}
T{00000000-0000-0000-0000-000000278538}
T{00000000-0000-0000-0000-0000000C6827}
T{00000000-0000-0000-0000-000000163440}
T{00000000-0000-0000-0000-000000202A48}
T{00000000-0000-0000-0000-0000001028EE}
T{00000000-0000-0000-0000-0000001EA4DD}
T{00000000-0000-0000-0000-00000027D63F}
T{00000000-0000-0000-0000-000000248A7A}
F{00000000-0000-0000-0000-0000003362C8}
T{00000000-0000-0000-0000-0000001DCEC2}
T{00000000-0000-0000-0000-0000002A7A55}
F{00000000-0000-0000-0000-00000009D224}
T{00000000-0000-0000-0000-00000027BFF4}
T{00000000-0000-0000-0000-0000002A7AE1}
T{00000000-0000-0000-0000-0000002099FA}
T{00000000-0000-0000-0000-0000000B08BD}
F{00000000-0000-0000-0000-0000000D55FC}
F{00000000-0000-0000-0000-000000200CE4}
T{00000000-0000-0000-0000-0000000FA4B3}
T{00000000-0000-0000-0000-0000000FDBD1}
T{00000000-0000-0000-0000-0000001C1356}
T{00000000-0000-0000-0000-0000002278EC}
T{00000000-0000-0000-0000-000000071831}
T{00000000-0000-0000-0000-000000247885}
F{00000000-0000-0000-0000-0000000AFBED}
T{00000000-0000-0000-0000-00000028E78F}
T{00000000-0000-0000-0000-00000017AD17}
T{00000000-0000-0000-0000-0000000FECC1}
T{00000000-0000-0000-0000-0000000FD54B}
T{00000000-0000-0000-0000-0000002468FF}
T{00000000-0000-0000-0000-000000289A95}
T{00000000-0000-0000-0000-00000022362F}
T{00000000-0000-0000-0000-00000009748A}
F{00000000-0000-0000-0000-00000009D63B}
T{00000000-0000-0000-0000-00000020B0E5}
T{00000000-0000-0000-0000-0000001C2198}
T{00000000-0000-0000-0000-00000005B55A}
T{00000000-0000-0000-0000-0000000AE1E0}
T{00000000-0000-0000-0000-000000275CAC}
T{00000000-0000-0000-0000-00000017AE52}
T{00000000-0000-0000-0000-000000072837}
T{00000000-0000-0000-0000-0000002416A6}
F{00000000-0000-0000-0000-0000002415F2}
T{00000000-0000-0000-0000-0000001FE575}
T{00000000-0000-0000-0000-00000017BAFF}
T{00000000-0000-0000-0000-0000000CC211}
T{00000000-0000-0000-0000-00000017CD8A}
T{00000000-0000-0000-0000-0000001FD627}
F{00000000-0000-0000-0000-000000132C5C}
T{00000000-0000-0000-0000-0000003032D8}
T{00000000-0000-0000-0000-0000000953A0}
T{00000000-0000-0000-0000-000000095572}
T{00000000-0000-0000-0000-00000008E1A8}
T{00000000-0000-0000-0000-00000017E663}
F{00000000-0000-0000-0000-0000000C0AE0}
F{00000000-0000-0000-0000-00000009C584}
T{00000000-0000-0000-0000-0000001FC2E5}
T{00000000-0000-0000-0000-0000000AAC87}
T{00000000-0000-0000-0000-000000222434}
F{00000000-0000-0000-0000-00000009C55D}
T{00000000-0000-0000-0000-000000099323}
T{00000000-0000-0000-0000-000000097D94}
T{00000000-0000-0000-0000-0000002C1423}
T{00000000-0000-0000-0000-0000001FBE4B}
T{00000000-0000-0000-0000-0000000DAC95}
T{00000000-0000-0000-0000-00000019BC13}
F{00000000-0000-0000-0000-0000000C5A2F}
F{00000000-0000-0000-0000-0000002D4012}
F{00000000-0000-0000-0000-00000027068E}
T{00000000-0000-0000-0000-0000001A8051}
T{00000000-0000-0000-0000-000000090D66}
T{00000000-0000-0000-0000-00000019B67A}
T{00000000-0000-0000-0000-000000061818}
T{00000000-0000-0000-0000-000000211BF6}
T{00000000-0000-0000-0000-0000001817FF}
T{00000000-0000-0000-0000-0000001818B0}
T{00000000-0000-0000-0000-0000001A4EC5}
T{00000000-0000-0000-0000-0000002C60BC}
T{00000000-0000-0000-0000-0000001985BE}
T{00000000-0000-0000-0000-00000021056F}
T{00000000-0000-0000-0000-0000000CF7F5}
T{00000000-0000-0000-0000-00000005C5D6}
T{00000000-0000-0000-0000-0000000FC474}
T{00000000-0000-0000-0000-0000003025B3}
T{00000000-0000-0000-0000-0000001BC924}
T{00000000-0000-0000-0000-000000140E50}
T{00000000-0000-0000-0000-0000002D5C1E}
T{00000000-0000-0000-0000-000000141F4F}
F{00000000-0000-0000-0000-0000001894F4}
T{00000000-0000-0000-0000-0000000974BB}
T{00000000-0000-0000-0000-0000003244F3}
F{00000000-0000-0000-0000-00000009BCBD}
T{00000000-0000-0000-0000-0000000C134C}
T{00000000-0000-0000-0000-0000001441F5}
T{00000000-0000-0000-0000-000000144245}
T{00000000-0000-0000-0000-00000011C1D0}
T{00000000-0000-0000-0000-0000001445A3}
T{00000000-0000-0000-0000-0000000FFB82}
F{00000000-0000-0000-0000-0000000918BA}
T{00000000-0000-0000-0000-000000271E97}
T{00000000-0000-0000-0000-0000002ECC14}
T{00000000-0000-0000-0000-0000002C4A8B}
T{00000000-0000-0000-0000-0000001F2BCD}
T{00000000-0000-0000-0000-000000144EAF}
T{00000000-0000-0000-0000-000000145890}
F{00000000-0000-0000-0000-0000002B8F8A}
T{00000000-0000-0000-0000-0000002B98FA}
T{00000000-0000-0000-0000-0000001F8E5A}
T{00000000-0000-0000-0000-000000155322}
T{00000000-0000-0000-0000-00000018D0D7}
T{00000000-0000-0000-0000-00000005394F}
T{00000000-0000-0000-0000-0000000DEA25}
T{00000000-0000-0000-0000-00000008AB1F}
F{00000000-0000-0000-0000-00000026F31D}
F{00000000-0000-0000-0000-000000083C07}
F{00000000-0000-0000-0000-000000091984}
T{00000000-0000-0000-0000-0000002B8B2A}
T{00000000-0000-0000-0000-000000148E71}
F{00000000-0000-0000-0000-000000271DD9}
T{00000000-0000-0000-0000-00000016F860}
T{00000000-0000-0000-0000-00000005D234}
T{00000000-0000-0000-0000-000000192034}
T{00000000-0000-0000-0000-0000000FEDBA}
T{00000000-0000-0000-0000-0000001EB38B}
F{00000000-0000-0000-0000-00000019279C}
T{00000000-0000-0000-0000-0000001D3D6A}
T{00000000-0000-0000-0000-0000001EA9F1}
T{00000000-0000-0000-0000-0000002E9CBC}
F{00000000-0000-0000-0000-000000053A0F}
T{00000000-0000-0000-0000-00000014D989}
T{00000000-0000-0000-0000-0000000A5106}
T{00000000-0000-0000-0000-0000000C6DDD}
T{00000000-0000-0000-0000-0000001EA0F5}
T{00000000-0000-0000-0000-00000032FABB}
T{00000000-0000-0000-0000-0000000A4F74}
T{00000000-0000-0000-0000-0000001987B5}
F{00000000-0000-0000-0000-0000000A3D45}
T{00000000-0000-0000-0000-0000001935C0}
T{00000000-0000-0000-0000-0000000A3BDF}
T{00000000-0000-0000-0000-000000212064}
T{00000000-0000-0000-0000-0000002F5359}
T{00000000-0000-0000-0000-0000000A3974}
F{00000000-0000-0000-0000-000000053E0D}
T{00000000-0000-0000-0000-00000000740B}
F{00000000-0000-0000-0000-0000001E7066}
T{00000000-0000-0000-0000-000000332CFE}
T{00000000-0000-0000-0000-0000001E6816}
T{00000000-0000-0000-0000-00000029631A}
T{00000000-0000-0000-0000-00000010A260}
T{00000000-0000-0000-0000-00000026A0D7}
F{00000000-0000-0000-0000-0000001E644A}
T{00000000-0000-0000-0000-0000000A3003}
T{00000000-0000-0000-0000-000000060E54}
T{00000000-0000-0000-0000-00000022664D}
T{00000000-0000-0000-0000-000000220326}
F{00000000-0000-0000-0000-000000269527}
T{00000000-0000-0000-0000-000000007962}
T{00000000-0000-0000-0000-0000001E37FC}
T{00000000-0000-0000-0000-0000001E3797}
F{00000000-0000-0000-0000-0000002B0488}
T{00000000-0000-0000-0000-000000275CB8}
T{00000000-0000-0000-0000-00000020D2B2}
T{00000000-0000-0000-0000-000000159F8A}
T{00000000-0000-0000-0000-000000266752}
T{00000000-0000-0000-0000-00000026611E}
T{00000000-0000-0000-0000-000000265E2E}
T{00000000-0000-0000-0000-00000032686B}
T{00000000-0000-0000-0000-000000265BB6}
T{00000000-0000-0000-0000-000000054FCB}
T{00000000-0000-0000-0000-000000265B79}
T{00000000-0000-0000-0000-0000001BA8D0}
T{00000000-0000-0000-0000-000000061B44}
T{00000000-0000-0000-0000-0000000CE209}
T{00000000-0000-0000-0000-000000062309}
T{00000000-0000-0000-0000-000000210B04}
F{00000000-0000-0000-0000-00000015BF2E}
T{00000000-0000-0000-0000-000000169EF3}
T{00000000-0000-0000-0000-000000199ECD}
T{00000000-0000-0000-0000-000000063398}
T{00000000-0000-0000-0000-0000000CE1EC}
T{00000000-0000-0000-0000-00000015CAE7}
T{00000000-0000-0000-0000-00000006343D}
F{00000000-0000-0000-0000-0000000D0B5F}
F{00000000-0000-0000-0000-0000001D3CD0}
T{00000000-0000-0000-0000-00000016AC27}
T{00000000-0000-0000-0000-000000119719}
T{00000000-0000-0000-0000-000000263A5F}
F{00000000-0000-0000-0000-00000025B204}
T{00000000-0000-0000-0000-000000326D54}
T{00000000-0000-0000-0000-0000000BBB6E}
T{00000000-0000-0000-0000-000000163172}
T{00000000-0000-0000-0000-0000001633C3}
T{00000000-0000-0000-0000-0000000E3964}
F{00000000-0000-0000-0000-0000000D16FA}
F{00000000-0000-0000-0000-000000261C32}
T{00000000-0000-0000-0000-00000026195A}
T{00000000-0000-0000-0000-000000055656}
T{00000000-0000-0000-0000-0000000D4DD9}
T{00000000-0000-0000-0000-0000002059CA}
T{00000000-0000-0000-0000-000000164F59}
F{00000000-0000-0000-0000-000000267BC2}
T{00000000-0000-0000-0000-00000026030F}
T{00000000-0000-0000-0000-0000002E564A}
T{00000000-0000-0000-0000-000000096F27}
T{00000000-0000-0000-0000-0000002F1F39}
F{00000000-0000-0000-0000-00000026AE05}
T{00000000-0000-0000-0000-000000138954}
T{00000000-0000-0000-0000-000000065030}
T{00000000-0000-0000-0000-000000065080}
T{00000000-0000-0000-0000-00000025E0BE}
T{00000000-0000-0000-0000-0000002C1B8A}
T{00000000-0000-0000-0000-000000173168}
T{00000000-0000-0000-0000-0000000A0913}
T{00000000-0000-0000-0000-00000010DFF6}
T{00000000-0000-0000-0000-000000164F6F}
T{00000000-0000-0000-0000-0000001D6FB7}
T{00000000-0000-0000-0000-000000261198}
T{00000000-0000-0000-0000-0000001D6905}
T{00000000-0000-0000-0000-00000025DC81}
T{00000000-0000-0000-0000-00000017BAF8}
F{00000000-0000-0000-0000-0000000659B7}
T{00000000-0000-0000-0000-00000005814E}
T{00000000-0000-0000-0000-00000021050F}
T{00000000-0000-0000-0000-000000259C8D}
F{00000000-0000-0000-0000-0000000D6338}
F{00000000-0000-0000-0000-000000099D5D}
F{00000000-0000-0000-0000-000000219EFE}
F{00000000-0000-0000-0000-0000002A02EE}
F{00000000-0000-0000-0000-0000000D3A09}
F{00000000-0000-0000-0000-0000001A5588}
T{00000000-0000-0000-0000-00000018025C}
F{00000000-0000-0000-0000-0000000C5D03}
F{00000000-0000-0000-0000-0000002ACE76}
F{00000000-0000-0000-0000-00000007C25E}
F{00000000-0000-0000-0000-00000000D3F0}
F{00000000-0000-0000-0000-0000000A8C33}
F{00000000-0000-0000-0000-000000119C07}
F{00000000-0000-0000-0000-0000000FBE71}
F{00000000-0000-0000-0000-0000000BD989}
F{00000000-0000-0000-0000-000000060468}
F{00000000-0000-0000-0000-00000003496E}
F{00000000-0000-0000-0000-00000005FF3F}
T{00000000-0000-0000-0000-0000000DA78A}
F{00000000-0000-0000-0000-00000022236F}
F{00000000-0000-0000-0000-000000146C13}
F{00000000-0000-0000-0000-000000335CAB}
F{00000000-0000-0000-0000-0000001AF5B8}
T{00000000-0000-0000-0000-000000254816}
F{00000000-0000-0000-0000-000000099302}
F{00000000-0000-0000-0000-00000033629C}
F{00000000-0000-0000-0000-00000008179C}
F{00000000-0000-0000-0000-0000002F16BE}
F{00000000-0000-0000-0000-00000007E3BE}
F{00000000-0000-0000-0000-00000012AF34}
T{00000000-0000-0000-0000-0000002B43A9}
F{00000000-0000-0000-0000-00000001C42B}
F{00000000-0000-0000-0000-000000243F1C}
F{00000000-0000-0000-0000-0000000FAF70}
F{00000000-0000-0000-0000-00000003E599}
F{00000000-0000-0000-0000-000000028B7A}
F{00000000-0000-0000-0000-00000022F0AA}
T{00000000-0000-0000-0000-0000001EB0AE}
F{00000000-0000-0000-0000-00000011D6C2}
F{00000000-0000-0000-0000-0000000F9C6B}
F{00000000-0000-0000-0000-00000009BAD7}
F{00000000-0000-0000-0000-0000001A8886}
F{00000000-0000-0000-0000-000000290793}
F{00000000-0000-0000-0000-000000218CCC}
T{00000000-0000-0000-0000-00000004A5D9}
F{00000000-0000-0000-0000-00000016DEE7}
F{00000000-0000-0000-0000-0000002001DC}
F{00000000-0000-0000-0000-00000020CF55}
F{00000000-0000-0000-0000-0000002CAD87}
F{00000000-0000-0000-0000-00000010598A}
F{00000000-0000-0000-0000-000000242E7A}
F{00000000-0000-0000-0000-0000000C42D4}
F{00000000-0000-0000-0000-000000251E83}
F{00000000-0000-0000-0000-00000022633F}
F{00000000-0000-0000-0000-0000002EE24C}
F{00000000-0000-0000-0000-00000028CA92}
T{00000000-0000-0000-0000-000000272805}
F{00000000-0000-0000-0000-0000000C439B}
F{00000000-0000-0000-0000-000000109F0A}
F{00000000-0000-0000-0000-000000324F3F}
F{00000000-0000-0000-0000-000000324745}
F{00000000-0000-0000-0000-000000289ED3}
T{00000000-0000-0000-0000-0000000F0E97}
T{00000000-0000-0000-0000-0000001024B9}
F{00000000-0000-0000-0000-0000002897F9}
F{00000000-0000-0000-0000-000000289795}
F{00000000-0000-0000-0000-000000088CF0}
F{00000000-0000-0000-0000-000000320A01}
F{00000000-0000-0000-0000-000000295694}
F{00000000-0000-0000-0000-0000002FA47F}
F{00000000-0000-0000-0000-00000010215D}
F{00000000-0000-0000-0000-00000005E3F4}
F{00000000-0000-0000-0000-00000031B2AF}
F{00000000-0000-0000-0000-000000244890}
F{00000000-0000-0000-0000-000000282FCE}
F{00000000-0000-0000-0000-0000000EE00F}
F{00000000-0000-0000-0000-000000101515}
F{00000000-0000-0000-0000-0000001FFDD7}
F{00000000-0000-0000-0000-00000032016B}
F{00000000-0000-0000-0000-0000002819B0}
F{00000000-0000-0000-0000-000000147165}
T{00000000-0000-0000-0000-0000002768FA}
F{00000000-0000-0000-0000-0000002C299F}
T{00000000-0000-0000-0000-00000028017B}
F{00000000-0000-0000-0000-0000000B1E17}
F{00000000-0000-0000-0000-00000013BB66}
F{00000000-0000-0000-0000-00000020554E}
F{00000000-0000-0000-0000-0000000F70F3}
F{00000000-0000-0000-0000-0000000BDF18}
F{00000000-0000-0000-0000-00000011FA5C}
F{00000000-0000-0000-0000-00000027D4C7}
F{00000000-0000-0000-0000-0000002946BB}
F{00000000-0000-0000-0000-0000000B0D42}
F{00000000-0000-0000-0000-000000180A8A}
F{00000000-0000-0000-0000-000000270DC9}
F{00000000-0000-0000-0000-00000023C11C}
F{00000000-0000-0000-0000-000000122D0D}
F{00000000-0000-0000-0000-0000002796A4}
F{00000000-0000-0000-0000-0000002BDEA2}
F{00000000-0000-0000-0000-0000000AE577}
F{00000000-0000-0000-0000-0000002EFB03}
F{00000000-0000-0000-0000-00000029CB1D}
F{00000000-0000-0000-0000-0000000AE237}
F{00000000-0000-0000-0000-000000223CFB}
F{00000000-0000-0000-0000-000000304116}
F{00000000-0000-0000-0000-000000303C41}
F{00000000-0000-0000-0000-00000006923C}
F{00000000-0000-0000-0000-000000275B8E}
F{00000000-0000-0000-0000-0000000ADF8A}
F{00000000-0000-0000-0000-0000000ADCC9}
F{00000000-0000-0000-0000-0000000ADB6D}
F{00000000-0000-0000-0000-0000001322C6}
F{00000000-0000-0000-0000-00000032A5BB}
F{00000000-0000-0000-0000-0000002FE035}
F{00000000-0000-0000-0000-0000002DC9A5}
F{00000000-0000-0000-0000-0000002728DA}
F{00000000-0000-0000-0000-000000152F96}
F{00000000-0000-0000-0000-00000013794F}
F{00000000-0000-0000-0000-000000146BA0}
F{00000000-0000-0000-0000-000000270E01}
F{00000000-0000-0000-0000-0000002FA3FA}
T{00000000-0000-0000-0000-0000000AA748}
T{00000000-0000-0000-0000-0000000A9F0E}
F{00000000-0000-0000-0000-00000021F6AA}
F{00000000-0000-0000-0000-0000001E3995}
F{00000000-0000-0000-0000-0000002EE25C}
F{00000000-0000-0000-0000-000000138B76}
F{00000000-0000-0000-0000-00000031ED05}
F{00000000-0000-0000-0000-00000014AEB7}
T{00000000-0000-0000-0000-0000002F70A5}
F{00000000-0000-0000-0000-0000002F6B7B}
F{00000000-0000-0000-0000-0000000A7716}
F{00000000-0000-0000-0000-0000002A08D5}
F{00000000-0000-0000-0000-0000000FC3AA}
T{00000000-0000-0000-0000-0000000A6DE9}
T{00000000-0000-0000-0000-0000000A6D84}
F{00000000-0000-0000-0000-00000026DB04}
F{00000000-0000-0000-0000-000000128932}
F{00000000-0000-0000-0000-0000000A5B30}
F{00000000-0000-0000-0000-00000026C360}
F{00000000-0000-0000-0000-0000001EE496}
F{00000000-0000-0000-0000-00000014AC98}
F{00000000-0000-0000-0000-00000014B44C}
F{00000000-0000-0000-0000-0000002EDFFA}
F{00000000-0000-0000-0000-00000014BCF0}
F{00000000-0000-0000-0000-000000235C6F}
F{00000000-0000-0000-0000-000000197C0B}
F{00000000-0000-0000-0000-0000000A3CCC}
F{00000000-0000-0000-0000-0000000EC5C1}
F{00000000-0000-0000-0000-0000002AD2A1}
F{00000000-0000-0000-0000-00000005A714}
F{00000000-0000-0000-0000-00000026A8E2}
T{00000000-0000-0000-0000-00000026A6D4}
F{00000000-0000-0000-0000-0000002B20EF}
F{00000000-0000-0000-0000-0000001A3598}
F{00000000-0000-0000-0000-00000032BB6B}
T{00000000-0000-0000-0000-00000009E1AA}
F{00000000-0000-0000-0000-000000106300}
F{00000000-0000-0000-0000-0000002C6D1C}
F{00000000-0000-0000-0000-00000016EE88}
T{00000000-0000-0000-0000-0000002D4795}
F{00000000-0000-0000-0000-000000242709}
F{00000000-0000-0000-0000-000000210241}
F{00000000-0000-0000-0000-0000002B5FB9}
F{00000000-0000-0000-0000-00000021E588}
F{00000000-0000-0000-0000-0000001DCCD0}
F{00000000-0000-0000-0000-0000002C6187}
F{00000000-0000-0000-0000-00000032FBFC}
F{00000000-0000-0000-0000-0000002C78DE}
F{00000000-0000-0000-0000-000000098996}
F{00000000-0000-0000-0000-0000002A47D9}
F{00000000-0000-0000-0000-0000000EB1C4}
F{00000000-0000-0000-0000-0000002C532B}
F{00000000-0000-0000-0000-00000019F414}
F{00000000-0000-0000-0000-0000002D4810}
F{00000000-0000-0000-0000-0000000A2DD3}
F{00000000-0000-0000-0000-0000002BA651}
F{00000000-0000-0000-0000-0000000DA5C4}
F{00000000-0000-0000-0000-00000016EF7B}
F{00000000-0000-0000-0000-0000000EC264}
F{00000000-0000-0000-0000-000000243B6C}
F{00000000-0000-0000-0000-0000001AE83E}
F{00000000-0000-0000-0000-000000245C0C}
F{00000000-0000-0000-0000-0000001464E5}
F{00000000-0000-0000-0000-0000000C5488}
F{00000000-0000-0000-0000-0000002179E5}
F{00000000-0000-0000-0000-0000002B9CA9}
F{00000000-0000-0000-0000-0000000D9F5F}
F{00000000-0000-0000-0000-0000002CDE1F}
F{00000000-0000-0000-0000-0000002D71D6}
F{00000000-0000-0000-0000-0000002789C7}
F{00000000-0000-0000-0000-00000024D4B0}
F{00000000-0000-0000-0000-0000000EFCD0}
F{00000000-0000-0000-0000-000000110D6E}
F{00000000-0000-0000-0000-0000002CD9CB}
F{00000000-0000-0000-0000-00000028980F}
F{00000000-0000-0000-0000-0000002B054E}
F{00000000-0000-0000-0000-00000026F01D}
F{00000000-0000-0000-0000-0000002651AC}
F{00000000-0000-0000-0000-0000002CD6C8}
F{00000000-0000-0000-0000-000000245F5D}
F{00000000-0000-0000-0000-0000002AB719}
T{00000000-0000-0000-0000-000000319937}
F{00000000-0000-0000-0000-0000002CACBC}
T{00000000-0000-0000-0000-000000087468}
F{00000000-0000-0000-0000-0000001021AA}
F{00000000-0000-0000-0000-0000002DA425}
F{00000000-0000-0000-0000-00000006524D}
F{00000000-0000-0000-0000-00000031BA6F}
F{00000000-0000-0000-0000-0000000BCE16}
F{00000000-0000-0000-0000-0000002AD1C2}
F{00000000-0000-0000-0000-0000002AD098}
F{00000000-0000-0000-0000-0000000DF706}
F{00000000-0000-0000-0000-000000170474}
F{00000000-0000-0000-0000-0000001FB295}
F{00000000-0000-0000-0000-0000002BFFD7}
F{00000000-0000-0000-0000-00000019D284}
F{00000000-0000-0000-0000-000000180772}
F{00000000-0000-0000-0000-000000103C79}
F{00000000-0000-0000-0000-000000157C8A}
F{00000000-0000-0000-0000-000000169CBC}
F{00000000-0000-0000-0000-00000009D2DB}
F{00000000-0000-0000-0000-000000263D12}
F{00000000-0000-0000-0000-0000001D26F3}
F{00000000-0000-0000-0000-0000001B7F5B}
F{00000000-0000-0000-0000-0000002AAA36}
F{00000000-0000-0000-0000-00000022178C}
F{00000000-0000-0000-0000-0000002536E9}
F{00000000-0000-0000-0000-000000227154}
F{00000000-0000-0000-0000-00000009BCC6}
F{00000000-0000-0000-0000-00000019EB21}
F{00000000-0000-0000-0000-000000263C74}
F{00000000-0000-0000-0000-0000002C9942}
T{00000000-0000-0000-0000-0000001D699A}
F{00000000-0000-0000-0000-00000009042B}
F{00000000-0000-0000-0000-0000001A871A}
F{00000000-0000-0000-0000-00000030D202}
F{00000000-0000-0000-0000-0000001C6A68}
F{00000000-0000-0000-0000-0000000840E9}
F{00000000-0000-0000-0000-0000002D162B}
F{00000000-0000-0000-0000-000000230FED}
F{00000000-0000-0000-0000-0000001249B2}
F{00000000-0000-0000-0000-000000113C06}
F{00000000-0000-0000-0000-0000002DCB69}
F{00000000-0000-0000-0000-000000273493}
F{00000000-0000-0000-0000-0000000EB2FC}
F{00000000-0000-0000-0000-0000001B4BD8}
F{00000000-0000-0000-0000-0000001187A9}
F{00000000-0000-0000-0000-000000165C7D}
F{00000000-0000-0000-0000-000000180E2E}
F{00000000-0000-0000-0000-0000001D30D6}
F{00000000-0000-0000-0000-000000263B6B}
F{00000000-0000-0000-0000-0000002B9ADC}
F{00000000-0000-0000-0000-00000029B017}
F{00000000-0000-0000-0000-0000000EB1FB}
T{00000000-0000-0000-0000-00000008CB54}
F{00000000-0000-0000-0000-000000192C47}
F{00000000-0000-0000-0000-00000015892F}
F{00000000-0000-0000-0000-0000001672E1}
F{00000000-0000-0000-0000-0000002CEF50}
F{00000000-0000-0000-0000-00000014652A}
F{00000000-0000-0000-0000-0000002B7C23}
F{00000000-0000-0000-0000-00000006193F}
F{00000000-0000-0000-0000-000000231277}
T{00000000-0000-0000-0000-000000083408}
F{00000000-0000-0000-0000-000000041E64}
F{00000000-0000-0000-0000-0000001C7E16}
F{00000000-0000-0000-0000-000000029DB2}
F{00000000-0000-0000-0000-00000031730E}
F{00000000-0000-0000-0000-000000007910}
F{00000000-0000-0000-0000-0000002FF8E1}
T{00000000-0000-0000-0000-00000006D342}
T{00000000-0000-0000-0000-00000009C51B}
T{00000000-0000-0000-0000-00000020A982}
T{00000000-0000-0000-0000-00000026597F}
T{00000000-0000-0000-0000-00000024E12A}
T{00000000-0000-0000-0000-00000000A5A9}
T{00000000-0000-0000-0000-00000024DA4C}
T{00000000-0000-0000-0000-00000031849E}
F{00000000-0000-0000-0000-00000024D328}
T{00000000-0000-0000-0000-00000030C0DD}
T{00000000-0000-0000-0000-0000002CE1B8}
T{00000000-0000-0000-0000-0000001E4CB1}
T{00000000-0000-0000-0000-000000339E52}
T{00000000-0000-0000-0000-0000000D860F}
T{00000000-0000-0000-0000-000000009735}
T{00000000-0000-0000-0000-000000089818}
T{00000000-0000-0000-0000-00000016CF3F}
T{00000000-0000-0000-0000-00000024C02B}
F{00000000-0000-0000-0000-00000031840C}
T{00000000-0000-0000-0000-000000023D58}
T{00000000-0000-0000-0000-000000335DC2}
T{00000000-0000-0000-0000-000000335DBD}
T{00000000-0000-0000-0000-00000023767B}
F{00000000-0000-0000-0000-00000006E673}
F{00000000-0000-0000-0000-00000024BF14}
F{00000000-0000-0000-0000-0000002596A5}
T{00000000-0000-0000-0000-0000000589A0}
T{00000000-0000-0000-0000-000000296A75}
T{00000000-0000-0000-0000-0000001003FD}
T{00000000-0000-0000-0000-00000000B6BA}
T{00000000-0000-0000-0000-000000304874}
T{00000000-0000-0000-0000-0000002D9CFD}
T{00000000-0000-0000-0000-000000072ADD}
T{00000000-0000-0000-0000-00000032E6F6}
F{00000000-0000-0000-0000-0000003334D3}
T{00000000-0000-0000-0000-000000320CA0}
T{00000000-0000-0000-0000-00000006FA7E}
T{00000000-0000-0000-0000-00000031433A}
T{00000000-0000-0000-0000-00000026C3A1}
T{00000000-0000-0000-0000-000000180941}
T{00000000-0000-0000-0000-00000022E1A7}
T{00000000-0000-0000-0000-00000032E859}
T{00000000-0000-0000-0000-000000331555}
T{00000000-0000-0000-0000-00000021D6AC}
T{00000000-0000-0000-0000-000000330CF3}
T{00000000-0000-0000-0000-000000044748}
T{00000000-0000-0000-0000-0000001153E3}
T{00000000-0000-0000-0000-0000003305B7}
T{00000000-0000-0000-0000-0000003302FC}
T{00000000-0000-0000-0000-0000000C1E73}
F{00000000-0000-0000-0000-0000001AEBA7}
F{00000000-0000-0000-0000-0000002D4F1C}
T{00000000-0000-0000-0000-000000289E91}
F{00000000-0000-0000-0000-0000000876F9}
T{00000000-0000-0000-0000-0000000DD911}
T{00000000-0000-0000-0000-000000010AAA}
T{00000000-0000-0000-0000-0000000BDB9E}
T{00000000-0000-0000-0000-0000000277F6}
T{00000000-0000-0000-0000-0000000ECF97}
F{00000000-0000-0000-0000-000000245B1C}
T{00000000-0000-0000-0000-000000042D20}
T{00000000-0000-0000-0000-00000011402E}
T{00000000-0000-0000-0000-0000001FBDD3}
T{00000000-0000-0000-0000-000000042023}
T{00000000-0000-0000-0000-000000006FB6}
T{00000000-0000-0000-0000-00000000C36A}
T{00000000-0000-0000-0000-0000000D2101}
T{00000000-0000-0000-0000-0000000B3CE8}
T{00000000-0000-0000-0000-000000131C90}
T{00000000-0000-0000-0000-000000005CDD}
T{00000000-0000-0000-0000-0000002D0993}
T{00000000-0000-0000-0000-0000002AC4EE}
F{00000000-0000-0000-0000-00000032B96F}
T{00000000-0000-0000-0000-000000005C5C}
T{00000000-0000-0000-0000-0000002D0022}
T{00000000-0000-0000-0000-000000223456}
T{00000000-0000-0000-0000-00000023E5B8}
T{00000000-0000-0000-0000-00000001EC85}
T{00000000-0000-0000-0000-0000000C1C18}
T{00000000-0000-0000-0000-0000002788AF}
T{00000000-0000-0000-0000-00000031AA57}
T{00000000-0000-0000-0000-0000001E617C}
T{00000000-0000-0000-0000-0000000DF350}
T{00000000-0000-0000-0000-00000000E507}
T{00000000-0000-0000-0000-000000005759}
T{00000000-0000-0000-0000-0000002EF799}
F{00000000-0000-0000-0000-00000026A490}
T{00000000-0000-0000-0000-00000000EC9E}
T{00000000-0000-0000-0000-0000000056FC}
T{00000000-0000-0000-0000-000000007934}
T{00000000-0000-0000-0000-0000000A6CD0}
T{00000000-0000-0000-0000-00000016BA6A}
T{00000000-0000-0000-0000-00000000513B}
F{00000000-0000-0000-0000-0000002216E6}
T{00000000-0000-0000-0000-00000006CE94}
T{00000000-0000-0000-0000-000000177BC0}
T{00000000-0000-0000-0000-0000000E55CB}
T{00000000-0000-0000-0000-00000032649C}
T{00000000-0000-0000-0000-00000032624F}
T{00000000-0000-0000-0000-00000007718A}
T{00000000-0000-0000-0000-0000001A6729}
T{00000000-0000-0000-0000-00000027FC21}
T{00000000-0000-0000-0000-000000198A61}
T{00000000-0000-0000-0000-00000027F64D}
T{00000000-0000-0000-0000-000000087E59}
T{00000000-0000-0000-0000-00000005C480}
T{00000000-0000-0000-0000-0000000667EE}
T{00000000-0000-0000-0000-000000049748}
T{00000000-0000-0000-0000-0000002DD7C9}
T{00000000-0000-0000-0000-000000323153}
F{00000000-0000-0000-0000-0000000A743F}
T{00000000-0000-0000-0000-00000004404D}
T{00000000-0000-0000-0000-0000002C8BEF}
T{00000000-0000-0000-0000-00000006E9D8}
T{00000000-0000-0000-0000-00000009EEF6}
T{00000000-0000-0000-0000-0000001EC473}
T{00000000-0000-0000-0000-000000321B4A}
T{00000000-0000-0000-0000-00000014A2CB}
T{00000000-0000-0000-0000-00000000E673}
T{00000000-0000-0000-0000-000000245EB4}
F{00000000-0000-0000-0000-000000220F56}
F{00000000-0000-0000-0000-0000002591DD}
T{00000000-0000-0000-0000-000000320CD6}
T{00000000-0000-0000-0000-0000000C1EF0}
F{00000000-0000-0000-0000-0000002C4EFE}
F{00000000-0000-0000-0000-0000002361B7}
T{00000000-0000-0000-0000-000000282B4D}
T{00000000-0000-0000-0000-0000000F4992}
T{00000000-0000-0000-0000-000000209B8E}
F{00000000-0000-0000-0000-00000008AA1A}
F{00000000-0000-0000-0000-000000219E6D}
F{00000000-0000-0000-0000-00000008C1DE}
T{00000000-0000-0000-0000-0000000D3BC0}
T{00000000-0000-0000-0000-00000024B25B}
T{00000000-0000-0000-0000-00000015C837}
F{00000000-0000-0000-0000-0000000F3587}
T{00000000-0000-0000-0000-0000003372DD}
T{00000000-0000-0000-0000-0000002C1301}
T{00000000-0000-0000-0000-00000031AEB2}
T{00000000-0000-0000-0000-0000001DB186}
T{00000000-0000-0000-0000-0000000F2076}
T{00000000-0000-0000-0000-00000005E440}
T{00000000-0000-0000-0000-000000316644}
T{00000000-0000-0000-0000-00000031640E}
F{00000000-0000-0000-0000-0000000FD49A}
T{00000000-0000-0000-0000-0000002751AF}
F{00000000-0000-0000-0000-00000013B91E}
T{00000000-0000-0000-0000-0000000F1109}
T{00000000-0000-0000-0000-00000032DB22}
T{00000000-0000-0000-0000-0000000F01B1}
T{00000000-0000-0000-0000-0000000D2E41}
T{00000000-0000-0000-0000-000000301C8E}
T{00000000-0000-0000-0000-000000269616}
T{00000000-0000-0000-0000-000000313A84}
T{00000000-0000-0000-0000-0000003137FA}
T{00000000-0000-0000-0000-0000000EF5E7}
T{00000000-0000-0000-0000-0000003134FD}
T{00000000-0000-0000-0000-000000093C0F}
T{00000000-0000-0000-0000-0000000C25D6}
T{00000000-0000-0000-0000-0000000CBC5A}
T{00000000-0000-0000-0000-0000000ED481}
T{00000000-0000-0000-0000-000000312624}
T{00000000-0000-0000-0000-0000002A893B}
F{00000000-0000-0000-0000-0000002BDF68}
T{00000000-0000-0000-0000-00000022F9B8}
T{00000000-0000-0000-0000-00000005EC6A}
T{00000000-0000-0000-0000-0000000DAA4F}
T{00000000-0000-0000-0000-00000020076D}
T{00000000-0000-0000-0000-000000311004}
T{00000000-0000-0000-0000-0000000D66A3}
T{00000000-0000-0000-0000-0000000C5B68}
F{00000000-0000-0000-0000-0000000C0A21}
F{00000000-0000-0000-0000-0000000BB9D4}
F{00000000-0000-0000-0000-0000000BBAE5}
F{00000000-0000-0000-0000-0000001379ED}
T{00000000-0000-0000-0000-00000030E9C9}
T{00000000-0000-0000-0000-000000096DFC}
F{00000000-0000-0000-0000-00000005EF6E}
F{00000000-0000-0000-0000-0000000BBBC1}
F{00000000-0000-0000-0000-0000001A891E}
F{00000000-0000-0000-0000-0000000970F1}
T{00000000-0000-0000-0000-0000000BAC45}
F{00000000-0000-0000-0000-000000111E00}
T{00000000-0000-0000-0000-000000097699}
T{00000000-0000-0000-0000-00000029E7C7}
F{00000000-0000-0000-0000-0000002167C1}
T{00000000-0000-0000-0000-00000030BCBF}
F{00000000-0000-0000-0000-00000029C08B}
T{00000000-0000-0000-0000-000000098DB8}
T{00000000-0000-0000-0000-00000032746C}
T{00000000-0000-0000-0000-0000002485D0}
T{00000000-0000-0000-0000-00000007BDF6}
T{00000000-0000-0000-0000-0000002BB1FE}
T{00000000-0000-0000-0000-00000009964D}
T{00000000-0000-0000-0000-000000308665}
F{00000000-0000-0000-0000-00000009A044}
T{00000000-0000-0000-0000-000000211054}
T{00000000-0000-0000-0000-000000306463}
T{00000000-0000-0000-0000-0000000CEE35}
T{00000000-0000-0000-0000-00000005F722}
T{00000000-0000-0000-0000-00000009A733}
T{00000000-0000-0000-0000-0000001BFE67}
T{00000000-0000-0000-0000-00000009B3FA}
T{00000000-0000-0000-0000-0000000E7808}
T{00000000-0000-0000-0000-00000005F78E}
T{00000000-0000-0000-0000-00000009BBA0}
T{00000000-0000-0000-0000-00000009BE27}
T{00000000-0000-0000-0000-0000000D2613}
T{00000000-0000-0000-0000-000000308473}
T{00000000-0000-0000-0000-0000003017AE}
T{00000000-0000-0000-0000-00000030B4B6}
T{00000000-0000-0000-0000-00000011608D}
T{00000000-0000-0000-0000-000000107092}
T{00000000-0000-0000-0000-0000002FE8E0}
F{00000000-0000-0000-0000-000000177B49}
F{00000000-0000-0000-0000-0000000C29E6}
T{00000000-0000-0000-0000-00000026BCC4}
T{00000000-0000-0000-0000-0000000817F6}
T{00000000-0000-0000-0000-000000222C51}
T{00000000-0000-0000-0000-00000009D454}
T{00000000-0000-0000-0000-0000002FCCCD}
T{00000000-0000-0000-0000-000000060586}
T{00000000-0000-0000-0000-0000002AA866}
T{00000000-0000-0000-0000-0000000CE9C4}
T{00000000-0000-0000-0000-0000001BE854}
T{00000000-0000-0000-0000-000000271B02}
F{00000000-0000-0000-0000-000000171CAA}
T{00000000-0000-0000-0000-0000002FB05B}
T{00000000-0000-0000-0000-0000001F3390}
T{00000000-0000-0000-0000-0000000E8860}
T{00000000-0000-0000-0000-0000002F9AF9}
T{00000000-0000-0000-0000-00000020413D}
T{00000000-0000-0000-0000-0000002F9A20}
T{00000000-0000-0000-0000-0000000C9126}
T{00000000-0000-0000-0000-0000001D1E66}
T{00000000-0000-0000-0000-0000002F83F5}
T{00000000-0000-0000-0000-000000153FDF}
T{00000000-0000-0000-0000-000000060D38}
T{00000000-0000-0000-0000-000000100F68}
F{00000000-0000-0000-0000-00000005250C}
F{00000000-0000-0000-0000-00000016979A}
F{00000000-0000-0000-0000-0000000E6E55}
T{00000000-0000-0000-0000-0000000CC879}
T{00000000-0000-0000-0000-000000230376}
T{00000000-0000-0000-0000-000000118960}
T{00000000-0000-0000-0000-000000130738}
T{00000000-0000-0000-0000-0000000E4A01}
T{00000000-0000-0000-0000-0000000618DF}
T{00000000-0000-0000-0000-0000002F5813}
T{00000000-0000-0000-0000-000000053322}
T{00000000-0000-0000-0000-00000032E508}
T{00000000-0000-0000-0000-00000031D4E2}
F{00000000-0000-0000-0000-0000001DE733}
T{00000000-0000-0000-0000-00000030C362}
T{00000000-0000-0000-0000-00000010CCD9}
T{00000000-0000-0000-0000-0000000A0871}
T{00000000-0000-0000-0000-0000000F5AF9}
T{00000000-0000-0000-0000-00000014A365}
F{00000000-0000-0000-0000-0000000A5792}
F{00000000-0000-0000-0000-000000148332}
F{00000000-0000-0000-0000-0000002A9CF7}
F{00000000-0000-0000-0000-0000000A9334}
F{00000000-0000-0000-0000-000000137696}
F{00000000-0000-0000-0000-0000001369DE}
F{00000000-0000-0000-0000-0000001297F9}
F{00000000-0000-0000-0000-000000077309}
F{00000000-0000-0000-0000-0000000AB664}
T{00000000-0000-0000-0000-000000135494}
T{00000000-0000-0000-0000-00000006343F}
F{00000000-0000-0000-0000-0000001FD913}
T{00000000-0000-0000-0000-00000021B769}
T{00000000-0000-0000-0000-0000002EF826}
T{00000000-0000-0000-0000-0000002B9C7A}
F{00000000-0000-0000-0000-0000002A93E5}
T{00000000-0000-0000-0000-0000002EE799}
F{00000000-0000-0000-0000-000000132504}
T{00000000-0000-0000-0000-000000126939}
F{00000000-0000-0000-0000-000000063A84}
F{00000000-0000-0000-0000-000000125A54}
T{00000000-0000-0000-0000-000000123030}
F{00000000-0000-0000-0000-0000000B07ED}
T{00000000-0000-0000-0000-0000002ED048}
T{00000000-0000-0000-0000-000000121E50}
T{00000000-0000-0000-0000-0000000E15DD}
F{00000000-0000-0000-0000-0000002B60AE}
T{00000000-0000-0000-0000-0000000EBF05}
T{00000000-0000-0000-0000-000000114493}
T{00000000-0000-0000-0000-000000138E8B}
F{00000000-0000-0000-0000-0000000DDD88}
F{00000000-0000-0000-0000-00000025E580}
F{00000000-0000-0000-0000-00000011A66A}
F{00000000-0000-0000-0000-000000299934}
F{00000000-0000-0000-0000-00000013C356}
T{00000000-0000-0000-0000-0000000929D8}
F{00000000-0000-0000-0000-0000000358BE}
F{00000000-0000-0000-0000-000000106A2C}
T{00000000-0000-0000-0000-0000002EB24D}
F{00000000-0000-0000-0000-0000002ADB4F}
F{00000000-0000-0000-0000-0000002FEC1E}
F{00000000-0000-0000-0000-0000000F4FE6}
F{00000000-0000-0000-0000-00000009D428}
T{00000000-0000-0000-0000-000000301E2B}
F{00000000-0000-0000-0000-000000022B3B}
F{00000000-0000-0000-0000-000000020F85}
F{00000000-0000-0000-0000-000000222774}
T{00000000-0000-0000-0000-0000002E9416}
F{00000000-0000-0000-0000-0000000AE099}
T{00000000-0000-0000-0000-0000001491E0}
T{00000000-0000-0000-0000-00000006C895}
T{00000000-0000-0000-0000-000000021EB8}
T{00000000-0000-0000-0000-0000001F3681}
T{00000000-0000-0000-0000-0000000CEF83}
T{00000000-0000-0000-0000-0000000F169B}
T{00000000-0000-0000-0000-0000002E6EC8}
T{00000000-0000-0000-0000-0000002E6EA3}
F{00000000-0000-0000-0000-000000012582}
F{00000000-0000-0000-0000-000000062238}
F{00000000-0000-0000-0000-0000002C418E}
T{00000000-0000-0000-0000-0000000101CA}
T{00000000-0000-0000-0000-0000000F4599}
T{00000000-0000-0000-0000-00000025FF03}
T{00000000-0000-0000-0000-0000002E4C9E}
T{00000000-0000-0000-0000-0000000BABDA}
F{00000000-0000-0000-0000-000000030FAE}
T{00000000-0000-0000-0000-00000000E734}
T{00000000-0000-0000-0000-00000000DB3C}
T{00000000-0000-0000-0000-00000025482D}
T{00000000-0000-0000-0000-0000000619EB}
T{00000000-0000-0000-0000-0000000D8BEA}
T{00000000-0000-0000-0000-00000006CB6D}
F{00000000-0000-0000-0000-0000000BBAF7}
T{00000000-0000-0000-0000-0000000BDAE1}
T{00000000-0000-0000-0000-00000007C603}
T{00000000-0000-0000-0000-00000000A78C}
T{00000000-0000-0000-0000-00000030D483}
T{00000000-0000-0000-0000-00000031E96F}
T{00000000-0000-0000-0000-0000000F705B}
T{00000000-0000-0000-0000-00000031DCC0}
T{00000000-0000-0000-0000-0000000C225D}
T{00000000-0000-0000-0000-00000031DB1D}
T{00000000-0000-0000-0000-00000031B1F2}
T{00000000-0000-0000-0000-00000007FC83}
T{00000000-0000-0000-0000-000000317998}
T{00000000-0000-0000-0000-000000321A59}
T{00000000-0000-0000-0000-00000031572B}
T{00000000-0000-0000-0000-0000003156F8}
T{00000000-0000-0000-0000-000000314BB4}
T{00000000-0000-0000-0000-000000314A39}
T{00000000-0000-0000-0000-000000314A2B}
T{00000000-0000-0000-0000-0000003149A8}
T{00000000-0000-0000-0000-0000003148A3}
T{00000000-0000-0000-0000-0000003142C0}
T{00000000-0000-0000-0000-000000070FFB}
T{00000000-0000-0000-0000-000000313C16}
T{00000000-0000-0000-0000-0000003137D0}
T{00000000-0000-0000-0000-0000001C666C}
T{00000000-0000-0000-0000-00000031312C}
T{00000000-0000-0000-0000-00000004864B}
T{00000000-0000-0000-0000-00000007E95A}
F{00000000-0000-0000-0000-0000000CF2D0}
T{00000000-0000-0000-0000-0000003130EC}
T{00000000-0000-0000-0000-0000003126C8}
T{00000000-0000-0000-0000-000000048B95}
T{00000000-0000-0000-0000-0000000515FA}
T{00000000-0000-0000-0000-0000002E41D2}
T{00000000-0000-0000-0000-00000031211F}
T{00000000-0000-0000-0000-0000003113B2}
T{00000000-0000-0000-0000-000000330894}
T{00000000-0000-0000-0000-000000311155}
T{00000000-0000-0000-0000-0000003110A0}
T{00000000-0000-0000-0000-000000048DD6}
T{00000000-0000-0000-0000-0000002DD42D}
T{00000000-0000-0000-0000-000000265D9E}
T{00000000-0000-0000-0000-000000310C14}
T{00000000-0000-0000-0000-00000009D671}
T{00000000-0000-0000-0000-00000031078D}
T{00000000-0000-0000-0000-0000003106ED}
T{00000000-0000-0000-0000-00000032F8DF}
T{00000000-0000-0000-0000-00000032F8C0}
T{00000000-0000-0000-0000-0000002C7BFD}
