T{00000000-0000-0000-0000-0000002B054E}
T{00000000-0000-0000-0000-00000012AF34}
F{00000000-0000-0000-0000-00000032B96F}
F{00000000-0000-0000-0000-0000002ADB4F}
T{00000000-0000-0000-0000-0000000F4FE6}
T{00000000-0000-0000-0000-000000271353}
F{00000000-0000-0000-0000-000000041E64}
T{00000000-0000-0000-0000-00000013BA26}
T{00000000-0000-0000-0000-0000002CDFC9}
F{00000000-0000-0000-0000-00000032A5BB}
F{00000000-0000-0000-0000-0000000F9C6B}
T{00000000-0000-0000-0000-0000000AE577}
T{00000000-0000-0000-0000-00000016BEDB}
F{00000000-0000-0000-0000-0000002C4EFE}
T{00000000-0000-0000-0000-000000053E0D}
F{00000000-0000-0000-0000-0000001672E1}
F{00000000-0000-0000-0000-000000223CFB}
F{00000000-0000-0000-0000-0000002FEC1E}
T{00000000-0000-0000-0000-000000230FED}
T{00000000-0000-0000-0000-00000016EF7B}
F{00000000-0000-0000-0000-00000031730E}
F{00000000-0000-0000-0000-0000000B1E17}
F{00000000-0000-0000-0000-000000062238}
F{00000000-0000-0000-0000-000000132C5C}
T{00000000-0000-0000-0000-000000289DEC}
F{00000000-0000-0000-0000-000000245F5D}
F{00000000-0000-0000-0000-0000000C29E6}
F{00000000-0000-0000-0000-0000002591DD}
T{00000000-0000-0000-0000-000000053A0F}
F{00000000-0000-0000-0000-000000227154}
F{00000000-0000-0000-0000-0000002591DD}
F{00000000-0000-0000-0000-0000001379ED}
F{00000000-0000-0000-0000-000000270E01}
F{00000000-0000-0000-0000-000000103C79}
T{00000000-0000-0000-0000-0000002F9487}
F{00000000-0000-0000-0000-0000002B60AE}
F{00000000-0000-0000-0000-00000024DE3A}
F{00000000-0000-0000-0000-0000000ADB6D}
F{00000000-0000-0000-0000-000000146C13}
F{00000000-0000-0000-0000-00000005250C}
F{00000000-0000-0000-0000-00000014B44C}
F{00000000-0000-0000-0000-000000088CF0}
F{00000000-0000-0000-0000-000000028B7A}
F{00000000-0000-0000-0000-000000197C0B}
T{00000000-0000-0000-0000-00000003E599}
T{00000000-0000-0000-0000-00000014AEB7}
T{00000000-0000-0000-0000-000000295694}
F{00000000-0000-0000-0000-0000001672E1}
T{00000000-0000-0000-0000-0000001E7066}
F{00000000-0000-0000-0000-00000014652A}
T{00000000-0000-0000-0000-0000002AD1C2}
F{00000000-0000-0000-0000-000000020F85}
T{00000000-0000-0000-0000-0000002B054E}
F{00000000-0000-0000-0000-000000245B1C}
T{00000000-0000-0000-0000-0000002179E5}
F{00000000-0000-0000-0000-0000000A5B30}
T{00000000-0000-0000-0000-000000144245}
F{00000000-0000-0000-0000-0000002728DA}
T{00000000-0000-0000-0000-0000001AEBA7}
T{00000000-0000-0000-0000-00000015892F}
F{00000000-0000-0000-0000-00000024D328}
F{00000000-0000-0000-0000-0000001E3995}
F{00000000-0000-0000-0000-00000022178C}
T{00000000-0000-0000-0000-0000002690A8}
F{00000000-0000-0000-0000-000000263D12}
T{00000000-0000-0000-0000-0000000EB2FC}
F{00000000-0000-0000-0000-0000000D9F5F}
F{00000000-0000-0000-0000-000000270DC9}
F{00000000-0000-0000-0000-0000002FE035}
T{00000000-0000-0000-0000-000000263D12}
F{00000000-0000-0000-0000-00000006E673}
F{00000000-0000-0000-0000-00000010215D}
F{00000000-0000-0000-0000-000000062238}
F{00000000-0000-0000-0000-0000002CACBC}
T{00000000-0000-0000-0000-00000009C55D}
F{00000000-0000-0000-0000-00000009BCC6}
T{00000000-0000-0000-0000-0000000BBAF7}
T{00000000-0000-0000-0000-00000009C55D}
F{00000000-0000-0000-0000-0000002CEF50}
F{00000000-0000-0000-0000-0000000FBE71}
F{00000000-0000-0000-0000-0000001B4BD8}
F{00000000-0000-0000-0000-00000025B204}
F{00000000-0000-0000-0000-0000000EFCB1}
F{00000000-0000-0000-0000-00000001C42B}
T{00000000-0000-0000-0000-00000026A490}
F{00000000-0000-0000-0000-000000220F56}
F{00000000-0000-0000-0000-000000132C5C}
F{00000000-0000-0000-0000-00000024D4B0}
T{00000000-0000-0000-0000-000000261C32}
F{00000000-0000-0000-0000-0000000F3587}
T{00000000-0000-0000-0000-0000000F9C6B}
F{00000000-0000-0000-0000-000000060817}
F{00000000-0000-0000-0000-0000000EC5C1}
F{00000000-0000-0000-0000-000000077309}
F{00000000-0000-0000-0000-0000001249B2}
F{00000000-0000-0000-0000-000000148332}
F{00000000-0000-0000-0000-0000002B0555}
F{00000000-0000-0000-0000-0000000876F9}
T{00000000-0000-0000-0000-0000001D3CD0}
T{00000000-0000-0000-0000-0000001E3995}
F{00000000-0000-0000-0000-0000002FE035}
F{00000000-0000-0000-0000-000000218CCC}
T{00000000-0000-0000-0000-00000024CD16}
T{00000000-0000-0000-0000-000000022B3B}
F{00000000-0000-0000-0000-000000146BB2}
F{00000000-0000-0000-0000-00000032FBFC}
F{00000000-0000-0000-0000-0000001FD913}
F{00000000-0000-0000-0000-0000002D71D6}
F{00000000-0000-0000-0000-000000290793}
F{00000000-0000-0000-0000-0000002843CE}
F{00000000-0000-0000-0000-0000002BFFD7}
T{00000000-0000-0000-0000-000000113245}
T{00000000-0000-0000-0000-00000019EC18}
T{00000000-0000-0000-0000-0000001464E5}
F{00000000-0000-0000-0000-000000289795}
F{00000000-0000-0000-0000-000000245F5D}
T{00000000-0000-0000-0000-000000218CCC}
F{00000000-0000-0000-0000-0000002789C7}
F{00000000-0000-0000-0000-000000106300}
T{00000000-0000-0000-0000-000000011C79}
F{00000000-0000-0000-0000-0000000A9334}
F{00000000-0000-0000-0000-00000033629C}
T{00000000-0000-0000-0000-000000197C0B}
T{00000000-0000-0000-0000-0000001249B2}
F{00000000-0000-0000-0000-000000063A84}
F{00000000-0000-0000-0000-0000001A891E}
F{00000000-0000-0000-0000-00000009BAD7}
F{00000000-0000-0000-0000-0000000B0D42}
F{00000000-0000-0000-0000-0000002167C1}
F{00000000-0000-0000-0000-00000031840C}
F{00000000-0000-0000-0000-000000180A8A}
F{00000000-0000-0000-0000-000000020F85}
F{00000000-0000-0000-0000-00000011A66A}
T{00000000-0000-0000-0000-0000002E564A}
F{00000000-0000-0000-0000-0000002EFB03}
F{00000000-0000-0000-0000-00000026F01D}
F{00000000-0000-0000-0000-000000062238}
F{00000000-0000-0000-0000-0000000DDD88}
F{00000000-0000-0000-0000-0000002B8F8A}
T{00000000-0000-0000-0000-000000132C5C}
F{00000000-0000-0000-0000-0000000A8C33}
F{00000000-0000-0000-0000-00000014BCF0}
F{00000000-0000-0000-0000-0000000F84E7}
F{00000000-0000-0000-0000-0000000ADCC9}
F{00000000-0000-0000-0000-0000000DF706}
F{00000000-0000-0000-0000-0000000EC5C1}
T{00000000-0000-0000-0000-0000000C0AE0}
F{00000000-0000-0000-0000-0000000EB1FB}
F{00000000-0000-0000-0000-0000001FFDD7}
F{00000000-0000-0000-0000-0000000C0A21}
F{00000000-0000-0000-0000-0000001AF5B8}
T{00000000-0000-0000-0000-0000002179E5}
T{00000000-0000-0000-0000-00000000D3F0}
T{00000000-0000-0000-0000-0000001A72D1}
T{00000000-0000-0000-0000-00000032A8DB}
F{00000000-0000-0000-0000-000000273493}
T{00000000-0000-0000-0000-000000106300}
T{00000000-0000-0000-0000-0000001FB295}
F{00000000-0000-0000-0000-0000000F70F3}
F{00000000-0000-0000-0000-00000013794F}
F{00000000-0000-0000-0000-0000000D199E}
F{00000000-0000-0000-0000-000000098996}
F{00000000-0000-0000-0000-00000009BAD7}
T{00000000-0000-0000-0000-00000013BFCB}
F{00000000-0000-0000-0000-00000009BCBD}
T{00000000-0000-0000-0000-0000002FE035}
T{00000000-0000-0000-0000-000000289DEC}
F{00000000-0000-0000-0000-00000026A8E2}
F{00000000-0000-0000-0000-00000011D6C2}
F{00000000-0000-0000-0000-0000002EE24C}
T{00000000-0000-0000-0000-00000022F0AA}
F{00000000-0000-0000-0000-0000000AE099}
T{00000000-0000-0000-0000-000000011C79}
T{00000000-0000-0000-0000-000000200CE4}
F{00000000-0000-0000-0000-0000000A5792}
T{00000000-0000-0000-0000-0000000BBAF7}
F{00000000-0000-0000-0000-00000009D2DB}
F{00000000-0000-0000-0000-0000001A5588}
F{00000000-0000-0000-0000-000000192C47}
T{00000000-0000-0000-0000-000000299934}
F{00000000-0000-0000-0000-0000000C5D03}
F{00000000-0000-0000-0000-0000000A7716}
F{00000000-0000-0000-0000-0000000BBAE5}
F{00000000-0000-0000-0000-000000060468}
F{00000000-0000-0000-0000-0000002C418E}
F{00000000-0000-0000-0000-000000251E83}
F{00000000-0000-0000-0000-00000029CB1D}
F{00000000-0000-0000-0000-0000001464E5}
F{00000000-0000-0000-0000-0000002FA47F}
T{00000000-0000-0000-0000-0000002789C7}
F{00000000-0000-0000-0000-000000263C74}
F{00000000-0000-0000-0000-000000111E00}
F{00000000-0000-0000-0000-0000000DA5C4}
T{00000000-0000-0000-0000-00000006E673}
T{00000000-0000-0000-0000-000000271353}
F{00000000-0000-0000-0000-000000099302}
T{00000000-0000-0000-0000-0000001594FA}
F{00000000-0000-0000-0000-0000002C9942}
T{00000000-0000-0000-0000-0000000AFBED}
F{00000000-0000-0000-0000-0000001369DE}
F{00000000-0000-0000-0000-00000014AC98}
T{00000000-0000-0000-0000-0000001D3CD0}
T{00000000-0000-0000-0000-0000001E7066}
F{00000000-0000-0000-0000-0000000C0A21}
T{00000000-0000-0000-0000-000000192C47}
F{00000000-0000-0000-0000-000000152F96}
T{00000000-0000-0000-0000-00000027068E}
F{00000000-0000-0000-0000-0000001379ED}
T{00000000-0000-0000-0000-000000251E83}
T{00000000-0000-0000-0000-000000319987}
F{00000000-0000-0000-0000-0000000BDF18}
F{00000000-0000-0000-0000-0000001672E1}
F{00000000-0000-0000-0000-000000138B76}
F{00000000-0000-0000-0000-00000016979A}
T{00000000-0000-0000-0000-0000000CA970}
T{00000000-0000-0000-0000-0000002AAA36}
F{00000000-0000-0000-0000-00000029C08B}
F{00000000-0000-0000-0000-0000000EE00F}
T{00000000-0000-0000-0000-0000002AD2A1}
F{00000000-0000-0000-0000-000000222774}
T{00000000-0000-0000-0000-0000000A3D45}
F{00000000-0000-0000-0000-00000014BCF0}
F{00000000-0000-0000-0000-00000007C25E}
T{00000000-0000-0000-0000-00000006E673}
T{00000000-0000-0000-0000-00000009C55D}
F{00000000-0000-0000-0000-0000000C29E6}
F{00000000-0000-0000-0000-0000002D162B}
T{00000000-0000-0000-0000-000000039287}
T{00000000-0000-0000-0000-0000000AFBED}
F{00000000-0000-0000-0000-000000012582}
F{00000000-0000-0000-0000-000000267D6D}
F{00000000-0000-0000-0000-0000001322C6}
F{00000000-0000-0000-0000-000000148332}
F{00000000-0000-0000-0000-0000002B9CA9}
F{00000000-0000-0000-0000-0000001DCCD0}
F{00000000-0000-0000-0000-0000002F16BE}
F{00000000-0000-0000-0000-000000007910}
F{00000000-0000-0000-0000-00000005250C}
T{00000000-0000-0000-0000-000000011C79}
