T{00000000-0000-0000-0000-0000000A743F}
T{00000000-0000-0000-0000-00000027D4C7}
T{00000000-0000-0000-0000-00000029CB1D}
T{00000000-0000-0000-0000-0000000CB9EE}
T{00000000-0000-0000-0000-0000002B054E}
T{00000000-0000-0000-0000-000000243F1C}
T{00000000-0000-0000-0000-0000002D4147}
T{00000000-0000-0000-0000-0000001A8886}
F{00000000-0000-0000-0000-00000022178C}
T{00000000-0000-0000-0000-0000000A5B30}
T{00000000-0000-0000-0000-00000024DE3A}
F{00000000-0000-0000-0000-0000002819B0}
F{00000000-0000-0000-0000-0000001021AA}
F{00000000-0000-0000-0000-000000222774}
T{00000000-0000-0000-0000-0000000ADB6D}
T{00000000-0000-0000-0000-000000242E7A}
T{00000000-0000-0000-0000-0000000BC199}
F{00000000-0000-0000-0000-0000002651AC}
F{00000000-0000-0000-0000-00000010215D}
F{00000000-0000-0000-0000-0000002C9942}
F{00000000-0000-0000-0000-0000000BD989}
T{00000000-0000-0000-0000-00000024D4B0}
F{00000000-0000-0000-0000-000000320A01}
F{00000000-0000-0000-0000-00000019EB21}
F{00000000-0000-0000-0000-00000032B96F}
F{00000000-0000-0000-0000-000000263D12}
F{00000000-0000-0000-0000-0000002C78DE}
T{00000000-0000-0000-0000-0000000FCF04}
F{00000000-0000-0000-0000-000000222774}
F{00000000-0000-0000-0000-0000002EE25C}
T{00000000-0000-0000-0000-0000000D16FA}
F{00000000-0000-0000-0000-0000002B60AE}
F{00000000-0000-0000-0000-00000025B204}
F{00000000-0000-0000-0000-0000000E6E55}
T{00000000-0000-0000-0000-000000219E6D}
T{00000000-0000-0000-0000-00000032BB6B}
F{00000000-0000-0000-0000-00000009D2DB}
F{00000000-0000-0000-0000-00000011A66A}
F{00000000-0000-0000-0000-00000020CF55}
F{00000000-0000-0000-0000-0000000FC3AA}
T{00000000-0000-0000-0000-00000026A490}
T{00000000-0000-0000-0000-000000192C47}
F{00000000-0000-0000-0000-0000002C6187}
F{00000000-0000-0000-0000-0000000E6E55}
T{00000000-0000-0000-0000-000000230FED}
T{00000000-0000-0000-0000-00000009BCC6}
F{00000000-0000-0000-0000-0000002D4F1C}
T{00000000-0000-0000-0000-000000223CFB}
F{00000000-0000-0000-0000-000000227154}
F{00000000-0000-0000-0000-0000000B1E17}
T{00000000-0000-0000-0000-000000243F1C}
F{00000000-0000-0000-0000-00000025D7DD}
F{00000000-0000-0000-0000-00000009D2DB}
T{00000000-0000-0000-0000-00000006524D}
T{00000000-0000-0000-0000-0000000EB1C4}
T{00000000-0000-0000-0000-0000001B4BD8}
T{00000000-0000-0000-0000-0000000ADCC9}
F{00000000-0000-0000-0000-000000132504}
T{00000000-0000-0000-0000-0000000840E9}
T{00000000-0000-0000-0000-00000009BCBD}
F{00000000-0000-0000-0000-000000303C41}
F{00000000-0000-0000-0000-000000304116}
T{00000000-0000-0000-0000-0000002C6D1C}
F{00000000-0000-0000-0000-000000324745}
T{00000000-0000-0000-0000-0000000A9334}
T{00000000-0000-0000-0000-0000001672E1}
F{00000000-0000-0000-0000-00000031730E}
F{00000000-0000-0000-0000-0000000C29E6}
T{00000000-0000-0000-0000-0000001E3995}
T{00000000-0000-0000-0000-00000016EE88}
T{00000000-0000-0000-0000-0000001379ED}
F{00000000-0000-0000-0000-00000011FA5C}
T{00000000-0000-0000-0000-0000000D16FA}
T{00000000-0000-0000-0000-0000001464E5}
T{00000000-0000-0000-0000-0000002F6B7B}
T{00000000-0000-0000-0000-0000002CEF50}
T{00000000-0000-0000-0000-0000000BD989}
T{00000000-0000-0000-0000-0000002B5FB9}
F{00000000-0000-0000-0000-0000000FD49A}
F{00000000-0000-0000-0000-000000125A54}
T{00000000-0000-0000-0000-0000002167C1}
T{00000000-0000-0000-0000-00000014652A}
F{00000000-0000-0000-0000-00000028980F}
F{00000000-0000-0000-0000-0000001322C6}
T{00000000-0000-0000-0000-00000020554E}
F{00000000-0000-0000-0000-0000002DA425}
F{00000000-0000-0000-0000-00000003496E}
F{00000000-0000-0000-0000-0000002A0033}
F{00000000-0000-0000-0000-000000110D6E}
F{00000000-0000-0000-0000-0000000BB9D4}
F{00000000-0000-0000-0000-0000002651AC}
F{00000000-0000-0000-0000-0000000BCE16}
T{00000000-0000-0000-0000-0000001379ED}
T{00000000-0000-0000-0000-00000032A5BB}
F{00000000-0000-0000-0000-000000335CAB}
T{00000000-0000-0000-0000-000000122D0D}
T{00000000-0000-0000-0000-000000269527}
T{00000000-0000-0000-0000-0000000A3D45}
F{00000000-0000-0000-0000-00000032BB6B}
T{00000000-0000-0000-0000-0000002D4012}
F{00000000-0000-0000-0000-0000002CD9CB}
F{00000000-0000-0000-0000-000000180A8A}
F{00000000-0000-0000-0000-000000263D12}
T{00000000-0000-0000-0000-00000008C1DE}
T{00000000-0000-0000-0000-000000290793}
F{00000000-0000-0000-0000-00000033629C}
T{00000000-0000-0000-0000-0000002690A8}
T{00000000-0000-0000-0000-0000000840E9}
F{00000000-0000-0000-0000-000000245F5D}
T{00000000-0000-0000-0000-0000002FA47F}
T{00000000-0000-0000-0000-0000001C6A68}
F{00000000-0000-0000-0000-000000303C41}
F{00000000-0000-0000-0000-000000267BC2}
T{00000000-0000-0000-0000-0000000DDD88}
F{00000000-0000-0000-0000-000000263D12}
T{00000000-0000-0000-0000-00000016BEDB}
T{00000000-0000-0000-0000-0000000D3A09}
T{00000000-0000-0000-0000-00000026F31D}
T{00000000-0000-0000-0000-0000001B4BD8}
T{00000000-0000-0000-0000-000000111E00}
T{00000000-0000-0000-0000-00000032A5BB}
F{00000000-0000-0000-0000-00000033629C}
F{00000000-0000-0000-0000-0000002CD9CB}
F{00000000-0000-0000-0000-0000002B20EF}
F{00000000-0000-0000-0000-000000220F56}
T{00000000-0000-0000-0000-000000180E2E}
F{00000000-0000-0000-0000-00000024D561}
F{00000000-0000-0000-0000-00000011FA5C}
T{00000000-0000-0000-0000-0000002F6B7B}
T{00000000-0000-0000-0000-0000002D47FB}
F{00000000-0000-0000-0000-0000000FD49A}
T{00000000-0000-0000-0000-0000002AAA36}
T{00000000-0000-0000-0000-00000014652A}
T{00000000-0000-0000-0000-00000022664D}
F{00000000-0000-0000-0000-00000024D4B0}
F{00000000-0000-0000-0000-0000002CDE1F}
T{00000000-0000-0000-0000-00000014AEB7}
T{00000000-0000-0000-0000-0000002ACE76}
F{00000000-0000-0000-0000-00000014BCF0}
T{00000000-0000-0000-0000-0000001AEBA7}
T{00000000-0000-0000-0000-0000000A9334}
F{00000000-0000-0000-0000-0000000B07ED}
T{00000000-0000-0000-0000-000000077309}
T{00000000-0000-0000-0000-0000000A5B30}
F{00000000-0000-0000-0000-000000222774}
T{00000000-0000-0000-0000-0000001DCCD0}
F{00000000-0000-0000-0000-0000002A93E5}
F{00000000-0000-0000-0000-0000000BCE16}
F{00000000-0000-0000-0000-0000000BCE16}
F{00000000-0000-0000-0000-00000011A66A}
F{00000000-0000-0000-0000-0000002651AC}
T{00000000-0000-0000-0000-000000125A54}
F{00000000-0000-0000-0000-000000110D6E}
T{00000000-0000-0000-0000-00000015BF2E}
F{00000000-0000-0000-0000-000000152F96}
F{00000000-0000-0000-0000-0000001021AA}
F{00000000-0000-0000-0000-000000289ED3}
T{00000000-0000-0000-0000-00000026C360}
F{00000000-0000-0000-0000-00000014B44C}
T{00000000-0000-0000-0000-00000020554E}
T{00000000-0000-0000-0000-0000001464E5}
T{00000000-0000-0000-0000-000000263D12}
F{00000000-0000-0000-0000-000000270DC9}
F{00000000-0000-0000-0000-0000001187A9}
T{00000000-0000-0000-0000-00000016EE88}
F{00000000-0000-0000-0000-000000169CBC}
F{00000000-0000-0000-0000-0000000FD49A}
T{00000000-0000-0000-0000-000000263D12}
F{00000000-0000-0000-0000-0000000BB9D4}
T{00000000-0000-0000-0000-000000269527}
T{00000000-0000-0000-0000-00000009BAD7}
