T{00000000-0000-0000-0000-00000028813D}
T{00000000-0000-0000-0000-0000002728DA}
T{00000000-0000-0000-0000-0000000CF2D0}
T{00000000-0000-0000-0000-000000148332}
T{00000000-0000-0000-0000-000000324F3F}
T{00000000-0000-0000-0000-000000007910}
F{00000000-0000-0000-0000-00000025D7DD}
F{00000000-0000-0000-0000-000000171CAA}
F{00000000-0000-0000-0000-00000011B6E2}
T{00000000-0000-0000-0000-0000001D3CD0}
F{00000000-0000-0000-0000-0000000876F9}
T{00000000-0000-0000-0000-000000132504}
T{00000000-0000-0000-0000-0000000DF706}
F{00000000-0000-0000-0000-0000002DC9A5}
F{00000000-0000-0000-0000-0000002CD6C8}
F{00000000-0000-0000-0000-00000014BCF0}
F{00000000-0000-0000-0000-0000002FA3FA}
T{00000000-0000-0000-0000-00000028813D}
T{00000000-0000-0000-0000-0000002CACBC}
F{00000000-0000-0000-0000-000000169CBC}
T{00000000-0000-0000-0000-000000146BB2}
F{00000000-0000-0000-0000-0000002B60AE}
F{00000000-0000-0000-0000-00000009D63B}
T{00000000-0000-0000-0000-00000030694D}
F{00000000-0000-0000-0000-00000005250C}
T{00000000-0000-0000-0000-0000000CF2D0}
F{00000000-0000-0000-0000-00000011A66A}
T{00000000-0000-0000-0000-0000001672E1}
F{00000000-0000-0000-0000-0000002BDEA2}
T{00000000-0000-0000-0000-0000001A5588}
T{00000000-0000-0000-0000-0000001672E1}
T{00000000-0000-0000-0000-000000336361}
T{00000000-0000-0000-0000-000000324F3F}
T{00000000-0000-0000-0000-000000099D5D}
T{00000000-0000-0000-0000-00000010215D}
T{00000000-0000-0000-0000-0000001D3CD0}
F{00000000-0000-0000-0000-00000009D428}
T{00000000-0000-0000-0000-0000002C532B}
T{00000000-0000-0000-0000-00000022236F}
T{00000000-0000-0000-0000-000000128932}
T{00000000-0000-0000-0000-0000000A743F}
T{00000000-0000-0000-0000-000000219EFE}
T{00000000-0000-0000-0000-0000003362C8}
T{00000000-0000-0000-0000-000000180A8A}
F{00000000-0000-0000-0000-0000002B9ADC}
T{00000000-0000-0000-0000-00000021868E}
T{00000000-0000-0000-0000-000000289795}
F{00000000-0000-0000-0000-0000000C5488}
T{00000000-0000-0000-0000-0000000ADB6D}
T{00000000-0000-0000-0000-0000000BBAE5}
F{00000000-0000-0000-0000-0000002CD9CB}
F{00000000-0000-0000-0000-0000000C439B}
F{00000000-0000-0000-0000-0000000D199E}
T{00000000-0000-0000-0000-000000099D5D}
T{00000000-0000-0000-0000-0000002946BB}
T{00000000-0000-0000-0000-0000002A0033}
T{00000000-0000-0000-0000-00000022633F}
T{00000000-0000-0000-0000-00000022E477}
T{00000000-0000-0000-0000-0000000C42D4}
F{00000000-0000-0000-0000-00000016D8EC}
T{00000000-0000-0000-0000-0000002DC9A5}
F{00000000-0000-0000-0000-000000282FCE}
T{00000000-0000-0000-0000-000000063A84}
F{00000000-0000-0000-0000-00000008AA1A}
T{00000000-0000-0000-0000-0000002EAF33}
T{00000000-0000-0000-0000-000000242E7A}
T{00000000-0000-0000-0000-00000008C1DE}
T{00000000-0000-0000-0000-0000000D9506}
F{00000000-0000-0000-0000-00000032B96F}
T{00000000-0000-0000-0000-000000251E83}
F{00000000-0000-0000-0000-000000062238}
F{00000000-0000-0000-0000-0000001187A9}
T{00000000-0000-0000-0000-00000009D63B}
F{00000000-0000-0000-0000-0000000D9F5F}
T{00000000-0000-0000-0000-0000002EAF33}
F{00000000-0000-0000-0000-000000138B76}
T{00000000-0000-0000-0000-00000030D202}
F{00000000-0000-0000-0000-0000002D71D6}
T{00000000-0000-0000-0000-0000000BBAF7}
T{00000000-0000-0000-0000-00000025B204}
T{00000000-0000-0000-0000-0000000B1E17}
T{00000000-0000-0000-0000-00000016D8EC}
T{00000000-0000-0000-0000-0000001D30D6}
T{00000000-0000-0000-0000-0000001AEBA7}
T{00000000-0000-0000-0000-0000001D3CD0}
F{00000000-0000-0000-0000-0000002796A4}
T{00000000-0000-0000-0000-000000324745}
F{00000000-0000-0000-0000-00000029C08B}
F{00000000-0000-0000-0000-000000147165}
F{00000000-0000-0000-0000-0000001B7F5B}
F{00000000-0000-0000-0000-0000002001DC}
T{00000000-0000-0000-0000-000000041E64}
T{00000000-0000-0000-0000-000000177868}
T{00000000-0000-0000-0000-000000180772}
F{00000000-0000-0000-0000-000000146C13}
T{00000000-0000-0000-0000-00000033C0BE}
T{00000000-0000-0000-0000-0000002C78DE}
T{00000000-0000-0000-0000-000000219EFE}
T{00000000-0000-0000-0000-0000000BB9D4}
T{00000000-0000-0000-0000-00000014BCF0}
T{00000000-0000-0000-0000-0000002FA3FA}
