F{00000000-0000-0000-0000-0000002A0033}
T{00000000-0000-0000-0000-00000024DE3A}
F{00000000-0000-0000-0000-0000002DC9A5}
F{00000000-0000-0000-0000-000000220F56}
F{00000000-0000-0000-0000-000000138B76}
F{00000000-0000-0000-0000-000000324745}
F{00000000-0000-0000-0000-0000001FD913}
T{00000000-0000-0000-0000-000000267D6D}
F{00000000-0000-0000-0000-0000002C9942}
F{00000000-0000-0000-0000-00000025B204}
T{00000000-0000-0000-0000-00000022F0AA}
T{00000000-0000-0000-0000-000000245F5D}
T{00000000-0000-0000-0000-0000000BD989}
F{00000000-0000-0000-0000-000000263B6B}
T{00000000-0000-0000-0000-000000227154}
F{00000000-0000-0000-0000-00000019EB21}
F{00000000-0000-0000-0000-0000000E6E55}
F{00000000-0000-0000-0000-00000010598A}
F{00000000-0000-0000-0000-00000013C356}
F{00000000-0000-0000-0000-0000002B20EF}
F{00000000-0000-0000-0000-000000062238}
F{00000000-0000-0000-0000-0000000C5D03}
F{00000000-0000-0000-0000-000000235C6F}
T{00000000-0000-0000-0000-0000000D55FC}
F{00000000-0000-0000-0000-00000021F6AA}
T{00000000-0000-0000-0000-0000000D16FA}
T{00000000-0000-0000-0000-00000025D7DD}
T{00000000-0000-0000-0000-000000025A62}
T{00000000-0000-0000-0000-00000003496E}
F{00000000-0000-0000-0000-0000002415F2}
T{00000000-0000-0000-0000-000000324745}
F{00000000-0000-0000-0000-000000320A01}
T{00000000-0000-0000-0000-00000020CF55}
T{00000000-0000-0000-0000-000000210241}
T{00000000-0000-0000-0000-00000019EB21}
F{00000000-0000-0000-0000-0000000C439B}
T{00000000-0000-0000-0000-0000002BDF68}
F{00000000-0000-0000-0000-0000002D4F1C}
F{00000000-0000-0000-0000-0000002C78DE}
T{00000000-0000-0000-0000-00000019EB21}
T{00000000-0000-0000-0000-000000109F0A}
T{00000000-0000-0000-0000-00000020554E}
T{00000000-0000-0000-0000-00000009BAD7}
F{00000000-0000-0000-0000-0000000DF706}
T{00000000-0000-0000-0000-000000165C7D}
F{00000000-0000-0000-0000-0000000FAF70}
T{00000000-0000-0000-0000-000000110D6E}
T{00000000-0000-0000-0000-0000000918BA}
T{00000000-0000-0000-0000-00000027068E}
T{00000000-0000-0000-0000-000000245F5D}
F{00000000-0000-0000-0000-000000053A0F}
F{00000000-0000-0000-0000-0000000EFCD0}
T{00000000-0000-0000-0000-000000165C7D}
T{00000000-0000-0000-0000-00000022F0AA}
F{00000000-0000-0000-0000-0000002897F9}
T{00000000-0000-0000-0000-0000002EE25C}
T{00000000-0000-0000-0000-000000235C6F}
T{00000000-0000-0000-0000-0000001894F4}
F{00000000-0000-0000-0000-0000000D199E}
T{00000000-0000-0000-0000-000000111E00}
T{00000000-0000-0000-0000-00000016EE88}
F{00000000-0000-0000-0000-0000002A93E5}
T{00000000-0000-0000-0000-0000001D5B1B}
F{00000000-0000-0000-0000-0000001DE733}
F{00000000-0000-0000-0000-00000009D224}
T{00000000-0000-0000-0000-00000019D284}
T{00000000-0000-0000-0000-00000009BAD7}
T{00000000-0000-0000-0000-0000000F6E0A}
T{00000000-0000-0000-0000-0000001021AA}
F{00000000-0000-0000-0000-00000029C08B}
F{00000000-0000-0000-0000-00000024D561}
F{00000000-0000-0000-0000-00000028980F}
T{00000000-0000-0000-0000-000000263D12}
T{00000000-0000-0000-0000-0000002946BB}
F{00000000-0000-0000-0000-00000011FA5C}
F{00000000-0000-0000-0000-00000031ED05}
T{00000000-0000-0000-0000-0000002AAA36}
T{00000000-0000-0000-0000-0000002EFB03}
T{00000000-0000-0000-0000-000000295694}
F{00000000-0000-0000-0000-00000009A044}
F{00000000-0000-0000-0000-00000031BA6F}
T{00000000-0000-0000-0000-00000009C584}
T{00000000-0000-0000-0000-0000000BDF18}
F{00000000-0000-0000-0000-0000000B0D42}
T{00000000-0000-0000-0000-0000001AE83E}
T{00000000-0000-0000-0000-0000002DA425}
T{00000000-0000-0000-0000-000000180A8A}
F{00000000-0000-0000-0000-0000000C439B}
T{00000000-0000-0000-0000-0000001D5B1B}
F{00000000-0000-0000-0000-000000108B3B}
F{00000000-0000-0000-0000-00000016D8EC}
T{00000000-0000-0000-0000-000000030FAE}
F{00000000-0000-0000-0000-000000335CAB}
F{00000000-0000-0000-0000-0000000BBAE5}
F{00000000-0000-0000-0000-00000011FA5C}
F{00000000-0000-0000-0000-000000128932}
T{00000000-0000-0000-0000-000000303C41}
T{00000000-0000-0000-0000-000000128932}
F{00000000-0000-0000-0000-0000002001DC}
F{00000000-0000-0000-0000-0000000AB664}
T{00000000-0000-0000-0000-000000263C74}
T{00000000-0000-0000-0000-0000002EE25C}
F{00000000-0000-0000-0000-00000005250C}
F{00000000-0000-0000-0000-000000007910}
T{00000000-0000-0000-0000-0000002B9CA9}
F{00000000-0000-0000-0000-000000020F85}
F{00000000-0000-0000-0000-00000021F6AA}
F{00000000-0000-0000-0000-00000007C25E}
F{00000000-0000-0000-0000-0000000BCE16}
T{00000000-0000-0000-0000-0000001297F9}
F{00000000-0000-0000-0000-000000132C5C}
F{00000000-0000-0000-0000-000000324745}
T{00000000-0000-0000-0000-0000002E9D5F}
T{00000000-0000-0000-0000-00000014B44C}
T{00000000-0000-0000-0000-0000003011F7}
F{00000000-0000-0000-0000-0000002C9942}
T{00000000-0000-0000-0000-000000165C7D}
F{00000000-0000-0000-0000-0000000C42D4}
F{00000000-0000-0000-0000-0000001C7E16}
F{00000000-0000-0000-0000-0000000D9506}
T{00000000-0000-0000-0000-000000335CAB}
T{00000000-0000-0000-0000-0000000BDF18}
F{00000000-0000-0000-0000-0000000BB9D4}
F{00000000-0000-0000-0000-00000032016B}
T{00000000-0000-0000-0000-0000002C4EFE}
T{00000000-0000-0000-0000-00000028980F}
T{00000000-0000-0000-0000-0000002FA47F}
T{00000000-0000-0000-0000-0000002FF8E1}
F{00000000-0000-0000-0000-0000000358BE}
T{00000000-0000-0000-0000-000000122D0D}
T{00000000-0000-0000-0000-00000009A044}
T{00000000-0000-0000-0000-0000002BDF68}
T{00000000-0000-0000-0000-0000001021AA}
F{00000000-0000-0000-0000-00000028CA92}
F{00000000-0000-0000-0000-0000000C29E6}
F{00000000-0000-0000-0000-000000270DC9}
F{00000000-0000-0000-0000-00000011D6C2}
F{00000000-0000-0000-0000-0000000A5792}
F{00000000-0000-0000-0000-000000243B6C}
T{00000000-0000-0000-0000-000000243B6C}
T{00000000-0000-0000-0000-0000000A2DD3}
F{00000000-0000-0000-0000-000000060468}
F{00000000-0000-0000-0000-000000320A01}
F{00000000-0000-0000-0000-00000026AE05}
F{00000000-0000-0000-0000-000000324F3F}
F{00000000-0000-0000-0000-000000243B6C}
T{00000000-0000-0000-0000-00000015892F}
T{00000000-0000-0000-0000-00000031BA6F}
T{00000000-0000-0000-0000-00000009A044}
T{00000000-0000-0000-0000-0000002FA47F}
F{00000000-0000-0000-0000-0000000C5488}
T{00000000-0000-0000-0000-0000002FF8E1}
T{00000000-0000-0000-0000-0000002B9CA9}
F{00000000-0000-0000-0000-00000014BCF0}
T{00000000-0000-0000-0000-00000009D224}
F{00000000-0000-0000-0000-000000147165}
T{00000000-0000-0000-0000-0000002819B0}
F{00000000-0000-0000-0000-0000000C29E6}
T{00000000-0000-0000-0000-0000000C29E6}
F{00000000-0000-0000-0000-0000002A93E5}
T{00000000-0000-0000-0000-0000000B1E17}
T{00000000-0000-0000-0000-0000001297F9}
T{00000000-0000-0000-0000-0000002591DD}
F{00000000-0000-0000-0000-00000009D2DB}
F{00000000-0000-0000-0000-000000146BA0}
T{00000000-0000-0000-0000-000000098996}
T{00000000-0000-0000-0000-000000301289}
T{00000000-0000-0000-0000-0000002B9CA9}
T{00000000-0000-0000-0000-00000031B2AF}
T{00000000-0000-0000-0000-00000009D224}
F{00000000-0000-0000-0000-0000002AD098}
T{00000000-0000-0000-0000-000000289DEC}
T{00000000-0000-0000-0000-000000091984}
T{00000000-0000-0000-0000-00000009BAD7}
F{00000000-0000-0000-0000-0000000C5488}
T{00000000-0000-0000-0000-0000000A9334}
F{00000000-0000-0000-0000-00000025E580}
T{00000000-0000-0000-0000-00000027068E}
T{00000000-0000-0000-0000-00000019EB21}
F{00000000-0000-0000-0000-0000002EDFFA}
T{00000000-0000-0000-0000-00000026A8E2}
F{00000000-0000-0000-0000-00000011D6C2}
T{00000000-0000-0000-0000-0000000AB664}
T{00000000-0000-0000-0000-0000000D9506}
F{00000000-0000-0000-0000-0000000F3587}
T{00000000-0000-0000-0000-000000025A62}
T{00000000-0000-0000-0000-000000091984}
T{00000000-0000-0000-0000-000000137696}
F{00000000-0000-0000-0000-0000001D26F3}
F{00000000-0000-0000-0000-00000022633F}
T{00000000-0000-0000-0000-000000336361}
T{00000000-0000-0000-0000-000000128932}
T{00000000-0000-0000-0000-000000132C5C}
F{00000000-0000-0000-0000-0000002FEC1E}
T{00000000-0000-0000-0000-000000007910}
T{00000000-0000-0000-0000-0000002A02EE}
T{00000000-0000-0000-0000-0000002CEF50}
F{00000000-0000-0000-0000-0000000EFCD0}
T{00000000-0000-0000-0000-00000006923C}
F{00000000-0000-0000-0000-0000001FD913}
T{00000000-0000-0000-0000-00000032A5BB}
F{00000000-0000-0000-0000-00000022178C}
T{00000000-0000-0000-0000-0000001021AA}
T{00000000-0000-0000-0000-0000000BDF18}
T{00000000-0000-0000-0000-0000001D9D0E}
T{00000000-0000-0000-0000-000000132504}
F{00000000-0000-0000-0000-0000002C532B}
T{00000000-0000-0000-0000-0000002CEF50}
