T{00000000-0000-0000-0000-000000152F96}
F{00000000-0000-0000-0000-0000002B8F8A}
T{00000000-0000-0000-0000-000000324745}
T{00000000-0000-0000-0000-00000032BB6B}
T{00000000-0000-0000-0000-000000243F1C}
T{00000000-0000-0000-0000-000000007910}
F{00000000-0000-0000-0000-0000000D199E}
F{00000000-0000-0000-0000-000000101B79}
T{00000000-0000-0000-0000-0000002ACE76}
T{00000000-0000-0000-0000-00000019F414}
T{00000000-0000-0000-0000-00000021E588}
T{00000000-0000-0000-0000-00000005A714}
T{00000000-0000-0000-0000-00000005FF3F}
T{00000000-0000-0000-0000-0000001187A9}
T{00000000-0000-0000-0000-0000000C5D03}
T{00000000-0000-0000-0000-0000001187A9}
T{00000000-0000-0000-0000-00000006193F}
T{00000000-0000-0000-0000-000000083C07}
T{00000000-0000-0000-0000-0000000E6E55}
T{00000000-0000-0000-0000-0000000FD49A}
T{00000000-0000-0000-0000-0000002897F9}
T{00000000-0000-0000-0000-0000001297F9}
T{00000000-0000-0000-0000-0000000A7716}
T{00000000-0000-0000-0000-0000000C5488}
T{00000000-0000-0000-0000-0000002B0488}
T{00000000-0000-0000-0000-0000000AE577}
T{00000000-0000-0000-0000-000000029DB2}
T{00000000-0000-0000-0000-0000001AE83E}
T{00000000-0000-0000-0000-0000001AE83E}
F{00000000-0000-0000-0000-00000025B204}
T{00000000-0000-0000-0000-000000099302}
T{00000000-0000-0000-0000-00000025D7DD}
T{00000000-0000-0000-0000-000000103C79}
T{00000000-0000-0000-0000-0000002CD9CB}
T{00000000-0000-0000-0000-0000001369DE}
T{00000000-0000-0000-0000-000000030FAE}
T{00000000-0000-0000-0000-0000001A891E}
T{00000000-0000-0000-0000-000000110D6E}
T{00000000-0000-0000-0000-00000011A66A}
T{00000000-0000-0000-0000-0000000F9C6B}
F{00000000-0000-0000-0000-0000002A93E5}
F{00000000-0000-0000-0000-0000002CD6C8}
T{00000000-0000-0000-0000-0000000AE577}
T{00000000-0000-0000-0000-0000001297F9}
T{00000000-0000-0000-0000-00000011FA5C}
T{00000000-0000-0000-0000-0000000659B7}
T{00000000-0000-0000-0000-0000000C439B}
T{00000000-0000-0000-0000-0000001AE83E}
T{00000000-0000-0000-0000-0000002F16BE}
F{00000000-0000-0000-0000-0000001AF5B8}
T{00000000-0000-0000-0000-00000033629C}
F{00000000-0000-0000-0000-0000002DC9A5}
T{00000000-0000-0000-0000-0000000F70F3}
F{00000000-0000-0000-0000-00000024BF14}
T{00000000-0000-0000-0000-0000001A891E}
F{00000000-0000-0000-0000-00000005250C}
T{00000000-0000-0000-0000-00000014BCF0}
T{00000000-0000-0000-0000-000000110D6E}
T{00000000-0000-0000-0000-000000245C0C}
T{00000000-0000-0000-0000-0000002AB719}
T{00000000-0000-0000-0000-0000001E644A}
T{00000000-0000-0000-0000-0000000FD49A}
T{00000000-0000-0000-0000-0000001E644A}
T{00000000-0000-0000-0000-00000026DB04}
F{00000000-0000-0000-0000-000000106A2C}
T{00000000-0000-0000-0000-000000063A84}
F{00000000-0000-0000-0000-0000000C0A21}
T{00000000-0000-0000-0000-0000002DA425}
T{00000000-0000-0000-0000-0000000AB664}
T{00000000-0000-0000-0000-000000099302}
T{00000000-0000-0000-0000-0000000A7716}
F{00000000-0000-0000-0000-00000032B96F}
T{00000000-0000-0000-0000-0000000E6E55}
T{00000000-0000-0000-0000-00000007C25E}
T{00000000-0000-0000-0000-000000110D6E}
F{00000000-0000-0000-0000-0000000EFCD0}
T{00000000-0000-0000-0000-00000031840C}
T{00000000-0000-0000-0000-00000009D2DB}
F{00000000-0000-0000-0000-0000000FC3AA}
T{00000000-0000-0000-0000-0000002BDF68}
T{00000000-0000-0000-0000-0000001A891E}
F{00000000-0000-0000-0000-0000000B07ED}
T{00000000-0000-0000-0000-0000002BDF68}
T{00000000-0000-0000-0000-0000002ACE76}
F{00000000-0000-0000-0000-0000002A93E5}
T{00000000-0000-0000-0000-000000320A01}
T{00000000-0000-0000-0000-0000002FA3FA}
F{00000000-0000-0000-0000-00000028CA92}
T{00000000-0000-0000-0000-0000000F4FE6}
T{00000000-0000-0000-0000-0000000A5792}
T{00000000-0000-0000-0000-0000000EFCD0}
T{00000000-0000-0000-0000-0000000C5A2F}
T{00000000-0000-0000-0000-0000001B7F5B}
T{00000000-0000-0000-0000-00000028980F}
T{00000000-0000-0000-0000-0000002EFB03}
T{00000000-0000-0000-0000-0000002CD9CB}
T{00000000-0000-0000-0000-000000106A2C}
T{00000000-0000-0000-0000-00000028CA92}
F{00000000-0000-0000-0000-000000267BC2}
T{00000000-0000-0000-0000-00000026A8E2}
T{00000000-0000-0000-0000-0000001AE83E}
T{00000000-0000-0000-0000-000000137696}
T{00000000-0000-0000-0000-0000000C0A21}
T{00000000-0000-0000-0000-000000030FAE}
T{00000000-0000-0000-0000-000000146C13}
T{00000000-0000-0000-0000-00000011FA5C}
T{00000000-0000-0000-0000-0000001249B2}
T{00000000-0000-0000-0000-0000002C6187}
T{00000000-0000-0000-0000-00000029C08B}
T{00000000-0000-0000-0000-0000002DC9A5}
T{00000000-0000-0000-0000-0000002BDF68}
T{00000000-0000-0000-0000-00000029C08B}
T{00000000-0000-0000-0000-000000320E5F}
T{00000000-0000-0000-0000-0000002897F9}
T{00000000-0000-0000-0000-0000000D199E}
F{00000000-0000-0000-0000-00000005250C}
T{00000000-0000-0000-0000-000000101B79}
T{00000000-0000-0000-0000-00000021F6AA}
T{00000000-0000-0000-0000-00000010215D}
T{00000000-0000-0000-0000-0000000BCE16}
T{00000000-0000-0000-0000-000000099302}
T{00000000-0000-0000-0000-0000002CD9CB}
T{00000000-0000-0000-0000-0000000C0A21}
T{00000000-0000-0000-0000-000000110D6E}
T{00000000-0000-0000-0000-00000011A66A}
T{00000000-0000-0000-0000-0000000C42D4}
T{00000000-0000-0000-0000-000000106300}
T{00000000-0000-0000-0000-0000002DA425}
T{00000000-0000-0000-0000-00000024BF14}
T{00000000-0000-0000-0000-00000020CF55}
T{00000000-0000-0000-0000-00000026F01D}
F{00000000-0000-0000-0000-0000000FC3AA}
T{00000000-0000-0000-0000-0000000A5792}
T{00000000-0000-0000-0000-00000025B204}
F{00000000-0000-0000-0000-0000002415F2}
T{00000000-0000-0000-0000-00000014BCF0}
T{00000000-0000-0000-0000-0000002415F2}
T{00000000-0000-0000-0000-000000271DD9}
T{00000000-0000-0000-0000-0000000DF706}
T{00000000-0000-0000-0000-0000002CAD87}
T{00000000-0000-0000-0000-000000147165}
T{00000000-0000-0000-0000-0000001369DE}
T{00000000-0000-0000-0000-00000022664D}
T{00000000-0000-0000-0000-0000000F9C6B}
T{00000000-0000-0000-0000-0000002ACE76}
T{00000000-0000-0000-0000-0000000BCE16}
T{00000000-0000-0000-0000-0000000F9C6B}
T{00000000-0000-0000-0000-0000000FD49A}
T{00000000-0000-0000-0000-00000006923C}
T{00000000-0000-0000-0000-0000002897F9}
T{00000000-0000-0000-0000-0000002651AC}
T{00000000-0000-0000-0000-000000110D6E}
T{00000000-0000-0000-0000-00000025D7DD}
T{00000000-0000-0000-0000-000000267BC2}
T{00000000-0000-0000-0000-000000245F5D}
T{00000000-0000-0000-0000-0000002C6187}
T{00000000-0000-0000-0000-000000267BC2}
T{00000000-0000-0000-0000-0000002C1423}
T{00000000-0000-0000-0000-000000172673}
T{00000000-0000-0000-0000-0000002C299F}
F{00000000-0000-0000-0000-000000231277}
F{00000000-0000-0000-0000-0000000B07ED}
T{00000000-0000-0000-0000-000000101B79}
T{00000000-0000-0000-0000-00000032B96F}
F{00000000-0000-0000-0000-0000000C29E6}
T{00000000-0000-0000-0000-00000025E580}
T{00000000-0000-0000-0000-00000019F414}
T{00000000-0000-0000-0000-000000030FAE}
T{00000000-0000-0000-0000-0000002C9942}
T{00000000-0000-0000-0000-0000000C0A21}
T{00000000-0000-0000-0000-000000172673}
T{00000000-0000-0000-0000-00000025E580}
T{00000000-0000-0000-0000-000000267BC2}
T{00000000-0000-0000-0000-0000002FE035}
T{00000000-0000-0000-0000-000000243F02}
T{00000000-0000-0000-0000-000000063A84}
T{00000000-0000-0000-0000-0000000C0A21}
T{00000000-0000-0000-0000-00000025B204}
T{00000000-0000-0000-0000-000000029DB2}
T{00000000-0000-0000-0000-00000011B6E2}
T{00000000-0000-0000-0000-000000106A2C}
T{00000000-0000-0000-0000-00000007C25E}
T{00000000-0000-0000-0000-000000320A01}
T{00000000-0000-0000-0000-000000320A01}
