T{00000000-0000-0000-0000-00000005FF3F}
T{00000000-0000-0000-0000-0000001894F4}
T{00000000-0000-0000-0000-0000002789C7}
T{00000000-0000-0000-0000-00000009BCC6}
T{00000000-0000-0000-0000-0000002F16BE}
T{00000000-0000-0000-0000-000000171CAA}
T{00000000-0000-0000-0000-000000270E01}
F{00000000-0000-0000-0000-000000263B6B}
T{00000000-0000-0000-0000-00000011D6C2}
T{00000000-0000-0000-0000-00000031F588}
T{00000000-0000-0000-0000-00000026A490}
F{00000000-0000-0000-0000-00000013C356}
T{00000000-0000-0000-0000-000000197C0B}
T{00000000-0000-0000-0000-000000220F56}
T{00000000-0000-0000-0000-000000025A62}
T{00000000-0000-0000-0000-00000025E580}
T{00000000-0000-0000-0000-000000270E01}
F{00000000-0000-0000-0000-000000152F96}
T{00000000-0000-0000-0000-0000002C299F}
F{00000000-0000-0000-0000-0000000ADF8A}
F{00000000-0000-0000-0000-000000147165}
F{00000000-0000-0000-0000-0000000F9C6B}
T{00000000-0000-0000-0000-0000002BDEA2}
T{00000000-0000-0000-0000-000000243B6C}
T{00000000-0000-0000-0000-00000011FA5C}
T{00000000-0000-0000-0000-0000001464E5}
T{00000000-0000-0000-0000-000000222774}
T{00000000-0000-0000-0000-0000003362C8}
T{00000000-0000-0000-0000-0000000BBBC1}
T{00000000-0000-0000-0000-00000029C08B}
T{00000000-0000-0000-0000-0000000970F1}
F{00000000-0000-0000-0000-00000013C356}
T{00000000-0000-0000-0000-0000000BCE16}
T{00000000-0000-0000-0000-0000000A2D06}
T{00000000-0000-0000-0000-00000006E673}
T{00000000-0000-0000-0000-0000000A5792}
F{00000000-0000-0000-0000-0000000E6E55}
T{00000000-0000-0000-0000-000000261C32}
T{00000000-0000-0000-0000-0000002001DC}
T{00000000-0000-0000-0000-000000020F85}
T{00000000-0000-0000-0000-00000026A490}
T{00000000-0000-0000-0000-00000016DEE7}
T{00000000-0000-0000-0000-0000002A08D5}
T{00000000-0000-0000-0000-000000025A62}
T{00000000-0000-0000-0000-000000146BB2}
F{00000000-0000-0000-0000-0000001A891E}
T{00000000-0000-0000-0000-0000000E6E55}
T{00000000-0000-0000-0000-0000000C5488}
T{00000000-0000-0000-0000-000000335CAB}
T{00000000-0000-0000-0000-0000002A08D5}
T{00000000-0000-0000-0000-0000000D3A09}
T{00000000-0000-0000-0000-0000000A7716}
F{00000000-0000-0000-0000-00000005250C}
F{00000000-0000-0000-0000-000000245F5D}
T{00000000-0000-0000-0000-0000000C5488}
T{00000000-0000-0000-0000-0000002C9942}
T{00000000-0000-0000-0000-000000261C32}
F{00000000-0000-0000-0000-0000002CD6C8}
T{00000000-0000-0000-0000-00000022178C}
T{00000000-0000-0000-0000-00000031840C}
T{00000000-0000-0000-0000-000000020F85}
T{00000000-0000-0000-0000-0000002B9ADC}
T{00000000-0000-0000-0000-0000001D26F3}
T{00000000-0000-0000-0000-00000022178C}
T{00000000-0000-0000-0000-0000002A0033}
T{00000000-0000-0000-0000-00000009D428}
T{00000000-0000-0000-0000-000000060817}
F{00000000-0000-0000-0000-0000002C1423}
T{00000000-0000-0000-0000-00000010598A}
T{00000000-0000-0000-0000-000000169CBC}
T{00000000-0000-0000-0000-0000000876F9}
T{00000000-0000-0000-0000-00000013BB66}
T{00000000-0000-0000-0000-000000223CFB}
T{00000000-0000-0000-0000-00000011A66A}
T{00000000-0000-0000-0000-00000007C25E}
F{00000000-0000-0000-0000-00000013C356}
T{00000000-0000-0000-0000-00000013C356}
T{00000000-0000-0000-0000-000000147165}
T{00000000-0000-0000-0000-0000002BDEA2}
F{00000000-0000-0000-0000-000000101B79}
T{00000000-0000-0000-0000-00000031730E}
T{00000000-0000-0000-0000-000000091984}
T{00000000-0000-0000-0000-000000137696}
T{00000000-0000-0000-0000-000000289795}
F{00000000-0000-0000-0000-00000032B96F}
T{00000000-0000-0000-0000-000000263B6B}
T{00000000-0000-0000-0000-0000001FD913}
T{00000000-0000-0000-0000-00000020CF55}
F{00000000-0000-0000-0000-0000002C299F}
T{00000000-0000-0000-0000-00000013BB66}
T{00000000-0000-0000-0000-0000000FBE71}
T{00000000-0000-0000-0000-00000002A54C}
F{00000000-0000-0000-0000-000000242709}
F{00000000-0000-0000-0000-00000032BB6B}
T{00000000-0000-0000-0000-0000000D9F5F}
T{00000000-0000-0000-0000-0000000AE099}
T{00000000-0000-0000-0000-0000001DE733}
T{00000000-0000-0000-0000-00000009042B}
T{00000000-0000-0000-0000-000000244890}
T{00000000-0000-0000-0000-0000000AE237}
T{00000000-0000-0000-0000-00000029C08B}
F{00000000-0000-0000-0000-00000011FA5C}
T{00000000-0000-0000-0000-0000002C299F}
T{00000000-0000-0000-0000-000000220F56}
F{00000000-0000-0000-0000-0000000B0D42}
T{00000000-0000-0000-0000-000000263B6B}
F{00000000-0000-0000-0000-0000002651AC}
T{00000000-0000-0000-0000-0000001369DE}
T{00000000-0000-0000-0000-0000002796A4}
T{00000000-0000-0000-0000-00000013C356}
T{00000000-0000-0000-0000-000000263B6B}
T{00000000-0000-0000-0000-00000001C42B}
T{00000000-0000-0000-0000-0000000B0D42}
F{00000000-0000-0000-0000-0000000D199E}
T{00000000-0000-0000-0000-0000002AD2A1}
F{00000000-0000-0000-0000-0000002A9CF7}
T{00000000-0000-0000-0000-0000002001DC}
T{00000000-0000-0000-0000-0000001187A9}
T{00000000-0000-0000-0000-0000000F3587}
T{00000000-0000-0000-0000-0000000BCE16}
T{00000000-0000-0000-0000-00000031F588}
F{00000000-0000-0000-0000-00000032016B}
T{00000000-0000-0000-0000-00000011FA5C}
T{00000000-0000-0000-0000-000000335CAB}
T{00000000-0000-0000-0000-0000002361B7}
T{00000000-0000-0000-0000-00000011FA5C}
T{00000000-0000-0000-0000-0000002B7A74}
T{00000000-0000-0000-0000-00000009BCBD}
T{00000000-0000-0000-0000-00000026DB04}
F{00000000-0000-0000-0000-00000014BCF0}
T{00000000-0000-0000-0000-000000020F85}
T{00000000-0000-0000-0000-000000152F96}
T{00000000-0000-0000-0000-000000303C41}
T{00000000-0000-0000-0000-0000002CAD87}
T{00000000-0000-0000-0000-0000002AD2A1}
T{00000000-0000-0000-0000-00000019D284}
T{00000000-0000-0000-0000-00000001C42B}
F{00000000-0000-0000-0000-00000025B204}
T{00000000-0000-0000-0000-0000000D55FC}
T{00000000-0000-0000-0000-0000000F3587}
T{00000000-0000-0000-0000-00000013C356}
T{00000000-0000-0000-0000-0000001D26F3}
T{00000000-0000-0000-0000-000000218CCC}
T{00000000-0000-0000-0000-000000147165}
T{00000000-0000-0000-0000-00000011B6E2}
T{00000000-0000-0000-0000-00000003496E}
F{00000000-0000-0000-0000-000000103C79}
T{00000000-0000-0000-0000-000000180772}
F{00000000-0000-0000-0000-0000001FD913}
T{00000000-0000-0000-0000-0000002B7A74}
T{00000000-0000-0000-0000-000000289795}
F{00000000-0000-0000-0000-000000320A01}
T{00000000-0000-0000-0000-0000002B60AE}
T{00000000-0000-0000-0000-000000320A01}
T{00000000-0000-0000-0000-0000002AD098}
T{00000000-0000-0000-0000-000000119C07}
F{00000000-0000-0000-0000-0000002897F9}
F{00000000-0000-0000-0000-0000002651AC}
T{00000000-0000-0000-0000-0000002651AC}
T{00000000-0000-0000-0000-00000031F588}
T{00000000-0000-0000-0000-00000013C356}
T{00000000-0000-0000-0000-0000000F4FE6}
T{00000000-0000-0000-0000-000000242709}
T{00000000-0000-0000-0000-0000002C299F}
T{00000000-0000-0000-0000-0000002BDEA2}
T{00000000-0000-0000-0000-00000031840C}
T{00000000-0000-0000-0000-0000002DCB69}
T{00000000-0000-0000-0000-00000003496E}
T{00000000-0000-0000-0000-0000000FBE71}
T{00000000-0000-0000-0000-0000002FEC1E}
F{00000000-0000-0000-0000-0000000FD49A}
T{00000000-0000-0000-0000-0000000AE099}
T{00000000-0000-0000-0000-000000263B6B}
