T{00000000-0000-0000-0000-000000077309}
T{00000000-0000-0000-0000-0000002CD9CB}
F{00000000-0000-0000-0000-00000011A66A}
T{00000000-0000-0000-0000-00000009E1DD}
T{00000000-0000-0000-0000-00000009BCBD}
T{00000000-0000-0000-0000-00000016DEE7}
T{00000000-0000-0000-0000-000000083C07}
T{00000000-0000-0000-0000-0000002494C3}
T{00000000-0000-0000-0000-000000171CAA}
T{00000000-0000-0000-0000-00000025E580}
T{00000000-0000-0000-0000-0000000BD989}
T{00000000-0000-0000-0000-0000000FAF71}
T{00000000-0000-0000-0000-0000002D47FB}
F{00000000-0000-0000-0000-000000106A2C}
F{00000000-0000-0000-0000-000000282FCE}
T{00000000-0000-0000-0000-000000108B3B}
T{00000000-0000-0000-0000-0000000D0B5F}
T{00000000-0000-0000-0000-000000243F02}
T{00000000-0000-0000-0000-000000210241}
T{00000000-0000-0000-0000-00000027D4C7}
T{00000000-0000-0000-0000-0000001C6A68}
T{00000000-0000-0000-0000-00000008C1DE}
F{00000000-0000-0000-0000-0000001A871A}
T{00000000-0000-0000-0000-0000002CDE1F}
T{00000000-0000-0000-0000-00000006524D}
T{00000000-0000-0000-0000-000000125A54}
T{00000000-0000-0000-0000-0000002AD098}
T{00000000-0000-0000-0000-0000000FBE71}
T{00000000-0000-0000-0000-0000002CDE1F}
F{00000000-0000-0000-0000-0000001FD913}
F{00000000-0000-0000-0000-00000031730E}
F{00000000-0000-0000-0000-0000000F9C6B}
T{00000000-0000-0000-0000-000000029DB2}
T{00000000-0000-0000-0000-0000000C0AE0}
T{00000000-0000-0000-0000-00000022236F}
T{00000000-0000-0000-0000-00000030D202}
T{00000000-0000-0000-0000-000000222774}
T{00000000-0000-0000-0000-0000001C6A68}
F{00000000-0000-0000-0000-0000002B60AE}
T{00000000-0000-0000-0000-000000270DC9}
T{00000000-0000-0000-0000-00000008AA1A}
F{00000000-0000-0000-0000-0000001DE733}
T{00000000-0000-0000-0000-00000009E1DD}
F{00000000-0000-0000-0000-00000024D561}
T{00000000-0000-0000-0000-0000000928C2}
F{00000000-0000-0000-0000-000000324745}
F{00000000-0000-0000-0000-000000245C0C}
T{00000000-0000-0000-0000-00000006524D}
T{00000000-0000-0000-0000-00000009D63B}
T{00000000-0000-0000-0000-0000000813D7}
T{00000000-0000-0000-0000-00000024D561}
T{00000000-0000-0000-0000-0000000F70F3}
T{00000000-0000-0000-0000-0000002B60AE}
T{00000000-0000-0000-0000-00000026DB04}
T{00000000-0000-0000-0000-0000001E35CC}
T{00000000-0000-0000-0000-0000002D4F1C}
T{00000000-0000-0000-0000-0000000A3CCC}
F{00000000-0000-0000-0000-0000001322C6}
T{00000000-0000-0000-0000-0000000FAF71}
F{00000000-0000-0000-0000-0000000C5488}
F{00000000-0000-0000-0000-000000320A01}
T{00000000-0000-0000-0000-0000001A871A}
T{00000000-0000-0000-0000-000000220F56}
T{00000000-0000-0000-0000-000000060468}
T{00000000-0000-0000-0000-00000026F01D}
T{00000000-0000-0000-0000-0000002D47FB}
T{00000000-0000-0000-0000-000000220F56}
F{00000000-0000-0000-0000-000000242709}
T{00000000-0000-0000-0000-000000282FCE}
T{00000000-0000-0000-0000-0000000FAF70}
T{00000000-0000-0000-0000-000000138B76}
T{00000000-0000-0000-0000-0000002B7C23}
T{00000000-0000-0000-0000-0000000D9506}
F{00000000-0000-0000-0000-000000152F96}
F{00000000-0000-0000-0000-0000000BCE16}
F{00000000-0000-0000-0000-0000000970F1}
T{00000000-0000-0000-0000-00000016BEDB}
T{00000000-0000-0000-0000-0000000358BE}
T{00000000-0000-0000-0000-0000002CDE1F}
T{00000000-0000-0000-0000-0000001A871A}
T{00000000-0000-0000-0000-0000001A871A}
F{00000000-0000-0000-0000-0000000B07ED}
T{00000000-0000-0000-0000-0000002AB719}
T{00000000-0000-0000-0000-000000270E01}
T{00000000-0000-0000-0000-000000273493}
T{00000000-0000-0000-0000-0000002596A5}
T{00000000-0000-0000-0000-000000282FCE}
T{00000000-0000-0000-0000-0000001C7E16}
T{00000000-0000-0000-0000-000000138B76}
T{00000000-0000-0000-0000-00000011D6C2}
T{00000000-0000-0000-0000-000000053A0F}
T{00000000-0000-0000-0000-00000013B91E}
T{00000000-0000-0000-0000-00000006524D}
T{00000000-0000-0000-0000-0000000D6338}
T{00000000-0000-0000-0000-0000002B0555}
F{00000000-0000-0000-0000-00000031840C}
T{00000000-0000-0000-0000-0000001322C6}
T{00000000-0000-0000-0000-0000002DA425}
T{00000000-0000-0000-0000-00000009A044}
T{00000000-0000-0000-0000-000000053A0F}
T{00000000-0000-0000-0000-0000000EFCB1}
T{00000000-0000-0000-0000-0000000A5792}
F{00000000-0000-0000-0000-00000032B96F}
T{00000000-0000-0000-0000-0000002BB56B}
T{00000000-0000-0000-0000-000000108B3B}
T{00000000-0000-0000-0000-0000002001DC}
F{00000000-0000-0000-0000-0000000C5D03}
T{00000000-0000-0000-0000-0000000C5D03}
F{00000000-0000-0000-0000-00000029C08B}
T{00000000-0000-0000-0000-0000000970F1}
F{00000000-0000-0000-0000-0000000C0A21}
T{00000000-0000-0000-0000-00000004E003}
T{00000000-0000-0000-0000-00000032FBFC}
T{00000000-0000-0000-0000-000000146BA0}
F{00000000-0000-0000-0000-0000000BBBC1}
F{00000000-0000-0000-0000-0000002F16BE}
T{00000000-0000-0000-0000-00000008AA1A}
T{00000000-0000-0000-0000-0000000B1E17}
T{00000000-0000-0000-0000-00000011D6C2}
T{00000000-0000-0000-0000-0000002728DA}
T{00000000-0000-0000-0000-0000000A8C33}
T{00000000-0000-0000-0000-0000002EDFFA}
T{00000000-0000-0000-0000-0000000AB664}
T{00000000-0000-0000-0000-00000026C360}
T{00000000-0000-0000-0000-00000015892F}
T{00000000-0000-0000-0000-0000000C439B}
F{00000000-0000-0000-0000-000000243B6C}
F{00000000-0000-0000-0000-0000000C29E6}
T{00000000-0000-0000-0000-0000000D9F5F}
F{00000000-0000-0000-0000-0000002A93E5}
T{00000000-0000-0000-0000-0000001C7E16}
T{00000000-0000-0000-0000-000000282FCE}
T{00000000-0000-0000-0000-0000002B7C23}
T{00000000-0000-0000-0000-000000077309}
T{00000000-0000-0000-0000-0000002EDFFA}
T{00000000-0000-0000-0000-0000000EB1FB}
T{00000000-0000-0000-0000-00000031730E}
T{00000000-0000-0000-0000-0000002853F7}
T{00000000-0000-0000-0000-00000009D63B}
