T{00000000-0000-0000-0000-00000023C11C}
F{00000000-0000-0000-0000-000000062238}
T{00000000-0000-0000-0000-0000001A3598}
T{00000000-0000-0000-0000-000000146BA0}
T{00000000-0000-0000-0000-0000002C4EFE}
F{00000000-0000-0000-0000-00000029C08B}
T{00000000-0000-0000-0000-00000031ED05}
T{00000000-0000-0000-0000-000000132C5C}
T{00000000-0000-0000-0000-0000000BB9D4}
T{00000000-0000-0000-0000-000000062238}
T{00000000-0000-0000-0000-000000022B3B}
T{00000000-0000-0000-0000-0000002D71D6}
T{00000000-0000-0000-0000-00000014B44C}
T{00000000-0000-0000-0000-0000002FE035}
T{00000000-0000-0000-0000-00000015BF2E}
T{00000000-0000-0000-0000-00000009C584}
F{00000000-0000-0000-0000-00000009D428}
F{00000000-0000-0000-0000-0000000EE00F}
T{00000000-0000-0000-0000-00000033629C}
F{00000000-0000-0000-0000-0000002C299F}
F{00000000-0000-0000-0000-00000011FA5C}
T{00000000-0000-0000-0000-0000000A3CCC}
F{00000000-0000-0000-0000-0000002C9942}
F{00000000-0000-0000-0000-000000060468}
F{00000000-0000-0000-0000-00000013B91E}
T{00000000-0000-0000-0000-00000015BF2E}
F{00000000-0000-0000-0000-00000025E580}
T{00000000-0000-0000-0000-000000060468}
T{00000000-0000-0000-0000-0000002B7C23}
T{00000000-0000-0000-0000-0000000A2DD3}
T{00000000-0000-0000-0000-0000000EE00F}
T{00000000-0000-0000-0000-00000021E588}
T{00000000-0000-0000-0000-0000002C532B}
T{00000000-0000-0000-0000-0000002AD098}
F{00000000-0000-0000-0000-00000025B204}
F{00000000-0000-0000-0000-0000000D199E}
T{00000000-0000-0000-0000-000000113C06}
T{00000000-0000-0000-0000-0000002D71D6}
F{00000000-0000-0000-0000-0000000D9F5F}
F{00000000-0000-0000-0000-0000000C5488}
F{00000000-0000-0000-0000-000000099302}
F{00000000-0000-0000-0000-00000032B96F}
F{00000000-0000-0000-0000-00000005250C}
T{00000000-0000-0000-0000-00000021E588}
T{00000000-0000-0000-0000-0000002C6D1C}
F{00000000-0000-0000-0000-0000000970F1}
T{00000000-0000-0000-0000-000000273493}
T{00000000-0000-0000-0000-0000000C5488}
T{00000000-0000-0000-0000-00000005E3F4}
F{00000000-0000-0000-0000-0000002897F9}
T{00000000-0000-0000-0000-0000002B20EF}
T{00000000-0000-0000-0000-0000002596A5}
T{00000000-0000-0000-0000-00000016EF7B}
F{00000000-0000-0000-0000-00000025E580}
F{00000000-0000-0000-0000-0000000A7716}
F{00000000-0000-0000-0000-0000002BDEA2}
F{00000000-0000-0000-0000-00000007C25E}
T{00000000-0000-0000-0000-00000033629C}
T{00000000-0000-0000-0000-000000108B3B}
T{00000000-0000-0000-0000-00000010598A}
T{00000000-0000-0000-0000-000000125A54}
F{00000000-0000-0000-0000-0000002796A4}
T{00000000-0000-0000-0000-0000002EE25C}
F{00000000-0000-0000-0000-000000222774}
T{00000000-0000-0000-0000-000000053A0F}
T{00000000-0000-0000-0000-00000006193F}
T{00000000-0000-0000-0000-0000002B0488}
T{00000000-0000-0000-0000-0000000AE237}
F{00000000-0000-0000-0000-0000000EC5C1}
T{00000000-0000-0000-0000-00000022178C}
F{00000000-0000-0000-0000-00000009D2DB}
T{00000000-0000-0000-0000-00000005EF6E}
T{00000000-0000-0000-0000-000000132504}
F{00000000-0000-0000-0000-0000002B9ADC}
T{00000000-0000-0000-0000-00000010598A}
T{00000000-0000-0000-0000-0000000BB9D4}
T{00000000-0000-0000-0000-0000001A177D}
F{00000000-0000-0000-0000-0000000FD49A}
T{00000000-0000-0000-0000-00000019F414}
T{00000000-0000-0000-0000-0000001E7066}
T{00000000-0000-0000-0000-00000031E8A8}
F{00000000-0000-0000-0000-00000013B91E}
T{00000000-0000-0000-0000-000000099302}
T{00000000-0000-0000-0000-00000031ED05}
F{00000000-0000-0000-0000-0000000876F9}
T{00000000-0000-0000-0000-0000003362C8}
T{00000000-0000-0000-0000-000000295694}
T{00000000-0000-0000-0000-000000106300}
T{00000000-0000-0000-0000-00000009D428}
F{00000000-0000-0000-0000-0000000E6E55}
T{00000000-0000-0000-0000-000000289ED3}
T{00000000-0000-0000-0000-0000002B20EF}
F{00000000-0000-0000-0000-000000152F96}
F{00000000-0000-0000-0000-000000270DC9}
T{00000000-0000-0000-0000-00000008AA1A}
T{00000000-0000-0000-0000-0000000CF2D0}
T{00000000-0000-0000-0000-0000000D0B5F}
T{00000000-0000-0000-0000-0000000C42D4}
T{00000000-0000-0000-0000-00000022633F}
T{00000000-0000-0000-0000-000000177B49}
T{00000000-0000-0000-0000-0000000C0AE0}
T{00000000-0000-0000-0000-00000021F6AA}
F{00000000-0000-0000-0000-000000060817}
T{00000000-0000-0000-0000-0000002C4EFE}
F{00000000-0000-0000-0000-0000000FAF71}
T{00000000-0000-0000-0000-0000000BBAE5}
T{00000000-0000-0000-0000-00000009042B}
T{00000000-0000-0000-0000-00000009D2DB}
T{00000000-0000-0000-0000-0000002D4147}
T{00000000-0000-0000-0000-0000000D55FC}
T{00000000-0000-0000-0000-0000001A5588}
F{00000000-0000-0000-0000-0000002B60AE}
T{00000000-0000-0000-0000-0000002D4147}
F{00000000-0000-0000-0000-0000002AB719}
F{00000000-0000-0000-0000-000000020F85}
T{00000000-0000-0000-0000-000000295694}
T{00000000-0000-0000-0000-00000016979A}
F{00000000-0000-0000-0000-0000002FEC1E}
F{00000000-0000-0000-0000-00000024D561}
F{00000000-0000-0000-0000-0000002FEC1E}
T{00000000-0000-0000-0000-00000013BB66}
F{00000000-0000-0000-0000-0000000358BE}
F{00000000-0000-0000-0000-00000026AE05}
T{00000000-0000-0000-0000-00000013B91E}
T{00000000-0000-0000-0000-0000002B5FB9}
F{00000000-0000-0000-0000-000000243F02}
T{00000000-0000-0000-0000-0000000358BE}
F{00000000-0000-0000-0000-0000001187A9}
T{00000000-0000-0000-0000-0000002591DD}
T{00000000-0000-0000-0000-00000005E3F4}
T{00000000-0000-0000-0000-0000002FEC1E}
T{00000000-0000-0000-0000-0000001C7E16}
T{00000000-0000-0000-0000-000000304116}
T{00000000-0000-0000-0000-000000132C5C}
F{00000000-0000-0000-0000-00000024BF14}
F{00000000-0000-0000-0000-00000001C42B}
T{00000000-0000-0000-0000-0000000EE00F}
F{00000000-0000-0000-0000-0000000D199E}
T{00000000-0000-0000-0000-000000301289}
T{00000000-0000-0000-0000-000000146BA0}
T{00000000-0000-0000-0000-0000002B0555}
T{00000000-0000-0000-0000-0000002ADB4F}
F{00000000-0000-0000-0000-000000110D6E}
F{00000000-0000-0000-0000-000000169CBC}
T{00000000-0000-0000-0000-000000146C13}
T{00000000-0000-0000-0000-00000003E599}
T{00000000-0000-0000-0000-0000002A0033}
T{00000000-0000-0000-0000-00000013BB66}
T{00000000-0000-0000-0000-0000002F6B7B}
F{00000000-0000-0000-0000-0000000C439B}
T{00000000-0000-0000-0000-0000002361B7}
T{00000000-0000-0000-0000-000000304116}
T{00000000-0000-0000-0000-0000001A8886}
T{00000000-0000-0000-0000-000000108B3B}
T{00000000-0000-0000-0000-000000157C8A}
T{00000000-0000-0000-0000-000000148332}
F{00000000-0000-0000-0000-0000001FD913}
T{00000000-0000-0000-0000-00000031E8A8}
F{00000000-0000-0000-0000-0000000C5488}
T{00000000-0000-0000-0000-0000002B20EF}
T{00000000-0000-0000-0000-0000002C78DE}
F{00000000-0000-0000-0000-000000220F56}
T{00000000-0000-0000-0000-0000000F3587}
T{00000000-0000-0000-0000-0000001B7F5B}
T{00000000-0000-0000-0000-000000060468}
T{00000000-0000-0000-0000-0000002B9ADC}
F{00000000-0000-0000-0000-0000000E6E55}
T{00000000-0000-0000-0000-0000002D4147}
T{00000000-0000-0000-0000-000000060817}
T{00000000-0000-0000-0000-00000003E599}
T{00000000-0000-0000-0000-0000000A7716}
T{00000000-0000-0000-0000-0000002819B0}
F{00000000-0000-0000-0000-0000001369DE}
T{00000000-0000-0000-0000-000000122D0D}
F{00000000-0000-0000-0000-0000000FD49A}
F{00000000-0000-0000-0000-000000170474}
T{00000000-0000-0000-0000-00000014B44C}
F{00000000-0000-0000-0000-00000024D561}
T{00000000-0000-0000-0000-000000243F02}
F{00000000-0000-0000-0000-000000171CAA}
T{00000000-0000-0000-0000-00000013B91E}
T{00000000-0000-0000-0000-000000111E00}
T{00000000-0000-0000-0000-000000007962}
T{00000000-0000-0000-0000-0000002853F7}
T{00000000-0000-0000-0000-00000024DE3A}
T{00000000-0000-0000-0000-0000001A4EC5}
F{00000000-0000-0000-0000-00000029C08B}
T{00000000-0000-0000-0000-0000001D26F3}
T{00000000-0000-0000-0000-0000000876F9}
T{00000000-0000-0000-0000-000000132504}
F{00000000-0000-0000-0000-00000005250C}
T{00000000-0000-0000-0000-0000001A8886}
T{00000000-0000-0000-0000-0000001FB295}
T{00000000-0000-0000-0000-00000019F414}
T{00000000-0000-0000-0000-0000000EC5C1}
T{00000000-0000-0000-0000-00000026AE05}
F{00000000-0000-0000-0000-0000000A5792}
F{00000000-0000-0000-0000-000000282FCE}
F{00000000-0000-0000-0000-000000270DC9}
T{00000000-0000-0000-0000-00000026C360}
F{00000000-0000-0000-0000-000000222774}
F{00000000-0000-0000-0000-000000138B76}
T{00000000-0000-0000-0000-0000002AD2A1}
T{00000000-0000-0000-0000-000000146BB2}
T{00000000-0000-0000-0000-00000010215D}
T{00000000-0000-0000-0000-000000177B49}
T{00000000-0000-0000-0000-00000028C84A}
T{00000000-0000-0000-0000-000000270DC9}
F{00000000-0000-0000-0000-00000032016B}
F{00000000-0000-0000-0000-0000002C299F}
