T{00000000-0000-0000-0000-00000028980F}
T{00000000-0000-0000-0000-000000245C0C}
T{00000000-0000-0000-0000-00000028980F}
F{00000000-0000-0000-0000-0000000F84E7}
T{00000000-0000-0000-0000-0000000EFCD0}
T{00000000-0000-0000-0000-0000002FEC1E}
T{00000000-0000-0000-0000-00000016D8EC}
F{00000000-0000-0000-0000-0000001FD913}
F{00000000-0000-0000-0000-0000002C9942}
T{00000000-0000-0000-0000-0000000358BE}
F{00000000-0000-0000-0000-0000000C29E6}
T{00000000-0000-0000-0000-000000245C0C}
T{00000000-0000-0000-0000-00000009D428}
T{00000000-0000-0000-0000-0000002CD6C8}
T{00000000-0000-0000-0000-000000144245}
T{00000000-0000-0000-0000-00000016979A}
T{00000000-0000-0000-0000-000000324745}
T{00000000-0000-0000-0000-0000000FAF71}
F{00000000-0000-0000-0000-0000002A9CF7}
T{00000000-0000-0000-0000-000000243B6C}
T{00000000-0000-0000-0000-000000304116}
T{00000000-0000-0000-0000-00000005250C}
T{00000000-0000-0000-0000-0000000970F1}
T{00000000-0000-0000-0000-0000002D162B}
T{00000000-0000-0000-0000-0000000B0D42}
T{00000000-0000-0000-0000-00000027D4C7}
T{00000000-0000-0000-0000-000000223CFB}
T{00000000-0000-0000-0000-0000000DF706}
T{00000000-0000-0000-0000-00000032686B}
T{00000000-0000-0000-0000-0000002D162B}
T{00000000-0000-0000-0000-0000000EB1C4}
T{00000000-0000-0000-0000-0000002C9942}
T{00000000-0000-0000-0000-0000001DE733}
T{00000000-0000-0000-0000-000000060817}
T{00000000-0000-0000-0000-0000000BC199}
T{00000000-0000-0000-0000-0000000C29E6}
T{00000000-0000-0000-0000-0000000358BE}
T{00000000-0000-0000-0000-00000005250C}
T{00000000-0000-0000-0000-0000002D71D6}
T{00000000-0000-0000-0000-000000245B1C}
F{00000000-0000-0000-0000-0000000FC3AA}
F{00000000-0000-0000-0000-000000245F5D}
T{00000000-0000-0000-0000-000000222774}
T{00000000-0000-0000-0000-0000002B60AE}
T{00000000-0000-0000-0000-0000002C6187}
F{00000000-0000-0000-0000-000000170474}
T{00000000-0000-0000-0000-0000000C5D03}
T{00000000-0000-0000-0000-0000001D30D6}
T{00000000-0000-0000-0000-0000002CD6C8}
T{00000000-0000-0000-0000-0000001EE496}
T{00000000-0000-0000-0000-0000000B0D42}
T{00000000-0000-0000-0000-000000303C41}
T{00000000-0000-0000-0000-000000324745}
T{00000000-0000-0000-0000-0000002B60AE}
T{00000000-0000-0000-0000-00000028C84A}
T{00000000-0000-0000-0000-00000032686B}
T{00000000-0000-0000-0000-0000003334D3}
F{00000000-0000-0000-0000-0000000B07ED}
T{00000000-0000-0000-0000-00000025D7DD}
T{00000000-0000-0000-0000-000000119C07}
F{00000000-0000-0000-0000-00000024BF14}
T{00000000-0000-0000-0000-0000000EC264}
T{00000000-0000-0000-0000-0000000FAF70}
T{00000000-0000-0000-0000-0000001EE496}
T{00000000-0000-0000-0000-00000024BF14}
T{00000000-0000-0000-0000-0000002AB719}
T{00000000-0000-0000-0000-0000002AB719}
T{00000000-0000-0000-0000-00000026AE05}
T{00000000-0000-0000-0000-000000324F3F}
T{00000000-0000-0000-0000-0000000D3A09}
F{00000000-0000-0000-0000-000000062238}
F{00000000-0000-0000-0000-00000024D4B0}
T{00000000-0000-0000-0000-0000002FEC1E}
T{00000000-0000-0000-0000-0000001AF5B8}
T{00000000-0000-0000-0000-0000000D3A09}
T{00000000-0000-0000-0000-00000032BB6B}
F{00000000-0000-0000-0000-0000002BFFD7}
T{00000000-0000-0000-0000-0000002A47D9}
T{00000000-0000-0000-0000-0000002796A4}
T{00000000-0000-0000-0000-00000000D3F0}
T{00000000-0000-0000-0000-0000001DE733}
T{00000000-0000-0000-0000-0000000C439B}
T{00000000-0000-0000-0000-0000002DC9A5}
T{00000000-0000-0000-0000-00000009D428}
T{00000000-0000-0000-0000-00000032BB6B}
T{00000000-0000-0000-0000-00000024D4B0}
T{00000000-0000-0000-0000-0000002B9ADC}
T{00000000-0000-0000-0000-0000002415F2}
T{00000000-0000-0000-0000-0000000C439B}
T{00000000-0000-0000-0000-000000169CBC}
T{00000000-0000-0000-0000-0000002C78DE}
T{00000000-0000-0000-0000-000000227154}
T{00000000-0000-0000-0000-0000000A8C33}
T{00000000-0000-0000-0000-000000060817}
F{00000000-0000-0000-0000-00000025B204}
T{00000000-0000-0000-0000-0000000EE00F}
T{00000000-0000-0000-0000-0000000D3A09}
T{00000000-0000-0000-0000-0000002FEC1E}
T{00000000-0000-0000-0000-0000002C78DE}
F{00000000-0000-0000-0000-0000001FD913}
T{00000000-0000-0000-0000-0000002C532B}
T{00000000-0000-0000-0000-0000002A9CF7}
T{00000000-0000-0000-0000-00000025D7DD}
F{00000000-0000-0000-0000-0000000B07ED}
T{00000000-0000-0000-0000-0000000970F1}
T{00000000-0000-0000-0000-0000001AF5B8}
T{00000000-0000-0000-0000-0000002D162B}
T{00000000-0000-0000-0000-0000000358BE}
T{00000000-0000-0000-0000-00000025B204}
F{00000000-0000-0000-0000-0000002A93E5}
T{00000000-0000-0000-0000-0000002819B0}
T{00000000-0000-0000-0000-0000000659B7}
T{00000000-0000-0000-0000-0000001FD913}
F{00000000-0000-0000-0000-0000000B07ED}
T{00000000-0000-0000-0000-000000324745}
T{00000000-0000-0000-0000-0000000ADCC9}
T{00000000-0000-0000-0000-000000275A4F}
T{00000000-0000-0000-0000-00000031730E}
T{00000000-0000-0000-0000-00000009D428}
T{00000000-0000-0000-0000-00000009D428}
T{00000000-0000-0000-0000-000000152F96}
T{00000000-0000-0000-0000-000000304116}
T{00000000-0000-0000-0000-000000101515}
T{00000000-0000-0000-0000-0000000358BE}
T{00000000-0000-0000-0000-00000001C42B}
T{00000000-0000-0000-0000-00000028C84A}
T{00000000-0000-0000-0000-000000170474}
T{00000000-0000-0000-0000-000000222774}
T{00000000-0000-0000-0000-0000002C9942}
F{00000000-0000-0000-0000-00000032016B}
T{00000000-0000-0000-0000-000000152F96}
T{00000000-0000-0000-0000-000000022B3B}
T{00000000-0000-0000-0000-0000000C5D03}
T{00000000-0000-0000-0000-00000025B204}
T{00000000-0000-0000-0000-0000002C9942}
T{00000000-0000-0000-0000-0000002B9ADC}
T{00000000-0000-0000-0000-0000000C29E6}
T{00000000-0000-0000-0000-00000016979A}
T{00000000-0000-0000-0000-0000002D71D6}
T{00000000-0000-0000-0000-00000031ED05}
T{00000000-0000-0000-0000-0000002A9CF7}
T{00000000-0000-0000-0000-000000245C0C}
F{00000000-0000-0000-0000-00000013794F}
T{00000000-0000-0000-0000-0000000876F9}
T{00000000-0000-0000-0000-0000000C5D03}
T{00000000-0000-0000-0000-0000000970F1}
T{00000000-0000-0000-0000-0000002819B0}
T{00000000-0000-0000-0000-00000005250C}
T{00000000-0000-0000-0000-00000024D4B0}
T{00000000-0000-0000-0000-000000231277}
T{00000000-0000-0000-0000-0000000659B7}
T{00000000-0000-0000-0000-0000000C29E6}
T{00000000-0000-0000-0000-00000032BB6B}
T{00000000-0000-0000-0000-000000138B76}
T{00000000-0000-0000-0000-000000210241}
T{00000000-0000-0000-0000-000000324F3F}
T{00000000-0000-0000-0000-00000009D224}
T{00000000-0000-0000-0000-00000024BF14}
T{00000000-0000-0000-0000-0000000802A5}
T{00000000-0000-0000-0000-0000001D30D6}
T{00000000-0000-0000-0000-0000000C29E6}
T{00000000-0000-0000-0000-0000002AD1C2}
T{00000000-0000-0000-0000-00000016D8EC}
F{00000000-0000-0000-0000-000000012582}
T{00000000-0000-0000-0000-000000138B76}
T{00000000-0000-0000-0000-000000275CAC}
T{00000000-0000-0000-0000-0000001322C6}
T{00000000-0000-0000-0000-0000002C1423}
T{00000000-0000-0000-0000-0000002EE24C}
T{00000000-0000-0000-0000-0000000A3D45}
T{00000000-0000-0000-0000-00000032686B}
T{00000000-0000-0000-0000-0000002C1423}
T{00000000-0000-0000-0000-000000138B76}
T{00000000-0000-0000-0000-000000231277}
T{00000000-0000-0000-0000-000000324745}
