T{00000000-0000-0000-0000-0000002BFFD7}
T{00000000-0000-0000-0000-000000012582}
F{00000000-0000-0000-0000-0000000B07ED}
T{00000000-0000-0000-0000-000000243B6C}
T{00000000-0000-0000-0000-0000000F84E7}
T{00000000-0000-0000-0000-0000000ADF8A}
T{00000000-0000-0000-0000-00000011B6E2}
T{00000000-0000-0000-0000-000000146C13}
T{00000000-0000-0000-0000-00000022633F}
T{00000000-0000-0000-0000-00000026AE05}
T{00000000-0000-0000-0000-000000012582}
T{00000000-0000-0000-0000-0000001B7F5B}
F{00000000-0000-0000-0000-0000001B4BD8}
T{00000000-0000-0000-0000-0000000D9F5F}
T{00000000-0000-0000-0000-0000002651AC}
T{00000000-0000-0000-0000-0000001C000D}
T{00000000-0000-0000-0000-0000002A93E5}
F{00000000-0000-0000-0000-0000000FC3AA}
T{00000000-0000-0000-0000-0000000F84E7}
T{00000000-0000-0000-0000-000000243B6C}
T{00000000-0000-0000-0000-000000169CBC}
T{00000000-0000-0000-0000-0000001B7F5B}
T{00000000-0000-0000-0000-0000001B4BD8}
T{00000000-0000-0000-0000-00000022664D}
T{00000000-0000-0000-0000-0000000C5A2F}
T{00000000-0000-0000-0000-00000022664D}
F{00000000-0000-0000-0000-000000235C6F}
T{00000000-0000-0000-0000-0000000EFCD0}
T{00000000-0000-0000-0000-0000001322C6}
F{00000000-0000-0000-0000-000000106A2C}
T{00000000-0000-0000-0000-00000014AEB7}
T{00000000-0000-0000-0000-0000000B6F8C}
T{00000000-0000-0000-0000-00000030D202}
T{00000000-0000-0000-0000-000000245B1C}
T{00000000-0000-0000-0000-0000001B4BD8}
T{00000000-0000-0000-0000-000000157C8A}
T{00000000-0000-0000-0000-0000000FAF70}
F{00000000-0000-0000-0000-0000000B07ED}
T{00000000-0000-0000-0000-000000106A2C}
T{00000000-0000-0000-0000-00000029169E}
T{00000000-0000-0000-0000-00000022633F}
T{00000000-0000-0000-0000-00000009D2DB}
T{00000000-0000-0000-0000-000000245B1C}
T{00000000-0000-0000-0000-000000231277}
T{00000000-0000-0000-0000-0000000FAF70}
T{00000000-0000-0000-0000-0000000B07ED}
T{00000000-0000-0000-0000-000000180A8A}
T{00000000-0000-0000-0000-0000001FD913}
F{00000000-0000-0000-0000-0000000AE237}
T{00000000-0000-0000-0000-0000001FD913}
F{00000000-0000-0000-0000-0000002CACBC}
T{00000000-0000-0000-0000-000000245F5D}
T{00000000-0000-0000-0000-000000106A2C}
T{00000000-0000-0000-0000-0000002CD6C8}
T{00000000-0000-0000-0000-00000013794F}
T{00000000-0000-0000-0000-0000002A93E5}
T{00000000-0000-0000-0000-00000022633F}
T{00000000-0000-0000-0000-00000025B204}
T{00000000-0000-0000-0000-0000002A93E5}
T{00000000-0000-0000-0000-0000000B07ED}
T{00000000-0000-0000-0000-0000002651AC}
T{00000000-0000-0000-0000-00000024D328}
T{00000000-0000-0000-0000-0000001322C6}
T{00000000-0000-0000-0000-000000106746}
T{00000000-0000-0000-0000-000000180A8A}
T{00000000-0000-0000-0000-0000001E644A}
T{00000000-0000-0000-0000-0000000D199E}
T{00000000-0000-0000-0000-0000000B07ED}
T{00000000-0000-0000-0000-00000009D2DB}
T{00000000-0000-0000-0000-000000180A8A}
T{00000000-0000-0000-0000-0000000BBAE5}
T{00000000-0000-0000-0000-00000029B017}
F{00000000-0000-0000-0000-000000062238}
T{00000000-0000-0000-0000-0000001AF5B8}
T{00000000-0000-0000-0000-0000000BC199}
T{00000000-0000-0000-0000-0000000ADCC9}
T{00000000-0000-0000-0000-00000026AE05}
T{00000000-0000-0000-0000-0000002A93E5}
T{00000000-0000-0000-0000-00000014BCF0}
T{00000000-0000-0000-0000-000000271DD9}
T{00000000-0000-0000-0000-0000000EC5C1}
T{00000000-0000-0000-0000-0000001FD913}
T{00000000-0000-0000-0000-0000000AE237}
T{00000000-0000-0000-0000-0000002651AC}
T{00000000-0000-0000-0000-00000014BCF0}
T{00000000-0000-0000-0000-0000000EC264}
T{00000000-0000-0000-0000-0000000ADF8A}
T{00000000-0000-0000-0000-000000245F5D}
T{00000000-0000-0000-0000-0000002A93E5}
T{00000000-0000-0000-0000-0000000BC199}
T{00000000-0000-0000-0000-000000146C13}
T{00000000-0000-0000-0000-0000000EFCD0}
T{00000000-0000-0000-0000-0000000BBBC1}
T{00000000-0000-0000-0000-00000029B017}
T{00000000-0000-0000-0000-000000171CAA}
T{00000000-0000-0000-0000-0000002415F2}
T{00000000-0000-0000-0000-000000103C79}
T{00000000-0000-0000-0000-0000002DC9A5}
T{00000000-0000-0000-0000-00000024D328}
T{00000000-0000-0000-0000-000000157C8A}
T{00000000-0000-0000-0000-00000024D561}
T{00000000-0000-0000-0000-000000062238}
T{00000000-0000-0000-0000-00000024D4B0}
T{00000000-0000-0000-0000-000000106746}
T{00000000-0000-0000-0000-00000014AC98}
T{00000000-0000-0000-0000-0000002A9CF7}
T{00000000-0000-0000-0000-00000032B96F}
T{00000000-0000-0000-0000-0000000EB1C4}
T{00000000-0000-0000-0000-00000032B96F}
T{00000000-0000-0000-0000-00000009D2DB}
T{00000000-0000-0000-0000-00000026AE05}
T{00000000-0000-0000-0000-000000245F5D}
T{00000000-0000-0000-0000-000000245F5D}
T{00000000-0000-0000-0000-000000171CAA}
T{00000000-0000-0000-0000-000000171CAA}
F{00000000-0000-0000-0000-0000002B8F8A}
T{00000000-0000-0000-0000-000000146C13}
T{00000000-0000-0000-0000-00000011B6E2}
T{00000000-0000-0000-0000-0000001E644A}
T{00000000-0000-0000-0000-0000000F84E7}
T{00000000-0000-0000-0000-000000270DC9}
T{00000000-0000-0000-0000-000000101515}
T{00000000-0000-0000-0000-0000000F84E7}
T{00000000-0000-0000-0000-0000002CD6C8}
T{00000000-0000-0000-0000-0000002A93E5}
T{00000000-0000-0000-0000-00000029B017}
T{00000000-0000-0000-0000-0000001FD913}
T{00000000-0000-0000-0000-0000002BA651}
T{00000000-0000-0000-0000-00000026AE05}
T{00000000-0000-0000-0000-0000000FAF70}
T{00000000-0000-0000-0000-0000002BA651}
T{00000000-0000-0000-0000-000000103C79}
T{00000000-0000-0000-0000-000000106A2C}
T{00000000-0000-0000-0000-00000024D561}
T{00000000-0000-0000-0000-0000000EC264}
T{00000000-0000-0000-0000-0000002A47D9}
T{00000000-0000-0000-0000-000000062238}
T{00000000-0000-0000-0000-00000030D202}
T{00000000-0000-0000-0000-000000106A2C}
T{00000000-0000-0000-0000-0000000EB1C4}
T{00000000-0000-0000-0000-0000000EC5C1}
T{00000000-0000-0000-0000-000000012582}
T{00000000-0000-0000-0000-000000157C8A}
T{00000000-0000-0000-0000-000000289ED3}
T{00000000-0000-0000-0000-00000000D3F0}
T{00000000-0000-0000-0000-0000000FC3AA}
T{00000000-0000-0000-0000-0000000AE237}
T{00000000-0000-0000-0000-0000001A3598}
T{00000000-0000-0000-0000-00000029169E}
T{00000000-0000-0000-0000-0000002CD6C8}
T{00000000-0000-0000-0000-000000270DC9}
T{00000000-0000-0000-0000-0000002796A4}
T{00000000-0000-0000-0000-00000000D3F0}
F{00000000-0000-0000-0000-0000002D4F1C}
T{00000000-0000-0000-0000-00000032B96F}
T{00000000-0000-0000-0000-000000197C0B}
T{00000000-0000-0000-0000-0000001AF5B8}
T{00000000-0000-0000-0000-0000000B07ED}
T{00000000-0000-0000-0000-0000002B8F8A}
T{00000000-0000-0000-0000-00000013794F}
T{00000000-0000-0000-0000-0000000F84E7}
T{00000000-0000-0000-0000-0000000ADF8A}
T{00000000-0000-0000-0000-000000106A2C}
T{00000000-0000-0000-0000-0000000EB1C4}
T{00000000-0000-0000-0000-00000032B96F}
T{00000000-0000-0000-0000-000000062238}
T{00000000-0000-0000-0000-000000244890}
T{00000000-0000-0000-0000-00000014AC98}
T{00000000-0000-0000-0000-00000009D2DB}
T{00000000-0000-0000-0000-00000024D561}
T{00000000-0000-0000-0000-0000001FD913}
T{00000000-0000-0000-0000-0000000B07ED}
T{00000000-0000-0000-0000-0000002A47D9}
T{00000000-0000-0000-0000-000000235C6F}
T{00000000-0000-0000-0000-0000000FAF70}
T{00000000-0000-0000-0000-000000106A2C}
T{00000000-0000-0000-0000-0000001322C6}
T{00000000-0000-0000-0000-000000103C79}
T{00000000-0000-0000-0000-000000106746}
T{00000000-0000-0000-0000-0000000D9F5F}
T{00000000-0000-0000-0000-0000002BFFD7}
T{00000000-0000-0000-0000-000000227154}
T{00000000-0000-0000-0000-0000000BBAE5}
T{00000000-0000-0000-0000-000000271DD9}
T{00000000-0000-0000-0000-00000005EF6E}
T{00000000-0000-0000-0000-00000014BCF0}
T{00000000-0000-0000-0000-0000002BFFD7}
T{00000000-0000-0000-0000-00000031BA6F}
T{00000000-0000-0000-0000-0000000ADF8A}
T{00000000-0000-0000-0000-000000062238}
T{00000000-0000-0000-0000-0000000FAF70}
T{00000000-0000-0000-0000-000000169CBC}
T{00000000-0000-0000-0000-000000012582}
T{00000000-0000-0000-0000-00000014AC98}
T{00000000-0000-0000-0000-00000000D3F0}
T{00000000-0000-0000-0000-000000227154}
T{00000000-0000-0000-0000-0000002D4F1C}
T{00000000-0000-0000-0000-0000000B6F8C}
T{00000000-0000-0000-0000-000000171CAA}
T{00000000-0000-0000-0000-0000001FD913}
T{00000000-0000-0000-0000-000000245B1C}
T{00000000-0000-0000-0000-0000002796A4}
T{00000000-0000-0000-0000-0000000A743F}
T{00000000-0000-0000-0000-000000270DC9}
T{00000000-0000-0000-0000-000000245F5D}
T{00000000-0000-0000-0000-0000000ADF8A}
T{00000000-0000-0000-0000-000000242709}
T{00000000-0000-0000-0000-00000024BF14}
T{00000000-0000-0000-0000-0000002B8F8A}
T{00000000-0000-0000-0000-000000197C0B}
T{00000000-0000-0000-0000-0000002D4F1C}
T{00000000-0000-0000-0000-0000001E644A}
T{00000000-0000-0000-0000-0000002CACBC}
T{00000000-0000-0000-0000-00000009D2DB}
T{00000000-0000-0000-0000-00000005EF6E}
T{00000000-0000-0000-0000-0000003334D3}
T{00000000-0000-0000-0000-00000021F6AA}
T{00000000-0000-0000-0000-000000245F5D}
T{00000000-0000-0000-0000-0000001B7F5B}
T{00000000-0000-0000-0000-0000002BFFD7}
T{00000000-0000-0000-0000-0000002CD6C8}
T{00000000-0000-0000-0000-0000000ADF8A}
T{00000000-0000-0000-0000-000000289ED3}
T{00000000-0000-0000-0000-0000002CACBC}
T{00000000-0000-0000-0000-000000012582}
T{00000000-0000-0000-0000-0000000FC3AA}
T{00000000-0000-0000-0000-0000002415F2}
T{00000000-0000-0000-0000-000000170474}
T{00000000-0000-0000-0000-00000013794F}
T{00000000-0000-0000-0000-0000000B6F8C}
T{00000000-0000-0000-0000-000000106A2C}
T{00000000-0000-0000-0000-0000002B8F8A}
T{00000000-0000-0000-0000-0000000EB1C4}
T{00000000-0000-0000-0000-00000024D328}
T{00000000-0000-0000-0000-0000002BA651}
T{00000000-0000-0000-0000-0000000BC199}
T{00000000-0000-0000-0000-0000002BFFD7}
T{00000000-0000-0000-0000-0000002BFFD7}
T{00000000-0000-0000-0000-0000000C5A2F}
T{00000000-0000-0000-0000-000000245F5D}
T{00000000-0000-0000-0000-0000000FC3AA}
T{00000000-0000-0000-0000-0000000FC3AA}
T{00000000-0000-0000-0000-00000013794F}
T{00000000-0000-0000-0000-00000024BF14}
T{00000000-0000-0000-0000-000000101515}
T{00000000-0000-0000-0000-0000002CACBC}
T{00000000-0000-0000-0000-000000062238}
T{00000000-0000-0000-0000-0000000BBAE5}
T{00000000-0000-0000-0000-0000000BBAE5}
T{00000000-0000-0000-0000-0000002BFFD7}
T{00000000-0000-0000-0000-000000106A2C}
T{00000000-0000-0000-0000-0000002A93E5}
T{00000000-0000-0000-0000-0000000EFCD0}
T{00000000-0000-0000-0000-0000000FAF70}
T{00000000-0000-0000-0000-0000002B8F8A}
T{00000000-0000-0000-0000-00000026AE05}
T{00000000-0000-0000-0000-0000002415F2}
T{00000000-0000-0000-0000-000000171CAA}
T{00000000-0000-0000-0000-000000169CBC}
T{00000000-0000-0000-0000-0000002DC9A5}
T{00000000-0000-0000-0000-000000235C6F}
T{00000000-0000-0000-0000-000000235C6F}
T{00000000-0000-0000-0000-00000023C11C}
T{00000000-0000-0000-0000-00000028CA92}
T{00000000-0000-0000-0000-000000242709}
T{00000000-0000-0000-0000-000000242709}
T{00000000-0000-0000-0000-0000002D4F1C}
T{00000000-0000-0000-0000-0000002EDFFA}
T{00000000-0000-0000-0000-0000002D4F1C}
T{00000000-0000-0000-0000-0000000BBBC1}
T{00000000-0000-0000-0000-00000028CA92}
T{00000000-0000-0000-0000-0000000D199E}
F{00000000-0000-0000-0000-0000000AE237}
F{00000000-0000-0000-0000-00000032016B}
T{00000000-0000-0000-0000-0000002EE24C}
T{00000000-0000-0000-0000-0000002FA3FA}
T{00000000-0000-0000-0000-000000007962}
T{00000000-0000-0000-0000-000000007962}
T{00000000-0000-0000-0000-00000032016B}
T{00000000-0000-0000-0000-0000002F16BE}
T{00000000-0000-0000-0000-000000235C6F}
T{00000000-0000-0000-0000-000000299934}
T{00000000-0000-0000-0000-00000032016B}
T{00000000-0000-0000-0000-0000002FA3FA}
T{00000000-0000-0000-0000-00000023C11C}
T{00000000-0000-0000-0000-0000002FA3FA}
T{00000000-0000-0000-0000-000000235C6F}
T{00000000-0000-0000-0000-000000235C6F}
T{00000000-0000-0000-0000-00000031BA6F}
T{00000000-0000-0000-0000-00000031BA6F}
T{00000000-0000-0000-0000-000000235C6F}
T{00000000-0000-0000-0000-00000032016B}
T{00000000-0000-0000-0000-000000007962}
T{00000000-0000-0000-0000-0000002EDFFA}
T{00000000-0000-0000-0000-0000002EDFFA}
T{00000000-0000-0000-0000-0000002FA3FA}
T{00000000-0000-0000-0000-0000002FA3FA}
T{00000000-0000-0000-0000-000000235C6F}
T{00000000-0000-0000-0000-000000235C6F}
T{00000000-0000-0000-0000-0000002FA3FA}
T{00000000-0000-0000-0000-00000023C11C}
T{00000000-0000-0000-0000-0000000D199E}
T{00000000-0000-0000-0000-0000000D199E}
T{00000000-0000-0000-0000-0000000AE237}
T{00000000-0000-0000-0000-0000000AE237}
T{00000000-0000-0000-0000-0000000D199E}
T{00000000-0000-0000-0000-0000002D4F1C}
T{00000000-0000-0000-0000-0000000D199E}
T{00000000-0000-0000-0000-0000002EE24C}
T{00000000-0000-0000-0000-000000007962}
T{00000000-0000-0000-0000-000000242709}
T{00000000-0000-0000-0000-00000023C11C}
T{00000000-0000-0000-0000-0000002D4F1C}
T{00000000-0000-0000-0000-0000002F16BE}
T{00000000-0000-0000-0000-0000000BBBC1}
T{00000000-0000-0000-0000-000000101B79}
T{00000000-0000-0000-0000-0000002EDFFA}
T{00000000-0000-0000-0000-000000170474}
T{00000000-0000-0000-0000-000000170474}
T{00000000-0000-0000-0000-0000000AE237}
T{00000000-0000-0000-0000-0000002596A5}
T{00000000-0000-0000-0000-000000299934}
T{00000000-0000-0000-0000-000000170474}
T{00000000-0000-0000-0000-000000170474}
T{00000000-0000-0000-0000-0000001B4BD8}
T{00000000-0000-0000-0000-0000001B4BD8}
T{00000000-0000-0000-0000-0000002596A5}
T{00000000-0000-0000-0000-000000170474}
T{00000000-0000-0000-0000-0000002596A5}
T{00000000-0000-0000-0000-0000001B4BD8}
T{00000000-0000-0000-0000-0000000AE237}
T{00000000-0000-0000-0000-0000001B4BD8}
T{00000000-0000-0000-0000-000000170474}
T{00000000-0000-0000-0000-0000000AE237}
T{00000000-0000-0000-0000-000000299934}
T{00000000-0000-0000-0000-0000000AE237}
T{00000000-0000-0000-0000-0000001B4BD8}
T{00000000-0000-0000-0000-0000001B4BD8}
T{00000000-0000-0000-0000-0000000AE237}
T{00000000-0000-0000-0000-0000000AE237}
T{00000000-0000-0000-0000-0000000AE237}
