T{00000000-0000-0000-0000-000000324F12}
T{00000000-0000-0000-0000-00000024D577}
T{00000000-0000-0000-0000-00000016D577}
F{00000000-0000-0000-0000-00000009066B}
F{00000000-0000-0000-0000-00000008DF2C}
T{00000000-0000-0000-0000-000000018F25}
F{00000000-0000-0000-0000-000000018C66}
T{00000000-0000-0000-0000-0000003364DF}
T{00000000-0000-0000-0000-00000022178C}
T{00000000-0000-0000-0000-00000009D2DB}
T{00000000-0000-0000-0000-000000298366}
F{00000000-0000-0000-0000-00000002FF57}
T{00000000-0000-0000-0000-00000026FC87}
T{00000000-0000-0000-0000-0000002CD908}
F{00000000-0000-0000-0000-00000011A66A}
F{00000000-0000-0000-0000-00000008DF2C}
F{00000000-0000-0000-0000-0000002ADB4F}
F{00000000-0000-0000-0000-0000000D0CBC}
T{00000000-0000-0000-0000-0000001FD913}
F{00000000-0000-0000-0000-000000011C79}
T{00000000-0000-0000-0000-00000009066B}
T{00000000-0000-0000-0000-000000245F5D}
T{00000000-0000-0000-0000-00000003E599}
T{00000000-0000-0000-0000-0000002FB7BE}
T{00000000-0000-0000-0000-00000013794F}
F{00000000-0000-0000-0000-00000023CF03}
T{00000000-0000-0000-0000-0000002CAD87}
T{00000000-0000-0000-0000-0000001BCC51}
F{00000000-0000-0000-0000-0000000D0CBC}
T{00000000-0000-0000-0000-00000022384A}
T{00000000-0000-0000-0000-0000002B39CA}
T{00000000-0000-0000-0000-0000000A7628}
T{00000000-0000-0000-0000-0000002361B7}
T{00000000-0000-0000-0000-00000032FBFC}
T{00000000-0000-0000-0000-00000009C55D}
T{00000000-0000-0000-0000-00000019ED05}
T{00000000-0000-0000-0000-0000000483B8}
T{00000000-0000-0000-0000-0000002FF8E1}
T{00000000-0000-0000-0000-0000001D6905}
F{00000000-0000-0000-0000-0000000A8C33}
T{00000000-0000-0000-0000-00000021F6AA}
F{00000000-0000-0000-0000-000000122CB0}
T{00000000-0000-0000-0000-000000321523}
T{00000000-0000-0000-0000-0000001EA31D}
T{00000000-0000-0000-0000-0000002F3C70}
T{00000000-0000-0000-0000-000000018F25}
T{00000000-0000-0000-0000-000000039812}
T{00000000-0000-0000-0000-0000002278EC}
F{00000000-0000-0000-0000-0000000A1515}
T{00000000-0000-0000-0000-00000028E78F}
T{00000000-0000-0000-0000-000000103C79}
T{00000000-0000-0000-0000-000000324F12}
T{00000000-0000-0000-0000-000000108BD7}
F{00000000-0000-0000-0000-00000013C356}
F{00000000-0000-0000-0000-000000263D12}
T{00000000-0000-0000-0000-000000068F47}
T{00000000-0000-0000-0000-00000006193F}
T{00000000-0000-0000-0000-0000000DBAAE}
T{00000000-0000-0000-0000-0000001B01CB}
T{00000000-0000-0000-0000-0000001894F4}
F{00000000-0000-0000-0000-000000278875}
T{00000000-0000-0000-0000-000000105E37}
T{00000000-0000-0000-0000-0000002C4FBE}
T{00000000-0000-0000-0000-0000000ED171}
T{00000000-0000-0000-0000-0000000EB1C4}
T{00000000-0000-0000-0000-00000020BD3C}
T{00000000-0000-0000-0000-00000016A5CD}
T{00000000-0000-0000-0000-00000026F31D}
T{00000000-0000-0000-0000-0000001282E8}
T{00000000-0000-0000-0000-00000024CEA5}
T{00000000-0000-0000-0000-00000016D577}
T{00000000-0000-0000-0000-0000001464E5}
T{00000000-0000-0000-0000-000000218CCC}
T{00000000-0000-0000-0000-00000024C269}
T{00000000-0000-0000-0000-00000031DB69}
T{00000000-0000-0000-0000-0000000DEA25}
T{00000000-0000-0000-0000-00000014AEB7}
T{00000000-0000-0000-0000-000000053322}
T{00000000-0000-0000-0000-00000018264F}
T{00000000-0000-0000-0000-00000031EFC5}
T{00000000-0000-0000-0000-000000018FBC}
T{00000000-0000-0000-0000-0000001322C6}
T{00000000-0000-0000-0000-0000001028EE}
T{00000000-0000-0000-0000-00000016D43B}
T{00000000-0000-0000-0000-0000000FDBD1}
T{00000000-0000-0000-0000-000000011C79}
T{00000000-0000-0000-0000-00000017358C}
T{00000000-0000-0000-0000-0000002F9D8A}
T{00000000-0000-0000-0000-00000024DE3A}
T{00000000-0000-0000-0000-00000017BAFF}
F{00000000-0000-0000-0000-000000147165}
T{00000000-0000-0000-0000-00000011D6C2}
T{00000000-0000-0000-0000-000000334D03}
T{00000000-0000-0000-0000-0000002337D8}
T{00000000-0000-0000-0000-0000001DB186}
T{00000000-0000-0000-0000-0000000ABCBF}
T{00000000-0000-0000-0000-00000011116B}
T{00000000-0000-0000-0000-00000006FA7E}
T{00000000-0000-0000-0000-00000023DB4E}
T{00000000-0000-0000-0000-000000336361}
T{00000000-0000-0000-0000-000000041E64}
T{00000000-0000-0000-0000-0000000A1852}
T{00000000-0000-0000-0000-0000001021AA}
T{00000000-0000-0000-0000-00000001C42B}
T{00000000-0000-0000-0000-00000017358C}
F{00000000-0000-0000-0000-0000002691F5}
T{00000000-0000-0000-0000-0000000A9F0E}
T{00000000-0000-0000-0000-0000000A3CCC}
T{00000000-0000-0000-0000-0000001719BD}
T{00000000-0000-0000-0000-00000016D577}
