T{00000000-0000-0000-0000-0000003203C7}
T{00000000-0000-0000-0000-00000032A88C}
T{00000000-0000-0000-0000-00000016276F}
T{00000000-0000-0000-0000-0000002F41B7}
T{00000000-0000-0000-0000-00000032A359}
T{00000000-0000-0000-0000-00000032A2DE}
T{00000000-0000-0000-0000-0000000AFACB}
T{00000000-0000-0000-0000-00000032A1D1}
T{00000000-0000-0000-0000-00000030E635}
T{00000000-0000-0000-0000-000000329CCA}
T{00000000-0000-0000-0000-00000012F709}
T{00000000-0000-0000-0000-00000032998D}
T{00000000-0000-0000-0000-0000001937CB}
T{00000000-0000-0000-0000-0000000C25CA}
T{00000000-0000-0000-0000-0000000FA0B1}
T{00000000-0000-0000-0000-0000000C9116}
T{00000000-0000-0000-0000-0000003276E5}
T{00000000-0000-0000-0000-00000030DFCF}
T{00000000-0000-0000-0000-000000326DB4}
T{00000000-0000-0000-0000-0000000F6E47}
T{00000000-0000-0000-0000-00000030DFA8}
T{00000000-0000-0000-0000-0000000A911B}
T{00000000-0000-0000-0000-0000000D5073}
T{00000000-0000-0000-0000-000000325BB2}
T{00000000-0000-0000-0000-000000325A85}
T{00000000-0000-0000-0000-0000003258FD}
T{00000000-0000-0000-0000-000000325504}
T{00000000-0000-0000-0000-000000325445}
T{00000000-0000-0000-0000-0000000A896C}
T{00000000-0000-0000-0000-0000000A908A}
F{00000000-0000-0000-0000-000000324F12}
T{00000000-0000-0000-0000-0000001BF05D}
T{00000000-0000-0000-0000-00000032379E}
T{00000000-0000-0000-0000-00000030D8FB}
T{00000000-0000-0000-0000-0000003232BF}
T{00000000-0000-0000-0000-0000002131BD}
T{00000000-0000-0000-0000-000000174513}
T{00000000-0000-0000-0000-0000003229F7}
T{00000000-0000-0000-0000-0000003226FF}
T{00000000-0000-0000-0000-00000030D59E}
T{00000000-0000-0000-0000-0000000DEB1C}
T{00000000-0000-0000-0000-000000321BEE}
T{00000000-0000-0000-0000-000000179654}
T{00000000-0000-0000-0000-0000000AABBA}
F{00000000-0000-0000-0000-00000009066B}
T{00000000-0000-0000-0000-0000000BD680}
T{00000000-0000-0000-0000-000000258070}
T{00000000-0000-0000-0000-00000011331A}
T{00000000-0000-0000-0000-0000000AAB15}
T{00000000-0000-0000-0000-000000321513}
T{00000000-0000-0000-0000-0000000A9CAE}
T{00000000-0000-0000-0000-00000030D493}
T{00000000-0000-0000-0000-0000000AAAD8}
T{00000000-0000-0000-0000-0000000AA8E8}
T{00000000-0000-0000-0000-0000001DBA67}
T{00000000-0000-0000-0000-0000000F94A1}
T{00000000-0000-0000-0000-00000030BFB1}
T{00000000-0000-0000-0000-00000020F58D}
T{00000000-0000-0000-0000-00000032F5D9}
T{00000000-0000-0000-0000-0000003203FE}
T{00000000-0000-0000-0000-00000032E9B7}
T{00000000-0000-0000-0000-00000032E620}
T{00000000-0000-0000-0000-00000030FE52}
T{00000000-0000-0000-0000-00000031FFCB}
T{00000000-0000-0000-0000-00000031FF23}
T{00000000-0000-0000-0000-00000026405C}
T{00000000-0000-0000-0000-0000000F4D41}
T{00000000-0000-0000-0000-00000031F98A}
T{00000000-0000-0000-0000-000000273384}
T{00000000-0000-0000-0000-0000000A8EF8}
T{00000000-0000-0000-0000-00000032D25A}
T{00000000-0000-0000-0000-0000000F9EC8}
T{00000000-0000-0000-0000-00000032C032}
T{00000000-0000-0000-0000-0000001A6636}
T{00000000-0000-0000-0000-00000030EF03}
T{00000000-0000-0000-0000-00000010AC53}
F{00000000-0000-0000-0000-00000008DF2C}
T{00000000-0000-0000-0000-0000000A8CE4}
T{00000000-0000-0000-0000-00000032B0A7}
T{00000000-0000-0000-0000-00000016D764}
T{00000000-0000-0000-0000-0000000C9242}
T{00000000-0000-0000-0000-0000000F3E8F}
T{00000000-0000-0000-0000-0000000F4E23}
T{00000000-0000-0000-0000-00000028EC62}
T{00000000-0000-0000-0000-000000051CC8}
T{00000000-0000-0000-0000-000000169E95}
T{00000000-0000-0000-0000-0000002380FC}
T{00000000-0000-0000-0000-0000000CF399}
T{00000000-0000-0000-0000-00000026489E}
T{00000000-0000-0000-0000-000000281D15}
T{00000000-0000-0000-0000-0000000515AC}
T{00000000-0000-0000-0000-000000061020}
T{00000000-0000-0000-0000-00000033ADB2}
T{00000000-0000-0000-0000-0000001A63ED}
T{00000000-0000-0000-0000-00000008911A}
T{00000000-0000-0000-0000-0000001A4030}
T{00000000-0000-0000-0000-000000335BCA}
T{00000000-0000-0000-0000-0000000BFA99}
T{00000000-0000-0000-0000-000000052FAB}
T{00000000-0000-0000-0000-0000000C58D5}
T{00000000-0000-0000-0000-000000104730}
T{00000000-0000-0000-0000-00000005A43C}
T{00000000-0000-0000-0000-00000018B2B3}
T{00000000-0000-0000-0000-00000019A06B}
T{00000000-0000-0000-0000-0000000D0E55}
T{00000000-0000-0000-0000-00000004ADEE}
T{00000000-0000-0000-0000-00000004A91F}
T{00000000-0000-0000-0000-0000002B18A4}
T{00000000-0000-0000-0000-00000015C3EB}
T{00000000-0000-0000-0000-00000015C5C4}
T{00000000-0000-0000-0000-00000015C974}
T{00000000-0000-0000-0000-00000014BE69}
T{00000000-0000-0000-0000-000000161791}
T{00000000-0000-0000-0000-00000017E399}
T{00000000-0000-0000-0000-000000162B36}
T{00000000-0000-0000-0000-000000120F28}
T{00000000-0000-0000-0000-000000049F92}
T{00000000-0000-0000-0000-000000313A87}
T{00000000-0000-0000-0000-00000016354C}
T{00000000-0000-0000-0000-0000001637A1}
T{00000000-0000-0000-0000-00000030858D}
T{00000000-0000-0000-0000-000000325701}
T{00000000-0000-0000-0000-0000001670BF}
T{00000000-0000-0000-0000-0000001AC384}
T{00000000-0000-0000-0000-0000001674C5}
T{00000000-0000-0000-0000-0000001674D4}
T{00000000-0000-0000-0000-000000191AFB}
T{00000000-0000-0000-0000-0000001676A2}
T{00000000-0000-0000-0000-000000167B86}
T{00000000-0000-0000-0000-000000168037}
T{00000000-0000-0000-0000-0000001719BD}
T{00000000-0000-0000-0000-0000000DBCB6}
T{00000000-0000-0000-0000-000000168372}
T{00000000-0000-0000-0000-000000284AAF}
T{00000000-0000-0000-0000-0000000F17DD}
T{00000000-0000-0000-0000-0000001685A8}
T{00000000-0000-0000-0000-00000028544E}
T{00000000-0000-0000-0000-000000169FF1}
T{00000000-0000-0000-0000-00000016A6B0}
T{00000000-0000-0000-0000-00000016A760}
T{00000000-0000-0000-0000-00000016ADF2}
T{00000000-0000-0000-0000-00000016B0D0}
T{00000000-0000-0000-0000-00000016B471}
T{00000000-0000-0000-0000-0000002B5FAB}
T{00000000-0000-0000-0000-00000016BB86}
T{00000000-0000-0000-0000-00000022C95C}
T{00000000-0000-0000-0000-00000026877E}
T{00000000-0000-0000-0000-0000001EA021}
T{00000000-0000-0000-0000-0000000DB001}
T{00000000-0000-0000-0000-00000016D079}
T{00000000-0000-0000-0000-000000333365}
F{00000000-0000-0000-0000-00000016D577}
T{00000000-0000-0000-0000-0000001D22D2}
T{00000000-0000-0000-0000-00000016E093}
T{00000000-0000-0000-0000-0000001B7160}
T{00000000-0000-0000-0000-000000241984}
T{00000000-0000-0000-0000-00000016E162}
T{00000000-0000-0000-0000-00000016E1D9}
T{00000000-0000-0000-0000-0000000E131D}
T{00000000-0000-0000-0000-000000208E07}
T{00000000-0000-0000-0000-00000010C82D}
T{00000000-0000-0000-0000-00000020979D}
T{00000000-0000-0000-0000-0000000D4145}
T{00000000-0000-0000-0000-000000208B0E}
T{00000000-0000-0000-0000-000000010D53}
T{00000000-0000-0000-0000-0000001CB8AD}
T{00000000-0000-0000-0000-00000022F6CF}
T{00000000-0000-0000-0000-0000002D40A9}
T{00000000-0000-0000-0000-0000000605DC}
T{00000000-0000-0000-0000-000000032A81}
T{00000000-0000-0000-0000-000000011409}
T{00000000-0000-0000-0000-000000303383}
T{00000000-0000-0000-0000-00000010B567}
T{00000000-0000-0000-0000-000000097636}
T{00000000-0000-0000-0000-0000000C465E}
T{00000000-0000-0000-0000-000000047CB1}
T{00000000-0000-0000-0000-00000010DE93}
T{00000000-0000-0000-0000-000000011590}
T{00000000-0000-0000-0000-00000025A498}
T{00000000-0000-0000-0000-00000010D742}
T{00000000-0000-0000-0000-00000020FF19}
T{00000000-0000-0000-0000-0000002102FE}
T{00000000-0000-0000-0000-0000002F8823}
T{00000000-0000-0000-0000-00000022D4F8}
T{00000000-0000-0000-0000-000000011B19}
T{00000000-0000-0000-0000-0000000C38FB}
T{00000000-0000-0000-0000-000000213BFB}
T{00000000-0000-0000-0000-0000000A936C}
T{00000000-0000-0000-0000-0000000D0108}
T{00000000-0000-0000-0000-000000027944}
T{00000000-0000-0000-0000-000000215EDC}
T{00000000-0000-0000-0000-0000000F94B1}
T{00000000-0000-0000-0000-00000009E39E}
T{00000000-0000-0000-0000-000000091B4B}
T{00000000-0000-0000-0000-000000011BFD}
T{00000000-0000-0000-0000-000000216892}
T{00000000-0000-0000-0000-0000001094D2}
T{00000000-0000-0000-0000-000000105E37}
T{00000000-0000-0000-0000-000000216AE1}
T{00000000-0000-0000-0000-0000002667D3}
T{00000000-0000-0000-0000-00000025956D}
T{00000000-0000-0000-0000-000000108C87}
T{00000000-0000-0000-0000-00000008A894}
T{00000000-0000-0000-0000-00000020279E}
T{00000000-0000-0000-0000-00000030AD9D}
T{00000000-0000-0000-0000-00000030AA26}
T{00000000-0000-0000-0000-00000016E022}
T{00000000-0000-0000-0000-00000021E377}
T{00000000-0000-0000-0000-000000309BAE}
T{00000000-0000-0000-0000-000000309351}
T{00000000-0000-0000-0000-0000003086A0}
T{00000000-0000-0000-0000-0000003085E0}
T{00000000-0000-0000-0000-000000306AD7}
T{00000000-0000-0000-0000-0000000A7843}
T{00000000-0000-0000-0000-000000305281}
T{00000000-0000-0000-0000-000000305FA5}
T{00000000-0000-0000-0000-000000191C5B}
T{00000000-0000-0000-0000-00000021F999}
T{00000000-0000-0000-0000-000000304479}
T{00000000-0000-0000-0000-00000021F9DF}
T{00000000-0000-0000-0000-0000000127F6}
T{00000000-0000-0000-0000-000000302A71}
T{00000000-0000-0000-0000-000000272309}
T{00000000-0000-0000-0000-000000301FD1}
T{00000000-0000-0000-0000-0000002247F0}
T{00000000-0000-0000-0000-0000000A747D}
T{00000000-0000-0000-0000-000000059DC9}
T{00000000-0000-0000-0000-0000003005DD}
T{00000000-0000-0000-0000-00000022A2D7}
T{00000000-0000-0000-0000-000000012E4C}
T{00000000-0000-0000-0000-00000022B6B6}
T{00000000-0000-0000-0000-00000013EB82}
T{00000000-0000-0000-0000-0000000592AC}
T{00000000-0000-0000-0000-00000022C044}
T{00000000-0000-0000-0000-000000248FB1}
T{00000000-0000-0000-0000-00000027788D}
T{00000000-0000-0000-0000-0000002FD962}
T{00000000-0000-0000-0000-0000002FD8B5}
T{00000000-0000-0000-0000-0000002FD432}
T{00000000-0000-0000-0000-0000002378AD}
T{00000000-0000-0000-0000-0000002FC5A9}
T{00000000-0000-0000-0000-0000002FC356}
T{00000000-0000-0000-0000-000000238FEB}
T{00000000-0000-0000-0000-0000002FBEF4}
T{00000000-0000-0000-0000-0000002FBB20}
T{00000000-0000-0000-0000-0000002FB5A8}
T{00000000-0000-0000-0000-000000013112}
T{00000000-0000-0000-0000-000000239333}
T{00000000-0000-0000-0000-0000000131D3}
T{00000000-0000-0000-0000-00000023B888}
T{00000000-0000-0000-0000-0000002F9E2D}
T{00000000-0000-0000-0000-00000001A038}
T{00000000-0000-0000-0000-0000002F9A2C}
T{00000000-0000-0000-0000-0000000596BA}
T{00000000-0000-0000-0000-0000002F994B}
T{00000000-0000-0000-0000-000000097A42}
T{00000000-0000-0000-0000-00000013F4AB}
T{00000000-0000-0000-0000-000000167EFD}
T{00000000-0000-0000-0000-0000002F7F9E}
T{00000000-0000-0000-0000-0000002F7EE6}
T{00000000-0000-0000-0000-0000000A6FED}
T{00000000-0000-0000-0000-0000002F7CFB}
T{00000000-0000-0000-0000-0000002F719E}
T{00000000-0000-0000-0000-000000074C2A}
T{00000000-0000-0000-0000-0000002F6EB0}
T{00000000-0000-0000-0000-00000005EE69}
T{00000000-0000-0000-0000-000000019710}
T{00000000-0000-0000-0000-0000002F6564}
T{00000000-0000-0000-0000-0000002F609B}
T{00000000-0000-0000-0000-000000043636}
T{00000000-0000-0000-0000-0000002F5968}
T{00000000-0000-0000-0000-00000001C192}
T{00000000-0000-0000-0000-000000152BA5}
T{00000000-0000-0000-0000-000000048DE2}
T{00000000-0000-0000-0000-000000013379}
T{00000000-0000-0000-0000-00000030ADFE}
F{00000000-0000-0000-0000-000000018F25}
T{00000000-0000-0000-0000-0000002F4ABD}
T{00000000-0000-0000-0000-0000002F463E}
T{00000000-0000-0000-0000-0000002F45CC}
T{00000000-0000-0000-0000-0000002F44F5}
T{00000000-0000-0000-0000-000000048C21}
T{00000000-0000-0000-0000-0000002F3F28}
T{00000000-0000-0000-0000-0000002F27D4}
T{00000000-0000-0000-0000-0000002F2324}
T{00000000-0000-0000-0000-000000111BB4}
T{00000000-0000-0000-0000-00000031B682}
T{00000000-0000-0000-0000-0000002F1EA4}
T{00000000-0000-0000-0000-000000243055}
T{00000000-0000-0000-0000-0000002F168B}
T{00000000-0000-0000-0000-0000002F095B}
T{00000000-0000-0000-0000-0000002F01A0}
T{00000000-0000-0000-0000-00000023DAE9}
T{00000000-0000-0000-0000-0000002EFD08}
T{00000000-0000-0000-0000-000000303D82}
T{00000000-0000-0000-0000-0000002EFC5F}
T{00000000-0000-0000-0000-000000073239}
T{00000000-0000-0000-0000-0000002EEE63}
T{00000000-0000-0000-0000-0000002EEC74}
T{00000000-0000-0000-0000-0000000CF417}
T{00000000-0000-0000-0000-0000002FDA09}
T{00000000-0000-0000-0000-0000002EE583}
T{00000000-0000-0000-0000-0000000134DD}
T{00000000-0000-0000-0000-00000002B5B2}
T{00000000-0000-0000-0000-00000023EBA1}
T{00000000-0000-0000-0000-00000014930C}
T{00000000-0000-0000-0000-0000002E3764}
F{00000000-0000-0000-0000-00000024D577}
T{00000000-0000-0000-0000-00000009E7DF}
T{00000000-0000-0000-0000-000000039743}
T{00000000-0000-0000-0000-000000014DAB}
T{00000000-0000-0000-0000-00000025D734}
T{00000000-0000-0000-0000-000000081226}
F{00000000-0000-0000-0000-000000018C66}
T{00000000-0000-0000-0000-0000002EC3A1}
T{00000000-0000-0000-0000-0000002443AD}
T{00000000-0000-0000-0000-0000002449C9}
T{00000000-0000-0000-0000-0000002EC06A}
T{00000000-0000-0000-0000-0000002EBB16}
T{00000000-0000-0000-0000-0000002EBA82}
T{00000000-0000-0000-0000-00000006EF8B}
T{00000000-0000-0000-0000-000000219530}
T{00000000-0000-0000-0000-0000002EB569}
T{00000000-0000-0000-0000-000000104E8B}
T{00000000-0000-0000-0000-000000167D8F}
T{00000000-0000-0000-0000-000000245D0C}
T{00000000-0000-0000-0000-000000018540}
T{00000000-0000-0000-0000-000000245FF5}
T{00000000-0000-0000-0000-000000153777}
T{00000000-0000-0000-0000-0000001434A7}
T{00000000-0000-0000-0000-0000002C0FA0}
T{00000000-0000-0000-0000-000000240013}
T{00000000-0000-0000-0000-0000002477C7}
T{00000000-0000-0000-0000-0000001675CD}
T{00000000-0000-0000-0000-0000002480A3}
T{00000000-0000-0000-0000-00000007C577}
T{00000000-0000-0000-0000-00000024876F}
T{00000000-0000-0000-0000-0000001976B9}
T{00000000-0000-0000-0000-00000020ED18}
T{00000000-0000-0000-0000-0000000642F7}
T{00000000-0000-0000-0000-000000212DB9}
T{00000000-0000-0000-0000-0000000231D2}
T{00000000-0000-0000-0000-00000030F9B8}
T{00000000-0000-0000-0000-000000248B49}
T{00000000-0000-0000-0000-000000021549}
T{00000000-0000-0000-0000-0000001899BB}
T{00000000-0000-0000-0000-0000000E64AE}
T{00000000-0000-0000-0000-0000000A367D}
T{00000000-0000-0000-0000-000000016E5C}
T{00000000-0000-0000-0000-000000103CB0}
T{00000000-0000-0000-0000-0000001030F6}
T{00000000-0000-0000-0000-0000002DB274}
T{00000000-0000-0000-0000-00000024A4E7}
T{00000000-0000-0000-0000-00000003457B}
T{00000000-0000-0000-0000-000000241421}
T{00000000-0000-0000-0000-0000002E3B0B}
T{00000000-0000-0000-0000-00000027A92A}
T{00000000-0000-0000-0000-0000002E383E}
T{00000000-0000-0000-0000-0000000DE13D}
T{00000000-0000-0000-0000-00000005E8C5}
T{00000000-0000-0000-0000-000000268175}
T{00000000-0000-0000-0000-000000199A5F}
T{00000000-0000-0000-0000-00000011EAB7}
T{00000000-0000-0000-0000-00000020F484}
T{00000000-0000-0000-0000-00000005E0A5}
T{00000000-0000-0000-0000-00000021E310}
T{00000000-0000-0000-0000-0000001024F5}
T{00000000-0000-0000-0000-00000005E083}
T{00000000-0000-0000-0000-000000210B2F}
T{00000000-0000-0000-0000-00000026E2D2}
T{00000000-0000-0000-0000-0000000804CA}
T{00000000-0000-0000-0000-0000001D1F02}
T{00000000-0000-0000-0000-0000001AC6FB}
T{00000000-0000-0000-0000-0000001EB17F}
T{00000000-0000-0000-0000-00000016FB0E}
T{00000000-0000-0000-0000-0000000FE70A}
T{00000000-0000-0000-0000-00000005BFDB}
T{00000000-0000-0000-0000-0000002AE708}
T{00000000-0000-0000-0000-00000009AFDF}
T{00000000-0000-0000-0000-0000001347F9}
T{00000000-0000-0000-0000-00000005B6A7}
T{00000000-0000-0000-0000-00000005AA52}
T{00000000-0000-0000-0000-000000102010}
T{00000000-0000-0000-0000-000000101F0A}
T{00000000-0000-0000-0000-00000005A937}
T{00000000-0000-0000-0000-000000058EAC}
T{00000000-0000-0000-0000-000000232E02}
T{00000000-0000-0000-0000-0000000567E6}
T{00000000-0000-0000-0000-00000015B60D}
T{00000000-0000-0000-0000-000000165F44}
T{00000000-0000-0000-0000-000000101990}
T{00000000-0000-0000-0000-00000006BD98}
T{00000000-0000-0000-0000-000000055B71}
T{00000000-0000-0000-0000-0000000A23F2}
T{00000000-0000-0000-0000-00000010AA73}
T{00000000-0000-0000-0000-00000011BF00}
T{00000000-0000-0000-0000-0000002D041D}
T{00000000-0000-0000-0000-00000011215C}
T{00000000-0000-0000-0000-00000019A437}
T{00000000-0000-0000-0000-000000052190}
T{00000000-0000-0000-0000-000000140CF2}
T{00000000-0000-0000-0000-00000032AC91}
T{00000000-0000-0000-0000-000000016858}
T{00000000-0000-0000-0000-0000001D50D9}
T{00000000-0000-0000-0000-0000002B17AA}
T{00000000-0000-0000-0000-00000000F30D}
T{00000000-0000-0000-0000-00000000F403}
T{00000000-0000-0000-0000-00000019D2DF}
T{00000000-0000-0000-0000-00000019D5F5}
T{00000000-0000-0000-0000-00000019EE3F}
T{00000000-0000-0000-0000-00000019EF0C}
T{00000000-0000-0000-0000-0000001A51BE}
T{00000000-0000-0000-0000-0000001A5518}
T{00000000-0000-0000-0000-00000010C98E}
T{00000000-0000-0000-0000-0000002F7E3D}
T{00000000-0000-0000-0000-0000001A902F}
T{00000000-0000-0000-0000-0000001AAC57}
T{00000000-0000-0000-0000-000000180B82}
T{00000000-0000-0000-0000-0000001AACFF}
T{00000000-0000-0000-0000-0000001AB262}
T{00000000-0000-0000-0000-0000001AC280}
T{00000000-0000-0000-0000-00000019B1D7}
T{00000000-0000-0000-0000-0000001B3997}
T{00000000-0000-0000-0000-0000001B51E5}
T{00000000-0000-0000-0000-0000001B6B37}
T{00000000-0000-0000-0000-0000001B796B}
T{00000000-0000-0000-0000-0000002106DF}
T{00000000-0000-0000-0000-00000026535B}
F{00000000-0000-0000-0000-0000003364DF}
T{00000000-0000-0000-0000-00000020FE66}
T{00000000-0000-0000-0000-00000000F4CC}
T{00000000-0000-0000-0000-0000001B8C6D}
T{00000000-0000-0000-0000-0000002A7E7B}
T{00000000-0000-0000-0000-0000001C1115}
T{00000000-0000-0000-0000-00000001100A}
T{00000000-0000-0000-0000-0000000E33A8}
T{00000000-0000-0000-0000-00000026C4A8}
T{00000000-0000-0000-0000-0000001C27D4}
T{00000000-0000-0000-0000-0000002B60DE}
T{00000000-0000-0000-0000-0000001EFA4A}
T{00000000-0000-0000-0000-0000000ED171}
T{00000000-0000-0000-0000-000000148E09}
T{00000000-0000-0000-0000-00000031411F}
T{00000000-0000-0000-0000-00000000F5F7}
T{00000000-0000-0000-0000-0000001FC5AC}
T{00000000-0000-0000-0000-000000010730}
T{00000000-0000-0000-0000-000000010757}
T{00000000-0000-0000-0000-0000001D5258}
T{00000000-0000-0000-0000-00000022CD7A}
T{00000000-0000-0000-0000-00000010F4D3}
T{00000000-0000-0000-0000-0000002E0398}
T{00000000-0000-0000-0000-000000063526}
T{00000000-0000-0000-0000-0000000278BF}
T{00000000-0000-0000-0000-00000008AD28}
T{00000000-0000-0000-0000-0000000B9736}
T{00000000-0000-0000-0000-00000002CB18}
T{00000000-0000-0000-0000-000000249EBF}
T{00000000-0000-0000-0000-000000048144}
T{00000000-0000-0000-0000-00000004808D}
T{00000000-0000-0000-0000-000000089BE8}
T{00000000-0000-0000-0000-000000047EE1}
T{00000000-0000-0000-0000-0000002031C8}
T{00000000-0000-0000-0000-00000029F5E5}
T{00000000-0000-0000-0000-000000047CD3}
T{00000000-0000-0000-0000-00000001079B}
T{00000000-0000-0000-0000-00000009D4EF}
T{00000000-0000-0000-0000-00000017B691}
T{00000000-0000-0000-0000-00000009D688}
T{00000000-0000-0000-0000-00000008B3F6}
T{00000000-0000-0000-0000-00000030D8E6}
T{00000000-0000-0000-0000-00000002D6CE}
T{00000000-0000-0000-0000-0000002BBA2E}
T{00000000-0000-0000-0000-00000010E1B3}
T{00000000-0000-0000-0000-00000010E0E2}
T{00000000-0000-0000-0000-0000001EA743}
T{00000000-0000-0000-0000-00000000EDFF}
T{00000000-0000-0000-0000-00000010DFFC}
T{00000000-0000-0000-0000-0000000BA52D}
T{00000000-0000-0000-0000-00000028C1E1}
T{00000000-0000-0000-0000-0000000BAB2E}
T{00000000-0000-0000-0000-000000047342}
T{00000000-0000-0000-0000-0000000977BA}
T{00000000-0000-0000-0000-000000029272}
T{00000000-0000-0000-0000-000000010ABD}
T{00000000-0000-0000-0000-00000000EF5D}
T{00000000-0000-0000-0000-000000200ABC}
T{00000000-0000-0000-0000-000000094A6A}
T{00000000-0000-0000-0000-0000000AAA3F}
T{00000000-0000-0000-0000-0000002088FF}
T{00000000-0000-0000-0000-00000010CF8A}
T{00000000-0000-0000-0000-0000001A9985}
T{00000000-0000-0000-0000-000000044074}
T{00000000-0000-0000-0000-0000002F7940}
T{00000000-0000-0000-0000-00000005D00D}
T{00000000-0000-0000-0000-000000243433}
T{00000000-0000-0000-0000-00000009228F}
T{00000000-0000-0000-0000-0000002EE02D}
T{00000000-0000-0000-0000-0000002FFF7B}
T{00000000-0000-0000-0000-000000247E6A}
T{00000000-0000-0000-0000-0000000413C0}
T{00000000-0000-0000-0000-00000028BC29}
T{00000000-0000-0000-0000-00000026813F}
T{00000000-0000-0000-0000-000000179984}
T{00000000-0000-0000-0000-00000017FFEF}
T{00000000-0000-0000-0000-00000020B4A2}
T{00000000-0000-0000-0000-0000000FC2D8}
T{00000000-0000-0000-0000-00000013A9AD}
T{00000000-0000-0000-0000-000000183804}
T{00000000-0000-0000-0000-000000183D46}
T{00000000-0000-0000-0000-00000018401E}
T{00000000-0000-0000-0000-0000001841F3}
T{00000000-0000-0000-0000-00000004976E}
T{00000000-0000-0000-0000-0000002DE457}
T{00000000-0000-0000-0000-00000018C216}
T{00000000-0000-0000-0000-00000018C2C3}
T{00000000-0000-0000-0000-0000000EDA14}
T{00000000-0000-0000-0000-000000053718}
T{00000000-0000-0000-0000-00000018CAB9}
T{00000000-0000-0000-0000-0000000AA83A}
T{00000000-0000-0000-0000-0000002DD1AB}
T{00000000-0000-0000-0000-0000000290AA}
T{00000000-0000-0000-0000-000000192209}
T{00000000-0000-0000-0000-00000025396E}
T{00000000-0000-0000-0000-000000213C92}
T{00000000-0000-0000-0000-00000020BB1F}
T{00000000-0000-0000-0000-000000238AC5}
T{00000000-0000-0000-0000-0000000402D2}
T{00000000-0000-0000-0000-0000002027E6}
T{00000000-0000-0000-0000-0000001DA41E}
T{00000000-0000-0000-0000-0000002B171F}
T{00000000-0000-0000-0000-0000002999CD}
T{00000000-0000-0000-0000-00000025DD4B}
T{00000000-0000-0000-0000-000000074F13}
T{00000000-0000-0000-0000-0000001ECB6E}
T{00000000-0000-0000-0000-0000000EFDF8}
T{00000000-0000-0000-0000-000000200384}
T{00000000-0000-0000-0000-0000001FFC00}
T{00000000-0000-0000-0000-00000010C11C}
T{00000000-0000-0000-0000-000000248A07}
T{00000000-0000-0000-0000-00000007687C}
T{00000000-0000-0000-0000-00000010BC8E}
T{00000000-0000-0000-0000-0000001DB7B7}
T{00000000-0000-0000-0000-0000001FC635}
T{00000000-0000-0000-0000-0000001FBE25}
T{00000000-0000-0000-0000-000000077716}
T{00000000-0000-0000-0000-000000246145}
T{00000000-0000-0000-0000-0000001FAC99}
T{00000000-0000-0000-0000-0000001E2F87}
T{00000000-0000-0000-0000-0000001F9A3A}
T{00000000-0000-0000-0000-0000000778B0}
T{00000000-0000-0000-0000-000000172C6C}
T{00000000-0000-0000-0000-000000295C17}
T{00000000-0000-0000-0000-000000268FB4}
T{00000000-0000-0000-0000-00000010277E}
T{00000000-0000-0000-0000-00000010B048}
T{00000000-0000-0000-0000-0000001F7136}
T{00000000-0000-0000-0000-00000010AC7D}
T{00000000-0000-0000-0000-000000118C64}
T{00000000-0000-0000-0000-00000007865D}
T{00000000-0000-0000-0000-0000001F1C74}
T{00000000-0000-0000-0000-00000007A5F8}
