T{00000000-0000-0000-0000-000000324F12}
T{00000000-0000-0000-0000-000000278875}
T{00000000-0000-0000-0000-000000263D12}
T{00000000-0000-0000-0000-00000024D577}
T{00000000-0000-0000-0000-00000023CF03}
T{00000000-0000-0000-0000-00000011A66A}
T{00000000-0000-0000-0000-000000147165}
F{00000000-0000-0000-0000-0000000D0CBC}
T{00000000-0000-0000-0000-0000002691F5}
T{00000000-0000-0000-0000-0000000A1515}
T{00000000-0000-0000-0000-00000009066B}
F{00000000-0000-0000-0000-00000008DF2C}
F{00000000-0000-0000-0000-0000002ADB4F}
T{00000000-0000-0000-0000-00000013C356}
T{00000000-0000-0000-0000-00000002FF57}
F{00000000-0000-0000-0000-000000122CB0}
T{00000000-0000-0000-0000-000000018F25}
F{00000000-0000-0000-0000-000000018C66}
T{00000000-0000-0000-0000-000000011C79}
T{00000000-0000-0000-0000-0000003364DF}
T{00000000-0000-0000-0000-0000000A8C33}
T{00000000-0000-0000-0000-00000031840C}
F{00000000-0000-0000-0000-000000171CAA}
T{00000000-0000-0000-0000-000000148332}
T{00000000-0000-0000-0000-0000002C1AC7}
T{00000000-0000-0000-0000-000000289F2F}
T{00000000-0000-0000-0000-000000223AC8}
T{00000000-0000-0000-0000-00000024D577}
F{00000000-0000-0000-0000-0000002AA866}
T{00000000-0000-0000-0000-0000002651AC}
T{00000000-0000-0000-0000-00000017BAFF}
T{00000000-0000-0000-0000-000000219EFE}
T{00000000-0000-0000-0000-0000003397F4}
T{00000000-0000-0000-0000-0000002536E9}
F{00000000-0000-0000-0000-0000002FDA95}
T{00000000-0000-0000-0000-0000000D9F5F}
T{00000000-0000-0000-0000-000000007910}
T{00000000-0000-0000-0000-000000099D5D}
T{00000000-0000-0000-0000-00000030694D}
T{00000000-0000-0000-0000-00000021E588}
T{00000000-0000-0000-0000-0000000BB9D4}
F{00000000-0000-0000-0000-0000002E314C}
T{00000000-0000-0000-0000-0000001DC846}
T{00000000-0000-0000-0000-00000001C42B}
F{00000000-0000-0000-0000-0000002B7D45}
F{00000000-0000-0000-0000-000000099302}
T{00000000-0000-0000-0000-0000000F70F3}
T{00000000-0000-0000-0000-00000008E0F9}
F{00000000-0000-0000-0000-0000000320BD}
T{00000000-0000-0000-0000-0000000BC199}
T{00000000-0000-0000-0000-00000032DE01}
T{00000000-0000-0000-0000-000000263D12}
T{00000000-0000-0000-0000-0000002B8F8A}
T{00000000-0000-0000-0000-000000213A88}
T{00000000-0000-0000-0000-000000275F5A}
T{00000000-0000-0000-0000-00000009885C}
T{00000000-0000-0000-0000-000000053E0D}
F{00000000-0000-0000-0000-000000062FD1}
T{00000000-0000-0000-0000-00000022CD5A}
T{00000000-0000-0000-0000-00000008179C}
F{00000000-0000-0000-0000-00000008DF2C}
F{00000000-0000-0000-0000-0000000E15DD}
T{00000000-0000-0000-0000-00000025451E}
T{00000000-0000-0000-0000-00000011A66A}
T{00000000-0000-0000-0000-00000004F5F1}
F{00000000-0000-0000-0000-00000025482D}
T{00000000-0000-0000-0000-00000022E477}
T{00000000-0000-0000-0000-000000048F75}
T{00000000-0000-0000-0000-00000023CF03}
T{00000000-0000-0000-0000-0000002F6564}
T{00000000-0000-0000-0000-00000008AE69}
T{00000000-0000-0000-0000-000000049ED1}
T{00000000-0000-0000-0000-000000324745}
T{00000000-0000-0000-0000-0000002B7D45}
T{00000000-0000-0000-0000-0000001EB1B9}
T{00000000-0000-0000-0000-00000027140B}
T{00000000-0000-0000-0000-00000032698B}
T{00000000-0000-0000-0000-000000023E71}
T{00000000-0000-0000-0000-0000002AD1C2}
T{00000000-0000-0000-0000-0000000E15DD}
T{00000000-0000-0000-0000-0000002F9487}
T{00000000-0000-0000-0000-000000270693}
T{00000000-0000-0000-0000-0000000876F9}
F{00000000-0000-0000-0000-0000000BF8B3}
F{00000000-0000-0000-0000-0000000FBBC4}
T{00000000-0000-0000-0000-000000126649}
T{00000000-0000-0000-0000-0000000B1E17}
T{00000000-0000-0000-0000-0000001445A3}
T{00000000-0000-0000-0000-000000243AA3}
T{00000000-0000-0000-0000-0000002494C3}
F{00000000-0000-0000-0000-0000002591DD}
T{00000000-0000-0000-0000-0000000AFBED}
T{00000000-0000-0000-0000-000000242682}
T{00000000-0000-0000-0000-0000002499A6}
T{00000000-0000-0000-0000-00000022F9B8}
T{00000000-0000-0000-0000-000000148E71}
T{00000000-0000-0000-0000-0000000DD8B2}
T{00000000-0000-0000-0000-0000002D71D6}
F{00000000-0000-0000-0000-00000031730E}
F{00000000-0000-0000-0000-000000018C66}
T{00000000-0000-0000-0000-000000063398}
T{00000000-0000-0000-0000-0000000A9687}
T{00000000-0000-0000-0000-00000012A9B0}
T{00000000-0000-0000-0000-0000001B7F5B}
T{00000000-0000-0000-0000-00000032BEB2}
T{00000000-0000-0000-0000-0000000A14F9}
T{00000000-0000-0000-0000-000000132C5C}
F{00000000-0000-0000-0000-000000090229}
T{00000000-0000-0000-0000-000000077309}
T{00000000-0000-0000-0000-0000002D44C5}
T{00000000-0000-0000-0000-00000025B12E}
T{00000000-0000-0000-0000-000000098996}
F{00000000-0000-0000-0000-0000001D0920}
T{00000000-0000-0000-0000-000000039287}
T{00000000-0000-0000-0000-000000289F2F}
T{00000000-0000-0000-0000-0000002691F5}
T{00000000-0000-0000-0000-000000253D59}
T{00000000-0000-0000-0000-0000002B60DE}
T{00000000-0000-0000-0000-00000008179C}
T{00000000-0000-0000-0000-000000059899}
T{00000000-0000-0000-0000-0000000604DA}
F{00000000-0000-0000-0000-0000000BCED8}
F{00000000-0000-0000-0000-000000277E2B}
T{00000000-0000-0000-0000-0000000FC3AA}
T{00000000-0000-0000-0000-000000200468}
T{00000000-0000-0000-0000-000000197FB6}
F{00000000-0000-0000-0000-00000026C360}
T{00000000-0000-0000-0000-00000032B96F}
T{00000000-0000-0000-0000-0000000FA0F7}
T{00000000-0000-0000-0000-0000002C4B21}
F{00000000-0000-0000-0000-0000001AF5B8}
T{00000000-0000-0000-0000-0000003011F7}
T{00000000-0000-0000-0000-000000173628}
T{00000000-0000-0000-0000-0000000C34F2}
T{00000000-0000-0000-0000-0000002FF4A5}
T{00000000-0000-0000-0000-0000002B51DE}
T{00000000-0000-0000-0000-0000002D4147}
F{00000000-0000-0000-0000-0000000FB5F9}
T{00000000-0000-0000-0000-0000001AEBA7}
T{00000000-0000-0000-0000-0000002691F5}
T{00000000-0000-0000-0000-00000006308D}
T{00000000-0000-0000-0000-000000106A2C}
T{00000000-0000-0000-0000-0000002F9D8A}
T{00000000-0000-0000-0000-00000008DF2C}
T{00000000-0000-0000-0000-0000002D5353}
T{00000000-0000-0000-0000-000000122CB0}
F{00000000-0000-0000-0000-0000002C418E}
T{00000000-0000-0000-0000-00000033A0BA}
