T{00000000-0000-0000-0000-0000002FDA95}
F{00000000-0000-0000-0000-0000002E314C}
T{00000000-0000-0000-0000-000000278875}
F{00000000-0000-0000-0000-000000277E2B}
F{00000000-0000-0000-0000-00000026C360}
F{00000000-0000-0000-0000-000000263D12}
T{00000000-0000-0000-0000-00000023CF03}
T{00000000-0000-0000-0000-0000001D0920}
T{00000000-0000-0000-0000-0000001AF5B8}
T{00000000-0000-0000-0000-000000171CAA}
T{00000000-0000-0000-0000-00000011A66A}
T{00000000-0000-0000-0000-000000147165}
T{00000000-0000-0000-0000-0000000FB5F9}
T{00000000-0000-0000-0000-00000031730E}
F{00000000-0000-0000-0000-0000000E15DD}
T{00000000-0000-0000-0000-0000002591DD}
F{00000000-0000-0000-0000-0000000D0CBC}
F{00000000-0000-0000-0000-0000000BCED8}
T{00000000-0000-0000-0000-0000000A1515}
T{00000000-0000-0000-0000-0000002B7D45}
F{00000000-0000-0000-0000-0000002AA866}
T{00000000-0000-0000-0000-00000009066B}
F{00000000-0000-0000-0000-00000008DF2C}
T{00000000-0000-0000-0000-0000002ADB4F}
T{00000000-0000-0000-0000-000000062FD1}
F{00000000-0000-0000-0000-0000000BF8B3}
T{00000000-0000-0000-0000-00000013C356}
F{00000000-0000-0000-0000-0000000FBBC4}
F{00000000-0000-0000-0000-00000002FF57}
T{00000000-0000-0000-0000-000000090229}
T{00000000-0000-0000-0000-000000122CB0}
T{00000000-0000-0000-0000-000000018C66}
T{00000000-0000-0000-0000-000000099302}
T{00000000-0000-0000-0000-000000011C79}
F{00000000-0000-0000-0000-0000002C418E}
T{00000000-0000-0000-0000-0000003364DF}
T{00000000-0000-0000-0000-0000000A8C33}
T{00000000-0000-0000-0000-00000025482D}
F{00000000-0000-0000-0000-0000000320BD}
T{00000000-0000-0000-0000-000000128BA6}
F{00000000-0000-0000-0000-0000000D16FA}
T{00000000-0000-0000-0000-00000031E8A8}
T{00000000-0000-0000-0000-0000000D55FC}
T{00000000-0000-0000-0000-00000026C360}
F{00000000-0000-0000-0000-000000270E01}
T{00000000-0000-0000-0000-0000000876F9}
F{00000000-0000-0000-0000-0000002819B0}
T{00000000-0000-0000-0000-00000022F9B8}
T{00000000-0000-0000-0000-00000029BD67}
T{00000000-0000-0000-0000-0000001CF128}
T{00000000-0000-0000-0000-0000002D47FB}
F{00000000-0000-0000-0000-00000013995B}
T{00000000-0000-0000-0000-00000005EF6E}
T{00000000-0000-0000-0000-00000006D3FA}
T{00000000-0000-0000-0000-00000030694D}
T{00000000-0000-0000-0000-00000000F52C}
T{00000000-0000-0000-0000-000000271353}
T{00000000-0000-0000-0000-0000000A4F74}
T{00000000-0000-0000-0000-000000303C41}
T{00000000-0000-0000-0000-000000040F4E}
F{00000000-0000-0000-0000-00000008DF2C}
T{00000000-0000-0000-0000-00000025C115}
T{00000000-0000-0000-0000-000000119D7B}
T{00000000-0000-0000-0000-00000002FF57}
T{00000000-0000-0000-0000-000000271353}
T{00000000-0000-0000-0000-0000002D4147}
T{00000000-0000-0000-0000-0000002E66CF}
T{00000000-0000-0000-0000-000000061C56}
T{00000000-0000-0000-0000-000000289795}
T{00000000-0000-0000-0000-00000022F0AA}
T{00000000-0000-0000-0000-000000128932}
T{00000000-0000-0000-0000-0000002D02F7}
T{00000000-0000-0000-0000-000000077309}
T{00000000-0000-0000-0000-0000002FDA95}
T{00000000-0000-0000-0000-0000002768FA}
T{00000000-0000-0000-0000-0000002ADB4F}
F{00000000-0000-0000-0000-0000002C74C9}
T{00000000-0000-0000-0000-0000000FB5F9}
F{00000000-0000-0000-0000-0000001B6EF6}
T{00000000-0000-0000-0000-00000026F0BD}
T{00000000-0000-0000-0000-000000264DFA}
T{00000000-0000-0000-0000-000000289795}
T{00000000-0000-0000-0000-0000001C000D}
T{00000000-0000-0000-0000-000000244890}
T{00000000-0000-0000-0000-00000020AC91}
T{00000000-0000-0000-0000-00000014BCF0}
T{00000000-0000-0000-0000-0000001D9D0E}
F{00000000-0000-0000-0000-0000002E314C}
T{00000000-0000-0000-0000-0000000B1084}
F{00000000-0000-0000-0000-00000014652A}
T{00000000-0000-0000-0000-00000004E003}
T{00000000-0000-0000-0000-0000002BF197}
F{00000000-0000-0000-0000-0000002D26FD}
T{00000000-0000-0000-0000-000000263D12}
T{00000000-0000-0000-0000-000000098996}
T{00000000-0000-0000-0000-0000000EB2FC}
T{00000000-0000-0000-0000-0000002C5567}
T{00000000-0000-0000-0000-000000324745}
T{00000000-0000-0000-0000-0000002CD8A9}
F{00000000-0000-0000-0000-0000000FD49A}
T{00000000-0000-0000-0000-0000002DCB69}
T{00000000-0000-0000-0000-000000028B7A}
T{00000000-0000-0000-0000-00000007F070}
T{00000000-0000-0000-0000-000000180E2E}
T{00000000-0000-0000-0000-00000005B55A}
T{00000000-0000-0000-0000-0000002BFFD7}
T{00000000-0000-0000-0000-0000000ABD11}
T{00000000-0000-0000-0000-0000002D536B}
T{00000000-0000-0000-0000-000000216AE1}
T{00000000-0000-0000-0000-000000243AA3}
F{00000000-0000-0000-0000-000000210B04}
T{00000000-0000-0000-0000-000000025A62}
T{00000000-0000-0000-0000-0000002591DD}
T{00000000-0000-0000-0000-00000023C11C}
F{00000000-0000-0000-0000-0000002F0787}
T{00000000-0000-0000-0000-0000000AAEFB}
T{00000000-0000-0000-0000-0000002415F2}
T{00000000-0000-0000-0000-000000090229}
F{00000000-0000-0000-0000-00000013D847}
T{00000000-0000-0000-0000-0000000D0B0E}
F{00000000-0000-0000-0000-0000001DB186}
F{00000000-0000-0000-0000-000000060468}
F{00000000-0000-0000-0000-0000002E3AB2}
T{00000000-0000-0000-0000-00000010AB65}
T{00000000-0000-0000-0000-00000016A5CD}
T{00000000-0000-0000-0000-000000336361}
T{00000000-0000-0000-0000-000000176A5C}
T{00000000-0000-0000-0000-0000001C43DD}
T{00000000-0000-0000-0000-0000001C7B17}
T{00000000-0000-0000-0000-0000001AB774}
T{00000000-0000-0000-0000-000000043B45}
T{00000000-0000-0000-0000-0000002B9ADC}
T{00000000-0000-0000-0000-0000000AAF2A}
F{00000000-0000-0000-0000-00000026C0C1}
T{00000000-0000-0000-0000-00000009D63B}
T{00000000-0000-0000-0000-0000002CEF50}
F{00000000-0000-0000-0000-00000024D328}
T{00000000-0000-0000-0000-00000004A47F}
F{00000000-0000-0000-0000-00000024CEA5}
T{00000000-0000-0000-0000-00000027A2FF}
T{00000000-0000-0000-0000-0000002CD908}
T{00000000-0000-0000-0000-00000032B96F}
T{00000000-0000-0000-0000-00000005EF6E}
T{00000000-0000-0000-0000-00000011A66A}
T{00000000-0000-0000-0000-0000000970F1}
T{00000000-0000-0000-0000-00000024CD16}
F{00000000-0000-0000-0000-00000005250C}
T{00000000-0000-0000-0000-0000002AE653}
T{00000000-0000-0000-0000-000000271E97}
T{00000000-0000-0000-0000-0000003019AD}
T{00000000-0000-0000-0000-00000031EBC3}
T{00000000-0000-0000-0000-000000126649}
F{00000000-0000-0000-0000-000000197FB6}
T{00000000-0000-0000-0000-0000002A02EE}
F{00000000-0000-0000-0000-00000013BA26}
F{00000000-0000-0000-0000-0000001846EB}
T{00000000-0000-0000-0000-00000009D2DB}
F{00000000-0000-0000-0000-0000002B60AE}
T{00000000-0000-0000-0000-0000002DB47C}
T{00000000-0000-0000-0000-0000002CD8A9}
T{00000000-0000-0000-0000-000000132504}
T{00000000-0000-0000-0000-0000002A02EE}
T{00000000-0000-0000-0000-0000002789C7}
F{00000000-0000-0000-0000-0000000C0A21}
T{00000000-0000-0000-0000-0000002C418E}
T{00000000-0000-0000-0000-00000013D847}
T{00000000-0000-0000-0000-00000011C1D0}
T{00000000-0000-0000-0000-0000001109EF}
F{00000000-0000-0000-0000-00000026C360}
T{00000000-0000-0000-0000-000000235C6F}
T{00000000-0000-0000-0000-000000263D12}
F{00000000-0000-0000-0000-0000000FD4D9}
T{00000000-0000-0000-0000-0000001D398B}
F{00000000-0000-0000-0000-00000032016B}
T{00000000-0000-0000-0000-0000002796A4}
T{00000000-0000-0000-0000-00000011A66A}
F{00000000-0000-0000-0000-0000001D3BF2}
T{00000000-0000-0000-0000-0000002B0555}
T{00000000-0000-0000-0000-000000213579}
F{00000000-0000-0000-0000-00000026C0C1}
T{00000000-0000-0000-0000-0000000974BB}
T{00000000-0000-0000-0000-000000226B6F}
T{00000000-0000-0000-0000-0000002BB1FE}
F{00000000-0000-0000-0000-000000277E2B}
F{00000000-0000-0000-0000-000000108B3B}
F{00000000-0000-0000-0000-000000223CFB}
T{00000000-0000-0000-0000-0000000A2DD3}
T{00000000-0000-0000-0000-0000001894F4}
T{00000000-0000-0000-0000-000000253D59}
F{00000000-0000-0000-0000-0000002C74C9}
T{00000000-0000-0000-0000-000000099323}
T{00000000-0000-0000-0000-0000000ED03A}
T{00000000-0000-0000-0000-0000002B7C23}
T{00000000-0000-0000-0000-00000031E8A8}
T{00000000-0000-0000-0000-00000016BEDB}
T{00000000-0000-0000-0000-00000011D6C2}
T{00000000-0000-0000-0000-000000147165}
T{00000000-0000-0000-0000-00000007EFDF}
F{00000000-0000-0000-0000-000000029272}
T{00000000-0000-0000-0000-0000001D6905}
T{00000000-0000-0000-0000-000000303D82}
F{00000000-0000-0000-0000-00000032E859}
T{00000000-0000-0000-0000-0000000E15DD}
T{00000000-0000-0000-0000-0000002D162B}
T{00000000-0000-0000-0000-00000026F01D}
T{00000000-0000-0000-0000-0000001260DA}
T{00000000-0000-0000-0000-00000006FA4F}
T{00000000-0000-0000-0000-0000000B7BDF}
T{00000000-0000-0000-0000-00000024D561}
F{00000000-0000-0000-0000-0000001E3995}
T{00000000-0000-0000-0000-00000022E947}
F{00000000-0000-0000-0000-0000000F9C6B}
F{00000000-0000-0000-0000-00000025B204}
F{00000000-0000-0000-0000-00000016BA6A}
T{00000000-0000-0000-0000-0000000A8C33}
T{00000000-0000-0000-0000-000000267BC2}
T{00000000-0000-0000-0000-000000139F40}
T{00000000-0000-0000-0000-00000032BB6B}
T{00000000-0000-0000-0000-0000003253BF}
T{00000000-0000-0000-0000-0000002D461D}
T{00000000-0000-0000-0000-000000090229}
T{00000000-0000-0000-0000-0000002FFF7B}
T{00000000-0000-0000-0000-0000000F6E0A}
T{00000000-0000-0000-0000-0000002DC9A5}
T{00000000-0000-0000-0000-000000210D7D}
F{00000000-0000-0000-0000-0000000AE447}
T{00000000-0000-0000-0000-0000000D0CBC}
T{00000000-0000-0000-0000-000000169CBC}
T{00000000-0000-0000-0000-0000000802A5}
T{00000000-0000-0000-0000-0000000FBBC4}
T{00000000-0000-0000-0000-0000002B47F4}
F{00000000-0000-0000-0000-0000002AA866}
T{00000000-0000-0000-0000-00000016C3F8}
T{00000000-0000-0000-0000-000000122CB0}
T{00000000-0000-0000-0000-0000001D3BF2}
T{00000000-0000-0000-0000-000000044047}
T{00000000-0000-0000-0000-0000000AFBED}
T{00000000-0000-0000-0000-00000006E673}
T{00000000-0000-0000-0000-000000060817}
T{00000000-0000-0000-0000-000000073239}
T{00000000-0000-0000-0000-000000039287}
T{00000000-0000-0000-0000-0000002A08D5}
T{00000000-0000-0000-0000-0000003150EC}
T{00000000-0000-0000-0000-0000000BF8B3}
T{00000000-0000-0000-0000-0000002415F2}
T{00000000-0000-0000-0000-0000002D4012}
T{00000000-0000-0000-0000-0000002E2FAF}
T{00000000-0000-0000-0000-000000062FD1}
T{00000000-0000-0000-0000-000000209B8E}
T{00000000-0000-0000-0000-0000001EB0AE}
F{00000000-0000-0000-0000-00000005FF3F}
T{00000000-0000-0000-0000-000000278875}
T{00000000-0000-0000-0000-0000000A9687}
T{00000000-0000-0000-0000-0000000EFCB1}
T{00000000-0000-0000-0000-0000002C69FD}
T{00000000-0000-0000-0000-000000304FF3}
T{00000000-0000-0000-0000-0000001D26F3}
T{00000000-0000-0000-0000-00000024DE3A}
T{00000000-0000-0000-0000-00000032698B}
T{00000000-0000-0000-0000-000000251BCD}
F{00000000-0000-0000-0000-000000152F96}
T{00000000-0000-0000-0000-000000038479}
F{00000000-0000-0000-0000-0000002A93E5}
T{00000000-0000-0000-0000-000000030982}
T{00000000-0000-0000-0000-0000002D461D}
T{00000000-0000-0000-0000-00000008E1A8}
F{00000000-0000-0000-0000-00000028D056}
T{00000000-0000-0000-0000-000000301289}
T{00000000-0000-0000-0000-0000000DDF0E}
T{00000000-0000-0000-0000-0000002F8588}
T{00000000-0000-0000-0000-0000003275C3}
T{00000000-0000-0000-0000-0000000483B8}
T{00000000-0000-0000-0000-000000019B30}
F{00000000-0000-0000-0000-0000000B07ED}
T{00000000-0000-0000-0000-00000024DE3A}
T{00000000-0000-0000-0000-000000152F96}
T{00000000-0000-0000-0000-0000002DCB69}
F{00000000-0000-0000-0000-0000002C299F}
T{00000000-0000-0000-0000-0000001D26F3}
F{00000000-0000-0000-0000-00000015BDE3}
T{00000000-0000-0000-0000-000000222774}
T{00000000-0000-0000-0000-0000000C838C}
T{00000000-0000-0000-0000-0000002C418E}
T{00000000-0000-0000-0000-00000026601E}
T{00000000-0000-0000-0000-0000002D4489}
T{00000000-0000-0000-0000-000000303C41}
F{00000000-0000-0000-0000-0000002AA866}
T{00000000-0000-0000-0000-00000005E3F4}
T{00000000-0000-0000-0000-0000001AE2F6}
T{00000000-0000-0000-0000-0000002EE25C}
T{00000000-0000-0000-0000-0000002D479F}
T{00000000-0000-0000-0000-000000164F2C}
T{00000000-0000-0000-0000-00000007E3BE}
T{00000000-0000-0000-0000-00000029C2EF}
T{00000000-0000-0000-0000-000000213B22}
T{00000000-0000-0000-0000-0000000B0D42}
F{00000000-0000-0000-0000-0000000CF7CD}
T{00000000-0000-0000-0000-0000001D699A}
T{00000000-0000-0000-0000-00000019EC18}
T{00000000-0000-0000-0000-000000271B24}
T{00000000-0000-0000-0000-000000090229}
T{00000000-0000-0000-0000-000000053E0D}
F{00000000-0000-0000-0000-0000000D0DDB}
T{00000000-0000-0000-0000-0000001A5588}
T{00000000-0000-0000-0000-00000005DD33}
F{00000000-0000-0000-0000-0000003032D8}
T{00000000-0000-0000-0000-0000001DB186}
F{00000000-0000-0000-0000-0000000E70A1}
T{00000000-0000-0000-0000-0000000F4FE6}
T{00000000-0000-0000-0000-00000005B55A}
