T{00000000-0000-0000-0000-0000002FDA95}
F{00000000-0000-0000-0000-0000002E314C}
T{00000000-0000-0000-0000-0000002D26FD}
F{00000000-0000-0000-0000-0000002A93E5}
F{00000000-0000-0000-0000-00000032016B}
T{00000000-0000-0000-0000-0000002819B0}
T{00000000-0000-0000-0000-0000002C299F}
T{00000000-0000-0000-0000-000000277E2B}
T{00000000-0000-0000-0000-0000003032D8}
T{00000000-0000-0000-0000-000000270E01}
T{00000000-0000-0000-0000-00000026C360}
T{00000000-0000-0000-0000-00000026C0C1}
T{00000000-0000-0000-0000-000000263D12}
T{00000000-0000-0000-0000-00000024D328}
T{00000000-0000-0000-0000-000000223CFB}
T{00000000-0000-0000-0000-00000025B204}
T{00000000-0000-0000-0000-0000001DB186}
T{00000000-0000-0000-0000-0000001D0920}
T{00000000-0000-0000-0000-0000001B6EF6}
T{00000000-0000-0000-0000-0000001AF5B8}
T{00000000-0000-0000-0000-000000171CAA}
T{00000000-0000-0000-0000-0000001846EB}
T{00000000-0000-0000-0000-0000001D3BF2}
T{00000000-0000-0000-0000-00000015BDE3}
F{00000000-0000-0000-0000-000000210B04}
T{00000000-0000-0000-0000-00000013D847}
T{00000000-0000-0000-0000-00000013BA26}
T{00000000-0000-0000-0000-0000002B60AE}
T{00000000-0000-0000-0000-0000000FD49A}
T{00000000-0000-0000-0000-0000000FB5F9}
T{00000000-0000-0000-0000-000000197FB6}
T{00000000-0000-0000-0000-00000031730E}
T{00000000-0000-0000-0000-00000014652A}
T{00000000-0000-0000-0000-0000000E15DD}
T{00000000-0000-0000-0000-0000002591DD}
T{00000000-0000-0000-0000-0000000D16FA}
T{00000000-0000-0000-0000-0000000D0CBC}
F{00000000-0000-0000-0000-0000000CF7CD}
T{00000000-0000-0000-0000-0000000C0A21}
T{00000000-0000-0000-0000-0000000BCED8}
F{00000000-0000-0000-0000-0000000B07ED}
F{00000000-0000-0000-0000-000000152F96}
T{00000000-0000-0000-0000-0000000A1515}
T{00000000-0000-0000-0000-0000002B7D45}
T{00000000-0000-0000-0000-0000002AA866}
F{00000000-0000-0000-0000-0000002C74C9}
T{00000000-0000-0000-0000-0000001E3995}
F{00000000-0000-0000-0000-00000008DF2C}
T{00000000-0000-0000-0000-0000000AE447}
F{00000000-0000-0000-0000-00000013995B}
F{00000000-0000-0000-0000-0000002ADB4F}
F{00000000-0000-0000-0000-000000062FD1}
F{00000000-0000-0000-0000-00000028D056}
T{00000000-0000-0000-0000-0000000BF8B3}
F{00000000-0000-0000-0000-00000005250C}
T{00000000-0000-0000-0000-00000013C356}
T{00000000-0000-0000-0000-0000000FBBC4}
T{00000000-0000-0000-0000-0000002E3AB2}
T{00000000-0000-0000-0000-00000002FF57}
T{00000000-0000-0000-0000-0000000F9C6B}
F{00000000-0000-0000-0000-0000000D0DDB}
F{00000000-0000-0000-0000-000000108B3B}
F{00000000-0000-0000-0000-0000002F0787}
F{00000000-0000-0000-0000-0000000FD4D9}
T{00000000-0000-0000-0000-00000024CEA5}
F{00000000-0000-0000-0000-000000018C66}
T{00000000-0000-0000-0000-000000099302}
T{00000000-0000-0000-0000-0000002C418E}
F{00000000-0000-0000-0000-000000029272}
F{00000000-0000-0000-0000-00000005FF3F}
F{00000000-0000-0000-0000-000000060468}
F{00000000-0000-0000-0000-00000025482D}
T{00000000-0000-0000-0000-00000032E859}
T{00000000-0000-0000-0000-00000016BA6A}
T{00000000-0000-0000-0000-0000000320BD}
T{00000000-0000-0000-0000-0000000E70A1}
T{00000000-0000-0000-0000-000000006F5E}
T{00000000-0000-0000-0000-0000000F9EC8}
T{00000000-0000-0000-0000-0000000FD49A}
T{00000000-0000-0000-0000-0000003032D8}
T{00000000-0000-0000-0000-0000001187A9}
T{00000000-0000-0000-0000-000000197FB6}
T{00000000-0000-0000-0000-000000086E8A}
F{00000000-0000-0000-0000-000000106A2C}
F{00000000-0000-0000-0000-00000011FA5C}
T{00000000-0000-0000-0000-0000001594FA}
T{00000000-0000-0000-0000-000000184C86}
F{00000000-0000-0000-0000-00000032E6F6}
T{00000000-0000-0000-0000-0000002A4809}
T{00000000-0000-0000-0000-00000015BDE3}
T{00000000-0000-0000-0000-000000303C41}
F{00000000-0000-0000-0000-00000012AF34}
T{00000000-0000-0000-0000-00000026C360}
F{00000000-0000-0000-0000-00000032A5BB}
T{00000000-0000-0000-0000-0000000F4FE6}
F{00000000-0000-0000-0000-000000060468}
F{00000000-0000-0000-0000-0000000BBBC1}
T{00000000-0000-0000-0000-0000002D5281}
T{00000000-0000-0000-0000-000000122CB0}
T{00000000-0000-0000-0000-0000001282E8}
T{00000000-0000-0000-0000-0000002C76ED}
T{00000000-0000-0000-0000-00000009066B}
T{00000000-0000-0000-0000-0000001187A9}
T{00000000-0000-0000-0000-0000000FD49A}
T{00000000-0000-0000-0000-0000001D6FB7}
T{00000000-0000-0000-0000-0000000FAF70}
F{00000000-0000-0000-0000-00000008DF2C}
T{00000000-0000-0000-0000-00000003F093}
T{00000000-0000-0000-0000-0000002C4B21}
F{00000000-0000-0000-0000-0000000CE9C4}
T{00000000-0000-0000-0000-000000177868}
T{00000000-0000-0000-0000-00000031730E}
T{00000000-0000-0000-0000-0000000FA0B1}
T{00000000-0000-0000-0000-0000002631EE}
T{00000000-0000-0000-0000-000000210B04}
T{00000000-0000-0000-0000-0000002B60AE}
T{00000000-0000-0000-0000-000000147DA5}
F{00000000-0000-0000-0000-00000024BF14}
T{00000000-0000-0000-0000-000000296ED6}
T{00000000-0000-0000-0000-000000089426}
T{00000000-0000-0000-0000-00000019EDAF}
T{00000000-0000-0000-0000-00000011A66A}
T{00000000-0000-0000-0000-000000099302}
T{00000000-0000-0000-0000-0000000A0350}
T{00000000-0000-0000-0000-0000000F1842}
T{00000000-0000-0000-0000-0000002EDFFA}
T{00000000-0000-0000-0000-00000028C3F4}
T{00000000-0000-0000-0000-000000020F85}
T{00000000-0000-0000-0000-000000025A62}
F{00000000-0000-0000-0000-000000304FF3}
T{00000000-0000-0000-0000-00000014DA5C}
T{00000000-0000-0000-0000-00000024CCE3}
T{00000000-0000-0000-0000-0000002728DA}
T{00000000-0000-0000-0000-0000000E70A1}
T{00000000-0000-0000-0000-00000017BAFF}
F{00000000-0000-0000-0000-0000002C74C9}
T{00000000-0000-0000-0000-000000304479}
T{00000000-0000-0000-0000-000000122D0D}
F{00000000-0000-0000-0000-00000008AA1A}
F{00000000-0000-0000-0000-0000000567C5}
T{00000000-0000-0000-0000-00000026926F}
T{00000000-0000-0000-0000-00000014DCEA}
T{00000000-0000-0000-0000-0000002F70A5}
T{00000000-0000-0000-0000-0000001E3995}
F{00000000-0000-0000-0000-0000000DA5C4}
T{00000000-0000-0000-0000-00000016EF7B}
T{00000000-0000-0000-0000-00000017BAF8}
F{00000000-0000-0000-0000-0000002843CE}
T{00000000-0000-0000-0000-0000000D6338}
T{00000000-0000-0000-0000-0000002B60AE}
T{00000000-0000-0000-0000-0000000A7716}
T{00000000-0000-0000-0000-0000002FEC1E}
T{00000000-0000-0000-0000-0000002AA866}
T{00000000-0000-0000-0000-000000329B21}
T{00000000-0000-0000-0000-00000027BFF4}
F{00000000-0000-0000-0000-00000014AC98}
T{00000000-0000-0000-0000-0000000CF7FF}
T{00000000-0000-0000-0000-000000333EB0}
F{00000000-0000-0000-0000-000000059D2F}
T{00000000-0000-0000-0000-0000002EAF33}
T{00000000-0000-0000-0000-0000000AA748}
T{00000000-0000-0000-0000-00000014DCEA}
F{00000000-0000-0000-0000-000000137926}
T{00000000-0000-0000-0000-000000122CB0}
T{00000000-0000-0000-0000-0000001799C4}
T{00000000-0000-0000-0000-0000003334D3}
T{00000000-0000-0000-0000-00000014DA5C}
T{00000000-0000-0000-0000-00000033A574}
T{00000000-0000-0000-0000-000000108B3B}
T{00000000-0000-0000-0000-000000223CFB}
T{00000000-0000-0000-0000-000000148E3F}
T{00000000-0000-0000-0000-00000009885C}
T{00000000-0000-0000-0000-0000002CEB1D}
T{00000000-0000-0000-0000-000000326DB4}
T{00000000-0000-0000-0000-000000187E3A}
T{00000000-0000-0000-0000-00000000D3F0}
T{00000000-0000-0000-0000-00000002FF57}
T{00000000-0000-0000-0000-0000002AA866}
T{00000000-0000-0000-0000-00000032E859}
T{00000000-0000-0000-0000-0000000586B3}
T{00000000-0000-0000-0000-0000002819B0}
T{00000000-0000-0000-0000-000000277E2B}
T{00000000-0000-0000-0000-0000002AAA36}
T{00000000-0000-0000-0000-0000002C5567}
T{00000000-0000-0000-0000-0000000567C5}
T{00000000-0000-0000-0000-000000055656}
T{00000000-0000-0000-0000-00000019279C}
T{00000000-0000-0000-0000-00000020554E}
T{00000000-0000-0000-0000-000000289DEC}
F{00000000-0000-0000-0000-00000031720F}
T{00000000-0000-0000-0000-0000001DB74C}
T{00000000-0000-0000-0000-00000022633F}
T{00000000-0000-0000-0000-0000000B1E17}
F{00000000-0000-0000-0000-00000010DF30}
T{00000000-0000-0000-0000-0000000AC358}
T{00000000-0000-0000-0000-0000001D3BF2}
T{00000000-0000-0000-0000-0000000FCF04}
T{00000000-0000-0000-0000-000000132504}
T{00000000-0000-0000-0000-000000167244}
T{00000000-0000-0000-0000-0000002FEC1E}
T{00000000-0000-0000-0000-0000002C299F}
T{00000000-0000-0000-0000-000000122CB0}
T{00000000-0000-0000-0000-0000000C0A21}
T{00000000-0000-0000-0000-00000015815F}
T{00000000-0000-0000-0000-0000000D55FC}
T{00000000-0000-0000-0000-0000002B20EF}
