F{00000000-0000-0000-0000-000000304FF3}
F{00000000-0000-0000-0000-00000032A5BB}
F{00000000-0000-0000-0000-0000002E314C}
T{00000000-0000-0000-0000-0000002D26FD}
T{00000000-0000-0000-0000-0000002A93E5}
T{00000000-0000-0000-0000-0000002843CE}
F{00000000-0000-0000-0000-00000032016B}
T{00000000-0000-0000-0000-0000002819B0}
T{00000000-0000-0000-0000-0000002C299F}
T{00000000-0000-0000-0000-000000277E2B}
T{00000000-0000-0000-0000-0000003032D8}
F{00000000-0000-0000-0000-000000270E01}
T{00000000-0000-0000-0000-00000026C360}
T{00000000-0000-0000-0000-00000026C0C1}
T{00000000-0000-0000-0000-00000024D328}
T{00000000-0000-0000-0000-00000024BF14}
T{00000000-0000-0000-0000-000000223CFB}
T{00000000-0000-0000-0000-00000025B204}
T{00000000-0000-0000-0000-0000001DB186}
T{00000000-0000-0000-0000-0000001D0920}
T{00000000-0000-0000-0000-0000001B6EF6}
T{00000000-0000-0000-0000-0000001AF5B8}
T{00000000-0000-0000-0000-000000171CAA}
T{00000000-0000-0000-0000-0000001846EB}
T{00000000-0000-0000-0000-00000015BDE3}
T{00000000-0000-0000-0000-000000210B04}
T{00000000-0000-0000-0000-00000014AC98}
T{00000000-0000-0000-0000-00000013D847}
T{00000000-0000-0000-0000-00000013BA26}
T{00000000-0000-0000-0000-000000137926}
T{00000000-0000-0000-0000-00000011FA5C}
T{00000000-0000-0000-0000-00000010DF30}
T{00000000-0000-0000-0000-000000197FB6}
T{00000000-0000-0000-0000-00000014652A}
T{00000000-0000-0000-0000-0000000E15DD}
T{00000000-0000-0000-0000-0000000D16FA}
T{00000000-0000-0000-0000-0000000D0CBC}
T{00000000-0000-0000-0000-0000000CF7CD}
T{00000000-0000-0000-0000-0000000C0A21}
T{00000000-0000-0000-0000-0000000BCED8}
T{00000000-0000-0000-0000-0000000BBBC1}
T{00000000-0000-0000-0000-0000000CE9C4}
T{00000000-0000-0000-0000-0000000B07ED}
T{00000000-0000-0000-0000-000000152F96}
T{00000000-0000-0000-0000-0000002C74C9}
T{00000000-0000-0000-0000-0000000DA5C4}
T{00000000-0000-0000-0000-0000001E3995}
F{00000000-0000-0000-0000-00000008DF2C}
T{00000000-0000-0000-0000-00000008AA1A}
T{00000000-0000-0000-0000-0000000AE447}
T{00000000-0000-0000-0000-00000013995B}
F{00000000-0000-0000-0000-0000002ADB4F}
T{00000000-0000-0000-0000-000000062FD1}
T{00000000-0000-0000-0000-00000028D056}
T{00000000-0000-0000-0000-0000000BF8B3}
T{00000000-0000-0000-0000-00000005250C}
T{00000000-0000-0000-0000-0000000FBBC4}
T{00000000-0000-0000-0000-000000106A2C}
T{00000000-0000-0000-0000-0000002E3AB2}
T{00000000-0000-0000-0000-0000000F9C6B}
F{00000000-0000-0000-0000-0000000D0DDB}
T{00000000-0000-0000-0000-000000108B3B}
T{00000000-0000-0000-0000-0000002F0787}
T{00000000-0000-0000-0000-0000000FD4D9}
T{00000000-0000-0000-0000-00000024CEA5}
T{00000000-0000-0000-0000-00000012AF34}
F{00000000-0000-0000-0000-000000018C66}
F{00000000-0000-0000-0000-000000059D2F}
T{00000000-0000-0000-0000-000000029272}
T{00000000-0000-0000-0000-00000031720F}
T{00000000-0000-0000-0000-00000005FF3F}
F{00000000-0000-0000-0000-000000060468}
T{00000000-0000-0000-0000-00000025482D}
T{00000000-0000-0000-0000-0000000567C5}
T{00000000-0000-0000-0000-00000032E6F6}
T{00000000-0000-0000-0000-00000032E859}
F{00000000-0000-0000-0000-00000016BA6A}
T{00000000-0000-0000-0000-0000000320BD}
T{00000000-0000-0000-0000-0000000E70A1}
T{00000000-0000-0000-0000-00000032E6F6}
T{00000000-0000-0000-0000-0000000A2AE6}
T{00000000-0000-0000-0000-0000000D6338}
T{00000000-0000-0000-0000-0000002F18F4}
T{00000000-0000-0000-0000-0000001E1D24}
F{00000000-0000-0000-0000-00000003B508}
F{00000000-0000-0000-0000-00000007C25E}
F{00000000-0000-0000-0000-0000000A5811}
T{00000000-0000-0000-0000-0000000782BC}
T{00000000-0000-0000-0000-0000000D48CA}
T{00000000-0000-0000-0000-0000001CFA3F}
T{00000000-0000-0000-0000-000000006289}
T{00000000-0000-0000-0000-0000000AAEFB}
T{00000000-0000-0000-0000-000000060E54}
T{00000000-0000-0000-0000-000000122A70}
T{00000000-0000-0000-0000-000000098EE4}
T{00000000-0000-0000-0000-0000001DCCD0}
T{00000000-0000-0000-0000-000000270D4D}
T{00000000-0000-0000-0000-00000008DF2C}
T{00000000-0000-0000-0000-000000144245}
T{00000000-0000-0000-0000-00000017EF5B}
T{00000000-0000-0000-0000-0000002A9640}
T{00000000-0000-0000-0000-0000002ABFF5}
T{00000000-0000-0000-0000-0000000BBBC1}
T{00000000-0000-0000-0000-00000015CAE7}
T{00000000-0000-0000-0000-0000000567C5}
