F{00000000-0000-0000-0000-000000304FF3}
T{00000000-0000-0000-0000-00000032A5BB}
T{00000000-0000-0000-0000-0000002E314C}
T{00000000-0000-0000-0000-0000002D26FD}
T{00000000-0000-0000-0000-0000002A93E5}
T{00000000-0000-0000-0000-0000002843CE}
F{00000000-0000-0000-0000-00000032016B}
T{00000000-0000-0000-0000-000000270E01}
T{00000000-0000-0000-0000-00000026C0C1}
T{00000000-0000-0000-0000-00000024D328}
T{00000000-0000-0000-0000-00000024BF14}
T{00000000-0000-0000-0000-00000025B204}
T{00000000-0000-0000-0000-0000001B6EF6}
T{00000000-0000-0000-0000-0000001846EB}
T{00000000-0000-0000-0000-000000210B04}
T{00000000-0000-0000-0000-00000014AC98}
T{00000000-0000-0000-0000-00000013BA26}
T{00000000-0000-0000-0000-000000137926}
T{00000000-0000-0000-0000-00000011FA5C}
T{00000000-0000-0000-0000-00000010DF30}
T{00000000-0000-0000-0000-00000014652A}
T{00000000-0000-0000-0000-0000000D16FA}
T{00000000-0000-0000-0000-0000000CF7CD}
T{00000000-0000-0000-0000-0000000BCED8}
T{00000000-0000-0000-0000-0000000BBBC1}
T{00000000-0000-0000-0000-0000000CE9C4}
T{00000000-0000-0000-0000-0000000B07ED}
T{00000000-0000-0000-0000-000000152F96}
T{00000000-0000-0000-0000-0000000A5811}
T{00000000-0000-0000-0000-0000002C74C9}
T{00000000-0000-0000-0000-0000000DA5C4}
F{00000000-0000-0000-0000-00000008DF2C}
T{00000000-0000-0000-0000-00000008AA1A}
T{00000000-0000-0000-0000-0000000AE447}
T{00000000-0000-0000-0000-00000013995B}
T{00000000-0000-0000-0000-0000002ADB4F}
T{00000000-0000-0000-0000-000000062FD1}
T{00000000-0000-0000-0000-00000028D056}
T{00000000-0000-0000-0000-00000005250C}
T{00000000-0000-0000-0000-00000007C25E}
T{00000000-0000-0000-0000-00000003B508}
T{00000000-0000-0000-0000-000000106A2C}
T{00000000-0000-0000-0000-0000002E3AB2}
T{00000000-0000-0000-0000-0000000F9C6B}
T{00000000-0000-0000-0000-0000000D0DDB}
T{00000000-0000-0000-0000-000000108B3B}
T{00000000-0000-0000-0000-0000002F0787}
T{00000000-0000-0000-0000-0000000FD4D9}
T{00000000-0000-0000-0000-00000024CEA5}
T{00000000-0000-0000-0000-00000012AF34}
F{00000000-0000-0000-0000-000000018C66}
T{00000000-0000-0000-0000-000000059D2F}
T{00000000-0000-0000-0000-000000029272}
T{00000000-0000-0000-0000-00000031720F}
T{00000000-0000-0000-0000-00000005FF3F}
F{00000000-0000-0000-0000-000000060468}
T{00000000-0000-0000-0000-00000025482D}
T{00000000-0000-0000-0000-00000032E6F6}
F{00000000-0000-0000-0000-00000016BA6A}
T{00000000-0000-0000-0000-0000000320BD}
T{00000000-0000-0000-0000-0000000FBC67}
F{00000000-0000-0000-0000-000000264C56}
F{00000000-0000-0000-0000-0000001FE216}
T{00000000-0000-0000-0000-00000007ABFD}
T{00000000-0000-0000-0000-0000000E70A1}
T{00000000-0000-0000-0000-00000006193F}
T{00000000-0000-0000-0000-00000019E23D}
F{00000000-0000-0000-0000-0000002E0E9F}
T{00000000-0000-0000-0000-000000309351}
T{00000000-0000-0000-0000-0000000E70A1}
T{00000000-0000-0000-0000-0000000E15DD}
T{00000000-0000-0000-0000-000000278875}
T{00000000-0000-0000-0000-000000171CEF}
T{00000000-0000-0000-0000-0000002C76ED}
T{00000000-0000-0000-0000-0000002F0787}
T{00000000-0000-0000-0000-0000001DC5DF}
T{00000000-0000-0000-0000-00000020C7F6}
T{00000000-0000-0000-0000-0000002D3243}
T{00000000-0000-0000-0000-0000002B43A9}
T{00000000-0000-0000-0000-000000040787}
T{00000000-0000-0000-0000-0000002F8163}
T{00000000-0000-0000-0000-00000009BCBD}
T{00000000-0000-0000-0000-0000002E314C}
T{00000000-0000-0000-0000-000000076186}
T{00000000-0000-0000-0000-00000015BDE3}
T{00000000-0000-0000-0000-000000270E01}
T{00000000-0000-0000-0000-000000336361}
T{00000000-0000-0000-0000-0000000A6DE9}
T{00000000-0000-0000-0000-00000017DBE5}
T{00000000-0000-0000-0000-000000281B23}
T{00000000-0000-0000-0000-0000002D8355}
T{00000000-0000-0000-0000-000000087468}
T{00000000-0000-0000-0000-0000001D6905}
T{00000000-0000-0000-0000-00000013B0E8}
T{00000000-0000-0000-0000-000000222774}
T{00000000-0000-0000-0000-0000000D16FA}
T{00000000-0000-0000-0000-0000001D7268}
T{00000000-0000-0000-0000-0000000D226D}
T{00000000-0000-0000-0000-0000002468FF}
F{00000000-0000-0000-0000-00000005EE69}
T{00000000-0000-0000-0000-0000001935C0}
T{00000000-0000-0000-0000-000000062309}
T{00000000-0000-0000-0000-0000001EA4DD}
T{00000000-0000-0000-0000-0000000108B3}
T{00000000-0000-0000-0000-00000028D056}
T{00000000-0000-0000-0000-000000063398}
T{00000000-0000-0000-0000-00000022664D}
T{00000000-0000-0000-0000-000000147165}
T{00000000-0000-0000-0000-0000000EBF05}
T{00000000-0000-0000-0000-00000024D577}
T{00000000-0000-0000-0000-0000000CF7CD}
T{00000000-0000-0000-0000-00000011FF45}
T{00000000-0000-0000-0000-00000016A5CD}
T{00000000-0000-0000-0000-000000060995}
T{00000000-0000-0000-0000-00000019BC13}
F{00000000-0000-0000-0000-0000002CDFC9}
T{00000000-0000-0000-0000-00000009BCC6}
T{00000000-0000-0000-0000-000000104AF3}
T{00000000-0000-0000-0000-0000000D9506}
T{00000000-0000-0000-0000-00000002C833}
T{00000000-0000-0000-0000-00000009066B}
T{00000000-0000-0000-0000-0000002167C1}
T{00000000-0000-0000-0000-0000000880A8}
T{00000000-0000-0000-0000-0000002D47FB}
T{00000000-0000-0000-0000-0000000D8B5B}
T{00000000-0000-0000-0000-0000000EFCD0}
T{00000000-0000-0000-0000-0000000D3A09}
T{00000000-0000-0000-0000-0000002361B7}
T{00000000-0000-0000-0000-00000021B897}
T{00000000-0000-0000-0000-00000031730E}
T{00000000-0000-0000-0000-0000002CDE1F}
T{00000000-0000-0000-0000-00000001E74C}
T{00000000-0000-0000-0000-000000031925}
T{00000000-0000-0000-0000-0000000618DF}
T{00000000-0000-0000-0000-0000002843CE}
T{00000000-0000-0000-0000-0000000AAF2A}
T{00000000-0000-0000-0000-000000010A7C}
T{00000000-0000-0000-0000-000000111B70}
T{00000000-0000-0000-0000-00000020C357}
T{00000000-0000-0000-0000-0000000D16FA}
T{00000000-0000-0000-0000-00000010DF30}
T{00000000-0000-0000-0000-00000032016B}
T{00000000-0000-0000-0000-0000000114A7}
F{00000000-0000-0000-0000-0000002AB719}
T{00000000-0000-0000-0000-000000176A5C}
T{00000000-0000-0000-0000-000000152F96}
T{00000000-0000-0000-0000-000000067499}
T{00000000-0000-0000-0000-0000002F0787}
T{00000000-0000-0000-0000-0000000CB9EE}
T{00000000-0000-0000-0000-000000273493}
T{00000000-0000-0000-0000-00000015BDE3}
T{00000000-0000-0000-0000-00000009042B}
T{00000000-0000-0000-0000-0000002D4147}
T{00000000-0000-0000-0000-0000001E7066}
F{00000000-0000-0000-0000-000000263C74}
T{00000000-0000-0000-0000-000000218CCC}
T{00000000-0000-0000-0000-000000029272}
T{00000000-0000-0000-0000-00000026F535}
T{00000000-0000-0000-0000-0000001024E5}
T{00000000-0000-0000-0000-00000009C584}
T{00000000-0000-0000-0000-0000001CF590}
T{00000000-0000-0000-0000-000000128932}
T{00000000-0000-0000-0000-00000001E74C}
T{00000000-0000-0000-0000-000000303C41}
T{00000000-0000-0000-0000-00000017FFEF}
T{00000000-0000-0000-0000-0000001E644A}
T{00000000-0000-0000-0000-000000137926}
T{00000000-0000-0000-0000-0000001C3847}
T{00000000-0000-0000-0000-0000002A9640}
T{00000000-0000-0000-0000-000000304FF3}
F{00000000-0000-0000-0000-00000025D7DD}
T{00000000-0000-0000-0000-0000000918BA}
T{00000000-0000-0000-0000-00000032E6F6}
T{00000000-0000-0000-0000-000000218CCC}
T{00000000-0000-0000-0000-00000001E23D}
T{00000000-0000-0000-0000-00000003F093}
T{00000000-0000-0000-0000-0000002FEC1E}
T{00000000-0000-0000-0000-0000000D0CBC}
T{00000000-0000-0000-0000-00000000F52C}
T{00000000-0000-0000-0000-0000002B054E}
T{00000000-0000-0000-0000-000000304479}
T{00000000-0000-0000-0000-0000000594F5}
T{00000000-0000-0000-0000-0000002E4707}
T{00000000-0000-0000-0000-0000001734A4}
F{00000000-0000-0000-0000-0000000C5D03}
T{00000000-0000-0000-0000-0000001480CF}
T{00000000-0000-0000-0000-0000000A9F0E}
F{00000000-0000-0000-0000-000000172673}
T{00000000-0000-0000-0000-00000031DB69}
T{00000000-0000-0000-0000-0000000D974F}
T{00000000-0000-0000-0000-0000000D1941}
T{00000000-0000-0000-0000-000000090229}
T{00000000-0000-0000-0000-0000000A3BDF}
T{00000000-0000-0000-0000-0000002C51D3}
T{00000000-0000-0000-0000-0000000BDF18}
T{00000000-0000-0000-0000-0000000C1C4E}
T{00000000-0000-0000-0000-00000019E343}
T{00000000-0000-0000-0000-00000019E343}
T{00000000-0000-0000-0000-00000024E9BB}
T{00000000-0000-0000-0000-0000000A0723}
T{00000000-0000-0000-0000-0000002A08D5}
F{00000000-0000-0000-0000-0000002CACBC}
F{00000000-0000-0000-0000-0000002CDFC9}
T{00000000-0000-0000-0000-0000000F0E97}
T{00000000-0000-0000-0000-00000026AE05}
T{00000000-0000-0000-0000-0000001D0920}
T{00000000-0000-0000-0000-00000003F093}
T{00000000-0000-0000-0000-00000010A9BD}
T{00000000-0000-0000-0000-0000001109EF}
F{00000000-0000-0000-0000-00000029C2EF}
T{00000000-0000-0000-0000-0000001D26F3}
T{00000000-0000-0000-0000-000000062309}
F{00000000-0000-0000-0000-000000060468}
T{00000000-0000-0000-0000-00000025C115}
T{00000000-0000-0000-0000-000000077309}
T{00000000-0000-0000-0000-0000002F6B7B}
T{00000000-0000-0000-0000-00000005EF6E}
F{00000000-0000-0000-0000-00000031840C}
F{00000000-0000-0000-0000-000000231277}
T{00000000-0000-0000-0000-000000104584}
T{00000000-0000-0000-0000-0000000EF5E7}
T{00000000-0000-0000-0000-00000019F30D}
T{00000000-0000-0000-0000-00000000BB92}
T{00000000-0000-0000-0000-00000006CBEB}
T{00000000-0000-0000-0000-0000000A5792}
F{00000000-0000-0000-0000-00000013BB66}
F{00000000-0000-0000-0000-00000019EB21}
T{00000000-0000-0000-0000-0000002E314C}
F{00000000-0000-0000-0000-00000026A7E0}
T{00000000-0000-0000-0000-0000000A5811}
T{00000000-0000-0000-0000-0000001BB7B5}
T{00000000-0000-0000-0000-0000000ECC6E}
F{00000000-0000-0000-0000-00000002971C}
T{00000000-0000-0000-0000-0000002B5FB9}
T{00000000-0000-0000-0000-000000017C1A}
T{00000000-0000-0000-0000-0000000AB664}
T{00000000-0000-0000-0000-0000000BCE16}
T{00000000-0000-0000-0000-0000001EA152}
T{00000000-0000-0000-0000-0000000F3587}
T{00000000-0000-0000-0000-000000132504}
T{00000000-0000-0000-0000-0000002375F5}
T{00000000-0000-0000-0000-0000001AF208}
T{00000000-0000-0000-0000-00000013D847}
T{00000000-0000-0000-0000-00000014AC98}
T{00000000-0000-0000-0000-0000000AC79A}
T{00000000-0000-0000-0000-000000222A3E}
F{00000000-0000-0000-0000-000000146BB2}
T{00000000-0000-0000-0000-0000002A48F5}
T{00000000-0000-0000-0000-00000012AF34}
T{00000000-0000-0000-0000-0000002FEC1E}
T{00000000-0000-0000-0000-0000000BB9D4}
T{00000000-0000-0000-0000-0000001A5CA2}
T{00000000-0000-0000-0000-0000000BBAE5}
T{00000000-0000-0000-0000-00000009F5AB}
T{00000000-0000-0000-0000-00000009C55D}
T{00000000-0000-0000-0000-0000002D517B}
T{00000000-0000-0000-0000-0000000ADF8A}
F{00000000-0000-0000-0000-0000002CD6C8}
T{00000000-0000-0000-0000-00000024D328}
F{00000000-0000-0000-0000-0000002A9CF7}
T{00000000-0000-0000-0000-0000002BF197}
T{00000000-0000-0000-0000-000000265F80}
F{00000000-0000-0000-0000-00000025D7DD}
T{00000000-0000-0000-0000-00000030694D}
F{00000000-0000-0000-0000-000000245B1C}
T{00000000-0000-0000-0000-00000009AD92}
T{00000000-0000-0000-0000-0000002CEF50}
T{00000000-0000-0000-0000-0000002553EB}
T{00000000-0000-0000-0000-0000001BE6D6}
T{00000000-0000-0000-0000-0000000A5811}
F{00000000-0000-0000-0000-00000011BAB8}
T{00000000-0000-0000-0000-000000062B7E}
T{00000000-0000-0000-0000-0000002EAF33}
F{00000000-0000-0000-0000-0000002D4F1C}
F{00000000-0000-0000-0000-0000001379ED}
T{00000000-0000-0000-0000-0000002A9CF7}
T{00000000-0000-0000-0000-000000271353}
T{00000000-0000-0000-0000-0000000CF7CD}
T{00000000-0000-0000-0000-00000032E6F6}
T{00000000-0000-0000-0000-0000000A5811}
F{00000000-0000-0000-0000-0000000C34F2}
T{00000000-0000-0000-0000-0000002D4147}
F{00000000-0000-0000-0000-0000000AE099}
T{00000000-0000-0000-0000-0000001731F1}
F{00000000-0000-0000-0000-00000016BA6A}
T{00000000-0000-0000-0000-0000000FD49A}
T{00000000-0000-0000-0000-00000026C0C1}
T{00000000-0000-0000-0000-000000030FAE}
F{00000000-0000-0000-0000-000000275B8E}
T{00000000-0000-0000-0000-0000002B60AE}
T{00000000-0000-0000-0000-0000000C34F2}
T{00000000-0000-0000-0000-0000002EE25C}
F{00000000-0000-0000-0000-000000138B76}
F{00000000-0000-0000-0000-0000002CABB9}
T{00000000-0000-0000-0000-0000000D4DD9}
T{00000000-0000-0000-0000-000000200CE4}
T{00000000-0000-0000-0000-000000304FF3}
T{00000000-0000-0000-0000-000000147165}
T{00000000-0000-0000-0000-000000088CF0}
T{00000000-0000-0000-0000-00000009042B}
T{00000000-0000-0000-0000-0000002E314C}
T{00000000-0000-0000-0000-0000002E9CBC}
T{00000000-0000-0000-0000-000000324745}
T{00000000-0000-0000-0000-000000169CBC}
