T{00000000-0000-0000-0000-000000304FF3}
T{00000000-0000-0000-0000-00000032A5BB}
T{00000000-0000-0000-0000-0000002D4F1C}
T{00000000-0000-0000-0000-0000002CDFC9}
T{00000000-0000-0000-0000-0000002CD6C8}
T{00000000-0000-0000-0000-0000002A93E5}
T{00000000-0000-0000-0000-00000032016B}
F{00000000-0000-0000-0000-000000275B8E}
T{00000000-0000-0000-0000-000000270E01}
F{00000000-0000-0000-0000-0000002E0E9F}
T{00000000-0000-0000-0000-0000002CACBC}
T{00000000-0000-0000-0000-000000263C74}
T{00000000-0000-0000-0000-00000031840C}
T{00000000-0000-0000-0000-00000024BF14}
T{00000000-0000-0000-0000-000000245B1C}
T{00000000-0000-0000-0000-000000231277}
T{00000000-0000-0000-0000-0000001FE216}
T{00000000-0000-0000-0000-00000025D7DD}
T{00000000-0000-0000-0000-00000029C2EF}
F{00000000-0000-0000-0000-00000026A7E0}
F{00000000-0000-0000-0000-000000138B76}
T{00000000-0000-0000-0000-00000011FA5C}
F{00000000-0000-0000-0000-00000013BB66}
T{00000000-0000-0000-0000-00000011BAB8}
T{00000000-0000-0000-0000-0000001379ED}
T{00000000-0000-0000-0000-0000000CE9C4}
T{00000000-0000-0000-0000-0000000B07ED}
F{00000000-0000-0000-0000-0000002A9CF7}
F{00000000-0000-0000-0000-0000002C74C9}
T{00000000-0000-0000-0000-0000000DA5C4}
F{00000000-0000-0000-0000-00000008DF2C}
T{00000000-0000-0000-0000-00000008AA1A}
T{00000000-0000-0000-0000-00000013995B}
T{00000000-0000-0000-0000-0000002ADB4F}
T{00000000-0000-0000-0000-000000062FD1}
T{00000000-0000-0000-0000-0000002AB719}
T{00000000-0000-0000-0000-00000019EB21}
T{00000000-0000-0000-0000-00000005250C}
T{00000000-0000-0000-0000-00000007C25E}
T{00000000-0000-0000-0000-00000003B508}
T{00000000-0000-0000-0000-000000106A2C}
T{00000000-0000-0000-0000-000000146BB2}
T{00000000-0000-0000-0000-0000000D0DDB}
T{00000000-0000-0000-0000-00000002971C}
T{00000000-0000-0000-0000-0000000FD4D9}
T{00000000-0000-0000-0000-0000000C34F2}
T{00000000-0000-0000-0000-0000000AE099}
F{00000000-0000-0000-0000-000000018C66}
T{00000000-0000-0000-0000-0000002CABB9}
T{00000000-0000-0000-0000-000000059D2F}
T{00000000-0000-0000-0000-00000031720F}
T{00000000-0000-0000-0000-00000005FF3F}
T{00000000-0000-0000-0000-000000060468}
T{00000000-0000-0000-0000-00000025482D}
T{00000000-0000-0000-0000-0000000C5D03}
T{00000000-0000-0000-0000-000000172673}
F{00000000-0000-0000-0000-000000264C56}
F{00000000-0000-0000-0000-00000016BA6A}
F{00000000-0000-0000-0000-00000005EE69}
T{00000000-0000-0000-0000-0000002078B2}
T{00000000-0000-0000-0000-000000241392}
T{00000000-0000-0000-0000-000000101B79}
T{00000000-0000-0000-0000-00000011BBB3}
T{00000000-0000-0000-0000-0000001024B9}
T{00000000-0000-0000-0000-0000001FD913}
T{00000000-0000-0000-0000-0000002897F9}
T{00000000-0000-0000-0000-000000314A2B}
T{00000000-0000-0000-0000-0000001633C3}
T{00000000-0000-0000-0000-000000213A88}
T{00000000-0000-0000-0000-000000147165}
T{00000000-0000-0000-0000-000000277E2B}
T{00000000-0000-0000-0000-000000275B8E}
T{00000000-0000-0000-0000-00000028017B}
T{00000000-0000-0000-0000-000000235C6F}
T{00000000-0000-0000-0000-0000000B1E17}
F{00000000-0000-0000-0000-0000002F16BE}
T{00000000-0000-0000-0000-0000002CCAFC}
T{00000000-0000-0000-0000-0000002C4B7E}
T{00000000-0000-0000-0000-00000022E947}
T{00000000-0000-0000-0000-000000103C79}
F{00000000-0000-0000-0000-0000000876F9}
T{00000000-0000-0000-0000-000000275B8E}
T{00000000-0000-0000-0000-00000031840C}
T{00000000-0000-0000-0000-000000018C66}
T{00000000-0000-0000-0000-00000002FF57}
T{00000000-0000-0000-0000-00000011BC6F}
F{00000000-0000-0000-0000-000000062238}
T{00000000-0000-0000-0000-0000002C418E}
T{00000000-0000-0000-0000-0000002E5619}
T{00000000-0000-0000-0000-00000002AAB8}
T{00000000-0000-0000-0000-00000027BFF4}
T{00000000-0000-0000-0000-000000053322}
T{00000000-0000-0000-0000-0000000AC79A}
T{00000000-0000-0000-0000-000000126649}
T{00000000-0000-0000-0000-00000028C3F4}
T{00000000-0000-0000-0000-000000103C79}
T{00000000-0000-0000-0000-000000113B7F}
T{00000000-0000-0000-0000-00000025439D}
T{00000000-0000-0000-0000-000000171D96}
T{00000000-0000-0000-0000-0000000DA5C4}
T{00000000-0000-0000-0000-0000000BD935}
T{00000000-0000-0000-0000-00000014E04A}
T{00000000-0000-0000-0000-00000030D59E}
T{00000000-0000-0000-0000-0000000CE9C4}
T{00000000-0000-0000-0000-00000032686B}
F{00000000-0000-0000-0000-000000012582}
T{00000000-0000-0000-0000-0000002ADB4F}
T{00000000-0000-0000-0000-00000013995B}
T{00000000-0000-0000-0000-0000002B054E}
F{00000000-0000-0000-0000-0000001FFE57}
T{00000000-0000-0000-0000-0000002179E5}
F{00000000-0000-0000-0000-00000016BA6A}
T{00000000-0000-0000-0000-0000002FEC1E}
T{00000000-0000-0000-0000-000000253DA3}
F{00000000-0000-0000-0000-0000000F7D09}
T{00000000-0000-0000-0000-0000002DC1A8}
T{00000000-0000-0000-0000-0000000A6D84}
F{00000000-0000-0000-0000-0000000BBAF7}
T{00000000-0000-0000-0000-0000000EB1C4}
T{00000000-0000-0000-0000-000000101B79}
T{00000000-0000-0000-0000-00000016979A}
T{00000000-0000-0000-0000-0000000ADF8A}
T{00000000-0000-0000-0000-00000011C1D0}
T{00000000-0000-0000-0000-000000270E01}
T{00000000-0000-0000-0000-00000033397C}
T{00000000-0000-0000-0000-0000000A6D84}
T{00000000-0000-0000-0000-0000002AA866}
T{00000000-0000-0000-0000-0000000DEA25}
T{00000000-0000-0000-0000-000000270CC6}
T{00000000-0000-0000-0000-00000011A66A}
T{00000000-0000-0000-0000-0000000CE641}
T{00000000-0000-0000-0000-0000002A63DB}
T{00000000-0000-0000-0000-000000113245}
F{00000000-0000-0000-0000-0000000A17FA}
T{00000000-0000-0000-0000-0000002CD9CB}
T{00000000-0000-0000-0000-0000001379ED}
T{00000000-0000-0000-0000-0000002CCAFC}
T{00000000-0000-0000-0000-0000002D1103}
T{00000000-0000-0000-0000-0000002CACBC}
T{00000000-0000-0000-0000-000000172673}
T{00000000-0000-0000-0000-00000018D027}
T{00000000-0000-0000-0000-000000106A2C}
T{00000000-0000-0000-0000-00000019EDAF}
T{00000000-0000-0000-0000-00000022FB1D}
T{00000000-0000-0000-0000-0000001AEBA7}
T{00000000-0000-0000-0000-00000029169E}
F{00000000-0000-0000-0000-00000022236F}
T{00000000-0000-0000-0000-00000017BAF9}
T{00000000-0000-0000-0000-0000000E2CE3}
F{00000000-0000-0000-0000-00000013B91E}
T{00000000-0000-0000-0000-00000025D7DD}
T{00000000-0000-0000-0000-0000002131BD}
T{00000000-0000-0000-0000-0000001021B6}
T{00000000-0000-0000-0000-00000014DCEA}
T{00000000-0000-0000-0000-000000099302}
T{00000000-0000-0000-0000-000000039812}
T{00000000-0000-0000-0000-000000319987}
T{00000000-0000-0000-0000-000000220F56}
T{00000000-0000-0000-0000-000000263C74}
T{00000000-0000-0000-0000-00000028D056}
T{00000000-0000-0000-0000-000000059D2F}
T{00000000-0000-0000-0000-0000002ECA3E}
T{00000000-0000-0000-0000-00000010156C}
T{00000000-0000-0000-0000-00000026853A}
T{00000000-0000-0000-0000-000000259F1C}
T{00000000-0000-0000-0000-000000106746}
F{00000000-0000-0000-0000-000000267D6D}
T{00000000-0000-0000-0000-0000000ABEEA}
T{00000000-0000-0000-0000-00000011BAB8}
T{00000000-0000-0000-0000-000000125A54}
T{00000000-0000-0000-0000-00000023C11C}
T{00000000-0000-0000-0000-0000003019AD}
T{00000000-0000-0000-0000-000000138B76}
T{00000000-0000-0000-0000-0000000C6B65}
T{00000000-0000-0000-0000-000000275B8E}
T{00000000-0000-0000-0000-0000002B300E}
F{00000000-0000-0000-0000-00000009D454}
T{00000000-0000-0000-0000-000000271B02}
T{00000000-0000-0000-0000-0000002A93E5}
T{00000000-0000-0000-0000-000000303F08}
T{00000000-0000-0000-0000-000000094832}
T{00000000-0000-0000-0000-0000000A17FA}
T{00000000-0000-0000-0000-0000002591DD}
T{00000000-0000-0000-0000-0000002789C7}
T{00000000-0000-0000-0000-0000003275C3}
T{00000000-0000-0000-0000-00000005EF6E}
T{00000000-0000-0000-0000-000000063D05}
F{00000000-0000-0000-0000-00000008DF2C}
T{00000000-0000-0000-0000-0000002AB719}
T{00000000-0000-0000-0000-0000002A63DB}
