T{00000000-0000-0000-0000-00000032A5BB}
T{00000000-0000-0000-0000-0000002D4F1C}
T{00000000-0000-0000-0000-0000002CDFC9}
T{00000000-0000-0000-0000-0000002CD6C8}
T{00000000-0000-0000-0000-00000032016B}
F{00000000-0000-0000-0000-0000002E0E9F}
T{00000000-0000-0000-0000-0000002CACBC}
T{00000000-0000-0000-0000-000000263C74}
T{00000000-0000-0000-0000-00000031840C}
T{00000000-0000-0000-0000-000000245B1C}
T{00000000-0000-0000-0000-000000231277}
T{00000000-0000-0000-0000-00000022236F}
T{00000000-0000-0000-0000-0000001FE216}
T{00000000-0000-0000-0000-00000025D7DD}
T{00000000-0000-0000-0000-00000029C2EF}
T{00000000-0000-0000-0000-00000026A7E0}
T{00000000-0000-0000-0000-000000138B76}
F{00000000-0000-0000-0000-00000013BB66}
T{00000000-0000-0000-0000-00000011BAB8}
F{00000000-0000-0000-0000-0000001FFE57}
T{00000000-0000-0000-0000-0000000F7D09}
F{00000000-0000-0000-0000-00000013B91E}
F{00000000-0000-0000-0000-0000001379ED}
F{00000000-0000-0000-0000-0000002F16BE}
F{00000000-0000-0000-0000-0000002A9CF7}
F{00000000-0000-0000-0000-00000009D454}
T{00000000-0000-0000-0000-0000002C74C9}
F{00000000-0000-0000-0000-00000008DF2C}
T{00000000-0000-0000-0000-0000002AB719}
T{00000000-0000-0000-0000-00000019EB21}
T{00000000-0000-0000-0000-00000007C25E}
T{00000000-0000-0000-0000-00000003B508}
F{00000000-0000-0000-0000-0000000A17FA}
T{00000000-0000-0000-0000-000000146BB2}
T{00000000-0000-0000-0000-0000000D0DDB}
T{00000000-0000-0000-0000-00000002971C}
T{00000000-0000-0000-0000-0000000C34F2}
T{00000000-0000-0000-0000-0000000AE099}
T{00000000-0000-0000-0000-000000267D6D}
T{00000000-0000-0000-0000-000000018C66}
T{00000000-0000-0000-0000-0000002CABB9}
T{00000000-0000-0000-0000-000000012582}
T{00000000-0000-0000-0000-000000062238}
F{00000000-0000-0000-0000-000000060468}
T{00000000-0000-0000-0000-0000000C5D03}
T{00000000-0000-0000-0000-0000000BBAF7}
T{00000000-0000-0000-0000-000000172673}
T{00000000-0000-0000-0000-0000000876F9}
T{00000000-0000-0000-0000-000000264C56}
F{00000000-0000-0000-0000-00000016BA6A}
F{00000000-0000-0000-0000-00000005EE69}
F{00000000-0000-0000-0000-000000132F5E}
T{00000000-0000-0000-0000-00000006919F}
F{00000000-0000-0000-0000-0000000C29E6}
T{00000000-0000-0000-0000-000000171E7F}
F{00000000-0000-0000-0000-0000001FFDD7}
T{00000000-0000-0000-0000-00000009042B}
T{00000000-0000-0000-0000-000000147DA5}
T{00000000-0000-0000-0000-0000000A2DD3}
T{00000000-0000-0000-0000-0000000C1231}
T{00000000-0000-0000-0000-00000011FA5C}
T{00000000-0000-0000-0000-0000002843CE}
T{00000000-0000-0000-0000-0000000EBF6D}
T{00000000-0000-0000-0000-0000000CE4C7}
T{00000000-0000-0000-0000-000000096AB9}
T{00000000-0000-0000-0000-0000003362C8}
T{00000000-0000-0000-0000-00000007D743}
T{00000000-0000-0000-0000-0000002789C7}
T{00000000-0000-0000-0000-00000008179C}
T{00000000-0000-0000-0000-0000003011F7}
F{00000000-0000-0000-0000-0000002D52FB}
T{00000000-0000-0000-0000-00000022CD5A}
T{00000000-0000-0000-0000-0000002BB56B}
T{00000000-0000-0000-0000-00000024CD16}
F{00000000-0000-0000-0000-000000220B3D}
T{00000000-0000-0000-0000-000000235979}
T{00000000-0000-0000-0000-00000026A0D7}
T{00000000-0000-0000-0000-00000017BA07}
T{00000000-0000-0000-0000-0000000A1852}
T{00000000-0000-0000-0000-0000002471BA}
F{00000000-0000-0000-0000-00000020CF55}
T{00000000-0000-0000-0000-0000000CA970}
T{00000000-0000-0000-0000-00000023D05D}
T{00000000-0000-0000-0000-0000001DC511}
T{00000000-0000-0000-0000-000000132504}
T{00000000-0000-0000-0000-00000020C7D6}
T{00000000-0000-0000-0000-000000166F37}
T{00000000-0000-0000-0000-00000028AD24}
T{00000000-0000-0000-0000-0000002843CE}
T{00000000-0000-0000-0000-0000002C4EFE}
T{00000000-0000-0000-0000-00000016F860}
T{00000000-0000-0000-0000-0000000BBAF7}
T{00000000-0000-0000-0000-000000125357}
T{00000000-0000-0000-0000-000000099323}
T{00000000-0000-0000-0000-00000033627A}
T{00000000-0000-0000-0000-00000022ED6F}
T{00000000-0000-0000-0000-00000005FF3F}
T{00000000-0000-0000-0000-0000001D3CD0}
T{00000000-0000-0000-0000-00000018CD3C}
T{00000000-0000-0000-0000-00000031F0E6}
T{00000000-0000-0000-0000-000000146C13}
F{00000000-0000-0000-0000-0000000A9334}
T{00000000-0000-0000-0000-000000243F1C}
T{00000000-0000-0000-0000-0000000BF87B}
T{00000000-0000-0000-0000-0000000C6827}
T{00000000-0000-0000-0000-00000024D4B0}
T{00000000-0000-0000-0000-000000049D0E}
T{00000000-0000-0000-0000-00000000D3F0}
F{00000000-0000-0000-0000-0000002B38E3}
T{00000000-0000-0000-0000-000000148332}
T{00000000-0000-0000-0000-0000000CF2D0}
T{00000000-0000-0000-0000-0000002A9CF7}
T{00000000-0000-0000-0000-000000110D6E}
F{00000000-0000-0000-0000-0000000C42D4}
T{00000000-0000-0000-0000-0000001B6EF6}
T{00000000-0000-0000-0000-00000026C27D}
T{00000000-0000-0000-0000-00000009C060}
T{00000000-0000-0000-0000-0000001A5C09}
T{00000000-0000-0000-0000-00000024DE3A}
T{00000000-0000-0000-0000-000000028DD6}
T{00000000-0000-0000-0000-0000000F0E97}
T{00000000-0000-0000-0000-00000023D0EB}
T{00000000-0000-0000-0000-000000281B7B}
T{00000000-0000-0000-0000-000000006802}
F{00000000-0000-0000-0000-0000002A0033}
T{00000000-0000-0000-0000-000000273331}
T{00000000-0000-0000-0000-0000002EDFFA}
F{00000000-0000-0000-0000-00000021EC42}
T{00000000-0000-0000-0000-0000002380FC}
T{00000000-0000-0000-0000-00000013BFCB}
T{00000000-0000-0000-0000-00000029E184}
T{00000000-0000-0000-0000-0000002D3ED8}
T{00000000-0000-0000-0000-0000002211D5}
T{00000000-0000-0000-0000-00000026F31D}
T{00000000-0000-0000-0000-0000000EC264}
T{00000000-0000-0000-0000-0000000FD54B}
T{00000000-0000-0000-0000-000000137696}
T{00000000-0000-0000-0000-000000245B1C}
T{00000000-0000-0000-0000-0000002C4A8B}
T{00000000-0000-0000-0000-0000001C1356}
T{00000000-0000-0000-0000-0000000FBE71}
T{00000000-0000-0000-0000-0000002A0704}
T{00000000-0000-0000-0000-000000122E7A}
T{00000000-0000-0000-0000-0000000EB2FC}
T{00000000-0000-0000-0000-000000145890}
T{00000000-0000-0000-0000-0000002A93E5}
T{00000000-0000-0000-0000-00000031840C}
T{00000000-0000-0000-0000-000000210B04}
T{00000000-0000-0000-0000-0000001282E8}
T{00000000-0000-0000-0000-0000001EA152}
T{00000000-0000-0000-0000-000000137696}
T{00000000-0000-0000-0000-000000059D2F}
T{00000000-0000-0000-0000-0000000A1852}
T{00000000-0000-0000-0000-00000008DF2C}
T{00000000-0000-0000-0000-0000000D2FA0}
F{00000000-0000-0000-0000-0000000604DA}
F{00000000-0000-0000-0000-0000002E314C}
T{00000000-0000-0000-0000-000000299B39}
T{00000000-0000-0000-0000-000000088CF0}
T{00000000-0000-0000-0000-00000029E4F0}
T{00000000-0000-0000-0000-00000014DA5C}
T{00000000-0000-0000-0000-00000008DE54}
T{00000000-0000-0000-0000-00000020C7D6}
T{00000000-0000-0000-0000-0000002690A8}
T{00000000-0000-0000-0000-00000014D038}
T{00000000-0000-0000-0000-00000014AC98}
T{00000000-0000-0000-0000-0000001A72D1}
F{00000000-0000-0000-0000-00000013BB66}
T{00000000-0000-0000-0000-000000054FCB}
T{00000000-0000-0000-0000-000000210B04}
T{00000000-0000-0000-0000-000000132504}
T{00000000-0000-0000-0000-00000029E4F0}
T{00000000-0000-0000-0000-0000001FD913}
T{00000000-0000-0000-0000-0000000D4BD1}
T{00000000-0000-0000-0000-0000002B0555}
T{00000000-0000-0000-0000-000000171CAA}
T{00000000-0000-0000-0000-0000000AFBED}
T{00000000-0000-0000-0000-000000242682}
T{00000000-0000-0000-0000-000000268E75}
T{00000000-0000-0000-0000-000000007ED1}
F{00000000-0000-0000-0000-0000000C29E6}
T{00000000-0000-0000-0000-000000041E64}
T{00000000-0000-0000-0000-0000001BDA94}
T{00000000-0000-0000-0000-0000000567C5}
T{00000000-0000-0000-0000-0000000FD54B}
F{00000000-0000-0000-0000-0000000D199E}
T{00000000-0000-0000-0000-00000009D454}
T{00000000-0000-0000-0000-00000006193F}
T{00000000-0000-0000-0000-000000012582}
F{00000000-0000-0000-0000-0000002E4C7F}
T{00000000-0000-0000-0000-0000002CACBC}
T{00000000-0000-0000-0000-000000099302}
T{00000000-0000-0000-0000-0000002CAD87}
T{00000000-0000-0000-0000-000000220326}
T{00000000-0000-0000-0000-000000061C56}
T{00000000-0000-0000-0000-00000007C25E}
F{00000000-0000-0000-0000-0000002AD2A1}
T{00000000-0000-0000-0000-000000277E2B}
T{00000000-0000-0000-0000-0000002961D2}
T{00000000-0000-0000-0000-000000245F5D}
T{00000000-0000-0000-0000-0000000F7B7F}
T{00000000-0000-0000-0000-0000002EAF33}
T{00000000-0000-0000-0000-00000000740B}
T{00000000-0000-0000-0000-000000241392}
T{00000000-0000-0000-0000-00000031B2AF}
F{00000000-0000-0000-0000-0000001FFE57}
T{00000000-0000-0000-0000-000000099302}
T{00000000-0000-0000-0000-00000017B9E1}
T{00000000-0000-0000-0000-00000013BB66}
T{00000000-0000-0000-0000-0000000F4FE6}
T{00000000-0000-0000-0000-000000062309}
T{00000000-0000-0000-0000-0000002C4EFE}
T{00000000-0000-0000-0000-00000000C8EC}
T{00000000-0000-0000-0000-00000019F414}
T{00000000-0000-0000-0000-000000270E01}
T{00000000-0000-0000-0000-0000001D26F3}
T{00000000-0000-0000-0000-00000009E1AA}
T{00000000-0000-0000-0000-0000001746C3}
T{00000000-0000-0000-0000-0000000C5B68}
