F{00000000-0000-0000-0000-000000313F5B}
T{00000000-0000-0000-0000-0000002E314C}
T{00000000-0000-0000-0000-0000002D52FB}
T{00000000-0000-0000-0000-0000002D4F1C}
T{00000000-0000-0000-0000-0000002CDFC9}
T{00000000-0000-0000-0000-0000002CD6C8}
T{00000000-0000-0000-0000-0000002B38E3}
F{00000000-0000-0000-0000-0000002ADD3E}
T{00000000-0000-0000-0000-0000002A041E}
F{00000000-0000-0000-0000-0000002E0E9F}
T{00000000-0000-0000-0000-000000234C6F}
T{00000000-0000-0000-0000-000000231277}
T{00000000-0000-0000-0000-00000022236F}
T{00000000-0000-0000-0000-00000021EC42}
F{00000000-0000-0000-0000-000000210A3E}
T{00000000-0000-0000-0000-00000020FC29}
T{00000000-0000-0000-0000-0000001FE216}
F{00000000-0000-0000-0000-0000001FB9CB}
T{00000000-0000-0000-0000-0000001B7210}
T{00000000-0000-0000-0000-00000019FBB6}
T{00000000-0000-0000-0000-0000001C7213}
T{00000000-0000-0000-0000-000000166E22}
T{00000000-0000-0000-0000-00000029C2EF}
T{00000000-0000-0000-0000-00000026A7E0}
T{00000000-0000-0000-0000-0000002E4C7F}
T{00000000-0000-0000-0000-000000138B76}
T{00000000-0000-0000-0000-00000013BB66}
F{00000000-0000-0000-0000-0000001FFDD7}
F{00000000-0000-0000-0000-0000001FFE57}
T{00000000-0000-0000-0000-0000000F7D09}
T{00000000-0000-0000-0000-0000000F1D2A}
T{00000000-0000-0000-0000-0000002A0033}
F{00000000-0000-0000-0000-00000013B91E}
F{00000000-0000-0000-0000-0000000D199E}
F{00000000-0000-0000-0000-0000001379ED}
T{00000000-0000-0000-0000-0000000C42D4}
T{00000000-0000-0000-0000-0000002F16BE}
T{00000000-0000-0000-0000-0000000C2096}
F{00000000-0000-0000-0000-0000000A9334}
T{00000000-0000-0000-0000-0000002A9CF7}
T{00000000-0000-0000-0000-0000000A64B4}
F{00000000-0000-0000-0000-0000000BDEF1}
T{00000000-0000-0000-0000-0000002AD2A1}
F{00000000-0000-0000-0000-00000009D454}
F{00000000-0000-0000-0000-0000000C29E6}
T{00000000-0000-0000-0000-0000002C74C9}
F{00000000-0000-0000-0000-00000008DF2C}
T{00000000-0000-0000-0000-000000080176}
T{00000000-0000-0000-0000-00000005937B}
T{00000000-0000-0000-0000-00000019EB21}
F{00000000-0000-0000-0000-0000000562FC}
T{00000000-0000-0000-0000-00000020CF55}
F{00000000-0000-0000-0000-0000000A17FA}
T{00000000-0000-0000-0000-000000146BB2}
T{00000000-0000-0000-0000-00000002971C}
T{00000000-0000-0000-0000-0000000AE099}
T{00000000-0000-0000-0000-000000220B3D}
T{00000000-0000-0000-0000-000000267D6D}
F{00000000-0000-0000-0000-000000018C66}
T{00000000-0000-0000-0000-0000002CABB9}
T{00000000-0000-0000-0000-000000132F5E}
T{00000000-0000-0000-0000-000000012582}
T{00000000-0000-0000-0000-000000062238}
F{00000000-0000-0000-0000-000000060468}
T{00000000-0000-0000-0000-0000000C5D03}
T{00000000-0000-0000-0000-0000000BBAF7}
F{00000000-0000-0000-0000-00000027BF4A}
F{00000000-0000-0000-0000-0000000604DA}
T{00000000-0000-0000-0000-0000000876F9}
T{00000000-0000-0000-0000-000000264C56}
F{00000000-0000-0000-0000-00000016BA6A}
T{00000000-0000-0000-0000-00000005EE69}
F{00000000-0000-0000-0000-00000007357B}
T{00000000-0000-0000-0000-000000234C6F}
T{00000000-0000-0000-0000-0000000562FC}
T{00000000-0000-0000-0000-000000166E22}
F{00000000-0000-0000-0000-0000001FB9CB}
T{00000000-0000-0000-0000-0000001B7210}
T{00000000-0000-0000-0000-0000000C2096}
T{00000000-0000-0000-0000-0000002ADD3E}
T{00000000-0000-0000-0000-00000027BF4A}
T{00000000-0000-0000-0000-00000007357B}
T{00000000-0000-0000-0000-00000019FBB6}
T{00000000-0000-0000-0000-000000313F5B}
T{00000000-0000-0000-0000-0000000F1D2A}
T{00000000-0000-0000-0000-00000020FC29}
T{00000000-0000-0000-0000-000000080176}
T{00000000-0000-0000-0000-00000005937B}
T{00000000-0000-0000-0000-0000000BDEF1}
T{00000000-0000-0000-0000-000000210A3E}
T{00000000-0000-0000-0000-0000001C7213}
T{00000000-0000-0000-0000-0000000A64B4}
T{00000000-0000-0000-0000-0000002A041E}
T{00000000-0000-0000-0000-0000003362C8}
T{00000000-0000-0000-0000-000000210A3E}
T{00000000-0000-0000-0000-0000001813D8}
T{00000000-0000-0000-0000-00000032E6F6}
T{00000000-0000-0000-0000-00000030D999}
T{00000000-0000-0000-0000-0000000C2096}
T{00000000-0000-0000-0000-00000021F6AA}
T{00000000-0000-0000-0000-0000002D52FB}
T{00000000-0000-0000-0000-0000000C42D4}
T{00000000-0000-0000-0000-00000005937B}
T{00000000-0000-0000-0000-0000000BDF18}
T{00000000-0000-0000-0000-0000000FFB82}
T{00000000-0000-0000-0000-0000002CC8D4}
T{00000000-0000-0000-0000-00000005937B}
T{00000000-0000-0000-0000-0000002CEF50}
T{00000000-0000-0000-0000-0000000876F9}
T{00000000-0000-0000-0000-00000031ED05}
T{00000000-0000-0000-0000-00000015BDE3}
T{00000000-0000-0000-0000-0000002C4FBE}
T{00000000-0000-0000-0000-00000029C2EF}
T{00000000-0000-0000-0000-0000001E3924}
T{00000000-0000-0000-0000-0000000928C2}
T{00000000-0000-0000-0000-0000002A9640}
T{00000000-0000-0000-0000-0000000A64B4}
T{00000000-0000-0000-0000-000000039287}
T{00000000-0000-0000-0000-000000039877}
T{00000000-0000-0000-0000-0000002796A4}
T{00000000-0000-0000-0000-0000000C34F2}
T{00000000-0000-0000-0000-0000002B9CA9}
T{00000000-0000-0000-0000-00000020CF55}
T{00000000-0000-0000-0000-0000000CF7CD}
T{00000000-0000-0000-0000-0000000AE099}
T{00000000-0000-0000-0000-0000000ABCBF}
T{00000000-0000-0000-0000-0000002CD6C8}
T{00000000-0000-0000-0000-0000001DC846}
T{00000000-0000-0000-0000-0000003364DF}
T{00000000-0000-0000-0000-0000002C532B}
T{00000000-0000-0000-0000-0000001D30D6}
T{00000000-0000-0000-0000-0000001E1D24}
T{00000000-0000-0000-0000-0000002CABB9}
T{00000000-0000-0000-0000-0000002B9CA9}
T{00000000-0000-0000-0000-0000000F1D2A}
F{00000000-0000-0000-0000-0000001278AF}
T{00000000-0000-0000-0000-0000000CE303}
T{00000000-0000-0000-0000-00000032686B}
T{00000000-0000-0000-0000-00000011BAB8}
T{00000000-0000-0000-0000-0000002494C3}
T{00000000-0000-0000-0000-0000001B7210}
T{00000000-0000-0000-0000-000000314A2B}
T{00000000-0000-0000-0000-00000005EE69}
T{00000000-0000-0000-0000-0000000A64B4}
T{00000000-0000-0000-0000-000000275F5A}
T{00000000-0000-0000-0000-000000060468}
T{00000000-0000-0000-0000-000000154598}
T{00000000-0000-0000-0000-00000013D847}
T{00000000-0000-0000-0000-0000001EA4DD}
T{00000000-0000-0000-0000-000000138AFA}
T{00000000-0000-0000-0000-0000001672E1}
T{00000000-0000-0000-0000-0000001DC846}
T{00000000-0000-0000-0000-0000001028EE}
T{00000000-0000-0000-0000-0000002640E9}
T{00000000-0000-0000-0000-0000002C6D1C}
F{00000000-0000-0000-0000-00000005A714}
T{00000000-0000-0000-0000-0000000C42D4}
T{00000000-0000-0000-0000-000000201834}
T{00000000-0000-0000-0000-0000000FD4D9}
T{00000000-0000-0000-0000-00000032BEB2}
T{00000000-0000-0000-0000-0000000C2096}
T{00000000-0000-0000-0000-0000002D52FB}
T{00000000-0000-0000-0000-0000001A8886}
T{00000000-0000-0000-0000-000000086E8A}
T{00000000-0000-0000-0000-0000000A64B4}
F{00000000-0000-0000-0000-000000083C07}
T{00000000-0000-0000-0000-0000000A5792}
T{00000000-0000-0000-0000-00000028980F}
T{00000000-0000-0000-0000-0000000BC483}
T{00000000-0000-0000-0000-000000259F1C}
T{00000000-0000-0000-0000-0000001A871A}
T{00000000-0000-0000-0000-0000002F16BE}
T{00000000-0000-0000-0000-0000001C7B17}
F{00000000-0000-0000-0000-000000263B6B}
F{00000000-0000-0000-0000-000000271DD9}
T{00000000-0000-0000-0000-0000000ED1CA}
T{00000000-0000-0000-0000-00000004A5D9}
T{00000000-0000-0000-0000-00000019EB21}
T{00000000-0000-0000-0000-000000210A3E}
T{00000000-0000-0000-0000-0000000A0350}
T{00000000-0000-0000-0000-0000000802A5}
T{00000000-0000-0000-0000-00000020F2D8}
T{00000000-0000-0000-0000-0000001A63ED}
T{00000000-0000-0000-0000-0000002E5619}
T{00000000-0000-0000-0000-0000002843CE}
T{00000000-0000-0000-0000-00000007124A}
T{00000000-0000-0000-0000-00000020CF55}
T{00000000-0000-0000-0000-0000002ADD6F}
T{00000000-0000-0000-0000-00000019B1B2}
T{00000000-0000-0000-0000-0000001DCCD0}
F{00000000-0000-0000-0000-0000000C5B68}
T{00000000-0000-0000-0000-000000011C79}
T{00000000-0000-0000-0000-000000043636}
T{00000000-0000-0000-0000-0000002ADB4F}
T{00000000-0000-0000-0000-0000002A041E}
T{00000000-0000-0000-0000-00000002A54C}
T{00000000-0000-0000-0000-000000119C07}
T{00000000-0000-0000-0000-00000013995B}
T{00000000-0000-0000-0000-00000027BF4A}
F{00000000-0000-0000-0000-000000275B8E}
T{00000000-0000-0000-0000-00000032A5BB}
T{00000000-0000-0000-0000-0000003334D3}
F{00000000-0000-0000-0000-000000225920}
