T{00000000-0000-0000-0000-000000313F5B}
T{00000000-0000-0000-0000-0000002E314C}
T{00000000-0000-0000-0000-0000002B38E3}
T{00000000-0000-0000-0000-0000002ADD3E}
T{00000000-0000-0000-0000-000000275B8E}
F{00000000-0000-0000-0000-0000002E0E9F}
F{00000000-0000-0000-0000-000000263B6B}
T{00000000-0000-0000-0000-000000234C6F}
T{00000000-0000-0000-0000-00000022236F}
T{00000000-0000-0000-0000-00000021EC42}
T{00000000-0000-0000-0000-00000020FC29}
F{00000000-0000-0000-0000-0000001FB9CB}
T{00000000-0000-0000-0000-00000019FBB6}
T{00000000-0000-0000-0000-0000001C7213}
T{00000000-0000-0000-0000-000000166E22}
T{00000000-0000-0000-0000-00000026A7E0}
T{00000000-0000-0000-0000-0000002E4C7F}
T{00000000-0000-0000-0000-00000013BB66}
T{00000000-0000-0000-0000-0000001FFDD7}
T{00000000-0000-0000-0000-0000001FFE57}
T{00000000-0000-0000-0000-000000225920}
T{00000000-0000-0000-0000-0000000F7D09}
T{00000000-0000-0000-0000-0000002A0033}
T{00000000-0000-0000-0000-00000013B91E}
F{00000000-0000-0000-0000-0000000D199E}
F{00000000-0000-0000-0000-0000001379ED}
F{00000000-0000-0000-0000-0000000C5B68}
T{00000000-0000-0000-0000-0000002F16BE}
T{00000000-0000-0000-0000-0000000A9334}
T{00000000-0000-0000-0000-0000002A9CF7}
T{00000000-0000-0000-0000-000000271DD9}
T{00000000-0000-0000-0000-0000000BDEF1}
T{00000000-0000-0000-0000-0000002AD2A1}
T{00000000-0000-0000-0000-00000009D454}
F{00000000-0000-0000-0000-0000000C29E6}
T{00000000-0000-0000-0000-0000002C74C9}
F{00000000-0000-0000-0000-00000008DF2C}
T{00000000-0000-0000-0000-000000080176}
T{00000000-0000-0000-0000-000000083C07}
T{00000000-0000-0000-0000-0000000562FC}
T{00000000-0000-0000-0000-00000005A714}
T{00000000-0000-0000-0000-0000000A17FA}
T{00000000-0000-0000-0000-000000220B3D}
T{00000000-0000-0000-0000-000000267D6D}
T{00000000-0000-0000-0000-000000018C66}
T{00000000-0000-0000-0000-000000132F5E}
T{00000000-0000-0000-0000-000000062238}
T{00000000-0000-0000-0000-000000060468}
T{00000000-0000-0000-0000-0000001278AF}
T{00000000-0000-0000-0000-00000027BF4A}
T{00000000-0000-0000-0000-0000000604DA}
T{00000000-0000-0000-0000-000000264C56}
F{00000000-0000-0000-0000-00000016BA6A}
T{00000000-0000-0000-0000-00000005EE69}
F{00000000-0000-0000-0000-00000007357B}
F{00000000-0000-0000-0000-0000001FB9CB}
T{00000000-0000-0000-0000-0000002DD910}
T{00000000-0000-0000-0000-000000048F75}
T{00000000-0000-0000-0000-00000020554E}
T{00000000-0000-0000-0000-00000026C0C1}
T{00000000-0000-0000-0000-00000016BA6A}
F{00000000-0000-0000-0000-0000001AF5B8}
T{00000000-0000-0000-0000-0000002001DC}
T{00000000-0000-0000-0000-000000074466}
T{00000000-0000-0000-0000-00000028C84A}
T{00000000-0000-0000-0000-00000026C0C1}
T{00000000-0000-0000-0000-000000064EFA}
T{00000000-0000-0000-0000-000000090229}
T{00000000-0000-0000-0000-0000001D699A}
F{00000000-0000-0000-0000-0000002E0E9F}
T{00000000-0000-0000-0000-0000000DDC55}
T{00000000-0000-0000-0000-0000001D26F3}
T{00000000-0000-0000-0000-00000028C1E1}
T{00000000-0000-0000-0000-0000001450FF}
T{00000000-0000-0000-0000-0000000BB9D4}
T{00000000-0000-0000-0000-00000008179C}
T{00000000-0000-0000-0000-0000001464E5}
T{00000000-0000-0000-0000-000000270CC6}
T{00000000-0000-0000-0000-0000000813D7}
T{00000000-0000-0000-0000-00000029CB1D}
T{00000000-0000-0000-0000-000000018C66}
T{00000000-0000-0000-0000-0000000F6F30}
T{00000000-0000-0000-0000-0000000CF7CD}
T{00000000-0000-0000-0000-000000090229}
T{00000000-0000-0000-0000-0000000E70A1}
T{00000000-0000-0000-0000-0000000D0CBC}
T{00000000-0000-0000-0000-0000001249B2}
T{00000000-0000-0000-0000-000000041E64}
T{00000000-0000-0000-0000-00000020AC91}
T{00000000-0000-0000-0000-000000027825}
T{00000000-0000-0000-0000-00000027E298}
T{00000000-0000-0000-0000-000000111E00}
T{00000000-0000-0000-0000-0000000FB5F9}
T{00000000-0000-0000-0000-000000155B05}
T{00000000-0000-0000-0000-0000002078B2}
T{00000000-0000-0000-0000-00000022F0AA}
T{00000000-0000-0000-0000-0000001713EF}
T{00000000-0000-0000-0000-0000002691F5}
T{00000000-0000-0000-0000-0000000CDD4D}
T{00000000-0000-0000-0000-000000220F56}
T{00000000-0000-0000-0000-0000000A9334}
T{00000000-0000-0000-0000-0000002AD098}
F{00000000-0000-0000-0000-0000002897F9}
T{00000000-0000-0000-0000-000000270D4D}
T{00000000-0000-0000-0000-0000002C6187}
T{00000000-0000-0000-0000-0000003019AD}
T{00000000-0000-0000-0000-000000046E9C}
T{00000000-0000-0000-0000-00000024D328}
T{00000000-0000-0000-0000-0000002E314C}
T{00000000-0000-0000-0000-00000005A714}
T{00000000-0000-0000-0000-000000126649}
T{00000000-0000-0000-0000-0000001EAB7A}
T{00000000-0000-0000-0000-00000016D577}
F{00000000-0000-0000-0000-0000001056F7}
T{00000000-0000-0000-0000-000000063398}
T{00000000-0000-0000-0000-0000002390CE}
T{00000000-0000-0000-0000-0000001FFDD7}
T{00000000-0000-0000-0000-0000002A02EE}
T{00000000-0000-0000-0000-0000000618DF}
T{00000000-0000-0000-0000-00000028CD69}
T{00000000-0000-0000-0000-000000229D83}
T{00000000-0000-0000-0000-000000243835}
T{00000000-0000-0000-0000-000000289DEC}
T{00000000-0000-0000-0000-0000000C42D4}
T{00000000-0000-0000-0000-00000015CAE7}
T{00000000-0000-0000-0000-00000012AF34}
F{00000000-0000-0000-0000-0000001728B3}
T{00000000-0000-0000-0000-000000078B95}
T{00000000-0000-0000-0000-00000026AF5F}
T{00000000-0000-0000-0000-0000002E314C}
T{00000000-0000-0000-0000-000000173168}
T{00000000-0000-0000-0000-00000000C85C}
T{00000000-0000-0000-0000-000000009FD6}
T{00000000-0000-0000-0000-0000000C42D4}
T{00000000-0000-0000-0000-0000002C60BC}
T{00000000-0000-0000-0000-00000011FF45}
T{00000000-0000-0000-0000-00000008C464}
T{00000000-0000-0000-0000-000000245C0C}
T{00000000-0000-0000-0000-00000007718A}
T{00000000-0000-0000-0000-0000002FA3FA}
T{00000000-0000-0000-0000-000000083C07}
T{00000000-0000-0000-0000-0000000604DA}
T{00000000-0000-0000-0000-000000125A54}
T{00000000-0000-0000-0000-00000031B2AF}
T{00000000-0000-0000-0000-0000000567C5}
F{00000000-0000-0000-0000-000000007962}
T{00000000-0000-0000-0000-00000015ABCA}
T{00000000-0000-0000-0000-0000001A891E}
T{00000000-0000-0000-0000-0000002B7A74}
T{00000000-0000-0000-0000-0000002FEC1E}
T{00000000-0000-0000-0000-0000001E35CC}
T{00000000-0000-0000-0000-0000000604DA}
T{00000000-0000-0000-0000-0000002C51D3}
T{00000000-0000-0000-0000-0000000D0B0E}
T{00000000-0000-0000-0000-0000002D4FE4}
T{00000000-0000-0000-0000-00000031211F}
T{00000000-0000-0000-0000-000000270DC9}
T{00000000-0000-0000-0000-0000002BDEA2}
T{00000000-0000-0000-0000-00000029E184}
T{00000000-0000-0000-0000-000000146BA0}
T{00000000-0000-0000-0000-000000031801}
F{00000000-0000-0000-0000-000000172673}
T{00000000-0000-0000-0000-0000000C29E6}
T{00000000-0000-0000-0000-00000026C360}
T{00000000-0000-0000-0000-0000002D71D6}
T{00000000-0000-0000-0000-0000000ED171}
T{00000000-0000-0000-0000-0000002C4782}
T{00000000-0000-0000-0000-0000000B0D42}
T{00000000-0000-0000-0000-000000132504}
T{00000000-0000-0000-0000-0000000604DA}
T{00000000-0000-0000-0000-00000019F414}
F{00000000-0000-0000-0000-0000001985BE}
T{00000000-0000-0000-0000-00000013D847}
T{00000000-0000-0000-0000-00000027D4C7}
T{00000000-0000-0000-0000-0000000B7BDF}
T{00000000-0000-0000-0000-000000264084}
T{00000000-0000-0000-0000-00000025E580}
T{00000000-0000-0000-0000-0000001480CF}
T{00000000-0000-0000-0000-0000001AF5B8}
F{00000000-0000-0000-0000-000000282FCE}
T{00000000-0000-0000-0000-0000002789C7}
T{00000000-0000-0000-0000-0000002DC9A5}
T{00000000-0000-0000-0000-0000000ADCC9}
T{00000000-0000-0000-0000-00000028C84A}
T{00000000-0000-0000-0000-00000009E1BD}
T{00000000-0000-0000-0000-000000253DA3}
T{00000000-0000-0000-0000-000000251E83}
F{00000000-0000-0000-0000-000000004F77}
T{00000000-0000-0000-0000-0000001EB0AE}
T{00000000-0000-0000-0000-000000167516}
T{00000000-0000-0000-0000-0000001FECF2}
T{00000000-0000-0000-0000-00000021F873}
F{00000000-0000-0000-0000-0000001FB9CB}
T{00000000-0000-0000-0000-000000040787}
T{00000000-0000-0000-0000-000000172673}
T{00000000-0000-0000-0000-00000000D3F0}
T{00000000-0000-0000-0000-0000001FB9CB}
T{00000000-0000-0000-0000-0000002640E9}
T{00000000-0000-0000-0000-000000062309}
T{00000000-0000-0000-0000-0000000E75F6}
T{00000000-0000-0000-0000-00000016F860}
T{00000000-0000-0000-0000-000000273493}
T{00000000-0000-0000-0000-000000299425}
