T{00000000-0000-0000-0000-000000313F5B}
T{00000000-0000-0000-0000-0000002B38E3}
T{00000000-0000-0000-0000-0000002ADD3E}
T{00000000-0000-0000-0000-0000002897F9}
T{00000000-0000-0000-0000-000000282FCE}
T{00000000-0000-0000-0000-000000275B8E}
F{00000000-0000-0000-0000-0000002E0E9F}
F{00000000-0000-0000-0000-000000263B6B}
T{00000000-0000-0000-0000-00000021EC42}
F{00000000-0000-0000-0000-0000001FB9CB}
T{00000000-0000-0000-0000-0000001B9D1F}
T{00000000-0000-0000-0000-0000001AF5B8}
F{00000000-0000-0000-0000-0000001728B3}
T{00000000-0000-0000-0000-0000002E4C7F}
F{00000000-0000-0000-0000-0000001985BE}
T{00000000-0000-0000-0000-0000001FFDD7}
T{00000000-0000-0000-0000-0000001FFE57}
F{00000000-0000-0000-0000-000000225920}
T{00000000-0000-0000-0000-0000002A0033}
T{00000000-0000-0000-0000-00000013B91E}
F{00000000-0000-0000-0000-0000000D199E}
F{00000000-0000-0000-0000-0000001379ED}
T{00000000-0000-0000-0000-0000000C5B68}
T{00000000-0000-0000-0000-0000000A9334}
T{00000000-0000-0000-0000-000000271DD9}
T{00000000-0000-0000-0000-0000000BDEF1}
T{00000000-0000-0000-0000-0000002AD2A1}
F{00000000-0000-0000-0000-00000009D454}
F{00000000-0000-0000-0000-0000000C29E6}
F{00000000-0000-0000-0000-00000008DF2C}
T{00000000-0000-0000-0000-0000001056F7}
T{00000000-0000-0000-0000-000000083C07}
F{00000000-0000-0000-0000-0000000562FC}
T{00000000-0000-0000-0000-00000005A714}
T{00000000-0000-0000-0000-0000000A17FA}
T{00000000-0000-0000-0000-00000001D182}
T{00000000-0000-0000-0000-000000220B3D}
T{00000000-0000-0000-0000-000000018C66}
T{00000000-0000-0000-0000-000000132F5E}
T{00000000-0000-0000-0000-000000060468}
T{00000000-0000-0000-0000-0000001278AF}
T{00000000-0000-0000-0000-000000172673}
T{00000000-0000-0000-0000-000000007962}
T{00000000-0000-0000-0000-00000016BA6A}
T{00000000-0000-0000-0000-000000004F77}
F{00000000-0000-0000-0000-00000007357B}
T{00000000-0000-0000-0000-0000001B9D1F}
T{00000000-0000-0000-0000-00000001D182}
T{00000000-0000-0000-0000-0000002FBEF4}
T{00000000-0000-0000-0000-000000218CCC}
T{00000000-0000-0000-0000-00000026853A}
T{00000000-0000-0000-0000-0000000A743F}
T{00000000-0000-0000-0000-000000235C6F}
T{00000000-0000-0000-0000-000000028B7A}
T{00000000-0000-0000-0000-00000008E1A8}
F{00000000-0000-0000-0000-00000029C08B}
T{00000000-0000-0000-0000-0000000B0D42}
F{00000000-0000-0000-0000-00000019D284}
T{00000000-0000-0000-0000-00000024D4B0}
T{00000000-0000-0000-0000-00000018025C}
T{00000000-0000-0000-0000-000000088CF0}
T{00000000-0000-0000-0000-000000303C41}
F{00000000-0000-0000-0000-000000263D12}
T{00000000-0000-0000-0000-0000002B25A6}
T{00000000-0000-0000-0000-00000001AAB3}
T{00000000-0000-0000-0000-00000026A7E0}
T{00000000-0000-0000-0000-0000001282E8}
T{00000000-0000-0000-0000-00000013BA26}
T{00000000-0000-0000-0000-0000002C76ED}
T{00000000-0000-0000-0000-0000002B60AE}
T{00000000-0000-0000-0000-0000002ADB4F}
T{00000000-0000-0000-0000-0000002D8355}
T{00000000-0000-0000-0000-0000002FA47F}
T{00000000-0000-0000-0000-00000001E23D}
T{00000000-0000-0000-0000-0000002A0033}
T{00000000-0000-0000-0000-0000000E3964}
T{00000000-0000-0000-0000-0000000AA748}
T{00000000-0000-0000-0000-0000000C838C}
T{00000000-0000-0000-0000-0000000BBBC1}
T{00000000-0000-0000-0000-0000002CCD29}
T{00000000-0000-0000-0000-0000001BDAF9}
T{00000000-0000-0000-0000-0000001A63ED}
T{00000000-0000-0000-0000-000000152F96}
T{00000000-0000-0000-0000-00000029E184}
T{00000000-0000-0000-0000-00000009885C}
T{00000000-0000-0000-0000-00000009E1DD}
T{00000000-0000-0000-0000-0000002AA779}
F{00000000-0000-0000-0000-0000002B494C}
T{00000000-0000-0000-0000-00000013BA26}
T{00000000-0000-0000-0000-00000024C26F}
T{00000000-0000-0000-0000-0000001282E8}
T{00000000-0000-0000-0000-00000021CF71}
T{00000000-0000-0000-0000-00000021B769}
T{00000000-0000-0000-0000-0000002F9487}
T{00000000-0000-0000-0000-000000194740}
T{00000000-0000-0000-0000-0000000D5E13}
T{00000000-0000-0000-0000-00000010215D}
F{00000000-0000-0000-0000-000000304FF3}
T{00000000-0000-0000-0000-00000008AA1A}
T{00000000-0000-0000-0000-000000119C07}
