T{00000000-0000-0000-0000-000000304FF3}
T{00000000-0000-0000-0000-0000002897F9}
T{00000000-0000-0000-0000-000000282FCE}
T{00000000-0000-0000-0000-000000275B8E}
F{00000000-0000-0000-0000-0000002E0E9F}
F{00000000-0000-0000-0000-000000263D12}
T{00000000-0000-0000-0000-000000263B6B}
F{00000000-0000-0000-0000-0000001FB9CB}
T{00000000-0000-0000-0000-0000001B9D1F}
T{00000000-0000-0000-0000-0000001AF5B8}
T{00000000-0000-0000-0000-00000019D284}
T{00000000-0000-0000-0000-0000001728B3}
T{00000000-0000-0000-0000-0000001985BE}
T{00000000-0000-0000-0000-0000001FFE57}
F{00000000-0000-0000-0000-000000225920}
T{00000000-0000-0000-0000-00000013B91E}
T{00000000-0000-0000-0000-0000000D199E}
T{00000000-0000-0000-0000-0000001379ED}
T{00000000-0000-0000-0000-0000000C5B68}
T{00000000-0000-0000-0000-000000271DD9}
F{00000000-0000-0000-0000-00000009D454}
T{00000000-0000-0000-0000-0000000C29E6}
F{00000000-0000-0000-0000-00000029C08B}
F{00000000-0000-0000-0000-00000008DF2C}
F{00000000-0000-0000-0000-0000001056F7}
T{00000000-0000-0000-0000-0000000562FC}
T{00000000-0000-0000-0000-0000000A17FA}
T{00000000-0000-0000-0000-0000002B494C}
T{00000000-0000-0000-0000-00000001D182}
T{00000000-0000-0000-0000-0000001278AF}
T{00000000-0000-0000-0000-000000172673}
T{00000000-0000-0000-0000-000000007962}
T{00000000-0000-0000-0000-00000016BA6A}
T{00000000-0000-0000-0000-000000004F77}
T{00000000-0000-0000-0000-00000007357B}
T{00000000-0000-0000-0000-0000000C5B68}
T{00000000-0000-0000-0000-00000006E345}
T{00000000-0000-0000-0000-0000002D5281}
T{00000000-0000-0000-0000-00000015CAE7}
T{00000000-0000-0000-0000-000000319D12}
T{00000000-0000-0000-0000-0000001297F9}
T{00000000-0000-0000-0000-00000028D056}
T{00000000-0000-0000-0000-0000000A17FA}
T{00000000-0000-0000-0000-00000016BA6A}
T{00000000-0000-0000-0000-0000000316C7}
F{00000000-0000-0000-0000-0000000E6E55}
T{00000000-0000-0000-0000-000000028DA7}
T{00000000-0000-0000-0000-0000002499A6}
T{00000000-0000-0000-0000-00000016D577}
T{00000000-0000-0000-0000-0000000A6D84}
T{00000000-0000-0000-0000-0000002B7D45}
F{00000000-0000-0000-0000-0000000BF6B2}
F{00000000-0000-0000-0000-000000222774}
F{00000000-0000-0000-0000-00000032BB6B}
T{00000000-0000-0000-0000-0000000F7B7F}
T{00000000-0000-0000-0000-0000002B494C}
T{00000000-0000-0000-0000-00000009D454}
T{00000000-0000-0000-0000-0000002AA866}
T{00000000-0000-0000-0000-0000003032D8}
T{00000000-0000-0000-0000-00000006923C}
T{00000000-0000-0000-0000-00000014DA5C}
T{00000000-0000-0000-0000-0000001FB9CB}
T{00000000-0000-0000-0000-0000001A891E}
T{00000000-0000-0000-0000-0000002E9D5F}
T{00000000-0000-0000-0000-00000013B0E8}
T{00000000-0000-0000-0000-0000002CAD87}
T{00000000-0000-0000-0000-000000321513}
T{00000000-0000-0000-0000-0000001BE187}
T{00000000-0000-0000-0000-0000000B09BA}
T{00000000-0000-0000-0000-0000000DA5C4}
T{00000000-0000-0000-0000-0000000FBE71}
T{00000000-0000-0000-0000-00000026BDC4}
T{00000000-0000-0000-0000-000000012E4C}
T{00000000-0000-0000-0000-0000002D71D6}
T{00000000-0000-0000-0000-0000000586B3}
F{00000000-0000-0000-0000-0000002EE24C}
T{00000000-0000-0000-0000-00000007357B}
T{00000000-0000-0000-0000-0000002332F0}
T{00000000-0000-0000-0000-0000000E2CE3}
T{00000000-0000-0000-0000-000000071C8B}
T{00000000-0000-0000-0000-00000023CF03}
T{00000000-0000-0000-0000-0000003362C8}
T{00000000-0000-0000-0000-000000028B7A}
T{00000000-0000-0000-0000-0000001B2F35}
T{00000000-0000-0000-0000-00000011D6C2}
T{00000000-0000-0000-0000-00000016D43B}
T{00000000-0000-0000-0000-00000021F873}
T{00000000-0000-0000-0000-0000001B7F5B}
F{00000000-0000-0000-0000-000000011C79}
T{00000000-0000-0000-0000-0000000AE577}
T{00000000-0000-0000-0000-000000287CD1}
T{00000000-0000-0000-0000-000000254816}
T{00000000-0000-0000-0000-0000000ABD11}
T{00000000-0000-0000-0000-0000000AE447}
T{00000000-0000-0000-0000-000000039287}
T{00000000-0000-0000-0000-000000219EFE}
T{00000000-0000-0000-0000-0000003171C7}
T{00000000-0000-0000-0000-000000148332}
T{00000000-0000-0000-0000-0000002E0516}
F{00000000-0000-0000-0000-0000000358BE}
T{00000000-0000-0000-0000-00000033AD93}
T{00000000-0000-0000-0000-0000003362C8}
T{00000000-0000-0000-0000-00000009D2DB}
T{00000000-0000-0000-0000-00000016979A}
T{00000000-0000-0000-0000-0000000C29E6}
T{00000000-0000-0000-0000-0000000AA748}
T{00000000-0000-0000-0000-00000000D3F0}
T{00000000-0000-0000-0000-0000000D2FA0}
T{00000000-0000-0000-0000-000000287F15}
T{00000000-0000-0000-0000-0000001E3995}
T{00000000-0000-0000-0000-0000002BDEA2}
T{00000000-0000-0000-0000-0000000C5B68}
T{00000000-0000-0000-0000-00000032F43E}
T{00000000-0000-0000-0000-0000002FA47F}
T{00000000-0000-0000-0000-000000077D94}
T{00000000-0000-0000-0000-0000002B494C}
T{00000000-0000-0000-0000-000000296ED6}
T{00000000-0000-0000-0000-00000008DE54}
T{00000000-0000-0000-0000-0000002CAD87}
T{00000000-0000-0000-0000-000000243F02}
F{00000000-0000-0000-0000-000000335CAB}
T{00000000-0000-0000-0000-00000033629C}
T{00000000-0000-0000-0000-0000002D9FE0}
T{00000000-0000-0000-0000-0000002EE25C}
T{00000000-0000-0000-0000-0000002CE1D9}
T{00000000-0000-0000-0000-0000001282E8}
T{00000000-0000-0000-0000-000000004F77}
T{00000000-0000-0000-0000-00000000F426}
T{00000000-0000-0000-0000-0000001FD913}
T{00000000-0000-0000-0000-0000002D609F}
T{00000000-0000-0000-0000-000000093A80}
T{00000000-0000-0000-0000-000000173168}
T{00000000-0000-0000-0000-000000007910}
T{00000000-0000-0000-0000-0000002A3408}
T{00000000-0000-0000-0000-000000275A11}
T{00000000-0000-0000-0000-0000000778E0}
T{00000000-0000-0000-0000-00000008DF2C}
T{00000000-0000-0000-0000-000000137837}
T{00000000-0000-0000-0000-00000030E2E5}
T{00000000-0000-0000-0000-0000002B9CA9}
T{00000000-0000-0000-0000-00000017358C}
T{00000000-0000-0000-0000-0000000FD49A}
T{00000000-0000-0000-0000-0000000C134C}
T{00000000-0000-0000-0000-00000022633F}
T{00000000-0000-0000-0000-0000000EFBFF}
T{00000000-0000-0000-0000-0000002E2FA0}
T{00000000-0000-0000-0000-0000001A39AD}
T{00000000-0000-0000-0000-000000253D59}
T{00000000-0000-0000-0000-0000001109EF}
T{00000000-0000-0000-0000-00000023DB4E}
T{00000000-0000-0000-0000-0000002640E9}
T{00000000-0000-0000-0000-00000016A5CD}
T{00000000-0000-0000-0000-0000000AB9DD}
T{00000000-0000-0000-0000-000000096C41}
T{00000000-0000-0000-0000-00000013BB66}
T{00000000-0000-0000-0000-0000002FF8E1}
T{00000000-0000-0000-0000-0000002691F5}
T{00000000-0000-0000-0000-0000001672E1}
T{00000000-0000-0000-0000-00000024D4B0}
T{00000000-0000-0000-0000-00000024D561}
T{00000000-0000-0000-0000-0000000ABD11}
T{00000000-0000-0000-0000-00000030694D}
T{00000000-0000-0000-0000-000000279364}
T{00000000-0000-0000-0000-000000132504}
