T{00000000-0000-0000-0000-0000002C69FD}
T{00000000-0000-0000-0000-0000002EE24C}
T{00000000-0000-0000-0000-0000002E0E9F}
T{00000000-0000-0000-0000-00000026C360}
T{00000000-0000-0000-0000-00000026A8E2}
T{00000000-0000-0000-0000-000000263D12}
T{00000000-0000-0000-0000-000000263B6B}
T{00000000-0000-0000-0000-00000032BB6B}
T{00000000-0000-0000-0000-00000021868E}
T{00000000-0000-0000-0000-000000209B8E}
T{00000000-0000-0000-0000-0000001DB186}
T{00000000-0000-0000-0000-00000019D284}
T{00000000-0000-0000-0000-0000001728B3}
T{00000000-0000-0000-0000-00000025D7DD}
T{00000000-0000-0000-0000-0000001D5B1B}
T{00000000-0000-0000-0000-00000011A66A}
T{00000000-0000-0000-0000-000000335CAB}
F{00000000-0000-0000-0000-000000225920}
T{00000000-0000-0000-0000-00000022178C}
T{00000000-0000-0000-0000-0000000E6E55}
T{00000000-0000-0000-0000-0000002A0033}
F{00000000-0000-0000-0000-0000000D199E}
F{00000000-0000-0000-0000-0000000C5488}
T{00000000-0000-0000-0000-0000000BF6B2}
T{00000000-0000-0000-0000-00000009D454}
T{00000000-0000-0000-0000-00000029C08B}
T{00000000-0000-0000-0000-00000008DF2C}
F{00000000-0000-0000-0000-0000001056F7}
T{00000000-0000-0000-0000-00000006E673}
F{00000000-0000-0000-0000-0000000AAEFB}
T{00000000-0000-0000-0000-0000000562FC}
T{00000000-0000-0000-0000-000000036030}
T{00000000-0000-0000-0000-0000000358BE}
T{00000000-0000-0000-0000-00000009BAD7}
T{00000000-0000-0000-0000-000000020F85}
T{00000000-0000-0000-0000-000000222774}
T{00000000-0000-0000-0000-000000011C79}
F{00000000-0000-0000-0000-00000003496E}
F{00000000-0000-0000-0000-0000000A8C33}
F{00000000-0000-0000-0000-000000210B04}
T{00000000-0000-0000-0000-0000001713CD}
T{00000000-0000-0000-0000-000000178C55}
T{00000000-0000-0000-0000-0000000EFC81}
T{00000000-0000-0000-0000-0000003253BF}
F{00000000-0000-0000-0000-0000000BAC45}
T{00000000-0000-0000-0000-0000002B0555}
T{00000000-0000-0000-0000-00000003982D}
T{00000000-0000-0000-0000-0000001442CD}
T{00000000-0000-0000-0000-0000000813D7}
T{00000000-0000-0000-0000-00000005EE69}
T{00000000-0000-0000-0000-00000001B531}
T{00000000-0000-0000-0000-00000016979A}
F{00000000-0000-0000-0000-0000002E314C}
T{00000000-0000-0000-0000-0000000974BB}
T{00000000-0000-0000-0000-000000317956}
T{00000000-0000-0000-0000-000000075A7C}
T{00000000-0000-0000-0000-0000002D4FE4}
T{00000000-0000-0000-0000-000000121ED0}
T{00000000-0000-0000-0000-0000002C51D3}
T{00000000-0000-0000-0000-000000303F08}
F{00000000-0000-0000-0000-00000026C0C1}
T{00000000-0000-0000-0000-0000001E1D24}
T{00000000-0000-0000-0000-000000251E83}
T{00000000-0000-0000-0000-000000105E37}
T{00000000-0000-0000-0000-00000022F0AA}
T{00000000-0000-0000-0000-0000001A4EC5}
T{00000000-0000-0000-0000-0000001FFDD7}
T{00000000-0000-0000-0000-0000001A177D}
T{00000000-0000-0000-0000-0000002A0033}
T{00000000-0000-0000-0000-000000282C62}
T{00000000-0000-0000-0000-00000012A9B0}
T{00000000-0000-0000-0000-000000110D6E}
F{00000000-0000-0000-0000-0000002BFFD7}
F{00000000-0000-0000-0000-0000002EDFFA}
T{00000000-0000-0000-0000-00000014AEB7}
T{00000000-0000-0000-0000-00000001AAB3}
T{00000000-0000-0000-0000-00000026A0D7}
T{00000000-0000-0000-0000-0000000BF6B2}
T{00000000-0000-0000-0000-0000000BF8B3}
T{00000000-0000-0000-0000-00000011659A}
F{00000000-0000-0000-0000-00000024BF14}
T{00000000-0000-0000-0000-000000165534}
F{00000000-0000-0000-0000-000000180A8A}
F{00000000-0000-0000-0000-00000032016B}
T{00000000-0000-0000-0000-0000002C76ED}
T{00000000-0000-0000-0000-0000002E0E9F}
T{00000000-0000-0000-0000-00000032698B}
T{00000000-0000-0000-0000-0000002843CE}
T{00000000-0000-0000-0000-0000000D9506}
T{00000000-0000-0000-0000-00000008AA1A}
T{00000000-0000-0000-0000-00000031211F}
F{00000000-0000-0000-0000-0000000BBB6E}
F{00000000-0000-0000-0000-00000003496E}
T{00000000-0000-0000-0000-00000032B143}
T{00000000-0000-0000-0000-00000025D7DD}
T{00000000-0000-0000-0000-000000309CB6}
T{00000000-0000-0000-0000-00000029E184}
T{00000000-0000-0000-0000-0000000D48CA}
T{00000000-0000-0000-0000-0000002167C1}
F{00000000-0000-0000-0000-0000000F84E7}
T{00000000-0000-0000-0000-0000002BFFD7}
T{00000000-0000-0000-0000-000000225920}
T{00000000-0000-0000-0000-0000000EE00F}
