T{00000000-0000-0000-0000-000000304FF3}
F{00000000-0000-0000-0000-0000002EE24C}
T{00000000-0000-0000-0000-0000002897F9}
T{00000000-0000-0000-0000-000000282FCE}
T{00000000-0000-0000-0000-0000002E0E9F}
T{00000000-0000-0000-0000-000000263D12}
T{00000000-0000-0000-0000-000000263B6B}
T{00000000-0000-0000-0000-00000032BB6B}
T{00000000-0000-0000-0000-0000001FB9CB}
T{00000000-0000-0000-0000-00000019D284}
T{00000000-0000-0000-0000-0000001728B3}
T{00000000-0000-0000-0000-0000001985BE}
T{00000000-0000-0000-0000-000000335CAB}
F{00000000-0000-0000-0000-000000225920}
T{00000000-0000-0000-0000-0000000E6E55}
F{00000000-0000-0000-0000-0000000D199E}
T{00000000-0000-0000-0000-0000001379ED}
F{00000000-0000-0000-0000-0000000BF6B2}
T{00000000-0000-0000-0000-00000009D454}
T{00000000-0000-0000-0000-0000000C29E6}
F{00000000-0000-0000-0000-00000029C08B}
T{00000000-0000-0000-0000-00000008DF2C}
F{00000000-0000-0000-0000-0000001056F7}
T{00000000-0000-0000-0000-0000000562FC}
F{00000000-0000-0000-0000-0000000358BE}
T{00000000-0000-0000-0000-000000222774}
T{00000000-0000-0000-0000-000000011C79}
T{00000000-0000-0000-0000-000000007962}
T{00000000-0000-0000-0000-00000007357B}
T{00000000-0000-0000-0000-00000005814E}
T{00000000-0000-0000-0000-0000000BBAE5}
T{00000000-0000-0000-0000-0000000A0350}
T{00000000-0000-0000-0000-0000001A3598}
T{00000000-0000-0000-0000-0000000F07A2}
T{00000000-0000-0000-0000-0000002D706C}
T{00000000-0000-0000-0000-00000032698B}
T{00000000-0000-0000-0000-0000000BB9D4}
T{00000000-0000-0000-0000-00000005ED38}
T{00000000-0000-0000-0000-00000006903D}
T{00000000-0000-0000-0000-00000014E3DD}
T{00000000-0000-0000-0000-000000180E2E}
T{00000000-0000-0000-0000-0000000BC199}
T{00000000-0000-0000-0000-0000000BC199}
T{00000000-0000-0000-0000-0000000586B3}
T{00000000-0000-0000-0000-0000000D0B5F}
T{00000000-0000-0000-0000-00000016BA6A}
F{00000000-0000-0000-0000-0000000A8C33}
T{00000000-0000-0000-0000-0000002CDFC9}
F{00000000-0000-0000-0000-0000000C5488}
T{00000000-0000-0000-0000-0000002F9487}
T{00000000-0000-0000-0000-00000017EF5B}
T{00000000-0000-0000-0000-0000002D5281}
T{00000000-0000-0000-0000-000000202712}
T{00000000-0000-0000-0000-0000002361B7}
T{00000000-0000-0000-0000-000000049D0E}
T{00000000-0000-0000-0000-000000263C74}
T{00000000-0000-0000-0000-00000005250C}
T{00000000-0000-0000-0000-0000000604DA}
T{00000000-0000-0000-0000-00000021DB21}
T{00000000-0000-0000-0000-0000002A9CF7}
T{00000000-0000-0000-0000-000000324F12}
T{00000000-0000-0000-0000-000000165DA6}
T{00000000-0000-0000-0000-0000001249B2}
T{00000000-0000-0000-0000-0000000CB9EE}
T{00000000-0000-0000-0000-0000001FB9CB}
T{00000000-0000-0000-0000-0000002579A9}
T{00000000-0000-0000-0000-000000213B22}
T{00000000-0000-0000-0000-0000001379ED}
T{00000000-0000-0000-0000-0000001985BE}
T{00000000-0000-0000-0000-000000163172}
T{00000000-0000-0000-0000-0000001594FA}
T{00000000-0000-0000-0000-000000012582}
T{00000000-0000-0000-0000-0000000CF7CD}
T{00000000-0000-0000-0000-00000026DB04}
T{00000000-0000-0000-0000-00000013D847}
T{00000000-0000-0000-0000-0000002E3209}
T{00000000-0000-0000-0000-00000029EB16}
F{00000000-0000-0000-0000-0000001D5B1B}
T{00000000-0000-0000-0000-0000002D517B}
F{00000000-0000-0000-0000-00000009BAD7}
T{00000000-0000-0000-0000-0000000A5811}
T{00000000-0000-0000-0000-0000000F4FE6}
T{00000000-0000-0000-0000-000000083408}
T{00000000-0000-0000-0000-000000011C79}
T{00000000-0000-0000-0000-000000243B6C}
T{00000000-0000-0000-0000-000000012582}
T{00000000-0000-0000-0000-00000032E49B}
T{00000000-0000-0000-0000-00000000D349}
T{00000000-0000-0000-0000-0000002BA75C}
T{00000000-0000-0000-0000-0000002CAD87}
T{00000000-0000-0000-0000-00000013D847}
T{00000000-0000-0000-0000-000000050381}
T{00000000-0000-0000-0000-000000039877}
T{00000000-0000-0000-0000-0000000AC79A}
T{00000000-0000-0000-0000-00000031DB69}
T{00000000-0000-0000-0000-0000001249B2}
T{00000000-0000-0000-0000-0000000B1E17}
T{00000000-0000-0000-0000-000000029272}
T{00000000-0000-0000-0000-0000000567C5}
T{00000000-0000-0000-0000-0000000160B6}
T{00000000-0000-0000-0000-0000000A3974}
F{00000000-0000-0000-0000-00000006E673}
T{00000000-0000-0000-0000-0000001BE6D6}
T{00000000-0000-0000-0000-0000002C4B7E}
T{00000000-0000-0000-0000-00000026C267}
T{00000000-0000-0000-0000-0000002654B2}
T{00000000-0000-0000-0000-0000000567C5}
T{00000000-0000-0000-0000-00000026929D}
T{00000000-0000-0000-0000-0000000EB2FC}
T{00000000-0000-0000-0000-00000000A0DB}
T{00000000-0000-0000-0000-0000002AB719}
F{00000000-0000-0000-0000-0000000AAEFB}
T{00000000-0000-0000-0000-0000000EC5C1}
T{00000000-0000-0000-0000-0000001249B2}
T{00000000-0000-0000-0000-000000128932}
T{00000000-0000-0000-0000-00000032BEB2}
T{00000000-0000-0000-0000-000000243EBD}
T{00000000-0000-0000-0000-00000002FF57}
T{00000000-0000-0000-0000-0000002CDE1F}
T{00000000-0000-0000-0000-00000027D9C7}
T{00000000-0000-0000-0000-000000122A70}
T{00000000-0000-0000-0000-00000011D6C2}
T{00000000-0000-0000-0000-0000002C95F6}
F{00000000-0000-0000-0000-0000001DB186}
T{00000000-0000-0000-0000-0000002C60BC}
T{00000000-0000-0000-0000-000000267D6D}
T{00000000-0000-0000-0000-0000000C29E6}
T{00000000-0000-0000-0000-000000038479}
T{00000000-0000-0000-0000-00000020BD3C}
T{00000000-0000-0000-0000-0000000840E9}
T{00000000-0000-0000-0000-000000169CBC}
T{00000000-0000-0000-0000-000000333EB0}
F{00000000-0000-0000-0000-00000003496E}
T{00000000-0000-0000-0000-0000002ADB4F}
T{00000000-0000-0000-0000-00000032E49B}
T{00000000-0000-0000-0000-0000002AD098}
T{00000000-0000-0000-0000-0000000C134C}
T{00000000-0000-0000-0000-0000000604DA}
T{00000000-0000-0000-0000-0000001023D6}
T{00000000-0000-0000-0000-0000002A4374}
F{00000000-0000-0000-0000-00000021868E}
T{00000000-0000-0000-0000-00000010598A}
T{00000000-0000-0000-0000-00000001E845}
T{00000000-0000-0000-0000-000000018FBC}
F{00000000-0000-0000-0000-000000036030}
T{00000000-0000-0000-0000-0000000EC5C1}
T{00000000-0000-0000-0000-00000002B751}
T{00000000-0000-0000-0000-00000014AC98}
T{00000000-0000-0000-0000-000000278875}
F{00000000-0000-0000-0000-0000002C69FD}
T{00000000-0000-0000-0000-000000304FF3}
T{00000000-0000-0000-0000-000000148E71}
F{00000000-0000-0000-0000-00000026C360}
T{00000000-0000-0000-0000-000000231277}
T{00000000-0000-0000-0000-0000002ACD62}
T{00000000-0000-0000-0000-00000032AFCF}
T{00000000-0000-0000-0000-000000242E7A}
F{00000000-0000-0000-0000-000000020F85}
T{00000000-0000-0000-0000-0000000EB2FC}
F{00000000-0000-0000-0000-00000026A8E2}
F{00000000-0000-0000-0000-00000025D7DD}
T{00000000-0000-0000-0000-00000024CCE3}
T{00000000-0000-0000-0000-000000301289}
T{00000000-0000-0000-0000-0000000CE6CE}
F{00000000-0000-0000-0000-000000209B8E}
T{00000000-0000-0000-0000-00000023EE07}
T{00000000-0000-0000-0000-0000002A4809}
T{00000000-0000-0000-0000-000000090229}
T{00000000-0000-0000-0000-0000002B60AE}
T{00000000-0000-0000-0000-0000002E9D5F}
T{00000000-0000-0000-0000-000000271353}
F{00000000-0000-0000-0000-0000002A0033}
T{00000000-0000-0000-0000-0000001AE2F6}
T{00000000-0000-0000-0000-00000013BD56}
T{00000000-0000-0000-0000-0000001C8E42}
T{00000000-0000-0000-0000-0000002AD1C2}
T{00000000-0000-0000-0000-000000023E71}
T{00000000-0000-0000-0000-00000006E673}
T{00000000-0000-0000-0000-0000002390CE}
T{00000000-0000-0000-0000-00000027140B}
T{00000000-0000-0000-0000-000000324745}
T{00000000-0000-0000-0000-00000032698B}
T{00000000-0000-0000-0000-000000106A2C}
T{00000000-0000-0000-0000-0000000D16FA}
F{00000000-0000-0000-0000-0000000358BE}
T{00000000-0000-0000-0000-0000000A5811}
T{00000000-0000-0000-0000-0000001EB1B9}
T{00000000-0000-0000-0000-0000000EAA83}
T{00000000-0000-0000-0000-0000000E15DD}
T{00000000-0000-0000-0000-000000099440}
T{00000000-0000-0000-0000-0000002F6B7B}
T{00000000-0000-0000-0000-00000024C269}
T{00000000-0000-0000-0000-00000028980F}
T{00000000-0000-0000-0000-0000002C51D3}
T{00000000-0000-0000-0000-000000219EFE}
T{00000000-0000-0000-0000-0000000A06FB}
T{00000000-0000-0000-0000-000000060468}
T{00000000-0000-0000-0000-000000270DC9}
F{00000000-0000-0000-0000-00000011A66A}
T{00000000-0000-0000-0000-000000093A80}
T{00000000-0000-0000-0000-000000106266}
F{00000000-0000-0000-0000-00000022178C}
T{00000000-0000-0000-0000-00000026C360}
T{00000000-0000-0000-0000-00000020554E}
T{00000000-0000-0000-0000-000000213B22}
T{00000000-0000-0000-0000-00000032BB6B}
T{00000000-0000-0000-0000-00000031BA6F}
T{00000000-0000-0000-0000-0000000A2DD3}
T{00000000-0000-0000-0000-0000001D6905}
T{00000000-0000-0000-0000-0000002CDE61}
T{00000000-0000-0000-0000-00000007523C}
