T{00000000-0000-0000-0000-0000002EDFFA}
F{00000000-0000-0000-0000-0000002E314C}
T{00000000-0000-0000-0000-0000002C69FD}
T{00000000-0000-0000-0000-0000002BFFD7}
F{00000000-0000-0000-0000-0000002EE24C}
T{00000000-0000-0000-0000-00000032016B}
T{00000000-0000-0000-0000-00000026C360}
F{00000000-0000-0000-0000-00000026C0C1}
T{00000000-0000-0000-0000-00000026A8E2}
T{00000000-0000-0000-0000-000000263D12}
T{00000000-0000-0000-0000-00000024BF14}
T{00000000-0000-0000-0000-00000021868E}
T{00000000-0000-0000-0000-000000209B8E}
T{00000000-0000-0000-0000-0000001DB186}
T{00000000-0000-0000-0000-000000210B04}
T{00000000-0000-0000-0000-00000025D7DD}
T{00000000-0000-0000-0000-000000180A8A}
T{00000000-0000-0000-0000-0000001D5B1B}
T{00000000-0000-0000-0000-00000011A66A}
T{00000000-0000-0000-0000-000000335CAB}
T{00000000-0000-0000-0000-000000225920}
F{00000000-0000-0000-0000-0000000F84E7}
T{00000000-0000-0000-0000-00000022178C}
T{00000000-0000-0000-0000-0000000E6E55}
T{00000000-0000-0000-0000-0000002A0033}
T{00000000-0000-0000-0000-0000000D199E}
F{00000000-0000-0000-0000-0000000C5488}
T{00000000-0000-0000-0000-0000000BF6B2}
T{00000000-0000-0000-0000-00000029C08B}
T{00000000-0000-0000-0000-0000000BAC45}
T{00000000-0000-0000-0000-0000000BBB6E}
T{00000000-0000-0000-0000-0000001056F7}
T{00000000-0000-0000-0000-00000006E673}
T{00000000-0000-0000-0000-0000000AAEFB}
T{00000000-0000-0000-0000-000000036030}
T{00000000-0000-0000-0000-0000000358BE}
T{00000000-0000-0000-0000-00000009BAD7}
T{00000000-0000-0000-0000-000000020F85}
T{00000000-0000-0000-0000-000000222774}
F{00000000-0000-0000-0000-00000003496E}
T{00000000-0000-0000-0000-0000000A8C33}
T{00000000-0000-0000-0000-0000000A9334}
T{00000000-0000-0000-0000-0000002D9FD8}
T{00000000-0000-0000-0000-00000033A0BA}
T{00000000-0000-0000-0000-0000000E15DD}
T{00000000-0000-0000-0000-0000002B3978}
T{00000000-0000-0000-0000-0000000C5D03}
T{00000000-0000-0000-0000-0000001FD913}
T{00000000-0000-0000-0000-00000028D056}
T{00000000-0000-0000-0000-00000015A631}
T{00000000-0000-0000-0000-000000220B3D}
T{00000000-0000-0000-0000-00000016BA6A}
F{00000000-0000-0000-0000-00000011FA5C}
T{00000000-0000-0000-0000-000000302768}
T{00000000-0000-0000-0000-0000000C5488}
T{00000000-0000-0000-0000-0000002F70A5}
T{00000000-0000-0000-0000-0000000B1E17}
T{00000000-0000-0000-0000-000000254816}
T{00000000-0000-0000-0000-000000209B8E}
T{00000000-0000-0000-0000-0000002BDF68}
T{00000000-0000-0000-0000-0000002D44C5}
T{00000000-0000-0000-0000-0000001265F4}
T{00000000-0000-0000-0000-0000000BBBC1}
T{00000000-0000-0000-0000-0000000BAE5B}
T{00000000-0000-0000-0000-00000026DB04}
F{00000000-0000-0000-0000-0000002C299F}
T{00000000-0000-0000-0000-0000002CEB1D}
T{00000000-0000-0000-0000-000000319987}
T{00000000-0000-0000-0000-00000021B769}
F{00000000-0000-0000-0000-00000016D8EC}
T{00000000-0000-0000-0000-0000000F7D09}
T{00000000-0000-0000-0000-0000000EFCB1}
T{00000000-0000-0000-0000-000000113C06}
T{00000000-0000-0000-0000-000000125376}
T{00000000-0000-0000-0000-000000029272}
T{00000000-0000-0000-0000-0000000E15DD}
T{00000000-0000-0000-0000-000000137696}
F{00000000-0000-0000-0000-00000009D428}
F{00000000-0000-0000-0000-0000000AB664}
T{00000000-0000-0000-0000-0000000FBE71}
T{00000000-0000-0000-0000-00000019EDAF}
T{00000000-0000-0000-0000-000000097145}
T{00000000-0000-0000-0000-0000002DA425}
T{00000000-0000-0000-0000-0000002F0787}
T{00000000-0000-0000-0000-0000000EB1FB}
T{00000000-0000-0000-0000-0000000358BE}
T{00000000-0000-0000-0000-000000270DC9}
T{00000000-0000-0000-0000-0000002853F7}
T{00000000-0000-0000-0000-00000026C0C1}
F{00000000-0000-0000-0000-00000031941A}
F{00000000-0000-0000-0000-0000001A891E}
T{00000000-0000-0000-0000-0000001DE733}
T{00000000-0000-0000-0000-000000325B65}
T{00000000-0000-0000-0000-000000098996}
T{00000000-0000-0000-0000-00000032EA05}
T{00000000-0000-0000-0000-00000012EA12}
F{00000000-0000-0000-0000-00000033C0BE}
T{00000000-0000-0000-0000-0000002D517B}
T{00000000-0000-0000-0000-0000002179E5}
T{00000000-0000-0000-0000-0000000EBF05}
T{00000000-0000-0000-0000-00000019F30D}
T{00000000-0000-0000-0000-00000010215D}
