T{00000000-0000-0000-0000-00000033C0BE}
T{00000000-0000-0000-0000-0000002EDFFA}
F{00000000-0000-0000-0000-0000002E314C}
T{00000000-0000-0000-0000-0000002C69FD}
T{00000000-0000-0000-0000-0000002BFFD7}
T{00000000-0000-0000-0000-0000002EE24C}
T{00000000-0000-0000-0000-00000032016B}
T{00000000-0000-0000-0000-0000002C299F}
T{00000000-0000-0000-0000-00000026C0C1}
T{00000000-0000-0000-0000-00000026A8E2}
T{00000000-0000-0000-0000-00000024BF14}
T{00000000-0000-0000-0000-00000021868E}
T{00000000-0000-0000-0000-0000001DB186}
T{00000000-0000-0000-0000-0000001A891E}
T{00000000-0000-0000-0000-000000210B04}
T{00000000-0000-0000-0000-000000180A8A}
T{00000000-0000-0000-0000-00000011FA5C}
T{00000000-0000-0000-0000-0000001D5B1B}
T{00000000-0000-0000-0000-00000011A66A}
T{00000000-0000-0000-0000-000000225920}
F{00000000-0000-0000-0000-0000000F84E7}
T{00000000-0000-0000-0000-00000022178C}
T{00000000-0000-0000-0000-0000000D199E}
T{00000000-0000-0000-0000-0000000C5488}
T{00000000-0000-0000-0000-0000000AB664}
T{00000000-0000-0000-0000-00000029C08B}
T{00000000-0000-0000-0000-0000000BAC45}
T{00000000-0000-0000-0000-0000000BBB6E}
T{00000000-0000-0000-0000-0000001056F7}
T{00000000-0000-0000-0000-0000000AAEFB}
T{00000000-0000-0000-0000-000000036030}
T{00000000-0000-0000-0000-00000009BAD7}
F{00000000-0000-0000-0000-00000009D428}
T{00000000-0000-0000-0000-000000020F85}
T{00000000-0000-0000-0000-00000031941A}
T{00000000-0000-0000-0000-00000016D8EC}
T{00000000-0000-0000-0000-00000003496E}
T{00000000-0000-0000-0000-0000000A8C33}
T{00000000-0000-0000-0000-00000016E14D}
T{00000000-0000-0000-0000-00000030D483}
T{00000000-0000-0000-0000-000000148332}
T{00000000-0000-0000-0000-00000011BB02}
T{00000000-0000-0000-0000-000000052240}
T{00000000-0000-0000-0000-000000069FDF}
T{00000000-0000-0000-0000-0000002CDFC9}
T{00000000-0000-0000-0000-00000025478C}
T{00000000-0000-0000-0000-0000002D64C3}
F{00000000-0000-0000-0000-00000028CA92}
T{00000000-0000-0000-0000-0000000AAF2A}
F{00000000-0000-0000-0000-00000029BD67}
T{00000000-0000-0000-0000-00000011A575}
F{00000000-0000-0000-0000-0000000A0913}
T{00000000-0000-0000-0000-0000002A8596}
T{00000000-0000-0000-0000-0000001DB186}
T{00000000-0000-0000-0000-0000000A6DE9}
T{00000000-0000-0000-0000-0000001EB0AE}
T{00000000-0000-0000-0000-00000029229E}
T{00000000-0000-0000-0000-0000002D44C5}
T{00000000-0000-0000-0000-0000002D4795}
T{00000000-0000-0000-0000-0000000AB664}
T{00000000-0000-0000-0000-0000000AAEFB}
T{00000000-0000-0000-0000-0000002C4EFE}
T{00000000-0000-0000-0000-0000000346B7}
T{00000000-0000-0000-0000-0000001DE2E1}
T{00000000-0000-0000-0000-000000137696}
T{00000000-0000-0000-0000-000000333EB0}
T{00000000-0000-0000-0000-0000003397F4}
T{00000000-0000-0000-0000-0000002768FA}
T{00000000-0000-0000-0000-000000212706}
T{00000000-0000-0000-0000-000000303C41}
T{00000000-0000-0000-0000-0000002CDFC9}
T{00000000-0000-0000-0000-0000000BBB6E}
T{00000000-0000-0000-0000-000000019B30}
T{00000000-0000-0000-0000-00000012AF34}
T{00000000-0000-0000-0000-000000317077}
T{00000000-0000-0000-0000-000000147DA5}
T{00000000-0000-0000-0000-000000011C79}
T{00000000-0000-0000-0000-0000002796A4}
T{00000000-0000-0000-0000-0000000AAEFB}
T{00000000-0000-0000-0000-0000002B51DE}
T{00000000-0000-0000-0000-0000002159DF}
T{00000000-0000-0000-0000-000000325149}
T{00000000-0000-0000-0000-0000002AE793}
T{00000000-0000-0000-0000-0000000A0350}
T{00000000-0000-0000-0000-0000000A0843}
T{00000000-0000-0000-0000-0000000D3A09}
T{00000000-0000-0000-0000-0000002EDF89}
T{00000000-0000-0000-0000-000000132504}
T{00000000-0000-0000-0000-00000024CE98}
T{00000000-0000-0000-0000-0000002A0033}
T{00000000-0000-0000-0000-0000001BDAF9}
T{00000000-0000-0000-0000-000000108B3B}
T{00000000-0000-0000-0000-0000000F70F3}
T{00000000-0000-0000-0000-00000007557D}
T{00000000-0000-0000-0000-00000019F414}
T{00000000-0000-0000-0000-00000013995B}
T{00000000-0000-0000-0000-000000279620}
T{00000000-0000-0000-0000-0000002D4F1C}
T{00000000-0000-0000-0000-00000026A8E2}
T{00000000-0000-0000-0000-0000000C6B65}
T{00000000-0000-0000-0000-000000164F59}
T{00000000-0000-0000-0000-0000002EE24C}
T{00000000-0000-0000-0000-0000002C299F}
F{00000000-0000-0000-0000-000000138B76}
T{00000000-0000-0000-0000-0000002C4FBE}
T{00000000-0000-0000-0000-0000002CDFC9}
F{00000000-0000-0000-0000-0000000A6FED}
T{00000000-0000-0000-0000-000000271E97}
T{00000000-0000-0000-0000-0000002E314C}
T{00000000-0000-0000-0000-00000014652A}
T{00000000-0000-0000-0000-00000002FF57}
T{00000000-0000-0000-0000-0000000C0A21}
T{00000000-0000-0000-0000-000000094F06}
T{00000000-0000-0000-0000-000000073239}
F{00000000-0000-0000-0000-000000267BC2}
T{00000000-0000-0000-0000-0000002F9D8A}
T{00000000-0000-0000-0000-00000016D8EC}
T{00000000-0000-0000-0000-00000033C0BE}
T{00000000-0000-0000-0000-000000234D52}
T{00000000-0000-0000-0000-000000007962}
