T{00000000-0000-0000-0000-00000033C0BE}
T{00000000-0000-0000-0000-0000002EDFFA}
T{00000000-0000-0000-0000-0000002E314C}
F{00000000-0000-0000-0000-00000029BD67}
F{00000000-0000-0000-0000-0000002EE24C}
F{00000000-0000-0000-0000-00000028CA92}
T{00000000-0000-0000-0000-00000032016B}
T{00000000-0000-0000-0000-0000002C299F}
T{00000000-0000-0000-0000-00000026C0C1}
T{00000000-0000-0000-0000-00000024BF14}
T{00000000-0000-0000-0000-0000001A891E}
T{00000000-0000-0000-0000-000000210B04}
F{00000000-0000-0000-0000-000000138B76}
T{00000000-0000-0000-0000-000000180A8A}
T{00000000-0000-0000-0000-00000011FA5C}
T{00000000-0000-0000-0000-0000000F84E7}
T{00000000-0000-0000-0000-0000000D199E}
T{00000000-0000-0000-0000-0000000C5488}
F{00000000-0000-0000-0000-0000001B9B93}
T{00000000-0000-0000-0000-0000000AB664}
T{00000000-0000-0000-0000-0000000A6FED}
T{00000000-0000-0000-0000-000000267BC2}
T{00000000-0000-0000-0000-0000000BAC45}
T{00000000-0000-0000-0000-0000001056F7}
T{00000000-0000-0000-0000-0000000A0913}
F{00000000-0000-0000-0000-00000009D428}
T{00000000-0000-0000-0000-00000031941A}
T{00000000-0000-0000-0000-00000016D8EC}
T{00000000-0000-0000-0000-00000003496E}
T{00000000-0000-0000-0000-0000000A8C33}
T{00000000-0000-0000-0000-0000001B9B93}
T{00000000-0000-0000-0000-0000000F9C6B}
T{00000000-0000-0000-0000-0000002D47FB}
T{00000000-0000-0000-0000-00000005382D}
T{00000000-0000-0000-0000-00000020BD3C}
T{00000000-0000-0000-0000-00000009066B}
T{00000000-0000-0000-0000-0000002137D4}
T{00000000-0000-0000-0000-0000001BA81F}
T{00000000-0000-0000-0000-00000010557B}
T{00000000-0000-0000-0000-0000002C6187}
T{00000000-0000-0000-0000-0000001B9B93}
F{00000000-0000-0000-0000-0000002122E5}
T{00000000-0000-0000-0000-00000016AC27}
T{00000000-0000-0000-0000-0000002415F2}
F{00000000-0000-0000-0000-000000147165}
T{00000000-0000-0000-0000-0000000DEA25}
T{00000000-0000-0000-0000-0000001B7F5B}
T{00000000-0000-0000-0000-00000022236F}
T{00000000-0000-0000-0000-000000132F5E}
T{00000000-0000-0000-0000-00000013BB66}
T{00000000-0000-0000-0000-0000001D26F3}
T{00000000-0000-0000-0000-0000002B4AC5}
T{00000000-0000-0000-0000-0000000FD50F}
T{00000000-0000-0000-0000-0000001A149B}
T{00000000-0000-0000-0000-0000001B9B93}
T{00000000-0000-0000-0000-00000009BCC6}
F{00000000-0000-0000-0000-000000170474}
T{00000000-0000-0000-0000-0000002F70A5}
T{00000000-0000-0000-0000-00000026BDC4}
T{00000000-0000-0000-0000-0000001226E2}
T{00000000-0000-0000-0000-0000002F6B7B}
T{00000000-0000-0000-0000-0000000AFBED}
T{00000000-0000-0000-0000-0000002CEB47}
T{00000000-0000-0000-0000-000000060D38}
T{00000000-0000-0000-0000-00000013B91E}
T{00000000-0000-0000-0000-00000003F093}
T{00000000-0000-0000-0000-00000016BA6A}
T{00000000-0000-0000-0000-00000019D284}
T{00000000-0000-0000-0000-0000002F9E2D}
T{00000000-0000-0000-0000-000000139F40}
T{00000000-0000-0000-0000-0000000C439B}
T{00000000-0000-0000-0000-0000001DE2E1}
T{00000000-0000-0000-0000-00000018D027}
T{00000000-0000-0000-0000-00000006E345}
F{00000000-0000-0000-0000-000000111B70}
T{00000000-0000-0000-0000-000000303F08}
T{00000000-0000-0000-0000-0000000F92E6}
T{00000000-0000-0000-0000-0000001E3995}
T{00000000-0000-0000-0000-00000008A69D}
T{00000000-0000-0000-0000-00000031DB69}
T{00000000-0000-0000-0000-000000010A7C}
T{00000000-0000-0000-0000-00000009BAD7}
T{00000000-0000-0000-0000-000000062B7E}
T{00000000-0000-0000-0000-00000017361A}
T{00000000-0000-0000-0000-000000261198}
T{00000000-0000-0000-0000-00000013B91E}
T{00000000-0000-0000-0000-000000225920}
T{00000000-0000-0000-0000-00000024DE3A}
T{00000000-0000-0000-0000-00000016BEDB}
T{00000000-0000-0000-0000-0000000E75F6}
F{00000000-0000-0000-0000-000000219E6D}
T{00000000-0000-0000-0000-000000210D7D}
T{00000000-0000-0000-0000-00000019F414}
T{00000000-0000-0000-0000-00000027CCB1}
T{00000000-0000-0000-0000-0000002E9EE7}
T{00000000-0000-0000-0000-000000053E0D}
T{00000000-0000-0000-0000-00000008A69D}
F{00000000-0000-0000-0000-0000000ADB6D}
T{00000000-0000-0000-0000-0000001EB1B9}
T{00000000-0000-0000-0000-0000001EE12B}
T{00000000-0000-0000-0000-000000021EAE}
T{00000000-0000-0000-0000-000000213B13}
T{00000000-0000-0000-0000-00000016DEE7}
T{00000000-0000-0000-0000-000000336480}
T{00000000-0000-0000-0000-00000029BD67}
T{00000000-0000-0000-0000-000000175010}
T{00000000-0000-0000-0000-00000016F0D6}
T{00000000-0000-0000-0000-0000001FC332}
T{00000000-0000-0000-0000-000000075A7C}
