T{00000000-0000-0000-0000-0000002E314C}
T{00000000-0000-0000-0000-00000029BD67}
T{00000000-0000-0000-0000-0000002EE24C}
T{00000000-0000-0000-0000-00000028CA92}
T{00000000-0000-0000-0000-000000219E6D}
T{00000000-0000-0000-0000-0000001A891E}
F{00000000-0000-0000-0000-000000170474}
T{00000000-0000-0000-0000-000000138B76}
T{00000000-0000-0000-0000-00000011FA5C}
T{00000000-0000-0000-0000-000000111B70}
T{00000000-0000-0000-0000-000000147165}
T{00000000-0000-0000-0000-0000000F84E7}
F{00000000-0000-0000-0000-0000000ADB6D}
T{00000000-0000-0000-0000-0000000A6FED}
T{00000000-0000-0000-0000-000000267BC2}
T{00000000-0000-0000-0000-0000000A0913}
T{00000000-0000-0000-0000-00000009D428}
T{00000000-0000-0000-0000-0000002122E5}
T{00000000-0000-0000-0000-00000031941A}
F{00000000-0000-0000-0000-00000003496E}
T{00000000-0000-0000-0000-000000106746}
T{00000000-0000-0000-0000-0000003019AD}
T{00000000-0000-0000-0000-00000002C833}
T{00000000-0000-0000-0000-0000003057F6}
T{00000000-0000-0000-0000-00000006FA7E}
T{00000000-0000-0000-0000-0000002122E5}
T{00000000-0000-0000-0000-000000165DBF}
T{00000000-0000-0000-0000-00000005382D}
T{00000000-0000-0000-0000-00000020C357}
T{00000000-0000-0000-0000-0000001249B2}
T{00000000-0000-0000-0000-0000000411D2}
T{00000000-0000-0000-0000-00000007557D}
T{00000000-0000-0000-0000-00000005FF3F}
T{00000000-0000-0000-0000-0000002C51D3}
F{00000000-0000-0000-0000-000000177B49}
T{00000000-0000-0000-0000-00000029B017}
T{00000000-0000-0000-0000-000000299B39}
T{00000000-0000-0000-0000-000000273331}
T{00000000-0000-0000-0000-0000001AF5B8}
T{00000000-0000-0000-0000-000000119E8F}
T{00000000-0000-0000-0000-0000002BFFD7}
T{00000000-0000-0000-0000-00000009D428}
T{00000000-0000-0000-0000-00000031941A}
T{00000000-0000-0000-0000-0000000C5488}
T{00000000-0000-0000-0000-00000007F070}
F{00000000-0000-0000-0000-0000002E0E9F}
T{00000000-0000-0000-0000-0000003011F7}
T{00000000-0000-0000-0000-000000263D12}
T{00000000-0000-0000-0000-000000173628}
T{00000000-0000-0000-0000-000000097145}
T{00000000-0000-0000-0000-0000000D9F5F}
T{00000000-0000-0000-0000-0000000B1BD6}
T{00000000-0000-0000-0000-000000152F2F}
T{00000000-0000-0000-0000-0000002C1423}
T{00000000-0000-0000-0000-00000033B3D6}
T{00000000-0000-0000-0000-0000000E2CE3}
T{00000000-0000-0000-0000-0000000EFCD0}
T{00000000-0000-0000-0000-000000083C07}
T{00000000-0000-0000-0000-00000021B897}
T{00000000-0000-0000-0000-0000001BA4AF}
T{00000000-0000-0000-0000-0000000C0A21}
T{00000000-0000-0000-0000-0000001FB295}
F{00000000-0000-0000-0000-00000009E1AA}
T{00000000-0000-0000-0000-0000000A5811}
T{00000000-0000-0000-0000-00000029CEAD}
T{00000000-0000-0000-0000-0000002179E5}
T{00000000-0000-0000-0000-0000000CF7EE}
T{00000000-0000-0000-0000-0000000BAC45}
T{00000000-0000-0000-0000-000000026CA8}
T{00000000-0000-0000-0000-00000008179C}
T{00000000-0000-0000-0000-0000000D226D}
T{00000000-0000-0000-0000-00000021E6D0}
T{00000000-0000-0000-0000-0000002FF4A5}
T{00000000-0000-0000-0000-0000002819B0}
T{00000000-0000-0000-0000-00000020CCBF}
T{00000000-0000-0000-0000-0000000D1941}
T{00000000-0000-0000-0000-00000005E3F4}
T{00000000-0000-0000-0000-0000000CB200}
T{00000000-0000-0000-0000-000000210D1D}
T{00000000-0000-0000-0000-0000000ED161}
T{00000000-0000-0000-0000-0000001EA152}
T{00000000-0000-0000-0000-000000177B49}
T{00000000-0000-0000-0000-0000000604DA}
T{00000000-0000-0000-0000-0000002CAD87}
T{00000000-0000-0000-0000-000000137926}
T{00000000-0000-0000-0000-00000022B23B}
T{00000000-0000-0000-0000-000000164F2C}
T{00000000-0000-0000-0000-0000002B25A6}
T{00000000-0000-0000-0000-000000113245}
T{00000000-0000-0000-0000-0000002A0033}
T{00000000-0000-0000-0000-0000000B7BDF}
T{00000000-0000-0000-0000-000000264C56}
T{00000000-0000-0000-0000-000000273331}
T{00000000-0000-0000-0000-00000021727D}
F{00000000-0000-0000-0000-0000002E3AB2}
F{00000000-0000-0000-0000-0000002591DD}
T{00000000-0000-0000-0000-00000028C3F4}
T{00000000-0000-0000-0000-00000019E23D}
T{00000000-0000-0000-0000-000000122CB0}
T{00000000-0000-0000-0000-000000194762}
T{00000000-0000-0000-0000-00000029F71D}
T{00000000-0000-0000-0000-0000000D8B5B}
F{00000000-0000-0000-0000-000000110D6E}
T{00000000-0000-0000-0000-0000002D609F}
T{00000000-0000-0000-0000-0000000CAFE6}
T{00000000-0000-0000-0000-0000002CABB9}
T{00000000-0000-0000-0000-0000000BDF18}
T{00000000-0000-0000-0000-00000008945C}
T{00000000-0000-0000-0000-0000001734A4}
T{00000000-0000-0000-0000-0000000BDEF1}
T{00000000-0000-0000-0000-0000001BA8D0}
T{00000000-0000-0000-0000-0000001C767C}
T{00000000-0000-0000-0000-0000000BCE16}
