T{00000000-0000-0000-0000-000000317A17}
F{00000000-0000-0000-0000-0000002D3C13}
T{00000000-0000-0000-0000-00000029BD67}
T{00000000-0000-0000-0000-0000002EE24C}
T{00000000-0000-0000-0000-00000028CA92}
F{00000000-0000-0000-0000-0000002D7C58}
T{00000000-0000-0000-0000-0000002E0E9F}
T{00000000-0000-0000-0000-000000219E6D}
T{00000000-0000-0000-0000-000000170474}
T{00000000-0000-0000-0000-000000138B76}
T{00000000-0000-0000-0000-000000111B70}
T{00000000-0000-0000-0000-000000147165}
T{00000000-0000-0000-0000-0000000F84E7}
T{00000000-0000-0000-0000-0000002591DD}
T{00000000-0000-0000-0000-0000000ADB6D}
T{00000000-0000-0000-0000-0000000A6FED}
T{00000000-0000-0000-0000-0000000A4DCA}
F{00000000-0000-0000-0000-00000009E1AA}
F{00000000-0000-0000-0000-000000177B49}
T{00000000-0000-0000-0000-000000267BC2}
T{00000000-0000-0000-0000-0000000F2D66}
T{00000000-0000-0000-0000-0000002185D5}
T{00000000-0000-0000-0000-000000110D6E}
T{00000000-0000-0000-0000-0000000A0913}
F{00000000-0000-0000-0000-000000093B09}
F{00000000-0000-0000-0000-000000181235}
T{00000000-0000-0000-0000-0000002E3AB2}
T{00000000-0000-0000-0000-00000009D428}
T{00000000-0000-0000-0000-0000002122E5}
T{00000000-0000-0000-0000-00000003496E}
F{00000000-0000-0000-0000-0000002F46B7}
T{00000000-0000-0000-0000-0000000A4DCA}
T{00000000-0000-0000-0000-0000002D7C58}
T{00000000-0000-0000-0000-000000093B09}
T{00000000-0000-0000-0000-0000002D3C13}
T{00000000-0000-0000-0000-000000181235}
T{00000000-0000-0000-0000-0000002185D5}
T{00000000-0000-0000-0000-000000317A17}
T{00000000-0000-0000-0000-0000000F2D66}
T{00000000-0000-0000-0000-0000002F46B7}
T{00000000-0000-0000-0000-0000002E3AB2}
T{00000000-0000-0000-0000-00000019D284}
T{00000000-0000-0000-0000-00000010EEFB}
T{00000000-0000-0000-0000-0000001EA0F5}
T{00000000-0000-0000-0000-0000002591DD}
T{00000000-0000-0000-0000-0000000604DA}
T{00000000-0000-0000-0000-0000000C5488}
F{00000000-0000-0000-0000-0000001369DE}
T{00000000-0000-0000-0000-00000027D7FB}
T{00000000-0000-0000-0000-0000002F46B7}
T{00000000-0000-0000-0000-000000122CB0}
F{00000000-0000-0000-0000-00000014B44C}
F{00000000-0000-0000-0000-000000223CFB}
F{00000000-0000-0000-0000-00000013C356}
T{00000000-0000-0000-0000-000000317A17}
T{00000000-0000-0000-0000-0000002ABFF5}
T{00000000-0000-0000-0000-0000001EA4DD}
T{00000000-0000-0000-0000-000000138B76}
F{00000000-0000-0000-0000-0000002001DC}
T{00000000-0000-0000-0000-000000241392}
T{00000000-0000-0000-0000-0000002853F7}
T{00000000-0000-0000-0000-00000027BFF4}
T{00000000-0000-0000-0000-0000002A0033}
T{00000000-0000-0000-0000-00000020D2B2}
T{00000000-0000-0000-0000-0000000FB2AC}
T{00000000-0000-0000-0000-0000000C6CB4}
T{00000000-0000-0000-0000-000000271353}
T{00000000-0000-0000-0000-0000000DA5C4}
T{00000000-0000-0000-0000-00000026A6D4}
T{00000000-0000-0000-0000-0000002C299F}
T{00000000-0000-0000-0000-0000002E262E}
T{00000000-0000-0000-0000-000000181235}
T{00000000-0000-0000-0000-0000001FFE57}
T{00000000-0000-0000-0000-0000001379ED}
T{00000000-0000-0000-0000-0000002185D5}
T{00000000-0000-0000-0000-0000000B07ED}
T{00000000-0000-0000-0000-0000001E6816}
T{00000000-0000-0000-0000-00000026A0D7}
T{00000000-0000-0000-0000-0000000F6F30}
T{00000000-0000-0000-0000-000000060E54}
T{00000000-0000-0000-0000-00000016D8EC}
T{00000000-0000-0000-0000-00000026A0D7}
T{00000000-0000-0000-0000-0000002B494C}
T{00000000-0000-0000-0000-0000003362C8}
T{00000000-0000-0000-0000-0000000AB9DD}
T{00000000-0000-0000-0000-0000002F9D8A}
T{00000000-0000-0000-0000-00000009E1AA}
F{00000000-0000-0000-0000-0000000CF7CD}
T{00000000-0000-0000-0000-000000093B09}
T{00000000-0000-0000-0000-0000000C29E6}
T{00000000-0000-0000-0000-0000000A9334}
T{00000000-0000-0000-0000-0000000AAF2A}
T{00000000-0000-0000-0000-0000002789C7}
T{00000000-0000-0000-0000-0000000A57AE}
T{00000000-0000-0000-0000-00000026F31D}
T{00000000-0000-0000-0000-00000005DD33}
T{00000000-0000-0000-0000-000000177868}
T{00000000-0000-0000-0000-0000000DD8B2}
T{00000000-0000-0000-0000-0000000D0CBC}
T{00000000-0000-0000-0000-0000000B96A0}
T{00000000-0000-0000-0000-000000094832}
T{00000000-0000-0000-0000-0000000CE2DB}
T{00000000-0000-0000-0000-0000001D3830}
T{00000000-0000-0000-0000-0000000AAF2A}
T{00000000-0000-0000-0000-0000000F2D66}
T{00000000-0000-0000-0000-0000003203C7}
T{00000000-0000-0000-0000-0000000D9CC7}
T{00000000-0000-0000-0000-0000001E644A}
T{00000000-0000-0000-0000-00000022F9B8}
T{00000000-0000-0000-0000-00000028C70F}
T{00000000-0000-0000-0000-000000219EFE}
T{00000000-0000-0000-0000-00000005A714}
