T{00000000-0000-0000-0000-0000002D3C13}
T{00000000-0000-0000-0000-0000002D7C58}
T{00000000-0000-0000-0000-0000002E0E9F}
T{00000000-0000-0000-0000-000000223CFB}
T{00000000-0000-0000-0000-000000170474}
T{00000000-0000-0000-0000-00000014B44C}
T{00000000-0000-0000-0000-0000001369DE}
T{00000000-0000-0000-0000-0000000CF7CD}
T{00000000-0000-0000-0000-0000000ADB6D}
T{00000000-0000-0000-0000-00000009E1AA}
T{00000000-0000-0000-0000-000000177B49}
T{00000000-0000-0000-0000-0000000BBB6E}
T{00000000-0000-0000-0000-000000110D6E}
F{00000000-0000-0000-0000-00000026908C}
T{00000000-0000-0000-0000-00000013C356}
T{00000000-0000-0000-0000-0000002001DC}
F{00000000-0000-0000-0000-000000061C56}
T{00000000-0000-0000-0000-0000002C4823}
T{00000000-0000-0000-0000-00000003496E}
T{00000000-0000-0000-0000-000000096888}
T{00000000-0000-0000-0000-0000002F46B7}
T{00000000-0000-0000-0000-000000096888}
T{00000000-0000-0000-0000-0000000D1718}
T{00000000-0000-0000-0000-0000001464E5}
T{00000000-0000-0000-0000-0000002471BA}
T{00000000-0000-0000-0000-0000001024F5}
T{00000000-0000-0000-0000-00000013794F}
T{00000000-0000-0000-0000-000000062309}
T{00000000-0000-0000-0000-00000018CD3C}
T{00000000-0000-0000-0000-0000000D2FA0}
T{00000000-0000-0000-0000-00000021E8F6}
F{00000000-0000-0000-0000-000000099D5D}
T{00000000-0000-0000-0000-000000096888}
T{00000000-0000-0000-0000-00000015BDE3}
T{00000000-0000-0000-0000-000000271DD9}
T{00000000-0000-0000-0000-000000069126}
T{00000000-0000-0000-0000-00000009C060}
T{00000000-0000-0000-0000-000000325149}
T{00000000-0000-0000-0000-000000223AC8}
T{00000000-0000-0000-0000-000000152F2F}
T{00000000-0000-0000-0000-000000076186}
T{00000000-0000-0000-0000-000000271DD9}
T{00000000-0000-0000-0000-00000026853A}
T{00000000-0000-0000-0000-000000027825}
T{00000000-0000-0000-0000-0000001A5CA2}
T{00000000-0000-0000-0000-000000231277}
T{00000000-0000-0000-0000-000000271353}
T{00000000-0000-0000-0000-0000001E932F}
T{00000000-0000-0000-0000-0000001B4BD8}
T{00000000-0000-0000-0000-00000014CFCB}
T{00000000-0000-0000-0000-00000015BDE3}
T{00000000-0000-0000-0000-000000314A2B}
T{00000000-0000-0000-0000-0000002CDFC9}
T{00000000-0000-0000-0000-000000049ED1}
T{00000000-0000-0000-0000-0000001CF590}
T{00000000-0000-0000-0000-00000033A574}
T{00000000-0000-0000-0000-00000005EE69}
T{00000000-0000-0000-0000-00000024D577}
T{00000000-0000-0000-0000-0000001C7B47}
T{00000000-0000-0000-0000-0000000D1F5A}
T{00000000-0000-0000-0000-0000002D0034}
T{00000000-0000-0000-0000-0000002FEC1E}
T{00000000-0000-0000-0000-0000002E0E9F}
T{00000000-0000-0000-0000-0000002596A5}
T{00000000-0000-0000-0000-00000011F6D5}
T{00000000-0000-0000-0000-0000002CABB9}
T{00000000-0000-0000-0000-0000000A14F9}
T{00000000-0000-0000-0000-0000001F8E5A}
T{00000000-0000-0000-0000-000000103C79}
T{00000000-0000-0000-0000-0000001FD627}
T{00000000-0000-0000-0000-0000000ABCBF}
T{00000000-0000-0000-0000-00000013C356}
T{00000000-0000-0000-0000-00000032379E}
T{00000000-0000-0000-0000-0000002D64C3}
T{00000000-0000-0000-0000-00000015892F}
T{00000000-0000-0000-0000-00000019BC13}
T{00000000-0000-0000-0000-00000000C8EC}
T{00000000-0000-0000-0000-00000013B91E}
T{00000000-0000-0000-0000-0000000F705B}
T{00000000-0000-0000-0000-000000159F8A}
T{00000000-0000-0000-0000-0000001C1356}
T{00000000-0000-0000-0000-000000147DA5}
T{00000000-0000-0000-0000-0000002BB56B}
T{00000000-0000-0000-0000-0000000F0E97}
T{00000000-0000-0000-0000-0000002E3764}
T{00000000-0000-0000-0000-0000002337D8}
T{00000000-0000-0000-0000-00000008AE69}
T{00000000-0000-0000-0000-0000002A02EE}
T{00000000-0000-0000-0000-00000026A0D7}
T{00000000-0000-0000-0000-000000320CA0}
T{00000000-0000-0000-0000-0000002C4A8B}
F{00000000-0000-0000-0000-00000013BD56}
T{00000000-0000-0000-0000-0000001282E8}
T{00000000-0000-0000-0000-0000000ABEEA}
T{00000000-0000-0000-0000-0000002C4823}
T{00000000-0000-0000-0000-000000197FB6}
T{00000000-0000-0000-0000-00000027D4C7}
F{00000000-0000-0000-0000-0000002C7785}
F{00000000-0000-0000-0000-00000006524D}
T{00000000-0000-0000-0000-0000002D1103}
T{00000000-0000-0000-0000-000000271213}
T{00000000-0000-0000-0000-00000016D43B}
T{00000000-0000-0000-0000-00000002B751}
T{00000000-0000-0000-0000-0000000CF7CD}
T{00000000-0000-0000-0000-000000184E75}
T{00000000-0000-0000-0000-0000000B81AE}
T{00000000-0000-0000-0000-0000002278EC}
