T{00000000-0000-0000-0000-0000002D3C13}
T{00000000-0000-0000-0000-0000002EE24C}
T{00000000-0000-0000-0000-00000028CA92}
T{00000000-0000-0000-0000-0000002D7C58}
T{00000000-0000-0000-0000-0000002E0E9F}
T{00000000-0000-0000-0000-000000219E6D}
T{00000000-0000-0000-0000-000000223CFB}
T{00000000-0000-0000-0000-000000170474}
F{00000000-0000-0000-0000-00000014B44C}
T{00000000-0000-0000-0000-0000001369DE}
T{00000000-0000-0000-0000-000000111B70}
T{00000000-0000-0000-0000-000000147165}
T{00000000-0000-0000-0000-0000002591DD}
T{00000000-0000-0000-0000-0000000CF7CD}
T{00000000-0000-0000-0000-0000000ADB6D}
T{00000000-0000-0000-0000-0000000A4DCA}
T{00000000-0000-0000-0000-00000009E1AA}
T{00000000-0000-0000-0000-000000177B49}
T{00000000-0000-0000-0000-000000110D6E}
T{00000000-0000-0000-0000-000000093B09}
T{00000000-0000-0000-0000-000000181235}
T{00000000-0000-0000-0000-00000013C356}
T{00000000-0000-0000-0000-0000002001DC}
T{00000000-0000-0000-0000-0000002E3AB2}
T{00000000-0000-0000-0000-00000003496E}
F{00000000-0000-0000-0000-0000002F46B7}
T{00000000-0000-0000-0000-0000000C0A21}
T{00000000-0000-0000-0000-000000122D0D}
T{00000000-0000-0000-0000-000000270CC6}
T{00000000-0000-0000-0000-000000245F5D}
F{00000000-0000-0000-0000-000000061C56}
T{00000000-0000-0000-0000-0000002EE24C}
T{00000000-0000-0000-0000-0000000F0E97}
T{00000000-0000-0000-0000-0000002C6187}
T{00000000-0000-0000-0000-000000241392}
T{00000000-0000-0000-0000-0000002C418E}
T{00000000-0000-0000-0000-0000002853F7}
T{00000000-0000-0000-0000-0000000A9334}
T{00000000-0000-0000-0000-000000165C7D}
T{00000000-0000-0000-0000-0000000604DA}
T{00000000-0000-0000-0000-00000014AEB7}
T{00000000-0000-0000-0000-0000001A7342}
T{00000000-0000-0000-0000-00000006193F}
T{00000000-0000-0000-0000-0000002FDFCF}
T{00000000-0000-0000-0000-00000012AF34}
T{00000000-0000-0000-0000-0000002BF918}
T{00000000-0000-0000-0000-000000278875}
T{00000000-0000-0000-0000-00000005EE69}
T{00000000-0000-0000-0000-00000009C060}
T{00000000-0000-0000-0000-0000001D26F3}
T{00000000-0000-0000-0000-0000000F9C6B}
T{00000000-0000-0000-0000-000000321523}
T{00000000-0000-0000-0000-0000000310A3}
T{00000000-0000-0000-0000-0000000A5811}
T{00000000-0000-0000-0000-000000081FC6}
T{00000000-0000-0000-0000-0000000BDF18}
T{00000000-0000-0000-0000-00000019F414}
T{00000000-0000-0000-0000-00000025D7DD}
T{00000000-0000-0000-0000-0000001E3797}
T{00000000-0000-0000-0000-00000008179C}
T{00000000-0000-0000-0000-00000013B91E}
T{00000000-0000-0000-0000-00000022E477}
T{00000000-0000-0000-0000-0000002737FC}
T{00000000-0000-0000-0000-000000331358}
T{00000000-0000-0000-0000-00000031CEB3}
T{00000000-0000-0000-0000-0000000F07A2}
T{00000000-0000-0000-0000-00000028CA92}
T{00000000-0000-0000-0000-0000001BDAF9}
T{00000000-0000-0000-0000-00000026474E}
T{00000000-0000-0000-0000-0000000C4472}
T{00000000-0000-0000-0000-00000021727D}
T{00000000-0000-0000-0000-00000018D0D7}
T{00000000-0000-0000-0000-000000165C7D}
T{00000000-0000-0000-0000-000000060817}
T{00000000-0000-0000-0000-0000001EB0AE}
T{00000000-0000-0000-0000-000000025A62}
F{00000000-0000-0000-0000-0000002C4823}
T{00000000-0000-0000-0000-0000000D9506}
T{00000000-0000-0000-0000-0000002FF4A5}
T{00000000-0000-0000-0000-0000002D479F}
T{00000000-0000-0000-0000-0000000F4FE6}
T{00000000-0000-0000-0000-0000000AE447}
T{00000000-0000-0000-0000-00000014B44C}
T{00000000-0000-0000-0000-0000001FB295}
T{00000000-0000-0000-0000-00000009CB8B}
T{00000000-0000-0000-0000-0000000ADCC9}
T{00000000-0000-0000-0000-000000259F1C}
T{00000000-0000-0000-0000-000000336361}
T{00000000-0000-0000-0000-0000000AAF2A}
T{00000000-0000-0000-0000-0000002C1AC7}
T{00000000-0000-0000-0000-000000100D87}
T{00000000-0000-0000-0000-00000024CD16}
F{00000000-0000-0000-0000-0000000BBB6E}
T{00000000-0000-0000-0000-00000032E859}
T{00000000-0000-0000-0000-000000108B3B}
T{00000000-0000-0000-0000-00000026601E}
T{00000000-0000-0000-0000-0000001282E8}
T{00000000-0000-0000-0000-00000013B91E}
T{00000000-0000-0000-0000-00000013C022}
T{00000000-0000-0000-0000-00000017940F}
T{00000000-0000-0000-0000-0000001E35CC}
T{00000000-0000-0000-0000-0000002F6B7B}
T{00000000-0000-0000-0000-000000177B49}
T{00000000-0000-0000-0000-000000165DA6}
T{00000000-0000-0000-0000-000000278875}
T{00000000-0000-0000-0000-00000028017B}
T{00000000-0000-0000-0000-000000039287}
T{00000000-0000-0000-0000-00000014B44C}
T{00000000-0000-0000-0000-000000212CBD}
T{00000000-0000-0000-0000-0000000876F9}
T{00000000-0000-0000-0000-000000200468}
F{00000000-0000-0000-0000-00000026908C}
T{00000000-0000-0000-0000-00000024CEA5}
T{00000000-0000-0000-0000-000000028B7A}
