F{00000000-0000-0000-0000-0000002C7785}
T{00000000-0000-0000-0000-000000223CFB}
T{00000000-0000-0000-0000-0000001369DE}
T{00000000-0000-0000-0000-0000000BBB6E}
T{00000000-0000-0000-0000-00000026908C}
T{00000000-0000-0000-0000-00000006524D}
T{00000000-0000-0000-0000-0000002001DC}
T{00000000-0000-0000-0000-000000061C56}
T{00000000-0000-0000-0000-0000002C4823}
T{00000000-0000-0000-0000-00000013BD56}
T{00000000-0000-0000-0000-000000099D5D}
T{00000000-0000-0000-0000-0000002F46B7}
F{00000000-0000-0000-0000-0000002690A8}
T{00000000-0000-0000-0000-0000000970F1}
T{00000000-0000-0000-0000-000000138B76}
T{00000000-0000-0000-0000-0000002B60DE}
T{00000000-0000-0000-0000-00000030D59E}
T{00000000-0000-0000-0000-00000011C1D0}
T{00000000-0000-0000-0000-000000177868}
T{00000000-0000-0000-0000-00000026F0BD}
T{00000000-0000-0000-0000-000000173168}
T{00000000-0000-0000-0000-0000000FB5F9}
T{00000000-0000-0000-0000-000000137DBB}
T{00000000-0000-0000-0000-000000126649}
T{00000000-0000-0000-0000-00000020554E}
T{00000000-0000-0000-0000-00000032BB6B}
T{00000000-0000-0000-0000-0000000E6E55}
T{00000000-0000-0000-0000-0000001681B3}
T{00000000-0000-0000-0000-000000146C13}
T{00000000-0000-0000-0000-00000026A490}
T{00000000-0000-0000-0000-00000032E49B}
T{00000000-0000-0000-0000-000000049D0E}
T{00000000-0000-0000-0000-0000000BBAF7}
T{00000000-0000-0000-0000-00000013BD56}
T{00000000-0000-0000-0000-00000015CAE7}
T{00000000-0000-0000-0000-000000128932}
T{00000000-0000-0000-0000-0000002C5463}
T{00000000-0000-0000-0000-0000002D4012}
T{00000000-0000-0000-0000-0000002E4C7F}
T{00000000-0000-0000-0000-00000025482D}
T{00000000-0000-0000-0000-0000002FA33C}
T{00000000-0000-0000-0000-000000148E3F}
T{00000000-0000-0000-0000-000000049349}
T{00000000-0000-0000-0000-0000001A8886}
T{00000000-0000-0000-0000-0000002BDCEA}
T{00000000-0000-0000-0000-00000033AD93}
T{00000000-0000-0000-0000-00000024D561}
T{00000000-0000-0000-0000-0000001FD913}
T{00000000-0000-0000-0000-00000005E3F4}
T{00000000-0000-0000-0000-0000002211D5}
T{00000000-0000-0000-0000-0000000B0D42}
T{00000000-0000-0000-0000-000000173418}
T{00000000-0000-0000-0000-000000270CC6}
F{00000000-0000-0000-0000-00000031840C}
T{00000000-0000-0000-0000-00000033629C}
T{00000000-0000-0000-0000-00000028C84A}
T{00000000-0000-0000-0000-000000267D6D}
T{00000000-0000-0000-0000-0000002D8997}
T{00000000-0000-0000-0000-0000002843CE}
T{00000000-0000-0000-0000-0000000DE85C}
T{00000000-0000-0000-0000-0000002CD8A9}
T{00000000-0000-0000-0000-000000222774}
T{00000000-0000-0000-0000-00000026926F}
T{00000000-0000-0000-0000-0000000EC264}
T{00000000-0000-0000-0000-000000111E00}
T{00000000-0000-0000-0000-0000002F0787}
T{00000000-0000-0000-0000-00000025478C}
T{00000000-0000-0000-0000-0000002F51EC}
T{00000000-0000-0000-0000-000000106300}
T{00000000-0000-0000-0000-0000001BA8D0}
T{00000000-0000-0000-0000-000000287D11}
T{00000000-0000-0000-0000-0000001D699A}
T{00000000-0000-0000-0000-0000002819B0}
T{00000000-0000-0000-0000-00000022F04D}
T{00000000-0000-0000-0000-0000002EE24C}
T{00000000-0000-0000-0000-00000026C360}
T{00000000-0000-0000-0000-000000210A3E}
T{00000000-0000-0000-0000-0000000ADB6D}
T{00000000-0000-0000-0000-0000000EF5E7}
F{00000000-0000-0000-0000-0000002D4F1C}
T{00000000-0000-0000-0000-0000000F2546}
T{00000000-0000-0000-0000-0000000F6F30}
T{00000000-0000-0000-0000-0000000EB2FC}
T{00000000-0000-0000-0000-0000003365C2}
T{00000000-0000-0000-0000-0000000413C0}
T{00000000-0000-0000-0000-0000002F3FC3}
T{00000000-0000-0000-0000-0000000604DA}
T{00000000-0000-0000-0000-00000013BD56}
T{00000000-0000-0000-0000-0000000FA8D5}
F{00000000-0000-0000-0000-0000000A2D06}
T{00000000-0000-0000-0000-00000001AAB3}
T{00000000-0000-0000-0000-0000000BAC45}
T{00000000-0000-0000-0000-000000059D2F}
T{00000000-0000-0000-0000-0000002D7C58}
T{00000000-0000-0000-0000-00000006308D}
T{00000000-0000-0000-0000-000000108B3B}
T{00000000-0000-0000-0000-0000000A7716}
T{00000000-0000-0000-0000-0000001EA4DD}
T{00000000-0000-0000-0000-0000000659B7}
T{00000000-0000-0000-0000-00000026F31D}
T{00000000-0000-0000-0000-0000002380FC}
T{00000000-0000-0000-0000-0000002B60DE}
T{00000000-0000-0000-0000-00000026E850}
T{00000000-0000-0000-0000-0000000618DF}
T{00000000-0000-0000-0000-0000000A3974}
F{00000000-0000-0000-0000-00000008DF2C}
T{00000000-0000-0000-0000-0000000F7D09}
F{00000000-0000-0000-0000-0000002D4147}
T{00000000-0000-0000-0000-0000000A57AE}
T{00000000-0000-0000-0000-0000001D3BF2}
T{00000000-0000-0000-0000-000000253D59}
T{00000000-0000-0000-0000-00000006FA7E}
T{00000000-0000-0000-0000-00000032BB6B}
T{00000000-0000-0000-0000-000000287D11}
T{00000000-0000-0000-0000-0000000E15DD}
T{00000000-0000-0000-0000-0000002D3C13}
T{00000000-0000-0000-0000-0000000F4FE6}
T{00000000-0000-0000-0000-00000010557B}
T{00000000-0000-0000-0000-0000000802A5}
