T{00000000-0000-0000-0000-0000002D4F1C}
T{00000000-0000-0000-0000-0000002D4147}
T{00000000-0000-0000-0000-0000002C7785}
T{00000000-0000-0000-0000-00000031840C}
T{00000000-0000-0000-0000-0000000BBB6E}
T{00000000-0000-0000-0000-00000008DF2C}
F{00000000-0000-0000-0000-00000026908C}
T{00000000-0000-0000-0000-00000006524D}
T{00000000-0000-0000-0000-0000002690A8}
F{00000000-0000-0000-0000-000000032C3B}
F{00000000-0000-0000-0000-0000000A2D06}
T{00000000-0000-0000-0000-000000061C56}
T{00000000-0000-0000-0000-000000099D5D}
T{00000000-0000-0000-0000-0000002F46B7}
T{00000000-0000-0000-0000-000000032C3B}
T{00000000-0000-0000-0000-0000001055DF}
T{00000000-0000-0000-0000-0000000BF8B3}
T{00000000-0000-0000-0000-000000152F96}
T{00000000-0000-0000-0000-000000083C07}
T{00000000-0000-0000-0000-0000002F18F4}
T{00000000-0000-0000-0000-00000015BDE3}
T{00000000-0000-0000-0000-0000002E564A}
T{00000000-0000-0000-0000-0000000A2DD3}
T{00000000-0000-0000-0000-0000000346B2}
T{00000000-0000-0000-0000-00000017EF5B}
T{00000000-0000-0000-0000-000000098DB8}
T{00000000-0000-0000-0000-0000001DB74C}
T{00000000-0000-0000-0000-00000026C27D}
T{00000000-0000-0000-0000-00000013EDBB}
T{00000000-0000-0000-0000-000000073B05}
T{00000000-0000-0000-0000-000000304116}
T{00000000-0000-0000-0000-0000000A2D06}
T{00000000-0000-0000-0000-0000000A8C33}
T{00000000-0000-0000-0000-00000016979A}
T{00000000-0000-0000-0000-00000007ABFD}
T{00000000-0000-0000-0000-000000032C3B}
T{00000000-0000-0000-0000-00000026A6D4}
T{00000000-0000-0000-0000-0000000918BA}
T{00000000-0000-0000-0000-00000009D63B}
T{00000000-0000-0000-0000-00000031DB69}
T{00000000-0000-0000-0000-0000000A3BDF}
T{00000000-0000-0000-0000-000000125A54}
T{00000000-0000-0000-0000-000000180772}
T{00000000-0000-0000-0000-000000073B05}
T{00000000-0000-0000-0000-000000273331}
T{00000000-0000-0000-0000-0000000D0CBC}
T{00000000-0000-0000-0000-00000026AF5F}
T{00000000-0000-0000-0000-000000062B7E}
T{00000000-0000-0000-0000-000000105C5B}
T{00000000-0000-0000-0000-00000011BAB8}
T{00000000-0000-0000-0000-0000001DDEB2}
T{00000000-0000-0000-0000-0000000A9F0E}
T{00000000-0000-0000-0000-0000001BB360}
T{00000000-0000-0000-0000-000000028B7A}
T{00000000-0000-0000-0000-0000001C43DD}
T{00000000-0000-0000-0000-000000113C06}
T{00000000-0000-0000-0000-0000000782BC}
T{00000000-0000-0000-0000-0000000A2D06}
T{00000000-0000-0000-0000-0000001A149B}
T{00000000-0000-0000-0000-000000040075}
T{00000000-0000-0000-0000-0000002AE653}
T{00000000-0000-0000-0000-000000303C41}
T{00000000-0000-0000-0000-000000053322}
T{00000000-0000-0000-0000-000000229D0D}
T{00000000-0000-0000-0000-000000269527}
T{00000000-0000-0000-0000-0000000FB2AC}
T{00000000-0000-0000-0000-00000008E1A8}
T{00000000-0000-0000-0000-0000000A2D06}
T{00000000-0000-0000-0000-00000009C55D}
T{00000000-0000-0000-0000-000000140E50}
T{00000000-0000-0000-0000-0000000CF7CD}
T{00000000-0000-0000-0000-00000011FF45}
T{00000000-0000-0000-0000-0000002D3ED8}
T{00000000-0000-0000-0000-000000281B7B}
T{00000000-0000-0000-0000-000000047883}
T{00000000-0000-0000-0000-00000032A5BB}
T{00000000-0000-0000-0000-0000001FE216}
T{00000000-0000-0000-0000-00000026A7E0}
T{00000000-0000-0000-0000-0000000D199E}
T{00000000-0000-0000-0000-00000013BFCB}
T{00000000-0000-0000-0000-00000006524D}
T{00000000-0000-0000-0000-0000000AC358}
T{00000000-0000-0000-0000-00000019EB21}
T{00000000-0000-0000-0000-00000012EA12}
T{00000000-0000-0000-0000-0000000619EB}
T{00000000-0000-0000-0000-0000000FAACF}
T{00000000-0000-0000-0000-000000067499}
T{00000000-0000-0000-0000-00000029D695}
T{00000000-0000-0000-0000-000000039869}
T{00000000-0000-0000-0000-0000002001DC}
T{00000000-0000-0000-0000-0000001369DE}
T{00000000-0000-0000-0000-000000125A54}
T{00000000-0000-0000-0000-000000308796}
F{00000000-0000-0000-0000-0000002FDA95}
T{00000000-0000-0000-0000-0000000358BE}
T{00000000-0000-0000-0000-0000001C2EBF}
T{00000000-0000-0000-0000-0000002361B7}
T{00000000-0000-0000-0000-0000002691F5}
T{00000000-0000-0000-0000-000000108B3B}
T{00000000-0000-0000-0000-000000210458}
F{00000000-0000-0000-0000-0000002DC9A5}
T{00000000-0000-0000-0000-00000018D090}
T{00000000-0000-0000-0000-000000194762}
T{00000000-0000-0000-0000-0000003150EC}
T{00000000-0000-0000-0000-000000314CA8}
T{00000000-0000-0000-0000-0000000618DF}
T{00000000-0000-0000-0000-00000033B3D6}
T{00000000-0000-0000-0000-0000000B2328}
T{00000000-0000-0000-0000-0000001A8B13}
