T{00000000-0000-0000-0000-0000002FDA95}
T{00000000-0000-0000-0000-0000002D4F1C}
T{00000000-0000-0000-0000-0000002D4147}
T{00000000-0000-0000-0000-0000002C7785}
T{00000000-0000-0000-0000-00000031840C}
F{00000000-0000-0000-0000-0000002DC9A5}
T{00000000-0000-0000-0000-00000008DF2C}
T{00000000-0000-0000-0000-00000026908C}
T{00000000-0000-0000-0000-0000002690A8}
T{00000000-0000-0000-0000-000000032C3B}
T{00000000-0000-0000-0000-000000061C56}
T{00000000-0000-0000-0000-000000099D5D}
T{00000000-0000-0000-0000-000000304116}
T{00000000-0000-0000-0000-0000000E15DD}
T{00000000-0000-0000-0000-0000003011F7}
T{00000000-0000-0000-0000-0000002278EC}
T{00000000-0000-0000-0000-0000002CDE1F}
T{00000000-0000-0000-0000-00000010598A}
T{00000000-0000-0000-0000-000000223AC8}
T{00000000-0000-0000-0000-000000325149}
T{00000000-0000-0000-0000-000000072837}
T{00000000-0000-0000-0000-000000171CAA}
T{00000000-0000-0000-0000-00000008AA1A}
T{00000000-0000-0000-0000-000000011C79}
T{00000000-0000-0000-0000-00000031A5D4}
T{00000000-0000-0000-0000-00000016D8EC}
T{00000000-0000-0000-0000-00000024BF14}
T{00000000-0000-0000-0000-000000261198}
T{00000000-0000-0000-0000-00000021E051}
T{00000000-0000-0000-0000-0000000D0DDB}
T{00000000-0000-0000-0000-0000000EFCB1}
T{00000000-0000-0000-0000-000000173168}
T{00000000-0000-0000-0000-0000000483B8}
T{00000000-0000-0000-0000-000000220F56}
T{00000000-0000-0000-0000-00000026DB04}
T{00000000-0000-0000-0000-00000008CB54}
T{00000000-0000-0000-0000-00000010F40D}
T{00000000-0000-0000-0000-00000006193F}
T{00000000-0000-0000-0000-0000002FB7BE}
T{00000000-0000-0000-0000-00000031B2AF}
T{00000000-0000-0000-0000-0000002FD6B4}
T{00000000-0000-0000-0000-0000002C298F}
T{00000000-0000-0000-0000-0000002D3243}
T{00000000-0000-0000-0000-00000019E23D}
T{00000000-0000-0000-0000-00000009D688}
T{00000000-0000-0000-0000-0000002B0555}
T{00000000-0000-0000-0000-000000105E37}
F{00000000-0000-0000-0000-000000062238}
T{00000000-0000-0000-0000-000000209B8E}
T{00000000-0000-0000-0000-000000062238}
T{00000000-0000-0000-0000-000000099D5D}
T{00000000-0000-0000-0000-00000014523B}
T{00000000-0000-0000-0000-0000002C532B}
F{00000000-0000-0000-0000-00000032B96F}
T{00000000-0000-0000-0000-0000002FBEF4}
T{00000000-0000-0000-0000-000000148E71}
T{00000000-0000-0000-0000-000000098DB8}
T{00000000-0000-0000-0000-000000225920}
T{00000000-0000-0000-0000-0000002ADB4F}
T{00000000-0000-0000-0000-000000324F3F}
T{00000000-0000-0000-0000-000000230FED}
T{00000000-0000-0000-0000-0000001D699A}
T{00000000-0000-0000-0000-000000171CAA}
T{00000000-0000-0000-0000-000000062309}
T{00000000-0000-0000-0000-000000090229}
T{00000000-0000-0000-0000-00000009042B}
T{00000000-0000-0000-0000-0000001DB186}
F{00000000-0000-0000-0000-00000026F01D}
T{00000000-0000-0000-0000-0000002D4F1C}
T{00000000-0000-0000-0000-000000200778}
T{00000000-0000-0000-0000-000000096F27}
T{00000000-0000-0000-0000-0000002B79C6}
T{00000000-0000-0000-0000-000000169CBC}
T{00000000-0000-0000-0000-0000002C4EFE}
T{00000000-0000-0000-0000-00000016DEE7}
T{00000000-0000-0000-0000-000000246908}
T{00000000-0000-0000-0000-0000002EE24C}
T{00000000-0000-0000-0000-000000309CB6}
T{00000000-0000-0000-0000-0000002B7A74}
T{00000000-0000-0000-0000-00000002AAB8}
T{00000000-0000-0000-0000-0000000802A5}
T{00000000-0000-0000-0000-00000031EBC3}
T{00000000-0000-0000-0000-0000000A0913}
T{00000000-0000-0000-0000-0000001DCCD0}
T{00000000-0000-0000-0000-000000253952}
T{00000000-0000-0000-0000-00000030E2E5}
T{00000000-0000-0000-0000-000000287CD1}
T{00000000-0000-0000-0000-0000001FFE57}
T{00000000-0000-0000-0000-0000002DC9A5}
T{00000000-0000-0000-0000-000000010A7C}
T{00000000-0000-0000-0000-0000000A0871}
T{00000000-0000-0000-0000-00000014652A}
T{00000000-0000-0000-0000-00000000740B}
T{00000000-0000-0000-0000-0000001C7E16}
T{00000000-0000-0000-0000-0000002AA866}
T{00000000-0000-0000-0000-000000039E0B}
T{00000000-0000-0000-0000-000000028B7A}
T{00000000-0000-0000-0000-0000000E75F6}
T{00000000-0000-0000-0000-00000011FF45}
T{00000000-0000-0000-0000-0000002D4F1C}
T{00000000-0000-0000-0000-0000000BBBC1}
T{00000000-0000-0000-0000-0000000A9F0E}
T{00000000-0000-0000-0000-0000001B5DFD}
T{00000000-0000-0000-0000-0000000DF8B1}
T{00000000-0000-0000-0000-0000002ABFF5}
T{00000000-0000-0000-0000-00000022E947}
T{00000000-0000-0000-0000-000000013112}
T{00000000-0000-0000-0000-00000003668E}
T{00000000-0000-0000-0000-0000000CB200}
T{00000000-0000-0000-0000-000000165C7D}
T{00000000-0000-0000-0000-0000000B0D42}
T{00000000-0000-0000-0000-00000006923C}
