F{00000000-0000-0000-0000-00000032B96F}
T{00000000-0000-0000-0000-0000002FDA95}
F{00000000-0000-0000-0000-00000030427B}
T{00000000-0000-0000-0000-0000002E0945}
T{00000000-0000-0000-0000-0000002D4147}
T{00000000-0000-0000-0000-0000002C7785}
T{00000000-0000-0000-0000-00000029EA8A}
F{00000000-0000-0000-0000-00000024C1C9}
T{00000000-0000-0000-0000-00000031840C}
F{00000000-0000-0000-0000-00000024627E}
T{00000000-0000-0000-0000-0000001C416A}
T{00000000-0000-0000-0000-0000001312FA}
T{00000000-0000-0000-0000-00000012AB41}
T{00000000-0000-0000-0000-0000001EDC23}
F{00000000-0000-0000-0000-0000002D2D6B}
F{00000000-0000-0000-0000-0000001C6391}
T{00000000-0000-0000-0000-0000002DC9A5}
F{00000000-0000-0000-0000-0000001610D0}
T{00000000-0000-0000-0000-00000026F01D}
T{00000000-0000-0000-0000-00000008DF2C}
T{00000000-0000-0000-0000-0000000A5606}
F{00000000-0000-0000-0000-00000026908C}
F{00000000-0000-0000-0000-0000000657F1}
T{00000000-0000-0000-0000-0000002D82E7}
T{00000000-0000-0000-0000-0000002690A8}
F{00000000-0000-0000-0000-000000073930}
F{00000000-0000-0000-0000-000000062238}
T{00000000-0000-0000-0000-00000005017B}
F{00000000-0000-0000-0000-0000000DD288}
F{00000000-0000-0000-0000-000000270720}
T{00000000-0000-0000-0000-0000002D82E7}
F{00000000-0000-0000-0000-0000001C6391}
T{00000000-0000-0000-0000-000000270720}
T{00000000-0000-0000-0000-0000000657F1}
T{00000000-0000-0000-0000-0000001C416A}
T{00000000-0000-0000-0000-000000073930}
F{00000000-0000-0000-0000-0000001610D0}
F{00000000-0000-0000-0000-00000030427B}
T{00000000-0000-0000-0000-0000000DD288}
T{00000000-0000-0000-0000-00000029EA8A}
T{00000000-0000-0000-0000-00000012AB41}
T{00000000-0000-0000-0000-0000002E0945}
F{00000000-0000-0000-0000-00000024627E}
T{00000000-0000-0000-0000-0000000A5606}
T{00000000-0000-0000-0000-0000001312FA}
T{00000000-0000-0000-0000-00000005017B}
T{00000000-0000-0000-0000-0000001EDC23}
F{00000000-0000-0000-0000-00000024C1C9}
T{00000000-0000-0000-0000-0000002D2D6B}
T{00000000-0000-0000-0000-000000306C34}
T{00000000-0000-0000-0000-00000015BDE3}
T{00000000-0000-0000-0000-00000003E599}
T{00000000-0000-0000-0000-000000061C56}
T{00000000-0000-0000-0000-00000021E8F6}
T{00000000-0000-0000-0000-00000006919F}
F{00000000-0000-0000-0000-000000084ED6}
T{00000000-0000-0000-0000-00000004CE31}
F{00000000-0000-0000-0000-0000002B43A9}
T{00000000-0000-0000-0000-0000002D02F7}
T{00000000-0000-0000-0000-0000002AD1C2}
F{00000000-0000-0000-0000-000000099D5D}
T{00000000-0000-0000-0000-0000002F81C4}
T{00000000-0000-0000-0000-000000220F56}
T{00000000-0000-0000-0000-0000001EA152}
T{00000000-0000-0000-0000-0000000ED03A}
T{00000000-0000-0000-0000-0000002E0945}
T{00000000-0000-0000-0000-000000104CF0}
T{00000000-0000-0000-0000-0000002C4FBE}
T{00000000-0000-0000-0000-000000257ED2}
T{00000000-0000-0000-0000-0000001BDA94}
T{00000000-0000-0000-0000-000000172673}
F{00000000-0000-0000-0000-000000146C13}
T{00000000-0000-0000-0000-0000001A72D1}
T{00000000-0000-0000-0000-000000243F02}
T{00000000-0000-0000-0000-000000006F18}
T{00000000-0000-0000-0000-000000040787}
T{00000000-0000-0000-0000-0000002078B2}
T{00000000-0000-0000-0000-0000000A5606}
T{00000000-0000-0000-0000-00000016979A}
T{00000000-0000-0000-0000-0000001D05EC}
T{00000000-0000-0000-0000-0000000E6E55}
T{00000000-0000-0000-0000-000000093A80}
F{00000000-0000-0000-0000-000000210B04}
F{00000000-0000-0000-0000-000000324F3F}
T{00000000-0000-0000-0000-000000119C07}
T{00000000-0000-0000-0000-000000018F25}
T{00000000-0000-0000-0000-0000000A3974}
T{00000000-0000-0000-0000-00000022664D}
T{00000000-0000-0000-0000-000000122E7A}
T{00000000-0000-0000-0000-00000013BB66}
T{00000000-0000-0000-0000-00000032BEB2}
F{00000000-0000-0000-0000-00000006FA7E}
T{00000000-0000-0000-0000-0000000E2CE3}
T{00000000-0000-0000-0000-000000145A1B}
F{00000000-0000-0000-0000-0000002651AC}
T{00000000-0000-0000-0000-0000000AE237}
T{00000000-0000-0000-0000-00000031EE7B}
T{00000000-0000-0000-0000-0000000FD726}
T{00000000-0000-0000-0000-0000002EDFFA}
T{00000000-0000-0000-0000-0000002001DC}
T{00000000-0000-0000-0000-00000024D4B0}
T{00000000-0000-0000-0000-000000335DC2}
T{00000000-0000-0000-0000-000000077309}
T{00000000-0000-0000-0000-000000062238}
T{00000000-0000-0000-0000-00000028813D}
T{00000000-0000-0000-0000-00000031720F}
T{00000000-0000-0000-0000-00000032B96F}
T{00000000-0000-0000-0000-000000101515}
T{00000000-0000-0000-0000-0000000A5606}
T{00000000-0000-0000-0000-0000002361B7}
T{00000000-0000-0000-0000-00000024CE98}
T{00000000-0000-0000-0000-0000002BB1FE}
T{00000000-0000-0000-0000-0000000EC5C1}
T{00000000-0000-0000-0000-000000181235}
T{00000000-0000-0000-0000-0000000D6338}
T{00000000-0000-0000-0000-00000015892F}
F{00000000-0000-0000-0000-00000011BAB8}
T{00000000-0000-0000-0000-00000033627A}
F{00000000-0000-0000-0000-000000065030}
T{00000000-0000-0000-0000-0000002D2D6B}
T{00000000-0000-0000-0000-00000009EAD5}
T{00000000-0000-0000-0000-0000002B60AE}
T{00000000-0000-0000-0000-0000000AAEFB}
T{00000000-0000-0000-0000-0000000C0A21}
T{00000000-0000-0000-0000-00000016FB0E}
T{00000000-0000-0000-0000-00000009066B}
T{00000000-0000-0000-0000-00000013BB66}
T{00000000-0000-0000-0000-0000001D6905}
T{00000000-0000-0000-0000-00000021056F}
T{00000000-0000-0000-0000-000000104231}
T{00000000-0000-0000-0000-0000002C95F6}
T{00000000-0000-0000-0000-00000032EA05}
T{00000000-0000-0000-0000-0000002E4C7F}
T{00000000-0000-0000-0000-00000010DEFA}
T{00000000-0000-0000-0000-00000006E7FF}
T{00000000-0000-0000-0000-0000000DA5C4}
T{00000000-0000-0000-0000-0000000A1C43}
T{00000000-0000-0000-0000-00000031CEB3}
T{00000000-0000-0000-0000-000000030FAE}
T{00000000-0000-0000-0000-0000002CD9CB}
T{00000000-0000-0000-0000-0000002225A2}
F{00000000-0000-0000-0000-00000024627E}
T{00000000-0000-0000-0000-0000002C4B21}
T{00000000-0000-0000-0000-0000000CE4C7}
T{00000000-0000-0000-0000-00000009D224}
T{00000000-0000-0000-0000-0000000EB2FC}
T{00000000-0000-0000-0000-0000002D82E7}
T{00000000-0000-0000-0000-0000002FA358}
F{00000000-0000-0000-0000-00000013D847}
T{00000000-0000-0000-0000-00000031F7C3}
T{00000000-0000-0000-0000-000000125A54}
F{00000000-0000-0000-0000-0000001985BE}
T{00000000-0000-0000-0000-00000031EBC3}
T{00000000-0000-0000-0000-0000000BCFC6}
F{00000000-0000-0000-0000-000000243F1C}
T{00000000-0000-0000-0000-00000017EF5B}
F{00000000-0000-0000-0000-00000016BA6A}
T{00000000-0000-0000-0000-000000319987}
T{00000000-0000-0000-0000-0000000F6FF2}
T{00000000-0000-0000-0000-00000015892F}
T{00000000-0000-0000-0000-00000006CBEB}
T{00000000-0000-0000-0000-000000213A88}
T{00000000-0000-0000-0000-0000002D3ED8}
T{00000000-0000-0000-0000-0000000B7EF9}
T{00000000-0000-0000-0000-00000015E1CE}
T{00000000-0000-0000-0000-000000073930}
T{00000000-0000-0000-0000-00000010DF30}
T{00000000-0000-0000-0000-00000006D67D}
T{00000000-0000-0000-0000-000000273493}
F{00000000-0000-0000-0000-00000030427B}
T{00000000-0000-0000-0000-0000002FA33C}
T{00000000-0000-0000-0000-0000002167C1}
F{00000000-0000-0000-0000-0000001278AF}
T{00000000-0000-0000-0000-00000031840C}
T{00000000-0000-0000-0000-0000000DDD88}
T{00000000-0000-0000-0000-0000000AC79A}
T{00000000-0000-0000-0000-000000073930}
T{00000000-0000-0000-0000-0000000D199E}
T{00000000-0000-0000-0000-00000013D847}
T{00000000-0000-0000-0000-000000273789}
T{00000000-0000-0000-0000-0000002179E5}
T{00000000-0000-0000-0000-00000004CC8A}
F{00000000-0000-0000-0000-0000000D0DDB}
T{00000000-0000-0000-0000-0000000BB9D4}
T{00000000-0000-0000-0000-00000016D079}
F{00000000-0000-0000-0000-000000007910}
T{00000000-0000-0000-0000-0000000C6B65}
T{00000000-0000-0000-0000-00000031720F}
T{00000000-0000-0000-0000-0000002C532B}
T{00000000-0000-0000-0000-000000197C0B}
T{00000000-0000-0000-0000-0000000A5606}
T{00000000-0000-0000-0000-00000015892F}
T{00000000-0000-0000-0000-00000032DE01}
T{00000000-0000-0000-0000-0000001EDC23}
T{00000000-0000-0000-0000-000000259880}
F{00000000-0000-0000-0000-000000227154}
T{00000000-0000-0000-0000-000000039877}
F{00000000-0000-0000-0000-000000277E2B}
T{00000000-0000-0000-0000-0000001369DE}
F{00000000-0000-0000-0000-0000001C6391}
T{00000000-0000-0000-0000-00000032016B}
T{00000000-0000-0000-0000-0000002C06BA}
T{00000000-0000-0000-0000-00000006193F}
T{00000000-0000-0000-0000-0000000A2DD3}
T{00000000-0000-0000-0000-0000000DDF0E}
T{00000000-0000-0000-0000-0000002D4F1C}
T{00000000-0000-0000-0000-0000001A5599}
T{00000000-0000-0000-0000-0000002AB719}
T{00000000-0000-0000-0000-000000101B79}
T{00000000-0000-0000-0000-00000028C70F}
T{00000000-0000-0000-0000-0000000A3D45}
T{00000000-0000-0000-0000-0000001817C0}
T{00000000-0000-0000-0000-0000001C6391}
F{00000000-0000-0000-0000-0000002897F9}
F{00000000-0000-0000-0000-0000001610D0}
F{00000000-0000-0000-0000-000000171CAA}
T{00000000-0000-0000-0000-00000005ED38}
T{00000000-0000-0000-0000-0000000DEE47}
T{00000000-0000-0000-0000-000000237D40}
T{00000000-0000-0000-0000-00000020CCCA}
T{00000000-0000-0000-0000-0000001B3E7C}
T{00000000-0000-0000-0000-000000099302}
T{00000000-0000-0000-0000-0000000C29E6}
F{00000000-0000-0000-0000-0000000CE9C4}
T{00000000-0000-0000-0000-0000002131BD}
T{00000000-0000-0000-0000-00000019484E}
T{00000000-0000-0000-0000-000000213A88}
T{00000000-0000-0000-0000-0000002C7785}
T{00000000-0000-0000-0000-00000027E298}
T{00000000-0000-0000-0000-00000033AD93}
T{00000000-0000-0000-0000-0000001442CD}
T{00000000-0000-0000-0000-0000002CACBC}
T{00000000-0000-0000-0000-0000002CCD29}
T{00000000-0000-0000-0000-000000038CA4}
T{00000000-0000-0000-0000-000000065030}
T{00000000-0000-0000-0000-0000000BBAF7}
T{00000000-0000-0000-0000-00000031B2AF}
T{00000000-0000-0000-0000-000000113C06}
T{00000000-0000-0000-0000-000000113B7F}
T{00000000-0000-0000-0000-000000209B8E}
T{00000000-0000-0000-0000-00000023CDFE}
T{00000000-0000-0000-0000-00000029EA8A}
F{00000000-0000-0000-0000-00000024E9BB}
T{00000000-0000-0000-0000-00000030427B}
T{00000000-0000-0000-0000-00000031840C}
T{00000000-0000-0000-0000-00000031A5D4}
T{00000000-0000-0000-0000-0000002AA309}
T{00000000-0000-0000-0000-000000039287}
T{00000000-0000-0000-0000-0000000FC3AA}
T{00000000-0000-0000-0000-0000002ADB4F}
T{00000000-0000-0000-0000-000000264C56}
T{00000000-0000-0000-0000-00000017EF5B}
T{00000000-0000-0000-0000-00000024DE3A}
T{00000000-0000-0000-0000-0000002D82E7}
T{00000000-0000-0000-0000-00000020AC91}
T{00000000-0000-0000-0000-000000275F5A}
F{00000000-0000-0000-0000-00000024C1C9}
T{00000000-0000-0000-0000-000000083C07}
F{00000000-0000-0000-0000-0000002B5FB9}
T{00000000-0000-0000-0000-000000295694}
T{00000000-0000-0000-0000-00000014E3DD}
T{00000000-0000-0000-0000-0000002B2399}
T{00000000-0000-0000-0000-000000220F56}
T{00000000-0000-0000-0000-0000002001DC}
T{00000000-0000-0000-0000-0000002DA425}
T{00000000-0000-0000-0000-00000028980F}
T{00000000-0000-0000-0000-00000030694D}
T{00000000-0000-0000-0000-000000122CB0}
T{00000000-0000-0000-0000-0000001278AF}
T{00000000-0000-0000-0000-0000002F0787}
T{00000000-0000-0000-0000-00000026BDC4}
T{00000000-0000-0000-0000-0000003397F4}
T{00000000-0000-0000-0000-0000000BBAE5}
T{00000000-0000-0000-0000-000000053E0D}
T{00000000-0000-0000-0000-0000001AE83E}
T{00000000-0000-0000-0000-000000164F2C}
T{00000000-0000-0000-0000-00000006FA7E}
F{00000000-0000-0000-0000-0000000F84E7}
T{00000000-0000-0000-0000-000000314A2B}
T{00000000-0000-0000-0000-00000004667E}
T{00000000-0000-0000-0000-0000000BB9D4}
T{00000000-0000-0000-0000-00000003FD61}
T{00000000-0000-0000-0000-0000001282E8}
T{00000000-0000-0000-0000-000000165DBF}
F{00000000-0000-0000-0000-00000023D05D}
T{00000000-0000-0000-0000-0000002ADB4F}
F{00000000-0000-0000-0000-00000013EDBB}
T{00000000-0000-0000-0000-00000010AB65}
T{00000000-0000-0000-0000-0000002D5502}
F{00000000-0000-0000-0000-00000024627E}
T{00000000-0000-0000-0000-00000005017B}
T{00000000-0000-0000-0000-0000001312FA}
T{00000000-0000-0000-0000-000000228993}
F{00000000-0000-0000-0000-000000077309}
T{00000000-0000-0000-0000-00000014AEB7}
F{00000000-0000-0000-0000-000000332CFE}
F{00000000-0000-0000-0000-0000000C42D4}
T{00000000-0000-0000-0000-00000023C6B1}
T{00000000-0000-0000-0000-0000000A0350}
T{00000000-0000-0000-0000-000000295694}
T{00000000-0000-0000-0000-0000001EDC23}
F{00000000-0000-0000-0000-0000000EF5E7}
T{00000000-0000-0000-0000-0000000562FC}
T{00000000-0000-0000-0000-0000002950B5}
T{00000000-0000-0000-0000-000000095572}
T{00000000-0000-0000-0000-0000001AF208}
T{00000000-0000-0000-0000-000000177B49}
T{00000000-0000-0000-0000-0000002137D4}
T{00000000-0000-0000-0000-0000000EBF2A}
F{00000000-0000-0000-0000-0000000567C5}
T{00000000-0000-0000-0000-000000111E00}
T{00000000-0000-0000-0000-00000030D483}
F{00000000-0000-0000-0000-00000024C1C9}
T{00000000-0000-0000-0000-0000001B7F5B}
T{00000000-0000-0000-0000-000000098996}
T{00000000-0000-0000-0000-0000000BBBC1}
T{00000000-0000-0000-0000-0000001129BA}
F{00000000-0000-0000-0000-000000033697}
T{00000000-0000-0000-0000-0000001D6FB7}
T{00000000-0000-0000-0000-00000019F30D}
T{00000000-0000-0000-0000-0000002DB934}
T{00000000-0000-0000-0000-0000002691F5}
T{00000000-0000-0000-0000-0000000A3D45}
F{00000000-0000-0000-0000-000000108B3B}
T{00000000-0000-0000-0000-00000029BD67}
F{00000000-0000-0000-0000-00000014B44C}
F{00000000-0000-0000-0000-0000001056F7}
T{00000000-0000-0000-0000-0000000C1C4E}
T{00000000-0000-0000-0000-0000000EFCB1}
