T{00000000-0000-0000-0000-00000032B96F}
T{00000000-0000-0000-0000-000000324F3F}
T{00000000-0000-0000-0000-0000002FDA95}
F{00000000-0000-0000-0000-00000030427B}
T{00000000-0000-0000-0000-0000002B5FB9}
T{00000000-0000-0000-0000-0000002897F9}
T{00000000-0000-0000-0000-000000277E2B}
F{00000000-0000-0000-0000-0000002651AC}
T{00000000-0000-0000-0000-00000024E9BB}
F{00000000-0000-0000-0000-00000024C1C9}
F{00000000-0000-0000-0000-00000024627E}
T{00000000-0000-0000-0000-000000243F1C}
T{00000000-0000-0000-0000-00000023D05D}
T{00000000-0000-0000-0000-0000002B43A9}
T{00000000-0000-0000-0000-0000001C416A}
F{00000000-0000-0000-0000-000000227154}
F{00000000-0000-0000-0000-000000171CAA}
T{00000000-0000-0000-0000-000000210B04}
T{00000000-0000-0000-0000-00000014B44C}
T{00000000-0000-0000-0000-00000013D847}
T{00000000-0000-0000-0000-0000001985BE}
T{00000000-0000-0000-0000-00000012AB41}
T{00000000-0000-0000-0000-00000011BAB8}
F{00000000-0000-0000-0000-00000013EDBB}
T{00000000-0000-0000-0000-0000001056F7}
T{00000000-0000-0000-0000-0000002D2D6B}
F{00000000-0000-0000-0000-0000000F84E7}
F{00000000-0000-0000-0000-0000001C6391}
F{00000000-0000-0000-0000-0000000EF5E7}
T{00000000-0000-0000-0000-000000146C13}
F{00000000-0000-0000-0000-0000000C42D4}
T{00000000-0000-0000-0000-0000000CE9C4}
T{00000000-0000-0000-0000-0000002DC9A5}
T{00000000-0000-0000-0000-0000001610D0}
T{00000000-0000-0000-0000-00000026F01D}
T{00000000-0000-0000-0000-00000006FA7E}
T{00000000-0000-0000-0000-00000026908C}
F{00000000-0000-0000-0000-0000000657F1}
T{00000000-0000-0000-0000-000000065030}
T{00000000-0000-0000-0000-000000077309}
F{00000000-0000-0000-0000-000000084ED6}
T{00000000-0000-0000-0000-000000033697}
T{00000000-0000-0000-0000-0000000D0DDB}
T{00000000-0000-0000-0000-000000108B3B}
T{00000000-0000-0000-0000-000000062238}
T{00000000-0000-0000-0000-0000000DD288}
F{00000000-0000-0000-0000-000000270720}
T{00000000-0000-0000-0000-0000001278AF}
T{00000000-0000-0000-0000-0000000567C5}
T{00000000-0000-0000-0000-000000099D5D}
T{00000000-0000-0000-0000-000000007910}
F{00000000-0000-0000-0000-00000016BA6A}
T{00000000-0000-0000-0000-000000332CFE}
T{00000000-0000-0000-0000-0000001610D0}
F{00000000-0000-0000-0000-00000024627E}
F{00000000-0000-0000-0000-00000024C1C9}
T{00000000-0000-0000-0000-00000016BA6A}
F{00000000-0000-0000-0000-000000063A84}
T{00000000-0000-0000-0000-0000001E6816}
T{00000000-0000-0000-0000-00000027BFF4}
T{00000000-0000-0000-0000-0000001610D0}
T{00000000-0000-0000-0000-00000026F097}
T{00000000-0000-0000-0000-0000000D9F5F}
T{00000000-0000-0000-0000-00000019E343}
T{00000000-0000-0000-0000-000000171562}
T{00000000-0000-0000-0000-00000030D202}
T{00000000-0000-0000-0000-00000024D328}
T{00000000-0000-0000-0000-0000001AF5B8}
T{00000000-0000-0000-0000-000000062309}
T{00000000-0000-0000-0000-00000002AFE6}
T{00000000-0000-0000-0000-0000000A0913}
T{00000000-0000-0000-0000-00000015BF2E}
T{00000000-0000-0000-0000-000000210A3E}
T{00000000-0000-0000-0000-000000105E29}
T{00000000-0000-0000-0000-0000000114A7}
T{00000000-0000-0000-0000-00000032E859}
T{00000000-0000-0000-0000-0000000970F1}
T{00000000-0000-0000-0000-0000001D3830}
T{00000000-0000-0000-0000-00000008179C}
F{00000000-0000-0000-0000-0000000929D8}
T{00000000-0000-0000-0000-0000001D3CD0}
T{00000000-0000-0000-0000-0000001610D0}
F{00000000-0000-0000-0000-00000009D2DB}
T{00000000-0000-0000-0000-000000106A2C}
T{00000000-0000-0000-0000-00000024E9BB}
T{00000000-0000-0000-0000-0000003057F6}
F{00000000-0000-0000-0000-00000029E184}
T{00000000-0000-0000-0000-0000001FC332}
T{00000000-0000-0000-0000-00000011BAB8}
T{00000000-0000-0000-0000-0000000081B9}
T{00000000-0000-0000-0000-0000000DBCE5}
T{00000000-0000-0000-0000-0000002D4795}
F{00000000-0000-0000-0000-00000025E580}
T{00000000-0000-0000-0000-000000025A62}
T{00000000-0000-0000-0000-0000002512F9}
T{00000000-0000-0000-0000-000000319937}
T{00000000-0000-0000-0000-00000005D234}
T{00000000-0000-0000-0000-0000001A891E}
T{00000000-0000-0000-0000-000000038479}
T{00000000-0000-0000-0000-0000002512F9}
T{00000000-0000-0000-0000-0000001C767C}
T{00000000-0000-0000-0000-0000001D3830}
T{00000000-0000-0000-0000-000000171CAA}
T{00000000-0000-0000-0000-0000000C42D4}
T{00000000-0000-0000-0000-000000289795}
T{00000000-0000-0000-0000-0000001282E8}
T{00000000-0000-0000-0000-00000025482D}
T{00000000-0000-0000-0000-00000009C55D}
T{00000000-0000-0000-0000-0000001EFADF}
T{00000000-0000-0000-0000-0000000EC5C1}
T{00000000-0000-0000-0000-000000146BB2}
T{00000000-0000-0000-0000-000000152F96}
T{00000000-0000-0000-0000-0000000D0B5F}
T{00000000-0000-0000-0000-0000000EFBD2}
T{00000000-0000-0000-0000-0000002FCF52}
T{00000000-0000-0000-0000-00000021E588}
T{00000000-0000-0000-0000-00000021B897}
T{00000000-0000-0000-0000-000000171CAA}
T{00000000-0000-0000-0000-000000094832}
T{00000000-0000-0000-0000-000000077D94}
T{00000000-0000-0000-0000-0000000FAF70}
T{00000000-0000-0000-0000-0000000FEC4B}
T{00000000-0000-0000-0000-0000000A0913}
T{00000000-0000-0000-0000-0000000CE1EC}
T{00000000-0000-0000-0000-000000011C79}
T{00000000-0000-0000-0000-00000009F5AB}
T{00000000-0000-0000-0000-00000016BA6A}
T{00000000-0000-0000-0000-00000005394F}
T{00000000-0000-0000-0000-000000060468}
T{00000000-0000-0000-0000-0000002796A4}
F{00000000-0000-0000-0000-0000000F84E7}
T{00000000-0000-0000-0000-0000002E3AB2}
T{00000000-0000-0000-0000-0000003148A3}
T{00000000-0000-0000-0000-0000000657F1}
T{00000000-0000-0000-0000-000000324F3F}
T{00000000-0000-0000-0000-000000325149}
F{00000000-0000-0000-0000-0000000320BD}
T{00000000-0000-0000-0000-00000027A92A}
T{00000000-0000-0000-0000-00000009551A}
T{00000000-0000-0000-0000-00000029C08B}
F{00000000-0000-0000-0000-0000000BCED8}
T{00000000-0000-0000-0000-0000002B0488}
T{00000000-0000-0000-0000-00000013BFCB}
T{00000000-0000-0000-0000-00000022362F}
T{00000000-0000-0000-0000-0000002BB56B}
F{00000000-0000-0000-0000-0000002B20EF}
T{00000000-0000-0000-0000-0000000A7716}
T{00000000-0000-0000-0000-0000002EAF33}
T{00000000-0000-0000-0000-00000026929D}
T{00000000-0000-0000-0000-000000007910}
T{00000000-0000-0000-0000-0000001882B4}
F{00000000-0000-0000-0000-00000025B204}
T{00000000-0000-0000-0000-0000001C3847}
T{00000000-0000-0000-0000-0000001799C4}
T{00000000-0000-0000-0000-0000001056F7}
T{00000000-0000-0000-0000-0000001675CD}
T{00000000-0000-0000-0000-00000015892F}
T{00000000-0000-0000-0000-000000194966}
T{00000000-0000-0000-0000-000000225920}
T{00000000-0000-0000-0000-000000030982}
T{00000000-0000-0000-0000-0000002651AC}
T{00000000-0000-0000-0000-000000147165}
T{00000000-0000-0000-0000-000000113245}
T{00000000-0000-0000-0000-0000001278AF}
T{00000000-0000-0000-0000-0000002B7D45}
T{00000000-0000-0000-0000-00000032B96F}
T{00000000-0000-0000-0000-0000002C4B21}
T{00000000-0000-0000-0000-0000002B60DE}
T{00000000-0000-0000-0000-0000002CDE7C}
F{00000000-0000-0000-0000-0000002E314C}
T{00000000-0000-0000-0000-0000002CD371}
T{00000000-0000-0000-0000-0000002F70A5}
T{00000000-0000-0000-0000-00000024E9BB}
T{00000000-0000-0000-0000-000000143172}
T{00000000-0000-0000-0000-00000027D4C7}
T{00000000-0000-0000-0000-00000014B44C}
T{00000000-0000-0000-0000-000000264C56}
T{00000000-0000-0000-0000-0000002EAF33}
T{00000000-0000-0000-0000-00000007F070}
T{00000000-0000-0000-0000-00000032686B}
T{00000000-0000-0000-0000-000000177868}
T{00000000-0000-0000-0000-000000146BA0}
T{00000000-0000-0000-0000-000000184E89}
T{00000000-0000-0000-0000-00000016D448}
T{00000000-0000-0000-0000-000000018E32}
T{00000000-0000-0000-0000-0000002B7D45}
T{00000000-0000-0000-0000-000000125A54}
T{00000000-0000-0000-0000-0000002F0787}
T{00000000-0000-0000-0000-000000246745}
T{00000000-0000-0000-0000-0000000310A3}
T{00000000-0000-0000-0000-000000039877}
T{00000000-0000-0000-0000-0000000D0DDB}
T{00000000-0000-0000-0000-0000000AAEFB}
T{00000000-0000-0000-0000-0000000FD49A}
T{00000000-0000-0000-0000-0000002E564A}
T{00000000-0000-0000-0000-000000164F59}
T{00000000-0000-0000-0000-0000000A3BDF}
T{00000000-0000-0000-0000-00000008DF2C}
F{00000000-0000-0000-0000-00000021C57A}
T{00000000-0000-0000-0000-0000000FAF71}
T{00000000-0000-0000-0000-0000002FA47F}
F{00000000-0000-0000-0000-0000001672E1}
T{00000000-0000-0000-0000-0000001AF208}
F{00000000-0000-0000-0000-000000029DB2}
F{00000000-0000-0000-0000-0000000C439B}
T{00000000-0000-0000-0000-0000001C6A68}
T{00000000-0000-0000-0000-00000032A5BB}
T{00000000-0000-0000-0000-00000026A7E0}
T{00000000-0000-0000-0000-0000000D1718}
T{00000000-0000-0000-0000-000000146C13}
T{00000000-0000-0000-0000-0000001B3DCD}
T{00000000-0000-0000-0000-0000000BBAF7}
F{00000000-0000-0000-0000-0000001A177D}
T{00000000-0000-0000-0000-000000007910}
T{00000000-0000-0000-0000-00000011D6C2}
T{00000000-0000-0000-0000-00000024CCE3}
T{00000000-0000-0000-0000-00000017F15A}
T{00000000-0000-0000-0000-0000000BDEF1}
F{00000000-0000-0000-0000-000000180A8A}
T{00000000-0000-0000-0000-000000122A70}
T{00000000-0000-0000-0000-00000026601E}
T{00000000-0000-0000-0000-00000031840C}
T{00000000-0000-0000-0000-000000165EB8}
T{00000000-0000-0000-0000-00000014AEB7}
T{00000000-0000-0000-0000-0000001E3995}
T{00000000-0000-0000-0000-000000225A5F}
T{00000000-0000-0000-0000-000000069F05}
T{00000000-0000-0000-0000-00000007E3BE}
T{00000000-0000-0000-0000-00000009D514}
T{00000000-0000-0000-0000-0000000D16FA}
T{00000000-0000-0000-0000-0000001A4EC5}
T{00000000-0000-0000-0000-0000001282E8}
T{00000000-0000-0000-0000-0000000ABCBF}
T{00000000-0000-0000-0000-000000053A0F}
T{00000000-0000-0000-0000-0000002CAD87}
T{00000000-0000-0000-0000-0000001278AF}
T{00000000-0000-0000-0000-0000000DA78A}
T{00000000-0000-0000-0000-00000022F9B8}
F{00000000-0000-0000-0000-00000030427B}
T{00000000-0000-0000-0000-0000002C60BC}
T{00000000-0000-0000-0000-0000000108B3}
F{00000000-0000-0000-0000-0000002A93E5}
F{00000000-0000-0000-0000-00000024627E}
F{00000000-0000-0000-0000-0000000FC3AA}
T{00000000-0000-0000-0000-000000169CBC}
T{00000000-0000-0000-0000-0000002337D8}
T{00000000-0000-0000-0000-000000324F3F}
T{00000000-0000-0000-0000-0000002977C2}
T{00000000-0000-0000-0000-0000000A9334}
T{00000000-0000-0000-0000-0000002B43A9}
T{00000000-0000-0000-0000-000000319D12}
T{00000000-0000-0000-0000-0000002897F9}
T{00000000-0000-0000-0000-00000029CB1D}
T{00000000-0000-0000-0000-00000032BB6B}
T{00000000-0000-0000-0000-0000002E0E9F}
T{00000000-0000-0000-0000-000000020F85}
T{00000000-0000-0000-0000-0000000A2D06}
T{00000000-0000-0000-0000-00000021F6AA}
T{00000000-0000-0000-0000-00000008179C}
T{00000000-0000-0000-0000-0000001379ED}
T{00000000-0000-0000-0000-0000001EB0AE}
T{00000000-0000-0000-0000-000000173168}
T{00000000-0000-0000-0000-00000009E1DD}
T{00000000-0000-0000-0000-00000014BCF0}
T{00000000-0000-0000-0000-00000002C833}
T{00000000-0000-0000-0000-0000001794A3}
T{00000000-0000-0000-0000-00000006D3FA}
T{00000000-0000-0000-0000-000000009735}
T{00000000-0000-0000-0000-00000013794F}
T{00000000-0000-0000-0000-0000002A08D5}
T{00000000-0000-0000-0000-0000002F6B7B}
T{00000000-0000-0000-0000-0000002137D4}
T{00000000-0000-0000-0000-0000002167C1}
T{00000000-0000-0000-0000-000000052240}
T{00000000-0000-0000-0000-0000002690A8}
F{00000000-0000-0000-0000-00000024627E}
T{00000000-0000-0000-0000-00000013995B}
T{00000000-0000-0000-0000-0000002843CE}
T{00000000-0000-0000-0000-0000001278AF}
T{00000000-0000-0000-0000-000000138B76}
T{00000000-0000-0000-0000-0000002C6D1C}
T{00000000-0000-0000-0000-000000005759}
T{00000000-0000-0000-0000-0000000B1E17}
T{00000000-0000-0000-0000-0000000320BD}
F{00000000-0000-0000-0000-00000031ED05}
T{00000000-0000-0000-0000-0000000EBF05}
T{00000000-0000-0000-0000-00000026F01D}
T{00000000-0000-0000-0000-0000000EFCB1}
T{00000000-0000-0000-0000-000000113C06}
T{00000000-0000-0000-0000-0000001D3BF2}
T{00000000-0000-0000-0000-000000244987}
T{00000000-0000-0000-0000-000000030FAE}
T{00000000-0000-0000-0000-000000264C56}
T{00000000-0000-0000-0000-000000245F5D}
T{00000000-0000-0000-0000-000000210B04}
T{00000000-0000-0000-0000-0000002C4EFE}
T{00000000-0000-0000-0000-000000270DC9}
T{00000000-0000-0000-0000-000000106300}
T{00000000-0000-0000-0000-000000041E64}
T{00000000-0000-0000-0000-0000002216E6}
T{00000000-0000-0000-0000-000000227154}
