T{00000000-0000-0000-0000-00000030427B}
T{00000000-0000-0000-0000-0000002E314C}
T{00000000-0000-0000-0000-0000002B5FB9}
F{00000000-0000-0000-0000-0000002A93E5}
T{00000000-0000-0000-0000-00000029E184}
T{00000000-0000-0000-0000-0000002897F9}
F{00000000-0000-0000-0000-000000277E2B}
T{00000000-0000-0000-0000-0000002651AC}
T{00000000-0000-0000-0000-00000025E580}
T{00000000-0000-0000-0000-00000024C1C9}
F{00000000-0000-0000-0000-00000024627E}
T{00000000-0000-0000-0000-000000243F1C}
T{00000000-0000-0000-0000-00000023D05D}
T{00000000-0000-0000-0000-0000002B43A9}
T{00000000-0000-0000-0000-00000025B204}
T{00000000-0000-0000-0000-000000227154}
T{00000000-0000-0000-0000-000000171CAA}
T{00000000-0000-0000-0000-000000210B04}
T{00000000-0000-0000-0000-00000014B44C}
T{00000000-0000-0000-0000-00000013D847}
T{00000000-0000-0000-0000-0000001985BE}
T{00000000-0000-0000-0000-000000180A8A}
T{00000000-0000-0000-0000-00000011BAB8}
F{00000000-0000-0000-0000-00000013EDBB}
T{00000000-0000-0000-0000-0000001056F7}
F{00000000-0000-0000-0000-0000000FC3AA}
T{00000000-0000-0000-0000-0000000F84E7}
T{00000000-0000-0000-0000-0000001C6391}
F{00000000-0000-0000-0000-0000000EF5E7}
T{00000000-0000-0000-0000-00000021C57A}
T{00000000-0000-0000-0000-000000146C13}
T{00000000-0000-0000-0000-0000000C439B}
T{00000000-0000-0000-0000-0000000C42D4}
T{00000000-0000-0000-0000-0000000BCED8}
T{00000000-0000-0000-0000-0000000CE9C4}
T{00000000-0000-0000-0000-00000009D2DB}
T{00000000-0000-0000-0000-00000006FA7E}
T{00000000-0000-0000-0000-00000026908C}
T{00000000-0000-0000-0000-0000000657F1}
T{00000000-0000-0000-0000-000000065030}
F{00000000-0000-0000-0000-000000063A84}
T{00000000-0000-0000-0000-000000077309}
T{00000000-0000-0000-0000-0000002B20EF}
F{00000000-0000-0000-0000-00000031ED05}
T{00000000-0000-0000-0000-000000084ED6}
T{00000000-0000-0000-0000-0000000929D8}
T{00000000-0000-0000-0000-0000001A177D}
T{00000000-0000-0000-0000-000000033697}
T{00000000-0000-0000-0000-0000000D0DDB}
T{00000000-0000-0000-0000-000000108B3B}
T{00000000-0000-0000-0000-000000062238}
T{00000000-0000-0000-0000-0000000DD288}
T{00000000-0000-0000-0000-000000270720}
T{00000000-0000-0000-0000-0000000567C5}
T{00000000-0000-0000-0000-000000099D5D}
T{00000000-0000-0000-0000-000000029DB2}
T{00000000-0000-0000-0000-00000016BA6A}
T{00000000-0000-0000-0000-0000000320BD}
T{00000000-0000-0000-0000-000000332CFE}
F{00000000-0000-0000-0000-0000001672E1}
T{00000000-0000-0000-0000-00000024627E}
T{00000000-0000-0000-0000-00000024C1C9}
T{00000000-0000-0000-0000-0000001633C3}
T{00000000-0000-0000-0000-0000002FBC82}
T{00000000-0000-0000-0000-0000000A5B30}
T{00000000-0000-0000-0000-000000064615}
T{00000000-0000-0000-0000-0000002DC9A5}
F{00000000-0000-0000-0000-000000220995}
T{00000000-0000-0000-0000-00000005A714}
F{00000000-0000-0000-0000-000000277E2B}
T{00000000-0000-0000-0000-0000000D6338}
T{00000000-0000-0000-0000-0000000BB9D4}
T{00000000-0000-0000-0000-0000002F9487}
T{00000000-0000-0000-0000-00000028D056}
T{00000000-0000-0000-0000-00000005A714}
T{00000000-0000-0000-0000-00000014AC98}
T{00000000-0000-0000-0000-0000000A9687}
T{00000000-0000-0000-0000-0000002A9CF7}
T{00000000-0000-0000-0000-000000244C0B}
T{00000000-0000-0000-0000-000000108B3B}
T{00000000-0000-0000-0000-00000029C08B}
T{00000000-0000-0000-0000-00000007C25E}
T{00000000-0000-0000-0000-00000018025C}
T{00000000-0000-0000-0000-0000002CDE1F}
T{00000000-0000-0000-0000-00000031730E}
T{00000000-0000-0000-0000-0000002A4809}
T{00000000-0000-0000-0000-000000128932}
T{00000000-0000-0000-0000-0000000A2D06}
T{00000000-0000-0000-0000-0000000918BA}
T{00000000-0000-0000-0000-000000093B09}
T{00000000-0000-0000-0000-000000220F56}
T{00000000-0000-0000-0000-00000017BA07}
T{00000000-0000-0000-0000-00000002A506}
F{00000000-0000-0000-0000-0000000C5488}
T{00000000-0000-0000-0000-0000000FD54B}
T{00000000-0000-0000-0000-0000000BF6B2}
T{00000000-0000-0000-0000-0000002C4B7E}
T{00000000-0000-0000-0000-000000251E83}
T{00000000-0000-0000-0000-0000002A47D9}
T{00000000-0000-0000-0000-00000031F7C3}
T{00000000-0000-0000-0000-000000040787}
T{00000000-0000-0000-0000-00000006E7FF}
F{00000000-0000-0000-0000-0000002380FC}
T{00000000-0000-0000-0000-0000001A177D}
T{00000000-0000-0000-0000-00000015BDE3}
T{00000000-0000-0000-0000-0000002C4147}
T{00000000-0000-0000-0000-0000002D4147}
T{00000000-0000-0000-0000-000000167F15}
T{00000000-0000-0000-0000-000000146C13}
T{00000000-0000-0000-0000-000000320CA0}
T{00000000-0000-0000-0000-000000253960}
F{00000000-0000-0000-0000-000000263B6B}
T{00000000-0000-0000-0000-0000000FD49A}
T{00000000-0000-0000-0000-00000016EF73}
T{00000000-0000-0000-0000-0000000974BB}
T{00000000-0000-0000-0000-00000017358C}
T{00000000-0000-0000-0000-000000270720}
T{00000000-0000-0000-0000-0000000FC3AA}
T{00000000-0000-0000-0000-0000001A177D}
T{00000000-0000-0000-0000-00000011BAB8}
T{00000000-0000-0000-0000-00000010F40D}
T{00000000-0000-0000-0000-0000001442CD}
T{00000000-0000-0000-0000-0000001297F9}
T{00000000-0000-0000-0000-0000002B20EF}
T{00000000-0000-0000-0000-0000002AF48E}
T{00000000-0000-0000-0000-0000000C4E30}
T{00000000-0000-0000-0000-00000033627A}
T{00000000-0000-0000-0000-0000000FD54B}
F{00000000-0000-0000-0000-00000025E580}
T{00000000-0000-0000-0000-0000000C6B65}
T{00000000-0000-0000-0000-000000055656}
T{00000000-0000-0000-0000-000000253DA3}
T{00000000-0000-0000-0000-0000002AA779}
T{00000000-0000-0000-0000-00000003982D}
T{00000000-0000-0000-0000-0000001FB306}
T{00000000-0000-0000-0000-0000000F4FE6}
T{00000000-0000-0000-0000-000000271353}
T{00000000-0000-0000-0000-0000000B0D42}
T{00000000-0000-0000-0000-000000303C41}
F{00000000-0000-0000-0000-00000013EDBB}
T{00000000-0000-0000-0000-000000270E01}
T{00000000-0000-0000-0000-0000001CFA3F}
T{00000000-0000-0000-0000-00000024C1C9}
T{00000000-0000-0000-0000-00000016D8EC}
T{00000000-0000-0000-0000-0000002D7348}
T{00000000-0000-0000-0000-00000026908C}
T{00000000-0000-0000-0000-000000220F56}
T{00000000-0000-0000-0000-00000022A2D7}
T{00000000-0000-0000-0000-000000233D90}
T{00000000-0000-0000-0000-0000002A4809}
T{00000000-0000-0000-0000-000000265F80}
T{00000000-0000-0000-0000-0000001937CB}
T{00000000-0000-0000-0000-000000030FAE}
T{00000000-0000-0000-0000-0000002651AC}
T{00000000-0000-0000-0000-0000000C2DA1}
T{00000000-0000-0000-0000-0000000F6FF2}
F{00000000-0000-0000-0000-0000000DF706}
T{00000000-0000-0000-0000-00000011F6D5}
T{00000000-0000-0000-0000-000000263B6B}
T{00000000-0000-0000-0000-000000165EB8}
T{00000000-0000-0000-0000-00000007D743}
T{00000000-0000-0000-0000-0000001C8E42}
T{00000000-0000-0000-0000-0000002001DC}
T{00000000-0000-0000-0000-0000000BBAE5}
T{00000000-0000-0000-0000-0000001278AF}
T{00000000-0000-0000-0000-000000270DC9}
F{00000000-0000-0000-0000-0000000AE447}
T{00000000-0000-0000-0000-000000210F05}
F{00000000-0000-0000-0000-00000031C58E}
T{00000000-0000-0000-0000-0000002301DA}
T{00000000-0000-0000-0000-000000324745}
T{00000000-0000-0000-0000-0000002E7223}
T{00000000-0000-0000-0000-00000008AA1A}
T{00000000-0000-0000-0000-0000001DB186}
T{00000000-0000-0000-0000-00000016D8EC}
T{00000000-0000-0000-0000-000000273493}
T{00000000-0000-0000-0000-0000000DEA25}
T{00000000-0000-0000-0000-00000006E705}
T{00000000-0000-0000-0000-00000000E3FE}
T{00000000-0000-0000-0000-0000000BCED8}
T{00000000-0000-0000-0000-0000002F16BE}
T{00000000-0000-0000-0000-0000003150EC}
T{00000000-0000-0000-0000-00000000740B}
T{00000000-0000-0000-0000-0000001935C0}
T{00000000-0000-0000-0000-0000002A02EE}
T{00000000-0000-0000-0000-00000013EDBB}
T{00000000-0000-0000-0000-000000171562}
T{00000000-0000-0000-0000-0000000FDB15}
T{00000000-0000-0000-0000-0000000F07A2}
T{00000000-0000-0000-0000-00000013BD56}
F{00000000-0000-0000-0000-0000000C3EC1}
T{00000000-0000-0000-0000-0000001056F7}
T{00000000-0000-0000-0000-000000227154}
T{00000000-0000-0000-0000-000000261C32}
T{00000000-0000-0000-0000-0000001249B2}
T{00000000-0000-0000-0000-00000024C1C9}
T{00000000-0000-0000-0000-000000298366}
T{00000000-0000-0000-0000-0000000FBE71}
T{00000000-0000-0000-0000-00000032EA05}
T{00000000-0000-0000-0000-0000000604DA}
T{00000000-0000-0000-0000-0000002EE24C}
T{00000000-0000-0000-0000-000000228993}
T{00000000-0000-0000-0000-0000000AC938}
T{00000000-0000-0000-0000-00000031840C}
F{00000000-0000-0000-0000-0000002B9CA9}
T{00000000-0000-0000-0000-0000000AE447}
T{00000000-0000-0000-0000-0000000FBE71}
T{00000000-0000-0000-0000-0000000D226D}
T{00000000-0000-0000-0000-0000000CF2D0}
T{00000000-0000-0000-0000-00000029BD67}
T{00000000-0000-0000-0000-00000014FDFF}
F{00000000-0000-0000-0000-0000000C5D03}
T{00000000-0000-0000-0000-00000032B96F}
F{00000000-0000-0000-0000-000000282FCE}
T{00000000-0000-0000-0000-00000031AC68}
T{00000000-0000-0000-0000-0000002E0E9F}
T{00000000-0000-0000-0000-00000024BF7A}
T{00000000-0000-0000-0000-0000001A5622}
T{00000000-0000-0000-0000-000000268E75}
T{00000000-0000-0000-0000-0000000F84E7}
T{00000000-0000-0000-0000-00000011A66A}
T{00000000-0000-0000-0000-00000018D027}
T{00000000-0000-0000-0000-00000011FD04}
T{00000000-0000-0000-0000-0000001DC5DF}
T{00000000-0000-0000-0000-0000000C5D03}
T{00000000-0000-0000-0000-000000059899}
T{00000000-0000-0000-0000-00000016E022}
T{00000000-0000-0000-0000-000000108B3B}
T{00000000-0000-0000-0000-00000029E184}
T{00000000-0000-0000-0000-00000022664D}
T{00000000-0000-0000-0000-00000021F873}
T{00000000-0000-0000-0000-0000000EF5E7}
T{00000000-0000-0000-0000-00000013D847}
T{00000000-0000-0000-0000-0000000EF5E7}
F{00000000-0000-0000-0000-00000023C11C}
T{00000000-0000-0000-0000-0000000BCED8}
T{00000000-0000-0000-0000-0000001AE83E}
T{00000000-0000-0000-0000-00000022D855}
T{00000000-0000-0000-0000-0000000778E0}
T{00000000-0000-0000-0000-00000021F873}
T{00000000-0000-0000-0000-0000000DE85C}
T{00000000-0000-0000-0000-0000002819B0}
T{00000000-0000-0000-0000-0000001C6391}
T{00000000-0000-0000-0000-000000065030}
T{00000000-0000-0000-0000-00000029E184}
T{00000000-0000-0000-0000-0000000A3974}
T{00000000-0000-0000-0000-000000114F6A}
T{00000000-0000-0000-0000-0000000C34F2}
T{00000000-0000-0000-0000-000000253D59}
T{00000000-0000-0000-0000-0000002D64C3}
T{00000000-0000-0000-0000-0000000ADF8A}
F{00000000-0000-0000-0000-0000002E2FA0}
T{00000000-0000-0000-0000-0000001A177D}
T{00000000-0000-0000-0000-00000024C1C9}
F{00000000-0000-0000-0000-0000002A93E5}
T{00000000-0000-0000-0000-00000020F484}
T{00000000-0000-0000-0000-00000033C0DE}
T{00000000-0000-0000-0000-0000001EA0F5}
T{00000000-0000-0000-0000-00000023D05D}
F{00000000-0000-0000-0000-0000002E4BC1}
T{00000000-0000-0000-0000-000000278875}
T{00000000-0000-0000-0000-0000000FBBF4}
T{00000000-0000-0000-0000-00000016979A}
F{00000000-0000-0000-0000-000000104CF0}
T{00000000-0000-0000-0000-0000000F84E7}
T{00000000-0000-0000-0000-0000002AB719}
F{00000000-0000-0000-0000-000000277E2B}
T{00000000-0000-0000-0000-000000028B7A}
T{00000000-0000-0000-0000-0000002C4782}
T{00000000-0000-0000-0000-0000002C4B21}
T{00000000-0000-0000-0000-000000309CB6}
T{00000000-0000-0000-0000-00000020554E}
T{00000000-0000-0000-0000-0000000AAEFB}
T{00000000-0000-0000-0000-000000060468}
T{00000000-0000-0000-0000-0000002F4F87}
T{00000000-0000-0000-0000-0000002691F5}
T{00000000-0000-0000-0000-0000000CE4C7}
T{00000000-0000-0000-0000-0000002E0E9F}
T{00000000-0000-0000-0000-0000002B1799}
T{00000000-0000-0000-0000-00000028D056}
T{00000000-0000-0000-0000-0000000FCF04}
T{00000000-0000-0000-0000-00000031730E}
T{00000000-0000-0000-0000-0000000A9687}
T{00000000-0000-0000-0000-0000002651AC}
T{00000000-0000-0000-0000-0000002E3209}
T{00000000-0000-0000-0000-0000001C7B47}
T{00000000-0000-0000-0000-000000263D12}
T{00000000-0000-0000-0000-0000002B39CA}
T{00000000-0000-0000-0000-00000020554E}
T{00000000-0000-0000-0000-0000002843CE}
T{00000000-0000-0000-0000-0000002361B7}
T{00000000-0000-0000-0000-00000005EF6E}
T{00000000-0000-0000-0000-000000220F56}
T{00000000-0000-0000-0000-0000002337D8}
T{00000000-0000-0000-0000-0000000586B3}
T{00000000-0000-0000-0000-0000003171C7}
T{00000000-0000-0000-0000-0000001A143C}
T{00000000-0000-0000-0000-000000310DC9}
T{00000000-0000-0000-0000-000000333EB0}
T{00000000-0000-0000-0000-000000065156}
T{00000000-0000-0000-0000-0000001E644A}
T{00000000-0000-0000-0000-000000062309}
T{00000000-0000-0000-0000-000000143172}
T{00000000-0000-0000-0000-00000010215D}
T{00000000-0000-0000-0000-0000000C34F2}
T{00000000-0000-0000-0000-0000000B6F8C}
T{00000000-0000-0000-0000-0000001F1C74}
T{00000000-0000-0000-0000-00000017EF5B}
T{00000000-0000-0000-0000-00000021B769}
F{00000000-0000-0000-0000-00000032FBFC}
T{00000000-0000-0000-0000-0000001FD627}
T{00000000-0000-0000-0000-00000003DD12}
T{00000000-0000-0000-0000-000000324745}
T{00000000-0000-0000-0000-0000000A6DE9}
T{00000000-0000-0000-0000-00000025B12E}
T{00000000-0000-0000-0000-0000001985BE}
F{00000000-0000-0000-0000-00000033629C}
T{00000000-0000-0000-0000-0000000A5753}
T{00000000-0000-0000-0000-0000001FFDD7}
T{00000000-0000-0000-0000-0000001379ED}
T{00000000-0000-0000-0000-0000001282E8}
T{00000000-0000-0000-0000-0000000D48CA}
T{00000000-0000-0000-0000-00000006923C}
F{00000000-0000-0000-0000-00000013BA26}
T{00000000-0000-0000-0000-00000014AC98}
F{00000000-0000-0000-0000-000000018C66}
T{00000000-0000-0000-0000-0000001226E2}
T{00000000-0000-0000-0000-0000002B9CA9}
T{00000000-0000-0000-0000-000000040075}
T{00000000-0000-0000-0000-000000231277}
F{00000000-0000-0000-0000-0000001FFE57}
T{00000000-0000-0000-0000-0000001CB8EA}
T{00000000-0000-0000-0000-0000002468FF}
T{00000000-0000-0000-0000-000000296ED6}
