T{00000000-0000-0000-0000-00000030427B}
T{00000000-0000-0000-0000-0000002E4BC1}
T{00000000-0000-0000-0000-0000002E314C}
F{00000000-0000-0000-0000-00000032FBFC}
T{00000000-0000-0000-0000-0000002B5FB9}
T{00000000-0000-0000-0000-0000002A93E5}
T{00000000-0000-0000-0000-000000282FCE}
T{00000000-0000-0000-0000-000000277E2B}
T{00000000-0000-0000-0000-000000263B6B}
T{00000000-0000-0000-0000-00000025E580}
T{00000000-0000-0000-0000-00000024627E}
T{00000000-0000-0000-0000-000000243F1C}
T{00000000-0000-0000-0000-00000025B204}
T{00000000-0000-0000-0000-00000013BA26}
T{00000000-0000-0000-0000-00000023C11C}
T{00000000-0000-0000-0000-000000180A8A}
T{00000000-0000-0000-0000-0000001FFE57}
T{00000000-0000-0000-0000-00000013EDBB}
T{00000000-0000-0000-0000-0000000FC3AA}
T{00000000-0000-0000-0000-0000001C6391}
F{00000000-0000-0000-0000-0000000EF5E7}
T{00000000-0000-0000-0000-00000021C57A}
T{00000000-0000-0000-0000-000000104CF0}
T{00000000-0000-0000-0000-0000000C5488}
T{00000000-0000-0000-0000-0000000C439B}
T{00000000-0000-0000-0000-0000000C42D4}
T{00000000-0000-0000-0000-0000002E2FA0}
T{00000000-0000-0000-0000-0000000CE9C4}
F{00000000-0000-0000-0000-0000000DF706}
T{00000000-0000-0000-0000-0000000C3EC1}
T{00000000-0000-0000-0000-00000009D2DB}
T{00000000-0000-0000-0000-00000031C58E}
T{00000000-0000-0000-0000-0000000AE447}
T{00000000-0000-0000-0000-0000000657F1}
T{00000000-0000-0000-0000-000000063A84}
T{00000000-0000-0000-0000-000000077309}
T{00000000-0000-0000-0000-0000002B20EF}
F{00000000-0000-0000-0000-00000031ED05}
T{00000000-0000-0000-0000-0000002380FC}
T{00000000-0000-0000-0000-000000084ED6}
T{00000000-0000-0000-0000-0000002B9CA9}
T{00000000-0000-0000-0000-0000000929D8}
T{00000000-0000-0000-0000-000000033697}
T{00000000-0000-0000-0000-000000018C66}
T{00000000-0000-0000-0000-00000033629C}
T{00000000-0000-0000-0000-000000220995}
T{00000000-0000-0000-0000-000000270720}
T{00000000-0000-0000-0000-0000000567C5}
T{00000000-0000-0000-0000-0000000C5D03}
T{00000000-0000-0000-0000-000000099D5D}
T{00000000-0000-0000-0000-000000029DB2}
T{00000000-0000-0000-0000-0000000320BD}
T{00000000-0000-0000-0000-000000332CFE}
T{00000000-0000-0000-0000-0000001672E1}
T{00000000-0000-0000-0000-000000044047}
T{00000000-0000-0000-0000-0000002390CE}
T{00000000-0000-0000-0000-00000015B60D}
T{00000000-0000-0000-0000-0000000BCE16}
F{00000000-0000-0000-0000-0000001FB9CB}
T{00000000-0000-0000-0000-0000002691F5}
T{00000000-0000-0000-0000-00000013BA26}
T{00000000-0000-0000-0000-000000192034}
T{00000000-0000-0000-0000-00000019EB21}
F{00000000-0000-0000-0000-000000132C5C}
T{00000000-0000-0000-0000-000000040787}
F{00000000-0000-0000-0000-00000027893E}
T{00000000-0000-0000-0000-00000026A7E0}
T{00000000-0000-0000-0000-00000009885C}
F{00000000-0000-0000-0000-000000062FD1}
F{00000000-0000-0000-0000-0000002CCAFC}
T{00000000-0000-0000-0000-0000002179E5}
T{00000000-0000-0000-0000-000000261198}
T{00000000-0000-0000-0000-000000012582}
T{00000000-0000-0000-0000-0000000D55FC}
T{00000000-0000-0000-0000-0000002B60AE}
T{00000000-0000-0000-0000-0000000DD8B2}
T{00000000-0000-0000-0000-00000016F860}
T{00000000-0000-0000-0000-0000000AAEFB}
T{00000000-0000-0000-0000-00000019BC13}
T{00000000-0000-0000-0000-0000001894F4}
T{00000000-0000-0000-0000-0000000AAF2A}
T{00000000-0000-0000-0000-0000002DA425}
T{00000000-0000-0000-0000-0000000EF5E7}
T{00000000-0000-0000-0000-0000000FDDF4}
T{00000000-0000-0000-0000-0000001722BA}
T{00000000-0000-0000-0000-0000000FDBD1}
T{00000000-0000-0000-0000-000000041E64}
F{00000000-0000-0000-0000-00000032B143}
T{00000000-0000-0000-0000-000000005092}
T{00000000-0000-0000-0000-00000008C1DE}
T{00000000-0000-0000-0000-00000016D448}
T{00000000-0000-0000-0000-0000001672E1}
F{00000000-0000-0000-0000-0000000970F1}
T{00000000-0000-0000-0000-0000000EB1FB}
T{00000000-0000-0000-0000-000000086E8A}
F{00000000-0000-0000-0000-0000000CF7CD}
T{00000000-0000-0000-0000-0000002FE035}
T{00000000-0000-0000-0000-00000014D038}
T{00000000-0000-0000-0000-00000007C25E}
T{00000000-0000-0000-0000-000000183058}
T{00000000-0000-0000-0000-0000002A93E5}
T{00000000-0000-0000-0000-000000219E6D}
T{00000000-0000-0000-0000-000000242E7A}
T{00000000-0000-0000-0000-00000031C58E}
T{00000000-0000-0000-0000-0000000AAEFB}
T{00000000-0000-0000-0000-00000010DF30}
F{00000000-0000-0000-0000-0000001B9B93}
T{00000000-0000-0000-0000-0000001A3598}
T{00000000-0000-0000-0000-00000003E599}
T{00000000-0000-0000-0000-000000104CF0}
T{00000000-0000-0000-0000-000000039877}
T{00000000-0000-0000-0000-0000002FB7BE}
T{00000000-0000-0000-0000-00000033A574}
T{00000000-0000-0000-0000-0000002A7E57}
T{00000000-0000-0000-0000-00000009D2DB}
T{00000000-0000-0000-0000-00000018CD3C}
T{00000000-0000-0000-0000-0000002A93E5}
T{00000000-0000-0000-0000-0000000A6FED}
T{00000000-0000-0000-0000-0000000657F1}
F{00000000-0000-0000-0000-0000000ADB6D}
T{00000000-0000-0000-0000-0000002A93E5}
T{00000000-0000-0000-0000-00000024DE3A}
T{00000000-0000-0000-0000-000000104AF3}
T{00000000-0000-0000-0000-0000002950B5}
T{00000000-0000-0000-0000-0000001A8B13}
F{00000000-0000-0000-0000-0000002C69FD}
T{00000000-0000-0000-0000-00000011D496}
T{00000000-0000-0000-0000-0000002C4B21}
T{00000000-0000-0000-0000-00000032A8DB}
T{00000000-0000-0000-0000-000000069F05}
T{00000000-0000-0000-0000-000000336361}
T{00000000-0000-0000-0000-000000183058}
T{00000000-0000-0000-0000-0000000EB1FB}
T{00000000-0000-0000-0000-0000002CAD87}
T{00000000-0000-0000-0000-000000108B3B}
T{00000000-0000-0000-0000-00000031C58E}
T{00000000-0000-0000-0000-0000002728DA}
T{00000000-0000-0000-0000-0000000C3EC1}
T{00000000-0000-0000-0000-000000181235}
T{00000000-0000-0000-0000-000000144245}
T{00000000-0000-0000-0000-0000002FB157}
T{00000000-0000-0000-0000-0000003253BF}
T{00000000-0000-0000-0000-0000002EFB03}
T{00000000-0000-0000-0000-0000000E70A1}
T{00000000-0000-0000-0000-00000008DE54}
F{00000000-0000-0000-0000-0000002BB1FE}
T{00000000-0000-0000-0000-00000000C85C}
T{00000000-0000-0000-0000-000000270476}
F{00000000-0000-0000-0000-0000002B9ADC}
F{00000000-0000-0000-0000-0000002CD6C8}
T{00000000-0000-0000-0000-00000016D577}
T{00000000-0000-0000-0000-000000264BA4}
T{00000000-0000-0000-0000-0000001109EF}
T{00000000-0000-0000-0000-0000000604DA}
T{00000000-0000-0000-0000-000000147DA5}
T{00000000-0000-0000-0000-00000026DB04}
T{00000000-0000-0000-0000-00000018025C}
T{00000000-0000-0000-0000-00000024627E}
T{00000000-0000-0000-0000-00000033AD93}
F{00000000-0000-0000-0000-000000253D59}
T{00000000-0000-0000-0000-0000000A2DD3}
F{00000000-0000-0000-0000-000000122CB0}
T{00000000-0000-0000-0000-000000083C07}
T{00000000-0000-0000-0000-0000000C5488}
T{00000000-0000-0000-0000-0000001AF5B8}
T{00000000-0000-0000-0000-00000026929D}
T{00000000-0000-0000-0000-000000244890}
T{00000000-0000-0000-0000-00000030427B}
T{00000000-0000-0000-0000-000000125A54}
T{00000000-0000-0000-0000-00000019279C}
T{00000000-0000-0000-0000-0000000A3003}
T{00000000-0000-0000-0000-0000000FC3AA}
T{00000000-0000-0000-0000-0000000D6338}
T{00000000-0000-0000-0000-00000016D8EC}
T{00000000-0000-0000-0000-0000002B054E}
T{00000000-0000-0000-0000-0000001CFA3F}
T{00000000-0000-0000-0000-0000002F0787}
T{00000000-0000-0000-0000-0000003032D8}
T{00000000-0000-0000-0000-000000275CAC}
T{00000000-0000-0000-0000-0000000FDA95}
T{00000000-0000-0000-0000-000000305E4B}
T{00000000-0000-0000-0000-000000038479}
T{00000000-0000-0000-0000-000000187E3A}
T{00000000-0000-0000-0000-0000000D9F5F}
T{00000000-0000-0000-0000-00000016BA6A}
T{00000000-0000-0000-0000-0000002AB719}
T{00000000-0000-0000-0000-0000000A7628}
T{00000000-0000-0000-0000-000000263C74}
T{00000000-0000-0000-0000-00000007EFDF}
T{00000000-0000-0000-0000-00000030E1FC}
T{00000000-0000-0000-0000-0000001FB295}
T{00000000-0000-0000-0000-0000002A93E5}
T{00000000-0000-0000-0000-000000146BA0}
T{00000000-0000-0000-0000-00000002A54C}
T{00000000-0000-0000-0000-000000218CCC}
T{00000000-0000-0000-0000-0000000AE099}
F{00000000-0000-0000-0000-00000013B91E}
T{00000000-0000-0000-0000-00000002A492}
T{00000000-0000-0000-0000-0000002BFFD7}
T{00000000-0000-0000-0000-000000094B5B}
T{00000000-0000-0000-0000-0000001E7066}
T{00000000-0000-0000-0000-00000025FF03}
T{00000000-0000-0000-0000-000000263C74}
T{00000000-0000-0000-0000-0000001DCCD0}
T{00000000-0000-0000-0000-0000000AE447}
T{00000000-0000-0000-0000-00000016EE88}
T{00000000-0000-0000-0000-000000099302}
T{00000000-0000-0000-0000-0000000A5753}
T{00000000-0000-0000-0000-000000254425}
T{00000000-0000-0000-0000-000000180E2E}
