T{00000000-0000-0000-0000-00000032B143}
T{00000000-0000-0000-0000-0000002E4BC1}
T{00000000-0000-0000-0000-0000002E314C}
T{00000000-0000-0000-0000-0000002CD6C8}
T{00000000-0000-0000-0000-0000002CCAFC}
T{00000000-0000-0000-0000-0000002C69FD}
T{00000000-0000-0000-0000-00000032FBFC}
T{00000000-0000-0000-0000-0000002B9ADC}
T{00000000-0000-0000-0000-000000282FCE}
T{00000000-0000-0000-0000-00000027893E}
T{00000000-0000-0000-0000-000000277E2B}
T{00000000-0000-0000-0000-000000263B6B}
T{00000000-0000-0000-0000-00000025E580}
T{00000000-0000-0000-0000-0000001FB9CB}
F{00000000-0000-0000-0000-00000025B204}
T{00000000-0000-0000-0000-00000013BA26}
F{00000000-0000-0000-0000-000000132C5C}
T{00000000-0000-0000-0000-00000023C11C}
T{00000000-0000-0000-0000-000000180A8A}
T{00000000-0000-0000-0000-0000001FFE57}
F{00000000-0000-0000-0000-00000013EDBB}
T{00000000-0000-0000-0000-000000253D59}
T{00000000-0000-0000-0000-0000000EF5E7}
T{00000000-0000-0000-0000-00000021C57A}
T{00000000-0000-0000-0000-00000013B91E}
T{00000000-0000-0000-0000-0000000CF7CD}
T{00000000-0000-0000-0000-000000104CF0}
T{00000000-0000-0000-0000-0000000C5488}
T{00000000-0000-0000-0000-0000000C439B}
T{00000000-0000-0000-0000-0000002E2FA0}
F{00000000-0000-0000-0000-0000001B9B93}
T{00000000-0000-0000-0000-0000000ADB6D}
T{00000000-0000-0000-0000-0000000DF706}
T{00000000-0000-0000-0000-0000000C3EC1}
T{00000000-0000-0000-0000-0000000970F1}
T{00000000-0000-0000-0000-000000063A84}
T{00000000-0000-0000-0000-000000062FD1}
F{00000000-0000-0000-0000-0000002BB1FE}
T{00000000-0000-0000-0000-00000031ED05}
T{00000000-0000-0000-0000-0000002380FC}
T{00000000-0000-0000-0000-000000084ED6}
T{00000000-0000-0000-0000-0000002B9CA9}
T{00000000-0000-0000-0000-0000000929D8}
T{00000000-0000-0000-0000-000000122CB0}
T{00000000-0000-0000-0000-000000018C66}
T{00000000-0000-0000-0000-00000033629C}
T{00000000-0000-0000-0000-000000220995}
T{00000000-0000-0000-0000-0000000C5D03}
T{00000000-0000-0000-0000-000000029DB2}
T{00000000-0000-0000-0000-0000001672E1}
T{00000000-0000-0000-0000-00000013BA26}
T{00000000-0000-0000-0000-00000008DF2C}
T{00000000-0000-0000-0000-0000000D5E13}
T{00000000-0000-0000-0000-000000254816}
F{00000000-0000-0000-0000-0000001D30D6}
T{00000000-0000-0000-0000-00000009D428}
T{00000000-0000-0000-0000-00000022178C}
T{00000000-0000-0000-0000-0000000BD989}
F{00000000-0000-0000-0000-0000002ECA3E}
T{00000000-0000-0000-0000-00000019ED05}
T{00000000-0000-0000-0000-0000001FB295}
T{00000000-0000-0000-0000-000000249B7C}
T{00000000-0000-0000-0000-0000000C134C}
T{00000000-0000-0000-0000-000000180A8A}
T{00000000-0000-0000-0000-0000000618DF}
T{00000000-0000-0000-0000-0000000AE099}
T{00000000-0000-0000-0000-0000001D3BF2}
T{00000000-0000-0000-0000-00000031720F}
F{00000000-0000-0000-0000-0000000D3A09}
T{00000000-0000-0000-0000-0000000AB664}
T{00000000-0000-0000-0000-0000000A3CCC}
T{00000000-0000-0000-0000-0000001B3E7C}
T{00000000-0000-0000-0000-000000062FD1}
T{00000000-0000-0000-0000-0000002C6D1C}
T{00000000-0000-0000-0000-00000026A7E0}
T{00000000-0000-0000-0000-00000026F31D}
T{00000000-0000-0000-0000-000000059D2F}
T{00000000-0000-0000-0000-000000119D7B}
T{00000000-0000-0000-0000-000000040FA5}
T{00000000-0000-0000-0000-0000002B300E}
T{00000000-0000-0000-0000-000000006289}
T{00000000-0000-0000-0000-000000036030}
T{00000000-0000-0000-0000-00000032A5BB}
T{00000000-0000-0000-0000-0000001E3995}
T{00000000-0000-0000-0000-00000016C567}
T{00000000-0000-0000-0000-00000031ED05}
T{00000000-0000-0000-0000-00000022E477}
T{00000000-0000-0000-0000-00000030D999}
T{00000000-0000-0000-0000-00000000E3FE}
T{00000000-0000-0000-0000-000000304FF3}
T{00000000-0000-0000-0000-0000002B0555}
T{00000000-0000-0000-0000-000000303C41}
T{00000000-0000-0000-0000-000000273789}
T{00000000-0000-0000-0000-00000016D8EC}
T{00000000-0000-0000-0000-0000000C6B65}
T{00000000-0000-0000-0000-0000002C418E}
T{00000000-0000-0000-0000-00000019EDAF}
T{00000000-0000-0000-0000-00000026DB9A}
T{00000000-0000-0000-0000-000000046B2D}
T{00000000-0000-0000-0000-00000029CB1D}
T{00000000-0000-0000-0000-000000298366}
T{00000000-0000-0000-0000-00000009AD92}
T{00000000-0000-0000-0000-0000002179E5}
T{00000000-0000-0000-0000-00000009F5AB}
T{00000000-0000-0000-0000-0000002CD6C8}
T{00000000-0000-0000-0000-00000008179C}
T{00000000-0000-0000-0000-00000008DF2C}
T{00000000-0000-0000-0000-0000002796A4}
T{00000000-0000-0000-0000-00000022664D}
T{00000000-0000-0000-0000-00000009D2DB}
T{00000000-0000-0000-0000-000000105622}
T{00000000-0000-0000-0000-0000002FEC1E}
T{00000000-0000-0000-0000-00000032E6F6}
T{00000000-0000-0000-0000-00000033B3D6}
T{00000000-0000-0000-0000-00000024627E}
T{00000000-0000-0000-0000-0000000B81AE}
T{00000000-0000-0000-0000-0000002A63DB}
T{00000000-0000-0000-0000-00000025B204}
T{00000000-0000-0000-0000-000000200AD1}
T{00000000-0000-0000-0000-0000001430A3}
T{00000000-0000-0000-0000-0000000A8C33}
T{00000000-0000-0000-0000-0000001C3DC9}
T{00000000-0000-0000-0000-0000002E0516}
T{00000000-0000-0000-0000-00000013D847}
T{00000000-0000-0000-0000-00000005D234}
T{00000000-0000-0000-0000-0000002CDE1F}
T{00000000-0000-0000-0000-000000064615}
T{00000000-0000-0000-0000-0000000ED171}
T{00000000-0000-0000-0000-0000002D5281}
T{00000000-0000-0000-0000-0000002EE25C}
T{00000000-0000-0000-0000-0000001C43DD}
T{00000000-0000-0000-0000-0000000ECC6E}
T{00000000-0000-0000-0000-0000001278AF}
T{00000000-0000-0000-0000-000000039287}
T{00000000-0000-0000-0000-0000000B1E17}
T{00000000-0000-0000-0000-0000002D479F}
T{00000000-0000-0000-0000-0000001FB9CB}
T{00000000-0000-0000-0000-0000001282E8}
F{00000000-0000-0000-0000-0000000D9506}
T{00000000-0000-0000-0000-0000000A8C33}
T{00000000-0000-0000-0000-000000125357}
T{00000000-0000-0000-0000-000000138B76}
T{00000000-0000-0000-0000-000000048343}
F{00000000-0000-0000-0000-000000278875}
T{00000000-0000-0000-0000-0000000D55FC}
T{00000000-0000-0000-0000-0000003355E8}
T{00000000-0000-0000-0000-00000017AD17}
T{00000000-0000-0000-0000-00000004667E}
T{00000000-0000-0000-0000-00000022E477}
T{00000000-0000-0000-0000-00000029E184}
T{00000000-0000-0000-0000-0000000BBBC1}
T{00000000-0000-0000-0000-0000000C34F2}
T{00000000-0000-0000-0000-00000026FC87}
F{00000000-0000-0000-0000-00000024BF14}
T{00000000-0000-0000-0000-000000219530}
F{00000000-0000-0000-0000-00000025D7DD}
F{00000000-0000-0000-0000-00000025C115}
T{00000000-0000-0000-0000-0000002DC1A8}
T{00000000-0000-0000-0000-000000059D2F}
T{00000000-0000-0000-0000-0000000A7628}
T{00000000-0000-0000-0000-000000030FAE}
T{00000000-0000-0000-0000-0000002C4A8B}
T{00000000-0000-0000-0000-0000000EB1C4}
T{00000000-0000-0000-0000-0000000929D8}
T{00000000-0000-0000-0000-000000267BC2}
T{00000000-0000-0000-0000-000000053322}
T{00000000-0000-0000-0000-00000031E8A8}
T{00000000-0000-0000-0000-00000032698B}
T{00000000-0000-0000-0000-00000031B2AF}
T{00000000-0000-0000-0000-0000002B9ADC}
T{00000000-0000-0000-0000-0000002B3978}
T{00000000-0000-0000-0000-00000011BBB3}
T{00000000-0000-0000-0000-00000026A301}
T{00000000-0000-0000-0000-000000146C13}
T{00000000-0000-0000-0000-000000271353}
T{00000000-0000-0000-0000-00000007E3BE}
T{00000000-0000-0000-0000-0000002AC78C}
T{00000000-0000-0000-0000-0000002E9EE7}
T{00000000-0000-0000-0000-000000106746}
T{00000000-0000-0000-0000-00000014BCF0}
T{00000000-0000-0000-0000-00000032016B}
T{00000000-0000-0000-0000-00000029CB1D}
T{00000000-0000-0000-0000-0000002596A5}
T{00000000-0000-0000-0000-000000007910}
T{00000000-0000-0000-0000-0000002691F5}
T{00000000-0000-0000-0000-00000017BAFF}
T{00000000-0000-0000-0000-00000013BA26}
F{00000000-0000-0000-0000-0000001734A4}
T{00000000-0000-0000-0000-00000026A7E0}
T{00000000-0000-0000-0000-000000059D2F}
T{00000000-0000-0000-0000-0000001278AF}
T{00000000-0000-0000-0000-0000001021AA}
T{00000000-0000-0000-0000-0000002B25A6}
T{00000000-0000-0000-0000-00000025E580}
T{00000000-0000-0000-0000-00000029E184}
T{00000000-0000-0000-0000-00000002C833}
T{00000000-0000-0000-0000-000000210A3E}
T{00000000-0000-0000-0000-0000000A2D06}
T{00000000-0000-0000-0000-0000002A9CF7}
T{00000000-0000-0000-0000-00000025D7DD}
F{00000000-0000-0000-0000-0000002C74C9}
T{00000000-0000-0000-0000-0000002EFB03}
T{00000000-0000-0000-0000-00000029C2EF}
T{00000000-0000-0000-0000-0000002FDA95}
