T{00000000-0000-0000-0000-00000032B143}
T{00000000-0000-0000-0000-0000002E4BC1}
T{00000000-0000-0000-0000-0000002CD6C8}
T{00000000-0000-0000-0000-0000002CCAFC}
T{00000000-0000-0000-0000-0000002C69FD}
T{00000000-0000-0000-0000-00000032FBFC}
T{00000000-0000-0000-0000-0000002B9ADC}
T{00000000-0000-0000-0000-000000282FCE}
T{00000000-0000-0000-0000-00000027893E}
T{00000000-0000-0000-0000-000000278875}
T{00000000-0000-0000-0000-000000277E2B}
T{00000000-0000-0000-0000-00000024BF14}
T{00000000-0000-0000-0000-0000001FB9CB}
T{00000000-0000-0000-0000-00000025B204}
T{00000000-0000-0000-0000-0000001D30D6}
T{00000000-0000-0000-0000-0000001734A4}
F{00000000-0000-0000-0000-0000002ECA3E}
T{00000000-0000-0000-0000-00000025D7DD}
F{00000000-0000-0000-0000-000000132C5C}
T{00000000-0000-0000-0000-00000023C11C}
T{00000000-0000-0000-0000-0000001FFE57}
F{00000000-0000-0000-0000-00000013EDBB}
T{00000000-0000-0000-0000-000000253D59}
T{00000000-0000-0000-0000-0000000EF5E7}
F{00000000-0000-0000-0000-0000000D9506}
T{00000000-0000-0000-0000-00000013B91E}
T{00000000-0000-0000-0000-0000000CF7CD}
T{00000000-0000-0000-0000-0000002E2FA0}
F{00000000-0000-0000-0000-0000001B9B93}
T{00000000-0000-0000-0000-0000000ADB6D}
T{00000000-0000-0000-0000-0000000DF706}
T{00000000-0000-0000-0000-0000000970F1}
T{00000000-0000-0000-0000-0000002C74C9}
T{00000000-0000-0000-0000-0000000D3A09}
T{00000000-0000-0000-0000-000000063A84}
T{00000000-0000-0000-0000-000000062FD1}
T{00000000-0000-0000-0000-0000002BB1FE}
T{00000000-0000-0000-0000-00000031ED05}
T{00000000-0000-0000-0000-0000002380FC}
T{00000000-0000-0000-0000-000000122CB0}
T{00000000-0000-0000-0000-000000018C66}
T{00000000-0000-0000-0000-00000033629C}
T{00000000-0000-0000-0000-000000220995}
T{00000000-0000-0000-0000-00000025C115}
T{00000000-0000-0000-0000-00000014523B}
T{00000000-0000-0000-0000-00000031E8A8}
T{00000000-0000-0000-0000-00000013BFCB}
T{00000000-0000-0000-0000-00000016DEE7}
T{00000000-0000-0000-0000-000000040787}
T{00000000-0000-0000-0000-0000001D30D6}
T{00000000-0000-0000-0000-00000016BA6A}
T{00000000-0000-0000-0000-0000001056F7}
T{00000000-0000-0000-0000-0000002C76ED}
T{00000000-0000-0000-0000-00000007ABFD}
T{00000000-0000-0000-0000-00000031730E}
T{00000000-0000-0000-0000-000000018C66}
T{00000000-0000-0000-0000-0000000EFCD0}
T{00000000-0000-0000-0000-0000000A17FA}
T{00000000-0000-0000-0000-0000000FB2AC}
T{00000000-0000-0000-0000-00000028C84A}
T{00000000-0000-0000-0000-00000021868E}
T{00000000-0000-0000-0000-0000002C4823}
T{00000000-0000-0000-0000-000000210241}
T{00000000-0000-0000-0000-0000002D8355}
T{00000000-0000-0000-0000-00000001E845}
F{00000000-0000-0000-0000-00000017574C}
T{00000000-0000-0000-0000-0000001322C6}
T{00000000-0000-0000-0000-0000001A871A}
T{00000000-0000-0000-0000-00000011D6C2}
F{00000000-0000-0000-0000-00000013C356}
T{00000000-0000-0000-0000-0000000F92E6}
T{00000000-0000-0000-0000-000000180772}
T{00000000-0000-0000-0000-00000016D577}
T{00000000-0000-0000-0000-0000000D9506}
T{00000000-0000-0000-0000-0000002B8F8A}
T{00000000-0000-0000-0000-00000017A9CA}
T{00000000-0000-0000-0000-00000028980F}
T{00000000-0000-0000-0000-000000060468}
T{00000000-0000-0000-0000-0000000C5B68}
T{00000000-0000-0000-0000-0000000657F1}
T{00000000-0000-0000-0000-0000003019AD}
T{00000000-0000-0000-0000-00000012EA12}
T{00000000-0000-0000-0000-000000040075}
T{00000000-0000-0000-0000-0000002CD6C8}
T{00000000-0000-0000-0000-000000077309}
T{00000000-0000-0000-0000-0000002F4ABD}
T{00000000-0000-0000-0000-0000000928C2}
T{00000000-0000-0000-0000-00000008C1DE}
T{00000000-0000-0000-0000-0000002B20EF}
T{00000000-0000-0000-0000-0000000C1231}
T{00000000-0000-0000-0000-000000086E8A}
T{00000000-0000-0000-0000-0000001A5599}
T{00000000-0000-0000-0000-000000251BCD}
T{00000000-0000-0000-0000-00000009D428}
T{00000000-0000-0000-0000-0000000B0D42}
T{00000000-0000-0000-0000-00000013EDBB}
T{00000000-0000-0000-0000-00000006703C}
T{00000000-0000-0000-0000-000000278875}
T{00000000-0000-0000-0000-00000032BB6B}
T{00000000-0000-0000-0000-000000113C06}
F{00000000-0000-0000-0000-0000002BA75C}
T{00000000-0000-0000-0000-00000009D454}
T{00000000-0000-0000-0000-0000002E4BC1}
T{00000000-0000-0000-0000-0000001CF32C}
T{00000000-0000-0000-0000-00000024E8D0}
T{00000000-0000-0000-0000-000000278875}
T{00000000-0000-0000-0000-000000007ED1}
T{00000000-0000-0000-0000-0000002E314C}
T{00000000-0000-0000-0000-000000180E2E}
T{00000000-0000-0000-0000-0000000F9C6B}
T{00000000-0000-0000-0000-000000101515}
T{00000000-0000-0000-0000-00000020CF55}
T{00000000-0000-0000-0000-0000003019AD}
T{00000000-0000-0000-0000-0000001B7F5B}
T{00000000-0000-0000-0000-000000039287}
T{00000000-0000-0000-0000-00000016BA6A}
T{00000000-0000-0000-0000-0000002690A8}
T{00000000-0000-0000-0000-0000001023D6}
T{00000000-0000-0000-0000-00000024D577}
T{00000000-0000-0000-0000-0000000EFC81}
T{00000000-0000-0000-0000-000000062238}
T{00000000-0000-0000-0000-00000016BA6A}
T{00000000-0000-0000-0000-00000030427B}
T{00000000-0000-0000-0000-0000002C78DE}
T{00000000-0000-0000-0000-000000019910}
T{00000000-0000-0000-0000-0000000FBC67}
T{00000000-0000-0000-0000-0000000A0350}
T{00000000-0000-0000-0000-00000013EDBB}
T{00000000-0000-0000-0000-0000000D5E13}
T{00000000-0000-0000-0000-0000002E4707}
T{00000000-0000-0000-0000-000000101515}
T{00000000-0000-0000-0000-0000001B9B93}
T{00000000-0000-0000-0000-000000069FDF}
T{00000000-0000-0000-0000-00000007CFFF}
T{00000000-0000-0000-0000-0000002A19C4}
T{00000000-0000-0000-0000-00000033629C}
T{00000000-0000-0000-0000-0000000D5E13}
T{00000000-0000-0000-0000-0000000659B7}
T{00000000-0000-0000-0000-000000019910}
T{00000000-0000-0000-0000-0000002A9841}
F{00000000-0000-0000-0000-0000001B9B93}
T{00000000-0000-0000-0000-00000004F5F1}
T{00000000-0000-0000-0000-0000000B7BDF}
T{00000000-0000-0000-0000-000000268E64}
T{00000000-0000-0000-0000-0000001A891E}
T{00000000-0000-0000-0000-0000001BA8D0}
T{00000000-0000-0000-0000-0000002A47D9}
T{00000000-0000-0000-0000-0000001D30D6}
T{00000000-0000-0000-0000-0000000358BE}
T{00000000-0000-0000-0000-00000001AAB3}
T{00000000-0000-0000-0000-0000000FA8D5}
T{00000000-0000-0000-0000-000000125A54}
T{00000000-0000-0000-0000-00000019F414}
T{00000000-0000-0000-0000-000000289ED3}
T{00000000-0000-0000-0000-0000001024F5}
T{00000000-0000-0000-0000-0000001E2362}
F{00000000-0000-0000-0000-00000006E673}
T{00000000-0000-0000-0000-000000244890}
T{00000000-0000-0000-0000-0000000618DF}
T{00000000-0000-0000-0000-00000026DB04}
T{00000000-0000-0000-0000-000000054FCB}
T{00000000-0000-0000-0000-0000000C27A3}
T{00000000-0000-0000-0000-0000001E3924}
T{00000000-0000-0000-0000-00000005A978}
T{00000000-0000-0000-0000-00000026C0C1}
T{00000000-0000-0000-0000-0000002C1423}
F{00000000-0000-0000-0000-000000101B79}
T{00000000-0000-0000-0000-00000026AE05}
T{00000000-0000-0000-0000-0000000813D7}
T{00000000-0000-0000-0000-000000265D9E}
T{00000000-0000-0000-0000-00000033629C}
T{00000000-0000-0000-0000-000000269527}
T{00000000-0000-0000-0000-0000001480CF}
T{00000000-0000-0000-0000-0000000FA0F7}
T{00000000-0000-0000-0000-000000148332}
T{00000000-0000-0000-0000-0000000C0A21}
T{00000000-0000-0000-0000-0000001129BA}
T{00000000-0000-0000-0000-00000009E1DD}
T{00000000-0000-0000-0000-00000027D7FB}
T{00000000-0000-0000-0000-0000002FA47F}
T{00000000-0000-0000-0000-00000013C356}
T{00000000-0000-0000-0000-0000001A63ED}
T{00000000-0000-0000-0000-0000002D9FE0}
T{00000000-0000-0000-0000-00000024DE3A}
T{00000000-0000-0000-0000-0000002FF8E1}
T{00000000-0000-0000-0000-0000002553EB}
T{00000000-0000-0000-0000-0000001986D9}
T{00000000-0000-0000-0000-0000002D5353}
T{00000000-0000-0000-0000-0000002C76ED}
T{00000000-0000-0000-0000-00000005FF3F}
T{00000000-0000-0000-0000-00000030D202}
T{00000000-0000-0000-0000-000000087468}
T{00000000-0000-0000-0000-0000002E0E9F}
F{00000000-0000-0000-0000-000000245C0C}
T{00000000-0000-0000-0000-00000025B34A}
T{00000000-0000-0000-0000-0000000A5811}
T{00000000-0000-0000-0000-0000000F7D09}
T{00000000-0000-0000-0000-00000024C26F}
T{00000000-0000-0000-0000-00000015CAE7}
F{00000000-0000-0000-0000-00000009A044}
T{00000000-0000-0000-0000-0000002A4374}
T{00000000-0000-0000-0000-0000000358BE}
T{00000000-0000-0000-0000-000000244890}
T{00000000-0000-0000-0000-0000002F6B7B}
T{00000000-0000-0000-0000-0000002BDEA2}
T{00000000-0000-0000-0000-000000212706}
T{00000000-0000-0000-0000-000000220F56}
T{00000000-0000-0000-0000-000000007ED1}
T{00000000-0000-0000-0000-00000010661B}
T{00000000-0000-0000-0000-000000264C56}
T{00000000-0000-0000-0000-00000025D7DD}
T{00000000-0000-0000-0000-00000030427B}
