T{00000000-0000-0000-0000-00000032B143}
T{00000000-0000-0000-0000-0000002CCAFC}
T{00000000-0000-0000-0000-0000002C69FD}
T{00000000-0000-0000-0000-00000032FBFC}
T{00000000-0000-0000-0000-00000027893E}
T{00000000-0000-0000-0000-00000024BF14}
F{00000000-0000-0000-0000-000000245C0C}
T{00000000-0000-0000-0000-00000025B204}
T{00000000-0000-0000-0000-0000001734A4}
T{00000000-0000-0000-0000-0000002ECA3E}
F{00000000-0000-0000-0000-000000132C5C}
T{00000000-0000-0000-0000-00000017574C}
T{00000000-0000-0000-0000-00000013EDBB}
T{00000000-0000-0000-0000-000000253D59}
F{00000000-0000-0000-0000-0000000D9506}
T{00000000-0000-0000-0000-00000013B91E}
T{00000000-0000-0000-0000-0000000CF7CD}
F{00000000-0000-0000-0000-0000001B9B93}
T{00000000-0000-0000-0000-0000000ADB6D}
T{00000000-0000-0000-0000-0000000DF706}
T{00000000-0000-0000-0000-00000009A044}
T{00000000-0000-0000-0000-0000000970F1}
T{00000000-0000-0000-0000-0000002C74C9}
T{00000000-0000-0000-0000-0000000D3A09}
T{00000000-0000-0000-0000-00000006E673}
T{00000000-0000-0000-0000-0000002BB1FE}
T{00000000-0000-0000-0000-00000013C356}
T{00000000-0000-0000-0000-0000002BA75C}
F{00000000-0000-0000-0000-000000122CB0}
T{00000000-0000-0000-0000-000000101B79}
T{00000000-0000-0000-0000-00000025C115}
T{00000000-0000-0000-0000-0000002E3AB2}
T{00000000-0000-0000-0000-0000002DB934}
T{00000000-0000-0000-0000-000000101B79}
T{00000000-0000-0000-0000-00000024627E}
T{00000000-0000-0000-0000-000000243B6C}
T{00000000-0000-0000-0000-00000015BDE3}
T{00000000-0000-0000-0000-0000003397F4}
F{00000000-0000-0000-0000-000000132C5C}
T{00000000-0000-0000-0000-0000000F7D09}
T{00000000-0000-0000-0000-0000000BB0DD}
T{00000000-0000-0000-0000-0000002167C1}
T{00000000-0000-0000-0000-0000002278EC}
T{00000000-0000-0000-0000-0000000A9AE5}
T{00000000-0000-0000-0000-0000000BE0B1}
T{00000000-0000-0000-0000-000000219E6D}
T{00000000-0000-0000-0000-0000002796A4}
T{00000000-0000-0000-0000-0000003025B3}
F{00000000-0000-0000-0000-0000000A64B4}
T{00000000-0000-0000-0000-000000273789}
T{00000000-0000-0000-0000-00000015BF2E}
T{00000000-0000-0000-0000-0000001CF779}
T{00000000-0000-0000-0000-00000018D027}
F{00000000-0000-0000-0000-0000000F3587}
T{00000000-0000-0000-0000-00000015621C}
T{00000000-0000-0000-0000-00000031ED05}
T{00000000-0000-0000-0000-00000016D89A}
T{00000000-0000-0000-0000-0000002E3B0B}
F{00000000-0000-0000-0000-00000003496E}
T{00000000-0000-0000-0000-00000021B897}
T{00000000-0000-0000-0000-00000031EBC3}
T{00000000-0000-0000-0000-00000000740B}
T{00000000-0000-0000-0000-0000001C6A68}
T{00000000-0000-0000-0000-000000254816}
T{00000000-0000-0000-0000-0000002499A6}
T{00000000-0000-0000-0000-000000022B3B}
T{00000000-0000-0000-0000-00000032FBFC}
T{00000000-0000-0000-0000-000000275F5A}
T{00000000-0000-0000-0000-0000002B60AE}
T{00000000-0000-0000-0000-0000001AC3FD}
T{00000000-0000-0000-0000-0000000CEA36}
T{00000000-0000-0000-0000-0000000F2076}
T{00000000-0000-0000-0000-0000002ADB4F}
T{00000000-0000-0000-0000-00000022712E}
T{00000000-0000-0000-0000-00000022CD5A}
T{00000000-0000-0000-0000-000000299B39}
T{00000000-0000-0000-0000-0000000A7716}
T{00000000-0000-0000-0000-00000004F5F1}
T{00000000-0000-0000-0000-00000032B143}
T{00000000-0000-0000-0000-000000230FED}
T{00000000-0000-0000-0000-00000014AC98}
T{00000000-0000-0000-0000-000000253D59}
T{00000000-0000-0000-0000-0000000970F1}
T{00000000-0000-0000-0000-00000029CB1D}
T{00000000-0000-0000-0000-00000019484E}
T{00000000-0000-0000-0000-0000002B98FA}
T{00000000-0000-0000-0000-0000002716C8}
T{00000000-0000-0000-0000-000000243EBD}
T{00000000-0000-0000-0000-000000270108}
T{00000000-0000-0000-0000-0000002D4147}
T{00000000-0000-0000-0000-0000002897F9}
T{00000000-0000-0000-0000-0000000A0913}
T{00000000-0000-0000-0000-000000099323}
T{00000000-0000-0000-0000-00000011BB02}
T{00000000-0000-0000-0000-0000000604DA}
T{00000000-0000-0000-0000-0000000AFFEF}
F{00000000-0000-0000-0000-00000033A0BA}
T{00000000-0000-0000-0000-0000001D699A}
T{00000000-0000-0000-0000-0000002C74C9}
T{00000000-0000-0000-0000-0000000A8C33}
T{00000000-0000-0000-0000-0000002CABB9}
T{00000000-0000-0000-0000-0000001EFADF}
F{00000000-0000-0000-0000-000000011C79}
T{00000000-0000-0000-0000-0000000A3BDF}
T{00000000-0000-0000-0000-0000000CAFE6}
T{00000000-0000-0000-0000-0000001E3995}
T{00000000-0000-0000-0000-000000169CBC}
T{00000000-0000-0000-0000-000000060D38}
T{00000000-0000-0000-0000-00000005250C}
T{00000000-0000-0000-0000-0000000AFBED}
T{00000000-0000-0000-0000-00000013995B}
T{00000000-0000-0000-0000-0000000AE099}
T{00000000-0000-0000-0000-0000002390CE}
F{00000000-0000-0000-0000-0000000BBAF7}
F{00000000-0000-0000-0000-00000009D224}
T{00000000-0000-0000-0000-0000002C51D3}
T{00000000-0000-0000-0000-000000268E64}
T{00000000-0000-0000-0000-000000137926}
T{00000000-0000-0000-0000-0000002FA47F}
T{00000000-0000-0000-0000-0000002B60AE}
T{00000000-0000-0000-0000-0000000ADCC9}
T{00000000-0000-0000-0000-0000001278AF}
T{00000000-0000-0000-0000-000000138B76}
T{00000000-0000-0000-0000-0000002B79C6}
T{00000000-0000-0000-0000-0000001FFDD7}
T{00000000-0000-0000-0000-0000000BBAF7}
T{00000000-0000-0000-0000-000000241392}
T{00000000-0000-0000-0000-0000002009A1}
T{00000000-0000-0000-0000-0000002C4823}
T{00000000-0000-0000-0000-000000245F5D}
T{00000000-0000-0000-0000-0000000876F9}
T{00000000-0000-0000-0000-0000002B8F8A}
T{00000000-0000-0000-0000-00000032E49B}
T{00000000-0000-0000-0000-0000002A08D5}
T{00000000-0000-0000-0000-0000002C69FD}
T{00000000-0000-0000-0000-0000003334D3}
T{00000000-0000-0000-0000-0000002C69FD}
T{00000000-0000-0000-0000-0000001260DA}
T{00000000-0000-0000-0000-00000019EC18}
T{00000000-0000-0000-0000-000000219E6D}
T{00000000-0000-0000-0000-0000003362C8}
T{00000000-0000-0000-0000-0000000D4DD9}
T{00000000-0000-0000-0000-0000000AE577}
T{00000000-0000-0000-0000-0000000FD54B}
T{00000000-0000-0000-0000-0000002FE035}
T{00000000-0000-0000-0000-0000000AB664}
T{00000000-0000-0000-0000-00000006F9C6}
T{00000000-0000-0000-0000-000000290793}
T{00000000-0000-0000-0000-0000002FD32B}
T{00000000-0000-0000-0000-0000000DDC55}
T{00000000-0000-0000-0000-000000271E52}
T{00000000-0000-0000-0000-000000022B3B}
T{00000000-0000-0000-0000-0000002CE1D9}
T{00000000-0000-0000-0000-0000002CCAFC}
F{00000000-0000-0000-0000-0000002F46B7}
T{00000000-0000-0000-0000-0000000567C5}
T{00000000-0000-0000-0000-0000002E9EE7}
T{00000000-0000-0000-0000-0000000C838C}
T{00000000-0000-0000-0000-000000007962}
T{00000000-0000-0000-0000-000000012E4C}
T{00000000-0000-0000-0000-000000090B1E}
T{00000000-0000-0000-0000-00000010598A}
T{00000000-0000-0000-0000-000000263B6B}
T{00000000-0000-0000-0000-0000000F9C6B}
T{00000000-0000-0000-0000-0000002F70A5}
T{00000000-0000-0000-0000-00000032E859}
T{00000000-0000-0000-0000-000000178789}
T{00000000-0000-0000-0000-0000000F4FE6}
T{00000000-0000-0000-0000-0000001021AA}
T{00000000-0000-0000-0000-00000011BAB8}
T{00000000-0000-0000-0000-000000245C0C}
T{00000000-0000-0000-0000-00000016BA6A}
T{00000000-0000-0000-0000-000000225920}
T{00000000-0000-0000-0000-00000005250C}
T{00000000-0000-0000-0000-0000002819B0}
T{00000000-0000-0000-0000-0000002AA779}
T{00000000-0000-0000-0000-00000031720F}
T{00000000-0000-0000-0000-0000001713CD}
T{00000000-0000-0000-0000-0000001E1D24}
T{00000000-0000-0000-0000-000000040787}
T{00000000-0000-0000-0000-00000017BAFF}
T{00000000-0000-0000-0000-000000036030}
F{00000000-0000-0000-0000-00000011A66A}
T{00000000-0000-0000-0000-00000033C0BE}
T{00000000-0000-0000-0000-00000031F0E6}
T{00000000-0000-0000-0000-0000002D26FD}
T{00000000-0000-0000-0000-00000024BF14}
T{00000000-0000-0000-0000-0000002897F9}
T{00000000-0000-0000-0000-0000002A4809}
T{00000000-0000-0000-0000-0000001056F7}
T{00000000-0000-0000-0000-0000000CE9C4}
T{00000000-0000-0000-0000-00000009BCC6}
T{00000000-0000-0000-0000-000000261C32}
T{00000000-0000-0000-0000-0000000A5792}
T{00000000-0000-0000-0000-00000006D98C}
T{00000000-0000-0000-0000-000000304479}
T{00000000-0000-0000-0000-000000282C62}
T{00000000-0000-0000-0000-000000147F5A}
T{00000000-0000-0000-0000-0000000F9EC8}
T{00000000-0000-0000-0000-0000000F0E97}
T{00000000-0000-0000-0000-0000002CCAFC}
T{00000000-0000-0000-0000-0000001187A9}
T{00000000-0000-0000-0000-0000002F0787}
T{00000000-0000-0000-0000-0000000BCFC6}
T{00000000-0000-0000-0000-0000000D4BD1}
T{00000000-0000-0000-0000-000000155B05}
F{00000000-0000-0000-0000-0000001B4BD8}
T{00000000-0000-0000-0000-0000000F1562}
