T{00000000-0000-0000-0000-000000245C0C}
T{00000000-0000-0000-0000-0000001B4BD8}
T{00000000-0000-0000-0000-0000001734A4}
T{00000000-0000-0000-0000-0000002ECA3E}
T{00000000-0000-0000-0000-000000132C5C}
T{00000000-0000-0000-0000-00000017574C}
T{00000000-0000-0000-0000-00000011A66A}
T{00000000-0000-0000-0000-0000000F3587}
T{00000000-0000-0000-0000-0000000D9506}
F{00000000-0000-0000-0000-0000001B9B93}
T{00000000-0000-0000-0000-0000000A64B4}
T{00000000-0000-0000-0000-00000009D224}
T{00000000-0000-0000-0000-00000009A044}
T{00000000-0000-0000-0000-00000033A0BA}
T{00000000-0000-0000-0000-0000000D3A09}
T{00000000-0000-0000-0000-00000006E673}
T{00000000-0000-0000-0000-0000002BB1FE}
T{00000000-0000-0000-0000-00000013C356}
T{00000000-0000-0000-0000-0000002BA75C}
T{00000000-0000-0000-0000-000000122CB0}
T{00000000-0000-0000-0000-000000011C79}
T{00000000-0000-0000-0000-000000101B79}
T{00000000-0000-0000-0000-00000003496E}
T{00000000-0000-0000-0000-0000000BBAF7}
T{00000000-0000-0000-0000-00000025C115}
F{00000000-0000-0000-0000-0000002F46B7}
T{00000000-0000-0000-0000-0000000B1BD6}
T{00000000-0000-0000-0000-00000032B96F}
T{00000000-0000-0000-0000-0000002361B7}
T{00000000-0000-0000-0000-0000000B1084}
F{00000000-0000-0000-0000-00000007357B}
T{00000000-0000-0000-0000-0000000C1DCA}
T{00000000-0000-0000-0000-00000027D4C7}
T{00000000-0000-0000-0000-0000003032D8}
T{00000000-0000-0000-0000-00000030427B}
T{00000000-0000-0000-0000-000000213B22}
T{00000000-0000-0000-0000-000000113B7F}
T{00000000-0000-0000-0000-00000032E49B}
T{00000000-0000-0000-0000-000000269DFE}
T{00000000-0000-0000-0000-0000001C3847}
T{00000000-0000-0000-0000-00000005FF3F}
T{00000000-0000-0000-0000-0000002361B7}
T{00000000-0000-0000-0000-000000090229}
T{00000000-0000-0000-0000-00000026AE05}
T{00000000-0000-0000-0000-0000002640E9}
T{00000000-0000-0000-0000-000000336361}
T{00000000-0000-0000-0000-0000001FECF2}
T{00000000-0000-0000-0000-0000002B43A9}
T{00000000-0000-0000-0000-000000105C5B}
T{00000000-0000-0000-0000-000000282FCE}
T{00000000-0000-0000-0000-0000001FB9CB}
T{00000000-0000-0000-0000-000000233D90}
T{00000000-0000-0000-0000-000000270476}
T{00000000-0000-0000-0000-00000008DF2C}
T{00000000-0000-0000-0000-000000034A4D}
T{00000000-0000-0000-0000-000000180A8A}
T{00000000-0000-0000-0000-0000001EA4DD}
T{00000000-0000-0000-0000-0000002FBEF4}
T{00000000-0000-0000-0000-0000000A14F9}
T{00000000-0000-0000-0000-0000001B4BD8}
T{00000000-0000-0000-0000-00000016BFCF}
T{00000000-0000-0000-0000-00000013D847}
T{00000000-0000-0000-0000-00000018264F}
T{00000000-0000-0000-0000-000000063A84}
T{00000000-0000-0000-0000-000000147165}
T{00000000-0000-0000-0000-0000001746C3}
T{00000000-0000-0000-0000-0000002EAF33}
T{00000000-0000-0000-0000-00000013BFCB}
T{00000000-0000-0000-0000-00000002FF57}
T{00000000-0000-0000-0000-000000223CFB}
T{00000000-0000-0000-0000-000000223AC8}
T{00000000-0000-0000-0000-0000003025B3}
T{00000000-0000-0000-0000-00000017358C}
T{00000000-0000-0000-0000-000000331358}
T{00000000-0000-0000-0000-0000001056F7}
T{00000000-0000-0000-0000-0000002D162B}
T{00000000-0000-0000-0000-0000000604DA}
T{00000000-0000-0000-0000-0000000A2DD3}
T{00000000-0000-0000-0000-0000001DCCD0}
T{00000000-0000-0000-0000-0000002FA47F}
T{00000000-0000-0000-0000-0000001722BA}
T{00000000-0000-0000-0000-0000000ABD11}
T{00000000-0000-0000-0000-00000032B143}
T{00000000-0000-0000-0000-0000000CE641}
T{00000000-0000-0000-0000-0000001BF5AF}
T{00000000-0000-0000-0000-00000032E6F6}
T{00000000-0000-0000-0000-000000096F27}
T{00000000-0000-0000-0000-0000000A64B4}
T{00000000-0000-0000-0000-0000002C5567}
T{00000000-0000-0000-0000-0000002CEB47}
T{00000000-0000-0000-0000-0000001028EE}
T{00000000-0000-0000-0000-0000001DE733}
T{00000000-0000-0000-0000-000000132C5C}
T{00000000-0000-0000-0000-000000223CFB}
T{00000000-0000-0000-0000-0000001A5588}
T{00000000-0000-0000-0000-00000033B3D6}
T{00000000-0000-0000-0000-00000032E859}
T{00000000-0000-0000-0000-0000000F121F}
T{00000000-0000-0000-0000-000000165EB8}
T{00000000-0000-0000-0000-0000001A640F}
T{00000000-0000-0000-0000-00000019279C}
T{00000000-0000-0000-0000-0000002651AC}
T{00000000-0000-0000-0000-00000018CD3C}
T{00000000-0000-0000-0000-0000000DF8B1}
T{00000000-0000-0000-0000-00000016979A}
T{00000000-0000-0000-0000-0000000BF8B3}
T{00000000-0000-0000-0000-0000002216E6}
T{00000000-0000-0000-0000-000000091984}
T{00000000-0000-0000-0000-0000002B43A9}
T{00000000-0000-0000-0000-0000000C5488}
T{00000000-0000-0000-0000-0000000EFBFF}
T{00000000-0000-0000-0000-0000001297F9}
T{00000000-0000-0000-0000-0000002E3209}
T{00000000-0000-0000-0000-00000009D428}
T{00000000-0000-0000-0000-000000241392}
T{00000000-0000-0000-0000-0000000EC5C1}
T{00000000-0000-0000-0000-000000258366}
T{00000000-0000-0000-0000-0000002DCB69}
T{00000000-0000-0000-0000-00000026474E}
T{00000000-0000-0000-0000-0000002651AC}
F{00000000-0000-0000-0000-0000000EB163}
T{00000000-0000-0000-0000-00000016D6FB}
T{00000000-0000-0000-0000-00000003496E}
T{00000000-0000-0000-0000-00000031720F}
T{00000000-0000-0000-0000-00000020BD3C}
T{00000000-0000-0000-0000-00000032A5BB}
T{00000000-0000-0000-0000-00000026C360}
T{00000000-0000-0000-0000-000000060995}
T{00000000-0000-0000-0000-0000002946BB}
T{00000000-0000-0000-0000-00000015A631}
T{00000000-0000-0000-0000-00000001E23D}
T{00000000-0000-0000-0000-0000000DD8B2}
T{00000000-0000-0000-0000-0000000A5B30}
T{00000000-0000-0000-0000-0000002F81C4}
T{00000000-0000-0000-0000-00000010DF30}
T{00000000-0000-0000-0000-000000141B56}
T{00000000-0000-0000-0000-000000305E4B}
T{00000000-0000-0000-0000-000000064615}
T{00000000-0000-0000-0000-0000002BDEA2}
T{00000000-0000-0000-0000-0000002BFFD7}
T{00000000-0000-0000-0000-00000006E673}
T{00000000-0000-0000-0000-0000000FA0F7}
F{00000000-0000-0000-0000-0000000F70F3}
T{00000000-0000-0000-0000-00000026C27D}
T{00000000-0000-0000-0000-00000006919F}
T{00000000-0000-0000-0000-0000001672E1}
T{00000000-0000-0000-0000-0000002478DD}
T{00000000-0000-0000-0000-000000062238}
T{00000000-0000-0000-0000-0000002E40E3}
T{00000000-0000-0000-0000-0000002DCB69}
T{00000000-0000-0000-0000-0000002D7348}
T{00000000-0000-0000-0000-00000031EE7B}
T{00000000-0000-0000-0000-0000002651AC}
T{00000000-0000-0000-0000-000000165F44}
T{00000000-0000-0000-0000-000000223AC8}
T{00000000-0000-0000-0000-00000026F9E1}
T{00000000-0000-0000-0000-00000029F741}
T{00000000-0000-0000-0000-00000028C1E1}
F{00000000-0000-0000-0000-0000000F6E0A}
T{00000000-0000-0000-0000-0000002F8163}
T{00000000-0000-0000-0000-0000002F46B7}
T{00000000-0000-0000-0000-00000009042B}
T{00000000-0000-0000-0000-0000000DA5C4}
T{00000000-0000-0000-0000-000000267D6D}
T{00000000-0000-0000-0000-0000000DDF0E}
T{00000000-0000-0000-0000-0000002536E9}
T{00000000-0000-0000-0000-0000002CDFC9}
T{00000000-0000-0000-0000-0000002B51DE}
T{00000000-0000-0000-0000-00000015C54F}
T{00000000-0000-0000-0000-0000001B6EF6}
T{00000000-0000-0000-0000-0000000974BB}
T{00000000-0000-0000-0000-00000021F6AA}
T{00000000-0000-0000-0000-0000002D4795}
T{00000000-0000-0000-0000-00000013EDBB}
T{00000000-0000-0000-0000-000000223AC8}
T{00000000-0000-0000-0000-0000000BF6B2}
T{00000000-0000-0000-0000-000000201834}
T{00000000-0000-0000-0000-000000152F96}
T{00000000-0000-0000-0000-0000002AE653}
T{00000000-0000-0000-0000-0000002A8596}
T{00000000-0000-0000-0000-0000001FB9CB}
T{00000000-0000-0000-0000-00000026853A}
T{00000000-0000-0000-0000-00000029E184}
T{00000000-0000-0000-0000-000000324745}
T{00000000-0000-0000-0000-000000270DC9}
T{00000000-0000-0000-0000-000000105EA9}
T{00000000-0000-0000-0000-000000235C6F}
T{00000000-0000-0000-0000-0000000AFFEF}
T{00000000-0000-0000-0000-000000259F1C}
T{00000000-0000-0000-0000-000000140E50}
T{00000000-0000-0000-0000-00000013B91E}
T{00000000-0000-0000-0000-00000007ABFD}
T{00000000-0000-0000-0000-000000099D5D}
T{00000000-0000-0000-0000-0000002B60AE}
T{00000000-0000-0000-0000-0000002CD6C8}
T{00000000-0000-0000-0000-0000001A177D}
T{00000000-0000-0000-0000-0000002CC5D5}
T{00000000-0000-0000-0000-0000000C5D03}
T{00000000-0000-0000-0000-0000000EB2FC}
T{00000000-0000-0000-0000-000000254816}
T{00000000-0000-0000-0000-000000263C74}
T{00000000-0000-0000-0000-00000007C25E}
T{00000000-0000-0000-0000-00000008A69D}
F{00000000-0000-0000-0000-000000157C8A}
T{00000000-0000-0000-0000-0000002C299F}
T{00000000-0000-0000-0000-0000000A9F0E}
T{00000000-0000-0000-0000-00000022E477}
T{00000000-0000-0000-0000-00000006FA4F}
T{00000000-0000-0000-0000-0000000C5A2F}
T{00000000-0000-0000-0000-00000009D224}
