T{00000000-0000-0000-0000-000000245C0C}
T{00000000-0000-0000-0000-0000001B4BD8}
T{00000000-0000-0000-0000-0000002ECA3E}
T{00000000-0000-0000-0000-000000157C8A}
T{00000000-0000-0000-0000-000000132C5C}
T{00000000-0000-0000-0000-00000017574C}
T{00000000-0000-0000-0000-00000011A66A}
T{00000000-0000-0000-0000-0000000F3587}
F{00000000-0000-0000-0000-0000000EB163}
T{00000000-0000-0000-0000-0000000D9506}
T{00000000-0000-0000-0000-0000001B9B93}
T{00000000-0000-0000-0000-0000000F70F3}
T{00000000-0000-0000-0000-0000000A64B4}
T{00000000-0000-0000-0000-00000009D224}
T{00000000-0000-0000-0000-00000009A044}
T{00000000-0000-0000-0000-00000033A0BA}
T{00000000-0000-0000-0000-0000000F6E0A}
T{00000000-0000-0000-0000-0000002BA75C}
F{00000000-0000-0000-0000-000000122CB0}
T{00000000-0000-0000-0000-000000011C79}
T{00000000-0000-0000-0000-00000003496E}
T{00000000-0000-0000-0000-0000000BBAF7}
T{00000000-0000-0000-0000-0000002F46B7}
T{00000000-0000-0000-0000-00000007357B}
T{00000000-0000-0000-0000-0000001249B2}
T{00000000-0000-0000-0000-000000018FBC}
T{00000000-0000-0000-0000-000000263D12}
T{00000000-0000-0000-0000-000000106A2C}
T{00000000-0000-0000-0000-00000005FF3F}
T{00000000-0000-0000-0000-00000016D43B}
T{00000000-0000-0000-0000-0000002ADDAD}
T{00000000-0000-0000-0000-0000000A9687}
T{00000000-0000-0000-0000-000000275B8E}
T{00000000-0000-0000-0000-0000000EFCB1}
T{00000000-0000-0000-0000-00000015BDE3}
T{00000000-0000-0000-0000-00000021E588}
T{00000000-0000-0000-0000-000000222A3E}
T{00000000-0000-0000-0000-000000287F15}
T{00000000-0000-0000-0000-00000019C101}
T{00000000-0000-0000-0000-00000002971C}
T{00000000-0000-0000-0000-0000002EAD0F}
F{00000000-0000-0000-0000-000000192C47}
T{00000000-0000-0000-0000-000000213C92}
T{00000000-0000-0000-0000-0000002A9640}
T{00000000-0000-0000-0000-0000002C9942}
T{00000000-0000-0000-0000-00000033A0BA}
T{00000000-0000-0000-0000-0000002C6187}
T{00000000-0000-0000-0000-0000002D4810}
T{00000000-0000-0000-0000-0000001187A9}
T{00000000-0000-0000-0000-0000001322C6}
T{00000000-0000-0000-0000-0000002C4FBE}
T{00000000-0000-0000-0000-0000001846EB}
T{00000000-0000-0000-0000-0000000071AA}
T{00000000-0000-0000-0000-000000319987}
T{00000000-0000-0000-0000-000000062B7E}
T{00000000-0000-0000-0000-00000013BB66}
T{00000000-0000-0000-0000-0000000358BE}
T{00000000-0000-0000-0000-000000222774}
T{00000000-0000-0000-0000-000000263D12}
T{00000000-0000-0000-0000-00000021E6D0}
T{00000000-0000-0000-0000-0000002789C7}
T{00000000-0000-0000-0000-0000002E66CF}
T{00000000-0000-0000-0000-000000254816}
T{00000000-0000-0000-0000-000000177B49}
T{00000000-0000-0000-0000-00000004A5D9}
T{00000000-0000-0000-0000-0000001FD627}
T{00000000-0000-0000-0000-0000001A8886}
T{00000000-0000-0000-0000-0000001D6905}
T{00000000-0000-0000-0000-00000013C356}
T{00000000-0000-0000-0000-000000278875}
T{00000000-0000-0000-0000-000000213A88}
T{00000000-0000-0000-0000-000000165EB8}
T{00000000-0000-0000-0000-0000002BA75C}
T{00000000-0000-0000-0000-00000022F0AA}
T{00000000-0000-0000-0000-0000002F3C70}
T{00000000-0000-0000-0000-000000052240}
T{00000000-0000-0000-0000-0000000316C7}
T{00000000-0000-0000-0000-0000002B60DE}
T{00000000-0000-0000-0000-00000010598A}
T{00000000-0000-0000-0000-000000319937}
T{00000000-0000-0000-0000-0000002F9D8A}
T{00000000-0000-0000-0000-000000013112}
T{00000000-0000-0000-0000-000000169CBC}
T{00000000-0000-0000-0000-00000008E0F9}
T{00000000-0000-0000-0000-000000004F37}
T{00000000-0000-0000-0000-000000128BA6}
T{00000000-0000-0000-0000-000000244B87}
T{00000000-0000-0000-0000-000000011C79}
T{00000000-0000-0000-0000-000000191DB0}
T{00000000-0000-0000-0000-00000029D695}
T{00000000-0000-0000-0000-0000001986D9}
T{00000000-0000-0000-0000-0000001379ED}
T{00000000-0000-0000-0000-0000000DF706}
T{00000000-0000-0000-0000-00000022B23B}
T{00000000-0000-0000-0000-0000002CABB9}
T{00000000-0000-0000-0000-0000001024E5}
T{00000000-0000-0000-0000-00000009D4EF}
T{00000000-0000-0000-0000-00000017BAF9}
T{00000000-0000-0000-0000-0000001AF208}
T{00000000-0000-0000-0000-0000002AD2A1}
T{00000000-0000-0000-0000-000000222774}
T{00000000-0000-0000-0000-00000013D847}
T{00000000-0000-0000-0000-000000243F1C}
T{00000000-0000-0000-0000-0000002691F5}
T{00000000-0000-0000-0000-00000009D224}
T{00000000-0000-0000-0000-0000002D4F1C}
F{00000000-0000-0000-0000-0000002B10DC}
T{00000000-0000-0000-0000-0000002D479F}
T{00000000-0000-0000-0000-00000000A0DB}
T{00000000-0000-0000-0000-0000001D5827}
T{00000000-0000-0000-0000-0000002001DC}
T{00000000-0000-0000-0000-0000000CF7EE}
T{00000000-0000-0000-0000-000000223CFB}
T{00000000-0000-0000-0000-00000005DD33}
T{00000000-0000-0000-0000-0000000970F1}
T{00000000-0000-0000-0000-000000063398}
T{00000000-0000-0000-0000-000000011C79}
T{00000000-0000-0000-0000-000000138B76}
T{00000000-0000-0000-0000-0000002B4AC5}
T{00000000-0000-0000-0000-00000005250C}
T{00000000-0000-0000-0000-000000075A7C}
T{00000000-0000-0000-0000-00000017B9E1}
T{00000000-0000-0000-0000-000000098DC1}
T{00000000-0000-0000-0000-0000000ADB6D}
T{00000000-0000-0000-0000-0000001369DE}
F{00000000-0000-0000-0000-000000320A01}
T{00000000-0000-0000-0000-0000001594FA}
T{00000000-0000-0000-0000-0000000567C5}
T{00000000-0000-0000-0000-0000002DCB69}
T{00000000-0000-0000-0000-0000000BBBC1}
T{00000000-0000-0000-0000-000000060817}
T{00000000-0000-0000-0000-0000000A7628}
T{00000000-0000-0000-0000-000000243F1C}
T{00000000-0000-0000-0000-0000001CFA3F}
T{00000000-0000-0000-0000-000000114F6A}
T{00000000-0000-0000-0000-00000025B464}
T{00000000-0000-0000-0000-00000005A714}
T{00000000-0000-0000-0000-00000021E6D0}
T{00000000-0000-0000-0000-0000000AE099}
T{00000000-0000-0000-0000-0000002CE1D9}
T{00000000-0000-0000-0000-0000000F0D62}
T{00000000-0000-0000-0000-0000002C95F6}
T{00000000-0000-0000-0000-00000009C060}
T{00000000-0000-0000-0000-0000002596A5}
T{00000000-0000-0000-0000-0000001ABD3E}
T{00000000-0000-0000-0000-0000000D974F}
T{00000000-0000-0000-0000-00000013794F}
T{00000000-0000-0000-0000-000000242682}
T{00000000-0000-0000-0000-0000000EC5C1}
T{00000000-0000-0000-0000-0000000A1C43}
T{00000000-0000-0000-0000-0000001379ED}
T{00000000-0000-0000-0000-00000031BA6F}
T{00000000-0000-0000-0000-000000277E2B}
T{00000000-0000-0000-0000-000000169CBC}
T{00000000-0000-0000-0000-00000032EA05}
T{00000000-0000-0000-0000-000000314A2B}
T{00000000-0000-0000-0000-000000167516}
T{00000000-0000-0000-0000-000000212706}
T{00000000-0000-0000-0000-000000263D12}
T{00000000-0000-0000-0000-00000007357B}
T{00000000-0000-0000-0000-00000029B017}
T{00000000-0000-0000-0000-00000032B96F}
T{00000000-0000-0000-0000-000000304116}
T{00000000-0000-0000-0000-00000011A66A}
T{00000000-0000-0000-0000-00000026C0C1}
T{00000000-0000-0000-0000-000000187E87}
T{00000000-0000-0000-0000-0000000FD726}
T{00000000-0000-0000-0000-000000088CF0}
T{00000000-0000-0000-0000-0000000305DE}
F{00000000-0000-0000-0000-00000014652A}
T{00000000-0000-0000-0000-0000002FA358}
T{00000000-0000-0000-0000-0000000FD50F}
T{00000000-0000-0000-0000-0000001C4442}
T{00000000-0000-0000-0000-0000000305DE}
F{00000000-0000-0000-0000-0000001B9B93}
T{00000000-0000-0000-0000-00000032379E}
T{00000000-0000-0000-0000-00000024A8BF}
T{00000000-0000-0000-0000-0000001187A9}
T{00000000-0000-0000-0000-00000006E673}
T{00000000-0000-0000-0000-0000002BDF68}
T{00000000-0000-0000-0000-000000146CB4}
T{00000000-0000-0000-0000-000000212CBD}
T{00000000-0000-0000-0000-000000304FF3}
T{00000000-0000-0000-0000-000000119D7B}
T{00000000-0000-0000-0000-000000132504}
T{00000000-0000-0000-0000-000000111B70}
T{00000000-0000-0000-0000-0000000FB5F9}
T{00000000-0000-0000-0000-0000000B1E17}
T{00000000-0000-0000-0000-00000005250C}
T{00000000-0000-0000-0000-000000180772}
T{00000000-0000-0000-0000-0000000C0A21}
T{00000000-0000-0000-0000-000000290793}
T{00000000-0000-0000-0000-00000011B6E2}
T{00000000-0000-0000-0000-0000000D3A09}
T{00000000-0000-0000-0000-0000002FFF7B}
T{00000000-0000-0000-0000-000000111B70}
T{00000000-0000-0000-0000-0000000928C2}
T{00000000-0000-0000-0000-00000009551A}
T{00000000-0000-0000-0000-0000002C418E}
T{00000000-0000-0000-0000-000000028B7A}
T{00000000-0000-0000-0000-000000179984}
T{00000000-0000-0000-0000-00000011E4E1}
T{00000000-0000-0000-0000-000000269527}
T{00000000-0000-0000-0000-0000000077BD}
T{00000000-0000-0000-0000-00000013867E}
T{00000000-0000-0000-0000-00000024D561}
T{00000000-0000-0000-0000-0000002D4147}
T{00000000-0000-0000-0000-00000008C1DE}
T{00000000-0000-0000-0000-00000017F15A}
T{00000000-0000-0000-0000-0000002C6D1C}
T{00000000-0000-0000-0000-000000152F96}
T{00000000-0000-0000-0000-0000002F3C70}
T{00000000-0000-0000-0000-00000031B2AF}
F{00000000-0000-0000-0000-0000001610D0}
T{00000000-0000-0000-0000-0000000782BC}
T{00000000-0000-0000-0000-0000002D5353}
T{00000000-0000-0000-0000-000000289F2F}
T{00000000-0000-0000-0000-0000002C6187}
T{00000000-0000-0000-0000-000000018C66}
T{00000000-0000-0000-0000-00000004F996}
T{00000000-0000-0000-0000-00000029CEAD}
T{00000000-0000-0000-0000-0000002D1103}
T{00000000-0000-0000-0000-000000059899}
