T{00000000-0000-0000-0000-0000002D3C13}
T{00000000-0000-0000-0000-0000001728B3}
T{00000000-0000-0000-0000-0000000A73B4}
T{00000000-0000-0000-0000-00000031ED05}
T{00000000-0000-0000-0000-0000000A80A3}
T{00000000-0000-0000-0000-0000000AA469}
T{00000000-0000-0000-0000-00000016DEE7}
T{00000000-0000-0000-0000-00000021E8F6}
T{00000000-0000-0000-0000-00000008CB54}
T{00000000-0000-0000-0000-00000016BA6A}
T{00000000-0000-0000-0000-00000022F0AA}
T{00000000-0000-0000-0000-00000014DCEA}
T{00000000-0000-0000-0000-0000000A5811}
T{00000000-0000-0000-0000-0000002A9CF7}
T{00000000-0000-0000-0000-000000060468}
T{00000000-0000-0000-0000-00000001E23D}
T{00000000-0000-0000-0000-000000138B76}
T{00000000-0000-0000-0000-0000000AAF2A}
T{00000000-0000-0000-0000-0000001734A4}
T{00000000-0000-0000-0000-0000000BC199}
T{00000000-0000-0000-0000-0000001B01CB}
T{00000000-0000-0000-0000-00000029A3FF}
T{00000000-0000-0000-0000-0000002DB934}
T{00000000-0000-0000-0000-0000002C418E}
T{00000000-0000-0000-0000-000000104AF3}
T{00000000-0000-0000-0000-000000046E9C}
T{00000000-0000-0000-0000-000000279364}
T{00000000-0000-0000-0000-000000029DB2}
T{00000000-0000-0000-0000-00000015BF2E}
T{00000000-0000-0000-0000-00000005DD33}
T{00000000-0000-0000-0000-00000031941A}
T{00000000-0000-0000-0000-00000008179C}
T{00000000-0000-0000-0000-0000001D500E}
T{00000000-0000-0000-0000-0000002B7C23}
T{00000000-0000-0000-0000-000000007910}
T{00000000-0000-0000-0000-0000000DDD88}
T{00000000-0000-0000-0000-0000000310A3}
T{00000000-0000-0000-0000-0000000A1C43}
T{00000000-0000-0000-0000-0000000A0843}
T{00000000-0000-0000-0000-00000031FD22}
T{00000000-0000-0000-0000-00000020CF55}
T{00000000-0000-0000-0000-0000002C6554}
T{00000000-0000-0000-0000-0000002E0E9F}
T{00000000-0000-0000-0000-00000016D8EC}
T{00000000-0000-0000-0000-0000002088CF}
T{00000000-0000-0000-0000-000000163172}
F{00000000-0000-0000-0000-0000002AA866}
T{00000000-0000-0000-0000-00000023F6C0}
T{00000000-0000-0000-0000-0000000AFFEF}
T{00000000-0000-0000-0000-0000002D5353}
T{00000000-0000-0000-0000-00000009BCC6}
T{00000000-0000-0000-0000-000000019B30}
T{00000000-0000-0000-0000-000000180E2E}
T{00000000-0000-0000-0000-0000002A9CF7}
T{00000000-0000-0000-0000-00000007F070}
T{00000000-0000-0000-0000-0000003229F7}
T{00000000-0000-0000-0000-000000310E8E}
T{00000000-0000-0000-0000-0000000AAEFB}
T{00000000-0000-0000-0000-000000128BA6}
T{00000000-0000-0000-0000-0000001CFA3F}
T{00000000-0000-0000-0000-000000173168}
T{00000000-0000-0000-0000-0000001DE733}
T{00000000-0000-0000-0000-0000000A5753}
T{00000000-0000-0000-0000-000000173168}
T{00000000-0000-0000-0000-00000016EF73}
T{00000000-0000-0000-0000-0000002C69FD}
T{00000000-0000-0000-0000-00000028D056}
T{00000000-0000-0000-0000-000000303C41}
T{00000000-0000-0000-0000-00000011FF45}
F{00000000-0000-0000-0000-0000000A73B4}
T{00000000-0000-0000-0000-0000001379ED}
T{00000000-0000-0000-0000-00000033629C}
T{00000000-0000-0000-0000-000000073239}
T{00000000-0000-0000-0000-000000313F5B}
T{00000000-0000-0000-0000-000000106389}
T{00000000-0000-0000-0000-0000000BC199}
T{00000000-0000-0000-0000-0000002D517B}
T{00000000-0000-0000-0000-0000002ECA3E}
T{00000000-0000-0000-0000-0000002F1F39}
T{00000000-0000-0000-0000-0000001FECF2}
T{00000000-0000-0000-0000-00000031A5D4}
T{00000000-0000-0000-0000-0000001DE733}
T{00000000-0000-0000-0000-00000026C3A1}
T{00000000-0000-0000-0000-00000005A714}
T{00000000-0000-0000-0000-000000304116}
T{00000000-0000-0000-0000-0000002137D4}
T{00000000-0000-0000-0000-0000001A891E}
T{00000000-0000-0000-0000-0000000FDBD1}
T{00000000-0000-0000-0000-0000000AC358}
T{00000000-0000-0000-0000-000000270DC9}
T{00000000-0000-0000-0000-000000029DB2}
T{00000000-0000-0000-0000-00000006193F}
T{00000000-0000-0000-0000-00000025C2FA}
T{00000000-0000-0000-0000-000000125357}
T{00000000-0000-0000-0000-00000032F43E}
T{00000000-0000-0000-0000-000000086E8A}
T{00000000-0000-0000-0000-0000002A19C4}
T{00000000-0000-0000-0000-0000002CDFC9}
T{00000000-0000-0000-0000-000000271353}
T{00000000-0000-0000-0000-0000002A9BF0}
T{00000000-0000-0000-0000-00000025482D}
T{00000000-0000-0000-0000-000000320A01}
T{00000000-0000-0000-0000-0000002B9ADC}
T{00000000-0000-0000-0000-0000000AFBED}
T{00000000-0000-0000-0000-00000009BCBD}
T{00000000-0000-0000-0000-000000288E61}
T{00000000-0000-0000-0000-0000002D5502}
T{00000000-0000-0000-0000-0000000E15DD}
T{00000000-0000-0000-0000-00000013B91E}
T{00000000-0000-0000-0000-00000021727D}
T{00000000-0000-0000-0000-0000001226E2}
T{00000000-0000-0000-0000-00000004A47F}
T{00000000-0000-0000-0000-0000002E4BC1}
T{00000000-0000-0000-0000-0000002C99F1}
T{00000000-0000-0000-0000-00000026928C}
T{00000000-0000-0000-0000-000000309CB6}
T{00000000-0000-0000-0000-000000300855}
T{00000000-0000-0000-0000-0000001BA8D0}
T{00000000-0000-0000-0000-0000002F4DB9}
T{00000000-0000-0000-0000-000000184E89}
T{00000000-0000-0000-0000-000000060468}
T{00000000-0000-0000-0000-000000139F40}
T{00000000-0000-0000-0000-00000008D9E4}
T{00000000-0000-0000-0000-0000002E66CF}
T{00000000-0000-0000-0000-0000002C99F1}
T{00000000-0000-0000-0000-00000024E8D0}
T{00000000-0000-0000-0000-000000106A2C}
T{00000000-0000-0000-0000-00000023FF40}
T{00000000-0000-0000-0000-00000009BAD7}
T{00000000-0000-0000-0000-00000024A6D8}
T{00000000-0000-0000-0000-0000002FD6B4}
T{00000000-0000-0000-0000-0000002FDA95}
T{00000000-0000-0000-0000-0000002361B7}
T{00000000-0000-0000-0000-0000002D47FB}
T{00000000-0000-0000-0000-0000003171C7}
T{00000000-0000-0000-0000-00000023C11C}
T{00000000-0000-0000-0000-0000002216E6}
T{00000000-0000-0000-0000-00000028D056}
T{00000000-0000-0000-0000-0000000AE577}
T{00000000-0000-0000-0000-0000000AE099}
T{00000000-0000-0000-0000-000000171D96}
T{00000000-0000-0000-0000-0000002C4782}
T{00000000-0000-0000-0000-000000170474}
T{00000000-0000-0000-0000-000000222774}
T{00000000-0000-0000-0000-0000001B3DCD}
T{00000000-0000-0000-0000-000000223AC8}
T{00000000-0000-0000-0000-000000036030}
T{00000000-0000-0000-0000-00000016B9B3}
T{00000000-0000-0000-0000-00000005D234}
T{00000000-0000-0000-0000-000000277E2B}
T{00000000-0000-0000-0000-00000003B508}
F{00000000-0000-0000-0000-00000024627E}
T{00000000-0000-0000-0000-00000030427B}
T{00000000-0000-0000-0000-00000004E003}
T{00000000-0000-0000-0000-0000002A9CF7}
T{00000000-0000-0000-0000-0000000F3587}
T{00000000-0000-0000-0000-000000281B7B}
T{00000000-0000-0000-0000-000000201834}
T{00000000-0000-0000-0000-0000000DDD88}
T{00000000-0000-0000-0000-000000028B7A}
T{00000000-0000-0000-0000-0000000586B3}
T{00000000-0000-0000-0000-00000028D056}
T{00000000-0000-0000-0000-0000000ADB6D}
T{00000000-0000-0000-0000-00000009D224}
T{00000000-0000-0000-0000-0000002C418E}
T{00000000-0000-0000-0000-00000025D7DD}
T{00000000-0000-0000-0000-000000104231}
T{00000000-0000-0000-0000-00000026A7E0}
T{00000000-0000-0000-0000-00000007C25E}
T{00000000-0000-0000-0000-000000077D94}
T{00000000-0000-0000-0000-0000000A5811}
T{00000000-0000-0000-0000-00000023DA46}
T{00000000-0000-0000-0000-00000025E580}
T{00000000-0000-0000-0000-00000009066B}
T{00000000-0000-0000-0000-0000002AA866}
T{00000000-0000-0000-0000-00000013EDBB}
T{00000000-0000-0000-0000-000000122D0D}
T{00000000-0000-0000-0000-0000002853F7}
T{00000000-0000-0000-0000-000000176A5C}
T{00000000-0000-0000-0000-0000000DA5C4}
T{00000000-0000-0000-0000-0000000B7BDF}
T{00000000-0000-0000-0000-000000246908}
T{00000000-0000-0000-0000-0000001249B2}
T{00000000-0000-0000-0000-0000000AAEFB}
T{00000000-0000-0000-0000-00000013EDBB}
T{00000000-0000-0000-0000-0000002EE98E}
T{00000000-0000-0000-0000-0000002C6554}
T{00000000-0000-0000-0000-0000000AE577}
T{00000000-0000-0000-0000-0000002881CE}
T{00000000-0000-0000-0000-00000009BAD7}
T{00000000-0000-0000-0000-00000031ED05}
T{00000000-0000-0000-0000-000000090229}
T{00000000-0000-0000-0000-000000169972}
T{00000000-0000-0000-0000-000000332CFE}
T{00000000-0000-0000-0000-0000000A5811}
T{00000000-0000-0000-0000-000000036030}
T{00000000-0000-0000-0000-0000000BB9D4}
T{00000000-0000-0000-0000-00000026A490}
T{00000000-0000-0000-0000-0000001D26F3}
T{00000000-0000-0000-0000-000000275B8E}
T{00000000-0000-0000-0000-0000002D3C13}
T{00000000-0000-0000-0000-0000001DBAF5}
T{00000000-0000-0000-0000-00000005E3F4}
T{00000000-0000-0000-0000-00000006E673}
T{00000000-0000-0000-0000-0000002415F2}
T{00000000-0000-0000-0000-0000000889CB}
