F{00000000-0000-0000-0000-00000033082D}
T{00000000-0000-0000-0000-000000320A01}
F{00000000-0000-0000-0000-0000002D3C13}
F{00000000-0000-0000-0000-0000002BF4D8}
T{00000000-0000-0000-0000-0000002B10DC}
F{00000000-0000-0000-0000-00000027F595}
T{00000000-0000-0000-0000-00000024C1C9}
F{00000000-0000-0000-0000-0000001CCB19}
F{00000000-0000-0000-0000-0000001AFD50}
T{00000000-0000-0000-0000-00000015CF6E}
T{00000000-0000-0000-0000-000000157C8A}
T{00000000-0000-0000-0000-0000000EB163}
T{00000000-0000-0000-0000-0000000EADC9}
T{00000000-0000-0000-0000-00000014652A}
T{00000000-0000-0000-0000-0000000E31E2}
T{00000000-0000-0000-0000-0000000BCE16}
T{00000000-0000-0000-0000-0000001B9B93}
T{00000000-0000-0000-0000-0000000B3467}
T{00000000-0000-0000-0000-0000000F70F3}
T{00000000-0000-0000-0000-0000001610D0}
F{00000000-0000-0000-0000-0000000A73B4}
T{00000000-0000-0000-0000-0000000F6E0A}
T{00000000-0000-0000-0000-000000074124}
T{00000000-0000-0000-0000-000000192C47}
F{00000000-0000-0000-0000-000000106300}
F{00000000-0000-0000-0000-000000300855}
T{00000000-0000-0000-0000-0000002C97DC}
T{00000000-0000-0000-0000-00000003CA27}
T{00000000-0000-0000-0000-000000122CB0}
F{00000000-0000-0000-0000-0000000A80A3}
T{00000000-0000-0000-0000-0000000121E4}
F{00000000-0000-0000-0000-00000027BF4A}
T{00000000-0000-0000-0000-0000000E31E2}
T{00000000-0000-0000-0000-00000015CF6E}
T{00000000-0000-0000-0000-0000001CCB19}
T{00000000-0000-0000-0000-000000300855}
F{00000000-0000-0000-0000-0000002BF4D8}
T{00000000-0000-0000-0000-0000000121E4}
F{00000000-0000-0000-0000-0000000A73B4}
T{00000000-0000-0000-0000-000000074124}
T{00000000-0000-0000-0000-0000002C97DC}
F{00000000-0000-0000-0000-0000001AFD50}
F{00000000-0000-0000-0000-0000000A80A3}
T{00000000-0000-0000-0000-0000000EADC9}
T{00000000-0000-0000-0000-0000000B3467}
T{00000000-0000-0000-0000-00000033082D}
F{00000000-0000-0000-0000-00000027F595}
T{00000000-0000-0000-0000-00000003CA27}
T{00000000-0000-0000-0000-0000000DF8B1}
T{00000000-0000-0000-0000-00000006D3FA}
T{00000000-0000-0000-0000-00000031FD22}
F{00000000-0000-0000-0000-0000000B96A0}
T{00000000-0000-0000-0000-0000002380FC}
T{00000000-0000-0000-0000-00000025D7DD}
T{00000000-0000-0000-0000-0000000FDBD1}
T{00000000-0000-0000-0000-0000001DC511}
T{00000000-0000-0000-0000-00000032A5BB}
T{00000000-0000-0000-0000-0000002DA425}
T{00000000-0000-0000-0000-000000231277}
T{00000000-0000-0000-0000-0000002C4EFE}
T{00000000-0000-0000-0000-00000014BCF0}
T{00000000-0000-0000-0000-00000031DB69}
T{00000000-0000-0000-0000-0000001F2CC1}
T{00000000-0000-0000-0000-0000002B054E}
T{00000000-0000-0000-0000-00000019279C}
T{00000000-0000-0000-0000-000000300855}
T{00000000-0000-0000-0000-0000002AB719}
T{00000000-0000-0000-0000-0000000604DA}
T{00000000-0000-0000-0000-000000074124}
T{00000000-0000-0000-0000-00000021E588}
T{00000000-0000-0000-0000-000000074124}
T{00000000-0000-0000-0000-000000063A84}
T{00000000-0000-0000-0000-00000010661B}
T{00000000-0000-0000-0000-000000062238}
T{00000000-0000-0000-0000-000000055656}
T{00000000-0000-0000-0000-0000002B0555}
T{00000000-0000-0000-0000-0000002C9458}
T{00000000-0000-0000-0000-000000098996}
T{00000000-0000-0000-0000-0000002027E6}
T{00000000-0000-0000-0000-0000002B9CA9}
T{00000000-0000-0000-0000-000000263A78}
T{00000000-0000-0000-0000-00000023D05D}
T{00000000-0000-0000-0000-000000301289}
T{00000000-0000-0000-0000-0000002C418E}
T{00000000-0000-0000-0000-0000001EA152}
F{00000000-0000-0000-0000-0000000A73B4}
T{00000000-0000-0000-0000-00000019B1B2}
T{00000000-0000-0000-0000-0000001369DE}
T{00000000-0000-0000-0000-0000000B96A0}
T{00000000-0000-0000-0000-0000001A63ED}
T{00000000-0000-0000-0000-0000001464E5}
T{00000000-0000-0000-0000-0000002BA651}
T{00000000-0000-0000-0000-0000000BCE16}
T{00000000-0000-0000-0000-000000243F02}
T{00000000-0000-0000-0000-0000000BB9D4}
T{00000000-0000-0000-0000-00000028C3F4}
T{00000000-0000-0000-0000-000000287CD1}
T{00000000-0000-0000-0000-0000002B2399}
T{00000000-0000-0000-0000-000000304FF3}
T{00000000-0000-0000-0000-00000032E6F6}
T{00000000-0000-0000-0000-00000016DEE7}
T{00000000-0000-0000-0000-0000000A6D84}
T{00000000-0000-0000-0000-00000008C1DE}
T{00000000-0000-0000-0000-0000000D8E6B}
T{00000000-0000-0000-0000-000000192C47}
T{00000000-0000-0000-0000-000000113245}
T{00000000-0000-0000-0000-000000197FB6}
T{00000000-0000-0000-0000-00000003FD61}
T{00000000-0000-0000-0000-000000321648}
T{00000000-0000-0000-0000-00000022236F}
T{00000000-0000-0000-0000-00000007E3BE}
T{00000000-0000-0000-0000-0000001985BE}
T{00000000-0000-0000-0000-00000007C25E}
T{00000000-0000-0000-0000-0000002122E5}
T{00000000-0000-0000-0000-000000243AA3}
T{00000000-0000-0000-0000-0000001594FA}
T{00000000-0000-0000-0000-000000220995}
T{00000000-0000-0000-0000-000000197C0B}
T{00000000-0000-0000-0000-000000272805}
T{00000000-0000-0000-0000-00000011D6C2}
T{00000000-0000-0000-0000-000000275B8E}
T{00000000-0000-0000-0000-0000002C97DC}
T{00000000-0000-0000-0000-00000018025C}
T{00000000-0000-0000-0000-00000031F7C3}
T{00000000-0000-0000-0000-000000029BA2}
T{00000000-0000-0000-0000-0000000FA0F7}
T{00000000-0000-0000-0000-0000001DB74C}
T{00000000-0000-0000-0000-0000000F6E0A}
T{00000000-0000-0000-0000-000000026CA8}
T{00000000-0000-0000-0000-0000000BBBC1}
T{00000000-0000-0000-0000-00000009C584}
T{00000000-0000-0000-0000-0000002BFFD7}
T{00000000-0000-0000-0000-0000001CCB19}
T{00000000-0000-0000-0000-0000002F6EB0}
T{00000000-0000-0000-0000-0000002B98FA}
T{00000000-0000-0000-0000-00000015CF6E}
F{00000000-0000-0000-0000-00000027F595}
T{00000000-0000-0000-0000-00000025B12E}
T{00000000-0000-0000-0000-000000122CB0}
T{00000000-0000-0000-0000-0000002C418E}
T{00000000-0000-0000-0000-00000009D454}
T{00000000-0000-0000-0000-00000009D454}
T{00000000-0000-0000-0000-00000027BF4A}
T{00000000-0000-0000-0000-000000104D8A}
T{00000000-0000-0000-0000-00000029E184}
T{00000000-0000-0000-0000-0000000F3587}
T{00000000-0000-0000-0000-00000013B0E8}
T{00000000-0000-0000-0000-00000029CB1D}
T{00000000-0000-0000-0000-0000001B6EF6}
T{00000000-0000-0000-0000-000000113C06}
T{00000000-0000-0000-0000-000000281B23}
T{00000000-0000-0000-0000-0000002F4DB9}
T{00000000-0000-0000-0000-00000021E051}
T{00000000-0000-0000-0000-0000002D3CE4}
T{00000000-0000-0000-0000-0000002E0E9F}
T{00000000-0000-0000-0000-0000002AD098}
T{00000000-0000-0000-0000-00000031840C}
T{00000000-0000-0000-0000-00000016C567}
T{00000000-0000-0000-0000-00000009C060}
T{00000000-0000-0000-0000-000000101B79}
T{00000000-0000-0000-0000-00000031730E}
T{00000000-0000-0000-0000-00000033C0BE}
T{00000000-0000-0000-0000-0000002651AC}
T{00000000-0000-0000-0000-00000021F6AA}
T{00000000-0000-0000-0000-0000000B07ED}
T{00000000-0000-0000-0000-00000013BA26}
T{00000000-0000-0000-0000-00000009F5AB}
T{00000000-0000-0000-0000-00000006919F}
T{00000000-0000-0000-0000-00000013BB66}
T{00000000-0000-0000-0000-0000002789C7}
T{00000000-0000-0000-0000-00000033082D}
T{00000000-0000-0000-0000-00000011A66A}
T{00000000-0000-0000-0000-0000000A17FA}
T{00000000-0000-0000-0000-00000031CEB3}
T{00000000-0000-0000-0000-00000029B45D}
T{00000000-0000-0000-0000-00000032698B}
T{00000000-0000-0000-0000-0000000DEA25}
T{00000000-0000-0000-0000-00000003CA27}
T{00000000-0000-0000-0000-00000011D6C2}
T{00000000-0000-0000-0000-00000003B508}
T{00000000-0000-0000-0000-00000032E859}
T{00000000-0000-0000-0000-000000060E54}
T{00000000-0000-0000-0000-0000000B3467}
T{00000000-0000-0000-0000-0000001FD913}
T{00000000-0000-0000-0000-00000015CF6E}
F{00000000-0000-0000-0000-0000002BF4D8}
T{00000000-0000-0000-0000-0000002C76ED}
T{00000000-0000-0000-0000-000000317956}
T{00000000-0000-0000-0000-0000002651AC}
T{00000000-0000-0000-0000-000000253DA3}
T{00000000-0000-0000-0000-0000000FEB93}
T{00000000-0000-0000-0000-000000211054}
T{00000000-0000-0000-0000-000000180772}
T{00000000-0000-0000-0000-000000199ECD}
T{00000000-0000-0000-0000-0000002D2D6B}
T{00000000-0000-0000-0000-00000024C269}
T{00000000-0000-0000-0000-0000000EB163}
T{00000000-0000-0000-0000-0000000A5792}
T{00000000-0000-0000-0000-000000267D6D}
T{00000000-0000-0000-0000-000000197C0B}
T{00000000-0000-0000-0000-0000001672E1}
T{00000000-0000-0000-0000-00000028E78F}
T{00000000-0000-0000-0000-000000120E6F}
T{00000000-0000-0000-0000-000000222A3E}
T{00000000-0000-0000-0000-0000000EADC9}
T{00000000-0000-0000-0000-000000060817}
T{00000000-0000-0000-0000-0000002E2FAF}
T{00000000-0000-0000-0000-000000147F5A}
T{00000000-0000-0000-0000-0000002F9D8A}
T{00000000-0000-0000-0000-00000015CF6E}
T{00000000-0000-0000-0000-000000300855}
T{00000000-0000-0000-0000-0000000D226D}
T{00000000-0000-0000-0000-00000032686B}
T{00000000-0000-0000-0000-000000164208}
T{00000000-0000-0000-0000-0000000802A5}
