T{00000000-0000-0000-0000-0000002D3C13}
T{00000000-0000-0000-0000-00000027F595}
T{00000000-0000-0000-0000-00000024C1C9}
T{00000000-0000-0000-0000-0000000B96A0}
F{00000000-0000-0000-0000-0000000A73B4}
T{00000000-0000-0000-0000-000000106300}
F{00000000-0000-0000-0000-0000000A80A3}
T{00000000-0000-0000-0000-0000000A73B4}
T{00000000-0000-0000-0000-0000000A80A3}
T{00000000-0000-0000-0000-0000002ADB4F}
T{00000000-0000-0000-0000-00000027F595}
T{00000000-0000-0000-0000-00000013EDBB}
T{00000000-0000-0000-0000-0000000AE237}
T{00000000-0000-0000-0000-000000018C66}
T{00000000-0000-0000-0000-000000270476}
T{00000000-0000-0000-0000-0000003019AD}
T{00000000-0000-0000-0000-0000002EAD0F}
T{00000000-0000-0000-0000-0000000ADB6D}
T{00000000-0000-0000-0000-00000013C356}
T{00000000-0000-0000-0000-00000016D8EC}
T{00000000-0000-0000-0000-00000016D43B}
T{00000000-0000-0000-0000-00000029E184}
T{00000000-0000-0000-0000-0000001B7F5B}
T{00000000-0000-0000-0000-00000031730E}
T{00000000-0000-0000-0000-0000002BA75C}
T{00000000-0000-0000-0000-00000016F7DA}
T{00000000-0000-0000-0000-00000017BAF9}
T{00000000-0000-0000-0000-0000002C418E}
T{00000000-0000-0000-0000-0000001D30D6}
T{00000000-0000-0000-0000-0000000FA8D5}
T{00000000-0000-0000-0000-0000002ADDAD}
T{00000000-0000-0000-0000-0000002D8355}
T{00000000-0000-0000-0000-0000002AA779}
T{00000000-0000-0000-0000-0000002F6B7B}
T{00000000-0000-0000-0000-000000259C4C}
T{00000000-0000-0000-0000-000000099440}
T{00000000-0000-0000-0000-000000245F5D}
T{00000000-0000-0000-0000-0000000D55FC}
T{00000000-0000-0000-0000-00000029E184}
T{00000000-0000-0000-0000-0000002E314C}
T{00000000-0000-0000-0000-00000009D224}
T{00000000-0000-0000-0000-0000000AB664}
T{00000000-0000-0000-0000-000000065757}
T{00000000-0000-0000-0000-0000001187A9}
T{00000000-0000-0000-0000-0000001AFD50}
T{00000000-0000-0000-0000-0000000A5753}
T{00000000-0000-0000-0000-000000027825}
T{00000000-0000-0000-0000-0000000C5488}
T{00000000-0000-0000-0000-00000017DCB4}
T{00000000-0000-0000-0000-0000000A1515}
T{00000000-0000-0000-0000-000000041E64}
T{00000000-0000-0000-0000-0000000D199E}
T{00000000-0000-0000-0000-0000000FD49A}
T{00000000-0000-0000-0000-000000086E8A}
T{00000000-0000-0000-0000-000000050381}
T{00000000-0000-0000-0000-000000171CAA}
T{00000000-0000-0000-0000-0000002E314C}
T{00000000-0000-0000-0000-000000267BC2}
T{00000000-0000-0000-0000-000000243EBD}
T{00000000-0000-0000-0000-0000002CACBC}
T{00000000-0000-0000-0000-0000002167C1}
T{00000000-0000-0000-0000-00000000D3F0}
T{00000000-0000-0000-0000-000000329117}
T{00000000-0000-0000-0000-00000010156C}
T{00000000-0000-0000-0000-00000003496E}
T{00000000-0000-0000-0000-0000000C5488}
T{00000000-0000-0000-0000-000000177868}
T{00000000-0000-0000-0000-0000000E6E55}
T{00000000-0000-0000-0000-00000023C6B1}
T{00000000-0000-0000-0000-00000023D0EB}
T{00000000-0000-0000-0000-00000030427B}
T{00000000-0000-0000-0000-0000002C4823}
T{00000000-0000-0000-0000-00000028980F}
T{00000000-0000-0000-0000-00000031EBC3}
T{00000000-0000-0000-0000-00000028C70F}
T{00000000-0000-0000-0000-0000002433DB}
T{00000000-0000-0000-0000-000000212706}
T{00000000-0000-0000-0000-000000289DEC}
T{00000000-0000-0000-0000-000000155B05}
T{00000000-0000-0000-0000-00000008DE54}
T{00000000-0000-0000-0000-0000001EE496}
T{00000000-0000-0000-0000-0000000CF7CD}
T{00000000-0000-0000-0000-0000002BF4D8}
T{00000000-0000-0000-0000-0000001BDA94}
T{00000000-0000-0000-0000-000000277E2B}
T{00000000-0000-0000-0000-000000059D2F}
T{00000000-0000-0000-0000-0000002DC9A5}
T{00000000-0000-0000-0000-0000002B98FA}
T{00000000-0000-0000-0000-0000002027AB}
T{00000000-0000-0000-0000-0000000FD49A}
T{00000000-0000-0000-0000-0000002F5A0A}
T{00000000-0000-0000-0000-0000002C78DE}
T{00000000-0000-0000-0000-0000000AE447}
T{00000000-0000-0000-0000-0000002C4147}
T{00000000-0000-0000-0000-00000024CD16}
T{00000000-0000-0000-0000-00000008AA1A}
T{00000000-0000-0000-0000-00000020C7F6}
T{00000000-0000-0000-0000-000000281B23}
T{00000000-0000-0000-0000-00000007357B}
T{00000000-0000-0000-0000-00000025D7DD}
T{00000000-0000-0000-0000-00000021868E}
T{00000000-0000-0000-0000-00000023F6C0}
T{00000000-0000-0000-0000-00000024BF14}
T{00000000-0000-0000-0000-000000219E6D}
T{00000000-0000-0000-0000-000000192C47}
T{00000000-0000-0000-0000-0000001FD627}
T{00000000-0000-0000-0000-0000000A7628}
T{00000000-0000-0000-0000-0000000FBE71}
T{00000000-0000-0000-0000-0000001E644A}
T{00000000-0000-0000-0000-0000001445A3}
T{00000000-0000-0000-0000-000000146BA0}
T{00000000-0000-0000-0000-0000000290CC}
T{00000000-0000-0000-0000-000000336361}
T{00000000-0000-0000-0000-0000002E564A}
T{00000000-0000-0000-0000-000000260634}
T{00000000-0000-0000-0000-0000001ABA49}
T{00000000-0000-0000-0000-000000106A2C}
T{00000000-0000-0000-0000-00000024D4B0}
T{00000000-0000-0000-0000-0000002BCF2E}
T{00000000-0000-0000-0000-000000119D7B}
T{00000000-0000-0000-0000-0000002AF48E}
T{00000000-0000-0000-0000-0000000CF7CD}
T{00000000-0000-0000-0000-000000087673}
T{00000000-0000-0000-0000-0000000DDD88}
T{00000000-0000-0000-0000-000000263C74}
T{00000000-0000-0000-0000-0000002059CA}
T{00000000-0000-0000-0000-000000197FB6}
T{00000000-0000-0000-0000-00000002A492}
T{00000000-0000-0000-0000-0000001B3DCD}
T{00000000-0000-0000-0000-00000032B96F}
T{00000000-0000-0000-0000-0000002EAF33}
T{00000000-0000-0000-0000-0000000FBC1B}
T{00000000-0000-0000-0000-000000303C41}
T{00000000-0000-0000-0000-00000009C060}
T{00000000-0000-0000-0000-0000002CD371}
T{00000000-0000-0000-0000-000000054FCB}
T{00000000-0000-0000-0000-00000024CCE3}
T{00000000-0000-0000-0000-000000169CBC}
T{00000000-0000-0000-0000-00000019279C}
T{00000000-0000-0000-0000-00000017BAFF}
T{00000000-0000-0000-0000-0000002D9FE0}
T{00000000-0000-0000-0000-0000000FD726}
T{00000000-0000-0000-0000-0000002D4012}
T{00000000-0000-0000-0000-00000013EDBB}
T{00000000-0000-0000-0000-000000181235}
T{00000000-0000-0000-0000-000000275A11}
T{00000000-0000-0000-0000-000000171E7F}
T{00000000-0000-0000-0000-00000016D8EC}
T{00000000-0000-0000-0000-000000033697}
T{00000000-0000-0000-0000-0000000D199E}
T{00000000-0000-0000-0000-0000000A5753}
T{00000000-0000-0000-0000-0000000BBBC1}
T{00000000-0000-0000-0000-000000062FD1}
T{00000000-0000-0000-0000-0000000FBBC4}
T{00000000-0000-0000-0000-000000148332}
T{00000000-0000-0000-0000-00000019EDAF}
T{00000000-0000-0000-0000-0000002946BB}
T{00000000-0000-0000-0000-0000002C95F6}
T{00000000-0000-0000-0000-00000033AD93}
T{00000000-0000-0000-0000-000000099D5D}
T{00000000-0000-0000-0000-0000002B9CA9}
T{00000000-0000-0000-0000-0000000751DF}
T{00000000-0000-0000-0000-00000026DB04}
T{00000000-0000-0000-0000-00000025D7DD}
T{00000000-0000-0000-0000-000000062238}
F{00000000-0000-0000-0000-00000031ED05}
T{00000000-0000-0000-0000-000000324320}
T{00000000-0000-0000-0000-0000000A9F0E}
T{00000000-0000-0000-0000-0000000C34F2}
T{00000000-0000-0000-0000-00000009042B}
T{00000000-0000-0000-0000-0000000FB43F}
T{00000000-0000-0000-0000-0000002C51D3}
T{00000000-0000-0000-0000-000000220F56}
T{00000000-0000-0000-0000-00000029E184}
T{00000000-0000-0000-0000-00000011BAB8}
T{00000000-0000-0000-0000-0000000BF87B}
T{00000000-0000-0000-0000-00000009BAD7}
T{00000000-0000-0000-0000-0000001A72D1}
T{00000000-0000-0000-0000-000000197FB6}
T{00000000-0000-0000-0000-00000009042B}
T{00000000-0000-0000-0000-000000244890}
T{00000000-0000-0000-0000-000000254816}
T{00000000-0000-0000-0000-0000002D3ED8}
T{00000000-0000-0000-0000-0000002CACBC}
T{00000000-0000-0000-0000-00000024D561}
T{00000000-0000-0000-0000-0000001831A7}
T{00000000-0000-0000-0000-00000026A8E2}
T{00000000-0000-0000-0000-0000002CE21D}
T{00000000-0000-0000-0000-000000030FAE}
T{00000000-0000-0000-0000-0000001BB360}
T{00000000-0000-0000-0000-00000011FA5C}
T{00000000-0000-0000-0000-0000002216E6}
T{00000000-0000-0000-0000-0000002CACBC}
T{00000000-0000-0000-0000-00000013B91E}
T{00000000-0000-0000-0000-000000270720}
T{00000000-0000-0000-0000-000000264B7B}
T{00000000-0000-0000-0000-0000001BF5AF}
T{00000000-0000-0000-0000-00000008AA1A}
T{00000000-0000-0000-0000-0000002C78DE}
T{00000000-0000-0000-0000-0000001CF128}
T{00000000-0000-0000-0000-00000003496E}
T{00000000-0000-0000-0000-00000030D202}
F{00000000-0000-0000-0000-0000001728B3}
