T{00000000-0000-0000-0000-00000033082D}
T{00000000-0000-0000-0000-000000320A01}
F{00000000-0000-0000-0000-0000002D3C13}
F{00000000-0000-0000-0000-0000002BF4D8}
T{00000000-0000-0000-0000-0000002B10DC}
F{00000000-0000-0000-0000-00000027F595}
T{00000000-0000-0000-0000-00000024C1C9}
T{00000000-0000-0000-0000-0000001CCB19}
F{00000000-0000-0000-0000-0000001AFD50}
T{00000000-0000-0000-0000-0000000E31E2}
T{00000000-0000-0000-0000-0000000BCE16}
T{00000000-0000-0000-0000-0000000B96A0}
T{00000000-0000-0000-0000-0000001B9B93}
F{00000000-0000-0000-0000-0000000A73B4}
T{00000000-0000-0000-0000-000000106300}
F{00000000-0000-0000-0000-0000000A80A3}
T{00000000-0000-0000-0000-0000000121E4}
T{00000000-0000-0000-0000-00000027BF4A}
T{00000000-0000-0000-0000-00000027F595}
T{00000000-0000-0000-0000-0000002BF4D8}
T{00000000-0000-0000-0000-0000001AFD50}
F{00000000-0000-0000-0000-0000000A80A3}
F{00000000-0000-0000-0000-0000000A73B4}
T{00000000-0000-0000-0000-0000000A3D45}
T{00000000-0000-0000-0000-00000017574C}
T{00000000-0000-0000-0000-00000000E3FE}
T{00000000-0000-0000-0000-000000324F12}
T{00000000-0000-0000-0000-0000000320BD}
T{00000000-0000-0000-0000-0000001AFD50}
T{00000000-0000-0000-0000-000000032C3B}
T{00000000-0000-0000-0000-0000000CB200}
T{00000000-0000-0000-0000-00000009042B}
T{00000000-0000-0000-0000-00000027068E}
T{00000000-0000-0000-0000-00000009BCBD}
T{00000000-0000-0000-0000-00000009D63B}
T{00000000-0000-0000-0000-000000320C89}
T{00000000-0000-0000-0000-00000016D8EC}
T{00000000-0000-0000-0000-00000007CFFF}
T{00000000-0000-0000-0000-000000111B70}
T{00000000-0000-0000-0000-000000012E4C}
T{00000000-0000-0000-0000-00000026F535}
T{00000000-0000-0000-0000-00000018D090}
T{00000000-0000-0000-0000-00000011FF45}
T{00000000-0000-0000-0000-000000148332}
T{00000000-0000-0000-0000-0000002350BA}
T{00000000-0000-0000-0000-000000263D12}
T{00000000-0000-0000-0000-000000234D52}
T{00000000-0000-0000-0000-00000028E78F}
T{00000000-0000-0000-0000-000000053322}
T{00000000-0000-0000-0000-000000243B6C}
T{00000000-0000-0000-0000-0000002059CA}
T{00000000-0000-0000-0000-00000021E8F6}
T{00000000-0000-0000-0000-00000031941A}
T{00000000-0000-0000-0000-0000001813D8}
T{00000000-0000-0000-0000-0000001E3995}
T{00000000-0000-0000-0000-0000002B10DC}
T{00000000-0000-0000-0000-0000002A0033}
T{00000000-0000-0000-0000-0000002789C7}
T{00000000-0000-0000-0000-0000000077BD}
T{00000000-0000-0000-0000-0000001323D1}
T{00000000-0000-0000-0000-00000029C08B}
T{00000000-0000-0000-0000-0000002EDFFA}
T{00000000-0000-0000-0000-00000019EC18}
T{00000000-0000-0000-0000-0000001AFD50}
T{00000000-0000-0000-0000-000000061C56}
T{00000000-0000-0000-0000-0000000C2DA1}
T{00000000-0000-0000-0000-00000009066B}
T{00000000-0000-0000-0000-000000264BA4}
T{00000000-0000-0000-0000-000000219EFE}
T{00000000-0000-0000-0000-0000001021AA}
T{00000000-0000-0000-0000-0000002D7C58}
T{00000000-0000-0000-0000-0000002D52FB}
T{00000000-0000-0000-0000-00000021056F}
T{00000000-0000-0000-0000-0000002C9209}
T{00000000-0000-0000-0000-00000025E580}
T{00000000-0000-0000-0000-00000027BF4A}
T{00000000-0000-0000-0000-0000000D199E}
T{00000000-0000-0000-0000-00000021B897}
T{00000000-0000-0000-0000-000000197C0B}
T{00000000-0000-0000-0000-00000032E6F6}
T{00000000-0000-0000-0000-000000270E01}
T{00000000-0000-0000-0000-000000113245}
T{00000000-0000-0000-0000-00000028E78F}
T{00000000-0000-0000-0000-000000243F02}
T{00000000-0000-0000-0000-0000002B9CA9}
T{00000000-0000-0000-0000-0000001282E8}
T{00000000-0000-0000-0000-0000000C439B}
T{00000000-0000-0000-0000-0000001AFD50}
T{00000000-0000-0000-0000-0000000782BC}
T{00000000-0000-0000-0000-0000001E37FC}
T{00000000-0000-0000-0000-0000000928C2}
T{00000000-0000-0000-0000-00000015BDE3}
T{00000000-0000-0000-0000-00000011FF45}
T{00000000-0000-0000-0000-0000003019AD}
T{00000000-0000-0000-0000-0000001D699A}
T{00000000-0000-0000-0000-00000006308D}
T{00000000-0000-0000-0000-0000000D0CBC}
T{00000000-0000-0000-0000-00000009D454}
T{00000000-0000-0000-0000-00000020279E}
T{00000000-0000-0000-0000-0000002C76ED}
T{00000000-0000-0000-0000-00000020BD3C}
T{00000000-0000-0000-0000-000000071C8B}
T{00000000-0000-0000-0000-0000001C1356}
T{00000000-0000-0000-0000-0000002CACBC}
T{00000000-0000-0000-0000-00000005D234}
T{00000000-0000-0000-0000-000000289795}
T{00000000-0000-0000-0000-00000002FF57}
T{00000000-0000-0000-0000-000000036272}
T{00000000-0000-0000-0000-0000000970F1}
T{00000000-0000-0000-0000-0000002A0033}
T{00000000-0000-0000-0000-00000006524D}
T{00000000-0000-0000-0000-0000002C4FBE}
T{00000000-0000-0000-0000-0000000411D2}
T{00000000-0000-0000-0000-0000001C000D}
T{00000000-0000-0000-0000-0000000EB1FB}
T{00000000-0000-0000-0000-00000005814E}
T{00000000-0000-0000-0000-0000000C34F2}
T{00000000-0000-0000-0000-0000002A47D9}
T{00000000-0000-0000-0000-00000016EE88}
T{00000000-0000-0000-0000-0000000EB163}
T{00000000-0000-0000-0000-000000018C66}
T{00000000-0000-0000-0000-00000027BF4A}
T{00000000-0000-0000-0000-0000002D4012}
T{00000000-0000-0000-0000-0000002DCB69}
T{00000000-0000-0000-0000-0000002C4823}
T{00000000-0000-0000-0000-000000275CAC}
T{00000000-0000-0000-0000-000000183058}
T{00000000-0000-0000-0000-0000002BF4D8}
T{00000000-0000-0000-0000-0000000EB163}
T{00000000-0000-0000-0000-000000298C1E}
T{00000000-0000-0000-0000-0000000ADF8A}
T{00000000-0000-0000-0000-00000024D328}
T{00000000-0000-0000-0000-000000287F15}
T{00000000-0000-0000-0000-0000000AB664}
T{00000000-0000-0000-0000-00000021F6DF}
T{00000000-0000-0000-0000-0000002278EC}
T{00000000-0000-0000-0000-000000272805}
T{00000000-0000-0000-0000-0000001A5CA2}
T{00000000-0000-0000-0000-0000000F705B}
T{00000000-0000-0000-0000-0000001B6EF6}
T{00000000-0000-0000-0000-00000022E947}
T{00000000-0000-0000-0000-000000199ECD}
T{00000000-0000-0000-0000-0000002FF8E1}
T{00000000-0000-0000-0000-000000243AA3}
T{00000000-0000-0000-0000-0000002C99F1}
T{00000000-0000-0000-0000-000000242682}
T{00000000-0000-0000-0000-00000011C1D0}
T{00000000-0000-0000-0000-00000006E345}
T{00000000-0000-0000-0000-0000000EFCB1}
T{00000000-0000-0000-0000-00000023C6B1}
T{00000000-0000-0000-0000-0000001AF208}
T{00000000-0000-0000-0000-00000014AEB7}
T{00000000-0000-0000-0000-00000031DB69}
T{00000000-0000-0000-0000-0000000121E4}
T{00000000-0000-0000-0000-0000002B10DC}
T{00000000-0000-0000-0000-0000002BDEA2}
T{00000000-0000-0000-0000-0000002691F5}
T{00000000-0000-0000-0000-00000020554E}
T{00000000-0000-0000-0000-000000166F37}
T{00000000-0000-0000-0000-0000000A3BDF}
T{00000000-0000-0000-0000-0000001FB295}
T{00000000-0000-0000-0000-000000025A62}
T{00000000-0000-0000-0000-000000106300}
T{00000000-0000-0000-0000-000000096AB9}
T{00000000-0000-0000-0000-0000000FECC1}
T{00000000-0000-0000-0000-0000002F4F87}
T{00000000-0000-0000-0000-0000001BA81F}
T{00000000-0000-0000-0000-0000002AB719}
T{00000000-0000-0000-0000-0000002BF4D8}
T{00000000-0000-0000-0000-00000030E2E5}
T{00000000-0000-0000-0000-000000275CAC}
T{00000000-0000-0000-0000-0000000EE00F}
T{00000000-0000-0000-0000-00000025B12E}
T{00000000-0000-0000-0000-000000270E01}
T{00000000-0000-0000-0000-0000002FEC1E}
T{00000000-0000-0000-0000-00000017BAF9}
T{00000000-0000-0000-0000-0000002D4FE4}
T{00000000-0000-0000-0000-0000001610D0}
F{00000000-0000-0000-0000-0000000A80A3}
T{00000000-0000-0000-0000-0000001793D4}
T{00000000-0000-0000-0000-000000177868}
T{00000000-0000-0000-0000-000000110D6E}
T{00000000-0000-0000-0000-000000011C79}
T{00000000-0000-0000-0000-0000000FAF71}
T{00000000-0000-0000-0000-00000007E3BE}
T{00000000-0000-0000-0000-00000026E850}
T{00000000-0000-0000-0000-000000053322}
T{00000000-0000-0000-0000-0000002C4EFE}
T{00000000-0000-0000-0000-0000000BD989}
T{00000000-0000-0000-0000-0000002AAA36}
T{00000000-0000-0000-0000-0000000DA5C4}
T{00000000-0000-0000-0000-000000146C13}
T{00000000-0000-0000-0000-0000000D3A09}
T{00000000-0000-0000-0000-0000000411D2}
T{00000000-0000-0000-0000-00000009D224}
T{00000000-0000-0000-0000-000000148E71}
T{00000000-0000-0000-0000-000000213619}
T{00000000-0000-0000-0000-000000083C07}
T{00000000-0000-0000-0000-00000033C0DE}
T{00000000-0000-0000-0000-000000263B6B}
T{00000000-0000-0000-0000-00000031EFC5}
T{00000000-0000-0000-0000-00000001DE16}
T{00000000-0000-0000-0000-0000002CEF50}
T{00000000-0000-0000-0000-0000000EAA83}
T{00000000-0000-0000-0000-0000000AE099}
