T{00000000-0000-0000-0000-000000320A01}
T{00000000-0000-0000-0000-0000002B10DC}
T{00000000-0000-0000-0000-000000157C8A}
T{00000000-0000-0000-0000-0000000F3587}
F{00000000-0000-0000-0000-0000000EB163}
T{00000000-0000-0000-0000-00000014652A}
T{00000000-0000-0000-0000-0000000D9506}
F{00000000-0000-0000-0000-0000001B9B93}
T{00000000-0000-0000-0000-0000000F70F3}
F{00000000-0000-0000-0000-0000001610D0}
T{00000000-0000-0000-0000-0000000F6E0A}
T{00000000-0000-0000-0000-000000192C47}
T{00000000-0000-0000-0000-000000122CB0}
T{00000000-0000-0000-0000-0000002F46B7}
T{00000000-0000-0000-0000-00000007357B}
T{00000000-0000-0000-0000-000000132F5E}
T{00000000-0000-0000-0000-0000001610D0}
T{00000000-0000-0000-0000-000000169EF3}
T{00000000-0000-0000-0000-00000005382D}
T{00000000-0000-0000-0000-0000000A3D45}
T{00000000-0000-0000-0000-0000002AA779}
T{00000000-0000-0000-0000-0000002CAD87}
T{00000000-0000-0000-0000-00000025482D}
T{00000000-0000-0000-0000-0000002B054E}
T{00000000-0000-0000-0000-0000002B4B44}
T{00000000-0000-0000-0000-0000000BDF18}
T{00000000-0000-0000-0000-00000011BAB8}
T{00000000-0000-0000-0000-0000001D7268}
T{00000000-0000-0000-0000-00000018D027}
T{00000000-0000-0000-0000-000000098DC1}
T{00000000-0000-0000-0000-0000002AAA36}
T{00000000-0000-0000-0000-0000001C2C6B}
T{00000000-0000-0000-0000-000000159F8A}
T{00000000-0000-0000-0000-000000320C89}
T{00000000-0000-0000-0000-0000002D3243}
T{00000000-0000-0000-0000-000000228993}
T{00000000-0000-0000-0000-000000270720}
T{00000000-0000-0000-0000-00000031CEB3}
T{00000000-0000-0000-0000-00000003E599}
T{00000000-0000-0000-0000-00000013EDBB}
T{00000000-0000-0000-0000-00000005EE69}
T{00000000-0000-0000-0000-0000002CD6C8}
T{00000000-0000-0000-0000-00000033C6A6}
T{00000000-0000-0000-0000-00000033627A}
T{00000000-0000-0000-0000-0000000EB1FB}
T{00000000-0000-0000-0000-0000002ABFF5}
T{00000000-0000-0000-0000-0000001B9B93}
T{00000000-0000-0000-0000-00000014CFCB}
T{00000000-0000-0000-0000-0000000A5792}
T{00000000-0000-0000-0000-0000001985BE}
T{00000000-0000-0000-0000-0000002D5281}
T{00000000-0000-0000-0000-000000254EB3}
T{00000000-0000-0000-0000-000000303D82}
T{00000000-0000-0000-0000-0000000D226D}
T{00000000-0000-0000-0000-00000024CE98}
T{00000000-0000-0000-0000-000000336361}
T{00000000-0000-0000-0000-000000251E83}
T{00000000-0000-0000-0000-000000099323}
T{00000000-0000-0000-0000-00000026C27D}
T{00000000-0000-0000-0000-000000308796}
T{00000000-0000-0000-0000-0000001A657D}
T{00000000-0000-0000-0000-0000001813D8}
T{00000000-0000-0000-0000-0000002E4707}
T{00000000-0000-0000-0000-00000032EA05}
T{00000000-0000-0000-0000-00000033A574}
T{00000000-0000-0000-0000-000000263D12}
T{00000000-0000-0000-0000-00000030694D}
T{00000000-0000-0000-0000-000000113C06}
T{00000000-0000-0000-0000-0000002AE627}
T{00000000-0000-0000-0000-0000002D162B}
T{00000000-0000-0000-0000-0000000D16FA}
T{00000000-0000-0000-0000-000000200778}
T{00000000-0000-0000-0000-000000138B76}
T{00000000-0000-0000-0000-0000000AC79A}
T{00000000-0000-0000-0000-000000285C2A}
T{00000000-0000-0000-0000-000000074466}
T{00000000-0000-0000-0000-00000007357B}
T{00000000-0000-0000-0000-0000000642F7}
T{00000000-0000-0000-0000-00000032E859}
T{00000000-0000-0000-0000-000000277E2B}
T{00000000-0000-0000-0000-00000014AEB7}
F{00000000-0000-0000-0000-0000002D3C13}
T{00000000-0000-0000-0000-0000001610D0}
T{00000000-0000-0000-0000-00000014DCEA}
T{00000000-0000-0000-0000-0000002B8B2A}
T{00000000-0000-0000-0000-000000251E83}
T{00000000-0000-0000-0000-0000000BDF18}
T{00000000-0000-0000-0000-0000000FC3AA}
T{00000000-0000-0000-0000-0000000EB163}
T{00000000-0000-0000-0000-00000016979A}
T{00000000-0000-0000-0000-0000003019AD}
T{00000000-0000-0000-0000-0000002B60AE}
T{00000000-0000-0000-0000-000000273331}
T{00000000-0000-0000-0000-00000003F093}
T{00000000-0000-0000-0000-000000040075}
T{00000000-0000-0000-0000-000000192034}
T{00000000-0000-0000-0000-000000091984}
T{00000000-0000-0000-0000-0000002B5FB9}
T{00000000-0000-0000-0000-0000002F6564}
T{00000000-0000-0000-0000-0000000FBBC4}
T{00000000-0000-0000-0000-0000002C74C9}
T{00000000-0000-0000-0000-0000000FAF71}
T{00000000-0000-0000-0000-00000005E0A5}
T{00000000-0000-0000-0000-000000228993}
T{00000000-0000-0000-0000-0000003250DF}
T{00000000-0000-0000-0000-0000001369DE}
T{00000000-0000-0000-0000-000000172673}
T{00000000-0000-0000-0000-00000008DF2C}
T{00000000-0000-0000-0000-000000194966}
T{00000000-0000-0000-0000-000000078B95}
T{00000000-0000-0000-0000-0000002D26FD}
F{00000000-0000-0000-0000-0000000BCE16}
F{00000000-0000-0000-0000-00000024C1C9}
T{00000000-0000-0000-0000-0000002BDF68}
T{00000000-0000-0000-0000-000000119449}
T{00000000-0000-0000-0000-0000002BC16C}
T{00000000-0000-0000-0000-000000074466}
T{00000000-0000-0000-0000-0000002D461D}
T{00000000-0000-0000-0000-00000032F43E}
T{00000000-0000-0000-0000-00000011EAA7}
T{00000000-0000-0000-0000-0000002728DA}
T{00000000-0000-0000-0000-00000012B2DC}
T{00000000-0000-0000-0000-00000009E1BD}
T{00000000-0000-0000-0000-0000001DE733}
T{00000000-0000-0000-0000-00000015BDE3}
T{00000000-0000-0000-0000-0000002C9942}
F{00000000-0000-0000-0000-000000106300}
T{00000000-0000-0000-0000-0000000FBE71}
T{00000000-0000-0000-0000-000000040787}
T{00000000-0000-0000-0000-0000001DC846}
T{00000000-0000-0000-0000-00000003496E}
T{00000000-0000-0000-0000-000000261C32}
T{00000000-0000-0000-0000-000000122D0D}
T{00000000-0000-0000-0000-000000098996}
T{00000000-0000-0000-0000-000000268E75}
T{00000000-0000-0000-0000-0000001B4BD8}
T{00000000-0000-0000-0000-0000002F16BE}
T{00000000-0000-0000-0000-00000016D43B}
T{00000000-0000-0000-0000-00000026C27D}
T{00000000-0000-0000-0000-0000001E1D24}
T{00000000-0000-0000-0000-0000000A857A}
T{00000000-0000-0000-0000-0000001CF590}
T{00000000-0000-0000-0000-0000000CE1EC}
T{00000000-0000-0000-0000-0000000FDB15}
T{00000000-0000-0000-0000-0000001FFE57}
T{00000000-0000-0000-0000-000000192C47}
T{00000000-0000-0000-0000-000000304FF3}
T{00000000-0000-0000-0000-000000152F96}
T{00000000-0000-0000-0000-00000005EF6E}
T{00000000-0000-0000-0000-0000002D9FE0}
T{00000000-0000-0000-0000-000000304479}
T{00000000-0000-0000-0000-0000000D974F}
T{00000000-0000-0000-0000-0000002B7A74}
T{00000000-0000-0000-0000-00000013EDBB}
T{00000000-0000-0000-0000-0000001A8B13}
T{00000000-0000-0000-0000-0000001B3DCD}
T{00000000-0000-0000-0000-00000031720F}
T{00000000-0000-0000-0000-000000074466}
T{00000000-0000-0000-0000-0000001A5C09}
T{00000000-0000-0000-0000-0000002B9CA9}
T{00000000-0000-0000-0000-0000000D9506}
T{00000000-0000-0000-0000-000000099D5D}
T{00000000-0000-0000-0000-00000003982D}
T{00000000-0000-0000-0000-00000020CF55}
T{00000000-0000-0000-0000-00000009AD92}
T{00000000-0000-0000-0000-00000031840C}
T{00000000-0000-0000-0000-00000031E8A8}
T{00000000-0000-0000-0000-00000019EC18}
T{00000000-0000-0000-0000-0000002691F5}
T{00000000-0000-0000-0000-0000002B9ADC}
T{00000000-0000-0000-0000-000000270693}
T{00000000-0000-0000-0000-0000000C5B68}
T{00000000-0000-0000-0000-000000076186}
T{00000000-0000-0000-0000-000000209D82}
T{00000000-0000-0000-0000-0000002BB1FE}
T{00000000-0000-0000-0000-0000002BAC1F}
T{00000000-0000-0000-0000-0000001EA152}
T{00000000-0000-0000-0000-0000002D4F1C}
T{00000000-0000-0000-0000-00000019C3F6}
T{00000000-0000-0000-0000-000000243EBD}
T{00000000-0000-0000-0000-0000001E3797}
T{00000000-0000-0000-0000-0000000160B6}
T{00000000-0000-0000-0000-00000010215D}
T{00000000-0000-0000-0000-00000022236F}
T{00000000-0000-0000-0000-00000007E3BE}
T{00000000-0000-0000-0000-0000002F9E2D}
T{00000000-0000-0000-0000-0000000F4FE6}
T{00000000-0000-0000-0000-0000000D55FC}
T{00000000-0000-0000-0000-000000141B56}
T{00000000-0000-0000-0000-0000001A5C09}
T{00000000-0000-0000-0000-00000008DF2C}
T{00000000-0000-0000-0000-0000002CAD87}
T{00000000-0000-0000-0000-0000001DE733}
T{00000000-0000-0000-0000-00000029A3FF}
T{00000000-0000-0000-0000-00000009E1AA}
T{00000000-0000-0000-0000-00000025482D}
T{00000000-0000-0000-0000-000000119D7B}
T{00000000-0000-0000-0000-00000017C277}
T{00000000-0000-0000-0000-0000002D5281}
T{00000000-0000-0000-0000-000000077309}
T{00000000-0000-0000-0000-000000171CAA}
T{00000000-0000-0000-0000-000000132F5E}
T{00000000-0000-0000-0000-0000002137D4}
T{00000000-0000-0000-0000-0000000EFCB1}
T{00000000-0000-0000-0000-000000317BF8}
T{00000000-0000-0000-0000-0000002CDE7C}
T{00000000-0000-0000-0000-0000001C6391}
T{00000000-0000-0000-0000-00000027CCB1}
T{00000000-0000-0000-0000-00000009E1AA}
T{00000000-0000-0000-0000-000000260634}
F{00000000-0000-0000-0000-00000027BF4A}
T{00000000-0000-0000-0000-0000000A1C51}
T{00000000-0000-0000-0000-0000002B9CA9}
T{00000000-0000-0000-0000-00000006E673}
T{00000000-0000-0000-0000-0000000A6DE9}
T{00000000-0000-0000-0000-00000014652A}
T{00000000-0000-0000-0000-00000025482D}
T{00000000-0000-0000-0000-00000013995B}
T{00000000-0000-0000-0000-0000002B3978}
T{00000000-0000-0000-0000-0000000F2D66}
T{00000000-0000-0000-0000-00000013BA26}
T{00000000-0000-0000-0000-0000000DAB70}
