T{00000000-0000-0000-0000-00000024627E}
T{00000000-0000-0000-0000-0000001728B3}
T{00000000-0000-0000-0000-0000000A73B4}
T{00000000-0000-0000-0000-0000002AA866}
T{00000000-0000-0000-0000-00000031ED05}
T{00000000-0000-0000-0000-0000000A80A3}
T{00000000-0000-0000-0000-0000001722BA}
T{00000000-0000-0000-0000-000000273331}
T{00000000-0000-0000-0000-00000026E2D2}
T{00000000-0000-0000-0000-0000002946BB}
T{00000000-0000-0000-0000-000000018C66}
T{00000000-0000-0000-0000-0000002EDDCB}
T{00000000-0000-0000-0000-00000004ADEE}
T{00000000-0000-0000-0000-00000023E466}
T{00000000-0000-0000-0000-0000000A73B4}
T{00000000-0000-0000-0000-0000002C9942}
T{00000000-0000-0000-0000-00000007DDDE}
T{00000000-0000-0000-0000-0000002591DD}
T{00000000-0000-0000-0000-000000009FD6}
T{00000000-0000-0000-0000-00000026853A}
T{00000000-0000-0000-0000-000000088CF0}
T{00000000-0000-0000-0000-000000125A54}
T{00000000-0000-0000-0000-0000002380FC}
T{00000000-0000-0000-0000-00000002B751}
T{00000000-0000-0000-0000-000000101B79}
T{00000000-0000-0000-0000-0000000BCED8}
T{00000000-0000-0000-0000-00000032A5BB}
T{00000000-0000-0000-0000-000000030FAE}
T{00000000-0000-0000-0000-00000023CF03}
T{00000000-0000-0000-0000-0000002C1AC7}
T{00000000-0000-0000-0000-00000033629C}
T{00000000-0000-0000-0000-00000013BFCB}
T{00000000-0000-0000-0000-000000104CF0}
T{00000000-0000-0000-0000-0000003356C0}
T{00000000-0000-0000-0000-0000002001DC}
T{00000000-0000-0000-0000-000000046E9C}
T{00000000-0000-0000-0000-000000043B45}
T{00000000-0000-0000-0000-000000273789}
T{00000000-0000-0000-0000-0000002A9CF7}
T{00000000-0000-0000-0000-0000000A2D06}
T{00000000-0000-0000-0000-0000002E0E9F}
T{00000000-0000-0000-0000-0000001379ED}
T{00000000-0000-0000-0000-0000002E16B1}
T{00000000-0000-0000-0000-0000002313B8}
T{00000000-0000-0000-0000-00000022178C}
T{00000000-0000-0000-0000-000000073930}
T{00000000-0000-0000-0000-00000008E1A8}
T{00000000-0000-0000-0000-0000001D0920}
T{00000000-0000-0000-0000-0000000FBBC4}
T{00000000-0000-0000-0000-0000002FD8B5}
T{00000000-0000-0000-0000-0000000D5E13}
T{00000000-0000-0000-0000-0000000D226D}
T{00000000-0000-0000-0000-0000002AE793}
T{00000000-0000-0000-0000-000000177868}
T{00000000-0000-0000-0000-0000002380FC}
T{00000000-0000-0000-0000-00000032B96F}
T{00000000-0000-0000-0000-0000000D199E}
T{00000000-0000-0000-0000-000000237D40}
T{00000000-0000-0000-0000-000000303C41}
T{00000000-0000-0000-0000-00000026F31D}
T{00000000-0000-0000-0000-0000002F9487}
T{00000000-0000-0000-0000-00000016DEE7}
T{00000000-0000-0000-0000-00000024D328}
T{00000000-0000-0000-0000-00000009D688}
T{00000000-0000-0000-0000-00000007A97A}
T{00000000-0000-0000-0000-00000027899E}
T{00000000-0000-0000-0000-0000001CDDE7}
T{00000000-0000-0000-0000-0000000F9C6B}
T{00000000-0000-0000-0000-000000270E01}
T{00000000-0000-0000-0000-00000020C7F6}
T{00000000-0000-0000-0000-0000002C74C9}
T{00000000-0000-0000-0000-000000333127}
T{00000000-0000-0000-0000-0000002F18F4}
T{00000000-0000-0000-0000-0000000C6F2B}
T{00000000-0000-0000-0000-000000026CA8}
T{00000000-0000-0000-0000-000000165C7D}
T{00000000-0000-0000-0000-000000088CF0}
T{00000000-0000-0000-0000-000000007910}
T{00000000-0000-0000-0000-000000039940}
T{00000000-0000-0000-0000-000000210D7D}
T{00000000-0000-0000-0000-000000251BCD}
T{00000000-0000-0000-0000-000000220326}
T{00000000-0000-0000-0000-0000002B9CA9}
T{00000000-0000-0000-0000-0000000DAB70}
T{00000000-0000-0000-0000-000000320E5F}
T{00000000-0000-0000-0000-00000026C272}
T{00000000-0000-0000-0000-000000039837}
T{00000000-0000-0000-0000-00000005B55A}
T{00000000-0000-0000-0000-0000002D52FB}
T{00000000-0000-0000-0000-000000288E61}
T{00000000-0000-0000-0000-000000263C74}
T{00000000-0000-0000-0000-00000009BAD7}
T{00000000-0000-0000-0000-00000021E588}
T{00000000-0000-0000-0000-00000026C272}
T{00000000-0000-0000-0000-0000001A8886}
T{00000000-0000-0000-0000-000000277E2B}
T{00000000-0000-0000-0000-0000000604DA}
T{00000000-0000-0000-0000-00000005382D}
T{00000000-0000-0000-0000-000000210458}
T{00000000-0000-0000-0000-0000002AA866}
T{00000000-0000-0000-0000-00000031F7C3}
T{00000000-0000-0000-0000-0000002099FA}
T{00000000-0000-0000-0000-000000147165}
T{00000000-0000-0000-0000-000000173628}
T{00000000-0000-0000-0000-000000177B49}
T{00000000-0000-0000-0000-0000002C4EFE}
T{00000000-0000-0000-0000-000000108BD7}
T{00000000-0000-0000-0000-00000015892F}
T{00000000-0000-0000-0000-0000002FE035}
T{00000000-0000-0000-0000-000000219E6D}
T{00000000-0000-0000-0000-0000000ED1CA}
T{00000000-0000-0000-0000-0000002B9CA9}
T{00000000-0000-0000-0000-00000020CF55}
T{00000000-0000-0000-0000-00000002C3AA}
T{00000000-0000-0000-0000-000000298366}
T{00000000-0000-0000-0000-0000000657F1}
T{00000000-0000-0000-0000-0000001FFDD7}
T{00000000-0000-0000-0000-0000000D0B0E}
T{00000000-0000-0000-0000-00000025E580}
T{00000000-0000-0000-0000-00000029BD67}
T{00000000-0000-0000-0000-0000000F7B7F}
T{00000000-0000-0000-0000-000000018C66}
T{00000000-0000-0000-0000-000000303F08}
T{00000000-0000-0000-0000-00000017358C}
T{00000000-0000-0000-0000-0000002078B2}
T{00000000-0000-0000-0000-00000031EE7B}
T{00000000-0000-0000-0000-000000258539}
T{00000000-0000-0000-0000-00000011FF45}
T{00000000-0000-0000-0000-0000000657F1}
T{00000000-0000-0000-0000-0000000CE303}
T{00000000-0000-0000-0000-000000201834}
T{00000000-0000-0000-0000-000000113245}
T{00000000-0000-0000-0000-00000026929D}
T{00000000-0000-0000-0000-00000013995B}
T{00000000-0000-0000-0000-0000002796A4}
T{00000000-0000-0000-0000-000000122CB0}
T{00000000-0000-0000-0000-0000002D47FB}
T{00000000-0000-0000-0000-000000287D11}
T{00000000-0000-0000-0000-0000002122E5}
T{00000000-0000-0000-0000-00000014AC98}
T{00000000-0000-0000-0000-00000002AFE6}
T{00000000-0000-0000-0000-000000329117}
T{00000000-0000-0000-0000-0000000ABD11}
T{00000000-0000-0000-0000-00000023D05D}
T{00000000-0000-0000-0000-00000013867E}
T{00000000-0000-0000-0000-000000009FD6}
T{00000000-0000-0000-0000-0000001379ED}
T{00000000-0000-0000-0000-000000222A3E}
T{00000000-0000-0000-0000-0000000FBBC4}
T{00000000-0000-0000-0000-0000002B0555}
T{00000000-0000-0000-0000-00000019D284}
T{00000000-0000-0000-0000-00000032E6F6}
T{00000000-0000-0000-0000-0000000C838C}
T{00000000-0000-0000-0000-0000001937CB}
T{00000000-0000-0000-0000-000000275B8E}
T{00000000-0000-0000-0000-0000000A73B4}
T{00000000-0000-0000-0000-0000000D199E}
T{00000000-0000-0000-0000-000000018C66}
T{00000000-0000-0000-0000-0000001021AA}
T{00000000-0000-0000-0000-000000011C79}
T{00000000-0000-0000-0000-00000015CAE7}
T{00000000-0000-0000-0000-0000000F07A2}
T{00000000-0000-0000-0000-0000002C9942}
T{00000000-0000-0000-0000-0000002CAD87}
T{00000000-0000-0000-0000-00000014AC98}
T{00000000-0000-0000-0000-0000002BFFD7}
T{00000000-0000-0000-0000-00000011A66A}
T{00000000-0000-0000-0000-0000002B8F8A}
T{00000000-0000-0000-0000-0000002B6C6B}
T{00000000-0000-0000-0000-0000001AF208}
T{00000000-0000-0000-0000-0000002B2399}
T{00000000-0000-0000-0000-000000329FF6}
T{00000000-0000-0000-0000-0000002B60AE}
T{00000000-0000-0000-0000-0000002D4F1C}
T{00000000-0000-0000-0000-000000060E54}
T{00000000-0000-0000-0000-0000002216E6}
T{00000000-0000-0000-0000-0000000A3CCC}
T{00000000-0000-0000-0000-0000002AAA36}
T{00000000-0000-0000-0000-000000050381}
T{00000000-0000-0000-0000-0000000358BE}
T{00000000-0000-0000-0000-0000002B0555}
T{00000000-0000-0000-0000-000000270DC9}
T{00000000-0000-0000-0000-0000002C6187}
T{00000000-0000-0000-0000-00000026A7E0}
T{00000000-0000-0000-0000-000000120E6F}
T{00000000-0000-0000-0000-0000001D5B1B}
T{00000000-0000-0000-0000-0000000A1BAA}
T{00000000-0000-0000-0000-00000019F30D}
T{00000000-0000-0000-0000-0000002415F2}
T{00000000-0000-0000-0000-0000002301DA}
T{00000000-0000-0000-0000-000000096AB9}
T{00000000-0000-0000-0000-00000011C1D0}
T{00000000-0000-0000-0000-0000000A0350}
T{00000000-0000-0000-0000-000000199ECD}
T{00000000-0000-0000-0000-0000002F16BE}
T{00000000-0000-0000-0000-0000001847C3}
T{00000000-0000-0000-0000-000000131767}
T{00000000-0000-0000-0000-0000001A5588}
T{00000000-0000-0000-0000-000000152F96}
T{00000000-0000-0000-0000-0000002D4147}
T{00000000-0000-0000-0000-000000108B3B}
T{00000000-0000-0000-0000-000000173168}
T{00000000-0000-0000-0000-00000004CE31}
T{00000000-0000-0000-0000-0000001DE733}
T{00000000-0000-0000-0000-0000002E3764}
T{00000000-0000-0000-0000-0000002B0555}
F{00000000-0000-0000-0000-0000001C7E16}
T{00000000-0000-0000-0000-0000000FD308}
T{00000000-0000-0000-0000-00000019F4D6}
T{00000000-0000-0000-0000-00000032BB6B}
T{00000000-0000-0000-0000-000000194762}
T{00000000-0000-0000-0000-0000000D0B5F}
