T{00000000-0000-0000-0000-000000272013}
T{00000000-0000-0000-0000-00000024627E}
F{00000000-0000-0000-0000-0000001C7E16}
T{00000000-0000-0000-0000-0000001728B3}
F{00000000-0000-0000-0000-000000165CA7}
T{00000000-0000-0000-0000-000000165CA7}
T{00000000-0000-0000-0000-000000272013}
T{00000000-0000-0000-0000-0000002E3B0B}
T{00000000-0000-0000-0000-00000017BAF8}
T{00000000-0000-0000-0000-00000006CBEB}
T{00000000-0000-0000-0000-0000002337D8}
T{00000000-0000-0000-0000-00000025D7DD}
T{00000000-0000-0000-0000-0000000F84E7}
T{00000000-0000-0000-0000-00000032016B}
T{00000000-0000-0000-0000-000000030FAE}
T{00000000-0000-0000-0000-0000002B51DE}
F{00000000-0000-0000-0000-00000027F595}
T{00000000-0000-0000-0000-00000027F595}
T{00000000-0000-0000-0000-0000002E314C}
T{00000000-0000-0000-0000-0000001CB8EA}
T{00000000-0000-0000-0000-0000002CDE1F}
T{00000000-0000-0000-0000-000000152DBE}
T{00000000-0000-0000-0000-0000000AE099}
T{00000000-0000-0000-0000-00000015A631}
T{00000000-0000-0000-0000-00000028AD24}
T{00000000-0000-0000-0000-000000271353}
T{00000000-0000-0000-0000-00000013BB66}
T{00000000-0000-0000-0000-00000015BDE3}
T{00000000-0000-0000-0000-00000005EE69}
T{00000000-0000-0000-0000-00000029A720}
T{00000000-0000-0000-0000-000000146195}
T{00000000-0000-0000-0000-000000060D38}
T{00000000-0000-0000-0000-0000000ABEBE}
T{00000000-0000-0000-0000-000000228993}
T{00000000-0000-0000-0000-00000017AD17}
T{00000000-0000-0000-0000-00000028A414}
T{00000000-0000-0000-0000-0000002A02EE}
T{00000000-0000-0000-0000-00000026853A}
T{00000000-0000-0000-0000-000000267D6D}
T{00000000-0000-0000-0000-0000000CF7EE}
T{00000000-0000-0000-0000-0000000A17FA}
T{00000000-0000-0000-0000-000000062238}
T{00000000-0000-0000-0000-0000002C4147}
T{00000000-0000-0000-0000-0000000E0F36}
T{00000000-0000-0000-0000-00000007124A}
T{00000000-0000-0000-0000-0000002B79C6}
T{00000000-0000-0000-0000-00000019BC13}
T{00000000-0000-0000-0000-00000026A7E0}
T{00000000-0000-0000-0000-000000006185}
T{00000000-0000-0000-0000-000000243B6C}
T{00000000-0000-0000-0000-0000000C134C}
T{00000000-0000-0000-0000-00000000F5F7}
T{00000000-0000-0000-0000-0000001024B9}
T{00000000-0000-0000-0000-000000140E50}
T{00000000-0000-0000-0000-00000028813D}
T{00000000-0000-0000-0000-00000013995B}
T{00000000-0000-0000-0000-00000017358C}
T{00000000-0000-0000-0000-0000002728DA}
T{00000000-0000-0000-0000-0000001D30D6}
T{00000000-0000-0000-0000-0000003150EC}
T{00000000-0000-0000-0000-000000332CFE}
T{00000000-0000-0000-0000-0000002E2FA0}
T{00000000-0000-0000-0000-0000001672E1}
T{00000000-0000-0000-0000-00000017DBE5}
T{00000000-0000-0000-0000-000000147DA5}
T{00000000-0000-0000-0000-0000000DF706}
T{00000000-0000-0000-0000-000000177B49}
T{00000000-0000-0000-0000-0000000ABEEA}
T{00000000-0000-0000-0000-000000060817}
T{00000000-0000-0000-0000-00000022F9B8}
T{00000000-0000-0000-0000-0000002CDE61}
T{00000000-0000-0000-0000-000000278875}
T{00000000-0000-0000-0000-0000000CF7F5}
T{00000000-0000-0000-0000-0000002157C5}
T{00000000-0000-0000-0000-000000257932}
T{00000000-0000-0000-0000-0000000EFBD2}
T{00000000-0000-0000-0000-00000020D2B2}
T{00000000-0000-0000-0000-000000308796}
T{00000000-0000-0000-0000-0000000A3D45}
T{00000000-0000-0000-0000-0000000EFCB1}
T{00000000-0000-0000-0000-0000000B07ED}
T{00000000-0000-0000-0000-00000013BD56}
T{00000000-0000-0000-0000-000000277E2B}
T{00000000-0000-0000-0000-00000016D8EC}
T{00000000-0000-0000-0000-0000002415F2}
T{00000000-0000-0000-0000-000000226B6F}
T{00000000-0000-0000-0000-0000000B1E17}
T{00000000-0000-0000-0000-00000023D05D}
T{00000000-0000-0000-0000-00000008AA1A}
T{00000000-0000-0000-0000-00000023CDFE}
T{00000000-0000-0000-0000-00000032686B}
T{00000000-0000-0000-0000-0000000CF2D0}
T{00000000-0000-0000-0000-0000000B0D42}
T{00000000-0000-0000-0000-00000006E673}
T{00000000-0000-0000-0000-0000002BB56B}
T{00000000-0000-0000-0000-00000024E9BB}
T{00000000-0000-0000-0000-0000003025B3}
T{00000000-0000-0000-0000-0000002F51EC}
T{00000000-0000-0000-0000-00000028813D}
T{00000000-0000-0000-0000-00000009BCBD}
T{00000000-0000-0000-0000-0000001935C0}
T{00000000-0000-0000-0000-0000001249B2}
T{00000000-0000-0000-0000-000000270E01}
T{00000000-0000-0000-0000-00000013C022}
T{00000000-0000-0000-0000-00000009D454}
T{00000000-0000-0000-0000-0000002C532B}
T{00000000-0000-0000-0000-000000263C74}
T{00000000-0000-0000-0000-0000000C1231}
T{00000000-0000-0000-0000-00000027F595}
T{00000000-0000-0000-0000-0000002167C1}
T{00000000-0000-0000-0000-0000000D0B0E}
T{00000000-0000-0000-0000-0000000A5792}
T{00000000-0000-0000-0000-0000001BE187}
T{00000000-0000-0000-0000-0000002FE035}
T{00000000-0000-0000-0000-0000002D4147}
T{00000000-0000-0000-0000-000000290793}
T{00000000-0000-0000-0000-000000265F80}
T{00000000-0000-0000-0000-000000275A4F}
T{00000000-0000-0000-0000-00000025D7DD}
T{00000000-0000-0000-0000-000000270CC6}
T{00000000-0000-0000-0000-0000002C9942}
T{00000000-0000-0000-0000-0000001E644A}
T{00000000-0000-0000-0000-00000026908C}
T{00000000-0000-0000-0000-0000001A5622}
T{00000000-0000-0000-0000-00000009C060}
T{00000000-0000-0000-0000-0000002C99F1}
T{00000000-0000-0000-0000-0000001C43DD}
T{00000000-0000-0000-0000-0000000FA0B1}
T{00000000-0000-0000-0000-0000001B51E5}
T{00000000-0000-0000-0000-0000000876F9}
T{00000000-0000-0000-0000-00000013BD56}
T{00000000-0000-0000-0000-00000009F213}
T{00000000-0000-0000-0000-00000019EE3F}
T{00000000-0000-0000-0000-0000001FFE57}
T{00000000-0000-0000-0000-00000006D3FA}
T{00000000-0000-0000-0000-00000009BCC6}
T{00000000-0000-0000-0000-00000013EDBB}
T{00000000-0000-0000-0000-00000032B96F}
T{00000000-0000-0000-0000-0000001282E8}
T{00000000-0000-0000-0000-0000002CE21D}
T{00000000-0000-0000-0000-000000105E29}
T{00000000-0000-0000-0000-000000137696}
T{00000000-0000-0000-0000-000000109228}
T{00000000-0000-0000-0000-0000002A02EE}
T{00000000-0000-0000-0000-000000324F3F}
T{00000000-0000-0000-0000-0000000F2462}
T{00000000-0000-0000-0000-0000000A80A3}
T{00000000-0000-0000-0000-0000000CB9EE}
T{00000000-0000-0000-0000-00000032379E}
T{00000000-0000-0000-0000-0000000EC5C1}
T{00000000-0000-0000-0000-00000014652A}
T{00000000-0000-0000-0000-0000001DE733}
T{00000000-0000-0000-0000-0000001DB74C}
T{00000000-0000-0000-0000-00000033C0DE}
T{00000000-0000-0000-0000-00000027BF4A}
T{00000000-0000-0000-0000-00000026926F}
T{00000000-0000-0000-0000-00000010AB65}
T{00000000-0000-0000-0000-000000035E18}
T{00000000-0000-0000-0000-000000234D52}
T{00000000-0000-0000-0000-00000010661B}
T{00000000-0000-0000-0000-0000000114A7}
T{00000000-0000-0000-0000-00000016BA6A}
T{00000000-0000-0000-0000-000000101515}
T{00000000-0000-0000-0000-0000003148A3}
T{00000000-0000-0000-0000-00000005FF3F}
T{00000000-0000-0000-0000-000000073930}
T{00000000-0000-0000-0000-0000000A3003}
T{00000000-0000-0000-0000-0000000160AC}
T{00000000-0000-0000-0000-00000016B7BB}
T{00000000-0000-0000-0000-0000000DF706}
T{00000000-0000-0000-0000-000000331358}
T{00000000-0000-0000-0000-000000269527}
T{00000000-0000-0000-0000-00000000513B}
T{00000000-0000-0000-0000-00000007C54C}
T{00000000-0000-0000-0000-00000007557D}
T{00000000-0000-0000-0000-00000019D284}
T{00000000-0000-0000-0000-0000002D47FB}
T{00000000-0000-0000-0000-0000000CF7FF}
T{00000000-0000-0000-0000-0000002AE793}
T{00000000-0000-0000-0000-0000002B494C}
T{00000000-0000-0000-0000-0000002F9E2D}
T{00000000-0000-0000-0000-0000003397F4}
T{00000000-0000-0000-0000-0000001C7E16}
T{00000000-0000-0000-0000-0000003250DF}
T{00000000-0000-0000-0000-0000002D4012}
T{00000000-0000-0000-0000-00000009C55D}
T{00000000-0000-0000-0000-0000000D16FA}
T{00000000-0000-0000-0000-0000000A80A3}
T{00000000-0000-0000-0000-00000021F6AA}
T{00000000-0000-0000-0000-0000001CF128}
T{00000000-0000-0000-0000-000000125376}
T{00000000-0000-0000-0000-0000002FA33C}
F{00000000-0000-0000-0000-000000165CA7}
T{00000000-0000-0000-0000-0000002AD1C2}
T{00000000-0000-0000-0000-0000002D4F1C}
T{00000000-0000-0000-0000-00000024D577}
T{00000000-0000-0000-0000-0000000F3587}
T{00000000-0000-0000-0000-000000040F4E}
T{00000000-0000-0000-0000-0000001A891E}
T{00000000-0000-0000-0000-000000099302}
T{00000000-0000-0000-0000-0000002FE035}
T{00000000-0000-0000-0000-000000041E64}
T{00000000-0000-0000-0000-0000001A891E}
T{00000000-0000-0000-0000-0000002E314C}
T{00000000-0000-0000-0000-0000000FD4D9}
T{00000000-0000-0000-0000-000000270476}
T{00000000-0000-0000-0000-00000027F595}
T{00000000-0000-0000-0000-000000272013}
T{00000000-0000-0000-0000-00000024627E}
T{00000000-0000-0000-0000-0000001C7E16}
T{00000000-0000-0000-0000-000000165CA7}
T{00000000-0000-0000-0000-000000210458}
T{00000000-0000-0000-0000-0000002C6D5A}
T{00000000-0000-0000-0000-000000165CA7}
T{00000000-0000-0000-0000-000000200778}
T{00000000-0000-0000-0000-00000013BFCB}
T{00000000-0000-0000-0000-0000001C7E16}
T{00000000-0000-0000-0000-000000165CA7}
