T{00000000-0000-0000-0000-00000024AC0C}
T{00000000-0000-0000-0000-00000015934C}
T{00000000-0000-0000-0000-00000031BAB2}
T{00000000-0000-0000-0000-00000005C588}
T{00000000-0000-0000-0000-000000018681}
T{00000000-0000-0000-0000-000000018681}
T{00000000-0000-0000-0000-00000015934C}
T{00000000-0000-0000-0000-00000031BAB2}
T{00000000-0000-0000-0000-00000005C588}
T{00000000-0000-0000-0000-00000024AC0C}
T{00000000-0000-0000-0000-0000001B9B93}
T{00000000-0000-0000-0000-0000000320BD}
T{00000000-0000-0000-0000-000000023EC7}
T{00000000-0000-0000-0000-0000002BDF68}
T{00000000-0000-0000-0000-00000013EDBB}
T{00000000-0000-0000-0000-00000031730E}
T{00000000-0000-0000-0000-00000009AD92}
T{00000000-0000-0000-0000-000000268E64}
T{00000000-0000-0000-0000-0000001BCC51}
T{00000000-0000-0000-0000-000000018681}
T{00000000-0000-0000-0000-000000251E83}
T{00000000-0000-0000-0000-00000002C3AA}
T{00000000-0000-0000-0000-00000029E184}
T{00000000-0000-0000-0000-00000005BFDB}
T{00000000-0000-0000-0000-0000001531F9}
T{00000000-0000-0000-0000-00000019EE3F}
T{00000000-0000-0000-0000-0000002FE035}
T{00000000-0000-0000-0000-0000002B10DC}
T{00000000-0000-0000-0000-0000002B20EF}
T{00000000-0000-0000-0000-0000002B7C23}
T{00000000-0000-0000-0000-000000039812}
T{00000000-0000-0000-0000-0000000A5811}
T{00000000-0000-0000-0000-0000001799C4}
T{00000000-0000-0000-0000-0000002CDE1F}
T{00000000-0000-0000-0000-0000000D9506}
T{00000000-0000-0000-0000-0000002D9FD8}
T{00000000-0000-0000-0000-00000016D43B}
T{00000000-0000-0000-0000-000000097145}
T{00000000-0000-0000-0000-00000032F43E}
T{00000000-0000-0000-0000-000000177868}
T{00000000-0000-0000-0000-0000000C134C}
T{00000000-0000-0000-0000-00000019EE3F}
T{00000000-0000-0000-0000-00000005EE69}
T{00000000-0000-0000-0000-000000060468}
T{00000000-0000-0000-0000-00000020554E}
T{00000000-0000-0000-0000-00000027D4C7}
T{00000000-0000-0000-0000-0000000ABD11}
T{00000000-0000-0000-0000-0000001C6A68}
T{00000000-0000-0000-0000-0000002E4707}
T{00000000-0000-0000-0000-00000031F588}
T{00000000-0000-0000-0000-0000000BAE5B}
T{00000000-0000-0000-0000-0000002EE24C}
T{00000000-0000-0000-0000-00000021727D}
T{00000000-0000-0000-0000-0000000CEA36}
T{00000000-0000-0000-0000-0000001E3797}
T{00000000-0000-0000-0000-00000026DB04}
T{00000000-0000-0000-0000-000000242682}
T{00000000-0000-0000-0000-0000002A08D5}
T{00000000-0000-0000-0000-00000015934C}
T{00000000-0000-0000-0000-0000002F51EC}
T{00000000-0000-0000-0000-0000002D4FE4}
T{00000000-0000-0000-0000-00000008AA1A}
T{00000000-0000-0000-0000-0000002BDEA2}
T{00000000-0000-0000-0000-00000032A5BB}
T{00000000-0000-0000-0000-00000007C25E}
T{00000000-0000-0000-0000-00000008DF2C}
T{00000000-0000-0000-0000-0000001DCCD0}
T{00000000-0000-0000-0000-0000001B6EF6}
T{00000000-0000-0000-0000-0000000EBF05}
T{00000000-0000-0000-0000-00000015934C}
T{00000000-0000-0000-0000-000000171D96}
T{00000000-0000-0000-0000-0000002499A6}
T{00000000-0000-0000-0000-000000005092}
T{00000000-0000-0000-0000-0000002001DC}
T{00000000-0000-0000-0000-000000251BCD}
T{00000000-0000-0000-0000-00000020554E}
T{00000000-0000-0000-0000-000000030FAE}
T{00000000-0000-0000-0000-000000101B79}
T{00000000-0000-0000-0000-0000001EA152}
T{00000000-0000-0000-0000-0000000FB43F}
T{00000000-0000-0000-0000-0000001BA4AF}
T{00000000-0000-0000-0000-000000143172}
T{00000000-0000-0000-0000-000000108B3B}
T{00000000-0000-0000-0000-0000002390CE}
T{00000000-0000-0000-0000-00000007ABFD}
T{00000000-0000-0000-0000-0000002CDE1F}
T{00000000-0000-0000-0000-00000030D999}
T{00000000-0000-0000-0000-00000021868E}
T{00000000-0000-0000-0000-0000002C78DE}
T{00000000-0000-0000-0000-0000002CEB1D}
T{00000000-0000-0000-0000-000000304116}
T{00000000-0000-0000-0000-00000008CB54}
T{00000000-0000-0000-0000-0000002B4AC5}
T{00000000-0000-0000-0000-000000040FA5}
T{00000000-0000-0000-0000-000000126649}
T{00000000-0000-0000-0000-0000000A5811}
T{00000000-0000-0000-0000-0000001AF5B8}
T{00000000-0000-0000-0000-0000002CEB47}
T{00000000-0000-0000-0000-0000002E92B0}
T{00000000-0000-0000-0000-00000028C84A}
T{00000000-0000-0000-0000-0000000CF7CD}
T{00000000-0000-0000-0000-000000319987}
T{00000000-0000-0000-0000-0000000A6FED}
T{00000000-0000-0000-0000-000000243F02}
T{00000000-0000-0000-0000-000000088CF0}
T{00000000-0000-0000-0000-0000000586B3}
T{00000000-0000-0000-0000-00000026A7E0}
T{00000000-0000-0000-0000-000000086E8A}
T{00000000-0000-0000-0000-0000002B60DE}
T{00000000-0000-0000-0000-000000122CB0}
T{00000000-0000-0000-0000-000000018681}
T{00000000-0000-0000-0000-000000105EA9}
T{00000000-0000-0000-0000-00000015892F}
T{00000000-0000-0000-0000-00000032A5BB}
T{00000000-0000-0000-0000-000000227154}
T{00000000-0000-0000-0000-0000000B6F8C}
T{00000000-0000-0000-0000-0000000FB2AC}
T{00000000-0000-0000-0000-00000013BD56}
T{00000000-0000-0000-0000-00000009D4EF}
T{00000000-0000-0000-0000-0000002B7D45}
T{00000000-0000-0000-0000-0000002B3978}
T{00000000-0000-0000-0000-0000000C34F2}
T{00000000-0000-0000-0000-00000022236F}
T{00000000-0000-0000-0000-0000000AB9DD}
T{00000000-0000-0000-0000-0000000A9687}
T{00000000-0000-0000-0000-000000063398}
T{00000000-0000-0000-0000-00000009BCBD}
T{00000000-0000-0000-0000-0000002EE98E}
T{00000000-0000-0000-0000-0000001A5588}
T{00000000-0000-0000-0000-000000289F2F}
T{00000000-0000-0000-0000-000000114F6A}
T{00000000-0000-0000-0000-000000131767}
T{00000000-0000-0000-0000-00000003F093}
T{00000000-0000-0000-0000-00000032FBFC}
T{00000000-0000-0000-0000-000000230FED}
T{00000000-0000-0000-0000-000000148E3F}
T{00000000-0000-0000-0000-00000001DE16}
T{00000000-0000-0000-0000-000000282FCE}
T{00000000-0000-0000-0000-0000001794A3}
T{00000000-0000-0000-0000-0000000DD8B2}
T{00000000-0000-0000-0000-000000273493}
T{00000000-0000-0000-0000-000000338EAB}
T{00000000-0000-0000-0000-00000013EDBB}
T{00000000-0000-0000-0000-0000000AE577}
T{00000000-0000-0000-0000-0000002DC9A5}
T{00000000-0000-0000-0000-000000275B8E}
T{00000000-0000-0000-0000-00000017AD17}
T{00000000-0000-0000-0000-00000025D7DD}
T{00000000-0000-0000-0000-0000001E1D24}
T{00000000-0000-0000-0000-00000024BF7A}
T{00000000-0000-0000-0000-0000000C6827}
T{00000000-0000-0000-0000-000000321648}
T{00000000-0000-0000-0000-0000000F6E0A}
T{00000000-0000-0000-0000-000000245F5D}
T{00000000-0000-0000-0000-0000002C9942}
T{00000000-0000-0000-0000-0000001F1C74}
T{00000000-0000-0000-0000-0000002BFFD7}
T{00000000-0000-0000-0000-0000000AFBED}
T{00000000-0000-0000-0000-00000026C360}
T{00000000-0000-0000-0000-00000014652A}
T{00000000-0000-0000-0000-00000015934C}
T{00000000-0000-0000-0000-000000064EFA}
T{00000000-0000-0000-0000-00000013B0F8}
T{00000000-0000-0000-0000-000000304FF3}
T{00000000-0000-0000-0000-00000032B96F}
T{00000000-0000-0000-0000-0000001C7B47}
T{00000000-0000-0000-0000-0000002728DA}
T{00000000-0000-0000-0000-000000099302}
T{00000000-0000-0000-0000-0000000567C5}
T{00000000-0000-0000-0000-000000213B13}
T{00000000-0000-0000-0000-000000210A3E}
T{00000000-0000-0000-0000-0000002D71D6}
T{00000000-0000-0000-0000-0000001985BE}
T{00000000-0000-0000-0000-0000002CAD87}
T{00000000-0000-0000-0000-0000000D0CBC}
T{00000000-0000-0000-0000-000000165CA7}
T{00000000-0000-0000-0000-000000152F96}
T{00000000-0000-0000-0000-00000003B508}
T{00000000-0000-0000-0000-000000277E2B}
T{00000000-0000-0000-0000-0000001464E5}
T{00000000-0000-0000-0000-0000002A0033}
T{00000000-0000-0000-0000-000000246908}
T{00000000-0000-0000-0000-0000000A3974}
T{00000000-0000-0000-0000-00000013794F}
T{00000000-0000-0000-0000-000000218CCC}
T{00000000-0000-0000-0000-00000011B6E2}
T{00000000-0000-0000-0000-0000002001DC}
T{00000000-0000-0000-0000-0000002C99F1}
T{00000000-0000-0000-0000-000000144245}
T{00000000-0000-0000-0000-0000001DC511}
T{00000000-0000-0000-0000-000000278875}
T{00000000-0000-0000-0000-00000022CDC0}
T{00000000-0000-0000-0000-0000001278AF}
T{00000000-0000-0000-0000-00000028C84A}
T{00000000-0000-0000-0000-0000000A80A3}
T{00000000-0000-0000-0000-000000098996}
T{00000000-0000-0000-0000-000000122CB0}
T{00000000-0000-0000-0000-000000028B7A}
T{00000000-0000-0000-0000-000000304FF3}
T{00000000-0000-0000-0000-00000025B204}
T{00000000-0000-0000-0000-0000002BFFD7}
